1540589486100839680,0.00000,0.00000,0.00000,0.60419,-0.79527,-0.05004,0.00000,
1540589486133692672,0.00000,0.00000,0.00000,0.60419,-0.79527,-0.05004,0.00000,
1540589486167477248,0.00000,0.00000,0.00000,0.60645,-0.79312,-0.05588,0.00786,
1540589486203789568,0.00000,0.00000,0.00000,0.60645,-0.79312,-0.05588,0.00786,
1540589486267737856,0.00000,0.00000,0.00000,0.60645,-0.79312,-0.05588,0.00786,
1540589486301508352,0.00000,0.00000,0.00000,0.60645,-0.79312,-0.05588,0.00786,
1540589486335476992,0.00000,0.00000,0.00000,0.60645,-0.79312,-0.05588,0.00786,
1540589486370670080,0.00000,0.00000,0.00000,0.60645,-0.79312,-0.05588,0.00786,
1540589486441401344,0.00000,0.00000,0.00000,0.60645,-0.79312,-0.05588,0.00786,
1540589486470180608,0.00000,0.00000,0.00000,0.60645,-0.79312,-0.05588,0.00786,
1540589486504041472,0.00000,0.00000,0.00000,0.60645,-0.79312,-0.05588,0.00786,
1540589486537703936,0.00000,0.00000,0.00000,0.60645,-0.79312,-0.05588,0.00786,
1540589486570995456,0.00000,0.00000,0.00000,0.60645,-0.79312,-0.05588,0.00786,
1540589486604930304,0.00000,0.00000,0.00000,0.60645,-0.79312,-0.05588,0.00786,
1540589486638523648,0.00000,0.00000,0.00000,0.60645,-0.79312,-0.05588,0.00786,
1540589486672368640,0.00000,0.00000,0.00000,0.60645,-0.79312,-0.05588,0.00786,
1540589486740484352,0.00000,0.00000,0.00000,0.60645,-0.79312,-0.05588,0.00786,
1540589486771981056,0.00000,0.00000,0.00000,0.60645,-0.79312,-0.05588,0.00786,
1540589486820936704,0.00000,0.00000,0.00000,0.60645,-0.79312,-0.05588,0.00786,
1540589486854974464,0.00000,0.00000,0.00000,0.60645,-0.79312,-0.05588,0.00786,
1540589486891105792,0.00000,0.00000,0.00000,0.60645,-0.79312,-0.05588,0.00786,
1540589486955589120,0.00000,0.00000,0.00000,0.60645,-0.79312,-0.05588,0.00786,
1540589486992868096,0.00000,0.00000,0.00000,0.60645,-0.79312,-0.05588,0.00786,
1540589487054754816,0.00162,0.00090,0.00249,0.60580,-0.79356,-0.05641,0.00861,
1540589487088117504,0.00162,0.00090,0.00249,0.60580,-0.79356,-0.05641,0.00861,
1540589487121052160,0.00162,0.00090,0.00249,0.60580,-0.79356,-0.05641,0.00861,
1540589487154347776,0.00162,0.00090,0.00249,0.60580,-0.79356,-0.05641,0.00861,
1540589487189722112,0.00162,0.00090,0.00249,0.60580,-0.79356,-0.05641,0.00861,
1540589487221140992,0.00162,0.00090,0.00249,0.60580,-0.79356,-0.05641,0.00861,
1540589487254692352,0.00162,0.00090,0.00249,0.60580,-0.79356,-0.05641,0.00861,
1540589487288353536,0.00162,0.00090,0.00249,0.60580,-0.79356,-0.05641,0.00861,
1540589487321399808,0.00162,0.00090,0.00249,0.60580,-0.79356,-0.05641,0.00861,
1540589487357116416,0.00162,0.00090,0.00249,0.60580,-0.79356,-0.05641,0.00861,
1540589487387960320,0.00162,0.00090,0.00249,0.60580,-0.79356,-0.05641,0.00861,
1540589487421282048,0.00162,0.00090,0.00249,0.60580,-0.79356,-0.05641,0.00861,
1540589487454609664,0.00162,0.00090,0.00249,0.60580,-0.79356,-0.05641,0.00861,
1540589487489640960,0.00162,0.00090,0.00249,0.60580,-0.79356,-0.05641,0.00861,
1540589487521372160,0.00162,0.00090,0.00249,0.60580,-0.79356,-0.05641,0.00861,
1540589487555412736,0.00112,0.00129,0.00274,0.60566,-0.79366,-0.05670,0.00852,
1540589487588565760,0.00112,0.00129,0.00274,0.60566,-0.79366,-0.05670,0.00852,
1540589487622899456,0.00112,0.00129,0.00274,0.60566,-0.79366,-0.05670,0.00852,
1540589487655373312,0.00112,0.00129,0.00274,0.60566,-0.79366,-0.05670,0.00852,
1540589487689035008,0.00112,0.00129,0.00274,0.60566,-0.79366,-0.05670,0.00852,
1540589487722741248,0.00112,0.00129,0.00274,0.60566,-0.79366,-0.05670,0.00852,
1540589487755260416,0.00112,0.00129,0.00274,0.60566,-0.79366,-0.05670,0.00852,
1540589487789161216,0.00112,0.00129,0.00274,0.60566,-0.79366,-0.05670,0.00852,
1540589487821875456,0.00112,0.00129,0.00274,0.60566,-0.79366,-0.05670,0.00852,
1540589487855202560,0.00112,0.00129,0.00274,0.60566,-0.79366,-0.05670,0.00852,
1540589487889002496,0.00112,0.00129,0.00274,0.60566,-0.79366,-0.05670,0.00852,
1540589487922150400,0.00112,0.00129,0.00274,0.60566,-0.79366,-0.05670,0.00852,
1540589487955171072,0.00112,0.00129,0.00274,0.60566,-0.79366,-0.05670,0.00852,
1540589487988381696,0.00112,0.00129,0.00274,0.60566,-0.79366,-0.05670,0.00852,
1540589488021737472,0.00112,0.00129,0.00274,0.60566,-0.79366,-0.05670,0.00852,
1540589488056172288,0.00112,0.00129,0.00274,0.60566,-0.79366,-0.05670,0.00852,
1540589488088949504,0.00112,0.00129,0.00274,0.60566,-0.79366,-0.05670,0.00852,
1540589488122525696,0.00112,0.00129,0.00274,0.60566,-0.79366,-0.05670,0.00852,
1540589488155375616,0.00112,0.00129,0.00274,0.60566,-0.79366,-0.05670,0.00852,
1540589488189993728,0.00112,0.00129,0.00274,0.60566,-0.79366,-0.05670,0.00852,
1540589488222200064,0.00112,0.00129,0.00274,0.60566,-0.79366,-0.05670,0.00852,
1540589488255919104,0.00112,0.00129,0.00274,0.60566,-0.79366,-0.05670,0.00852,
1540589488291741440,0.00112,0.00129,0.00274,0.60566,-0.79366,-0.05670,0.00852,
1540589488323073024,0.00112,0.00129,0.00274,0.60566,-0.79366,-0.05670,0.00852,
1540589488356745216,0.00112,0.00129,0.00274,0.60566,-0.79366,-0.05670,0.00852,
1540589488389304576,0.00112,0.00129,0.00274,0.60566,-0.79366,-0.05670,0.00852,
1540589488422084096,0.00112,0.00129,0.00274,0.60566,-0.79366,-0.05670,0.00852,
1540589488456087808,0.00112,0.00129,0.00274,0.60566,-0.79366,-0.05670,0.00852,
1540589488490891264,0.00112,0.00129,0.00274,0.60566,-0.79366,-0.05670,0.00852,
1540589488522407424,0.00112,0.00129,0.00274,0.60566,-0.79366,-0.05670,0.00852,
1540589488555719680,0.00112,0.00129,0.00274,0.60566,-0.79366,-0.05670,0.00852,
1540589488589448448,0.00175,0.00399,0.00108,0.60567,-0.79366,-0.05652,0.00857,
1540589488622412032,0.00175,0.00399,0.00108,0.60567,-0.79366,-0.05652,0.00857,
1540589488655583744,0.00175,0.00399,0.00108,0.60567,-0.79366,-0.05652,0.00857,
1540589488688925440,0.00175,0.00399,0.00108,0.60567,-0.79366,-0.05652,0.00857,
1540589488722724864,0.00175,0.00399,0.00108,0.60567,-0.79366,-0.05652,0.00857,
1540589488756816640,0.00175,0.00399,0.00108,0.60567,-0.79366,-0.05652,0.00857,
1540589488790084608,0.00175,0.00399,0.00108,0.60567,-0.79366,-0.05652,0.00857,
1540589488823767808,0.00175,0.00399,0.00108,0.60567,-0.79366,-0.05652,0.00857,
1540589488857276928,0.00120,0.00358,0.00143,0.60559,-0.79370,-0.05680,0.00876,
1540589488891636736,0.00115,0.00427,0.00151,0.60526,-0.79388,-0.05780,0.00862,
1540589488925654272,0.00115,0.00427,0.00151,0.60526,-0.79388,-0.05780,0.00862,
1540589488960171264,0.00115,0.00427,0.00151,0.60526,-0.79388,-0.05780,0.00862,
1540589488992351488,0.00190,0.00491,0.00140,0.60510,-0.79405,-0.05710,0.00869,
1540589489026887680,0.00221,0.00485,0.00399,0.60459,-0.79455,-0.05544,0.00916,
1540589489060035584,0.00311,0.00573,0.00611,0.60402,-0.79510,-0.05371,0.00975,
1540589489092700928,0.00395,0.01051,0.00563,0.60349,-0.79564,-0.05148,0.01054,
1540589489125125888,0.00478,0.01319,0.00493,0.60318,-0.79601,-0.04908,0.01132,
1540589489161492736,0.00455,0.01591,0.00451,0.60274,-0.79654,-0.04551,0.01253,
1540589489191320832,0.00580,0.01817,0.00409,0.60251,-0.79684,-0.04308,0.01341,
1540589489225643776,0.00685,0.02156,0.00279,0.60230,-0.79714,-0.03972,0.01462,
1540589489258581760,0.00600,0.02080,0.00470,0.60211,-0.79743,-0.03654,0.01535,
1540589489291742976,0.00600,0.02080,0.00470,0.60211,-0.79743,-0.03654,0.01535,
1540589489326612480,0.00600,0.02080,0.00470,0.60211,-0.79743,-0.03654,0.01535,
1540589489359491072,0.00600,0.02080,0.00470,0.60211,-0.79743,-0.03654,0.01535,
1540589489393157120,0.00600,0.02080,0.00470,0.60211,-0.79743,-0.03654,0.01535,
1540589489427024640,0.00600,0.02080,0.00470,0.60211,-0.79743,-0.03654,0.01535,
1540589489460539904,0.00600,0.02080,0.00470,0.60211,-0.79743,-0.03654,0.01535,
1540589489494735360,0.00722,0.02056,0.00230,0.60231,-0.79728,-0.03666,0.01503,
1540589489529297152,0.00846,0.02116,0.00072,0.60235,-0.79725,-0.03701,0.01425,
1540589489561656832,0.01269,0.02235,0.00095,0.60231,-0.79730,-0.03667,0.01363,
1540589489594935552,0.01727,0.02556,0.00005,0.60238,-0.79734,-0.03481,0.01297,
1540589489629319424,0.01661,0.02341,0.00660,0.60181,-0.79801,-0.02848,0.01364,
1540589489661690112,0.01167,0.02553,0.01247,0.60090,-0.79891,-0.02084,0.01544,
1540589489697114368,0.01167,0.02553,0.01247,0.60090,-0.79891,-0.02084,0.01544,
1540589489730361856,0.01131,0.02740,0.01074,0.60093,-0.79880,-0.02413,0.01476,
1540589489762461184,0.01625,0.02863,0.01299,0.60042,-0.79902,-0.02939,0.01384,
1540589489796315392,0.01625,0.02863,0.01299,0.60042,-0.79902,-0.02939,0.01384,
1540589489830374400,0.01485,0.03114,0.01164,0.60062,-0.79894,-0.02728,0.01453,
1540589489863163136,0.00966,0.03146,0.01183,0.60067,-0.79901,-0.02313,0.01575,
1540589489897391616,0.00161,0.03381,0.01102,0.60048,-0.79921,-0.01981,0.01679,
1540589489930948352,-0.00459,0.03719,0.01008,0.60036,-0.79931,-0.01944,0.01705,
1540589489964493056,-0.00981,0.03924,0.01142,0.60026,-0.79936,-0.02124,0.01622,
1540589489997867264,-0.01559,0.04142,0.01113,0.60028,-0.79931,-0.02352,0.01474,
1540589490031793920,-0.02124,0.04484,0.01060,0.60015,-0.79940,-0.02459,0.01355,
1540589490065953024,-0.02765,0.04881,0.01058,0.60000,-0.79952,-0.02454,0.01263,
1540589490098980608,-0.03468,0.05256,0.01151,0.59987,-0.79965,-0.02387,0.01170,
1540589490132588800,-0.04271,0.05639,0.01238,0.59981,-0.79975,-0.02257,0.01101,
1540589490165487616,-0.05124,0.06168,0.01263,0.59973,-0.79985,-0.02125,0.01070,
1540589490199574784,-0.06067,0.06716,0.01371,0.59961,-0.79992,-0.02225,0.00949,
1540589490233702400,-0.06778,0.07525,0.00958,0.59988,-0.79962,-0.02646,0.00729,
1540589490267066368,-0.07182,0.08205,0.00904,0.59981,-0.79955,-0.03006,0.00573,
1540589490300549888,-0.07351,0.08882,0.01074,0.59951,-0.79975,-0.03095,0.00531,
1540589490335558912,-0.07649,0.09686,0.01109,0.59932,-0.79993,-0.02995,0.00520,
1540589490367156224,-0.08210,0.10482,0.01105,0.59922,-0.80002,-0.02975,0.00446,
1540589490400935680,-0.08824,0.11458,0.01093,0.59913,-0.80000,-0.03213,0.00303,
1540589490434381056,-0.08991,0.12631,0.01042,0.59924,-0.79973,-0.03663,0.00144,
1540589490468585728,-0.08762,0.13568,0.00899,0.59974,-0.79910,-0.04181,-0.00039,
1540589490501489152,-0.08487,0.14881,0.01184,0.59966,-0.79897,-0.04527,-0.00184,
1540589490536662272,-0.07785,0.16251,0.01126,0.60011,-0.79866,-0.04483,-0.00153,
1540589490569694976,-0.07359,0.17816,0.00918,0.60047,-0.79851,-0.04263,-0.00156,
1540589490602734592,-0.06826,0.19290,0.00609,0.60088,-0.79845,-0.03777,-0.00041,
1540589490637056768,-0.06241,0.20694,0.00751,0.60069,-0.79885,-0.03189,0.00101,
1540589490670288640,-0.05649,0.22089,0.00281,0.60097,-0.79879,-0.02748,0.00164,
1540589490703029248,-0.05146,0.23464,-0.00065,0.60069,-0.79916,-0.02263,0.00241,
1540589490736777216,-0.04634,0.24564,0.00146,0.60017,-0.79957,-0.02205,0.00092,
1540589490770358272,-0.03758,0.24933,0.00569,0.59990,-0.79978,-0.02165,-0.00027,
1540589490804913920,-0.02677,0.25586,0.00770,0.59906,-0.80048,-0.01893,-0.00082,
1540589490838287872,-0.02023,0.26755,0.01371,0.59744,-0.80177,-0.01534,-0.00206,
1540589490871502848,-0.01355,0.27725,0.01434,0.59685,-0.80225,-0.01205,-0.00346,
1540589490905319680,-0.00519,0.28786,0.01234,0.59641,-0.80260,-0.01048,-0.00536,
1540589490938772480,0.00215,0.29721,0.01943,0.59507,-0.80361,-0.00730,-0.00680,
1540589490972084992,0.01108,0.30953,0.01915,0.59471,-0.80390,-0.00262,-0.00758,
1540589491005409280,0.01846,0.31813,0.01689,0.59454,-0.80402,0.00195,-0.00862,
1540589491038938624,0.02159,0.32790,0.01886,0.59376,-0.80455,0.00874,-0.00892,
1540589491073080320,0.02571,0.33991,0.01910,0.59343,-0.80469,0.01578,-0.00848,
1540589491106346496,0.03028,0.34530,0.01762,0.59397,-0.80416,0.02139,-0.00801,
1540589491141975040,0.02623,0.35278,0.01889,0.59395,-0.80395,0.02893,-0.00688,
1540589491212192256,0.02477,0.37188,0.00824,0.59590,-0.80256,0.02695,-0.00805,
1540589491276623360,0.02865,0.38850,0.00600,0.59794,-0.80129,0.01763,-0.00948,
1540589491325033728,0.03120,0.40083,0.00838,0.59809,-0.80113,0.02059,-0.00713,
1540589491358939136,0.02630,0.40834,0.00910,0.59868,-0.80060,0.02450,-0.00430,
1540589491425824768,0.02020,0.43492,0.01681,0.59746,-0.80159,0.02254,-0.00035,
1540589491457015808,0.01612,0.44631,0.02023,0.59683,-0.80212,0.02016,0.00157,
1540589491490770176,0.01279,0.46680,0.01714,0.59606,-0.80268,0.01987,0.00455,
1540589491524399616,0.00764,0.48511,0.01416,0.59630,-0.80249,0.01964,0.00765,
1540589491557304320,0.00005,0.49551,0.01148,0.59697,-0.80205,0.01568,0.00948,
1540589491590520320,-0.00535,0.50896,0.01224,0.59671,-0.80230,0.01096,0.01122,
1540589491623775232,-0.00932,0.52615,0.01179,0.59691,-0.80219,0.00588,0.01246,
1540589491657357312,-0.01627,0.53895,0.00868,0.59785,-0.80149,0.00198,0.01375,
1540589491690975488,-0.02026,0.55265,0.00970,0.59773,-0.80154,0.00073,0.01617,
1540589491724312064,-0.02390,0.56720,0.01420,0.59711,-0.80194,0.00187,0.01842,
1540589491757832192,-0.03423,0.58084,0.01720,0.59655,-0.80234,0.00245,0.01939,
1540589491790575872,-0.04489,0.59861,0.01665,0.59586,-0.80287,-0.00105,0.01882,
1540589491824385792,-0.05580,0.61347,0.01707,0.59551,-0.80313,-0.00997,0.01570,
1540589491857288960,-0.05825,0.62940,0.01657,0.59465,-0.80366,-0.01857,0.01293,
1540589491890815232,-0.05655,0.64538,0.01926,0.59388,-0.80422,-0.02004,0.01148,
1540589491925378560,-0.06242,0.65863,0.02257,0.59339,-0.80472,-0.01368,0.01109,
1540589491957374208,-0.06913,0.67738,0.02609,0.59254,-0.80544,-0.00323,0.01256,
1540589491991367936,-0.07130,0.69086,0.02523,0.59302,-0.80507,0.00443,0.01307,
1540589492024642816,-0.07736,0.70658,0.02468,0.59292,-0.80508,0.01184,0.01240,
1540589492057780992,-0.08300,0.72209,0.02437,0.59299,-0.80492,0.01822,0.01180,
1540589492091021056,-0.08656,0.73631,0.02187,0.59342,-0.80455,0.02123,0.01029,
1540589492124822528,-0.08994,0.74757,0.01934,0.59395,-0.80418,0.02149,0.00726,
1540589492157873152,-0.09130,0.75945,0.02074,0.59380,-0.80435,0.02042,0.00324,
1540589492192955136,-0.09484,0.77127,0.01983,0.59402,-0.80421,0.01954,-0.00140,
1540589492224659456,-0.09431,0.78326,0.01941,0.59412,-0.80411,0.02016,-0.00469,
1540589492258042112,-0.09535,0.79651,0.02049,0.59429,-0.80391,0.02195,-0.00844,
1540589492292949504,-0.09988,0.80615,0.01932,0.59468,-0.80354,0.02202,-0.01347,
1540589492324438016,-0.10294,0.81851,0.02158,0.59448,-0.80364,0.02096,-0.01771,
1540589492357614080,-0.10318,0.83190,0.01852,0.59495,-0.80324,0.01905,-0.02193,
1540589492391235072,-0.10189,0.84684,0.01653,0.59523,-0.80295,0.01710,-0.02617,
1540589492425072384,-0.10223,0.86061,0.01203,0.59612,-0.80216,0.01746,-0.02959,
1540589492458200832,-0.10064,0.87601,0.00978,0.59664,-0.80163,0.02040,-0.03158,
1540589492491360256,-0.10130,0.89402,0.00958,0.59726,-0.80101,0.02419,-0.03289,
1540589492524806656,-0.10388,0.90557,0.00344,0.59892,-0.79962,0.02832,-0.03314,
1540589492559266560,-0.10338,0.92014,0.00242,0.59924,-0.79933,0.02800,-0.03455,
1540589492591441408,-0.10348,0.93642,0.00686,0.59934,-0.79925,0.02571,-0.03647,
1540589492624433920,-0.09699,0.95267,0.00068,0.60064,-0.79830,0.02508,-0.03627,
1540589492658978816,-0.08810,0.97079,0.00117,0.60069,-0.79822,0.02859,-0.03449,
1540589492692312064,-0.08554,0.99102,0.00247,0.60056,-0.79814,0.03649,-0.03120,
1540589492727641600,-0.08386,1.00887,0.00227,0.60097,-0.79755,0.04534,-0.02634,
1540589492758885120,-0.08153,1.02409,0.00394,0.60070,-0.79760,0.04957,-0.02313,
1540589492791399680,-0.08132,1.04557,0.00541,0.59975,-0.79829,0.05088,-0.02107,
1540589492825118720,-0.07857,1.06602,0.00839,0.59919,-0.79874,0.05154,-0.01793,
1540589492858195200,-0.07455,1.08350,0.00738,0.59907,-0.79894,0.05092,-0.01508,
1540589492891515648,-0.07227,1.10201,0.00905,0.59814,-0.79971,0.05038,-0.01231,
1540589492924954368,-0.07200,1.12216,0.00950,0.59760,-0.80016,0.05029,-0.00921,
1540589492958274048,-0.06971,1.13985,0.01107,0.59755,-0.80036,0.04820,-0.00628,
1540589492992183040,-0.07081,1.15621,0.01032,0.59787,-0.80033,0.04488,-0.00387,
1540589493025353984,-0.07527,1.17091,0.00778,0.59818,-0.80031,0.04106,-0.00158,
1540589493059092480,-0.07540,1.18666,0.00783,0.59804,-0.80079,0.03296,-0.00030,
1540589493092214272,-0.07294,1.20277,0.00827,0.59804,-0.80109,0.02456,0.00080,
1540589493126318848,-0.06945,1.21981,0.00699,0.59831,-0.80100,0.02051,0.00297,
1540589493161049344,-0.06455,1.23293,0.00976,0.59848,-0.80083,0.02117,0.00669,
1540589493193255168,-0.06679,1.24474,0.01162,0.59803,-0.80094,0.02687,0.01164,
1540589493228178432,-0.07367,1.26592,0.01274,0.59708,-0.80136,0.03216,0.01663,
1540589493261798656,-0.08038,1.28035,0.01372,0.59761,-0.80100,0.03016,0.01905,
1540589493295735808,-0.08463,1.29963,0.00903,0.59801,-0.80086,0.02456,0.01994,
1540589493326452736,-0.08639,1.31809,0.00812,0.59841,-0.80070,0.01914,0.02057,
1540589493359312128,-0.08764,1.33900,0.00310,0.59932,-0.80006,0.01557,0.02172,
1540589493392270080,-0.08810,1.35776,0.00141,0.59989,-0.79958,0.01517,0.02376,
1540589493425663232,-0.09139,1.37607,-0.00057,0.60063,-0.79898,0.01559,0.02509,
1540589493459104256,-0.09808,1.38993,0.00427,0.60107,-0.79858,0.01679,0.02652,
1540589493493211392,-0.10359,1.41134,0.00012,0.60161,-0.79820,0.01525,0.02676,
1540589493527454464,-0.10782,1.43094,-0.00145,0.60203,-0.79799,0.01106,0.02537,
1540589493563667712,-0.10749,1.44969,-0.00079,0.60215,-0.79798,0.00803,0.02431,
1540589493595756800,-0.10891,1.46689,0.00350,0.60181,-0.79830,0.00633,0.02244,
1540589493629458176,-0.11136,1.48817,0.00352,0.60115,-0.79885,0.00647,0.02044,
1540589493660111360,-0.10896,1.51084,0.00773,0.59999,-0.79973,0.00843,0.01904,
1540589493693449472,-0.11382,1.53146,0.01218,0.59885,-0.80056,0.01373,0.01734,
1540589493726913536,-0.12252,1.55141,0.01298,0.59782,-0.80124,0.01945,0.01569,
1540589493761460992,-0.12877,1.57334,0.01772,0.59635,-0.80237,0.02018,0.01244,
1540589493795489280,-0.13358,1.59599,0.02062,0.59557,-0.80309,0.01695,0.00717,
1540589493828174592,-0.13015,1.61690,0.01724,0.59562,-0.80312,0.01491,0.00272,
1540589493861728000,-0.12802,1.63658,0.01660,0.59554,-0.80313,0.01782,-0.00078,
1540589493897658368,-0.13138,1.65239,0.02080,0.59539,-0.80297,0.02725,-0.00186,
1540589493932440576,-0.13641,1.67307,0.01893,0.59538,-0.80261,0.03647,-0.00263,
1540589493962350080,-0.14443,1.69419,0.01513,0.59512,-0.80269,0.03857,-0.00566,
1540589493996223744,-0.14957,1.71335,0.01317,0.59547,-0.80250,0.03655,-0.00903,
1540589494029746176,-0.14660,1.72490,0.00721,0.59660,-0.80183,0.03083,-0.01354,
1540589494063138048,-0.13986,1.73659,0.00813,0.59655,-0.80195,0.02539,-0.01901,
1540589494097509888,-0.13577,1.75512,0.01307,0.59593,-0.80226,0.02786,-0.02182,
1540589494130247424,-0.13418,1.77126,0.01131,0.59682,-0.80132,0.03404,-0.02283,
1540589494164298752,-0.13807,1.78810,0.00553,0.59774,-0.80032,0.04028,-0.02407,
1540589494197977344,-0.13979,1.80912,0.00326,0.59807,-0.79984,0.04379,-0.02550,
1540589494231269632,-0.13952,1.82731,0.00244,0.59907,-0.79899,0.04485,-0.02695,
1540589494266652416,-0.13744,1.84331,-0.00165,0.60048,-0.79783,0.04603,-0.02780,
1540589494298156544,-0.13280,1.86419,-0.00304,0.60083,-0.79748,0.04737,-0.02805,
1540589494333003008,-0.13169,1.88335,-0.00084,0.60160,-0.79675,0.05010,-0.02741,
1540589494365444608,-0.12796,1.90302,-0.00307,0.60272,-0.79576,0.05333,-0.02540,
1540589494400270592,-0.12321,1.92233,-0.00878,0.60371,-0.79486,0.05674,-0.02261,
1540589494433378816,-0.12680,1.93652,-0.00207,0.60311,-0.79516,0.05993,-0.01972,
1540589494466170368,-0.13319,1.95541,-0.00172,0.60260,-0.79559,0.06025,-0.01669,
1540589494499692288,-0.13299,1.97483,-0.00518,0.60247,-0.79622,0.05340,-0.01492,
1540589494533737216,-0.12658,1.99650,-0.00489,0.60141,-0.79769,0.04228,-0.01452,
1540589494567482624,-0.11709,2.01494,0.00097,0.60074,-0.79856,0.03587,-0.01156,
1540589494600693504,-0.11355,2.03468,-0.00064,0.60051,-0.79887,0.03355,-0.00835,
1540589494635071232,-0.10952,2.05277,0.00022,0.60015,-0.79919,0.03318,-0.00381,
1540589494668134912,-0.10760,2.07123,0.00192,0.59958,-0.79961,0.03374,0.00122,
1540589494701963520,-0.10900,2.09045,0.00447,0.59943,-0.79978,0.03177,0.00505,
1540589494735775232,-0.11210,2.10247,0.00167,0.60004,-0.79948,0.02718,0.00746,
1540589494769516800,-0.10599,2.12038,0.00454,0.59926,-0.80022,0.02094,0.01018,
1540589494803074816,-0.09995,2.13907,0.00831,0.59867,-0.80068,0.01798,0.01345,
1540589494837678080,-0.09811,2.15397,0.00924,0.59853,-0.80061,0.02105,0.01882,
1540589494869748736,-0.10405,2.17110,0.01027,0.59806,-0.80076,0.02394,0.02304,
1540589494904693248,-0.11102,2.18751,0.01091,0.59791,-0.80088,0.02143,0.02522,
1540589494936974592,-0.11398,2.20544,0.01012,0.59807,-0.80090,0.01401,0.02592,
1540589494970776832,-0.11438,2.22272,0.00816,0.59846,-0.80068,0.00746,0.02654,
1540589495004089600,-0.10885,2.24116,0.00553,0.59876,-0.80046,0.00203,0.02736,
1540589495037894400,-0.10860,2.26275,0.00385,0.59895,-0.80032,-0.00107,0.02724,
1540589495070959616,-0.11033,2.28164,0.00254,0.59937,-0.79997,-0.00036,0.02836,
1540589495104786176,-0.10755,2.30215,-0.00071,0.59981,-0.79956,0.00253,0.03042,
1540589495139706880,-0.11201,2.32077,0.00078,0.59987,-0.79953,0.00424,0.02990,
1540589495172122112,-0.11674,2.34259,-0.00088,0.60019,-0.79934,0.00444,0.02852,
1540589495205554432,-0.11673,2.36610,-0.00150,0.60046,-0.79919,0.00393,0.02707,
1540589495239022080,-0.11842,2.38575,-0.00494,0.60132,-0.79868,0.00118,0.02300,
1540589495273041664,-0.11883,2.40612,-0.00451,0.60115,-0.79891,0.00055,0.01922,
1540589495306137344,-0.11760,2.42724,-0.00391,0.60057,-0.79939,0.00332,0.01677,
1540589495340008448,-0.12361,2.44838,-0.00299,0.59982,-0.79999,0.00759,0.01343,
1540589495373738496,-0.12627,2.46911,-0.00212,0.59885,-0.80071,0.01168,0.01025,
1540589495407002368,-0.12580,2.49351,-0.00040,0.59782,-0.80145,0.01564,0.00666,
1540589495441094144,-0.12901,2.51285,0.00304,0.59724,-0.80179,0.02074,0.00335,
1540589495474319872,-0.13321,2.53196,0.00395,0.59710,-0.80170,0.02726,0.00075,
1540589495508677120,-0.13459,2.55293,0.00639,0.59681,-0.80174,0.03199,-0.00258,
1540589495541388544,-0.13383,2.56951,0.00789,0.59716,-0.80124,0.03716,-0.00508,
1540589495577594368,-0.13926,2.58522,0.00018,0.59803,-0.80018,0.04491,-0.00780,
1540589495608638720,-0.14265,2.60413,-0.00117,0.59764,-0.80016,0.04964,-0.01032,
1540589495642471680,-0.14852,2.62409,-0.00226,0.59791,-0.79978,0.05180,-0.01361,
1540589495676026112,-0.14773,2.63544,-0.00387,0.59876,-0.79910,0.05163,-0.01627,
1540589495711068416,-0.14510,2.64491,-0.00157,0.59891,-0.79886,0.05284,-0.01859,
1540589495781555712,-0.15067,2.67570,0.00519,0.59813,-0.79885,0.05988,-0.02225,
1540589495847328512,-0.15513,2.70903,-0.00148,0.59976,-0.79774,0.05718,-0.02532,
1540589495894425344,-0.14998,2.72361,-0.00679,0.60122,-0.79698,0.05134,-0.02707,
1540589495927344896,-0.14412,2.74095,-0.01127,0.60194,-0.79649,0.05045,-0.02704,
1540589495961328128,-0.14125,2.75998,-0.01264,0.60284,-0.79565,0.05372,-0.02526,
1540589495994558976,-0.13997,2.76988,-0.00930,0.60428,-0.79433,0.05836,-0.02161,
1540589496028332288,-0.13707,2.78503,-0.00607,0.60457,-0.79397,0.06151,-0.01788,
1540589496060299008,-0.13424,2.80779,-0.00512,0.60459,-0.79383,0.06417,-0.01388,
1540589496095026688,-0.12941,2.82683,-0.00749,0.60536,-0.79317,0.06590,-0.00879,
1540589496161533952,-0.12044,2.86693,-0.00568,0.60441,-0.79406,0.06443,-0.00019,
1540589496193689088,-0.11992,2.88789,-0.00448,0.60394,-0.79463,0.06175,0.00311,
1540589496226829056,-0.11623,2.91008,-0.00365,0.60298,-0.79583,0.05504,0.00558,
1540589496260596992,-0.11308,2.92924,-0.00076,0.60228,-0.79669,0.04982,0.00779,
1540589496293500160,-0.10590,2.94844,0.00366,0.60138,-0.79742,0.04811,0.01181,
1540589496326979840,-0.10407,2.96433,0.00755,0.60043,-0.79808,0.04808,0.01537,
1540589496360205312,-0.10499,2.99016,0.00641,0.59958,-0.79874,0.04671,0.01814,
1540589496393741824,-0.10398,3.00909,0.00512,0.60005,-0.79851,0.04338,0.02105,
1540589496426735872,-0.10273,3.02441,0.00332,0.60064,-0.79828,0.03802,0.02320,
1540589496460510464,-0.10401,3.03996,0.00381,0.60083,-0.79837,0.03200,0.02420,
1540589496493614848,-0.10383,3.05720,0.00152,0.60125,-0.79828,0.02484,0.02509,
1540589496527128576,-0.10170,3.07329,0.00059,0.60158,-0.79824,0.01661,0.02531,
1540589496560355072,-0.09957,3.09297,-0.00239,0.60199,-0.79802,0.01106,0.02540,
1540589496593574400,-0.09821,3.10712,-0.00264,0.60230,-0.79776,0.00986,0.02666,
1540589496626885120,-0.09993,3.12146,-0.00108,0.60206,-0.79792,0.00936,0.02747,
1540589496660383232,-0.10234,3.14027,0.00311,0.60167,-0.79827,0.00665,0.02696,
1540589496693770752,-0.10128,3.15099,0.00902,0.60203,-0.79803,0.00332,0.02636,
1540589496727202304,-0.09761,3.16868,0.01040,0.60192,-0.79815,0.00109,0.02563,
1540589496760589312,-0.09650,3.19508,0.00572,0.60181,-0.79827,0.00037,0.02425,
1540589496794641920,-0.09474,3.21356,0.00661,0.60190,-0.79819,0.00313,0.02438,
1540589496827234560,-0.09116,3.23731,0.00426,0.60188,-0.79817,0.00775,0.02460,
1540589496860606720,-0.08989,3.25423,0.00710,0.60189,-0.79813,0.01191,0.02392,
1540589496893750528,-0.09298,3.27562,0.00646,0.60186,-0.79815,0.01488,0.02218,
1540589496927265536,-0.09479,3.29699,0.00545,0.60183,-0.79828,0.01369,0.01887,
1540589496960861184,-0.09104,3.31918,0.00630,0.60184,-0.79839,0.01105,0.01518,
1540589496993959168,-0.08753,3.34124,0.00193,0.60222,-0.79818,0.01067,0.01114,
1540589497027566336,-0.08760,3.35924,0.00301,0.60159,-0.79865,0.01367,0.00733,
1540589497061428736,-0.08778,3.38123,0.00716,0.60031,-0.79957,0.01741,0.00435,
1540589497094076928,-0.09192,3.40102,0.01001,0.59937,-0.80022,0.02021,0.00049,
1540589497127333888,-0.09467,3.42097,0.00882,0.59846,-0.80086,0.02100,-0.00409,
1540589497160849408,-0.09423,3.43918,0.01118,0.59714,-0.80181,0.02150,-0.00808,
1540589497194208000,-0.09426,3.46244,0.01349,0.59584,-0.80267,0.02328,-0.01225,
1540589497230280192,-0.09400,3.48063,0.01400,0.59559,-0.80266,0.02790,-0.01546,
1540589497260930816,-0.09177,3.49882,0.01440,0.59526,-0.80255,0.03619,-0.01633,
1540589497294614016,-0.09400,3.51181,0.02162,0.59466,-0.80239,0.04777,-0.01614,
1540589497327599616,-0.10134,3.52835,0.02110,0.59450,-0.80178,0.05881,-0.01603,
1540589497361063936,-0.10848,3.53801,0.02301,0.59418,-0.80147,0.06599,-0.01546,
1540589497394153472,-0.11459,3.55738,0.02716,0.59315,-0.80207,0.06770,-0.01645,
1540589497427756288,-0.12105,3.56878,0.02383,0.59380,-0.80177,0.06492,-0.01851,
1540589497460984320,-0.12528,3.58106,0.02216,0.59362,-0.80217,0.06115,-0.01992,
1540589497494347008,-0.12637,3.59793,0.02359,0.59321,-0.80278,0.05659,-0.02121,
1540589497527751424,-0.12949,3.61093,0.02249,0.59409,-0.80230,0.05382,-0.02162,
1540589497561089024,-0.13470,3.61749,0.02281,0.59491,-0.80179,0.05258,-0.02104,
1540589497595077888,-0.14073,3.62873,0.02609,0.59472,-0.80207,0.05080,-0.02014,
1540589497627761664,-0.14521,3.65047,0.02083,0.59521,-0.80192,0.04797,-0.01889,
1540589497660951040,-0.15071,3.66409,0.01562,0.59643,-0.80125,0.04432,-0.01778,
1540589497695953664,-0.15227,3.67600,0.01466,0.59704,-0.80109,0.03903,-0.01671,
1540589497729129216,-0.15199,3.69291,0.01646,0.59732,-0.80106,0.03630,-0.01416,
1540589497761000192,-0.15242,3.71206,0.01575,0.59814,-0.80050,0.03637,-0.01078,
1540589497794931712,-0.15394,3.72042,0.02060,0.59880,-0.79993,0.03880,-0.00592,
1540589497827728384,-0.15620,3.74910,0.01291,0.59886,-0.79975,0.04203,-0.00023,
1540589497861939968,-0.15854,3.76930,0.01208,0.59939,-0.79930,0.04270,0.00482,
1540589497895143680,-0.16238,3.78545,0.00994,0.60012,-0.79877,0.04172,0.00902,
1540589497928620288,-0.16065,3.80342,0.01076,0.59979,-0.79903,0.04012,0.01412,
1540589497962093056,-0.16069,3.82766,0.01078,0.59925,-0.79953,0.03637,0.01777,
1540589497996894208,-0.16275,3.84719,0.00672,0.59982,-0.79932,0.02993,0.02024,
1540589498029533184,-0.16002,3.86153,0.01164,0.59932,-0.79984,0.02339,0.02276,
1540589498062567168,-0.14883,3.87931,0.02073,0.59822,-0.80076,0.01687,0.02503,
1540589498100798208,-0.14437,3.90206,0.01875,0.59746,-0.80122,0.01658,0.02847,
1540589498132581120,-0.13825,3.92420,0.01997,0.59608,-0.80198,0.01991,0.03351,
1540589498163027200,-0.13622,3.94449,0.02505,0.59481,-0.80272,0.02221,0.03668,
1540589498195789568,-0.14120,3.96908,0.02373,0.59426,-0.80305,0.02237,0.03837,
1540589498230350336,-0.13993,3.99161,0.01802,0.59465,-0.80279,0.01864,0.03958,
1540589498262668544,-0.13220,4.01144,0.01433,0.59505,-0.80262,0.01270,0.03954,
1540589498296734208,-0.12836,4.02578,0.01435,0.59540,-0.80250,0.00733,0.03786,
1540589498330259456,-0.12654,4.04334,0.01456,0.59548,-0.80255,0.00387,0.03621,
1540589498363724288,-0.12321,4.05782,0.01807,0.59556,-0.80257,0.00137,0.03444,
1540589498398076416,-0.12153,4.07419,0.01623,0.59594,-0.80237,0.00060,0.03247,
1540589498431357440,-0.12299,4.08987,0.01500,0.59614,-0.80230,0.00088,0.03050,
1540589498464743680,-0.12386,4.10570,0.01821,0.59596,-0.80251,0.00125,0.02855,
1540589498498146048,-0.12307,4.12388,0.01668,0.59648,-0.80221,0.00045,0.02597,
1540589498531720960,-0.12272,4.13929,0.01320,0.59731,-0.80168,-0.00040,0.02315,
1540589498566756864,-0.12277,4.15715,0.01519,0.59737,-0.80169,-0.00034,0.02083,
1540589498598905344,-0.12058,4.17474,0.01487,0.59784,-0.80139,-0.00001,0.01911,
1540589498632187648,-0.11853,4.19487,0.01215,0.59834,-0.80105,0.00159,0.01771,
1540589498668410112,-0.11849,4.21537,0.01208,0.59855,-0.80090,0.00400,0.01644,
1540589498699435520,-0.11669,4.23604,0.00839,0.59909,-0.80052,0.00541,0.01509,
1540589498733235968,-0.11722,4.25545,0.01170,0.59899,-0.80063,0.00595,0.01292,
1540589498768245760,-0.12049,4.27452,0.01220,0.59919,-0.80053,0.00479,0.00978,
1540589498804378368,-0.12192,4.29404,0.01129,0.59905,-0.80069,0.00206,0.00644,
1540589498834305280,-0.11926,4.31904,0.00888,0.59852,-0.80110,-0.00144,0.00293,
1540589498868167936,-0.11920,4.33913,0.00927,0.59806,-0.80144,-0.00397,-0.00116,
1540589498901871360,-0.12076,4.35811,0.01430,0.59685,-0.80233,-0.00418,-0.00459,
1540589498935303168,-0.11922,4.37805,0.01722,0.59590,-0.80301,-0.00405,-0.00759,
1540589498969529600,-0.12155,4.39968,0.01878,0.59466,-0.80389,-0.00293,-0.01139,
1540589499002062592,-0.12462,4.42488,0.01988,0.59346,-0.80473,0.00032,-0.01432,
1540589499035585536,-0.12654,4.44965,0.02043,0.59309,-0.80496,0.00428,-0.01634,
1540589499069173760,-0.13011,4.46661,0.01645,0.59370,-0.80442,0.00956,-0.01814,
1540589499103647744,-0.13172,4.48137,0.01615,0.59367,-0.80429,0.01880,-0.01761,
1540589499137893632,-0.13991,4.50171,0.01783,0.59331,-0.80425,0.02988,-0.01633,
1540589499169879552,-0.15185,4.51346,0.01958,0.59355,-0.80382,0.03680,-0.01508,
1540589499203429120,-0.15978,4.53097,0.02239,0.59297,-0.80416,0.03909,-0.01377,
1540589499237942784,-0.16379,4.55100,0.02210,0.59300,-0.80428,0.03621,-0.01350,
1540589499270603776,-0.16450,4.56729,0.01835,0.59372,-0.80393,0.03193,-0.01346,
1540589499304738304,-0.16167,4.58395,0.01703,0.59419,-0.80369,0.02932,-0.01230,
1540589499338304256,-0.16232,4.60221,0.01888,0.59483,-0.80319,0.03130,-0.00922,
1540589499373016576,-0.16507,4.61950,0.01256,0.59649,-0.80189,0.03366,-0.00568,
1540589499405534208,-0.17026,4.63669,0.01013,0.59741,-0.80123,0.03346,-0.00333,
1540589499438947584,-0.17103,4.65697,0.01040,0.59823,-0.80067,0.03234,-0.00007,
1540589499472915968,-0.17074,4.67634,0.00594,0.59973,-0.79963,0.03007,0.00275,
1540589499507154432,-0.17183,4.69822,0.00228,0.60070,-0.79897,0.02770,0.00541,
1540589499540158464,-0.16986,4.72074,0.00259,0.60128,-0.79852,0.02736,0.00922,
1540589499573443328,-0.16630,4.74470,0.00069,0.60226,-0.79766,0.02877,0.01385,
1540589499606547968,-0.16598,4.76513,-0.00271,0.60318,-0.79670,0.03274,0.01941,
1540589499640754432,-0.16672,4.78953,-0.00087,0.60258,-0.79686,0.03612,0.02451,
1540589499674527744,-0.17015,4.81204,-0.00194,0.60252,-0.79669,0.03748,0.02922,
1540589499708564224,-0.17768,4.83326,0.00072,0.60184,-0.79717,0.03498,0.03295,
1540589499741225984,-0.18547,4.85906,0.00175,0.60104,-0.79803,0.02644,0.03457,
1540589499775117824,-0.18098,4.87688,0.00389,0.60067,-0.79864,0.01189,0.03496,
1540589499810400768,-0.17380,4.89678,0.00604,0.59986,-0.79935,-0.00187,0.03475,
1540589499841947392,-0.17118,4.92388,0.00586,0.59897,-0.79991,-0.01125,0.03539,
1540589499877457920,-0.16424,4.94445,0.00339,0.59928,-0.79946,-0.01507,0.03887,
1540589499916920576,-0.15961,4.96294,0.00432,0.59886,-0.79958,-0.01757,0.04159,
1540589499943783936,-0.16222,4.98116,0.00689,0.59830,-0.79989,-0.01821,0.04337,
1540589499978102784,-0.15603,4.99983,0.00785,0.59802,-0.79993,-0.01805,0.04649,
1540589500010183680,-0.15185,5.01876,0.00758,0.59758,-0.80018,-0.01704,0.04814,
1540589500043780608,-0.14927,5.03620,0.00850,0.59696,-0.80058,-0.01282,0.05039,
1540589500077346048,-0.14933,5.05790,0.00705,0.59616,-0.80108,-0.00598,0.05327,
1540589500111408384,-0.15478,5.07690,0.00487,0.59627,-0.80097,-0.00269,0.05383,
1540589500144377856,-0.15932,5.09253,0.00127,0.59720,-0.80036,-0.00427,0.05252,
1540589500178589440,-0.15585,5.10929,0.00071,0.59793,-0.79992,-0.00868,0.05033,
1540589500212208128,-0.15389,5.12907,-0.00143,0.59880,-0.79940,-0.01098,0.04775,
1540589500245218560,-0.14963,5.14627,-0.00245,0.59957,-0.79889,-0.00824,0.04710,
1540589500279127808,-0.14724,5.16301,-0.00055,0.59964,-0.79888,-0.00089,0.04720,
1540589500348154624,-0.15875,5.20461,0.00134,0.59964,-0.79893,0.01113,0.04482,
1540589500384893696,-0.16050,5.22290,-0.00006,0.60048,-0.79844,0.01132,0.04227,
1540589500413889024,-0.15783,5.24287,-0.00083,0.60057,-0.79853,0.01044,0.03948,
1540589500464709888,-0.16104,5.26906,-0.00161,0.60055,-0.79871,0.01131,0.03565,
1540589500517176576,-0.15835,5.30934,0.00376,0.60009,-0.79931,0.01070,0.02983,
1540589500564195584,-0.16470,5.33073,0.00382,0.59919,-0.80021,0.00762,0.02396,
1540589500596277504,-0.16815,5.34795,0.00872,0.59837,-0.80100,0.00168,0.01851,
1540589500630472704,-0.16753,5.36979,0.01029,0.59783,-0.80151,-0.00720,0.01136,
1540589500663047936,-0.16536,5.39035,0.00802,0.59777,-0.80156,-0.01211,0.00428,
1540589500696567040,-0.16561,5.41138,0.00725,0.59752,-0.80182,-0.00799,-0.00015,
1540589500729409280,-0.16279,5.42921,0.00906,0.59772,-0.80170,0.00006,-0.00243,
1540589500762916096,-0.16674,5.44776,0.00774,0.59797,-0.80142,0.01168,-0.00408,
1540589500796096000,-0.17060,5.46212,0.01011,0.59788,-0.80134,0.01910,-0.00592,
1540589500829850624,-0.17917,5.47566,0.01410,0.59729,-0.80168,0.02184,-0.00935,
1540589500863079424,-0.18652,5.49372,0.01126,0.59681,-0.80202,0.02035,-0.01278,
1540589500896497152,-0.19088,5.51110,0.00937,0.59681,-0.80209,0.01325,-0.01730,
1540589500930227968,-0.19197,5.53038,0.00296,0.59719,-0.80180,0.00541,-0.02113,
1540589500963729664,-0.19042,5.54650,0.00215,0.59777,-0.80134,0.00107,-0.02273,
1540589500997367040,-0.18959,5.56344,-0.00118,0.59899,-0.80046,0.00181,-0.02178,
1540589501029980928,-0.19281,5.57918,-0.00319,0.60013,-0.79964,0.00351,-0.02019,
1540589501063571712,-0.19635,5.59586,-0.00308,0.60108,-0.79898,0.00410,-0.01773,
1540589501098028800,-0.19816,5.60965,-0.00234,0.60215,-0.79823,0.00180,-0.01546,
1540589501129981696,-0.20054,5.62798,-0.00287,0.60266,-0.79788,-0.00131,-0.01367,
1540589501163963136,-0.19897,5.64820,-0.00009,0.60311,-0.79758,-0.00281,-0.01027,
1540589501197113600,-0.19824,5.67270,-0.00576,0.60455,-0.79654,-0.00161,-0.00564,
1540589501231125760,-0.20090,5.69296,-0.01105,0.60581,-0.79560,-0.00120,-0.00218,
1540589501263799808,-0.20379,5.71405,-0.01108,0.60615,-0.79534,-0.00137,0.00223,
1540589501297242880,-0.20002,5.73378,-0.01008,0.60668,-0.79490,-0.00151,0.00796,
1540589501330648064,-0.19950,5.75472,-0.01233,0.60685,-0.79473,-0.00236,0.01139,
1540589501364211200,-0.20331,5.77851,-0.01184,0.60622,-0.79515,-0.00306,0.01512,
1540589501396797184,-0.20335,5.80054,-0.00597,0.60547,-0.79562,-0.00488,0.01951,
1540589501430313728,-0.20307,5.82393,-0.00698,0.60521,-0.79572,-0.00969,0.02130,
1540589501463445760,-0.20070,5.85027,-0.00553,0.60413,-0.79642,-0.01666,0.02149,
1540589501497665536,-0.19574,5.87533,-0.00125,0.60302,-0.79716,-0.01712,0.02463,
1540589501530485760,-0.19650,5.89673,-0.00101,0.60256,-0.79747,-0.01349,0.02805,
1540589501563470592,-0.19835,5.92189,-0.00088,0.60156,-0.79816,-0.01161,0.03061,
1540589501596888320,-0.19823,5.94716,-0.00096,0.60164,-0.79804,-0.01349,0.03119,
1540589501630538240,-0.20131,5.96402,-0.00358,0.60259,-0.79730,-0.01722,0.03011,
1540589501664039168,-0.20024,5.98332,-0.00420,0.60252,-0.79726,-0.02373,0.02782,
1540589501696970240,-0.19844,6.00555,-0.00010,0.60224,-0.79740,-0.02863,0.02523,
1540589501730194688,-0.19508,6.02377,-0.00104,0.60284,-0.79697,-0.02934,0.02366,
1540589501763817472,-0.19376,6.04260,-0.00351,0.60275,-0.79719,-0.02617,0.02225,
1540589501797321984,-0.19877,6.06439,-0.00308,0.60234,-0.79769,-0.02135,0.02045,
1540589501829988352,-0.20232,6.08207,-0.00496,0.60291,-0.79737,-0.01866,0.01877,
1540589501863592448,-0.20277,6.09935,-0.00832,0.60364,-0.79688,-0.01871,0.01577,
1540589501896922880,-0.20499,6.11909,-0.00958,0.60402,-0.79666,-0.01835,0.01232,
1540589501930817024,-0.20567,6.13652,-0.00897,0.60480,-0.79613,-0.01664,0.01040,
1540589501964863232,-0.20500,6.15390,-0.01197,0.60576,-0.79546,-0.01529,0.00786,
1540589501997155072,-0.20641,6.17219,-0.00919,0.60594,-0.79538,-0.01302,0.00518,
1540589502030360576,-0.20829,6.19188,-0.00675,0.60634,-0.79513,-0.00996,0.00362,
1540589502064100096,-0.21255,6.21346,-0.01315,0.60733,-0.79441,-0.00827,0.00121,
1540589502097838336,-0.21906,6.23423,-0.01557,0.60783,-0.79402,-0.00850,-0.00175,
1540589502130206976,-0.22386,6.25317,-0.01603,0.60842,-0.79353,-0.01102,-0.00472,
1540589502164124672,-0.22915,6.27333,-0.01899,0.60891,-0.79302,-0.01642,-0.00882,
1540589502197756672,-0.23407,6.29159,-0.01640,0.60841,-0.79317,-0.02341,-0.01306,
1540589502230526208,-0.23930,6.31093,-0.01003,0.60717,-0.79386,-0.02956,-0.01618,
1540589502265990144,-0.24192,6.33095,-0.00560,0.60576,-0.79463,-0.03580,-0.01858,
1540589502301477376,-0.24267,6.35803,-0.00438,0.60348,-0.79607,-0.04101,-0.02016,
1540589502330835968,-0.24741,6.38704,-0.00203,0.60180,-0.79727,-0.04229,-0.02038,
1540589502365705472,-0.24568,6.41187,0.00105,0.60077,-0.79818,-0.04058,-0.01840,
1540589502400736768,-0.24007,6.43933,0.00262,0.60019,-0.79907,-0.03276,-0.01393,
1540589502433219328,-0.24178,6.46499,0.00511,0.59992,-0.79981,-0.01824,-0.00780,
1540589502464468480,-0.24634,6.48501,0.00581,0.60016,-0.79988,-0.00284,-0.00046,
1540589502498947072,-0.25481,6.50741,0.00603,0.59979,-0.80005,0.01126,0.00749,
1540589502533713408,-0.26328,6.52956,0.00727,0.59921,-0.80037,0.01452,0.01207,
1540589502566867200,-0.26146,6.54992,0.00854,0.59949,-0.80019,0.00991,0.01454,
1540589502600347904,-0.25811,6.56643,0.00467,0.60015,-0.79966,0.00831,0.01739,
1540589502632521984,-0.25651,6.58662,0.00344,0.59998,-0.79965,0.01083,0.02163,
1540589502667141120,-0.26008,6.60750,0.00077,0.60054,-0.79909,0.01315,0.02535,
1540589502700388608,-0.26297,6.62510,-0.00346,0.60166,-0.79812,0.01387,0.02861,
1540589502734557696,-0.26109,6.64322,-0.00434,0.60244,-0.79748,0.01212,0.03088,
1540589502769684736,-0.26295,6.66251,-0.00187,0.60321,-0.79693,0.00877,0.03103,
1540589502802435328,-0.25536,6.68385,-0.00304,0.60405,-0.79618,0.00933,0.03370,
1540589502833076736,-0.24606,6.71190,-0.00523,0.60412,-0.79587,0.01578,0.03713,
1540589502866727680,-0.25201,6.74029,-0.00331,0.60422,-0.79524,0.02817,0.04142,
1540589502900420352,-0.26128,6.77099,-0.00376,0.60474,-0.79437,0.03545,0.04482,
1540589502934211072,-0.26282,6.79471,-0.00463,0.60579,-0.79363,0.03348,0.04529,
1540589502967695360,-0.26468,6.81625,-0.00517,0.60608,-0.79394,0.02437,0.04175,
1540589503000920576,-0.26228,6.83913,-0.00030,0.60504,-0.79504,0.01715,0.03926,
1540589503035215360,-0.25373,6.86806,-0.00070,0.60368,-0.79632,0.01034,0.03651,
1540589503068134656,-0.24718,6.88468,0.00924,0.60218,-0.79762,0.00712,0.03366,
1540589503101958144,-0.24451,6.91054,0.01473,0.60002,-0.79923,0.01029,0.03306,
1540589503136680960,-0.24674,6.93535,0.01931,0.59829,-0.80053,0.01343,0.03193,
1540589503168744448,-0.25053,6.95825,0.01780,0.59768,-0.80107,0.01303,0.02996,
1540589503202188800,-0.25086,6.98329,0.01281,0.59772,-0.80125,0.00730,0.02618,
1540589503235887360,-0.24557,7.00912,0.00688,0.59809,-0.80114,-0.00042,0.02160,
1540589503269408512,-0.24016,7.02294,0.00224,0.59940,-0.80023,-0.00608,0.01739,
1540589503303764992,-0.23704,7.03920,0.00665,0.59924,-0.80041,-0.00619,0.01510,
1540589503338548736,-0.23818,7.05513,0.00898,0.59948,-0.80026,-0.00249,0.01426,
1540589503370184448,-0.23881,7.07063,0.00702,0.59996,-0.79990,0.00158,0.01440,
1540589503404090624,-0.24393,7.08765,0.00726,0.59998,-0.79989,0.00374,0.01381,
1540589503437394176,-0.25028,7.10469,0.00487,0.60047,-0.79954,0.00266,0.01313,
1540589503471547392,-0.24781,7.12414,0.00187,0.60102,-0.79913,-0.00166,0.01303,
1540589503504955392,-0.24796,7.14433,0.00307,0.60143,-0.79880,-0.00484,0.01325,
1540589503539213056,-0.24785,7.16656,-0.00116,0.60241,-0.79802,-0.00585,0.01543,
1540589503571695360,-0.24472,7.18916,-0.00397,0.60318,-0.79736,-0.00654,0.01840,
1540589503605653248,-0.24515,7.20644,-0.00309,0.60391,-0.79674,-0.00641,0.02119,
1540589503638558976,-0.24554,7.22482,-0.00204,0.60414,-0.79647,-0.00578,0.02479,
1540589503672432384,-0.24520,7.24737,0.00201,0.60370,-0.79669,-0.00569,0.02840,
1540589503706977280,-0.24318,7.26980,-0.00021,0.60384,-0.79646,-0.00580,0.03170,
1540589503739258624,-0.24207,7.28915,0.00283,0.60302,-0.79697,-0.00470,0.03444,
1540589503773946112,-0.24406,7.31037,0.00804,0.60099,-0.79835,-0.00054,0.03796,
1540589503806979840,-0.24751,7.33303,0.01941,0.59824,-0.80023,0.00434,0.04162,
1540589503839973120,-0.24680,7.36655,0.01335,0.59670,-0.80122,0.00745,0.04404,
1540589503873559808,-0.24361,7.38290,0.02530,0.59429,-0.80284,0.01245,0.04609,
1540589503907713024,-0.24806,7.40593,0.03623,0.59131,-0.80466,0.02226,0.04881,
1540589503942058496,-0.26036,7.43453,0.03601,0.58965,-0.80540,0.03207,0.05115,
1540589503974605056,-0.26874,7.45604,0.03253,0.58927,-0.80549,0.03572,0.05167,
1540589504009058304,-0.27402,7.47561,0.03127,0.58882,-0.80589,0.03598,0.05048,
1540589504042814208,-0.28157,7.49377,0.03025,0.58846,-0.80623,0.03657,0.04869,
1540589504075359488,-0.28909,7.50371,0.03597,0.58795,-0.80666,0.03738,0.04723,
1540589504109268224,-0.29472,7.52412,0.03764,0.58712,-0.80729,0.03820,0.04589,
1540589504143404800,-0.30271,7.53942,0.03781,0.58718,-0.80732,0.03895,0.04412,
1540589504176528384,-0.31321,7.55504,0.03474,0.58758,-0.80717,0.03817,0.04202,
1540589504210770688,-0.32211,7.57538,0.03059,0.58823,-0.80699,0.03443,0.03961,
1540589504243790848,-0.33040,7.58950,0.02660,0.59037,-0.80594,0.02588,0.03535,
1540589504278189056,-0.33235,7.60143,0.02241,0.59269,-0.80467,0.01617,0.03122,
1540589504310807552,-0.33005,7.61059,0.02222,0.59429,-0.80374,0.00860,0.02749,
1540589504344430080,-0.32990,7.62617,0.02570,0.59516,-0.80324,0.00420,0.02391,
1540589504377825792,-0.33209,7.64494,0.02748,0.59600,-0.80262,0.00692,0.02313,
1540589504411504384,-0.33245,7.66716,0.02445,0.59704,-0.80175,0.01302,0.02399,
1540589504445441792,-0.33082,7.69109,0.02068,0.59780,-0.80105,0.01878,0.02459,
1540589504479176192,-0.33360,7.71205,0.01799,0.59844,-0.80028,0.02697,0.02624,
1540589504512752384,-0.33747,7.73522,0.01567,0.59876,-0.79968,0.03442,0.02862,
1540589504546458112,-0.33875,7.75768,0.01750,0.59920,-0.79919,0.03696,0.02986,
1540589504579812608,-0.33561,7.77790,0.01421,0.60005,-0.79851,0.03706,0.03089,
1540589504613345024,-0.33185,7.79755,0.01279,0.60011,-0.79848,0.03607,0.03153,
1540589504646669568,-0.33216,7.82039,0.01487,0.59922,-0.79936,0.03202,0.03068,
1540589504680282112,-0.33112,7.84089,0.01970,0.59845,-0.80021,0.02555,0.02947,
1540589504714620672,-0.32656,7.86311,0.01884,0.59806,-0.80087,0.01468,0.02676,
1540589504747680256,-0.31842,7.88598,0.02111,0.59700,-0.80190,0.00279,0.02330,
1540589504781965056,-0.30808,7.91216,0.02368,0.59592,-0.80274,-0.00396,0.02166,
1540589504815690752,-0.30137,7.93260,0.01984,0.59574,-0.80288,-0.00603,0.02089,
1540589504849092864,-0.29254,7.96151,0.02102,0.59448,-0.80381,-0.00433,0.02145,
1540589504881989888,-0.28337,7.98433,0.02234,0.59466,-0.80363,0.00206,0.02352,
1540589504916190976,-0.27802,7.99953,0.01915,0.59529,-0.80304,0.01018,0.02551,
1540589504949599232,-0.28051,8.01564,0.02200,0.59479,-0.80320,0.01894,0.02719,
1540589504982928640,-0.28711,8.03834,0.02501,0.59415,-0.80358,0.02245,0.02731,
1540589505016989184,-0.28751,8.05294,0.01995,0.59560,-0.80269,0.01810,0.02512,
1540589505050985984,-0.28079,8.06683,0.01660,0.59599,-0.80254,0.01358,0.02309,
1540589505101659648,-0.28227,8.08599,0.01217,0.59683,-0.80193,0.01507,0.02188,
1540589505133227008,-0.28376,8.10394,0.00929,0.59826,-0.80080,0.01762,0.02237,
1540589505166255616,-0.28541,8.11869,0.00636,0.59969,-0.79969,0.01851,0.02277,
1540589505199193088,-0.28840,8.13639,0.00341,0.60072,-0.79902,0.01568,0.02151,
1540589505233171712,-0.29186,8.15975,-0.00161,0.60233,-0.79791,0.01122,0.02024,
1540589505265659904,-0.29369,8.17749,-0.00410,0.60380,-0.79686,0.00749,0.01968,
1540589505299563520,-0.29536,8.19614,-0.00681,0.60480,-0.79614,0.00411,0.01880,
1540589505333127936,-0.29878,8.21835,-0.00415,0.60493,-0.79605,0.00295,0.01887,
1540589505366347264,-0.30173,8.24656,-0.01137,0.60595,-0.79526,0.00228,0.01928,
1540589505399506176,-0.30604,8.26794,-0.01609,0.60666,-0.79473,0.00073,0.01907,
1540589505433843712,-0.31160,8.28582,-0.01040,0.60612,-0.79514,-0.00118,0.01905,
1540589505466124032,-0.31669,8.30673,-0.00715,0.60549,-0.79562,-0.00511,0.01845,
1540589505500373504,-0.31789,8.32625,-0.00081,0.60394,-0.79679,-0.01063,0.01674,
1540589505533230592,-0.31995,8.34854,0.00539,0.60179,-0.79839,-0.01321,0.01545,
1540589505566437632,-0.32236,8.36818,0.01514,0.59958,-0.80008,-0.01241,0.01499,
1540589505600372224,-0.32637,8.39612,0.01738,0.59787,-0.80140,-0.00861,0.01518,
1540589505633126400,-0.32981,8.41986,0.01832,0.59666,-0.80232,-0.00098,0.01675,
1540589505667134208,-0.33525,8.44158,0.02325,0.59521,-0.80331,0.00865,0.01863,
1540589505700390144,-0.33996,8.46524,0.02127,0.59476,-0.80351,0.01559,0.01993,
1540589505735209984,-0.34550,8.48405,0.01973,0.59477,-0.80331,0.02204,0.02150,
1540589505766188032,-0.34996,8.50095,0.01669,0.59466,-0.80317,0.02750,0.02333,
1540589505800365568,-0.35578,8.51769,0.01971,0.59377,-0.80364,0.03142,0.02472,
1540589505833236224,-0.36026,8.53212,0.02236,0.59360,-0.80366,0.03315,0.02593,
1540589505867003392,-0.36168,8.54734,0.02055,0.59361,-0.80356,0.03419,0.02728,
1540589505899787264,-0.36538,8.56172,0.02207,0.59330,-0.80375,0.03465,0.02787,
1540589505934015232,-0.37126,8.57817,0.02397,0.59342,-0.80360,0.03511,0.02913,
1540589505966640384,-0.37476,8.59063,0.02098,0.59420,-0.80312,0.03226,0.02972,
1540589505999884544,-0.37889,8.60267,0.02577,0.59396,-0.80350,0.02750,0.02919,
1540589506033747456,-0.38187,8.62582,0.02031,0.59480,-0.80310,0.02116,0.02821,
1540589506066322176,-0.38199,8.64291,0.01510,0.59632,-0.80215,0.01500,0.02712,
1540589506099769088,-0.38343,8.65643,0.01299,0.59755,-0.80139,0.00871,0.02508,
1540589506133204992,-0.38686,8.67787,0.00922,0.59835,-0.80083,0.00593,0.02488,
1540589506167137280,-0.38456,8.69556,0.00447,0.59987,-0.79974,0.00160,0.02381,
1540589506199691520,-0.38435,8.71603,0.00067,0.60091,-0.79902,-0.00221,0.02149,
1540589506233827328,-0.38376,8.73599,-0.00018,0.60166,-0.79847,-0.00129,0.02129,
1540589506266483456,-0.38234,8.75664,-0.00111,0.60249,-0.79782,0.00193,0.02182,
1540589506300349696,-0.38339,8.77719,-0.00275,0.60316,-0.79732,0.00396,0.02126,
1540589506333459712,-0.38390,8.79437,-0.00112,0.60344,-0.79711,0.00590,0.02109,
1540589506366926592,-0.38655,8.81851,-0.00576,0.60330,-0.79728,0.00405,0.01906,
1540589506400381440,-0.38960,8.84081,-0.00566,0.60311,-0.79750,-0.00196,0.01575,
1540589506434052352,-0.38688,8.85820,-0.00334,0.60296,-0.79760,-0.01186,0.01136,
1540589506468008448,-0.38035,8.87718,0.00125,0.60177,-0.79837,-0.02077,0.00702,
1540589506499821824,-0.36870,8.90578,0.00387,0.60011,-0.79958,-0.02256,0.00586,
1540589506533879808,-0.35375,8.92756,0.00999,0.59909,-0.80050,-0.01520,0.00779,
1540589506566872576,-0.34474,8.95943,0.00554,0.59823,-0.80123,0.00057,0.01219,
1540589506601687040,-0.33966,8.98836,0.00337,0.59729,-0.80160,0.01909,0.01808,
1540589506633667328,-0.33506,9.01073,0.00521,0.59702,-0.80127,0.03195,0.02245,
1540589506666916864,-0.33596,9.03069,0.00142,0.59774,-0.80035,0.03917,0.02493,
1540589506701282304,-0.33702,9.04356,0.00452,0.59821,-0.80005,0.03812,0.02487,
1540589506734205184,-0.33528,9.06071,0.00206,0.59883,-0.80003,0.02937,0.02214,
1540589506768094720,-0.33312,9.07612,0.00070,0.59992,-0.79973,0.01550,0.01668,
1540589506801751296,-0.32839,9.08640,0.00013,0.60113,-0.79906,0.00300,0.01169,
1540589506835777536,-0.32528,9.09990,-0.00272,0.60149,-0.79883,-0.00475,0.00796,
1540589506867586048,-0.32706,9.11842,-0.00211,0.60143,-0.79886,-0.00955,0.00473,
1540589506901447168,-0.32662,9.13763,-0.00558,0.60221,-0.79825,-0.01099,0.00361,
1540589506936495360,-0.32220,9.15319,-0.00796,0.60313,-0.79757,-0.01000,0.00318,
1540589506969686528,-0.32181,9.17439,-0.00859,0.60327,-0.79751,-0.00432,0.00437,
1540589507002967808,-0.32690,9.19179,-0.00265,0.60349,-0.79731,0.00554,0.00813,
1540589507037011968,-0.33075,9.21326,-0.01175,0.60459,-0.79635,0.01236,0.01177,
1540589507068117504,-0.33476,9.23109,-0.01046,0.60458,-0.79625,0.01586,0.01447,
1540589507103011072,-0.34289,9.25753,-0.01425,0.60504,-0.79586,0.01630,0.01662,
1540589507136044544,-0.35083,9.27408,-0.01989,0.60653,-0.79477,0.01226,0.01744,
1540589507170231296,-0.35261,9.29245,-0.02297,0.60699,-0.79452,0.00319,0.01685,
1540589507203112960,-0.35380,9.31095,-0.01619,0.60662,-0.79481,-0.00665,0.01536,
1540589507236843008,-0.35535,9.32672,-0.01237,0.60657,-0.79478,-0.01374,0.01460,
1540589507270155520,-0.35470,9.34571,-0.01381,0.60577,-0.79532,-0.01727,0.01474,
1540589507303128064,-0.35891,9.36597,-0.00213,0.60328,-0.79719,-0.01836,0.01453,
1540589507337241088,-0.36698,9.38739,0.00514,0.60129,-0.79871,-0.01653,0.01541,
1540589507371708416,-0.36852,9.41035,0.01013,0.59952,-0.80005,-0.01340,0.01745,
1540589507402345728,-0.37255,9.43348,0.01262,0.59842,-0.80092,-0.01044,0.01786,
1540589507436565504,-0.37797,9.45853,0.00824,0.59808,-0.80119,-0.00429,0.01960,
1540589507468945664,-0.38014,9.48002,0.00817,0.59789,-0.80127,0.00275,0.02206,
1540589507502347264,-0.38251,9.49832,0.00551,0.59826,-0.80079,0.01274,0.02565,
1540589507536784128,-0.39161,9.50760,0.01202,0.59784,-0.80075,0.02340,0.02909,
1540589507569650432,-0.40488,9.52751,0.01441,0.59680,-0.80119,0.03040,0.03173,
1540589507603318016,-0.41728,9.54619,0.01274,0.59663,-0.80123,0.03104,0.03316,
1540589507637654784,-0.42275,9.56338,0.01299,0.59656,-0.80157,0.02374,0.03221,
1540589507670612736,-0.42647,9.58162,0.01177,0.59682,-0.80170,0.01399,0.02989,
1540589507703947520,-0.42673,9.60209,0.00737,0.59727,-0.80156,0.00411,0.02745,
1540589507738562816,-0.42404,9.61858,0.00967,0.59768,-0.80128,-0.00114,0.02685,
1540589507772070912,-0.42325,9.63566,0.00739,0.59849,-0.80070,-0.00365,0.02622,
1540589507805517312,-0.41965,9.65340,0.00685,0.59887,-0.80040,-0.00284,0.02664,
1540589507839074816,-0.41359,9.67458,0.00836,0.59891,-0.80034,0.00087,0.02752,
1540589507873182208,-0.41748,9.69876,0.00331,0.59978,-0.79970,0.00537,0.02662,
1540589507906319360,-0.41762,9.71965,0.00532,0.60033,-0.79923,0.01002,0.02689,
1540589507941852928,-0.41575,9.74052,0.00315,0.60123,-0.79852,0.01434,0.02626,
1540589507974647808,-0.41479,9.76733,-0.00081,0.60162,-0.79824,0.01673,0.02423,
1540589508006793984,-0.41601,9.79366,-0.00610,0.60239,-0.79765,0.01946,0.02234,
1540589508041585920,-0.41649,9.81061,-0.00246,0.60289,-0.79735,0.01940,0.01932,
1540589508074020608,-0.41672,9.82853,0.00031,0.60300,-0.79743,0.01643,0.01522,
1540589508108252160,-0.42195,9.85213,-0.00241,0.60278,-0.79778,0.01042,0.00940,
1540589508141706240,-0.42136,9.87445,-0.00341,0.60227,-0.79829,0.00106,0.00342,
1540589508175135488,-0.41366,9.89526,0.00189,0.60125,-0.79901,-0.00826,-0.00223,
1540589508209195008,-0.40126,9.91929,0.00192,0.60036,-0.79954,-0.01550,-0.00796,
1540589508242227456,-0.38781,9.93863,0.01365,0.59928,-0.80040,-0.01150,-0.00929,
1540589508275618048,-0.37865,9.97120,0.01102,0.59865,-0.80097,0.00002,-0.00770,
1540589508309612544,-0.37811,9.99236,0.01274,0.59850,-0.80096,0.01524,-0.00489,
1540589508343283712,-0.38526,10.01653,0.00936,0.59866,-0.80049,0.02855,-0.00199,
1540589508377123840,-0.40129,10.03674,0.00284,0.59949,-0.79970,0.03304,-0.00098,
1540589508410453760,-0.41206,10.05160,-0.00037,0.60018,-0.79952,0.02333,-0.00325,
1540589508443802368,-0.40764,10.06845,0.00320,0.60025,-0.79977,0.00162,-0.00877,
1540589508477794816,-0.38973,10.08567,0.00405,0.60102,-0.79899,-0.01577,-0.01211,
1540589508511317504,-0.37610,10.10308,0.00335,0.60162,-0.79848,-0.01883,-0.01140,
1540589508546297344,-0.36772,10.12423,0.00263,0.60201,-0.79843,-0.00831,-0.00525,
1540589508577959424,-0.37331,10.14546,0.00386,0.60211,-0.79837,0.00750,0.00266,
1540589508613235968,-0.38353,10.16489,-0.00074,0.60305,-0.79746,0.01727,0.00917,
1540589508645514496,-0.38872,10.18444,-0.00166,0.60343,-0.79711,0.01799,0.01310,
1540589508679049216,-0.39061,10.20577,-0.00060,0.60385,-0.79687,0.01206,0.01468,
1540589508713424896,-0.39173,10.22656,-0.00459,0.60484,-0.79619,0.00379,0.01541,
1540589508745556736,-0.39157,10.24923,-0.00685,0.60527,-0.79584,-0.00326,0.01632,
1540589508779654144,-0.38825,10.27136,-0.00121,0.60526,-0.79579,-0.00984,0.01706,
1540589508813323008,-0.38767,10.29380,-0.00270,0.60575,-0.79533,-0.01181,0.01924,
1540589508846490112,-0.38974,10.31412,-0.00367,0.60556,-0.79542,-0.01129,0.02190,
1540589508880382976,-0.39782,10.34008,-0.00252,0.60449,-0.79618,-0.01210,0.02314,
1540589508915772672,-0.40371,10.36007,0.00374,0.60331,-0.79700,-0.01670,0.02304,
1540589508949840640,-0.41270,10.38393,0.00376,0.60196,-0.79786,-0.02506,0.02096,
1540589508981864448,-0.41933,10.41183,0.00963,0.59966,-0.79927,-0.03495,0.01871,
1540589509015515648,-0.41873,10.43750,0.01405,0.59841,-0.79981,-0.04411,0.01634,
1540589509050929920,-0.41308,10.46329,0.01416,0.59762,-0.80010,-0.04986,0.01406,
1540589509082613248,-0.40816,10.49026,0.01442,0.59689,-0.80091,-0.04535,0.01466,
1540589509116085248,-0.40733,10.51367,0.01336,0.59677,-0.80147,-0.03505,0.01670,
1540589509150053632,-0.41507,10.53202,0.01324,0.59670,-0.80197,-0.01943,0.02020,
1540589509182856704,-0.42558,10.54889,0.01590,0.59611,-0.80255,-0.00820,0.02233,
1540589509217433088,-0.43096,10.57147,0.01636,0.59578,-0.80283,-0.00413,0.02235,
1540589509250139136,-0.42933,10.59080,0.01762,0.59583,-0.80281,-0.00274,0.02190,
1540589509283787776,-0.42715,10.60742,0.01491,0.59625,-0.80254,-0.00192,0.02037,
1540589509317347840,-0.42809,10.62556,0.01973,0.59576,-0.80294,0.00035,0.01878,
1540589509350702848,-0.42707,10.64794,0.02011,0.59578,-0.80293,0.00341,0.01829,
1540589509386915328,-0.42643,10.66563,0.01876,0.59680,-0.80218,0.00642,0.01720,
1540589509418520832,-0.42286,10.68285,0.01536,0.59752,-0.80164,0.00876,0.01613,
1540589509455227392,-0.42227,10.70761,0.01439,0.59765,-0.80152,0.01219,0.01528,
1540589509502512896,-0.42406,10.72619,0.01647,0.59878,-0.80066,0.01428,0.01383,
1540589509553564416,-0.41530,10.77294,0.00841,0.60052,-0.79941,0.01335,0.01186,
1540589509604143616,-0.41171,10.79568,0.00251,0.60202,-0.79832,0.01193,0.01065,
1540589509639018752,-0.40869,10.81557,-0.00555,0.60325,-0.79749,0.00616,0.00790,
1540589509704133888,-0.40080,10.85883,-0.00503,0.60244,-0.79812,-0.00789,0.00326,
1540589509738419712,-0.39279,10.87738,0.00122,0.60191,-0.79846,-0.01292,0.00191,
1540589509804222464,-0.38442,10.92521,0.01044,0.59936,-0.80045,0.00015,0.00617,
1540589509835625728,-0.38730,10.94870,0.00917,0.59961,-0.80025,0.00369,0.00769,
1540589509869067008,-0.38382,10.96677,0.00896,0.59943,-0.80037,0.00306,0.00913,
1540589509903024640,-0.38368,10.99143,0.00927,0.59893,-0.80072,0.00319,0.01096,
1540589509935707648,-0.38730,11.01177,0.00810,0.59959,-0.80021,0.00083,0.01237,
1540589509969649664,-0.38521,11.03220,0.00828,0.59940,-0.80032,-0.00590,0.01301,
1540589510002438656,-0.38102,11.05368,0.00835,0.59927,-0.80036,-0.00886,0.01489,
1540589510036715264,-0.37953,11.07634,0.00714,0.59941,-0.80019,-0.00467,0.01922,
1540589510069417984,-0.38108,11.09785,0.00727,0.59915,-0.80030,0.00061,0.02326,
1540589510101923072,-0.38567,11.12194,0.00564,0.59902,-0.80025,0.00521,0.02736,
1540589510136020224,-0.39221,11.14452,0.00412,0.59954,-0.79974,0.00626,0.03052,
1540589510168838400,-0.39467,11.16675,0.00264,0.60008,-0.79925,0.00396,0.03316,
1540589510202239488,-0.39670,11.18998,0.00243,0.60065,-0.79875,0.00023,0.03485,
1540589510236127744,-0.40282,11.21606,-0.00129,0.60156,-0.79800,-0.00287,0.03619,
1540589510269129472,-0.40573,11.23806,-0.00409,0.60248,-0.79721,-0.00720,0.03772,
1540589510302286592,-0.40704,11.25818,-0.00166,0.60243,-0.79716,-0.01273,0.03815,
1540589510335527680,-0.41074,11.28225,0.00163,0.60209,-0.79736,-0.01788,0.03733,
1540589510369400576,-0.41460,11.30284,0.00395,0.60179,-0.79752,-0.02288,0.03595,
1540589510402037504,-0.41518,11.32624,0.00713,0.60022,-0.79865,-0.02702,0.03417,
1540589510435624960,-0.41667,11.35052,0.01239,0.59850,-0.79997,-0.02919,0.03145,
1540589510469484544,-0.42076,11.37321,0.01759,0.59648,-0.80162,-0.02827,0.02876,
1540589510502414080,-0.42613,11.39613,0.02753,0.59387,-0.80372,-0.02633,0.02562,
1540589510537080064,-0.43176,11.42115,0.03320,0.59189,-0.80538,-0.02299,0.02239,
1540589510569571328,-0.43199,11.44829,0.03124,0.59096,-0.80625,-0.01759,0.02049,
1540589510603461120,-0.43328,11.47323,0.03082,0.59037,-0.80687,-0.00920,0.01833,
1540589510636605952,-0.43757,11.49769,0.02691,0.59036,-0.80697,0.00148,0.01632,
1540589510669240832,-0.44179,11.51557,0.02430,0.59032,-0.80697,0.01009,0.01498,
1540589510702763264,-0.44896,11.53500,0.02589,0.59022,-0.80704,0.01387,0.01159,
1540589510736140800,-0.45261,11.55141,0.02472,0.59091,-0.80660,0.01284,0.00749,
1540589510769324800,-0.45349,11.56740,0.02087,0.59141,-0.80629,0.01128,0.00328,
1540589510802630400,-0.45391,11.58405,0.02229,0.59128,-0.80641,0.00950,-0.00163,
1540589510836888320,-0.45752,11.60105,0.02224,0.59188,-0.80596,0.00768,-0.00693,
1540589510869725440,-0.45676,11.61755,0.02018,0.59276,-0.80528,0.00668,-0.01058,
1540589510903380480,-0.45726,11.62996,0.02371,0.59298,-0.80505,0.00492,-0.01528,
1540589510937142016,-0.45756,11.65499,0.02041,0.59342,-0.80464,0.00381,-0.01985,
1540589510971003648,-0.45492,11.67320,0.01620,0.59478,-0.80354,0.00369,-0.02328,
1540589511002706944,-0.45207,11.69229,0.01701,0.59530,-0.80306,0.00744,-0.02561,
1540589511036505088,-0.44998,11.71719,0.01836,0.59567,-0.80264,0.01711,-0.02566,
1540589511069773824,-0.45046,11.73749,0.01862,0.59660,-0.80168,0.02751,-0.02483,
1540589511103129344,-0.45638,11.76098,0.01581,0.59703,-0.80100,0.03771,-0.02329,
1540589511136568832,-0.46105,11.78483,0.01754,0.59717,-0.80069,0.04207,-0.02269,
1540589511169906688,-0.46591,11.81096,0.01497,0.59779,-0.80027,0.04096,-0.02319,
1540589511203188992,-0.46400,11.83405,0.01128,0.59865,-0.79982,0.03727,-0.02274,
1540589511236361728,-0.46407,11.85798,0.00998,0.59903,-0.79970,0.03410,-0.02215,
1540589511270433792,-0.46216,11.88271,0.00813,0.59931,-0.79964,0.03157,-0.02024,
1540589511303275008,-0.45938,11.90443,0.01217,0.59906,-0.79997,0.02926,-0.01783,
1540589511339520000,-0.45868,11.93122,0.01485,0.59877,-0.80032,0.02681,-0.01564,
1540589511370635520,-0.46053,11.95582,0.01636,0.59902,-0.80023,0.02511,-0.01317,
1540589511402911744,-0.45863,11.97618,0.01263,0.59941,-0.80003,0.02381,-0.00954,
1540589511438380800,-0.45627,11.99924,0.01653,0.59833,-0.80090,0.02271,-0.00614,
1540589511471630336,-0.45914,12.02316,0.02014,0.59801,-0.80119,0.02195,-0.00307,
1540589511504637952,-0.46114,12.04355,0.01599,0.59850,-0.80087,0.02020,-0.00018,
1540589511538004992,-0.45987,12.06702,0.01600,0.59797,-0.80135,0.01637,0.00194,
1540589511571900160,-0.46104,12.09211,0.01659,0.59791,-0.80143,0.01424,0.00441,
1540589511606363904,-0.46331,12.11064,0.01301,0.59873,-0.80080,0.01380,0.00739,
1540589511639022336,-0.46603,12.12378,0.01613,0.59861,-0.80088,0.01248,0.01020,
1540589511671575552,-0.46955,12.14666,0.01595,0.59819,-0.80119,0.01009,0.01298,
1540589511705371904,-0.47252,12.16667,0.01647,0.59847,-0.80097,0.00708,0.01550,
1540589511737233408,-0.47090,12.18413,0.01240,0.59918,-0.80041,0.00316,0.01814,
1540589511771736320,-0.47064,12.20599,0.01203,0.59891,-0.80054,0.00071,0.02095,
1540589511806032640,-0.47164,12.23006,0.01518,0.59888,-0.80049,-0.00049,0.02366,
1540589511838943488,-0.47068,12.25090,0.00826,0.60029,-0.79935,-0.00186,0.02620,
1540589511872240896,-0.47142,12.27347,0.00663,0.60055,-0.79907,-0.00191,0.02877,
1540589511906337536,-0.47554,12.29456,0.01267,0.60060,-0.79898,-0.00275,0.03017,
1540589511937918464,-0.47895,12.31265,0.01219,0.60148,-0.79830,-0.00719,0.02982,
1540589511971141632,-0.47942,12.33844,0.00790,0.60163,-0.79817,-0.01352,0.02810,
1540589512005103104,-0.47606,12.36410,0.01364,0.60075,-0.79879,-0.01965,0.02553,
1540589512040940544,-0.47131,12.39058,0.01325,0.59999,-0.79937,-0.02109,0.02386,
1540589512075721984,-0.46660,12.41725,0.01336,0.59879,-0.80038,-0.01873,0.02216,
1540589512105720832,-0.46752,12.44255,0.01541,0.59726,-0.80167,-0.01402,0.02013,
1540589512139724288,-0.47581,12.46548,0.02131,0.59545,-0.80316,-0.00902,0.01732,
1540589512172532480,-0.48122,12.48964,0.02210,0.59412,-0.80423,-0.00863,0.01245,
1540589512206646016,-0.48326,12.51522,0.02142,0.59300,-0.80511,-0.01052,0.00579,
1540589512240486656,-0.47609,12.53936,0.02115,0.59222,-0.80572,-0.00900,0.00089,
1540589512274040832,-0.47255,12.56542,0.01944,0.59197,-0.80595,-0.00124,-0.00403,
1540589512308048384,-0.47600,12.58473,0.01686,0.59240,-0.80548,0.01505,-0.00624,
1540589512342024448,-0.48379,12.60386,0.01795,0.59211,-0.80503,0.03614,-0.00575,
1540589512374318080,-0.49210,12.61896,0.02314,0.59188,-0.80439,0.05105,-0.00578,
1540589512408013568,-0.50861,12.62765,0.03103,0.59166,-0.80387,0.06059,-0.00737,
1540589512443786240,-0.51825,12.64178,0.02831,0.59158,-0.80376,0.06250,-0.00982,
1540589512475425024,-0.52718,12.65572,0.03058,0.59140,-0.80420,0.05762,-0.01346,
1540589512509480704,-0.53323,12.67171,0.02715,0.59229,-0.80418,0.04616,-0.01882,
1540589512542987264,-0.53105,12.68512,0.02165,0.59347,-0.80378,0.03489,-0.02262,
1540589512577018112,-0.52697,12.70218,0.01618,0.59414,-0.80351,0.02723,-0.02515,
1540589512610186240,-0.52877,12.71995,0.01615,0.59474,-0.80311,0.02478,-0.02598,
1540589512643537408,-0.53075,12.73416,0.01525,0.59613,-0.80209,0.02634,-0.02407,
1540589512677273600,-0.53357,12.75085,0.01483,0.59713,-0.80137,0.02777,-0.02177,
1540589512710992128,-0.53634,12.77437,0.01309,0.59790,-0.80082,0.02886,-0.01922,
1540589512746038272,-0.53556,12.79750,0.01358,0.59904,-0.79998,0.03108,-0.01479,
1540589512778233344,-0.53703,12.82251,0.00383,0.60121,-0.79836,0.03260,-0.01055,
1540589512811300352,-0.54236,12.84544,-0.00113,0.60258,-0.79735,0.03295,-0.00688,
1540589512845229056,-0.54140,12.87238,-0.00075,0.60341,-0.79678,0.03212,-0.00182,
1540589512878523648,-0.53731,12.89478,-0.00328,0.60474,-0.79586,0.02972,0.00259,
1540589512913372160,-0.53228,12.91604,-0.00461,0.60487,-0.79574,0.02958,0.00766,
1540589512945764352,-0.53012,12.94440,0.00075,0.60331,-0.79676,0.03218,0.01285,
1540589512980010240,-0.52971,12.97062,0.00763,0.60190,-0.79755,0.03583,0.01856,
1540589513013537280,-0.52868,12.99855,0.00759,0.60071,-0.79817,0.03875,0.02382,
1540589513047198976,-0.52693,13.02555,0.01180,0.59903,-0.79915,0.04114,0.02865,
1540589513080710144,-0.53125,13.05201,0.01436,0.59788,-0.79982,0.04251,0.03201,
1540589513114582272,-0.53165,13.08238,0.00511,0.59789,-0.79970,0.04158,0.03568,
1540589513148224256,-0.53276,13.10241,0.00496,0.59800,-0.79974,0.03742,0.03767,
1540589513181953792,-0.53515,13.12354,0.00585,0.59831,-0.79980,0.02991,0.03814,
1540589513214773248,-0.53747,13.14212,0.00589,0.59881,-0.79982,0.01935,0.03669,
1540589513249034752,-0.53082,13.16122,0.01103,0.59886,-0.80007,0.00719,0.03469,
1540589513281888768,-0.51964,13.18306,0.01330,0.59851,-0.80036,0.00186,0.03468,
1540589513315146752,-0.51607,13.20366,0.00937,0.59854,-0.80036,0.00146,0.03432,
1540589513349171200,-0.51854,13.22590,0.01109,0.59769,-0.80095,0.00440,0.03497,
1540589513385167104,-0.51786,13.24802,0.01447,0.59737,-0.80119,0.00497,0.03501,
1540589513416533248,-0.51879,13.27061,0.01477,0.59795,-0.80089,0.00082,0.03211,
1540589513450011904,-0.51287,13.29369,0.00995,0.59871,-0.80040,-0.00256,0.03001,
1540589513483623936,-0.50199,13.31802,0.00943,0.59894,-0.80030,-0.00340,0.02792,
1540589513519212544,-0.49829,13.34297,0.00750,0.59942,-0.80001,0.00105,0.02594,
1540589513550217472,-0.49326,13.36863,0.00701,0.59943,-0.79996,0.00910,0.02580,
1540589513585189632,-0.49298,13.39373,0.00499,0.59962,-0.79967,0.01841,0.02527,
1540589513618104576,-0.49567,13.41739,0.00724,0.59959,-0.79959,0.02488,0.02305,
1540589513653570560,-0.49893,13.44005,0.00541,0.59982,-0.79941,0.02773,0.01978,
1540589513685076224,-0.49944,13.46285,0.00248,0.59978,-0.79954,0.02707,0.01617,
1540589513719254528,-0.49995,13.48429,0.00659,0.59912,-0.80026,0.02282,0.01089,
1540589513752713728,-0.49826,13.50571,0.00766,0.59858,-0.80087,0.01703,0.00535,
1540589513786599168,-0.49609,13.52599,0.01143,0.59725,-0.80197,0.01173,-0.00006,
1540589513821035520,-0.49097,13.54919,0.01513,0.59590,-0.80300,0.00895,-0.00398,
1540589513853202176,-0.48453,13.57469,0.01695,0.59482,-0.80377,0.00878,-0.00772,
1540589513886955008,-0.48091,13.59980,0.01135,0.59499,-0.80355,0.01393,-0.01000,
1540589513921687296,-0.48050,13.62001,0.00909,0.59503,-0.80329,0.02349,-0.01064,
1540589513990740992,-0.48722,13.65787,0.00850,0.59556,-0.80240,0.03581,-0.01352,
1540589514021170944,-0.49032,13.67419,0.00878,0.59566,-0.80223,0.03714,-0.01536,
1540589514055570944,-0.49013,13.69126,0.01006,0.59557,-0.80227,0.03714,-0.01697,
1540589514088687104,-0.48901,13.70955,0.01043,0.59563,-0.80215,0.03816,-0.01788,
1540589514122547712,-0.48682,13.72569,0.00749,0.59617,-0.80160,0.04136,-0.01735,
1540589514173603328,-0.48862,13.74529,0.00615,0.59683,-0.80079,0.04823,-0.01457,
1540589514205711104,-0.48795,13.76028,0.00745,0.59811,-0.79972,0.05067,-0.01201,
1540589514238482688,-0.48441,13.77825,0.00059,0.59936,-0.79883,0.05046,-0.01003,
1540589514272175360,-0.48304,13.79866,0.00142,0.60018,-0.79827,0.04991,-0.00774,
1540589514304786688,-0.48330,13.81777,-0.00165,0.60169,-0.79730,0.04747,-0.00571,
1540589514338767360,-0.48049,13.84131,-0.00695,0.60298,-0.79664,0.04201,-0.00414,
1540589514372374272,-0.47612,13.86387,-0.00651,0.60416,-0.79597,0.03763,-0.00161,
1540589514404989440,-0.47294,13.88919,-0.00804,0.60548,-0.79505,0.03595,0.00177,
1540589514438817280,-0.46661,13.91227,-0.00964,0.60653,-0.79424,0.03557,0.00621,
1540589514471550208,-0.46217,13.93602,-0.01315,0.60713,-0.79371,0.03594,0.01082,
1540589514505345280,-0.46040,13.96138,-0.01105,0.60695,-0.79375,0.03645,0.01544,
1540589514538522368,-0.45624,13.98608,-0.01133,0.60701,-0.79374,0.03369,0.01943,
1540589514571956736,-0.45065,14.01002,-0.01167,0.60623,-0.79448,0.02831,0.02215,
1540589514605816064,-0.44877,14.03375,-0.00553,0.60452,-0.79588,0.02356,0.02396,
1540589514638820352,-0.44273,14.06971,-0.00578,0.60327,-0.79687,0.01914,0.02637,
1540589514672589056,-0.43550,14.09038,-0.00018,0.60283,-0.79705,0.01952,0.03061,
1540589514705367808,-0.43186,14.11036,0.00418,0.60133,-0.79795,0.02240,0.03444,
1540589514738520576,-0.43234,14.14161,0.00195,0.59973,-0.79890,0.02484,0.03830,
1540589514771666432,-0.43272,14.16426,-0.00059,0.60023,-0.79855,0.02072,0.04020,
1540589514805401856,-0.43262,14.18309,-0.00477,0.60097,-0.79827,0.01027,0.03879,
1540589514838425600,-0.42095,14.20148,0.00162,0.60047,-0.79878,-0.00118,0.03720,
1540589514872274944,-0.40791,14.22440,0.00464,0.60037,-0.79883,-0.00229,0.03783,
1540589514905307136,-0.39752,14.24359,0.00098,0.60017,-0.79884,0.00568,0.04020,
1540589514938889728,-0.39102,14.26748,0.00582,0.59798,-0.79997,0.02173,0.04463,
1540589514971754496,-0.39254,14.29243,0.00600,0.59725,-0.79986,0.03604,0.04721,
1540589515005350144,-0.39572,14.31606,0.00226,0.59782,-0.79928,0.04002,0.04647,
1540589515038505472,-0.39335,14.33884,-0.00201,0.59922,-0.79866,0.03554,0.04263,
1540589515074610944,-0.38830,14.35775,-0.00406,0.60101,-0.79781,0.02979,0.03735,
1540589515105471744,-0.38153,14.38020,-0.01033,0.60238,-0.79703,0.02791,0.03326,
1540589515140089600,-0.37885,14.39860,-0.00686,0.60270,-0.79690,0.02923,0.02908,
1540589515172793344,-0.38039,14.42219,-0.00956,0.60371,-0.79620,0.03144,0.02458,
1540589515205369600,-0.38098,14.44030,-0.00929,0.60482,-0.79548,0.03162,0.02037,
1540589515238638848,-0.38448,14.46229,-0.01150,0.60540,-0.79527,0.02879,0.01447,
1540589515272965632,-0.38591,14.48370,-0.01200,0.60579,-0.79523,0.02353,0.00829,
1540589515305826304,-0.38647,14.50100,-0.00994,0.60580,-0.79542,0.01750,0.00221,
1540589515339043840,-0.38802,14.52191,-0.00836,0.60499,-0.79614,0.01123,-0.00428,
1540589515373585408,-0.39069,14.54125,-0.00199,0.60349,-0.79728,0.00646,-0.00985,
1540589515405936640,-0.39367,14.56248,-0.00040,0.60220,-0.79821,0.00193,-0.01445,
1540589515438649344,-0.39659,14.58689,0.00267,0.60045,-0.79941,-0.00428,-0.01953,
1540589515472652800,-0.39474,14.60860,0.00570,0.59940,-0.80008,-0.00801,-0.02280,
1540589515505721600,-0.39021,14.63298,0.00799,0.59853,-0.80071,-0.00710,-0.02416,
1540589515538947840,-0.38925,14.65364,0.00735,0.59827,-0.80095,0.00004,-0.02345,
1540589515573394944,-0.39248,14.68078,0.00268,0.59804,-0.80112,0.01139,-0.02061,
1540589515607425792,-0.39885,14.69690,-0.00047,0.59851,-0.80067,0.02014,-0.01766,
1540589515639283456,-0.40385,14.71259,-0.00041,0.59842,-0.80073,0.02123,-0.01650,
1540589515672105984,-0.40452,14.73149,0.00142,0.59816,-0.80102,0.01778,-0.01587,
1540589515705753344,-0.40402,14.74787,-0.00036,0.59861,-0.80076,0.01513,-0.01473,
1540589515739473408,-0.40371,14.76366,0.00121,0.59869,-0.80076,0.01360,-0.01298,
1540589515773643776,-0.40426,14.78370,-0.00024,0.59919,-0.80043,0.01315,-0.01037,
1540589515808582656,-0.40296,14.80104,-0.00011,0.60023,-0.79970,0.01266,-0.00736,
1540589515841035008,-0.40632,14.81748,0.00043,0.60109,-0.79907,0.01220,-0.00520,
1540589515873012736,-0.41058,14.83578,-0.00075,0.60197,-0.79844,0.01150,-0.00217,
1540589515905981696,-0.41321,14.85766,-0.00378,0.60284,-0.79782,0.00786,-0.00020,
1540589515938892032,-0.41107,14.87465,-0.00025,0.60363,-0.79726,0.00255,0.00122,
1540589515973913600,-0.40996,14.89818,-0.00088,0.60449,-0.79660,0.00173,0.00461,
1540589516005424128,-0.41110,14.92237,-0.00150,0.60514,-0.79606,0.00393,0.00875,
1540589516039071488,-0.41223,14.94934,-0.00386,0.60587,-0.79541,0.00757,0.01389,
1540589516072352256,-0.41579,14.97281,-0.00666,0.60684,-0.79452,0.01086,0.01915,
1540589516106501376,-0.41818,14.99363,-0.00687,0.60716,-0.79411,0.01201,0.02434,
1540589516141657344,-0.41728,15.01522,-0.00391,0.60652,-0.79455,0.00849,0.02747,
1540589516173582080,-0.42085,15.04401,-0.00250,0.60547,-0.79531,0.00476,0.02938,
1540589516205710848,-0.42917,15.06969,-0.00454,0.60497,-0.79563,0.00110,0.03133,
1540589516239325184,-0.43005,15.09389,-0.00384,0.60411,-0.79621,-0.00694,0.03238,
1540589516273525504,-0.42584,15.11578,0.00389,0.60285,-0.79703,-0.01360,0.03355,
1540589516308626432,-0.42554,15.13440,0.00804,0.60205,-0.79751,-0.01491,0.03594,
1540589516343621632,-0.42583,15.15772,0.01018,0.60067,-0.79844,-0.01489,0.03834,
1540589516375490560,-0.42935,15.18115,0.01264,0.59974,-0.79905,-0.01374,0.04056,
1540589516408726528,-0.43358,15.19933,0.01334,0.59924,-0.79930,-0.01276,0.04321,
1540589516441668096,-0.43706,15.22249,0.01033,0.59875,-0.79956,-0.01616,0.04403,
1540589516476368896,-0.43865,15.24287,0.01183,0.59829,-0.79978,-0.01839,0.04535,
1540589516509063936,-0.43605,15.25912,0.01267,0.59805,-0.79983,-0.01917,0.04734,
1540589516541173248,-0.43980,15.27617,0.01295,0.59754,-0.80017,-0.01983,0.04785,
1540589516574505728,-0.44187,15.29540,0.02084,0.59635,-0.80096,-0.01951,0.04945,
1540589516608203776,-0.43967,15.31452,0.01966,0.59642,-0.80080,-0.01914,0.05136,
1540589516641789440,-0.44102,15.33642,0.01776,0.59615,-0.80094,-0.01817,0.05262,
1540589516675702528,-0.43852,15.35869,0.01783,0.59571,-0.80119,-0.01599,0.05447,
1540589516708636160,-0.43765,15.37844,0.02097,0.59532,-0.80141,-0.01135,0.05660,
1540589516742398464,-0.44245,15.39686,0.02004,0.59529,-0.80138,-0.00652,0.05819,
1540589516776637440,-0.44541,15.42349,0.01769,0.59500,-0.80160,-0.00589,0.05815,
1540589516809969664,-0.45096,15.44268,0.01787,0.59559,-0.80127,-0.00836,0.05631,
1540589516845058560,-0.45472,15.46669,0.01173,0.59669,-0.80058,-0.01404,0.05325,
1540589516880537088,-0.45312,15.48876,0.00774,0.59777,-0.79989,-0.02073,0.04926,
1540589516910359552,-0.45266,15.51186,0.00645,0.59839,-0.79954,-0.02389,0.04574,
1540589516945099264,-0.45667,15.53346,0.00516,0.59883,-0.79939,-0.02447,0.04217,
1540589516978173184,-0.45944,15.55230,0.00842,0.59862,-0.79974,-0.02448,0.03843,
1540589517011486464,-0.46336,15.57555,0.01208,0.59782,-0.80054,-0.02389,0.03419,
1540589517044835328,-0.46739,15.59579,0.01855,0.59690,-0.80142,-0.02219,0.03066,
1540589517078110720,-0.47482,15.61494,0.01946,0.59589,-0.80237,-0.02032,0.02676,
1540589517112559360,-0.48130,15.63683,0.02449,0.59388,-0.80397,-0.02163,0.02149,
1540589517145600256,-0.48278,15.66627,0.02879,0.59243,-0.80510,-0.02380,0.01654,
1540589517180333568,-0.48271,15.68994,0.02908,0.59207,-0.80547,-0.02271,0.01256,
1540589517219618304,-0.48487,15.71338,0.02857,0.59150,-0.80611,-0.01425,0.01042,
1540589517283674112,-0.50035,15.74954,0.02354,0.59239,-0.80556,0.00691,0.00993,
1540589517315129088,-0.50878,15.76062,0.02817,0.59242,-0.80551,0.01046,0.00920,
1540589517347435776,-0.51533,15.77581,0.02592,0.59283,-0.80528,0.00656,0.00581,
1540589517383238912,-0.51688,15.78893,0.02735,0.59274,-0.80538,0.00158,0.00308,
1540589517415294208,-0.51642,15.80575,0.02840,0.59251,-0.80556,-0.00154,0.00134,
1540589517448557568,-0.51662,15.82095,0.02757,0.59274,-0.80539,-0.00344,-0.00034,
1540589517482314496,-0.51653,15.84262,0.02169,0.59318,-0.80507,-0.00226,-0.00041,
1540589517516005376,-0.51909,15.85916,0.01982,0.59378,-0.80463,-0.00022,0.00005,
1540589517552618752,-0.52141,15.87592,0.01790,0.59466,-0.80398,0.00078,0.00058,
1540589517582107904,-0.52047,15.89433,0.01619,0.59547,-0.80337,0.00045,0.00095,
1540589517616997888,-0.52153,15.91205,0.01255,0.59665,-0.80250,0.00094,0.00142,
1540589517650263808,-0.52547,15.92803,0.01555,0.59719,-0.80209,0.00298,0.00305,
1540589517683004928,-0.52697,15.94582,0.01374,0.59809,-0.80141,0.00260,0.00431,
1540589517717427712,-0.52518,15.96858,0.01123,0.59871,-0.80095,-0.00064,0.00430,
1540589517750515200,-0.52444,15.99165,0.00835,0.59967,-0.80023,-0.00116,0.00525,
1540589517784623104,-0.52206,16.01042,0.00450,0.60092,-0.79928,0.00018,0.00729,
1540589517818590464,-0.52339,16.03348,0.00044,0.60152,-0.79881,0.00188,0.00896,
1540589517850983168,-0.52745,16.05322,0.00108,0.60188,-0.79852,0.00200,0.01006,
1540589517885377280,-0.52671,16.07117,-0.00057,0.60231,-0.79819,-0.00018,0.01109,
1540589517918690816,-0.52651,16.08976,0.00003,0.60195,-0.79844,-0.00335,0.01141,
1540589517953017088,-0.52906,16.11013,0.00246,0.60133,-0.79889,-0.00769,0.01095,
1540589517985989632,-0.52639,16.12704,0.00520,0.60099,-0.79909,-0.01248,0.01060,
1540589518019489280,-0.52134,16.14654,0.00814,0.60039,-0.79947,-0.01647,0.00995,
1540589518052987136,-0.52259,16.16389,0.00738,0.60013,-0.79968,-0.01576,0.01047,
1540589518086255616,-0.52487,16.17950,0.00919,0.59948,-0.80018,-0.01369,0.01209,
1540589518120602880,-0.52863,16.19583,0.01082,0.59889,-0.80059,-0.01551,0.01193,
1540589518153304320,-0.52775,16.21107,0.01088,0.59861,-0.80071,-0.02026,0.01091,
1540589518186983680,-0.52234,16.22766,0.01343,0.59815,-0.80099,-0.02283,0.01076,
1540589518220861440,-0.51844,16.24358,0.01393,0.59795,-0.80119,-0.02006,0.01198,
1540589518254371072,-0.52082,16.25686,0.01341,0.59782,-0.80139,-0.01367,0.01402,
1540589518288429312,-0.52687,16.27161,0.01200,0.59748,-0.80168,-0.00846,0.01609,
1540589518321445120,-0.53167,16.28467,0.01323,0.59730,-0.80179,-0.00911,0.01653,
1540589518356858368,-0.53249,16.29385,0.01178,0.59788,-0.80128,-0.01662,0.01471,
1540589518389371136,-0.53179,16.30298,0.01268,0.59790,-0.80115,-0.02197,0.01384,
1540589518422748672,-0.52763,16.31486,0.01266,0.59780,-0.80112,-0.02574,0.01335,
1540589518455829504,-0.52951,16.32598,0.01278,0.59783,-0.80108,-0.02687,0.01251,
1540589518489886976,-0.53302,16.33234,0.01549,0.59763,-0.80125,-0.02624,0.01236,
1540589518523608320,-0.53298,16.34083,0.01711,0.59719,-0.80160,-0.02574,0.01228,
1540589518556949504,-0.53590,16.35511,0.01745,0.59660,-0.80207,-0.02496,0.01108,
1540589518590297344,-0.53605,16.36690,0.01536,0.59677,-0.80204,-0.02161,0.01135,
1540589518624222208,-0.53644,16.37507,0.01412,0.59661,-0.80229,-0.01533,0.01226,
1540589518657798400,-0.54448,16.38318,0.01735,0.59566,-0.80310,-0.00935,0.01175,
1540589518691512832,-0.55120,16.39323,0.01950,0.59492,-0.80369,-0.00421,0.01181,
1540589518741900544,-0.55747,16.40148,0.01837,0.59479,-0.80380,0.00057,0.01099,
1540589518793711104,-0.56785,16.41096,0.02778,0.59338,-0.80487,0.00312,0.00855,
1540589518843588352,-0.57388,16.41744,0.02714,0.59342,-0.80487,0.00022,0.00517,
1540589518877517824,-0.57964,16.42470,0.02356,0.59347,-0.80485,-0.00273,0.00231,
1540589518908327168,-0.58122,16.43309,0.02018,0.59374,-0.80465,-0.00380,0.00085,
1540589518941339392,-0.58385,16.43807,0.01985,0.59427,-0.80425,-0.00427,-0.00152,
1540589518974106112,-0.58810,16.44231,0.01635,0.59519,-0.80358,-0.00193,-0.00298,
1540589519007625216,-0.59070,16.44539,0.01606,0.59530,-0.80349,0.00300,-0.00309,
1540589519041224960,-0.59451,16.45238,0.01464,0.59541,-0.80338,0.00663,-0.00398,
1540589519076306944,-0.59882,16.45332,0.01644,0.59566,-0.80316,0.00996,-0.00434,
1540589519108149760,-0.60042,16.45616,0.01833,0.59510,-0.80355,0.01192,-0.00485,
1540589519140934912,-0.60232,16.46186,0.01962,0.59456,-0.80391,0.01380,-0.00536,
1540589519174233856,-0.60590,16.46674,0.01967,0.59455,-0.80388,0.01603,-0.00517,
1540589519208028416,-0.60933,16.47034,0.01875,0.59480,-0.80372,0.01481,-0.00580,
1540589519241113856,-0.61345,16.46831,0.01710,0.59498,-0.80364,0.01105,-0.00664,
1540589519275066880,-0.61777,16.46983,0.01988,0.59361,-0.80469,0.00100,-0.00997,
1540589519308312320,-0.61746,16.47106,0.02208,0.59348,-0.80466,-0.01176,-0.01323,
1540589519341149696,-0.61505,16.47054,0.02176,0.59361,-0.80430,-0.02170,-0.01590,
1540589519375533824,-0.61143,16.47324,0.02328,0.59295,-0.80459,-0.02732,-0.01766,
1540589519409034752,-0.61143,16.47324,0.02328,0.59295,-0.80459,-0.02732,-0.01766,
1540589519441538560,-0.61237,16.47283,0.02013,0.59290,-0.80460,-0.02812,-0.01715,
1540589519474370816,-0.61266,16.47320,0.02014,0.59227,-0.80495,-0.03120,-0.01741,
1540589519511082752,-0.61127,16.47551,0.02111,0.59197,-0.80497,-0.03560,-0.01826,
1540589519541930496,-0.60971,16.47786,0.01951,0.59224,-0.80470,-0.03728,-0.01823,
1540589519575180544,-0.60971,16.47786,0.01951,0.59224,-0.80470,-0.03728,-0.01823,
1540589519607968000,-0.60898,16.47762,0.02137,0.59211,-0.80481,-0.03689,-0.01829,
1540589519641732096,-0.60888,16.47837,0.02238,0.59201,-0.80491,-0.03617,-0.01837,
1540589519674850816,-0.60827,16.47969,0.02294,0.59188,-0.80512,-0.03400,-0.01747,
1540589519708193536,-0.60780,16.48098,0.02277,0.59184,-0.80529,-0.03124,-0.01620,
1540589519741426176,-0.60750,16.47973,0.02423,0.59178,-0.80540,-0.02978,-0.01547,
1540589519774777344,-0.60750,16.47973,0.02423,0.59178,-0.80540,-0.02978,-0.01547,
1540589519808451328,-0.60721,16.48147,0.02102,0.59226,-0.80501,-0.03078,-0.01577,
1540589519841807104,-0.60678,16.47897,0.02343,0.59222,-0.80495,-0.03272,-0.01632,
1540589519874880768,-0.60678,16.47897,0.02343,0.59222,-0.80495,-0.03272,-0.01632,
1540589519908057088,-0.60678,16.47897,0.02343,0.59222,-0.80495,-0.03272,-0.01632,
1540589519941615872,-0.60678,16.47897,0.02343,0.59222,-0.80495,-0.03272,-0.01632,
1540589519975656448,-0.60597,16.48216,0.02158,0.59236,-0.80489,-0.03195,-0.01586,
1540589520008616192,-0.60491,16.48671,0.01665,0.59272,-0.80470,-0.03036,-0.01467,
1540589520041498624,-0.60280,16.48873,0.01318,0.59314,-0.80444,-0.02950,-0.01361,
1540589520074934016,-0.60280,16.48873,0.01318,0.59314,-0.80444,-0.02950,-0.01361,
1540589520108195328,-0.60203,16.48813,0.01436,0.59309,-0.80448,-0.02961,-0.01327,
1540589520141425408,-0.60093,16.48735,0.01585,0.59298,-0.80455,-0.03002,-0.01302,
1540589520174787584,-0.59934,16.48809,0.01699,0.59286,-0.80461,-0.03086,-0.01283,
1540589520209199616,-0.59762,16.49023,0.01556,0.59297,-0.80452,-0.03131,-0.01231,
1540589520244119040,-0.59596,16.48830,0.01854,0.59276,-0.80467,-0.03175,-0.01180,
1540589520276427008,-0.59428,16.48654,0.02200,0.59239,-0.80491,-0.03248,-0.01150,
