1540581198713383168,0.00000,0.00000,0.00000,0.60497,-0.79592,0.02300,0.00000,
1540581198751420160,-0.00121,0.00007,0.00030,0.60501,-0.79588,0.02316,-0.00005,
1540581198781283072,-0.00243,-0.00062,0.00423,0.61608,-0.78750,0.01523,0.00796,
1540581198813160192,-0.00227,0.00012,0.00921,0.61420,-0.78899,0.01389,0.00781,
1540581198847345408,-0.00085,0.00385,0.01353,0.61145,-0.79115,0.01258,0.00786,
1540581198884486144,-0.00105,0.01156,0.01718,0.60830,-0.79354,0.01422,0.00873,
1540581198914093056,-0.00441,0.02378,0.01699,0.60567,-0.79545,0.01770,0.01040,
1540581198947687936,-0.00673,0.03724,0.01659,0.60247,-0.79777,0.02096,0.01221,
1540581198983878656,-0.00645,0.04283,0.02127,0.59892,-0.80038,0.02274,0.01287,
1540581199014410752,-0.00641,0.05550,0.01911,0.59607,-0.80245,0.02488,0.01277,
1540581199047851520,-0.01044,0.06585,0.02249,0.59281,-0.80467,0.03014,0.01360,
1540581199081376256,-0.01310,0.08029,0.01999,0.59032,-0.80633,0.03374,0.01455,
1540581199114303232,-0.01068,0.08416,0.02371,0.58794,-0.80794,0.03657,0.01475,
1540581199148182528,-0.01092,0.09305,0.02402,0.58567,-0.80930,0.04225,0.01541,
1540581199182443520,-0.01296,0.10231,0.02444,0.58386,-0.81011,0.05018,0.01751,
1540581199215742464,-0.01246,0.10581,0.02349,0.58359,-0.80985,0.05646,0.01921,
1540581199250663936,-0.01261,0.10610,0.02169,0.58345,-0.80950,0.06219,0.02053,
1540581199282628864,-0.01035,0.10560,0.02178,0.58276,-0.80950,0.06786,0.02213,
1540581199317154560,-0.00892,0.10092,0.01902,0.58311,-0.80847,0.07587,0.02442,
1540581199349576192,-0.01079,0.09699,0.01777,0.58330,-0.80709,0.08708,0.02786,
1540581199383705088,-0.01617,0.10061,0.01641,0.58329,-0.80616,0.09480,0.02995,
1540581199417343744,-0.02031,0.10035,0.01070,0.58526,-0.80436,0.09756,0.03111,
1540581199450501376,-0.02500,0.08755,0.01478,0.58650,-0.80374,0.09531,0.03065,
1540581199487271424,-0.02609,0.08980,0.01480,0.58680,-0.80440,0.08850,0.02780,
1540581199517966848,-0.02504,0.08801,0.01209,0.58819,-0.80404,0.08303,0.02558,
1540581199553971456,-0.02375,0.08299,0.00797,0.58941,-0.80327,0.08223,0.02455,
1540581199585544448,-0.02587,0.08167,0.00916,0.58887,-0.80352,0.08387,0.02358,
1540581199619542016,-0.03206,0.07775,0.01669,0.58829,-0.80352,0.08786,0.02357,
1540581199652657152,-0.03650,0.07763,0.01523,0.58867,-0.80267,0.09276,0.02392,
1540581199687554560,-0.04472,0.07636,0.01827,0.58819,-0.80267,0.09596,0.02320,
1540581199719629312,-0.05323,0.07802,0.02094,0.58781,-0.80291,0.09653,0.02228,
1540581199754606848,-0.05983,0.07880,0.01935,0.58816,-0.80317,0.09257,0.02009,
1540581199786981120,-0.06602,0.07520,0.02086,0.58810,-0.80402,0.08608,0.01686,
1540581199820506368,-0.07138,0.07667,0.01931,0.58815,-0.80480,0.07876,0.01308,
1540581199855198208,-0.07568,0.07444,0.01860,0.58863,-0.80514,0.07186,0.00956,
1540581199887840512,-0.07853,0.07576,0.01733,0.58879,-0.80550,0.06680,0.00662,
1540581199922180096,-0.08181,0.07967,0.01433,0.58897,-0.80557,0.06438,0.00516,
1540581199955661568,-0.08192,0.07846,0.01714,0.58868,-0.80598,0.06189,0.00384,
1540581199988488960,-0.08192,0.07846,0.01714,0.58868,-0.80598,0.06189,0.00384,
1540581200024458752,-0.08327,0.07895,0.01628,0.58873,-0.80588,0.06273,0.00453,
1540581200055296256,-0.08507,0.08081,0.01685,0.58852,-0.80610,0.06178,0.00465,
1540581200089249792,-0.08540,0.08313,0.01826,0.58842,-0.80630,0.06009,0.00551,
1540581200123297280,-0.08102,0.08205,0.01903,0.58838,-0.80653,0.05717,0.00679,
1540581200157273088,-0.07553,0.08433,0.01582,0.58812,-0.80682,0.05551,0.00805,
1540581200190994176,-0.07100,0.08394,0.01808,0.58794,-0.80668,0.05882,0.01169,
1540581200224223488,-0.06724,0.08279,0.01689,0.58813,-0.80603,0.06433,0.01686,
1540581200257519360,-0.06387,0.08407,0.01796,0.58757,-0.80598,0.06841,0.02173,
1540581200291303424,-0.06396,0.08974,0.01676,0.58745,-0.80586,0.06963,0.02539,
1540581200324039424,-0.06010,0.09072,0.01483,0.58817,-0.80544,0.06697,0.02875,
1540581200359586048,-0.05198,0.09438,0.01388,0.58823,-0.80566,0.06250,0.03152,
1540581200391268096,-0.04551,0.09897,0.01428,0.58826,-0.80584,0.05862,0.03366,
1540581200425791488,-0.03930,0.09497,0.01780,0.58835,-0.80589,0.05548,0.03625,
1540581200458558976,-0.03489,0.10003,0.01717,0.58794,-0.80613,0.05419,0.03928,
1540581200492319232,-0.03080,0.10687,0.01589,0.58733,-0.80657,0.05220,0.04197,
1540581200525607424,-0.02718,0.11165,0.02107,0.58639,-0.80723,0.04982,0.04511,
1540581200563165184,-0.02260,0.12296,0.01722,0.58639,-0.80745,0.04386,0.04745,
1540581200593219328,-0.01960,0.13107,0.01746,0.58612,-0.80797,0.03608,0.04849,
1540581200626568960,-0.01386,0.13682,0.01525,0.58612,-0.80829,0.02751,0.04863,
1540581200660277248,-0.00986,0.13041,0.02130,0.58591,-0.80864,0.02080,0.04869,
1540581200694602240,-0.00641,0.14299,0.01768,0.58517,-0.80909,0.01935,0.05081,
1540581200728028416,-0.00167,0.15447,0.01503,0.58491,-0.80914,0.01881,0.05303,
1540581200761962240,-0.00211,0.16046,0.01385,0.58490,-0.80916,0.01730,0.05343,
1540581200795142912,-0.00317,0.16767,0.01365,0.58462,-0.80937,0.01578,0.05380,
1540581200830105344,-0.00156,0.17228,0.01434,0.58446,-0.80940,0.01560,0.05501,
1540581200862644480,-0.00089,0.17742,0.01325,0.58456,-0.80931,0.01605,0.05526,
1540581200895780864,-0.00305,0.18758,0.01290,0.58428,-0.80952,0.01669,0.05491,
1540581200929340160,-0.00573,0.19658,0.01173,0.58479,-0.80919,0.01640,0.05440,
1540581200963444224,-0.00465,0.20037,0.01434,0.58518,-0.80898,0.01519,0.05379,
1540581200997166592,-0.00268,0.20178,0.01773,0.58507,-0.80914,0.01452,0.05275,
1540581201067890176,-0.00194,0.22591,0.02022,0.58483,-0.80923,0.02127,0.05166,
1540581201097518336,-0.00154,0.23491,0.02337,0.58474,-0.80927,0.02410,0.05085,
1540581201132802816,-0.00377,0.24533,0.02523,0.58512,-0.80904,0.02613,0.04905,
1540581201197967360,-0.00083,0.27302,0.02370,0.58547,-0.80890,0.02919,0.04522,
1540581201231187968,-0.00360,0.28604,0.02461,0.58566,-0.80887,0.03053,0.04243,
1540581201280716032,-0.01050,0.29764,0.02451,0.58599,-0.80897,0.02859,0.03691,
1540581201314859520,-0.01058,0.31337,0.02306,0.58570,-0.80953,0.02495,0.03151,
1540581201348816640,-0.01469,0.31818,0.02656,0.58601,-0.80954,0.02386,0.02604,
1540581201400504576,-0.00716,0.33927,0.03069,0.58521,-0.81017,0.02851,0.01871,
1540581201449466112,-0.02259,0.35651,0.03404,0.58463,-0.81044,0.03547,0.01175,
1540581201482553600,-0.02736,0.36793,0.03122,0.58500,-0.81021,0.03623,0.00586,
1540581201514910208,-0.02573,0.37614,0.03009,0.58443,-0.81060,0.03701,0.00100,
1540581201549389312,-0.02935,0.38885,0.03095,0.58416,-0.81064,0.04008,-0.00465,
1540581201581570816,-0.03066,0.39692,0.03007,0.58444,-0.81025,0.04291,-0.00877,
1540581201615437056,-0.03198,0.40586,0.03051,0.58363,-0.81061,0.04600,-0.01329,
1540581201648676608,-0.03497,0.41595,0.03259,0.58291,-0.81090,0.04800,-0.01885,
1540581201683748608,-0.03830,0.42465,0.03202,0.58312,-0.81050,0.05027,-0.02328,
1540581201714962432,-0.03692,0.43647,0.02785,0.58288,-0.81043,0.05230,-0.02676,
1540581201747723264,-0.04082,0.44743,0.02493,0.58305,-0.81011,0.05233,-0.03212,
1540581201781620224,-0.04322,0.45508,0.02442,0.58356,-0.80960,0.05221,-0.03585,
1540581201814445312,-0.04674,0.46135,0.02123,0.58411,-0.80904,0.05158,-0.04011,
1540581201847543808,-0.04986,0.47094,0.01830,0.58425,-0.80879,0.05008,-0.04480,
1540581201881750784,-0.05185,0.47587,0.01915,0.58454,-0.80839,0.05062,-0.04743,
1540581201915339520,-0.05297,0.48568,0.01907,0.58496,-0.80782,0.05345,-0.04892,
1540581201948436992,-0.05179,0.49565,0.01921,0.58538,-0.80717,0.05841,-0.04897,
1540581201982740736,-0.05104,0.50793,0.02004,0.58595,-0.80627,0.06587,-0.04750,
1540581202015411712,-0.04931,0.51994,0.02042,0.58651,-0.80539,0.07264,-0.04555,
1540581202048524288,-0.04892,0.53421,0.01984,0.58723,-0.80437,0.07924,-0.04318,
1540581202081465600,-0.04874,0.55093,0.01592,0.58805,-0.80352,0.08275,-0.04135,
1540581202115221504,-0.04951,0.56520,0.01574,0.58891,-0.80286,0.08394,-0.03935,
1540581202148701696,-0.04726,0.58327,0.01098,0.59000,-0.80225,0.08322,-0.03702,
1540581202181434368,-0.04622,0.59853,0.00848,0.59067,-0.80207,0.08096,-0.03529,
1540581202214700032,-0.04688,0.61141,0.01338,0.59097,-0.80224,0.07786,-0.03339,
1540581202248420352,-0.04614,0.62373,0.01384,0.59148,-0.80229,0.07447,-0.03048,
1540581202281417728,-0.04667,0.63880,0.01084,0.59145,-0.80272,0.07093,-0.02807,
1540581202315294720,-0.04467,0.65809,0.01226,0.59029,-0.80406,0.06638,-0.02527,
1540581202348008704,-0.04262,0.67257,0.01436,0.59026,-0.80446,0.06311,-0.02129,
1540581202382190592,-0.04255,0.68811,0.01529,0.59005,-0.80482,0.06186,-0.01689,
1540581202414621952,-0.03961,0.70511,0.01488,0.58973,-0.80522,0.06085,-0.01153,
1540581202447913472,-0.03915,0.72122,0.01475,0.58943,-0.80557,0.06006,-0.00576,
1540581202482499840,-0.03834,0.73704,0.01765,0.58902,-0.80607,0.05756,-0.00000,
1540581202517966080,-0.03436,0.75031,0.01831,0.58931,-0.80617,0.05268,0.00486,
1540581202548320000,-0.03593,0.76560,0.01529,0.58957,-0.80624,0.04818,0.00802,
1540581202582517248,-0.03464,0.78115,0.01376,0.58975,-0.80626,0.04448,0.01256,
1540581202618131200,-0.03348,0.79348,0.01098,0.59048,-0.80587,0.04030,0.01648,
1540581202648390400,-0.03573,0.80332,0.00906,0.59074,-0.80584,0.03605,0.01891,
1540581202681714944,-0.03518,0.81693,0.01059,0.59022,-0.80629,0.03263,0.02148,
1540581202715214848,-0.03447,0.82927,0.01042,0.59068,-0.80589,0.03191,0.02482,
1540581202750519552,-0.03438,0.83713,0.00568,0.59116,-0.80531,0.03411,0.02911,
1540581202783396608,-0.03253,0.85300,0.01103,0.58977,-0.80609,0.03628,0.03263,
1540581202815798784,-0.03891,0.87422,0.00773,0.59027,-0.80575,0.03501,0.03339,
1540581202850045184,-0.04219,0.89083,0.00461,0.59132,-0.80509,0.03088,0.03488,
1540581202883187456,-0.03680,0.90347,-0.00087,0.59210,-0.80475,0.02343,0.03537,
1540581202920373504,-0.03589,0.91972,-0.00185,0.59216,-0.80491,0.01754,0.03410,
1540581202948403200,-0.03709,0.92659,0.00171,0.59306,-0.80418,0.01783,0.03558,
1540581202981925120,-0.03632,0.93880,0.00472,0.59322,-0.80395,0.01897,0.03724,
1540581203015981312,-0.03506,0.95666,0.00098,0.59342,-0.80376,0.01974,0.03779,
1540581203048424960,-0.03430,0.97924,-0.00197,0.59328,-0.80380,0.02156,0.03819,
1540581203082139136,-0.03525,0.99709,0.00010,0.59345,-0.80361,0.02345,0.03835,
1540581203114936064,-0.03677,1.01232,-0.00006,0.59407,-0.80309,0.02527,0.03843,
1540581203153867776,-0.03782,1.02728,-0.00108,0.59431,-0.80298,0.02542,0.03705,
1540581203183422208,-0.03832,1.04513,-0.00055,0.59412,-0.80315,0.02632,0.03582,
1540581203215649536,-0.03995,1.06125,0.00235,0.59399,-0.80326,0.02754,0.03456,
1540581203249871360,-0.04268,1.07551,0.00268,0.59378,-0.80355,0.02678,0.03196,
1540581203282548224,-0.04374,1.09036,0.00469,0.59284,-0.80450,0.02344,0.02767,
1540581203315630336,-0.04309,1.10527,0.00679,0.59200,-0.80534,0.02071,0.02330,
1540581203348931072,-0.04367,1.12112,0.00851,0.59169,-0.80566,0.02108,0.01897,
1540581203384122368,-0.04848,1.13807,0.01314,0.59156,-0.80574,0.02457,0.01499,
1540581203416953088,-0.04839,1.15448,0.01049,0.59196,-0.80547,0.02610,0.01116,
1540581203449633024,-0.04748,1.16185,0.01095,0.59202,-0.80538,0.02865,0.00671,
1540581203483489280,-0.04686,1.18008,0.00891,0.59160,-0.80540,0.03657,0.00374,
1540581203518084608,-0.05208,1.19616,0.00686,0.59175,-0.80477,0.04668,0.00144,
1540581203551543040,-0.05592,1.21188,0.00734,0.59143,-0.80474,0.05100,-0.00175,
1540581203583965952,-0.05675,1.22424,0.00856,0.59124,-0.80481,0.05180,-0.00592,
1540581203618148864,-0.05554,1.23109,0.00935,0.59133,-0.80461,0.05323,-0.01001,
1540581203651354880,-0.05239,1.23729,0.00870,0.59108,-0.80445,0.05769,-0.01235,
1540581203684400896,-0.05418,1.25791,0.01234,0.58990,-0.80470,0.06538,-0.01417,
1540581203718238976,-0.05783,1.27289,0.00863,0.59084,-0.80352,0.07073,-0.01618,
1540581203751360768,-0.05897,1.28407,0.00609,0.59160,-0.80276,0.07245,-0.01841,
1540581203784611072,-0.05938,1.29852,0.00832,0.59163,-0.80271,0.07197,-0.02122,
1540581203818934016,-0.05913,1.31476,0.00239,0.59286,-0.80190,0.06990,-0.02442,
1540581203851990784,-0.05827,1.31628,0.00173,0.59410,-0.80101,0.06884,-0.02631,
1540581203888537088,-0.05661,1.33069,-0.00041,0.59494,-0.80011,0.07147,-0.02750,
1540581203919092736,-0.05777,1.34367,0.00001,0.59580,-0.79910,0.07560,-0.02741,
1540581203954644480,-0.05868,1.36260,-0.00272,0.59683,-0.79801,0.07903,-0.02681,
1540581203987494144,-0.06020,1.37706,-0.00542,0.59818,-0.79695,0.07967,-0.02654,
1540581204019936768,-0.05976,1.38984,-0.00704,0.59905,-0.79638,0.07894,-0.02614,
1540581204054007808,-0.05908,1.40792,-0.01087,0.59994,-0.79574,0.07894,-0.02500,
1540581204088108288,-0.05856,1.42594,-0.01235,0.60074,-0.79521,0.07890,-0.02304,
1540581204120879104,-0.05984,1.44362,-0.01228,0.60112,-0.79509,0.07771,-0.02128,
1540581204156018176,-0.05790,1.45918,-0.00743,0.60090,-0.79559,0.07465,-0.01927,
1540581204188867328,-0.05388,1.47484,-0.00458,0.60046,-0.79622,0.07207,-0.01661,
1540581204222788608,-0.05214,1.48848,-0.00036,0.59969,-0.79688,0.07209,-0.01280,
1540581204255781376,-0.05053,1.50637,0.00175,0.59851,-0.79780,0.07222,-0.00914,
1540581204288678144,-0.04784,1.52697,0.00579,0.59717,-0.79888,0.07182,-0.00510,
1540581204322494208,-0.04646,1.54726,0.00545,0.59670,-0.79935,0.07069,-0.00126,
1540581204356496896,-0.04371,1.56469,0.00119,0.59654,-0.79963,0.06881,0.00230,
1540581204391933184,-0.04043,1.58314,0.00088,0.59581,-0.80033,0.06673,0.00574,
1540581204423006976,-0.04060,1.59697,0.00516,0.59531,-0.80080,0.06516,0.00920,
1540581204456769792,-0.04020,1.61057,0.00598,0.59490,-0.80132,0.06206,0.01178,
1540581204490834432,-0.03423,1.62270,0.01022,0.59381,-0.80233,0.05875,0.01448,
1540581204524749568,-0.03157,1.63877,0.01393,0.59262,-0.80295,0.06102,0.01862,
1540581204558749440,-0.03156,1.65241,0.01119,0.59179,-0.80287,0.06767,0.02456,
1540581204591809024,-0.03341,1.67080,0.01461,0.58988,-0.80369,0.07261,0.02914,
1540581204625228544,-0.03915,1.69460,0.01608,0.58877,-0.80410,0.07538,0.03306,
1540581204658336512,-0.04458,1.71080,0.01255,0.58938,-0.80362,0.07404,0.03661,
1540581204692357632,-0.04271,1.72198,0.00688,0.58974,-0.80369,0.06886,0.03939,
1540581204725952256,-0.04019,1.73959,0.00575,0.58894,-0.80449,0.06519,0.04129,
1540581204759787264,-0.04134,1.75150,0.00906,0.58868,-0.80446,0.06556,0.04476,
1540581204792815360,-0.04261,1.76646,0.01010,0.58809,-0.80453,0.06704,0.04884,
1540581204827037440,-0.04446,1.79237,0.00513,0.58719,-0.80512,0.06614,0.05124,
1540581204861658112,-0.04724,1.81731,0.00349,0.58680,-0.80546,0.06373,0.05334,
1540581204893872384,-0.05122,1.83273,0.00671,0.58716,-0.80549,0.05870,0.05471,
1540581204928500480,-0.05000,1.85508,0.00134,0.58795,-0.80539,0.05116,0.05515,
1540581204960919552,-0.05355,1.88499,-0.00324,0.58854,-0.80538,0.04447,0.05473,
1540581204994961408,-0.05471,1.90592,-0.00829,0.59000,-0.80477,0.03597,0.05424,
1540581205029658368,-0.05116,1.91567,-0.00463,0.59019,-0.80500,0.02740,0.05384,
1540581205063948032,-0.05320,1.93390,-0.00290,0.58946,-0.80579,0.02132,0.05289,
1540581205095355648,-0.05833,1.94743,0.00229,0.58902,-0.80621,0.01788,0.05249,
1540581205128994048,-0.05737,1.95870,0.00574,0.58824,-0.80691,0.01352,0.05184,
1540581205163074816,-0.05784,1.97190,0.01009,0.58705,-0.80796,0.01017,0.04967,
1540581205196227328,-0.06437,1.99116,0.01383,0.58596,-0.80886,0.01004,0.04804,
1540581205229980928,-0.06839,2.01002,0.01579,0.58584,-0.80899,0.01041,0.04701,
1540581205264654336,-0.07240,2.02046,0.01257,0.58676,-0.80852,0.00839,0.04398,
1540581205297427712,-0.07102,2.02337,0.01123,0.58736,-0.80818,0.00910,0.04217,
1540581205330666752,-0.06815,2.03487,0.01281,0.58720,-0.80819,0.01527,0.04232,
1540581205364315904,-0.07249,2.04779,0.00858,0.58775,-0.80759,0.02353,0.04239,
1540581205397986304,-0.07542,2.06091,0.01030,0.58740,-0.80764,0.02923,0.04271,
1540581205435375104,-0.07491,2.07147,0.01268,0.58764,-0.80749,0.03013,0.04159,
1540581205465718016,-0.07120,2.07671,0.00949,0.58854,-0.80691,0.02990,0.04026,
1540581205498835200,-0.06622,2.08449,0.01274,0.58809,-0.80733,0.03009,0.03838,
1540581205532408576,-0.06446,2.09586,0.01570,0.58835,-0.80716,0.03192,0.03641,
1540581205566994944,-0.06507,2.09981,0.01761,0.58928,-0.80647,0.03369,0.03478,
1540581205601610240,-0.06118,2.10993,0.01554,0.59014,-0.80595,0.03361,0.03229,
1540581205633698816,-0.05912,2.12308,0.01169,0.59104,-0.80546,0.03289,0.02872,
1540581205669954816,-0.05488,2.13311,0.00729,0.59211,-0.80470,0.03427,0.02643,
1540581205735437568,-0.04055,2.16179,0.00782,0.59270,-0.80390,0.04350,0.02383,
1540581205785430784,-0.04415,2.17960,0.00921,0.59273,-0.80307,0.05662,0.02340,
1540581205818662400,-0.03955,2.20003,0.01341,0.59178,-0.80299,0.06669,0.02357,
1540581205851137792,-0.03458,2.22105,0.01805,0.59163,-0.80259,0.07280,0.02279,
1540581205884930816,-0.03160,2.24055,0.01679,0.59201,-0.80216,0.07496,0.02099,
1540581205917470976,-0.02593,2.26396,0.01885,0.59119,-0.80285,0.07473,0.01859,
1540581205950717952,-0.01912,2.28513,0.01887,0.59125,-0.80269,0.07620,0.01748,
1540581205984246016,-0.01239,2.30498,0.01754,0.59086,-0.80278,0.07840,0.01667,
1540581206018146816,-0.00340,2.32670,0.01619,0.58932,-0.80360,0.08165,0.01630,
1540581206084885248,0.01319,2.37043,0.01910,0.58821,-0.80386,0.08696,0.01619,
1540581206117548288,0.02108,2.37815,0.02808,0.58740,-0.80425,0.08881,0.01620,
1540581206150935040,0.02849,2.39138,0.03510,0.58713,-0.80401,0.09265,0.01606,
1540581206184344064,0.03677,2.41004,0.03136,0.58675,-0.80360,0.09837,0.01683,
1540581206219286528,0.04250,2.42316,0.03595,0.58581,-0.80389,0.10158,0.01614,
1540581206251657984,0.04863,2.44279,0.03460,0.58589,-0.80390,0.10139,0.01418,
1540581206284034048,0.05505,2.46161,0.02673,0.58700,-0.80339,0.09931,0.01155,
1540581206317683968,0.06013,2.47076,0.02377,0.58767,-0.80323,0.09697,0.00826,
1540581206350702848,0.06560,2.48510,0.02250,0.58781,-0.80292,0.09880,0.00678,
1540581206384563456,0.06655,2.49072,0.02569,0.58837,-0.80195,0.10321,0.00660,
1540581206417440768,0.06760,2.50310,0.02405,0.58835,-0.80188,0.10398,0.00502,
1540581206450929920,0.06810,2.51570,0.02525,0.58851,-0.80201,0.10206,0.00318,
1540581206484944384,0.06876,2.52678,0.02350,0.58937,-0.80194,0.09764,0.00116,
1540581206518748160,0.07117,2.54074,0.01890,0.59011,-0.80211,0.09160,-0.00116,
1540581206551577600,0.07400,2.54984,0.01967,0.59046,-0.80218,0.08865,-0.00226,
1540581206584856832,0.07441,2.56035,0.02053,0.59047,-0.80204,0.08980,-0.00186,
1540581206617614592,0.07519,2.57627,0.01912,0.59036,-0.80197,0.09120,-0.00114,
1540581206651077632,0.07313,2.59147,0.01927,0.59059,-0.80186,0.09064,-0.00132,
1540581206684923648,0.07154,2.60438,0.01564,0.59147,-0.80133,0.08961,-0.00073,
1540581206718289408,0.07165,2.62027,0.01638,0.59126,-0.80167,0.08792,-0.00012,
1540581206751524352,0.06920,2.63780,0.01545,0.59185,-0.80144,0.08605,0.00002,
1540581206784271104,0.06695,2.65611,0.01127,0.59275,-0.80098,0.08411,0.00107,
1540581206818216960,0.06673,2.67361,0.00892,0.59300,-0.80117,0.08044,0.00160,
1540581206852573184,0.06492,2.69178,0.00950,0.59309,-0.80140,0.07738,0.00198,
1540581206892726784,0.06237,2.71098,0.00980,0.59304,-0.80165,0.07513,0.00313,
1540581206952037376,0.05550,2.74607,0.01970,0.59051,-0.80361,0.07395,0.00543,
1540581206984977408,0.05043,2.76699,0.02440,0.58913,-0.80460,0.07412,0.00686,
1540581207018989568,0.04707,2.78711,0.02591,0.58784,-0.80563,0.07315,0.00799,
1540581207051311360,0.04391,2.81144,0.02619,0.58637,-0.80678,0.07207,0.00848,
1540581207084273920,0.03670,2.83626,0.02652,0.58550,-0.80755,0.07060,0.00852,
1540581207119144960,0.03130,2.85525,0.02361,0.58562,-0.80772,0.06757,0.00864,
1540581207151864064,0.02693,2.87442,0.02198,0.58538,-0.80815,0.06450,0.00824,
1540581207184413184,0.01855,2.89258,0.02441,0.58538,-0.80820,0.06383,0.00881,
1540581207219654912,0.01311,2.90638,0.01974,0.58630,-0.80763,0.06238,0.00994,
1540581207251891968,0.00833,2.91700,0.02105,0.58639,-0.80767,0.06089,0.01054,
1540581207284488704,0.00390,2.92914,0.01888,0.58665,-0.80731,0.06274,0.01289,
1540581207317958144,-0.00184,2.94317,0.01834,0.58644,-0.80730,0.06416,0.01528,
1540581207351293440,-0.01136,2.95774,0.01733,0.58665,-0.80722,0.06289,0.01658,
1540581207384841984,-0.01597,2.97194,0.01663,0.58684,-0.80737,0.05862,0.01822,
1540581207418333184,-0.01705,2.98384,0.01467,0.58734,-0.80752,0.05114,0.01821,
1540581207452409600,-0.02023,2.99211,0.01523,0.58752,-0.80770,0.04583,0.01836,
1540581207486370048,-0.02264,3.00305,0.01789,0.58757,-0.80761,0.04588,0.02067,
1540581207519161600,-0.02510,3.01358,0.01772,0.58813,-0.80714,0.04614,0.02230,
1540581207553271040,-0.03086,3.03084,0.01561,0.58835,-0.80690,0.04672,0.02376,
1540581207586426624,-0.03246,3.04377,0.01652,0.58875,-0.80650,0.04738,0.02617,
1540581207619209984,-0.03050,3.05501,0.01761,0.58909,-0.80627,0.04642,0.02735,
1540581207652255488,-0.03207,3.06825,0.01834,0.58929,-0.80596,0.04824,0.02893,
1540581207684671232,-0.03302,3.08610,0.02059,0.58899,-0.80569,0.05363,0.03302,
1540581207718614528,-0.03260,3.10830,0.01764,0.58913,-0.80520,0.05705,0.03636,
1540581207752194816,-0.03453,3.13046,0.01314,0.58947,-0.80484,0.05767,0.03786,
1540581207788351232,-0.03290,3.15118,0.01106,0.58986,-0.80439,0.05812,0.04051,
1540581207821382400,-0.03318,3.17344,0.00948,0.59015,-0.80425,0.05644,0.04149,
1540581207853862912,-0.03478,3.19225,0.00829,0.59015,-0.80453,0.05224,0.04163,
1540581207888017408,-0.03213,3.21672,0.01089,0.58930,-0.80554,0.04578,0.04153,
1540581207922055168,-0.02826,3.23147,0.01315,0.58910,-0.80605,0.03953,0.04103,
1540581207957283072,-0.02029,3.24665,0.01586,0.58805,-0.80697,0.03600,0.04134,
1540581207988652800,-0.01281,3.26650,0.01912,0.58623,-0.80803,0.03873,0.04384,
1540581208019456256,-0.00695,3.28708,0.02552,0.58432,-0.80902,0.04357,0.04647,
1540581208053667584,-0.00113,3.30780,0.02818,0.58300,-0.80942,0.04986,0.04956,
1540581208087055872,0.00241,3.32905,0.02939,0.58187,-0.80985,0.05425,0.05121,
1540581208119718912,0.00304,3.35016,0.03038,0.58134,-0.80997,0.05720,0.05220,
1540581208153527040,0.00633,3.36707,0.02716,0.58198,-0.80956,0.05668,0.05186,
1540581208189402112,0.01339,3.37726,0.02207,0.58271,-0.80924,0.05511,0.05035,
1540581208220016384,0.01728,3.39025,0.02523,0.58233,-0.80949,0.05677,0.04897,
1540581208255538944,0.01696,3.40178,0.02617,0.58274,-0.80873,0.06274,0.04926,
1540581208288482048,0.01595,3.41655,0.02447,0.58299,-0.80844,0.06525,0.04791,
1540581208320796160,0.01507,3.43242,0.02329,0.58346,-0.80835,0.06398,0.04528,
1540581208355104256,0.01404,3.44801,0.02161,0.58466,-0.80805,0.05937,0.04129,
1540581208388024320,0.01893,3.45804,0.01671,0.58645,-0.80728,0.05430,0.03763,
1540581208421674240,0.02452,3.46993,0.01653,0.58709,-0.80706,0.05256,0.03484,
1540581208456100864,0.02448,3.48306,0.01995,0.58742,-0.80670,0.05529,0.03337,
1540581208490394880,0.02403,3.50096,0.01506,0.58810,-0.80611,0.05749,0.03208,
1540581208526337792,0.02326,3.51813,0.01636,0.58838,-0.80613,0.05591,0.02900,
1540581208556704768,0.02436,3.53460,0.01620,0.58911,-0.80581,0.05407,0.02644,
1540581208590358528,0.02616,3.55190,0.02025,0.58944,-0.80576,0.05240,0.02353,
1540581208624323072,0.02641,3.57364,0.01861,0.59006,-0.80542,0.05199,0.02066,
1540581208656537088,0.02698,3.59627,0.01644,0.59046,-0.80512,0.05276,0.01865,
1540581208691826176,0.02723,3.61845,0.01782,0.59028,-0.80526,0.05355,0.01642,
1540581208723900672,0.02969,3.64051,0.01912,0.58994,-0.80545,0.05505,0.01416,
1540581208757549568,0.03085,3.66417,0.02058,0.58890,-0.80584,0.06041,0.01310,
1540581208791198208,0.03009,3.69362,0.02373,0.58745,-0.80639,0.06690,0.01264,
1540581208824770048,0.02482,3.71919,0.02477,0.58660,-0.80656,0.07226,0.01163,
1540581208858837248,0.02501,3.74217,0.02302,0.58564,-0.80705,0.07482,0.01005,
1540581208892228608,0.02789,3.76725,0.02738,0.58403,-0.80801,0.07723,0.00830,
1540581208925678848,0.02287,3.78643,0.03043,0.58363,-0.80774,0.08296,0.00718,
1540581208959618816,0.01617,3.80379,0.03181,0.58329,-0.80744,0.08816,0.00628,
1540581208993740800,0.01292,3.82206,0.03066,0.58294,-0.80746,0.09032,0.00464,
1540581209027027968,0.00694,3.83854,0.03491,0.58267,-0.80761,0.09087,0.00236,
1540581209059769856,-0.00089,3.84867,0.03175,0.58343,-0.80716,0.09000,0.00008,
1540581209094202624,-0.00206,3.86363,0.03512,0.58251,-0.80820,0.08653,-0.00249,
1540581209127651584,-0.00280,3.87951,0.03375,0.58252,-0.80829,0.08550,-0.00429,
1540581209161635072,-0.00620,3.89233,0.03157,0.58280,-0.80788,0.08743,-0.00463,
1540581209194355200,-0.01236,3.90806,0.03222,0.58262,-0.80786,0.08887,-0.00516,
1540581209228247552,-0.02017,3.92593,0.02839,0.58342,-0.80743,0.08740,-0.00636,
1540581209261929216,-0.02672,3.93856,0.02583,0.58463,-0.80692,0.08386,-0.00735,
1540581209295435520,-0.02925,3.95350,0.01966,0.58589,-0.80662,0.07759,-0.00900,
1540581209328877824,-0.03135,3.96875,0.01701,0.58705,-0.80627,0.07206,-0.01032,
1540581209362736640,-0.03182,3.98129,0.01403,0.58856,-0.80538,0.06971,-0.00995,
1540581209396149760,-0.03264,3.99452,0.01772,0.58921,-0.80498,0.06887,-0.00928,
1540581209430504448,-0.03290,4.01103,0.01246,0.59042,-0.80400,0.07023,-0.00735,
1540581209463240704,-0.03302,4.03078,0.01313,0.59079,-0.80351,0.07296,-0.00469,
1540581209496634624,-0.03403,4.04946,0.01377,0.59134,-0.80286,0.07572,-0.00198,
1540581209530518272,-0.03459,4.06756,0.01197,0.59170,-0.80235,0.07819,0.00106,
1540581209563886848,-0.03510,4.09036,0.01537,0.59124,-0.80241,0.08099,0.00466,
1540581209598117888,-0.03568,4.11177,0.01416,0.59153,-0.80204,0.08217,0.00820,
1540581209630904832,-0.03625,4.13442,0.01179,0.59143,-0.80227,0.08039,0.01052,
1540581209664596736,-0.03454,4.15925,0.01357,0.59081,-0.80294,0.07774,0.01341,
1540581209698387200,-0.02986,4.17793,0.01092,0.59080,-0.80305,0.07593,0.01748,
1540581209733208064,-0.02371,4.19934,0.01260,0.58931,-0.80434,0.07295,0.02051,
1540581209766060544,-0.02297,4.22083,0.01913,0.58775,-0.80543,0.07255,0.02383,
1540581209799026176,-0.02059,4.23985,0.01913,0.58685,-0.80577,0.07407,0.02932,
1540581209832836608,-0.01676,4.25857,0.02113,0.58531,-0.80706,0.07072,0.03256,
1540581209866538240,-0.01521,4.28229,0.02631,0.58384,-0.80849,0.06565,0.03412,
1540581209900623616,-0.01073,4.30135,0.02573,0.58399,-0.80849,0.06237,0.03753,
1540581209935011072,-0.00300,4.31526,0.02250,0.58405,-0.80852,0.05926,0.04091,
1540581209967140864,0.00092,4.33540,0.02305,0.58325,-0.80921,0.05646,0.04242,
1540581210000388608,0.00014,4.35485,0.02553,0.58329,-0.80922,0.05472,0.04422,
1540581210035335424,0.00655,4.36518,0.02191,0.58433,-0.80854,0.05164,0.04638,
1540581210068515584,0.01594,4.38035,0.02084,0.58390,-0.80913,0.04749,0.04592,
1540581210101484288,0.01773,4.40153,0.02346,0.58324,-0.80941,0.04998,0.04677,
1540581210136055040,0.01524,4.41471,0.02126,0.58415,-0.80834,0.05466,0.04871,
1540581210204818432,0.01371,4.44838,0.01748,0.58511,-0.80822,0.04923,0.04479,
1540581210239657728,0.01526,4.46457,0.01232,0.58654,-0.80737,0.04727,0.04346,
1540581210269742848,0.02085,4.47748,0.01144,0.58712,-0.80711,0.04584,0.04208,
1540581210303451904,0.02500,4.49378,0.01260,0.58702,-0.80706,0.04845,0.04149,
1540581210338853888,0.02362,4.51177,0.01327,0.58699,-0.80667,0.05448,0.04188,
1540581210386899712,0.02051,4.53154,0.01070,0.58745,-0.80616,0.05762,0.04109,
1540581210420226048,0.02125,4.54776,0.00817,0.58855,-0.80559,0.05599,0.03881,
1540581210453148928,0.02294,4.56525,0.01162,0.58860,-0.80571,0.05515,0.03673,
1540581210486671616,0.02459,4.58677,0.01269,0.58872,-0.80569,0.05529,0.03482,
1540581210520738048,0.02463,4.60670,0.01151,0.58936,-0.80525,0.05623,0.03274,
1540581210553128960,0.02239,4.62825,0.01431,0.58910,-0.80566,0.05494,0.02921,
1540581210586318848,0.02272,4.64928,0.01407,0.58873,-0.80615,0.05333,0.02591,
1540581210619781888,0.01942,4.67145,0.01914,0.58796,-0.80703,0.05061,0.02110,
1540581210653972736,0.01819,4.69469,0.02167,0.58716,-0.80793,0.04721,0.01608,
1540581210686480384,0.02094,4.71568,0.02374,0.58631,-0.80863,0.04691,0.01243,
1540581210720793600,0.01857,4.74041,0.02679,0.58515,-0.80935,0.04981,0.00843,
1540581210753391616,0.01432,4.76563,0.02472,0.58494,-0.80931,0.05332,0.00456,
1540581210786908416,0.01354,4.78551,0.02338,0.58528,-0.80910,0.05302,0.00017,
1540581210820012800,0.01399,4.80587,0.01964,0.58541,-0.80895,0.05359,-0.00432,
1540581210853241344,0.01339,4.82287,0.01754,0.58578,-0.80832,0.05853,-0.00755,
1540581210887049472,0.01299,4.83728,0.01690,0.58607,-0.80782,0.06193,-0.01066,
1540581210921804032,0.01101,4.85300,0.01791,0.58610,-0.80765,0.06300,-0.01463,
1540581210953370880,0.01148,4.86649,0.01927,0.58610,-0.80758,0.06282,-0.01875,
1540581210986707200,0.01369,4.88083,0.01886,0.58626,-0.80734,0.06328,-0.02221,
1540581211020721408,0.01441,4.89655,0.01623,0.58645,-0.80703,0.06408,-0.02592,
1540581211053366528,0.01563,4.90904,0.01978,0.58629,-0.80690,0.06593,-0.02886,
1540581211087194624,0.01675,4.92615,0.01767,0.58701,-0.80612,0.06805,-0.03107,
1540581211121401088,0.01794,4.94129,0.01266,0.58787,-0.80530,0.06940,-0.03299,
1540581211159088640,0.01924,4.96131,0.00995,0.58777,-0.80533,0.06840,-0.03608,
1540581211222867456,0.02054,4.98768,0.00723,0.59022,-0.80372,0.06421,-0.03934,
1540581211256398080,0.02405,5.00612,0.00517,0.59041,-0.80371,0.06172,-0.04069,
1540581211287370752,0.02793,5.02444,0.00432,0.59132,-0.80313,0.05988,-0.04162,
1540581211320337664,0.03123,5.04090,0.00492,0.59218,-0.80254,0.05896,-0.04224,
1540581211354424576,0.03456,5.06066,0.00188,0.59268,-0.80214,0.05965,-0.04187,
1540581211387272192,0.03993,5.08437,0.00173,0.59293,-0.80185,0.06190,-0.04051,
1540581211420976128,0.04213,5.10671,0.00255,0.59371,-0.80110,0.06511,-0.03882,
1540581211454580224,0.04286,5.12868,0.00002,0.59408,-0.80077,0.06672,-0.03715,
1540581211487113984,0.04308,5.15720,0.00052,0.59341,-0.80143,0.06537,-0.03614,
1540581211521198592,0.04619,5.18435,0.00056,0.59335,-0.80178,0.06230,-0.03476,
1540581211554339840,0.05000,5.20906,-0.00086,0.59353,-0.80195,0.05912,-0.03322,
1540581211587278336,0.05175,5.23249,-0.00034,0.59321,-0.80238,0.05768,-0.03109,
1540581211620984832,0.05218,5.25803,0.00299,0.59261,-0.80302,0.05652,-0.02811,
1540581211653859584,0.05197,5.27739,0.00756,0.59253,-0.80342,0.05284,-0.02522,
1540581211687292160,0.05256,5.30224,0.00650,0.59239,-0.80393,0.04722,-0.02317,
1540581211722071808,0.05722,5.32425,0.00920,0.59233,-0.80436,0.04164,-0.02041,
1540581211753816832,0.05975,5.34209,0.00747,0.59305,-0.80411,0.03718,-0.01759,
1540581211787073792,0.05906,5.35921,0.00830,0.59296,-0.80444,0.03226,-0.01558,
1540581211820656384,0.06188,5.37751,0.01067,0.59263,-0.80495,0.02570,-0.01342,
1540581211857099264,0.06458,5.39689,0.01022,0.59262,-0.80517,0.01907,-0.01175,
1540581211887170048,0.06729,5.41242,0.00901,0.59271,-0.80521,0.01569,-0.00964,
1540581211920945920,0.07198,5.42586,0.01511,0.59186,-0.80585,0.01636,-0.00613,
1540581211954520576,0.06951,5.44505,0.01726,0.59111,-0.80634,0.01983,-0.00263,
1540581211987564032,0.06496,5.46530,0.01326,0.59117,-0.80626,0.02144,0.00072,
1540581212021170688,0.06148,5.48165,0.01308,0.59148,-0.80611,0.01821,0.00185,
1540581212054292224,0.06103,5.50041,0.00774,0.59216,-0.80571,0.01283,0.00249,
1540581212087506176,0.06194,5.51708,0.00514,0.59301,-0.80512,0.01006,0.00428,
1540581212120592896,0.06177,5.53445,0.00586,0.59370,-0.80460,0.00979,0.00631,
1540581212154595584,0.06228,5.54777,0.00265,0.59467,-0.80383,0.01173,0.00937,
1540581212187745024,0.06035,5.56712,0.00465,0.59430,-0.80400,0.01505,0.01299,
1540581212221733888,0.05920,5.58537,0.00369,0.59466,-0.80364,0.01699,0.01608,
1540581212254203648,0.06087,5.61058,0.00038,0.59506,-0.80328,0.01751,0.01832,
1540581212287935744,0.06085,5.62787,0.00013,0.59556,-0.80282,0.01914,0.02047,
1540581212321606912,0.06081,5.64635,0.00143,0.59558,-0.80270,0.02143,0.02245,
1540581212355232768,0.05768,5.67169,0.00241,0.59525,-0.80287,0.02286,0.02333,
1540581212387917568,0.05457,5.69588,0.00330,0.59504,-0.80311,0.02069,0.02268,
1540581212422166528,0.05224,5.71823,0.00633,0.59435,-0.80380,0.01559,0.02039,
1540581212456702208,0.04913,5.73906,0.00784,0.59354,-0.80459,0.00862,0.01630,
1540581212488812800,0.04645,5.75565,0.00899,0.59260,-0.80539,0.00370,0.01255,
1540581212524225280,0.04324,5.77246,0.01292,0.59109,-0.80656,0.00114,0.00861,
1540581212555678976,0.04289,5.78812,0.01678,0.58997,-0.80740,0.00168,0.00556,
1540581212593315840,0.03645,5.80905,0.02195,0.58898,-0.80810,0.00826,0.00280,
1540581212622671360,0.03208,5.82732,0.01760,0.58911,-0.80790,0.01541,0.00127,
1540581212655966720,0.03263,5.84211,0.01748,0.58860,-0.80811,0.02247,-0.00003,
1540581212689434880,0.02774,5.86171,0.01912,0.58801,-0.80830,0.02990,-0.00291,
1540581212722947072,0.01760,5.88104,0.01235,0.58866,-0.80756,0.03588,-0.00637,
1540581212755981312,0.01548,5.89188,0.01197,0.58874,-0.80742,0.03693,-0.00970,
1540581212789782272,0.01668,5.89929,0.01891,0.58815,-0.80788,0.03437,-0.01530,
1540581212829785856,0.01275,5.91406,0.01689,0.58787,-0.80794,0.03453,-0.02125,
1540581212861483776,0.01679,5.92227,0.01702,0.58778,-0.80780,0.03712,-0.02451,
1540581212892616192,0.01878,5.93698,0.01886,0.58711,-0.80789,0.04273,-0.02814,
1540581212923641856,0.01906,5.94297,0.02318,0.58728,-0.80725,0.05006,-0.03062,
1540581212959005184,0.01571,5.95622,0.02313,0.58743,-0.80649,0.05843,-0.03310,
1540581212992151040,0.01697,5.96967,0.02158,0.58756,-0.80595,0.06283,-0.03578,
1540581213024451584,0.01610,5.98528,0.01952,0.58783,-0.80535,0.06570,-0.03944,
1540581213059306752,0.01772,5.99684,0.01408,0.58882,-0.80427,0.06792,-0.04270,
1540581213091725056,0.02178,6.00551,0.01604,0.58916,-0.80369,0.07029,-0.04517,
1540581213125531392,0.02404,6.01557,0.01370,0.59009,-0.80248,0.07485,-0.04717,
1540581213158961152,0.02403,6.02920,0.01369,0.59064,-0.80144,0.08054,-0.04846,
1540581213192453376,0.02264,6.04242,0.01138,0.59150,-0.80033,0.08449,-0.04973,
1540581213226142976,0.02424,6.05501,0.01263,0.59191,-0.79981,0.08567,-0.05100,
1540581213260163328,0.02677,6.07257,0.00720,0.59280,-0.79903,0.08568,-0.05284,
1540581213293505792,0.02648,6.08809,0.00401,0.59365,-0.79825,0.08613,-0.05430,
1540581213327855104,0.02435,6.10165,0.00498,0.59415,-0.79775,0.08714,-0.05456,
1540581213360821760,0.02345,6.11847,0.00944,0.59384,-0.79813,0.08558,-0.05499,
1540581213394862080,0.02291,6.13821,0.00938,0.59369,-0.79867,0.08048,-0.05640,
1540581213428307200,0.02668,6.15591,0.00837,0.59328,-0.79949,0.07513,-0.05649,
1540581213462320128,0.03117,6.17528,0.01256,0.59215,-0.80068,0.07181,-0.05583,
1540581213494614784,0.03455,6.19663,0.01609,0.59116,-0.80160,0.07125,-0.05372,
1540581213530128640,0.03592,6.21981,0.01365,0.59067,-0.80208,0.07253,-0.05021,
1540581213563452416,0.03704,6.24261,0.01729,0.58952,-0.80325,0.07071,-0.04746,
1540581213595789568,0.03701,6.26789,0.01638,0.58907,-0.80404,0.06658,-0.04573,
1540581213629482240,0.03937,6.28673,0.01531,0.58915,-0.80453,0.06105,-0.04365,
1540581213663438592,0.04189,6.30201,0.01696,0.58888,-0.80524,0.05565,-0.04136,
1540581213697214720,0.04162,6.32053,0.01900,0.58854,-0.80586,0.05144,-0.03947,
1540581213730508288,0.04145,6.34055,0.01551,0.58909,-0.80581,0.04775,-0.03694,
1540581213763966208,0.04444,6.35333,0.01059,0.59009,-0.80539,0.04475,-0.03371,
1540581213797903616,0.04840,6.36461,0.01257,0.59005,-0.80563,0.04312,-0.03056,
1540581213830699776,0.04482,6.38286,0.01683,0.59001,-0.80571,0.04454,-0.02720,
1540581213865499904,0.04344,6.39112,0.01708,0.59124,-0.80478,0.04801,-0.02150,
1540581213898600960,0.04586,6.41181,0.00782,0.59147,-0.80459,0.05040,-0.01585,
1540581213931479808,0.04096,6.43114,0.00879,0.59120,-0.80487,0.05002,-0.01286,
1540581213965213696,0.03571,6.44940,0.00913,0.59219,-0.80439,0.04671,-0.00958,
1540581213999301632,0.03915,6.45958,0.00421,0.59349,-0.80391,0.03803,-0.00758,
1540581214033524480,0.04328,6.47221,0.00380,0.59361,-0.80416,0.03008,-0.00655,
1540581214066106112,0.04278,6.48983,0.00550,0.59384,-0.80408,0.02804,-0.00448,
1540581214103311104,0.04309,6.50261,-0.00011,0.59533,-0.80298,0.02814,-0.00100,
1540581214133797632,0.03931,6.51834,-0.00037,0.59544,-0.80291,0.02812,0.00145,
1540581214167510272,0.03658,6.53437,0.00337,0.59521,-0.80313,0.02629,0.00343,
1540581214200759808,0.03183,6.55476,0.00167,0.59559,-0.80294,0.02326,0.00460,
1540581214234218752,0.03020,6.57095,0.00130,0.59597,-0.80275,0.01944,0.00610,
1540581214267711744,0.02926,6.58981,0.00020,0.59574,-0.80297,0.01627,0.00766,
1540581214301444096,0.02510,6.61261,0.00051,0.59544,-0.80323,0.01387,0.00845,
1540581214334707200,0.02371,6.63364,-0.00087,0.59515,-0.80348,0.01105,0.00947,
1540581214368568576,0.02472,6.64860,0.00470,0.59393,-0.80440,0.00870,0.01060,
1540581214402123520,0.02398,6.67139,0.01041,0.59226,-0.80563,0.00815,0.01121,
1540581214435493120,0.02139,6.69090,0.01217,0.59108,-0.80646,0.00984,0.01227,
1540581214469569792,0.01977,6.70827,0.01510,0.58922,-0.80778,0.01167,0.01295,
1540581214503120384,0.01379,6.73448,0.01828,0.58725,-0.80926,0.01098,0.01091,
1540581214536621824,0.00679,6.75125,0.01631,0.58722,-0.80932,0.00992,0.00898,
1540581214570636032,0.00844,6.76401,0.02021,0.58661,-0.80979,0.00887,0.00741,
1540581214604188672,0.00394,6.78227,0.02006,0.58625,-0.81006,0.00975,0.00455,
1540581214637889536,-0.00158,6.79124,0.01649,0.58708,-0.80941,0.01364,0.00296,
1540581214671250176,-0.00082,6.80471,0.01725,0.58701,-0.80937,0.01834,0.00208,
1540581214705289728,-0.00506,6.81801,0.01645,0.58743,-0.80891,0.02446,0.00048,
1540581214738425344,-0.01211,6.82903,0.01974,0.58778,-0.80852,0.02846,-0.00180,
1540581214771948288,-0.00985,6.83741,0.01951,0.58815,-0.80823,0.02875,-0.00412,
1540581214805573376,-0.01018,6.84754,0.02088,0.58778,-0.80848,0.02828,-0.00834,
1540581214855819776,-0.01689,6.85900,0.01851,0.58844,-0.80774,0.03404,-0.01165,
1540581214908912128,-0.01123,6.88541,0.01710,0.58905,-0.80680,0.04297,-0.01546,
1540581214940672000,-0.01417,6.89533,0.01806,0.58998,-0.80589,0.04642,-0.01756,
1540581214990907136,-0.01972,6.90550,0.01454,0.59096,-0.80503,0.04695,-0.02216,
1540581215059379456,-0.01763,6.93004,0.01412,0.59135,-0.80437,0.05002,-0.02796,
1540581215107617024,-0.00509,6.95627,0.00965,0.59220,-0.80320,0.05724,-0.02989,
1540581215157780992,-0.00898,6.97749,0.01450,0.59171,-0.80297,0.06426,-0.03143,
1540581215191093504,-0.00485,6.99951,0.00803,0.59242,-0.80221,0.06676,-0.03217,
1540581215259222272,0.00558,7.03824,0.00240,0.59349,-0.80091,0.07201,-0.03358,
1540581215289768192,0.01080,7.05616,0.00106,0.59411,-0.79997,0.07752,-0.03270,
1540581215323132416,0.01269,7.06993,0.00240,0.59480,-0.79896,0.08269,-0.03219,
1540581215356796416,0.01636,7.08973,0.00137,0.59453,-0.79883,0.08607,-0.03173,
1540581215391569920,0.01805,7.11086,0.00495,0.59425,-0.79879,0.08845,-0.03113,
1540581215423229696,0.01976,7.12474,0.00857,0.59425,-0.79898,0.08673,-0.03116,
1540581215457372672,0.02561,7.14826,0.01155,0.59261,-0.80066,0.08202,-0.03199,
1540581215490204672,0.02818,7.16925,0.01438,0.59182,-0.80163,0.07812,-0.03220,
1540581215523424512,0.03247,7.18817,0.01391,0.59095,-0.80276,0.07278,-0.03233,
1540581215556687104,0.03542,7.20626,0.01741,0.58975,-0.80400,0.06895,-0.03207,
1540581215589793280,0.03980,7.22691,0.01598,0.58950,-0.80434,0.06781,-0.03039,
1540581215623029760,0.04277,7.24360,0.01433,0.58987,-0.80415,0.06790,-0.02819,
1540581215657607936,0.04504,7.26037,0.01270,0.58993,-0.80413,0.06859,-0.02568,
1540581215691831552,0.04504,7.27657,0.01134,0.59019,-0.80400,0.06853,-0.02367,
1540581215723134976,0.04508,7.29122,0.01039,0.59111,-0.80357,0.06613,-0.02205,
1540581215757241856,0.04633,7.30150,0.00893,0.59182,-0.80325,0.06425,-0.02016,
1540581215790114048,0.04842,7.31431,0.01119,0.59166,-0.80344,0.06417,-0.01757,
1540581215823815168,0.04856,7.32750,0.01280,0.59168,-0.80326,0.06712,-0.01361,
1540581215856909056,0.04492,7.34187,0.01006,0.59205,-0.80292,0.06844,-0.01045,
1540581215890334720,0.04299,7.35625,0.00888,0.59218,-0.80302,0.06645,-0.00759,
1540581215923805440,0.04190,7.36951,0.00809,0.59257,-0.80314,0.06169,-0.00552,
1540581215957616128,0.04227,7.38353,0.00567,0.59339,-0.80289,0.05703,-0.00309,
1540581215990509568,0.04158,7.39182,0.00858,0.59371,-0.80285,0.05425,-0.00064,
1540581216024312576,0.04380,7.40307,0.00903,0.59390,-0.80269,0.05445,0.00287,
1540581216056781568,0.04213,7.41674,0.01023,0.59388,-0.80243,0.05791,0.00686,
1540581216090738432,0.04020,7.42948,0.01043,0.59365,-0.80230,0.06140,0.01138,
1540581216124001280,0.03802,7.44763,0.01029,0.59332,-0.80263,0.05981,0.01348,
1540581216157359104,0.03435,7.46476,0.01039,0.59381,-0.80264,0.05449,0.01374,
1540581216190542080,0.03360,7.47837,0.00955,0.59430,-0.80265,0.04860,0.01372,
1540581216224155904,0.03200,7.49516,0.00549,0.59436,-0.80306,0.04120,0.01144,
1540581216257263104,0.02905,7.50784,0.00493,0.59492,-0.80282,0.03805,0.01037,
1540581216290205440,0.02809,7.52331,0.00569,0.59447,-0.80323,0.03655,0.00943,
1540581216323484672,0.02384,7.53818,0.00690,0.59321,-0.80423,0.03550,0.00718,
1540581216356983296,0.02042,7.56168,0.01134,0.59180,-0.80524,0.03641,0.00584,
1540581216392083456,0.01891,7.57619,0.01279,0.59127,-0.80558,0.03779,0.00462,
1540581216425051136,0.01695,7.59277,0.01756,0.58904,-0.80718,0.03855,0.00171,
1540581216457003008,0.01432,7.61695,0.02292,0.58698,-0.80862,0.03991,-0.00121,
1540581216491614976,0.01080,7.63999,0.02523,0.58591,-0.80930,0.04158,-0.00398,
1540581216523911936,0.00999,7.65281,0.02566,0.58505,-0.80989,0.04168,-0.00770,
1540581216557209856,0.00875,7.67646,0.02638,0.58368,-0.81075,0.04330,-0.01160,
1540581216590592768,0.00602,7.69655,0.02475,0.58381,-0.81037,0.04758,-0.01450,
1540581216624058880,0.00391,7.71096,0.02112,0.58469,-0.80942,0.05163,-0.01759,
1540581216656973312,0.00433,7.72377,0.01770,0.58501,-0.80888,0.05540,-0.02019,
1540581216691197952,-0.00024,7.73841,0.01890,0.58492,-0.80865,0.05830,-0.02360,
1540581216724011264,-0.00192,7.74973,0.01845,0.58559,-0.80808,0.05779,-0.02755,
1540581216757765632,0.00108,7.75775,0.01768,0.58603,-0.80761,0.05808,-0.03080,
1540581216790528000,0.00558,7.75900,0.02769,0.58551,-0.80764,0.06203,-0.03251,
1540581216824286464,0.00900,7.78015,0.02420,0.58563,-0.80691,0.06896,-0.03427,
1540581216858433024,0.00893,7.79480,0.02258,0.58622,-0.80582,0.07543,-0.03623,
1540581216891595008,0.01233,7.80834,0.02209,0.58652,-0.80515,0.07913,-0.03825,
1540581216924390912,0.01381,7.82263,0.02474,0.58671,-0.80465,0.08108,-0.04162,
1540581216961521152,0.01820,7.83876,0.01867,0.58765,-0.80356,0.08354,-0.04460,
1540581216990546176,0.02530,7.85721,0.01459,0.58808,-0.80278,0.08656,-0.04711,
1540581217024750592,0.02940,7.87686,0.01432,0.58872,-0.80163,0.09131,-0.04958,
1540581217059296768,0.03438,7.89580,0.01259,0.58966,-0.80025,0.09620,-0.05142,
1540581217094087680,0.03929,7.91874,0.00836,0.59039,-0.79904,0.10070,-0.05328,
1540581217127204096,0.04549,7.94023,0.00609,0.59119,-0.79786,0.10456,-0.05456,
1540581217159618560,0.04956,7.96169,0.00401,0.59204,-0.79656,0.10927,-0.05516,
1540581217193732864,0.05244,7.98432,0.00414,0.59252,-0.79566,0.11304,-0.05539,
1540581217226136320,0.05771,8.00795,0.00384,0.59280,-0.79529,0.11407,-0.05561,
1540581217260612096,0.06285,8.03161,0.00648,0.59222,-0.79601,0.11128,-0.05703,
1540581217293649920,0.07017,8.05687,0.00733,0.59168,-0.79677,0.10823,-0.05795,
1540581217325975040,0.07826,8.07752,0.00584,0.59144,-0.79714,0.10689,-0.05782,
1540581217359525888,0.08414,8.09362,0.01236,0.58983,-0.79838,0.10667,-0.05746,
1540581217393346816,0.08669,8.11933,0.02127,0.58757,-0.79997,0.10758,-0.05688,
1540581217426572544,0.08870,8.14128,0.02075,0.58703,-0.80042,0.10773,-0.05587,
1540581217459993344,0.09341,8.16199,0.02111,0.58589,-0.80163,0.10500,-0.05563,
1540581217493466624,0.09724,8.18643,0.02088,0.58512,-0.80244,0.10357,-0.05474,
1540581217528331008,0.09711,8.20638,0.01812,0.58559,-0.80230,0.10299,-0.05294,
1540581217561750784,0.09707,8.22340,0.01532,0.58581,-0.80255,0.10043,-0.05151,
1540581217594939136,0.10184,8.23892,0.01697,0.58549,-0.80334,0.09680,-0.04980,
1540581217628498944,0.10984,8.25673,0.01458,0.58577,-0.80322,0.09801,-0.04597,
1540581217661828096,0.11193,8.27281,0.01440,0.58604,-0.80259,0.10343,-0.04123,
1540581217695881728,0.10792,8.28800,0.01449,0.58645,-0.80167,0.11013,-0.03560,
1540581217729601280,0.10330,8.30203,0.01795,0.58665,-0.80146,0.11212,-0.03059,
1540581217763895808,0.10253,8.32042,0.01601,0.58753,-0.80152,0.10785,-0.02730,
1540581217795753984,0.09777,8.33042,0.01278,0.58896,-0.80127,0.10230,-0.02505,
1540581217830991360,0.10030,8.35108,0.00370,0.59011,-0.80121,0.09676,-0.02188,
1540581217863609600,0.09869,8.35682,0.00651,0.59123,-0.80097,0.09245,-0.01843,
1540581217896638208,0.09522,8.36872,0.00697,0.59207,-0.80061,0.09091,-0.01472,
1540581217930967808,0.09400,8.38468,0.00859,0.59249,-0.80051,0.08965,-0.01031,
1540581217963981312,0.09132,8.40234,0.00986,0.59319,-0.80037,0.08652,-0.00702,
1540581217997667328,0.08935,8.42023,0.00594,0.59435,-0.79993,0.08275,-0.00379,
1540581218031197184,0.08648,8.43923,0.00544,0.59497,-0.79983,0.07925,-0.00128,
1540581218064704000,0.08409,8.45763,0.00518,0.59551,-0.79988,0.07459,0.00052,
1540581218099447552,0.08176,8.47451,0.00436,0.59580,-0.80009,0.06979,0.00207,
1540581218131676160,0.07853,8.49202,0.00379,0.59555,-0.80056,0.06646,0.00350,
1540581218165544960,0.07832,8.51304,0.01124,0.59417,-0.80176,0.06423,0.00514,
1540581218199533824,0.07525,8.53727,0.01445,0.59308,-0.80271,0.06235,0.00598,
1540581218232441088,0.07201,8.55928,0.01933,0.59176,-0.80386,0.05987,0.00623,
1540581218265991168,0.06829,8.58535,0.02225,0.59028,-0.80515,0.05717,0.00592,
1540581218301933824,0.06622,8.60779,0.02693,0.58890,-0.80639,0.05390,0.00501,
1540581218333950464,0.06510,8.63046,0.02823,0.58811,-0.80709,0.05215,0.00405,
1540581218367336704,0.06733,8.64977,0.02686,0.58781,-0.80724,0.05324,0.00365,
1540581218400658944,0.06524,8.67348,0.02703,0.58722,-0.80731,0.05841,0.00346,
1540581218434530816,0.06151,8.69374,0.02226,0.58748,-0.80654,0.06587,0.00449,
1540581218468071168,0.05868,8.71213,0.02164,0.58704,-0.80660,0.06906,0.00367,
1540581218501564928,0.05627,8.73037,0.02146,0.58687,-0.80678,0.06838,0.00147,
1540581218536885760,0.05701,8.74328,0.02468,0.58705,-0.80669,0.06806,-0.00006,
1540581218568403968,0.06231,8.75370,0.02588,0.58724,-0.80643,0.06934,-0.00146,
1540581218602601728,0.06339,8.77001,0.02783,0.58662,-0.80645,0.07422,-0.00311,
1540581218635982336,0.06470,8.79128,0.02684,0.58647,-0.80589,0.08113,-0.00329,
1540581218670444032,0.06187,8.81113,0.02514,0.58704,-0.80496,0.08604,-0.00482,
1540581218702727424,0.06179,8.82771,0.02117,0.58785,-0.80426,0.08683,-0.00755,
1540581218736079616,0.06595,8.84502,0.02162,0.58806,-0.80409,0.08669,-0.01022,
1540581218770534656,0.06972,8.86125,0.01625,0.58930,-0.80298,0.08815,-0.01303,
1540581218806910720,0.07209,8.87909,0.01770,0.58971,-0.80213,0.09283,-0.01473,
1540581218872185600,0.08113,8.92459,0.00392,0.59264,-0.79880,0.10199,-0.01710,
1540581218904527872,0.08307,8.94827,-0.00251,0.59415,-0.79733,0.10442,-0.01859,
1540581218940116736,0.08775,8.96332,0.00095,0.59524,-0.79651,0.10418,-0.02008,
1540581218972312832,0.09495,8.98554,0.00334,0.59582,-0.79613,0.10353,-0.02143,
1540581219005630720,0.10435,9.00599,-0.00095,0.59706,-0.79521,0.10321,-0.02253,
1540581219039280128,0.10958,9.02368,0.00558,0.59667,-0.79552,0.10269,-0.02413,
1540581219072749568,0.11564,9.04432,0.00824,0.59597,-0.79621,0.10109,-0.02550,
1540581219106102784,0.12567,9.06411,0.01262,0.59450,-0.79755,0.09889,-0.02651,
1540581219139623936,0.13555,9.08404,0.01806,0.59276,-0.79893,0.09789,-0.02762,
1540581219174942208,0.14188,9.10679,0.02224,0.59094,-0.80024,0.09773,-0.02915,
1540581219241011456,0.16132,9.15113,0.02717,0.58936,-0.80141,0.09655,-0.03277,
1540581219274343424,0.16720,9.17004,0.02187,0.58981,-0.80086,0.09775,-0.03450,
1540581219308499200,0.17397,9.19010,0.01983,0.58955,-0.80070,0.10021,-0.03552,
1540581219341795328,0.17984,9.20867,0.01965,0.58957,-0.80054,0.10055,-0.03777,
1540581219376096256,0.18027,9.22535,0.01688,0.59012,-0.80003,0.10028,-0.04076,
1540581219408716800,0.18349,9.23964,0.01583,0.59049,-0.79970,0.09980,-0.04302,
1540581219442679040,0.18376,9.25608,0.01374,0.59078,-0.79928,0.10037,-0.04532,
1540581219476068608,0.18113,9.26900,0.01145,0.59113,-0.79884,0.10115,-0.04675,
1540581219510457088,0.17961,9.29030,0.01007,0.59079,-0.79915,0.09980,-0.04861,
1540581219561389056,0.17732,9.30615,0.01265,0.59135,-0.79923,0.09394,-0.05196,
1540581219592387328,0.17883,9.32480,0.00555,0.59229,-0.79881,0.09113,-0.05279,
1540581219626052864,0.18213,9.34518,0.00432,0.59216,-0.79882,0.09233,-0.05209,
1540581219659467008,0.18228,9.36901,0.00202,0.59316,-0.79765,0.09694,-0.05028,
1540581219692285440,0.18006,9.38983,-0.00147,0.59450,-0.79638,0.10030,-0.04795,
1540581219725769472,0.17898,9.41045,-0.00423,0.59520,-0.79600,0.09984,-0.04634,
1540581219759087104,0.17848,9.43087,-0.00452,0.59581,-0.79590,0.09736,-0.04551,
1540581219792332800,0.17796,9.45470,-0.00684,0.59695,-0.79526,0.09626,-0.04419,
1540581219826682880,0.17856,9.47472,-0.01172,0.59801,-0.79452,0.09656,-0.04250,
1540581219858900224,0.17746,9.48934,-0.00469,0.59722,-0.79489,0.09931,-0.04021,
1540581219892364032,0.17623,9.51098,0.00129,0.59634,-0.79503,0.10444,-0.03734,
1540581219925992704,0.17385,9.52666,0.00914,0.59511,-0.79547,0.10882,-0.03509,
1540581219958779392,0.17255,9.54873,0.01598,0.59280,-0.79663,0.11345,-0.03320,
1540581219992436992,0.16971,9.57393,0.01924,0.59103,-0.79723,0.11881,-0.03142,
1540581220026569216,0.16600,9.59558,0.02099,0.59015,-0.79730,0.12309,-0.02973,
1540581220059101696,0.16224,9.61708,0.02126,0.58942,-0.79744,0.12588,-0.02884,
1540581220093527040,0.15822,9.63564,0.02023,0.58917,-0.79734,0.12775,-0.02853,
1540581220126188288,0.15504,9.65697,0.01695,0.58907,-0.79714,0.12945,-0.02834,
1540581220159216640,0.15033,9.67419,0.01362,0.58945,-0.79675,0.13002,-0.02881,
1540581220192387840,0.14436,9.69127,0.01292,0.58931,-0.79715,0.12794,-0.02981,
1540581220226110464,0.14152,9.70505,0.01646,0.58898,-0.79760,0.12673,-0.02963,
1540581220261459456,0.14068,9.71762,0.01819,0.58893,-0.79768,0.12652,-0.02946,
1540581220294015488,0.13710,9.73273,0.01906,0.58859,-0.79782,0.12715,-0.02949,
1540581220326309632,0.13434,9.75392,0.01515,0.58885,-0.79763,0.12732,-0.02902,
1540581220359951616,0.13140,9.77084,0.01280,0.58986,-0.79766,0.12187,-0.03073,
1540581220393900288,0.13087,9.78959,0.00513,0.59093,-0.79816,0.11212,-0.03422,
1540581220426610432,0.13024,9.80559,0.00210,0.59207,-0.79827,0.10420,-0.03694,
1540581220459933184,0.13452,9.81426,0.00174,0.59329,-0.79795,0.09887,-0.03879,
1540581220493540608,0.13912,9.82496,-0.00017,0.59411,-0.79728,0.09871,-0.04044,
1540581220526528000,0.14190,9.84419,-0.00172,0.59446,-0.79631,0.10423,-0.04042,
1540581220561185024,0.14330,9.86162,-0.00390,0.59531,-0.79455,0.11335,-0.03818,
1540581220592890112,0.14766,9.88318,-0.00132,0.59501,-0.79395,0.11912,-0.03772,
1540581220626932224,0.15266,9.90683,-0.00462,0.59508,-0.79340,0.12211,-0.03839,
1540581220659838464,0.15947,9.92983,-0.00238,0.59575,-0.79196,0.12865,-0.03642,
1540581220692797952,0.16891,9.95161,-0.00301,0.59645,-0.79055,0.13443,-0.03470,
1540581220726018816,0.17640,9.98315,-0.00346,0.59631,-0.79026,0.13664,-0.03503,
1540581220759813888,0.17870,10.00909,-0.01066,0.59774,-0.78928,0.13606,-0.03500,
1540581220793786880,0.18461,10.02391,-0.00585,0.59740,-0.79094,0.12700,-0.03738,
1540581220826801664,0.19545,10.04145,-0.00158,0.59626,-0.79315,0.11727,-0.04051,
1540581220860381184,0.20755,10.05040,0.00623,0.59533,-0.79441,0.11299,-0.04149,
1540581220893597952,0.22046,10.07238,0.00820,0.59351,-0.79584,0.11234,-0.04194,
1540581220927257856,0.23012,10.09101,0.01370,0.59211,-0.79683,0.11259,-0.04230,
1540581220959647744,0.23884,10.11359,0.01748,0.59124,-0.79737,0.11333,-0.04222,
1540581220998850048,0.24841,10.12934,0.01704,0.59118,-0.79767,0.11122,-0.04318,
1540581221026503168,0.25813,10.14925,0.01617,0.59074,-0.79825,0.10875,-0.04469,
1540581221059459840,0.26691,10.16901,0.01256,0.59095,-0.79840,0.10557,-0.04694,
1540581221092824064,0.27779,10.18273,0.00881,0.59133,-0.79831,0.10314,-0.04893,
1540581221126873856,0.28798,10.19545,0.01292,0.59085,-0.79860,0.10271,-0.05083,
1540581221159653376,0.29342,10.21064,0.01524,0.59072,-0.79815,0.10665,-0.05130,
1540581221193401600,0.30014,10.22867,0.01074,0.59096,-0.79734,0.11141,-0.05104,
1540581221226609152,0.30514,10.24489,0.01040,0.59071,-0.79722,0.11297,-0.05239,
1540581221259957248,0.30561,10.26025,0.01241,0.59075,-0.79710,0.11251,-0.05477,
1540581221294166528,0.30864,10.27715,0.00804,0.59156,-0.79670,0.10989,-0.05704,
1540581221327063552,0.31456,10.29216,0.00025,0.59245,-0.79642,0.10560,-0.05973,
1540581221360585216,0.31949,10.30746,-0.00325,0.59291,-0.79632,0.10227,-0.06217,
1540581221394483456,0.32353,10.32353,-0.00424,0.59361,-0.79578,0.10226,-0.06254,
1540581221427325440,0.32848,10.33690,-0.00488,0.59448,-0.79509,0.10276,-0.06219,
1540581221459987968,0.33055,10.35621,-0.00468,0.59499,-0.79467,0.10317,-0.06204,
1540581221493559808,0.33224,10.37828,-0.00488,0.59585,-0.79414,0.10269,-0.06129,
1540581221528626432,0.33999,10.39630,-0.01049,0.59709,-0.79353,0.10093,-0.06014,
1540581221560913920,0.34587,10.41777,-0.00991,0.59701,-0.79371,0.10019,-0.05972,
1540581221594162176,0.34586,10.44043,-0.00592,0.59667,-0.79391,0.10102,-0.05901,
1540581221627944704,0.34712,10.46131,-0.00239,0.59608,-0.79444,0.10121,-0.05762,
1540581221661097728,0.35132,10.48480,0.00029,0.59475,-0.79559,0.10039,-0.05685,
1540581221695221248,0.35689,10.51067,0.00138,0.59325,-0.79669,0.10110,-0.05591,
1540581221728804352,0.35792,10.53461,0.00597,0.59163,-0.79757,0.10445,-0.05433,
1540581221763651328,0.35868,10.55825,0.01605,0.58988,-0.79862,0.10695,-0.05301,
1540581221797303808,0.35866,10.58133,0.01920,0.58913,-0.79913,0.10770,-0.05216,
1540581221828624128,0.36005,10.60517,0.01899,0.58877,-0.79937,0.10828,-0.05130,
1540581221862060288,0.36029,10.62376,0.01844,0.58884,-0.79930,0.10863,-0.05087,
1540581221897758720,0.36109,10.64227,0.01825,0.58874,-0.79926,0.10996,-0.04982,
1540581221929458688,0.35971,10.66308,0.01517,0.58892,-0.79902,0.11112,-0.04888,
1540581221961817856,0.35692,10.67687,0.01122,0.58947,-0.79867,0.11105,-0.04812,
1540581221995903744,0.35824,10.68391,0.01844,0.58855,-0.79964,0.10927,-0.04738,
1540581222030138880,0.36229,10.69844,0.02416,0.58723,-0.80075,0.10852,-0.04667,
1540581222062989056,0.36310,10.71630,0.02058,0.58709,-0.80070,0.11002,-0.04578,
1540581222097431296,0.36174,10.73171,0.02053,0.58679,-0.80077,0.11149,-0.04479,
1540581222131008256,0.35742,10.75249,0.01919,0.58666,-0.80112,0.10940,-0.04543,
1540581222163602176,0.35517,10.76894,0.01504,0.58771,-0.80113,0.10285,-0.04696,
1540581222197274880,0.35762,10.78275,0.01275,0.58837,-0.80147,0.09555,-0.04834,
1540581222230866944,0.36487,10.79798,0.01220,0.58869,-0.80190,0.08880,-0.05011,
1540581222266570496,0.37159,10.81547,0.01071,0.58910,-0.80163,0.08893,-0.04939,
1540581222297785856,0.37590,10.83499,0.00918,0.58973,-0.80076,0.09360,-0.04726,
1540581222331155712,0.37823,10.85472,0.00843,0.59025,-0.80009,0.09641,-0.04656,
1540581222366112768,0.37827,10.87940,0.00884,0.59032,-0.79990,0.09744,-0.04667,
1540581222399262720,0.38406,10.90158,0.01058,0.59086,-0.79953,0.09759,-0.04608,
1540581222434348288,0.39309,10.92172,0.00943,0.59160,-0.79888,0.09844,-0.04588,
1540581222466336512,0.40229,10.94446,0.01156,0.59143,-0.79857,0.10243,-0.04482,
1540581222499811584,0.40689,10.97009,0.01362,0.59120,-0.79793,0.10956,-0.04234,
1540581222533838592,0.40961,10.99585,0.01413,0.59080,-0.79787,0.11257,-0.04109,
1540581222566933504,0.41684,11.01753,0.01311,0.59014,-0.79869,0.11018,-0.04098,
1540581222600555264,0.42953,11.03884,0.01866,0.58825,-0.80074,0.10491,-0.04201,
1540581222634522880,0.44122,11.06242,0.02398,0.58648,-0.80236,0.10221,-0.04262,
1540581222667981568,0.45346,11.08491,0.02217,0.58560,-0.80289,0.10355,-0.04148,
1540581222701374208,0.46653,11.10752,0.02162,0.58440,-0.80368,0.10421,-0.04147,
1540581222734915584,0.47566,11.12598,0.02960,0.58337,-0.80419,0.10578,-0.04207,
1540581222768472832,0.48278,11.14392,0.03143,0.58330,-0.80401,0.10711,-0.04301,
1540581222802145024,0.49239,11.16344,0.02578,0.58348,-0.80383,0.10691,-0.04446,
1540581222835988736,0.50219,11.18546,0.02334,0.58311,-0.80403,0.10645,-0.04669,
1540581222869635328,0.50989,11.20171,0.02064,0.58378,-0.80335,0.10696,-0.04882,
1540581222902824448,0.51977,11.21729,0.01420,0.58436,-0.80255,0.10900,-0.05053,
1540581222940042752,0.52581,11.23001,0.01680,0.58433,-0.80175,0.11441,-0.05154,
1540581222970488576,0.52820,11.24253,0.02242,0.58432,-0.80087,0.12031,-0.05204,
1540581223004078592,0.52694,11.25978,0.01683,0.58506,-0.79968,0.12397,-0.05340,
1540581223038021888,0.52561,11.27158,0.02196,0.58477,-0.80005,0.12168,-0.05629,
1540581223072355072,0.52699,11.29237,0.01971,0.58499,-0.80044,0.11594,-0.06031,
1540581223104427776,0.53213,11.30640,0.01323,0.58611,-0.80004,0.11174,-0.06269,
1540581223139289088,0.53824,11.32348,0.00979,0.58651,-0.79976,0.11078,-0.06421,
1540581223171810560,0.53821,11.34371,0.00928,0.58696,-0.79903,0.11356,-0.06429,
1540581223207941632,0.53614,11.36160,0.01230,0.58782,-0.79811,0.11635,-0.06292,
1540581223238658304,0.53941,11.38398,0.01023,0.58829,-0.79807,0.11414,-0.06302,
1540581223272391936,0.54238,11.40655,0.00751,0.58890,-0.79805,0.11083,-0.06345,
1540581223307471104,0.54674,11.42735,0.00535,0.58943,-0.79792,0.10979,-0.06204,
1540581223340817152,0.55394,11.44726,0.00733,0.58935,-0.79792,0.11161,-0.05948,
1540581223378502656,0.55833,11.47125,0.00714,0.58912,-0.79754,0.11696,-0.05641,
1540581223441976576,0.56528,11.51196,0.02541,0.58601,-0.79836,0.12967,-0.04909,
1540581223474070784,0.57036,11.54076,0.02756,0.58403,-0.79893,0.13590,-0.04631,
1540581223507161088,0.57429,11.56083,0.03063,0.58251,-0.79903,0.14271,-0.04315,
1540581223541995008,0.57920,11.58966,0.03044,0.58067,-0.79912,0.15029,-0.04056,
1540581223574916352,0.57716,11.61259,0.03371,0.57977,-0.79864,0.15660,-0.03905,
1540581223613848832,0.57522,11.63030,0.03253,0.58034,-0.79727,0.16181,-0.03732,
1540581223676748544,0.56439,11.66755,0.02675,0.58095,-0.79735,0.15837,-0.04050,
1540581223713971968,0.55957,11.67314,0.02940,0.58188,-0.79819,0.14993,-0.04274,
1540581223776184576,0.56161,11.69741,0.03259,0.58126,-0.80093,0.13539,-0.04825,
1540581223809991936,0.55909,11.71447,0.03199,0.58141,-0.80123,0.13230,-0.04982,
1540581223845123584,0.55868,11.72818,0.02862,0.58203,-0.80120,0.12969,-0.05001,
1540581223912850688,0.56165,11.75904,0.03102,0.58197,-0.80308,0.11650,-0.05288,
1540581223948435712,0.57024,11.77638,0.02449,0.58258,-0.80335,0.11103,-0.05388,
1540581223994688768,0.57485,11.79190,0.02433,0.58292,-0.80301,0.11148,-0.05429,
1540581224047281664,0.58675,11.83031,0.01700,0.58485,-0.80011,0.12365,-0.04992,
1540581224095279360,0.58615,11.84962,0.01334,0.58645,-0.79776,0.13203,-0.04715,
1540581224128453376,0.59104,11.86754,0.00823,0.58809,-0.79607,0.13554,-0.04523,
1540581224162273792,0.59545,11.88577,0.00887,0.58888,-0.79517,0.13779,-0.04397,
1540581224195490304,0.60148,11.90056,0.00678,0.59037,-0.79349,0.14198,-0.04103,
1540581224228792576,0.60848,11.91793,0.00567,0.59138,-0.79175,0.14831,-0.03748,
1540581224261441536,0.61448,11.93820,0.00541,0.59198,-0.79065,0.15228,-0.03537,
1540581224295071232,0.62061,11.95685,0.00351,0.59259,-0.78999,0.15371,-0.03368,
1540581224329668608,0.62734,11.97316,0.00822,0.59214,-0.79067,0.15203,-0.03316,
1540581224361632768,0.63619,11.99387,0.01257,0.59165,-0.79162,0.14871,-0.03416,
1540581224395141632,0.64544,12.01461,0.00991,0.59170,-0.79167,0.14828,-0.03426,
1540581224428404224,0.65156,12.03056,0.01109,0.59040,-0.79226,0.15045,-0.03340,
1540581224471774464,0.65794,12.05459,0.01427,0.58830,-0.79460,0.14561,-0.03622,
1540581224530763264,0.67284,12.08793,0.01846,0.58808,-0.79618,0.13666,-0.03974,
1540581224568045056,0.67928,12.10584,0.02007,0.58685,-0.79709,0.13613,-0.04161,
1540581224596569088,0.68739,12.12886,0.01764,0.58646,-0.79732,0.13597,-0.04315,
1540581224628554496,0.69157,12.14805,0.01498,0.58699,-0.79713,0.13379,-0.04619,
1540581224662205440,0.69711,12.16129,0.01105,0.58761,-0.79688,0.13150,-0.04901,
1540581224695603712,0.70151,12.17877,0.01184,0.58714,-0.79719,0.13048,-0.05232,
1540581224731109632,0.70495,12.19301,0.01034,0.58808,-0.79592,0.13324,-0.05403,
1540581224762249728,0.71007,12.20853,0.00908,0.58854,-0.79487,0.13693,-0.05534,
1540581224795136000,0.70875,12.22464,0.00606,0.58916,-0.79359,0.14085,-0.05716,
1540581224828717824,0.70762,12.24192,0.00566,0.58925,-0.79310,0.14284,-0.05806,
1540581224862037760,0.70799,12.26134,0.00409,0.58992,-0.79291,0.14057,-0.05947,
1540581224895247616,0.70807,12.27216,0.00010,0.59107,-0.79281,0.13540,-0.06133,
1540581224930107136,0.71236,12.28852,-0.00036,0.59094,-0.79337,0.13255,-0.06157,
1540581224963742976,0.71517,12.30970,-0.00313,0.59203,-0.79278,0.13137,-0.06119,
1540581224997056000,0.71656,12.32676,-0.00696,0.59332,-0.79202,0.13075,-0.05988,
1540581225029289472,0.72088,12.34347,-0.00703,0.59373,-0.79181,0.13140,-0.05712,
1540581225062323968,0.72391,12.36578,-0.00535,0.59428,-0.79140,0.13223,-0.05503,
1540581225096183296,0.72831,12.38803,-0.00970,0.59559,-0.79035,0.13389,-0.05187,
1540581225128967424,0.73470,12.40443,-0.01129,0.59597,-0.78978,0.13701,-0.04782,
1540581225162603008,0.73863,12.42756,-0.00401,0.59497,-0.78987,0.14210,-0.04396,
1540581225195775232,0.74004,12.45050,-0.00132,0.59481,-0.78932,0.14685,-0.04004,
1540581225229458688,0.74328,12.47026,0.00175,0.59371,-0.78982,0.14953,-0.03633,
1540581225262144512,0.74548,12.49794,0.00582,0.59212,-0.79114,0.14913,-0.03534,
1540581225295427584,0.74444,12.52093,0.01098,0.59190,-0.79150,0.14829,-0.03454,
1540581225334124032,0.74474,12.53802,0.00923,0.59198,-0.79183,0.14634,-0.03391,
1540581225363056128,0.74553,12.55929,0.01003,0.59078,-0.79311,0.14413,-0.03452,
1540581225396233984,0.74294,12.58323,0.00979,0.59080,-0.79333,0.14260,-0.03540,
1540581225430384128,0.74287,12.59991,0.00793,0.59135,-0.79345,0.13942,-0.03616,
1540581225462764288,0.74456,12.61856,0.00890,0.59047,-0.79484,0.13449,-0.03860,
1540581225495786752,0.74299,12.63648,0.01316,0.59003,-0.79533,0.13318,-0.03966,
1540581225530191104,0.74559,12.65128,0.01355,0.58974,-0.79529,0.13522,-0.03801,
1540581225563490816,0.74963,12.67062,0.01662,0.58862,-0.79580,0.13713,-0.03773,
1540581225596650240,0.74935,12.69197,0.01420,0.58876,-0.79506,0.14099,-0.03695,
1540581225629773824,0.74906,12.71522,0.01082,0.58912,-0.79407,0.14569,-0.03423,
1540581225662988544,0.74691,12.73634,0.00803,0.59033,-0.79358,0.14338,-0.03440,
1540581225696600320,0.74747,12.75234,0.00248,0.59203,-0.79332,0.13744,-0.03538,
1540581225729688064,0.75444,12.77019,0.00411,0.59244,-0.79429,0.12950,-0.03681,
1540581225763451136,0.76396,12.78215,0.00673,0.59363,-0.79378,0.12733,-0.03597,
1540581225795827200,0.77439,12.79966,0.00547,0.59418,-0.79297,0.13044,-0.03367,
1540581225829163520,0.78374,12.82382,0.00567,0.59408,-0.79195,0.13772,-0.03029,
1540581225862572032,0.79198,12.84810,0.00635,0.59430,-0.79023,0.14725,-0.02571,
1540581225896119552,0.80315,12.86916,0.00710,0.59424,-0.78864,0.15653,-0.02064,
1540581225929891328,0.81306,12.89805,0.00977,0.59298,-0.78808,0.16438,-0.01656,
1540581225963426048,0.81824,12.92646,0.01439,0.59219,-0.78867,0.16450,-0.01568,
1540581225996427264,0.82822,12.94895,0.01609,0.59185,-0.78999,0.15931,-0.01545,
1540581226029359872,0.84472,12.96491,0.01650,0.59087,-0.79221,0.15169,-0.01656,
1540581226063297024,0.85923,12.98224,0.01987,0.58917,-0.79385,0.14962,-0.01717,
1540581226096403968,0.87273,13.00252,0.02536,0.58748,-0.79451,0.15282,-0.01622,
1540581226131508736,0.88061,13.02500,0.02384,0.58678,-0.79441,0.15593,-0.01675,
1540581226164033536,0.88409,13.04659,0.02260,0.58635,-0.79482,0.15518,-0.01920,
1540581226197606656,0.89042,13.06702,0.02107,0.58632,-0.79594,0.14884,-0.02354,
1540581226230220544,0.89744,13.07801,0.01854,0.58709,-0.79655,0.14151,-0.02848,
1540581226265231872,0.90127,13.08428,0.01935,0.58732,-0.79692,0.13732,-0.03341,
1540581226298183424,0.90574,13.09463,0.02237,0.58722,-0.79646,0.13972,-0.03616,
1540581226331626496,0.91278,13.11505,0.01821,0.58722,-0.79560,0.14399,-0.03810,
1540581226365900032,0.91454,13.13176,0.01716,0.58736,-0.79452,0.14890,-0.03981,
1540581226399782144,0.91570,13.15020,0.01840,0.58733,-0.79400,0.15107,-0.04215,
1540581226433534464,0.92002,13.16404,0.01456,0.58833,-0.79313,0.15117,-0.04433,
1540581226465893120,0.92725,13.17612,0.01349,0.58859,-0.79286,0.15099,-0.04612,
1540581226500397568,0.93298,13.19140,0.01123,0.58905,-0.79214,0.15254,-0.04762,
1540581226532851712,0.93488,13.20572,0.01016,0.58976,-0.79122,0.15426,-0.04863,
1540581226566737152,0.93743,13.22089,0.01305,0.59019,-0.79086,0.15423,-0.04936,
1540581226598733568,0.94202,13.23285,0.01013,0.59110,-0.79054,0.15200,-0.05042,
1540581226632841472,0.94718,13.25502,0.00787,0.59092,-0.79119,0.14853,-0.05262,
1540581226665981184,0.94674,13.27688,0.00508,0.59188,-0.79102,0.14481,-0.05473,
1540581226699685120,0.94890,13.29013,0.00181,0.59303,-0.79124,0.13770,-0.05734,
1540581226732866048,0.95333,13.30711,0.00429,0.59264,-0.79254,0.13051,-0.06024,
1540581226767248128,0.95699,13.32743,0.00506,0.59266,-0.79297,0.12695,-0.06197,
1540581226799879936,0.96067,13.34146,0.00114,0.59282,-0.79307,0.12487,-0.06333,
1540581226833871104,0.96296,13.36061,0.00654,0.59110,-0.79416,0.12558,-0.06428,
1540581226867419648,0.95993,13.38078,0.01555,0.58954,-0.79490,0.12792,-0.06485,
1540581226901289728,0.95889,13.40536,0.01336,0.58857,-0.79562,0.12727,-0.06618,
1540581226934775040,0.95998,13.42573,0.01646,0.58688,-0.79718,0.12405,-0.06841,
1540581226968785920,0.96026,13.45085,0.01890,0.58540,-0.79853,0.12087,-0.07109,
1540581227004214272,0.96228,13.47147,0.01672,0.58483,-0.79912,0.11840,-0.07318,
1540581227035533568,0.96791,13.49321,0.01751,0.58409,-0.79955,0.11856,-0.07417,
1540581227069351680,0.96590,13.51144,0.01893,0.58413,-0.79886,0.12291,-0.07421,
1540581227102884096,0.96466,13.53199,0.01502,0.58457,-0.79775,0.12865,-0.07296,
1540581227136440576,0.96245,13.54587,0.01378,0.58478,-0.79703,0.13269,-0.07184,
1540581227170500608,0.95777,13.56466,0.01685,0.58430,-0.79700,0.13538,-0.07110,
1540581227205012736,0.95376,13.57924,0.01691,0.58446,-0.79706,0.13452,-0.07076,
1540581227238020352,0.95445,13.59704,0.01140,0.58449,-0.79769,0.13029,-0.07132,
1540581227270678272,0.95234,13.61507,0.00974,0.58453,-0.79818,0.12686,-0.07170,
1540581227303929088,0.94948,13.62729,0.00717,0.58556,-0.79798,0.12335,-0.07157,
1540581227339191040,0.94784,13.63988,0.00670,0.58597,-0.79843,0.11820,-0.07195,
1540581227371918848,0.94532,13.65493,0.00643,0.58642,-0.79882,0.11263,-0.07286,
1540581227404928512,0.94216,13.66828,0.00561,0.58727,-0.79904,0.10559,-0.07410,
1540581227440057600,0.94254,13.68045,0.00302,0.58817,-0.79921,0.09880,-0.07454,
1540581227472337920,0.94554,13.69242,0.00411,0.58843,-0.79952,0.09483,-0.07430,
1540581227505721600,0.95110,13.70703,0.00357,0.58909,-0.79916,0.09503,-0.07272,
1540581227539603456,0.95386,13.72193,0.00449,0.58977,-0.79819,0.10186,-0.06843,
1540581227573279744,0.95944,13.74369,0.00559,0.59043,-0.79687,0.11164,-0.06271,
1540581227606682112,0.96138,13.76501,0.00771,0.59095,-0.79570,0.11925,-0.05839,
1540581227641519104,0.96327,13.79035,0.00680,0.59160,-0.79451,0.12640,-0.05289,
1540581227674422528,0.96983,13.81262,0.00210,0.59258,-0.79337,0.13109,-0.04730,
1540581227707230208,0.97445,13.83486,0.00123,0.59281,-0.79301,0.13359,-0.04325,
1540581227741610496,0.97693,13.85687,0.00027,0.59337,-0.79252,0.13539,-0.03864,
1540581227774912000,0.98139,13.87618,-0.00084,0.59388,-0.79265,0.13344,-0.03470,
1540581227808989184,0.98623,13.89344,-0.00053,0.59390,-0.79379,0.12701,-0.03252,
1540581227842788096,0.99650,13.90958,0.00160,0.59337,-0.79533,0.12023,-0.03005,
1540581227875430144,1.00757,13.91753,0.01286,0.59273,-0.79632,0.11747,-0.02734,
1540581227909610496,1.01712,13.92483,0.01773,0.59177,-0.79681,0.11990,-0.02301,
1540581227943171328,1.02750,13.95314,0.02138,0.58916,-0.79816,0.12433,-0.01935,
1540581227977487872,1.03384,13.97785,0.02362,0.58844,-0.79811,0.12839,-0.01633,
1540581228009986816,1.03987,13.99933,0.02316,0.58841,-0.79795,0.12977,-0.01460,
1540581228044072960,1.04908,14.01350,0.02284,0.58825,-0.79808,0.12980,-0.01356,
1540581228078087936,1.05686,14.03220,0.02606,0.58722,-0.79869,0.13064,-0.01384,
1540581228111581184,1.06124,14.05121,0.02661,0.58707,-0.79855,0.13210,-0.01467,
1540581228144284928,1.06459,14.06666,0.02680,0.58692,-0.79857,0.13248,-0.01623,
1540581228177954304,1.07227,14.08262,0.02298,0.58640,-0.79889,0.13251,-0.01864,
1540581228212144128,1.07834,14.09925,0.02197,0.58575,-0.79888,0.13505,-0.02101,
1540581228246557184,1.07801,14.11006,0.02415,0.58560,-0.79799,0.14058,-0.02275,
1540581228278817280,1.07924,14.12625,0.02736,0.58485,-0.79763,0.14534,-0.02470,
1540581228313555200,1.07915,14.14262,0.02598,0.58504,-0.79690,0.14804,-0.02751,
1540581228345550848,1.08274,14.15596,0.02357,0.58544,-0.79626,0.14955,-0.02953,
1540581228379911936,1.08584,14.17314,0.01981,0.58586,-0.79563,0.15069,-0.03212,
1540581228414076928,1.08674,14.18451,0.01565,0.58694,-0.79453,0.15177,-0.03444,
1540581228482545920,1.08558,14.21294,0.02056,0.58680,-0.79519,0.14710,-0.04117,
1540581228513603328,1.08962,14.23691,0.01384,0.58717,-0.79585,0.14082,-0.04490,
1540581228547481856,1.09361,14.25379,0.00939,0.58798,-0.79629,0.13316,-0.04963,
1540581228581733888,1.09689,14.26644,0.00961,0.58847,-0.79646,0.12858,-0.05322,
1540581228615682816,1.10110,14.28602,0.01040,0.58852,-0.79636,0.12797,-0.05550,
1540581228683566336,1.10679,14.32641,0.01572,0.58812,-0.79555,0.13380,-0.05759,
1540581228715506176,1.10885,14.35451,0.01410,0.58724,-0.79569,0.13655,-0.05806,
1540581228749871616,1.10818,14.37638,0.01947,0.58617,-0.79642,0.13642,-0.05922,
1540581228799661824,1.10976,14.40027,0.02160,0.58454,-0.79829,0.13097,-0.06241,
1540581228831728896,1.11239,14.41929,0.02533,0.58289,-0.79983,0.12805,-0.06412,
1540581228864876288,1.11350,14.44122,0.02579,0.58155,-0.80096,0.12567,-0.06683,
1540581228899049984,1.11395,14.46304,0.02524,0.58079,-0.80124,0.12677,-0.06802,
1540581228931233280,1.11363,14.48203,0.02200,0.58057,-0.80101,0.12874,-0.06890,
1540581228965897472,1.11106,14.50156,0.02091,0.58039,-0.80078,0.13016,-0.07042,
1540581228998425088,1.10707,14.51388,0.02174,0.58113,-0.79976,0.13311,-0.07039,
1540581229032338432,1.10471,14.52597,0.02394,0.58096,-0.79941,0.13642,-0.06941,
1540581229065451008,1.10257,14.54458,0.02529,0.58075,-0.79926,0.13871,-0.06833,
1540581229099627520,1.10072,14.56347,0.02307,0.58172,-0.79876,0.13807,-0.06725,
1540581229131560192,1.09887,14.57865,0.01773,0.58258,-0.79866,0.13565,-0.06595,
1540581229166344960,1.10012,14.59649,0.01858,0.58246,-0.79948,0.13204,-0.06431,
1540581229198457600,1.10045,14.61240,0.01683,0.58403,-0.79909,0.12835,-0.06241,
1540581229232385024,1.10082,14.62061,0.01284,0.58600,-0.79834,0.12526,-0.05983,
1540581229265947904,1.10142,14.63277,0.01187,0.58643,-0.79838,0.12411,-0.05729,
1540581229299567872,1.10294,14.64876,0.01326,0.58740,-0.79773,0.12529,-0.05381,
1540581229331992832,1.10548,14.66598,0.00757,0.58937,-0.79626,0.12657,-0.05094,
1540581229365760512,1.10647,14.67742,0.00817,0.59041,-0.79536,0.12852,-0.04797,
1540581229398542848,1.10665,14.69402,0.00842,0.59099,-0.79463,0.13160,-0.04457,
1540581229432814848,1.10911,14.71492,0.00800,0.59179,-0.79375,0.13467,-0.04026,
1540581229465266688,1.11163,14.73509,0.00389,0.59273,-0.79319,0.13464,-0.03744,
1540581229498670336,1.11569,14.75608,0.00356,0.59300,-0.79320,0.13416,-0.03439,
1540581229531992320,1.11992,14.77853,0.00354,0.59352,-0.79294,0.13420,-0.03113,
1540581229565540352,1.12524,14.79936,0.00306,0.59420,-0.79277,0.13286,-0.02804,
1540581229598715136,1.13138,14.83117,-0.00618,0.59438,-0.79323,0.12983,-0.02539,
1540581229632034048,1.13524,14.85660,-0.00824,0.59446,-0.79401,0.12498,-0.02344,
1540581229666452480,1.14388,14.85875,0.00872,0.59398,-0.79573,0.11604,-0.02305,
1540581229698606848,1.15307,14.87692,0.01178,0.59292,-0.79746,0.10953,-0.02247,
1540581229733265920,1.15958,14.89847,0.01567,0.59168,-0.79863,0.10808,-0.02067,
1540581229765705728,1.16525,14.91812,0.01499,0.59107,-0.79936,0.10610,-0.02011,
1540581229798298880,1.17094,14.94091,0.01764,0.58973,-0.80075,0.10291,-0.02054,
1540581229832508160,1.17572,14.96070,0.01626,0.58998,-0.80088,0.10043,-0.02069,
1540581229865582080,1.17996,14.97681,0.01142,0.59046,-0.80085,0.09760,-0.02156,
1540581229905441536,1.18505,14.99135,0.00994,0.58992,-0.80174,0.09293,-0.02383,
1540581229931985664,1.19119,15.01138,0.00998,0.58942,-0.80236,0.09029,-0.02559,
1540581229970428416,1.19681,15.02154,0.00731,0.59017,-0.80196,0.08813,-0.02811,
1540581230033760512,1.21109,15.04083,0.00840,0.59012,-0.80106,0.09644,-0.02772,
1540581230065362176,1.21524,15.05702,0.00843,0.59023,-0.80023,0.10256,-0.02727,
1540581230098817280,1.21877,15.05962,0.00922,0.59129,-0.79886,0.10718,-0.02674,
1540581230132932864,1.22326,15.06996,0.01221,0.59108,-0.79895,0.10728,-0.02818,
1540581230165792000,1.23024,15.08634,0.00850,0.59173,-0.79840,0.10753,-0.02911,
1540581230205681920,1.23586,15.09531,0.00438,0.59329,-0.79695,0.10948,-0.02992,
1540581230266781184,1.25297,15.12456,-0.00068,0.59384,-0.79549,0.11644,-0.03131,
1540581230303878912,1.25347,15.13800,-0.00217,0.59536,-0.79375,0.12017,-0.03265,
1540581230332588544,1.26061,15.14643,-0.00581,0.59599,-0.79323,0.12000,-0.03430,
1540581230366045184,1.26777,15.16336,-0.00674,0.59565,-0.79353,0.11861,-0.03804,
1540581230398829056,1.26886,15.17401,-0.00581,0.59648,-0.79257,0.11969,-0.04147,
1540581230432620544,1.27272,15.18378,-0.00592,0.59680,-0.79191,0.12138,-0.04450,
1540581230465655296,1.27616,15.19565,-0.00137,0.59587,-0.79236,0.12126,-0.04902,
1540581230498848512,1.27551,15.21380,-0.00033,0.59505,-0.79267,0.12076,-0.05477,
1540581230536367360,1.28021,15.23344,-0.00196,0.59392,-0.79333,0.11920,-0.06056,
1540581230570925056,1.28115,15.25397,0.00175,0.59174,-0.79476,0.11672,-0.06772,
1540581230599905792,1.28395,15.27873,0.00039,0.59061,-0.79531,0.11521,-0.07341,
1540581230635327744,1.28598,15.29796,-0.00182,0.58966,-0.79569,0.11344,-0.07936,
1540581230668918016,1.28484,15.31702,0.00401,0.58780,-0.79670,0.11060,-0.08669,
1540581230704423936,1.28224,15.33576,0.00632,0.58708,-0.79684,0.10748,-0.09395,
1540581230734756352,1.28459,15.34965,0.00352,0.58682,-0.79660,0.10583,-0.09931,
1540581230769962752,1.28993,15.37064,-0.00443,0.58619,-0.79622,0.10769,-0.10401,
1540581230800591360,1.29156,15.38354,-0.00254,0.58544,-0.79572,0.11255,-0.10684,
1540581230833804032,1.28860,15.40144,-0.00094,0.58516,-0.79466,0.11978,-0.10843,
1540581230868263424,1.28586,15.41739,-0.00291,0.58488,-0.79407,0.12331,-0.11029,
1540581230903532544,1.28599,15.43397,-0.00264,0.58374,-0.79465,0.12292,-0.11253,
1540581230939166208,1.28956,15.45469,-0.00852,0.58346,-0.79488,0.12150,-0.11390,
1540581230970112512,1.29242,15.46447,-0.01053,0.58383,-0.79464,0.12127,-0.11396,
1540581231000357632,1.29234,15.46528,-0.00654,0.58418,-0.79428,0.12277,-0.11306,
1540581231034890752,1.29100,15.47956,-0.00621,0.58443,-0.79387,0.12593,-0.11116,
1540581231070599424,1.28921,15.49152,-0.00893,0.58584,-0.79302,0.12683,-0.10872,
1540581231100899584,1.28939,15.49973,-0.00943,0.58674,-0.79294,0.12470,-0.10690,
1540581231134588672,1.29321,15.50586,-0.01066,0.58775,-0.79291,0.12215,-0.10455,
1540581231168049664,1.29800,15.51358,-0.01029,0.58860,-0.79287,0.12052,-0.10192,
1540581231204084992,1.30012,15.51949,-0.00917,0.58952,-0.79266,0.11963,-0.09922,
1540581231235409152,1.30409,15.53558,-0.01557,0.59063,-0.79204,0.12103,-0.09584,
1540581231270246656,1.30454,15.53265,-0.00618,0.59154,-0.79152,0.12318,-0.09168,
1540581231303308544,1.30514,15.54272,-0.00238,0.59158,-0.79166,0.12428,-0.08871,
1540581231336561152,1.30352,15.55257,-0.00079,0.59214,-0.79131,0.12634,-0.08504,
1540581231370671872,1.30524,15.56778,-0.00324,0.59224,-0.79146,0.12798,-0.08043,
1540581231403741440,1.30667,15.58566,-0.00515,0.59190,-0.79250,0.12387,-0.07904,
1540581231437234944,1.30626,15.59679,-0.00407,0.59196,-0.79329,0.11930,-0.07770,
1540581231471225088,1.30953,15.59918,-0.00120,0.59201,-0.79411,0.11468,-0.07594,
1540581231505446656,1.31088,15.60752,-0.00106,0.59120,-0.79539,0.11049,-0.07509,
1540581231537734400,1.31342,15.62256,-0.00019,0.59014,-0.79675,0.10686,-0.07421,
1540581231571057152,1.31603,15.63507,-0.00281,0.59003,-0.79732,0.10315,-0.07423,
1540581231605325568,1.31791,15.63880,-0.00164,0.58983,-0.79784,0.09995,-0.07452,
1540581231638874624,1.31979,15.64641,-0.00259,0.58935,-0.79832,0.09900,-0.07452,
1540581231674097408,1.31790,15.64820,0.00010,0.58912,-0.79847,0.09917,-0.07448,
1540581231706454528,1.31669,15.65716,0.00163,0.58849,-0.79892,0.09968,-0.07396,
1540581231739696640,1.31802,15.67080,-0.00266,0.58824,-0.79932,0.09759,-0.07450,
1540581231772942336,1.31989,15.67012,-0.00218,0.58808,-0.79968,0.09474,-0.07544,
1540581231807176192,1.32314,15.67438,-0.00321,0.58752,-0.80014,0.09404,-0.07588,
1540581231840454400,1.32384,15.67033,0.00240,0.58694,-0.80038,0.09520,-0.07639,
1540581231875537152,1.32375,15.66772,0.00583,0.58657,-0.80019,0.09899,-0.07639,
1540581231908228352,1.32346,15.67322,0.00739,0.58598,-0.80004,0.10351,-0.07649,
1540581231941189888,1.32407,15.67605,0.00648,0.58571,-0.79982,0.10617,-0.07724,
1540581231975024384,1.32002,15.68570,0.00033,0.58549,-0.79944,0.10987,-0.07762,
1540581232008666880,1.31626,15.69295,0.00066,0.58517,-0.79950,0.11022,-0.07892,
1540581232043697664,1.31783,15.69248,0.00014,0.58588,-0.79895,0.10968,-0.07993,
1540581232075609856,1.32234,15.68776,-0.00358,0.58687,-0.79780,0.11311,-0.07938,
1540581232109619712,1.31501,15.68277,0.00099,0.58696,-0.79687,0.11980,-0.07826,
1540581232143115776,1.30657,15.68732,-0.00082,0.58713,-0.79639,0.12222,-0.07807,
1540581232175810304,1.30136,15.68437,-0.00177,0.58755,-0.79649,0.11934,-0.07845,
1540581232209646848,1.30460,15.67250,0.00360,0.58721,-0.79744,0.11346,-0.08000,
1540581232243722752,1.30460,15.67250,0.00360,0.58721,-0.79744,0.11346,-0.08000,
1540581232276553472,1.30487,15.67813,-0.00180,0.58808,-0.79652,0.11609,-0.07900,
1540581232311311104,1.30487,15.67813,-0.00180,0.58808,-0.79652,0.11609,-0.07900,
1540581232344772608,1.30347,15.67822,0.00082,0.58746,-0.79715,0.11457,-0.07951,
1540581232379236096,1.30327,15.67797,0.00016,0.58705,-0.79786,0.11110,-0.08029,
1540581232412021760,1.30509,15.67543,-0.00027,0.58661,-0.79862,0.10717,-0.08129,
1540581232447208960,1.30509,15.67543,-0.00027,0.58661,-0.79862,0.10717,-0.08129,
1540581232479442944,1.30509,15.67543,-0.00027,0.58661,-0.79862,0.10717,-0.08129,
1540581232513165312,1.30425,15.67532,-0.00100,0.58650,-0.79883,0.10577,-0.08184,
1540581232546837504,1.30362,15.67209,-0.00118,0.58629,-0.79915,0.10414,-0.08235,
1540581232579429120,1.30362,15.67209,-0.00118,0.58629,-0.79915,0.10414,-0.08235,
1540581232613164032,1.30184,15.67373,-0.00082,0.58646,-0.79890,0.10482,-0.08263,
1540581232646811136,1.29922,15.67370,-0.00121,0.58699,-0.79846,0.10522,-0.08266,
1540581232680658944,1.29804,15.67066,-0.00015,0.58741,-0.79819,0.10479,-0.08288,
1540581232713763584,1.29804,15.67066,-0.00015,0.58741,-0.79819,0.10479,-0.08288,
1540581232747038720,1.29703,15.67194,-0.00076,0.58731,-0.79824,0.10504,-0.08273,
1540581232780769792,1.29425,15.67362,-0.00014,0.58725,-0.79830,0.10467,-0.08300,
1540581232815154432,1.29118,15.67618,-0.00168,0.58735,-0.79842,0.10198,-0.08451,
1540581232848130304,1.28924,15.67655,-0.00498,0.58743,-0.79864,0.09836,-0.08618,
1540581232882349824,1.28819,15.67687,-0.00525,0.58712,-0.79902,0.09569,-0.08778,
1540581232916846336,1.28819,15.67687,-0.00525,0.58712,-0.79902,0.09569,-0.08778,
1540581232949809408,1.28774,15.67454,-0.00252,0.58719,-0.79888,0.09671,-0.08743,
1540581232983525888,1.28610,15.67368,-0.00071,0.58704,-0.79883,0.09816,-0.08725,
1540581233016307712,1.28587,15.67729,-0.00194,0.58687,-0.79882,0.09929,-0.08726,
1540581233049925632,1.28419,15.68086,-0.00270,0.58666,-0.79885,0.09982,-0.08775,
1540581233083507456,1.28134,15.68262,-0.00276,0.58644,-0.79897,0.09942,-0.08864,
1540581233116824832,1.27818,15.68268,-0.00205,0.58627,-0.79912,0.09845,-0.08949,
1540581233150890496,1.27601,15.68160,0.00126,0.58588,-0.79947,0.09699,-0.09051,
1540581233185307392,1.27408,15.68222,0.00322,0.58543,-0.79986,0.09556,-0.09147,
1540581233233741568,1.27300,15.68546,0.00239,0.58499,-0.80024,0.09383,-0.09273,
1540581233284767744,1.27300,15.68546,0.00239,0.58499,-0.80024,0.09383,-0.09273,
1540581233334205952,1.27191,15.68507,0.00414,0.58482,-0.80022,0.09551,-0.09230,
1540581233367728128,1.27197,15.68714,0.00358,0.58485,-0.80007,0.09674,-0.09210,
1540581233401320960,1.27221,15.68835,0.00350,0.58489,-0.79997,0.09749,-0.09197,
1540581233434402816,1.27221,15.68835,0.00350,0.58489,-0.79997,0.09749,-0.09197,
1540581233467786496,1.27221,15.68835,0.00350,0.58489,-0.79997,0.09749,-0.09197,
1540581233501100032,1.27265,15.68939,0.00281,0.58497,-0.79990,0.09759,-0.09188,
1540581233534249472,1.27265,15.68939,0.00281,0.58497,-0.79990,0.09759,-0.09188,
1540581233568859136,1.27459,15.69332,-0.00230,0.58531,-0.79961,0.09797,-0.09182,
1540581233601634048,1.27542,15.69292,-0.00333,0.58549,-0.79945,0.09828,-0.09178,
1540581233635007744,1.27610,15.69248,-0.00358,0.58569,-0.79932,0.09810,-0.09185,
1540581233667680768,1.27610,15.69248,-0.00358,0.58569,-0.79932,0.09810,-0.09185,
1540581233700947200,1.27610,15.69248,-0.00358,0.58569,-0.79932,0.09810,-0.09185,
1540581233734837760,1.27583,15.69090,-0.00120,0.58549,-0.79947,0.09804,-0.09182,
1540581233768368896,1.27583,15.69090,-0.00120,0.58549,-0.79947,0.09804,-0.09182,
1540581233801273344,1.27583,15.69090,-0.00120,0.58549,-0.79947,0.09804,-0.09182,
1540581233834233344,1.27670,15.69090,-0.00132,0.58550,-0.79943,0.09845,-0.09173,
1540581233867463680,1.27788,15.69057,-0.00011,0.58556,-0.79930,0.09954,-0.09129,
