1540581135479661312,0.00000,0.00000,0.00000,0.60014,-0.79924,0.03239,0.00000,
1540581135514275328,-0.00029,-0.00011,0.00055,0.59994,-0.79942,0.03174,-0.00024,
1540581135545267712,-0.00083,0.00043,0.00164,0.60161,-0.79829,0.02824,0.00165,
1540581135578456320,-0.00044,0.00075,0.00131,0.60137,-0.79853,0.02649,0.00134,
1540581135611750912,0.00043,0.00467,-0.00011,0.60089,-0.79895,0.02456,0.00111,
1540581135646764544,0.00182,0.00561,0.00113,0.60037,-0.79938,0.02331,0.00116,
1540581135678489344,0.00182,0.00561,0.00113,0.60037,-0.79938,0.02331,0.00116,
1540581135712329472,0.00163,0.00689,0.00080,0.60044,-0.79934,0.02318,0.00088,
1540581135745580288,0.00126,0.00613,0.00023,0.60064,-0.79916,0.02394,0.00103,
1540581135779265536,0.00150,0.00564,0.00063,0.60035,-0.79934,0.02505,0.00150,
1540581135812585472,0.00150,0.00564,0.00063,0.60035,-0.79934,0.02505,0.00150,
1540581135846080768,0.00150,0.00564,0.00063,0.60035,-0.79934,0.02505,0.00150,
1540581135879950080,0.00150,0.00564,0.00063,0.60035,-0.79934,0.02505,0.00150,
1540581135913469184,0.00096,0.00630,0.00001,0.60023,-0.79945,0.02457,0.00138,
1540581135946876160,0.00096,0.00630,0.00001,0.60023,-0.79945,0.02457,0.00138,
1540581135979325440,0.00096,0.00630,0.00001,0.60023,-0.79945,0.02457,0.00138,
1540581136012845312,0.00096,0.00630,0.00001,0.60023,-0.79945,0.02457,0.00138,
1540581136046792960,0.00096,0.00630,0.00001,0.60023,-0.79945,0.02457,0.00138,
1540581136079365376,0.00096,0.00630,0.00001,0.60023,-0.79945,0.02457,0.00138,
1540581136112344576,0.00096,0.00630,0.00001,0.60023,-0.79945,0.02457,0.00138,
1540581136145482496,0.00096,0.00630,0.00001,0.60023,-0.79945,0.02457,0.00138,
1540581136179113472,0.00096,0.00630,0.00001,0.60023,-0.79945,0.02457,0.00138,
1540581136212144384,0.00096,0.00630,0.00001,0.60023,-0.79945,0.02457,0.00138,
1540581136245699840,0.00141,0.00717,0.00035,0.59998,-0.79962,0.02524,0.00162,
1540581136278886912,0.00215,0.00822,0.00064,0.59978,-0.79974,0.02600,0.00191,
1540581136312631296,0.00215,0.00822,0.00064,0.59978,-0.79974,0.02600,0.00191,
1540581136345654272,0.00215,0.00822,0.00064,0.59978,-0.79974,0.02600,0.00191,
1540581136379187200,0.00215,0.00822,0.00064,0.59978,-0.79974,0.02600,0.00191,
1540581136412251392,0.00215,0.00822,0.00064,0.59978,-0.79974,0.02600,0.00191,
1540581136445743104,0.00215,0.00822,0.00064,0.59978,-0.79974,0.02600,0.00191,
1540581136480246784,0.00215,0.00822,0.00064,0.59978,-0.79974,0.02600,0.00191,
1540581136512730624,0.00215,0.00822,0.00064,0.59978,-0.79974,0.02600,0.00191,
1540581136546926848,0.00215,0.00822,0.00064,0.59978,-0.79974,0.02600,0.00191,
1540581136580517888,0.00215,0.00822,0.00064,0.59978,-0.79974,0.02600,0.00191,
1540581136614050560,0.00215,0.00822,0.00064,0.59978,-0.79974,0.02600,0.00191,
1540581136647054336,0.00215,0.00822,0.00064,0.59978,-0.79974,0.02600,0.00191,
1540581136680266752,0.00215,0.00822,0.00064,0.59978,-0.79974,0.02600,0.00191,
1540581136715850496,0.00215,0.00822,0.00064,0.59978,-0.79974,0.02600,0.00191,
1540581136746636800,0.00215,0.00822,0.00064,0.59978,-0.79974,0.02600,0.00191,
1540581136782383616,0.00215,0.00822,0.00064,0.59978,-0.79974,0.02600,0.00191,
1540581136814203136,0.00215,0.00822,0.00064,0.59978,-0.79974,0.02600,0.00191,
1540581136848827904,0.00215,0.00822,0.00064,0.59978,-0.79974,0.02600,0.00191,
1540581136880747008,0.00215,0.00822,0.00064,0.59978,-0.79974,0.02600,0.00191,
1540581136915410688,0.00215,0.00822,0.00064,0.59978,-0.79974,0.02600,0.00191,
1540581136949566976,0.00215,0.00822,0.00064,0.59978,-0.79974,0.02600,0.00191,
1540581136981335552,0.00215,0.00822,0.00064,0.59978,-0.79974,0.02600,0.00191,
1540581137015298816,0.00215,0.00822,0.00064,0.59978,-0.79974,0.02600,0.00191,
1540581137052791552,0.00215,0.00822,0.00064,0.59978,-0.79974,0.02600,0.00191,
1540581137082534912,0.00215,0.00822,0.00064,0.59978,-0.79974,0.02600,0.00191,
1540581137117149184,0.00306,0.00941,0.00004,0.59971,-0.79979,0.02614,0.00207,
1540581137150781696,0.00431,0.01064,-0.00044,0.59954,-0.79989,0.02671,0.00252,
1540581137184064512,0.00431,0.01064,-0.00044,0.59954,-0.79989,0.02671,0.00252,
1540581137216663552,0.00431,0.01064,-0.00044,0.59954,-0.79989,0.02671,0.00252,
1540581137250942976,0.00431,0.01064,-0.00044,0.59954,-0.79989,0.02671,0.00252,
1540581137284236800,0.00431,0.01064,-0.00044,0.59954,-0.79989,0.02671,0.00252,
1540581137317636608,0.00431,0.01064,-0.00044,0.59954,-0.79989,0.02671,0.00252,
1540581137351337216,0.00431,0.01064,-0.00044,0.59954,-0.79989,0.02671,0.00252,
1540581137385326592,0.00431,0.01064,-0.00044,0.59954,-0.79989,0.02671,0.00252,
1540581137419009792,0.00431,0.01064,-0.00044,0.59954,-0.79989,0.02671,0.00252,
1540581137451862272,0.00431,0.01064,-0.00044,0.59954,-0.79989,0.02671,0.00252,
1540581137486205184,0.00431,0.01064,-0.00044,0.59954,-0.79989,0.02671,0.00252,
1540581137519317504,0.00431,0.01064,-0.00044,0.59954,-0.79989,0.02671,0.00252,
1540581137554085888,0.00431,0.01064,-0.00044,0.59954,-0.79989,0.02671,0.00252,
1540581137586682368,0.00431,0.01064,-0.00044,0.59954,-0.79989,0.02671,0.00252,
1540581137620141568,0.00431,0.01064,-0.00044,0.59954,-0.79989,0.02671,0.00252,
1540581137653583104,0.00431,0.01064,-0.00044,0.59954,-0.79989,0.02671,0.00252,
1540581137687403264,0.00431,0.01064,-0.00044,0.59954,-0.79989,0.02671,0.00252,
1540581137720681984,0.00431,0.01064,-0.00044,0.59954,-0.79989,0.02671,0.00252,
1540581137754495744,0.00431,0.01064,-0.00044,0.59954,-0.79989,0.02671,0.00252,
1540581137788152320,0.00431,0.01064,-0.00044,0.59954,-0.79989,0.02671,0.00252,
1540581137821904384,0.00431,0.01064,-0.00044,0.59954,-0.79989,0.02671,0.00252,
1540581137856403712,0.00431,0.01064,-0.00044,0.59954,-0.79989,0.02671,0.00252,
1540581137888675840,0.00431,0.01064,-0.00044,0.59954,-0.79989,0.02671,0.00252,
1540581137922748928,0.00431,0.01064,-0.00044,0.59954,-0.79989,0.02671,0.00252,
1540581137957828096,0.00431,0.01064,-0.00044,0.59954,-0.79989,0.02671,0.00252,
1540581137989671680,0.00431,0.01064,-0.00044,0.59954,-0.79989,0.02671,0.00252,
1540581138022764800,0.00431,0.01064,-0.00044,0.59954,-0.79989,0.02671,0.00252,
1540581138057880832,0.00431,0.01064,-0.00044,0.59954,-0.79989,0.02671,0.00252,
1540581138091200512,0.00431,0.01064,-0.00044,0.59954,-0.79989,0.02671,0.00252,
1540581138124138240,0.00431,0.01064,-0.00044,0.59954,-0.79989,0.02671,0.00252,
1540581138157719808,0.00431,0.01064,-0.00044,0.59954,-0.79989,0.02671,0.00252,
1540581138192208640,0.00431,0.01064,-0.00044,0.59954,-0.79989,0.02671,0.00252,
1540581138225239040,0.00431,0.01064,-0.00044,0.59954,-0.79989,0.02671,0.00252,
1540581138260783360,0.00431,0.01064,-0.00044,0.59954,-0.79989,0.02671,0.00252,
1540581138291927296,0.00431,0.01064,-0.00044,0.59954,-0.79989,0.02671,0.00252,
1540581138325332736,0.00431,0.01064,-0.00044,0.59954,-0.79989,0.02671,0.00252,
1540581138359293184,0.00431,0.01064,-0.00044,0.59954,-0.79989,0.02671,0.00252,
1540581138392619520,0.00431,0.01064,-0.00044,0.59954,-0.79989,0.02671,0.00252,
1540581138426719232,0.00431,0.01064,-0.00044,0.59954,-0.79989,0.02671,0.00252,
1540581138460239616,0.00431,0.01064,-0.00044,0.59954,-0.79989,0.02671,0.00252,
1540581138493632512,0.00431,0.01064,-0.00044,0.59954,-0.79989,0.02671,0.00252,
1540581138527352320,0.00431,0.01064,-0.00044,0.59954,-0.79989,0.02671,0.00252,
1540581138560641792,0.00431,0.01064,-0.00044,0.59954,-0.79989,0.02671,0.00252,
1540581138595457536,0.00431,0.01064,-0.00044,0.59954,-0.79989,0.02671,0.00252,
1540581138627634944,0.00431,0.01064,-0.00044,0.59954,-0.79989,0.02671,0.00252,
1540581138661933056,0.00431,0.01064,-0.00044,0.59954,-0.79989,0.02671,0.00252,
1540581138695784448,0.00431,0.01064,-0.00044,0.59954,-0.79989,0.02671,0.00252,
1540581138729663488,0.00431,0.01064,-0.00044,0.59954,-0.79989,0.02671,0.00252,
1540581138762705664,0.00431,0.01064,-0.00044,0.59954,-0.79989,0.02671,0.00252,
1540581138796909824,0.00431,0.01064,-0.00044,0.59954,-0.79989,0.02671,0.00252,
1540581138829796864,0.00431,0.01064,-0.00044,0.59954,-0.79989,0.02671,0.00252,
1540581138864032512,0.00431,0.01064,-0.00044,0.59954,-0.79989,0.02671,0.00252,
1540581138934825472,0.00431,0.01064,-0.00044,0.59954,-0.79989,0.02671,0.00252,
1540581138966537216,0.00482,0.00869,0.00252,0.59926,-0.80008,0.02729,0.00280,
1540581138997771264,0.00603,0.01174,0.00168,0.59897,-0.80026,0.02837,0.00324,
1540581139033384448,0.00597,0.01397,0.00112,0.59876,-0.80036,0.03001,0.00381,
1540581139065630464,0.00597,0.01397,0.00112,0.59876,-0.80036,0.03001,0.00381,
1540581139132664576,0.00851,0.01448,0.00023,0.59913,-0.80012,0.02905,0.00432,
1540581139180702464,0.00851,0.01448,0.00023,0.59913,-0.80012,0.02905,0.00432,
1540581139214690304,0.00970,0.01553,-0.00037,0.59899,-0.80016,0.03048,0.00479,
1540581139248481280,0.01008,0.01624,-0.00055,0.59868,-0.80032,0.03224,0.00522,
1540581139281483008,0.01008,0.01624,-0.00055,0.59868,-0.80032,0.03224,0.00522,
1540581139315354112,0.01081,0.01619,-0.00109,0.59896,-0.80016,0.03091,0.00511,
1540581139347845632,0.01116,0.01617,-0.00162,0.59929,-0.79998,0.02931,0.00496,
1540581139381961472,0.01235,0.01505,-0.00190,0.59943,-0.79993,0.02757,0.00480,
1540581139415185152,0.01388,0.01550,-0.00303,0.59937,-0.80001,0.02660,0.00485,
1540581139448254464,0.01388,0.01550,-0.00303,0.59937,-0.80001,0.02660,0.00485,
1540581139481897472,0.01443,0.01460,-0.00234,0.59938,-0.79998,0.02738,0.00509,
1540581139514362880,0.01443,0.01460,-0.00234,0.59938,-0.79998,0.02738,0.00509,
1540581139547831808,0.01548,0.01435,-0.00067,0.59934,-0.80000,0.02748,0.00544,
1540581139581846784,0.01548,0.01435,-0.00067,0.59934,-0.80000,0.02748,0.00544,
1540581139615703296,0.01548,0.01435,-0.00067,0.59934,-0.80000,0.02748,0.00544,
1540581139648463616,0.01548,0.01435,-0.00067,0.59934,-0.80000,0.02748,0.00544,
1540581139681688320,0.01548,0.01435,-0.00067,0.59934,-0.80000,0.02748,0.00544,
1540581139715115008,0.01548,0.01435,-0.00067,0.59934,-0.80000,0.02748,0.00544,
1540581139748184320,0.01388,0.01285,0.00153,0.59923,-0.80012,0.02641,0.00506,
1540581139783115264,0.01306,0.01222,0.00277,0.59904,-0.80044,0.02095,0.00281,
1540581139814424576,0.01461,0.01534,0.00138,0.59891,-0.80064,0.01658,0.00133,
1540581139848469504,0.01831,0.01780,0.00044,0.59902,-0.80058,0.01563,0.00122,
1540581139882758912,0.02207,0.01952,0.00055,0.59891,-0.80062,0.01755,0.00207,
1540581139914504448,0.02556,0.02178,0.00192,0.59865,-0.80072,0.02113,0.00367,
1540581139947932416,0.02832,0.02525,0.00065,0.59856,-0.80070,0.02403,0.00520,
1540581139981961472,0.03242,0.02896,-0.00155,0.59862,-0.80067,0.02339,0.00554,
1540581140015147264,0.03617,0.03085,0.00021,0.59871,-0.80068,0.02098,0.00501,
1540581140048374528,0.04112,0.03245,-0.00126,0.59913,-0.80044,0.01767,0.00437,
1540581140081819392,0.04912,0.03532,-0.00296,0.59909,-0.80052,0.01520,0.00416,
1540581140116233984,0.05830,0.03765,-0.00375,0.59904,-0.80059,0.01389,0.00364,
1540581140149343488,0.06805,0.04218,-0.00545,0.59897,-0.80061,0.01542,0.00407,
1540581140182195456,0.07546,0.04716,-0.00692,0.59903,-0.80051,0.01801,0.00472,
1540581140215400448,0.08306,0.05083,-0.00977,0.59971,-0.79996,0.01941,0.00554,
1540581140248442368,0.09172,0.05300,-0.01102,0.60001,-0.79972,0.02013,0.00645,
1540581140283247360,0.10104,0.05394,-0.00904,0.59965,-0.79998,0.02003,0.00673,
1540581140315835648,0.10972,0.05563,-0.00556,0.59915,-0.80031,0.02148,0.00763,
1540581140348397312,0.11718,0.05750,-0.00436,0.59906,-0.80033,0.02282,0.00856,
1540581140381642240,0.12402,0.05998,-0.00454,0.59883,-0.80046,0.02400,0.00958,
1540581140414742784,0.12705,0.06074,-0.00462,0.59859,-0.80064,0.02380,0.01004,
1540581140449424896,0.12852,0.06065,-0.00606,0.59882,-0.80058,0.01990,0.00972,
1540581140481904384,0.13234,0.05648,-0.00375,0.59863,-0.80085,0.01402,0.00926,
1540581140515855616,0.13523,0.05610,-0.00370,0.59826,-0.80120,0.00924,0.00895,
1540581140549200896,0.13649,0.05406,-0.00479,0.59812,-0.80132,0.00723,0.00977,
1540581140583078400,0.13913,0.05545,-0.00472,0.59786,-0.80148,0.00756,0.01191,
1540581140615342080,0.13961,0.05501,-0.00490,0.59803,-0.80130,0.00885,0.01397,
1540581140649448704,0.13806,0.05408,-0.00371,0.59798,-0.80130,0.00956,0.01573,
1540581140682202368,0.13852,0.05546,-0.00197,0.59767,-0.80146,0.01087,0.01830,
1540581140715911424,0.13736,0.05662,-0.00000,0.59745,-0.80154,0.01288,0.02058,
1540581140749161984,0.13400,0.05975,-0.00141,0.59742,-0.80146,0.01508,0.02263,
1540581140782275072,0.12925,0.05764,-0.00028,0.59729,-0.80148,0.01640,0.02453,
1540581140815543808,0.12427,0.05954,-0.00217,0.59703,-0.80161,0.01642,0.02650,
1540581140848900352,0.11845,0.05958,-0.00169,0.59702,-0.80159,0.01527,0.02810,
1540581140883480576,0.11355,0.05717,-0.00199,0.59717,-0.80148,0.01264,0.02936,
1540581140915669760,0.10810,0.05642,-0.00073,0.59677,-0.80177,0.00979,0.03057,
1540581140949494528,0.10035,0.05890,0.00187,0.59651,-0.80194,0.00721,0.03185,
1540581140982197248,0.09622,0.05490,-0.00175,0.59727,-0.80136,0.00256,0.03280,
1540581141016042240,0.09311,0.05513,-0.00039,0.59626,-0.80208,-0.00078,0.03374,
1540581141048774400,0.08613,0.05778,0.00530,0.59532,-0.80269,0.00020,0.03597,
1540581141082163968,0.08100,0.05666,0.00727,0.59534,-0.80256,0.00065,0.03834,
1540581141118376448,0.07719,0.05373,0.01060,0.59442,-0.80321,-0.00111,0.03899,
1540581141151549696,0.07007,0.05847,0.01465,0.59296,-0.80422,-0.00070,0.04020,
1540581141185393920,0.06477,0.05915,0.01339,0.59297,-0.80415,-0.00155,0.04152,
1540581141218127872,0.06318,0.06103,0.01074,0.59246,-0.80454,-0.00441,0.04103,
1540581141251807232,0.05707,0.06386,0.01087,0.59170,-0.80511,-0.00366,0.04101,
1540581141285701120,0.05190,0.06214,0.01270,0.59136,-0.80525,-0.00008,0.04325,
1540581141318104576,0.05023,0.06328,0.01148,0.59101,-0.80548,0.00075,0.04379,
1540581141352573184,0.04144,0.05680,0.01608,0.59049,-0.80589,0.00136,0.04315,
1540581141386301952,0.03172,0.05384,0.01727,0.58985,-0.80639,-0.00163,0.04260,
1540581141418791936,0.03008,0.05410,0.01790,0.58949,-0.80669,-0.00919,0.04079,
1540581141451921664,0.03030,0.05490,0.01424,0.59022,-0.80618,-0.01852,0.03697,
1540581141485684736,0.02766,0.05214,0.01075,0.59062,-0.80586,-0.02210,0.03560,
1540581141519553536,0.03143,0.04894,0.01252,0.59024,-0.80611,-0.02187,0.03651,
1540581141551238912,0.03309,0.04827,0.01750,0.58945,-0.80672,-0.01795,0.03770,
1540581141584577024,0.03176,0.04637,0.02037,0.58913,-0.80697,-0.01186,0.03970,
1540581141618247936,0.03477,0.04570,0.01997,0.58882,-0.80720,-0.00826,0.04071,
1540581141653177856,0.04029,0.04866,0.02076,0.58812,-0.80778,-0.00655,0.03957,
1540581141685593600,0.04398,0.05247,0.02139,0.58799,-0.80787,0.00037,0.04005,
1540581141719097088,0.04802,0.05171,0.01853,0.58851,-0.80749,0.00567,0.03973,
1540581141753192704,0.05106,0.05579,0.01546,0.58853,-0.80748,0.01049,0.03879,
1540581141786863616,0.05350,0.05539,0.01616,0.58876,-0.80721,0.01661,0.03858,
1540581141819685120,0.05722,0.05659,0.01214,0.58939,-0.80679,0.01893,0.03683,
1540581141855233024,0.05678,0.05414,0.00901,0.59022,-0.80641,0.01779,0.03221,
1540581141886859008,0.06198,0.05373,0.01036,0.59051,-0.80635,0.01668,0.02868,
1540581141921224960,0.06684,0.05137,0.01037,0.59123,-0.80600,0.01555,0.02392,
1540581141954191616,0.07562,0.05157,0.01013,0.59123,-0.80609,0.01653,0.01995,
1540581141988642816,0.07823,0.05258,0.01438,0.59081,-0.80635,0.02155,0.01629,
1540581142022025728,0.07919,0.05505,0.01484,0.59098,-0.80612,0.02734,0.01319,
1540581142055224064,0.08101,0.05485,0.01361,0.59114,-0.80594,0.03038,0.00927,
1540581142088260864,0.08401,0.05938,0.01372,0.59093,-0.80607,0.03187,0.00559,
1540581142123597568,0.08434,0.05773,0.01061,0.59179,-0.80543,0.03263,0.00169,
1540581142156175872,0.08807,0.05830,0.00826,0.59168,-0.80552,0.03254,-0.00214,
1540581142189898752,0.09394,0.06512,0.01053,0.59089,-0.80601,0.03424,-0.00492,
1540581142222967552,0.09195,0.06486,0.01150,0.59139,-0.80553,0.03612,-0.00870,
1540581142256682240,0.09089,0.06314,0.01021,0.59164,-0.80529,0.03633,-0.01234,
1540581142291825152,0.09444,0.07029,0.01293,0.59055,-0.80594,0.03893,-0.01438,
1540581142324000256,0.09234,0.07350,0.01399,0.59074,-0.80558,0.04223,-0.01660,
1540581142357675264,0.08357,0.07214,0.01381,0.59111,-0.80510,0.04555,-0.01813,
1540581142392013824,0.08220,0.07629,0.01359,0.59068,-0.80539,0.04538,-0.01944,
1540581142425505280,0.07805,0.07885,0.01558,0.59044,-0.80563,0.04284,-0.02241,
1540581142458643968,0.07573,0.08218,0.01646,0.59038,-0.80569,0.04215,-0.02339,
1540581142491894272,0.07687,0.08777,0.01430,0.59041,-0.80561,0.04321,-0.02324,
1540581142526728704,0.07253,0.09118,0.01409,0.59038,-0.80545,0.04684,-0.02250,
1540581142558910976,0.06455,0.09300,0.01521,0.59057,-0.80513,0.05082,-0.02026,
1540581142592655616,0.05873,0.09615,0.01314,0.59131,-0.80461,0.05147,-0.01767,
1540581142626396672,0.05586,0.09571,0.01329,0.59179,-0.80455,0.04679,-0.01719,
1540581142659699200,0.05281,0.09935,0.01011,0.59192,-0.80464,0.04386,-0.01624,
1540581142693511424,0.05340,0.10295,0.01478,0.59150,-0.80497,0.04463,-0.01269,
1540581142726994432,0.05218,0.10737,0.01670,0.59163,-0.80484,0.04603,-0.00958,
1540581142760449792,0.04885,0.11495,0.01758,0.59180,-0.80465,0.04768,-0.00630,
1540581142794648320,0.04723,0.11573,0.01838,0.59226,-0.80423,0.04944,-0.00249,
1540581142827433472,0.04875,0.12806,0.01567,0.59195,-0.80453,0.04822,-0.00028,
1540581142861497088,0.04224,0.13605,0.01593,0.59256,-0.80435,0.04350,-0.00055,
1540581142895101184,0.04086,0.14082,0.01396,0.59363,-0.80370,0.04076,0.00182,
1540581142928730368,0.04919,0.15047,0.01175,0.59382,-0.80371,0.03757,0.00349,
1540581142962251520,0.04750,0.16105,0.01714,0.59348,-0.80383,0.04005,0.00554,
1540581142996076032,0.04584,0.16740,0.01498,0.59465,-0.80283,0.04218,0.00865,
1540581143029749760,0.05216,0.18108,0.01242,0.59499,-0.80271,0.03931,0.00938,
1540581143063382528,0.05569,0.19390,0.01129,0.59556,-0.80242,0.03674,0.00897,
1540581143096810240,0.05883,0.21111,0.00729,0.59628,-0.80187,0.03680,0.01025,
1540581143130351360,0.06781,0.22589,0.00490,0.59706,-0.80139,0.03451,0.01013,
1540581143164498688,0.07225,0.24070,0.00404,0.59737,-0.80122,0.03338,0.00911,
1540581143197410304,0.07746,0.25762,0.00583,0.59735,-0.80112,0.03567,0.01032,
1540581143230873856,0.08706,0.27546,0.00627,0.59756,-0.80090,0.03681,0.01090,
1540581143264848128,0.09513,0.28977,0.00464,0.59753,-0.80079,0.03952,0.01135,
1540581143298663680,0.10294,0.30678,0.01040,0.59609,-0.80159,0.04425,0.01300,
1540581143331597824,0.10917,0.32487,0.01536,0.59513,-0.80221,0.04604,0.01304,
1540581143364964096,0.11511,0.33851,0.01543,0.59485,-0.80236,0.04672,0.01354,
1540581143398924800,0.12465,0.35571,0.01701,0.59368,-0.80321,0.04678,0.01477,
1540581143432562944,0.13658,0.37316,0.01818,0.59285,-0.80390,0.04519,0.01506,
1540581143466573824,0.14483,0.38807,0.01783,0.59285,-0.80392,0.04477,0.01537,
1540581143535860224,0.16399,0.41539,0.01632,0.59296,-0.80393,0.04269,0.01626,
1540581143604395008,0.18433,0.44091,0.01554,0.59330,-0.80398,0.03700,0.01542,
1540581143634300160,0.19231,0.45551,0.00897,0.59381,-0.80377,0.03393,0.01410,
1540581143667891712,0.20197,0.47197,0.00842,0.59387,-0.80381,0.03199,0.01350,
1540581143702016256,0.21000,0.48336,0.00081,0.59521,-0.80293,0.02983,0.01173,
1540581143752620800,0.21263,0.49336,0.00422,0.59422,-0.80344,0.03540,0.01164,
1540581143784806656,0.21782,0.50388,0.00711,0.59453,-0.80294,0.04087,0.01252,
1540581143817366016,0.21958,0.51100,0.00734,0.59532,-0.80219,0.04372,0.01288,
1540581143850489856,0.22350,0.52266,0.00579,0.59539,-0.80218,0.04284,0.01312,
1540581143883882752,0.22672,0.53801,0.00450,0.59583,-0.80196,0.04097,0.01307,
1540581143918755328,0.22777,0.54682,0.00455,0.59729,-0.80093,0.03943,0.01400,
1540581143950882304,0.23090,0.56103,0.00147,0.59763,-0.80077,0.03722,0.01518,
1540581143984062208,0.23170,0.57265,0.00412,0.59717,-0.80114,0.03631,0.01582,
1540581144017515776,0.23069,0.58480,0.00666,0.59769,-0.80058,0.03849,0.01887,
1540581144051090176,0.23198,0.60242,0.00286,0.59825,-0.80014,0.03777,0.02110,
1540581144084217600,0.23030,0.61611,0.00308,0.59825,-0.80011,0.03756,0.02266,
1540581144118024704,0.22816,0.63487,0.00239,0.59818,-0.79996,0.03943,0.02622,
1540581144150957312,0.22586,0.64763,-0.00048,0.59964,-0.79897,0.03614,0.02779,
1540581144184702720,0.22221,0.66296,-0.00105,0.59904,-0.79967,0.03037,0.02756,
1540581144218051072,0.21952,0.68080,0.00248,0.59864,-0.80010,0.02585,0.02845,
1540581144251107584,0.21650,0.69514,0.00619,0.59883,-0.80017,0.01872,0.02784,
1540581144286100224,0.21499,0.71165,0.00879,0.59761,-0.80120,0.01298,0.02769,
1540581144317313792,0.21083,0.73401,0.01118,0.59660,-0.80195,0.01125,0.02863,
1540581144350945536,0.20749,0.75221,0.01004,0.59630,-0.80215,0.00932,0.02991,
1540581144384915968,0.20351,0.76790,0.01180,0.59516,-0.80299,0.00673,0.03069,
1540581144418036736,0.20249,0.79082,0.01451,0.59352,-0.80419,0.00384,0.03166,
1540581144450648832,0.20003,0.80820,0.01548,0.59364,-0.80401,0.00309,0.03377,
1540581144484393472,0.19757,0.82420,0.01533,0.59328,-0.80417,0.00310,0.03617,
1540581144518377728,0.19841,0.83872,0.01822,0.59201,-0.80494,0.00502,0.03960,
1540581144551199232,0.19636,0.85484,0.01860,0.59128,-0.80527,0.00784,0.04326,
1540581144584714752,0.19215,0.87176,0.01628,0.59096,-0.80540,0.00614,0.04539,
1540581144617723904,0.19162,0.88613,0.01364,0.59119,-0.80521,-0.00069,0.04616,
1540581144650834688,0.19278,0.90955,0.00603,0.59151,-0.80484,-0.00491,0.04820,
1540581144684519168,0.19312,0.92129,0.00363,0.59216,-0.80422,-0.00655,0.05035,
1540581144718608384,0.19391,0.93032,0.00481,0.59204,-0.80413,-0.00651,0.05320,
1540581144750978048,0.19570,0.94390,0.00450,0.59176,-0.80409,-0.00455,0.05694,
1540581144784999936,0.19305,0.95451,0.00544,0.59216,-0.80371,-0.00553,0.05809,
1540581144817655040,0.19030,0.96657,0.00523,0.59247,-0.80337,-0.00958,0.05902,
1540581144851583232,0.19416,0.98326,0.00473,0.59271,-0.80303,-0.01412,0.06030,
1540581144884425472,0.19325,0.99821,0.00503,0.59311,-0.80272,-0.01752,0.05970,
1540581144918333952,0.19156,1.01557,0.00352,0.59352,-0.80233,-0.02009,0.06006,
1540581144951243264,0.19516,1.03430,0.00226,0.59382,-0.80197,-0.02223,0.06106,
1540581144984433920,0.19497,1.05231,0.00104,0.59442,-0.80151,-0.02497,0.06015,
1540581145018899456,0.19617,1.06995,-0.00014,0.59475,-0.80118,-0.02662,0.06058,
1540581145051057920,0.20230,1.09166,-0.00238,0.59514,-0.80080,-0.02821,0.06109,
1540581145084858880,0.20544,1.11225,-0.00319,0.59568,-0.80041,-0.02896,0.06052,
1540581145118010624,0.20831,1.12877,-0.00299,0.59606,-0.80011,-0.02837,0.06105,
1540581145151096064,0.21328,1.14601,-0.00182,0.59590,-0.80021,-0.03056,0.06031,
1540581145184878848,0.21288,1.15974,0.00158,0.59573,-0.80033,-0.03536,0.05773,
1540581145218044160,0.21611,1.17427,0.00348,0.59506,-0.80061,-0.04417,0.05457,
1540581145251922944,0.22715,1.19493,0.00690,0.59404,-0.80106,-0.05260,0.05150,
1540581145284860928,0.23481,1.21561,0.01030,0.59367,-0.80133,-0.05450,0.04954,
1540581145318642688,0.23963,1.23319,0.00858,0.59383,-0.80135,-0.05356,0.04836,
1540581145351116544,0.24622,1.25701,0.00710,0.59341,-0.80184,-0.05167,0.04748,
1540581145385325312,0.25026,1.27761,0.00174,0.59397,-0.80168,-0.04874,0.04615,
1540581145418829568,0.25363,1.29656,-0.00226,0.59464,-0.80138,-0.04685,0.04470,
1540581145451496192,0.26291,1.30860,-0.00380,0.59529,-0.80106,-0.04578,0.04289,
1540581145485344512,0.26764,1.32476,-0.00045,0.59530,-0.80135,-0.04283,0.04023,
1540581145520048640,0.27205,1.33740,-0.00015,0.59576,-0.80133,-0.03757,0.03910,
1540581145551409664,0.27663,1.34639,-0.00065,0.59583,-0.80158,-0.03196,0.03798,
1540581145584894720,0.28026,1.36824,-0.00437,0.59540,-0.80211,-0.02884,0.03590,
1540581145618923008,0.28035,1.38259,-0.00557,0.59596,-0.80190,-0.02720,0.03256,
1540581145652929024,0.28299,1.38930,-0.00580,0.59673,-0.80146,-0.02625,0.02979,
1540581145687301888,0.28679,1.40649,-0.00487,0.59651,-0.80176,-0.02485,0.02725,
1540581145719256576,0.29065,1.41916,-0.00516,0.59717,-0.80139,-0.02308,0.02495,
1540581145753574144,0.29272,1.43027,-0.00303,0.59723,-0.80150,-0.02007,0.02272,
1540581145785967104,0.29400,1.44735,-0.00394,0.59721,-0.80165,-0.01665,0.02065,
1540581145820238080,0.29457,1.46014,-0.00552,0.59761,-0.80146,-0.01235,0.01932,
1540581145853845760,0.29653,1.47894,-0.00426,0.59740,-0.80169,-0.00813,0.01864,
1540581145886093824,0.29472,1.49542,-0.00625,0.59794,-0.80134,-0.00316,0.01761,
1540581145922071808,0.29002,1.50669,-0.00418,0.59796,-0.80135,0.00163,0.01675,
1540581145956596736,0.28490,1.51783,0.00073,0.59752,-0.80169,0.00448,0.01569,
1540581145987754496,0.27821,1.53782,-0.00689,0.59801,-0.80137,0.00289,0.01361,
1540581146020082176,0.27319,1.55223,-0.01140,0.59819,-0.80128,-0.00105,0.01134,
1540581146054498048,0.27159,1.56999,-0.00337,0.59697,-0.80219,-0.00423,0.00990,
1540581146087519488,0.26463,1.58342,-0.00034,0.59715,-0.80207,-0.00554,0.00839,
1540581146122500608,0.25723,1.59135,0.00125,0.59638,-0.80264,-0.00585,0.00837,
1540581146154817536,0.25114,1.60811,0.00641,0.59467,-0.80389,-0.00759,0.00833,
1540581146187582208,0.24501,1.62586,0.01177,0.59390,-0.80444,-0.01035,0.00767,
1540581146221486592,0.23871,1.63963,0.01149,0.59398,-0.80436,-0.01186,0.00746,
1540581146255260672,0.23169,1.65447,0.01326,0.59319,-0.80494,-0.01079,0.00834,
1540581146288413440,0.22272,1.66952,0.01612,0.59285,-0.80521,-0.00901,0.00946,
1540581146323521024,0.21230,1.67191,0.01153,0.59396,-0.80438,-0.00867,0.01036,
1540581146355381248,0.20545,1.68233,0.01352,0.59278,-0.80521,-0.01057,0.01152,
1540581146390601216,0.19930,1.69658,0.01224,0.59273,-0.80519,-0.01371,0.01237,
1540581146422911744,0.19032,1.70478,0.01188,0.59315,-0.80482,-0.01584,0.01346,
1540581146457496064,0.18638,1.71277,0.01427,0.59285,-0.80497,-0.01694,0.01635,
1540581146490847232,0.18065,1.72067,0.01565,0.59252,-0.80512,-0.01938,0.01817,
1540581146523626240,0.17096,1.73348,0.01579,0.59200,-0.80540,-0.02144,0.02011,
1540581146558518528,0.16894,1.74978,0.01412,0.59234,-0.80498,-0.02449,0.02303,
1540581146591925760,0.16862,1.75682,0.00678,0.59366,-0.80379,-0.03140,0.02233,
1540581146625357312,0.16270,1.76944,0.01225,0.59286,-0.80430,-0.03186,0.02454,
1540581146659179776,0.15945,1.78519,0.01154,0.59324,-0.80395,-0.03046,0.02828,
1540581146691938816,0.15638,1.79725,0.00856,0.59467,-0.80277,-0.03268,0.02951,
1540581146725371648,0.15224,1.80858,0.00380,0.59539,-0.80213,-0.03298,0.03183,
1540581146760596480,0.15002,1.82467,0.00789,0.59491,-0.80239,-0.03117,0.03577,
1540581146792530432,0.14557,1.84019,0.00689,0.59555,-0.80182,-0.03098,0.03796,
1540581146826796288,0.14288,1.85457,0.00678,0.59592,-0.80144,-0.02910,0.04161,
1540581146859727616,0.14072,1.87714,0.00631,0.59573,-0.80146,-0.02672,0.04527,
1540581146894449152,0.13602,1.89345,0.00576,0.59639,-0.80085,-0.02549,0.04810,
1540581146927644416,0.13065,1.91593,0.00203,0.59662,-0.80046,-0.02405,0.05228,
1540581146961772032,0.12928,1.93896,-0.00059,0.59678,-0.80004,-0.02476,0.05633,
1540581146994415872,0.12643,1.96012,-0.00249,0.59724,-0.79945,-0.02924,0.05760,
1540581147028541440,0.12551,1.97912,-0.00257,0.59761,-0.79887,-0.03554,0.05837,
1540581147061889280,0.12619,2.00099,-0.00145,0.59745,-0.79864,-0.03971,0.06036,
1540581147095447808,0.12731,2.01999,-0.00318,0.59731,-0.79843,-0.04463,0.06119,
1540581147128624128,0.12865,2.04559,-0.00240,0.59626,-0.79897,-0.04820,0.06160,
1540581147162700544,0.13404,2.07009,-0.00351,0.59585,-0.79916,-0.04726,0.06381,
1540581147196111872,0.13594,2.08992,-0.00089,0.59489,-0.79995,-0.04274,0.06601,
1540581147230965248,0.13587,2.11088,0.00194,0.59367,-0.80092,-0.03813,0.06804,
1540581147262845184,0.13568,2.12967,0.01005,0.59277,-0.80161,-0.03602,0.06892,
1540581147296695552,0.13640,2.14557,0.00636,0.59295,-0.80148,-0.03597,0.06887,
1540581147330499328,0.13816,2.16735,0.00538,0.59220,-0.80206,-0.03727,0.06790,
1540581147363876608,0.14135,2.18743,0.00341,0.59231,-0.80203,-0.03860,0.06644,
1540581147398052352,0.14368,2.20453,0.00005,0.59306,-0.80162,-0.03956,0.06412,
1540581147431127552,0.14725,2.22069,0.00034,0.59325,-0.80170,-0.03762,0.06252,
1540581147464950528,0.15076,2.23634,0.00177,0.59357,-0.80174,-0.03284,0.06172,
1540581147498560768,0.15194,2.24823,-0.00043,0.59397,-0.80175,-0.02570,0.06111,
1540581147532006144,0.14918,2.27083,-0.00420,0.59404,-0.80202,-0.02094,0.05864,
1540581147566229760,0.14676,2.28140,-0.00510,0.59555,-0.80116,-0.01880,0.05582,
1540581147599254784,0.14970,2.29075,-0.00505,0.59658,-0.80059,-0.01947,0.05253,
1540581147632689408,0.15026,2.30285,-0.00456,0.59716,-0.80043,-0.02165,0.04727,
1540581147666796032,0.14875,2.32111,-0.00250,0.59750,-0.80042,-0.02184,0.04303,
1540581147699756544,0.15175,2.33540,-0.00807,0.59910,-0.79936,-0.02279,0.03970,
1540581147734914304,0.15534,2.35290,-0.00944,0.59960,-0.79917,-0.02475,0.03448,
1540581147767179008,0.15662,2.37266,-0.01032,0.60035,-0.79885,-0.02283,0.02999,
1540581147800685056,0.15633,2.38902,-0.01278,0.60132,-0.79835,-0.01820,0.02674,
1540581147834240000,0.15694,2.40837,-0.01235,0.60150,-0.79839,-0.01584,0.02262,
1540581147867477504,0.15396,2.42663,-0.01377,0.60217,-0.79805,-0.01428,0.01736,
1540581147902355712,0.15036,2.44509,-0.01338,0.60247,-0.79794,-0.01343,0.01202,
1540581147936039936,0.14884,2.46107,-0.01603,0.60262,-0.79789,-0.01350,0.00648,
1540581147968717312,0.15023,2.48498,-0.01082,0.60093,-0.79923,-0.01096,0.00243,
1540581148002567168,0.14746,2.50402,-0.00722,0.60034,-0.79971,-0.00716,-0.00197,
1540581148035521024,0.14625,2.52572,-0.00379,0.59913,-0.80063,-0.00231,-0.00570,
1540581148070354176,0.14579,2.55075,-0.00237,0.59780,-0.80158,0.00497,-0.00840,
1540581148120956928,0.13258,2.57000,0.00013,0.59688,-0.80206,0.01786,-0.01080,
1540581148169850368,0.13682,2.60874,-0.00416,0.59694,-0.80172,0.02722,-0.01300,
1540581148219716352,0.12213,2.61904,-0.00400,0.59739,-0.80108,0.03422,-0.01537,
1540581148254099200,0.11468,2.63022,-0.00411,0.59711,-0.80121,0.03486,-0.01754,
1540581148322304256,0.10499,2.65971,-0.00498,0.59674,-0.80160,0.03031,-0.02051,
1540581148353567232,0.10273,2.66723,-0.00144,0.59667,-0.80159,0.03205,-0.02022,
1540581148386940416,0.10050,2.67081,-0.00098,0.59682,-0.80128,0.03851,-0.01665,
1540581148420190208,0.09702,2.67591,0.00209,0.59640,-0.80152,0.04081,-0.01409,
1540581148454499072,0.09214,2.67734,0.00426,0.59695,-0.80123,0.03898,-0.01260,
1540581148486786048,0.08973,2.68251,0.00354,0.59766,-0.80093,0.03484,-0.01041,
1540581148519959552,0.08478,2.69191,0.00066,0.59862,-0.80047,0.02830,-0.00967,
1540581148553472512,0.08378,2.70412,-0.00535,0.59992,-0.79972,0.02210,-0.00787,
1540581148586523136,0.08301,2.72096,-0.00874,0.60074,-0.79919,0.01947,-0.00442,
1540581148619805440,0.07923,2.72842,-0.00631,0.60178,-0.79841,0.02019,-0.00032,
1540581148653442304,0.07886,2.74056,-0.00518,0.60218,-0.79803,0.02238,0.00532,
1540581148687464704,0.07537,2.76183,-0.00427,0.60261,-0.79765,0.02285,0.00991,
1540581148720436992,0.07064,2.78240,-0.00389,0.60300,-0.79723,0.02400,0.01532,
1540581148754739968,0.06464,2.80580,-0.00394,0.60288,-0.79720,0.02455,0.02025,
1540581148786891776,0.06172,2.82867,-0.00136,0.60274,-0.79724,0.02241,0.02454,
1540581148820408576,0.05776,2.85392,-0.00190,0.60287,-0.79708,0.01977,0.02871,
1540581148853812480,0.05256,2.87829,-0.00138,0.60222,-0.79748,0.01724,0.03261,
1540581148887804416,0.04980,2.90306,0.00137,0.60136,-0.79801,0.01392,0.03685,
1540581148921010944,0.04763,2.92864,0.00233,0.60019,-0.79873,0.01044,0.04127,
1540581148954524160,0.04238,2.95483,0.00060,0.59943,-0.79921,0.00520,0.04373,
1540581148987348480,0.03990,2.97551,-0.00042,0.59876,-0.79957,-0.00086,0.04666,
1540581149020898560,0.03822,2.99055,0.00592,0.59745,-0.80031,-0.00593,0.05016,
1540581149054247168,0.03341,3.00799,0.00946,0.59664,-0.80074,-0.01211,0.05190,
1540581149087713024,0.03336,3.03394,0.00309,0.59616,-0.80083,-0.01939,0.05378,
1540581149121063936,0.03352,3.05412,0.00353,0.59565,-0.80091,-0.02392,0.05628,
1540581149154460160,0.03128,3.06884,0.00666,0.59569,-0.80066,-0.02738,0.05788,
1540581149188026880,0.03178,3.08796,0.00460,0.59536,-0.80064,-0.02928,0.06051,
1540581149222917888,0.03444,3.10554,0.00671,0.59468,-0.80094,-0.03007,0.06287,
1540581149254569728,0.03515,3.12167,0.01271,0.59396,-0.80138,-0.02926,0.06443,
1540581149287998720,0.03625,3.14687,0.00749,0.59353,-0.80160,-0.02501,0.06737,
1540581149320637952,0.03631,3.16704,0.00630,0.59272,-0.80214,-0.02112,0.06926,
1540581149354170112,0.03501,3.18960,0.00387,0.59243,-0.80233,-0.01955,0.07003,
1540581149387361792,0.03517,3.20607,0.00546,0.59274,-0.80210,-0.02036,0.06982,
1540581149421139200,0.03534,3.22665,-0.00020,0.59362,-0.80149,-0.02273,0.06863,
1540581149454562304,0.03476,3.24776,-0.00341,0.59438,-0.80099,-0.02505,0.06709,
1540581149487254528,0.03481,3.27027,-0.01147,0.59591,-0.79993,-0.02715,0.06533,
1540581149520928256,0.03592,3.26944,-0.00224,0.59698,-0.79926,-0.02821,0.06329,
1540581149555071232,0.03481,3.28931,-0.00259,0.59732,-0.79915,-0.02876,0.06118,
1540581149587726336,0.03242,3.30613,-0.00140,0.59800,-0.79879,-0.02960,0.05872,
1540581149620786432,0.02883,3.32380,0.00105,0.59857,-0.79852,-0.03181,0.05543,
1540581149654201088,0.02831,3.34127,0.00204,0.59870,-0.79853,-0.03419,0.05231,
1540581149687597824,0.02581,3.36399,0.00722,0.59786,-0.79933,-0.03544,0.04871,
1540581149721853440,0.02265,3.38896,0.00714,0.59742,-0.79988,-0.03488,0.04535,
1540581149755288576,0.01912,3.41611,0.00853,0.59611,-0.80113,-0.03176,0.04286,
1540581149787620608,0.01894,3.44732,0.01051,0.59484,-0.80231,-0.02667,0.04176,
1540581149820570624,0.01711,3.47251,0.01551,0.59355,-0.80352,-0.01833,0.04141,
1540581149854407168,0.01521,3.49860,0.01824,0.59199,-0.80483,-0.01036,0.04120,
1540581149888505344,0.00973,3.52163,0.02764,0.59015,-0.80626,-0.00270,0.04087,
1540581149921496576,0.00473,3.54371,0.02694,0.58979,-0.80659,0.00163,0.03955,
1540581149954800640,0.00367,3.56594,0.02217,0.58947,-0.80688,0.00405,0.03808,
1540581149989238272,0.00111,3.58671,0.02104,0.58942,-0.80696,0.00795,0.03660,
1540581150021311232,-0.00392,3.59770,0.01895,0.59057,-0.80621,0.01062,0.03391,
1540581150055928832,-0.01079,3.60782,0.01610,0.59092,-0.80612,0.01004,0.02969,
1540581150089335808,-0.01908,3.62109,0.01851,0.59040,-0.80663,0.00903,0.02647,
1540581150124087552,-0.02523,3.62961,0.02011,0.59060,-0.80661,0.00592,0.02336,
1540581150156427264,-0.02566,3.64387,0.01710,0.59069,-0.80668,-0.00058,0.01857,
1540581150191920384,-0.02704,3.66038,0.01658,0.59075,-0.80672,-0.00289,0.01472,
1540581150224470784,-0.02912,3.68361,0.01077,0.59129,-0.80634,0.00015,0.01380,
1540581150255327744,-0.03436,3.70054,0.00439,0.59297,-0.80513,0.00146,0.01197,
1540581150289532928,-0.03682,3.71109,0.00165,0.59446,-0.80407,-0.00055,0.00938,
1540581150322845952,-0.03673,3.72463,0.00512,0.59498,-0.80370,-0.00127,0.00764,
1540581150355229440,-0.03736,3.74130,0.00300,0.59615,-0.80284,0.00091,0.00700,
1540581150389999872,-0.03953,3.75656,0.00233,0.59700,-0.80220,0.00400,0.00695,
1540581150424174592,-0.04133,3.77371,0.00220,0.59757,-0.80174,0.00785,0.00807,
1540581150458082048,-0.04257,3.79218,0.00220,0.59809,-0.80131,0.01035,0.00913,
1540581150490323456,-0.04445,3.81026,0.00208,0.59849,-0.80094,0.01327,0.01125,
1540581150525701120,-0.04602,3.83259,-0.00001,0.59865,-0.80074,0.01525,0.01422,
1540581150557923072,-0.05077,3.85257,-0.00056,0.59892,-0.80052,0.01413,0.01641,
1540581150589648384,-0.05477,3.87475,-0.00245,0.59908,-0.80040,0.01067,0.01893,
1540581150624975360,-0.05282,3.89613,0.00259,0.59867,-0.80072,0.00284,0.02076,
1540581150656489728,-0.04836,3.92188,0.00310,0.59819,-0.80101,-0.00478,0.02285,
1540581150692020736,-0.04117,3.94418,0.00394,0.59726,-0.80155,-0.00746,0.02718,
1540581150724878592,-0.04036,3.96893,0.00762,0.59555,-0.80268,-0.00642,0.03141,
1540581150757535744,-0.04272,3.98905,0.01490,0.59385,-0.80372,-0.00409,0.03682,
1540581150790958848,-0.04394,4.01500,0.01440,0.59255,-0.80447,-0.00592,0.04099,
1540581150825417984,-0.04222,4.03461,0.01823,0.59147,-0.80508,-0.01077,0.04355,
1540581150858212608,-0.04389,4.05455,0.01867,0.59059,-0.80554,-0.01320,0.04615,
1540581150892369152,-0.04447,4.07676,0.01652,0.58999,-0.80577,-0.01551,0.04905,
1540581150925708288,-0.04497,4.09508,0.01486,0.59005,-0.80552,-0.01843,0.05139,
1540581150959118080,-0.04753,4.11186,0.01400,0.59024,-0.80521,-0.02126,0.05301,
1540581150992412928,-0.04735,4.12803,0.01484,0.59030,-0.80496,-0.02284,0.05527,
1540581151026099712,-0.04359,4.14276,0.01225,0.59039,-0.80470,-0.02084,0.05889,
1540581151059836928,-0.04496,4.15897,0.01584,0.58954,-0.80521,-0.01737,0.06136,
1540581151092783360,-0.05178,4.17238,0.01473,0.58947,-0.80513,-0.01353,0.06405,
1540581151129178880,-0.05388,4.19029,0.01241,0.58932,-0.80506,-0.01336,0.06635,
1540581151160541440,-0.05261,4.20748,0.00892,0.59007,-0.80443,-0.01702,0.06650,
1540581151194580224,-0.05262,4.22021,0.00839,0.59083,-0.80384,-0.01962,0.06610,
1540581151227896576,-0.05059,4.23613,0.00935,0.59097,-0.80369,-0.01991,0.06659,
1540581151263111936,-0.04916,4.25122,0.01282,0.59121,-0.80353,-0.01859,0.06677,
1540581151294731264,-0.05348,4.26562,0.01100,0.59186,-0.80315,-0.01822,0.06568,
1540581151328613888,-0.05803,4.28256,0.00985,0.59245,-0.80284,-0.02199,0.06296,
1540581151362306304,-0.05506,4.30119,0.00763,0.59346,-0.80218,-0.02740,0.05968,
1540581151396627968,-0.05324,4.31632,0.00843,0.59418,-0.80182,-0.02926,0.05629,
1540581151432026112,-0.05590,4.33574,0.00795,0.59432,-0.80197,-0.02735,0.05373,
1540581151462982144,-0.05526,4.35655,0.00907,0.59445,-0.80207,-0.02511,0.05184,
1540581151496760320,-0.05522,4.37665,0.00963,0.59465,-0.80217,-0.02268,0.04899,
1540581151530318848,-0.05475,4.39942,0.01018,0.59414,-0.80281,-0.01732,0.04684,
1540581151564828672,-0.05097,4.42868,0.00968,0.59309,-0.80375,-0.00900,0.04623,
1540581151597248768,-0.05575,4.45588,0.00894,0.59239,-0.80437,0.00162,0.04529,
1540581151630869504,-0.06068,4.47659,0.00773,0.59204,-0.80469,0.00931,0.04334,
1540581151664481280,-0.06194,4.49822,0.00926,0.59129,-0.80535,0.01259,0.04031,
1540581151698304768,-0.06398,4.52140,0.00885,0.59072,-0.80592,0.01503,0.03625,
1540581151732378624,-0.06516,4.54248,0.00706,0.59057,-0.80613,0.01834,0.03218,
1540581151766157568,-0.06780,4.56055,0.01042,0.59006,-0.80649,0.02409,0.02853,
1540581151799391744,-0.07155,4.57934,0.01141,0.58997,-0.80644,0.03047,0.02572,
1540581151833548544,-0.07845,4.59629,0.00961,0.59036,-0.80612,0.03434,0.02168,
1540581151867135488,-0.08157,4.60931,0.01189,0.59035,-0.80613,0.03659,0.01751,
1540581151899827968,-0.08409,4.62640,0.01290,0.59016,-0.80616,0.03996,0.01462,
1540581151934073600,-0.09091,4.63922,0.01180,0.59047,-0.80587,0.04221,0.01127,
1540581151970760960,-0.09630,4.65099,0.01183,0.59038,-0.80606,0.04095,0.00679,
1540581152000623872,-0.09793,4.66451,0.01172,0.59029,-0.80620,0.03981,0.00363,
1540581152034972672,-0.10192,4.67437,0.01222,0.59055,-0.80604,0.03931,0.00085,
1540581152067533824,-0.11038,4.68024,0.01201,0.59084,-0.80590,0.03776,-0.00226,
1540581152101744384,-0.11712,4.69250,0.01080,0.59085,-0.80604,0.03428,-0.00482,
1540581152136399360,-0.12464,4.70317,0.00976,0.59197,-0.80545,0.02749,-0.00805,
1540581152169112576,-0.13169,4.71150,0.00332,0.59337,-0.80461,0.01968,-0.01085,
1540581152202321920,-0.13176,4.72310,0.00266,0.59373,-0.80447,0.01225,-0.01259,
1540581152235350272,-0.13539,4.73798,0.00276,0.59498,-0.80358,0.01004,-0.01238,
1540581152269913600,-0.14347,4.74501,-0.00210,0.59693,-0.80215,0.00956,-0.01135,
1540581152302927616,-0.14840,4.75778,-0.00037,0.59729,-0.80192,0.00871,-0.00907,
1540581152337104128,-0.15450,4.76826,0.00445,0.59785,-0.80154,0.00785,-0.00629,
1540581152370742528,-0.16264,4.78055,0.00288,0.59866,-0.80098,0.00436,-0.00381,
1540581152403548416,-0.16881,4.79660,0.00357,0.59852,-0.80111,-0.00022,-0.00098,
1540581152437175552,-0.17123,4.82024,0.00201,0.59882,-0.80085,-0.00649,0.00208,
1540581152470894592,-0.17415,4.84096,-0.00293,0.60001,-0.79988,-0.01276,0.00541,
1540581152503977984,-0.17820,4.85958,-0.00540,0.60057,-0.79933,-0.01754,0.00900,
1540581152537983232,-0.17787,4.88366,-0.00309,0.60036,-0.79931,-0.02211,0.01366,
1540581152571535872,-0.17923,4.90368,-0.00422,0.60088,-0.79869,-0.02673,0.01798,
1540581152605070336,-0.18203,4.92270,-0.00643,0.60074,-0.79856,-0.03023,0.02219,
1540581152638548224,-0.17811,4.94538,-0.00475,0.59932,-0.79937,-0.03207,0.02806,
1540581152671930624,-0.17871,4.96877,-0.00097,0.59796,-0.80017,-0.03212,0.03363,
1540581152706240768,-0.18308,4.99103,-0.00321,0.59745,-0.80027,-0.03342,0.03868,
1540581152739942912,-0.18533,5.01320,-0.00446,0.59695,-0.80029,-0.03749,0.04223,
1540581152775292416,-0.17779,5.03672,-0.00135,0.59624,-0.80038,-0.04138,0.04668,
1540581152807343360,-0.17892,5.05445,-0.00066,0.59637,-0.80008,-0.04095,0.05041,
1540581152855797760,-0.17527,5.06940,0.00421,0.59533,-0.80058,-0.03874,0.05620,
1540581152909390336,-0.18285,5.10483,0.00754,0.59424,-0.80106,-0.04007,0.05971,
1540581152958559232,-0.17808,5.12338,0.00691,0.59416,-0.80087,-0.04070,0.06261,
1540581152991365632,-0.17743,5.14082,0.00594,0.59354,-0.80130,-0.03612,0.06580,
1540581153025299200,-0.17826,5.15840,0.00429,0.59300,-0.80170,-0.03052,0.06855,
1540581153057843712,-0.18078,5.17560,0.00061,0.59309,-0.80159,-0.02913,0.06957,
1540581153089861120,-0.18235,5.19174,-0.00575,0.59356,-0.80118,-0.03108,0.06949,
1540581153122692352,-0.18273,5.20474,-0.00825,0.59490,-0.80013,-0.03629,0.06764,
1540581153156251136,-0.18215,5.21836,-0.00945,0.59589,-0.79934,-0.04102,0.06548,
1540581153190084096,-0.17879,5.23216,-0.01065,0.59693,-0.79860,-0.04282,0.06387,
1540581153222840320,-0.17601,5.24820,-0.01158,0.59760,-0.79835,-0.03945,0.06281,
1540581153256302080,-0.17677,5.26119,-0.00921,0.59803,-0.79838,-0.03103,0.06320,
1540581153289783552,-0.17723,5.27669,-0.00873,0.59821,-0.79848,-0.02640,0.06229,
1540581153322993408,-0.17865,5.29327,-0.00902,0.59880,-0.79829,-0.02578,0.05924,
1540581153356613120,-0.17935,5.31347,-0.01012,0.59941,-0.79809,-0.02634,0.05537,
1540581153389814272,-0.17750,5.33164,-0.01110,0.60027,-0.79769,-0.02629,0.05174,
1540581153423072000,-0.17956,5.34976,-0.01308,0.60100,-0.79745,-0.02576,0.04704,
1540581153456751872,-0.18185,5.36701,-0.00790,0.60056,-0.79808,-0.02527,0.04208,
1540581153490001408,-0.18042,5.39168,-0.00863,0.60029,-0.79851,-0.02484,0.03763,
1540581153523279360,-0.18192,5.41363,-0.00627,0.60011,-0.79893,-0.02359,0.03191,
1540581153557201664,-0.18350,5.43419,-0.00389,0.59943,-0.79974,-0.01928,0.02702,
1540581153590223872,-0.18591,5.45660,0.00149,0.59813,-0.80099,-0.01289,0.02228,
1540581153625203968,-0.19005,5.47980,0.00002,0.59769,-0.80151,-0.00796,0.01663,
1540581153656420608,-0.18996,5.50321,-0.00402,0.59789,-0.80148,-0.00642,0.01103,
1540581153690632704,-0.19151,5.52207,-0.00114,0.59793,-0.80153,-0.00435,0.00468,
1540581153723437312,-0.18851,5.53936,-0.00365,0.59868,-0.80099,0.00005,-0.00009,
1540581153757129984,-0.19147,5.55272,-0.00522,0.59913,-0.80058,0.01034,-0.00329,
1540581153790016512,-0.18990,5.56640,-0.00638,0.59930,-0.80023,0.02090,-0.00475,
1540581153824690432,-0.19590,5.57440,-0.00262,0.59924,-0.80003,0.02821,-0.00810,
1540581153857552384,-0.19962,5.58504,-0.00330,0.59900,-0.80010,0.02992,-0.01207,
1540581153890524928,-0.20009,5.60025,-0.00365,0.59856,-0.80042,0.02801,-0.01658,
1540581153924124672,-0.19819,5.61364,-0.00566,0.59875,-0.80024,0.02663,-0.02015,
1540581153957406720,-0.19875,5.62734,-0.00732,0.59860,-0.80025,0.02732,-0.02320,
1540581153991353344,-0.20172,5.64038,-0.00603,0.59846,-0.80021,0.03009,-0.02461,
1540581154024195072,-0.20359,5.65339,-0.00581,0.59910,-0.79966,0.03131,-0.02529,
1540581154057931008,-0.20240,5.66904,-0.00829,0.59957,-0.79926,0.03170,-0.02623,
1540581154090405632,-0.20538,5.68429,-0.00980,0.59977,-0.79897,0.03549,-0.02577,
1540581154123636480,-0.20933,5.70127,-0.00892,0.59992,-0.79877,0.03859,-0.02405,
1540581154157738240,-0.21110,5.71822,-0.01202,0.60094,-0.79805,0.03838,-0.02258,
1540581154190673920,-0.21380,5.73768,-0.01164,0.60147,-0.79780,0.03592,-0.02168,
1540581154224324096,-0.21889,5.75887,-0.01591,0.60240,-0.79724,0.03383,-0.01969,
1540581154256891392,-0.21948,5.77931,-0.01890,0.60318,-0.79682,0.03182,-0.01557,
1540581154290594816,-0.21975,5.80025,-0.02008,0.60376,-0.79654,0.02942,-0.01136,
1540581154323523328,-0.22373,5.82088,-0.01867,0.60399,-0.79648,0.02750,-0.00742,
1540581154357364480,-0.22419,5.83755,-0.01456,0.60423,-0.79642,0.02473,-0.00216,
1540581154392027136,-0.22181,5.85734,-0.01251,0.60384,-0.79686,0.01994,0.00255,
1540581154426897152,-0.21728,5.87969,-0.00437,0.60214,-0.79816,0.01726,0.00806,
1540581154457516288,-0.21762,5.90134,-0.00018,0.60151,-0.79856,0.01747,0.01361,
1540581154491991296,-0.21457,5.92194,-0.00131,0.60069,-0.79899,0.01874,0.02087,
1540581154524402432,-0.21358,5.94680,-0.00215,0.59960,-0.79968,0.01773,0.02599,
1540581154557660416,-0.21105,5.96219,0.00490,0.59895,-0.79996,0.01737,0.03208,
1540581154591371520,-0.20932,5.97586,0.00549,0.59879,-0.79983,0.01701,0.03785,
1540581154624058880,-0.21203,5.99642,0.00200,0.59801,-0.80021,0.01617,0.04225,
1540581154657420544,-0.21300,6.01920,-0.00171,0.59796,-0.80006,0.01318,0.04659,
1540581154690621184,-0.21178,6.02984,-0.00371,0.59881,-0.79939,0.00578,0.04862,
1540581154724112384,-0.21034,6.03823,-0.00091,0.59876,-0.79941,-0.00088,0.04941,
1540581154757890560,-0.20973,6.05499,0.00025,0.59826,-0.79960,-0.00379,0.05206,
1540581154791899648,-0.20972,6.06567,-0.00075,0.59823,-0.79937,-0.00306,0.05590,
1540581154826064384,-0.21306,6.07800,0.00148,0.59706,-0.80005,-0.00276,0.05859,
1540581154858454784,-0.22096,6.09081,0.00482,0.59618,-0.80053,-0.00341,0.06085,
1540581154893401856,-0.22328,6.10990,0.00091,0.59651,-0.80009,-0.00793,0.06300,
1540581154926993152,-0.22389,6.12120,-0.00373,0.59751,-0.79922,-0.01541,0.06316,
1540581154960406016,-0.22484,6.13467,-0.00534,0.59732,-0.79913,-0.01912,0.06505,
1540581154994041856,-0.22685,6.14989,-0.00321,0.59715,-0.79902,-0.01974,0.06776,
1540581155028263680,-0.22760,6.15935,-0.00289,0.59739,-0.79860,-0.02034,0.07035,
1540581155060349952,-0.22925,6.17354,-0.00055,0.59636,-0.79915,-0.02031,0.07281,
1540581155093987072,-0.23261,6.19275,0.00052,0.59570,-0.79946,-0.02111,0.07451,
1540581155127235072,-0.23431,6.21056,-0.00006,0.59598,-0.79910,-0.02369,0.07534,
1540581155161008384,-0.23557,6.22695,-0.00368,0.59638,-0.79865,-0.02495,0.07655,
1540581155193112576,-0.23777,6.24837,-0.00227,0.59591,-0.79887,-0.02447,0.07807,
1540581155228248576,-0.23889,6.26517,0.00076,0.59631,-0.79848,-0.02462,0.07900,
1540581155262473472,-0.24165,6.28036,0.00034,0.59641,-0.79840,-0.02657,0.07839,
1540581155293883392,-0.24271,6.30698,0.00236,0.59533,-0.79918,-0.02787,0.07827,
1540581155327659008,-0.24455,6.32824,0.00080,0.59550,-0.79912,-0.03056,0.07651,
1540581155360824320,-0.24633,6.34714,0.00417,0.59471,-0.79982,-0.03341,0.07412,
1540581155394117120,-0.24519,6.37088,0.00696,0.59369,-0.80072,-0.03512,0.07170,
1540581155428042240,-0.24520,6.39412,0.00920,0.59307,-0.80149,-0.03515,0.06819,
1540581155461643264,-0.24602,6.41530,0.00853,0.59271,-0.80216,-0.03094,0.06541,
1540581155494883328,-0.24417,6.44560,0.00393,0.59215,-0.80296,-0.02501,0.06319,
1540581155527977216,-0.25118,6.46178,0.00577,0.59228,-0.80329,-0.01621,0.06050,
1540581155561792768,-0.25913,6.47709,0.00173,0.59307,-0.80305,-0.01029,0.05716,
1540581155598001664,-0.26134,6.49233,0.00446,0.59342,-0.80310,-0.00801,0.05309,
1540581155629536512,-0.26259,6.50685,0.00116,0.59474,-0.80238,-0.00615,0.04925,
1540581155663175936,-0.26649,6.52026,-0.00516,0.59590,-0.80175,-0.00374,0.04571,
1540581155696720128,-0.26645,6.53033,0.00009,0.59587,-0.80198,-0.00327,0.04188,
1540581155730080768,-0.26405,6.54556,0.00288,0.59609,-0.80198,-0.00203,0.03865,
1540581155764101632,-0.26314,6.55896,0.00184,0.59627,-0.80194,0.00289,0.03660,
1540581155799552768,-0.26096,6.57588,0.00393,0.59536,-0.80264,0.00975,0.03499,
1540581155830804480,-0.26330,6.59439,0.00458,0.59513,-0.80278,0.01675,0.03283,
1540581155864816384,-0.26497,6.60882,0.00562,0.59563,-0.80238,0.02132,0.03097,
1540581155899459328,-0.26567,6.62408,0.00310,0.59641,-0.80188,0.02250,0.02765,
1540581155931838720,-0.26806,6.64055,0.00405,0.59704,-0.80163,0.02036,0.02250,
1540581155965728768,-0.26931,6.65851,-0.00112,0.59880,-0.80049,0.01798,0.01823,
1540581155999239424,-0.26462,6.67494,-0.00246,0.59980,-0.79984,0.01636,0.01521,
1540581156032753664,-0.26291,6.69961,-0.00329,0.60020,-0.79955,0.01802,0.01224,
1540581156067534336,-0.26154,6.72282,-0.00799,0.60181,-0.79820,0.02372,0.01184,
1540581156099373568,-0.25682,6.74373,-0.01185,0.60282,-0.79724,0.02941,0.01219,
1540581156132958976,-0.25762,6.76876,-0.00771,0.60245,-0.79718,0.03739,0.01257,
1540581156166540032,-0.26361,6.78528,-0.00105,0.60312,-0.79622,0.04553,0.01433,
1540581156201647104,-0.26519,6.80292,0.00144,0.60291,-0.79614,0.04901,0.01593,
1540581156234879744,-0.26610,6.82485,0.00745,0.60163,-0.79715,0.04830,0.01644,
1540581156267409408,-0.26687,6.86013,0.00208,0.60090,-0.79787,0.04493,0.01749,
1540581156301683200,-0.26379,6.88298,0.00077,0.60013,-0.79875,0.03861,0.01892,
1540581156334797312,-0.26107,6.91274,0.00526,0.59782,-0.80067,0.03353,0.02053,
1540581156368480256,-0.25635,6.94290,0.01396,0.59553,-0.80230,0.03244,0.02455,
1540581156403314944,-0.25280,6.97143,0.01010,0.59464,-0.80280,0.03285,0.02904,
1540581156435823616,-0.25228,6.99495,0.01323,0.59294,-0.80385,0.03350,0.03356,
1540581156473245184,-0.25111,7.01447,0.01646,0.59174,-0.80457,0.03271,0.03788,
1540581156502860544,-0.25252,7.02958,0.01743,0.59168,-0.80462,0.02928,0.04045,
1540581156537709824,-0.24849,7.04275,0.02042,0.59160,-0.80469,0.02481,0.04320,
1540581156570337536,-0.24227,7.05926,0.01395,0.59193,-0.80434,0.02247,0.04633,
1540581156604034560,-0.24107,7.06920,0.01690,0.59169,-0.80427,0.02417,0.04971,
1540581156638108928,-0.24312,7.07844,0.01925,0.59121,-0.80409,0.02976,0.05505,
1540581156670595072,-0.24652,7.07842,0.02025,0.59138,-0.80358,0.03172,0.05936,
1540581156704588032,-0.25779,7.08856,0.01427,0.59221,-0.80315,0.02501,0.06011,
1540581156738582784,-0.26319,7.10003,0.01072,0.59389,-0.80234,0.00834,0.05891,
1540581156771443968,-0.25882,7.10905,0.00886,0.59552,-0.80123,-0.00989,0.05737,
1540581156806137856,-0.25324,7.11758,0.01195,0.59625,-0.80049,-0.02197,0.05673,
1540581156840159232,-0.25494,7.13705,0.00745,0.59667,-0.79997,-0.02464,0.05857,
1540581156872298496,-0.25559,7.15656,0.00495,0.59662,-0.79978,-0.02254,0.06237,
1540581156906400512,-0.25994,7.16844,0.00894,0.59631,-0.79988,-0.02078,0.06465,
1540581156939558400,-0.26768,7.18609,0.01075,0.59584,-0.80012,-0.02081,0.06602,
1540581156973859840,-0.27051,7.21471,0.00654,0.59560,-0.80014,-0.02236,0.06735,
1540581157007624448,-0.27131,7.23965,0.00240,0.59588,-0.79987,-0.02249,0.06804,
1540581157040049920,-0.27181,7.24971,0.00985,0.59544,-0.80015,-0.01779,0.06997,
1540581157074209536,-0.27544,7.26906,0.01546,0.59379,-0.80127,-0.01044,0.07263,
1540581157107637504,-0.28376,7.28990,0.02081,0.59240,-0.80232,-0.00694,0.07279,
1540581157141176064,-0.29339,7.30943,0.02209,0.59183,-0.80283,-0.00862,0.07162,
1540581157174727680,-0.29638,7.33016,0.02316,0.59098,-0.80357,-0.01461,0.06935,
1540581157208696064,-0.29137,7.35936,0.02109,0.59017,-0.80434,-0.02267,0.06497,
1540581157242581248,-0.29225,7.37857,0.02837,0.58974,-0.80491,-0.02177,0.06202,
1540581157275150848,-0.29100,7.40302,0.02689,0.58930,-0.80542,-0.01554,0.06146,
1540581157308939264,-0.29305,7.42734,0.02571,0.58874,-0.80605,-0.00621,0.06027,
1540581157342587904,-0.30093,7.44834,0.02265,0.58862,-0.80620,0.00495,0.05955,
1540581157376731392,-0.30908,7.46234,0.02268,0.58885,-0.80606,0.01202,0.05819,
1540581157426575104,-0.31632,7.47584,0.02315,0.58950,-0.80608,0.00815,0.05164,
1540581157459238656,-0.31584,7.49170,0.02188,0.58999,-0.80597,0.00536,0.04798,
1540581157492835840,-0.31417,7.50907,0.01748,0.59035,-0.80587,0.00561,0.04501,
1540581157526063616,-0.31270,7.52701,0.01552,0.59011,-0.80619,0.00908,0.04184,
1540581157558852096,-0.31145,7.54326,0.01633,0.59052,-0.80594,0.01381,0.03938,
1540581157592921856,-0.31379,7.55686,0.01373,0.59173,-0.80513,0.01729,0.03624,
1540581157625681664,-0.31628,7.56981,0.01191,0.59261,-0.80473,0.01565,0.03119,
1540581157658846720,-0.31704,7.58618,0.00885,0.59337,-0.80442,0.01175,0.02614,
1540581157693209088,-0.31739,7.60001,0.00613,0.59485,-0.80355,0.00658,0.02060,
1540581157725763328,-0.31553,7.61496,0.00300,0.59580,-0.80298,0.00352,0.01525,
1540581157758997760,-0.31279,7.63529,-0.00107,0.59660,-0.80244,0.00519,0.01158,
1540581157792320000,-0.31382,7.65663,-0.00446,0.59758,-0.80164,0.01312,0.01001,
1540581157826637056,-0.31527,7.67602,-0.00762,0.59856,-0.80071,0.02246,0.00933,
1540581157859126784,-0.31677,7.69547,-0.00922,0.59910,-0.80011,0.02892,0.00834,
1540581157892977152,-0.32155,7.71220,-0.00981,0.59991,-0.79940,0.03200,0.00732,
1540581157929537280,-0.32262,7.72836,-0.00687,0.60043,-0.79914,0.02875,0.00513,
1540581157960807680,-0.32237,7.74659,-0.00582,0.60051,-0.79924,0.02459,0.00292,
1540581157992803584,-0.32277,7.76959,-0.00358,0.59997,-0.79968,0.02309,0.00274,
1540581158027422464,-0.32094,7.79169,-0.00053,0.59915,-0.80033,0.02195,0.00336,
1540581158059341312,-0.31967,7.81711,-0.00109,0.59820,-0.80101,0.02278,0.00488,
1540581158092945920,-0.31882,7.83885,0.00111,0.59712,-0.80170,0.02561,0.00794,
1540581158126718208,-0.31948,7.85973,0.00555,0.59553,-0.80275,0.02830,0.01180,
1540581158159508480,-0.31941,7.87882,0.00792,0.59440,-0.80351,0.02886,0.01490,
1540581158193288192,-0.31934,7.90002,0.01195,0.59366,-0.80401,0.02840,0.01818,
1540581158226339840,-0.31914,7.91652,0.01282,0.59361,-0.80402,0.02656,0.02178,
1540581158260153856,-0.31997,7.93233,0.00804,0.59333,-0.80424,0.02334,0.02454,
1540581158292978432,-0.31983,7.95220,0.01095,0.59275,-0.80472,0.01817,0.02710,
1540581158325999872,-0.31936,7.96960,0.00802,0.59354,-0.80418,0.01223,0.02925,
1540581158359716352,-0.31874,7.98544,0.00712,0.59343,-0.80423,0.00827,0.03145,
1540581158393666816,-0.31709,8.00600,0.00897,0.59284,-0.80450,0.00861,0.03527,
1540581158426182144,-0.31966,8.02002,0.00856,0.59295,-0.80419,0.01183,0.03940,
1540581158459892992,-0.32488,8.03086,0.00824,0.59294,-0.80408,0.01160,0.04171,
1540581158492774912,-0.33054,8.04842,0.00943,0.59289,-0.80416,0.00600,0.04212,
1540581158526280704,-0.33522,8.06760,0.00346,0.59431,-0.80315,-0.00219,0.04176,
1540581158559419904,-0.33993,8.08541,-0.00275,0.59572,-0.80207,-0.00930,0.04137,
1540581158592826624,-0.34363,8.10012,-0.00393,0.59692,-0.80111,-0.01592,0.04058,
1540581158626651392,-0.34898,8.11843,-0.00427,0.59787,-0.80032,-0.02020,0.04046,
1540581158659727872,-0.35527,8.14110,-0.01024,0.59937,-0.79911,-0.02400,0.04009,
1540581158693128192,-0.35865,8.15663,-0.01006,0.60065,-0.79808,-0.02678,0.03969,
1540581158726475776,-0.36302,8.17499,-0.00491,0.60068,-0.79807,-0.02511,0.04059,
1540581158759662848,-0.36773,8.19489,-0.00529,0.60091,-0.79794,-0.02128,0.04187,
1540581158793684736,-0.37579,8.21661,-0.00596,0.60021,-0.79852,-0.01697,0.04270,
1540581158826515200,-0.38600,8.24092,-0.00357,0.59886,-0.79958,-0.01525,0.04255,
1540581158860084736,-0.39387,8.26161,0.00285,0.59781,-0.80038,-0.01664,0.04160,
1540581158893782784,-0.39785,8.28780,0.00425,0.59704,-0.80100,-0.01940,0.03962,
1540581158926469632,-0.40295,8.31384,0.00663,0.59600,-0.80189,-0.01942,0.03720,
1540581158960104704,-0.40815,8.33928,0.00754,0.59528,-0.80255,-0.01590,0.03598,
1540581158993249280,-0.41297,8.35672,0.01301,0.59458,-0.80319,-0.00858,0.03595,
1540581159026634240,-0.42020,8.38302,0.01094,0.59440,-0.80340,-0.00097,0.03534,
1540581159060322560,-0.42896,8.40201,0.00628,0.59425,-0.80351,0.00562,0.03470,
1540581159093378048,-0.43709,8.42208,0.00668,0.59379,-0.80387,0.00848,0.03383,
1540581159126520064,-0.44272,8.43665,0.00949,0.59403,-0.80381,0.00611,0.03124,
1540581159160658688,-0.44309,8.45053,0.01457,0.59383,-0.80409,0.00192,0.02810,
1540581159195239680,-0.44219,8.46914,0.01953,0.59336,-0.80450,0.00216,0.02632,
1540581159227193344,-0.43937,8.49298,0.01279,0.59354,-0.80437,0.00586,0.02586,
1540581159260474368,-0.44014,8.51560,0.00521,0.59407,-0.80393,0.01138,0.02564,
1540581159296102912,-0.44119,8.53355,0.00205,0.59478,-0.80334,0.01581,0.02519,
1540581159328506112,-0.43998,8.54851,-0.00207,0.59596,-0.80247,0.01727,0.02392,
1540581159364360704,-0.44000,8.56379,-0.00196,0.59702,-0.80176,0.01706,0.02146,
1540581159394910208,-0.43544,8.58233,-0.00994,0.59841,-0.80074,0.01793,0.02004,
1540581159428251392,-0.43346,8.59808,-0.01344,0.59930,-0.80003,0.02093,0.01886,
1540581159462085632,-0.43257,8.61014,-0.00839,0.59958,-0.79970,0.02549,0.01835,
1540581159495118848,-0.42985,8.62967,-0.01150,0.60020,-0.79911,0.02919,0.01824,
1540581159527965184,-0.43046,8.64464,-0.01413,0.60086,-0.79856,0.03112,0.01737,
1540581159561253632,-0.43044,8.66136,-0.01153,0.60069,-0.79872,0.03062,0.01666,
1540581159595275520,-0.42744,8.67983,-0.01028,0.60075,-0.79883,0.02697,0.01568,
1540581159628702976,-0.42634,8.69998,-0.00749,0.60061,-0.79913,0.02159,0.01411,
1540581159662724608,-0.42276,8.71845,-0.00784,0.60046,-0.79942,0.01449,0.01272,
1540581159695341824,-0.41530,8.74191,-0.00783,0.59955,-0.80024,0.00594,0.01097,
1540581159728567808,-0.40805,8.76650,-0.00211,0.59841,-0.80112,0.00189,0.01069,
1540581159762958080,-0.39735,8.78987,-0.00497,0.59826,-0.80117,0.00469,0.01354,
1540581159795630848,-0.38827,8.80575,0.00069,0.59709,-0.80189,0.01242,0.01752,
1540581159828667392,-0.38611,8.82442,-0.00429,0.59655,-0.80203,0.02051,0.02123,
1540581159866435072,-0.38258,8.82175,-0.00704,0.59697,-0.80150,0.02460,0.02480,
1540581159898324736,-0.38196,8.82637,-0.00313,0.59698,-0.80159,0.02037,0.02537,
1540581159930488832,-0.37477,8.84623,-0.00274,0.59672,-0.80196,0.01274,0.02476,
1540581159963909888,-0.36603,8.86135,-0.00193,0.59698,-0.80178,0.01107,0.02549,
1540581159998002176,-0.36181,8.87644,-0.00225,0.59684,-0.80160,0.01871,0.02936,
1540581160030930176,-0.36158,8.88897,-0.00130,0.59606,-0.80167,0.02930,0.03434,
1540581160065402624,-0.36411,8.90332,0.00199,0.59515,-0.80199,0.03471,0.03758,
1540581160098771968,-0.36777,8.91323,0.00223,0.59600,-0.80129,0.03403,0.03944,
1540581160131352064,-0.36665,8.92931,-0.00568,0.59717,-0.80059,0.02813,0.04059,
1540581160166198272,-0.36269,8.95355,-0.01380,0.59776,-0.80035,0.02094,0.04118,
1540581160199067392,-0.36213,8.96399,-0.01021,0.59863,-0.79974,0.01711,0.04197,
1540581160232446720,-0.36347,8.97120,-0.00928,0.59969,-0.79893,0.01430,0.04331,
1540581160267546112,-0.36351,8.98612,-0.00947,0.59978,-0.79888,0.01084,0.04407,
1540581160299684864,-0.36587,9.00193,-0.00580,0.59980,-0.79888,0.00816,0.04423,
1540581160332967424,-0.37063,9.01689,-0.00570,0.60060,-0.79829,0.00604,0.04448,
1540581160367127552,-0.37344,9.03507,-0.00530,0.60082,-0.79810,0.00398,0.04504,
1540581160400465920,-0.37729,9.06040,-0.01140,0.60143,-0.79766,0.00176,0.04492,
1540581160435465728,-0.38221,9.08289,-0.01509,0.60213,-0.79711,0.00080,0.04528,
1540581160467019776,-0.38644,9.10117,-0.01364,0.60233,-0.79691,0.00106,0.04615,
1540581160501227264,-0.38988,9.11979,-0.01352,0.60229,-0.79689,0.00147,0.04702,
1540581160534694656,-0.39514,9.14078,-0.01044,0.60158,-0.79739,0.00212,0.04764,
1540581160568429312,-0.40086,9.16248,-0.01115,0.60084,-0.79790,0.00287,0.04847,
1540581160602841856,-0.40645,9.18010,-0.00435,0.59956,-0.79884,0.00248,0.04869,
1540581160635481600,-0.41185,9.20302,-0.00224,0.59857,-0.79959,0.00189,0.04870,
1540581160669301760,-0.41837,9.21719,0.00239,0.59804,-0.80003,0.00097,0.04809,
1540581160702790400,-0.42454,9.23691,0.00628,0.59719,-0.80072,-0.00087,0.04703,
1540581160736248576,-0.42674,9.25544,0.01109,0.59665,-0.80115,-0.00128,0.04655,
1540581160770280192,-0.42989,9.27403,0.01220,0.59632,-0.80137,0.00228,0.04682,
1540581160803830528,-0.43668,9.29413,0.00646,0.59593,-0.80156,0.00817,0.04803,
1540581160837608704,-0.44573,9.30764,0.00700,0.59487,-0.80221,0.01251,0.04923,
1540581160870286592,-0.45092,9.32780,0.00527,0.59393,-0.80293,0.01119,0.04917,
1540581160903836928,-0.45399,9.34342,0.00678,0.59383,-0.80311,0.00777,0.04804,
1540581160937653760,-0.45354,9.35654,0.00860,0.59338,-0.80345,0.00710,0.04808,
1540581160970846720,-0.45402,9.37211,0.01242,0.59207,-0.80436,0.00999,0.04858,
1540581161005179648,-0.45773,9.39064,0.01201,0.59147,-0.80467,0.01464,0.04958,
1540581161038956800,-0.46317,9.40698,0.00998,0.59171,-0.80430,0.01923,0.05104,
1540581161071988224,-0.46746,9.41926,0.00737,0.59239,-0.80383,0.01911,0.05060,
1540581161106364160,-0.47284,9.43467,0.00843,0.59294,-0.80358,0.01651,0.04914,
1540581161139781376,-0.47540,9.45051,0.00305,0.59459,-0.80247,0.01367,0.04818,
1540581161172706304,-0.47616,9.46362,0.00173,0.59585,-0.80168,0.01072,0.04644,
1540581161207101696,-0.47723,9.48359,-0.00166,0.59662,-0.80113,0.01163,0.04590,
1540581161240324352,-0.47987,9.49952,-0.00440,0.59793,-0.80006,0.01562,0.04633,
1540581161273795840,-0.48202,9.51263,-0.00532,0.59863,-0.79942,0.01953,0.04682,
1540581161308255744,-0.48704,9.52566,-0.00088,0.59836,-0.79948,0.02340,0.04732,
1540581161341976064,-0.49185,9.54327,-0.00197,0.59856,-0.79936,0.02374,0.04672,
1540581161374594304,-0.49749,9.56292,-0.00362,0.59912,-0.79915,0.01991,0.04494,
1540581161407883008,-0.49749,9.58355,-0.00648,0.59954,-0.79911,0.01312,0.04243,
1540581161442181888,-0.49911,9.60843,-0.00344,0.59933,-0.79951,0.00701,0.03934,
1540581161475123968,-0.50537,9.62237,0.00179,0.59961,-0.79946,0.00197,0.03647,
1540581161508635136,-0.50700,9.64438,-0.00119,0.59931,-0.79979,-0.00547,0.03364,
1540581161544065792,-0.50475,9.67226,-0.00152,0.59847,-0.80046,-0.01409,0.02995,
1540581161579708416,-0.50647,9.69513,-0.00295,0.59849,-0.80044,-0.01911,0.02703,
1540581161647275776,-0.50085,9.73967,0.00019,0.59791,-0.80086,-0.02019,0.02676,
1540581161677552384,-0.50235,9.75969,0.00197,0.59855,-0.80043,-0.01719,0.02745,
1540581161710482176,-0.50420,9.77318,0.00247,0.59884,-0.80022,-0.01294,0.02972,
1540581161744780288,-0.50428,9.79277,0.00608,0.59782,-0.80095,-0.01193,0.03066,
1540581161779323136,-0.50735,9.81179,0.00723,0.59785,-0.80092,-0.01333,0.03039,
1540581161811394816,-0.50978,9.82924,0.00500,0.59827,-0.80055,-0.01624,0.03032,
1540581161845811712,-0.50947,9.84634,0.00419,0.59819,-0.80054,-0.01864,0.03076,
1540581161879200256,-0.51276,9.86240,0.00562,0.59763,-0.80093,-0.01893,0.03139,
1540581161912540672,-0.51997,9.88037,0.00134,0.59777,-0.80078,-0.01986,0.03205,
1540581161946962944,-0.52683,9.89702,-0.00163,0.59837,-0.80021,-0.02420,0.03210,
1540581161997876992,-0.52568,9.91703,-0.00877,0.59998,-0.79873,-0.03171,0.03240,
1540581162028410624,-0.53137,9.93639,-0.01131,0.60075,-0.79804,-0.03334,0.03351,
1540581162062599168,-0.53574,9.95279,-0.00950,0.60133,-0.79755,-0.03139,0.03641,
1540581162095377152,-0.54035,9.96960,-0.00639,0.60167,-0.79725,-0.02767,0.04019,
1540581162128529664,-0.54891,9.99191,-0.00842,0.60230,-0.79670,-0.02711,0.04200,
1540581162162231552,-0.55672,10.01261,-0.00906,0.60272,-0.79623,-0.02873,0.04392,
1540581162196102912,-0.56430,10.03423,-0.01075,0.60362,-0.79536,-0.03103,0.04567,
1540581162229881856,-0.57129,10.05362,-0.01321,0.60382,-0.79509,-0.03322,0.04621,
1540581162262797056,-0.58002,10.07267,-0.01151,0.60297,-0.79567,-0.03558,0.04551,
1540581162295550720,-0.59067,10.09530,-0.01109,0.60237,-0.79602,-0.03921,0.04440,
1540581162328801536,-0.59980,10.11287,-0.00576,0.60184,-0.79628,-0.04358,0.04286,
1540581162362622976,-0.60731,10.13544,-0.00287,0.60059,-0.79718,-0.04600,0.04085,
1540581162395613184,-0.61668,10.15619,0.00299,0.59945,-0.79828,-0.04251,0.04009,
1540581162428800512,-0.62310,10.17752,0.00453,0.59921,-0.79872,-0.03785,0.03959,
1540581162461799936,-0.63093,10.19933,0.00167,0.59897,-0.79922,-0.03148,0.03860,
1540581162495110400,-0.63863,10.21737,0.00291,0.59868,-0.79970,-0.02482,0.03807,
1540581162528474624,-0.64887,10.23204,0.00005,0.59936,-0.79936,-0.02010,0.03732,
1540581162562077696,-0.65593,10.24706,0.00073,0.59896,-0.79974,-0.02181,0.03456,
1540581162595118080,-0.65981,10.26478,0.00045,0.59886,-0.79984,-0.02453,0.03185,
1540581162629374720,-0.66188,10.28243,0.00010,0.59924,-0.79964,-0.02411,0.03019,
1540581162662162688,-0.66408,10.29935,-0.00271,0.59954,-0.79955,-0.02054,0.02905,
1540581162695534080,-0.66752,10.31472,-0.00209,0.59954,-0.79968,-0.01576,0.02851,
1540581162728529664,-0.66948,10.33383,-0.00427,0.60000,-0.79941,-0.01293,0.02787,
1540581162762194944,-0.67217,10.35007,-0.00612,0.60086,-0.79883,-0.01233,0.02611,
1540581162795465728,-0.67296,10.36679,-0.00865,0.60173,-0.79824,-0.01221,0.02423,
1540581162828543488,-0.67280,10.38476,-0.00474,0.60203,-0.79807,-0.01039,0.02300,
1540581162862492928,-0.67305,10.40476,-0.00883,0.60332,-0.79716,-0.00663,0.02245,
1540581162895694848,-0.67345,10.42537,-0.01056,0.60381,-0.79682,-0.00184,0.02211,
1540581162929393920,-0.67391,10.44524,-0.00752,0.60369,-0.79691,0.00268,0.02218,
1540581162962801152,-0.67584,10.46741,-0.00585,0.60401,-0.79660,0.00759,0.02316,
1540581162995873536,-0.67530,10.49218,-0.01038,0.60436,-0.79626,0.01121,0.02448,
1540581163029930496,-0.67575,10.51579,-0.01098,0.60372,-0.79666,0.01405,0.02572,
1540581163062443008,-0.67890,10.53706,-0.00671,0.60295,-0.79718,0.01501,0.02707,
1540581163095645696,-0.68067,10.55839,-0.00756,0.60255,-0.79756,0.00981,0.02736,
1540581163129272576,-0.68222,10.57841,-0.00011,0.60083,-0.79895,0.00100,0.02619,
1540581163162433792,-0.67957,10.60858,0.00058,0.59973,-0.79973,-0.00609,0.02665,
1540581163195674112,-0.67757,10.62834,0.00476,0.59860,-0.80048,-0.00811,0.02885,
1540581163229424128,-0.67950,10.64588,0.00833,0.59717,-0.80146,-0.00828,0.03116,
1540581163262284288,-0.68272,10.66890,0.01068,0.59584,-0.80234,-0.00958,0.03366,
1540581163295914240,-0.68525,10.68845,0.00834,0.59653,-0.80168,-0.01452,0.03543,
1540581163330433024,-0.68455,10.70910,-0.00093,0.59761,-0.80067,-0.02265,0.03577,
1540581163362571264,-0.68585,10.73138,-0.00269,0.59757,-0.80052,-0.02787,0.03613,
1540581163397458432,-0.68458,10.75286,-0.00353,0.59815,-0.79995,-0.02861,0.03857,
1540581163432306432,-0.68387,10.77048,-0.00662,0.59878,-0.79941,-0.02424,0.04252,
1540581163462925568,-0.68706,10.78643,-0.00527,0.59820,-0.79981,-0.01791,0.04639,
1540581163496465920,-0.69501,10.79648,0.00587,0.59707,-0.80052,-0.01343,0.04993,
1540581163529790464,-0.70298,10.81507,0.00413,0.59717,-0.80032,-0.01579,0.05134,
1540581163562559232,-0.70568,10.83908,-0.00208,0.59760,-0.79980,-0.02312,0.05151,
1540581163596259072,-0.70625,10.85935,-0.00608,0.59846,-0.79895,-0.02843,0.05219,
1540581163629514752,-0.71054,10.87785,-0.00756,0.59902,-0.79838,-0.03042,0.05332,
1540581163663043072,-0.71298,10.89529,-0.00644,0.59922,-0.79806,-0.03097,0.05543,
1540581163697346304,-0.71444,10.91484,-0.00496,0.59913,-0.79800,-0.03061,0.05746,
1540581163732948224,-0.71858,10.93795,-0.00767,0.59937,-0.79774,-0.02946,0.05905,
1540581163765767168,-0.72364,10.95983,-0.00937,0.59941,-0.79764,-0.02860,0.06046,
1540581163799065088,-0.72601,10.97833,-0.00769,0.59938,-0.79760,-0.02845,0.06141,
1540581163831804416,-0.72945,11.00229,-0.00499,0.59901,-0.79788,-0.02772,0.06164,
1540581163865782784,-0.73443,11.02245,-0.00285,0.59878,-0.79811,-0.02603,0.06173,
1540581163898332928,-0.73839,11.04342,-0.00201,0.59795,-0.79880,-0.02511,0.06116,
1540581163932256000,-0.74521,11.06671,0.00509,0.59614,-0.80031,-0.02439,0.05941,
1540581163965391872,-0.75412,11.08648,0.00592,0.59560,-0.80086,-0.02497,0.05710,
1540581163997970944,-0.75899,11.10535,0.01243,0.59419,-0.80203,-0.02861,0.05360,
1540581164033254656,-0.76629,11.13068,0.01446,0.59333,-0.80282,-0.03291,0.04862,
1540581164064708608,-0.76850,11.15796,0.00776,0.59337,-0.80293,-0.03393,0.04552,
1540581164099809536,-0.77016,11.17451,0.01246,0.59298,-0.80349,-0.03049,0.04296,
1540581164132557056,-0.77732,11.19120,0.01301,0.59285,-0.80393,-0.02217,0.04162,
1540581164168001024,-0.78658,11.20536,0.01144,0.59239,-0.80449,-0.01502,0.04056,
1540581164198699008,-0.79293,11.22304,0.01166,0.59173,-0.80512,-0.01398,0.03809,
1540581164234347520,-0.79860,11.24008,0.01272,0.59199,-0.80504,-0.01703,0.03420,
1540581164264343552,-0.79680,11.25602,0.00722,0.59290,-0.80442,-0.01951,0.03161,
1540581164298818560,-0.79669,11.27280,0.00450,0.59305,-0.80442,-0.01917,0.02893,
1540581164332416512,-0.80183,11.28883,0.00451,0.59361,-0.80414,-0.01540,0.02738,
1540581164364217088,-0.80607,11.30129,0.00153,0.59493,-0.80324,-0.01315,0.02628,
1540581164398881792,-0.80967,11.31754,-0.00269,0.59604,-0.80248,-0.01555,0.02290,
1540581164432018176,-0.81229,11.32993,-0.00026,0.59711,-0.80170,-0.01892,0.01928,
1540581164465790720,-0.81226,11.34751,-0.00249,0.59814,-0.80096,-0.01984,0.01720,
1540581164499375104,-0.80968,11.36651,-0.00403,0.59896,-0.80041,-0.01839,0.01596,
1540581164533413888,-0.81051,11.38623,-0.00454,0.59965,-0.80001,-0.01207,0.01626,
1540581164566779904,-0.81317,11.40600,-0.00394,0.60000,-0.79978,-0.00285,0.01829,
1540581164599308032,-0.81565,11.42857,-0.00319,0.60009,-0.79965,0.00492,0.02059,
1540581164633483776,-0.82012,11.44801,-0.00277,0.60009,-0.79950,0.01186,0.02328,
1540581164667403008,-0.82479,11.47101,0.00357,0.59916,-0.80003,0.01640,0.02627,
1540581164701385472,-0.82915,11.49509,0.00284,0.59917,-0.79991,0.01710,0.02905,
1540581164735613184,-0.83355,11.51547,0.00199,0.59869,-0.80032,0.01184,0.03033,
1540581164768517888,-0.83825,11.53995,0.00483,0.59735,-0.80139,0.00292,0.03062,
1540581164802024704,-0.83509,11.56773,0.00791,0.59635,-0.80207,-0.00847,0.03114,
1540581164835397120,-0.82963,11.58968,0.00582,0.59599,-0.80215,-0.01404,0.03398,
1540581164869918464,-0.82977,11.61039,0.00907,0.59441,-0.80316,-0.01423,0.03748,
1540581164902607360,-0.83296,11.63977,0.00645,0.59344,-0.80368,-0.01257,0.04211,
1540581164936452352,-0.83505,11.65665,0.00444,0.59382,-0.80315,-0.01264,0.04656,
1540581164970323456,-0.83683,11.67479,0.00602,0.59359,-0.80310,-0.01596,0.04925,
1540581165004073216,-0.84156,11.69375,0.00495,0.59391,-0.80266,-0.01838,0.05177,
1540581165037656320,-0.84176,11.71212,0.00150,0.59453,-0.80192,-0.02128,0.05478,
1540581165071092736,-0.84180,11.72930,0.00471,0.59424,-0.80190,-0.02392,0.05713,
1540581165103873280,-0.84422,11.74741,0.00878,0.59374,-0.80207,-0.02360,0.05992,
1540581165137804288,-0.84448,11.76801,0.00903,0.59322,-0.80222,-0.02049,0.06412,
1540581165173485568,-0.84833,11.78628,0.00771,0.59270,-0.80240,-0.01668,0.06776,
1540581165206628608,-0.85651,11.80594,0.00661,0.59201,-0.80272,-0.01575,0.07021,
1540581165238801152,-0.86243,11.82646,0.00513,0.59203,-0.80252,-0.01866,0.07157,
1540581165273268736,-0.86263,11.85002,-0.00214,0.59297,-0.80161,-0.02405,0.07231,
1540581165306315776,-0.86409,11.86728,-0.00180,0.59360,-0.80095,-0.02704,0.07337,
1540581165339440384,-0.86553,11.88582,-0.00204,0.59392,-0.80054,-0.02722,0.07519,
1540581165375315200,-0.86850,11.90678,-0.00153,0.59409,-0.80028,-0.02757,0.07643,
1540581165406317568,-0.87374,11.92595,-0.00157,0.59449,-0.79990,-0.02823,0.07710,
1540581165442290688,-0.87383,11.94710,-0.00217,0.59460,-0.79973,-0.03041,0.07719,
1540581165473741824,-0.87566,11.97073,-0.00141,0.59457,-0.79981,-0.03206,0.07596,
1540581165508171776,-0.87904,11.99270,0.00103,0.59457,-0.79994,-0.03130,0.07484,
1540581165542158848,-0.88232,12.01515,0.00005,0.59466,-0.80008,-0.02954,0.07337,
1540581165575982336,-0.89003,12.03570,0.00062,0.59412,-0.80078,-0.02802,0.07057,
1540581165608343040,-0.89853,12.05504,0.00014,0.59338,-0.80159,-0.02833,0.06747,
1540581165641902080,-0.90647,12.07748,0.00338,0.59268,-0.80234,-0.03376,0.06202,
1540581165675274496,-0.91112,12.09924,0.00418,0.59310,-0.80216,-0.04210,0.05476,
1540581165709243904,-0.91341,12.11784,0.00247,0.59352,-0.80201,-0.04501,0.04994,
1540581165742486784,-0.91490,12.13895,0.00429,0.59343,-0.80236,-0.04470,0.04534,
1540581165776471808,-0.91905,12.15928,0.00508,0.59408,-0.80235,-0.03992,0.04143,
1540581165809840384,-0.92271,12.17377,-0.00014,0.59510,-0.80201,-0.03281,0.03947,
1540581165843670528,-0.92955,12.18947,-0.00075,0.59477,-0.80260,-0.02641,0.03712,
1540581165876963072,-0.93525,12.20766,0.00408,0.59439,-0.80311,-0.02279,0.03445,
1540581165910980864,-0.93679,12.21646,0.00332,0.59526,-0.80263,-0.01960,0.03265,
1540581165944182016,-0.93452,12.23154,0.00143,0.59473,-0.80315,-0.01679,0.03114,
1540581165977767680,-0.93971,12.24525,0.00827,0.59382,-0.80397,-0.01354,0.02886,
1540581166012538368,-0.94612,12.25547,0.00575,0.59478,-0.80334,-0.01265,0.02698,
1540581166044781568,-0.94733,12.26669,0.00231,0.59540,-0.80288,-0.01702,0.02431,
1540581166078158080,-0.94803,12.28461,0.00185,0.59585,-0.80247,-0.02464,0.02004,
1540581166111584768,-0.94662,12.30468,0.00077,0.59685,-0.80169,-0.02700,0.01844,
1540581166145853184,-0.94446,12.32559,-0.00226,0.59758,-0.80125,-0.02327,0.01882,
1540581166179933440,-0.94609,12.34756,-0.00181,0.59756,-0.80142,-0.01534,0.02047,
1540581166213324032,-0.95110,12.37067,-0.00304,0.59811,-0.80103,-0.00278,0.02465,
1540581166247976960,-0.95650,12.38668,-0.00780,0.59930,-0.80001,0.00569,0.02817,
1540581166280326656,-0.95946,12.40614,-0.00699,0.59921,-0.79996,0.00918,0.03052,
1540581166313860608,-0.96513,12.42698,-0.00761,0.59962,-0.79957,0.01006,0.03222,
1540581166347762944,-0.97060,12.44148,-0.00997,0.60073,-0.79871,0.00673,0.03372,
1540581166417790976,-0.97008,12.48903,-0.00778,0.59973,-0.79932,-0.00963,0.03630,
1540581166448187904,-0.96835,12.51397,-0.00390,0.59909,-0.79963,-0.01357,0.03874,
1540581166481749760,-0.96253,12.53970,-0.00392,0.59803,-0.80018,-0.01188,0.04384,
1540581166531979008,-0.95591,12.56393,0.00512,0.59528,-0.80171,-0.00181,0.05381,
1540581166585555200,-0.96226,12.60680,0.00189,0.59448,-0.80165,0.00342,0.06271,
1540581166632595200,-0.95676,12.62945,-0.00056,0.59473,-0.80113,0.00002,0.06690,
1540581166664782336,-0.95978,12.64355,0.00057,0.59530,-0.80057,-0.00388,0.06848,
1540581166698914048,-0.96074,12.66192,-0.00279,0.59555,-0.80022,-0.00874,0.06998,
1540581166731291392,-0.96228,12.68175,-0.00613,0.59598,-0.79977,-0.01353,0.07071,
1540581166765405952,-0.96298,12.69689,-0.00538,0.59598,-0.79961,-0.01339,0.07245,
1540581166800823296,-0.96584,12.71143,-0.00433,0.59585,-0.79954,-0.00784,0.07513,
1540581166831917824,-0.96943,12.72574,-0.00699,0.59564,-0.79951,-0.00332,0.07732,
1540581166865709824,-0.97341,12.74132,-0.00798,0.59561,-0.79945,-0.00332,0.07821,
1540581166899397632,-0.97805,12.75406,-0.00904,0.59709,-0.79837,-0.00771,0.07770,
1540581166931490304,-0.98081,12.76543,-0.01051,0.59849,-0.79734,-0.01524,0.07630,
1540581166965316608,-0.98376,12.78006,-0.01250,0.59912,-0.79683,-0.02212,0.07508,
1540581166998538752,-0.98861,12.79621,-0.01249,0.59961,-0.79640,-0.02708,0.07407,
1540581167031386112,-0.99134,12.80811,-0.01019,0.60030,-0.79581,-0.03277,0.07251,
1540581167066099456,-0.99420,12.82475,-0.00786,0.60014,-0.79586,-0.03709,0.07115,
1540581167102288896,-0.99832,12.84236,-0.00512,0.59998,-0.79595,-0.03887,0.07056,
1540581167131817984,-1.00316,12.86563,-0.00807,0.60012,-0.79579,-0.04051,0.07027,
1540581167165293312,-1.00635,12.88726,-0.00938,0.60024,-0.79564,-0.04429,0.06862,
1540581167198978816,-1.01009,12.90905,-0.00959,0.60008,-0.79576,-0.04662,0.06705,
1540581167232324608,-1.01270,12.92973,-0.00623,0.59943,-0.79632,-0.04629,0.06640,
1540581167264836608,-1.01447,12.94984,-0.00415,0.59835,-0.79730,-0.04543,0.06496,
1540581167299405056,-1.02005,12.97125,-0.00190,0.59680,-0.79872,-0.04542,0.06181,
1540581167331571200,-1.02680,12.99374,0.00282,0.59525,-0.80010,-0.04537,0.05886,
1540581167365964288,-1.03288,13.01273,0.00693,0.59467,-0.80075,-0.04647,0.05484,
1540581167399445504,-1.03665,13.03090,0.00783,0.59459,-0.80098,-0.04836,0.05050,
1540581167432090112,-1.04210,13.06491,-0.00258,0.59447,-0.80133,-0.04834,0.04616,
1540581167465648640,-1.04494,13.08660,-0.00980,0.59611,-0.80050,-0.04427,0.04352,
1540581167498554112,-1.04425,13.09748,-0.00584,0.59679,-0.80042,-0.03757,0.04184,
1540581167531678208,-1.05052,13.10646,-0.00486,0.59694,-0.80074,-0.02919,0.04028,
1540581167565551360,-1.05733,13.11546,-0.00185,0.59663,-0.80119,-0.02652,0.03775,
1540581167599319296,-1.06045,13.13090,-0.00245,0.59668,-0.80118,-0.03018,0.03434,
1540581167631752448,-1.06085,13.14307,0.00184,0.59657,-0.80121,-0.03563,0.02995,
1540581167665498368,-1.06158,13.15973,0.00318,0.59606,-0.80167,-0.03559,0.02779,
1540581167699405312,-1.06142,13.17945,0.00020,0.59630,-0.80164,-0.03229,0.02749,
1540581167732873216,-1.06511,13.19611,-0.00125,0.59691,-0.80136,-0.02749,0.02765,
1540581167765883136,-1.06880,13.21224,-0.00488,0.59776,-0.80082,-0.02370,0.02846,
1540581167798697216,-1.07230,13.22827,-0.00745,0.59845,-0.80033,-0.02298,0.02852,
1540581167831881472,-1.07662,13.24670,-0.01052,0.59967,-0.79939,-0.02359,0.02866,
1540581167865348096,-1.07863,13.26170,-0.01541,0.60143,-0.79800,-0.02441,0.02960,
1540581167898698496,-1.08137,13.28325,-0.01535,0.60213,-0.79745,-0.02307,0.03150,
1540581167932066048,-1.08332,13.29899,-0.01626,0.60356,-0.79633,-0.01839,0.03527,
1540581167965459200,-1.08643,13.31613,-0.01525,0.60412,-0.79580,-0.01294,0.03972,
1540581167998826752,-1.09230,13.33696,-0.01613,0.60444,-0.79539,-0.00960,0.04374,
1540581168031901440,-1.09645,13.36070,-0.01969,0.60470,-0.79492,-0.00760,0.04882,
1540581168065682944,-1.09994,13.38607,-0.02115,0.60479,-0.79458,-0.00948,0.05272,
1540581168098912000,-1.10446,13.40604,-0.02027,0.60450,-0.79457,-0.01363,0.05526,
1540581168132273664,-1.10654,13.42787,-0.01391,0.60344,-0.79507,-0.02119,0.05716,
1540581168165739008,-1.10664,13.44941,-0.00650,0.60208,-0.79571,-0.02821,0.05954,
1540581168199410176,-1.10853,13.46942,-0.00371,0.60053,-0.79654,-0.03143,0.06246,
1540581168232978944,-1.11003,13.49169,0.00424,0.59799,-0.79810,-0.03265,0.06618,
1540581168265419008,-1.11359,13.51563,0.00547,0.59654,-0.79884,-0.03299,0.07007,
1540581168299271936,-1.11957,13.53364,0.00450,0.59602,-0.79891,-0.03430,0.07290,
1540581168332524032,-1.12277,13.55123,0.00425,0.59542,-0.79897,-0.03765,0.07556,
1540581168365622528,-1.12762,13.57356,-0.00064,0.59518,-0.79870,-0.04269,0.07755,
1540581168399432448,-1.13057,13.59027,-0.00457,0.59541,-0.79809,-0.04866,0.07852,
1540581168432814080,-1.12897,13.60662,-0.00149,0.59499,-0.79797,-0.05275,0.08024,
1540581168466423040,-1.12610,13.62048,-0.00187,0.59450,-0.79809,-0.04911,0.08488,
1540581168500107264,-1.12598,13.63628,0.00067,0.59284,-0.79921,-0.04240,0.08951,
1540581168534083840,-1.13379,13.65516,0.00089,0.59163,-0.79992,-0.03574,0.09393,
1540581168568831744,-1.13804,13.67116,-0.00221,0.59176,-0.79942,-0.03440,0.09782,
1540581168601874944,-1.13801,13.68834,-0.00483,0.59222,-0.79868,-0.03930,0.09917,
1540581168633059328,-1.14174,13.70587,-0.00773,0.59316,-0.79770,-0.04428,0.09941,
1540581168668165120,-1.13933,13.71829,-0.01216,0.59421,-0.79653,-0.04828,0.10063,
1540581168701344000,-1.13801,13.73708,-0.01396,0.59433,-0.79622,-0.05137,0.10084,
1540581168735572224,-1.13950,13.75298,-0.01542,0.59494,-0.79570,-0.05236,0.10082,
1540581168768211456,-1.13901,13.76893,-0.01642,0.59518,-0.79551,-0.05187,0.10117,
1540581168802393088,-1.13758,13.78628,-0.01354,0.59471,-0.79603,-0.04862,0.10144,
1540581168834781952,-1.13957,13.80475,-0.00783,0.59396,-0.79689,-0.04271,0.10170,
1540581168868139520,-1.14682,13.82022,-0.00396,0.59367,-0.79743,-0.03642,0.10164,
1540581168902689536,-1.15451,13.83873,-0.00209,0.59353,-0.79789,-0.03548,0.09921,
1540581168935047424,-1.16179,13.86051,-0.00428,0.59393,-0.79790,-0.03954,0.09503,
1540581168971732480,-1.16941,13.87985,-0.00552,0.59468,-0.79769,-0.04741,0.08838,
1540581169004975360,-1.17291,13.89924,-0.00215,0.59465,-0.79789,-0.05349,0.08308,
1540581169035515392,-1.17819,13.92255,-0.00305,0.59497,-0.79790,-0.05927,0.07646,
1540581169069692672,-1.18121,13.94440,-0.00257,0.59490,-0.79830,-0.05977,0.07238,
1540581169103433216,-1.19009,13.96586,-0.00016,0.59461,-0.79907,-0.05784,0.06772,
1540581169136685056,-1.20052,13.98197,0.00357,0.59482,-0.79936,-0.05764,0.06238,
1540581169170735104,-1.20699,14.00431,-0.00059,0.59546,-0.79920,-0.05805,0.05771,
1540581169203694080,-1.20720,14.02444,-0.00278,0.59601,-0.79915,-0.05623,0.05446,
1540581169236655616,-1.21216,14.04004,-0.00118,0.59644,-0.79946,-0.04804,0.05315,
1540581169270540032,-1.22099,14.05469,-0.00747,0.59687,-0.79965,-0.03838,0.05318,
1540581169303764224,-1.22921,14.06286,-0.00166,0.59651,-0.80015,-0.03596,0.05144,
1540581169338353408,-1.23521,14.07515,0.00276,0.59655,-0.80012,-0.03962,0.04861,
1540581169371114240,-1.23529,14.08659,0.00440,0.59695,-0.79968,-0.04584,0.04535,
1540581169404691968,-1.23286,14.10352,0.00192,0.59680,-0.79973,-0.04904,0.04299,
1540581169438416128,-1.23568,14.12271,0.00178,0.59666,-0.80001,-0.04694,0.04222,
1540581169472526592,-1.24026,14.13711,-0.00169,0.59747,-0.79959,-0.04261,0.04322,
1540581169506049280,-1.24387,14.14844,-0.00010,0.59766,-0.79949,-0.04172,0.04322,
1540581169539022080,-1.24983,14.16325,-0.00021,0.59787,-0.79930,-0.04257,0.04304,
1540581169572629760,-1.25437,14.18208,-0.00518,0.59856,-0.79862,-0.04534,0.04321,
1540581169606777600,-1.25619,14.20773,-0.01400,0.59920,-0.79791,-0.04926,0.04340,
1540581169640364288,-1.25560,14.22198,-0.01198,0.59976,-0.79732,-0.05016,0.04526,
1540581169674033664,-1.25497,14.24185,-0.00946,0.59973,-0.79733,-0.04708,0.04874,
1540581169707858176,-1.25598,14.26585,-0.01046,0.59988,-0.79726,-0.04024,0.05382,
1540581169740685824,-1.26063,14.28464,-0.01170,0.60006,-0.79705,-0.03197,0.06014,
1540581169774245120,-1.26558,14.30499,-0.00977,0.59958,-0.79714,-0.02725,0.06575,
1540581169808006656,-1.27122,14.32506,-0.00403,0.59897,-0.79723,-0.02857,0.06956,
1540581169842267904,-1.27564,14.34751,-0.00828,0.59940,-0.79638,-0.03620,0.07201,
1540581169875753728,-1.27437,14.37177,-0.01125,0.59915,-0.79584,-0.04749,0.07356,
1540581169909400320,-1.27295,14.39140,-0.00964,0.59837,-0.79575,-0.05583,0.07495,
1540581169942690816,-1.26863,14.41393,-0.00761,0.59722,-0.79601,-0.06039,0.07774,
1540581169975721216,-1.26687,14.43240,0.00109,0.59555,-0.79688,-0.06037,0.08158,
1540581170009822208,-1.26809,14.45443,0.00347,0.59430,-0.79757,-0.05874,0.08508,
1540581170043174400,-1.27215,14.47384,0.00324,0.59354,-0.79789,-0.05726,0.08829,
1540581170077568256,-1.27646,14.49192,0.00167,0.59317,-0.79776,-0.05984,0.09023,
1540581170110140416,-1.27825,14.51241,-0.00147,0.59337,-0.79710,-0.06614,0.09033,
1540581170143774464,-1.27521,14.52893,-0.00358,0.59390,-0.79621,-0.07319,0.08932,
1540581170177583360,-1.27332,14.54601,-0.00100,0.59340,-0.79645,-0.07320,0.09052,
1540581170211138048,-1.27366,14.56184,0.00034,0.59271,-0.79710,-0.06775,0.09347,
1540581170245994496,-1.27711,14.57573,0.00382,0.59159,-0.79808,-0.06293,0.09556,
1540581170279046656,-1.28013,14.59405,0.00970,0.59056,-0.79885,-0.06144,0.09647,
1540581170311590400,-1.28327,14.61262,0.00839,0.59129,-0.79820,-0.06289,0.09640,
1540581170346571264,-1.28257,14.62805,0.00593,0.59185,-0.79763,-0.06504,0.09626,
1540581170379395584,-1.28239,14.64891,0.00507,0.59179,-0.79762,-0.06631,0.09592,
1540581170412724224,-1.28536,14.66687,0.00428,0.59249,-0.79712,-0.06781,0.09462,
1540581170446886912,-1.28799,14.68411,-0.00277,0.59365,-0.79625,-0.06971,0.09333,
1540581170480224768,-1.28750,14.69668,0.00306,0.59370,-0.79617,-0.07344,0.09080,
1540581170513896448,-1.29165,14.72058,0.00004,0.59438,-0.79568,-0.07701,0.08764,
1540581170548354048,-1.29395,14.73677,-0.00229,0.59552,-0.79480,-0.08056,0.08454,
1540581170580624640,-1.29323,14.75838,-0.00105,0.59553,-0.79478,-0.08465,0.08065,
1540581170615084032,-1.29214,14.78406,0.00092,0.59541,-0.79513,-0.08497,0.07767,
1540581170648172544,-1.29439,14.80871,-0.00036,0.59549,-0.79572,-0.08072,0.07553,
1540581170681702912,-1.29820,14.83269,-0.00038,0.59492,-0.79694,-0.07447,0.07349,
1540581170715124992,-1.30243,14.85648,-0.00014,0.59418,-0.79819,-0.06881,0.07150,
1540581170750268672,-1.31321,14.87378,0.00314,0.59338,-0.79940,-0.06664,0.06650,
1540581170782548736,-1.31672,14.89406,0.00473,0.59280,-0.80008,-0.06824,0.06166,
1540581170816171520,-1.31714,14.91388,0.00956,0.59232,-0.80079,-0.06845,0.05666,
1540581170849411328,-1.31576,14.93754,0.01105,0.59194,-0.80165,-0.06442,0.05316,
1540581170884297984,-1.32076,14.95559,0.00894,0.59223,-0.80230,-0.05498,0.05057,
1540581170916503808,-1.32702,14.97551,0.00953,0.59219,-0.80313,-0.04329,0.04924,
1540581170951429888,-1.33645,14.98399,0.00734,0.59308,-0.80302,-0.03452,0.04708,
1540581171022036736,-1.35085,15.00678,0.00498,0.59400,-0.80258,-0.03964,0.03818,
1540581171068351232,-1.35136,15.01593,0.01063,0.59442,-0.80215,-0.04663,0.03234,
1540581171100932352,-1.35217,15.03379,0.00636,0.59459,-0.80221,-0.04466,0.03060,
1540581171135616256,-1.35454,15.04868,0.00645,0.59456,-0.80256,-0.03795,0.03078,
1540581171203922176,-1.35954,15.08008,0.00439,0.59544,-0.80231,-0.02571,0.03313,
1540581171235081984,-1.36265,15.09601,0.00346,0.59561,-0.80224,-0.02257,0.03394,
1540581171267944448,-1.36716,15.11588,-0.00244,0.59619,-0.80181,-0.02013,0.03531,
1540581171300976128,-1.37134,15.13365,-0.00612,0.59714,-0.80106,-0.02056,0.03613,
1540581171334377472,-1.37631,15.14845,-0.00765,0.59825,-0.80014,-0.02242,0.03709,
1540581171369235200,-1.37835,15.16472,-0.00892,0.59892,-0.79948,-0.02526,0.03853,
1540581171400984064,-1.38051,15.18475,-0.00745,0.59933,-0.79901,-0.02580,0.04140,
1540581171434424832,-1.38364,15.20314,-0.00971,0.60002,-0.79835,-0.02511,0.04449,
1540581171468030464,-1.38647,15.22147,-0.00939,0.60018,-0.79803,-0.02454,0.04830,
1540581171501235712,-1.38999,15.23823,-0.00770,0.60032,-0.79761,-0.02704,0.05197,
1540581171534439680,-1.39545,15.25391,-0.00662,0.60035,-0.79718,-0.03229,0.05506,
1540581171567793408,-1.39588,15.27717,-0.00392,0.59964,-0.79716,-0.03914,0.05859,
1540581171602209024,-1.39526,15.29715,0.00180,0.59822,-0.79769,-0.04287,0.06318,
1540581171635795968,-1.39446,15.31639,0.00781,0.59642,-0.79851,-0.04418,0.06864,
1540581171668295424,-1.39873,15.33834,0.01251,0.59444,-0.79951,-0.04363,0.07429,
1540581171701356032,-1.39619,15.35312,0.01658,0.59219,-0.80053,-0.04318,0.08123,
1540581171734640896,-1.40062,15.37837,0.01746,0.58971,-0.80179,-0.04429,0.08608,
1540581171767510272,-1.40427,15.40046,0.01628,0.58904,-0.80152,-0.04807,0.09106,
1540581171802405120,-1.40563,15.41615,0.01341,0.58875,-0.80077,-0.05609,0.09482,
1540581171835467520,-1.40550,15.43370,0.01249,0.58761,-0.80060,-0.06569,0.09720,
1540581171867542784,-1.41007,15.44895,0.01622,0.58718,-0.80014,-0.07154,0.09939,
1540581171901990400,-1.41190,15.46794,0.01186,0.58729,-0.79923,-0.07638,0.10238,
1540581171935148032,-1.41390,15.47799,0.01453,0.58681,-0.79906,-0.07834,0.10501,
1540581171969493504,-1.41853,15.49675,0.01509,0.58579,-0.79940,-0.07742,0.10869,
1540581172001599744,-1.42274,15.51011,0.01046,0.58588,-0.79887,-0.07730,0.11214,
1540581172034604800,-1.42932,15.52394,0.00901,0.58574,-0.79849,-0.07996,0.11370,
1540581172068863232,-1.43422,15.54059,0.00661,0.58641,-0.79732,-0.08429,0.11533,
1540581172102005248,-1.43446,15.55168,0.00335,0.58764,-0.79566,-0.08922,0.11676,
1540581172135537408,-1.43555,15.56572,0.00282,0.58778,-0.79502,-0.09341,0.11718,
1540581172168154112,-1.43927,15.58055,0.00423,0.58789,-0.79465,-0.09482,0.11802,
1540581172201524224,-1.44290,15.59765,-0.00085,0.58861,-0.79384,-0.09623,0.11874,
1540581172234948864,-1.44552,15.60889,0.00076,0.58879,-0.79353,-0.09809,0.11839,
1540581172268322304,-1.44993,15.62583,-0.00031,0.58913,-0.79313,-0.10063,0.11719,
1540581172301893632,-1.45367,15.64120,-0.00144,0.58999,-0.79236,-0.10427,0.11491,
1540581172334823680,-1.45629,15.65832,-0.00261,0.59074,-0.79175,-0.10730,0.11244,
1540581172368211456,-1.45980,15.67789,-0.00692,0.59194,-0.79103,-0.10953,0.10898,
1540581172401816064,-1.46296,15.69221,-0.00574,0.59281,-0.79091,-0.10890,0.10576,
1540581172435275520,-1.46650,15.70718,-0.00113,0.59278,-0.79170,-0.10624,0.10265,
1540581172468198912,-1.46884,15.72602,0.00117,0.59282,-0.79245,-0.10334,0.09955,
1540581172501951232,-1.47540,15.74261,0.00145,0.59285,-0.79332,-0.10045,0.09528,
1540581172535082240,-1.48188,15.75965,0.00207,0.59232,-0.79431,-0.10073,0.08991,
1540581172568811264,-1.49023,15.77841,0.00440,0.59205,-0.79491,-0.10334,0.08315,
1540581172602367744,-1.49470,15.79502,0.00405,0.59258,-0.79493,-0.10515,0.07661,
1540581172634960128,-1.49707,15.81008,0.00578,0.59245,-0.79564,-0.10450,0.07101,
1540581172668620288,-1.50417,15.82467,0.00811,0.59229,-0.79663,-0.10147,0.06542,
1540581172702084096,-1.51044,15.84154,0.00703,0.59262,-0.79736,-0.09608,0.06152,
1540581172735374848,-1.51465,15.85692,0.00409,0.59333,-0.79783,-0.08962,0.05832,
1540581172768684544,-1.51916,15.86628,0.00288,0.59381,-0.79835,-0.08317,0.05577,
1540581172802747904,-1.52904,15.87373,0.00130,0.59394,-0.79899,-0.07708,0.05392,
1540581172835302144,-1.53542,15.88043,0.00074,0.59380,-0.79921,-0.07783,0.05103,
1540581172869138176,-1.53649,15.88565,0.00464,0.59354,-0.79920,-0.08182,0.04797,
1540581172902734848,-1.53817,15.89393,0.00815,0.59334,-0.79928,-0.08359,0.04602,
1540581172935522560,-1.53953,15.89990,0.00682,0.59322,-0.79955,-0.08163,0.04630,
1540581172968333056,-1.54291,15.90732,0.00962,0.59218,-0.80048,-0.07985,0.04664,
1540581173002539520,-1.54997,15.91730,0.00276,0.59239,-0.80030,-0.07980,0.04717,
1540581173036193792,-1.55193,15.91997,0.00153,0.59257,-0.79971,-0.08436,0.04694,
1540581173068957440,-1.55387,15.92375,0.00383,0.59222,-0.79939,-0.09000,0.04637,
1540581173103169024,-1.55275,15.92683,0.00809,0.59182,-0.79905,-0.09554,0.04621,
1540581173135404288,-1.55196,15.93339,0.01044,0.59106,-0.79930,-0.09755,0.04744,
1540581173170719744,-1.55198,15.93723,0.01327,0.59016,-0.80006,-0.09540,0.05007,
1540581173207268352,-1.55404,15.93920,0.01505,0.58924,-0.80090,-0.09263,0.05259,
1540581173238391040,-1.55725,15.94052,0.01662,0.58843,-0.80158,-0.09061,0.05487,
1540581173276203520,-1.55825,15.94392,0.01374,0.58831,-0.80156,-0.09037,0.05683,
1540581173307624448,-1.56123,15.94047,0.01507,0.58856,-0.80113,-0.09268,0.05649,
1540581173342191360,-1.56489,15.94156,0.01367,0.58884,-0.80049,-0.09648,0.05625,
1540581173371149568,-1.56548,15.94221,0.01349,0.58933,-0.79971,-0.09968,0.05669,
1540581173406142720,-1.56504,15.94368,0.00961,0.59023,-0.79864,-0.10301,0.05639,
1540581173438263296,-1.56638,15.94503,0.00756,0.59056,-0.79826,-0.10403,0.05662,
1540581173472055552,-1.56752,15.94919,0.00465,0.59106,-0.79782,-0.10429,0.05712,
1540581173505965312,-1.56752,15.94919,0.00465,0.59106,-0.79782,-0.10429,0.05712,
1540581173538077184,-1.56738,15.95237,0.00362,0.59102,-0.79796,-0.10345,0.05710,
1540581173570893056,-1.56871,15.95520,0.00392,0.59087,-0.79832,-0.10163,0.05688,
1540581173606539008,-1.56871,15.95520,0.00392,0.59087,-0.79832,-0.10163,0.05688,
1540581173639755520,-1.56858,15.95449,0.00183,0.59100,-0.79796,-0.10378,0.05659,
1540581173671745024,-1.56556,15.95688,0.00042,0.59082,-0.79758,-0.10818,0.05558,
1540581173705698304,-1.56164,15.95798,0.00041,0.59125,-0.79680,-0.11227,0.05413,
1540581173739766016,-1.56009,15.95763,-0.00174,0.59200,-0.79599,-0.11453,0.05305,
1540581173773259008,-1.55666,15.95522,0.00037,0.59207,-0.79571,-0.11635,0.05256,
1540581173806592000,-1.55517,15.95867,-0.00067,0.59232,-0.79531,-0.11811,0.05176,
1540581173839850496,-1.55275,15.95783,0.00002,0.59293,-0.79484,-0.11834,0.05165,
1540581173876099328,-1.55275,15.95783,0.00002,0.59293,-0.79484,-0.11834,0.05165,
1540581173907189248,-1.55502,15.95675,0.00099,0.59239,-0.79510,-0.11935,0.05147,
1540581173941565440,-1.55623,15.95587,0.00108,0.59243,-0.79434,-0.12449,0.05057,
1540581173974774528,-1.55561,15.95665,-0.00397,0.59296,-0.79277,-0.13249,0.04855,
1540581174007705088,-1.55004,15.95810,-0.00475,0.59297,-0.79162,-0.13970,0.04692,
1540581174041373696,-1.54492,15.95852,-0.00300,0.59299,-0.79133,-0.14133,0.04681,
1540581174074822144,-1.54227,15.96057,-0.00477,0.59331,-0.79133,-0.13975,0.04749,
1540581174110067456,-1.54065,15.96365,-0.00983,0.59392,-0.79123,-0.13733,0.04848,
1540581174142832640,-1.53852,15.96265,-0.00930,0.59421,-0.79134,-0.13510,0.04948,
1540581174175485440,-1.53852,15.96265,-0.00930,0.59421,-0.79134,-0.13510,0.04948,
1540581174209232640,-1.53852,15.96265,-0.00930,0.59421,-0.79134,-0.13510,0.04948,
1540581174243465728,-1.53852,15.96265,-0.00930,0.59421,-0.79134,-0.13510,0.04948,
1540581174276417792,-1.53852,15.96265,-0.00930,0.59421,-0.79134,-0.13510,0.04948,
1540581174311256320,-1.53852,15.96265,-0.00930,0.59421,-0.79134,-0.13510,0.04948,
1540581174344445696,-1.53591,15.95988,-0.00393,0.59378,-0.79174,-0.13447,0.04989,
1540581174379130368,-1.53473,15.96106,-0.00203,0.59351,-0.79234,-0.13162,0.05117,
1540581174411579648,-1.53309,15.95787,0.00322,0.59315,-0.79317,-0.12744,0.05303,
1540581174444753920,-1.53309,15.95787,0.00322,0.59315,-0.79317,-0.12744,0.05303,
1540581174478151680,-1.53309,15.95787,0.00322,0.59315,-0.79317,-0.12744,0.05303,
1540581174512245760,-1.53309,15.95787,0.00322,0.59315,-0.79317,-0.12744,0.05303,
1540581174546386688,-1.53309,15.95787,0.00322,0.59315,-0.79317,-0.12744,0.05303,
1540581174579783680,-1.53309,15.95787,0.00322,0.59315,-0.79317,-0.12744,0.05303,
1540581174612951808,-1.53309,15.95787,0.00322,0.59315,-0.79317,-0.12744,0.05303,
1540581174646945024,-1.53217,15.96108,-0.00094,0.59360,-0.79291,-0.12689,0.05326,
1540581174680292608,-1.53084,15.96003,0.00089,0.59356,-0.79311,-0.12557,0.05385,
1540581174715057920,-1.53084,15.96003,0.00089,0.59356,-0.79311,-0.12557,0.05385,
1540581174747028480,-1.53084,15.96003,0.00089,0.59356,-0.79311,-0.12557,0.05385,
1540581174784253952,-1.52992,15.96038,0.00227,0.59334,-0.79339,-0.12464,0.05425,
1540581174816058112,-1.52992,15.96038,0.00227,0.59334,-0.79339,-0.12464,0.05425,
1540581174847756032,-1.52992,15.96038,0.00227,0.59334,-0.79339,-0.12464,0.05425,
1540581174881384960,-1.52992,15.96038,0.00227,0.59334,-0.79339,-0.12464,0.05425,
1540581174915146240,-1.52992,15.96038,0.00227,0.59334,-0.79339,-0.12464,0.05425,
1540581174948678400,-1.52992,15.96038,0.00227,0.59334,-0.79339,-0.12464,0.05425,
1540581174982076928,-1.52992,15.96038,0.00227,0.59334,-0.79339,-0.12464,0.05425,
1540581175016410624,-1.52992,15.96038,0.00227,0.59334,-0.79339,-0.12464,0.05425,
1540581175048992256,-1.52992,15.96038,0.00227,0.59334,-0.79339,-0.12464,0.05425,
1540581175083091456,-1.52992,15.96038,0.00227,0.59334,-0.79339,-0.12464,0.05425,
1540581175116334592,-1.52992,15.96038,0.00227,0.59334,-0.79339,-0.12464,0.05425,
1540581175150552320,-1.52992,15.96038,0.00227,0.59334,-0.79339,-0.12464,0.05425,
1540581175184817920,-1.52992,15.96038,0.00227,0.59334,-0.79339,-0.12464,0.05425,
1540581175217561600,-1.52992,15.96038,0.00227,0.59334,-0.79339,-0.12464,0.05425,
1540581175251380480,-1.52794,15.96101,0.00311,0.59335,-0.79353,-0.12327,0.05517,
1540581175284821248,-1.52523,15.96094,0.00382,0.59331,-0.79375,-0.12147,0.05646,
1540581175318194432,-1.52248,15.96294,0.00170,0.59323,-0.79407,-0.11884,0.05845,
1540581175352334848,-1.51826,15.96321,0.00314,0.59297,-0.79444,-0.11657,0.06050,
1540581175385629696,-1.51359,15.96446,0.00383,0.59274,-0.79478,-0.11431,0.06256,
1540581175419185664,-1.50971,15.96528,0.00475,0.59244,-0.79523,-0.11154,0.06467,
1540581175453283584,-1.50597,15.96751,0.00415,0.59207,-0.79576,-0.10806,0.06738,
