1540581311870536960,0.00000,0.00000,0.00000,0.59811,-0.80008,-0.04629,0.00000,
1540581311935440896,0.00000,0.00000,0.00000,0.59811,-0.80008,-0.04629,0.00000,
1540581311968056064,0.00000,0.00000,0.00000,0.60519,-0.79457,-0.04880,0.00378,
1540581312003411456,0.00001,0.00153,0.00270,0.60421,-0.79532,-0.04879,0.00394,
1540581312034913280,-0.00037,0.00428,0.00403,0.60314,-0.79614,-0.04861,0.00416,
1540581312068851200,-0.00422,0.01551,0.00010,0.60180,-0.79719,-0.04796,0.00455,
1540581312119904768,-0.00675,0.02152,0.00183,0.59948,-0.79901,-0.04671,0.00532,
1540581312171529472,-0.01062,0.02982,0.00181,0.59748,-0.80055,-0.04594,0.00586,
1540581312220749568,-0.01671,0.04450,-0.00596,0.59636,-0.80140,-0.04552,0.00645,
1540581312288130816,-0.01762,0.04727,-0.00784,0.59593,-0.80178,-0.04424,0.00767,
1540581312320004352,-0.01753,0.04705,-0.00581,0.59542,-0.80222,-0.04304,0.00817,
1540581312352327936,-0.01734,0.04687,-0.00333,0.59493,-0.80265,-0.04171,0.00857,
1540581312385755904,-0.01734,0.04687,-0.00333,0.59493,-0.80265,-0.04171,0.00857,
1540581312419245056,-0.01734,0.04687,-0.00333,0.59493,-0.80265,-0.04171,0.00857,
1540581312452350464,-0.01734,0.04678,-0.00208,0.59477,-0.80274,-0.04221,0.00843,
1540581312485873408,-0.01724,0.04655,-0.00102,0.59453,-0.80287,-0.04318,0.00817,
1540581312520507904,-0.02022,0.05336,-0.00733,0.59464,-0.80275,-0.04402,0.00774,
1540581312552821504,-0.02138,0.05500,-0.00926,0.59481,-0.80259,-0.04463,0.00738,
1540581312585982976,-0.02138,0.05500,-0.00926,0.59481,-0.80259,-0.04463,0.00738,
1540581312619204096,-0.02138,0.05500,-0.00926,0.59481,-0.80259,-0.04463,0.00738,
1540581312653433344,-0.02066,0.05403,-0.00727,0.59449,-0.80285,-0.04427,0.00734,
1540581312685907712,-0.02049,0.05359,-0.00558,0.59413,-0.80315,-0.04355,0.00738,
1540581312720008192,-0.02106,0.05397,-0.00506,0.59384,-0.80342,-0.04265,0.00740,
1540581312752996096,-0.02151,0.05434,-0.00510,0.59360,-0.80364,-0.04191,0.00746,
1540581312787281152,-0.02282,0.05642,-0.00655,0.59338,-0.80382,-0.04136,0.00740,
1540581312819635712,-0.02385,0.05678,-0.00633,0.59326,-0.80395,-0.04072,0.00730,
1540581312852947200,-0.02378,0.05665,-0.00537,0.59326,-0.80401,-0.03939,0.00765,
1540581312886577152,-0.02416,0.05593,-0.00465,0.59309,-0.80421,-0.03756,0.00816,
1540581312920173568,-0.02478,0.05669,-0.00414,0.59271,-0.80456,-0.03616,0.00836,
1540581312953934848,-0.02600,0.05806,-0.00341,0.59248,-0.80478,-0.03503,0.00842,
1540581312986534656,-0.02600,0.05806,-0.00341,0.59248,-0.80478,-0.03503,0.00842,
1540581313020064768,-0.02501,0.05700,-0.00079,0.59219,-0.80501,-0.03469,0.00845,
1540581313053946368,-0.02431,0.05670,0.00083,0.59188,-0.80527,-0.03362,0.00876,
1540581313087021312,-0.02415,0.05651,0.00181,0.59147,-0.80560,-0.03312,0.00889,
1540581313119366912,-0.02415,0.05651,0.00181,0.59147,-0.80560,-0.03312,0.00889,
1540581313152768768,-0.02334,0.05589,0.00207,0.59154,-0.80556,-0.03289,0.00902,
1540581313186089216,-0.02221,0.05450,0.00172,0.59166,-0.80550,-0.03204,0.00945,
1540581313220594688,-0.02156,0.05472,0.00196,0.59146,-0.80566,-0.03147,0.00972,
1540581313252924672,-0.02156,0.05472,0.00196,0.59146,-0.80566,-0.03147,0.00972,
1540581313286524928,-0.02192,0.05608,-0.00060,0.59190,-0.80534,-0.03136,0.01012,
1540581313319565312,-0.02110,0.05464,-0.00072,0.59205,-0.80520,-0.03198,0.01035,
1540581313353289728,-0.02074,0.05418,0.00026,0.59192,-0.80527,-0.03245,0.01056,
1540581313386596352,-0.02082,0.05515,0.00020,0.59207,-0.80512,-0.03343,0.01075,
1540581313419536896,-0.02000,0.05548,-0.00047,0.59211,-0.80500,-0.03550,0.01069,
1540581313452860416,-0.01856,0.05613,0.00075,0.59191,-0.80507,-0.03729,0.01060,
1540581313486504704,-0.01748,0.05797,0.00016,0.59202,-0.80489,-0.03961,0.00987,
1540581313519927296,-0.01728,0.06012,-0.00123,0.59201,-0.80482,-0.04127,0.00960,
1540581313552884992,-0.01654,0.06244,-0.00122,0.59178,-0.80494,-0.04200,0.01017,
1540581313587262464,-0.01360,0.06205,0.00158,0.59156,-0.80502,-0.04349,0.01067,
1540581313620185088,-0.01073,0.06340,0.00342,0.59114,-0.80522,-0.04538,0.01107,
1540581313653785600,-0.00709,0.06394,0.00529,0.59060,-0.80553,-0.04649,0.01227,
1540581313686644224,-0.00320,0.06483,0.00649,0.59029,-0.80572,-0.04694,0.01348,
1540581313719801344,0.00037,0.06651,0.00654,0.59000,-0.80589,-0.04721,0.01465,
1540581313754206208,0.00514,0.06830,0.00667,0.58990,-0.80591,-0.04777,0.01563,
1540581313786569472,0.00964,0.06923,0.00712,0.58990,-0.80590,-0.04768,0.01642,
1540581313819939840,0.01419,0.07033,0.00741,0.58986,-0.80593,-0.04749,0.01704,
1540581313855247616,0.01787,0.07125,0.00773,0.58980,-0.80591,-0.04855,0.01682,
1540581313887887360,0.02094,0.07196,0.00879,0.58968,-0.80591,-0.05018,0.01645,
1540581313921654272,0.02441,0.07316,0.00892,0.58968,-0.80575,-0.05288,0.01566,
1540581313954838784,0.02876,0.07558,0.00691,0.58967,-0.80561,-0.05540,0.01458,
1540581313990173696,0.03214,0.07588,0.00805,0.58959,-0.80567,-0.05565,0.01346,
1540581314020227840,0.03398,0.07647,0.00917,0.58949,-0.80588,-0.05383,0.01290,
1540581314056036352,0.03452,0.08169,0.00843,0.58939,-0.80614,-0.05108,0.01253,
1540581314088675072,0.03446,0.08847,0.00619,0.58947,-0.80623,-0.04884,0.01158,
1540581314120644096,0.03529,0.08962,0.00853,0.58943,-0.80641,-0.04645,0.01093,
1540581314153652480,0.03349,0.09689,0.00578,0.58968,-0.80642,-0.04324,0.01006,
1540581314188880128,0.03171,0.10357,0.00143,0.59044,-0.80602,-0.04049,0.00894,
1540581314222446848,0.03098,0.10630,0.00489,0.59066,-0.80597,-0.03843,0.00787,
1540581314256738304,0.02821,0.11468,0.00285,0.59150,-0.80541,-0.03750,0.00608,
1540581314287429376,0.02705,0.12108,-0.00035,0.59218,-0.80489,-0.03820,0.00394,
1540581314320861440,0.02488,0.12904,-0.00034,0.59279,-0.80445,-0.03812,0.00162,
1540581314357697792,0.02096,0.13871,-0.00500,0.59411,-0.80352,-0.03727,-0.00059,
1540581314389410560,0.01950,0.14210,-0.00448,0.59462,-0.80314,-0.03714,-0.00306,
1540581314421919488,0.01835,0.15070,-0.00183,0.59440,-0.80325,-0.03789,-0.00644,
1540581314457235200,0.01263,0.15964,0.00010,0.59429,-0.80332,-0.03737,-0.00982,
1540581314488391936,0.01085,0.16555,0.00270,0.59330,-0.80399,-0.03777,-0.01309,
1540581314521437184,0.01273,0.17773,0.00605,0.59140,-0.80529,-0.03825,-0.01715,
1540581314554626048,0.00660,0.19274,0.01307,0.58987,-0.80654,-0.03349,-0.02059,
1540581314590323968,0.00100,0.20861,0.01425,0.58912,-0.80730,-0.02628,-0.02241,
1540581314622295552,0.00189,0.22355,0.01467,0.58809,-0.80812,-0.02168,-0.02492,
1540581314656887808,-0.00362,0.24514,0.00998,0.58744,-0.80874,-0.01211,-0.02650,
1540581314689161472,-0.01364,0.26047,0.00773,0.58736,-0.80888,-0.00216,-0.02679,
1540581314723614720,-0.02578,0.27490,0.00631,0.58763,-0.80860,-0.00020,-0.02932,
1540581314757336320,-0.03315,0.28204,0.00323,0.58820,-0.80808,-0.00407,-0.03197,
1540581314790607872,-0.03503,0.29167,0.00377,0.58753,-0.80837,-0.01095,-0.03510,
1540581314824409856,-0.03684,0.29815,0.00581,0.58749,-0.80822,-0.01504,-0.03750,
1540581314858013696,-0.03889,0.30604,0.00465,0.58776,-0.80806,-0.01368,-0.03740,
1540581314891280640,-0.04122,0.32101,0.00568,0.58742,-0.80843,-0.00922,-0.03584,
1540581314924398848,-0.04620,0.33557,0.00400,0.58806,-0.80805,-0.00572,-0.03466,
1540581314958675456,-0.05286,0.34507,0.00201,0.58891,-0.80750,-0.00478,-0.03344,
1540581314992387328,-0.05423,0.35683,0.00067,0.58885,-0.80761,-0.00542,-0.03146,
1540581315026567680,-0.05533,0.37321,0.00347,0.58863,-0.80787,-0.00525,-0.02907,
1540581315059073792,-0.05976,0.38705,0.00234,0.58995,-0.80702,-0.00374,-0.02552,
1540581315093578240,-0.05902,0.39878,0.00088,0.59054,-0.80673,-0.00262,-0.02083,
1540581315126694144,-0.06165,0.41593,0.00211,0.59043,-0.80692,-0.00044,-0.01646,
1540581315160617472,-0.06383,0.43564,0.00230,0.59141,-0.80629,0.00359,-0.01029,
1540581315193527040,-0.06379,0.45077,-0.00347,0.59277,-0.80534,0.00610,-0.00414,
1540581315226962432,-0.06744,0.46984,-0.00226,0.59262,-0.80543,0.00886,0.00149,
1540581315260937728,-0.06895,0.48753,-0.00219,0.59309,-0.80499,0.01255,0.00912,
1540581315294550016,-0.07103,0.50545,-0.00232,0.59360,-0.80453,0.01172,0.01494,
1540581315328600064,-0.07318,0.52169,-0.00583,0.59355,-0.80452,0.00684,0.01977,
1540581315361952000,-0.07689,0.54117,-0.00542,0.59259,-0.80516,-0.00009,0.02355,
1540581315394917376,-0.07331,0.55587,-0.00506,0.59205,-0.80538,-0.00909,0.02750,
1540581315428610048,-0.07190,0.57347,-0.00260,0.59094,-0.80594,-0.01536,0.03179,
1540581315462604288,-0.07224,0.58485,0.00731,0.58987,-0.80646,-0.01987,0.03578,
1540581315498571520,-0.06380,0.59832,0.00981,0.58889,-0.80684,-0.02431,0.04039,
1540581315530451456,-0.06501,0.62217,0.00821,0.58756,-0.80758,-0.02376,0.04493,
1540581315563643648,-0.06501,0.64264,0.00397,0.58710,-0.80763,-0.02325,0.05002,
1540581315596596736,-0.06800,0.65994,0.00816,0.58613,-0.80810,-0.02616,0.05235,
1540581315630922752,-0.06783,0.68284,0.00211,0.58639,-0.80763,-0.03093,0.05413,
1540581315665918208,-0.06542,0.69140,0.00421,0.58663,-0.80716,-0.03482,0.05607,
1540581315697612800,-0.06508,0.70375,0.00403,0.58626,-0.80726,-0.03519,0.05822,
1540581315732274176,-0.06694,0.72436,0.00186,0.58557,-0.80763,-0.03278,0.06140,
1540581315764597760,-0.07110,0.74862,-0.00137,0.58565,-0.80742,-0.03378,0.06287,
1540581315799097088,-0.07145,0.76415,-0.00679,0.58629,-0.80666,-0.04040,0.06269,
1540581315832328704,-0.06821,0.77461,-0.00099,0.58614,-0.80647,-0.04695,0.06203,
1540581315865967360,-0.06517,0.78740,-0.00376,0.58708,-0.80557,-0.05110,0.06153,
1540581315899031552,-0.06316,0.79700,-0.00866,0.58846,-0.80451,-0.05232,0.06118,
1540581315933441024,-0.06264,0.81199,-0.00698,0.58864,-0.80444,-0.05184,0.06077,
1540581315966820352,-0.06561,0.82777,-0.00656,0.58974,-0.80371,-0.05116,0.06032,
1540581315999841792,-0.06566,0.83844,-0.01136,0.59157,-0.80228,-0.05481,0.05824,
1540581316033910272,-0.06403,0.85468,-0.01140,0.59254,-0.80140,-0.06107,0.05409,
1540581316067354624,-0.06546,0.87211,-0.01379,0.59429,-0.80004,-0.06522,0.05008,
1540581316101385472,-0.06512,0.88365,-0.01860,0.59641,-0.79832,-0.07011,0.04543,
1540581316134653696,-0.06152,0.89572,-0.01786,0.59679,-0.79785,-0.07543,0.03983,
1540581316167845120,-0.05574,0.91093,-0.01674,0.59658,-0.79808,-0.07687,0.03528,
1540581316202759424,-0.05444,0.92961,-0.01632,0.59631,-0.79878,-0.07354,0.03098,
1540581316234954240,-0.05473,0.95559,-0.01279,0.59511,-0.80044,-0.06614,0.02776,
1540581316270011648,-0.05729,0.97330,-0.00445,0.59435,-0.80180,-0.05705,0.02480,
1540581316304424448,-0.06109,0.99380,-0.00062,0.59356,-0.80294,-0.05062,0.02050,
1540581316336251904,-0.05772,1.01011,-0.00248,0.59308,-0.80369,-0.04521,0.01701,
1540581316369723648,-0.05744,1.03101,-0.00170,0.59243,-0.80473,-0.03520,0.01405,
1540581316402958592,-0.05551,1.04907,-0.00238,0.59263,-0.80500,-0.02505,0.01198,
1540581316436871680,-0.06101,1.06286,-0.00180,0.59283,-0.80513,-0.01500,0.00951,
1540581316471403264,-0.06437,1.08444,-0.00748,0.59283,-0.80523,-0.01128,0.00583,
1540581316503771648,-0.06382,1.09949,-0.00872,0.59297,-0.80512,-0.01281,0.00059,
1540581316540562176,-0.06134,1.10621,-0.00797,0.59313,-0.80496,-0.01448,-0.00436,
1540581316571586048,-0.05376,1.11409,-0.00678,0.59312,-0.80496,-0.01366,-0.00775,
1540581316640694272,-0.05221,1.14307,-0.00839,0.59377,-0.80446,-0.00671,-0.01562,
1540581316672020480,-0.04792,1.15463,-0.01072,0.59438,-0.80394,-0.00494,-0.01900,
1540581316705445376,-0.04860,1.16675,-0.01010,0.59452,-0.80373,-0.00353,-0.02348,
1540581316739773440,-0.04867,1.17730,-0.00858,0.59498,-0.80328,-0.00169,-0.02721,
1540581316789433856,-0.05218,1.19378,-0.01302,0.59608,-0.80232,0.00231,-0.03095,
1540581316821902336,-0.04705,1.21467,-0.01783,0.59642,-0.80199,0.00596,-0.03246,
1540581316855407872,-0.04544,1.22968,-0.01912,0.59738,-0.80118,0.01022,-0.03377,
1540581316889296640,-0.04413,1.24635,-0.02235,0.59876,-0.80009,0.01235,-0.03449,
1540581316921964288,-0.04122,1.26425,-0.02549,0.59902,-0.79988,0.01087,-0.03534,
1540581316955364352,-0.03831,1.28025,-0.02533,0.59957,-0.79947,0.00906,-0.03586,
1540581316988979456,-0.03453,1.29976,-0.02488,0.60062,-0.79875,0.01016,-0.03391,
1540581317022021888,-0.02992,1.31316,-0.02739,0.60085,-0.79867,0.01216,-0.03104,
1540581317055545344,-0.02793,1.33156,-0.02192,0.60012,-0.79931,0.01452,-0.02750,
1540581317088831232,-0.02487,1.35384,-0.02309,0.60033,-0.79929,0.01226,-0.02425,
1540581317122481920,-0.02138,1.36949,-0.02149,0.60017,-0.79955,0.00770,-0.02160,
1540581317155305728,-0.01604,1.38738,-0.01836,0.59925,-0.80035,0.00515,-0.01770,
1540581317188983296,-0.01201,1.40434,-0.01457,0.59845,-0.80104,0.00385,-0.01319,
1540581317222093568,-0.01269,1.42306,-0.01017,0.59769,-0.80167,0.00105,-0.00960,
1540581317255457280,-0.01033,1.44246,-0.01249,0.59768,-0.80171,-0.00399,-0.00553,
1540581317289374976,-0.00779,1.46000,-0.01379,0.59753,-0.80179,-0.00957,-0.00188,
1540581317322737664,-0.00897,1.47571,-0.01251,0.59749,-0.80176,-0.01381,0.00126,
1540581317355801088,-0.00816,1.48887,-0.01516,0.59793,-0.80131,-0.01872,0.00485,
1540581317389720320,-0.00686,1.50443,-0.01684,0.59764,-0.80137,-0.02396,0.00794,
1540581317422986496,-0.00945,1.52120,-0.01707,0.59731,-0.80147,-0.02749,0.01061,
1540581317455861760,-0.00961,1.53140,-0.01660,0.59768,-0.80110,-0.02808,0.01523,
1540581317489693696,-0.01048,1.54336,-0.01474,0.59719,-0.80137,-0.02805,0.01946,
1540581317522936320,-0.01775,1.56030,-0.01760,0.59698,-0.80140,-0.02976,0.02198,
1540581317556321792,-0.02226,1.57571,-0.01908,0.59707,-0.80105,-0.03488,0.02475,
1540581317589184768,-0.02327,1.58953,-0.02142,0.59759,-0.80023,-0.04284,0.02625,
1540581317623828736,-0.02334,1.60090,-0.02149,0.59749,-0.79996,-0.04727,0.02885,
1540581317655700224,-0.02499,1.61097,-0.01774,0.59723,-0.80004,-0.04654,0.03285,
1540581317688931584,-0.02500,1.62449,-0.01744,0.59709,-0.80011,-0.04347,0.03777,
1540581317722438400,-0.02962,1.64546,-0.01952,0.59654,-0.80047,-0.03970,0.04255,
1540581317755506944,-0.03328,1.65995,-0.01403,0.59575,-0.80083,-0.03935,0.04704,
1540581317789133312,-0.03648,1.67757,-0.01288,0.59579,-0.80036,-0.04512,0.04919,
1540581317822576640,-0.04012,1.69674,-0.01572,0.59564,-0.80001,-0.05157,0.05040,
1540581317855735808,-0.04127,1.72089,-0.02111,0.59538,-0.79975,-0.05636,0.05242,
1540581317888989696,-0.04379,1.74074,-0.02321,0.59580,-0.79910,-0.05906,0.05454,
1540581317922187008,-0.04681,1.75784,-0.02535,0.59581,-0.79884,-0.06108,0.05604,
1540581317955824384,-0.05146,1.77775,-0.02340,0.59502,-0.79917,-0.06284,0.05760,
1540581317988848640,-0.05516,1.79825,-0.02176,0.59440,-0.79932,-0.06594,0.05865,
1540581318023209472,-0.05797,1.81836,-0.02266,0.59395,-0.79931,-0.07011,0.05844,
1540581318055956480,-0.06103,1.82627,-0.01158,0.59261,-0.80005,-0.07354,0.05766,
1540581318090244608,-0.06633,1.84843,-0.00829,0.59150,-0.80078,-0.07478,0.05738,
1540581318122843392,-0.06970,1.86977,-0.00689,0.59074,-0.80123,-0.07656,0.05654,
1540581318156144384,-0.07276,1.88360,-0.00314,0.58980,-0.80193,-0.07771,0.05481,
1540581318190779648,-0.07677,1.90261,-0.00180,0.58947,-0.80260,-0.07311,0.05486,
1540581318222799360,-0.07987,1.91644,-0.00009,0.58964,-0.80296,-0.06708,0.05551,
1540581318256948224,-0.08370,1.93206,-0.00208,0.58962,-0.80344,-0.06110,0.05562,
1540581318290096896,-0.08841,1.94437,-0.00402,0.58990,-0.80364,-0.05590,0.05522,
1540581318323013632,-0.09320,1.96064,-0.00588,0.58973,-0.80397,-0.05424,0.05386,
1540581318357111040,-0.09595,1.96967,-0.00552,0.59040,-0.80354,-0.05595,0.05111,
1540581318389670144,-0.09631,1.97690,-0.00624,0.59104,-0.80318,-0.05723,0.04798,
1540581318423189760,-0.09501,1.98260,-0.00690,0.59130,-0.80324,-0.05533,0.04583,
1540581318456562688,-0.09582,1.99130,-0.00137,0.59120,-0.80377,-0.05026,0.04381,
1540581318491059456,-0.10001,2.00237,-0.00025,0.59175,-0.80380,-0.04471,0.04185,
1540581318522745856,-0.10202,2.01513,-0.00382,0.59260,-0.80340,-0.04199,0.04002,
1540581318555992576,-0.10235,2.02729,-0.00600,0.59332,-0.80304,-0.04167,0.03691,
1540581318590308352,-0.10346,2.03833,-0.00877,0.59434,-0.80246,-0.04122,0.03355,
1540581318623735552,-0.10476,2.05182,-0.01070,0.59525,-0.80197,-0.03894,0.03163,
1540581318658157056,-0.10047,2.06257,-0.01266,0.59631,-0.80134,-0.03680,0.03040,
1540581318690928128,-0.10170,2.06642,-0.00856,0.59686,-0.80116,-0.03272,0.02882,
1540581318724635392,-0.10200,2.08152,-0.01064,0.59756,-0.80089,-0.02639,0.02846,
1540581318756332032,-0.10137,2.09283,-0.00723,0.59813,-0.80062,-0.02176,0.02787,
1540581318794464000,-0.10505,2.10565,-0.01108,0.59926,-0.79992,-0.01739,0.02657,
1540581318824148992,-0.10388,2.12634,-0.01454,0.59952,-0.79980,-0.01456,0.02601,
1540581318858924032,-0.10343,2.14043,-0.01367,0.60000,-0.79951,-0.01514,0.02348,
1540581318890470400,-0.10351,2.15593,-0.01184,0.60016,-0.79944,-0.01601,0.02133,
1540581318923955456,-0.10436,2.16589,-0.00676,0.60002,-0.79957,-0.01578,0.02036,
1540581318957878528,-0.09968,2.18649,-0.00790,0.59939,-0.80005,-0.01682,0.01907,
1540581318993626368,-0.09807,2.20487,-0.00181,0.59815,-0.80102,-0.01666,0.01743,
1540581319026167808,-0.09434,2.22979,-0.00677,0.59784,-0.80130,-0.01365,0.01785,
1540581319061529344,-0.09301,2.24483,-0.00265,0.59686,-0.80207,-0.01147,0.01795,
1540581319092611840,-0.09048,2.26685,-0.00064,0.59590,-0.80279,-0.01189,0.01723,
1540581319124439040,-0.08809,2.28664,0.00214,0.59583,-0.80283,-0.01388,0.01612,
1540581319158311680,-0.08172,2.30463,-0.00217,0.59621,-0.80252,-0.01636,0.01509,
1540581319191543296,-0.07608,2.32388,-0.00345,0.59574,-0.80289,-0.01595,0.01452,
1540581319225424128,-0.07573,2.34163,0.00085,0.59530,-0.80327,-0.01294,0.01432,
1540581319259095552,-0.07457,2.35592,-0.00125,0.59582,-0.80292,-0.01067,0.01438,
1540581319294023424,-0.06971,2.37384,-0.00301,0.59519,-0.80341,-0.00863,0.01401,
1540581319327967232,-0.06851,2.39120,0.00179,0.59443,-0.80401,-0.00251,0.01484,
1540581319359935232,-0.07300,2.40759,0.00044,0.59458,-0.80383,0.00626,0.01718,
1540581319393850112,-0.07710,2.42572,-0.00161,0.59432,-0.80398,0.00898,0.01773,
1540581319427581184,-0.08291,2.44524,-0.00240,0.59427,-0.80405,0.00739,0.01718,
1540581319461985024,-0.08600,2.46098,-0.00649,0.59520,-0.80340,0.00277,0.01671,
1540581319494764544,-0.08577,2.47615,-0.00896,0.59561,-0.80312,-0.00430,0.01534,
1540581319527694336,-0.08773,2.49566,-0.00895,0.59572,-0.80301,-0.00722,0.01539,
1540581319562403840,-0.09193,2.50686,-0.00277,0.59608,-0.80270,-0.00721,0.01735,
1540581319595213056,-0.09678,2.52420,-0.00103,0.59614,-0.80261,-0.00883,0.01870,
1540581319628765440,-0.10089,2.54635,-0.00659,0.59627,-0.80245,-0.01128,0.02019,
1540581319662700288,-0.10765,2.57041,-0.00507,0.59612,-0.80250,-0.01376,0.02117,
1540581319696489216,-0.11132,2.58721,-0.00732,0.59701,-0.80174,-0.01678,0.02250,
1540581319729395200,-0.11340,2.60847,-0.01070,0.59683,-0.80180,-0.01851,0.02391,
1540581319762709504,-0.12038,2.63136,-0.01053,0.59629,-0.80217,-0.01787,0.02539,
1540581319796489472,-0.12606,2.65431,-0.01004,0.59589,-0.80242,-0.01674,0.02753,
1540581319830364672,-0.13207,2.67461,-0.00954,0.59514,-0.80293,-0.01735,0.02856,
1540581319865499648,-0.13947,2.69370,-0.00218,0.59366,-0.80398,-0.01676,0.03015,
1540581319898600960,-0.14486,2.71443,0.00169,0.59268,-0.80464,-0.01658,0.03167,
1540581319931386112,-0.14856,2.73072,-0.00002,0.59207,-0.80506,-0.01800,0.03159,
1540581319965392128,-0.15538,2.75299,0.00329,0.59067,-0.80611,-0.01520,0.03268,
1540581319998566912,-0.16209,2.77247,0.00398,0.59092,-0.80591,-0.01018,0.03484,
1540581320032724736,-0.16741,2.78726,0.00236,0.59139,-0.80557,-0.00808,0.03540,
1540581320065620480,-0.17685,2.80175,-0.00053,0.59136,-0.80560,-0.00623,0.03568,
1540581320099122176,-0.18369,2.81613,0.00145,0.59048,-0.80619,-0.00610,0.03670,
1540581320132240128,-0.18936,2.83143,0.00286,0.59033,-0.80632,-0.01096,0.03519,
1540581320166409728,-0.19337,2.84281,0.00383,0.59023,-0.80636,-0.01562,0.03426,
1540581320200100608,-0.19319,2.85389,0.00192,0.59000,-0.80646,-0.01769,0.03473,
1540581320233372416,-0.19873,2.87221,0.00464,0.58938,-0.80691,-0.02002,0.03363,
1540581320266957312,-0.20450,2.88403,0.00146,0.59082,-0.80581,-0.02249,0.03320,
1540581320301478400,-0.20138,2.89339,0.00100,0.59112,-0.80545,-0.02757,0.03262,
1540581320334631424,-0.19574,2.90406,-0.00147,0.59146,-0.80513,-0.03162,0.03069,
1540581320368014336,-0.19591,2.91918,-0.00107,0.59205,-0.80482,-0.02827,0.03070,
1540581320401751040,-0.19666,2.93177,-0.00313,0.59320,-0.80411,-0.02052,0.03318,
1540581320435502080,-0.19625,2.94076,-0.00177,0.59369,-0.80382,-0.01762,0.03305,
1540581320471503104,-0.19523,2.95787,-0.00253,0.59424,-0.80351,-0.01506,0.03186,
1540581320502999296,-0.19180,2.97289,-0.00361,0.59519,-0.80290,-0.01036,0.03164,
1540581320536547072,-0.19105,2.98990,-0.00687,0.59616,-0.80226,-0.00410,0.03084,
1540581320571049216,-0.19465,3.00890,-0.00831,0.59696,-0.80172,0.00188,0.02959,
1540581320605162496,-0.19648,3.02649,-0.01018,0.59778,-0.80114,0.00509,0.02837,
1540581320637479424,-0.19692,3.04370,-0.01173,0.59877,-0.80051,0.00321,0.02554,
1540581320671169792,-0.19765,3.06137,-0.01366,0.59930,-0.80025,-0.00373,0.02073,
1540581320703421952,-0.19285,3.07342,-0.01188,0.59916,-0.80036,-0.01293,0.01603,
1540581320737808384,-0.18617,3.08829,-0.00362,0.59786,-0.80128,-0.01897,0.01251,
1540581320771248128,-0.18090,3.10437,-0.00058,0.59696,-0.80192,-0.02131,0.01011,
1540581320804586240,-0.17623,3.12500,0.00246,0.59549,-0.80302,-0.02211,0.00808,
1540581320839105536,-0.17134,3.14895,0.00450,0.59425,-0.80394,-0.02268,0.00575,
1540581320872301056,-0.16597,3.16934,0.00053,0.59438,-0.80387,-0.02224,0.00404,
1540581320905502720,-0.16325,3.18763,0.00079,0.59407,-0.80412,-0.02151,0.00195,
1540581320939419904,-0.16061,3.20185,0.00014,0.59425,-0.80400,-0.02133,-0.00055,
1540581320972887040,-0.15762,3.21631,-0.00089,0.59445,-0.80386,-0.02051,-0.00266,
1540581321007237632,-0.15454,3.23159,-0.00198,0.59446,-0.80389,-0.01900,-0.00486,
1540581321039745792,-0.15521,3.24789,-0.00319,0.59471,-0.80373,-0.01704,-0.00756,
1540581321073666048,-0.15439,3.26095,-0.00589,0.59512,-0.80347,-0.01344,-0.00875,
1540581321107072000,-0.15361,3.27759,-0.00370,0.59483,-0.80374,-0.00988,-0.00948,
1540581321140668672,-0.15323,3.29323,-0.00847,0.59571,-0.80310,-0.00725,-0.01035,
1540581321175394816,-0.15388,3.30709,-0.01321,0.59658,-0.80249,-0.00253,-0.00989,
1540581321225930240,-0.15663,3.32256,-0.01611,0.59671,-0.80240,0.00114,-0.00924,
1540581321258003968,-0.15887,3.33725,-0.01581,0.59743,-0.80186,-0.00156,-0.00976,
1540581321291834880,-0.15822,3.35066,-0.01481,0.59820,-0.80125,-0.00747,-0.01005,
1540581321324647168,-0.15631,3.36548,-0.01440,0.59823,-0.80117,-0.01188,-0.01040,
1540581321358175232,-0.15899,3.38671,-0.01526,0.59831,-0.80112,-0.01177,-0.00964,
1540581321392023808,-0.16190,3.40513,-0.01368,0.59851,-0.80099,-0.01179,-0.00775,
1540581321425436928,-0.16382,3.42648,-0.01658,0.59879,-0.80072,-0.01544,-0.00762,
1540581321458051584,-0.16979,3.44925,-0.01633,0.59858,-0.80083,-0.01749,-0.00765,
1540581321491612160,-0.17420,3.46770,-0.01521,0.59867,-0.80076,-0.01855,-0.00625,
1540581321525128960,-0.17777,3.48864,-0.01301,0.59774,-0.80144,-0.01931,-0.00521,
1540581321558024960,-0.18299,3.51133,-0.01164,0.59676,-0.80221,-0.01815,-0.00394,
1540581321591254272,-0.18902,3.53403,-0.00553,0.59555,-0.80317,-0.01562,-0.00168,
1540581321624946944,-0.19380,3.55615,-0.00096,0.59414,-0.80426,-0.01270,0.00122,
1540581321659302144,-0.19997,3.58016,0.00101,0.59279,-0.80530,-0.00905,0.00414,
1540581321692145408,-0.20613,3.60368,0.00481,0.59151,-0.80624,-0.00673,0.00648,
1540581321725148928,-0.21282,3.62632,0.00465,0.59106,-0.80657,-0.00471,0.00854,
1540581321758744320,-0.21951,3.64757,0.00321,0.59098,-0.80660,-0.00267,0.01124,
1540581321792026880,-0.22452,3.66609,0.00261,0.59103,-0.80653,-0.00011,0.01402,
1540581321824680960,-0.22905,3.68100,0.00100,0.59120,-0.80632,0.00516,0.01738,
1540581321858403328,-0.23583,3.69530,0.00318,0.59050,-0.80669,0.01083,0.02109,
1540581321892187392,-0.24398,3.71164,0.00380,0.59021,-0.80683,0.01173,0.02324,
1540581321924678400,-0.24996,3.72517,0.00364,0.59041,-0.80669,0.00830,0.02443,
1540581321958336000,-0.25387,3.73751,0.00368,0.59000,-0.80699,0.00422,0.02531,
1540581321991576832,-0.25914,3.75120,0.00425,0.59002,-0.80696,0.00226,0.02621,
1540581322025498368,-0.26333,3.76428,0.00298,0.59015,-0.80679,0.00262,0.02827,
1540581322058322176,-0.26810,3.77881,0.00121,0.59035,-0.80656,0.00350,0.03053,
1540581322092542208,-0.27508,3.79524,0.00101,0.59059,-0.80633,0.00264,0.03216,
1540581322126027520,-0.27951,3.80924,-0.00311,0.59168,-0.80547,-0.00095,0.03375,
1540581322158491648,-0.28082,3.82441,-0.00633,0.59200,-0.80516,-0.00555,0.03497,
1540581322191503872,-0.28365,3.84145,-0.00832,0.59263,-0.80463,-0.00709,0.03628,
1540581322225687040,-0.28521,3.85674,-0.00850,0.59312,-0.80412,-0.00497,0.03974,
1540581322259101952,-0.28520,3.87470,-0.00786,0.59309,-0.80395,-0.00176,0.04370,
1540581322291983360,-0.28662,3.89316,-0.00799,0.59343,-0.80355,0.00056,0.04632,
1540581322324889856,-0.28886,3.91314,-0.00749,0.59358,-0.80321,0.00370,0.05009,
1540581322358592000,-0.28911,3.93205,-0.00769,0.59384,-0.80282,0.00370,0.05317,
1540581322392791296,-0.29090,3.95524,-0.00779,0.59361,-0.80291,0.00106,0.05436,
1540581322425875456,-0.29064,3.97735,-0.00899,0.59383,-0.80268,-0.00353,0.05521,
1540581322458982400,-0.28794,4.00177,-0.00896,0.59360,-0.80278,-0.00823,0.05582,
1540581322491750912,-0.28533,4.02354,-0.00696,0.59323,-0.80297,-0.01048,0.05665,
1540581322525679616,-0.27921,4.04506,-0.00587,0.59213,-0.80368,-0.01159,0.05779,
1540581322558714624,-0.27304,4.06785,-0.00271,0.59027,-0.80496,-0.00923,0.05945,
1540581322592522496,-0.26910,4.09177,-0.00205,0.58879,-0.80592,-0.00418,0.06169,
1540581322625302016,-0.26789,4.11156,0.00396,0.58729,-0.80693,-0.00189,0.06278,
1540581322658705408,-0.26596,4.13454,0.00564,0.58637,-0.80771,-0.00621,0.06116,
1540581322692930560,-0.26159,4.15234,0.00463,0.58661,-0.80762,-0.01186,0.05914,
1540581322725857280,-0.25424,4.16687,0.00822,0.58644,-0.80785,-0.01636,0.05652,
1540581322759025664,-0.24984,4.18215,0.00833,0.58651,-0.80792,-0.01567,0.05491,
1540581322792418816,-0.24474,4.19612,0.01092,0.58622,-0.80825,-0.01366,0.05374,
1540581322825934336,-0.24104,4.21465,0.01007,0.58637,-0.80832,-0.01261,0.05133,
1540581322858966784,-0.23691,4.23005,0.00858,0.58675,-0.80824,-0.01132,0.04852,
1540581322893557248,-0.23216,4.24518,0.00491,0.58721,-0.80803,-0.00598,0.04735,
1540581322925616640,-0.22651,4.25909,0.00648,0.58691,-0.80832,-0.00013,0.04638,
1540581322959289600,-0.22595,4.27601,0.00393,0.58749,-0.80797,0.00543,0.04484,
1540581322993177856,-0.22278,4.28912,0.00141,0.58855,-0.80728,0.00760,0.04305,
1540581323026744832,-0.22078,4.30021,-0.00058,0.58985,-0.80652,0.00649,0.03957,
1540581323059119616,-0.21896,4.31085,0.00089,0.59093,-0.80591,0.00455,0.03596,
1540581323092176128,-0.21500,4.32484,-0.00267,0.59234,-0.80501,0.00256,0.03291,
1540581323125460480,-0.21295,4.33932,-0.00928,0.59384,-0.80405,0.00045,0.02920,
1540581323159020544,-0.21158,4.35141,-0.01069,0.59473,-0.80351,-0.00069,0.02582,
1540581323192402688,-0.21023,4.36630,-0.00921,0.59537,-0.80313,-0.00187,0.02280,
1540581323225873920,-0.20947,4.38205,-0.01419,0.59679,-0.80216,-0.00415,0.01892,
1540581323259996160,-0.20795,4.39865,-0.01574,0.59733,-0.80183,-0.00610,0.01485,
1540581323292995840,-0.20492,4.41694,-0.01613,0.59763,-0.80166,-0.00515,0.01233,
1540581323326483200,-0.20645,4.43512,-0.01390,0.59798,-0.80145,-0.00261,0.00968,
1540581323361403904,-0.20800,4.45204,-0.01612,0.59820,-0.80132,-0.00118,0.00674,
1540581323395712256,-0.21011,4.47382,-0.01175,0.59706,-0.80219,-0.00044,0.00377,
1540581323429181952,-0.21064,4.49378,-0.00866,0.59657,-0.80256,-0.00011,0.00100,
1540581323460057344,-0.21061,4.51352,-0.00604,0.59553,-0.80333,-0.00012,-0.00180,
1540581323493769472,-0.21579,4.53637,-0.00102,0.59390,-0.80453,0.00073,-0.00437,
1540581323527885312,-0.21671,4.56005,0.00102,0.59280,-0.80533,0.00047,-0.00637,
1540581323560553984,-0.21861,4.58507,-0.00026,0.59202,-0.80587,-0.00007,-0.00927,
1540581323594749952,-0.22226,4.60888,-0.00252,0.59138,-0.80632,0.00265,-0.01067,
1540581323628276992,-0.22698,4.62971,-0.00000,0.59077,-0.80673,0.00678,-0.01122,
1540581323660537856,-0.23076,4.64674,-0.00081,0.59116,-0.80640,0.01076,-0.01118,
1540581323696802816,-0.23455,4.66058,-0.00243,0.59118,-0.80631,0.01692,-0.00975,
1540581323730188288,-0.24071,4.67607,-0.00026,0.59057,-0.80662,0.02297,-0.00804,
1540581323762817792,-0.24841,4.69177,-0.00121,0.59054,-0.80656,0.02607,-0.00646,
1540581323796473344,-0.25206,4.70354,-0.00100,0.59058,-0.80652,0.02686,-0.00435,
1540581323830157312,-0.25399,4.71653,0.00022,0.59024,-0.80678,0.02686,-0.00222,
1540581323862052096,-0.26055,4.73073,-0.00168,0.59038,-0.80670,0.02635,-0.00065,
1540581323895710720,-0.26642,4.74224,-0.00226,0.59060,-0.80663,0.02336,0.00103,
1540581323932332288,-0.26800,4.75340,-0.00191,0.59079,-0.80661,0.01859,0.00277,
1540581323962801920,-0.27283,4.76540,0.00027,0.59098,-0.80654,0.01492,0.00414,
1540581323996687872,-0.27806,4.77863,-0.00061,0.59151,-0.80620,0.01101,0.00604,
1540581324030605312,-0.28038,4.79082,-0.00146,0.59174,-0.80606,0.00629,0.00820,
1540581324063803136,-0.28180,4.80548,-0.00013,0.59170,-0.80609,0.00229,0.01038,
1540581324097601536,-0.28546,4.82284,-0.00173,0.59193,-0.80589,0.00066,0.01276,
1540581324131455232,-0.28736,4.83990,-0.00578,0.59240,-0.80548,0.00056,0.01607,
1540581324164771840,-0.28952,4.86155,-0.00839,0.59265,-0.80520,0.00300,0.02046,
1540581324199505408,-0.29444,4.87955,-0.01303,0.59366,-0.80434,0.00498,0.02420,
1540581324231694592,-0.30122,4.89854,-0.01461,0.59411,-0.80387,0.00643,0.02803,
1540581324264911104,-0.30343,4.91711,-0.01581,0.59471,-0.80324,0.00687,0.03287,
1540581324298926848,-0.30641,4.93562,-0.01853,0.59537,-0.80262,0.00428,0.03628,
1540581324333135872,-0.30760,4.95325,-0.01704,0.59526,-0.80256,0.00110,0.03952,
1540581324366450944,-0.30640,4.97622,-0.01562,0.59527,-0.80237,-0.00330,0.04298,
1540581324400103680,-0.30490,4.99456,-0.01805,0.59603,-0.80160,-0.00797,0.04613,
1540581324433896448,-0.30021,5.01397,-0.01791,0.59515,-0.80201,-0.01269,0.04909,
1540581324467321088,-0.29905,5.03802,-0.01508,0.59415,-0.80257,-0.01521,0.05137,
1540581324500581376,-0.29681,5.05294,-0.00926,0.59372,-0.80265,-0.01596,0.05474,
1540581324533939712,-0.29225,5.05911,0.00457,0.59217,-0.80357,-0.01754,0.05751,
1540581324567615488,-0.29316,5.09247,0.00077,0.59082,-0.80445,-0.01999,0.05826,
1540581324601981952,-0.29499,5.11328,0.00024,0.59097,-0.80421,-0.02353,0.05868,
1540581324634953984,-0.29109,5.12942,-0.00435,0.59162,-0.80356,-0.02880,0.05869,
1540581324668258304,-0.28694,5.14554,-0.00606,0.59173,-0.80340,-0.03318,0.05741,
1540581324702104320,-0.28645,5.16324,-0.00687,0.59207,-0.80317,-0.03482,0.05615,
1540581324735558144,-0.28425,5.17660,-0.00935,0.59274,-0.80271,-0.03594,0.05503,
1540581324769684736,-0.27835,5.18946,-0.00875,0.59257,-0.80293,-0.03403,0.05482,
1540581324803392512,-0.27628,5.20269,-0.00883,0.59245,-0.80325,-0.02821,0.05483,
1540581324836693504,-0.27882,5.21689,-0.00868,0.59228,-0.80354,-0.02326,0.05470,
1540581324870570496,-0.28103,5.22888,-0.00492,0.59236,-0.80357,-0.02314,0.05333,
1540581324903520000,-0.27988,5.24374,-0.00811,0.59320,-0.80303,-0.02907,0.04921,
1540581324937419520,-0.27915,5.25956,-0.01065,0.59404,-0.80244,-0.03395,0.04536,
1540581324970876416,-0.27544,5.27279,-0.01458,0.59526,-0.80158,-0.03594,0.04294,
1540581325004582144,-0.27118,5.28710,-0.01622,0.59594,-0.80122,-0.03550,0.04044,
1540581325037847808,-0.26993,5.30147,-0.01266,0.59606,-0.80134,-0.03340,0.03801,
1540581325072045824,-0.27059,5.32038,-0.01025,0.59619,-0.80146,-0.03026,0.03605,
1540581325105554176,-0.26727,5.33968,-0.01187,0.59672,-0.80123,-0.02941,0.03301,
1540581325138904064,-0.26622,5.36249,-0.01555,0.59710,-0.80116,-0.02752,0.02927,
1540581325173141504,-0.26526,5.38097,-0.01213,0.59724,-0.80127,-0.02330,0.02684,
1540581325205956864,-0.26596,5.40050,-0.01143,0.59765,-0.80119,-0.01823,0.02409,
1540581325239711488,-0.26851,5.42490,-0.01147,0.59745,-0.80151,-0.01596,0.01942,
1540581325272982528,-0.26944,5.44681,-0.01502,0.59750,-0.80158,-0.01558,0.01473,
1540581325307180288,-0.27115,5.46760,-0.01700,0.59679,-0.80220,-0.01518,0.00948,
1540581325344760576,-0.27507,5.49281,-0.01627,0.59538,-0.80329,-0.01594,0.00191,
1540581325373963520,-0.27494,5.50993,-0.01237,0.59457,-0.80391,-0.01468,-0.00352,
1540581325407700736,-0.27671,5.53045,-0.00941,0.59381,-0.80449,-0.01070,-0.00794,
1540581325441824768,-0.27886,5.55211,-0.00494,0.59272,-0.80524,-0.00834,-0.01401,
1540581325474984960,-0.28048,5.57414,-0.00529,0.59221,-0.80551,-0.00498,-0.02045,
1540581325509956096,-0.28139,5.59143,-0.00216,0.59149,-0.80594,0.00564,-0.02394,
1540581325542701312,-0.27918,5.61470,-0.00306,0.59088,-0.80614,0.01929,-0.02526,
1540581325575721728,-0.28715,5.63476,-0.00063,0.59052,-0.80584,0.03455,-0.02672,
1540581325609145600,-0.29736,5.64841,-0.00803,0.59094,-0.80505,0.04313,-0.02875,
1540581325643109376,-0.29948,5.65871,-0.00089,0.58998,-0.80562,0.04354,-0.03172,
1540581325677921280,-0.29882,5.67054,0.00144,0.58986,-0.80567,0.04088,-0.03603,
1540581325746662144,-0.29722,5.69408,0.00561,0.58875,-0.80595,0.04863,-0.03818,
1540581325779496448,-0.30200,5.71053,0.00442,0.58920,-0.80529,0.05312,-0.03915,
1540581325828860416,-0.30854,5.72225,-0.00277,0.59042,-0.80426,0.05377,-0.04102,
1540581325860699136,-0.31189,5.73216,-0.00017,0.59040,-0.80442,0.04933,-0.04353,
1540581325894124288,-0.31426,5.74559,-0.00604,0.59107,-0.80410,0.04473,-0.04541,
1540581325927358720,-0.31670,5.76134,-0.00979,0.59172,-0.80366,0.04369,-0.04564,
1540581325960942848,-0.31848,5.77730,-0.01052,0.59272,-0.80290,0.04582,-0.04407,
1540581325994413568,-0.31982,5.79023,-0.01100,0.59411,-0.80178,0.04999,-0.04115,
1540581326027389184,-0.32242,5.80245,-0.00945,0.59503,-0.80096,0.05414,-0.03823,
1540581326060705536,-0.32604,5.81788,-0.00764,0.59581,-0.80034,0.05707,-0.03475,
1540581326094420736,-0.32720,5.83398,-0.01008,0.59710,-0.79958,0.05635,-0.03113,
1540581326127723776,-0.32861,5.85223,-0.01319,0.59780,-0.79927,0.05499,-0.02806,
1540581326161004288,-0.32958,5.86925,-0.01186,0.59841,-0.79895,0.05486,-0.02375,
1540581326194763520,-0.33112,5.88225,-0.01072,0.59954,-0.79837,0.05283,-0.01925,
1540581326227719424,-0.33290,5.90506,-0.01036,0.59957,-0.79870,0.04832,-0.01610,
1540581326260793344,-0.33002,5.92479,-0.00959,0.59973,-0.79894,0.04321,-0.01204,
1540581326294433792,-0.32662,5.94109,-0.00387,0.59902,-0.79975,0.03893,-0.00777,
1540581326327697152,-0.32500,5.96332,0.00019,0.59807,-0.80059,0.03669,-0.00386,
1540581326362043392,-0.32158,5.98735,0.00007,0.59735,-0.80106,0.03840,0.00222,
1540581326395524608,-0.31917,6.01055,0.00020,0.59614,-0.80178,0.04118,0.00820,
1540581326427622400,-0.32105,6.03201,0.00192,0.59522,-0.80241,0.04135,0.01215,
1540581326461242368,-0.32197,6.05594,0.00023,0.59511,-0.80260,0.03798,0.01553,
1540581326494720768,-0.32200,6.07054,0.00269,0.59533,-0.80262,0.03253,0.01817,
1540581326528407552,-0.32181,6.09049,0.00056,0.59485,-0.80311,0.02723,0.02086,
1540581326561829632,-0.32394,6.10896,0.00160,0.59439,-0.80356,0.02212,0.02259,
1540581326594962688,-0.32354,6.12724,0.00058,0.59451,-0.80358,0.01575,0.02387,
1540581326628568064,-0.32264,6.14380,-0.00101,0.59429,-0.80373,0.01274,0.02613,
1540581326661235456,-0.32339,6.15908,-0.00198,0.59392,-0.80388,0.01414,0.02899,
1540581326695169024,-0.32540,6.17651,-0.00685,0.59363,-0.80383,0.01880,0.03325,
1540581326730704128,-0.32905,6.19166,-0.00682,0.59348,-0.80373,0.02104,0.03672,
1540581326762023168,-0.33349,6.20708,-0.00966,0.59410,-0.80327,0.01837,0.03834,
1540581326795053824,-0.33564,6.22216,-0.01023,0.59496,-0.80276,0.01036,0.03859,
1540581326828295168,-0.33685,6.23980,-0.01245,0.59566,-0.80236,-0.00019,0.03765,
1540581326861848832,-0.33709,6.25320,-0.01309,0.59629,-0.80186,-0.00641,0.03776,
1540581326894684672,-0.33368,6.27570,-0.01713,0.59642,-0.80164,-0.00886,0.03964,
1540581326929237248,-0.33131,6.28602,-0.01221,0.59621,-0.80170,-0.00830,0.04175,
1540581326962130176,-0.33375,6.30443,-0.00985,0.59575,-0.80196,-0.00609,0.04368,
1540581326994951424,-0.33505,6.32556,-0.01207,0.59565,-0.80193,-0.00469,0.04571,
1540581327028320000,-0.33503,6.34345,-0.01312,0.59603,-0.80167,-0.00706,0.04502,
1540581327062740224,-0.33697,6.35921,-0.01136,0.59617,-0.80162,-0.00808,0.04387,
1540581327095474176,-0.33943,6.38089,-0.01076,0.59564,-0.80206,-0.00731,0.04312,
1540581327129485056,-0.34101,6.39522,-0.00834,0.59537,-0.80238,-0.00820,0.04065,
1540581327162662912,-0.34452,6.41786,-0.00563,0.59448,-0.80318,-0.00806,0.03788,
1540581327195252480,-0.34894,6.43933,-0.00632,0.59394,-0.80373,-0.00940,0.03409,
1540581327228822272,-0.35302,6.45861,-0.00221,0.59263,-0.80486,-0.01410,0.02811,
1540581327262295040,-0.35780,6.48016,-0.00132,0.59200,-0.80542,-0.01795,0.02251,
1540581327295116544,-0.35940,6.49414,-0.00211,0.59160,-0.80580,-0.01973,0.01733,
1540581327328679680,-0.36121,6.50869,-0.00086,0.59087,-0.80648,-0.01794,0.01194,
1540581327362435328,-0.36392,6.52119,0.00342,0.59059,-0.80684,-0.01166,0.00856,
1540581327395649024,-0.36815,6.53247,0.00406,0.59073,-0.80684,-0.00175,0.00660,
1540581327428981248,-0.37190,6.54539,0.00764,0.59030,-0.80714,0.00739,0.00433,
1540581327462009856,-0.37599,6.54914,0.01623,0.58987,-0.80739,0.01319,0.00174,
1540581327495008256,-0.38139,6.56354,0.01710,0.58962,-0.80754,0.01498,-0.00225,
1540581327528702464,-0.38034,6.57787,0.01613,0.58950,-0.80763,0.01347,-0.00654,
1540581327561987072,-0.37664,6.59098,0.01485,0.58936,-0.80770,0.01324,-0.01014,
1540581327595838976,-0.37699,6.60502,0.01233,0.58951,-0.80750,0.01557,-0.01355,
1540581327628145920,-0.37314,6.61874,0.01071,0.58968,-0.80726,0.01910,-0.01546,
1540581327662050048,-0.37335,6.63148,0.00918,0.59027,-0.80669,0.02194,-0.01874,
1540581327694925568,-0.37655,6.64944,0.00031,0.59130,-0.80580,0.02358,-0.02227,
1540581327730147840,-0.37720,6.66160,-0.00448,0.59264,-0.80473,0.02272,-0.02566,
1540581327763561728,-0.37669,6.67254,-0.00631,0.59353,-0.80401,0.01940,-0.03016,
1540581327798909184,-0.37386,6.68353,-0.00773,0.59398,-0.80357,0.01944,-0.03289,
1540581327828638464,-0.36947,6.69819,-0.01192,0.59483,-0.80278,0.02395,-0.03372,
1540581327863481088,-0.36843,6.71257,-0.01300,0.59564,-0.80187,0.03344,-0.03303,
1540581327900037888,-0.37085,6.72833,-0.01217,0.59636,-0.80090,0.04397,-0.03131,
1540581327930548480,-0.37187,6.74564,-0.01222,0.59724,-0.79989,0.05122,-0.02934,
1540581327965274368,-0.37420,6.76481,-0.01401,0.59819,-0.79905,0.05376,-0.02834,
1540581327997588992,-0.37368,6.78314,-0.01504,0.59878,-0.79868,0.05318,-0.02732,
1540581328030889472,-0.37228,6.80504,-0.01656,0.59928,-0.79838,0.05305,-0.02532,
1540581328063978496,-0.37307,6.82690,-0.01895,0.59991,-0.79805,0.05187,-0.02313,
1540581328096502272,-0.37443,6.84444,-0.01628,0.60002,-0.79827,0.04788,-0.02141,
1540581328130777856,-0.37068,6.86252,-0.01169,0.59920,-0.79919,0.04384,-0.01846,
1540581328164493824,-0.36640,6.88017,-0.00623,0.59807,-0.80019,0.04246,-0.01451,
1540581328199588096,-0.36337,6.90119,-0.00177,0.59666,-0.80126,0.04327,-0.00991,
1540581328230228480,-0.36171,6.92662,0.00002,0.59543,-0.80205,0.04657,-0.00446,
1540581328263674112,-0.35793,6.94874,-0.00042,0.59465,-0.80247,0.04928,0.00132,
1540581328297202944,-0.36128,6.97584,-0.00231,0.59362,-0.80330,0.04796,0.00421,
1540581328330925312,-0.36295,6.99826,0.00023,0.59318,-0.80391,0.04257,0.00719,
1540581328364794112,-0.35921,7.01547,-0.00198,0.59383,-0.80380,0.03429,0.00939,
1540581328397764864,-0.36061,7.02785,-0.00619,0.59399,-0.80393,0.02770,0.01038,
1540581328431306240,-0.35983,7.04748,-0.00777,0.59334,-0.80452,0.02334,0.01249,
1540581328465337856,-0.35954,7.06320,-0.00955,0.59366,-0.80435,0.01975,0.01425,
1540581328499610624,-0.35958,7.07113,-0.00604,0.59379,-0.80425,0.01812,0.01634,
1540581328532330752,-0.36172,7.07973,-0.00506,0.59388,-0.80405,0.02054,0.01986,
1540581328566455808,-0.36550,7.09506,-0.00829,0.59349,-0.80421,0.02235,0.02285,
1540581328599555584,-0.37243,7.11140,-0.00835,0.59340,-0.80429,0.02010,0.02413,
1540581328634472704,-0.37484,7.12364,-0.00863,0.59410,-0.80387,0.01421,0.02540,
1540581328666508800,-0.37694,7.13573,-0.01013,0.59464,-0.80356,0.00726,0.02535,
1540581328700520448,-0.37745,7.14688,-0.01130,0.59489,-0.80335,0.00310,0.02684,
1540581328737577984,-0.37936,7.16237,-0.01062,0.59473,-0.80336,0.00286,0.02983,
1540581328767904768,-0.38510,7.17959,-0.01258,0.59535,-0.80282,0.00245,0.03204,
1540581328802651648,-0.38620,7.19318,-0.01762,0.59590,-0.80229,0.00132,0.03516,
1540581328835127808,-0.38941,7.21113,-0.01794,0.59549,-0.80253,-0.00235,0.03659,
1540581328869320960,-0.39323,7.22946,-0.02015,0.59625,-0.80188,-0.00660,0.03786,
1540581328903413760,-0.39217,7.23704,-0.01996,0.59732,-0.80098,-0.01185,0.03864,
1540581328935623936,-0.39344,7.25015,-0.01925,0.59725,-0.80099,-0.01527,0.03849,
1540581328969199872,-0.39628,7.26556,-0.01552,0.59696,-0.80114,-0.01563,0.03952,
1540581329003455488,-0.39876,7.27528,-0.01542,0.59705,-0.80105,-0.01613,0.03991,
1540581329036329472,-0.40251,7.28819,-0.01079,0.59574,-0.80203,-0.01764,0.03898,
1540581329070258432,-0.40737,7.30644,-0.00628,0.59458,-0.80294,-0.01996,0.03682,
1540581329103697152,-0.41156,7.32067,-0.00450,0.59386,-0.80354,-0.02292,0.03350,
1540581329138145024,-0.41528,7.33105,-0.00082,0.59264,-0.80454,-0.02401,0.03035,
1540581329171074048,-0.42167,7.35086,0.00357,0.59129,-0.80570,-0.02247,0.02690,
1540581329204477184,-0.42769,7.36029,0.00667,0.59105,-0.80604,-0.02089,0.02293,
1540581329238566144,-0.43355,7.37266,0.00856,0.59067,-0.80650,-0.01831,0.01819,
1540581329272153856,-0.43505,7.38393,0.00828,0.59090,-0.80651,-0.01223,0.01546,
1540581329305939968,-0.43658,7.39739,0.00862,0.59083,-0.80668,-0.00095,0.01363,
1540581329339025664,-0.44171,7.41208,0.00892,0.59024,-0.80707,0.01160,0.01130,
1540581329372377088,-0.44475,7.42221,0.01341,0.58967,-0.80730,0.02157,0.00946,
1540581329406190080,-0.45062,7.43573,0.01569,0.58911,-0.80750,0.02897,0.00672,
1540581329439768576,-0.45398,7.45128,0.01214,0.58924,-0.80734,0.03164,0.00224,
1540581329474471168,-0.45679,7.46209,0.00993,0.58961,-0.80703,0.03254,-0.00262,
1540581329507492096,-0.45651,7.47516,0.01056,0.58980,-0.80686,0.03269,-0.00687,
1540581329540372224,-0.45769,7.48026,0.01136,0.59076,-0.80610,0.03268,-0.01165,
1540581329573954048,-0.45917,7.49563,0.00649,0.59144,-0.80551,0.03298,-0.01644,
1540581329607776512,-0.45872,7.50731,0.00564,0.59183,-0.80514,0.03280,-0.02052,
1540581329642158848,-0.46076,7.52038,0.00299,0.59280,-0.80431,0.03199,-0.02555,
1540581329674691584,-0.45910,7.53519,-0.00378,0.59378,-0.80344,0.03179,-0.03008,
1540581329709160448,-0.46040,7.54743,-0.00430,0.59428,-0.80280,0.03500,-0.03354,
1540581329741710848,-0.45809,7.56018,-0.00546,0.59539,-0.80166,0.03991,-0.03552,
1540581329775654912,-0.45911,7.57465,-0.00787,0.59623,-0.80061,0.04582,-0.03785,
1540581329809769728,-0.46164,7.59127,-0.00539,0.59598,-0.80036,0.05168,-0.03953,
1540581329843515904,-0.46302,7.61333,-0.00808,0.59653,-0.79958,0.05598,-0.04102,
1540581329879953920,-0.46464,7.62816,-0.00898,0.59710,-0.79893,0.05780,-0.04295,
1540581329910504192,-0.46401,7.64931,-0.00632,0.59622,-0.79944,0.05909,-0.04389,
1540581329944687360,-0.46277,7.67771,-0.00423,0.59573,-0.79974,0.05959,-0.04448,
1540581329977266432,-0.46173,7.70013,-0.00387,0.59587,-0.79973,0.05742,-0.04556,
1540581330011875072,-0.45584,7.72703,-0.00969,0.59553,-0.80009,0.05615,-0.04538,
1540581330044224512,-0.45018,7.75175,-0.00454,0.59421,-0.80100,0.05867,-0.04324,
1540581330078323456,-0.44684,7.77233,0.00124,0.59327,-0.80148,0.06360,-0.04005,
1540581330111707904,-0.44554,7.79386,0.00504,0.59233,-0.80190,0.06920,-0.03623,
1540581330146015232,-0.44229,7.81867,0.00670,0.59115,-0.80251,0.07431,-0.03165,
1540581330179440384,-0.44032,7.84605,0.00769,0.59045,-0.80300,0.07572,-0.02883,
1540581330212653824,-0.44246,7.86872,0.00810,0.59061,-0.80306,0.07460,-0.02675,
1540581330246155008,-0.44015,7.88446,0.00537,0.59098,-0.80311,0.07196,-0.02384,
1540581330280684800,-0.43842,7.90285,0.00581,0.59040,-0.80396,0.06772,-0.02213,
1540581330312849408,-0.43886,7.92269,0.00461,0.59036,-0.80432,0.06403,-0.02083,
1540581330348653056,-0.43447,7.93705,0.00399,0.59059,-0.80441,0.06159,-0.01814,
1540581330417506560,-0.43235,7.96874,0.00494,0.59088,-0.80351,0.07180,-0.00857,
1540581330448890368,-0.43804,7.98543,0.00471,0.59094,-0.80311,0.07607,-0.00402,
1540581330497640192,-0.43924,8.00525,-0.00153,0.59214,-0.80282,0.06969,-0.00150,
1540581330531355136,-0.44199,8.01661,-0.00580,0.59382,-0.80241,0.05931,-0.00097,
1540581330563421696,-0.44498,8.02508,-0.00767,0.59468,-0.80225,0.05233,0.00022,
1540581330596761344,-0.44969,8.03682,-0.00562,0.59493,-0.80213,0.05126,0.00296,
1540581330630317824,-0.45265,8.05711,-0.00908,0.59577,-0.80142,0.05222,0.00670,
1540581330664220928,-0.45839,8.06800,-0.00566,0.59630,-0.80107,0.05121,0.00973,
1540581330696943360,-0.46319,8.09071,-0.00930,0.59621,-0.80131,0.04792,0.01138,
1540581330730281984,-0.46759,8.11192,-0.01045,0.59664,-0.80126,0.04286,0.01276,
1540581330763716096,-0.47265,8.12336,-0.00607,0.59707,-0.80109,0.03924,0.01473,
1540581330797305344,-0.47816,8.14060,-0.00480,0.59650,-0.80152,0.03838,0.01683,
1540581330830242816,-0.48219,8.16421,-0.00484,0.59552,-0.80219,0.03833,0.01933,
1540581330863667200,-0.48712,8.18949,-0.00603,0.59458,-0.80290,0.03689,0.02157,
1540581330897335040,-0.49326,8.20608,0.00175,0.59315,-0.80411,0.03299,0.02228,
1540581330930673664,-0.49728,8.22625,0.00688,0.59143,-0.80555,0.02813,0.02240,
1540581330964137728,-0.50164,8.24558,0.01216,0.58987,-0.80678,0.02545,0.02260,
1540581330997164800,-0.50594,8.26967,0.01460,0.58849,-0.80778,0.02564,0.02270,
1540581331031001088,-0.51347,8.29330,0.00961,0.58804,-0.80809,0.02671,0.02219,
1540581331063691520,-0.51853,8.31472,0.00763,0.58804,-0.80809,0.02738,0.02112,
1540581331097416960,-0.52588,8.32964,0.00563,0.58867,-0.80768,0.02761,0.01917,
1540581331133767424,-0.53086,8.34658,0.00390,0.58929,-0.80717,0.02960,0.01813,
1540581331199566592,-0.52958,8.38358,0.00735,0.58880,-0.80724,0.03653,0.01847,
1540581331230631680,-0.52893,8.39860,0.00729,0.58898,-0.80683,0.04178,0.01953,
1540581331264798720,-0.52844,8.41402,0.00897,0.58921,-0.80643,0.04591,0.01996,
1540581331298117632,-0.52745,8.43165,0.00910,0.58946,-0.80616,0.04756,0.01941,
1540581331331406848,-0.52532,8.44786,0.00726,0.59045,-0.80525,0.05042,0.01982,
1540581331364794368,-0.52364,8.46363,0.00776,0.59133,-0.80447,0.05287,0.01936,
1540581331397547776,-0.52266,8.48270,0.00420,0.59237,-0.80366,0.05385,0.01802,
1540581331431120128,-0.52231,8.50161,-0.00111,0.59377,-0.80266,0.05383,0.01655,
1540581331464409600,-0.52144,8.52109,-0.00267,0.59549,-0.80156,0.05179,0.01458,
1540581331498059008,-0.51852,8.53509,-0.00509,0.59685,-0.80075,0.04917,0.01250,
1540581331531717888,-0.51243,8.55549,-0.01091,0.59788,-0.79991,0.05039,0.01175,
1540581331564499200,-0.50854,8.57521,-0.00749,0.59838,-0.79905,0.05738,0.01281,
1540581331598229248,-0.50335,8.59126,-0.00191,0.59848,-0.79813,0.06754,0.01579,
1540581331631570176,-0.49635,8.61836,0.00084,0.59772,-0.79803,0.07465,0.01731,
1540581331665371392,-0.49446,8.64434,0.00352,0.59688,-0.79837,0.07778,0.01682,
1540581331698350592,-0.48878,8.68617,-0.00838,0.59672,-0.79871,0.07583,0.01564,
1540581331731129088,-0.48369,8.70453,-0.00096,0.59505,-0.80066,0.06858,0.01264,
1540581331765259776,-0.47382,8.72434,0.00542,0.59319,-0.80253,0.06310,0.00964,
1540581331798766080,-0.46648,8.74881,0.00977,0.59145,-0.80363,0.06563,0.00832,
1540581331831238912,-0.45923,8.76997,0.01063,0.59007,-0.80427,0.07003,0.00790,
1540581331865133056,-0.45564,8.79685,0.01057,0.58827,-0.80532,0.07327,0.00588,
1540581331898599424,-0.45543,8.81977,0.00863,0.58842,-0.80527,0.07278,0.00236,
1540581331931193856,-0.45298,8.83829,0.00799,0.58871,-0.80537,0.06921,-0.00127,
1540581331964473344,-0.44788,8.84989,0.00466,0.58930,-0.80537,0.06378,-0.00644,
1540581331998353920,-0.44388,8.86489,0.00357,0.58920,-0.80543,0.06329,-0.01080,
1540581332031798272,-0.43977,8.87973,0.00475,0.58941,-0.80487,0.06805,-0.01249,
1540581332065319424,-0.43875,8.89170,0.00366,0.58994,-0.80388,0.07456,-0.01374,
1540581332100914688,-0.43917,8.90662,0.00553,0.58938,-0.80397,0.07737,-0.01643,
1540581332131568640,-0.44004,8.92861,0.00349,0.58944,-0.80402,0.07560,-0.01991,
1540581332164945664,-0.43859,8.94622,-0.00312,0.59114,-0.80320,0.06965,-0.02394,
1540581332198109696,-0.43163,8.95648,-0.00932,0.59262,-0.80251,0.06322,-0.02792,
1540581332231752960,-0.42784,8.96601,-0.01075,0.59347,-0.80197,0.06018,-0.03185,
1540581332265514752,-0.42686,8.98040,-0.01017,0.59422,-0.80112,0.06391,-0.03201,
1540581332299913216,-0.42680,8.99084,-0.01035,0.59558,-0.79993,0.06599,-0.03235,
1540581332332438272,-0.42771,9.00314,-0.01079,0.59636,-0.79937,0.06493,-0.03394,
1540581332367616000,-0.42675,9.01926,-0.01212,0.59709,-0.79883,0.06470,-0.03426,
1540581332401546752,-0.42644,9.03041,-0.00791,0.59769,-0.79847,0.06334,-0.03482,
1540581332432216320,-0.42690,9.04447,-0.00591,0.59814,-0.79822,0.06152,-0.03589,
1540581332465333504,-0.42281,9.06550,-0.00958,0.59835,-0.79807,0.06172,-0.03548,
1540581332499113472,-0.41853,9.08708,-0.01006,0.59781,-0.79832,0.06437,-0.03417,
1540581332532620544,-0.41521,9.10876,-0.00612,0.59737,-0.79831,0.06939,-0.03216,
1540581332566261760,-0.41345,9.12953,-0.00452,0.59677,-0.79821,0.07672,-0.02897,
1540581332600728576,-0.41242,9.15170,0.00064,0.59511,-0.79889,0.08337,-0.02598,
1540581332632924160,-0.41267,9.17795,0.00324,0.59386,-0.79949,0.08693,-0.02446,
1540581332666573312,-0.41290,9.19963,0.00453,0.59341,-0.79962,0.08904,-0.02337,
1540581332701149696,-0.41415,9.22277,0.00549,0.59304,-0.79980,0.08987,-0.02340,
1540581332734276608,-0.41835,9.24491,0.00156,0.59345,-0.79938,0.09077,-0.02379,
1540581332766982400,-0.41964,9.26584,-0.00057,0.59341,-0.79923,0.09251,-0.02328,
1540581332801103360,-0.42374,9.28488,-0.00116,0.59354,-0.79895,0.09399,-0.02370,
1540581332835752704,-0.43024,9.30332,-0.00218,0.59374,-0.79871,0.09466,-0.02410,
1540581332869293568,-0.43457,9.31927,-0.00019,0.59349,-0.79897,0.09410,-0.02384,
1540581332902037504,-0.43796,9.33595,-0.00125,0.59329,-0.79931,0.09240,-0.02395,
1540581332935411968,-0.44122,9.35350,-0.00048,0.59273,-0.79990,0.09089,-0.02376,
1540581332969215232,-0.44355,9.36981,0.00059,0.59259,-0.80014,0.08995,-0.02302,
1540581333002931712,-0.44484,9.38860,-0.00347,0.59284,-0.80001,0.08961,-0.02217,
1540581333034805760,-0.44815,9.40827,-0.00310,0.59324,-0.79970,0.09008,-0.02086,
1540581333068322816,-0.45201,9.42508,-0.00460,0.59428,-0.79910,0.08878,-0.01941,
1540581333102512128,-0.45378,9.44349,-0.00302,0.59454,-0.79933,0.08507,-0.01866,
1540581333135726080,-0.45084,9.46226,-0.00605,0.59530,-0.79911,0.08220,-0.01699,
1540581333169405184,-0.44697,9.47768,-0.00720,0.59618,-0.79828,0.08448,-0.01343,
1540581333204403200,-0.44302,9.49701,-0.00997,0.59663,-0.79714,0.09241,-0.00821,
1540581333237159424,-0.44312,9.52011,-0.01033,0.59667,-0.79598,0.10194,-0.00256,
1540581333269828352,-0.44415,9.54304,-0.01048,0.59677,-0.79485,0.10984,0.00382,
1540581333303432704,-0.44371,9.56333,-0.01409,0.59724,-0.79416,0.11197,0.00853,
1540581333338543104,-0.44374,9.58425,-0.00850,0.59670,-0.79482,0.10983,0.01188,
1540581333371337472,-0.44503,9.60657,-0.00764,0.59692,-0.79521,0.10542,0.01458,
1540581333405561856,-0.44070,9.62526,-0.00666,0.59650,-0.79663,0.09639,0.01658,
1540581333438244096,-0.43386,9.64590,-0.00284,0.59498,-0.79866,0.08825,0.01872,
1540581333471869952,-0.43050,9.66418,-0.00007,0.59417,-0.79951,0.08523,0.02189,
1540581333505787136,-0.42593,9.68127,0.00037,0.59311,-0.80037,0.08344,0.02587,
1540581333540507136,-0.42141,9.70294,0.00109,0.59185,-0.80127,0.08237,0.03003,
1540581333572199680,-0.41983,9.72117,-0.00156,0.59184,-0.80135,0.08046,0.03296,
1540581333606982656,-0.41772,9.73714,-0.00411,0.59227,-0.80140,0.07593,0.03477,
1540581333639870720,-0.41477,9.74967,-0.00187,0.59230,-0.80196,0.06910,0.03561,
1540581333673676032,-0.40916,9.76265,-0.00569,0.59294,-0.80210,0.06162,0.03546,
1540581333706841344,-0.40522,9.76994,-0.00447,0.59318,-0.80224,0.05771,0.03494,
1540581333740696576,-0.40473,9.78384,-0.00524,0.59323,-0.80213,0.05845,0.03537,
1540581333774922496,-0.40586,9.79186,-0.00591,0.59335,-0.80183,0.06045,0.03678,
1540581333807331584,-0.40688,9.80782,-0.00439,0.59299,-0.80228,0.05845,0.03581,
1540581333842121728,-0.40977,9.81962,-0.00464,0.59417,-0.80197,0.05221,0.03283,
1540581333874876672,-0.40566,9.83191,-0.00977,0.59550,-0.80151,0.04520,0.03032,
1540581333908638720,-0.40178,9.83979,-0.00842,0.59611,-0.80141,0.04060,0.02733,
1540581333943042816,-0.39954,9.85577,-0.01026,0.59653,-0.80115,0.04065,0.02565,
1540581333975796224,-0.39953,9.86959,-0.00914,0.59695,-0.80079,0.04226,0.02448,
1540581334009381120,-0.39957,9.88751,-0.01180,0.59781,-0.80028,0.04114,0.02182,
1540581334042843392,-0.39631,9.90389,-0.01498,0.59849,-0.79994,0.03911,0.01909,
1540581334076257536,-0.39423,9.91950,-0.01562,0.59924,-0.79953,0.03773,0.01567,
1540581334110152192,-0.39293,9.93661,-0.01453,0.59979,-0.79918,0.03758,0.01229,
1540581334144796928,-0.39201,9.95854,-0.01851,0.60049,-0.79870,0.03757,0.00880,
1540581334177917440,-0.39005,9.97942,-0.01805,0.60053,-0.79874,0.03673,0.00541,
1540581334211708160,-0.38925,9.99696,-0.01498,0.60036,-0.79897,0.03475,0.00113,
1540581334243964160,-0.38762,10.01624,-0.01058,0.59940,-0.79977,0.03275,-0.00303,
1540581334278881792,-0.38475,10.04017,-0.00833,0.59794,-0.80093,0.03026,-0.00785,
1540581334311999488,-0.38169,10.06609,-0.00534,0.59668,-0.80184,0.02970,-0.01169,
1540581334347317248,-0.37859,10.08692,-0.00350,0.59574,-0.80240,0.03200,-0.01466,
1540581334379335424,-0.37631,10.11582,-0.00344,0.59431,-0.80320,0.03681,-0.01749,
1540581334411955712,-0.37948,10.13822,0.00443,0.59371,-0.80342,0.04002,-0.02083,
1540581334445720832,-0.37754,10.15829,0.00098,0.59394,-0.80312,0.04059,-0.02438,
1540581334479329792,-0.37233,10.17892,-0.00144,0.59352,-0.80313,0.04454,-0.02692,
1540581334512705024,-0.37135,10.19920,0.00170,0.59304,-0.80299,0.05196,-0.02835,
1540581334546701568,-0.37543,10.21609,0.00263,0.59281,-0.80257,0.06021,-0.02884,
1540581334580389376,-0.37386,10.23782,0.00298,0.59194,-0.80288,0.06366,-0.03052,
1540581334614912256,-0.37292,10.25833,0.00099,0.59193,-0.80258,0.06662,-0.03242,
1540581334647390976,-0.37038,10.27658,-0.00172,0.59217,-0.80198,0.07156,-0.03238,
1540581334681483264,-0.36867,10.29176,0.00202,0.59208,-0.80155,0.07694,-0.03217,
1540581334714960896,-0.37172,10.31120,0.00061,0.59239,-0.80096,0.08015,-0.03331,
1540581334748404992,-0.37500,10.32738,0.00333,0.59267,-0.80065,0.08109,-0.03363,
1540581334782063360,-0.37327,10.34918,-0.00184,0.59347,-0.80024,0.07889,-0.03438,
1540581334816061952,-0.37124,10.36878,-0.00366,0.59422,-0.79999,0.07475,-0.03640,
1540581334849342464,-0.36761,10.38773,-0.00789,0.59518,-0.79936,0.07364,-0.03691,
1540581334883320576,-0.36429,10.40653,-0.00506,0.59565,-0.79889,0.07499,-0.03673,
1540581334916057088,-0.36531,10.43129,-0.00427,0.59610,-0.79833,0.07767,-0.03605,
1540581334950398208,-0.36360,10.45701,-0.00777,0.59705,-0.79745,0.08052,-0.03362,
1540581334983363328,-0.35954,10.47787,-0.00557,0.59729,-0.79727,0.08119,-0.03187,
1540581335016945920,-0.35828,10.50175,-0.00389,0.59735,-0.79719,0.08231,-0.02985,
1540581335067909888,-0.34930,10.52640,-0.00122,0.59695,-0.79774,0.08146,-0.02515,
1540581335120581888,-0.33777,10.57563,-0.00773,0.59633,-0.79889,0.07552,-0.02141,
1540581335168828160,-0.32726,10.59696,-0.00470,0.59550,-0.79975,0.07422,-0.01640,
1540581335220694016,-0.31682,10.63633,-0.00537,0.59481,-0.80040,0.07339,-0.01285,
1540581335269203712,-0.31484,10.65661,-0.00625,0.59473,-0.80035,0.07512,-0.00986,
1540581335300406528,-0.31373,10.67113,-0.00266,0.59471,-0.80069,0.07170,-0.00888,
1540581335333906432,-0.31087,10.68778,-0.00624,0.59534,-0.80083,0.06429,-0.01098,
1540581335366692352,-0.30964,10.70376,-0.00685,0.59519,-0.80114,0.06163,-0.01131,
1540581335400409600,-0.30664,10.72019,-0.00485,0.59478,-0.80142,0.06208,-0.01018,
1540581335434100992,-0.30592,10.73585,-0.00164,0.59480,-0.80130,0.06356,-0.00950,
1540581335467226368,-0.30513,10.75061,-0.00013,0.59444,-0.80149,0.06465,-0.00849,
1540581335500622080,-0.30202,10.76593,0.00587,0.59348,-0.80227,0.06387,-0.00820,
1540581335535167232,-0.29971,10.78412,0.00935,0.59294,-0.80278,0.06235,-0.00898,
1540581335567168256,-0.29725,10.80318,0.00869,0.59281,-0.80291,0.06186,-0.00897,
1540581335601226752,-0.29483,10.82093,0.00686,0.59271,-0.80313,0.05977,-0.01003,
1540581335635331072,-0.29394,10.84594,0.00109,0.59262,-0.80335,0.05738,-0.01156,
1540581335666880512,-0.29258,10.86245,-0.00026,0.59302,-0.80321,0.05487,-0.01322,
1540581335701329920,-0.29111,10.87920,-0.00148,0.59312,-0.80332,0.05123,-0.01611,
1540581335733585664,-0.28892,10.89799,-0.00085,0.59272,-0.80368,0.04913,-0.01910,
1540581335766650112,-0.28513,10.91467,0.00338,0.59297,-0.80340,0.04971,-0.02139,
1540581335800761344,-0.28258,10.93559,0.00095,0.59340,-0.80282,0.05303,-0.02340,
1540581335834053376,-0.28089,10.96084,-0.00199,0.59308,-0.80272,0.05684,-0.02576,
1540581335867491840,-0.27998,10.98311,-0.00417,0.59355,-0.80215,0.05866,-0.02849,
1540581335900719872,-0.28150,11.00137,-0.00277,0.59277,-0.80275,0.05582,-0.03328,
1540581335933633536,-0.28110,11.02137,-0.00025,0.59090,-0.80426,0.04952,-0.03946,
1540581335967180288,-0.27752,11.04132,0.00249,0.58953,-0.80523,0.04518,-0.04489,
1540581336001353984,-0.27579,11.05886,0.00246,0.58855,-0.80566,0.04452,-0.05031,
1540581336033744128,-0.27586,11.07367,0.01270,0.58666,-0.80650,0.05007,-0.05366,
1540581336067450112,-0.27353,11.09492,0.01467,0.58595,-0.80646,0.05577,-0.05634,
1540581336101234688,-0.27229,11.11260,0.01305,0.58578,-0.80592,0.06173,-0.05957,
1540581336134836224,-0.27187,11.12969,0.01247,0.58516,-0.80552,0.07044,-0.06136,
1540581336167030784,-0.27061,11.15384,0.00615,0.58437,-0.80538,0.07729,-0.06251,
1540581336201451008,-0.27107,11.17507,0.00395,0.58417,-0.80513,0.07941,-0.06482,
1540581336234387200,-0.27034,11.18970,0.00049,0.58476,-0.80453,0.07903,-0.06739,
1540581336267708416,-0.26796,11.20103,0.00038,0.58477,-0.80436,0.07993,-0.06832,
1540581336301934848,-0.26522,11.21616,0.00074,0.58476,-0.80414,0.08183,-0.06875,
1540581336334274048,-0.26451,11.23202,0.00060,0.58581,-0.80311,0.08460,-0.06850,
1540581336367636224,-0.26312,11.24305,-0.00348,0.58732,-0.80189,0.08629,-0.06766,
1540581336400368128,-0.26056,11.25716,-0.00334,0.58773,-0.80158,0.08666,-0.06732,
1540581336434610944,-0.26152,11.27251,-0.00491,0.58870,-0.80091,0.08639,-0.06715,
1540581336467256064,-0.26337,11.28488,-0.00463,0.58971,-0.80046,0.08392,-0.06680,
1540581336501159168,-0.25954,11.30422,-0.01155,0.59048,-0.80040,0.07849,-0.06735,
1540581336534453504,-0.25703,11.31473,-0.01122,0.59141,-0.79998,0.07636,-0.06656,
1540581336567704064,-0.25523,11.33422,-0.00867,0.59204,-0.79955,0.07737,-0.06497,
1540581336601678848,-0.25237,11.35813,0.00068,0.59347,-0.79847,0.07976,-0.06229,
1540581336635889664,-0.25130,11.38409,-0.00763,0.59444,-0.79780,0.08164,-0.05907,
1540581336667547136,-0.25041,11.40820,-0.00966,0.59477,-0.79778,0.08149,-0.05608,
1540581336701357568,-0.24851,11.43101,-0.01413,0.59598,-0.79746,0.07700,-0.05423,
1540581336735575552,-0.24394,11.45305,-0.01773,0.59627,-0.79798,0.07037,-0.05236,
1540581336770017024,-0.23894,11.47073,-0.01156,0.59592,-0.79888,0.06490,-0.04962,
1540581336801751808,-0.23643,11.49192,-0.00851,0.59541,-0.79978,0.06013,-0.04719,
1540581336834084096,-0.22733,11.50867,-0.00202,0.59418,-0.80118,0.05655,-0.04325,
1540581336868159488,-0.22191,11.53696,-0.00224,0.59317,-0.80210,0.05711,-0.03910,
1540581336901339648,-0.21793,11.55823,0.00065,0.59272,-0.80251,0.05950,-0.03334,
1540581336935295232,-0.21159,11.57788,0.00604,0.59180,-0.80342,0.05876,-0.02892,
1540581336967847936,-0.20982,11.60689,0.00490,0.59150,-0.80383,0.05759,-0.02582,
1540581337002038784,-0.20932,11.62959,-0.00113,0.59257,-0.80338,0.05409,-0.02251,
1540581337034555392,-0.20417,11.64326,-0.00717,0.59284,-0.80377,0.04547,-0.02085,
1540581337068838144,-0.19698,11.66215,-0.00605,0.59130,-0.80531,0.03795,-0.01982,
1540581337101589760,-0.19434,11.67733,0.00017,0.59159,-0.80520,0.03713,-0.01740,
1540581337137989376,-0.19005,11.69073,0.00148,0.59208,-0.80472,0.04139,-0.01227,
1540581337169573120,-0.18783,11.71180,-0.00305,0.59176,-0.80478,0.04570,-0.00837,
1540581337202711040,-0.18812,11.73984,-0.00329,0.59127,-0.80501,0.04819,-0.00560,
1540581337236383232,-0.18807,11.76240,-0.00813,0.59248,-0.80420,0.04705,-0.00373,
1540581337270512384,-0.18599,11.78035,-0.01297,0.59378,-0.80346,0.04332,-0.00285,
1540581337302866944,-0.18180,11.79968,-0.01454,0.59440,-0.80313,0.04080,-0.00196,
1540581337337946368,-0.17926,11.81824,-0.01686,0.59542,-0.80248,0.03874,-0.00204,
1540581337369498880,-0.17737,11.83828,-0.01857,0.59602,-0.80205,0.03843,-0.00146,
1540581337403725056,-0.17227,11.85730,-0.01712,0.59597,-0.80212,0.03769,-0.00150,
1540581337437844480,-0.17102,11.88391,-0.01954,0.59596,-0.80218,0.03629,-0.00358,
1540581337470486272,-0.16985,11.90732,-0.02324,0.59665,-0.80171,0.03504,-0.00553,
1540581337504389632,-0.16658,11.92461,-0.01687,0.59612,-0.80219,0.03264,-0.00827,
1540581337539081472,-0.16215,11.94774,-0.01811,0.59523,-0.80293,0.02895,-0.01318,
1540581337571062784,-0.16241,11.96681,-0.00839,0.59360,-0.80410,0.02806,-0.01672,
1540581337604293376,-0.15595,11.99309,-0.00605,0.59210,-0.80515,0.02706,-0.02040,
1540581337639068928,-0.14927,12.01645,-0.00007,0.59058,-0.80609,0.02892,-0.02427,
1540581337671101696,-0.14386,12.04490,0.00123,0.58988,-0.80629,0.03510,-0.02668,
1540581337705214976,-0.14045,12.06621,-0.00414,0.58939,-0.80622,0.04161,-0.02976,
1540581337738629888,-0.13499,12.08894,-0.00152,0.58753,-0.80695,0.05094,-0.03232,
1540581337772001280,-0.13121,12.11572,-0.00078,0.58716,-0.80637,0.06238,-0.03342,
1540581337806059008,-0.13394,12.12958,-0.00597,0.58811,-0.80476,0.07268,-0.03483,
1540581337839882752,-0.13185,12.14161,-0.00388,0.58752,-0.80457,0.07794,-0.03744,
1540581337873363712,-0.13050,12.15793,0.00089,0.58706,-0.80431,0.08264,-0.04026,
1540581337906843136,-0.12508,12.16762,-0.00469,0.58805,-0.80301,0.08733,-0.04171,
1540581337940967680,-0.12140,12.17902,-0.00186,0.58810,-0.80234,0.09189,-0.04402,
1540581337974360064,-0.12064,12.19716,-0.00152,0.58874,-0.80129,0.09553,-0.04677,
1540581338007628544,-0.11953,12.20398,-0.00309,0.59048,-0.79983,0.09582,-0.04918,
1540581338041683200,-0.11372,12.21852,-0.00521,0.59066,-0.79991,0.09161,-0.05364,
1540581338074451968,-0.10713,12.23198,-0.01176,0.59157,-0.79925,0.08860,-0.05820,
1540581338108408576,-0.10388,12.24390,-0.01024,0.59264,-0.79808,0.09027,-0.06082,
1540581338141978880,-0.09490,12.25646,-0.00767,0.59319,-0.79723,0.09322,-0.06219,
1540581338175447552,-0.08768,12.26849,-0.01020,0.59389,-0.79579,0.10048,-0.06264,
1540581338209763072,-0.08366,12.29679,-0.01084,0.59406,-0.79406,0.11327,-0.06110,
1540581338243174912,-0.08412,12.31959,-0.01786,0.59533,-0.79182,0.12296,-0.05901,
1540581338276182272,-0.08717,12.34341,-0.02132,0.59576,-0.79108,0.12600,-0.05828,
1540581338311480320,-0.08537,12.35981,-0.01719,0.59649,-0.79117,0.12162,-0.05877,
1540581338343465216,-0.08036,12.37396,-0.01573,0.59732,-0.79128,0.11695,-0.05839,
1540581338376890112,-0.07610,12.39440,-0.01877,0.59740,-0.79177,0.11364,-0.05742,
1540581338412445440,-0.07061,12.41843,-0.01406,0.59632,-0.79333,0.10898,-0.05618,
1540581338443941376,-0.06535,12.43910,-0.01046,0.59607,-0.79442,0.10287,-0.05484,
1540581338477564416,-0.05988,12.45621,-0.00703,0.59556,-0.79559,0.09732,-0.05353,
1540581338514197504,-0.05089,12.48095,-0.00804,0.59470,-0.79685,0.09343,-0.05127,
1540581338544742144,-0.04958,12.49910,-0.00301,0.59431,-0.79741,0.09268,-0.04844,
1540581338578823168,-0.04311,12.51762,-0.00124,0.59402,-0.79800,0.09095,-0.04539,
1540581338612862464,-0.04153,12.54026,-0.00215,0.59397,-0.79839,0.08846,-0.04402,
1540581338646781952,-0.04171,12.56343,-0.00609,0.59440,-0.79865,0.08389,-0.04259,
1540581338679534592,-0.03621,12.57476,-0.01016,0.59519,-0.79890,0.07578,-0.04191,
1540581338713996032,-0.02777,12.59195,-0.01087,0.59457,-0.79990,0.07027,-0.04130,
1540581338746252288,-0.02483,12.61093,-0.01124,0.59501,-0.79948,0.07281,-0.03855,
1540581338780592384,-0.02419,12.61941,-0.00822,0.59583,-0.79844,0.07985,-0.03312,
1540581338813784576,-0.02484,12.63996,-0.00477,0.59487,-0.79898,0.08313,-0.02935,
1540581338848575232,-0.02567,12.66257,-0.00763,0.59518,-0.79899,0.08170,-0.02649,
1540581338880834560,-0.02479,12.67957,-0.01004,0.59641,-0.79854,0.07755,-0.02478,
1540581338915564032,-0.02001,12.69235,-0.01287,0.59738,-0.79836,0.07220,-0.02328,
1540581338948005888,-0.01652,12.70887,-0.01342,0.59782,-0.79819,0.07130,-0.02033,
1540581338981864448,-0.01318,12.72415,-0.01448,0.59869,-0.79759,0.07162,-0.01711,
1540581339015662848,-0.01161,12.74140,-0.01826,0.59920,-0.79727,0.07150,-0.01454,
1540581339049360640,-0.00991,12.76019,-0.01262,0.59903,-0.79743,0.07167,-0.01162,
1540581339083241472,-0.00420,12.78461,-0.01527,0.59970,-0.79699,0.07129,-0.00897,
1540581339116377600,-0.00284,12.80358,-0.01729,0.60009,-0.79686,0.06954,-0.00865,
1540581339150261504,-0.00143,12.82307,-0.01876,0.59975,-0.79722,0.06837,-0.00826,
1540581339183628288,-0.00040,12.84532,-0.01610,0.59905,-0.79781,0.06764,-0.00793,
1540581339217681664,0.00044,12.86497,-0.01422,0.59869,-0.79829,0.06504,-0.00898,
1540581339252292608,0.00276,12.88582,-0.01089,0.59723,-0.79965,0.06138,-0.01071,
1540581339321161984,0.00590,12.93000,-0.00701,0.59558,-0.80108,0.05767,-0.01480,
1540581339351933184,0.00873,12.94881,-0.00454,0.59420,-0.80219,0.05585,-0.01729,
1540581339385747712,0.00905,12.97224,-0.00232,0.59295,-0.80309,0.05507,-0.02058,
1540581339419620096,0.00777,12.99357,0.00098,0.59245,-0.80335,0.05547,-0.02352,
1540581339489143296,0.01230,13.03014,0.00184,0.59158,-0.80351,0.05966,-0.02891,
1540581339557546496,0.01283,13.06899,-0.00040,0.59105,-0.80319,0.06684,-0.03270,
1540581339603612928,0.00676,13.08370,0.00305,0.59056,-0.80320,0.06909,-0.03663,
1540581339657213184,0.01682,13.11441,0.00679,0.58980,-0.80306,0.07607,-0.03804,
1540581339705150464,0.01348,13.13424,0.00576,0.58963,-0.80258,0.08089,-0.04079,
1540581339736238592,0.01790,13.16016,-0.00223,0.59052,-0.80159,0.08370,-0.04172,
1540581339769413888,0.02039,13.17337,-0.00289,0.59114,-0.80102,0.08383,-0.04352,
1540581339803040000,0.02348,13.19106,-0.00667,0.59207,-0.80033,0.08242,-0.04606,
1540581339836614400,0.02723,13.20667,-0.00801,0.59289,-0.79961,0.08299,-0.04712,
1540581339870460160,0.03181,13.22235,-0.00943,0.59411,-0.79850,0.08437,-0.04801,
1540581339902674432,0.03700,13.23851,-0.01075,0.59498,-0.79757,0.08663,-0.04866,
1540581339936786688,0.04145,13.25988,-0.01324,0.59589,-0.79643,0.09130,-0.04776,
1540581339970923776,0.04510,13.27412,-0.01209,0.59725,-0.79503,0.09518,-0.04649,
1540581340003178240,0.04939,13.29527,-0.01350,0.59756,-0.79452,0.09792,-0.04552,
1540581340037431808,0.05350,13.31723,-0.01568,0.59864,-0.79350,0.10045,-0.04345,
1540581340070446848,0.05905,13.33838,-0.01473,0.59853,-0.79382,0.09934,-0.04177,
1540581340102999808,0.06278,13.36212,-0.01342,0.59806,-0.79477,0.09449,-0.04170,
1540581340135953664,0.06900,13.38433,-0.01315,0.59842,-0.79512,0.08962,-0.04053,
1540581340170524160,0.07702,13.40537,-0.01233,0.59786,-0.79600,0.08654,-0.03821,
1540581340202993408,0.08244,13.42437,-0.00867,0.59639,-0.79736,0.08509,-0.03612,
1540581340236794112,0.08869,13.45009,-0.00689,0.59532,-0.79815,0.08657,-0.03251,
1540581340269895680,0.09416,13.46929,-0.00231,0.59507,-0.79838,0.08749,-0.02858,
1540581340303192320,0.09758,13.48782,0.00013,0.59420,-0.79926,0.08599,-0.02669,
1540581340336390144,0.10101,13.50998,-0.00036,0.59366,-0.79988,0.08454,-0.02457,
1540581340369678848,0.10348,13.52990,-0.00269,0.59412,-0.79990,0.08173,-0.02261,
1540581340403251968,0.10642,13.54617,-0.00582,0.59464,-0.80023,0.07427,-0.02282,
1540581340437322240,0.10735,13.55986,-0.00664,0.59425,-0.80101,0.06868,-0.02293,
1540581340469942528,0.11132,13.57153,-0.00515,0.59451,-0.80087,0.06876,-0.02073,
1540581340504141568,0.11241,13.58217,-0.00288,0.59489,-0.80015,0.07461,-0.01714,
1540581340536717824,0.11166,13.59454,-0.00171,0.59449,-0.79996,0.08036,-0.01369,
1540581340570216192,0.10835,13.61059,0.00186,0.59411,-0.79999,0.08327,-0.01079,
1540581340603301632,0.10875,13.63072,-0.00357,0.59534,-0.79953,0.07903,-0.00938,
1540581340636951296,0.10974,13.64253,-0.00622,0.59523,-0.80011,0.07385,-0.00829,
1540581340670345472,0.11148,13.65727,-0.00790,0.59542,-0.80028,0.07056,-0.00703,
1540581340703201792,0.10991,13.67306,-0.01035,0.59624,-0.79975,0.06979,-0.00496,
1540581340737166592,0.11063,13.68469,-0.01102,0.59656,-0.79968,0.06803,-0.00248,
1540581340770491648,0.10936,13.69884,-0.00962,0.59618,-0.80020,0.06515,-0.00103,
1540581340803825408,0.10766,13.72072,-0.01300,0.59670,-0.80004,0.06230,0.00099,
1540581340836876800,0.10628,13.73620,-0.01612,0.59745,-0.79979,0.05828,0.00193,
1540581340870473472,0.10602,13.75615,-0.02139,0.59804,-0.79971,0.05299,0.00142,
1540581340903669760,0.10542,13.77520,-0.02350,0.59882,-0.79933,0.04990,0.00158,
1540581340936913152,0.10493,13.78289,-0.01729,0.59930,-0.79914,0.04711,0.00100,
1540581340970271232,0.10300,13.79988,-0.01617,0.59898,-0.79956,0.04400,-0.00083,
1540581341003575552,0.10117,13.82172,-0.01082,0.59769,-0.80063,0.04186,-0.00219,
1540581341036674048,0.10240,13.83352,-0.00620,0.59684,-0.80137,0.03970,-0.00377,
1540581341070421760,0.10365,13.85701,-0.00067,0.59428,-0.80329,0.03891,-0.00685,
1540581341104718336,0.10226,13.88060,0.00261,0.59291,-0.80417,0.04089,-0.00953,
1540581341136911360,0.10281,13.90827,0.00301,0.59163,-0.80502,0.04189,-0.01237,
1540581341170594560,0.09925,13.91797,0.00372,0.59071,-0.80559,0.04289,-0.01577,
1540581341203767808,0.09998,13.93858,0.00497,0.58995,-0.80573,0.04936,-0.01785,
1540581341237883136,0.10212,13.95524,0.00508,0.59016,-0.80496,0.05834,-0.01840,
1540581341270789376,0.10185,13.96819,0.00280,0.59010,-0.80419,0.06860,-0.01875,
1540581341303536640,0.09838,13.98599,0.00391,0.58929,-0.80425,0.07402,-0.02095,
1540581341339321856,0.09574,13.99799,0.00711,0.58917,-0.80448,0.07115,-0.02505,
1540581341370203392,0.09843,14.00544,0.00809,0.58915,-0.80487,0.06497,-0.02945,
1540581341404374784,0.10288,14.01355,0.00685,0.58890,-0.80513,0.06180,-0.03393,
1540581341436807424,0.10802,14.02158,0.00701,0.58890,-0.80479,0.06474,-0.03647,
1540581341470631168,0.10826,14.03600,0.00619,0.58904,-0.80406,0.07077,-0.03869,
1540581341503652864,0.10847,14.05175,-0.00124,0.58958,-0.80321,0.07425,-0.04171,
1540581341538037760,0.10896,14.06539,-0.00139,0.58973,-0.80287,0.07487,-0.04495,
1540581341570279936,0.10936,14.07590,-0.00073,0.59042,-0.80228,0.07302,-0.04911,
1540581341604233984,0.11546,14.09356,-0.01017,0.59146,-0.80137,0.07205,-0.05279,
1540581341636995584,0.12320,14.10320,-0.00899,0.59196,-0.80052,0.07607,-0.05436,
1540581341671246336,0.12523,14.12051,-0.00744,0.59253,-0.79913,0.08563,-0.05453,
1540581341705647104,0.12617,14.13522,-0.00615,0.59366,-0.79730,0.09459,-0.05423,
1540581341738348032,0.12710,14.15344,-0.00827,0.59440,-0.79600,0.10070,-0.05416,
1540581341770929920,0.13015,14.17527,-0.00955,0.59454,-0.79555,0.10345,-0.05401,
1540581341804840448,0.13391,14.19995,-0.01284,0.59538,-0.79501,0.10220,-0.05513,
1540581341838241280,0.13762,14.21286,-0.01248,0.59623,-0.79466,0.09931,-0.05625,
1540581341871429888,0.14228,14.23163,-0.01334,0.59624,-0.79483,0.09808,-0.05589,
1540581341905533952,0.14799,14.26209,-0.01257,0.59560,-0.79550,0.09682,-0.05532,
1540581341939038720,0.15151,14.27591,-0.00824,0.59574,-0.79576,0.09428,-0.05447,
1540581341972838400,0.15916,14.29530,-0.00536,0.59439,-0.79716,0.09149,-0.05358,
1540581342006174976,0.16775,14.32230,0.00069,0.59246,-0.79871,0.09143,-0.05192,
1540581342039103232,0.17450,14.34741,0.00040,0.59207,-0.79874,0.09602,-0.04738,
1540581342072909568,0.18286,14.37541,-0.00401,0.59094,-0.79943,0.09886,-0.04389,
1540581342106026496,0.18801,14.40217,0.00124,0.58965,-0.80030,0.10080,-0.04099,
1540581342140100352,0.19242,14.42361,0.00028,0.59036,-0.79975,0.10249,-0.03709,
1540581342173941504,0.19961,14.43763,-0.00145,0.59077,-0.79961,0.10223,-0.03405,
1540581342208152832,0.20487,14.45648,-0.00036,0.59013,-0.80008,0.10303,-0.03167,
1540581342240475392,0.20641,14.47646,0.00131,0.59034,-0.79974,0.10545,-0.02826,
1540581342274646784,0.21131,14.49186,-0.00189,0.59144,-0.79912,0.10455,-0.02592,
1540581342307962112,0.21660,14.50441,-0.00240,0.59138,-0.79923,0.10445,-0.02436,
1540581342341910016,0.21950,14.52552,-0.00187,0.59107,-0.79881,0.11008,-0.02084,
1540581342375618560,0.21794,14.54417,-0.00157,0.59171,-0.79781,0.11434,-0.01765,
1540581342408993024,0.21823,14.56711,-0.00936,0.59228,-0.79792,0.11059,-0.01726,
1540581342442095360,0.21941,14.58785,-0.01088,0.59271,-0.79825,0.10585,-0.01708,
1540581342476228352,0.22064,14.59031,-0.00347,0.59431,-0.79753,0.10239,-0.01620,
1540581342510076160,0.22259,14.60761,-0.00867,0.59553,-0.79692,0.10016,-0.01513,
1540581342544196608,0.22396,14.62696,-0.01009,0.59606,-0.79661,0.09972,-0.01354,
1540581342577959936,0.22398,14.64839,-0.01245,0.59709,-0.79588,0.09954,-0.01208,
1540581342610842112,0.22406,14.66615,-0.01420,0.59787,-0.79568,0.09642,-0.01183,
1540581342644290816,0.22464,14.68829,-0.01372,0.59798,-0.79607,0.09246,-0.01203,
1540581342678886400,0.22508,14.71100,-0.01815,0.59874,-0.79582,0.08964,-0.01191,
1540581342711875840,0.22556,14.72863,-0.02075,0.59938,-0.79555,0.08780,-0.01195,
1540581342744891136,0.22624,14.74476,-0.01557,0.59858,-0.79632,0.08611,-0.01268,
1540581342781049856,0.22445,14.76725,-0.01473,0.59787,-0.79691,0.08549,-0.01359,
1540581342811798528,0.22102,14.78388,-0.00700,0.59698,-0.79783,0.08280,-0.01512,
1540581342846015744,0.21995,14.80854,-0.00975,0.59563,-0.79947,0.07562,-0.01889,
1540581342879206400,0.22026,14.82019,0.00174,0.59403,-0.80110,0.06983,-0.02227,
1540581342913945856,0.22159,14.83699,0.00466,0.59316,-0.80182,0.06806,-0.02485,
1540581342946623744,0.22286,14.85552,0.00122,0.59248,-0.80211,0.06971,-0.02691,
1540581342980033280,0.22405,14.87236,0.00015,0.59198,-0.80184,0.07667,-0.02728,
1540581343014120448,0.22345,14.89797,-0.00198,0.59110,-0.80165,0.08487,-0.02758,
1540581343047386368,0.22411,14.91521,-0.00399,0.59076,-0.80138,0.08933,-0.02836,
1540581343080953600,0.22280,14.92710,0.00119,0.59006,-0.80165,0.09088,-0.03035,
1540581343114734080,0.22644,14.94126,0.00205,0.58914,-0.80227,0.09062,-0.03257,
1540581343147845888,0.23230,14.96309,-0.00263,0.58879,-0.80249,0.08978,-0.03566,
1540581343183470848,0.23259,14.97368,-0.00216,0.58953,-0.80171,0.09074,-0.03849,
1540581343215344640,0.23830,14.98141,-0.00356,0.58974,-0.80128,0.09256,-0.03992,
1540581343249319680,0.24040,14.99244,0.00249,0.58987,-0.80078,0.09482,-0.04253,
1540581343283611648,0.24207,15.01226,-0.00133,0.59088,-0.79970,0.09663,-0.04480,
1540581343316531200,0.24985,15.02175,-0.00703,0.59201,-0.79874,0.09671,-0.04678,
1540581343349494016,0.25647,15.04326,-0.01378,0.59192,-0.79845,0.09806,-0.04983,
1540581343384203776,0.25875,15.05632,-0.01650,0.59330,-0.79678,0.10236,-0.05155,
1540581343416894464,0.26617,15.06096,-0.01565,0.59405,-0.79555,0.10720,-0.05209,
1540581343451693568,0.26973,15.07409,-0.01433,0.59417,-0.79448,0.11382,-0.05305,
1540581343484231168,0.27030,15.08414,-0.00851,0.59450,-0.79311,0.12136,-0.05313,
1540581343517565696,0.27817,15.11067,-0.01932,0.59508,-0.79187,0.12641,-0.05329,
1540581343552207104,0.28072,15.12557,-0.01271,0.59483,-0.79132,0.13067,-0.05389,
1540581343587945472,0.28416,15.15076,-0.01535,0.59539,-0.79051,0.13273,-0.05474,
1540581343620402176,0.28609,15.16431,-0.01574,0.59604,-0.79037,0.12986,-0.05641,
1540581343652087552,0.29259,15.18522,-0.01447,0.59500,-0.79203,0.12313,-0.05919,
1540581343686242304,0.29618,15.19254,-0.00757,0.59442,-0.79354,0.11400,-0.06299,
1540581343718972672,0.31139,15.21664,-0.01559,0.59378,-0.79444,0.11013,-0.06447,
1540581343753365504,0.31761,15.23005,-0.01135,0.59304,-0.79478,0.11178,-0.06427,
1540581343786670336,0.32205,15.25409,-0.01501,0.59263,-0.79489,0.11307,-0.06456,
1540581343819955968,0.32357,15.26493,-0.01298,0.59257,-0.79497,0.11278,-0.06456,
1540581343853729792,0.32562,15.28169,-0.01017,0.59222,-0.79551,0.11032,-0.06527,
1540581343887581952,0.32234,15.28593,-0.00471,0.59313,-0.79531,0.10648,-0.06595,
1540581343920990208,0.32415,15.29010,-0.00412,0.59349,-0.79565,0.10112,-0.06702,
1540581343954737408,0.34071,15.32212,-0.02454,0.59358,-0.79596,0.09773,-0.06749,
1540581343988123648,0.34334,15.32912,-0.01120,0.59312,-0.79644,0.09669,-0.06742,
1540581344021866240,0.34162,15.33337,-0.01273,0.59365,-0.79605,0.09749,-0.06621,
1540581344056570624,0.34148,15.34235,-0.01245,0.59353,-0.79598,0.10051,-0.06357,
1540581344107904768,0.34288,15.35893,-0.01909,0.59402,-0.79558,0.10265,-0.06044,
1540581344159163136,0.33845,15.37663,-0.02072,0.59467,-0.79578,0.09840,-0.05842,
1540581344206252544,0.34264,15.38331,-0.02230,0.59565,-0.79556,0.09552,-0.05618,
1540581344241859584,0.34327,15.39162,-0.02224,0.59607,-0.79538,0.09561,-0.05406,
1540581344272422400,0.34302,15.39648,-0.02009,0.59660,-0.79491,0.09755,-0.05162,
1540581344307005184,0.34265,15.40049,-0.01357,0.59633,-0.79488,0.10074,-0.04899,
1540581344338877952,0.34059,15.40894,-0.01528,0.59667,-0.79444,0.10301,-0.04734,
1540581344372929024,0.33942,15.41839,-0.01558,0.59649,-0.79441,0.10512,-0.04544,
1540581344406360064,0.33593,15.42278,-0.01243,0.59654,-0.79416,0.10736,-0.04398,
1540581344439953920,0.33295,15.43530,-0.01383,0.59707,-0.79382,0.10655,-0.04481,
1540581344473225728,0.32905,15.44250,-0.01229,0.59688,-0.79434,0.10319,-0.04599,
1540581344505498624,0.32706,15.44991,-0.00845,0.59581,-0.79551,0.09931,-0.04818,
1540581344539871488,0.32409,15.46202,-0.01154,0.59586,-0.79580,0.09429,-0.05261,
1540581344572634112,0.32253,15.47094,-0.01455,0.59521,-0.79645,0.09096,-0.05577,
1540581344606635520,0.32168,15.48151,-0.01700,0.59401,-0.79720,0.09031,-0.05898,
1540581344639532544,0.31706,15.48839,-0.01477,0.59372,-0.79683,0.09348,-0.06188,
1540581344673665792,0.31270,15.49690,-0.01533,0.59273,-0.79706,0.09545,-0.06523,
1540581344706598656,0.31108,15.50428,-0.01423,0.59157,-0.79755,0.09661,-0.06804,
1540581344739607808,0.30715,15.50570,-0.00789,0.59070,-0.79765,0.09844,-0.07171,
1540581344773162752,0.30655,15.51195,-0.00955,0.59027,-0.79734,0.10112,-0.07486,
1540581344806139904,0.30409,15.52033,-0.01177,0.58966,-0.79689,0.10697,-0.07636,
1540581344839840512,0.30260,15.52705,-0.01207,0.58927,-0.79651,0.10963,-0.07947,
1540581344873377792,0.29668,15.52941,-0.01361,0.58979,-0.79586,0.10825,-0.08394,
1540581344906534400,0.29525,15.53044,-0.01572,0.58960,-0.79607,0.10686,-0.08499,
1540581344939186944,0.29768,15.53028,-0.01459,0.58839,-0.79718,0.10284,-0.08788,
1540581344972620800,0.30102,15.54339,-0.02361,0.58843,-0.79717,0.09998,-0.09096,
1540581345005940736,0.29937,15.54026,-0.02055,0.58893,-0.79700,0.09729,-0.09210,
1540581345039867648,0.30212,15.53836,-0.01858,0.58866,-0.79757,0.09178,-0.09456,
1540581345072998912,0.30343,15.54292,-0.02045,0.58851,-0.79789,0.08763,-0.09664,
1540581345106957312,0.30779,15.54416,-0.02075,0.58848,-0.79824,0.08486,-0.09646,
1540581345139765248,0.31590,15.54503,-0.02067,0.58873,-0.79817,0.08419,-0.09609,
1540581345172836864,0.32263,15.54323,-0.01755,0.58942,-0.79731,0.08954,-0.09414,
1540581345206839552,0.32566,15.54555,-0.01636,0.59021,-0.79596,0.10066,-0.08922,
1540581345239730432,0.32627,15.54750,-0.01682,0.59067,-0.79516,0.10701,-0.08592,
1540581345273317120,0.32879,15.55064,-0.02079,0.59112,-0.79499,0.10643,-0.08510,
1540581345306583040,0.32904,15.54981,-0.01860,0.59153,-0.79510,0.10310,-0.08527,
1540581345340388096,0.33055,15.54598,-0.01867,0.59236,-0.79510,0.09762,-0.08597,
1540581345373350656,0.33292,15.53999,-0.01697,0.59207,-0.79575,0.09486,-0.08510,
1540581345406511104,0.33463,15.54687,-0.02214,0.59207,-0.79591,0.09404,-0.08451,
1540581345440601344,0.33389,15.54869,-0.02737,0.59304,-0.79541,0.09198,-0.08470,
1540581345472833280,0.33313,15.54344,-0.02429,0.59312,-0.79567,0.08893,-0.08494,
1540581345506528256,0.33474,15.54378,-0.02253,0.59267,-0.79634,0.08521,-0.08560,
1540581345539764992,0.33605,15.54395,-0.02078,0.59276,-0.79645,0.08275,-0.08633,
1540581345573535488,0.33679,15.54324,-0.01924,0.59248,-0.79667,0.08305,-0.08600,
1540581345606258432,0.33914,15.54787,-0.01910,0.59201,-0.79685,0.08522,-0.08539,
1540581345639461888,0.33848,15.55194,-0.02011,0.59209,-0.79649,0.08851,-0.08482,
1540581345673568768,0.33676,15.55306,-0.01912,0.59198,-0.79636,0.09091,-0.08427,
1540581345706843904,0.33525,15.55441,-0.01799,0.59145,-0.79670,0.09139,-0.08425,
1540581345739441408,0.33401,15.55953,-0.02138,0.59119,-0.79696,0.09000,-0.08511,
1540581345772919552,0.33221,15.56091,-0.02411,0.59133,-0.79696,0.08837,-0.08584,
1540581345806423552,0.33125,15.55803,-0.02350,0.59125,-0.79718,0.08611,-0.08669,
1540581345839679744,0.33007,15.55541,-0.02065,0.59099,-0.79749,0.08464,-0.08711,
1540581345873198336,0.32940,15.55528,-0.02097,0.59106,-0.79752,0.08386,-0.08705,
1540581345907027456,0.32963,15.55482,-0.02141,0.59105,-0.79765,0.08254,-0.08724,
1540581345940403968,0.32863,15.55406,-0.02099,0.59076,-0.79798,0.08161,-0.08702,
1540581345973338368,0.32985,15.55395,-0.01990,0.59068,-0.79818,0.08085,-0.08636,
1540581346006121216,0.33225,15.55577,-0.02442,0.59105,-0.79796,0.08075,-0.08601,
1540581346039799040,0.33322,15.55689,-0.02729,0.59137,-0.79756,0.08328,-0.08512,
1540581346073004288,0.33254,15.55418,-0.02601,0.59166,-0.79716,0.08555,-0.08453,
1540581346106852608,0.33091,15.55351,-0.02716,0.59194,-0.79687,0.08580,-0.08510,
1540581346139911168,0.33005,15.54976,-0.02441,0.59160,-0.79718,0.08434,-0.08602,
1540581346173657600,0.33162,15.54634,-0.02104,0.59115,-0.79758,0.08187,-0.08771,
1540581346208087040,0.33274,15.54462,-0.02049,0.59095,-0.79768,0.08063,-0.08939,
1540581346243443968,0.33164,15.54458,-0.01885,0.59052,-0.79783,0.08121,-0.09030,
1540581346277554432,0.33300,15.54421,-0.01741,0.59038,-0.79781,0.08286,-0.08995,
