1540581060887405312,0.00000,0.00000,0.00000,0.60233,-0.79816,0.01209,0.00000,
1540581060920880128,-0.00822,0.01294,-0.00236,0.60202,-0.79840,0.01166,0.00004,
1540581060954409472,-0.01617,0.02293,-0.00355,0.60110,-0.79912,0.00876,0.00356,
1540581060989667072,-0.02496,0.03260,-0.00656,0.60125,-0.79900,0.00941,0.00387,
1540581061022424320,-0.03367,0.03833,-0.00443,0.60132,-0.79895,0.00896,0.00341,
1540581061057413120,-0.04063,0.04671,-0.00322,0.60124,-0.79903,0.00678,0.00232,
1540581061089276928,-0.04895,0.05566,-0.00520,0.60127,-0.79904,0.00236,-0.00049,
1540581061123242496,-0.05440,0.06262,-0.00392,0.60119,-0.79910,0.00041,-0.00233,
1540581061156690176,-0.06100,0.06672,-0.00517,0.60160,-0.79878,0.00166,-0.00454,
1540581061189850368,-0.07095,0.07071,-0.00757,0.60154,-0.79878,0.00745,-0.00623,
1540581061225421056,-0.08203,0.07822,-0.01010,0.60134,-0.79880,0.01625,-0.00693,
1540581061258003712,-0.08721,0.08715,-0.01030,0.60176,-0.79830,0.02297,-0.00893,
1540581061292466688,-0.09926,0.09299,-0.00941,0.60250,-0.79747,0.02980,-0.01227,
1540581061362981888,-0.11539,0.09478,-0.00609,0.60293,-0.79665,0.03746,-0.02044,
1540581061429264128,-0.13095,0.11325,-0.00964,0.60366,-0.79539,0.04414,-0.03160,
1540581061476399872,-0.14713,0.12566,-0.01542,0.60388,-0.79455,0.05105,-0.03770,
1540581061525774080,-0.15424,0.12959,-0.00766,0.60367,-0.79369,0.06006,-0.04503,
1540581061575315712,-0.17609,0.13826,-0.00557,0.60341,-0.79295,0.06568,-0.05293,
1540581061609136128,-0.18774,0.14389,-0.00398,0.60266,-0.79283,0.06827,-0.05967,
1540581061642687488,-0.19572,0.14973,-0.00238,0.60179,-0.79278,0.07141,-0.06518,
1540581061675233792,-0.20653,0.15894,-0.00191,0.60055,-0.79292,0.07425,-0.07148,
1540581061709160960,-0.21574,0.17346,-0.00648,0.59944,-0.79290,0.07583,-0.07895,
1540581061743648256,-0.22836,0.17685,-0.00347,0.59796,-0.79301,0.07819,-0.08639,
1540581061811229184,-0.24115,0.19345,-0.00649,0.59596,-0.79266,0.08416,-0.09715,
1540581061843292928,-0.24481,0.20215,-0.00952,0.59509,-0.79229,0.08842,-0.10161,
1540581061876154368,-0.25175,0.21208,-0.01171,0.59406,-0.79182,0.09334,-0.10678,
1540581061909229312,-0.25945,0.21091,-0.00118,0.59245,-0.79173,0.09882,-0.11136,
1540581061942342656,-0.26188,0.22006,-0.00065,0.59171,-0.79090,0.10598,-0.11458,
1540581061975767296,-0.26781,0.23131,0.00045,0.59106,-0.78941,0.11756,-0.11684,
1540581062010649600,-0.27448,0.24191,0.00363,0.59006,-0.78822,0.12817,-0.11882,
1540581062043550976,-0.27856,0.25526,0.00317,0.58935,-0.78682,0.13903,-0.11936,
1540581062075715328,-0.28149,0.26411,0.00477,0.58864,-0.78574,0.14639,-0.12117,
1540581062109508096,-0.28916,0.27426,0.00619,0.58782,-0.78470,0.15418,-0.12222,
1540581062142438400,-0.29519,0.28062,0.01089,0.58663,-0.78467,0.15842,-0.12271,
1540581062176606976,-0.30120,0.29396,0.00995,0.58574,-0.78476,0.15996,-0.12436,
1540581062210467584,-0.30828,0.30627,0.00884,0.58544,-0.78469,0.16069,-0.12526,
1540581062242854656,-0.31508,0.31959,0.00679,0.58524,-0.78494,0.16030,-0.12521,
1540581062275946240,-0.32086,0.33222,0.00568,0.58551,-0.78498,0.15959,-0.12452,
1540581062309571328,-0.32680,0.34482,0.00319,0.58628,-0.78480,0.15755,-0.12469,
1540581062342447104,-0.33524,0.35703,0.00047,0.58686,-0.78479,0.15582,-0.12416,
1540581062375772672,-0.34134,0.36935,-0.00017,0.58710,-0.78535,0.15358,-0.12228,
1540581062410003456,-0.34587,0.38012,-0.00227,0.58796,-0.78561,0.14989,-0.12104,
1540581062442799872,-0.35274,0.39030,-0.00245,0.58841,-0.78589,0.14778,-0.11962,
1540581062476250624,-0.35684,0.40045,-0.00230,0.58863,-0.78644,0.14575,-0.11738,
1540581062509954304,-0.36102,0.40951,0.00061,0.58892,-0.78704,0.14326,-0.11492,
1540581062543783168,-0.36329,0.41856,0.00014,0.58967,-0.78727,0.14153,-0.11163,
1540581062576889856,-0.36599,0.42710,0.00058,0.58976,-0.78781,0.14033,-0.10883,
1540581062610025984,-0.36628,0.43727,0.00182,0.59020,-0.78788,0.14064,-0.10547,
1540581062643730432,-0.36555,0.44815,-0.00068,0.59180,-0.78678,0.14382,-0.10032,
1540581062676041216,-0.36522,0.45800,-0.00108,0.59252,-0.78638,0.14567,-0.09652,
1540581062709998848,-0.36310,0.46921,-0.00084,0.59317,-0.78602,0.14718,-0.09307,
1540581062742856448,-0.36301,0.47914,0.00034,0.59412,-0.78543,0.14812,-0.09040,
1540581062776193536,-0.35960,0.48968,0.00077,0.59461,-0.78537,0.14814,-0.08766,
1540581062809483264,-0.35675,0.50266,0.00163,0.59518,-0.78529,0.14699,-0.08645,
1540581062842826240,-0.35438,0.51497,0.00084,0.59618,-0.78478,0.14649,-0.08506,
1540581062876575232,-0.34710,0.52898,0.00027,0.59621,-0.78510,0.14515,-0.08419,
1540581062910169600,-0.33810,0.54893,-0.00207,0.59625,-0.78525,0.14411,-0.08424,
1540581062943277824,-0.33014,0.56427,-0.00385,0.59684,-0.78470,0.14511,-0.08348,
1540581062976652800,-0.31978,0.58324,-0.00490,0.59671,-0.78455,0.14690,-0.08266,
1540581063009707520,-0.31011,0.60059,-0.00555,0.59615,-0.78488,0.14754,-0.08247,
1540581063043637760,-0.30396,0.61130,0.00357,0.59498,-0.78587,0.14695,-0.08251,
1540581063076959744,-0.29402,0.63054,0.00208,0.59470,-0.78632,0.14571,-0.08249,
1540581063109732096,-0.28627,0.63956,0.00518,0.59421,-0.78721,0.14221,-0.08364,
1540581063144005120,-0.27979,0.65087,0.01023,0.59260,-0.78896,0.13792,-0.08574,
1540581063176591360,-0.27278,0.66637,0.00734,0.59264,-0.78935,0.13461,-0.08710,
1540581063209954560,-0.26367,0.67679,0.00606,0.59262,-0.78974,0.13147,-0.08848,
1540581063243811072,-0.25631,0.68632,0.00292,0.59268,-0.78945,0.13212,-0.08973,
1540581063278855168,-0.25057,0.70221,0.00186,0.59299,-0.78852,0.13641,-0.08936,
1540581063309905920,-0.24464,0.71194,-0.00100,0.59393,-0.78758,0.13781,-0.08925,
1540581063343256832,-0.23817,0.72115,-0.00426,0.59445,-0.78712,0.13725,-0.09075,
1540581063376421632,-0.23330,0.73135,-0.00678,0.59468,-0.78671,0.13747,-0.09241,
1540581063410332672,-0.22742,0.73926,-0.00711,0.59505,-0.78611,0.13846,-0.09370,
1540581063443393024,-0.22233,0.74775,-0.00554,0.59523,-0.78548,0.13989,-0.09563,
1540581063479199232,-0.22075,0.75567,-0.00517,0.59518,-0.78477,0.14348,-0.09642,
1540581063511683584,-0.21567,0.76561,-0.00348,0.59476,-0.78462,0.14552,-0.09722,
1540581063545783808,-0.21156,0.77580,-0.00346,0.59470,-0.78438,0.14557,-0.09942,
1540581063580004096,-0.20772,0.78526,-0.00482,0.59495,-0.78377,0.14702,-0.10060,
1540581063614914560,-0.20341,0.79563,-0.00225,0.59504,-0.78308,0.15011,-0.10089,
1540581063645865728,-0.19601,0.81091,-0.00386,0.59525,-0.78234,0.15279,-0.10143,
1540581063680600320,-0.19206,0.82788,-0.00602,0.59567,-0.78127,0.15640,-0.10166,
1540581063713701888,-0.19020,0.84067,-0.00272,0.59593,-0.78070,0.15787,-0.10221,
1540581063748487936,-0.18601,0.85386,-0.00131,0.59601,-0.78045,0.15837,-0.10291,
1540581063782091264,-0.17958,0.87336,-0.00473,0.59622,-0.77973,0.16106,-0.10298,
1540581063812980480,-0.17449,0.89275,-0.00558,0.59612,-0.77897,0.16547,-0.10230,
1540581063848436480,-0.17145,0.91212,-0.00572,0.59648,-0.77780,0.17002,-0.10169,
1540581063885483008,-0.16970,0.93207,-0.00725,0.59671,-0.77669,0.17469,-0.10088,
1540581063912036352,-0.16604,0.95185,-0.00645,0.59623,-0.77643,0.17769,-0.10042,
1540581063945582080,-0.16490,0.97553,-0.00566,0.59595,-0.77601,0.18048,-0.10040,
1540581063979263744,-0.16604,0.99228,-0.00418,0.59600,-0.77557,0.18234,-0.10014,
1540581064014105600,-0.16477,1.01107,-0.00257,0.59470,-0.77595,0.18523,-0.09960,
1540581064045818112,-0.16396,1.03230,0.00049,0.59380,-0.77587,0.18875,-0.09904,
1540581064079725824,-0.16656,1.05552,0.00204,0.59377,-0.77529,0.19128,-0.09891,
1540581064113239808,-0.16980,1.07566,-0.00040,0.59402,-0.77526,0.19045,-0.09922,
1540581064148962816,-0.16963,1.09525,-0.00090,0.59373,-0.77648,0.18570,-0.10038,
1540581064181457152,-0.16994,1.11278,-0.00330,0.59414,-0.77703,0.18142,-0.10154,
1540581064214144512,-0.16806,1.12573,-0.00281,0.59463,-0.77685,0.18131,-0.10027,
1540581064247352320,-0.16552,1.13976,-0.00183,0.59495,-0.77604,0.18539,-0.09711,
1540581064280987392,-0.16540,1.15571,-0.00094,0.59502,-0.77549,0.18884,-0.09438,
1540581064314797056,-0.16426,1.17019,0.00061,0.59520,-0.77542,0.19019,-0.09104,
1540581064348846336,-0.15795,1.18587,-0.00138,0.59561,-0.77555,0.18960,-0.08839,
1540581064384371968,-0.15420,1.19893,-0.00384,0.59601,-0.77559,0.18903,-0.08667,
1540581064415535360,-0.15518,1.21092,-0.00237,0.59647,-0.77560,0.18849,-0.08450,
1540581064449385728,-0.15254,1.22643,-0.00581,0.59709,-0.77643,0.18349,-0.08353,
1540581064487317760,-0.14941,1.23974,-0.00754,0.59797,-0.77769,0.17487,-0.08396,
1540581064516052736,-0.14632,1.25145,-0.01145,0.59915,-0.77849,0.16697,-0.08417,
1540581064550376448,-0.13936,1.25894,-0.00984,0.59944,-0.77969,0.16025,-0.08413,
1540581064583139072,-0.13280,1.27287,-0.01082,0.59998,-0.77967,0.15926,-0.08229,
1540581064616921344,-0.12349,1.28547,-0.01154,0.60096,-0.77878,0.16174,-0.07869,
1540581064651270912,-0.11321,1.30267,-0.01035,0.60137,-0.77793,0.16605,-0.07486,
1540581064684689664,-0.10230,1.32401,-0.01270,0.60200,-0.77699,0.16976,-0.07124,
1540581064718460928,-0.09174,1.34304,-0.01570,0.60264,-0.77657,0.17037,-0.06885,
1540581064751855616,-0.08058,1.36181,-0.01589,0.60282,-0.77691,0.16888,-0.06709,
1540581064786316288,-0.07108,1.37269,-0.01644,0.60368,-0.77693,0.16620,-0.06579,
1540581064819275776,-0.06185,1.38309,-0.01587,0.60341,-0.77805,0.16199,-0.06552,
1540581064852648704,-0.05223,1.39766,-0.01326,0.60236,-0.77983,0.15698,-0.06617,
1540581064885961984,-0.04014,1.40763,-0.01209,0.60182,-0.78121,0.15199,-0.06650,
1540581064919451392,-0.02848,1.41829,-0.00899,0.60142,-0.78189,0.14996,-0.06678,
1540581064953211904,-0.01862,1.42638,-0.00873,0.60131,-0.78207,0.14944,-0.06674,
1540581064988564224,-0.00656,1.43991,-0.01039,0.60054,-0.78275,0.14863,-0.06753,
1540581065020881664,0.00491,1.45350,-0.01137,0.60043,-0.78273,0.14886,-0.06824,
1540581065054214656,0.01395,1.45876,-0.00866,0.60077,-0.78205,0.15095,-0.06843,
1540581065087277312,0.02485,1.46810,-0.01032,0.60074,-0.78154,0.15330,-0.06936,
1540581065122222592,0.03284,1.48075,-0.00943,0.60010,-0.78136,0.15587,-0.07109,
1540581065155355392,0.03929,1.49222,-0.00726,0.59999,-0.78098,0.15743,-0.07280,
1540581065188748032,0.04487,1.50076,-0.00658,0.59999,-0.78075,0.15765,-0.07471,
1540581065222959872,0.05267,1.51081,-0.00571,0.59968,-0.78090,0.15709,-0.07677,
1540581065255481856,0.06095,1.52246,-0.00917,0.59986,-0.78047,0.15766,-0.07864,
1540581065289246208,0.06828,1.53486,-0.01120,0.60006,-0.77978,0.15951,-0.08019,
1540581065323402240,0.07542,1.54310,-0.00994,0.60045,-0.77887,0.16198,-0.08113,
1540581065356562432,0.08059,1.55355,-0.01001,0.60091,-0.77774,0.16533,-0.08177,
1540581065389968896,0.08705,1.56791,-0.01247,0.60112,-0.77709,0.16694,-0.08318,
1540581065423551232,0.09149,1.58050,-0.01472,0.60167,-0.77631,0.16746,-0.08543,
1540581065458240512,0.09510,1.58704,-0.01540,0.60194,-0.77566,0.16874,-0.08685,
1540581065490738944,0.09648,1.59825,-0.01272,0.60146,-0.77517,0.17181,-0.08854,
1540581065524404992,0.09894,1.61515,-0.01539,0.60229,-0.77353,0.17568,-0.08964,
1540581065558036224,0.10042,1.62703,-0.01315,0.60259,-0.77289,0.17680,-0.09093,
1540581065591806976,0.10431,1.64504,-0.01699,0.60280,-0.77273,0.17525,-0.09383,
1540581065625219584,0.10658,1.66211,-0.01732,0.60338,-0.77226,0.17406,-0.09612,
1540581065659141120,0.11206,1.67847,-0.02238,0.60417,-0.77179,0.17245,-0.09791,
1540581065693212160,0.11606,1.69352,-0.02379,0.60372,-0.77205,0.17182,-0.09968,
1540581065726105088,0.11642,1.71304,-0.01907,0.60295,-0.77243,0.17196,-0.10119,
1540581065759257600,0.12093,1.73183,-0.01946,0.60286,-0.77267,0.17039,-0.10251,
1540581065793452800,0.12545,1.74645,-0.01894,0.60207,-0.77332,0.16938,-0.10391,
1540581065826675968,0.12881,1.76805,-0.01539,0.60041,-0.77416,0.17077,-0.10501,
1540581065860248832,0.13324,1.78956,-0.01337,0.59998,-0.77393,0.17341,-0.10480,
1540581065894559744,0.13834,1.80926,-0.01325,0.59970,-0.77356,0.17569,-0.10536,
1540581065927630080,0.13976,1.83054,-0.01108,0.59922,-0.77321,0.17846,-0.10600,
1540581065960609536,0.14049,1.85348,-0.00911,0.59886,-0.77332,0.17896,-0.10642,
1540581065994471424,0.14524,1.87102,-0.01173,0.59865,-0.77400,0.17604,-0.10753,
1540581066028608512,0.15113,1.89019,-0.01374,0.59800,-0.77430,0.17670,-0.10786,
1540581066064013056,0.15345,1.90753,-0.01059,0.59763,-0.77375,0.18137,-0.10606,
1540581066147043072,0.16020,1.94206,-0.00911,0.59766,-0.77252,0.18815,-0.10306,
1540581066178244352,0.16289,1.95826,-0.00864,0.59740,-0.77269,0.18895,-0.10177,
1540581066211722752,0.16719,1.97492,-0.00900,0.59752,-0.77371,0.18468,-0.10114,
1540581066245654272,0.17016,1.99320,-0.01083,0.59812,-0.77515,0.17615,-0.10178,
1540581066278522624,0.17052,2.00412,-0.00792,0.59824,-0.77745,0.16456,-0.10296,
1540581066312509184,0.17459,2.02417,-0.01384,0.59865,-0.77914,0.15430,-0.10363,
1540581066378216448,0.18975,2.05773,-0.01490,0.60000,-0.78068,0.14324,-0.10015,
1540581066413723904,0.20273,2.07452,-0.01592,0.60120,-0.77997,0.14661,-0.09335,
1540581066445887232,0.21333,2.09235,-0.01371,0.60172,-0.77918,0.15252,-0.08685,
1540581066478846464,0.22679,2.11024,-0.01302,0.60259,-0.77798,0.15887,-0.07997,
1540581066512174080,0.23609,2.12587,-0.01143,0.60318,-0.77743,0.16199,-0.07442,
1540581066545387776,0.25035,2.14690,-0.01158,0.60320,-0.77798,0.16195,-0.06839,
1540581066579131392,0.26442,2.16387,-0.00996,0.60296,-0.77923,0.15828,-0.06465,
1540581066612041728,0.27589,2.18025,-0.00909,0.60307,-0.77984,0.15613,-0.06153,
1540581066646068736,0.28901,2.19394,-0.00688,0.60242,-0.78038,0.15778,-0.05658,
1540581066679908864,0.30176,2.20894,-0.00403,0.60165,-0.78028,0.16275,-0.05186,
1540581066711872512,0.31090,2.22272,-0.00228,0.60158,-0.77959,0.16730,-0.04847,
1540581066745638400,0.31956,2.23686,-0.00055,0.60112,-0.77946,0.17038,-0.04555,
1540581066779216640,0.33074,2.25328,-0.00337,0.60099,-0.77989,0.16894,-0.04512,
1540581066812505600,0.34054,2.27021,-0.00565,0.60078,-0.78071,0.16549,-0.04649,
1540581066846797568,0.34869,2.28401,-0.00719,0.60071,-0.78145,0.16168,-0.04849,
1540581066878540032,0.35934,2.30014,-0.01105,0.60078,-0.78146,0.16094,-0.04977,
1540581066911864064,0.36554,2.30982,-0.00948,0.60004,-0.78141,0.16368,-0.05056,
1540581066945149952,0.36791,2.31637,-0.00509,0.59961,-0.78036,0.17019,-0.05029,
1540581066978809088,0.37279,2.33040,-0.00269,0.59883,-0.78001,0.17415,-0.05161,
1540581067018881280,0.37474,2.34309,-0.00440,0.59919,-0.77959,0.17385,-0.05465,
1540581067046662656,0.38072,2.35442,-0.00466,0.59919,-0.77976,0.17256,-0.05624,
1540581067078814464,0.38709,2.36636,-0.00640,0.59907,-0.78014,0.17031,-0.05910,
1540581067112948992,0.39248,2.37677,-0.00564,0.59916,-0.77999,0.16984,-0.06153,
1540581067148397824,0.39617,2.38940,-0.00653,0.59945,-0.77941,0.17083,-0.06327,
1540581067178661376,0.40320,2.40394,-0.01006,0.59951,-0.77916,0.17104,-0.06514,
1540581067212593920,0.40894,2.41525,-0.00847,0.59942,-0.77913,0.17054,-0.06766,
1540581067246293248,0.41218,2.42738,-0.00540,0.59950,-0.77888,0.17027,-0.07033,
1540581067279174656,0.41847,2.44197,-0.00855,0.59967,-0.77870,0.16918,-0.07341,
1540581067312434944,0.42491,2.45881,-0.00990,0.59944,-0.77880,0.16793,-0.07707,
1540581067346001152,0.42879,2.47189,-0.00738,0.59922,-0.77870,0.16773,-0.08012,
1540581067379176960,0.43559,2.48897,-0.00918,0.59902,-0.77859,0.16731,-0.08353,
1540581067412547840,0.44405,2.50583,-0.00929,0.59820,-0.77874,0.16793,-0.08677,
1540581067445825024,0.44843,2.52454,-0.00941,0.59802,-0.77798,0.17051,-0.08971,
1540581067479510272,0.45199,2.53848,-0.00865,0.59763,-0.77772,0.17124,-0.09308,
1540581067512881408,0.45753,2.55363,-0.00772,0.59669,-0.77803,0.17099,-0.09694,
1540581067545827584,0.45821,2.56307,0.00061,0.59543,-0.77848,0.17094,-0.10102,
1540581067579059200,0.46273,2.57995,0.00366,0.59354,-0.77949,0.17031,-0.10537,
1540581067612918784,0.47057,2.59681,0.00407,0.59232,-0.77987,0.17070,-0.10873,
1540581067646031616,0.47693,2.61489,0.00533,0.59119,-0.77957,0.17386,-0.11200,
1540581067679361024,0.48111,2.63379,0.00486,0.59069,-0.77835,0.17947,-0.11427,
1540581067712596736,0.48592,2.64595,0.00716,0.59005,-0.77750,0.18412,-0.11588,
1540581067746648064,0.49022,2.66237,0.00454,0.58977,-0.77604,0.19026,-0.11717,
1540581067779723008,0.49199,2.67533,0.00499,0.58951,-0.77440,0.19742,-0.11747,
1540581067814156288,0.49331,2.68972,0.00696,0.58878,-0.77355,0.20286,-0.11752,
1540581067847496704,0.49618,2.70179,0.00806,0.58860,-0.77324,0.20438,-0.11781,
1540581067879945984,0.49920,2.71582,0.00900,0.58841,-0.77331,0.20401,-0.11891,
1540581067914576384,0.50353,2.72864,0.00271,0.58895,-0.77269,0.20483,-0.11889,
1540581067947823360,0.50695,2.74247,0.00275,0.58880,-0.77254,0.20604,-0.11850,
1540581067979682816,0.50914,2.75443,0.00197,0.58957,-0.77192,0.20637,-0.11812,
1540581068013865984,0.51133,2.76678,-0.00040,0.59064,-0.77138,0.20557,-0.11771,
1540581068046531072,0.51195,2.77816,0.00176,0.59095,-0.77164,0.20400,-0.11718,
1540581068081523456,0.51482,2.79264,0.00349,0.59137,-0.77214,0.20114,-0.11674,
1540581068114462464,0.51706,2.80867,0.00113,0.59257,-0.77247,0.19634,-0.11667,
1540581068146450432,0.52115,2.82645,-0.00300,0.59332,-0.77320,0.19126,-0.11647,
1540581068180855040,0.52791,2.84184,-0.00428,0.59378,-0.77401,0.18676,-0.11596,
1540581068214108416,0.53414,2.86208,-0.00710,0.59540,-0.77318,0.18629,-0.11396,
1540581068247896064,0.53679,2.87580,-0.00910,0.59723,-0.77198,0.18706,-0.11126,
1540581068281195264,0.54181,2.89656,-0.01235,0.59780,-0.77198,0.18665,-0.10882,
1540581068316466432,0.54629,2.91520,-0.01286,0.59894,-0.77192,0.18491,-0.10594,
1540581068348000768,0.54842,2.93346,-0.01277,0.59953,-0.77270,0.18045,-0.10459,
1540581068381954816,0.55146,2.95500,-0.00632,0.59947,-0.77450,0.17366,-0.10308,
1540581068415188992,0.55987,2.97517,-0.00446,0.59902,-0.77646,0.16782,-0.10059,
1540581068449945088,0.56922,2.99580,-0.00655,0.59941,-0.77760,0.16276,-0.09775,
1540581068483468288,0.57542,3.01239,-0.00200,0.59901,-0.77881,0.16056,-0.09420,
1540581068517466112,0.58458,3.03021,0.00229,0.59853,-0.77980,0.16028,-0.08941,
1540581068549657088,0.59255,3.05205,-0.00051,0.59889,-0.78002,0.16052,-0.08446,
1540581068582122240,0.59572,3.07198,0.00012,0.59870,-0.78102,0.15823,-0.08072,
1540581068617331712,0.60335,3.08881,0.00030,0.59895,-0.78237,0.15214,-0.07750,
1540581068650006528,0.61161,3.10231,-0.00193,0.59987,-0.78320,0.14526,-0.07515,
1540581068683233024,0.61705,3.11690,-0.00500,0.60053,-0.78372,0.14079,-0.07297,
1540581068716371968,0.62465,3.12952,-0.00372,0.60078,-0.78441,0.13723,-0.07019,
1540581068750215936,0.63115,3.14167,-0.00376,0.60118,-0.78488,0.13388,-0.06800,
1540581068783533056,0.63657,3.15399,-0.00268,0.60124,-0.78561,0.12991,-0.06666,
1540581068817685248,0.64184,3.16352,0.00018,0.60115,-0.78608,0.12845,-0.06484,
1540581068851060992,0.64748,3.17315,0.00170,0.60125,-0.78587,0.13033,-0.06264,
1540581068884599552,0.65245,3.18499,0.00218,0.60100,-0.78550,0.13496,-0.05981,
1540581068917684480,0.65852,3.20420,0.00386,0.60036,-0.78556,0.13824,-0.05797,
1540581068952199168,0.66259,3.22134,-0.00012,0.60111,-0.78498,0.13853,-0.05732,
1540581068985622784,0.66738,3.23374,-0.00292,0.60148,-0.78520,0.13547,-0.05766,
1540581069019489536,0.67277,3.24406,-0.00635,0.60167,-0.78555,0.13219,-0.05852,
1540581069055497728,0.67775,3.25270,-0.00428,0.60167,-0.78545,0.13269,-0.05874,
1540581069086718208,0.68172,3.26571,-0.00612,0.60211,-0.78466,0.13547,-0.05856,
1540581069119267328,0.68568,3.28004,-0.00801,0.60223,-0.78418,0.13759,-0.05870,
1540581069153619968,0.69030,3.29367,-0.00744,0.60173,-0.78469,0.13565,-0.06146,
1540581069187036160,0.69369,3.30825,-0.00625,0.60179,-0.78490,0.13234,-0.06540,
1540581069221241088,0.69725,3.32235,-0.01021,0.60254,-0.78439,0.13018,-0.06871,
1540581069255841536,0.70455,3.33584,-0.01260,0.60229,-0.78441,0.12941,-0.07215,
1540581069287861248,0.71020,3.35200,-0.01265,0.60203,-0.78391,0.13183,-0.07531,
1540581069322426624,0.71191,3.36639,-0.01492,0.60225,-0.78268,0.13675,-0.07750,
1540581069354793728,0.71607,3.38428,-0.01652,0.60139,-0.78257,0.13924,-0.08078,
1540581069388937216,0.71949,3.40283,-0.01366,0.60008,-0.78304,0.13965,-0.08521,
1540581069422312448,0.72374,3.41827,-0.01118,0.59940,-0.78310,0.13999,-0.08873,
1540581069455091712,0.72683,3.43168,-0.00841,0.59823,-0.78349,0.14064,-0.09213,
1540581069489902848,0.73105,3.45199,-0.00612,0.59620,-0.78444,0.14159,-0.09565,
1540581069522588416,0.73601,3.47180,-0.00463,0.59562,-0.78441,0.14219,-0.09863,
1540581069557175040,0.73872,3.48484,-0.00431,0.59536,-0.78417,0.14210,-0.10211,
1540581069590246656,0.74177,3.50189,-0.00173,0.59370,-0.78479,0.14352,-0.10501,
1540581069624146432,0.74286,3.52317,-0.00037,0.59302,-0.78464,0.14550,-0.10721,
1540581069657464320,0.74637,3.53771,-0.00207,0.59317,-0.78429,0.14535,-0.10914,
1540581069691388672,0.74980,3.54928,0.00151,0.59215,-0.78459,0.14651,-0.11100,
1540581069724819712,0.75093,3.56761,0.00757,0.59104,-0.78449,0.15093,-0.11165,
1540581069758441984,0.75580,3.58492,0.00862,0.59091,-0.78383,0.15518,-0.11111,
1540581069791918592,0.75940,3.60051,0.00814,0.59070,-0.78306,0.16013,-0.11069,
1540581069824486400,0.76084,3.61769,0.00947,0.59032,-0.78222,0.16618,-0.10970,
1540581069859346688,0.76160,3.63530,0.00976,0.59058,-0.78130,0.17031,-0.10853,
1540581069891949824,0.76182,3.65173,0.00595,0.59120,-0.78089,0.17007,-0.10852,
1540581069926289152,0.76268,3.66561,0.00401,0.59155,-0.78131,0.16657,-0.10897,
1540581069960394752,0.76547,3.67969,0.00261,0.59192,-0.78195,0.16170,-0.10968,
1540581069993157120,0.76815,3.69324,0.00002,0.59260,-0.78212,0.15828,-0.10984,
1540581070027260160,0.77270,3.70696,-0.00344,0.59336,-0.78206,0.15589,-0.10956,
1540581070060203264,0.77630,3.72294,-0.00481,0.59425,-0.78170,0.15470,-0.10900,
1540581070094474240,0.78017,3.73980,-0.01140,0.59586,-0.78073,0.15437,-0.10761,
1540581070129813760,0.78582,3.75538,-0.01402,0.59720,-0.77996,0.15455,-0.10550,
1540581070161417984,0.79046,3.77393,-0.01528,0.59804,-0.77953,0.15420,-0.10441,
1540581070195208448,0.79489,3.78959,-0.01494,0.59945,-0.77866,0.15454,-0.10229,
1540581070230436352,0.80184,3.80717,-0.01532,0.60054,-0.77803,0.15561,-0.09904,
1540581070262420736,0.80678,3.82889,-0.01719,0.60085,-0.77809,0.15569,-0.09657,
1540581070296183552,0.81266,3.85230,-0.01997,0.60088,-0.77903,0.15176,-0.09497,
1540581070329605376,0.82173,3.87293,-0.01701,0.60049,-0.78076,0.14499,-0.09381,
1540581070365587200,0.83307,3.88833,-0.01537,0.60048,-0.78151,0.14264,-0.09125,
1540581070396077824,0.84315,3.90536,-0.01313,0.59999,-0.78164,0.14619,-0.08762,
1540581070430904832,0.85113,3.92973,-0.00930,0.59942,-0.78109,0.15477,-0.08148,
1540581070463275776,0.85681,3.94759,-0.00613,0.59968,-0.78040,0.15984,-0.07623,
1540581070496752384,0.86776,3.96758,-0.00682,0.59965,-0.78071,0.16001,-0.07279,
1540581070530572032,0.87551,3.98852,-0.00896,0.59988,-0.78109,0.15826,-0.07066,
1540581070563671808,0.88309,4.00520,-0.00969,0.60049,-0.78152,0.15487,-0.06828,
1540581070597745152,0.88952,4.02096,-0.00778,0.60055,-0.78264,0.14904,-0.06780,
1540581070631325696,0.90026,4.03288,-0.00987,0.60082,-0.78357,0.14298,-0.06773,
1540581070666085888,0.91061,4.04761,-0.00890,0.60084,-0.78388,0.14153,-0.06700,
1540581070716387840,0.91864,4.06316,-0.00877,0.60095,-0.78385,0.14136,-0.06679,
1540581070748020736,0.92589,4.07743,-0.00768,0.60062,-0.78416,0.14085,-0.06719,
1540581070781731840,0.93172,4.09005,-0.00258,0.60007,-0.78440,0.14167,-0.06753,
1540581070814419712,0.93859,4.10549,-0.00088,0.59972,-0.78419,0.14417,-0.06782,
1540581070849692928,0.94571,4.12217,-0.00110,0.59947,-0.78363,0.14820,-0.06775,
1540581070918775296,0.95970,4.15463,-0.00069,0.59940,-0.78297,0.15107,-0.06976,
1540581070949230336,0.96659,4.16960,-0.00079,0.59948,-0.78310,0.14893,-0.07208,
1540581070981647104,0.97334,4.18603,-0.00136,0.59946,-0.78324,0.14708,-0.07453,
1540581071016641536,0.98029,4.20640,-0.00693,0.60014,-0.78252,0.14735,-0.07603,
1540581071047777792,0.98747,4.22196,-0.00960,0.60092,-0.78160,0.14854,-0.07706,
1540581071082065664,0.99351,4.24021,-0.01177,0.60091,-0.78119,0.14946,-0.07941,
1540581071114959360,0.99941,4.25842,-0.01371,0.60159,-0.78039,0.14916,-0.08268,
1540581071148250112,1.00525,4.27623,-0.01515,0.60216,-0.77983,0.14797,-0.08587,
1540581071181954304,1.01116,4.29648,-0.01727,0.60187,-0.77990,0.14662,-0.08948,
1540581071216224512,1.01586,4.31766,-0.01933,0.60157,-0.77983,0.14545,-0.09393,
1540581071248427520,1.02013,4.33645,-0.02067,0.60136,-0.77982,0.14382,-0.09778,
1540581071282564864,1.02451,4.35844,-0.02068,0.59967,-0.78122,0.13955,-0.10304,
1540581071314810368,1.02802,4.37705,-0.01700,0.59794,-0.78264,0.13463,-0.10872,
1540581071349144832,1.03195,4.39751,-0.00971,0.59554,-0.78426,0.13219,-0.11312,
1540581071381835008,1.03886,4.41813,-0.00577,0.59356,-0.78543,0.13095,-0.11680,
1540581071415685888,1.04517,4.44202,-0.00139,0.59109,-0.78634,0.13412,-0.11956,
1540581071448808192,1.05036,4.46804,0.00182,0.59033,-0.78554,0.14089,-0.12079,
1540581071482577920,1.05692,4.49148,-0.00150,0.59016,-0.78488,0.14391,-0.12238,
1540581071515196928,1.06150,4.51362,-0.00360,0.58887,-0.78514,0.14542,-0.12501,
1540581071548873216,1.06571,4.53431,-0.00511,0.58875,-0.78438,0.14871,-0.12654,
1540581071582287360,1.06973,4.54972,-0.00672,0.58891,-0.78358,0.15172,-0.12712,
1540581071614853632,1.07230,4.56606,-0.00424,0.58794,-0.78387,0.15319,-0.12808,
1540581071648338944,1.07657,4.58169,-0.00237,0.58768,-0.78367,0.15556,-0.12766,
1540581071682835456,1.08102,4.59669,-0.00049,0.58771,-0.78304,0.15956,-0.12643,
1540581071715557120,1.08566,4.61307,-0.00045,0.58790,-0.78223,0.16409,-0.12476,
1540581071748325632,1.09149,4.63249,-0.00396,0.58883,-0.78100,0.16822,-0.12257,
1540581071782011648,1.09561,4.64841,-0.00592,0.59031,-0.77963,0.17129,-0.11989,
1540581071815606272,1.10084,4.66303,-0.00607,0.59154,-0.77897,0.17171,-0.11747,
1540581071849149696,1.10655,4.67839,-0.00648,0.59255,-0.77889,0.16957,-0.11607,
1540581071882463744,1.11246,4.69707,-0.00706,0.59320,-0.77903,0.16765,-0.11456,
1540581071915220224,1.12063,4.71438,-0.00826,0.59423,-0.77890,0.16581,-0.11275,
1540581071949524480,1.12822,4.73427,-0.01166,0.59527,-0.77852,0.16537,-0.11048,
1540581071982663424,1.13578,4.75495,-0.01370,0.59615,-0.77802,0.16651,-0.10753,
1540581072016063744,1.14513,4.77782,-0.01621,0.59751,-0.77701,0.16860,-0.10396,
1540581072049450752,1.15260,4.79746,-0.01837,0.59879,-0.77617,0.16998,-0.10060,
1540581072082208768,1.15985,4.82100,-0.02237,0.59953,-0.77604,0.16934,-0.09827,
1540581072115388416,1.16890,4.84322,-0.02290,0.59999,-0.77681,0.16517,-0.09645,
1540581072149285632,1.17891,4.86142,-0.01921,0.60014,-0.77807,0.15933,-0.09515,
1540581072183249920,1.18822,4.88049,-0.01809,0.60008,-0.77907,0.15541,-0.09378,
1540581072215986688,1.20003,4.90141,-0.01595,0.59939,-0.78019,0.15415,-0.09099,
1540581072249605376,1.20925,4.91840,-0.01256,0.59916,-0.78071,0.15428,-0.08772,
1540581072282205696,1.21663,4.93770,-0.00942,0.59885,-0.78140,0.15333,-0.08528,
1540581072315699456,1.22626,4.95236,-0.00559,0.59863,-0.78253,0.14932,-0.08369,
1540581072349271296,1.23521,4.97202,-0.00737,0.59838,-0.78361,0.14513,-0.08271,
1540581072382624256,1.24331,4.98607,-0.01072,0.59873,-0.78401,0.14236,-0.08115,
1540581072415806720,1.25205,5.00028,-0.00582,0.59819,-0.78514,0.13852,-0.08089,
1540581072449351680,1.26048,5.01382,-0.00631,0.59847,-0.78549,0.13516,-0.08106,
1540581072483416064,1.26991,5.02137,0.00135,0.59805,-0.78586,0.13545,-0.08006,
1540581072516167936,1.27940,5.03465,0.00663,0.59729,-0.78561,0.14144,-0.07782,
1540581072549408000,1.28569,5.05151,0.00652,0.59721,-0.78432,0.15020,-0.07499,
1540581072582740992,1.29045,5.07219,0.00230,0.59691,-0.78385,0.15427,-0.07396,
1540581072615448576,1.29545,5.09010,-0.00058,0.59729,-0.78378,0.15283,-0.07472,
1540581072649345792,1.30218,5.10435,-0.00281,0.59803,-0.78392,0.14817,-0.07670,
1540581072682565120,1.31139,5.11741,-0.00799,0.59880,-0.78374,0.14511,-0.07832,
1540581072716198144,1.31992,5.13199,-0.01045,0.59925,-0.78324,0.14526,-0.07961,
1540581072752016128,1.32666,5.14747,-0.01102,0.60011,-0.78195,0.14862,-0.07959,
1540581072783813632,1.33256,5.16089,-0.01096,0.60079,-0.78100,0.15063,-0.07998,
1540581072818480384,1.33912,5.18026,-0.01437,0.60085,-0.78100,0.14930,-0.08208,
1540581072850859776,1.34464,5.20072,-0.01961,0.60122,-0.78113,0.14498,-0.08575,
1540581072886685440,1.34736,5.21562,-0.01759,0.60138,-0.78170,0.13831,-0.09030,
1540581072918231296,1.35370,5.23245,-0.01575,0.60107,-0.78247,0.13230,-0.09457,
1540581072952072192,1.36280,5.25083,-0.02143,0.60080,-0.78292,0.12740,-0.09922,
1540581072986372608,1.37135,5.27068,-0.01843,0.59955,-0.78339,0.12823,-0.10202,
1540581073019706624,1.38126,5.29434,-0.01830,0.59874,-0.78301,0.13309,-0.10339,
1540581073052610048,1.39121,5.31764,-0.01687,0.59766,-0.78297,0.13671,-0.10520,
1540581073085380352,1.39808,5.33834,-0.01154,0.59585,-0.78356,0.13934,-0.10761,
1540581073120187648,1.40658,5.36088,-0.00826,0.59429,-0.78391,0.14221,-0.10992,
1540581073151961600,1.42003,5.38434,-0.00762,0.59302,-0.78388,0.14634,-0.11154,
1540581073187464960,1.42625,5.40715,-0.00697,0.59243,-0.78300,0.15153,-0.11393,
1540581073219116800,1.43111,5.42325,-0.00315,0.59148,-0.78257,0.15582,-0.11599,
1540581073252824064,1.44243,5.44324,-0.00373,0.59069,-0.78214,0.15966,-0.11767,
1540581073287228160,1.44724,5.45471,-0.00281,0.59055,-0.78077,0.16578,-0.11903,
1540581073319262464,1.44950,5.46750,0.00308,0.58973,-0.77960,0.17390,-0.11915,
1540581073353434368,1.45494,5.48304,0.00482,0.58902,-0.77912,0.17823,-0.11941,
1540581073387105024,1.46085,5.49895,0.00708,0.58848,-0.77891,0.18013,-0.12058,
1540581073419939328,1.46591,5.51442,0.00264,0.58864,-0.77828,0.18157,-0.12175,
1540581073454992128,1.47201,5.52746,-0.00006,0.58834,-0.77794,0.18383,-0.12195,
1540581073487215872,1.48060,5.54587,-0.00313,0.58865,-0.77711,0.18612,-0.12225,
1540581073521720576,1.48322,5.55660,-0.00343,0.59015,-0.77535,0.18844,-0.12264,
1540581073555642880,1.48677,5.56625,-0.00247,0.59053,-0.77484,0.18886,-0.12339,
1540581073588668928,1.48892,5.57850,0.00268,0.59036,-0.77519,0.18689,-0.12497,
1540581073621979136,1.49479,5.59865,-0.00243,0.59071,-0.77548,0.18370,-0.12632,
1540581073655304448,1.50028,5.61405,-0.00444,0.59131,-0.77593,0.17863,-0.12797,
1540581073689394688,1.50822,5.63184,-0.00621,0.59166,-0.77651,0.17364,-0.12970,
1540581073724162816,1.51484,5.64852,-0.00774,0.59247,-0.77627,0.17156,-0.13015,
1540581073756130560,1.52366,5.66807,-0.01274,0.59363,-0.77543,0.17225,-0.12902,
1540581073789829888,1.53103,5.68560,-0.01555,0.59493,-0.77431,0.17410,-0.12727,
1540581073824144640,1.53560,5.70276,-0.01611,0.59618,-0.77329,0.17571,-0.12537,
1540581073856981504,1.53918,5.72059,-0.01550,0.59759,-0.77254,0.17586,-0.12308,
1540581073891497984,1.54410,5.73526,-0.01244,0.59845,-0.77296,0.17196,-0.12174,
1540581073923932928,1.55236,5.75183,-0.01335,0.59915,-0.77381,0.16666,-0.12023,
1540581073957495552,1.56144,5.77441,-0.01480,0.59909,-0.77511,0.16172,-0.11896,
1540581073991337984,1.57390,5.79640,-0.01494,0.59873,-0.77696,0.15503,-0.11754,
1540581074026685184,1.58711,5.81287,-0.00794,0.59831,-0.77861,0.14995,-0.11535,
1540581074059215104,1.59871,5.82832,-0.00492,0.59800,-0.77946,0.14935,-0.11193,
1540581074092087552,1.60830,5.85076,-0.00525,0.59757,-0.77996,0.15099,-0.10854,
1540581074126240512,1.61563,5.87189,-0.00368,0.59749,-0.78032,0.15219,-0.10462,
1540581074159207936,1.62416,5.89122,-0.00425,0.59792,-0.78082,0.15010,-0.10140,
1540581074193286656,1.63037,5.90837,-0.00552,0.59793,-0.78194,0.14529,-0.09969,
1540581074226936576,1.64014,5.92857,-0.00449,0.59766,-0.78356,0.13829,-0.09854,
1540581074260567552,1.65115,5.94533,-0.00719,0.59777,-0.78466,0.13248,-0.09711,
1540581074295270912,1.65949,5.95574,-0.00598,0.59805,-0.78495,0.13127,-0.09464,
1540581074328076544,1.66787,5.96893,-0.00332,0.59794,-0.78469,0.13553,-0.09146,
1540581074361941248,1.67244,5.98563,-0.00210,0.59845,-0.78318,0.14459,-0.08708,
1540581074395737600,1.67182,6.00119,-0.00158,0.59875,-0.78207,0.15144,-0.08325,
1540581074428168960,1.67585,6.02553,-0.00843,0.59910,-0.78184,0.15200,-0.08186,
1540581074463440384,1.68059,6.04302,-0.01014,0.60000,-0.78201,0.14688,-0.08298,
1540581074495487744,1.68746,6.05712,-0.01176,0.60050,-0.78256,0.14097,-0.08440,
1540581074528822528,1.69444,6.06975,-0.01019,0.60065,-0.78287,0.13790,-0.08552,
1540581074563368448,1.70176,6.08730,-0.01289,0.60110,-0.78237,0.13841,-0.08615,
1540581074596059648,1.70413,6.10252,-0.01386,0.60156,-0.78151,0.14080,-0.08692,
1540581074630554624,1.70658,6.12081,-0.01326,0.60155,-0.78115,0.14195,-0.08822,
1540581074663592704,1.70890,6.14071,-0.01368,0.60149,-0.78129,0.13955,-0.09124,
1540581074697253632,1.71239,6.16039,-0.01493,0.60154,-0.78155,0.13565,-0.09444,
1540581074731051008,1.71773,6.17676,-0.01221,0.60064,-0.78263,0.13090,-0.09787,
1540581074764581120,1.72381,6.20270,-0.01509,0.59929,-0.78389,0.12598,-0.10249,
1540581074797852416,1.72795,6.22253,-0.01664,0.59823,-0.78472,0.12320,-0.10562,
1540581074831808512,1.73429,6.24412,-0.01373,0.59611,-0.78617,0.12191,-0.10831,
1540581074865928960,1.73790,6.26011,-0.00938,0.59454,-0.78685,0.12316,-0.11057,
1540581074898942720,1.73957,6.27581,-0.00388,0.59278,-0.78724,0.12805,-0.11169,
1540581074931818240,1.74566,6.29300,-0.00159,0.59133,-0.78712,0.13562,-0.11127,
1540581074967291904,1.74879,6.31482,0.00396,0.59049,-0.78609,0.14546,-0.11053,
1540581074999516672,1.74886,6.33364,0.00449,0.59069,-0.78441,0.15355,-0.11048,
1540581075033939456,1.74942,6.34587,0.00595,0.59074,-0.78330,0.15892,-0.11050,
1540581075066765568,1.75505,6.36141,0.00593,0.59011,-0.78283,0.16354,-0.11046,
1540581075100684800,1.75467,6.37932,0.00752,0.59021,-0.78187,0.16730,-0.11110,
1540581075133475328,1.75718,6.39506,0.00255,0.59048,-0.78156,0.16705,-0.11221,
1540581075167646208,1.76127,6.40469,0.00713,0.58936,-0.78245,0.16616,-0.11318,
1540581075219991040,1.76266,6.42179,0.00688,0.58914,-0.78214,0.16740,-0.11470,
1540581075270442496,1.77309,6.44931,0.00577,0.58907,-0.78113,0.17239,-0.11455,
1540581075318850304,1.77215,6.46339,0.00583,0.59006,-0.77989,0.17408,-0.11530,
1540581075350675456,1.77562,6.48035,0.00164,0.59091,-0.77980,0.17070,-0.11664,
1540581075384043008,1.77894,6.49669,-0.00220,0.59103,-0.78083,0.16369,-0.11916,
1540581075418327552,1.78159,6.51285,-0.00338,0.59106,-0.78164,0.15825,-0.12105,
1540581075450744064,1.78403,6.52634,-0.00382,0.59219,-0.78128,0.15521,-0.12179,
1540581075483957760,1.78733,6.53953,-0.00533,0.59272,-0.78076,0.15632,-0.12110,
1540581075517135104,1.79295,6.55771,-0.00600,0.59331,-0.77974,0.16064,-0.11910,
1540581075550846464,1.79734,6.57437,-0.00563,0.59476,-0.77797,0.16610,-0.11594,
1540581075584519680,1.80371,6.59456,-0.01084,0.59604,-0.77694,0.16751,-0.11420,
1540581075618043136,1.80928,6.61681,-0.01536,0.59685,-0.77683,0.16605,-0.11283,
1540581075651016192,1.81530,6.63532,-0.01823,0.59825,-0.77687,0.16180,-0.11131,
1540581075684346880,1.82255,6.65279,-0.01929,0.59842,-0.77818,0.15507,-0.11082,
1540581075717594624,1.82827,6.67468,-0.01980,0.59793,-0.77983,0.14881,-0.11042,
1540581075751512576,1.83637,6.69198,-0.01530,0.59802,-0.78099,0.14362,-0.10860,
1540581075785172736,1.84508,6.70758,-0.01079,0.59737,-0.78220,0.14220,-0.10528,
1540581075817664512,1.85466,6.72656,-0.00866,0.59668,-0.78278,0.14457,-0.10161,
1540581075851708416,1.86395,6.74524,-0.00133,0.59603,-0.78277,0.15026,-0.09713,
1540581075884475648,1.87252,6.76518,0.00080,0.59577,-0.78250,0.15570,-0.09222,
1540581075917592064,1.88166,6.78754,-0.00163,0.59520,-0.78322,0.15619,-0.08891,
1540581075951721728,1.89077,6.80834,-0.00195,0.59504,-0.78422,0.15240,-0.08775,
1540581075984553984,1.89729,6.82206,-0.00489,0.59612,-0.78413,0.14942,-0.08632,
1540581076017725184,1.90265,6.83731,-0.00581,0.59623,-0.78448,0.14833,-0.08426,
1540581076053240832,1.90854,6.85222,-0.00584,0.59623,-0.78525,0.14444,-0.08377,
1540581076085415936,1.91184,6.86336,-0.00223,0.59617,-0.78614,0.13996,-0.08355,
1540581076118411520,1.91518,6.87170,0.00001,0.59638,-0.78607,0.14052,-0.08172,
1540581076150841088,1.92308,6.88886,-0.00076,0.59637,-0.78518,0.14714,-0.07864,
1540581076184690176,1.92841,6.90508,-0.00235,0.59642,-0.78366,0.15661,-0.07502,
1540581076218321920,1.93477,6.92256,-0.00330,0.59653,-0.78254,0.16289,-0.07239,
1540581076251517440,1.93819,6.93602,-0.00184,0.59679,-0.78200,0.16487,-0.07166,
1540581076284500736,1.94032,6.94937,0.00230,0.59698,-0.78212,0.16345,-0.07207,
1540581076320051712,1.94451,6.96158,0.00478,0.59755,-0.78190,0.16247,-0.07189,
1540581076351454208,1.95031,6.97680,0.00465,0.59743,-0.78160,0.16448,-0.07163,
1540581076385620992,1.95712,6.99826,0.00164,0.59793,-0.78006,0.17025,-0.07068,
1540581076418264832,1.96008,7.01493,0.00343,0.59837,-0.77892,0.17408,-0.07017,
1540581076453459200,1.96201,7.03138,0.00473,0.59854,-0.77894,0.17279,-0.07176,
1540581076485306624,1.96694,7.05516,0.00036,0.59886,-0.77951,0.16768,-0.07499,
1540581076518607872,1.97129,7.07685,-0.00425,0.59932,-0.77987,0.16274,-0.07832,
1540581076551603456,1.97480,7.09275,-0.00559,0.59958,-0.77983,0.16092,-0.08045,
1540581076584993792,1.97901,7.11472,-0.00502,0.59925,-0.77982,0.16120,-0.08248,
1540581076618710272,1.98061,7.13473,-0.00255,0.59875,-0.77998,0.16134,-0.08431,
1540581076651353088,1.98338,7.15447,-0.00448,0.59841,-0.78044,0.15918,-0.08650,
1540581076685445376,1.98581,7.17341,-0.00222,0.59691,-0.78206,0.15479,-0.09007,
1540581076718530048,1.98790,7.19099,0.00258,0.59559,-0.78346,0.15101,-0.09308,
1540581076752434688,1.99007,7.20457,0.00608,0.59486,-0.78410,0.14920,-0.09519,
1540581076785458688,1.99566,7.22324,0.00639,0.59416,-0.78396,0.15200,-0.09632,
1540581076817948416,2.00230,7.24389,0.00511,0.59423,-0.78271,0.15808,-0.09624,
1540581076852080128,2.00613,7.26360,0.00483,0.59440,-0.78121,0.16508,-0.09560,
1540581076885532672,2.00918,7.27945,0.00329,0.59444,-0.78018,0.16980,-0.09557,
1540581076918975488,2.01138,7.29670,0.00363,0.59433,-0.77980,0.17095,-0.09723,
1540581076951444480,2.01409,7.31000,0.00307,0.59435,-0.77966,0.17118,-0.09786,
1540581076985648384,2.01889,7.32356,0.00348,0.59405,-0.77959,0.17222,-0.09838,
1540581077018464512,2.02350,7.33480,0.00482,0.59441,-0.77878,0.17449,-0.09858,
1540581077051772160,2.02618,7.34778,0.00480,0.59438,-0.77805,0.17802,-0.09833,
1540581077085193984,2.02991,7.36525,0.00313,0.59481,-0.77744,0.17881,-0.09904,
1540581077118175232,2.03249,7.38220,0.00125,0.59588,-0.77709,0.17609,-0.10028,
1540581077151780352,2.03687,7.39426,-0.00147,0.59641,-0.77784,0.16970,-0.10225,
1540581077185520896,2.04263,7.41047,-0.00100,0.59616,-0.77923,0.16226,-0.10515,
1540581077218358016,2.04722,7.42630,-0.00457,0.59687,-0.77949,0.15735,-0.10673,
1540581077252281600,2.05526,7.44011,-0.00560,0.59723,-0.77975,0.15431,-0.10716,
1540581077286121728,2.06568,7.46028,-0.00790,0.59750,-0.77942,0.15532,-0.10663,
1540581077319790848,2.07422,7.48164,-0.00962,0.59841,-0.77802,0.16011,-0.10463,
1540581077354943744,2.08434,7.50477,-0.01427,0.59970,-0.77627,0.16562,-0.10165,
1540581077386438656,2.09334,7.52616,-0.01484,0.60052,-0.77509,0.16947,-0.09944,
1540581077422341376,2.09913,7.54437,-0.01485,0.60140,-0.77399,0.17275,-0.09702,
1540581077457170944,2.10365,7.56569,-0.01704,0.60162,-0.77470,0.16905,-0.09655,
1540581077486060544,2.10859,7.58735,-0.01524,0.60093,-0.77727,0.15862,-0.09787,
1540581077520006912,2.11735,7.60416,-0.01330,0.59989,-0.78063,0.14383,-0.10032,
1540581077553824512,2.12772,7.61619,-0.00385,0.59842,-0.78364,0.13214,-0.10171,
1540581077588014080,2.13825,7.63568,-0.00232,0.59799,-0.78472,0.12849,-0.10054,
1540581077620124928,2.15093,7.65561,0.00035,0.59720,-0.78581,0.12693,-0.09871,
1540581077655279360,2.16218,7.67567,-0.00013,0.59719,-0.78589,0.12789,-0.09689,
1540581077687615744,2.17127,7.69304,0.00186,0.59760,-0.78521,0.13256,-0.09354,
1540581077723688704,2.17911,7.71021,0.00103,0.59790,-0.78458,0.13743,-0.08976,
1540581077757951232,2.18318,7.72357,0.00552,0.59726,-0.78524,0.13692,-0.08904,
1540581077791137792,2.18856,7.73844,0.00888,0.59646,-0.78647,0.13275,-0.08984,
1540581077822269184,2.19640,7.75358,0.00434,0.59613,-0.78707,0.13036,-0.09032,
1540581077855688704,2.20426,7.76334,0.00210,0.59582,-0.78660,0.13544,-0.08899,
1540581077888675584,2.20818,7.77546,0.00519,0.59532,-0.78487,0.14919,-0.08554,
1540581077923243008,2.21508,7.79487,0.00244,0.59523,-0.78274,0.16202,-0.08227,
1540581077955735808,2.21662,7.81321,0.00243,0.59562,-0.78044,0.17248,-0.08001,
1540581077989618176,2.21595,7.82639,0.00475,0.59622,-0.77925,0.17590,-0.07970,
1540581078024199680,2.21982,7.84168,0.00062,0.59670,-0.77928,0.17338,-0.08131,
1540581078059299072,2.22189,7.85338,-0.00123,0.59700,-0.77948,0.17041,-0.08343,
1540581078092896256,2.22581,7.86310,-0.00247,0.59779,-0.77879,0.17035,-0.08427,
1540581078123762176,2.23141,7.88016,-0.00391,0.59785,-0.77834,0.17146,-0.08583,
1540581078158014208,2.23540,7.89862,-0.00435,0.59766,-0.77810,0.17254,-0.08713,
1540581078191319808,2.23982,7.91720,-0.00354,0.59818,-0.77781,0.17102,-0.08910,
1540581078225265408,2.24430,7.93601,-0.00510,0.59856,-0.77824,0.16522,-0.09362,
1540581078258714880,2.24895,7.95667,-0.01006,0.59836,-0.77913,0.15900,-0.09821,
1540581078292153856,2.25459,7.97564,-0.01106,0.59833,-0.77965,0.15407,-0.10202,
1540581078325683712,2.26134,7.99495,-0.01353,0.59804,-0.78017,0.14930,-0.10672,
1540581078360206848,2.26660,8.01372,-0.01059,0.59677,-0.78091,0.14797,-0.11023,
1540581078392554752,2.27414,8.03273,-0.00714,0.59559,-0.78130,0.14898,-0.11246,
1540581078426441216,2.28127,8.05374,-0.00562,0.59431,-0.78137,0.15168,-0.11511,
1540581078460143104,2.28882,8.07940,-0.00316,0.59276,-0.78119,0.15717,-0.11694,
1540581078493770240,2.29520,8.10503,0.00135,0.59178,-0.78023,0.16472,-0.11793,
1540581078527742976,2.30076,8.12602,-0.00019,0.59193,-0.77890,0.16910,-0.11972,
1540581078560663040,2.30499,8.14630,-0.00064,0.59098,-0.77879,0.17058,-0.12304,
1540581078594719232,2.31102,8.16516,0.00041,0.59003,-0.77858,0.17286,-0.12569,
1540581078628132864,2.32140,8.18166,-0.00411,0.59037,-0.77706,0.17732,-0.12727,
1540581078661794048,2.32871,8.19897,-0.00726,0.59041,-0.77477,0.18662,-0.12775,
1540581078695418880,2.33179,8.21509,-0.00080,0.58933,-0.77297,0.19755,-0.12721,
1540581078728611840,2.33616,8.23429,0.00124,0.58899,-0.77103,0.20601,-0.12716,
1540581078762534144,2.34256,8.24912,0.00119,0.58860,-0.76989,0.21109,-0.12755,
1540581078796032256,2.34768,8.26596,0.00382,0.58757,-0.76925,0.21579,-0.12826,
1540581078829665280,2.34998,8.28414,0.00671,0.58741,-0.76850,0.21798,-0.12976,
1540581078863094784,2.35327,8.29807,0.00645,0.58771,-0.76822,0.21738,-0.13105,
1540581078897406976,2.35984,8.31550,0.00172,0.58775,-0.76856,0.21476,-0.13324,
1540581078930936832,2.36557,8.33341,-0.00067,0.58809,-0.76874,0.21199,-0.13507,
1540581078964445184,2.37114,8.34855,-0.00583,0.58911,-0.76858,0.20887,-0.13641,
1540581078998197760,2.37767,8.36348,-0.00831,0.58962,-0.76880,0.20603,-0.13729,
1540581079032116480,2.38531,8.38284,-0.01129,0.59025,-0.76898,0.20291,-0.13824,
1540581079065586688,2.39263,8.39863,-0.01494,0.59169,-0.76841,0.20096,-0.13807,
1540581079098464512,2.40202,8.41688,-0.01798,0.59278,-0.76789,0.20023,-0.13736,
1540581079131958784,2.40934,8.43679,-0.01702,0.59365,-0.76757,0.19951,-0.13640,
1540581079165484800,2.41763,8.45564,-0.02160,0.59528,-0.76712,0.19724,-0.13518,
1540581079201341184,2.42526,8.46838,-0.01951,0.59589,-0.76785,0.19322,-0.13414,
1540581079233718784,2.43589,8.48835,-0.01794,0.59558,-0.76941,0.18832,-0.13355,
1540581079266306048,2.44580,8.51122,-0.01778,0.59566,-0.77049,0.18407,-0.13283,
1540581079299641856,2.45680,8.53075,-0.01948,0.59579,-0.77175,0.17921,-0.13160,
1540581079333350144,2.46874,8.55180,-0.01970,0.59505,-0.77348,0.17481,-0.13069,
1540581079367016704,2.48111,8.57064,-0.01342,0.59424,-0.77516,0.17093,-0.12955,
1540581079400627712,2.49569,8.58754,-0.01271,0.59455,-0.77531,0.17142,-0.12653,
1540581079434194432,2.50737,8.60663,-0.01197,0.59447,-0.77509,0.17493,-0.12340,
1540581079468147712,2.51577,8.62687,-0.01152,0.59496,-0.77445,0.17804,-0.12062,
1540581079501157888,2.52491,8.64249,-0.01070,0.59544,-0.77425,0.17927,-0.11767,
1540581079535168256,2.53590,8.66022,-0.01132,0.59552,-0.77455,0.17883,-0.11595,
1540581079568525056,2.54426,8.67738,-0.01438,0.59587,-0.77476,0.17725,-0.11523,
1540581079603244288,2.55165,8.69170,-0.01241,0.59560,-0.77571,0.17396,-0.11519,
1540581079635868672,2.56268,8.70539,-0.01186,0.59554,-0.77626,0.17180,-0.11507,
1540581079670256128,2.57129,8.71494,-0.01384,0.59668,-0.77451,0.17701,-0.11308,
1540581079702802944,2.57827,8.72572,-0.01178,0.59700,-0.77267,0.18531,-0.11060,
1540581079737900800,2.58237,8.74425,-0.00819,0.59684,-0.77138,0.19194,-0.10909,
1540581079770967552,2.58697,8.76016,-0.00815,0.59728,-0.77092,0.19228,-0.10937,
1540581079821972992,2.59411,8.77394,-0.00821,0.59646,-0.77175,0.19047,-0.11121,
1540581079853152768,2.60460,8.79086,-0.00782,0.59621,-0.77049,0.19670,-0.11040,
1540581079886444032,2.61424,8.81115,-0.00852,0.59697,-0.76672,0.21019,-0.10759,
1540581079919859456,2.62302,8.83135,-0.01125,0.59707,-0.76315,0.22372,-0.10515,
1540581079953905664,2.63009,8.84940,-0.00907,0.59683,-0.76103,0.23166,-0.10470,
1540581079988956672,2.63868,8.87140,-0.01500,0.59769,-0.76057,0.22951,-0.10784,
1540581080020443392,2.64583,8.89077,-0.01670,0.59779,-0.76189,0.22253,-0.11247,
1540581080054347520,2.65149,8.90982,-0.01792,0.59736,-0.76362,0.21474,-0.11803,
1540581080088549632,2.65532,8.92622,-0.01261,0.59644,-0.76471,0.21102,-0.12226,
1540581080121276160,2.66206,8.94493,-0.00905,0.59524,-0.76527,0.21027,-0.12587,
1540581080154220288,2.66817,8.96646,-0.00729,0.59396,-0.76528,0.21188,-0.12908,
1540581080186925312,2.67731,8.98864,-0.00781,0.59234,-0.76582,0.21251,-0.13227,
1540581080220964864,2.68391,9.01272,-0.00791,0.58990,-0.76733,0.21041,-0.13769,
1540581080254310144,2.68781,9.03117,-0.00307,0.58754,-0.76880,0.20876,-0.14197,
1540581080287161088,2.69956,9.05546,-0.00571,0.58607,-0.76920,0.20906,-0.14543,
1540581080320183552,2.70655,9.07996,-0.00837,0.58547,-0.76772,0.21401,-0.14839,
1540581080354038016,2.71011,9.09778,-0.00887,0.58571,-0.76597,0.21846,-0.15005,
1540581080387556352,2.71817,9.11330,-0.00860,0.58498,-0.76567,0.22023,-0.15182,
1540581080420746240,2.72473,9.13009,-0.00761,0.58490,-0.76375,0.22678,-0.15216,
1540581080454995456,2.72991,9.14484,-0.00444,0.58559,-0.76127,0.23410,-0.15084,
1540581080487851008,2.73726,9.15782,-0.00373,0.58540,-0.76070,0.23655,-0.15062,
1540581080522060288,2.74395,9.17322,-0.00077,0.58478,-0.76067,0.23819,-0.15055,
1540581080553986816,2.75014,9.18703,-0.00029,0.58522,-0.76028,0.23854,-0.15030,
1540581080587001088,2.75594,9.20070,-0.00033,0.58497,-0.76103,0.23633,-0.15097,
1540581080620450304,2.76378,9.21788,-0.00468,0.58553,-0.76150,0.23281,-0.15188,
1540581080655183616,2.76979,9.23208,-0.00803,0.58648,-0.76183,0.22840,-0.15328,
1540581080687775488,2.77440,9.24532,-0.00956,0.58696,-0.76232,0.22472,-0.15443,
1540581080720919808,2.78086,9.26057,-0.01185,0.58760,-0.76269,0.22107,-0.15541,
1540581080754394368,2.78775,9.27642,-0.01433,0.58820,-0.76294,0.21790,-0.15639,
1540581080787398656,2.79437,9.29315,-0.01642,0.58861,-0.76305,0.21565,-0.15745,
1540581080820335872,2.80124,9.31037,-0.01664,0.58932,-0.76275,0.21460,-0.15770,
1540581080853830400,2.80955,9.32861,-0.01762,0.58987,-0.76228,0.21488,-0.15751,
1540581080888274688,2.81893,9.34880,-0.02052,0.59078,-0.76106,0.21726,-0.15676,
1540581080920815360,2.82784,9.36994,-0.02450,0.59235,-0.75887,0.22228,-0.15438,
1540581080954376448,2.83680,9.39037,-0.02560,0.59343,-0.75749,0.22543,-0.15241,
1540581080987801088,2.84370,9.41037,-0.02733,0.59429,-0.75697,0.22557,-0.15140,
1540581081021562112,2.85181,9.43073,-0.02719,0.59445,-0.75800,0.22225,-0.15056,
1540581081054568448,2.86286,9.45199,-0.02799,0.59421,-0.76008,0.21569,-0.15056,
1540581081088899840,2.87483,9.47238,-0.02600,0.59350,-0.76205,0.21111,-0.14989,
1540581081123499264,2.88577,9.48972,-0.01771,0.59291,-0.76271,0.21242,-0.14702,
1540581081154749440,2.90173,9.51105,-0.01397,0.59303,-0.76159,0.21917,-0.14233,
1540581081187778816,2.91655,9.53408,-0.01261,0.59282,-0.76015,0.22745,-0.13781,
1540581081221389312,2.92679,9.55747,-0.01010,0.59258,-0.75862,0.23605,-0.13276,
1540581081254721792,2.93523,9.58160,-0.01471,0.59331,-0.75804,0.23762,-0.12997,
1540581081287909120,2.93665,9.59863,-0.01364,0.59415,-0.75926,0.23147,-0.13010,
1540581081321702912,2.94338,9.61513,-0.01754,0.59385,-0.76310,0.21757,-0.13300,
1540581081354376192,2.95194,9.63154,-0.01810,0.59306,-0.76721,0.20249,-0.13661,
1540581081387588864,2.95799,9.64464,-0.01425,0.59320,-0.76931,0.19222,-0.13898,
1540581081422906112,2.96986,9.65501,-0.01502,0.59365,-0.76976,0.18929,-0.13866,
1540581081456922880,2.98083,9.67289,-0.01640,0.59373,-0.76847,0.19584,-0.13630,
1540581081490132224,2.98712,9.69302,-0.01741,0.59432,-0.76634,0.20429,-0.13334,
1540581081524732416,2.99275,9.71196,-0.01821,0.59483,-0.76566,0.20603,-0.13226,
1540581081554860544,2.99734,9.72539,-0.01508,0.59506,-0.76634,0.20240,-0.13291,
1540581081589426176,3.00622,9.74061,-0.01348,0.59483,-0.76747,0.19830,-0.13360,
1540581081622164480,3.01675,9.75885,-0.01512,0.59500,-0.76745,0.19832,-0.13291,
1540581081656471296,3.02598,9.77607,-0.01496,0.59549,-0.76658,0.20144,-0.13101,
1540581081690168832,3.03373,9.79475,-0.01373,0.59560,-0.76613,0.20338,-0.13017,
1540581081724004864,3.03953,9.81412,-0.01208,0.59582,-0.76622,0.20216,-0.13051,
1540581081758938624,3.04960,9.83552,-0.01563,0.59628,-0.76669,0.19874,-0.13091,
1540581081790290944,3.05978,9.85700,-0.01829,0.59635,-0.76726,0.19542,-0.13223,
1540581081822722816,3.06826,9.87705,-0.01847,0.59642,-0.76743,0.19382,-0.13329,
1540581081855253248,3.07759,9.90060,-0.02044,0.59670,-0.76719,0.19362,-0.13369,
1540581081889224192,3.08602,9.92036,-0.02309,0.59657,-0.76745,0.19184,-0.13534,
1540581081922787328,3.09483,9.94488,-0.02284,0.59560,-0.76823,0.19046,-0.13716,
1540581081957125888,3.10337,9.96630,-0.02456,0.59484,-0.76883,0.18898,-0.13909,
1540581081989187840,3.10909,9.98248,-0.01636,0.59286,-0.77014,0.18794,-0.14171,
1540581082022729984,3.11624,10.00479,-0.01343,0.59104,-0.77106,0.18867,-0.14333,
1540581082058127872,3.12314,10.02583,-0.00897,0.58937,-0.77180,0.18952,-0.14510,
1540581082090678272,3.13044,10.04825,-0.00766,0.58783,-0.77242,0.18954,-0.14798,
1540581082126196480,3.13848,10.07305,-0.01046,0.58690,-0.77238,0.19067,-0.15040,
1540581082157286144,3.14892,10.09317,-0.01321,0.58695,-0.77156,0.19287,-0.15161,
1540581082190505216,3.15735,10.11056,-0.01401,0.58702,-0.77022,0.19727,-0.15249,
1540581082222853120,3.16414,10.12535,-0.01457,0.58676,-0.76910,0.20229,-0.15257,
1540581082259470080,3.16860,10.14439,-0.00576,0.58535,-0.76911,0.20613,-0.15277,
1540581082290281472,3.17949,10.16132,-0.00690,0.58506,-0.76903,0.20691,-0.15325,
1540581082323607296,3.19006,10.17399,-0.00419,0.58443,-0.76871,0.20989,-0.15323,
1540581082357466112,3.20215,10.19124,-0.00087,0.58387,-0.76790,0.21509,-0.15220,
1540581082391549696,3.21228,10.21069,-0.00032,0.58423,-0.76630,0.22059,-0.15097,
1540581082424520448,3.22189,10.22659,-0.00315,0.58511,-0.76493,0.22334,-0.15046,
1540581082458506240,3.23243,10.24397,-0.00390,0.58534,-0.76454,0.22397,-0.15063,
1540581082492378112,3.24281,10.26389,-0.00552,0.58594,-0.76423,0.22285,-0.15154,
1540581082526055424,3.25238,10.27974,-0.01016,0.58706,-0.76398,0.21980,-0.15290,
1540581082559430144,3.26520,10.29899,-0.01475,0.58744,-0.76421,0.21700,-0.15432,
1540581082592700160,3.27771,10.31881,-0.01477,0.58793,-0.76382,0.21669,-0.15481,
1540581082625921792,3.29025,10.33579,-0.01585,0.58913,-0.76257,0.21810,-0.15445,
1540581082659717888,3.30617,10.35924,-0.01983,0.59006,-0.76105,0.22173,-0.15318,
1540581082694384384,3.31987,10.37927,-0.01832,0.59104,-0.75897,0.22819,-0.15023,
1540581082727375872,3.33175,10.40028,-0.01695,0.59163,-0.75759,0.23261,-0.14804,
1540581082760527360,3.34161,10.42124,-0.01854,0.59173,-0.75756,0.23333,-0.14666,
1540581082794123520,3.35180,10.44295,-0.01636,0.59059,-0.76018,0.22738,-0.14705,
1540581082827379712,3.36209,10.46385,-0.01453,0.58928,-0.76363,0.21805,-0.14856,
1540581082861612288,3.37781,10.47683,-0.00941,0.58805,-0.76690,0.20943,-0.14902,
1540581082895483904,3.39531,10.49357,-0.00474,0.58713,-0.76818,0.20838,-0.14747,
1540581082928777472,3.40974,10.51484,-0.00206,0.58673,-0.76750,0.21449,-0.14384,
1540581082962523136,3.42044,10.53575,-0.00091,0.58709,-0.76634,0.22005,-0.14010,
1540581082995726080,3.42933,10.55456,-0.00043,0.58726,-0.76659,0.21991,-0.13822,
1540581083030013440,3.44042,10.57367,0.00003,0.58652,-0.76895,0.21349,-0.13832,
1540581083063303936,3.45101,10.59046,0.00058,0.58636,-0.77070,0.20737,-0.13855,
1540581083097346048,3.46458,10.60170,0.00145,0.58660,-0.77149,0.20444,-0.13747,
1540581083130624256,3.47395,10.61589,0.01033,0.58605,-0.77159,0.20723,-0.13506,
1540581083163853056,3.48270,10.63410,0.00633,0.58666,-0.77050,0.21166,-0.13175,
1540581083197493504,3.49054,10.65676,0.00610,0.58655,-0.77070,0.21233,-0.13001,
1540581083230760448,3.49789,10.67624,0.00440,0.58752,-0.77115,0.20831,-0.12944,
1540581083264611584,3.50733,10.68980,0.00052,0.58835,-0.77219,0.20206,-0.12941,
1540581083298328832,3.51583,10.70635,0.00232,0.58838,-0.77315,0.19817,-0.12950,
1540581083331495680,3.52465,10.72516,-0.00032,0.58947,-0.77286,0.19672,-0.12847,
1540581083365712128,3.53295,10.74237,-0.00171,0.59052,-0.77245,0.19630,-0.12678,
1540581083399697152,3.53975,10.75883,-0.00032,0.59104,-0.77258,0.19467,-0.12608,
1540581083432370176,3.54671,10.78500,-0.00514,0.59178,-0.77271,0.19200,-0.12592,
1540581083465989632,3.55247,10.80317,-0.00604,0.59281,-0.77318,0.18646,-0.12648,
1540581083499579392,3.56041,10.81990,-0.00513,0.59273,-0.77462,0.17999,-0.12744,
1540581083533678848,3.56934,10.84089,-0.00546,0.59216,-0.77607,0.17425,-0.12920,
1540581083566974720,3.57707,10.86252,-0.00576,0.59166,-0.77682,0.17169,-0.13040,
1540581083603572992,3.58397,10.88291,-0.00296,0.59046,-0.77739,0.17334,-0.13028,
1540581083634837248,3.58970,10.90328,-0.00118,0.58945,-0.77741,0.17670,-0.13025,
1540581083667662848,3.59456,10.92359,0.00620,0.58816,-0.77753,0.18044,-0.13024,
1540581083702391296,3.59905,10.94526,0.00994,0.58719,-0.77730,0.18420,-0.13071,
1540581083735558144,3.60371,10.96874,0.01049,0.58649,-0.77691,0.18710,-0.13202,
1540581083769472000,3.61058,10.99352,0.00958,0.58612,-0.77632,0.18975,-0.13338,
1540581083802862848,3.61804,11.01524,0.00419,0.58657,-0.77519,0.19207,-0.13464,
1540581083836091904,3.62185,11.03322,0.00093,0.58646,-0.77447,0.19419,-0.13618,
1540581083870303232,3.62729,11.05605,-0.00368,0.58569,-0.77466,0.19402,-0.13863,
1540581083902993664,3.63128,11.07081,-0.00200,0.58534,-0.77466,0.19385,-0.14034,
1540581083937012480,3.63576,11.08520,-0.00452,0.58529,-0.77416,0.19508,-0.14162,
1540581083972423936,3.64070,11.10213,-0.00492,0.58434,-0.77430,0.19592,-0.14359,
1540581084007347968,3.64564,11.12154,-0.00484,0.58404,-0.77412,0.19598,-0.14569,
1540581084037529344,3.64909,11.13356,-0.00372,0.58450,-0.77364,0.19531,-0.14732,
1540581084072083712,3.65645,11.14844,-0.00601,0.58449,-0.77338,0.19514,-0.14892,
1540581084104621312,3.66371,11.16702,-0.00545,0.58447,-0.77267,0.19728,-0.14985,
1540581084138531072,3.67169,11.18704,-0.00837,0.58526,-0.77133,0.20010,-0.14993,
1540581084172217600,3.68020,11.20726,-0.00951,0.58550,-0.77101,0.20008,-0.15064,
1540581084205919232,3.69100,11.22713,-0.01336,0.58594,-0.77088,0.19854,-0.15164,
1540581084239816960,3.70178,11.24634,-0.01466,0.58683,-0.77006,0.19908,-0.15166,
1540581084274286592,3.71114,11.26157,-0.01564,0.58820,-0.76855,0.20158,-0.15069,
1540581084326205184,3.72136,11.28114,-0.01424,0.58857,-0.76765,0.20507,-0.14916,
1540581084374622976,3.74511,11.32067,-0.01515,0.58959,-0.76694,0.20625,-0.14714,
1540581084407228160,3.75427,11.34002,-0.01714,0.58958,-0.76707,0.20647,-0.14616,
1540581084458613760,3.76867,11.35600,-0.01251,0.58875,-0.76855,0.20556,-0.14300,
1540581084489941248,3.78028,11.37651,-0.01196,0.58803,-0.77028,0.20122,-0.14279,
1540581084522928640,3.79041,11.39532,-0.01009,0.58825,-0.77104,0.19846,-0.14168,
1540581084555966976,3.80374,11.41416,-0.00865,0.58894,-0.77097,0.19869,-0.13881,
1540581084589787136,3.81555,11.43112,-0.00712,0.58910,-0.77115,0.19920,-0.13643,
1540581084623601664,3.82699,11.44898,-0.00726,0.58994,-0.77062,0.20100,-0.13308,
1540581084656721408,3.83652,11.46662,-0.00835,0.59051,-0.77069,0.20040,-0.13103,
1540581084690581504,3.84614,11.48180,-0.00795,0.59018,-0.77256,0.19409,-0.13101,
1540581084723029760,3.85308,11.50338,-0.00936,0.58983,-0.77475,0.18539,-0.13229,
1540581084756220160,3.86271,11.52005,-0.01210,0.58986,-0.77639,0.17762,-0.13319,
1540581084790157568,3.86716,11.52974,-0.00718,0.58984,-0.77663,0.17757,-0.13190,
1540581084823011584,3.87548,11.54457,-0.00389,0.59003,-0.77578,0.18260,-0.12918,
1540581084856773632,3.88381,11.56452,-0.00338,0.59046,-0.77452,0.18835,-0.12649,
1540581084890028800,3.89155,11.58331,-0.00589,0.59122,-0.77369,0.19062,-0.12463,
1540581084923516160,3.89873,11.59859,-0.00447,0.59185,-0.77353,0.18974,-0.12395,
1540581084956615424,3.90516,11.61523,-0.00186,0.59191,-0.77383,0.18847,-0.12377,
1540581084990243584,3.91483,11.63795,-0.00808,0.59271,-0.77353,0.18770,-0.12292,
1540581085023031808,3.92495,11.65913,-0.01223,0.59350,-0.77311,0.18732,-0.12240,
1540581085056879104,3.93243,11.67859,-0.01668,0.59449,-0.77222,0.18774,-0.12253,
1540581085089779712,3.93843,11.69825,-0.01924,0.59549,-0.77112,0.18966,-0.12164,
1540581085123634176,3.94411,11.71594,-0.02168,0.59649,-0.77068,0.18802,-0.12202,
1540581085156942848,3.94991,11.73501,-0.01996,0.59585,-0.77193,0.18345,-0.12424,
1540581085191741696,3.95624,11.75482,-0.01911,0.59561,-0.77253,0.18016,-0.12642,
1540581085224474112,3.96122,11.77204,-0.01790,0.59543,-0.77248,0.18008,-0.12768,
1540581085257521408,3.96666,11.78569,-0.00997,0.59389,-0.77309,0.18181,-0.12872,
1540581085291622656,3.97525,11.81353,-0.00765,0.59174,-0.77391,0.18436,-0.13007,
1540581085323568896,3.97909,11.83442,-0.00342,0.59014,-0.77466,0.18492,-0.13205,
1540581085357279488,3.98313,11.85334,-0.00145,0.58814,-0.77588,0.18437,-0.13457,
1540581085390663680,3.98709,11.87839,-0.00062,0.58652,-0.77658,0.18414,-0.13790,
1540581085423812864,3.99156,11.89886,-0.00307,0.58654,-0.77617,0.18374,-0.14058,
1540581085457762048,3.99751,11.91583,-0.00462,0.58589,-0.77593,0.18515,-0.14276,
1540581085490428160,4.00232,11.93447,-0.00617,0.58586,-0.77429,0.19125,-0.14375,
1540581085523567616,4.00782,11.95297,-0.00610,0.58629,-0.77213,0.19907,-0.14299,
1540581085557277440,4.01546,11.97008,-0.00354,0.58577,-0.77126,0.20392,-0.14297,
1540581085590891776,4.02089,11.98738,-0.00279,0.58608,-0.76976,0.20883,-0.14272,
1540581085623523840,4.02760,12.00274,-0.00292,0.58613,-0.76876,0.21261,-0.14231,
1540581085657290240,4.03530,12.02122,-0.00391,0.58577,-0.76860,0.21365,-0.14311,
1540581085691163648,4.04194,12.03818,-0.00445,0.58653,-0.76802,0.21275,-0.14445,
1540581085724053760,4.04846,12.05175,-0.00591,0.58726,-0.76769,0.21078,-0.14613,
1540581085757178112,4.05609,12.06748,-0.00687,0.58710,-0.76778,0.20989,-0.14754,
1540581085790880768,4.06280,12.08625,-0.01079,0.58726,-0.76749,0.20937,-0.14915,
1540581085824159488,4.06541,12.09853,-0.01049,0.58821,-0.76681,0.20785,-0.15103,
1540581085857554176,4.07236,12.11619,-0.01495,0.58870,-0.76657,0.20583,-0.15310,
1540581085890439936,4.07889,12.13261,-0.01740,0.58934,-0.76613,0.20456,-0.15452,
1540581085923952384,4.08703,12.14947,-0.01881,0.59049,-0.76509,0.20439,-0.15553,
1540581085957432576,4.09274,12.16392,-0.02004,0.59170,-0.76375,0.20542,-0.15615,
1540581085990607360,4.10033,12.18250,-0.02381,0.59273,-0.76258,0.20682,-0.15613,
1540581086024650752,4.10772,12.19900,-0.02647,0.59370,-0.76190,0.20651,-0.15617,
1540581086056984064,4.11453,12.21482,-0.02546,0.59468,-0.76127,0.20655,-0.15543,
1540581086090790144,4.12263,12.23073,-0.02721,0.59485,-0.76187,0.20433,-0.15476,
1540581086123997952,4.13421,12.24990,-0.02295,0.59346,-0.76430,0.19867,-0.15547,
1540581086157266688,4.14553,12.27109,-0.02031,0.59287,-0.76620,0.19308,-0.15544,
1540581086190597888,4.15983,12.28938,-0.01584,0.59133,-0.76882,0.18709,-0.15568,
1540581086223852544,4.17423,12.30904,-0.01136,0.59043,-0.76987,0.18662,-0.15445,
1540581086259624448,4.18725,12.32705,-0.00722,0.59001,-0.76945,0.19293,-0.15041,
1540581086294500096,4.20074,12.34961,-0.00373,0.58904,-0.76898,0.20051,-0.14662,
1540581086327522048,4.21277,12.37164,-0.00548,0.58972,-0.76740,0.20674,-0.14348,
1540581086359396864,4.22248,12.39276,-0.00878,0.59059,-0.76631,0.21021,-0.14062,
1540581086392463104,4.23158,12.41222,-0.01016,0.59004,-0.76738,0.20827,-0.13998,
1540581086426096640,4.23991,12.42944,-0.00602,0.58953,-0.76925,0.20252,-0.14034,
1540581086458294016,4.24907,12.44750,-0.00546,0.58966,-0.77056,0.19668,-0.14087,
1540581086491826944,4.26066,12.45787,-0.00828,0.58997,-0.77082,0.19552,-0.13980,
1540581086526313472,4.26992,12.47681,-0.00387,0.58943,-0.77014,0.20165,-0.13712,
1540581086561937920,4.27648,12.49750,-0.00312,0.59035,-0.76814,0.20872,-0.13374,
1540581086593758976,4.28379,12.51999,-0.00708,0.59110,-0.76719,0.21140,-0.13169,
1540581086628399872,4.29030,12.54100,-0.00724,0.59144,-0.76734,0.21010,-0.13132,
1540581086660597248,4.29667,12.55744,-0.00776,0.59234,-0.76739,0.20721,-0.13156,
1540581086693894400,4.30224,12.57215,-0.00769,0.59300,-0.76726,0.20595,-0.13133,
1540581086728813824,4.30914,12.59159,-0.00807,0.59328,-0.76712,0.20573,-0.13122,
1540581086761299712,4.31543,12.61333,-0.00734,0.59355,-0.76704,0.20521,-0.13129,
1540581086794317824,4.32248,12.63667,-0.01228,0.59425,-0.76705,0.20251,-0.13228,
1540581086828236800,4.32892,12.65793,-0.01336,0.59438,-0.76754,0.19959,-0.13324,
1540581086860686336,4.33712,12.67786,-0.01631,0.59464,-0.76781,0.19723,-0.13409,
1540581086892691712,4.34468,12.69840,-0.01603,0.59437,-0.76812,0.19611,-0.13511,
1540581086926770688,4.34971,12.71861,-0.01695,0.59387,-0.76850,0.19547,-0.13608,
1540581086960379392,4.35545,12.74060,-0.01515,0.59201,-0.77036,0.19247,-0.13792,
1540581086995097600,4.35996,12.76261,-0.00852,0.58990,-0.77280,0.18692,-0.14096,
1540581087027721728,4.36676,12.77883,-0.00857,0.58868,-0.77430,0.18288,-0.14308,
1540581087062756864,4.37410,12.79606,-0.00398,0.58640,-0.77602,0.18080,-0.14574,
1540581087095311104,4.38057,12.82113,-0.00445,0.58515,-0.77623,0.18253,-0.14746,
1540581087130687232,4.38860,12.84131,-0.00790,0.58531,-0.77526,0.18536,-0.14844,
1540581087162237440,4.39499,12.85639,-0.01002,0.58537,-0.77430,0.18775,-0.15019,
1540581087196294912,4.39901,12.87323,-0.01051,0.58510,-0.77313,0.19269,-0.15100,
1540581087230394112,4.40050,12.88678,-0.00905,0.58470,-0.77236,0.19632,-0.15178,
1540581087263837440,4.40413,12.90030,-0.00798,0.58402,-0.77228,0.19760,-0.15318,
1540581087296099328,4.41015,12.91305,-0.00636,0.58348,-0.77203,0.19988,-0.15349,
1540581087330382336,4.41553,12.92977,-0.00950,0.58345,-0.77126,0.20232,-0.15427,
1540581087364161792,4.42083,12.94283,-0.01293,0.58356,-0.77086,0.20261,-0.15553,
1540581087397880320,4.42880,12.95868,-0.01374,0.58337,-0.77102,0.20150,-0.15689,
1540581087431194624,4.43523,12.97081,-0.01615,0.58405,-0.77063,0.19965,-0.15859,
1540581087464905472,4.44151,12.97816,-0.01381,0.58430,-0.77044,0.19895,-0.15945,
1540581087498614272,4.45012,12.99226,-0.01159,0.58407,-0.77032,0.19931,-0.16046,
1540581087532359936,4.46033,13.00491,-0.01140,0.58474,-0.76921,0.20182,-0.16021,
1540581087564993280,4.47364,13.01883,-0.01070,0.58516,-0.76759,0.20785,-0.15871,
1540581087599184384,4.48933,13.04058,-0.01360,0.58606,-0.76479,0.21660,-0.15723,
1540581087632483840,4.49903,13.06153,-0.01105,0.58713,-0.76187,0.22534,-0.15509,
1540581087666422272,4.50932,13.08156,-0.01512,0.58850,-0.75928,0.23192,-0.15286,
1540581087699665920,4.51932,13.10261,-0.01115,0.58819,-0.75919,0.23278,-0.15322,
1540581087733708288,4.52958,13.12392,-0.01099,0.58864,-0.75931,0.23076,-0.15397,
1540581087767043072,4.54332,13.14009,-0.01114,0.58889,-0.75957,0.22985,-0.15307,
1540581087800550400,4.55861,13.15931,-0.01211,0.58819,-0.76023,0.22979,-0.15258,
1540581087834331392,4.56972,13.18151,-0.01203,0.58751,-0.76074,0.23066,-0.15135,
1540581087867679232,4.58094,13.20308,-0.00858,0.58662,-0.76243,0.22771,-0.15078,
1540581087901872896,4.59548,13.22040,-0.00602,0.58603,-0.76424,0.22370,-0.14989,
1540581087935054080,4.61309,13.23786,-0.01377,0.58656,-0.76420,0.22401,-0.14751,
1540581087968917760,4.62615,13.25760,-0.01752,0.58625,-0.76413,0.22684,-0.14477,
1540581088002388224,4.62963,13.27068,-0.00781,0.58641,-0.76414,0.22795,-0.14232,
1540581088035738880,4.63751,13.28595,-0.01062,0.58803,-0.76425,0.22430,-0.14081,
1540581088069612800,4.64641,13.29671,-0.01343,0.58839,-0.76622,0.21669,-0.14057,
1540581088103080192,4.65409,13.31012,-0.01190,0.58788,-0.76851,0.20973,-0.14072,
1540581088136542976,4.66234,13.32021,-0.00796,0.58787,-0.77030,0.20301,-0.14084,
1540581088169913600,4.67219,13.32932,-0.00568,0.58787,-0.77142,0.19935,-0.13991,
1540581088204562944,4.68051,13.33947,-0.00126,0.58753,-0.77157,0.20123,-0.13781,
1540581088237747968,4.68789,13.35911,-0.00066,0.58754,-0.77098,0.20499,-0.13552,
1540581088271207936,4.69527,13.37792,-0.00098,0.58757,-0.77097,0.20630,-0.13343,
1540581088304569600,4.70423,13.39647,-0.00089,0.58752,-0.77181,0.20361,-0.13294,
1540581088338990848,4.71278,13.41143,-0.00143,0.58803,-0.77239,0.20021,-0.13246,
1540581088371954176,4.72055,13.42577,-0.00210,0.58837,-0.77278,0.19830,-0.13157,
1540581088405485568,4.73181,13.44296,-0.00564,0.58890,-0.77268,0.19794,-0.13031,
1540581088439031040,4.73870,13.45953,-0.00464,0.58938,-0.77230,0.19887,-0.12901,
1540581088473207552,4.74793,13.48023,-0.00963,0.59029,-0.77182,0.19859,-0.12812,
1540581088506376448,4.75730,13.49551,-0.01183,0.59076,-0.77197,0.19667,-0.12802,
1540581088539977728,4.76629,13.51170,-0.01227,0.59092,-0.77184,0.19702,-0.12752,
1540581088573637120,4.77410,13.52950,-0.01249,0.59189,-0.77058,0.19998,-0.12603,
1540581088607316224,4.78180,13.54856,-0.01257,0.59211,-0.77011,0.20161,-0.12525,
1540581088641943296,4.78971,13.56923,-0.01382,0.59241,-0.76981,0.20204,-0.12501,
1540581088674404864,4.79556,13.59144,-0.01394,0.59210,-0.77081,0.19805,-0.12670,
1540581088707663616,4.80255,13.60963,-0.01433,0.59134,-0.77258,0.19191,-0.12891,
1540581088741848832,4.81016,13.62554,-0.00968,0.58923,-0.77538,0.18459,-0.13234,
1540581088775121920,4.81753,13.64365,-0.00623,0.58782,-0.77685,0.18122,-0.13466,
1540581088808441344,4.82441,13.65831,-0.00618,0.58696,-0.77723,0.18129,-0.13612,
1540581088842536704,4.82987,13.68239,-0.00531,0.58536,-0.77770,0.18276,-0.13831,
1540581088913591552,4.84169,13.71695,-0.00836,0.58561,-0.77645,0.18401,-0.14260,
1540581088943436544,4.84820,13.72539,-0.00597,0.58543,-0.77554,0.18781,-0.14331,
1540581088994024704,4.84569,13.74866,-0.00519,0.58503,-0.77350,0.19690,-0.14377,
1540581089045199616,4.86004,13.77602,-0.00722,0.58425,-0.77369,0.19640,-0.14656,
1540581089094824448,4.86413,13.79069,-0.00404,0.58318,-0.77419,0.19546,-0.14940,
1540581089127309056,4.87066,13.80290,-0.00447,0.58242,-0.77425,0.19675,-0.15040,
1540581089194848512,4.88486,13.83205,-0.00681,0.58260,-0.77269,0.19977,-0.15371,
1540581089226103296,4.89277,13.84423,-0.00677,0.58221,-0.77250,0.20074,-0.15484,
1540581089259763968,4.89975,13.85831,-0.00882,0.58201,-0.77199,0.20191,-0.15661,
1540581089293244160,4.90731,13.87151,-0.00839,0.58221,-0.77120,0.20365,-0.15750,
1540581089327152128,4.91486,13.88361,-0.01049,0.58282,-0.76993,0.20608,-0.15830,
1540581089359245568,4.92352,13.89889,-0.01076,0.58297,-0.76878,0.20920,-0.15928,
1540581089393180416,4.93314,13.91218,-0.01127,0.58359,-0.76746,0.21203,-0.15959,
1540581089426151936,4.94282,13.92701,-0.01269,0.58448,-0.76589,0.21472,-0.16028,
1540581089460033536,4.95120,13.94063,-0.01135,0.58433,-0.76521,0.21714,-0.16082,
1540581089493763072,4.96268,13.95670,-0.01281,0.58509,-0.76431,0.21823,-0.16087,
1540581089527012608,4.97553,13.97537,-0.01946,0.58586,-0.76359,0.21887,-0.16061,
1540581089559644928,4.98649,13.99021,-0.02246,0.58622,-0.76319,0.21919,-0.16075,
1540581089593489664,4.99721,14.00370,-0.01959,0.58604,-0.76362,0.21775,-0.16133,
1540581089627699968,5.00917,14.01984,-0.01793,0.58560,-0.76454,0.21571,-0.16130,
1540581089659796992,5.02070,14.03287,-0.01702,0.58550,-0.76544,0.21276,-0.16130,
1540581089693566720,5.03226,14.04742,-0.01711,0.58439,-0.76685,0.21074,-0.16128,
1540581089726713856,5.04425,14.06135,-0.01588,0.58467,-0.76631,0.21342,-0.15931,
1540581089760930560,5.05352,14.07073,-0.01189,0.58585,-0.76441,0.21944,-0.15592,
1540581089792847616,5.06465,14.08391,-0.01246,0.58541,-0.76380,0.22447,-0.15332,
1540581089827773696,5.07477,14.10116,-0.01005,0.58586,-0.76327,0.22703,-0.15051,
1540581089859440896,5.08405,14.11484,-0.01376,0.58676,-0.76424,0.22129,-0.15061,
1540581089893132032,5.08831,14.12298,-0.01109,0.58607,-0.76694,0.21254,-0.15213,
1540581089926338560,5.09273,14.13271,-0.00933,0.58540,-0.76953,0.20357,-0.15390,
1540581089959865856,5.09279,14.13256,-0.00815,0.58631,-0.76971,0.20040,-0.15371,
1540581089993360640,5.10149,14.14279,-0.01271,0.58665,-0.76882,0.20448,-0.15147,
1540581090026406656,5.10658,14.15457,-0.01142,0.58696,-0.76699,0.21225,-0.14883,
1540581090060215552,5.10822,14.16770,-0.01329,0.58773,-0.76547,0.21668,-0.14727,
1540581090093353984,5.10889,14.17900,-0.01373,0.58808,-0.76566,0.21495,-0.14737,
1540581090126665472,5.11098,14.18579,-0.01332,0.58802,-0.76686,0.20958,-0.14910,
1540581090159868928,5.11579,14.19723,-0.01613,0.58890,-0.76698,0.20589,-0.15018,
1540581090193491456,5.11939,14.20400,-0.01472,0.58937,-0.76679,0.20549,-0.14987,
1540581090227182848,5.12739,14.22197,-0.01813,0.58975,-0.76621,0.20684,-0.14945,
1540581090260588288,5.13147,14.23813,-0.01995,0.59079,-0.76543,0.20705,-0.14907,
1540581090294267904,5.13697,14.25120,-0.02103,0.59125,-0.76583,0.20396,-0.14944,
1540581090327004160,5.14164,14.26836,-0.02253,0.59144,-0.76645,0.20015,-0.15062,
1540581090360559104,5.14800,14.28146,-0.02477,0.59234,-0.76656,0.19636,-0.15155,
1540581090394010112,5.15636,14.30329,-0.03037,0.59186,-0.76752,0.19304,-0.15280,
1540581090426886912,5.16076,14.32233,-0.03341,0.59173,-0.76826,0.18939,-0.15417,
1540581090460448512,5.16400,14.33452,-0.02770,0.59081,-0.76998,0.18345,-0.15631,
1540581090494366464,5.16947,14.35031,-0.02682,0.58907,-0.77229,0.17695,-0.15890,
1540581090526884608,5.17547,14.36549,-0.02222,0.58711,-0.77425,0.17304,-0.16091,
1540581090560218624,5.17996,14.38127,-0.01733,0.58529,-0.77558,0.17236,-0.16185,
1540581090593455872,5.18347,14.39397,-0.01428,0.58451,-0.77573,0.17447,-0.16172,
1540581090627140864,5.18705,14.41151,-0.01371,0.58367,-0.77565,0.17773,-0.16160,
1540581090660279808,5.19245,14.43621,-0.01687,0.58269,-0.77603,0.17853,-0.16237,
1540581090693833472,5.19782,14.45342,-0.01573,0.58263,-0.77640,0.17639,-0.16318,
1540581090727099648,5.20761,14.46976,-0.02144,0.58292,-0.77639,0.17458,-0.16415,
1540581090760474112,5.21335,14.48091,-0.02428,0.58355,-0.77519,0.17816,-0.16373,
1540581090793683968,5.21475,14.48709,-0.01547,0.58437,-0.77328,0.18566,-0.16149,
1540581090827169024,5.21871,14.49737,-0.01772,0.58509,-0.77191,0.19039,-0.15994,
1540581090861673472,5.22480,14.51121,-0.01519,0.58483,-0.77166,0.19258,-0.15947,
1540581090893829376,5.22951,14.52254,-0.01719,0.58533,-0.77122,0.19270,-0.15962,
1540581090927369216,5.23464,14.52993,-0.01878,0.58561,-0.77082,0.19339,-0.15968,
1540581090960819712,5.23945,14.54104,-0.02023,0.58589,-0.76979,0.19639,-0.15993,
1540581090994334720,5.24306,14.55198,-0.02058,0.58666,-0.76828,0.20002,-0.15988,
1540581091027752448,5.24621,14.55698,-0.01691,0.58717,-0.76763,0.20072,-0.16029,
1540581091062182912,5.25114,14.57138,-0.02184,0.58662,-0.76801,0.19932,-0.16219,
1540581091095300352,5.25670,14.58442,-0.02813,0.58751,-0.76729,0.19815,-0.16380,
1540581091129831936,5.26141,14.58914,-0.02613,0.58767,-0.76708,0.19715,-0.16541,
1540581091162396928,5.26608,14.59498,-0.02133,0.58754,-0.76681,0.19759,-0.16661,
1540581091195788288,5.27413,14.60776,-0.02566,0.58832,-0.76562,0.19964,-0.16688,
1540581091228726528,5.28183,14.62174,-0.02651,0.58840,-0.76503,0.20120,-0.16742,
1540581091265604608,5.28594,14.62863,-0.02246,0.58863,-0.76480,0.20063,-0.16835,
1540581091298594816,5.29430,14.64080,-0.02332,0.58867,-0.76484,0.20010,-0.16867,
1540581091328286464,5.30328,14.65458,-0.02754,0.58897,-0.76446,0.20061,-0.16871,
1540581091363565312,5.31120,14.66665,-0.03175,0.58924,-0.76420,0.20113,-0.16837,
1540581091395825408,5.31487,14.67607,-0.02522,0.58772,-0.76600,0.19776,-0.16949,
1540581091430020096,5.32300,14.68877,-0.02538,0.58652,-0.76834,0.19037,-0.17150,
1540581091463158784,5.32981,14.69041,-0.02256,0.58599,-0.76946,0.18667,-0.17231,
1540581091496052480,5.33808,14.69658,-0.02161,0.58530,-0.76948,0.18971,-0.17126,
1540581091530487808,5.34370,14.70727,-0.01573,0.58481,-0.76874,0.19629,-0.16883,
1540581091563444224,5.35199,14.71886,-0.01963,0.58536,-0.76757,0.20119,-0.16650,
1540581091597899776,5.35758,14.72406,-0.01734,0.58562,-0.76673,0.20488,-0.16494,
1540581091630728704,5.36107,14.72992,-0.01523,0.58564,-0.76610,0.20869,-0.16299,
1540581091664382464,5.36553,14.73632,-0.01430,0.58575,-0.76600,0.21024,-0.16107,
1540581091698315776,5.36875,14.74079,-0.01551,0.58583,-0.76627,0.20952,-0.16039,
1540581091731867904,5.37024,14.74464,-0.01461,0.58514,-0.76727,0.20825,-0.15979,
1540581091765793536,5.37271,14.74932,-0.01295,0.58442,-0.76869,0.20506,-0.15972,
1540581091799764224,5.37441,14.75077,-0.01483,0.58442,-0.76938,0.20242,-0.15983,
1540581091832659200,5.37263,14.75039,-0.01357,0.58407,-0.76974,0.20243,-0.15933,
1540581091865965824,5.37286,14.75592,-0.01719,0.58417,-0.76959,0.20348,-0.15834,
1540581091899611904,5.37050,14.75805,-0.01995,0.58460,-0.76936,0.20376,-0.15748,
1540581091934101760,5.36833,14.76005,-0.02010,0.58471,-0.76987,0.20126,-0.15785,
1540581091967017472,5.36539,14.76278,-0.02078,0.58517,-0.77000,0.19967,-0.15750,
1540581092000175360,5.36407,14.76147,-0.01873,0.58578,-0.76992,0.19953,-0.15579,
1540581092034467840,5.36530,14.76025,-0.01562,0.58612,-0.76971,0.19999,-0.15500,
1540581092067336448,5.36336,14.76509,-0.01625,0.58656,-0.76918,0.19974,-0.15624,
1540581092102080256,5.35783,14.76722,-0.01765,0.58652,-0.76964,0.19755,-0.15689,
1540581092135279872,5.35842,14.76970,-0.01655,0.58534,-0.77167,0.19256,-0.15759,
1540581092168569600,5.35902,14.76928,-0.01358,0.58473,-0.77299,0.18652,-0.16061,
1540581092202380544,5.35851,14.76835,-0.01454,0.58480,-0.77281,0.18564,-0.16220,
1540581092235465728,5.35741,14.77087,-0.01307,0.58432,-0.77237,0.18942,-0.16168,
1540581092269826048,5.35480,14.77761,-0.01537,0.58410,-0.77193,0.19198,-0.16156,
1540581092304514816,5.35332,14.78307,-0.01712,0.58373,-0.77253,0.18961,-0.16278,
1540581092339580416,5.35153,14.78394,-0.01717,0.58296,-0.77418,0.18364,-0.16454,
1540581092370128896,5.35288,14.78484,-0.01912,0.58264,-0.77526,0.17875,-0.16595,
1540581092403405312,5.35481,14.78089,-0.01547,0.58220,-0.77576,0.17696,-0.16714,
1540581092436894976,5.35539,14.78280,-0.01223,0.58186,-0.77521,0.18118,-0.16633,
1540581092471270656,5.35757,14.78682,-0.01346,0.58250,-0.77351,0.18823,-0.16414,
1540581092504504832,5.35636,14.78955,-0.01301,0.58263,-0.77226,0.19359,-0.16335,
1540581092538067456,5.35606,14.79350,-0.01516,0.58291,-0.77134,0.19689,-0.16275,
1540581092571585536,5.35309,14.79352,-0.01601,0.58317,-0.77096,0.19759,-0.16275,
1540581092605574912,5.35229,14.79259,-0.01614,0.58310,-0.77133,0.19579,-0.16343,
1540581092639893504,5.35106,14.79053,-0.01720,0.58332,-0.77139,0.19461,-0.16378,
1540581092672453888,5.35054,14.78913,-0.01768,0.58333,-0.77144,0.19423,-0.16397,
1540581092706214656,5.35054,14.78913,-0.01768,0.58333,-0.77144,0.19423,-0.16397,
1540581092739727616,5.35054,14.78913,-0.01768,0.58333,-0.77144,0.19423,-0.16397,
1540581092773408000,5.35048,14.78793,-0.01563,0.58322,-0.77149,0.19412,-0.16421,
1540581092807347456,5.35101,14.78716,-0.01301,0.58283,-0.77173,0.19434,-0.16424,
1540581092841107712,5.35171,14.78768,-0.01123,0.58242,-0.77190,0.19500,-0.16411,
1540581092874691584,5.35280,14.79230,-0.01551,0.58237,-0.77181,0.19535,-0.16428,
1540581092907706368,5.35371,14.79359,-0.01648,0.58247,-0.77162,0.19584,-0.16423,
1540581092941370368,5.35294,14.79212,-0.01583,0.58280,-0.77112,0.19699,-0.16401,
1540581092975542016,5.35232,14.79212,-0.01562,0.58300,-0.77075,0.19806,-0.16382,
1540581093008569600,5.35232,14.79212,-0.01562,0.58300,-0.77075,0.19806,-0.16382,
1540581093041770752,5.35232,14.79212,-0.01562,0.58300,-0.77075,0.19806,-0.16382,
1540581093075992832,5.35232,14.79212,-0.01562,0.58300,-0.77075,0.19806,-0.16382,
1540581093109596160,5.35232,14.79212,-0.01562,0.58300,-0.77075,0.19806,-0.16382,
1540581093144776192,5.35151,14.79058,-0.01520,0.58334,-0.77034,0.19869,-0.16374,
1540581093176446976,5.35173,14.79064,-0.01565,0.58357,-0.76990,0.20004,-0.16337,
1540581093212417536,5.35186,14.78985,-0.01426,0.58343,-0.76975,0.20141,-0.16286,
1540581093243583744,5.35266,14.78928,-0.01272,0.58347,-0.76937,0.20332,-0.16217,
1540581093276937728,5.35260,14.78720,-0.01125,0.58365,-0.76879,0.20559,-0.16136,
1540581093310717696,5.35337,14.78833,-0.01099,0.58379,-0.76822,0.20799,-0.16056,
1540581093345544960,5.35340,14.78814,-0.01029,0.58387,-0.76778,0.20995,-0.15982,
1540581093416043264,5.35354,14.78877,-0.00937,0.58366,-0.76727,0.21277,-0.15924,
1540581093463315712,5.35457,14.79192,-0.01333,0.58410,-0.76676,0.21353,-0.15912,
1540581093515812096,5.35457,14.79192,-0.01333,0.58410,-0.76676,0.21353,-0.15912,
1540581093563526656,5.35457,14.79192,-0.01333,0.58410,-0.76676,0.21353,-0.15912,
1540581093617214976,5.35389,14.79129,-0.01343,0.58399,-0.76696,0.21303,-0.15919,
1540581093664547072,5.35389,14.79129,-0.01343,0.58399,-0.76696,0.21303,-0.15919,
