1540589235717344000,0.00000,0.00000,0.00000,0.60448,-0.79606,-0.03000,0.00000,
1540589235751078656,0.00000,0.00000,0.00000,0.60448,-0.79606,-0.03000,0.00000,
1540589235784903424,0.00000,0.00000,0.00000,0.60280,-0.79690,-0.03833,0.01092,
1540589235818142464,0.00000,0.00000,0.00000,0.60280,-0.79690,-0.03833,0.01092,
1540589235852017664,0.00000,0.00000,0.00000,0.60280,-0.79690,-0.03833,0.01092,
1540589235885775360,-0.00213,0.00029,-0.00035,0.60283,-0.79687,-0.03839,0.01097,
1540589235919051520,-0.00376,-0.00018,0.00082,0.60290,-0.79679,-0.03878,0.01134,
1540589235953025792,-0.00322,0.00042,-0.00059,0.60323,-0.79652,-0.03913,0.01218,
1540589235986515200,-0.00359,0.00022,-0.00120,0.60358,-0.79621,-0.03985,0.01268,
1540589236020540416,-0.00359,-0.00253,-0.00055,0.60399,-0.79582,-0.04116,0.01324,
1540589236055199232,-0.00211,-0.00408,-0.00083,0.60427,-0.79554,-0.04214,0.01435,
1540589236086921472,-0.00116,-0.00411,-0.00148,0.60442,-0.79536,-0.04297,0.01521,
1540589236120902400,0.00034,-0.00667,0.00067,0.60451,-0.79523,-0.04383,0.01615,
1540589236154201600,0.00401,-0.00528,-0.00030,0.60469,-0.79507,-0.04359,0.01789,
1540589236188773376,0.00401,-0.00528,-0.00030,0.60469,-0.79507,-0.04359,0.01789,
1540589236222176512,0.00233,-0.00317,-0.00091,0.60479,-0.79500,-0.04329,0.01797,
1540589236254740736,0.00265,-0.00004,-0.00069,0.60473,-0.79509,-0.04215,0.01884,
1540589236288848640,0.00311,0.00214,-0.00015,0.60485,-0.79505,-0.04090,0.01959,
1540589236322145536,0.00311,0.00214,-0.00015,0.60485,-0.79505,-0.04090,0.01959,
1540589236356082688,0.00311,0.00214,-0.00015,0.60485,-0.79505,-0.04090,0.01959,
1540589236389807104,0.00332,0.00532,-0.00164,0.60499,-0.79492,-0.04097,0.02011,
1540589236423501568,0.00399,0.00799,-0.00362,0.60524,-0.79469,-0.04164,0.02044,
1540589236456601600,0.00437,0.01076,-0.00493,0.60543,-0.79450,-0.04234,0.02084,
1540589236490526464,0.00532,0.01456,-0.00511,0.60572,-0.79418,-0.04387,0.02133,
1540589236525957888,0.00833,0.01727,-0.00573,0.60638,-0.79352,-0.04642,0.02180,
1540589236557377536,0.01158,0.01742,-0.00421,0.60670,-0.79315,-0.04824,0.02251,
1540589236590940928,0.01591,0.02163,-0.00188,0.60635,-0.79337,-0.04782,0.02484,
1540589236624717568,0.01927,0.02895,-0.00303,0.60638,-0.79331,-0.04699,0.02749,
1540589236658746368,0.02214,0.03258,-0.00264,0.60670,-0.79294,-0.04791,0.02932,
1540589236693145088,0.02845,0.03825,-0.00295,0.60674,-0.79278,-0.04831,0.03205,
1540589236725869312,0.03437,0.04350,-0.00174,0.60669,-0.79272,-0.04865,0.03386,
1540589236762600704,0.03643,0.05126,-0.00282,0.60690,-0.79248,-0.04919,0.03500,
1540589236800341504,0.04233,0.05600,-0.00612,0.60743,-0.79195,-0.04962,0.03714,
1540589236860323072,0.05050,0.06839,-0.00675,0.60742,-0.79178,-0.05249,0.03713,
1540589236893427712,0.05453,0.07475,-0.00716,0.60757,-0.79167,-0.05218,0.03739,
1540589236926866944,0.05762,0.07962,-0.00649,0.60781,-0.79152,-0.05191,0.03687,
1540589236962398464,0.05966,0.08549,-0.00604,0.60780,-0.79164,-0.05043,0.03654,
1540589237031603456,0.05692,0.10038,-0.01251,0.60922,-0.79072,-0.05045,0.03254,
1540589237065607680,0.05552,0.10745,-0.01737,0.61020,-0.78992,-0.05294,0.02981,
1540589237095178240,0.06021,0.11140,-0.01456,0.61045,-0.78967,-0.05495,0.02749,
1540589237131067392,0.06096,0.11824,-0.01276,0.61083,-0.78943,-0.05569,0.02415,
1540589237199416576,0.05879,0.13684,-0.01356,0.61094,-0.78977,-0.05129,0.01974,
1540589237266925568,0.05734,0.15603,-0.00918,0.61019,-0.79041,-0.05245,0.01290,
1540589237313825792,0.05043,0.16780,-0.00870,0.60975,-0.79079,-0.05299,0.00716,
1540589237346558720,0.04935,0.18027,-0.00988,0.60893,-0.79145,-0.05290,0.00342,
1540589237379258368,0.04538,0.19334,-0.00928,0.60816,-0.79209,-0.05218,-0.00058,
1540589237412783104,0.04292,0.20592,-0.00897,0.60752,-0.79265,-0.05101,-0.00445,
1540589237445710080,0.04360,0.21551,-0.00580,0.60692,-0.79325,-0.04842,-0.00771,
1540589237479397888,0.03947,0.22876,-0.00299,0.60612,-0.79421,-0.04179,-0.01035,
1540589237512957440,0.03554,0.24154,-0.00378,0.60604,-0.79465,-0.03325,-0.01173,
1540589237546441216,0.03514,0.25262,-0.00393,0.60543,-0.79531,-0.02716,-0.01392,
1540589237581576704,0.02886,0.26460,-0.00403,0.60500,-0.79574,-0.02195,-0.01708,
1540589237614524416,0.02549,0.27558,-0.00447,0.60506,-0.79572,-0.01840,-0.01995,
1540589237681429504,0.02063,0.29587,-0.00447,0.60499,-0.79578,-0.01008,-0.02479,
1540589237712945408,0.01755,0.30628,-0.00393,0.60458,-0.79610,-0.00455,-0.02615,
1540589237746841088,0.01572,0.31360,0.00009,0.60436,-0.79621,-0.00171,-0.02826,
1540589237780020224,0.01146,0.32057,0.00204,0.60417,-0.79628,0.00072,-0.03005,
1540589237813471744,0.00880,0.33236,0.00123,0.60357,-0.79669,0.00284,-0.03121,
1540589237846724608,0.00603,0.34593,-0.00058,0.60357,-0.79664,0.00387,-0.03250,
1540589237880491264,0.00213,0.35540,-0.00313,0.60452,-0.79587,0.00378,-0.03368,
1540589237912950784,0.00074,0.36367,-0.00601,0.60495,-0.79552,0.00331,-0.03434,
1540589237946726912,-0.00206,0.37577,-0.00819,0.60511,-0.79539,0.00406,-0.03425,
1540589237979668480,-0.00591,0.38797,-0.01029,0.60623,-0.79457,0.00337,-0.03374,
1540589238013103360,-0.00552,0.39639,-0.01218,0.60727,-0.79379,-0.00024,-0.03349,
1540589238046237440,-0.00631,0.41051,-0.01295,0.60769,-0.79347,-0.00284,-0.03317,
1540589238079576064,-0.00770,0.42206,-0.01161,0.60880,-0.79269,-0.00431,-0.03159,
1540589238112950784,-0.00723,0.43500,-0.01211,0.60951,-0.79220,-0.00663,-0.02963,
1540589238146460160,-0.00765,0.45066,-0.01043,0.60946,-0.79227,-0.00902,-0.02812,
1540589238179346176,-0.00637,0.46682,-0.00901,0.60976,-0.79212,-0.01004,-0.02544,
1540589238213159424,-0.00476,0.48227,-0.00967,0.61000,-0.79205,-0.00938,-0.02169,
1540589238247464704,-0.00582,0.49895,-0.00877,0.60971,-0.79238,-0.00813,-0.01779,
1540589238279981824,-0.00574,0.51352,-0.00473,0.60933,-0.79275,-0.00863,-0.01362,
1540589238315354624,-0.00593,0.52804,-0.00177,0.60884,-0.79311,-0.01325,-0.01058,
1540589238346904576,-0.00529,0.54458,-0.00050,0.60818,-0.79354,-0.01872,-0.00781,
1540589238380107520,-0.00008,0.56291,0.00096,0.60770,-0.79378,-0.02427,-0.00472,
1540589238413184256,0.00244,0.58027,0.00071,0.60744,-0.79391,-0.02669,-0.00059,
1540589238446401536,0.00245,0.59831,0.00015,0.60708,-0.79417,-0.02713,0.00384,
1540589238479712256,0.00398,0.61395,-0.00056,0.60728,-0.79392,-0.02880,0.00833,
1540589238513474816,0.00467,0.62810,-0.00247,0.60727,-0.79375,-0.03213,0.01235,
1540589238546304256,0.00239,0.64191,-0.00291,0.60737,-0.79344,-0.03610,0.01558,
1540589238579753472,0.00408,0.65451,-0.00499,0.60787,-0.79268,-0.04261,0.01819,
1540589238613440768,0.00614,0.66601,-0.00581,0.60798,-0.79217,-0.04915,0.02018,
1540589238647390464,0.00570,0.67781,-0.00337,0.60765,-0.79219,-0.05183,0.02274,
1540589238680140288,0.00692,0.69065,-0.00116,0.60735,-0.79238,-0.05012,0.02719,
1540589238713579776,0.00525,0.70282,-0.00177,0.60728,-0.79251,-0.04620,0.03171,
1540589238748076800,0.00034,0.71714,-0.00149,0.60692,-0.79278,-0.04347,0.03552,
1540589238779902464,-0.00318,0.73011,-0.00380,0.60722,-0.79243,-0.04304,0.03845,
1540589238813409536,-0.00582,0.74345,-0.00798,0.60762,-0.79198,-0.04349,0.04100,
1540589238847228416,-0.01125,0.75652,-0.01089,0.60783,-0.79167,-0.04415,0.04305,
1540589238880925440,-0.01451,0.76649,-0.01035,0.60821,-0.79113,-0.04691,0.04457,
1540589238913392128,-0.01723,0.77645,-0.00984,0.60853,-0.79056,-0.05208,0.04462,
1540589238947247104,-0.01997,0.78893,-0.00812,0.60849,-0.79029,-0.05703,0.04398,
1540589238980877312,-0.01979,0.80220,-0.00642,0.60821,-0.79029,-0.06012,0.04356,
1540589239013812992,-0.02320,0.82034,-0.00719,0.60789,-0.79056,-0.05994,0.04344,
1540589239047441408,-0.02870,0.83716,-0.00685,0.60786,-0.79062,-0.06025,0.04238,
1540589239081126912,-0.03171,0.85271,-0.00595,0.60795,-0.79060,-0.06029,0.04136,
1540589239113194496,-0.03394,0.86898,-0.00471,0.60791,-0.79079,-0.05920,0.03985,
1540589239148308224,-0.04126,0.88508,-0.00246,0.60765,-0.79125,-0.05732,0.03747,
1540589239182998016,-0.04654,0.90094,-0.00214,0.60735,-0.79168,-0.05618,0.03500,
1540589239214217728,-0.04959,0.91818,-0.00047,0.60678,-0.79225,-0.05620,0.03169,
1540589239249849600,-0.05526,0.93689,0.00078,0.60613,-0.79300,-0.05431,0.02832,
1540589239283201024,-0.06079,0.95605,-0.00126,0.60592,-0.79345,-0.05177,0.02483,
1540589239313716224,-0.06276,0.97263,-0.00288,0.60562,-0.79396,-0.04869,0.02189,
1540589239348616960,-0.06957,0.98878,-0.00133,0.60502,-0.79481,-0.04337,0.01880,
1540589239387562240,-0.07803,1.00065,0.00514,0.60442,-0.79558,-0.03835,0.01596,
1540589239419097600,-0.08191,1.01472,0.00765,0.60412,-0.79594,-0.03699,0.01234,
1540589239450342656,-0.08192,1.03104,0.00660,0.60393,-0.79614,-0.03704,0.00825,
1540589239481767168,-0.08288,1.04705,0.00213,0.60412,-0.79615,-0.03396,0.00564,
1540589239515000320,-0.08691,1.06073,0.00006,0.60414,-0.79633,-0.02928,0.00352,
1540589239549638400,-0.09334,1.07090,-0.00230,0.60463,-0.79597,-0.02922,-0.00060,
1540589239583005696,-0.09548,1.08092,-0.00228,0.60477,-0.79574,-0.03199,-0.00481,
1540589239617879040,-0.09331,1.09340,-0.00356,0.60509,-0.79545,-0.03270,-0.00788,
1540589239649955840,-0.09031,1.10594,-0.00444,0.60561,-0.79514,-0.03000,-0.00983,
1540589239682982656,-0.09233,1.11365,-0.00422,0.60614,-0.79489,-0.02472,-0.01131,
1540589239716304128,-0.09251,1.12521,-0.00358,0.60614,-0.79499,-0.02077,-0.01257,
1540589239749701376,-0.09474,1.13960,-0.00634,0.60657,-0.79469,-0.01815,-0.01454,
1540589239787138816,-0.09483,1.15102,-0.00904,0.60732,-0.79411,-0.01679,-0.01662,
1540589239816914432,-0.09044,1.16076,-0.00531,0.60747,-0.79400,-0.01505,-0.01800,
1540589239851422208,-0.08643,1.17321,-0.00624,0.60800,-0.79364,-0.01076,-0.01885,
1540589239884530432,-0.08653,1.18871,-0.00846,0.60835,-0.79342,-0.00471,-0.01930,
1540589239917457408,-0.08805,1.20304,-0.00891,0.60879,-0.79310,0.00004,-0.01931,
1540589239951105280,-0.08865,1.21588,-0.01399,0.60994,-0.79219,0.00078,-0.02037,
1540589239984775680,-0.08931,1.22936,-0.01457,0.61032,-0.79183,-0.00191,-0.02261,
1540589240017880320,-0.08624,1.24212,-0.01482,0.61068,-0.79150,-0.00514,-0.02401,
1540589240053088256,-0.08250,1.25633,-0.01187,0.61051,-0.79156,-0.00833,-0.02536,
1540589240086068480,-0.08057,1.27463,-0.01184,0.61065,-0.79140,-0.01058,-0.02627,
1540589240119027456,-0.07674,1.28973,-0.01277,0.61113,-0.79102,-0.01165,-0.02574,
1540589240153296896,-0.07246,1.30682,-0.01561,0.61128,-0.79092,-0.01265,-0.02510,
1540589240186920448,-0.07252,1.32262,-0.01658,0.61106,-0.79105,-0.01453,-0.02518,
1540589240220876032,-0.06967,1.33915,-0.01268,0.61043,-0.79148,-0.01784,-0.02483,
1540589240253707264,-0.06105,1.35538,-0.01225,0.61036,-0.79151,-0.02016,-0.02371,
1540589240287668736,-0.05636,1.36815,-0.00760,0.60975,-0.79202,-0.01976,-0.02275,
1540589240320856576,-0.05617,1.38355,-0.00342,0.60896,-0.79276,-0.01695,-0.02044,
1540589240354121472,-0.05228,1.39940,-0.00171,0.60868,-0.79307,-0.01530,-0.01743,
1540589240388461312,-0.04778,1.41399,-0.00028,0.60848,-0.79326,-0.01556,-0.01566,
1540589240422324736,-0.04594,1.43120,-0.00403,0.60843,-0.79334,-0.01496,-0.01373,
1540589240454900224,-0.04455,1.44794,-0.00569,0.60849,-0.79337,-0.01400,-0.01072,
1540589240489062400,-0.04208,1.46290,-0.00893,0.60911,-0.79284,-0.01735,-0.00960,
1540589240522104832,-0.04076,1.47580,-0.01161,0.60953,-0.79238,-0.02236,-0.00971,
1540589240556095744,-0.03515,1.49237,-0.01094,0.60932,-0.79246,-0.02590,-0.00862,
1540589240589627392,-0.02881,1.50773,-0.01058,0.60970,-0.79222,-0.02483,-0.00594,
1540589240623346688,-0.02898,1.51986,-0.01031,0.61015,-0.79198,-0.02196,-0.00388,
1540589240656776448,-0.03019,1.53172,-0.01083,0.61018,-0.79203,-0.01942,-0.00164,
1540589240690065408,-0.03254,1.54786,-0.01017,0.61013,-0.79206,-0.01956,-0.00059,
1540589240724116224,-0.03499,1.55994,-0.01431,0.61094,-0.79134,-0.02319,-0.00104,
1540589240757848832,-0.03267,1.57206,-0.01513,0.61095,-0.79118,-0.02789,-0.00162,
1540589240792297728,-0.03450,1.58799,-0.01064,0.61059,-0.79136,-0.03033,-0.00235,
1540589240824477440,-0.03826,1.60013,-0.00918,0.61102,-0.79101,-0.03073,-0.00194,
1540589240858082560,-0.04061,1.61349,-0.01045,0.61103,-0.79093,-0.03269,-0.00189,
1540589240892882944,-0.04395,1.63320,-0.01052,0.61040,-0.79131,-0.03531,-0.00247,
1540589240925853696,-0.04780,1.64954,-0.01068,0.61066,-0.79108,-0.03599,-0.00191,
1540589240959696384,-0.05049,1.66506,-0.01167,0.61108,-0.79072,-0.03676,-0.00128,
1540589240993433600,-0.05448,1.68117,-0.01171,0.61104,-0.79071,-0.03746,-0.00098,
1540589241028135168,-0.05784,1.70033,-0.01135,0.61095,-0.79085,-0.03600,0.00068,
1540589241060939008,-0.06113,1.71718,-0.01330,0.61128,-0.79069,-0.03377,0.00247,
1540589241093857792,-0.06874,1.73457,-0.01224,0.61109,-0.79086,-0.03316,0.00308,
1540589241126898432,-0.07629,1.75186,-0.01267,0.61120,-0.79072,-0.03438,0.00370,
1540589241160711424,-0.08048,1.76716,-0.01178,0.61103,-0.79071,-0.03744,0.00417,
1540589241194246912,-0.08802,1.78314,-0.01263,0.61057,-0.79078,-0.04308,0.00312,
1540589241227657728,-0.09800,1.80207,-0.01383,0.60997,-0.79087,-0.04957,0.00187,
1540589241262609408,-0.10082,1.82022,-0.01426,0.60959,-0.79059,-0.05803,0.00057,
1540589241294873088,-0.10052,1.83710,-0.01373,0.60925,-0.79032,-0.06488,-0.00100,
1540589241329644032,-0.10290,1.85293,-0.00849,0.60871,-0.79070,-0.06535,-0.00071,
1540589241364478976,-0.10806,1.87124,-0.00667,0.60844,-0.79124,-0.06105,0.00135,
1540589241396778496,-0.11430,1.88888,-0.00697,0.60856,-0.79146,-0.05681,0.00323,
1540589241429762048,-0.12225,1.90642,-0.00963,0.60891,-0.79147,-0.05272,0.00533,
1540589241463033856,-0.12944,1.92142,-0.01313,0.60925,-0.79130,-0.05112,0.00707,
1540589241497231104,-0.13583,1.93834,-0.01242,0.60905,-0.79135,-0.05252,0.00788,
1540589241531300864,-0.13816,1.95368,-0.01249,0.60946,-0.79079,-0.05610,0.00829,
1540589241565159424,-0.13677,1.96832,-0.01078,0.60938,-0.79077,-0.05682,0.01019,
1540589241597750528,-0.13746,1.98321,-0.00709,0.60909,-0.79113,-0.05447,0.01267,
1540589241631351296,-0.14094,1.99694,-0.00543,0.60903,-0.79129,-0.05219,0.01462,
1540589241665432064,-0.14268,2.01329,-0.00398,0.60856,-0.79173,-0.05038,0.01694,
1540589241699064064,-0.14289,2.03394,-0.00575,0.60855,-0.79178,-0.04889,0.01900,
1540589241732445440,-0.14561,2.05117,-0.00887,0.60911,-0.79137,-0.04809,0.02006,
1540589241765498880,-0.14646,2.06732,-0.01143,0.60949,-0.79107,-0.04765,0.02138,
1540589241815977216,-0.14537,2.08502,-0.00926,0.60953,-0.79093,-0.04936,0.02170,
1540589241849012736,-0.14754,2.10565,-0.01447,0.61048,-0.79005,-0.05179,0.02128,
1540589241882144768,-0.14840,2.12595,-0.01649,0.61053,-0.78985,-0.05416,0.02121,
1540589241915063552,-0.14483,2.14415,-0.01504,0.61075,-0.78958,-0.05569,0.02113,
1540589241948863232,-0.14300,2.16283,-0.01432,0.61110,-0.78947,-0.05295,0.02207,
1540589241981799424,-0.14149,2.18362,-0.01397,0.61066,-0.79000,-0.04943,0.02366,
1540589242015082752,-0.14046,2.20385,-0.01521,0.61059,-0.79009,-0.04859,0.02420,
1540589242048986624,-0.13897,2.22045,-0.01514,0.61002,-0.79029,-0.05329,0.02205,
1540589242082176512,-0.13920,2.24170,-0.01346,0.60913,-0.79051,-0.06087,0.01883,
1540589242115938816,-0.13387,2.25743,-0.00861,0.60899,-0.79017,-0.06695,0.01663,
1540589242149183488,-0.12853,2.27429,-0.00688,0.60803,-0.79084,-0.06814,0.01491,
1540589242182253568,-0.12790,2.29821,-0.00858,0.60719,-0.79161,-0.06700,0.01344,
1540589242216769536,-0.12757,2.31894,-0.01135,0.60783,-0.79117,-0.06662,0.01272,
1540589242249531136,-0.12362,2.33510,-0.01323,0.60853,-0.79048,-0.06870,0.01076,
1540589242283766528,-0.12092,2.35201,-0.01420,0.60842,-0.79047,-0.07010,0.00828,
1540589242315276032,-0.11830,2.37202,-0.01425,0.60823,-0.79064,-0.07003,0.00676,
1540589242348592128,-0.11587,2.38717,-0.01541,0.60895,-0.79007,-0.07031,0.00477,
1540589242382638336,-0.11239,2.40292,-0.01472,0.60881,-0.79038,-0.06814,0.00401,
1540589242415541248,-0.11276,2.42045,-0.01236,0.60881,-0.79071,-0.06425,0.00358,
1540589242449319168,-0.11299,2.43716,-0.01782,0.60955,-0.79017,-0.06385,0.00186,
1540589242483356160,-0.11167,2.45353,-0.01909,0.60964,-0.79002,-0.06488,-0.00021,
1540589242518429184,-0.11064,2.46946,-0.01997,0.61075,-0.78917,-0.06480,-0.00169,
1540589242548924416,-0.10859,2.48366,-0.02150,0.61147,-0.78869,-0.06382,-0.00266,
1540589242583023360,-0.10790,2.50199,-0.02643,0.61186,-0.78861,-0.06091,-0.00313,
1540589242617282560,-0.10882,2.52037,-0.02781,0.61277,-0.78815,-0.05761,-0.00321,
1540589242648989952,-0.10954,2.53648,-0.03278,0.61408,-0.78733,-0.05492,-0.00340,
1540589242682119936,-0.10870,2.54757,-0.02990,0.61468,-0.78698,-0.05302,-0.00383,
1540589242715808000,-0.10932,2.56265,-0.02668,0.61500,-0.78703,-0.04858,-0.00320,
1540589242749802752,-0.11293,2.57974,-0.02837,0.61545,-0.78692,-0.04432,-0.00281,
1540589242782835968,-0.11901,2.59705,-0.02796,0.61522,-0.78714,-0.04359,-0.00361,
1540589242816449792,-0.12273,2.61448,-0.02986,0.61499,-0.78716,-0.04616,-0.00504,
1540589242850548480,-0.12600,2.63078,-0.02572,0.61394,-0.78771,-0.05031,-0.00749,
1540589242883000832,-0.12956,2.64919,-0.02379,0.61312,-0.78824,-0.05183,-0.00886,
1540589242915982848,-0.13345,2.66889,-0.02493,0.61253,-0.78873,-0.05123,-0.00950,
1540589242948998656,-0.13854,2.68847,-0.02687,0.61219,-0.78904,-0.05025,-0.01054,
1540589242982579456,-0.14356,2.70563,-0.02633,0.61210,-0.78913,-0.04963,-0.01189,
1540589243016593664,-0.14964,2.71946,-0.02477,0.61222,-0.78911,-0.04824,-0.01294,
1540589243050098432,-0.15497,2.73526,-0.02239,0.61177,-0.78955,-0.04650,-0.01386,
1540589243082687744,-0.16049,2.75219,-0.02039,0.61154,-0.78982,-0.04458,-0.01471,
1540589243115740160,-0.16795,2.77000,-0.02019,0.61161,-0.78990,-0.04185,-0.01519,
1540589243149684480,-0.17210,2.78510,-0.01983,0.61170,-0.79001,-0.03857,-0.01496,
1540589243182534656,-0.17714,2.80023,-0.01687,0.61144,-0.79038,-0.03499,-0.01466,
1540589243218095616,-0.18602,2.81351,-0.01364,0.61081,-0.79101,-0.03192,-0.01425,
1540589243249596928,-0.19097,2.83026,-0.01290,0.61026,-0.79138,-0.03309,-0.01435,
1540589243283015424,-0.19356,2.84741,-0.01138,0.61000,-0.79148,-0.03530,-0.01477,
1540589243316376320,-0.19430,2.86770,-0.01846,0.61043,-0.79123,-0.03404,-0.01354,
1540589243349626112,-0.19708,2.88133,-0.01690,0.61027,-0.79154,-0.03014,-0.01140,
1540589243383393024,-0.20367,2.89550,-0.01614,0.61063,-0.79141,-0.02679,-0.00908,
1540589243416746496,-0.20831,2.90877,-0.01767,0.61144,-0.79081,-0.02681,-0.00719,
1540589243449990144,-0.20791,2.92160,-0.02093,0.61224,-0.79013,-0.02885,-0.00565,
1540589243483929856,-0.20947,2.93456,-0.01818,0.61233,-0.79001,-0.03028,-0.00418,
1540589243517998592,-0.21187,2.95354,-0.02234,0.61327,-0.78924,-0.03156,-0.00228,
1540589243549416192,-0.21403,2.96548,-0.02165,0.61411,-0.78854,-0.03270,-0.00030,
1540589243583184128,-0.21372,2.98093,-0.02028,0.61425,-0.78837,-0.03421,0.00182,
1540589243617168128,-0.21262,3.00197,-0.01926,0.61412,-0.78844,-0.03474,0.00384,
1540589243650523648,-0.20786,3.02256,-0.02135,0.61457,-0.78824,-0.03010,0.00853,
1540589243683517184,-0.20863,3.04125,-0.02251,0.61450,-0.78849,-0.02141,0.01435,
1540589243716573440,-0.21216,3.05739,-0.01727,0.61389,-0.78901,-0.01510,0.01925,
1540589243749953792,-0.21672,3.07199,-0.01520,0.61367,-0.78911,-0.01490,0.02217,
1540589243784041472,-0.21766,3.08933,-0.01691,0.61314,-0.78935,-0.02204,0.02252,
1540589243818405120,-0.21593,3.10905,-0.01105,0.61229,-0.78971,-0.03091,0.02244,
1540589243850504448,-0.21680,3.12482,-0.01471,0.61286,-0.78893,-0.03890,0.02189,
1540589243885106432,-0.20895,3.14380,-0.01414,0.61239,-0.78881,-0.04801,0.02113,
1540589243917645568,-0.20105,3.16625,-0.01101,0.61191,-0.78898,-0.05114,0.02145,
1540589243952637696,-0.19740,3.18479,-0.01384,0.61263,-0.78855,-0.04826,0.02342,
1540589243984729088,-0.19639,3.20239,-0.01585,0.61276,-0.78863,-0.04384,0.02586,
1540589244020015872,-0.19598,3.21767,-0.01470,0.61258,-0.78883,-0.04175,0.02721,
1540589244053465088,-0.19634,3.23070,-0.00865,0.61214,-0.78911,-0.04323,0.02690,
1540589244084888576,-0.19519,3.24816,-0.00999,0.61197,-0.78905,-0.04758,0.02525,
1540589244117516544,-0.19206,3.26427,-0.00963,0.61184,-0.78888,-0.05295,0.02269,
1540589244152007424,-0.18641,3.28091,-0.00344,0.61121,-0.78918,-0.05664,0.02037,
1540589244185099520,-0.18059,3.30258,-0.00940,0.61141,-0.78908,-0.05625,0.01902,
1540589244218956800,-0.17915,3.32126,-0.01431,0.61159,-0.78921,-0.05274,0.01789,
1540589244251702528,-0.17941,3.33645,-0.01360,0.61157,-0.78946,-0.04959,0.01676,
1540589244286419200,-0.17988,3.34991,-0.01145,0.61173,-0.78945,-0.04835,0.01478,
1540589244320791552,-0.17784,3.36436,-0.01338,0.61197,-0.78929,-0.04865,0.01207,
1540589244352818944,-0.17555,3.38222,-0.01182,0.61152,-0.78976,-0.04716,0.00976,
1540589244386855168,-0.17159,3.39685,-0.01111,0.61155,-0.78993,-0.04406,0.00825,
1540589244419712000,-0.17256,3.41285,-0.01088,0.61135,-0.79034,-0.03963,0.00650,
1540589244455014144,-0.17437,3.43296,-0.01534,0.61136,-0.79051,-0.03614,0.00466,
1540589244487429120,-0.17318,3.45070,-0.01887,0.61166,-0.79033,-0.03539,0.00213,
1540589244523397120,-0.17483,3.46515,-0.01673,0.61161,-0.79034,-0.03586,-0.00209,
1540589244554430464,-0.17096,3.48247,-0.01853,0.61188,-0.79018,-0.03457,-0.00438,
1540589244587537920,-0.16659,3.49577,-0.01483,0.61171,-0.79039,-0.03234,-0.00673,
1540589244622229248,-0.16540,3.51450,-0.01695,0.61163,-0.79058,-0.02849,-0.00950,
1540589244655240960,-0.16549,3.53040,-0.01618,0.61139,-0.79094,-0.02225,-0.01117,
1540589244688968704,-0.17092,3.53912,-0.00600,0.61036,-0.79184,-0.01683,-0.01320,
1540589244721921792,-0.17326,3.55963,-0.00900,0.60935,-0.79259,-0.01554,-0.01586,
1540589244755660288,-0.17385,3.57817,-0.00840,0.60816,-0.79339,-0.01690,-0.01956,
1540589244789381376,-0.17264,3.59347,-0.00157,0.60684,-0.79425,-0.01856,-0.02369,
1540589244825213440,-0.17103,3.61179,-0.00369,0.60634,-0.79452,-0.01805,-0.02740,
1540589244857633536,-0.16757,3.62850,-0.00315,0.60570,-0.79501,-0.01460,-0.02961,
1540589244890179584,-0.17088,3.64460,0.00108,0.60494,-0.79560,-0.00833,-0.03161,
1540589244923769856,-0.17676,3.65954,0.00165,0.60478,-0.79567,-0.00305,-0.03378,
1540589244957669888,-0.17965,3.67305,0.00239,0.60441,-0.79585,-0.00102,-0.03619,
1540589244990680064,-0.18489,3.69005,-0.00134,0.60404,-0.79600,-0.00023,-0.03906,
1540589245024803072,-0.19011,3.70512,-0.00255,0.60373,-0.79611,-0.00008,-0.04142,
1540589245058282496,-0.19232,3.71744,-0.00642,0.60372,-0.79598,-0.00215,-0.04389,
1540589245092471040,-0.19376,3.73289,-0.00601,0.60313,-0.79633,-0.00344,-0.04560,
1540589245124940544,-0.19443,3.74737,-0.00688,0.60349,-0.79603,-0.00298,-0.04612,
1540589245159233280,-0.19498,3.75871,-0.01044,0.60426,-0.79544,-0.00175,-0.04625,
1540589245192658432,-0.19752,3.77103,-0.00970,0.60433,-0.79540,0.00002,-0.04600,
1540589245225949440,-0.20039,3.78368,-0.00996,0.60485,-0.79507,0.00191,-0.04506,
1540589245259755520,-0.20077,3.79497,-0.01080,0.60559,-0.79454,0.00233,-0.04427,
1540589245294254080,-0.20161,3.80725,-0.01037,0.60585,-0.79439,0.00303,-0.04340,
1540589245327215360,-0.20332,3.82126,-0.00762,0.60596,-0.79439,0.00479,-0.04173,
1540589245362088448,-0.20396,3.83374,-0.00509,0.60644,-0.79412,0.00627,-0.03958,
1540589245394125824,-0.20546,3.85067,-0.00833,0.60714,-0.79367,0.00676,-0.03777,
1540589245427622144,-0.20972,3.86681,-0.01065,0.60789,-0.79319,0.00674,-0.03577,
1540589245462037504,-0.21006,3.88466,-0.01443,0.60894,-0.79250,0.00451,-0.03336,
1540589245495260160,-0.20576,3.90108,-0.01709,0.61002,-0.79176,0.00071,-0.03139,
1540589245528697344,-0.20225,3.91601,-0.01604,0.61080,-0.79129,0.00071,-0.02785,
1540589245562636544,-0.20327,3.93023,-0.01361,0.61124,-0.79109,0.00316,-0.02351,
1540589245596168192,-0.20453,3.94554,-0.01456,0.61146,-0.79104,0.00418,-0.01883,
1540589245629997312,-0.20502,3.96020,-0.01514,0.61111,-0.79140,0.00103,-0.01516,
1540589245663261696,-0.20439,3.97488,-0.01131,0.61015,-0.79215,-0.00706,-0.01305,
1540589245697024512,-0.20405,3.99130,-0.00616,0.60944,-0.79259,-0.01602,-0.01171,
1540589245730745088,-0.19464,4.00920,-0.00711,0.60900,-0.79279,-0.02290,-0.00873,
1540589245764380928,-0.18943,4.02834,-0.00370,0.60810,-0.79344,-0.02533,-0.00554,
1540589245798321664,-0.18762,4.04548,-0.00348,0.60801,-0.79355,-0.02467,-0.00168,
1540589245830731008,-0.18968,4.05711,-0.00089,0.60799,-0.79360,-0.02325,0.00219,
1540589245864448000,-0.18868,4.07460,-0.00286,0.60792,-0.79363,-0.02356,0.00620,
1540589245898460672,-0.18863,4.09514,-0.00880,0.60827,-0.79323,-0.02677,0.00846,
1540589245931982848,-0.19293,4.10541,-0.00872,0.60869,-0.79275,-0.03097,0.00988,
1540589245966797568,-0.19101,4.11753,-0.00871,0.60856,-0.79255,-0.03740,0.01156,
1540589246001677312,-0.18994,4.12930,0.00043,0.60778,-0.79273,-0.04516,0.01202,
1540589246037689600,-0.18754,4.14501,-0.00033,0.60795,-0.79224,-0.05066,0.01355,
1540589246104097792,-0.18700,4.17704,-0.00287,0.60764,-0.79248,-0.04831,0.02006,
1540589246133296128,-0.18951,4.18999,-0.00106,0.60778,-0.79249,-0.04485,0.02363,
1540589246167776000,-0.19335,4.20144,0.00135,0.60778,-0.79253,-0.04239,0.02665,
1540589246201248768,-0.20039,4.21718,0.00202,0.60753,-0.79267,-0.04188,0.02885,
1540589246234724096,-0.20494,4.23830,-0.00324,0.60805,-0.79207,-0.04415,0.03066,
1540589246269040384,-0.20550,4.25357,-0.00831,0.60897,-0.79113,-0.04741,0.03187,
1540589246301940480,-0.20895,4.26813,-0.00730,0.60913,-0.79088,-0.04884,0.03291,
1540589246353177344,-0.21142,4.28353,-0.00542,0.60907,-0.79082,-0.04881,0.03551,
1540589246384544256,-0.21868,4.30268,-0.00827,0.60939,-0.79043,-0.05103,0.03555,
1540589246418478592,-0.22619,4.31796,-0.00753,0.60940,-0.79021,-0.05440,0.03513,
1540589246452913664,-0.23319,4.33601,-0.00839,0.60934,-0.79001,-0.05804,0.03489,
1540589246520372224,-0.24737,4.36954,-0.00900,0.60907,-0.78966,-0.06665,0.03209,
1540589246551474432,-0.25209,4.38557,-0.00586,0.60864,-0.78982,-0.06877,0.03184,
1540589246585327360,-0.25566,4.40299,-0.00264,0.60781,-0.79042,-0.06972,0.03063,
1540589246618901760,-0.26200,4.42235,0.00097,0.60663,-0.79159,-0.06667,0.03049,
1540589246651983872,-0.26592,4.44495,0.00041,0.60569,-0.79261,-0.06262,0.03130,
1540589246685318144,-0.27154,4.46604,0.00028,0.60501,-0.79344,-0.05873,0.03099,
1540589246718267904,-0.27703,4.48609,0.00068,0.60438,-0.79423,-0.05466,0.03060,
1540589246752554496,-0.27928,4.50440,0.00353,0.60385,-0.79498,-0.04909,0.03105,
1540589246785159680,-0.28482,4.52361,0.00502,0.60355,-0.79562,-0.04189,0.03107,
1540589246819081728,-0.29045,4.54011,0.00555,0.60353,-0.79595,-0.03513,0.03114,
1540589246852399104,-0.29292,4.55882,0.00397,0.60326,-0.79638,-0.02965,0.03127,
1540589246886006528,-0.29825,4.57256,0.00532,0.60303,-0.79673,-0.02491,0.03073,
1540589246918814720,-0.30439,4.58731,0.00531,0.60262,-0.79713,-0.02460,0.02881,
1540589246953528576,-0.30825,4.60154,0.00948,0.60236,-0.79728,-0.02852,0.02618,
1540589246984946432,-0.30719,4.61715,0.00918,0.60246,-0.79718,-0.03087,0.02433,
1540589247018923008,-0.30792,4.63190,0.00757,0.60243,-0.79734,-0.02760,0.02357,
1540589247051957248,-0.30973,4.64769,0.00807,0.60227,-0.79763,-0.02203,0.02411,
1540589247085175040,-0.31309,4.66157,0.00803,0.60260,-0.79747,-0.01821,0.02414,
1540589247118672896,-0.31556,4.67648,0.00620,0.60298,-0.79723,-0.01799,0.02287,
1540589247151715840,-0.31680,4.69169,0.00466,0.60347,-0.79688,-0.01865,0.02153,
1540589247185076224,-0.31889,4.70778,0.00090,0.60428,-0.79627,-0.02050,0.01952,
1540589247218781696,-0.32062,4.72336,-0.00278,0.60535,-0.79543,-0.02305,0.01751,
1540589247252198656,-0.32000,4.73942,-0.00545,0.60621,-0.79476,-0.02464,0.01619,
1540589247285465856,-0.32080,4.75561,-0.00768,0.60720,-0.79401,-0.02524,0.01485,
1540589247319569920,-0.32147,4.77192,-0.00853,0.60817,-0.79325,-0.02620,0.01370,
1540589247352423424,-0.32008,4.78898,-0.00980,0.60902,-0.79258,-0.02704,0.01307,
1540589247385533440,-0.31922,4.80699,-0.01078,0.60947,-0.79222,-0.02797,0.01217,
1540589247419140864,-0.31876,4.82579,-0.01023,0.60960,-0.79207,-0.02980,0.01146,
1540589247451954432,-0.31738,4.84837,-0.01309,0.60966,-0.79190,-0.03300,0.01063,
1540589247485277696,-0.31020,4.86671,-0.01005,0.60951,-0.79187,-0.03667,0.01000,
1540589247518610688,-0.30464,4.88783,-0.00553,0.60897,-0.79229,-0.03632,0.01027,
1540589247552856320,-0.29892,4.91004,-0.00308,0.60807,-0.79313,-0.03249,0.01218,
1540589247585467648,-0.29510,4.93492,-0.00526,0.60764,-0.79355,-0.02959,0.01340,
1540589247619066368,-0.29136,4.95598,-0.00235,0.60718,-0.79393,-0.02832,0.01419,
1540589247653022976,-0.28613,4.97762,-0.00568,0.60727,-0.79383,-0.02949,0.01372,
1540589247685640192,-0.28123,4.99699,-0.00374,0.60704,-0.79398,-0.03068,0.01291,
1540589247718881536,-0.27572,5.01888,-0.00690,0.60754,-0.79360,-0.03062,0.01260,
1540589247752427264,-0.27013,5.03629,-0.00693,0.60797,-0.79332,-0.02954,0.01234,
1540589247785415936,-0.26696,5.05294,-0.00632,0.60818,-0.79319,-0.02880,0.01124,
1540589247819129088,-0.26656,5.06921,-0.00887,0.60832,-0.79305,-0.03080,0.00867,
1540589247852137472,-0.26546,5.08648,-0.00751,0.60811,-0.79308,-0.03438,0.00610,
1540589247885576704,-0.26100,5.10208,-0.00913,0.60852,-0.79259,-0.03866,0.00304,
1540589247919763968,-0.25970,5.11654,-0.01120,0.60852,-0.79255,-0.03957,0.00073,
1540589247953156608,-0.26000,5.13436,-0.01328,0.60858,-0.79258,-0.03804,-0.00029,
1540589247985671424,-0.25830,5.14962,-0.01680,0.60947,-0.79195,-0.03689,-0.00113,
1540589248020466944,-0.25961,5.16395,-0.01944,0.61030,-0.79138,-0.03517,-0.00196,
1540589248053114880,-0.26165,5.17781,-0.02007,0.61088,-0.79099,-0.03396,-0.00227,
1540589248087295232,-0.26273,5.19440,-0.02172,0.61149,-0.79048,-0.03484,-0.00274,
1540589248121682688,-0.26267,5.21225,-0.02167,0.61195,-0.79004,-0.03663,-0.00334,
1540589248152336896,-0.26300,5.22871,-0.02320,0.61280,-0.78936,-0.03710,-0.00322,
1540589248185887744,-0.26381,5.24623,-0.02270,0.61315,-0.78909,-0.03703,-0.00275,
1540589248220185856,-0.26736,5.26717,-0.02409,0.61363,-0.78869,-0.03759,-0.00260,
1540589248252447488,-0.27242,5.28523,-0.02627,0.61436,-0.78804,-0.03930,-0.00268,
1540589248286140160,-0.27476,5.30407,-0.02690,0.61459,-0.78768,-0.04284,-0.00305,
1540589248320223488,-0.27628,5.32374,-0.02489,0.61434,-0.78770,-0.04586,-0.00334,
1540589248352724224,-0.28009,5.34431,-0.02409,0.61416,-0.78770,-0.04819,-0.00370,
1540589248387191808,-0.28282,5.36536,-0.02335,0.61376,-0.78798,-0.04882,-0.00314,
1540589248422010880,-0.28382,5.38507,-0.01817,0.61293,-0.78875,-0.04674,-0.00143,
1540589248453153024,-0.28981,5.40253,-0.01797,0.61219,-0.78951,-0.04344,0.00019,
1540589248488371200,-0.30010,5.42278,-0.01434,0.61052,-0.79084,-0.04288,0.00099,
1540589248524047616,-0.30608,5.44452,-0.01216,0.60947,-0.79144,-0.04666,0.00099,
1540589248556057856,-0.30810,5.46344,-0.01206,0.60940,-0.79123,-0.05081,0.00038,
1540589248588919296,-0.30863,5.48156,-0.01645,0.60953,-0.79108,-0.05161,0.00071,
1540589248621640192,-0.31001,5.49800,-0.01066,0.60917,-0.79168,-0.04630,0.00349,
1540589248653800192,-0.31484,5.51151,-0.01247,0.60970,-0.79170,-0.03745,0.00783,
1540589248687608832,-0.32432,5.52248,-0.01330,0.60971,-0.79187,-0.03304,0.01019,
1540589248721193472,-0.33275,5.53783,-0.01055,0.60902,-0.79232,-0.03477,0.01103,
1540589248754630144,-0.33470,5.55079,-0.00637,0.60888,-0.79217,-0.04024,0.01105,
1540589248787241472,-0.33517,5.56650,-0.00827,0.60893,-0.79194,-0.04365,0.01134,
1540589248821949440,-0.33448,5.58182,-0.00597,0.60856,-0.79222,-0.04342,0.01283,
1540589248854837248,-0.33707,5.59786,-0.00627,0.60866,-0.79229,-0.03968,0.01527,
1540589248889099264,-0.34333,5.61075,-0.00930,0.60921,-0.79200,-0.03583,0.01768,
1540589248922317824,-0.34927,5.62395,-0.01156,0.60953,-0.79176,-0.03507,0.01917,
1540589248955711744,-0.35229,5.63811,-0.01327,0.61005,-0.79126,-0.03665,0.02023,
1540589248992424704,-0.35229,5.65224,-0.01523,0.61076,-0.79058,-0.03903,0.02089,
1540589249023247360,-0.35265,5.66673,-0.01549,0.61136,-0.79004,-0.04021,0.02148,
1540589249056516608,-0.35586,5.68134,-0.01506,0.61181,-0.78968,-0.03985,0.02247,
1540589249092750336,-0.35660,5.70019,-0.01804,0.61263,-0.78900,-0.04001,0.02394,
1540589249124433408,-0.35611,5.71613,-0.01698,0.61341,-0.78832,-0.04087,0.02446,
1540589249158988800,-0.35771,5.73544,-0.01944,0.61407,-0.78779,-0.04096,0.02497,
1540589249190691584,-0.35985,5.75589,-0.01867,0.61435,-0.78757,-0.04041,0.02606,
1540589249224796416,-0.35728,5.77603,-0.02334,0.61509,-0.78694,-0.04046,0.02731,
1540589249258972416,-0.35640,5.79773,-0.02479,0.61514,-0.78688,-0.04073,0.02757,
1540589249295173376,-0.35519,5.81376,-0.01732,0.61471,-0.78723,-0.03951,0.02884,
1540589249325199104,-0.35350,5.83295,-0.01574,0.61426,-0.78758,-0.03878,0.02994,
1540589249359118336,-0.35331,5.85563,-0.01710,0.61346,-0.78813,-0.04054,0.02965,
1540589249393131776,-0.34998,5.87768,-0.01255,0.61235,-0.78887,-0.04283,0.02958,
1540589249425841920,-0.34478,5.89483,-0.00953,0.61176,-0.78928,-0.04348,0.02990,
1540589249460224256,-0.34431,5.91277,-0.00773,0.61074,-0.79006,-0.04368,0.02976,
1540589249493300736,-0.34568,5.93303,-0.00707,0.60976,-0.79070,-0.04648,0.02878,
1540589249526811392,-0.34217,5.95121,-0.00512,0.60943,-0.79070,-0.05145,0.02726,
1540589249560237568,-0.33376,5.97087,-0.00739,0.60984,-0.79013,-0.05621,0.02526,
1540589249593773568,-0.32755,5.98977,-0.01060,0.61018,-0.78998,-0.05470,0.02504,
1540589249627414272,-0.32380,6.00433,-0.01061,0.61028,-0.79018,-0.05008,0.02581,
1540589249662172928,-0.32750,6.01768,-0.01166,0.61049,-0.79021,-0.04715,0.02553,
1540589249694650368,-0.32720,6.03142,-0.01248,0.61078,-0.78985,-0.05018,0.02354,
1540589249729110272,-0.32209,6.04694,-0.01145,0.61097,-0.78949,-0.05457,0.02124,
1540589249762228480,-0.31670,6.06221,-0.01448,0.61158,-0.78892,-0.05663,0.01939,
1540589249795418624,-0.31456,6.07592,-0.01529,0.61177,-0.78881,-0.05658,0.01773,
1540589249829481728,-0.31425,6.09509,-0.01916,0.61185,-0.78886,-0.05531,0.01689,
1540589249863252992,-0.31209,6.11224,-0.02187,0.61243,-0.78845,-0.05503,0.01552,
1540589249896803328,-0.30817,6.13022,-0.02372,0.61296,-0.78811,-0.05438,0.01432,
1540589249930014976,-0.30275,6.14767,-0.02570,0.61360,-0.78789,-0.05015,0.01445,
1540589249964520704,-0.30021,6.16320,-0.02588,0.61396,-0.78800,-0.04334,0.01495,
1540589249997396736,-0.29984,6.18015,-0.02501,0.61405,-0.78822,-0.03777,0.01513,
1540589250030481664,-0.29948,6.19619,-0.02401,0.61430,-0.78821,-0.03356,0.01505,
1540589250064905472,-0.29845,6.21381,-0.02286,0.61437,-0.78824,-0.03221,0.01366,
1540589250098150144,-0.29931,6.23398,-0.02518,0.61474,-0.78800,-0.03208,0.01147,
1540589250131770624,-0.29894,6.25329,-0.02661,0.61495,-0.78784,-0.03247,0.00966,
1540589250165640448,-0.30030,6.27228,-0.02540,0.61512,-0.78762,-0.03513,0.00631,
1540589250199213056,-0.30284,6.28904,-0.02490,0.61525,-0.78737,-0.03878,0.00259,
1540589250233281024,-0.30359,6.30782,-0.02492,0.61468,-0.78766,-0.04199,-0.00042,
1540589250266459648,-0.30237,6.33020,-0.02306,0.61374,-0.78823,-0.04480,-0.00321,
1540589250299654400,-0.30239,6.34575,-0.01911,0.61300,-0.78872,-0.04609,-0.00597,
1540589250333633792,-0.30418,6.36748,-0.01391,0.61130,-0.79012,-0.04440,-0.00755,
1540589250367182848,-0.30592,6.38750,-0.00789,0.61017,-0.79115,-0.04130,-0.00817,
1540589250401755136,-0.30964,6.40484,-0.00443,0.60941,-0.79187,-0.03847,-0.00922,
1540589250433793280,-0.31487,6.42465,-0.00376,0.60858,-0.79254,-0.03739,-0.01107,
1540589250467702784,-0.32117,6.44279,-0.00421,0.60828,-0.79276,-0.03710,-0.01251,
1540589250501315328,-0.32474,6.45933,-0.00714,0.60833,-0.79269,-0.03735,-0.01326,
1540589250535177216,-0.32845,6.47716,-0.01039,0.60838,-0.79258,-0.03833,-0.01449,
1540589250569011712,-0.33582,6.49014,-0.01206,0.60867,-0.79231,-0.03918,-0.01520,
1540589250601959424,-0.33902,6.50301,-0.01087,0.60850,-0.79235,-0.04113,-0.01494,
1540589250636154368,-0.33725,6.51835,-0.00597,0.60804,-0.79257,-0.04356,-0.01481,
1540589250669490944,-0.33764,6.53423,-0.00698,0.60822,-0.79257,-0.04148,-0.01327,
1540589250702688768,-0.33909,6.54957,-0.00332,0.60794,-0.79310,-0.03604,-0.01004,
1540589250737557248,-0.34261,6.56359,0.00128,0.60773,-0.79355,-0.03004,-0.00643,
1540589250769777408,-0.34866,6.58219,-0.00106,0.60810,-0.79343,-0.02593,-0.00318,
1540589250805224448,-0.35376,6.59631,-0.00501,0.60874,-0.79297,-0.02504,-0.00019,
1540589250855300608,-0.35073,6.61476,-0.00914,0.60935,-0.79231,-0.03047,0.00188,
1540589250908728832,-0.35949,6.64724,-0.00753,0.61013,-0.79146,-0.03626,0.00498,
1540589250976488960,-0.36431,6.68941,-0.01250,0.61146,-0.79037,-0.03593,0.01169,
1540589251022955520,-0.36126,6.70570,-0.01295,0.61229,-0.78960,-0.03711,0.01600,
1540589251074810880,-0.37344,6.75157,-0.01270,0.61211,-0.78955,-0.03862,0.02117,
1540589251123527168,-0.36701,6.77412,-0.01710,0.61248,-0.78907,-0.03942,0.02621,
1540589251154670080,-0.36794,6.79027,-0.01061,0.61128,-0.78995,-0.03723,0.03037,
1540589251188229888,-0.36969,6.81618,-0.00795,0.60996,-0.79087,-0.03564,0.03474,
1540589251221284864,-0.37143,6.83132,-0.00342,0.60943,-0.79112,-0.03524,0.03848,
1540589251254759680,-0.37172,6.84566,0.00315,0.60750,-0.79237,-0.03625,0.04212,
1540589251287648768,-0.37373,6.86995,0.00393,0.60586,-0.79333,-0.04028,0.04393,
1540589251322827264,-0.37153,6.89077,0.00393,0.60607,-0.79274,-0.04659,0.04543,
1540589251354237952,-0.37278,6.90513,0.00434,0.60599,-0.79248,-0.05087,0.04659,
1540589251387941376,-0.36913,6.92025,0.00588,0.60517,-0.79281,-0.05410,0.04794,
1540589251420941824,-0.37059,6.94037,0.00458,0.60479,-0.79300,-0.05520,0.04838,
1540589251455555584,-0.37320,6.95611,0.00289,0.60502,-0.79270,-0.05688,0.04839,
1540589251487746304,-0.37356,6.97280,-0.00009,0.60500,-0.79262,-0.05802,0.04867,
1540589251521278720,-0.37345,6.98572,0.00344,0.60477,-0.79283,-0.05764,0.04838,
1540589251554850304,-0.37725,7.00150,0.00353,0.60503,-0.79276,-0.05635,0.04787,
1540589251590032384,-0.37962,7.01613,0.00408,0.60518,-0.79267,-0.05654,0.04725,
1540589251622003200,-0.38042,7.03236,0.00490,0.60523,-0.79261,-0.05783,0.04617,
1540589251654836480,-0.38112,7.04963,0.00679,0.60512,-0.79275,-0.05789,0.04502,
1540589251689302528,-0.38174,7.06811,0.00553,0.60504,-0.79307,-0.05376,0.04552,
1540589251721732608,-0.37932,7.08696,0.00401,0.60467,-0.79368,-0.04810,0.04621,
1540589251756363264,-0.38240,7.11014,0.00266,0.60409,-0.79453,-0.03979,0.04704,
1540589251788609024,-0.38578,7.13128,0.00155,0.60432,-0.79463,-0.03183,0.04856,
1540589251822815744,-0.38826,7.14949,-0.00095,0.60507,-0.79421,-0.02757,0.04864,
1540589251857738496,-0.39101,7.16809,-0.00207,0.60547,-0.79401,-0.02719,0.04706,
1540589251890028800,-0.39276,7.18801,-0.00042,0.60581,-0.79381,-0.02828,0.04528,
1540589251921938432,-0.39297,7.20651,0.00175,0.60633,-0.79347,-0.03067,0.04268,
1540589251955085056,-0.39643,7.22515,0.00115,0.60654,-0.79341,-0.03300,0.03903,
1540589251989756160,-0.40126,7.24096,0.00535,0.60542,-0.79433,-0.03520,0.03549,
1540589252022379008,-0.40190,7.26407,0.00809,0.60427,-0.79521,-0.03818,0.03210,
1540589252054706176,-0.40167,7.28205,0.01000,0.60398,-0.79552,-0.03997,0.02757,
1540589252089116416,-0.40430,7.30243,0.00706,0.60324,-0.79638,-0.03577,0.02455,
1540589252122257664,-0.40597,7.32357,0.00605,0.60255,-0.79721,-0.02931,0.02311,
1540589252155292928,-0.40926,7.33826,0.01052,0.60248,-0.79752,-0.02361,0.02059,
1540589252189045760,-0.41300,7.35409,0.00903,0.60266,-0.79759,-0.01882,0.01737,
1540589252222238720,-0.41518,7.36770,0.01070,0.60226,-0.79803,-0.01390,0.01535,
1540589252258238208,-0.42250,7.37948,0.01414,0.60176,-0.79851,-0.01096,0.01186,
1540589252289227520,-0.42281,7.39176,0.01585,0.60155,-0.79869,-0.01278,0.00829,
1540589252321828608,-0.41865,7.40571,0.02007,0.60098,-0.79913,-0.01342,0.00551,
1540589252355068928,-0.41619,7.42399,0.01853,0.60095,-0.79923,-0.00785,0.00446,
1540589252388140544,-0.41624,7.44205,0.01476,0.60111,-0.79915,0.00044,0.00435,
1540589252421611776,-0.41693,7.45917,0.01244,0.60141,-0.79891,0.00548,0.00360,
1540589252455533312,-0.42068,7.47208,0.00920,0.60257,-0.79804,0.00624,0.00150,
1540589252489388544,-0.42180,7.48455,0.00354,0.60397,-0.79700,0.00199,-0.00207,
1540589252522257152,-0.41972,7.49701,0.00190,0.60467,-0.79645,-0.00352,-0.00601,
1540589252555059456,-0.41699,7.51121,0.00148,0.60542,-0.79583,-0.00632,-0.00948,
1540589252588749312,-0.41544,7.52805,-0.00054,0.60637,-0.79510,-0.00290,-0.01056,
1540589252622044928,-0.41558,7.54587,-0.00357,0.60710,-0.79455,0.00276,-0.01052,
1540589252655358464,-0.41996,7.56374,-0.00059,0.60734,-0.79433,0.00788,-0.01053,
1540589252688987392,-0.42252,7.58396,-0.00171,0.60830,-0.79358,0.00963,-0.01079,
1540589252722334976,-0.42276,7.60115,-0.00331,0.60918,-0.79290,0.00986,-0.01082,
1540589252755221504,-0.42527,7.62104,-0.00442,0.60920,-0.79288,0.01016,-0.01044,
1540589252788951040,-0.42716,7.64293,-0.00358,0.60894,-0.79311,0.00879,-0.00940,
1540589252822046208,-0.42763,7.66518,-0.00431,0.60918,-0.79297,0.00578,-0.00831,
1540589252855544832,-0.42604,7.68456,-0.00547,0.60895,-0.79317,0.00169,-0.00700,
1540589252888831744,-0.42422,7.70845,-0.00154,0.60792,-0.79398,-0.00175,-0.00485,
1540589252922513664,-0.42292,7.73055,-0.00024,0.60785,-0.79404,-0.00342,-0.00184,
1540589252958231296,-0.41665,7.74662,0.00195,0.60741,-0.79437,-0.00402,0.00280,
1540589252992788224,-0.41537,7.76968,0.00436,0.60636,-0.79514,-0.00577,0.00610,
1540589253024904704,-0.41540,7.79068,0.00695,0.60647,-0.79502,-0.00769,0.00926,
1540589253059955968,-0.41282,7.80821,0.00236,0.60722,-0.79437,-0.00996,0.01271,
1540589253091222016,-0.41569,7.82695,-0.00046,0.60701,-0.79445,-0.01302,0.01468,
1540589253123011840,-0.41871,7.84548,-0.00324,0.60737,-0.79401,-0.02022,0.01551,
1540589253157223168,-0.42209,7.85907,-0.00338,0.60791,-0.79329,-0.03011,0.01474,
1540589253191949056,-0.41696,7.87315,0.00022,0.60800,-0.79276,-0.04120,0.01343,
1540589253224690176,-0.41567,7.89157,0.00694,0.60759,-0.79274,-0.04727,0.01264,
1540589253261152000,-0.41938,7.90669,0.00820,0.60806,-0.79230,-0.04838,0.01334,
1540589253294793728,-0.42321,7.92811,0.00582,0.60793,-0.79233,-0.04928,0.01435,
1540589253327013632,-0.42644,7.95110,0.00681,0.60792,-0.79224,-0.05078,0.01467,
1540589253361725184,-0.43037,7.97473,-0.00243,0.60916,-0.79118,-0.05224,0.01477,
1540589253391786496,-0.43411,7.99535,-0.00434,0.60946,-0.79091,-0.05282,0.01538,
1540589253424491776,-0.43783,8.01727,-0.00568,0.61004,-0.79043,-0.05305,0.01625,
1540589253458163456,-0.44322,8.03794,-0.00912,0.61102,-0.78956,-0.05461,0.01637,
1540589253491414272,-0.44712,8.05854,-0.00869,0.61135,-0.78916,-0.05678,0.01629,
1540589253525003520,-0.44886,8.08627,-0.01273,0.61189,-0.78864,-0.05790,0.01681,
1540589253558955520,-0.45058,8.11023,-0.01568,0.61278,-0.78799,-0.05711,0.01757,
1540589253592643584,-0.45299,8.12996,-0.01749,0.61322,-0.78772,-0.05611,0.01779,
1540589253627106816,-0.45609,8.15119,-0.01385,0.61217,-0.78864,-0.05458,0.01787,
1540589253660120576,-0.46030,8.17494,-0.00971,0.61062,-0.78993,-0.05347,0.01710,
1540589253693733376,-0.46337,8.19832,-0.00143,0.60896,-0.79133,-0.05204,0.01597,
1540589253726776064,-0.46258,8.22017,0.00592,0.60781,-0.79247,-0.04824,0.01532,
1540589253760263936,-0.46432,8.24654,0.00287,0.60716,-0.79343,-0.04012,0.01503,
1540589253793803264,-0.46956,8.27313,0.00392,0.60623,-0.79465,-0.02797,0.01551,
1540589253827981824,-0.47938,8.29190,0.00629,0.60616,-0.79503,-0.01491,0.01644,
1540589253861380864,-0.48815,8.30319,0.00516,0.60648,-0.79490,-0.00883,0.01558,
1540589253895310080,-0.49836,8.32265,0.00062,0.60623,-0.79514,-0.00964,0.01204,
1540589253929017088,-0.50386,8.33794,0.00344,0.60606,-0.79525,-0.01436,0.00773,
1540589253962294272,-0.50651,8.35267,0.00204,0.60634,-0.79498,-0.01863,0.00399,
1540589253995467008,-0.50820,8.37065,-0.00275,0.60640,-0.79485,-0.02231,0.00001,
1540589254029609728,-0.51278,8.38847,-0.00422,0.60655,-0.79467,-0.02419,-0.00351,
1540589254063176192,-0.51824,8.40578,-0.00864,0.60749,-0.79383,-0.02705,-0.00710,
1540589254096783872,-0.51928,8.41591,-0.00601,0.60809,-0.79318,-0.03134,-0.01065,
1540589254130243072,-0.51801,8.43441,-0.00767,0.60841,-0.79276,-0.03437,-0.01388,
1540589254164585472,-0.51624,8.45377,-0.01100,0.60916,-0.79225,-0.03217,-0.01525,
1540589254197858560,-0.51764,8.47322,-0.01236,0.60999,-0.79183,-0.02613,-0.01548,
1540589254230777856,-0.51807,8.49268,-0.01573,0.61091,-0.79131,-0.01987,-0.01492,
1540589254265697280,-0.52100,8.51192,-0.01452,0.61154,-0.79096,-0.01386,-0.01438,
1540589254299365120,-0.52267,8.53131,-0.01481,0.61253,-0.79024,-0.01086,-0.01452,
1540589254331378688,-0.52034,8.55068,-0.01614,0.61334,-0.78962,-0.00952,-0.01457,
1540589254365584896,-0.51798,8.57257,-0.01769,0.61364,-0.78941,-0.00792,-0.01461,
1540589254398937344,-0.51794,8.59286,-0.01729,0.61382,-0.78929,-0.00660,-0.01453,
1540589254432543744,-0.52224,8.61444,-0.01776,0.61383,-0.78926,-0.00755,-0.01491,
1540589254465906944,-0.52246,8.63229,-0.01901,0.61339,-0.78954,-0.01223,-0.01530,
1540589254499283200,-0.51865,8.65285,-0.01298,0.61183,-0.79055,-0.02033,-0.01670,
1540589254533611264,-0.51087,8.67814,-0.01064,0.61112,-0.79087,-0.02745,-0.01757,
1540589254566796288,-0.49789,8.69358,-0.01479,0.61157,-0.79052,-0.02838,-0.01625,
1540589254602704384,-0.49451,8.71240,-0.01404,0.61058,-0.79155,-0.02177,-0.01305,
1540589254635552512,-0.49808,8.72937,-0.00893,0.60980,-0.79241,-0.01291,-0.00810,
1540589254667574272,-0.50593,8.73526,-0.00588,0.61052,-0.79189,-0.01140,-0.00573,
1540589254701266944,-0.51223,8.75027,-0.00820,0.60994,-0.79217,-0.01971,-0.00670,
1540589254735116032,-0.51062,8.77167,-0.00997,0.60946,-0.79201,-0.03447,-0.00899,
1540589254771555072,-0.50331,8.78839,-0.01085,0.61008,-0.79076,-0.04868,-0.01157,
1540589254801808896,-0.49608,8.80519,-0.01317,0.61042,-0.79022,-0.05313,-0.01108,
1540589254836903680,-0.49258,8.82161,-0.01065,0.61025,-0.79068,-0.04867,-0.00766,
1540589254869335808,-0.49701,8.83994,-0.01076,0.61017,-0.79116,-0.04173,-0.00391,
1540589254903311616,-0.50220,8.85599,-0.01012,0.61044,-0.79115,-0.03805,-0.00062,
1540589254936784384,-0.50481,8.87262,-0.01125,0.61074,-0.79091,-0.03817,0.00164,
1540589254969829120,-0.50431,8.89177,-0.01096,0.61060,-0.79094,-0.03954,0.00379,
1540589255004764416,-0.50321,8.91202,-0.00757,0.61045,-0.79109,-0.03850,0.00681,
1540589255037357824,-0.50471,8.93358,-0.01225,0.61113,-0.79069,-0.03493,0.01031,
1540589255072929024,-0.50661,8.95124,-0.01415,0.61136,-0.79066,-0.02961,0.01504,
1540589255104107008,-0.51117,8.97127,-0.01588,0.61138,-0.79067,-0.02706,0.01805,
1540589255137992448,-0.51637,8.99185,-0.01806,0.61183,-0.79027,-0.02701,0.02040,
1540589255171563520,-0.51877,9.01087,-0.02238,0.61269,-0.78949,-0.02855,0.02222,
1540589255204914432,-0.51604,9.02615,-0.02447,0.61307,-0.78911,-0.02923,0.02437,
1540589255238440704,-0.51970,9.04304,-0.02310,0.61284,-0.78928,-0.02734,0.02663,
1540589255272786688,-0.52547,9.05864,-0.02293,0.61245,-0.78953,-0.02717,0.02828,
1540589255306347264,-0.52807,9.07407,-0.01758,0.61119,-0.79041,-0.02907,0.02924,
1540589255339304192,-0.52889,9.09816,-0.01458,0.60983,-0.79137,-0.03075,0.02988,
1540589255372842496,-0.53306,9.11397,-0.01060,0.60900,-0.79201,-0.02971,0.03094,
1540589255407237888,-0.53579,9.13131,-0.00643,0.60770,-0.79301,-0.02817,0.03220,
1540589255476646144,-0.54596,9.17150,-0.00339,0.60705,-0.79359,-0.02459,0.03313,
1540589255524585728,-0.54904,9.19053,-0.00592,0.60721,-0.79352,-0.02083,0.03457,
1540589255576993280,-0.54359,9.22522,-0.00419,0.60668,-0.79397,-0.00537,0.03895,
1540589255612007680,-0.54802,9.24628,-0.00673,0.60606,-0.79417,0.00957,0.04363,
1540589255658786816,-0.55954,9.26132,-0.00007,0.60526,-0.79430,0.02310,0.04696,
1540589255690658048,-0.56689,9.27546,-0.00013,0.60603,-0.79396,0.01904,0.04476,
1540589255723961856,-0.57194,9.29104,-0.00133,0.60712,-0.79364,0.00185,0.03908,
1540589255757271808,-0.57422,9.30934,-0.00709,0.60844,-0.79276,-0.01628,0.03277,
1540589255791292672,-0.57177,9.32502,-0.01015,0.60944,-0.79178,-0.03130,0.02628,
1540589255826149376,-0.56887,9.34090,-0.01092,0.61012,-0.79119,-0.03509,0.02326,
1540589255891539712,-0.56359,9.38037,-0.01149,0.61058,-0.79133,-0.01718,0.02612,
1540589255923665408,-0.56715,9.39666,-0.00915,0.61120,-0.79095,-0.01148,0.02640,
1540589255957422848,-0.56954,9.41710,-0.01029,0.61170,-0.79057,-0.01490,0.02437,
1540589255990758144,-0.56716,9.43886,-0.00982,0.61205,-0.79018,-0.02436,0.02037,
1540589256023821568,-0.56050,9.46047,-0.01033,0.61247,-0.78975,-0.02892,0.01836,
1540589256057532416,-0.55405,9.48408,-0.00972,0.61220,-0.79004,-0.02675,0.01825,
1540589256090540544,-0.55093,9.50842,-0.00860,0.61168,-0.79059,-0.02059,0.01973,
1540589256124137984,-0.54799,9.52967,-0.00756,0.61141,-0.79085,-0.01771,0.02035,
1540589256158081280,-0.54392,9.55077,-0.00730,0.61042,-0.79159,-0.02066,0.01885,
1540589256190705152,-0.53897,9.57326,-0.00634,0.60937,-0.79232,-0.02449,0.01731,
1540589256225149696,-0.53311,9.59517,-0.00414,0.60868,-0.79278,-0.02763,0.01583,
1540589256257419520,-0.52691,9.61453,-0.00722,0.60857,-0.79283,-0.02922,0.01464,
1540589256290904576,-0.52060,9.63229,-0.00194,0.60709,-0.79396,-0.02963,0.01358,
1540589256324615680,-0.51328,9.65438,0.00057,0.60652,-0.79447,-0.02799,0.01320,
1540589256357570304,-0.50545,9.67718,-0.00329,0.60710,-0.79412,-0.02504,0.01288,
1540589256391124224,-0.50209,9.69473,-0.00388,0.60688,-0.79442,-0.02070,0.01263,
1540589256424305152,-0.50005,9.71291,-0.00619,0.60685,-0.79451,-0.01923,0.01102,
1540589256457677312,-0.50002,9.72871,-0.00661,0.60714,-0.79423,-0.02292,0.00723,
1540589256490784512,-0.50005,9.74015,-0.00417,0.60712,-0.79400,-0.03096,0.00140,
1540589256525399552,-0.49715,9.75721,-0.00658,0.60667,-0.79406,-0.03740,-0.00365,
1540589256557778432,-0.49748,9.77605,-0.00704,0.60637,-0.79412,-0.04021,-0.00834,
1540589256591377152,-0.49482,9.79135,-0.00576,0.60664,-0.79392,-0.03941,-0.01086,
1540589256625546496,-0.49165,9.80886,-0.00492,0.60681,-0.79401,-0.03446,-0.01243,
1540589256657984512,-0.49354,9.82856,-0.00612,0.60709,-0.79418,-0.02376,-0.01202,
1540589256691178240,-0.49463,9.84917,-0.00745,0.60755,-0.79409,-0.01406,-0.01045,
1540589256724991232,-0.49901,9.86650,-0.00957,0.60819,-0.79369,-0.00741,-0.00991,
1540589256757919232,-0.50470,9.88427,-0.01139,0.60843,-0.79352,-0.00528,-0.01042,
1540589256791372544,-0.50962,9.90295,-0.01019,0.60857,-0.79339,-0.00663,-0.01101,
1540589256825677824,-0.51113,9.92487,-0.01387,0.60913,-0.79291,-0.01070,-0.01218,
1540589256857568000,-0.51155,9.94586,-0.01606,0.60962,-0.79248,-0.01337,-0.01293,
1540589256890827264,-0.51351,9.96451,-0.01140,0.60961,-0.79250,-0.01281,-0.01263,
1540589256924623872,-0.51639,9.98551,-0.01133,0.60978,-0.79244,-0.00928,-0.01074,
1540589256958044416,-0.51966,10.00353,-0.00536,0.60878,-0.79326,-0.00607,-0.00921,
1540589256991421952,-0.52418,10.02695,-0.00290,0.60751,-0.79428,-0.00241,-0.00751,
1540589257025765120,-0.53077,10.04709,0.00211,0.60627,-0.79524,0.00181,-0.00534,
1540589257057950720,-0.53800,10.06593,-0.00078,0.60548,-0.79585,0.00227,-0.00481,
1540589257091703808,-0.54547,10.08415,0.00592,0.60389,-0.79705,0.00026,-0.00536,
1540589257124682496,-0.54989,10.10261,0.00962,0.60347,-0.79737,-0.00050,-0.00507,
1540589257158103552,-0.55359,10.12005,0.00611,0.60359,-0.79728,0.00230,-0.00363,
1540589257190921216,-0.55994,10.13810,0.00491,0.60301,-0.79770,0.00641,-0.00215,
1540589257224524800,-0.57198,10.15276,0.00665,0.60275,-0.79787,0.00990,-0.00043,
1540589257257828608,-0.58117,10.16768,0.00575,0.60277,-0.79788,0.00780,0.00033,
1540589257291799296,-0.58783,10.18069,0.00707,0.60262,-0.79802,0.00345,0.00053,
1540589257324847104,-0.59245,10.19504,0.01083,0.60231,-0.79826,-0.00051,0.00114,
1540589257357823744,-0.59943,10.21387,0.00504,0.60291,-0.79780,-0.00363,0.00210,
1540589257391437312,-0.60671,10.23033,0.00142,0.60354,-0.79730,-0.00683,0.00335,
1540589257425000960,-0.61074,10.24335,0.00408,0.60409,-0.79682,-0.01103,0.00468,
1540589257457951488,-0.61609,10.25998,0.00295,0.60523,-0.79589,-0.01481,0.00633,
1540589257491160576,-0.61974,10.27574,-0.00087,0.60652,-0.79483,-0.01738,0.00860,
1540589257525071360,-0.62180,10.29324,-0.00244,0.60739,-0.79411,-0.01820,0.01161,
1540589257559513088,-0.62632,10.31005,-0.00589,0.60837,-0.79332,-0.01739,0.01527,
1540589257592740608,-0.62973,10.32986,-0.00590,0.60905,-0.79271,-0.01769,0.01902,
1540589257626209792,-0.63300,10.35069,-0.00940,0.61016,-0.79175,-0.01875,0.02194,
1540589257661268224,-0.63375,10.36365,-0.00439,0.61070,-0.79122,-0.01848,0.02589,
1540589257692337408,-0.63697,10.38510,-0.00417,0.61086,-0.79099,-0.01766,0.02951,
1540589257728962048,-0.63514,10.40742,-0.00351,0.61085,-0.79082,-0.01833,0.03367,
1540589257761389568,-0.63601,10.43013,-0.00434,0.61090,-0.79062,-0.01994,0.03642,
1540589257795628800,-0.63503,10.45083,-0.00637,0.61065,-0.79061,-0.02217,0.03937,
1540589257827620608,-0.63770,10.47314,-0.00812,0.60971,-0.79113,-0.02652,0.04072,
1540589257861278208,-0.63197,10.49832,-0.00281,0.60846,-0.79177,-0.03401,0.04138,
1540589257894931968,-0.61993,10.51897,-0.00254,0.60815,-0.79177,-0.03765,0.04280,
1540589257928790016,-0.61649,10.54017,-0.00379,0.60717,-0.79254,-0.03516,0.04461,
1540589257963682048,-0.61736,10.56056,0.00246,0.60566,-0.79371,-0.03197,0.04661,
1540589257995066880,-0.61616,10.57985,0.00496,0.60536,-0.79389,-0.03252,0.04716,
1540589258027662592,-0.61276,10.59613,0.00535,0.60534,-0.79384,-0.03498,0.04648,
1540589258061746432,-0.60857,10.61584,0.00816,0.60466,-0.79432,-0.03692,0.04556,
1540589258095092736,-0.60643,10.63868,0.00311,0.60488,-0.79416,-0.03884,0.04386,
1540589258128115200,-0.60280,10.65794,-0.00031,0.60510,-0.79403,-0.03997,0.04212,
1540589258161775360,-0.59870,10.67769,-0.00110,0.60510,-0.79414,-0.03865,0.04118,
1540589258196841984,-0.59892,10.69533,-0.00228,0.60554,-0.79398,-0.03653,0.03973,
1540589258228767232,-0.59728,10.70911,0.00155,0.60566,-0.79401,-0.03621,0.03751,
1540589258263113216,-0.59338,10.72960,0.00394,0.60582,-0.79403,-0.03527,0.03543,
1540589258296901632,-0.58906,10.75104,-0.00053,0.60667,-0.79357,-0.03202,0.03424,
1540589258329268992,-0.59029,10.76981,-0.00521,0.60736,-0.79326,-0.02840,0.03240,
1540589258363632128,-0.59048,10.79223,-0.00448,0.60736,-0.79341,-0.02666,0.03006,
1540589258397129472,-0.58732,10.81190,-0.00615,0.60833,-0.79278,-0.02601,0.02757,
1540589258430761984,-0.58621,10.83179,-0.01146,0.60942,-0.79208,-0.02508,0.02414,
1540589258464125440,-0.58572,10.85372,-0.01312,0.60982,-0.79195,-0.02228,0.02110,
1540589258498833664,-0.58860,10.87189,-0.00945,0.61019,-0.79183,-0.01884,0.01789,
1540589258531060480,-0.58844,10.88877,-0.00793,0.61045,-0.79174,-0.01682,0.01490,
1540589258565465856,-0.59210,10.91036,-0.00929,0.61000,-0.79215,-0.01720,0.00987,
1540589258598946816,-0.59670,10.93197,-0.00895,0.60926,-0.79273,-0.01922,0.00429,
1540589258632776704,-0.59898,10.95317,-0.00569,0.60827,-0.79342,-0.02217,-0.00115,
1540589258666330368,-0.59682,10.97436,-0.00518,0.60757,-0.79387,-0.02449,-0.00611,
1540589258700024576,-0.59742,10.99333,-0.00380,0.60632,-0.79479,-0.02384,-0.01098,
1540589258735550720,-0.59940,11.01874,-0.00132,0.60471,-0.79607,-0.01953,-0.01457,
1540589258766707456,-0.59626,11.04155,-0.00162,0.60446,-0.79632,-0.01460,-0.01721,
1540589258800299264,-0.59685,11.06200,-0.00330,0.60452,-0.79632,-0.00610,-0.01970,
1540589258833942016,-0.60068,11.07889,-0.00177,0.60423,-0.79653,0.00751,-0.01980,
1540589258867681792,-0.60441,11.09916,-0.00410,0.60399,-0.79653,0.01854,-0.01985,
1540589258901281280,-0.62001,11.10367,0.00704,0.60345,-0.79671,0.02512,-0.02159,
1540589258934067968,-0.62634,11.12111,0.00791,0.60253,-0.79735,0.02467,-0.02436,
1540589258967745536,-0.62532,11.13526,0.01012,0.60207,-0.79767,0.02281,-0.02674,
1540589259002654976,-0.62684,11.14968,0.01227,0.60167,-0.79789,0.02411,-0.02801,
1540589259035597824,-0.63078,11.16809,0.00951,0.60170,-0.79775,0.02818,-0.02767,
1540589259069141248,-0.63479,11.18227,0.00752,0.60212,-0.79732,0.03183,-0.02681,
1540589259102400512,-0.63838,11.20156,0.00745,0.60218,-0.79720,0.03445,-0.02584,
1540589259136413696,-0.64285,11.21979,0.00145,0.60367,-0.79603,0.03607,-0.02490,
1540589259169614080,-0.65001,11.23316,-0.00091,0.60504,-0.79499,0.03696,-0.02352,
1540589259203181568,-0.65712,11.24287,0.00641,0.60562,-0.79464,0.03633,-0.02129,
1540589259236956416,-0.66226,11.26509,0.00290,0.60642,-0.79419,0.03341,-0.01984,
1540589259270524672,-0.66629,11.28994,-0.00272,0.60780,-0.79335,0.02899,-0.01827,
1540589259304922880,-0.66970,11.31143,-0.01056,0.60964,-0.79214,0.02428,-0.01620,
1540589259337801472,-0.67313,11.33018,-0.01708,0.61108,-0.79124,0.01816,-0.01420,
1540589259371060736,-0.67856,11.35029,-0.01379,0.61139,-0.79115,0.01069,-0.01321,
1540589259404977408,-0.67628,11.37031,-0.01682,0.61248,-0.79041,0.00359,-0.01076,
1540589259438884352,-0.67158,11.38708,-0.01307,0.61233,-0.79058,0.00116,-0.00638,
1540589259472169728,-0.67251,11.40994,-0.00925,0.61118,-0.79148,0.00277,-0.00163,
1540589259505802752,-0.67255,11.43404,-0.00460,0.61006,-0.79233,0.00482,0.00401,
1540589259539007232,-0.67100,11.45665,-0.00424,0.60938,-0.79280,0.00575,0.00940,
1540589259572658944,-0.66880,11.47688,0.00245,0.60810,-0.79369,0.00728,0.01451,
1540589259606587648,-0.66322,11.49723,0.00903,0.60691,-0.79444,0.01034,0.02031,
1540589259640700928,-0.66556,11.52030,0.00900,0.60610,-0.79490,0.01258,0.02470,
1540589259673897728,-0.66674,11.54396,0.00720,0.60577,-0.79504,0.01105,0.02863,
1540589259707305216,-0.66545,11.56426,0.00655,0.60576,-0.79502,0.00641,0.03078,
1540589259741189632,-0.66053,11.58189,0.00488,0.60597,-0.79489,-0.00189,0.03066,
1540589259774775296,-0.65396,11.60385,0.00709,0.60526,-0.79540,-0.00765,0.03077,
1540589259808075008,-0.64725,11.62686,0.00595,0.60504,-0.79552,-0.00825,0.03187,
1540589259841962752,-0.64271,11.64501,0.00822,0.60451,-0.79589,-0.00498,0.03313,
1540589259876150784,-0.64117,11.66461,0.01004,0.60352,-0.79661,0.00049,0.03441,
1540589259945064960,-0.64141,11.70588,0.00911,0.60335,-0.79685,0.00379,0.03140,
1540589259976412160,-0.64006,11.72784,0.00842,0.60370,-0.79665,0.00448,0.02955,
1540589260009790464,-0.63667,11.74723,0.00919,0.60420,-0.79632,0.00713,0.02772,
1540589260044220672,-0.63445,11.76879,0.00660,0.60463,-0.79595,0.01380,0.02637,
1540589260095664384,-0.64725,11.78592,0.01122,0.60455,-0.79580,0.02499,0.02447,
1540589260145534720,-0.64712,11.82680,0.01390,0.60488,-0.79570,0.02471,0.01954,
1540589260194127616,-0.65236,11.85416,0.00273,0.60614,-0.79517,0.01343,0.01061,
1540589260226732800,-0.65426,11.87404,0.00176,0.60650,-0.79505,0.00559,0.00469,
1540589260260186624,-0.65690,11.89392,0.00002,0.60647,-0.79510,-0.00077,-0.00141,
1540589260293555712,-0.65972,11.91549,0.00226,0.60594,-0.79548,-0.00303,-0.00602,
1540589260327221504,-0.65978,11.93495,0.00699,0.60501,-0.79616,-0.00261,-0.00925,
1540589260360069888,-0.66220,11.95754,0.01162,0.60373,-0.79710,0.00059,-0.01185,
1540589260394577152,-0.66443,11.97769,0.01734,0.60266,-0.79787,0.00528,-0.01324,
1540589260426645760,-0.66422,12.00229,0.01687,0.60171,-0.79853,0.00766,-0.01500,
1540589260460141312,-0.66603,12.02214,0.01797,0.60108,-0.79895,0.00898,-0.01734,
1540589260495064064,-0.66695,12.04234,0.01842,0.60062,-0.79923,0.01093,-0.01906,
1540589260526968064,-0.66440,12.06246,0.01592,0.60066,-0.79914,0.01371,-0.01994,
1540589260561082880,-0.66492,12.08025,0.01431,0.60036,-0.79926,0.01787,-0.02081,
1540589260594111488,-0.66670,12.09541,0.01609,0.59968,-0.79967,0.02136,-0.02138,
1540589260627117056,-0.66563,12.11263,0.01570,0.59938,-0.79986,0.02216,-0.02211,
1540589260661508608,-0.66469,12.12710,0.01449,0.59940,-0.79979,0.02277,-0.02311,
1540589260693666560,-0.66471,12.14070,0.01392,0.59903,-0.80000,0.02519,-0.02313,
1540589260727101440,-0.66678,12.15594,0.01540,0.59890,-0.80004,0.02710,-0.02297,
1540589260760750592,-0.66863,12.17015,0.01358,0.59959,-0.79952,0.02725,-0.02274,
1540589260794000128,-0.66879,12.18232,0.01265,0.59980,-0.79940,0.02606,-0.02286,
1540589260827258112,-0.67082,12.19931,0.01418,0.59989,-0.79934,0.02629,-0.02240,
1540589260861212416,-0.67136,12.21505,0.01119,0.60113,-0.79842,0.02700,-0.02090,
1540589260893533184,-0.67192,12.22817,0.01215,0.60165,-0.79804,0.02793,-0.01917,
1540589260927250688,-0.67421,12.24942,0.00905,0.60234,-0.79750,0.02992,-0.01679,
1540589260960918784,-0.67649,12.26823,0.00564,0.60367,-0.79648,0.03208,-0.01331,
1540589260993890560,-0.67707,12.28671,0.00210,0.60503,-0.79545,0.03307,-0.00968,
1540589261027265792,-0.67922,12.30461,0.00076,0.60587,-0.79486,0.03282,-0.00700,
1540589261060919296,-0.68056,12.32293,0.00166,0.60670,-0.79423,0.03332,-0.00298,
1540589261093642240,-0.68062,12.34208,0.00104,0.60747,-0.79363,0.03372,0.00166,
1540589261127185152,-0.68272,12.36184,-0.00187,0.60801,-0.79323,0.03288,0.00532,
1540589261160745728,-0.68524,12.38292,-0.00384,0.60816,-0.79322,0.02954,0.00867,
1540589261193739008,-0.68497,12.40375,-0.00352,0.60800,-0.79351,0.02318,0.01177,
1540589261227417600,-0.68556,12.42386,-0.00254,0.60772,-0.79386,0.01631,0.01389,
1540589261260508416,-0.68034,12.44605,0.00149,0.60666,-0.79470,0.01074,0.01713,
1540589261294073344,-0.67386,12.47040,0.00775,0.60567,-0.79533,0.01045,0.02226,
1540589261327358208,-0.67139,12.49015,0.00933,0.60525,-0.79544,0.01376,0.02749,
1540589261361899264,-0.67141,12.50898,0.01338,0.60365,-0.79635,0.01790,0.03342,
1540589261394013952,-0.67132,12.53530,0.01471,0.60243,-0.79705,0.01791,0.03820,
1540589261427538944,-0.67453,12.55420,0.01257,0.60290,-0.79667,0.01364,0.04058,
1540589261461148672,-0.67154,12.57337,0.00847,0.60300,-0.79668,0.00382,0.04099,
1540589261494533888,-0.66591,12.59531,0.01064,0.60255,-0.79701,-0.00487,0.04099,
1540589261527677440,-0.66390,12.61404,0.00898,0.60294,-0.79666,-0.00824,0.04153,
1540589261560689152,-0.66093,12.63247,0.00872,0.60291,-0.79662,-0.00880,0.04273,
1540589261596006400,-0.65920,12.64815,0.01205,0.60251,-0.79686,-0.00699,0.04404,
1540589261627435264,-0.66016,12.66695,0.01306,0.60222,-0.79706,-0.00581,0.04455,
1540589261660918784,-0.66100,12.68341,0.01380,0.60237,-0.79698,-0.00781,0.04363,
1540589261696325376,-0.65729,12.70115,0.01416,0.60260,-0.79685,-0.01129,0.04215,
1540589261729423360,-0.65403,12.72302,0.00911,0.60312,-0.79653,-0.01310,0.04024,
1540589261762396672,-0.65139,12.74300,0.00691,0.60339,-0.79639,-0.01171,0.03925,
1540589261796464128,-0.64907,12.76093,0.00485,0.60378,-0.79618,-0.00848,0.03843,
1540589261827217152,-0.64622,12.77855,0.00370,0.60397,-0.79614,-0.00614,0.03677,
1540589261861162240,-0.64902,12.79859,0.00203,0.60429,-0.79603,-0.00431,0.03398,
1540589261893937664,-0.64920,12.81614,-0.00105,0.60523,-0.79543,-0.00369,0.03126,
1540589261927512832,-0.64625,12.83458,-0.00230,0.60581,-0.79511,-0.00474,0.02775,
1540589261961080576,-0.64572,12.85371,-0.00306,0.60637,-0.79483,-0.00577,0.02311,
1540589261994119936,-0.64747,12.87234,-0.00475,0.60687,-0.79456,-0.00557,0.01871,
1540589262028390144,-0.65074,12.89055,-0.00526,0.60674,-0.79475,-0.00686,0.01363,
1540589262064694528,-0.65433,12.89998,0.00200,0.60593,-0.79541,-0.01072,0.00744,
1540589262094472704,-0.65316,12.92120,0.00315,0.60500,-0.79610,-0.01364,0.00230,
1540589262128292096,-0.65259,12.93864,0.00720,0.60395,-0.79691,-0.01352,-0.00253,
1540589262161940480,-0.65082,12.95719,0.00747,0.60276,-0.79783,-0.01035,-0.00610,
1540589262195345664,-0.65352,12.98530,0.00860,0.60117,-0.79906,-0.00387,-0.00926,
1540589262229952256,-0.65551,13.00588,0.00658,0.60144,-0.79883,0.00422,-0.01126,
1540589262262257664,-0.65223,13.02492,0.00264,0.60167,-0.79856,0.01171,-0.01262,
1540589262296126720,-0.65552,13.04544,0.00280,0.60146,-0.79851,0.02066,-0.01419,
1540589262328903936,-0.66203,13.05798,0.00331,0.60218,-0.79773,0.02763,-0.01570,
1540589262362564096,-0.66424,13.07121,0.00002,0.60255,-0.79734,0.02945,-0.01767,
1540589262398126848,-0.66905,13.08609,0.00580,0.60139,-0.79820,0.02694,-0.02191,
1540589262430125056,-0.66827,13.10117,0.00749,0.60148,-0.79812,0.02537,-0.02401,
1540589262463250432,-0.66501,13.11369,0.00902,0.60134,-0.79816,0.02626,-0.02534,
1540589262499828224,-0.66581,13.13013,0.01278,0.60067,-0.79848,0.03080,-0.02594,
1540589262532786688,-0.66724,13.14870,0.01103,0.60107,-0.79795,0.03661,-0.02531,
1540589262564504576,-0.66862,13.16479,0.00777,0.60184,-0.79722,0.04010,-0.02499,
1540589262597498112,-0.67251,13.18024,0.00556,0.60230,-0.79681,0.04123,-0.02521,
1540589262633584384,-0.67470,13.19603,0.00370,0.60332,-0.79612,0.03920,-0.02572,
1540589262665341952,-0.67590,13.21531,-0.00412,0.60469,-0.79522,0.03558,-0.02659,
1540589262697588992,-0.67566,13.23236,-0.00855,0.60582,-0.79448,0.03240,-0.02705,
1540589262731757312,-0.67574,13.24876,-0.01010,0.60711,-0.79359,0.03023,-0.02692,
1540589262765721856,-0.67749,13.26429,-0.00957,0.60839,-0.79267,0.02978,-0.02566,
1540589262798508032,-0.67855,13.28225,-0.01359,0.60957,-0.79186,0.02813,-0.02446,
1540589262831822080,-0.68057,13.30245,-0.01429,0.61016,-0.79151,0.02573,-0.02342,
1540589262866248960,-0.67934,13.32307,-0.01428,0.61069,-0.79123,0.02350,-0.02128,
1540589262899380224,-0.67555,13.34189,-0.01220,0.61086,-0.79122,0.02199,-0.01839,
1540589262932880128,-0.67298,13.36410,-0.01089,0.61053,-0.79155,0.02187,-0.01472,
1540589262967511040,-0.67275,13.38577,-0.01094,0.61005,-0.79198,0.02235,-0.01071,
1540589263001284352,-0.67313,13.40915,-0.00969,0.60929,-0.79266,0.02029,-0.00698,
1540589263034080256,-0.67289,13.43054,-0.01136,0.60914,-0.79293,0.01373,-0.00452,
1540589263069812224,-0.67098,13.44678,-0.00845,0.60864,-0.79343,0.00485,-0.00273,
1540589263101217792,-0.67013,13.46505,-0.00694,0.60809,-0.79386,-0.00324,-0.00158,
1540589263135552768,-0.66362,13.48530,-0.00202,0.60768,-0.79412,-0.01016,0.00040,
1540589263168575744,-0.65829,13.50272,-0.00253,0.60813,-0.79375,-0.01139,0.00409,
1540589263202189056,-0.65669,13.52292,-0.00342,0.60796,-0.79387,-0.00919,0.00834,
1540589263235257344,-0.65821,13.54108,-0.00354,0.60809,-0.79373,-0.00839,0.01204,
1540589263269230336,-0.65612,13.55853,-0.00372,0.60837,-0.79343,-0.01257,0.01417,
1540589263302328320,-0.65231,13.57495,-0.00326,0.60849,-0.79323,-0.01713,0.01523,
1540589263338167552,-0.64255,13.59267,-0.00158,0.60822,-0.79337,-0.01603,0.01922,
1540589263369525760,-0.63783,13.61326,-0.00396,0.60811,-0.79345,-0.01142,0.02242,
1540589263403213568,-0.63981,13.63186,-0.00857,0.60827,-0.79332,-0.00671,0.02476,
1540589263437444864,-0.63972,13.64924,-0.01287,0.60856,-0.79307,-0.00635,0.02549,
1540589263470264064,-0.63339,13.66553,-0.01363,0.60886,-0.79284,-0.00844,0.02474,
1540589263504417024,-0.63003,13.68318,-0.01277,0.60913,-0.79269,-0.00835,0.02312,
1540589263537960448,-0.62782,13.70243,-0.01320,0.60975,-0.79227,-0.00535,0.02201,
1540589263570937856,-0.62379,13.71681,-0.01259,0.61025,-0.79193,-0.00163,0.02084,
1540589263606085632,-0.62494,13.73528,-0.01137,0.61004,-0.79214,0.00320,0.01880,
1540589263638225408,-0.62759,13.75466,-0.00924,0.60993,-0.79227,0.00642,0.01592,
1540589263672619776,-0.62805,13.77505,-0.01027,0.61039,-0.79197,0.00691,0.01259,
1540589263706268672,-0.62831,13.79536,-0.01322,0.61099,-0.79158,0.00573,0.00813,
1540589263739574784,-0.63067,13.81446,-0.01222,0.61105,-0.79157,0.00425,0.00309,
1540589263772545536,-0.62963,13.83376,-0.01085,0.61098,-0.79164,0.00368,-0.00050,
1540589263806548480,-0.62942,13.85371,-0.01109,0.61075,-0.79181,0.00307,-0.00480,
1540589263840414208,-0.63094,13.87374,-0.00978,0.61008,-0.79228,0.00380,-0.00863,
1540589263873598464,-0.63348,13.89318,-0.00908,0.60917,-0.79293,0.00462,-0.01218,
1540589263907040256,-0.63619,13.91098,-0.00980,0.60848,-0.79339,0.00193,-0.01667,
1540589263940866304,-0.64018,13.93031,-0.00996,0.60733,-0.79409,-0.00482,-0.02327,
1540589263974673920,-0.63698,13.94536,-0.00357,0.60608,-0.79483,-0.01030,-0.02858,
1540589264009126144,-0.63345,13.96612,-0.00281,0.60531,-0.79519,-0.01172,-0.03361,
1540589264042406656,-0.63454,13.98471,-0.00071,0.60510,-0.79528,-0.00731,-0.03642,
1540589264075416576,-0.63869,14.00229,-0.00356,0.60530,-0.79513,0.00050,-0.03723,
1540589264108960000,-0.64320,14.02042,-0.00551,0.60505,-0.79520,0.00439,-0.03944,
1540589264142992384,-0.65010,14.03598,-0.00439,0.60439,-0.79555,0.00513,-0.04221,
1540589264175753984,-0.64877,14.05252,-0.00320,0.60401,-0.79580,0.00512,-0.04299,
1540589264209401344,-0.64755,14.06757,-0.00029,0.60373,-0.79597,0.00588,-0.04375,
1540589264243050752,-0.64956,14.08394,0.00196,0.60347,-0.79616,0.00916,-0.04320,
1540589264276864512,-0.64906,14.10417,-0.00011,0.60347,-0.79621,0.01281,-0.04123,
1540589264310265600,-0.64772,14.12546,-0.00307,0.60414,-0.79577,0.01642,-0.03871,
1540589264345220096,-0.64969,14.13963,-0.00730,0.60557,-0.79473,0.01879,-0.03641,
1540589264377885696,-0.64843,14.15457,-0.00792,0.60605,-0.79448,0.01967,-0.03355,
1540589264412158720,-0.64729,14.17844,-0.01132,0.60670,-0.79406,0.01930,-0.03159,
1540589264445315072,-0.64554,14.19622,-0.01447,0.60805,-0.79313,0.01923,-0.02921,
1540589264478337280,-0.64364,14.21366,-0.01473,0.60894,-0.79252,0.02067,-0.02608,
1540589264512535296,-0.64428,14.23369,-0.01328,0.60949,-0.79213,0.02317,-0.02296,
1540589264546519296,-0.64425,14.25266,-0.01141,0.61037,-0.79143,0.02750,-0.01825,
1540589264579321344,-0.64313,14.27260,-0.01516,0.61138,-0.79062,0.03075,-0.01369,
1540589264612923136,-0.64493,14.29442,-0.01533,0.61162,-0.79040,0.03314,-0.00935,
1540589264646371584,-0.64981,14.31710,-0.02053,0.61242,-0.78984,0.03250,-0.00595,
1540589264680496640,-0.64852,14.33542,-0.02261,0.61278,-0.78981,0.02612,-0.00401,
1540589264750345472,-0.64818,14.37507,-0.01864,0.61199,-0.79077,0.01273,-0.00033,
1540589264796880896,-0.63891,14.39485,-0.01437,0.61109,-0.79154,0.00488,0.00212,
1540589264830792704,-0.63715,14.41311,-0.01121,0.61021,-0.79220,0.00510,0.00563,
1540589264897926144,-0.64153,14.44948,-0.00746,0.60925,-0.79293,0.00033,0.00899,
1540589264931170048,-0.64438,14.46876,-0.00865,0.60915,-0.79298,-0.00624,0.00900,
1540589264962868480,-0.64317,14.48569,-0.00911,0.60909,-0.79295,-0.01296,0.00868,
1540589264996519680,-0.64368,14.50468,-0.01092,0.60890,-0.79304,-0.01643,0.00810,
1540589265029952768,-0.64434,14.52107,-0.00850,0.60868,-0.79321,-0.01530,0.00930,
1540589265063407616,-0.64426,14.53714,-0.00745,0.60863,-0.79329,-0.01035,0.01196,
1540589265097164288,-0.64370,14.55353,-0.00692,0.60826,-0.79360,-0.00564,0.01369,
1540589265129967104,-0.64474,14.56940,-0.00511,0.60792,-0.79385,-0.00045,0.01527,
1540589265163110912,-0.64346,14.58704,-0.00446,0.60813,-0.79366,0.00314,0.01653,
1540589265196771072,-0.64089,14.60393,-0.00762,0.60913,-0.79289,0.00383,0.01612,
1540589265229934336,-0.64032,14.62079,-0.01374,0.61004,-0.79222,0.00422,0.01521,
1540589265263379456,-0.63742,14.63625,-0.01730,0.61050,-0.79184,0.00627,0.01536,
1540589265296433152,-0.63527,14.64904,-0.01617,0.61086,-0.79156,0.00822,0.01460,
1540589265329651968,-0.63688,14.66461,-0.01776,0.61137,-0.79120,0.00845,0.01229,
1540589265363081472,-0.63654,14.67795,-0.01886,0.61183,-0.79090,0.00701,0.00958,
1540589265396297984,-0.63378,14.69414,-0.01843,0.61195,-0.79086,0.00493,0.00595,
1540589265429942016,-0.63647,14.71214,-0.01746,0.61215,-0.79073,0.00311,0.00100,
1540589265463224832,-0.63834,14.72955,-0.01927,0.61269,-0.79031,0.00278,-0.00245,
1540589265496737024,-0.63683,14.74723,-0.01720,0.61262,-0.79035,0.00172,-0.00637,
1540589265529696512,-0.63953,14.76534,-0.01707,0.61253,-0.79036,0.00052,-0.01155,
1540589265564504576,-0.64190,14.78238,-0.01177,0.61157,-0.79104,0.00113,-0.01520,
1540589265597082112,-0.64150,14.80383,-0.01008,0.61051,-0.79179,0.00165,-0.01838,
1540589265630192384,-0.64548,14.82454,-0.00815,0.60913,-0.79275,0.00253,-0.02223,
1540589265665234944,-0.64991,14.84530,-0.00298,0.60758,-0.79386,0.00417,-0.02495,
1540589265696686080,-0.65051,14.86426,-0.00066,0.60669,-0.79445,0.00437,-0.02754,
1540589265729996800,-0.65299,14.88723,-0.00066,0.60554,-0.79521,0.00524,-0.03055,
1540589265763201536,-0.65702,14.90782,-0.00073,0.60508,-0.79548,0.00863,-0.03196,
1540589265796999936,-0.65904,14.92681,-0.00193,0.60506,-0.79542,0.01233,-0.03234,
1540589265832368384,-0.66340,14.94274,-0.00113,0.60517,-0.79526,0.01657,-0.03253,
1540589265864023808,-0.66902,14.95660,-0.00106,0.60511,-0.79525,0.01878,-0.03275,
1540589265897594880,-0.67427,14.97287,-0.00283,0.60486,-0.79544,0.01793,-0.03303,
1540589265930307584,-0.67700,14.98845,-0.00151,0.60453,-0.79575,0.01427,-0.03334,
1540589265963483904,-0.67608,15.00481,-0.00371,0.60476,-0.79565,0.01122,-0.03295,
1540589265997459200,-0.67698,15.01788,-0.00158,0.60496,-0.79556,0.01239,-0.03109,
1540589266030841856,-0.67886,15.03300,0.00126,0.60494,-0.79563,0.01529,-0.02817,
1540589266063460608,-0.68215,15.04707,-0.00094,0.60593,-0.79494,0.01619,-0.02570,
1540589266098738176,-0.68342,15.06282,-0.00371,0.60654,-0.79457,0.01581,-0.02292,
1540589266130508288,-0.68753,15.07804,-0.00359,0.60718,-0.79416,0.01463,-0.02083,
1540589266163692032,-0.68841,15.09250,-0.00675,0.60834,-0.79337,0.01216,-0.01849,
1540589266196923136,-0.69037,15.10957,-0.00619,0.60864,-0.79320,0.01067,-0.01645,
1540589266230607872,-0.69112,15.12726,-0.00761,0.60942,-0.79266,0.01079,-0.01341,
1540589266263317248,-0.69281,15.14341,-0.00602,0.61026,-0.79206,0.01037,-0.01057,
1540589266296801536,-0.69494,15.16572,-0.01035,0.61108,-0.79147,0.00949,-0.00803,
1540589266330408192,-0.69321,15.18787,-0.01569,0.61206,-0.79074,0.00994,-0.00409,
1540589266364303872,-0.69312,15.20669,-0.01661,0.61312,-0.78992,0.01066,-0.00017,
1540589266397503488,-0.69550,15.22540,-0.01877,0.61363,-0.78953,0.00978,0.00265,
1540589266430208000,-0.69293,15.24278,-0.01489,0.61321,-0.78985,0.00818,0.00629,
1540589266463671808,-0.69085,15.26339,-0.01274,0.61262,-0.79027,0.00780,0.01037,
1540589266497358592,-0.69121,15.27589,-0.00521,0.61143,-0.79115,0.00736,0.01384,
1540589266530861056,-0.68815,15.29818,0.00395,0.60919,-0.79282,0.00589,0.01719,
1540589266563264512,-0.68666,15.32281,0.00418,0.60829,-0.79344,0.00495,0.02045,
1540589266598085120,-0.68551,15.34407,0.00128,0.60765,-0.79385,0.00330,0.02360,
1540589266630473216,-0.68827,15.36345,0.00045,0.60714,-0.79421,-0.00145,0.02458,
1540589266664817408,-0.68714,15.38407,-0.00151,0.60755,-0.79383,-0.01000,0.02488,
1540589266699535360,-0.68078,15.40054,-0.00643,0.60884,-0.79267,-0.01952,0.02460,
1540589266734746112,-0.67569,15.41273,-0.00684,0.60906,-0.79231,-0.02688,0.02376,
1540589266766142976,-0.67484,15.42669,-0.00203,0.60859,-0.79252,-0.03129,0.02327,
1540589266800576512,-0.67242,15.44170,0.00089,0.60856,-0.79240,-0.03496,0.02314,
1540589266832742144,-0.66694,15.45664,0.00148,0.60822,-0.79261,-0.03567,0.02377,
1540589266869372160,-0.66463,15.47438,0.00366,0.60746,-0.79330,-0.03276,0.02432,
1540589266900669184,-0.66616,15.49329,0.00170,0.60748,-0.79339,-0.02991,0.02453,
1540589266934051072,-0.66428,15.50735,0.00014,0.60780,-0.79318,-0.02917,0.02430,
1540589266968239360,-0.66190,15.52463,-0.00093,0.60788,-0.79315,-0.02946,0.02290,
1540589267000222464,-0.66039,15.54077,-0.00436,0.60841,-0.79281,-0.02842,0.02186,
1540589267034065408,-0.65922,15.55592,-0.00618,0.60883,-0.79258,-0.02666,0.02107,
1540589267069961472,-0.65721,15.57024,-0.00918,0.60940,-0.79220,-0.02611,0.01934,
1540589267100229888,-0.65542,15.58384,-0.00748,0.60936,-0.79229,-0.02589,0.01718,
1540589267133920256,-0.65532,15.59769,-0.00298,0.60894,-0.79268,-0.02479,0.01511,
1540589267167762688,-0.65375,15.61628,-0.00350,0.60885,-0.79282,-0.02441,0.01240,
1540589267200563200,-0.65282,15.63674,-0.00211,0.60880,-0.79291,-0.02404,0.00928,
1540589267234110720,-0.65434,15.65553,-0.00650,0.60928,-0.79261,-0.02257,0.00621,
1540589267267608064,-0.65355,15.67304,-0.00490,0.60883,-0.79301,-0.02134,0.00351,
1540589267300997376,-0.65690,15.69531,-0.00690,0.60849,-0.79329,-0.02073,-0.00034,
1540589267334507520,-0.65902,15.71364,-0.00685,0.60824,-0.79349,-0.02001,-0.00383,
1540589267368284160,-0.66040,15.72715,-0.00225,0.60729,-0.79422,-0.01891,-0.00733,
1540589267401312512,-0.66289,15.74588,0.00046,0.60577,-0.79535,-0.01826,-0.01076,
1540589267434722048,-0.66938,15.76335,0.00695,0.60402,-0.79660,-0.01919,-0.01512,
1540589267469382400,-0.67048,15.78387,0.00728,0.60275,-0.79741,-0.02133,-0.01927,
1540589267502734592,-0.67070,15.80399,0.00778,0.60154,-0.79825,-0.02062,-0.02304,
1540589267537414144,-0.67302,15.82441,0.01023,0.60076,-0.79883,-0.01717,-0.02582,
1540589267569819904,-0.67791,15.84327,0.00733,0.60107,-0.79863,-0.01139,-0.02784,
1540589267602672128,-0.67845,15.85877,0.00252,0.60150,-0.79832,-0.00573,-0.02902,
1540589267636289024,-0.68570,15.87535,0.00516,0.60122,-0.79849,0.00080,-0.03074,
1540589267670702336,-0.69595,15.88618,0.00194,0.60206,-0.79776,0.00464,-0.03271,
1540589267704219392,-0.70279,15.89695,-0.00260,0.60221,-0.79756,0.00353,-0.03515,
1540589267737497344,-0.70667,15.90870,-0.00035,0.60162,-0.79791,0.00032,-0.03741,
1540589267772458240,-0.71000,15.91939,-0.00087,0.60191,-0.79759,-0.00281,-0.03921,
1540589267807909376,-0.71012,15.92720,-0.00074,0.60203,-0.79746,-0.00467,-0.03996,
1540589267838054400,-0.71196,15.94053,0.00049,0.60179,-0.79763,-0.00442,-0.04016,
1540589267872432896,-0.71730,15.95033,0.00013,0.60237,-0.79722,-0.00330,-0.03977,
1540589267906602496,-0.72144,15.95955,-0.00288,0.60306,-0.79671,-0.00431,-0.03941,
1540589267938827520,-0.72371,15.97136,-0.00313,0.60312,-0.79664,-0.00747,-0.03948,
1540589267973298432,-0.72684,15.98014,-0.00099,0.60336,-0.79640,-0.01118,-0.03973,
1540589268007098112,-0.72831,15.99016,0.00010,0.60345,-0.79629,-0.01418,-0.03954,
1540589268041302016,-0.72597,16.00729,-0.00237,0.60352,-0.79626,-0.01538,-0.03854,
1540589268073879040,-0.72897,16.02054,-0.00168,0.60406,-0.79597,-0.01335,-0.03696,
1540589268107416832,-0.73285,16.03260,-0.00179,0.60463,-0.79570,-0.01028,-0.03437,
1540589268141452800,-0.73424,16.04672,-0.00386,0.60510,-0.79547,-0.00861,-0.03177,
1540589268174519040,-0.73689,16.06023,-0.00211,0.60550,-0.79524,-0.00837,-0.02984,
1540589268209687296,-0.73849,16.07199,-0.00178,0.60622,-0.79479,-0.00797,-0.02717,
1540589268241035264,-0.74012,16.08614,-0.00397,0.60663,-0.79456,-0.00809,-0.02477,
1540589268276262400,-0.74282,16.09965,-0.00495,0.60697,-0.79433,-0.01058,-0.02286,
1540589268308855296,-0.74259,16.11536,-0.00632,0.60741,-0.79397,-0.01511,-0.02088,
1540589268342281216,-0.74415,16.12858,-0.00830,0.60816,-0.79337,-0.01887,-0.01881,
1540589268376466688,-0.74187,16.13821,-0.01144,0.60850,-0.79304,-0.02333,-0.01606,
1540589268409966592,-0.73796,16.15422,-0.00851,0.60749,-0.79370,-0.02854,-0.01384,
1540589268443486976,-0.73481,16.16721,-0.00333,0.60731,-0.79375,-0.03186,-0.01109,
1540589268477134592,-0.72732,16.17722,-0.00325,0.60734,-0.79377,-0.03191,-0.00751,
1540589268510745600,-0.72054,16.19183,0.00193,0.60600,-0.79498,-0.02755,-0.00315,
1540589268546222336,-0.72213,16.20656,0.00546,0.60532,-0.79574,-0.01919,0.00227,
1540589268577907712,-0.72369,16.21336,0.00831,0.60524,-0.79588,-0.01509,0.00666,
1540589268610897920,-0.72484,16.22389,0.00771,0.60460,-0.79629,-0.01777,0.00771,
1540589268644677888,-0.72123,16.24065,0.00622,0.60423,-0.79646,-0.02178,0.00862,
1540589268679070720,-0.71514,16.25104,0.00181,0.60502,-0.79583,-0.02239,0.01024,
1540589268712236032,-0.71388,16.25865,0.00141,0.60506,-0.79585,-0.01994,0.01168,
1540589268745573888,-0.71559,16.26439,0.00480,0.60506,-0.79589,-0.01710,0.01336,
1540589268778895872,-0.71732,16.27023,0.00335,0.60554,-0.79547,-0.01949,0.01276,
1540589268812639488,-0.71656,16.27694,0.00033,0.60588,-0.79513,-0.02320,0.01177,
1540589268846351360,-0.71358,16.28510,0.00011,0.60568,-0.79524,-0.02501,0.01137,
1540589268881325824,-0.71486,16.29231,0.00050,0.60571,-0.79524,-0.02427,0.01110,
1540589268913849088,-0.71578,16.29366,0.00253,0.60579,-0.79521,-0.02302,0.01135,
1540589268946700544,-0.71605,16.29777,0.00479,0.60534,-0.79555,-0.02349,0.01080,
1540589268980694272,-0.71750,16.30442,0.00593,0.60501,-0.79576,-0.02528,0.00935,
1540589269013918464,-0.71638,16.31031,0.00699,0.60489,-0.79584,-0.02579,0.00884,
1540589269047775744,-0.71653,16.31910,0.00342,0.60512,-0.79569,-0.02518,0.00824,
1540589269081606656,-0.71878,16.32427,-0.00047,0.60545,-0.79548,-0.02401,0.00778,
1540589269115636736,-0.71878,16.32427,-0.00047,0.60545,-0.79548,-0.02401,0.00778,
1540589269148668160,-0.71798,16.32855,-0.00198,0.60591,-0.79507,-0.02617,0.00680,
1540589269182030592,-0.71798,16.32855,-0.00198,0.60591,-0.79507,-0.02617,0.00680,
1540589269219811072,-0.71684,16.33095,0.00034,0.60541,-0.79553,-0.02352,0.00760,
1540589269249448192,-0.71792,16.33201,0.00304,0.60486,-0.79602,-0.02081,0.00798,
1540589269300915712,-0.71792,16.33201,0.00304,0.60486,-0.79602,-0.02081,0.00798,
1540589269332182272,-0.71690,16.33178,0.00502,0.60486,-0.79599,-0.02223,0.00766,
1540589269365951232,-0.71690,16.33178,0.00502,0.60486,-0.79599,-0.02223,0.00766,
1540589269399479552,-0.71690,16.33178,0.00502,0.60486,-0.79599,-0.02223,0.00766,
1540589269432974848,-0.71753,16.33117,0.00686,0.60492,-0.79590,-0.02364,0.00744,
1540589269465921280,-0.71819,16.33301,0.00635,0.60505,-0.79575,-0.02548,0.00716,
1540589269499191040,-0.71819,16.33301,0.00635,0.60505,-0.79575,-0.02548,0.00716,
1540589269532697088,-0.71819,16.33301,0.00635,0.60505,-0.79575,-0.02548,0.00716,
1540589269565867008,-0.71819,16.33301,0.00635,0.60505,-0.79575,-0.02548,0.00716,
1540589269601770240,-0.71819,16.33301,0.00635,0.60505,-0.79575,-0.02548,0.00716,
1540589269633546496,-0.71819,16.33301,0.00635,0.60505,-0.79575,-0.02548,0.00716,
1540589269666781696,-0.71819,16.33301,0.00635,0.60505,-0.79575,-0.02548,0.00716,
1540589269699526912,-0.71819,16.33301,0.00635,0.60505,-0.79575,-0.02548,0.00716,
1540589269732847872,-0.71819,16.33301,0.00635,0.60505,-0.79575,-0.02548,0.00716,
1540589269766028544,-0.71819,16.33301,0.00635,0.60505,-0.79575,-0.02548,0.00716,
1540589269799399424,-0.71819,16.33301,0.00635,0.60505,-0.79575,-0.02548,0.00716,
1540589269832822016,-0.71819,16.33301,0.00635,0.60505,-0.79575,-0.02548,0.00716,
1540589269865884928,-0.71819,16.33301,0.00635,0.60505,-0.79575,-0.02548,0.00716,
1540589269900058368,-0.71819,16.33301,0.00635,0.60505,-0.79575,-0.02548,0.00716,
1540589269933070080,-0.71819,16.33301,0.00635,0.60505,-0.79575,-0.02548,0.00716,
1540589269965997824,-0.71819,16.33301,0.00635,0.60505,-0.79575,-0.02548,0.00716,
1540589269999262208,-0.71819,16.33301,0.00635,0.60505,-0.79575,-0.02548,0.00716,
1540589270033062400,-0.71819,16.33301,0.00635,0.60505,-0.79575,-0.02548,0.00716,
1540589270066315520,-0.71819,16.33301,0.00635,0.60505,-0.79575,-0.02548,0.00716,
1540589270100767488,-0.71819,16.33301,0.00635,0.60505,-0.79575,-0.02548,0.00716,
1540589270133403392,-0.71819,16.33301,0.00635,0.60505,-0.79575,-0.02548,0.00716,
1540589270166461696,-0.71819,16.33301,0.00635,0.60505,-0.79575,-0.02548,0.00716,
1540589270200017664,-0.71819,16.33301,0.00635,0.60505,-0.79575,-0.02548,0.00716,
1540589270232915968,-0.71819,16.33301,0.00635,0.60505,-0.79575,-0.02548,0.00716,
1540589270266395136,-0.71829,16.33451,0.00554,0.60516,-0.79571,-0.02401,0.00748,
1540589270300224256,-0.71829,16.33451,0.00554,0.60516,-0.79571,-0.02401,0.00748,
1540589270332589056,-0.71829,16.33451,0.00554,0.60516,-0.79571,-0.02401,0.00748,
1540589270367964672,-0.71829,16.33451,0.00554,0.60516,-0.79571,-0.02401,0.00748,
1540589270399629824,-0.71829,16.33451,0.00554,0.60516,-0.79571,-0.02401,0.00748,
1540589270433821440,-0.71829,16.33451,0.00554,0.60516,-0.79571,-0.02401,0.00748,
1540589270467136512,-0.71829,16.33451,0.00554,0.60516,-0.79571,-0.02401,0.00748,
1540589270500561408,-0.71829,16.33451,0.00554,0.60516,-0.79571,-0.02401,0.00748,
1540589270533239296,-0.71829,16.33451,0.00554,0.60516,-0.79571,-0.02401,0.00748,
1540589270566209024,-0.71829,16.33451,0.00554,0.60516,-0.79571,-0.02401,0.00748,
1540589270601040640,-0.71829,16.33451,0.00554,0.60516,-0.79571,-0.02401,0.00748,
1540589270633242880,-0.71829,16.33451,0.00554,0.60516,-0.79571,-0.02401,0.00748,
1540589270667203328,-0.71829,16.33451,0.00554,0.60516,-0.79571,-0.02401,0.00748,
1540589270700442368,-0.71829,16.33451,0.00554,0.60516,-0.79571,-0.02401,0.00748,
1540589270733574912,-0.71829,16.33451,0.00554,0.60516,-0.79571,-0.02401,0.00748,
1540589270767057664,-0.71829,16.33451,0.00554,0.60516,-0.79571,-0.02401,0.00748,
1540589270800653568,-0.71829,16.33451,0.00554,0.60516,-0.79571,-0.02401,0.00748,
1540589270833905920,-0.71829,16.33451,0.00554,0.60516,-0.79571,-0.02401,0.00748,
1540589270866242304,-0.71829,16.33451,0.00554,0.60516,-0.79571,-0.02401,0.00748,
1540589270900736256,-0.71829,16.33451,0.00554,0.60516,-0.79571,-0.02401,0.00748,
1540589270934274304,-0.71829,16.33451,0.00554,0.60516,-0.79571,-0.02401,0.00748,
1540589270966499584,-0.71829,16.33451,0.00554,0.60516,-0.79571,-0.02401,0.00748,
1540589270999829760,-0.71829,16.33451,0.00554,0.60516,-0.79571,-0.02401,0.00748,
1540589271033047808,-0.71829,16.33451,0.00554,0.60516,-0.79571,-0.02401,0.00748,
