1540581254588759296,0.00000,0.00000,0.00000,0.59554,-0.80292,0.02551,0.00000,
1540581254622692864,0.00000,0.00000,0.00000,0.59554,-0.80292,0.02551,0.00000,
1540581254654649600,0.00000,0.00000,0.00000,0.59750,-0.80157,0.02090,0.00616,
1540581254687178240,0.00000,0.00000,0.00000,0.59750,-0.80157,0.02090,0.00616,
1540581254721549312,0.00000,0.00000,0.00000,0.59750,-0.80157,0.02090,0.00616,
1540581254754911744,0.00083,0.00248,-0.00239,0.59736,-0.80165,0.02169,0.00659,
1540581254789148928,0.00188,0.00325,-0.00147,0.59699,-0.80189,0.02297,0.00733,
1540581254822318080,0.00284,0.00378,-0.00007,0.59662,-0.80212,0.02406,0.00797,
1540581254855798528,0.00284,0.00378,-0.00007,0.59662,-0.80212,0.02406,0.00797,
1540581254890159872,0.00284,0.00378,-0.00007,0.59662,-0.80212,0.02406,0.00797,
1540581254922913280,0.00284,0.00378,-0.00007,0.59662,-0.80212,0.02406,0.00797,
1540581254956284672,0.00284,0.00378,-0.00007,0.59662,-0.80212,0.02406,0.00797,
1540581254990184192,0.00284,0.00378,-0.00007,0.59662,-0.80212,0.02406,0.00797,
1540581255023183872,0.00284,0.00378,-0.00007,0.59662,-0.80212,0.02406,0.00797,
1540581255059417600,0.00284,0.00378,-0.00007,0.59662,-0.80212,0.02406,0.00797,
1540581255090787328,0.00284,0.00378,-0.00007,0.59662,-0.80212,0.02406,0.00797,
1540581255125353984,0.00284,0.00378,-0.00007,0.59662,-0.80212,0.02406,0.00797,
1540581255158692864,0.00284,0.00378,-0.00007,0.59662,-0.80212,0.02406,0.00797,
1540581255193614080,0.00279,0.00567,-0.00204,0.59668,-0.80209,0.02377,0.00809,
1540581255226054656,0.00340,0.00709,-0.00346,0.59671,-0.80207,0.02343,0.00830,
1540581255259501312,0.00340,0.00709,-0.00346,0.59671,-0.80207,0.02343,0.00830,
1540581255293161216,0.00340,0.00709,-0.00346,0.59671,-0.80207,0.02343,0.00830,
1540581255326352640,0.00340,0.00709,-0.00346,0.59671,-0.80207,0.02343,0.00830,
1540581255360023296,0.00340,0.00709,-0.00346,0.59671,-0.80207,0.02343,0.00830,
1540581255394302720,0.00340,0.00709,-0.00346,0.59671,-0.80207,0.02343,0.00830,
1540581255427645696,0.00340,0.00709,-0.00346,0.59671,-0.80207,0.02343,0.00830,
1540581255460316160,0.00340,0.00709,-0.00346,0.59671,-0.80207,0.02343,0.00830,
1540581255494359808,0.00340,0.00709,-0.00346,0.59671,-0.80207,0.02343,0.00830,
1540581255529079296,0.00340,0.00709,-0.00346,0.59671,-0.80207,0.02343,0.00830,
1540581255561455616,0.00340,0.00709,-0.00346,0.59671,-0.80207,0.02343,0.00830,
1540581255595966976,0.00340,0.00709,-0.00346,0.59671,-0.80207,0.02343,0.00830,
1540581255629787136,0.00340,0.00709,-0.00346,0.59671,-0.80207,0.02343,0.00830,
1540581255662050816,0.00340,0.00709,-0.00346,0.59671,-0.80207,0.02343,0.00830,
1540581255695704320,0.00340,0.00709,-0.00346,0.59671,-0.80207,0.02343,0.00830,
1540581255728685312,0.00340,0.00709,-0.00346,0.59671,-0.80207,0.02343,0.00830,
1540581255763209472,0.00340,0.00709,-0.00346,0.59671,-0.80207,0.02343,0.00830,
1540581255796197632,0.00340,0.00709,-0.00346,0.59671,-0.80207,0.02343,0.00830,
1540581255832864256,0.00340,0.00709,-0.00346,0.59671,-0.80207,0.02343,0.00830,
1540581255899448576,0.00340,0.00709,-0.00346,0.59671,-0.80207,0.02343,0.00830,
1540581255931591168,0.00340,0.00709,-0.00346,0.59671,-0.80207,0.02343,0.00830,
1540581255965756160,0.00340,0.00709,-0.00346,0.59671,-0.80207,0.02343,0.00830,
1540581255998418688,0.00340,0.00709,-0.00346,0.59671,-0.80207,0.02343,0.00830,
1540581256031176448,0.00340,0.00709,-0.00346,0.59671,-0.80207,0.02343,0.00830,
1540581256064828928,0.00340,0.00709,-0.00346,0.59671,-0.80207,0.02343,0.00830,
1540581256099594752,0.00340,0.00709,-0.00346,0.59671,-0.80207,0.02343,0.00830,
1540581256174299136,0.00340,0.00709,-0.00346,0.59671,-0.80207,0.02343,0.00830,
1540581256215393792,0.00458,0.00718,-0.00097,0.59630,-0.80232,0.02488,0.00948,
1540581256248625152,0.00639,0.00930,-0.00020,0.59590,-0.80250,0.02781,0.01145,
1540581256281427712,0.00811,0.01104,0.00099,0.59550,-0.80269,0.03011,0.01316,
1540581256314627840,0.01030,0.01373,0.00295,0.59483,-0.80305,0.03239,0.01535,
1540581256348037632,0.01363,0.01931,0.00235,0.59454,-0.80310,0.03490,0.01818,
1540581256381509888,0.01632,0.02326,0.00196,0.59445,-0.80302,0.03694,0.02066,
1540581256415405312,0.01990,0.02682,0.00345,0.59399,-0.80323,0.03817,0.02331,
1540581256449440512,0.02426,0.03183,0.00273,0.59361,-0.80338,0.03916,0.02604,
1540581256482595072,0.02857,0.03410,0.00397,0.59324,-0.80353,0.03963,0.02878,
1540581256515363584,0.03108,0.03860,0.00170,0.59314,-0.80354,0.03921,0.03107,
1540581256548628736,0.03412,0.04131,0.00133,0.59299,-0.80367,0.03713,0.03331,
1540581256582832640,0.03633,0.04353,0.00101,0.59304,-0.80373,0.03291,0.03510,
1540581256615237120,0.03700,0.04440,0.00152,0.59311,-0.80384,0.02764,0.03611,
1540581256648321280,0.03999,0.04603,0.00084,0.59326,-0.80387,0.02168,0.03702,
1540581256682548736,0.04221,0.04861,-0.00187,0.59357,-0.80370,0.01634,0.03828,
1540581256715414784,0.04417,0.05032,-0.00304,0.59382,-0.80354,0.01188,0.03962,
1540581256749711360,0.04860,0.05129,-0.00311,0.59405,-0.80335,0.00761,0.04104,
1540581256782562048,0.05336,0.05218,-0.00314,0.59408,-0.80323,0.00556,0.04310,
1540581256815522560,0.05549,0.05152,-0.00051,0.59380,-0.80331,0.00596,0.04548,
1540581256848966656,0.05757,0.05212,-0.00247,0.59365,-0.80332,0.00489,0.04734,
1540581256882084864,0.05858,0.04965,-0.00012,0.59297,-0.80374,0.00324,0.04883,
1540581256915457280,0.06221,0.05095,0.00112,0.59229,-0.80413,0.00198,0.05071,
1540581256948678144,0.06469,0.05150,-0.00013,0.59200,-0.80428,0.00045,0.05170,
1540581256982585088,0.06600,0.05227,-0.00020,0.59128,-0.80473,-0.00011,0.05279,
1540581257015147008,0.06577,0.05647,-0.00254,0.59126,-0.80469,-0.00108,0.05372,
1540581257049647616,0.06833,0.05833,-0.00681,0.59204,-0.80406,-0.00269,0.05452,
1540581257082064640,0.07072,0.05688,-0.00582,0.59202,-0.80400,-0.00164,0.05572,
1540581257115536384,0.07211,0.05852,-0.00574,0.59160,-0.80413,0.00334,0.05807,
1540581257148825600,0.07084,0.05696,-0.00207,0.59112,-0.80418,0.01060,0.06123,
1540581257182196736,0.06917,0.05732,-0.00285,0.59084,-0.80417,0.01477,0.06321,
1540581257215738368,0.06752,0.05552,-0.00181,0.59033,-0.80447,0.01606,0.06384,
1540581257248872448,0.06624,0.05624,0.00155,0.58936,-0.80498,0.01911,0.06552,
1540581257282178048,0.06633,0.06035,0.00006,0.58895,-0.80505,0.02263,0.06726,
1540581257315777536,0.06222,0.06106,-0.00067,0.58862,-0.80512,0.02628,0.06798,
1540581257348846080,0.05760,0.06197,0.00004,0.58840,-0.80525,0.02762,0.06788,
1540581257383624960,0.05457,0.06225,-0.00085,0.58907,-0.80515,0.02354,0.06467,
1540581257418697216,0.05169,0.06279,-0.00570,0.58956,-0.80513,0.02048,0.06140,
1540581257448814080,0.05558,0.06208,0.00113,0.58894,-0.80560,0.02232,0.06050,
1540581257482560000,0.05134,0.05863,0.00516,0.58949,-0.80539,0.02460,0.05689,
1540581257515626752,0.04772,0.05540,0.01285,0.58942,-0.80543,0.02810,0.05540,
1540581257549292544,0.04732,0.06097,0.00970,0.58882,-0.80603,0.02882,0.05262,
1540581257582672384,0.04365,0.06184,0.00738,0.58936,-0.80602,0.02743,0.04726,
1540581257615903488,0.04152,0.05814,0.00738,0.59011,-0.80576,0.02609,0.04287,
1540581257649511168,0.04264,0.05929,-0.00048,0.59128,-0.80543,0.02023,0.03541,
1540581257682438912,0.04324,0.05721,0.00180,0.59153,-0.80562,0.01738,0.02766,
1540581257715954944,0.04613,0.05549,0.00070,0.59224,-0.80521,0.01961,0.02271,
1540581257750841088,0.04655,0.05772,-0.00138,0.59231,-0.80520,0.02314,0.01685,
1540581257782599424,0.04657,0.05965,-0.00221,0.59245,-0.80500,0.02886,0.01180,
1540581257816357376,0.04900,0.05866,0.00154,0.59250,-0.80477,0.03504,0.00822,
1540581257850557952,0.04979,0.05692,0.00198,0.59256,-0.80448,0.04084,0.00417,
1540581257882777088,0.05022,0.06106,0.00524,0.59177,-0.80470,0.04763,0.00093,
1540581257915699200,0.05155,0.06307,0.00581,0.59200,-0.80419,0.05303,-0.00135,
1540581257949507072,0.05179,0.06474,0.00173,0.59204,-0.80397,0.05572,-0.00462,
1540581257984046336,0.05061,0.06752,0.00357,0.59135,-0.80440,0.05636,-0.00853,
1540581258015866880,0.04925,0.06748,0.00162,0.59167,-0.80410,0.05685,-0.01088,
1540581258050515968,0.05099,0.06822,-0.00067,0.59168,-0.80410,0.05628,-0.01304,
1540581258084547840,0.05157,0.06862,0.00313,0.59121,-0.80439,0.05655,-0.01537,
1540581258115803392,0.05117,0.07303,0.00091,0.59123,-0.80410,0.06028,-0.01544,
1540581258149981952,0.04794,0.07373,-0.00036,0.59142,-0.80357,0.06554,-0.01422,
1540581258183417600,0.04139,0.07249,-0.00058,0.59154,-0.80324,0.06856,-0.01342,
1540581258217289216,0.03446,0.06912,0.00117,0.59170,-0.80306,0.06949,-0.01221,
1540581258252010240,0.02944,0.06769,-0.00168,0.59234,-0.80283,0.06685,-0.01168,
1540581258285818368,0.02267,0.06361,0.00004,0.59245,-0.80309,0.06254,-0.01188,
1540581258318050048,0.01606,0.05986,0.00215,0.59243,-0.80340,0.05883,-0.01116,
1540581258352188416,0.01098,0.05793,0.00347,0.59256,-0.80355,0.05551,-0.01026,
1540581258384695552,0.00517,0.05844,0.00323,0.59272,-0.80363,0.05265,-0.00940,
1540581258420049408,-0.00425,0.05532,0.00327,0.59311,-0.80346,0.05110,-0.00757,
1540581258451937280,-0.01009,0.05464,0.00446,0.59289,-0.80381,0.04827,-0.00614,
1540581258485636352,-0.01406,0.05795,0.00456,0.59265,-0.80415,0.04557,-0.00497,
1540581258518337024,-0.02304,0.05877,0.00125,0.59306,-0.80382,0.04624,-0.00239,
1540581258552750080,-0.02915,0.05850,0.00228,0.59276,-0.80412,0.04504,0.00005,
1540581258586314496,-0.03646,0.06228,0.00107,0.59265,-0.80433,0.04267,0.00130,
1540581258619259904,-0.04318,0.06077,0.00164,0.59307,-0.80410,0.04094,0.00348,
1540581258652426240,-0.04810,0.05963,0.00013,0.59323,-0.80420,0.03624,0.00437,
1540581258686817792,-0.05134,0.06165,0.00223,0.59304,-0.80450,0.03254,0.00537,
1540581258719502848,-0.05161,0.06158,0.00155,0.59362,-0.80423,0.02817,0.00566,
1540581258752517888,-0.05529,0.05872,0.00035,0.59384,-0.80413,0.02644,0.00639,
1540581258790052352,-0.05589,0.06173,0.00276,0.59291,-0.80482,0.02557,0.00787,
1540581258820470784,-0.05837,0.06142,0.00433,0.59273,-0.80508,0.02173,0.00656,
1540581258853761792,-0.05900,0.05922,0.00412,0.59260,-0.80527,0.01808,0.00549,
1540581258888788736,-0.05259,0.06226,0.00270,0.59186,-0.80588,0.01542,0.00451,
1540581258921476096,-0.04868,0.06598,0.00360,0.59092,-0.80657,0.01551,0.00282,
1540581258955164928,-0.04987,0.06981,0.00681,0.59017,-0.80697,0.02218,0.00379,
1540581258988545024,-0.04889,0.06817,0.00908,0.59004,-0.80691,0.02718,0.00452,
1540581259022150400,-0.04754,0.06824,0.00630,0.58960,-0.80722,0.02757,0.00280,
1540581259056348672,-0.04703,0.06884,0.00755,0.58862,-0.80793,0.02763,0.00105,
1540581259090086912,-0.04702,0.06739,0.00595,0.58845,-0.80816,0.02454,-0.00193,
1540581259122911488,-0.04343,0.06652,0.00318,0.58847,-0.80827,0.01952,-0.00507,
1540581259156684544,-0.03683,0.06428,0.00486,0.58816,-0.80856,0.01596,-0.00745,
1540581259189971712,-0.03139,0.06524,0.00590,0.58793,-0.80873,0.01395,-0.00981,
1540581259223364096,-0.02820,0.06799,0.00270,0.58802,-0.80865,0.01420,-0.01122,
1540581259257131776,-0.02449,0.07161,0.00102,0.58781,-0.80878,0.01405,-0.01219,
1540581259291009280,-0.02323,0.07177,0.00494,0.58762,-0.80892,0.01290,-0.01354,
1540581259324472320,-0.02122,0.07344,0.00638,0.58792,-0.80871,0.01083,-0.01457,
1540581259358119424,-0.02122,0.07344,0.00638,0.58792,-0.80871,0.01083,-0.01457,
1540581259391111424,-0.02122,0.07344,0.00638,0.58792,-0.80871,0.01083,-0.01457,
1540581259425849088,-0.02111,0.07686,0.00479,0.58807,-0.80861,0.01097,-0.01430,
1540581259458421248,-0.02375,0.07752,0.00269,0.58884,-0.80806,0.01006,-0.01394,
1540581259492158720,-0.02527,0.07557,0.00395,0.58927,-0.80779,0.00857,-0.01267,
1540581259526938624,-0.02104,0.07746,0.00557,0.58938,-0.80776,0.00506,-0.01156,
1540581259559134464,-0.02189,0.07917,0.00558,0.58960,-0.80762,0.00174,-0.01110,
1540581259593220608,-0.02126,0.08364,0.00501,0.58949,-0.80773,-0.00027,-0.00889,
1540581259626891520,-0.01799,0.09084,0.00780,0.58925,-0.80792,-0.00220,-0.00681,
1540581259660498432,-0.01549,0.09507,0.00729,0.58984,-0.80749,-0.00432,-0.00546,
1540581259695215616,-0.01210,0.10207,0.00603,0.58985,-0.80750,-0.00311,-0.00218,
1540581259728629248,-0.00962,0.11059,0.00813,0.58982,-0.80754,-0.00141,0.00092,
1540581259761654016,-0.01039,0.11520,0.00605,0.59067,-0.80691,-0.00064,0.00316,
1540581259796070400,-0.00447,0.11851,0.00844,0.59064,-0.80691,0.00019,0.00643,
1540581259827984896,-0.00015,0.12887,0.00932,0.59046,-0.80703,-0.00155,0.00686,
1540581259862872832,-0.00459,0.13338,0.00596,0.59155,-0.80623,-0.00318,0.00722,
1540581259895098112,-0.00002,0.13889,0.00254,0.59185,-0.80598,-0.00638,0.00851,
1540581259929488384,0.01126,0.15048,0.00541,0.59129,-0.80635,-0.01050,0.00799,
1540581259962316032,0.00783,0.16121,0.00563,0.59147,-0.80624,-0.00928,0.00749,
1540581259996618496,0.00447,0.16855,0.00150,0.59215,-0.80574,-0.00814,0.00855,
1540581260030079232,0.01149,0.17804,0.00081,0.59193,-0.80586,-0.01173,0.00782,
1540581260063698688,0.01294,0.19098,0.00414,0.59148,-0.80621,-0.01100,0.00733,
1540581260096839424,0.01003,0.19980,0.00158,0.59219,-0.80571,-0.00918,0.00733,
1540581260130866432,0.01166,0.21031,0.00010,0.59232,-0.80561,-0.00997,0.00681,
1540581260165609984,0.01380,0.22453,0.00219,0.59223,-0.80568,-0.00983,0.00613,
1540581260198530816,0.00997,0.23379,0.00042,0.59307,-0.80510,-0.00706,0.00620,
1540581260232094720,0.00862,0.24620,-0.00041,0.59313,-0.80506,-0.00522,0.00689,
1540581260265463552,0.00804,0.26289,-0.00238,0.59354,-0.80476,-0.00610,0.00612,
1540581260299453184,0.00263,0.27674,-0.00535,0.59452,-0.80404,-0.00661,0.00538,
1540581260331927552,0.00150,0.29061,-0.00893,0.59525,-0.80350,-0.00603,0.00623,
1540581260366010368,0.00139,0.30664,-0.01011,0.59570,-0.80316,-0.00503,0.00676,
1540581260399301632,-0.00276,0.31927,-0.01209,0.59644,-0.80263,-0.00223,0.00721,
1540581260433573120,-0.00405,0.33298,-0.00739,0.59603,-0.80292,0.00112,0.00822,
1540581260466986240,-0.00919,0.34699,-0.00494,0.59590,-0.80302,0.00276,0.00743,
1540581260503395072,-0.01891,0.36006,-0.00094,0.59481,-0.80381,0.00570,0.00754,
1540581260568749312,-0.02518,0.39408,0.00246,0.59337,-0.80489,0.00509,0.00623,
1540581260602189568,-0.03455,0.40673,0.00469,0.59293,-0.80523,0.00460,0.00506,
1540581260634963712,-0.03679,0.42092,0.00585,0.59229,-0.80571,0.00266,0.00438,
1540581260686686208,-0.04237,0.43528,0.01024,0.59153,-0.80628,-0.00238,0.00005,
1540581260718504448,-0.04811,0.44963,0.01038,0.59171,-0.80614,-0.00278,-0.00102,
1540581260751978240,-0.05082,0.46222,0.01085,0.59167,-0.80617,-0.00430,-0.00226,
1540581260784745472,-0.05366,0.47629,0.00859,0.59155,-0.80622,-0.00707,-0.00485,
1540581260818128128,-0.05411,0.49041,0.00791,0.59099,-0.80663,-0.00690,-0.00560,
1540581260851560192,-0.05209,0.50687,0.00813,0.59070,-0.80685,-0.00497,-0.00610,
1540581260885288448,-0.05149,0.51993,0.00979,0.59070,-0.80687,0.00027,-0.00586,
1540581260918172928,-0.05022,0.53529,0.01076,0.59014,-0.80725,0.00690,-0.00500,
1540581260951879936,-0.04736,0.55088,0.01207,0.58984,-0.80741,0.01207,-0.00468,
1540581260985176576,-0.04693,0.56592,0.01037,0.59015,-0.80712,0.01605,-0.00492,
1540581261018727680,-0.04426,0.58264,0.00587,0.59052,-0.80681,0.01785,-0.00525,
1540581261051136512,-0.04067,0.59868,0.00344,0.59098,-0.80646,0.01833,-0.00610,
1540581261085145600,-0.03749,0.61019,0.00128,0.59162,-0.80595,0.01942,-0.00654,
1540581261118053376,-0.03277,0.62592,0.00219,0.59141,-0.80605,0.02198,-0.00607,
1540581261151104512,-0.02612,0.63993,0.00249,0.59172,-0.80576,0.02435,-0.00580,
1540581261184888320,-0.02223,0.65562,0.00404,0.59132,-0.80597,0.02680,-0.00597,
1540581261219740672,-0.01653,0.67230,0.00225,0.59156,-0.80569,0.02981,-0.00474,
1540581261252241664,-0.00923,0.69098,-0.00040,0.59174,-0.80549,0.03192,-0.00372,
1540581261285128704,-0.00519,0.70590,0.00155,0.59150,-0.80558,0.03385,-0.00328,
1540581261318596352,-0.00322,0.71788,0.00336,0.59143,-0.80568,0.03283,-0.00284,
1540581261353624064,0.00288,0.73380,0.00540,0.59074,-0.80645,0.02564,-0.00332,
1540581261384814592,0.01210,0.75184,0.00848,0.58989,-0.80726,0.01863,-0.00427,
1540581261418398976,0.02202,0.76884,0.01181,0.58944,-0.80765,0.01577,-0.00357,
1540581261451534080,0.02958,0.78977,0.01162,0.58860,-0.80826,0.01627,-0.00162,
1540581261485591040,0.04102,0.80498,0.01299,0.58714,-0.80925,0.01963,0.00218,
1540581261518382336,0.04698,0.82669,0.01586,0.58604,-0.80993,0.02328,0.00509,
1540581261552533248,0.05054,0.84204,0.01048,0.58648,-0.80960,0.02300,0.00774,
1540581261585665024,0.05631,0.85358,0.00690,0.58625,-0.80985,0.01913,0.00905,
1540581261618576640,0.05922,0.86587,0.00923,0.58566,-0.81038,0.01414,0.00934,
1540581261652222720,0.05900,0.87325,0.00735,0.58643,-0.80989,0.00873,0.00990,
1540581261686548480,0.06783,0.87567,0.01228,0.58634,-0.81000,0.00139,0.01046,
1540581261718208512,0.07322,0.88901,0.01312,0.58582,-0.81037,-0.00131,0.01108,
1540581261751333632,0.07202,0.89700,0.01576,0.58611,-0.81012,0.00037,0.01354,
1540581261786187776,0.07442,0.90532,0.01489,0.58628,-0.80993,0.00068,0.01684,
1540581261818433280,0.07550,0.91985,0.01422,0.58601,-0.81007,-0.00032,0.01933,
1540581261851879168,0.07251,0.93045,0.01014,0.58682,-0.80941,-0.00119,0.02207,
1540581261885873408,0.07426,0.93953,0.01068,0.58705,-0.80916,-0.00541,0.02461,
1540581261918402560,0.07542,0.95066,0.01120,0.58724,-0.80890,-0.00982,0.02693,
1540581261952399616,0.07630,0.96019,0.00913,0.58786,-0.80830,-0.01079,0.03109,
1540581261985210880,0.07670,0.97199,0.01241,0.58745,-0.80847,-0.01381,0.03301,
1540581262018715904,0.07564,0.98363,0.00918,0.58786,-0.80804,-0.01694,0.03474,
1540581262051951360,0.07140,0.99421,0.01118,0.58749,-0.80816,-0.01748,0.03791,
1540581262085972736,0.07271,1.01141,0.00794,0.58748,-0.80796,-0.02150,0.04008,
1540581262118881536,0.07300,1.02737,0.00390,0.58803,-0.80739,-0.02452,0.04167,
1540581262152111104,0.07130,1.04093,0.00554,0.58808,-0.80723,-0.02491,0.04384,
1540581262185575424,0.07078,1.05617,0.00672,0.58835,-0.80691,-0.02649,0.04519,
1540581262218793472,0.07191,1.06913,0.00847,0.58835,-0.80681,-0.02780,0.04609,
1540581262252364288,0.07052,1.08771,0.01184,0.58745,-0.80745,-0.02688,0.04702,
1540581262286791424,0.06568,1.10797,0.01095,0.58738,-0.80750,-0.02666,0.04701,
1540581262318795520,0.05939,1.12596,0.01237,0.58738,-0.80750,-0.02943,0.04546,
1540581262351892480,0.05498,1.14463,0.01120,0.58736,-0.80747,-0.03301,0.04369,
1540581262385754880,0.05034,1.16327,0.01162,0.58685,-0.80782,-0.03596,0.04171,
1540581262418662912,0.04564,1.18280,0.01505,0.58610,-0.80833,-0.03980,0.03875,
1540581262452589568,0.04285,1.20401,0.01621,0.58566,-0.80867,-0.04152,0.03647,
1540581262486496768,0.04084,1.22179,0.02091,0.58525,-0.80912,-0.03946,0.03547,
1540581262521244672,0.03350,1.23858,0.02116,0.58530,-0.80926,-0.03757,0.03334,
1540581262552732160,0.02894,1.25679,0.01583,0.58566,-0.80911,-0.03686,0.03132,
1540581262587234560,0.02940,1.27462,0.01479,0.58594,-0.80902,-0.03593,0.02946,
1540581262621894144,0.02645,1.28688,0.01157,0.58658,-0.80876,-0.03288,0.02746,
1540581262656283904,0.02414,1.30205,0.01354,0.58608,-0.80932,-0.02857,0.02633,
1540581262687680256,0.02073,1.31772,0.01417,0.58629,-0.80932,-0.02615,0.02417,
1540581262721271040,0.01990,1.33294,0.01212,0.58666,-0.80915,-0.02449,0.02246,
1540581262754825472,0.02227,1.34689,0.01075,0.58662,-0.80930,-0.02153,0.02121,
1540581262787834880,0.02259,1.36486,0.01327,0.58602,-0.80988,-0.01726,0.01935,
1540581262822031104,0.02115,1.38237,0.01080,0.58660,-0.80958,-0.01244,0.01821,
1540581262852997632,0.01759,1.39293,0.00900,0.58766,-0.80888,-0.00909,0.01678,
1540581262888000512,0.01893,1.40994,0.00715,0.58820,-0.80854,-0.00818,0.01484,
1540581262920181504,0.02126,1.42330,0.00886,0.58895,-0.80804,-0.00661,0.01306,
1540581262954095872,0.02049,1.44020,0.00514,0.58969,-0.80754,-0.00332,0.01177,
1540581262991370496,0.02207,1.45834,0.00205,0.59017,-0.80720,-0.00048,0.01079,
1540581263022595840,0.02253,1.47612,0.00041,0.59088,-0.80671,0.00134,0.00903,
1540581263055553792,0.02408,1.49162,-0.00025,0.59151,-0.80626,0.00294,0.00779,
1540581263088242944,0.02582,1.51187,-0.00073,0.59181,-0.80604,0.00463,0.00657,
1540581263120736256,0.02694,1.52882,-0.00112,0.59258,-0.80547,0.00601,0.00537,
1540581263154571776,0.02645,1.54809,-0.00315,0.59308,-0.80510,0.00727,0.00427,
1540581263187860992,0.02697,1.56712,-0.00539,0.59342,-0.80486,0.00675,0.00305,
1540581263221321216,0.03330,1.58876,-0.00463,0.59320,-0.80504,0.00554,0.00203,
1540581263255468032,0.03467,1.60942,-0.00279,0.59314,-0.80507,0.00670,0.00117,
1540581263289530880,0.03513,1.62417,0.00013,0.59282,-0.80528,0.00891,0.00161,
1540581263322260480,0.03990,1.64709,0.00583,0.59129,-0.80641,0.00854,0.00125,
1540581263357875968,0.04314,1.67060,0.01360,0.58994,-0.80737,0.01045,0.00174,
1540581263389974272,0.04583,1.69000,0.01022,0.58984,-0.80739,0.01390,0.00343,
1540581263423126016,0.04940,1.71451,0.01102,0.58845,-0.80836,0.01621,0.00470,
1540581263457439488,0.04941,1.72909,0.01297,0.58829,-0.80841,0.01862,0.00622,
1540581263490474240,0.04653,1.74593,0.00826,0.58852,-0.80823,0.01855,0.00746,
1540581263525175808,0.05137,1.75810,0.00699,0.58854,-0.80832,0.01310,0.00770,
1540581263557911040,0.05725,1.77681,0.00545,0.58845,-0.80847,0.00753,0.00713,
1540581263591725312,0.06051,1.79119,0.00578,0.58877,-0.80823,0.00664,0.00803,
1540581263626076672,0.06570,1.80584,0.00733,0.58884,-0.80812,0.00958,0.01088,
1540581263659371776,0.06550,1.81841,0.00641,0.58902,-0.80789,0.01386,0.01308,
1540581263692912640,0.06155,1.83187,0.00776,0.58867,-0.80803,0.01769,0.01550,
1540581263725991936,0.05756,1.84920,0.00782,0.58902,-0.80777,0.01688,0.01654,
1540581263760040448,0.05610,1.85786,0.00200,0.59074,-0.80662,0.01179,0.01596,
1540581263794315008,0.05923,1.87271,0.00304,0.59052,-0.80683,0.00757,0.01580,
1540581263827517184,0.06047,1.88910,0.00152,0.59113,-0.80640,0.00613,0.01579,
1540581263859954944,0.05697,1.90069,0.00148,0.59193,-0.80579,0.00711,0.01634,
1540581263894701568,0.05479,1.91443,0.00281,0.59192,-0.80574,0.00899,0.01810,
1540581263928316416,0.05115,1.92939,0.00396,0.59214,-0.80558,0.00861,0.01836,
1540581263960398336,0.04349,1.94518,0.00129,0.59263,-0.80525,0.00690,0.01781,
1540581263994698496,0.03870,1.96288,-0.00183,0.59303,-0.80497,0.00433,0.01793,
1540581264027953920,0.03654,1.98223,-0.00454,0.59369,-0.80451,0.00035,0.01719,
1540581264061996800,0.03199,1.99632,-0.00346,0.59422,-0.80414,-0.00213,0.01609,
1540581264095225856,0.02840,2.01509,-0.00450,0.59415,-0.80419,-0.00189,0.01615,
1540581264129484288,0.02478,2.03631,-0.00340,0.59383,-0.80443,-0.00091,0.01590,
1540581264162449920,0.01720,2.05070,0.00109,0.59354,-0.80466,0.00092,0.01520,
1540581264195671040,0.01303,2.06889,0.00300,0.59266,-0.80528,0.00447,0.01606,
1540581264230550272,0.01226,2.09083,0.00732,0.59099,-0.80646,0.00886,0.01652,
1540581264263747328,0.00238,2.10954,0.01294,0.58967,-0.80739,0.01341,0.01507,
1540581264297503744,-0.00688,2.13088,0.01343,0.58884,-0.80788,0.01892,0.01535,
1540581264331068928,-0.01091,2.15202,0.01116,0.58851,-0.80806,0.02149,0.01517,
1540581264364372736,-0.01868,2.17191,0.01126,0.58851,-0.80809,0.02197,0.01297,
1540581264399346688,-0.02568,2.18537,0.00644,0.58966,-0.80724,0.02312,0.01180,
1540581264431937280,-0.02684,2.20109,0.00468,0.58966,-0.80719,0.02468,0.01151,
1540581264465396992,-0.03191,2.21432,0.00419,0.58985,-0.80701,0.02663,0.01047,
1540581264499237888,-0.03696,2.23009,0.00455,0.58987,-0.80695,0.02807,0.00990,
1540581264532354560,-0.03713,2.24494,0.00349,0.59035,-0.80663,0.02740,0.00896,
1540581264566033920,-0.03426,2.25860,0.00160,0.59053,-0.80650,0.02770,0.00798,
1540581264599722496,-0.03307,2.27644,0.00401,0.58996,-0.80677,0.03176,0.00754,
1540581264632539648,-0.03679,2.29147,0.00455,0.59044,-0.80622,0.03678,0.00686,
1540581264666970368,-0.03854,2.30393,0.00519,0.59091,-0.80573,0.03979,0.00616,
1540581264700321536,-0.03893,2.32267,0.00120,0.59144,-0.80532,0.04044,0.00424,
1540581264734460416,-0.04045,2.33737,-0.00052,0.59241,-0.80463,0.04020,0.00173,
1540581264767501056,-0.03955,2.35462,-0.00646,0.59356,-0.80383,0.03935,-0.00069,
1540581264802524928,-0.03802,2.36953,-0.00873,0.59455,-0.80310,0.03917,-0.00311,
1540581264835399168,-0.03475,2.39074,-0.01122,0.59531,-0.80240,0.04178,-0.00404,
1540581264868720896,-0.03231,2.40866,-0.01493,0.59657,-0.80118,0.04689,-0.00440,
1540581264901964288,-0.02954,2.42645,-0.01402,0.59701,-0.80044,0.05344,-0.00397,
1540581264935598336,-0.03344,2.44024,-0.00875,0.59717,-0.79975,0.06156,-0.00294,
1540581264971162624,-0.04049,2.45771,-0.00802,0.59726,-0.79954,0.06322,-0.00432,
1540581265006501632,-0.04543,2.47819,-0.00817,0.59715,-0.80010,0.05642,-0.00752,
1540581265038220032,-0.04199,2.49922,-0.01259,0.59751,-0.80053,0.04483,-0.01106,
1540581265069580288,-0.03967,2.51910,-0.01052,0.59696,-0.80140,0.03424,-0.01493,
1540581265103461888,-0.03546,2.53769,-0.00485,0.59593,-0.80245,0.02491,-0.01794,
1540581265136826624,-0.02912,2.56218,-0.00304,0.59492,-0.80330,0.02123,-0.01825,
1540581265172940032,-0.02215,2.58340,0.00036,0.59420,-0.80386,0.02144,-0.01653,
1540581265204812288,-0.01735,2.60408,0.00239,0.59356,-0.80434,0.02229,-0.01517,
1540581265237979904,-0.01301,2.62451,0.00177,0.59324,-0.80456,0.02419,-0.01278,
1540581265271927040,-0.00920,2.64543,0.00076,0.59315,-0.80461,0.02597,-0.01018,
1540581265321533952,-0.00357,2.66239,-0.00270,0.59385,-0.80418,0.02412,-0.00823,
1540581265354038016,0.00065,2.68040,-0.00430,0.59338,-0.80459,0.02235,-0.00651,
1540581265387755264,0.00560,2.69886,-0.00100,0.59287,-0.80495,0.02335,-0.00435,
1540581265421230592,0.00798,2.71368,-0.00006,0.59339,-0.80442,0.02828,-0.00130,
1540581265454156544,0.00930,2.73042,-0.00093,0.59298,-0.80448,0.03425,0.00275,
1540581265487562240,0.00939,2.74571,0.00003,0.59192,-0.80512,0.03712,0.00565,
1540581265521914624,0.00549,2.76460,-0.00316,0.59275,-0.80452,0.03650,0.00747,
1540581265555033856,0.00480,2.77905,-0.00628,0.59389,-0.80386,0.03190,0.00917,
1540581265587853568,0.00608,2.79243,-0.00796,0.59392,-0.80397,0.02761,0.01108,
1540581265621341440,0.00357,2.80911,-0.00588,0.59418,-0.80378,0.02648,0.01375,
1540581265655205120,0.00271,2.82587,-0.00820,0.59521,-0.80301,0.02482,0.01714,
1540581265687671808,0.00156,2.83972,-0.00753,0.59545,-0.80285,0.02195,0.01952,
1540581265721318144,-0.00315,2.85976,-0.00717,0.59561,-0.80273,0.02005,0.02163,
1540581265755370752,-0.00678,2.87879,-0.00770,0.59627,-0.80227,0.01667,0.02346,
1540581265788720384,-0.01136,2.89630,-0.01111,0.59726,-0.80162,0.01139,0.02373,
1540581265820950016,-0.01746,2.91600,-0.01102,0.59725,-0.80166,0.00759,0.02395,
1540581265854354944,-0.02127,2.93524,-0.01157,0.59747,-0.80150,0.00533,0.02463,
1540581265888327936,-0.02612,2.95561,-0.00977,0.59711,-0.80176,0.00484,0.02494,
1540581265921736704,-0.03093,2.97249,-0.00342,0.59639,-0.80227,0.00615,0.02558,
1540581265954661888,-0.03660,2.99572,-0.00389,0.59564,-0.80278,0.00858,0.02619,
1540581265987350272,-0.04353,3.00912,0.00609,0.59419,-0.80386,0.00932,0.02557,
1540581266021527808,-0.04891,3.02879,0.00965,0.59300,-0.80479,0.00806,0.02447,
1540581266054720768,-0.05453,3.05405,0.01218,0.59196,-0.80566,0.00450,0.02170,
1540581266087467776,-0.05878,3.07451,0.00968,0.59226,-0.80551,0.00203,0.01958,
1540581266122745600,-0.06080,3.09581,0.00981,0.59215,-0.80563,0.00118,0.01750,
1540581266154626560,-0.06104,3.11802,0.00595,0.59265,-0.80528,0.00414,0.01643,
1540581266188008192,-0.06586,3.13307,0.00132,0.59282,-0.80512,0.01001,0.01585,
1540581266221342720,-0.07080,3.14901,-0.00043,0.59245,-0.80540,0.01126,0.01415,
1540581266255582208,-0.07392,3.16406,0.00193,0.59238,-0.80555,0.00732,0.01065,
1540581266287968256,-0.07304,3.17620,0.00047,0.59323,-0.80499,0.00345,0.00725,
1540581266322141952,-0.06784,3.19318,0.00090,0.59260,-0.80546,0.00510,0.00572,
1540581266357095168,-0.06727,3.20807,0.00684,0.59202,-0.80582,0.01201,0.00502,
1540581266388397568,-0.06984,3.22644,0.00427,0.59209,-0.80566,0.01797,0.00467,
1540581266421687808,-0.06819,3.24411,-0.00062,0.59248,-0.80536,0.01889,0.00353,
1540581266454405888,-0.06519,3.26118,-0.00289,0.59294,-0.80506,0.01737,0.00117,
1540581266487694848,-0.06103,3.27708,-0.00494,0.59353,-0.80461,0.01811,-0.00018,
1540581266521478144,-0.05421,3.29622,-0.00601,0.59382,-0.80431,0.02162,-0.00021,
1540581266554288128,-0.05005,3.31603,-0.00705,0.59423,-0.80383,0.02731,-0.00019,
1540581266587810560,-0.04586,3.33366,-0.00809,0.59467,-0.80324,0.03419,0.00038,
1540581266621238528,-0.03907,3.35388,-0.00707,0.59456,-0.80304,0.04016,0.00085,
1540581266654989568,-0.03562,3.37471,-0.00788,0.59487,-0.80248,0.04639,0.00084,
1540581266689451264,-0.03372,3.39339,-0.00581,0.59489,-0.80216,0.05153,0.00055,
1540581266721721088,-0.03215,3.41134,-0.00586,0.59478,-0.80205,0.05433,-0.00004,
1540581266755048192,-0.02880,3.43666,-0.00553,0.59438,-0.80239,0.05362,-0.00138,
1540581266788198144,-0.02396,3.45708,-0.00276,0.59425,-0.80265,0.05112,-0.00327,
1540581266821565696,-0.01834,3.47887,-0.00101,0.59362,-0.80316,0.05039,-0.00391,
1540581266855113216,-0.01152,3.50101,0.00643,0.59225,-0.80419,0.05009,-0.00414,
1540581266888281344,-0.00524,3.52420,0.01031,0.59129,-0.80487,0.05053,-0.00407,
1540581266922030080,-0.00154,3.54729,0.01162,0.59050,-0.80538,0.05164,-0.00359,
1540581266955028992,0.00318,3.56999,0.01202,0.58953,-0.80616,0.05057,-0.00382,
1540581266988434944,0.00607,3.59482,0.01111,0.58908,-0.80669,0.04691,-0.00558,
1540581267021968384,0.00587,3.60878,0.00999,0.58950,-0.80660,0.04287,-0.00723,
1540581267055831040,0.00829,3.62646,0.00956,0.58930,-0.80703,0.03674,-0.00928,
1540581267089361408,0.01340,3.64339,0.01276,0.58927,-0.80726,0.03098,-0.01140,
1540581267122068224,0.01875,3.66268,0.01121,0.58941,-0.80721,0.02936,-0.01211,
1540581267156019456,0.02282,3.68236,0.00877,0.58946,-0.80709,0.03173,-0.01169,
1540581267188077312,0.02228,3.69755,0.00779,0.58994,-0.80655,0.03675,-0.01012,
1540581267221598720,0.02087,3.71099,0.00668,0.59010,-0.80633,0.03924,-0.00900,
1540581267255323392,0.01996,3.72904,0.00442,0.59024,-0.80625,0.03879,-0.00865,
1540581267288750848,0.01916,3.74314,0.00229,0.59132,-0.80562,0.03519,-0.00931,
1540581267322539264,0.02086,3.75949,-0.00191,0.59228,-0.80509,0.03067,-0.00987,
1540581267355780608,0.02166,3.77599,-0.00515,0.59315,-0.80455,0.02795,-0.00983,
1540581267390361856,0.02096,3.79032,-0.00251,0.59390,-0.80405,0.02653,-0.00905,
1540581267426285312,0.02002,3.80399,-0.00330,0.59495,-0.80333,0.02534,-0.00782,
1540581267457442048,0.01914,3.82181,-0.00576,0.59547,-0.80301,0.02316,-0.00711,
1540581267490455552,0.01724,3.84349,-0.00589,0.59568,-0.80293,0.02043,-0.00692,
1540581267524702464,0.01476,3.85994,-0.00984,0.59680,-0.80218,0.01665,-0.00732,
1540581267559428864,0.01503,3.87260,-0.00985,0.59674,-0.80229,0.01357,-0.00727,
1540581267591151616,0.01314,3.88906,-0.00085,0.59538,-0.80333,0.01140,-0.00773,
1540581267625449216,0.01036,3.90974,0.00190,0.59443,-0.80404,0.01010,-0.00824,
1540581267660343296,0.00883,3.93059,0.00613,0.59267,-0.80533,0.01068,-0.00820,
1540581267690444800,0.00795,3.95336,0.01344,0.59047,-0.80692,0.01258,-0.00812,
1540581267723567872,0.00400,3.97707,0.01613,0.58871,-0.80814,0.01654,-0.00787,
1540581267757720576,0.00275,3.99861,0.02359,0.58690,-0.80934,0.02150,-0.00707,
1540581267791047936,0.00435,4.02943,0.02045,0.58613,-0.80977,0.02592,-0.00688,
1540581267824493056,0.00223,4.05295,0.01842,0.58630,-0.80939,0.03328,-0.00601,
1540581267858879488,-0.00110,4.06820,0.01589,0.58681,-0.80866,0.04125,-0.00460,
1540581267891946752,-0.00641,4.08485,0.01399,0.58652,-0.80859,0.04641,-0.00392,
1540581267927106304,-0.01693,4.10292,0.01072,0.58659,-0.80854,0.04645,-0.00505,
1540581267959934720,-0.01825,4.12042,0.00875,0.58717,-0.80841,0.04064,-0.00687,
1540581267992744704,-0.01079,4.13277,0.01436,0.58751,-0.80837,0.03597,-0.00849,
1540581268026384896,-0.00527,4.15092,0.01431,0.58744,-0.80830,0.03861,-0.00851,
1540581268061615104,0.00257,4.17248,0.01966,0.58768,-0.80766,0.04782,-0.00645,
1540581268093308672,-0.00207,4.18910,0.01721,0.58842,-0.80668,0.05483,-0.00512,
1540581268127645952,-0.00708,4.20712,0.01320,0.58926,-0.80585,0.05790,-0.00432,
1540581268160633856,-0.00821,4.22413,0.01070,0.59011,-0.80533,0.05650,-0.00434,
1540581268194601472,-0.00438,4.24357,0.00547,0.59128,-0.80480,0.05149,-0.00607,
1540581268227869440,-0.00041,4.26113,0.00378,0.59258,-0.80386,0.05121,-0.00587,
1540581268261564928,0.00745,4.28353,-0.00274,0.59378,-0.80273,0.05518,-0.00380,
1540581268295596544,0.01369,4.30469,-0.00539,0.59467,-0.80158,0.06196,-0.00149,
1540581268329127936,0.01925,4.32584,-0.00583,0.59519,-0.80018,0.07383,0.00330,
1540581268362845696,0.01969,4.34568,-0.00429,0.59536,-0.79886,0.08551,0.00794,
1540581268395900160,0.01592,4.36424,0.00212,0.59483,-0.79876,0.08974,0.00998,
1540581268429331712,0.01817,4.38726,0.00127,0.59469,-0.79910,0.08751,0.01096,
1540581268464422144,0.02704,4.41100,0.00115,0.59395,-0.80047,0.07985,0.00949,
1540581268496905472,0.03510,4.43497,0.00594,0.59279,-0.80189,0.07422,0.00788,
1540581268530565376,0.04211,4.45905,0.00830,0.59201,-0.80253,0.07349,0.00843,
1540581268564924160,0.04656,4.48101,0.00627,0.59141,-0.80302,0.07285,0.00876,
1540581268598429184,0.04694,4.50588,0.00759,0.59032,-0.80430,0.06759,0.00664,
1540581268631068160,0.04862,4.52770,0.00632,0.59069,-0.80468,0.05962,0.00415,
1540581268664869888,0.05416,4.54637,0.00297,0.59157,-0.80483,0.04782,-0.00020,
1540581268699330304,0.05738,4.56275,-0.00141,0.59232,-0.80478,0.03846,-0.00438,
1540581268731965696,0.05933,4.58060,-0.00329,0.59262,-0.80481,0.03183,-0.00772,
1540581268766267392,0.06127,4.59529,-0.00570,0.59344,-0.80440,0.02526,-0.01135,
1540581268800474112,0.06475,4.60807,-0.00314,0.59374,-0.80425,0.02173,-0.01383,
1540581268832621312,0.06534,4.62370,-0.00166,0.59366,-0.80425,0.02289,-0.01503,
1540581268866290688,0.06310,4.63776,-0.00164,0.59375,-0.80407,0.02685,-0.01463,
1540581268899688448,0.05519,4.65324,-0.00215,0.59374,-0.80400,0.02920,-0.01445,
1540581268933855744,0.04848,4.66680,-0.00480,0.59404,-0.80387,0.02632,-0.01473,
1540581268966941184,0.04521,4.68332,-0.00437,0.59413,-0.80397,0.02034,-0.01511,
1540581269000661248,0.04850,4.70042,-0.00821,0.59496,-0.80351,0.01344,-0.01489,
1540581269034218240,0.04939,4.71681,-0.00678,0.59521,-0.80340,0.01000,-0.01329,
1540581269068535040,0.04982,4.73489,-0.00484,0.59543,-0.80329,0.00938,-0.00993,
1540581269102454528,0.04973,4.75496,-0.00513,0.59569,-0.80314,0.00913,-0.00621,
1540581269135128576,0.04756,4.77484,-0.00731,0.59573,-0.80313,0.00875,-0.00319,
1540581269168624128,0.04980,4.79808,-0.00660,0.59542,-0.80337,0.00824,0.00023,
1540581269202118912,0.05121,4.82367,-0.00992,0.59590,-0.80301,0.00833,0.00258,
1540581269236331264,0.05108,4.84342,-0.01528,0.59688,-0.80224,0.01051,0.00522,
1540581269269858816,0.05157,4.86317,-0.01380,0.59657,-0.80238,0.01470,0.00845,
1540581269303206656,0.04903,4.88314,-0.01232,0.59609,-0.80260,0.01984,0.01121,
1540581269336487936,0.04396,4.90260,-0.01174,0.59566,-0.80277,0.02397,0.01327,
1540581269370677248,0.03694,4.91896,-0.01351,0.59514,-0.80309,0.02558,0.01433,
1540581269404540160,0.03000,4.93745,-0.00831,0.59395,-0.80407,0.02252,0.01355,
1540581269437961216,0.02688,4.95758,-0.00672,0.59384,-0.80431,0.01727,0.01217,
1540581269472299008,0.02372,4.97546,-0.00637,0.59403,-0.80426,0.01342,0.01065,
1540581269504786688,0.01637,4.99186,-0.00259,0.59404,-0.80429,0.01204,0.00972,
1540581269538454528,0.01210,5.00853,-0.00373,0.59442,-0.80401,0.01149,0.00983,
1540581269573005056,0.00856,5.02461,-0.00439,0.59458,-0.80391,0.01083,0.00931,
1540581269605793024,-0.00039,5.04057,-0.00622,0.59459,-0.80392,0.01051,0.00852,
1540581269639529728,-0.00871,5.05748,-0.00520,0.59435,-0.80412,0.00861,0.00789,
1540581269709497088,-0.01166,5.08878,-0.00701,0.59483,-0.80380,0.00571,0.00748,
1540581269757410048,-0.01731,5.10639,-0.00324,0.59399,-0.80435,0.01092,0.00897,
1540581269808389888,-0.02693,5.13971,-0.00685,0.59537,-0.80329,0.01210,0.01030,
1540581269842270464,-0.02764,5.15258,-0.00862,0.59619,-0.80269,0.01125,0.01117,
1540581269891744512,-0.02734,5.17113,-0.01093,0.59704,-0.80209,0.00885,0.01115,
1540581269959902464,-0.02905,5.20671,-0.01057,0.59799,-0.80133,0.01001,0.01332,
1540581269990178560,-0.03163,5.23137,-0.01049,0.59810,-0.80123,0.01105,0.01344,
1540581270024848384,-0.03390,5.25425,-0.01122,0.59906,-0.80046,0.01261,0.01503,
1540581270057971456,-0.03060,5.27785,-0.01279,0.59953,-0.80008,0.01341,0.01627,
1540581270090689536,-0.02804,5.30136,-0.01282,0.59950,-0.80001,0.01686,0.01728,
1540581270123631616,-0.02725,5.32888,-0.01565,0.59941,-0.79976,0.02544,0.02099,
1540581270157981184,-0.02698,5.35222,-0.01793,0.59915,-0.79974,0.02966,0.02369,
1540581270190572800,-0.02632,5.37511,-0.01746,0.59859,-0.80023,0.02731,0.02380,
1540581270223630848,-0.02314,5.39826,-0.01664,0.59806,-0.80083,0.02172,0.02301,
1540581270257511424,-0.01891,5.41693,-0.00815,0.59743,-0.80143,0.01699,0.02236,
1540581270290817536,-0.01574,5.43841,-0.00857,0.59722,-0.80160,0.01567,0.02262,
1540581270323789056,-0.01428,5.45724,-0.00787,0.59630,-0.80234,0.01369,0.02214,
1540581270357565440,-0.01423,5.47942,-0.00528,0.59533,-0.80319,0.00787,0.02011,
1540581270390480384,-0.01373,5.50351,-0.01018,0.59644,-0.80246,0.00065,0.01788,
1540581270424329728,-0.00996,5.51912,-0.01478,0.59745,-0.80173,-0.00657,0.01537,
1540581270457732352,-0.00767,5.53490,-0.01128,0.59713,-0.80197,-0.01021,0.01314,
1540581270490360576,-0.00640,5.55183,-0.00930,0.59742,-0.80176,-0.01164,0.01150,
1540581270523886336,-0.00368,5.56868,-0.01126,0.59806,-0.80129,-0.01315,0.00935,
1540581270557674752,-0.00252,5.58665,-0.00949,0.59826,-0.80119,-0.01156,0.00754,
1540581270590434816,-0.00169,5.60289,-0.01345,0.59897,-0.80070,-0.00878,0.00639,
1540581270624076544,-0.00225,5.61966,-0.01472,0.59895,-0.80074,-0.00739,0.00424,
1540581270657936640,-0.00263,5.63895,-0.01715,0.59945,-0.80038,-0.00675,0.00159,
1540581270690525184,-0.00031,5.65552,-0.01947,0.60051,-0.79960,-0.00393,0.00064,
1540581270724750592,0.00184,5.67401,-0.01957,0.60074,-0.79944,0.00191,0.00044,
1540581270759332096,0.00169,5.69196,-0.01975,0.60114,-0.79909,0.00898,0.00074,
1540581270790716672,0.00112,5.71007,-0.01818,0.60169,-0.79859,0.01474,0.00178,
1540581270825588992,-0.00074,5.72702,-0.01928,0.60225,-0.79812,0.01711,0.00215,
1540581270857656832,-0.00154,5.74730,-0.02250,0.60256,-0.79796,0.01374,0.00047,
1540581270891478272,-0.00213,5.77064,-0.02366,0.60271,-0.79790,0.01007,-0.00067,
1540581270923981568,0.00233,5.79165,-0.02332,0.60296,-0.79772,0.00853,-0.00071,
1540581270958565120,0.00450,5.81326,-0.02282,0.60283,-0.79779,0.01102,-0.00076,
1540581270990851328,0.00234,5.83817,-0.01984,0.60194,-0.79836,0.01679,0.00030,
1540581271024594688,-0.00215,5.85874,-0.01810,0.60163,-0.79844,0.02328,0.00223,
1540581271057456896,-0.00530,5.87624,-0.01554,0.60047,-0.79924,0.02526,0.00216,
1540581271091677696,-0.00908,5.90000,-0.01134,0.59860,-0.80065,0.02523,0.00128,
1540581271124769536,-0.01197,5.92918,-0.01352,0.59778,-0.80127,0.02507,0.00057,
1540581271157433088,-0.01415,5.94975,-0.01333,0.59751,-0.80147,0.02505,-0.00014,
1540581271191258368,-0.01698,5.96972,-0.01019,0.59720,-0.80165,0.02660,-0.00033,
1540581271224046592,-0.01916,5.98834,-0.01051,0.59730,-0.80148,0.02932,-0.00002,
1540581271259011072,-0.02264,6.00720,-0.01236,0.59743,-0.80126,0.03239,0.00026,
1540581271290816768,-0.02823,6.02371,-0.01305,0.59763,-0.80106,0.03381,0.00035,
1540581271324544256,-0.03204,6.03533,-0.01340,0.59799,-0.80086,0.03219,-0.00012,
1540581271357416448,-0.03120,6.05186,-0.01110,0.59736,-0.80141,0.03001,-0.00067,
1540581271391461120,-0.03000,6.07066,-0.01020,0.59715,-0.80151,0.03149,-0.00033,
1540581271424143360,-0.03325,6.08583,-0.01050,0.59749,-0.80103,0.03669,0.00116,
1540581271457683456,-0.03878,6.09952,-0.01035,0.59777,-0.80059,0.04151,0.00309,
1540581271491595264,-0.04446,6.11416,-0.01194,0.59809,-0.80031,0.04210,0.00397,
1540581271524881920,-0.04922,6.13201,-0.01513,0.59884,-0.79994,0.03846,0.00371,
1540581271557588224,-0.05104,6.14941,-0.01832,0.60028,-0.79919,0.03095,0.00236,
1540581271590978816,-0.05256,6.16877,-0.02354,0.60168,-0.79837,0.02405,0.00084,
1540581271624800512,-0.05277,6.18699,-0.02688,0.60279,-0.79767,0.01889,0.00024,
1540581271657953536,-0.05111,6.21258,-0.02729,0.60357,-0.79716,0.01570,0.00041,
1540581271691810048,-0.04953,6.23742,-0.02800,0.60499,-0.79608,0.01525,0.00093,
1540581271726030336,-0.04601,6.25550,-0.02638,0.60598,-0.79516,0.02199,0.00480,
1540581271759629056,-0.04683,6.28085,-0.02185,0.60533,-0.79524,0.03273,0.00985,
1540581271796636672,-0.04912,6.30638,-0.01954,0.60475,-0.79526,0.04056,0.01416,
1540581271829634304,-0.05109,6.33074,-0.01986,0.60441,-0.79534,0.04280,0.01714,
1540581271859261440,-0.05382,6.34983,-0.01390,0.60302,-0.79656,0.03917,0.01788,
1540581271892461312,-0.05017,6.38124,-0.01126,0.60111,-0.79829,0.03246,0.01849,
1540581271926944768,-0.04665,6.40238,-0.00938,0.60029,-0.79908,0.02731,0.01938,
1540581271960527872,-0.03889,6.42693,-0.00920,0.59889,-0.80028,0.02192,0.01998,
1540581271993980416,-0.03205,6.45110,-0.00549,0.59739,-0.80144,0.01939,0.02091,
1540581272026411776,-0.03006,6.47324,-0.00675,0.59699,-0.80169,0.01969,0.02228,
1540581272060112128,-0.02755,6.49244,-0.00838,0.59686,-0.80180,0.01843,0.02302,
1540581272093750016,-0.02242,6.51164,-0.00876,0.59673,-0.80197,0.01548,0.02259,
1540581272127039232,-0.01863,6.52647,-0.00719,0.59665,-0.80207,0.01430,0.02193,
1540581272163276032,-0.01681,6.54371,-0.00489,0.59614,-0.80246,0.01498,0.02142,
1540581272193647872,-0.01511,6.56207,-0.00705,0.59609,-0.80247,0.01657,0.02133,
1540581272226718720,-0.01551,6.57865,-0.00887,0.59605,-0.80249,0.01724,0.02071,
1540581272260832000,-0.01747,6.59392,-0.01177,0.59635,-0.80236,0.01514,0.01880,
1540581272296173824,-0.01675,6.60745,-0.00911,0.59637,-0.80247,0.01070,0.01623,
1540581272327851264,-0.01530,6.62444,-0.00972,0.59692,-0.80216,0.00679,0.01372,
1540581272360313600,-0.01322,6.64022,-0.01300,0.59752,-0.80174,0.00554,0.01239,
1540581272394241024,-0.01195,6.65919,-0.01425,0.59771,-0.80162,0.00542,0.01113,
1540581272427819776,-0.01332,6.67614,-0.01448,0.59809,-0.80135,0.00544,0.00978,
1540581272461452288,-0.01246,6.69250,-0.01474,0.59856,-0.80102,0.00465,0.00860,
1540581272495114240,-0.00891,6.71172,-0.01445,0.59866,-0.80097,0.00341,0.00691,
1540581272528583680,-0.00659,6.73591,-0.01780,0.59884,-0.80084,0.00438,0.00521,
1540581272562472960,-0.00647,6.75936,-0.01956,0.59926,-0.80051,0.00757,0.00430,
1540581272595714304,-0.00431,6.78079,-0.02569,0.60014,-0.79983,0.00997,0.00326,
1540581272629938176,-0.00662,6.79885,-0.02371,0.59994,-0.79996,0.01153,0.00079,
1540581272662919168,-0.00987,6.81797,-0.01993,0.59960,-0.80020,0.01239,-0.00160,
1540581272697349888,-0.00863,6.83264,-0.01638,0.59914,-0.80054,0.01186,-0.00411,
1540581272730616576,-0.00724,6.85409,-0.01234,0.59758,-0.80170,0.01100,-0.00748,
1540581272764309504,-0.01277,6.87248,-0.00157,0.59565,-0.80309,0.01100,-0.01136,
1540581272797903872,-0.01313,6.89178,-0.00092,0.59456,-0.80385,0.00991,-0.01483,
1540581272830552832,-0.00811,6.91715,-0.00245,0.59306,-0.80489,0.00848,-0.01880,
1540581272864900352,-0.00929,6.93740,0.00354,0.59180,-0.80569,0.01208,-0.02208,
1540581272898438400,-0.01362,6.95349,0.00522,0.59152,-0.80570,0.02053,-0.02319,
1540581272932003840,-0.01647,6.96696,0.00563,0.59081,-0.80598,0.02784,-0.02370,
1540581272966074880,-0.02055,6.98350,0.00954,0.58927,-0.80685,0.03377,-0.02455,
1540581272999787776,-0.02208,7.00158,0.01052,0.58851,-0.80719,0.03870,-0.02467,
1540581273032539392,-0.02115,7.01679,0.00837,0.58853,-0.80696,0.04351,-0.02373,
1540581273066726912,-0.01951,7.02808,0.00837,0.58829,-0.80686,0.04934,-0.02160,
1540581273101751296,-0.02247,7.04168,0.01033,0.58775,-0.80694,0.05506,-0.01932,
1540581273133359872,-0.02491,7.05038,0.00801,0.58838,-0.80641,0.05674,-0.01740,
1540581273167243520,-0.02368,7.06075,0.00835,0.58878,-0.80618,0.05630,-0.01559,
1540581273200482048,-0.02170,7.07264,0.00711,0.58958,-0.80570,0.05515,-0.01409,
1540581273234522880,-0.02486,7.08149,0.00660,0.59068,-0.80497,0.05459,-0.01227,
1540581273268493824,-0.02359,7.09116,0.00138,0.59188,-0.80431,0.05157,-0.01026,
1540581273301566720,-0.02016,7.10644,-0.00006,0.59236,-0.80420,0.04776,-0.00937,
1540581273335210752,-0.02046,7.11670,0.00597,0.59327,-0.80360,0.04680,-0.00766,
1540581273369680640,-0.01929,7.13025,0.00630,0.59425,-0.80278,0.04896,-0.00387,
1540581273401966080,-0.01784,7.14283,0.01074,0.59457,-0.80249,0.04990,-0.00146,
1540581273436559616,-0.01513,7.17260,0.00038,0.59525,-0.80192,0.05097,0.00021,
1540581273469787136,-0.01119,7.19294,-0.00103,0.59613,-0.80101,0.05469,0.00402,
1540581273504932608,-0.00559,7.21367,-0.00250,0.59652,-0.80023,0.06104,0.00815,
1540581273536503808,-0.00564,7.23261,-0.00051,0.59600,-0.79992,0.06909,0.01182,
1540581273570289920,-0.01002,7.25362,0.00381,0.59467,-0.80002,0.07784,0.01632,
1540581273605174016,-0.01285,7.27507,0.00322,0.59445,-0.79987,0.08041,0.01959,
1540581273638032640,-0.01006,7.29693,-0.00063,0.59427,-0.80061,0.07394,0.01983,
1540581273671049472,-0.00918,7.31722,0.00394,0.59346,-0.80192,0.06613,0.01873,
1540581273704906240,-0.00741,7.33792,0.00543,0.59308,-0.80256,0.06134,0.01975,
1540581273740475904,-0.00378,7.35064,0.00167,0.59305,-0.80303,0.05496,0.02015,
1540581273772313600,-0.00205,7.37251,0.00430,0.59210,-0.80438,0.04533,0.01821,
1540581273805671936,-0.00017,7.39426,0.00469,0.59251,-0.80469,0.03425,0.01553,
1540581273840282112,0.00313,7.40418,0.00298,0.59358,-0.80423,0.02594,0.01409,
1540581273872978944,0.00761,7.42245,-0.00094,0.59340,-0.80458,0.01918,0.01271,
1540581273908812800,0.00973,7.44086,0.00246,0.59328,-0.80480,0.01402,0.01086,
1540581273941767424,0.01239,7.45329,0.00128,0.59426,-0.80414,0.01120,0.00968,
1540581274008760064,0.01402,7.48360,0.00322,0.59378,-0.80449,0.01197,0.00874,
1540581274045814528,0.01417,7.50478,-0.00137,0.59400,-0.80428,0.01495,0.00891,
1540581274110269440,0.01034,7.52943,-0.00254,0.59398,-0.80423,0.01828,0.00798,
1540581274142132224,0.01241,7.54491,0.00235,0.59364,-0.80447,0.01909,0.00761,
1540581274175864576,0.01550,7.55845,0.00389,0.59406,-0.80410,0.02165,0.00743,
1540581274208366592,0.01445,7.57550,0.00405,0.59393,-0.80406,0.02615,0.00737,
1540581274242216192,0.00992,7.59513,0.00592,0.59339,-0.80433,0.02974,0.00714,
1540581274312108032,0.00728,7.63732,-0.00018,0.59444,-0.80375,0.02494,0.00295,
1540581274344608768,0.00963,7.66149,-0.00157,0.59464,-0.80368,0.02255,-0.00003,
1540581274414156800,0.00861,7.70665,-0.00805,0.59560,-0.80270,0.03059,-0.00206,
1540581274481722624,0.00293,7.75139,-0.01029,0.59487,-0.80295,0.03697,-0.00522,
1540581274527605504,-0.00219,7.76758,-0.00058,0.59287,-0.80454,0.03331,-0.01063,
1540581274562593792,-0.00288,7.78776,0.00423,0.59110,-0.80583,0.03229,-0.01426,
1540581274593408256,0.00074,7.81693,0.00460,0.58954,-0.80663,0.03968,-0.01463,
1540581274626986240,0.00167,7.83827,0.00620,0.58913,-0.80618,0.05308,-0.01330,
1540581274660026880,-0.00216,7.85762,0.00536,0.58830,-0.80573,0.06739,-0.01233,
1540581274692829184,-0.00945,7.87134,0.01115,0.58787,-0.80537,0.07484,-0.01371,
1540581274726535680,-0.01695,7.87881,0.00740,0.58889,-0.80461,0.07459,-0.01599,
1540581274759765504,-0.02321,7.89006,0.00552,0.58857,-0.80559,0.06463,-0.02078,
1540581274793367552,-0.02651,7.90436,0.00720,0.58827,-0.80665,0.05037,-0.02675,
1540581274827034624,-0.02804,7.91601,0.00647,0.58855,-0.80677,0.04313,-0.02956,
1540581274860555520,-0.02755,7.93065,0.00642,0.58799,-0.80718,0.04275,-0.02995,
1540581274893546496,-0.02889,7.94882,0.00944,0.58750,-0.80733,0.04725,-0.02894,
1540581274926413824,-0.03321,7.96241,0.00581,0.58866,-0.80630,0.05113,-0.02738,
1540581274960431360,-0.03626,7.97221,0.00440,0.58923,-0.80594,0.05122,-0.02566,
1540581274993244416,-0.03753,7.98937,0.00241,0.58958,-0.80598,0.04638,-0.02550,
1540581275026534400,-0.04023,8.00360,0.00268,0.59067,-0.80543,0.04216,-0.02499,
1540581275060331264,-0.03765,8.02017,-0.00141,0.59199,-0.80467,0.03872,-0.02363,
1540581275093064960,-0.03600,8.03808,-0.00303,0.59260,-0.80425,0.03914,-0.02170,
1540581275126742784,-0.03564,8.06024,-0.00421,0.59343,-0.80346,0.04444,-0.01782,
1540581275160231168,-0.03455,8.07719,-0.00675,0.59486,-0.80207,0.05157,-0.01260,
1540581275193719552,-0.03335,8.09870,-0.00920,0.59531,-0.80145,0.05669,-0.00835,
1540581275227045120,-0.03549,8.12241,-0.01214,0.59655,-0.80036,0.05940,-0.00484,
1540581275260258304,-0.03546,8.13146,-0.01125,0.59809,-0.79928,0.05862,-0.00150,
1540581275293662464,-0.03362,8.14826,-0.01390,0.59902,-0.79904,0.05203,-0.00030,
1540581275327158528,-0.03381,8.16612,-0.01065,0.59915,-0.79941,0.04441,0.00018,
1540581275360224512,-0.02823,8.18837,-0.01374,0.59977,-0.79942,0.03476,0.00065,
1540581275394139136,-0.01819,8.20811,-0.01624,0.59981,-0.79973,0.02562,0.00052,
1540581275426617600,-0.01252,8.22926,-0.01496,0.59931,-0.80014,0.02451,0.00239,
1540581275460154368,-0.00635,8.24595,-0.00826,0.59827,-0.80068,0.03058,0.00747,
1540581275493679104,-0.00274,8.26534,-0.00474,0.59648,-0.80185,0.03389,0.00975,
1540581275526805248,-0.00311,8.28692,-0.00067,0.59530,-0.80268,0.03461,0.01108,
1540581275560327680,0.00249,8.31099,-0.00399,0.59507,-0.80288,0.03329,0.01281,
1540581275594018048,0.00989,8.32968,-0.00422,0.59496,-0.80308,0.03048,0.01248,
1540581275627074048,0.01302,8.34710,-0.00214,0.59430,-0.80353,0.03148,0.01239,
1540581275660787712,0.01305,8.36477,0.00054,0.59372,-0.80384,0.03417,0.01307,
1540581275693699072,0.01617,8.37858,-0.00068,0.59369,-0.80398,0.03202,0.01130,
1540581275727026688,0.01919,8.39600,-0.00182,0.59320,-0.80453,0.02813,0.00765,
1540581275761197056,0.01965,8.41709,0.00211,0.59249,-0.80509,0.02758,0.00479,
1540581275793976576,0.02338,8.43245,-0.00481,0.59332,-0.80435,0.03144,0.00372,
1540581275826886912,0.02648,8.45268,-0.00600,0.59237,-0.80484,0.03628,0.00192,
1540581275860795136,0.02307,8.47253,-0.00588,0.59221,-0.80464,0.04305,0.00028,
1540581275893893120,0.01983,8.48667,-0.00957,0.59361,-0.80335,0.04745,-0.00107,
1540581275928097792,0.02108,8.49965,-0.01169,0.59394,-0.80305,0.04836,-0.00338,
1540581275960534272,0.02428,8.52090,-0.01318,0.59396,-0.80289,0.05052,-0.00481,
1540581275994322688,0.02417,8.53433,-0.01212,0.59487,-0.80190,0.05525,-0.00512,
1540581276027623424,0.02319,8.54717,-0.01446,0.59568,-0.80109,0.05811,-0.00594,
1540581276061215232,0.02323,8.56028,-0.01187,0.59551,-0.80117,0.05869,-0.00718,
1540581276093966848,0.02086,8.57710,-0.01004,0.59585,-0.80103,0.05681,-0.00924,
1540581276127438848,0.02134,8.59066,-0.01189,0.59656,-0.80078,0.05231,-0.01156,
1540581276161536256,0.02403,8.60598,-0.01105,0.59639,-0.80111,0.04855,-0.01359,
1540581276193942784,0.02481,8.62530,-0.00875,0.59573,-0.80167,0.04678,-0.01528,
1540581276227593728,0.02489,8.64002,-0.00821,0.59529,-0.80195,0.04761,-0.01548,
1540581276260727040,0.02458,8.65385,-0.00551,0.59436,-0.80260,0.04828,-0.01555,
1540581276294849280,0.02571,8.68220,-0.00800,0.59315,-0.80349,0.04827,-0.01562,
1540581276327494656,0.02627,8.70091,-0.00793,0.59294,-0.80361,0.04905,-0.01510,
1540581276360559104,0.02581,8.71799,-0.00935,0.59304,-0.80348,0.05027,-0.01436,
1540581276394066176,0.02660,8.73862,-0.01278,0.59331,-0.80321,0.05158,-0.01338,
1540581276427702016,0.02735,8.75192,-0.01699,0.59426,-0.80236,0.05420,-0.01191,
1540581276462394624,0.02545,8.76167,-0.01378,0.59455,-0.80194,0.05730,-0.01059,
1540581276495782144,0.02172,8.77101,-0.01057,0.59469,-0.80168,0.05970,-0.00970,
1540581276528292096,0.01959,8.78593,-0.00926,0.59450,-0.80164,0.06233,-0.00811,
1540581276562830080,0.02002,8.80084,-0.00899,0.59431,-0.80156,0.06526,-0.00633,
1540581276595328768,0.01758,8.81178,-0.00596,0.59423,-0.80131,0.06912,-0.00448,
1540581276628699904,0.01384,8.82475,-0.00801,0.59446,-0.80086,0.07236,-0.00238,
1540581276662467584,0.00841,8.83344,-0.00344,0.59462,-0.80078,0.07190,-0.00119,
1540581276695624192,0.00325,8.84077,-0.00345,0.59545,-0.80046,0.06854,-0.00050,
1540581276728851200,0.00238,8.86472,-0.00989,0.59625,-0.80049,0.06078,-0.00101,
1540581276762560000,-0.00188,8.88303,-0.01554,0.59791,-0.79991,0.05140,-0.00245,
1540581276795983104,-0.00512,8.89974,-0.02217,0.59929,-0.79928,0.04478,-0.00214,
1540581276829353984,0.00151,8.92144,-0.02216,0.60009,-0.79909,0.03657,-0.00196,
1540581276862704384,0.00517,8.94025,-0.02818,0.60212,-0.79783,0.03035,-0.00273,
1540581276896142848,0.00858,8.94832,-0.02132,0.60308,-0.79707,0.03126,-0.00011,
1540581276930443776,0.01501,8.97164,-0.02034,0.60336,-0.79665,0.03580,0.00413,
1540581276963427840,0.01260,8.98952,-0.01804,0.60378,-0.79608,0.04061,0.00700,
1540581276998792448,0.01096,9.01006,-0.01713,0.60329,-0.79613,0.04571,0.01150,
1540581277031293952,0.01285,9.03571,-0.01616,0.60241,-0.79675,0.04584,0.01383,
1540581277065125888,0.01753,9.05904,-0.01390,0.60190,-0.79732,0.04219,0.01433,
1540581277098049024,0.02337,9.08174,-0.01221,0.60130,-0.79776,0.04186,0.01629,
1540581277133535232,0.03075,9.11051,-0.01206,0.60016,-0.79836,0.04536,0.01946,
1540581277165516800,0.03172,9.13307,-0.01217,0.59949,-0.79850,0.05013,0.02210,
1540581277199474688,0.03086,9.14947,-0.00794,0.59828,-0.79916,0.05311,0.02438,
1540581277232587264,0.03165,9.17118,-0.00325,0.59701,-0.80023,0.05091,0.02481,
1540581277266361344,0.03109,9.19391,-0.00681,0.59714,-0.80047,0.04585,0.02385,
1540581277299661312,0.03089,9.21184,-0.00909,0.59746,-0.80069,0.03802,0.02198,
1540581277334110208,0.03299,9.23080,-0.01288,0.59765,-0.80103,0.02831,0.01931,
1540581277367596032,0.03518,9.25147,-0.01150,0.59759,-0.80144,0.01835,0.01575,
1540581277400979968,0.03735,9.26907,-0.01366,0.59820,-0.80113,0.01247,0.01352,
1540581277434985984,0.04404,9.28600,-0.01591,0.59838,-0.80101,0.01176,0.01348,
1540581277467739392,0.04531,9.30373,-0.01470,0.59805,-0.80125,0.01315,0.01247,
1540581277501878784,0.04158,9.32110,-0.01444,0.59804,-0.80128,0.01362,0.01091,
1540581277534904576,0.04184,9.33757,-0.01361,0.59816,-0.80118,0.01389,0.01047,
1540581277568489472,0.04558,9.35617,-0.01552,0.59846,-0.80101,0.01243,0.00883,
1540581277602383360,0.04553,9.37363,-0.01537,0.59837,-0.80110,0.01238,0.00652,
1540581277636252160,0.04466,9.39387,-0.01301,0.59814,-0.80123,0.01492,0.00615,
1540581277670070016,0.04423,9.41307,-0.01467,0.59867,-0.80081,0.01616,0.00537,
1540581277703043584,0.04342,9.43234,-0.01564,0.59899,-0.80060,0.01546,0.00348,
1540581277736985344,0.04369,9.45374,-0.01684,0.59915,-0.80048,0.01566,0.00259,
1540581277770417920,0.04226,9.46943,-0.01499,0.59959,-0.80017,0.01515,0.00129,
1540581277805774592,0.03987,9.48973,-0.02031,0.60023,-0.79972,0.01277,-0.00031,
1540581277838109952,0.04198,9.50544,-0.02003,0.59962,-0.80021,0.01031,-0.00117,
1540581277871361792,0.03995,9.52712,-0.01380,0.59830,-0.80123,0.00797,-0.00246,
1540581277904989184,0.03498,9.53960,-0.01589,0.59826,-0.80128,0.00373,-0.00422,
1540581277938230272,0.03492,9.55649,-0.01483,0.59663,-0.80249,-0.00321,-0.00605,
1540581277971606784,0.03610,9.58513,-0.01063,0.59460,-0.80394,-0.00839,-0.00766,
1540581278005519104,0.03235,9.60400,-0.00507,0.59403,-0.80433,-0.00986,-0.00871,
1540581278039784192,0.02512,9.62039,-0.00736,0.59382,-0.80449,-0.00959,-0.00874,
1540581278073302272,0.01957,9.64494,-0.00857,0.59322,-0.80489,-0.01249,-0.00939,
1540581278107644160,0.01613,9.66363,-0.01134,0.59407,-0.80421,-0.01549,-0.00964,
1540581278139721216,0.00838,9.67759,-0.01864,0.59515,-0.80333,-0.01890,-0.01030,
1540581278173789952,0.00108,9.69132,-0.02031,0.59513,-0.80312,-0.02611,-0.01147,
1540581278207061504,-0.00167,9.70323,-0.01395,0.59482,-0.80310,-0.03280,-0.01160,
1540581278240342528,0.00408,9.72296,-0.01727,0.59531,-0.80251,-0.03823,-0.01118,
1540581278274981376,0.00772,9.73843,-0.01606,0.59533,-0.80260,-0.03632,-0.00930,
1540581278308049664,0.00236,9.75419,-0.01110,0.59515,-0.80311,-0.02804,-0.00528,
1540581278342361600,-0.00588,9.76852,-0.01589,0.59625,-0.80246,-0.02301,-0.00166,
1540581278376596736,-0.01139,9.78032,-0.01598,0.59667,-0.80210,-0.02473,-0.00024,
1540581278409809664,-0.01604,9.79781,-0.01846,0.59708,-0.80162,-0.03010,0.00020,
1540581278443143680,-0.01602,9.81322,-0.01764,0.59772,-0.80089,-0.03601,0.00115,
1540581278475836160,-0.01054,9.83219,-0.01955,0.59845,-0.80019,-0.03927,0.00247,
1540581278510306816,-0.00927,9.84923,-0.01773,0.59894,-0.79996,-0.03631,0.00507,
1540581278543425536,-0.01100,9.86510,-0.01368,0.59936,-0.79992,-0.02807,0.01019,
1540581278576505856,-0.00942,9.89130,-0.01598,0.59967,-0.79981,-0.02249,0.01390,
1540581278611804672,-0.01073,9.91395,-0.01854,0.60031,-0.79942,-0.01553,0.01786,
1540581278643604224,-0.01155,9.93766,-0.01490,0.60059,-0.79920,-0.00886,0.02235,
1540581278677390080,-0.01192,9.96204,0.00075,0.60072,-0.79904,-0.00759,0.02465,
1540581278710824704,-0.01430,10.00158,-0.01425,0.60087,-0.79887,-0.01049,0.02544,
1540581278745255936,-0.00882,10.02376,-0.01240,0.60027,-0.79925,-0.01413,0.02617,
1540581278781906432,-0.00422,10.05054,-0.01037,0.59920,-0.80001,-0.01599,0.02619,
1540581278811830272,-0.00574,10.07758,-0.00844,0.59851,-0.80054,-0.01500,0.02655,
1540581278845560576,-0.00762,10.09641,-0.00941,0.59828,-0.80069,-0.01377,0.02779,
1540581278878969856,-0.00330,10.11835,-0.00540,0.59681,-0.80174,-0.01693,0.02714,
1540581278912945664,-0.00240,10.14023,0.00366,0.59568,-0.80257,-0.01958,0.02569,
1540581278965100544,-0.00285,10.16051,-0.00103,0.59692,-0.80154,-0.02628,0.02290,
1540581279015701760,0.00155,10.19937,-0.00200,0.59603,-0.80190,-0.03691,0.01852,
1540581279065278976,0.00524,10.22090,-0.01007,0.59688,-0.80115,-0.04066,0.01561,
1540581279131943424,0.01094,10.25919,-0.01303,0.59676,-0.80180,-0.02747,0.01524,
1540581279162700544,0.00850,10.26992,-0.00793,0.59718,-0.80177,-0.01744,0.01527,
1540581279196650496,0.00764,10.28905,-0.01082,0.59713,-0.80192,-0.01283,0.01398,
1540581279229413888,0.00544,10.30621,-0.01087,0.59710,-0.80200,-0.01195,0.01110,
1540581279263134720,0.00308,10.32394,-0.01147,0.59806,-0.80132,-0.01173,0.00824,
1540581279296048896,0.00282,10.34118,-0.01489,0.59898,-0.80065,-0.01168,0.00608,
1540581279329404416,0.00012,10.35960,-0.01530,0.59921,-0.80050,-0.01223,0.00319,
1540581279362899200,-0.00408,10.37894,-0.01774,0.60009,-0.79983,-0.01271,0.00107,
1540581279396773120,-0.00624,10.39632,-0.02003,0.60132,-0.79888,-0.01422,-0.00061,
1540581279430239488,-0.00900,10.41454,-0.01881,0.60139,-0.79880,-0.01563,-0.00293,
1540581279462860288,-0.01408,10.43745,-0.02136,0.60201,-0.79834,-0.01496,-0.00403,
1540581279496734976,-0.01873,10.45639,-0.02202,0.60236,-0.79806,-0.01563,-0.00481,
1540581279529405184,-0.02199,10.47822,-0.02014,0.60173,-0.79844,-0.01905,-0.00688,
1540581279562867456,-0.02736,10.50184,-0.01894,0.60132,-0.79871,-0.02050,-0.00787,
1540581279596342784,-0.03071,10.52239,-0.01639,0.60045,-0.79933,-0.02161,-0.00794,
1540581279630734592,-0.03275,10.54550,-0.01035,0.59857,-0.80073,-0.02176,-0.00794,
1540581279664848896,-0.03702,10.57058,-0.00657,0.59719,-0.80189,-0.01743,-0.00625,
1540581279695979776,-0.04093,10.59044,-0.00286,0.59664,-0.80239,-0.01303,-0.00438,
1540581279730224384,-0.04765,10.61116,-0.00117,0.59581,-0.80305,-0.01022,-0.00367,
1540581279763292160,-0.05350,10.63405,-0.00193,0.59538,-0.80339,-0.00911,-0.00289,
1540581279796399104,-0.05785,10.65273,-0.00442,0.59601,-0.80293,-0.00838,-0.00224,
1540581279830438400,-0.06325,10.67330,-0.00968,0.59665,-0.80247,-0.00664,-0.00120,
1540581279862966016,-0.06770,10.69040,-0.01261,0.59689,-0.80230,-0.00506,0.00041,
1540581279896302592,-0.07304,10.70220,-0.00906,0.59698,-0.80225,-0.00417,0.00180,
1540581279930233600,-0.07713,10.71737,-0.00945,0.59708,-0.80217,-0.00268,0.00414,
1540581279962806016,-0.07869,10.73065,-0.00785,0.59684,-0.80234,-0.00274,0.00560,
1540581279996288512,-0.08091,10.74704,-0.00533,0.59655,-0.80255,-0.00282,0.00618,
1540581280029920512,-0.08494,10.76380,-0.00667,0.59714,-0.80210,-0.00128,0.00755,
1540581280063993600,-0.08697,10.77973,-0.00788,0.59753,-0.80179,-0.00044,0.00924,
1540581280097449728,-0.08930,10.79949,-0.00974,0.59802,-0.80142,-0.00287,0.00886,
1540581280130593024,-0.09265,10.81819,-0.01233,0.59911,-0.80061,-0.00528,0.00837,
1540581280163216384,-0.09188,10.83692,-0.01616,0.60015,-0.79981,-0.00630,0.00898,
1540581280196784640,-0.09026,10.86070,-0.01905,0.60048,-0.79957,-0.00516,0.00940,
1540581280230630144,-0.09186,10.88436,-0.01922,0.60134,-0.79892,-0.00025,0.01081,
1540581280265276672,-0.09149,10.90638,-0.02110,0.60250,-0.79798,0.00645,0.01338,
1540581280296394752,-0.09048,10.93231,-0.02307,0.60288,-0.79763,0.01093,0.01430,
1540581280330227968,-0.09459,10.95538,-0.02461,0.60338,-0.79717,0.01520,0.01503,
1540581280363493376,-0.09615,10.97844,-0.02291,0.60338,-0.79711,0.01688,0.01617,
1540581280396240640,-0.09665,10.99841,-0.01697,0.60352,-0.79707,0.01418,0.01561,
1540581280431227904,-0.09524,11.02409,-0.01797,0.60313,-0.79746,0.00976,0.01395,
1540581280463287040,-0.09366,11.04716,-0.01897,0.60275,-0.79782,0.00462,0.01238,
1540581280497883904,-0.08951,11.06656,-0.01202,0.60153,-0.79877,0.00014,0.01129,
1540581280530429440,-0.08493,11.08853,-0.01194,0.60078,-0.79934,-0.00259,0.01036,
1540581280563437056,-0.08166,11.11001,-0.00506,0.59915,-0.80057,-0.00440,0.00898,
1540581280596235264,-0.07928,11.12948,-0.00321,0.59857,-0.80101,-0.00494,0.00825,
1540581280629769984,-0.07658,11.15128,-0.00417,0.59789,-0.80152,-0.00695,0.00673,
1540581280663232512,-0.07297,11.17186,-0.00445,0.59734,-0.80191,-0.01020,0.00439,
1540581280696324352,-0.06675,11.19348,-0.00653,0.59722,-0.80198,-0.01199,0.00268,
1540581280730136832,-0.06146,11.21291,-0.01004,0.59738,-0.80187,-0.01168,0.00086,
1540581280763495936,-0.05810,11.22880,-0.00817,0.59694,-0.80226,-0.00621,0.00100,
1540581280796833280,-0.05472,11.24808,-0.00934,0.59666,-0.80249,-0.00038,0.00145,
1540581280830102528,-0.05492,11.26445,-0.01137,0.59694,-0.80227,0.00455,0.00112,
1540581280863976192,-0.05449,11.27794,-0.00744,0.59672,-0.80241,0.00824,0.00084,
1540581280899286528,-0.05382,11.29546,-0.00794,0.59684,-0.80228,0.01164,0.00082,
1540581280932164864,-0.05314,11.31347,-0.00986,0.59708,-0.80205,0.01421,0.00103,
1540581280966440448,-0.05420,11.33142,-0.01119,0.59722,-0.80193,0.01536,0.00079,
1540581280999205632,-0.05658,11.34917,-0.01126,0.59770,-0.80160,0.01408,-0.00014,
1540581281030735616,-0.05873,11.36727,-0.01435,0.59818,-0.80128,0.01097,-0.00150,
1540581281064331264,-0.06175,11.39029,-0.01498,0.59833,-0.80121,0.00639,-0.00347,
1540581281098257408,-0.06492,11.41169,-0.02040,0.59960,-0.80029,0.00166,-0.00513,
1540581281131466752,-0.06614,11.43091,-0.02362,0.60046,-0.79963,-0.00177,-0.00603,
1540581281167715328,-0.06831,11.44857,-0.02200,0.60062,-0.79949,-0.00480,-0.00734,
1540581281200566272,-0.07222,11.46925,-0.01830,0.60027,-0.79974,-0.00618,-0.00789,
1540581281234398464,-0.07577,11.49067,-0.01605,0.59969,-0.80016,-0.00730,-0.00811,
1540581281266763520,-0.07870,11.51315,-0.01275,0.59865,-0.80094,-0.00738,-0.00776,
1540581281300309504,-0.08228,11.53547,-0.00726,0.59713,-0.80209,-0.00609,-0.00678,
1540581281332452864,-0.08539,11.56195,-0.00149,0.59531,-0.80347,-0.00350,-0.00507,
1540581281365328640,-0.08918,11.58418,0.00041,0.59470,-0.80394,-0.00132,-0.00383,
1540581281400003840,-0.09488,11.60622,0.00107,0.59424,-0.80429,0.00043,-0.00285,
1540581281433432320,-0.10097,11.62597,-0.00163,0.59418,-0.80433,0.00118,-0.00189,
1540581281465847296,-0.10646,11.64565,-0.00192,0.59421,-0.80431,0.00093,-0.00089,
1540581281499772416,-0.10995,11.66051,-0.00283,0.59463,-0.80400,-0.00053,-0.00017,
1540581281533845760,-0.11412,11.67546,-0.00201,0.59427,-0.80426,-0.00224,0.00022,
1540581281567755520,-0.11862,11.69274,-0.00106,0.59383,-0.80458,-0.00398,0.00096,
1540581281600180992,-0.12038,11.70984,-0.00007,0.59349,-0.80482,-0.00519,0.00197,
1540581281634527488,-0.12253,11.72513,0.00032,0.59331,-0.80494,-0.00622,0.00256,
1540581281669118720,-0.12595,11.74198,0.00053,0.59287,-0.80527,-0.00606,0.00387,
1540581281705176320,-0.12711,11.75929,0.00169,0.59296,-0.80519,-0.00698,0.00515,
1540581281735128832,-0.12903,11.77606,-0.00005,0.59360,-0.80469,-0.00851,0.00570,
1540581281769420032,-0.12855,11.79303,-0.00639,0.59456,-0.80397,-0.00994,0.00641,
1540581281802191360,-0.12844,11.81258,-0.00661,0.59490,-0.80370,-0.01069,0.00686,
1540581281836207872,-0.12678,11.83295,-0.01145,0.59617,-0.80276,-0.00972,0.00785,
1540581281869428480,-0.12430,11.85389,-0.01457,0.59723,-0.80199,-0.00550,0.00992,
1540581281903010560,-0.12314,11.87773,-0.01342,0.59793,-0.80145,0.00136,0.01246,
1540581281936880896,-0.12444,11.89812,-0.01872,0.59945,-0.80025,0.00748,0.01447,
1540581281970847488,-0.12755,11.91814,-0.01874,0.59980,-0.79990,0.01187,0.01594,
1540581282003695616,-0.12986,11.94244,-0.01921,0.60041,-0.79947,0.01104,0.01559,
1540581282037243904,-0.12886,11.96640,-0.02251,0.60126,-0.79887,0.00843,0.01486,
1540581282071553024,-0.12412,11.98854,-0.01946,0.60093,-0.79917,0.00525,0.01344,
1540581282104433920,-0.12403,12.01537,-0.01478,0.59999,-0.79990,0.00489,0.01203,
1540581282138767360,-0.12569,12.03941,-0.01370,0.59933,-0.80042,0.00476,0.01092,
1540581282172654848,-0.12469,12.06391,-0.01257,0.59808,-0.80140,0.00065,0.00821,
1540581282205707264,-0.12139,12.09076,-0.00493,0.59608,-0.80290,-0.00203,0.00620,
1540581282239100160,-0.11773,12.11831,-0.00242,0.59504,-0.80368,-0.00161,0.00519,
1540581282272860672,-0.11343,12.14373,-0.00405,0.59415,-0.80434,0.00092,0.00474,
1540581282306735872,-0.11071,12.17074,-0.00419,0.59310,-0.80511,0.00434,0.00446,
1540581282339708672,-0.11382,12.19101,-0.00175,0.59273,-0.80536,0.00755,0.00412,
1540581282373650944,-0.11338,12.20876,-0.00792,0.59333,-0.80493,0.00601,0.00302,
1540581282407191296,-0.10750,12.22643,-0.00624,0.59277,-0.80537,0.00209,0.00099,
1540581282440639488,-0.10338,12.24869,-0.00225,0.59240,-0.80564,0.00024,-0.00106,
1540581282473885184,-0.10077,12.26467,-0.00422,0.59333,-0.80495,0.00432,-0.00032,
1540581282507797504,-0.09831,12.28126,-0.00685,0.59326,-0.80496,0.00912,0.00048,
1540581282540981760,-0.10090,12.29660,-0.00664,0.59304,-0.80510,0.01138,-0.00016,
1540581282577744128,-0.10817,12.31329,-0.00936,0.59364,-0.80466,0.01070,-0.00068,
1540581282609514240,-0.10860,12.32659,-0.01332,0.59514,-0.80361,0.00184,-0.00305,
1540581282642546944,-0.10101,12.34334,-0.01834,0.59640,-0.80260,-0.00974,-0.00689,
1540581282676328704,-0.09732,12.36525,-0.01691,0.59704,-0.80212,-0.01046,-0.00667,
1540581282710437888,-0.09520,12.38510,-0.02240,0.59880,-0.80085,-0.00704,-0.00503,
1540581282743061504,-0.09947,12.40157,-0.02619,0.59991,-0.80003,-0.00540,-0.00482,
1540581282776476928,-0.10282,12.42078,-0.02572,0.60031,-0.79974,-0.00513,-0.00376,
1540581282810424320,-0.10214,12.43829,-0.02704,0.60134,-0.79895,-0.00771,-0.00343,
1540581282843502848,-0.10235,12.45536,-0.02611,0.60185,-0.79853,-0.01087,-0.00376,
1540581282877987072,-0.10322,12.47581,-0.02276,0.60136,-0.79889,-0.01131,-0.00298,
1540581282910737408,-0.10664,12.49182,-0.02051,0.60098,-0.79918,-0.01130,-0.00218,
1540581282944413952,-0.11134,12.50851,-0.01934,0.60000,-0.79988,-0.01364,-0.00189,
1540581282979671296,-0.11406,12.52790,-0.01163,0.59798,-0.80128,-0.01908,-0.00262,
1540581283011513344,-0.11485,12.55036,-0.01031,0.59700,-0.80189,-0.02343,-0.00326,
1540581283048742656,-0.11560,12.57008,-0.00796,0.59615,-0.80250,-0.02440,-0.00271,
1540581283078990848,-0.11921,12.59116,-0.00327,0.59538,-0.80314,-0.02202,-0.00135,
1540581283112675840,-0.12201,12.61372,-0.00573,0.59574,-0.80296,-0.01880,0.00057,
1540581283146259456,-0.12669,12.62944,-0.01046,0.59666,-0.80231,-0.01725,0.00166,
1540581283180808448,-0.13249,12.64417,-0.01528,0.59717,-0.80191,-0.01800,0.00226,
1540581283213616640,-0.13530,12.66250,-0.01541,0.59713,-0.80188,-0.02029,0.00323,
1540581283251833344,-0.13260,12.67636,-0.01119,0.59735,-0.80169,-0.02115,0.00483,
1540581283316034816,-0.13699,12.71037,-0.00918,0.59694,-0.80217,-0.01062,0.00873,
1540581283350833152,-0.14435,12.72703,-0.01018,0.59715,-0.80204,-0.00438,0.01108,
1540581283382511104,-0.15264,12.73586,-0.00738,0.59757,-0.80172,-0.00320,0.01217,
1540581283416892672,-0.15825,12.75013,-0.00896,0.59789,-0.80146,-0.00733,0.01161,
1540581283448287232,-0.16097,12.77007,-0.01167,0.59857,-0.80085,-0.01664,0.00903,
1540581283482414080,-0.16015,12.78789,-0.01481,0.59958,-0.79989,-0.02539,0.00676,
1540581283515619328,-0.15663,12.80870,-0.01462,0.59989,-0.79950,-0.03003,0.00567,
1540581283549968896,-0.15339,12.83456,-0.01863,0.60059,-0.79892,-0.03156,0.00472,
1540581283599470592,-0.15510,12.85862,-0.01963,0.60148,-0.79847,-0.02496,0.00630,
1540581283634989312,-0.15314,12.88226,-0.01996,0.60196,-0.79828,-0.01830,0.00797,
1540581283665765888,-0.15165,12.90636,-0.02242,0.60219,-0.79820,-0.01260,0.00916,
1540581283699850496,-0.14948,12.92877,-0.02027,0.60184,-0.79852,-0.00605,0.01145,
1540581283731875328,-0.14703,12.95175,-0.01911,0.60147,-0.79879,-0.00284,0.01257,
1540581283765997056,-0.14487,12.97238,-0.01747,0.60107,-0.79909,-0.00183,0.01319,
1540581283799244288,-0.14151,12.99361,-0.01638,0.60041,-0.79958,-0.00500,0.01258,
1540581283832653312,-0.13607,13.01276,-0.01339,0.59941,-0.80030,-0.01006,0.01142,
1540581283865733632,-0.13097,13.03584,-0.01337,0.59895,-0.80062,-0.01220,0.01096,
1540581283899376640,-0.12686,13.05477,-0.01311,0.59859,-0.80089,-0.01265,0.01067,
1540581283932149760,-0.12453,13.07411,-0.01249,0.59801,-0.80131,-0.01342,0.01025,
1540581283965755648,-0.12147,13.09290,-0.01420,0.59828,-0.80106,-0.01670,0.00880,
1540581283999295744,-0.11864,13.10880,-0.01807,0.59921,-0.80027,-0.02175,0.00658,
1540581284032450048,-0.11667,13.12467,-0.01921,0.59959,-0.79982,-0.02758,0.00358,
1540581284066281984,-0.11600,13.13980,-0.02027,0.59995,-0.79929,-0.03449,0.00007,
1540581284099307264,-0.11311,13.15642,-0.01811,0.59997,-0.79899,-0.04052,-0.00288,
1540581284132852480,-0.11029,13.17635,-0.01870,0.60037,-0.79876,-0.03909,-0.00361,
1540581284165829120,-0.10567,13.19100,-0.02155,0.60146,-0.79826,-0.03207,-0.00202,
1540581284200075264,-0.10261,13.20848,-0.01880,0.60040,-0.79944,-0.02030,0.00094,
1540581284233205504,-0.09927,13.23195,-0.01844,0.60102,-0.79918,-0.00789,0.00414,
1540581284266130432,-0.09492,13.24807,-0.02231,0.60271,-0.79789,0.00568,0.00891,
1540581284298886144,-0.09319,13.26225,-0.01996,0.60201,-0.79811,0.02000,0.01423,
1540581284332884480,-0.09283,13.27851,-0.01742,0.60191,-0.79786,0.02836,0.01774,
1540581284366911744,-0.09664,13.29136,-0.02220,0.60289,-0.79707,0.02888,0.01887,
1540581284399289088,-0.09782,13.30119,-0.02626,0.60362,-0.79679,0.02099,0.01808,
1540581284435021312,-0.09856,13.31765,-0.02884,0.60426,-0.79660,0.00784,0.01527,
1540581284466834176,-0.10082,13.33494,-0.03116,0.60530,-0.79588,-0.00307,0.01312,
1540581284499766784,-0.09817,13.34991,-0.02964,0.60577,-0.79546,-0.01205,0.01138,
1540581284533260800,-0.09869,13.36689,-0.02912,0.60600,-0.79525,-0.01406,0.01165,
1540581284566004992,-0.10089,13.39053,-0.02978,0.60574,-0.79546,-0.01237,0.01325,
1540581284599618048,-0.10520,13.41265,-0.02945,0.60502,-0.79601,-0.01141,0.01367,
1540581284633412096,-0.11155,13.43042,-0.02568,0.60389,-0.79686,-0.01208,0.01362,
1540581284666392064,-0.11880,13.45034,-0.02188,0.60281,-0.79763,-0.01532,0.01294,
1540581284699452928,-0.12199,13.47083,-0.01665,0.60134,-0.79865,-0.02021,0.01164,
1540581284734316288,-0.12703,13.49489,-0.01381,0.60024,-0.79944,-0.02222,0.01056,
1540581284766281728,-0.13387,13.51667,-0.01312,0.59991,-0.79972,-0.02109,0.01082,
1540581284799576576,-0.14017,13.53653,-0.01403,0.59992,-0.79971,-0.02119,0.01078,
1540581284833871872,-0.14751,13.55537,-0.01539,0.59995,-0.79960,-0.02478,0.00907,
1540581284866426368,-0.15556,13.57284,-0.01459,0.59983,-0.79955,-0.02939,0.00772,
1540581284900404480,-0.16077,13.59088,-0.01447,0.59975,-0.79938,-0.03527,0.00665,
1540581284933212672,-0.16072,13.61032,-0.01386,0.59909,-0.79969,-0.03937,0.00652,
1540581284966655232,-0.15974,13.62936,-0.01162,0.59845,-0.80021,-0.03838,0.00758,
1540581285002355456,-0.16080,13.64839,-0.00947,0.59826,-0.80059,-0.03195,0.01077,
1540581285034971136,-0.16107,13.66837,-0.01085,0.59850,-0.80057,-0.02647,0.01372,
1540581285066040832,-0.16288,13.68561,-0.01152,0.59864,-0.80052,-0.02304,0.01597,
1540581285099705344,-0.16431,13.70465,-0.01440,0.59914,-0.80014,-0.02238,0.01782,
1540581285134187008,-0.16410,13.72345,-0.01790,0.60020,-0.79925,-0.02467,0.01892,
1540581285167581440,-0.16002,13.74162,-0.02235,0.60125,-0.79835,-0.02714,0.02014,
1540581285200392960,-0.15788,13.76379,-0.02251,0.60176,-0.79793,-0.02734,0.02114,
1540581285233298432,-0.15548,13.78535,-0.02634,0.60316,-0.79688,-0.02546,0.02296,
1540581285266989568,-0.15178,13.80795,-0.03161,0.60431,-0.79604,-0.02207,0.02540,
1540581285300041216,-0.14711,13.82882,-0.03271,0.60490,-0.79562,-0.01854,0.02719,
1540581285333212160,-0.14728,13.85417,-0.03226,0.60551,-0.79520,-0.01488,0.02838,
1540581285366537728,-0.14595,13.87593,-0.03762,0.60674,-0.79425,-0.01267,0.02954,
1540581285399595776,-0.14476,13.89807,-0.04201,0.60712,-0.79395,-0.01314,0.02947,
1540581285433537792,-0.14360,13.91940,-0.03660,0.60642,-0.79448,-0.01699,0.02770,
1540581285466252800,-0.13955,13.93893,-0.03182,0.60601,-0.79474,-0.02186,0.02569,
1540581285500115712,-0.13327,13.96118,-0.02687,0.60486,-0.79555,-0.02657,0.02328,
1540581285536701440,-0.12705,13.98879,-0.02374,0.60353,-0.79658,-0.02718,0.02175,
1540581285567356928,-0.12201,14.01188,-0.01898,0.60209,-0.79781,-0.02277,0.02171,
1540581285599690240,-0.11679,14.03530,-0.01978,0.60123,-0.79859,-0.01724,0.02200,
1540581285635336192,-0.11682,14.05614,-0.01506,0.59999,-0.79963,-0.01147,0.02171,
1540581285671317504,-0.11663,14.07866,-0.02305,0.60033,-0.79943,-0.00951,0.02060,
1540581285703147264,-0.11455,14.09524,-0.02726,0.60079,-0.79911,-0.01346,0.01700,
1540581285737249280,-0.11186,14.11432,-0.02615,0.60025,-0.79948,-0.01878,0.01300,
1540581285768899328,-0.10703,14.13180,-0.02560,0.60074,-0.79902,-0.02460,0.00866,
1540581285802704896,-0.09991,14.14953,-0.02932,0.60139,-0.79854,-0.02507,0.00611,
1540581285836446720,-0.09250,14.16842,-0.02932,0.60100,-0.79901,-0.01847,0.00606,
1540581285870406400,-0.09331,14.18552,-0.02969,0.60120,-0.79904,-0.00691,0.00710,
1540581285902929664,-0.09808,14.19811,-0.02719,0.60174,-0.79865,0.00158,0.00783,
1540581285935756032,-0.10010,14.20578,-0.02499,0.60224,-0.79828,0.00328,0.00731,
1540581285970094848,-0.10153,14.22096,-0.02507,0.60271,-0.79794,0.00004,0.00546,
1540581286003533568,-0.10055,14.23827,-0.02837,0.60387,-0.79706,-0.00444,0.00416,
1540581286035553024,-0.09677,14.25326,-0.03123,0.60488,-0.79628,-0.00669,0.00409,
1540581286069742592,-0.09573,14.26720,-0.03051,0.60539,-0.79589,-0.00589,0.00493,
1540581286102826240,-0.09866,14.28129,-0.03035,0.60601,-0.79541,-0.00414,0.00693,
1540581286136353536,-0.10168,14.29756,-0.03216,0.60671,-0.79486,-0.00537,0.00839,
1540581286169945856,-0.10150,14.31695,-0.03198,0.60719,-0.79444,-0.00981,0.00919,
1540581286203403776,-0.10113,14.33633,-0.03022,0.60750,-0.79414,-0.01319,0.01043,
1540581286238217728,-0.10028,14.35829,-0.03333,0.60775,-0.79390,-0.01404,0.01306,
1540581286271036416,-0.10014,14.37673,-0.02971,0.60707,-0.79438,-0.01309,0.01582,
1540581286304293632,-0.10244,14.39279,-0.02407,0.60585,-0.79528,-0.01114,0.01873,
1540581286337486848,-0.10629,14.41135,-0.02003,0.60405,-0.79660,-0.01195,0.02048,
1540581286371285504,-0.11047,14.42977,-0.01022,0.60194,-0.79813,-0.01486,0.02101,
1540581286405591040,-0.11267,14.45793,-0.01084,0.60085,-0.79886,-0.01889,0.02117,
1540581286438605824,-0.11526,14.47850,-0.01185,0.60051,-0.79904,-0.02228,0.02070,
1540581286472638464,-0.12211,14.49745,-0.00966,0.60009,-0.79928,-0.02537,0.02002,
1540581286506557184,-0.12695,14.52096,-0.01721,0.60068,-0.79871,-0.02960,0.01943,
1540581286539676160,-0.12712,14.53934,-0.01988,0.60083,-0.79843,-0.03433,0.01839,
1540581286573775872,-0.12898,14.55414,-0.01485,0.60045,-0.79865,-0.03617,0.01766,
1540581286608621056,-0.13095,14.57417,-0.01164,0.59991,-0.79916,-0.03269,0.01955,
1540581286639999232,-0.12979,14.59291,-0.00856,0.59932,-0.79975,-0.02691,0.02213,
1540581286674210560,-0.13346,14.61175,-0.00830,0.59859,-0.80045,-0.01838,0.02493,
1540581286707607552,-0.13918,14.62890,-0.00776,0.59796,-0.80097,-0.01075,0.02805,
1540581286741699584,-0.14518,14.64536,-0.00946,0.59822,-0.80074,-0.00894,0.02959,
1540581286775035136,-0.14927,14.66118,-0.01593,0.59940,-0.79980,-0.01337,0.02938,
1540581286808336640,-0.14925,14.68014,-0.01857,0.60017,-0.79909,-0.02073,0.02865,
1540581286842053376,-0.14811,14.69745,-0.02212,0.60157,-0.79788,-0.02669,0.02814,
1540581286875261184,-0.14375,14.71641,-0.02599,0.60279,-0.79682,-0.03028,0.02852,
1540581286909395456,-0.14097,14.73590,-0.02918,0.60386,-0.79599,-0.02919,0.03010,
1540581286942857472,-0.13982,14.75294,-0.02866,0.60464,-0.79544,-0.02410,0.03321,
1540581286978253056,-0.14135,14.76918,-0.02218,0.60461,-0.79548,-0.01891,0.03619,
1540581287010464000,-0.14295,14.78987,-0.02314,0.60493,-0.79518,-0.01740,0.03795,
1540581287043151616,-0.14286,14.81272,-0.01923,0.60461,-0.79534,-0.01958,0.03864,
1540581287078756864,-0.13856,14.83572,-0.01604,0.60455,-0.79527,-0.02280,0.03933,
1540581287111042816,-0.13484,14.86339,-0.01821,0.60424,-0.79542,-0.02487,0.03966,
1540581287143756032,-0.13041,14.89135,-0.01798,0.60320,-0.79616,-0.02514,0.04060,
1540581287180820480,-0.12679,14.91428,-0.01442,0.60193,-0.79709,-0.02442,0.04158,
1540581287211538176,-0.12275,14.94435,-0.01437,0.60065,-0.79805,-0.02569,0.04107,
1540581287245325056,-0.11722,14.96555,-0.00662,0.59918,-0.79917,-0.02552,0.04081,
1540581287279168512,-0.11251,14.98945,-0.00487,0.59754,-0.80047,-0.02278,0.04076,
1540581287312489216,-0.11331,15.01058,-0.00256,0.59570,-0.80197,-0.01969,0.03992,
1540581287345725184,-0.11117,15.03722,0.00208,0.59417,-0.80316,-0.01883,0.03922,
1540581287379418112,-0.10687,15.05797,-0.00281,0.59501,-0.80259,-0.02081,0.03704,
1540581287412823552,-0.10435,15.07593,-0.00616,0.59517,-0.80255,-0.02232,0.03448,
1540581287446900480,-0.10108,15.09734,-0.00759,0.59470,-0.80296,-0.02268,0.03282,
1540581287480277248,-0.09904,15.11503,-0.01036,0.59543,-0.80246,-0.02456,0.03023,
1540581287515460352,-0.09578,15.13222,-0.01376,0.59611,-0.80200,-0.02613,0.02758,
1540581287547268096,-0.09185,15.14737,-0.01297,0.59633,-0.80192,-0.02556,0.02585,
1540581287580763392,-0.09155,15.16161,-0.01415,0.59676,-0.80171,-0.02409,0.02376,
1540581287614859520,-0.09270,15.17233,-0.01010,0.59685,-0.80172,-0.02317,0.02172,
1540581287648451328,-0.09168,15.19058,-0.01333,0.59745,-0.80131,-0.02373,0.01979,
1540581287681954560,-0.09010,15.20561,-0.01689,0.59851,-0.80052,-0.02522,0.01777,
1540581287716072448,-0.08891,15.22189,-0.01904,0.59912,-0.80008,-0.02595,0.01606,
1540581287749341952,-0.08680,15.23898,-0.01980,0.59977,-0.79965,-0.02457,0.01549,
1540581287782690560,-0.08588,15.25502,-0.02332,0.60055,-0.79915,-0.02127,0.01556,
1540581287817953792,-0.08824,15.26744,-0.02199,0.60071,-0.79911,-0.01788,0.01569,
1540581287850223104,-0.09083,15.27996,-0.02235,0.60125,-0.79872,-0.01744,0.01545,
1540581287883401472,-0.09211,15.29272,-0.02235,0.60164,-0.79838,-0.02021,0.01433,
1540581287921296128,-0.09237,15.30813,-0.02235,0.60204,-0.79798,-0.02456,0.01273,
1540581287986444032,-0.09637,15.34185,-0.01724,0.60122,-0.79846,-0.02951,0.01110,
1540581288018885632,-0.09837,15.36128,-0.01211,0.59992,-0.79941,-0.03028,0.01107,
1540581288090686208,-0.10582,15.39913,-0.01540,0.59910,-0.80004,-0.02971,0.01125,
1540581288153916672,-0.11551,15.43566,-0.00562,0.59706,-0.80156,-0.02978,0.01150,
1540581288202300416,-0.11941,15.45109,-0.00528,0.59667,-0.80180,-0.03127,0.01106,
1540581288253910272,-0.13453,15.48177,-0.00808,0.59752,-0.80088,-0.03813,0.01026,
1540581288303141632,-0.12858,15.49432,-0.01014,0.59809,-0.79978,-0.05070,0.00774,
1540581288334886144,-0.13254,15.51035,-0.01150,0.59757,-0.79986,-0.05551,0.00706,
1540581288368274176,-0.13406,15.52416,-0.00711,0.59786,-0.79952,-0.05707,0.00910,
1540581288402349312,-0.13263,15.54205,-0.00886,0.59789,-0.79947,-0.05695,0.01103,
1540581288434916864,-0.13314,15.56220,-0.00747,0.59717,-0.80035,-0.05143,0.01374,
1540581288468199680,-0.13489,15.57779,-0.00516,0.59703,-0.80097,-0.04031,0.01972,
1540581288502111744,-0.13652,15.59264,-0.00598,0.59700,-0.80117,-0.03397,0.02380,
1540581288534955520,-0.13953,15.60856,-0.00803,0.59693,-0.80119,-0.03283,0.02619,
1540581288568559360,-0.13946,15.62098,-0.00573,0.59705,-0.80094,-0.03479,0.02850,
1540581288602344704,-0.13840,15.63916,-0.01124,0.59799,-0.80002,-0.03835,0.02995,
1540581288634872064,-0.13983,15.65972,-0.01435,0.59820,-0.79973,-0.03980,0.03178,
1540581288668405248,-0.13818,15.67687,-0.01487,0.59890,-0.79907,-0.03954,0.03518,
1540581288701984256,-0.13738,15.69187,-0.01554,0.59990,-0.79821,-0.03958,0.03769,
1540581288735538432,-0.13690,15.70960,-0.01304,0.59971,-0.79819,-0.03987,0.04058,
1540581288768672512,-0.13482,15.73061,-0.01533,0.60030,-0.79750,-0.04091,0.04428,
1540581288802689792,-0.13085,15.74817,-0.01394,0.60080,-0.79685,-0.04312,0.04705,
1540581288835200512,-0.12867,15.76893,-0.01791,0.60081,-0.79664,-0.04446,0.04926,
1540581288868516864,-0.12600,15.78877,-0.01438,0.60001,-0.79704,-0.04412,0.05260,
1540581288902104832,-0.12680,15.80426,-0.01616,0.60007,-0.79673,-0.04754,0.05369,
1540581288935328768,-0.12431,15.82215,-0.01162,0.59874,-0.79718,-0.05653,0.05310,
1540581288968947200,-0.12022,15.84363,-0.00877,0.59724,-0.79785,-0.06287,0.05270,
1540581289002395904,-0.11876,15.85967,-0.00704,0.59675,-0.79800,-0.06624,0.05200,
1540581289036458496,-0.11873,15.87770,-0.00744,0.59587,-0.79850,-0.06850,0.05152,
1540581289069675264,-0.11702,15.89661,-0.00638,0.59532,-0.79873,-0.07103,0.05081,
1540581289102426112,-0.11577,15.91130,-0.00783,0.59593,-0.79818,-0.07285,0.04970,
1540581289135942912,-0.11552,15.92767,-0.01006,0.59594,-0.79806,-0.07499,0.04826,
1540581289169925376,-0.11430,15.94233,-0.01147,0.59623,-0.79766,-0.07819,0.04618,
1540581289202126080,-0.11129,15.95354,-0.00922,0.59626,-0.79754,-0.08020,0.04445,
1540581289235627008,-0.11039,15.96996,-0.00870,0.59583,-0.79792,-0.08062,0.04252,
1540581289269139456,-0.10985,15.97854,-0.00302,0.59552,-0.79846,-0.07817,0.04138,
1540581289302375680,-0.11034,15.98862,0.00004,0.59486,-0.79924,-0.07582,0.04020,
1540581289335449088,-0.11175,16.00207,-0.00150,0.59426,-0.79985,-0.07495,0.03855,
1540581289369007872,-0.11603,16.02572,-0.01169,0.59422,-0.79996,-0.07513,0.03637,
1540581289402447104,-0.11773,16.03305,-0.01052,0.59456,-0.79967,-0.07699,0.03319,
1540581289435488000,-0.11696,16.04127,-0.01058,0.59457,-0.79977,-0.07642,0.03170,
1540581289468940800,-0.11618,16.05402,-0.01153,0.59434,-0.80042,-0.07151,0.03106,
1540581289502471680,-0.12033,16.06186,-0.01180,0.59431,-0.80113,-0.06382,0.03011,
1540581289535529728,-0.12644,16.06434,-0.01198,0.59461,-0.80132,-0.05869,0.02960,
1540581289569214464,-0.12979,16.06426,-0.00818,0.59396,-0.80188,-0.05838,0.02807,
1540581289604480512,-0.13373,16.06873,-0.00626,0.59359,-0.80208,-0.06097,0.02459,
1540581289637652992,-0.13886,16.07002,-0.00656,0.59419,-0.80156,-0.06281,0.02204,
1540581289669259520,-0.14133,16.07488,-0.00946,0.59431,-0.80141,-0.06409,0.02075,
1540581289702607360,-0.14508,16.07861,-0.00955,0.59440,-0.80131,-0.06508,0.01890,
1540581289736757248,-0.14968,16.08308,-0.01152,0.59479,-0.80104,-0.06496,0.01821,
1540581289769532416,-0.15318,16.08796,-0.01397,0.59517,-0.80080,-0.06455,0.01824,
1540581289802743296,-0.15391,16.08545,-0.00903,0.59509,-0.80094,-0.06338,0.01872,
1540581289835857920,-0.15690,16.08583,-0.00615,0.59472,-0.80133,-0.06163,0.01935,
1540581289869241856,-0.16126,16.08772,-0.00620,0.59456,-0.80150,-0.06072,0.02006,
1540581289905324544,-0.16335,16.08911,-0.00727,0.59451,-0.80141,-0.06247,0.02002,
1540581289937630976,-0.16502,16.09048,-0.00767,0.59443,-0.80132,-0.06456,0.01938,
1540581289969260288,-0.16833,16.09043,-0.00871,0.59457,-0.80111,-0.06609,0.01876,
1540581290002495744,-0.17204,16.09149,-0.01157,0.59486,-0.80074,-0.06794,0.01859,
1540581290036237824,-0.17385,16.09119,-0.01313,0.59506,-0.80038,-0.07042,0.01839,
1540581290070125568,-0.17480,16.09073,-0.01241,0.59503,-0.80021,-0.07272,0.01788,
1540581290102944256,-0.17709,16.08860,-0.00951,0.59498,-0.80022,-0.07288,0.01814,
1540581290137349888,-0.17898,16.08705,-0.00680,0.59472,-0.80039,-0.07297,0.01890,
1540581290170200832,-0.18038,16.08674,-0.00383,0.59431,-0.80058,-0.07418,0.01909,
1540581290203334144,-0.18225,16.08820,-0.00472,0.59453,-0.80015,-0.07707,0.01854,
1540581290237008640,-0.18482,16.08700,-0.00647,0.59483,-0.79972,-0.07925,0.01863,
1540581290269941504,-0.18510,16.08557,-0.00619,0.59456,-0.79972,-0.08101,0.01975,
1540581290304795392,-0.18551,16.08701,-0.00656,0.59450,-0.79953,-0.08310,0.02062,
1540581290337833984,-0.18578,16.08820,-0.00943,0.59491,-0.79903,-0.08469,0.02140,
1540581290370979840,-0.18559,16.08800,-0.01186,0.59523,-0.79869,-0.08546,0.02208,
1540581290404062720,-0.18300,16.08476,-0.00806,0.59511,-0.79866,-0.08657,0.02235,
1540581290438172416,-0.18075,16.08439,-0.00703,0.59521,-0.79859,-0.08639,0.02261,
1540581290470316800,-0.17999,16.08509,-0.00774,0.59524,-0.79878,-0.08423,0.02341,
1540581290504092672,-0.17999,16.08509,-0.00774,0.59524,-0.79878,-0.08423,0.02341,
1540581290537472512,-0.17999,16.08509,-0.00774,0.59524,-0.79878,-0.08423,0.02341,
1540581290571099648,-0.18049,16.08526,-0.00924,0.59542,-0.79854,-0.08524,0.02316,
1540581290605165568,-0.17964,16.08584,-0.01193,0.59568,-0.79822,-0.08642,0.02318,
1540581290638848000,-0.17964,16.08584,-0.01193,0.59568,-0.79822,-0.08642,0.02318,
1540581290672006400,-0.17964,16.08584,-0.01193,0.59568,-0.79822,-0.08642,0.02318,
1540581290706183936,-0.17964,16.08584,-0.01193,0.59568,-0.79822,-0.08642,0.02318,
1540581290739407104,-0.17913,16.08533,-0.01006,0.59535,-0.79831,-0.08794,0.02282,
1540581290773060608,-0.17913,16.08533,-0.01006,0.59535,-0.79831,-0.08794,0.02282,
1540581290807849472,-0.17994,16.08565,-0.01007,0.59515,-0.79868,-0.08571,0.02363,
1540581290840142592,-0.18077,16.08687,-0.00950,0.59486,-0.79916,-0.08286,0.02488,
1540581290874008576,-0.18014,16.08462,-0.00528,0.59453,-0.79961,-0.08057,0.02573,
1540581290909172480,-0.18044,16.08329,-0.00211,0.59403,-0.80019,-0.07821,0.02648,
1540581290941576448,-0.18044,16.08329,-0.00211,0.59403,-0.80019,-0.07821,0.02648,
1540581290977555200,-0.18044,16.08329,-0.00211,0.59403,-0.80019,-0.07821,0.02648,
1540581291008200448,-0.17949,16.08477,-0.00309,0.59391,-0.80032,-0.07780,0.02653,
1540581291042388224,-0.17839,16.08709,-0.00370,0.59383,-0.80055,-0.07569,0.02766,
1540581291075527424,-0.17741,16.08855,-0.00590,0.59413,-0.80040,-0.07477,0.02802,
1540581291110324992,-0.17754,16.08932,-0.00721,0.59421,-0.80044,-0.07341,0.02870,
1540581291142513664,-0.17754,16.08932,-0.00721,0.59421,-0.80044,-0.07341,0.02870,
1540581291175685632,-0.17754,16.08932,-0.00721,0.59421,-0.80044,-0.07341,0.02870,
1540581291210406656,-0.17755,16.09001,-0.00684,0.59394,-0.80077,-0.07156,0.02974,
1540581291243465728,-0.17755,16.09001,-0.00684,0.59394,-0.80077,-0.07156,0.02974,
1540581291276627200,-0.17755,16.09001,-0.00684,0.59394,-0.80077,-0.07156,0.02974,
1540581291310879232,-0.17755,16.09001,-0.00684,0.59394,-0.80077,-0.07156,0.02974,
1540581291344167680,-0.17755,16.09001,-0.00684,0.59394,-0.80077,-0.07156,0.02974,
1540581291377636608,-0.17755,16.09001,-0.00684,0.59394,-0.80077,-0.07156,0.02974,
1540581291412173312,-0.17755,16.09001,-0.00684,0.59394,-0.80077,-0.07156,0.02974,
1540581291445850624,-0.17755,16.09001,-0.00684,0.59394,-0.80077,-0.07156,0.02974,
1540581291478862080,-0.17755,16.09001,-0.00684,0.59394,-0.80077,-0.07156,0.02974,
