1540581001702913792,0.00000,0.00000,0.00000,0.60251,-0.79773,-0.02448,0.00000,
1540581001737337088,-0.00065,-0.00050,-0.00007,0.60245,-0.79777,-0.02488,-0.00008,
1540581001772527360,-0.00152,0.00055,-0.00027,0.60393,-0.79662,-0.02567,0.00009,
1540581001841122048,-0.00359,0.00622,-0.00612,0.60433,-0.79631,-0.02603,-0.00061,
1540581001886972416,-0.00359,0.00622,-0.00612,0.60433,-0.79631,-0.02603,-0.00061,
1540581001941394176,-0.00368,0.00528,-0.00461,0.60395,-0.79654,-0.02769,-0.00134,
1540581001986855936,-0.00358,0.00842,-0.00619,0.60379,-0.79659,-0.02978,-0.00201,
1540581002022784256,-0.00386,0.00541,-0.00078,0.60343,-0.79680,-0.03132,-0.00254,
1540581002089011456,-0.00351,0.00608,0.00487,0.60224,-0.79764,-0.03262,-0.00304,
1540581002120592384,-0.00351,0.00608,0.00487,0.60224,-0.79764,-0.03262,-0.00304,
1540581002154190336,-0.00351,0.00608,0.00487,0.60224,-0.79764,-0.03262,-0.00304,
1540581002187537920,-0.00351,0.00608,0.00487,0.60224,-0.79764,-0.03262,-0.00304,
1540581002221639680,-0.00351,0.00608,0.00487,0.60224,-0.79764,-0.03262,-0.00304,
1540581002254423808,-0.00351,0.00608,0.00487,0.60224,-0.79764,-0.03262,-0.00304,
1540581002287476224,-0.00351,0.00608,0.00487,0.60224,-0.79764,-0.03262,-0.00304,
1540581002321891840,-0.00351,0.00608,0.00487,0.60224,-0.79764,-0.03262,-0.00304,
1540581002355063552,-0.00351,0.00608,0.00487,0.60224,-0.79764,-0.03262,-0.00304,
1540581002388534016,-0.00300,0.01089,0.00061,0.60254,-0.79748,-0.03114,-0.00249,
1540581002420328192,-0.00228,0.01332,-0.00195,0.60290,-0.79730,-0.02878,-0.00177,
1540581002454947840,-0.00188,0.01474,-0.00344,0.60322,-0.79714,-0.02626,-0.00086,
1540581002487958528,-0.00131,0.01618,-0.00404,0.60352,-0.79698,-0.02431,0.00010,
1540581002520942080,-0.00131,0.01618,-0.00404,0.60352,-0.79698,-0.02431,0.00010,
1540581002554761728,-0.00131,0.01618,-0.00404,0.60352,-0.79698,-0.02431,0.00010,
1540581002587456000,-0.00181,0.01907,-0.00440,0.60359,-0.79691,-0.02473,0.00028,
1540581002621370624,-0.00117,0.02264,-0.00547,0.60364,-0.79687,-0.02496,0.00069,
1540581002655442432,-0.00019,0.02688,-0.00626,0.60352,-0.79698,-0.02414,0.00143,
1540581002688235776,0.00165,0.03081,-0.00623,0.60350,-0.79707,-0.02156,0.00317,
1540581002721086976,0.00306,0.03406,-0.00559,0.60368,-0.79698,-0.01918,0.00500,
1540581002754280704,0.00400,0.03720,-0.00521,0.60387,-0.79686,-0.01770,0.00697,
1540581002788057600,0.00668,0.04075,-0.00560,0.60393,-0.79681,-0.01618,0.00966,
1540581002821100032,0.00947,0.04473,-0.00582,0.60389,-0.79682,-0.01615,0.01162,
1540581002855397888,0.01047,0.04949,-0.00682,0.60420,-0.79654,-0.01693,0.01311,
1540581002887480832,0.01287,0.05274,-0.00837,0.60484,-0.79599,-0.01851,0.01502,
1540581002921171200,0.01579,0.05710,-0.01170,0.60527,-0.79557,-0.02120,0.01643,
1540581002954237952,0.01784,0.06279,-0.01341,0.60556,-0.79528,-0.02248,0.01800,
1540581002988361472,0.02132,0.06525,-0.01248,0.60624,-0.79473,-0.02087,0.02118,
1540581003021002496,0.02356,0.06718,-0.01219,0.60654,-0.79447,-0.01791,0.02448,
1540581003054540800,0.02288,0.07142,-0.01377,0.60645,-0.79450,-0.01649,0.02681,
1540581003088656384,0.02226,0.07487,-0.01466,0.60640,-0.79444,-0.01876,0.02813,
1540581003125155072,0.02126,0.07613,-0.01249,0.60665,-0.79407,-0.02661,0.02697,
1540581003155460352,0.01955,0.07938,-0.01134,0.60662,-0.79386,-0.03390,0.02559,
1540581003188579072,0.02202,0.08569,-0.00913,0.60599,-0.79417,-0.03753,0.02566,
1540581003221939968,0.02227,0.09413,-0.00812,0.60556,-0.79456,-0.03567,0.02651,
1540581003255033600,0.02019,0.09995,-0.00602,0.60530,-0.79488,-0.03196,0.02766,
1540581003289251584,0.01739,0.10720,-0.00603,0.60492,-0.79522,-0.02888,0.02926,
1540581003321918976,0.01610,0.11421,-0.00384,0.60456,-0.79547,-0.03034,0.02851,
1540581003356338688,0.01229,0.12423,-0.00507,0.60463,-0.79538,-0.03247,0.02730,
1540581003388155904,0.01074,0.13319,-0.00758,0.60502,-0.79503,-0.03391,0.02712,
1540581003421548544,0.01063,0.14305,-0.00991,0.60508,-0.79496,-0.03555,0.02570,
1540581003454726912,0.00757,0.15304,-0.01017,0.60500,-0.79508,-0.03533,0.02412,
1540581003488212992,0.00450,0.16215,-0.01078,0.60528,-0.79489,-0.03595,0.02232,
1540581003522083072,0.00367,0.17076,-0.00849,0.60504,-0.79506,-0.03786,0.01936,
1540581003554822656,0.00454,0.18159,-0.00670,0.60454,-0.79552,-0.03723,0.01699,
1540581003588113408,0.00029,0.19172,-0.00495,0.60399,-0.79607,-0.03602,0.01329,
1540581003621715456,-0.00368,0.20685,-0.00601,0.60323,-0.79675,-0.03469,0.00992,
1540581003654536448,-0.00313,0.21647,-0.00301,0.60277,-0.79716,-0.03412,0.00639,
1540581003687758592,-0.00554,0.22620,-0.00270,0.60218,-0.79768,-0.03296,0.00120,
1540581003722505472,-0.01248,0.23749,-0.00185,0.60137,-0.79839,-0.03047,-0.00356,
1540581003754614272,-0.01110,0.24350,0.00027,0.60094,-0.79865,-0.03093,-0.00798,
1540581003788606464,-0.01063,0.25121,0.00463,0.59979,-0.79946,-0.03051,-0.01375,
1540581003822119424,-0.01176,0.26276,0.00496,0.59888,-0.80023,-0.02554,-0.01802,
1540581003857254144,-0.01287,0.27517,0.00367,0.59862,-0.80052,-0.01899,-0.02143,
1540581003890536448,-0.00880,0.28393,0.00144,0.59862,-0.80059,-0.01246,-0.02356,
1540581003924176128,-0.00658,0.29356,0.00221,0.59810,-0.80102,-0.00233,-0.02506,
1540581003956797184,-0.00553,0.30010,0.00306,0.59817,-0.80088,0.00887,-0.02652,
1540581003992097536,-0.00526,0.30412,0.00365,0.59790,-0.80084,0.02147,-0.02670,
1540581004023290368,-0.00182,0.31130,0.00374,0.59731,-0.80093,0.03243,-0.02627,
1540581004057659136,-0.00202,0.31922,0.00161,0.59740,-0.80035,0.04317,-0.02622,
1540581004092633088,-0.00591,0.32156,0.00029,0.59817,-0.79926,0.05182,-0.02611,
1540581004127089664,-0.00983,0.31733,0.00474,0.59794,-0.79914,0.05630,-0.02617,
1540581004157468672,-0.01281,0.32005,0.00456,0.59766,-0.79929,0.05662,-0.02693,
1540581004191360512,-0.01813,0.31883,0.00578,0.59792,-0.79927,0.05336,-0.02855,
1540581004223385088,-0.02268,0.31736,0.00598,0.59768,-0.79966,0.04938,-0.02963,
1540581004256911872,-0.02461,0.32429,0.00332,0.59737,-0.80006,0.04654,-0.02969,
1540581004290758144,-0.02831,0.32779,0.00177,0.59795,-0.79975,0.04457,-0.02952,
1540581004326064896,-0.03102,0.32716,0.00060,0.59862,-0.79937,0.04307,-0.02825,
1540581004358098432,-0.03335,0.32998,0.00108,0.59874,-0.79934,0.04346,-0.02589,
1540581004391383808,-0.03659,0.33173,0.00011,0.59926,-0.79902,0.04376,-0.02332,
1540581004425195776,-0.04351,0.32897,0.00311,0.59936,-0.79904,0.04348,-0.02054,
1540581004458251776,-0.04648,0.32962,0.00570,0.59944,-0.79915,0.04187,-0.01648,
1540581004493736960,-0.04960,0.33253,0.00571,0.59978,-0.79923,0.03588,-0.01466,
1540581004526515712,-0.05287,0.33165,0.00564,0.60036,-0.79907,0.03000,-0.01227,
1540581004559398912,-0.05718,0.33187,0.00624,0.60015,-0.79940,0.02650,-0.00905,
1540581004592635648,-0.06075,0.33670,0.00642,0.60012,-0.79961,0.02082,-0.00649,
1540581004627221504,-0.06471,0.33696,0.00402,0.60070,-0.79938,0.01082,-0.00539,
1540581004660614912,-0.06702,0.33611,0.00645,0.60053,-0.79959,0.00362,-0.00335,
1540581004693592576,-0.06674,0.33717,0.00965,0.60037,-0.79972,-0.00011,0.00015,
1540581004727909120,-0.06970,0.33881,0.00854,0.60074,-0.79942,-0.00457,0.00260,
1540581004761348608,-0.07121,0.34007,0.00649,0.60056,-0.79950,-0.01033,0.00485,
1540581004805703680,-0.06913,0.34175,0.00872,0.59988,-0.79985,-0.01870,0.00606,
1540581004863854592,-0.06556,0.34677,0.01188,0.59960,-0.79974,-0.02886,0.00803,
1540581004896426752,-0.06178,0.35015,0.01155,0.59946,-0.79978,-0.03015,0.00903,
1540581004929520128,-0.06178,0.35015,0.01155,0.59946,-0.79978,-0.03015,0.00903,
1540581004962736640,-0.06178,0.35015,0.01155,0.59946,-0.79978,-0.03015,0.00903,
1540581004996574208,-0.05987,0.35484,0.00795,0.59974,-0.79957,-0.03083,0.00759,
1540581005030073856,-0.05553,0.35939,0.00512,0.60003,-0.79937,-0.03065,0.00618,
1540581005064083200,-0.05207,0.36458,0.00401,0.60032,-0.79916,-0.03062,0.00360,
1540581005097621504,-0.04984,0.36902,0.00219,0.60095,-0.79874,-0.02955,0.00081,
1540581005132739840,-0.04656,0.37066,0.00201,0.60127,-0.79859,-0.02691,-0.00112,
1540581005165352704,-0.04042,0.37807,0.00098,0.60095,-0.79890,-0.02456,-0.00316,
1540581005197876480,-0.03865,0.38309,0.00043,0.60114,-0.79880,-0.02249,-0.00616,
1540581005231754240,-0.03410,0.38500,-0.00016,0.60107,-0.79891,-0.01988,-0.00784,
1540581005265879040,-0.02624,0.39175,0.00251,0.60008,-0.79972,-0.01617,-0.00933,
1540581005298413824,-0.01946,0.40152,-0.00052,0.60005,-0.79982,-0.01075,-0.01014,
1540581005331972096,-0.01609,0.40786,-0.00341,0.60016,-0.79977,-0.00651,-0.01148,
1540581005366659840,-0.00990,0.41543,-0.00323,0.60006,-0.79983,-0.00468,-0.01321,
1540581005399253248,-0.00273,0.42169,-0.00434,0.60048,-0.79951,-0.00260,-0.01455,
1540581005433456640,0.00344,0.42860,-0.00352,0.60019,-0.79971,0.00169,-0.01509,
1540581005466287104,0.00866,0.43726,-0.00262,0.60000,-0.79983,0.00574,-0.01552,
1540581005499635712,0.01492,0.44848,-0.00615,0.60016,-0.79968,0.00895,-0.01562,
1540581005533766144,0.02136,0.45753,-0.00738,0.60026,-0.79956,0.01264,-0.01557,
1540581005566998272,0.02668,0.46333,-0.00566,0.60082,-0.79907,0.01589,-0.01552,
1540581005601547008,0.03203,0.46654,-0.00371,0.60118,-0.79874,0.01931,-0.01484,
1540581005634880512,0.03925,0.47422,-0.00299,0.60076,-0.79899,0.02234,-0.01400,
1540581005668359424,0.04446,0.48310,-0.00083,0.60050,-0.79910,0.02579,-0.01306,
1540581005701822464,0.04890,0.48997,-0.00211,0.60105,-0.79863,0.02797,-0.01213,
1540581005737658624,0.05365,0.49801,-0.00186,0.60082,-0.79873,0.03069,-0.01042,
1540581005805580800,0.05743,0.50960,-0.00732,0.60270,-0.79723,0.03358,-0.00686,
1540581005836474624,0.05859,0.51652,-0.00892,0.60300,-0.79711,0.03116,-0.00580,
1540581005869665792,0.05735,0.52509,-0.01118,0.60425,-0.79631,0.02737,-0.00515,
1540581005903991808,0.05934,0.52814,-0.01632,0.60600,-0.79515,0.02215,-0.00428,
1540581005937799168,0.06226,0.53677,-0.01462,0.60589,-0.79533,0.01823,-0.00321,
1540581005970635520,0.06119,0.54443,-0.01224,0.60658,-0.79484,0.01706,-0.00170,
1540581006006851072,0.06269,0.55106,-0.01147,0.60704,-0.79445,0.01860,0.00263,
1540581006072555008,0.06004,0.57425,-0.00281,0.60554,-0.79558,0.01756,0.00806,
1540581006106185472,0.05844,0.58665,-0.00527,0.60563,-0.79558,0.01235,0.01032,
1540581006140640768,0.05735,0.60332,-0.00436,0.60506,-0.79607,0.00574,0.01179,
1540581006208975360,0.06070,0.63348,-0.00866,0.60626,-0.79510,-0.00585,0.01532,
1540581006239620096,0.05811,0.64785,-0.00903,0.60633,-0.79497,-0.00832,0.01784,
1540581006310899712,0.05830,0.67887,-0.00219,0.60505,-0.79573,-0.01505,0.02254,
1540581006376392960,0.05353,0.71416,0.00152,0.60352,-0.79659,-0.02255,0.02647,
1540581006426059008,0.05851,0.73683,-0.00087,0.60278,-0.79692,-0.02675,0.02944,
1540581006476634112,0.04801,0.77185,-0.00459,0.60172,-0.79749,-0.03000,0.03239,
1540581006508755456,0.04277,0.78628,-0.00201,0.60127,-0.79762,-0.03453,0.03305,
1540581006559572736,0.04723,0.80489,-0.00122,0.60041,-0.79782,-0.04308,0.03384,
1540581006590649344,0.04363,0.81552,0.00502,0.60032,-0.79759,-0.04858,0.03328,
1540581006623484928,0.04175,0.83039,0.01014,0.59992,-0.79764,-0.05251,0.03327,
1540581006656978176,0.04029,0.85017,0.00870,0.59949,-0.79792,-0.05265,0.03405,
1540581006690394112,0.03909,0.86675,0.01027,0.59927,-0.79821,-0.05048,0.03445,
1540581006725167872,0.03712,0.88311,0.01096,0.59898,-0.79864,-0.04660,0.03502,
1540581006756838912,0.03534,0.89872,0.01301,0.59813,-0.79947,-0.04314,0.03502,
1540581006789992448,0.03483,0.91377,0.01541,0.59785,-0.79980,-0.04182,0.03395,
1540581006823133952,0.03338,0.93054,0.01653,0.59754,-0.80021,-0.03928,0.03269,
1540581006856817664,0.03256,0.94680,0.01667,0.59742,-0.80054,-0.03467,0.03184,
1540581006890180096,0.03505,0.96192,0.01583,0.59716,-0.80097,-0.03019,0.03070,
1540581006923128064,0.03471,0.98031,0.01354,0.59699,-0.80134,-0.02458,0.02929,
1540581006956906752,0.03500,0.99514,0.01005,0.59807,-0.80069,-0.02157,0.02739,
1540581006990013696,0.03787,1.00816,0.00521,0.59895,-0.80011,-0.02187,0.02475,
1540581007023285504,0.04023,1.02217,0.00423,0.59904,-0.80011,-0.02261,0.02148,
1540581007057010432,0.04258,1.03684,0.00495,0.59966,-0.79973,-0.02230,0.01847,
1540581007090162944,0.04869,1.05116,0.00262,0.60042,-0.79926,-0.01998,0.01683,
1540581007123734784,0.05306,1.06923,0.00083,0.60043,-0.79937,-0.01648,0.01458,
1540581007157555456,0.05722,1.08764,-0.00112,0.60133,-0.79878,-0.01409,0.01226,
1540581007190238464,0.06449,1.10628,-0.00421,0.60229,-0.79812,-0.01148,0.01133,
1540581007223370752,0.07054,1.12648,-0.00516,0.60243,-0.79807,-0.00708,0.01055,
1540581007256820992,0.07598,1.14743,-0.00750,0.60320,-0.79752,-0.00238,0.01047,
1540581007290333184,0.08306,1.16909,-0.00903,0.60376,-0.79709,0.00049,0.01080,
1540581007325329152,0.08963,1.18831,-0.00968,0.60382,-0.79706,0.00122,0.01022,
1540581007356930560,0.09535,1.20604,-0.00861,0.60377,-0.79710,-0.00067,0.00916,
1540581007391341568,0.10287,1.22607,-0.00627,0.60304,-0.79766,-0.00467,0.00806,
1540581007424546560,0.11085,1.24705,-0.00477,0.60253,-0.79803,-0.00715,0.00747,
1540581007458042112,0.11973,1.26992,-0.00357,0.60160,-0.79873,-0.00531,0.00890,
1540581007490546688,0.12863,1.29117,-0.00058,0.60082,-0.79930,-0.00061,0.01140,
1540581007524101376,0.13569,1.31111,-0.00001,0.60095,-0.79915,0.00397,0.01400,
1540581007558058752,0.14067,1.32717,0.00219,0.60017,-0.79969,0.00615,0.01595,
1540581007590501376,0.14291,1.34731,-0.00034,0.60038,-0.79952,0.00449,0.01684,
1540581007624353280,0.14601,1.36504,-0.00257,0.60051,-0.79945,-0.00085,0.01629,
1540581007657935360,0.14810,1.37974,-0.00097,0.60024,-0.79964,-0.00804,0.01466,
1540581007690733312,0.14823,1.39806,0.00069,0.60017,-0.79965,-0.01220,0.01441,
1540581007724449280,0.15188,1.41579,0.00127,0.60034,-0.79949,-0.01171,0.01618,
1540581007757807616,0.15216,1.43463,0.00187,0.60027,-0.79956,-0.00733,0.01835,
1540581007791376128,0.15075,1.44780,0.00471,0.59957,-0.80004,-0.00294,0.02108,
1540581007824189952,0.14845,1.46147,0.00658,0.59950,-0.80004,-0.00307,0.02284,
1540581007857477888,0.14695,1.47762,0.00508,0.60018,-0.79948,-0.00836,0.02336,
1540581007890566912,0.14543,1.49236,0.00262,0.60058,-0.79908,-0.01413,0.02382,
1540581007924334336,0.14724,1.51383,0.00052,0.60065,-0.79888,-0.02038,0.02421,
1540581007957748480,0.14663,1.53067,0.00057,0.60147,-0.79814,-0.02405,0.02498,
1540581007990738432,0.14623,1.54853,-0.00233,0.60189,-0.79774,-0.02465,0.02720,
1540581008023915008,0.14393,1.56543,-0.00524,0.60209,-0.79754,-0.02386,0.02902,
1540581008057436160,0.13911,1.58319,-0.00400,0.60226,-0.79737,-0.02442,0.02972,
1540581008090925568,0.13463,1.59824,-0.00557,0.60340,-0.79639,-0.02814,0.02950,
1540581008124202240,0.12983,1.61617,-0.00521,0.60350,-0.79617,-0.03320,0.02825,
1540581008158084608,0.12648,1.63818,-0.00633,0.60342,-0.79608,-0.03793,0.02643,
1540581008191537152,0.12096,1.66020,-0.00521,0.60330,-0.79615,-0.03880,0.02590,
1540581008224244992,0.11641,1.68101,-0.00572,0.60318,-0.79628,-0.03750,0.02664,
1540581008257945856,0.11239,1.70100,0.00141,0.60150,-0.79763,-0.03562,0.02684,
1540581008291281664,0.10855,1.72101,0.01588,0.59980,-0.79904,-0.03190,0.02744,
1540581008326428672,0.09926,1.75072,0.01231,0.59905,-0.79972,-0.02775,0.02868,
1540581008364347904,0.09189,1.76968,0.01412,0.59799,-0.80055,-0.02668,0.02848,
1540581008392858624,0.08357,1.79141,0.01493,0.59710,-0.80121,-0.02784,0.02752,
1540581008426710272,0.07785,1.81278,0.01546,0.59699,-0.80128,-0.02843,0.02727,
1540581008459171072,0.07412,1.83189,0.00861,0.59762,-0.80084,-0.02716,0.02774,
1540581008491366144,0.06959,1.84810,0.00734,0.59719,-0.80124,-0.02056,0.03102,
1540581008528519168,0.06356,1.85998,0.01115,0.59684,-0.80150,-0.01609,0.03344,
1540581008560719872,0.05713,1.87310,0.01302,0.59695,-0.80137,-0.01531,0.03495,
1540581008594234880,0.05289,1.89161,0.00926,0.59706,-0.80121,-0.01736,0.03572,
1540581008625951744,0.04935,1.90560,0.00779,0.59764,-0.80069,-0.02154,0.03538,
1540581008660848896,0.04623,1.92105,0.01062,0.59788,-0.80042,-0.02546,0.03502,
1540581008694728448,0.04426,1.93891,0.00883,0.59855,-0.79984,-0.02711,0.03543,
1540581008726257920,0.04283,1.95522,0.00668,0.59927,-0.79929,-0.02742,0.03554,
1540581008758901248,0.03957,1.97146,0.00604,0.59960,-0.79906,-0.02646,0.03593,
1540581008792653824,0.03793,1.99169,0.00370,0.60028,-0.79854,-0.02597,0.03639,
1540581008826266112,0.03694,2.01074,-0.00049,0.60144,-0.79767,-0.02738,0.03522,
1540581008860177920,0.03610,2.02963,0.00085,0.60214,-0.79717,-0.02778,0.03439,
1540581008893440000,0.03903,2.05106,0.00031,0.60260,-0.79688,-0.02553,0.03474,
1540581008926915840,0.04150,2.07562,-0.00211,0.60298,-0.79672,-0.01898,0.03595,
1540581008960904192,0.04096,2.09909,-0.00236,0.60318,-0.79665,-0.01007,0.03776,
1540581008994572288,0.04203,2.12431,-0.00373,0.60307,-0.79671,-0.00344,0.03939,
1540581009029478912,0.04086,2.14729,-0.00468,0.60319,-0.79660,0.00036,0.04000,
1540581009061267200,0.03996,2.17308,-0.00512,0.60318,-0.79666,-0.00149,0.03875,
1540581009094789120,0.04416,2.19625,-0.00622,0.60324,-0.79668,-0.00623,0.03683,
1540581009130908928,0.04782,2.21861,0.00072,0.60233,-0.79746,-0.01120,0.03358,
1540581009162710784,0.05122,2.24284,0.00190,0.60175,-0.79795,-0.01265,0.03185,
1540581009196116480,0.05315,2.26431,0.00300,0.60110,-0.79851,-0.01424,0.02941,
1540581009230069760,0.05607,2.28589,0.00210,0.60069,-0.79887,-0.01632,0.02670,
1540581009264301824,0.05690,2.30866,0.00171,0.60078,-0.79885,-0.01934,0.02296,
1540581009296661504,0.05952,2.32381,-0.00572,0.60227,-0.79773,-0.02303,0.01906,
1540581009330592512,0.06251,2.33992,-0.00975,0.60238,-0.79763,-0.02658,0.01512,
1540581009364789504,0.06471,2.35736,-0.01107,0.60233,-0.79760,-0.03049,0.01057,
1540581009397687552,0.06616,2.37016,-0.01179,0.60327,-0.79675,-0.03484,0.00584,
1540581009431188480,0.07230,2.38537,-0.01306,0.60343,-0.79662,-0.03553,0.00295,
1540581009464443904,0.08069,2.40046,-0.01350,0.60329,-0.79690,-0.03144,0.00141,
1540581009498389760,0.07994,2.41532,-0.01081,0.60315,-0.79728,-0.02334,0.00040,
1540581009532658688,0.08000,2.42884,-0.01027,0.60341,-0.79725,-0.01693,-0.00004,
1540581009565859328,0.08121,2.44568,-0.01042,0.60324,-0.79744,-0.01392,-0.00183,
1540581009599260416,0.08334,2.46042,-0.01132,0.60377,-0.79707,-0.01187,-0.00320,
1540581009633190400,0.08495,2.47647,-0.01075,0.60407,-0.79687,-0.00921,-0.00449,
1540581009666645760,0.08476,2.49195,-0.01224,0.60459,-0.79650,-0.00550,-0.00541,
1540581009700041984,0.08216,2.50784,-0.01131,0.60489,-0.79628,-0.00254,-0.00602,
1540581009733866752,0.07833,2.52332,-0.01465,0.60583,-0.79556,-0.00202,-0.00701,
1540581009766790144,0.07452,2.53973,-0.01683,0.60646,-0.79505,-0.00448,-0.00895,
1540581009801975808,0.07066,2.55787,-0.02001,0.60708,-0.79454,-0.00700,-0.01053,
1540581009834612992,0.06575,2.57652,-0.02135,0.60743,-0.79424,-0.00914,-0.01177,
1540581009868210944,0.06118,2.59515,-0.02380,0.60774,-0.79398,-0.01057,-0.01210,
1540581009902644736,0.05665,2.61489,-0.02347,0.60742,-0.79423,-0.01028,-0.01157,
1540581009934948352,0.05195,2.63219,-0.02024,0.60706,-0.79452,-0.00975,-0.01105,
1540581009969205760,0.04701,2.64889,-0.01627,0.60614,-0.79524,-0.00893,-0.01076,
1540581010002554368,0.04222,2.66621,-0.01071,0.60460,-0.79645,-0.00609,-0.00947,
1540581010036093952,0.03831,2.68930,-0.00878,0.60292,-0.79776,-0.00231,-0.00840,
1540581010071153152,0.02948,2.70841,-0.00257,0.60156,-0.79879,0.00322,-0.00737,
1540581010103454208,0.01756,2.72228,0.00119,0.60149,-0.79883,0.00601,-0.00671,
1540581010138319104,0.00759,2.73887,0.00346,0.60106,-0.79916,0.00239,-0.00818,
1540581010170826752,0.00196,2.75738,0.00449,0.60038,-0.79966,-0.00193,-0.00965,
1540581010203991040,-0.00166,2.78079,0.00107,0.60039,-0.79965,-0.00133,-0.00945,
1540581010237244928,-0.00866,2.79458,-0.00111,0.60096,-0.79924,0.00322,-0.00782,
1540581010270902272,-0.01737,2.80555,0.00277,0.60035,-0.79967,0.00886,-0.00491,
1540581010304867584,-0.02657,2.81768,0.00390,0.59990,-0.79999,0.01113,-0.00258,
1540581010338879232,-0.03500,2.82875,0.00809,0.59950,-0.80032,0.00931,-0.00074,
1540581010371943168,-0.04111,2.84028,0.00848,0.59956,-0.80032,0.00353,0.00037,
1540581010405568000,-0.04914,2.85849,0.00049,0.59978,-0.80016,-0.00325,0.00096,
1540581010439488000,-0.05360,2.87090,0.00243,0.60018,-0.79979,-0.01059,0.00241,
1540581010473497600,-0.05687,2.88127,-0.00052,0.60181,-0.79842,-0.01841,0.00359,
1540581010506803968,-0.06029,2.89227,-0.00196,0.60246,-0.79772,-0.02584,0.00489,
1540581010539795968,-0.06465,2.91174,-0.00404,0.60309,-0.79706,-0.03060,0.00695,
1540581010574025984,-0.06386,2.92700,-0.00809,0.60463,-0.79573,-0.03378,0.01001,
1540581010607650560,-0.06362,2.94018,-0.00815,0.60541,-0.79511,-0.03297,0.01419,
1540581010641150464,-0.06371,2.95931,-0.00638,0.60555,-0.79505,-0.02880,0.01943,
1540581010674929408,-0.06395,2.97597,-0.00224,0.60608,-0.79467,-0.02433,0.02388,
1540581010708925184,-0.06597,2.99634,-0.00575,0.60676,-0.79415,-0.01887,0.02854,
1540581010742226944,-0.06770,3.01718,-0.00871,0.60677,-0.79406,-0.01489,0.03283,
1540581010775659008,-0.07165,3.03529,-0.00710,0.60701,-0.79379,-0.01540,0.03477,
1540581010808924672,-0.07302,3.05265,-0.00412,0.60671,-0.79388,-0.02034,0.03519,
1540581010842333440,-0.07247,3.07219,-0.00339,0.60667,-0.79373,-0.02737,0.03467,
1540581010875769344,-0.07031,3.09494,-0.00480,0.60618,-0.79386,-0.03470,0.03356,
1540581010910119168,-0.06712,3.11722,-0.00477,0.60526,-0.79437,-0.03967,0.03246,
1540581010943570176,-0.06305,3.14081,-0.00549,0.60448,-0.79493,-0.04012,0.03270,
1540581010994284032,-0.06267,3.16005,-0.00474,0.60355,-0.79583,-0.03393,0.03511,
1540581011027726336,-0.06062,3.17742,-0.00066,0.60235,-0.79684,-0.03074,0.03571,
1540581011095651328,-0.05623,3.21481,0.00195,0.60216,-0.79712,-0.02715,0.03567,
1540581011126460160,-0.05390,3.23248,0.00310,0.60156,-0.79762,-0.02541,0.03576,
1540581011160177408,-0.05173,3.25357,0.00057,0.60152,-0.79768,-0.02518,0.03513,
1540581011192798720,-0.05071,3.26970,-0.00058,0.60159,-0.79761,-0.02893,0.03265,
1540581011226681344,-0.04948,3.28849,-0.00449,0.60154,-0.79751,-0.03600,0.02881,
1540581011260021248,-0.04756,3.30660,-0.00551,0.60186,-0.79719,-0.03964,0.02607,
1540581011293323776,-0.04490,3.32031,-0.00887,0.60256,-0.79678,-0.03832,0.02438,
1540581011326746112,-0.04432,3.33489,-0.01030,0.60229,-0.79724,-0.03362,0.02301,
1540581011359739136,-0.04298,3.34928,-0.01225,0.60271,-0.79705,-0.03142,0.02171,
1540581011393123328,-0.04161,3.36123,-0.01332,0.60377,-0.79624,-0.03333,0.01857,
1540581011426289664,-0.04036,3.37201,-0.01354,0.60444,-0.79567,-0.03663,0.01452,
1540581011459770624,-0.03868,3.38696,-0.01227,0.60444,-0.79563,-0.03872,0.01143,
1540581011493578496,-0.03722,3.40235,-0.01338,0.60538,-0.79486,-0.04056,0.00801,
1540581011527116032,-0.03681,3.41908,-0.01123,0.60517,-0.79506,-0.04030,0.00480,
1540581011559715328,-0.03636,3.43802,-0.00856,0.60525,-0.79506,-0.03947,0.00213,
1540581011593327872,-0.03651,3.46120,-0.01472,0.60601,-0.79446,-0.03978,-0.00104,
1540581011626628352,-0.03698,3.47906,-0.01189,0.60604,-0.79435,-0.04105,-0.00529,
1540581011660249344,-0.03584,3.50110,-0.01047,0.60584,-0.79453,-0.04012,-0.00807,
1540581011693388288,-0.03503,3.52250,-0.00937,0.60594,-0.79467,-0.03525,-0.00965,
1540581011726634240,-0.03440,3.54684,-0.00539,0.60484,-0.79587,-0.02561,-0.01022,
1540581011759888896,-0.03119,3.57302,-0.00274,0.60414,-0.79667,-0.01499,-0.00995,
1540581011793808384,-0.03166,3.60006,0.00209,0.60227,-0.79825,-0.00072,-0.00861,
1540581011826744064,-0.03423,3.62611,0.00626,0.60091,-0.79920,0.01144,-0.00803,
1540581011860543744,-0.03555,3.64453,0.00943,0.59941,-0.80015,0.02010,-0.00762,
1540581011893798656,-0.04206,3.66369,0.01764,0.59725,-0.80160,0.02557,-0.00847,
1540581011927041280,-0.04925,3.68426,0.01852,0.59663,-0.80210,0.02309,-0.01148,
1540581011960102912,-0.05288,3.70398,0.01377,0.59609,-0.80259,0.01809,-0.01413,
1540581011993603072,-0.05303,3.72644,0.01339,0.59529,-0.80320,0.01568,-0.01602,
1540581012027524608,-0.05500,3.74217,0.01380,0.59542,-0.80298,0.02200,-0.01457,
1540581012060167424,-0.05609,3.75589,0.01347,0.59522,-0.80288,0.03115,-0.01122,
1540581012094016768,-0.06052,3.76847,0.01789,0.59427,-0.80320,0.04073,-0.00740,
1540581012127102976,-0.06632,3.78321,0.01272,0.59449,-0.80281,0.04541,-0.00403,
1540581012160636928,-0.07260,3.79057,0.01322,0.59446,-0.80299,0.04254,-0.00286,
1540581012194244864,-0.07596,3.80510,0.01251,0.59511,-0.80293,0.03383,-0.00325,
1540581012227356928,-0.07778,3.81332,0.01185,0.59667,-0.80208,0.02531,-0.00325,
1540581012260874240,-0.07846,3.82522,0.00936,0.59736,-0.80173,0.01967,-0.00199,
1540581012293607680,-0.08049,3.83687,0.00928,0.59834,-0.80108,0.01639,-0.00077,
1540581012327301376,-0.08152,3.85448,0.00175,0.60039,-0.79956,0.01528,0.00184,
1540581012360531456,-0.08204,3.86906,-0.00257,0.60163,-0.79858,0.01688,0.00542,
1540581012393908224,-0.08154,3.88307,-0.00214,0.60242,-0.79786,0.02050,0.00968,
1540581012428350976,-0.08228,3.90043,-0.00249,0.60324,-0.79699,0.02632,0.01487,
1540581012460187648,-0.08121,3.91831,-0.00254,0.60382,-0.79623,0.03197,0.02000,
1540581012494205440,-0.08010,3.93832,-0.00364,0.60426,-0.79552,0.03767,0.02452,
1540581012526744320,-0.08243,3.95971,-0.00455,0.60443,-0.79499,0.04262,0.02889,
1540581012560346880,-0.08637,3.98164,-0.00687,0.60439,-0.79481,0.04400,0.03232,
1540581012594295040,-0.08924,4.00215,-0.00343,0.60418,-0.79527,0.03790,0.03299,
1540581012627227904,-0.09111,4.02697,-0.00684,0.60459,-0.79554,0.02484,0.03115,
1540581012660948736,-0.09042,4.05247,-0.00647,0.60442,-0.79607,0.01025,0.02914,
1540581012693881856,-0.08864,4.07234,0.00186,0.60388,-0.79659,-0.00042,0.02766,
1540581012727019776,-0.08308,4.09618,0.00565,0.60298,-0.79724,-0.00509,0.02808,
1540581012761720576,-0.08019,4.12238,0.00532,0.60140,-0.79832,-0.00094,0.03157,
1540581012794661888,-0.07374,4.14385,0.01316,0.59958,-0.79951,0.00569,0.03554,
1540581012827934208,-0.06911,4.16919,0.01335,0.59885,-0.79975,0.01518,0.03949,
1540581012861521408,-0.07057,4.19384,0.00924,0.59833,-0.79966,0.02509,0.04374,
1540581012894958336,-0.07181,4.21339,0.00743,0.59830,-0.79949,0.02730,0.04580,
1540581012931345920,-0.07405,4.23137,0.00597,0.59912,-0.79948,0.01436,0.04106,
1540581012966360576,-0.07606,4.24605,0.00662,0.60016,-0.79910,-0.00349,0.03519,
1540581012995632384,-0.07625,4.25960,0.00655,0.60080,-0.79865,-0.01540,0.03100,
1540581013027896576,-0.07092,4.27324,0.00943,0.60074,-0.79859,-0.02717,0.02487,
1540581013063959040,-0.06926,4.29318,0.00995,0.59997,-0.79919,-0.02971,0.02133,
1540581013095735296,-0.06621,4.31363,0.01068,0.59983,-0.79943,-0.02656,0.02021,
1540581013129733376,-0.06651,4.33065,0.01005,0.60022,-0.79932,-0.02140,0.01902,
1540581013165445888,-0.06930,4.34888,0.00792,0.60017,-0.79949,-0.01746,0.01749,
1540581013197446656,-0.07338,4.36726,0.00833,0.60028,-0.79946,-0.01785,0.01490,
1540581013228702208,-0.07514,4.38334,0.00666,0.60087,-0.79894,-0.02259,0.01145,
1540581013262209792,-0.07695,4.40741,-0.00212,0.60150,-0.79822,-0.03166,0.00575,
1540581013295928320,-0.07738,4.42309,-0.00162,0.60192,-0.79751,-0.04088,-0.00031,
1540581013331539456,-0.07669,4.44290,-0.00437,0.60249,-0.79670,-0.04728,-0.00561,
1540581013364298240,-0.07377,4.46209,-0.00468,0.60293,-0.79625,-0.04874,-0.00920,
1540581013396938752,-0.07389,4.48225,-0.00834,0.60346,-0.79602,-0.04523,-0.01193,
1540581013431384576,-0.07595,4.50284,-0.00870,0.60334,-0.79643,-0.03862,-0.01369,
1540581013464129792,-0.07675,4.52033,-0.00565,0.60301,-0.79691,-0.03284,-0.01512,
1540581013497933312,-0.07838,4.54073,-0.00329,0.60194,-0.79791,-0.02689,-0.01650,
1540581013530874880,-0.07843,4.56243,0.00260,0.60025,-0.79933,-0.02119,-0.01814,
1540581013565323008,-0.07735,4.59387,0.00127,0.59958,-0.79997,-0.01396,-0.01890,
1540581013597909504,-0.08464,4.61088,0.00503,0.59957,-0.80009,-0.00458,-0.01877,
1540581013631217152,-0.09268,4.62757,0.00322,0.59886,-0.80057,-0.00311,-0.02117,
1540581013664854016,-0.09912,4.64555,0.00425,0.59778,-0.80123,-0.00814,-0.02495,
1540581013698908928,-0.10133,4.66399,0.00331,0.59742,-0.80117,-0.01751,-0.03015,
1540581013732744192,-0.10107,4.68233,-0.00242,0.59741,-0.80091,-0.02288,-0.03361,
1540581013765271808,-0.09949,4.69927,-0.00210,0.59688,-0.80129,-0.02217,-0.03442,
1540581013798929408,-0.09938,4.71117,0.00408,0.59667,-0.80168,-0.01501,-0.03276,
1540581013832804352,-0.09959,4.72765,0.00479,0.59672,-0.80191,-0.00361,-0.02920,
1540581013866234368,-0.10246,4.74319,0.00637,0.59706,-0.80175,0.00855,-0.02532,
1540581013899692032,-0.10561,4.75565,0.00734,0.59768,-0.80125,0.01720,-0.02188,
1540581013933629696,-0.11028,4.76813,0.00620,0.59837,-0.80068,0.02234,-0.01900,
1540581013966798080,-0.11433,4.78076,0.00431,0.59911,-0.80019,0.02143,-0.01763,
1540581014001006080,-0.11813,4.79813,-0.00120,0.60012,-0.79957,0.01572,-0.01724,
1540581014035341568,-0.12225,4.81342,-0.00330,0.60108,-0.79896,0.00812,-0.01729,
1540581014067894784,-0.12074,4.82983,-0.00458,0.60205,-0.79826,-0.00104,-0.01749,
1540581014101418496,-0.11835,4.84484,-0.00291,0.60286,-0.79766,-0.00606,-0.01629,
1540581014135047168,-0.11676,4.86537,-0.00379,0.60353,-0.79720,-0.00590,-0.01353,
1540581014168430592,-0.11408,4.88520,-0.00578,0.60455,-0.79652,-0.00125,-0.00892,
1540581014202338048,-0.11370,4.90336,-0.00515,0.60519,-0.79605,0.00649,-0.00283,
1540581014235852544,-0.11534,4.92364,-0.00505,0.60557,-0.79569,0.01194,0.00272,
1540581014269482240,-0.11979,4.94744,-0.00782,0.60615,-0.79523,0.01212,0.00636,
1540581014303246080,-0.11969,4.96515,-0.00922,0.60699,-0.79460,0.00810,0.01020,
1540581014336708352,-0.11880,4.98989,-0.01541,0.60724,-0.79443,-0.00097,0.01201,
1540581014370809344,-0.11729,5.01151,-0.01789,0.60745,-0.79414,-0.01318,0.01330,
1540581014403880192,-0.11697,5.02192,-0.00963,0.60709,-0.79408,-0.02632,0.01367,
1540581014437270016,-0.10663,5.04558,-0.00623,0.60620,-0.79424,-0.03832,0.01536,
1540581014471149568,-0.09524,5.06866,-0.00415,0.60535,-0.79470,-0.04002,0.01994,
1540581014504433664,-0.08783,5.08832,-0.00076,0.60445,-0.79549,-0.03453,0.02551,
1540581014538660096,-0.08296,5.11096,-0.00004,0.60367,-0.79617,-0.02479,0.03284,
1540581014572884736,-0.07973,5.12853,0.00015,0.60330,-0.79636,-0.01621,0.03971,
1540581014605914368,-0.07939,5.14543,-0.00265,0.60317,-0.79630,-0.01475,0.04316,
1540581014639113216,-0.08326,5.15716,-0.00472,0.60345,-0.79595,-0.02122,0.04324,
1540581014672614656,-0.08238,5.17075,-0.00564,0.60373,-0.79530,-0.03775,0.03988,
1540581014706667264,-0.07657,5.18557,-0.00464,0.60394,-0.79421,-0.05699,0.03509,
1540581014739586816,-0.06766,5.20902,-0.00941,0.60417,-0.79340,-0.06650,0.03279,
1540581014773958656,-0.05677,5.22243,-0.00528,0.60402,-0.79363,-0.06526,0.03242,
1540581014807385856,-0.05460,5.23932,-0.00290,0.60337,-0.79491,-0.05358,0.03462,
1540581014840707840,-0.05432,5.25860,-0.00299,0.60320,-0.79559,-0.04276,0.03687,
1540581014874742016,-0.05734,5.27274,-0.00713,0.60391,-0.79537,-0.03549,0.03756,
1540581014907533824,-0.05917,5.28514,-0.00725,0.60413,-0.79532,-0.03435,0.03620,
1540581014941428480,-0.05962,5.30059,-0.00526,0.60416,-0.79526,-0.03799,0.03336,
1540581014975292160,-0.05744,5.31553,-0.00679,0.60491,-0.79456,-0.04303,0.03029,
1540581015008820480,-0.05539,5.33117,-0.01138,0.60556,-0.79391,-0.04798,0.02656,
1540581015042764800,-0.05417,5.35034,-0.01382,0.60575,-0.79369,-0.05066,0.02360,
1540581015077485824,-0.05409,5.36691,-0.01789,0.60703,-0.79261,-0.05362,0.02024,
1540581015109823488,-0.05349,5.38202,-0.02124,0.60776,-0.79191,-0.05675,0.01706,
1540581015144277248,-0.05521,5.39965,-0.02330,0.60807,-0.79137,-0.06178,0.01269,
1540581015177702400,-0.05523,5.41798,-0.02454,0.60841,-0.79067,-0.06791,0.00803,
1540581015211354880,-0.05415,5.43444,-0.02245,0.60815,-0.79046,-0.07293,0.00344,
1540581015244061952,-0.05385,5.45490,-0.02008,0.60739,-0.79088,-0.07479,0.00025,
1540581015278507264,-0.05283,5.47514,-0.01840,0.60667,-0.79148,-0.07416,-0.00216,
1540581015311003136,-0.05379,5.49618,-0.01893,0.60578,-0.79235,-0.07199,-0.00480,
1540581015344144128,-0.05443,5.51565,-0.01386,0.60432,-0.79374,-0.06883,-0.00656,
1540581015378537984,-0.05683,5.53773,-0.01043,0.60328,-0.79490,-0.06422,-0.00797,
1540581015450140672,-0.06600,5.57330,-0.00445,0.60129,-0.79670,-0.05927,-0.01433,
1540581015497166080,-0.07426,5.59080,0.00157,0.59986,-0.79747,-0.06171,-0.01996,
1540581015546804224,-0.07605,5.62656,-0.00396,0.59923,-0.79726,-0.06785,-0.02629,
1540581015598327040,-0.08046,5.64407,-0.00549,0.59864,-0.79790,-0.06476,-0.02814,
1540581015628932352,-0.07877,5.65860,-0.00162,0.59862,-0.79853,-0.05718,-0.02703,
1540581015662314496,-0.07820,5.67373,0.00038,0.59916,-0.79906,-0.04412,-0.02373,
1540581015695798784,-0.07706,5.69205,-0.00176,0.59967,-0.79949,-0.02916,-0.01892,
1540581015729571584,-0.07515,5.70546,-0.00104,0.60037,-0.79936,-0.01857,-0.01525,
1540581015762348288,-0.07559,5.72369,-0.00676,0.60139,-0.79879,-0.01114,-0.01165,
1540581015795457024,-0.07601,5.73670,-0.00850,0.60247,-0.79802,-0.00972,-0.00956,
1540581015829464320,-0.07675,5.74818,-0.01077,0.60364,-0.79708,-0.01382,-0.00973,
1540581015862278912,-0.07878,5.75651,-0.01050,0.60450,-0.79625,-0.02133,-0.01079,
1540581015896080384,-0.08033,5.76990,-0.01110,0.60494,-0.79563,-0.02978,-0.01194,
1540581015930341888,-0.08298,5.78285,-0.01019,0.60575,-0.79469,-0.03681,-0.01324,
1540581015962317056,-0.08425,5.80123,-0.01206,0.60655,-0.79389,-0.04067,-0.01354,
1540581015996203520,-0.08549,5.81992,-0.01356,0.60716,-0.79360,-0.03774,-0.01126,
1540581016030504448,-0.08505,5.84128,-0.01590,0.60822,-0.79314,-0.03083,-0.00746,
1540581016063534080,-0.08367,5.86708,-0.01256,0.60950,-0.79252,-0.02028,-0.00235,
1540581016096087552,-0.08574,5.89071,-0.01810,0.61045,-0.79197,-0.01147,0.00259,
1540581016130459904,-0.08894,5.90881,-0.02106,0.61103,-0.79152,-0.00994,0.00538,
1540581016162585600,-0.09271,5.92685,-0.02275,0.61132,-0.79120,-0.01616,0.00600,
1540581016196184576,-0.09539,5.94508,-0.02107,0.61092,-0.79116,-0.02840,0.00514,
1540581016229537792,-0.09990,5.96632,-0.01994,0.61003,-0.79135,-0.04014,0.00398,
1540581016263483648,-0.09961,5.99034,-0.01545,0.60921,-0.79147,-0.04916,0.00427,
1540581016296722944,-0.09781,6.01381,-0.01236,0.60899,-0.79160,-0.04936,0.00782,
1540581016329865472,-0.09705,6.03738,-0.01019,0.60807,-0.79264,-0.04260,0.01269,
1540581016363631360,-0.09597,6.06112,-0.00912,0.60727,-0.79359,-0.03267,0.01922,
1540581016396574464,-0.09731,6.08623,-0.01040,0.60745,-0.79354,-0.02700,0.02383,
1540581016429883648,-0.10014,6.10609,-0.01143,0.60783,-0.79319,-0.02612,0.02676,
1540581016463019776,-0.10107,6.12648,-0.01335,0.60773,-0.79306,-0.03075,0.02783,
1540581016496585728,-0.10407,6.14404,-0.01330,0.60762,-0.79266,-0.04317,0.02494,
1540581016529803776,-0.10902,6.16358,-0.01392,0.60750,-0.79189,-0.05852,0.02089,
1540581016562843136,-0.10815,6.18436,-0.01207,0.60722,-0.79084,-0.07470,0.01638,
1540581016596149760,-0.10709,6.20586,-0.01155,0.60717,-0.79026,-0.08159,0.01358,
1540581016629914112,-0.10679,6.23049,-0.01350,0.60673,-0.79104,-0.07700,0.01426,
1540581016663179008,-0.10781,6.25631,-0.01325,0.60620,-0.79241,-0.06566,0.01705,
1540581016696976128,-0.11054,6.27906,-0.01124,0.60685,-0.79262,-0.05601,0.01867,
1540581016730348800,-0.11254,6.29870,-0.01120,0.60763,-0.79234,-0.05127,0.01899,
1540581016763172608,-0.11689,6.32382,-0.01556,0.60775,-0.79230,-0.05094,0.01755,
1540581016797432064,-0.12010,6.34636,-0.01629,0.60844,-0.79152,-0.05554,0.01420,
1540581016830188288,-0.12265,6.36873,-0.01963,0.60953,-0.79032,-0.06138,0.01018,
1540581016862897664,-0.12572,6.39025,-0.02112,0.60987,-0.78962,-0.06731,0.00536,
1540581016897698048,-0.12910,6.41335,-0.01984,0.60986,-0.78939,-0.07026,0.00135,
1540581016930178048,-0.13140,6.43639,-0.01861,0.61029,-0.78908,-0.06994,-0.00118,
1540581016963046400,-0.13520,6.45674,-0.01958,0.61039,-0.78913,-0.06844,-0.00385,
1540581016997210368,-0.14026,6.47931,-0.02015,0.60898,-0.79017,-0.06871,-0.00752,
1540581017030846208,-0.14752,6.50175,-0.01533,0.60695,-0.79116,-0.07424,-0.01297,
1540581017063280896,-0.15150,6.52312,-0.01304,0.60563,-0.79142,-0.08102,-0.01751,
1540581017097475328,-0.15422,6.54597,-0.00830,0.60367,-0.79221,-0.08642,-0.02255,
1540581017130096384,-0.15473,6.57030,-0.00419,0.60215,-0.79361,-0.08361,-0.02444,
1540581017164299264,-0.15712,6.59604,-0.00315,0.60199,-0.79476,-0.07332,-0.02415,
1540581017196510464,-0.15794,6.62027,-0.00226,0.60193,-0.79619,-0.05739,-0.02168,
1540581017229979392,-0.15937,6.64289,-0.00136,0.60183,-0.79722,-0.04324,-0.01937,
1540581017264630528,-0.16485,6.66298,-0.00041,0.60172,-0.79790,-0.03150,-0.01712,
1540581017297245696,-0.16758,6.68036,0.00259,0.60134,-0.79842,-0.02569,-0.01576,
1540581017332467968,-0.16808,6.70025,0.00384,0.60087,-0.79889,-0.02270,-0.01496,
1540581017366023424,-0.16837,6.71886,0.00290,0.60113,-0.79883,-0.01852,-0.01293,
1540581017399157760,-0.16783,6.73880,0.00211,0.60127,-0.79885,-0.01400,-0.01046,
1540581017433702912,-0.16780,6.75655,-0.00222,0.60247,-0.79805,-0.00960,-0.00763,
1540581017463235328,-0.16998,6.77254,-0.00225,0.60311,-0.79761,-0.00684,-0.00520,
1540581017496908288,-0.17172,6.79052,-0.00713,0.60444,-0.79661,-0.00702,-0.00264,
1540581017530616064,-0.17610,6.80822,-0.00869,0.60572,-0.79559,-0.01148,-0.00193,
1540581017563792384,-0.17779,6.82361,-0.01162,0.60717,-0.79434,-0.01907,-0.00149,
1540581017597251840,-0.17839,6.84509,-0.01226,0.60783,-0.79361,-0.02673,-0.00077,
1540581017632111872,-0.17804,6.86745,-0.01505,0.60926,-0.79230,-0.03258,0.00073,
1540581017666456832,-0.17769,6.88945,-0.01711,0.61033,-0.79136,-0.03508,0.00355,
1540581017699825408,-0.17952,6.90874,-0.01321,0.61044,-0.79127,-0.03450,0.00752,
1540581017732599040,-0.17783,6.93547,-0.01388,0.61051,-0.79120,-0.03352,0.01285,
1540581017767396864,-0.17417,6.95928,-0.01331,0.61051,-0.79108,-0.03430,0.01720,
1540581017799486720,-0.17359,6.98116,-0.01331,0.60970,-0.79161,-0.03426,0.02118,
1540581017836225536,-0.16821,7.00408,-0.00230,0.60682,-0.79363,-0.03480,0.02671,
1540581017867818240,-0.16702,7.02558,0.00497,0.60553,-0.79438,-0.03731,0.02999,
1540581017899001856,-0.16225,7.04443,0.01137,0.60418,-0.79522,-0.03848,0.03340,
1540581017932420864,-0.15270,7.06911,0.01667,0.60142,-0.79724,-0.03506,0.03836,
1540581017966793216,-0.14814,7.09910,0.01604,0.60018,-0.79820,-0.02990,0.04206,
1540581017999987712,-0.14866,7.11872,0.01238,0.60034,-0.79806,-0.02608,0.04483,
1540581018032916992,-0.14725,7.13793,0.00618,0.60000,-0.79818,-0.02800,0.04607,
1540581018067284992,-0.14656,7.15677,0.00680,0.60000,-0.79789,-0.03994,0.04209,
1540581018100159232,-0.14501,7.17512,0.00635,0.60077,-0.79686,-0.05169,0.03776,
1540581018133964288,-0.13590,7.18980,0.00450,0.60123,-0.79618,-0.05846,0.03459,
1540581018167637504,-0.13130,7.20487,0.00920,0.60053,-0.79702,-0.05531,0.03250,
1540581018201213952,-0.13250,7.22697,0.00709,0.60054,-0.79768,-0.04471,0.03270,
1540581018235435776,-0.13124,7.24160,0.00997,0.60082,-0.79788,-0.03612,0.03310,
1540581018267704320,-0.13308,7.25725,0.00781,0.60129,-0.79779,-0.03141,0.03161,
1540581018301885952,-0.13510,7.27600,0.00623,0.60146,-0.79777,-0.03141,0.02868,
1540581018335057664,-0.13390,7.29446,0.00456,0.60209,-0.79730,-0.03379,0.02569,
1540581018369650176,-0.13390,7.31078,0.00405,0.60289,-0.79665,-0.03753,0.02154,
1540581018402896896,-0.13185,7.33001,0.00185,0.60319,-0.79642,-0.03935,0.01842,
1540581018435834880,-0.13082,7.35047,0.00208,0.60322,-0.79648,-0.03885,0.01541,
1540581018469187840,-0.13031,7.37220,0.00070,0.60366,-0.79629,-0.03678,0.01315,
1540581018504144128,-0.12985,7.39309,-0.00031,0.60388,-0.79633,-0.03254,0.01172,
1540581018538619904,-0.12998,7.41705,-0.00129,0.60388,-0.79655,-0.02726,0.01001,
1540581018570096128,-0.12953,7.43995,-0.00197,0.60396,-0.79669,-0.02070,0.00940,
1540581018605206016,-0.13117,7.46161,-0.00538,0.60348,-0.79722,-0.01336,0.00893,
1540581018638282752,-0.13600,7.48014,0.00582,0.60148,-0.79880,-0.00989,0.00650,
1540581018670955520,-0.13928,7.50026,0.01422,0.60006,-0.79990,-0.00893,0.00391,
1540581018704796160,-0.13849,7.52526,0.01428,0.59887,-0.80081,-0.00788,0.00170,
1540581018738532864,-0.14480,7.55295,0.01706,0.59736,-0.80196,-0.00546,-0.00112,
1540581018771810048,-0.15163,7.57493,0.01888,0.59654,-0.80257,-0.00430,-0.00350,
1540581018805977088,-0.15456,7.59606,0.01947,0.59591,-0.80301,-0.00532,-0.00628,
1540581018839196928,-0.15625,7.61754,0.01805,0.59566,-0.80318,-0.00516,-0.00843,
1540581018873353728,-0.15981,7.63474,0.01741,0.59561,-0.80321,-0.00261,-0.00938,
1540581018907688448,-0.16265,7.65126,0.01730,0.59531,-0.80344,0.00021,-0.00954,
1540581018939988736,-0.16459,7.66729,0.01869,0.59500,-0.80367,0.00271,-0.00941,
1540581018974404096,-0.16664,7.68294,0.01865,0.59510,-0.80358,0.00631,-0.00837,
1540581019008510208,-0.16933,7.69746,0.01643,0.59553,-0.80325,0.00861,-0.00739,
1540581019044579584,-0.17147,7.71515,0.01313,0.59620,-0.80277,0.00753,-0.00708,
1540581019074344448,-0.17340,7.72789,0.00950,0.59750,-0.80183,0.00428,-0.00712,
1540581019108533504,-0.17403,7.74290,0.00588,0.59858,-0.80103,-0.00128,-0.00760,
1540581019141507840,-0.17348,7.75828,0.00525,0.59943,-0.80036,-0.00726,-0.00780,
1540581019175114752,-0.17202,7.78019,0.00129,0.60040,-0.79958,-0.01130,-0.00754,
1540581019210035712,-0.16783,7.79998,-0.00117,0.60149,-0.79877,-0.01153,-0.00590,
1540581019242871040,-0.16416,7.82192,-0.00278,0.60241,-0.79817,-0.00554,-0.00206,
1540581019275433728,-0.16051,7.84584,-0.00623,0.60312,-0.79764,0.00307,0.00240,
1540581019309516800,-0.16164,7.86944,-0.00465,0.60345,-0.79723,0.01411,0.00804,
1540581019343114496,-0.16252,7.89298,-0.00493,0.60392,-0.79661,0.02261,0.01343,
1540581019376916992,-0.16131,7.91327,-0.00399,0.60366,-0.79653,0.02821,0.01826,
1540581019410189824,-0.16438,7.93138,-0.00068,0.60316,-0.79683,0.02871,0.02089,
1540581019444306432,-0.16715,7.95062,-0.00144,0.60283,-0.79726,0.02209,0.02209,
1540581019477740288,-0.16573,7.97327,-0.00002,0.60218,-0.79806,0.00677,0.02093,
1540581019511673088,-0.16206,7.99450,0.00368,0.60178,-0.79836,-0.00987,0.01942,
1540581019544983296,-0.15850,8.01548,0.00419,0.60137,-0.79849,-0.01917,0.02012,
1540581019578537984,-0.15347,8.03715,0.00735,0.60039,-0.79901,-0.02546,0.02171,
1540581019611666176,-0.15105,8.06196,0.00572,0.60014,-0.79902,-0.02812,0.02455,
1540581019645803008,-0.14809,8.08412,0.00383,0.60056,-0.79856,-0.02900,0.02807,
1540581019679411200,-0.14537,8.09996,0.00478,0.60090,-0.79815,-0.03153,0.02962,
1540581019713872384,-0.14707,8.11895,0.00574,0.60091,-0.79795,-0.03581,0.02999,
1540581019746597632,-0.14751,8.13717,0.00551,0.60099,-0.79757,-0.04172,0.03077,
1540581019779591168,-0.14664,8.15683,0.00730,0.60075,-0.79740,-0.04823,0.03042,
1540581019813550848,-0.14285,8.17896,0.00762,0.60036,-0.79742,-0.05278,0.03000,
1540581019846745088,-0.14081,8.20180,0.00720,0.60036,-0.79748,-0.05096,0.03150,
1540581019882361856,-0.13887,8.22368,0.00663,0.60063,-0.79750,-0.04620,0.03331,
1540581019914935040,-0.13755,8.24626,0.00525,0.60090,-0.79753,-0.04075,0.03481,
1540581019948035328,-0.13813,8.26630,0.00540,0.60128,-0.79745,-0.03499,0.03611,
1540581019981442816,-0.13946,8.28598,0.00376,0.60190,-0.79710,-0.03237,0.03599,
1540581020015184384,-0.14096,8.30600,0.00197,0.60241,-0.79676,-0.03273,0.03480,
1540581020048553216,-0.14198,8.32573,-0.00121,0.60309,-0.79621,-0.03589,0.03216,
1540581020084593920,-0.14298,8.34709,-0.00446,0.60388,-0.79557,-0.03954,0.02880,
1540581020115752192,-0.14350,8.36870,-0.00915,0.60476,-0.79486,-0.04286,0.02485,
1540581020166963968,-0.14906,8.38863,-0.01290,0.60591,-0.79398,-0.04579,0.01930,
1540581020198675712,-0.14984,8.40864,-0.01376,0.60619,-0.79372,-0.04803,0.01555,
1540581020231811840,-0.15293,8.42839,-0.01489,0.60599,-0.79363,-0.05310,0.00985,
1540581020265612032,-0.15557,8.44570,-0.01060,0.60480,-0.79414,-0.05951,0.00364,
1540581020299147776,-0.16010,8.46687,-0.00750,0.60331,-0.79475,-0.06621,-0.00282,
1540581020331755520,-0.16356,8.48620,-0.00421,0.60162,-0.79565,-0.07021,-0.00862,
1540581020365197568,-0.16540,8.50972,-0.00441,0.60032,-0.79659,-0.06990,-0.01341,
1540581020398700544,-0.16911,8.53292,-0.00436,0.59946,-0.79762,-0.06459,-0.01661,
1540581020432101376,-0.17132,8.55230,-0.00238,0.59927,-0.79830,-0.05688,-0.01888,
1540581020465472512,-0.16888,8.57487,-0.00264,0.59931,-0.79879,-0.04835,-0.02041,
1540581020498713088,-0.17015,8.59570,-0.00368,0.59984,-0.79909,-0.03502,-0.02047,
1540581020532116736,-0.16993,8.61054,0.00143,0.59917,-0.80011,-0.02116,-0.01946,
1540581020566575616,-0.17024,8.62991,0.00460,0.59852,-0.80082,-0.01001,-0.01898,
1540581020598770176,-0.16742,8.65258,0.00375,0.59853,-0.80091,-0.00051,-0.01758,
1540581020632208640,-0.16684,8.67193,0.00262,0.59826,-0.80109,0.00991,-0.01553,
1540581020665310720,-0.16536,8.68784,0.00453,0.59773,-0.80141,0.01569,-0.01452,
1540581020698523904,-0.16636,8.70613,0.00356,0.59842,-0.80085,0.01839,-0.01401,
1540581020731872512,-0.16651,8.72297,-0.00088,0.59977,-0.79986,0.01727,-0.01425,
1540581020765770496,-0.16674,8.73976,-0.00497,0.60068,-0.79924,0.01341,-0.01489,
1540581020798850048,-0.16872,8.75942,-0.01095,0.60198,-0.79832,0.00844,-0.01522,
1540581020832104448,-0.16834,8.77515,-0.01284,0.60364,-0.79710,0.00041,-0.01597,
1540581020866006016,-0.16873,8.79292,-0.01629,0.60533,-0.79574,-0.00854,-0.01732,
1540581020898788864,-0.17108,8.81326,-0.01821,0.60595,-0.79517,-0.01509,-0.01729,
1540581020932492032,-0.17131,8.83148,-0.01590,0.60625,-0.79474,-0.02330,-0.01745,
1540581020965882624,-0.17195,8.85133,-0.01139,0.60572,-0.79483,-0.03219,-0.01748,
1540581021001139200,-0.17192,8.87640,-0.00761,0.60498,-0.79514,-0.03876,-0.01601,
1540581021032339200,-0.17223,8.90016,-0.00449,0.60400,-0.79577,-0.04166,-0.01421,
1540581021065743104,-0.17020,8.92299,0.00106,0.60231,-0.79709,-0.04195,-0.01086,
1540581021099589632,-0.16966,8.95116,0.00253,0.60058,-0.79850,-0.04064,-0.00717,
1540581021132250112,-0.16671,8.97952,0.00568,0.59977,-0.79933,-0.03665,-0.00143,
1540581021165463040,-0.16414,9.00127,0.00701,0.59968,-0.79960,-0.03165,0.00394,
1540581021199093248,-0.15985,9.02880,0.00549,0.59866,-0.80056,-0.02436,0.01058,
1540581021232158720,-0.15627,9.05045,0.00585,0.59857,-0.80070,-0.01672,0.01770,
1540581021265842176,-0.15348,9.07261,-0.00012,0.59957,-0.79987,-0.01199,0.02407,
1540581021299428352,-0.15283,9.08993,-0.00278,0.60016,-0.79930,-0.01211,0.02791,
1540581021333848832,-0.15277,9.10366,0.00035,0.60042,-0.79893,-0.01828,0.02960,
1540581021366034688,-0.15304,9.12080,0.00310,0.60071,-0.79841,-0.02750,0.03070,
1540581021400101632,-0.15400,9.14012,0.00160,0.60115,-0.79773,-0.03547,0.03130,
1540581021432396032,-0.15257,9.16179,-0.00111,0.60137,-0.79727,-0.04126,0.03188,
1540581021466844672,-0.15237,9.18083,0.00116,0.60136,-0.79717,-0.04138,0.03415,
1540581021499899904,-0.15285,9.20508,0.00029,0.60172,-0.79693,-0.03780,0.03752,
1540581021532882432,-0.15052,9.22847,-0.00435,0.60285,-0.79613,-0.03208,0.04137,
1540581021565960448,-0.15117,9.24898,-0.00848,0.60345,-0.79574,-0.02462,0.04508,
1540581021599418112,-0.15388,9.26803,-0.00734,0.60358,-0.79561,-0.02101,0.04746,
1540581021632549376,-0.15730,9.28876,-0.00767,0.60479,-0.79463,-0.02464,0.04680,
1540581021665899264,-0.16108,9.30951,-0.00888,0.60570,-0.79383,-0.03217,0.04401,
1540581021699327744,-0.16481,9.33283,-0.00971,0.60587,-0.79356,-0.03824,0.04153,
1540581021733718272,-0.16827,9.35774,-0.01088,0.60636,-0.79304,-0.04427,0.03800,
1540581021765764096,-0.17150,9.38030,-0.00855,0.60656,-0.79285,-0.04741,0.03503,
1540581021799364096,-0.17516,9.40763,-0.01271,0.60676,-0.79274,-0.04844,0.03259,
1540581021832845312,-0.18140,9.43208,-0.01321,0.60638,-0.79305,-0.05022,0.02922,
1540581021866526208,-0.18787,9.45328,-0.01257,0.60600,-0.79313,-0.05584,0.02445,
1540581021899454976,-0.19234,9.47390,-0.00981,0.60507,-0.79342,-0.06326,0.01946,
1540581021934603776,-0.19630,9.49520,-0.00562,0.60375,-0.79381,-0.07197,0.01321,
1540581021967843072,-0.19961,9.51872,-0.00414,0.60234,-0.79444,-0.07737,0.00778,
1540581022002588160,-0.20327,9.53929,0.00014,0.60155,-0.79495,-0.07867,0.00333,
1540581022033255936,-0.20501,9.56327,-0.00299,0.60142,-0.79526,-0.07650,0.00071,
1540581022067106560,-0.20717,9.58509,-0.00293,0.60104,-0.79606,-0.07098,-0.00093,
1540581022101421824,-0.20974,9.60750,-0.00365,0.60134,-0.79647,-0.06348,-0.00169,
1540581022134929152,-0.21013,9.62823,-0.00496,0.60158,-0.79682,-0.05639,-0.00136,
1540581022171238144,-0.21280,9.64624,-0.00464,0.60116,-0.79754,-0.05036,-0.00120,
1540581022201887488,-0.21226,9.66833,-0.00407,0.60058,-0.79813,-0.04790,-0.00148,
1540581022235098112,-0.21043,9.68770,-0.00444,0.60056,-0.79820,-0.04690,-0.00164,
1540581022270509312,-0.20867,9.70861,-0.00322,0.60037,-0.79841,-0.04584,-0.00180,
1540581022302703872,-0.20568,9.72894,-0.00351,0.60080,-0.79813,-0.04497,-0.00189,
1540581022335849472,-0.20302,9.75020,-0.00552,0.60151,-0.79770,-0.04307,-0.00176,
1540581022368314624,-0.20001,9.77194,-0.00695,0.60187,-0.79757,-0.04039,-0.00120,
1540581022402709760,-0.19829,9.79680,-0.01082,0.60275,-0.79702,-0.03798,-0.00073,
1540581022438648576,-0.19631,9.81953,-0.01390,0.60407,-0.79602,-0.03796,-0.00108,
1540581022469935872,-0.19273,9.84157,-0.01211,0.60486,-0.79540,-0.03855,-0.00135,
1540581022503730176,-0.18968,9.86949,-0.01541,0.60584,-0.79466,-0.03833,-0.00122,
1540581022537521920,-0.18561,9.89932,-0.01930,0.60693,-0.79385,-0.03796,-0.00082,
1540581022569677824,-0.17936,9.93138,-0.02242,0.60820,-0.79296,-0.03613,0.00019,
1540581022604915968,-0.17134,9.95606,-0.02266,0.60954,-0.79230,-0.02663,0.00468,
1540581022635895296,-0.16437,9.98132,-0.01945,0.60926,-0.79281,-0.01243,0.01030,
1540581022670840576,-0.16505,9.99694,-0.00452,0.60771,-0.79400,0.00135,0.01583,
1540581022703734016,-0.16837,10.02696,-0.01094,0.60672,-0.79466,0.00667,0.01913,
1540581022737763328,-0.16817,10.04872,-0.00740,0.60536,-0.79567,0.00450,0.02084,
1540581022770822656,-0.16625,10.07404,-0.00805,0.60453,-0.79631,-0.00301,0.02067,
1540581022806003968,-0.16641,10.09599,-0.00727,0.60431,-0.79641,-0.01276,0.01947,
1540581022837720320,-0.16927,10.11604,-0.00717,0.60417,-0.79633,-0.02242,0.01839,
1540581022871073024,-0.16617,10.13031,-0.00006,0.60373,-0.79626,-0.03435,0.01734,
1540581022905009408,-0.16620,10.15036,0.00288,0.60328,-0.79614,-0.04437,0.01582,
1540581022938097664,-0.16448,10.17589,0.00111,0.60282,-0.79607,-0.05126,0.01569,
1540581022972616448,-0.16236,10.19862,-0.00028,0.60253,-0.79619,-0.05207,0.01779,
1540581023005658624,-0.16156,10.21721,0.00040,0.60231,-0.79647,-0.04942,0.02023,
1540581023038673920,-0.16548,10.23879,0.00123,0.60202,-0.79688,-0.04490,0.02308,
1540581023072008192,-0.17014,10.25859,0.00107,0.60258,-0.79650,-0.04260,0.02579,
1540581023106583040,-0.17205,10.27763,-0.00367,0.60333,-0.79578,-0.04448,0.02740,
1540581023143707392,-0.17488,10.29713,-0.00254,0.60329,-0.79552,-0.04940,0.02753,
1540581023175929344,-0.17858,10.31724,-0.00236,0.60424,-0.79431,-0.05692,0.02693,
1540581023207859200,-0.18121,10.33811,-0.00612,0.60494,-0.79330,-0.06342,0.02659,
1540581023240977408,-0.18204,10.35927,-0.00617,0.60473,-0.79300,-0.06910,0.02589,
1540581023273995008,-0.18466,10.38406,-0.00287,0.60442,-0.79310,-0.07057,0.02621,
1540581023308605184,-0.18407,10.40794,-0.00337,0.60494,-0.79291,-0.06730,0.02842,
1540581023342958848,-0.18584,10.43200,-0.00621,0.60523,-0.79318,-0.06010,0.03097,
1540581023375083776,-0.19037,10.45699,-0.00682,0.60502,-0.79375,-0.05313,0.03306,
1540581023408318720,-0.19698,10.47668,-0.00422,0.60498,-0.79400,-0.04885,0.03441,
1540581023442240256,-0.20232,10.49654,-0.00588,0.60477,-0.79405,-0.05114,0.03340,
1540581023475862016,-0.20740,10.51643,-0.00490,0.60356,-0.79454,-0.05959,0.02949,
1540581023509940736,-0.21339,10.53534,-0.00159,0.60222,-0.79490,-0.06949,0.02517,
1540581023542688768,-0.21353,10.55349,0.00573,0.60071,-0.79517,-0.08022,0.02046,
1540581023578194176,-0.21253,10.57685,0.00693,0.59954,-0.79555,-0.08600,0.01628,
1540581023610350080,-0.20848,10.59638,0.01553,0.59840,-0.79675,-0.08299,0.01481,
1540581023644460032,-0.21070,10.62145,0.01511,0.59824,-0.79795,-0.07187,0.01493,
1540581023678097408,-0.21434,10.64390,0.01631,0.59822,-0.79915,-0.05683,0.01643,
1540581023711666688,-0.21870,10.66337,0.01472,0.59820,-0.80005,-0.04172,0.01809,
1540581023744501760,-0.21969,10.68595,0.01268,0.59755,-0.80100,-0.03157,0.01856,
1540581023778314240,-0.22314,10.70571,0.01310,0.59748,-0.80136,-0.02261,0.01819,
1540581023812550656,-0.22449,10.71982,0.01087,0.59772,-0.80138,-0.01408,0.01810,
1540581023845708288,-0.22410,10.73619,0.00982,0.59726,-0.80182,-0.00781,0.01739,
1540581023879270912,-0.22993,10.75190,0.01236,0.59740,-0.80179,-0.00449,0.01519,
1540581023912570624,-0.23340,10.76558,0.01070,0.59856,-0.80096,-0.00570,0.01261,
1540581023946290944,-0.23328,10.78394,0.00539,0.59916,-0.80052,-0.01075,0.00853,
1540581023979770368,-0.23322,10.80335,0.00340,0.59967,-0.80008,-0.01586,0.00423,
1540581024013264384,-0.23359,10.82161,0.00156,0.60072,-0.79921,-0.02026,-0.00008,
1540581024046962688,-0.23009,10.84277,-0.00468,0.60197,-0.79824,-0.02101,-0.00287,
1540581024080186624,-0.22754,10.86398,-0.00406,0.60286,-0.79763,-0.01790,-0.00478,
1540581024114056960,-0.22971,10.88659,-0.00524,0.60403,-0.79685,-0.01171,-0.00571,
1540581024148158464,-0.23157,10.91052,-0.00804,0.60538,-0.79588,-0.00666,-0.00638,
1540581024182059008,-0.23222,10.93702,-0.01209,0.60633,-0.79516,-0.00467,-0.00817,
1540581024215385088,-0.23195,10.96497,-0.01643,0.60728,-0.79443,-0.00219,-0.00866,
1540581024248246272,-0.22867,10.99176,-0.01990,0.60807,-0.79385,0.00334,-0.00720,
1540581024282598400,-0.22844,11.01284,-0.01579,0.60790,-0.79393,0.00982,-0.00583,
1540581024315960576,-0.22944,11.03948,-0.01015,0.60709,-0.79448,0.01549,-0.00356,
1540581024350297344,-0.23072,11.06329,-0.00768,0.60685,-0.79464,0.01678,-0.00180,
1540581024382730496,-0.23062,11.08806,-0.00629,0.60549,-0.79576,0.01213,-0.00147,
1540581024416362496,-0.22856,11.11706,-0.00622,0.60424,-0.79679,0.00408,-0.00145,
1540581024450878976,-0.22412,11.14136,-0.00456,0.60369,-0.79721,-0.00320,-0.00088,
1540581024483899904,-0.22077,11.16355,-0.00486,0.60319,-0.79757,-0.00659,0.00026,
1540581024517650688,-0.21800,11.18556,-0.00018,0.60257,-0.79803,-0.00717,0.00240,
1540581024550766592,-0.21667,11.20728,-0.00346,0.60322,-0.79753,-0.00734,0.00470,
1540581024585904128,-0.21780,11.22527,-0.00571,0.60323,-0.79748,-0.01020,0.00597,
1540581024617823488,-0.22226,11.25290,-0.00898,0.60273,-0.79775,-0.01679,0.00597,
1540581024651588096,-0.21988,11.27285,-0.00876,0.60330,-0.79707,-0.02618,0.00574,
1540581024685348864,-0.21665,11.28782,-0.00455,0.60336,-0.79686,-0.03053,0.00636,
1540581024735583744,-0.21403,11.30793,-0.00088,0.60237,-0.79768,-0.02765,0.00977,
1540581024770120192,-0.21398,11.32919,-0.00130,0.60229,-0.79781,-0.02392,0.01298,
1540581024836643328,-0.21670,11.36911,0.00106,0.60277,-0.79745,-0.02168,0.01648,
1540581024867971328,-0.21957,11.38918,0.00001,0.60267,-0.79747,-0.02328,0.01728,
1540581024901443840,-0.22245,11.41116,-0.00259,0.60278,-0.79726,-0.02740,0.01691,
1540581024934544384,-0.22675,11.43130,-0.00516,0.60370,-0.79645,-0.03085,0.01647,
1540581024968431872,-0.23092,11.45052,-0.00736,0.60405,-0.79609,-0.03348,0.01602,
1540581025001424128,-0.23573,11.46983,-0.00720,0.60433,-0.79576,-0.03633,0.01518,
1540581025034635264,-0.24140,11.48958,-0.00815,0.60492,-0.79519,-0.03934,0.01419,
1540581025067888384,-0.24668,11.50844,-0.00660,0.60506,-0.79489,-0.04352,0.01296,
1540581025101454848,-0.25181,11.52944,-0.00528,0.60450,-0.79504,-0.04865,0.01145,
1540581025134659584,-0.25736,11.54983,-0.00355,0.60418,-0.79500,-0.05322,0.01056,
1540581025168549888,-0.26132,11.57233,-0.00370,0.60355,-0.79516,-0.05785,0.00991,
1540581025201314304,-0.26487,11.59060,0.00160,0.60160,-0.79630,-0.06253,0.00855,
1540581025234824704,-0.27034,11.61291,0.00287,0.60013,-0.79715,-0.06588,0.00782,
1540581025267934208,-0.27355,11.63377,0.00665,0.59924,-0.79764,-0.06799,0.00783,
1540581025301626112,-0.27615,11.65437,0.00758,0.59874,-0.79811,-0.06677,0.00790,
1540581025334845696,-0.27773,11.67601,0.00780,0.59840,-0.79878,-0.06152,0.00899,
1540581025368691456,-0.28032,11.69996,0.00602,0.59872,-0.79906,-0.05419,0.01032,
1540581025402315008,-0.28237,11.71827,0.00575,0.59944,-0.79889,-0.04825,0.01099,
1540581025435036416,-0.28302,11.73966,0.00289,0.59938,-0.79917,-0.04410,0.01105,
1540581025468335360,-0.28424,11.75788,0.00323,0.59909,-0.79964,-0.03936,0.01106,
1540581025502129920,-0.28614,11.77714,0.00323,0.59928,-0.79970,-0.03483,0.01087,
1540581025535371776,-0.28467,11.79533,0.00186,0.59905,-0.80002,-0.03156,0.01041,
1540581025568436224,-0.28635,11.81506,0.00098,0.59892,-0.80027,-0.02807,0.00878,
1540581025601783296,-0.28821,11.83422,-0.00050,0.59963,-0.79984,-0.02526,0.00708,
1540581025635099904,-0.28894,11.85047,-0.00086,0.60023,-0.79943,-0.02464,0.00508,
1540581025668282368,-0.29155,11.86793,-0.00057,0.60055,-0.79912,-0.02734,0.00119,
1540581025703111424,-0.29329,11.88735,-0.00212,0.60119,-0.79847,-0.03166,-0.00301,
1540581025734747136,-0.29316,11.90810,-0.00518,0.60207,-0.79769,-0.03417,-0.00616,
1540581025768230400,-0.29253,11.92881,-0.00772,0.60274,-0.79717,-0.03375,-0.00881,
1540581025801763072,-0.29140,11.95014,-0.00817,0.60347,-0.79686,-0.02761,-0.00930,
1540581025835290368,-0.28911,11.97184,-0.00805,0.60428,-0.79648,-0.01947,-0.00899,
1540581025868908288,-0.28912,11.99659,-0.00933,0.60448,-0.79652,-0.00982,-0.00822,
1540581025902172416,-0.28952,12.01844,-0.00758,0.60445,-0.79660,-0.00246,-0.00771,
1540581025935263744,-0.28699,12.04340,-0.00514,0.60393,-0.79699,0.00156,-0.00791,
1540581025968651520,-0.28650,12.07041,-0.00163,0.60312,-0.79759,0.00494,-0.00865,
1540581026001945856,-0.28536,12.09440,0.00267,0.60226,-0.79821,0.00784,-0.00869,
1540581026035560448,-0.28342,12.12015,0.00513,0.60102,-0.79913,0.00861,-0.00928,
1540581026069829632,-0.28223,12.14558,0.01073,0.59997,-0.79991,0.00985,-0.00909,
1540581026102223104,-0.27928,12.17019,0.01207,0.59950,-0.80023,0.01297,-0.00778,
1540581026135170560,-0.27823,12.19327,0.01112,0.59936,-0.80029,0.01622,-0.00681,
1540581026170055936,-0.27798,12.21616,0.00890,0.59931,-0.80025,0.02008,-0.00449,
1540581026202665216,-0.27824,12.23792,0.00238,0.60012,-0.79966,0.01979,-0.00308,
1540581026235603968,-0.28116,12.25761,-0.00004,0.60051,-0.79947,0.01515,-0.00333,
1540581026268607232,-0.27946,12.27551,-0.00170,0.60099,-0.79920,0.00916,-0.00281,
1540581026302783232,-0.27737,12.29426,-0.00158,0.60125,-0.79904,0.00552,-0.00178,
1540581026335895296,-0.27611,12.31361,-0.00285,0.60137,-0.79896,0.00436,-0.00040,
1540581026368733696,-0.27758,12.33087,0.00019,0.60116,-0.79911,0.00470,0.00127,
1540581026402509568,-0.27774,12.35080,0.00190,0.60111,-0.79914,0.00527,0.00386,
1540581026436339200,-0.27738,12.37134,0.00252,0.60145,-0.79887,0.00481,0.00605,
1540581026468782848,-0.27644,12.39291,0.00002,0.60166,-0.79870,0.00443,0.00773,
1540581026502565888,-0.27714,12.41469,-0.00004,0.60198,-0.79844,0.00486,0.00951,
1540581026535224320,-0.27997,12.43717,-0.00400,0.60308,-0.79758,0.00536,0.01128,
1540581026569405184,-0.28152,12.45707,-0.00999,0.60434,-0.79662,0.00379,0.01233,
1540581026605440512,-0.28754,12.47798,-0.01385,0.60523,-0.79597,-0.00127,0.01112,
1540581026636336640,-0.29405,12.49687,-0.01650,0.60666,-0.79483,-0.01141,0.00866,
1540581026670358528,-0.30004,12.51422,-0.01816,0.60732,-0.79409,-0.02355,0.00505,
1540581026703523328,-0.30440,12.53724,-0.01600,0.60691,-0.79386,-0.03799,0.00007,
1540581026737589760,-0.30591,12.55389,-0.00719,0.60645,-0.79354,-0.04997,-0.00418,
1540581026770430208,-0.30749,12.57404,-0.00719,0.60542,-0.79387,-0.05643,-0.00669,
1540581026805639168,-0.31119,12.59810,-0.00143,0.60299,-0.79548,-0.05945,-0.00857,
1540581026838707456,-0.31543,12.61989,0.00712,0.60116,-0.79688,-0.05927,-0.00912,
1540581026872284160,-0.31730,12.64278,0.00943,0.60034,-0.79765,-0.05711,-0.00894,
1540581026903549696,-0.31796,12.66810,0.00970,0.59964,-0.79847,-0.05291,-0.00870,
1540581026937768960,-0.32121,12.69242,0.00806,0.59969,-0.79891,-0.04542,-0.00744,
1540581026971652096,-0.32261,12.71135,0.00608,0.60004,-0.79907,-0.03763,-0.00548,
1540581027006340864,-0.32561,12.73019,0.00507,0.59998,-0.79932,-0.03291,-0.00512,
1540581027037577216,-0.32854,12.74630,0.00477,0.59977,-0.79953,-0.03173,-0.00527,
1540581027073155840,-0.32987,12.76284,0.00876,0.59918,-0.79994,-0.03236,-0.00548,
1540581027108388352,-0.32863,12.78323,0.00339,0.59947,-0.79964,-0.03423,-0.00654,
1540581027138653952,-0.32775,12.80005,0.00400,0.59935,-0.79973,-0.03404,-0.00720,
1540581027172678144,-0.32846,12.81682,0.00577,0.59938,-0.79976,-0.03271,-0.00752,
1540581027204739072,-0.32887,12.83860,0.00010,0.60017,-0.79920,-0.03179,-0.00752,
1540581027239099392,-0.32804,12.85570,-0.00381,0.60118,-0.79841,-0.03231,-0.00818,
1540581027271947264,-0.32883,12.87529,-0.00724,0.60206,-0.79765,-0.03441,-0.00977,
1540581027306843392,-0.32825,12.89311,-0.00929,0.60290,-0.79687,-0.03724,-0.01122,
1540581027342107392,-0.32670,12.91634,-0.01449,0.60362,-0.79616,-0.04009,-0.01277,
1540581027374374144,-0.32418,12.93938,-0.01448,0.60415,-0.79564,-0.04198,-0.01419,
1540581027407716864,-0.32072,12.96000,-0.01214,0.60490,-0.79513,-0.04068,-0.01435,
1540581027441748736,-0.31625,12.98445,-0.01080,0.60534,-0.79518,-0.03336,-0.01186,
1540581027474191104,-0.31152,13.01190,-0.01053,0.60535,-0.79554,-0.02419,-0.00881,
1540581027507697920,-0.31021,13.03794,-0.00917,0.60517,-0.79596,-0.01395,-0.00515,
1540581027542369024,-0.30955,13.05986,-0.01119,0.60493,-0.79623,-0.00881,-0.00291,
1540581027575387648,-0.31199,13.08231,-0.01045,0.60388,-0.79697,-0.01232,-0.00362,
1540581027610217216,-0.31016,13.10351,-0.00383,0.60268,-0.79765,-0.02224,-0.00535,
1540581027642258944,-0.30157,13.12608,-0.00259,0.60179,-0.79799,-0.03189,-0.00689,
1540581027675477504,-0.29530,13.14924,-0.00029,0.60074,-0.79859,-0.03615,-0.00783,
1540581027709561344,-0.29039,13.17310,0.00206,0.60037,-0.79894,-0.03487,-0.00682,
1540581027743860480,-0.28443,13.19573,-0.00089,0.60127,-0.79852,-0.02880,-0.00374,
1540581027776391936,-0.28197,13.21406,-0.00443,0.60208,-0.79812,-0.02227,-0.00142,
1540581027810232832,-0.28299,13.23104,-0.00685,0.60247,-0.79792,-0.01893,-0.00023,
1540581027846719744,-0.28271,13.25071,-0.00775,0.60290,-0.79758,-0.01921,0.00031,
1540581027877264640,-0.27971,13.26921,-0.00886,0.60358,-0.79706,-0.01975,0.00069,
1540581027910904064,-0.27901,13.28723,-0.00916,0.60370,-0.79702,-0.01737,0.00105,
1540581027945598720,-0.27953,13.30643,-0.00702,0.60363,-0.79716,-0.01285,0.00255,
1540581027978891008,-0.28031,13.32686,-0.00687,0.60417,-0.79681,-0.00647,0.00548,
1540581028011496192,-0.28213,13.34867,-0.00962,0.60478,-0.79635,-0.00138,0.00783,
1540581028044901632,-0.28595,13.37076,-0.01032,0.60517,-0.79604,0.00144,0.00962,
1540581028079277056,-0.29011,13.39310,-0.01652,0.60647,-0.79502,0.00129,0.01120,
1540581028112130816,-0.29315,13.41503,-0.01940,0.60741,-0.79429,-0.00249,0.01179,
1540581028146313216,-0.29596,13.43494,-0.01934,0.60828,-0.79360,-0.00803,0.01162,
1540581028179744000,-0.30064,13.45722,-0.01970,0.60881,-0.79313,-0.01286,0.01151,
1540581028213616896,-0.30384,13.48142,-0.02171,0.60939,-0.79258,-0.01818,0.01135,
1540581028248028672,-0.30877,13.50361,-0.02451,0.60970,-0.79219,-0.02443,0.01037,
1540581028280308480,-0.31620,13.52572,-0.02432,0.60907,-0.79246,-0.03099,0.00922,
1540581028314234112,-0.32010,13.54768,-0.02101,0.60808,-0.79281,-0.04040,0.00753,
1540581028347849984,-0.32224,13.56769,-0.01385,0.60627,-0.79369,-0.04968,0.00524,
1540581028381186560,-0.32548,13.59399,-0.00920,0.60406,-0.79504,-0.05486,0.00396,
1540581028414501888,-0.32822,13.61862,-0.00298,0.60280,-0.79604,-0.05404,0.00462,
1540581028448153600,-0.33288,13.64239,-0.00138,0.60231,-0.79677,-0.04849,0.00622,
1540581028482215168,-0.33889,13.66512,-0.00048,0.60149,-0.79777,-0.04135,0.00857,
1540581028515336192,-0.34372,13.68971,-0.00066,0.60128,-0.79812,-0.03695,0.01029,
1540581028548928512,-0.35041,13.70961,-0.00355,0.60195,-0.79766,-0.03577,0.01085,
1540581028582858240,-0.35497,13.72949,-0.00504,0.60183,-0.79767,-0.03725,0.01162,
1540581028615995904,-0.35537,13.74997,-0.00484,0.60146,-0.79781,-0.03998,0.01226,
1540581028649879808,-0.35638,13.77158,-0.00316,0.60133,-0.79783,-0.04150,0.01254,
1540581028683710720,-0.35451,13.79130,-0.00492,0.60165,-0.79764,-0.03977,0.01432,
1540581028717552128,-0.35177,13.81375,-0.00394,0.60149,-0.79798,-0.03390,0.01722,
1540581028750702336,-0.35122,13.83661,-0.00558,0.60238,-0.79748,-0.02824,0.01916,
1540581028784096000,-0.35262,13.85716,-0.01093,0.60387,-0.79648,-0.02249,0.02138,
1540581028818260480,-0.35350,13.87755,-0.01402,0.60527,-0.79545,-0.02001,0.02260,
1540581028851427328,-0.35391,13.89461,-0.01470,0.60676,-0.79428,-0.02194,0.02174,
1540581028885782272,-0.35409,13.91405,-0.01712,0.60763,-0.79353,-0.02659,0.01960,
1540581028919176704,-0.35475,13.93778,-0.01550,0.60781,-0.79324,-0.03226,0.01710,
1540581028951996928,-0.35161,13.96764,-0.01913,0.60873,-0.79230,-0.03882,0.01416,
1540581028986674432,-0.34628,13.99062,-0.02338,0.60981,-0.79142,-0.04030,0.01267,
1540581029057234688,-0.33571,14.04834,-0.01962,0.60855,-0.79304,-0.02019,0.01872,
1540581029088670976,-0.33261,14.07400,-0.01952,0.60846,-0.79321,-0.01275,0.02096,
1540581029120426496,-0.33113,14.09714,-0.01480,0.60756,-0.79390,-0.01042,0.02196,
1540581029154916864,-0.32510,14.12171,-0.01015,0.60669,-0.79453,-0.01030,0.02344,
1540581029206767104,-0.31680,14.14738,-0.01030,0.60629,-0.79482,-0.01249,0.02282,
1540581029273403904,-0.30844,14.18783,-0.00918,0.60528,-0.79555,-0.01783,0.02058,
1540581029325296128,-0.30911,14.22771,-0.01337,0.60502,-0.79508,-0.04097,0.01116,
1540581029371567360,-0.30006,14.24601,-0.01622,0.60495,-0.79422,-0.05682,0.00375,
1540581029404415744,-0.29500,14.25938,-0.01253,0.60443,-0.79459,-0.05728,0.00129,
1540581029437981440,-0.29174,14.27594,-0.01198,0.60444,-0.79503,-0.05075,0.00050,
1540581029470839808,-0.28841,14.29364,-0.00928,0.60422,-0.79583,-0.03960,0.00145,
1540581029504408576,-0.28306,14.31913,-0.01333,0.60480,-0.79588,-0.02813,0.00306,
1540581029538278400,-0.27924,14.34074,-0.01728,0.60552,-0.79573,-0.01073,0.00636,
1540581029571841024,-0.27743,14.36222,-0.01974,0.60571,-0.79558,0.00801,0.01023,
1540581029604527872,-0.27456,14.37868,-0.01851,0.60636,-0.79482,0.02060,0.01273,
1540581029638356480,-0.27548,14.39531,-0.02129,0.60749,-0.79371,0.02839,0.01347,
1540581029671015680,-0.27784,14.40953,-0.02161,0.60803,-0.79337,0.02714,0.01107,
1540581029704552192,-0.28262,14.42615,-0.02295,0.60895,-0.79293,0.01945,0.00764,
1540581029737851648,-0.28806,14.44637,-0.02680,0.61006,-0.79235,0.00380,0.00115,
1540581029770895616,-0.29225,14.46514,-0.02945,0.61065,-0.79177,-0.01320,-0.00504,
1540581029804352000,-0.29786,14.48317,-0.02971,0.61046,-0.79153,-0.02686,-0.01000,
1540581029837828352,-0.30138,14.50422,-0.02629,0.60947,-0.79170,-0.03935,-0.01452,
1540581029871081984,-0.30308,14.51964,-0.01463,0.60749,-0.79286,-0.04543,-0.01615,
1540581029904468992,-0.30576,14.54249,-0.00871,0.60581,-0.79415,-0.04555,-0.01594,
1540581029937861376,-0.30763,14.56707,-0.00464,0.60417,-0.79573,-0.03988,-0.01407,
1540581029971426304,-0.31149,14.59166,-0.00213,0.60311,-0.79700,-0.03038,-0.01098,
1540581030004973568,-0.31507,14.61732,-0.00611,0.60320,-0.79719,-0.02375,-0.00838,
1540581030038279680,-0.31849,14.63678,-0.01118,0.60356,-0.79701,-0.02081,-0.00703,
1540581030071360256,-0.32307,14.64864,-0.00816,0.60372,-0.79687,-0.02173,-0.00690,
1540581030104569344,-0.32795,14.66193,-0.00623,0.60356,-0.79693,-0.02397,-0.00651,
1540581030137598976,-0.33155,14.67499,-0.00196,0.60282,-0.79730,-0.02959,-0.00706,
1540581030171323904,-0.33422,14.69178,0.00292,0.60169,-0.79798,-0.03381,-0.00650,
1540581030205593088,-0.33643,14.70755,0.00688,0.60090,-0.79857,-0.03447,-0.00462,
1540581030238486528,-0.33710,14.72709,0.00799,0.60010,-0.79925,-0.03287,-0.00172,
1540581030271445760,-0.33770,14.74868,0.00557,0.60005,-0.79935,-0.03130,0.00119,
1540581030305291776,-0.33924,14.76801,0.00150,0.60097,-0.79868,-0.03046,0.00427,
1540581030338117120,-0.33841,14.78744,-0.00592,0.60224,-0.79768,-0.03105,0.00715,
1540581030371762688,-0.33927,14.80504,-0.01017,0.60349,-0.79660,-0.03395,0.00898,
1540581030405125632,-0.34210,14.82117,-0.01143,0.60457,-0.79559,-0.03764,0.01078,
1540581030438685952,-0.34157,14.83946,-0.01107,0.60554,-0.79455,-0.04314,0.01228,
1540581030473512960,-0.34057,14.86189,-0.01136,0.60640,-0.79360,-0.04786,0.01359,
1540581030504972800,-0.34085,14.88392,-0.01128,0.60707,-0.79300,-0.04862,0.01596,
1540581030538270976,-0.33928,14.90618,-0.00911,0.60725,-0.79286,-0.04709,0.01993,
1540581030571317760,-0.33852,14.93337,-0.00849,0.60722,-0.79281,-0.04682,0.02331,
1540581030605265664,-0.33895,14.96268,-0.01015,0.60764,-0.79234,-0.04783,0.02616,
1540581030638534912,-0.33565,14.99038,-0.01014,0.60787,-0.79195,-0.04958,0.02921,
1540581030671648768,-0.33275,15.01446,-0.00863,0.60723,-0.79223,-0.05133,0.03169,
1540581030704994816,-0.33328,15.03901,-0.00609,0.60586,-0.79305,-0.05385,0.03337,
1540581030738790912,-0.33242,15.06552,-0.00124,0.60438,-0.79375,-0.05924,0.03430,
1540581030771362560,-0.32820,15.09193,0.00196,0.60309,-0.79449,-0.06122,0.03641,
1540581030804979200,-0.32328,15.11952,0.00398,0.60202,-0.79545,-0.05783,0.03852,
1540581030839527936,-0.32019,15.14698,0.00311,0.60139,-0.79637,-0.04844,0.04214,
1540581030872055808,-0.31905,15.17015,0.00431,0.60108,-0.79698,-0.03681,0.04657,
1540581030905502464,-0.31949,15.19057,0.00543,0.60095,-0.79720,-0.03092,0.04869,
1540581030939747328,-0.32118,15.20673,0.00300,0.60110,-0.79706,-0.03348,0.04747,
1540581030973302784,-0.32269,15.22707,0.00329,0.60064,-0.79717,-0.04333,0.04328,
1540581031005607680,-0.32260,15.24933,0.00206,0.60080,-0.79669,-0.05290,0.03919,
1540581031039825408,-0.31882,15.26841,0.00003,0.60139,-0.79600,-0.05848,0.03582,
1540581031072234496,-0.31613,15.28765,0.00063,0.60105,-0.79654,-0.05536,0.03460,
1540581031108263168,-0.31714,15.31013,0.00274,0.60045,-0.79758,-0.04558,0.03529,
1540581031139327744,-0.31474,15.33223,0.00397,0.60069,-0.79784,-0.03518,0.03725,
1540581031171410432,-0.31498,15.34961,0.00453,0.60089,-0.79802,-0.02410,0.03892,
1540581031204705024,-0.31734,15.37474,-0.00100,0.60085,-0.79820,-0.01770,0.03928,
1540581031238480896,-0.32080,15.39089,0.00242,0.60137,-0.79787,-0.01637,0.03847,
1540581031271392000,-0.32165,15.41115,-0.00079,0.60225,-0.79725,-0.02000,0.03591,
1540581031304981504,-0.32240,15.43073,-0.00163,0.60250,-0.79707,-0.02361,0.03326,
1540581031340826880,-0.32502,15.45105,-0.00141,0.60282,-0.79685,-0.02707,0.03010,
1540581031374461696,-0.32728,15.47235,-0.00353,0.60350,-0.79634,-0.02898,0.02818,
1540581031407168256,-0.33016,15.49015,-0.00211,0.60369,-0.79618,-0.03159,0.02555,
1540581031441663232,-0.33489,15.50981,0.00020,0.60344,-0.79630,-0.03584,0.02194,
1540581031475212800,-0.34024,15.53027,-0.00022,0.60305,-0.79641,-0.04139,0.01845,
1540581031509092096,-0.34339,15.55021,0.00204,0.60196,-0.79686,-0.04974,0.01377,
1540581031541221888,-0.34672,15.56888,0.00920,0.60029,-0.79770,-0.05702,0.00870,
1540581031576549888,-0.35108,15.59331,0.01370,0.59887,-0.79871,-0.05810,0.00594,
1540581031611513088,-0.35349,15.61679,0.01482,0.59847,-0.79947,-0.05155,0.00567,
1540581031641107456,-0.35499,15.64343,0.01316,0.59808,-0.80038,-0.04054,0.00655,
1540581031674246912,-0.36109,15.66381,0.01807,0.59771,-0.80116,-0.02833,0.00853,
1540581031707315200,-0.36781,15.67901,0.01555,0.59827,-0.80098,-0.02010,0.01002,
1540581031741538560,-0.37512,15.69394,0.01375,0.59781,-0.80135,-0.01966,0.00905,
1540581031774918912,-0.38154,15.70579,0.01716,0.59722,-0.80171,-0.02266,0.00846,
1540581031808796672,-0.38181,15.72346,0.01407,0.59763,-0.80125,-0.02768,0.00808,
1540581031842140672,-0.37997,15.73801,0.01088,0.59733,-0.80145,-0.02834,0.00896,
1540581031876049408,-0.38167,15.76050,0.01292,0.59646,-0.80222,-0.02348,0.01167,
1540581031909299456,-0.38455,15.77488,0.01411,0.59776,-0.80132,-0.01888,0.01455,
1540581031943244544,-0.38614,15.78897,0.00807,0.59895,-0.80046,-0.01302,0.01900,
1540581031976172800,-0.38909,15.80387,0.00976,0.59869,-0.80061,-0.00903,0.02285,
1540581032010110720,-0.39651,15.82472,0.00744,0.59975,-0.79974,-0.00994,0.02493,
1540581032043929088,-0.39937,15.84020,-0.00057,0.60181,-0.79803,-0.01585,0.02684,
1540581032077853440,-0.40051,15.85674,-0.00209,0.60245,-0.79728,-0.02532,0.02739,
1540581032110410240,-0.40294,15.87630,-0.00087,0.60317,-0.79639,-0.03458,0.02739,
1540581032145188608,-0.40022,15.89018,0.00184,0.60438,-0.79502,-0.04349,0.02800,
1540581032178868992,-0.39642,15.91221,0.00052,0.60441,-0.79467,-0.04764,0.03033,
1540581032211663360,-0.39251,15.93834,0.00019,0.60406,-0.79486,-0.04610,0.03442,
1540581032246353664,-0.39019,15.96100,-0.00052,0.60404,-0.79491,-0.04174,0.03889,
1540581032278731008,-0.39087,15.97957,0.00126,0.60357,-0.79523,-0.03849,0.04267,
1540581032312516352,-0.39031,15.99864,0.00403,0.60228,-0.79602,-0.03939,0.04553,
1540581032347084032,-0.39078,16.02297,0.00641,0.60088,-0.79667,-0.04702,0.04526,
1540581032380457216,-0.38877,16.04825,0.00813,0.60021,-0.79681,-0.05195,0.04640,
1540581032415141632,-0.37973,16.07016,0.00849,0.59980,-0.79695,-0.05256,0.04839,
1540581032447078144,-0.37840,16.09115,0.00703,0.59903,-0.79773,-0.04713,0.05065,
1540581032481419008,-0.38100,16.11115,0.00658,0.59854,-0.79823,-0.04033,0.05426,
1540581032514062592,-0.38398,16.12635,0.00438,0.59915,-0.79766,-0.04138,0.05518,
1540581032548649216,-0.38624,16.13766,0.00221,0.60022,-0.79643,-0.05244,0.05180,
1540581032581474048,-0.38565,16.14685,0.00563,0.60049,-0.79538,-0.06773,0.04683,
1540581032615902208,-0.38114,16.16248,0.00578,0.60032,-0.79479,-0.07763,0.04348,
1540581032649914624,-0.37591,16.17821,0.00401,0.60027,-0.79495,-0.07695,0.04248,
1540581032682723328,-0.37643,16.19095,0.00309,0.59988,-0.79609,-0.06678,0.04383,
1540581032716413952,-0.38006,16.20073,0.00551,0.59925,-0.79736,-0.05429,0.04660,
1540581032748777216,-0.38251,16.21295,0.00724,0.59883,-0.79803,-0.04824,0.04718,
1540581032782833664,-0.38985,16.22112,0.00803,0.59933,-0.79773,-0.04940,0.04471,
1540581032816324352,-0.39112,16.22882,0.00480,0.59940,-0.79747,-0.05389,0.04296,
1540581032850034432,-0.39369,16.23904,0.00952,0.59852,-0.79790,-0.05928,0.04024,
1540581032883071232,-0.39410,16.24792,0.01100,0.59854,-0.79765,-0.06365,0.03804,
1540581032917295616,-0.39206,16.25592,0.01377,0.59769,-0.79841,-0.06247,0.03757,
1540581032950386176,-0.39357,16.26857,0.01216,0.59689,-0.79932,-0.05878,0.03685,
1540581032984462592,-0.40039,16.28127,0.00708,0.59658,-0.79995,-0.05282,0.03708,
1540581033017538816,-0.40559,16.28785,0.00527,0.59666,-0.80002,-0.05185,0.03563,
1540581033051575296,-0.40954,16.29440,0.00465,0.59688,-0.79984,-0.05422,0.03257,
1540581033085305600,-0.41194,16.29769,0.00669,0.59702,-0.79980,-0.05421,0.03081,
1540581033118699008,-0.41532,16.30271,0.00788,0.59688,-0.80012,-0.05180,0.02933,
1540581033151663360,-0.42164,16.30687,0.00847,0.59696,-0.80031,-0.04909,0.02711,
1540581033185910784,-0.42927,16.31087,0.00873,0.59692,-0.80055,-0.04659,0.02517,
1540581033220265728,-0.43739,16.31275,0.01086,0.59689,-0.80060,-0.04770,0.02209,
1540581033252904448,-0.44773,16.31493,0.00909,0.59701,-0.80032,-0.05247,0.01786,
1540581033287810048,-0.45542,16.31554,0.00965,0.59671,-0.80012,-0.05965,0.01379,
1540581033321009408,-0.46136,16.31602,0.00844,0.59651,-0.79965,-0.06821,0.00911,
1540581033354678272,-0.46980,16.31336,0.01065,0.59600,-0.79945,-0.07504,0.00552,
1540581033387140864,-0.47548,16.31103,0.01336,0.59532,-0.79924,-0.08243,0.00289,
1540581033421596416,-0.48120,16.31306,0.01163,0.59462,-0.79877,-0.09159,-0.00051,
1540581033456054528,-0.48483,16.31504,0.01198,0.59439,-0.79811,-0.09853,-0.00273,
1540581033488122880,-0.48912,16.31454,0.01044,0.59442,-0.79763,-0.10219,-0.00369,
1540581033523488000,-0.49177,16.31847,0.01179,0.59358,-0.79788,-0.10509,-0.00364,
1540581033555789824,-0.49419,16.32399,0.01351,0.59419,-0.79737,-0.10552,-0.00282,
1540581033594231040,-0.49726,16.32456,0.00937,0.59575,-0.79624,-0.10531,-0.00143,
1540581033660745216,-0.49482,16.32697,0.00925,0.59459,-0.79696,-0.10632,0.00115,
1540581033691660544,-0.49412,16.32594,0.01156,0.59542,-0.79636,-0.10626,0.00169,
1540581033742121216,-0.49568,16.32512,0.00830,0.59595,-0.79583,-0.10727,-0.00000,
1540581033773514240,-0.49651,16.32491,0.00640,0.59563,-0.79585,-0.10884,-0.00109,
1540581033806789120,-0.49696,16.32609,0.00204,0.59602,-0.79528,-0.11083,-0.00203,
1540581033840274688,-0.49607,16.32429,0.00180,0.59622,-0.79520,-0.11037,-0.00217,
1540581033874051328,-0.49429,16.32450,0.00115,0.59634,-0.79539,-0.10832,-0.00150,
1540581033906999040,-0.49282,16.32551,0.00104,0.59699,-0.79527,-0.10557,-0.00116,
1540581033975596544,-0.49224,16.32536,-0.00155,0.59802,-0.79503,-0.10149,-0.00000,
1540581034006755584,-0.49049,16.32006,0.00448,0.59776,-0.79535,-0.10050,-0.00012,
1540581034041160704,-0.49042,16.32098,0.00433,0.59802,-0.79553,-0.09747,0.00003,
1540581034073744640,-0.48936,16.32206,0.00397,0.59831,-0.79587,-0.09282,0.00087,
1540581034107239680,-0.48896,16.32267,0.00316,0.59872,-0.79635,-0.08574,0.00287,
1540581034139966208,-0.48816,16.32393,0.00157,0.59902,-0.79671,-0.08009,0.00448,
1540581034173779200,-0.48840,16.32314,0.00160,0.59936,-0.79698,-0.07452,0.00655,
1540581034206723328,-0.48789,16.32290,0.00150,0.59972,-0.79708,-0.07017,0.00910,
1540581034240508928,-0.48739,16.32452,-0.00029,0.60011,-0.79692,-0.06840,0.01030,
1540581034274179072,-0.48739,16.32452,-0.00029,0.60011,-0.79692,-0.06840,0.01030,
1540581034306881792,-0.48944,16.32536,-0.00052,0.59972,-0.79697,-0.07126,0.00959,
1540581034340174336,-0.49180,16.32591,0.00035,0.59940,-0.79681,-0.07582,0.00787,
1540581034374398464,-0.49244,16.32674,0.00183,0.59913,-0.79670,-0.07912,0.00647,
1540581034407664640,-0.49373,16.32949,0.00152,0.59902,-0.79698,-0.07721,0.00569,
1540581034441750528,-0.49636,16.33302,-0.00153,0.59944,-0.79736,-0.06960,0.00638,
1540581034473844736,-0.49762,16.33371,-0.00262,0.59958,-0.79777,-0.06339,0.00683,
1540581034507305472,-0.50183,16.33287,-0.00425,0.59945,-0.79804,-0.06142,0.00535,
1540581034540859904,-0.50551,16.33217,-0.00229,0.59898,-0.79827,-0.06308,0.00315,
1540581034574220288,-0.50842,16.33070,0.00112,0.59934,-0.79788,-0.06458,0.00154,
1540581034607333120,-0.51052,16.32993,0.00185,0.59967,-0.79760,-0.06505,0.00012,
1540581034641457152,-0.51379,16.33139,0.00043,0.59915,-0.79810,-0.06359,-0.00088,
1540581034674809088,-0.51379,16.33139,0.00043,0.59915,-0.79810,-0.06359,-0.00088,
1540581034707456256,-0.51379,16.33139,0.00043,0.59915,-0.79810,-0.06359,-0.00088,
1540581034740965120,-0.51379,16.33139,0.00043,0.59915,-0.79810,-0.06359,-0.00088,
1540581034774789888,-0.51379,16.33139,0.00043,0.59915,-0.79810,-0.06359,-0.00088,
1540581034807587072,-0.51379,16.33139,0.00043,0.59915,-0.79810,-0.06359,-0.00088,
1540581034841268224,-0.51379,16.33139,0.00043,0.59915,-0.79810,-0.06359,-0.00088,
1540581034876222208,-0.51379,16.33139,0.00043,0.59915,-0.79810,-0.06359,-0.00088,
1540581034907653632,-0.51379,16.33139,0.00043,0.59915,-0.79810,-0.06359,-0.00088,
1540581034942013184,-0.51379,16.33139,0.00043,0.59915,-0.79810,-0.06359,-0.00088,
1540581034974465024,-0.51379,16.33139,0.00043,0.59915,-0.79810,-0.06359,-0.00088,
1540581035007706880,-0.51379,16.33139,0.00043,0.59915,-0.79810,-0.06359,-0.00088,
1540581035041746432,-0.51379,16.33139,0.00043,0.59915,-0.79810,-0.06359,-0.00088,
1540581035074298112,-0.51379,16.33139,0.00043,0.59915,-0.79810,-0.06359,-0.00088,
1540581035109003776,-0.51379,16.33139,0.00043,0.59915,-0.79810,-0.06359,-0.00088,
1540581035141161984,-0.51234,16.33124,0.00011,0.59938,-0.79796,-0.06323,-0.00066,
1540581035175984640,-0.51168,16.33127,-0.00060,0.59945,-0.79791,-0.06319,-0.00071,
1540581035208029696,-0.51168,16.33127,-0.00060,0.59945,-0.79791,-0.06319,-0.00071,
1540581035241450240,-0.51168,16.33127,-0.00060,0.59945,-0.79791,-0.06319,-0.00071,
1540581035276341760,-0.51063,16.33204,-0.00085,0.59940,-0.79800,-0.06252,-0.00063,
1540581035307991808,-0.50994,16.33408,-0.00171,0.59932,-0.79813,-0.06172,-0.00044,
1540581035341553408,-0.50994,16.33408,-0.00171,0.59932,-0.79813,-0.06172,-0.00044,
1540581035375100416,-0.50994,16.33408,-0.00171,0.59932,-0.79813,-0.06172,-0.00044,
1540581035408408576,-0.51013,16.33453,-0.00282,0.59933,-0.79802,-0.06298,-0.00067,
1540581035441770496,-0.50932,16.33447,-0.00453,0.59963,-0.79768,-0.06449,-0.00067,
1540581035474980352,-0.50932,16.33447,-0.00453,0.59963,-0.79768,-0.06449,-0.00067,
1540581035507654912,-0.50932,16.33447,-0.00453,0.59963,-0.79768,-0.06449,-0.00067,
1540581035541627136,-0.50932,16.33447,-0.00453,0.59963,-0.79768,-0.06449,-0.00067,
1540581035574889216,-0.50932,16.33447,-0.00453,0.59963,-0.79768,-0.06449,-0.00067,
