13.048 0 0 0 0 0 0 1
13.57 -0.0022499 0.0027966 -0.0014339 0.001268 -0.0019853 -0.0072697 0.99997
13.677 -0.0047662 0.0038823 -0.0020684 0.002401 -0.0045922 -0.015169 0.99987
14.821 0.14983 -0.025759 0.13517 0.012959 0.043934 0.016488 0.99881
14.925 0.14887 -0.033319 0.1597 0.014579 0.039838 -0.0030944 0.99909
15.027 0.14409 -0.044232 0.18674 0.015891 0.040068 -0.0082474 0.99904
15.132 0.14939 -0.060582 0.21644 0.016148 0.060927 0.0401 0.99721
15.234 0.13928 -0.081786 0.24487 0.011688 0.061146 0.038455 0.99732
15.339 0.11731 -0.10537 0.27391 0.0077192 0.042221 -0.01629 0.99895
15.445 0.11774 -0.12326 0.30003 0.0025382 0.047365 0.0039021 0.99887
15.549 0.12012 -0.13851 0.32632 0.0019741 0.051413 0.0069478 0.99865
15.651 0.11503 -0.14967 0.34929 -0.0025296 0.04761 -0.024124 0.99857
15.757 0.12162 -0.15592 0.37272 -0.0021334 0.050435 -0.029513 0.99829
15.861 0.12957 -0.16272 0.39514 0.00074278 0.045661 -0.038826 0.9982
15.964 0.14093 -0.16942 0.42395 0.0030875 0.033951 -0.052542 0.99804
16.069 0.15552 -0.17874 0.4521 0.007583 0.033298 -0.05055 0.99814
16.173 0.17265 -0.18938 0.47794 0.0082318 0.031629 -0.040404 0.99865
16.275 0.18432 -0.19586 0.4978 0.01111 0.02518 -0.043492 0.99867
16.381 0.19683 -0.20196 0.5169 0.01279 0.020964 -0.043579 0.99875
16.485 0.21296 -0.20818 0.5333 0.012469 0.027555 -0.022527 0.99929
16.587 0.2237 -0.21527 0.55162 0.013718 0.033836 -0.015107 0.99922
16.692 0.23312 -0.22506 0.57234 0.012857 0.045119 -0.0076296 0.99887
16.797 0.24173 -0.23823 0.59531 0.010292 0.059131 0.0020059 0.9982
16.899 0.24682 -0.24951 0.6193 0.0079596 0.070239 0.0050166 0.99749
17.005 0.25112 -0.26663 0.64503 0.0051256 0.080193 0.0077647 0.99674
17.107 0.25362 -0.28174 0.66812 0.00095583 0.086707 0.012501 0.99615
17.211 0.25843 -0.29576 0.69054 -0.00044273 0.10141 0.034861 0.99423
17.314 0.25954 -0.30587 0.71211 -0.0027097 0.1091 0.036309 0.99336
17.415 0.25547 -0.31717 0.73269 -0.0051935 0.11208 0.019953 0.99348
17.524 0.26259 -0.32628 0.7558 -0.0043653 0.12167 0.032413 0.99203
17.623 0.26595 -0.33834 0.78167 -0.0062398 0.12369 0.030544 0.99183
17.731 0.27202 -0.35056 0.81315 -0.0054177 0.12278 0.024317 0.99212
17.836 0.28113 -0.36287 0.84536 -0.0030102 0.12218 0.033049 0.99195
17.937 0.28632 -0.37757 0.88341 -0.0011977 0.11088 0.018013 0.99367
18.04 0.28784 -0.39452 0.9177 -2.9584e-05 0.090587 -0.0052152 0.99587
18.147 0.29444 -0.41186 0.95522 0.0019215 0.067835 -0.0081486 0.99766
18.252 0.30277 -0.42745 0.98771 0.0090718 0.04935 7.102e-05 0.99874
18.351 0.30685 -0.4415 1.0178 0.012424 0.034712 0.0027137 0.99932
18.459 0.3106 -0.45441 1.046 0.012751 0.031202 0.0039515 0.99942
18.564 0.31509 -0.46536 1.0722 0.013443 0.033272 0.007471 0.99933
18.668 0.31762 -0.47358 1.0958 0.013153 0.037249 0.0015101 0.99922
18.771 0.31801 -0.48443 1.12 0.013122 0.046215 -0.00077951 0.99885
18.877 0.32189 -0.49635 1.1476 0.011247 0.060155 0.007755 0.9981
18.976 0.32391 -0.51201 1.1742 0.0078422 0.073855 0.016527 0.9971
19.083 0.32909 -0.53043 1.2003 0.0017854 0.091004 0.028641 0.99544
19.188 0.33375 -0.54695 1.2223 -0.0027076 0.1056 0.037882 0.99368
19.288 0.33983 -0.55738 1.2466 -0.004159 0.11994 0.053639 0.99132
19.394 0.33284 -0.56776 1.2686 -0.0053878 0.12066 0.038197 0.99194
19.497 0.32904 -0.57567 1.296 -0.0050641 0.12773 0.030067 0.99134
19.601 0.32772 -0.58397 1.322 -0.0027807 0.13243 0.030007 0.99073
19.707 0.32471 -0.59642 1.3531 -0.0021762 0.12631 0.0058218 0.99197
19.81 0.33097 -0.60843 1.3851 0.0014455 0.12437 0.010981 0.99217
19.91 0.34057 -0.62125 1.4223 0.0050596 0.11821 0.017853 0.99282
20.017 0.34715 -0.64056 1.4646 0.0080167 0.10164 0.0096089 0.99474
20.119 0.35651 -0.65939 1.5025 0.0089654 0.082596 0.012433 0.99647
20.227 0.3652 -0.67756 1.5437 0.014249 0.059168 0.0093979 0.9981
20.33 0.36779 -0.6935 1.5818 0.017801 0.040796 -0.0028092 0.999
20.43 0.37218 -0.70624 1.6106 0.018569 0.038455 -0.0047866 0.99908
20.538 0.38017 -0.7179 1.6372 0.018889 0.04457 0.012828 0.99875
20.643 0.38339 -0.7259 1.6592 0.019999 0.04458 0.0052617 0.99879
20.744 0.38972 -0.73527 1.6798 0.018866 0.048683 0.009145 0.99859
20.852 0.40057 -0.74488 1.7056 0.020418 0.060011 0.024143 0.9977
20.956 0.40297 -0.76262 1.7345 0.015575 0.071406 0.018816 0.99715
21.06 0.40885 -0.78164 1.7631 0.0093333 0.088883 0.026267 0.99565
21.164 0.41063 -0.80347 1.796 0.0028074 0.10595 0.038749 0.99361
21.267 0.40199 -0.822 1.8266 0.0012823 0.10951 0.032108 0.99347
21.372 0.38806 -0.8396 1.8613 0.00087439 0.10345 0.024981 0.99432
21.476 0.37613 -0.85596 1.889 0.0017469 0.096376 0.027683 0.99496
21.579 0.3615 -0.87221 1.9179 0.0036126 0.088866 0.031747 0.99553
21.684 0.34103 -0.88698 1.9523 0.0064502 0.074776 0.023262 0.99691
21.786 0.32272 -0.90137 1.9845 0.0094994 0.061141 0.016628 0.99795
21.891 0.30688 -0.91746 2.0227 0.01328 0.045052 0.015133 0.99878
21.996 0.29573 -0.93526 2.062 0.019083 0.027517 0.016641 0.9993
22.1 0.28334 -0.95899 2.1075 0.01961 0.0013064 0.0078801 0.99978
22.203 0.27251 -0.98199 2.1502 0.021384 -0.021898 -0.0083412 0.9995
22.308 0.26438 -1.0076 2.1968 0.024827 -0.042476 -0.013273 0.9987
22.412 0.26023 -1.0235 2.2389 0.02557 -0.051353 -0.01196 0.99828
22.515 0.25232 -1.0451 2.2792 0.027403 -0.055528 -0.021333 0.99785
22.62 0.25276 -1.0603 2.3183 0.026711 -0.053267 -0.011534 0.99816
22.718 0.24736 -1.0797 2.3561 0.029369 -0.05525 -0.013258 0.99795
22.827 0.24047 -1.0974 2.3981 0.032799 -0.055582 -0.023775 0.99763
22.929 0.23717 -1.1224 2.4406 0.029016 -0.049195 -0.017188 0.99822
23.136 0.223 -1.1667 2.5174 0.025566 -0.038551 -0.036906 0.99825
23.342 0.21979 -1.2029 2.5921 0.023846 -0.020283 -0.031063 0.99903
23.446 0.22401 -1.2196 2.6316 0.024574 -0.011485 -0.023779 0.99935
23.554 0.22974 -1.2402 2.6803 0.025683 -0.0088806 -0.021997 0.99939
23.761 0.2469 -1.2785 2.7716 0.029754 -0.016907 -0.035273 0.99879
23.867 0.25938 -1.304 2.8176 0.028919 -0.024613 -0.04752 0.99815
23.971 0.27225 -1.3222 2.8591 0.029332 -0.029282 -0.057057 0.99751
24.179 0.29627 -1.3549 2.9388 0.031779 -0.022252 -0.06447 0.99717
24.28 0.3123 -1.3718 2.976 0.029569 -0.010141 -0.032631 0.99898
24.381 0.31746 -1.3868 3.0115 0.029168 -0.0077669 -0.031453 0.99905
24.489 0.31658 -1.4072 3.054 0.030714 -0.0074969 -0.03333 0.99894
24.596 0.31339 -1.4215 3.0895 0.029698 -0.0034898 -0.035028 0.99894
24.696 0.30348 -1.4426 3.1268 0.028999 -0.0021564 -0.043858 0.99861
24.798 0.29444 -1.466 3.1647 0.024873 -0.0010837 -0.046364 0.99861
24.905 0.2863 -1.4916 3.1995 0.020592 0.00016889 -0.032792 0.99925
25.009 0.27722 -1.5082 3.2305 0.020947 0.00069826 -0.023218 0.99951
25.116 0.25694 -1.5258 3.2632 0.022209 -0.0079576 -0.04056 0.9989
25.219 0.24033 -1.541 3.2951 0.023378 -0.013713 -0.044309 0.99865
25.323 0.22804 -1.5568 3.3325 0.026183 -0.019588 -0.030113 0.99901
25.426 0.21205 -1.5725 3.3695 0.030886 -0.035278 -0.0381 0.99817
25.53 0.19955 -1.59 3.4129 0.036048 -0.055548 -0.042573 0.9969
25.635 0.19078 -1.6096 3.4556 0.038712 -0.072299 -0.042106 0.99574
25.737 0.17936 -1.6325 3.4974 0.040081 -0.092114 -0.061115 0.99306
25.837 0.17084 -1.6592 3.5395 0.039118 -0.11307 -0.067857 0.9905
25.947 0.16386 -1.6836 3.5917 0.040579 -0.13756 -0.064571 0.98755
26.152 0.15181 -1.7276 3.6729 0.039553 -0.15577 -0.065332 0.98484
26.258 0.14899 -1.7459 3.7134 0.040714 -0.15963 -0.065893 0.98413
26.363 0.14707 -1.763 3.7564 0.0442 -0.16216 -0.076218 0.98282
26.466 0.14618 -1.7843 3.7998 0.045018 -0.15819 -0.077004 0.98337
26.569 0.1481 -1.8076 3.8436 0.043722 -0.15151 -0.078799 0.98434
26.674 0.15276 -1.8387 3.8898 0.03677 -0.13852 -0.075967 0.98676
26.778 0.15646 -1.8615 3.9336 0.036137 -0.12547 -0.084072 0.98787
26.882 0.16343 -1.884 3.9808 0.032745 -0.10422 -0.081733 0.99065
26.982 0.17434 -1.9049 4.0215 0.028588 -0.085364 -0.073292 0.99324
27.091 0.18599 -1.9275 4.0656 0.025548 -0.06917 -0.068117 0.99495
27.299 0.20094 -1.9614 4.1517 0.028066 -0.062815 -0.078285 0.99455
27.4 0.20624 -1.9788 4.1956 0.032856 -0.069311 -0.075005 0.99423
27.506 0.21167 -1.9983 4.2433 0.035398 -0.084629 -0.070543 0.99328
27.611 0.21015 -2.0223 4.2827 0.03629 -0.10775 -0.08004 0.99029
27.714 0.2064 -2.0444 4.326 0.038947 -0.13454 -0.091207 0.98593
27.819 0.19987 -2.0633 4.3647 0.040698 -0.15799 -0.09523 0.982
27.923 0.18857 -2.0814 4.401 0.044479 -0.17889 -0.10426 0.97732
28.027 0.17288 -2.0978 4.4345 0.044955 -0.19652 -0.10945 0.97333
28.13 0.15271 -2.1134 4.4688 0.049396 -0.21544 -0.11627 0.96831
28.234 0.12904 -2.1311 4.4987 0.050644 -0.23024 -0.12277 0.96403
28.338 0.10266 -2.1489 4.5338 0.05103 -0.24386 -0.12101 0.96088
28.437 0.07482 -2.1673 4.5608 0.051061 -0.25793 -0.13208 0.95573
28.545 0.039891 -2.1889 4.587 0.054611 -0.28078 -0.15445 0.94569
28.648 0.0055027 -2.2097 4.6159 0.056188 -0.30514 -0.16823 0.93564
28.754 -0.023129 -2.2243 4.6434 0.057088 -0.32207 -0.17193 0.92922
28.855 -0.053122 -2.24 4.6682 0.059877 -0.3389 -0.18272 0.92096
28.957 -0.076231 -2.2529 4.6939 0.061856 -0.35276 -0.18284 0.91559
29.066 -0.099317 -2.2666 4.7246 0.062359 -0.3729 -0.18474 0.90715
29.171 -0.12049 -2.2806 4.7551 0.062672 -0.39839 -0.19 0.89513
29.272 -0.14125 -2.2971 4.7907 0.062792 -0.43039 -0.19291 0.87955
29.373 -0.15945 -2.316 4.8197 0.061138 -0.45675 -0.20194 0.86421
29.482 -0.177 -2.3349 4.8496 0.059985 -0.4817 -0.21482 0.84748
29.586 -0.19264 -2.3511 4.8764 0.06329 -0.50759 -0.2255 0.82915
29.69 -0.20508 -2.3643 4.9073 0.064299 -0.52773 -0.23647 0.8133
29.79 -0.2161 -2.3798 4.9363 0.071183 -0.53212 -0.24172 0.8083
29.893 -0.22453 -2.3949 4.9724 0.066598 -0.52621 -0.23537 0.81442
30.002 -0.23495 -2.4121 5.0096 0.070119 -0.51896 -0.23542 0.81874
30.107 -0.24609 -2.4294 5.0464 0.075114 -0.51174 -0.23988 0.82154
30.208 -0.25856 -2.4492 5.0807 0.077549 -0.50385 -0.23974 0.82623
30.314 -0.27401 -2.4696 5.1189 0.079413 -0.49287 -0.24408 0.83138
30.413 -0.29092 -2.4932 5.1543 0.077358 -0.48065 -0.24541 0.83831
30.519 -0.3077 -2.5183 5.1915 0.073658 -0.46564 -0.23839 0.84907
30.626 -0.3295 -2.5431 5.2305 0.070324 -0.45147 -0.2342 0.85813
30.73 -0.3547 -2.561 5.2652 0.075461 -0.44248 -0.2413 0.8604
30.832 -0.37653 -2.5773 5.2906 0.076303 -0.43689 -0.25006 0.86068
30.938 -0.40144 -2.594 5.3186 0.076517 -0.43725 -0.24642 0.86153
31.042 -0.42773 -2.6036 5.3384 0.08166 -0.44419 -0.25728 0.8543
31.143 -0.45728 -2.6119 5.355 0.086634 -0.4562 -0.26323 0.84563
31.248 -0.48786 -2.6177 5.3719 0.091852 -0.4797 -0.26637 0.83096
31.351 -0.51867 -2.6233 5.3818 0.096327 -0.50975 -0.28257 0.80686
31.457 -0.54872 -2.6327 5.3917 0.093556 -0.54445 -0.28858 0.78201
31.556 -0.57776 -2.6419 5.3999 0.090458 -0.57749 -0.2951 0.7558
31.666 -0.60625 -2.6479 5.4129 0.082889 -0.60851 -0.29285 0.73286
31.874 -0.65856 -2.653 5.4238 0.089473 -0.64555 -0.30859 0.69284
32.079 -0.71719 -2.6634 5.4364 0.080466 -0.65411 -0.30312 0.68832
32.29 -0.78142 -2.6774 5.4436 0.08165 -0.65603 -0.30688 0.68468
32.497 -0.8484 -2.6986 5.4554 0.084065 -0.65045 -0.31636 0.68539
32.602 -0.88362 -2.7041 5.4622 0.085878 -0.64291 -0.31952 0.69079
32.706 -0.91981 -2.7099 5.4698 0.091795 -0.6349 -0.32173 0.69639
32.805 -0.95144 -2.7173 5.4755 0.094021 -0.62776 -0.32429 0.70136
32.913 -0.98962 -2.7221 5.4825 0.10038 -0.62625 -0.32279 0.70252
33.016 -1.0221 -2.7259 5.4866 0.10048 -0.62565 -0.32352 0.70271
33.122 -1.0545 -2.7316 5.4919 0.098419 -0.63103 -0.31153 0.7036
33.328 -1.1205 -2.7354 5.4979 0.10039 -0.6478 -0.30582 0.69047
33.535 -1.1872 -2.7424 5.4974 0.10323 -0.6787 -0.32141 0.65223
33.741 -1.243 -2.749 5.4984 0.10543 -0.71424 -0.33622 0.60474
33.951 -1.2985 -2.7498 5.5016 0.10853 -0.72988 -0.34104 0.5824
34.056 -1.3297 -2.7491 5.502 0.10612 -0.73059 -0.34303 0.58078
34.262 -1.3955 -2.7528 5.4993 0.10635 -0.73405 -0.34139 0.57733
34.469 -1.4722 -2.7605 5.4979 0.10327 -0.71906 -0.33476 0.60018
34.68 -1.5589 -2.7764 5.4945 0.10031 -0.68179 -0.32677 0.64678
34.783 -1.5998 -2.7801 5.4913 0.10977 -0.66688 -0.3335 0.65727
34.884 -1.637 -2.7884 5.4932 0.10847 -0.65337 -0.3325 0.6714
34.993 -1.6747 -2.7979 5.4996 0.10232 -0.64206 -0.32591 0.68635
35.096 -1.7074 -2.8005 5.5034 0.11065 -0.63965 -0.33159 0.68458
35.199 -1.7401 -2.8013 5.5061 0.12252 -0.64319 -0.34205 0.67402
35.305 -1.7774 -2.8043 5.5163 0.11744 -0.64683 -0.33244 0.67624
35.408 -1.8149 -2.8105 5.5234 0.11103 -0.65269 -0.32378 0.67589
35.512 -1.851 -2.8144 5.5209 0.11976 -0.66529 -0.33904 0.65429
35.616 -1.8895 -2.819 5.5208 0.12437 -0.68006 -0.35091 0.6316
35.72 -1.9293 -2.8228 5.5244 0.1176 -0.69535 -0.34478 0.6195
35.82 -1.9588 -2.8241 5.5248 0.11684 -0.70267 -0.34506 0.61118
35.929 -1.9891 -2.8277 5.5256 0.10716 -0.7054 -0.33676 0.61443
36.135 -2.0347 -2.8248 5.5246 0.11159 -0.70244 -0.33265 0.61924
36.24 -2.0585 -2.8266 5.5233 0.11377 -0.69958 -0.33422 0.62124
36.341 -2.0859 -2.8322 5.5246 0.10968 -0.69231 -0.33029 0.63212
36.448 -2.118 -2.8405 5.5235 0.11015 -0.68017 -0.33154 0.64445
36.657 -2.1841 -2.8574 5.5268 0.10571 -0.64917 -0.32639 0.67887
36.865 -2.2489 -2.8648 5.5278 0.11472 -0.63312 -0.33344 0.68907
36.968 -2.2778 -2.8681 5.5252 0.11716 -0.63016 -0.33848 0.68891
37.072 -2.3065 -2.8689 5.5228 0.11606 -0.63175 -0.33748 0.68813
37.281 -2.3733 -2.8618 5.5089 0.12215 -0.64694 -0.34206 0.67048
37.489 -2.4547 -2.8595 5.4973 0.11878 -0.67101 -0.34082 0.64767
37.593 -2.495 -2.8614 5.4855 0.12589 -0.69098 -0.35628 0.61625
37.695 -2.5334 -2.863 5.4761 0.13146 -0.71073 -0.36725 0.58541
37.799 -2.57 -2.8614 5.4686 0.13397 -0.728 -0.3754 0.5578
37.899 -2.6026 -2.8623 5.4655 0.12589 -0.73845 -0.36944 0.54986
38.008 -2.6346 -2.8617 5.4593 0.12331 -0.74376 -0.36582 0.54571
38.108 -2.6649 -2.8585 5.4534 0.12257 -0.74514 -0.36571 0.54406
38.213 -2.6979 -2.8576 5.4443 0.11859 -0.74507 -0.36227 0.54733
38.319 -2.7292 -2.8578 5.4354 0.11354 -0.7465 -0.35819 0.54914
38.425 -2.7619 -2.8583 5.4252 0.11496 -0.74736 -0.36084 0.54593
38.523 -2.7917 -2.8613 5.4163 0.11619 -0.74229 -0.36627 0.54896
38.636 -2.8249 -2.8641 5.407 0.11707 -0.73573 -0.36763 0.55663
38.735 -2.857 -2.8634 5.398 0.12016 -0.72996 -0.36813 0.5632
38.84 -2.8895 -2.8624 5.3899 0.12368 -0.72363 -0.37145 0.56841
38.944 -2.917 -2.8633 5.3839 0.12433 -0.71905 -0.37121 0.57421
39.049 -2.9466 -2.8612 5.3813 0.12507 -0.71613 -0.36909 0.57904
39.153 -2.9718 -2.8574 5.3785 0.13327 -0.71821 -0.37431 0.57124
39.255 -3.0036 -2.859 5.3793 0.1321 -0.72079 -0.37113 0.57033
39.357 -3.0408 -2.8612 5.3837 0.12395 -0.72577 -0.36265 0.57129
39.465 -3.083 -2.8652 5.3852 0.12549 -0.73661 -0.36473 0.55554
39.567 -3.1203 -2.8715 5.384 0.12891 -0.75044 -0.37332 0.52995
39.673 -3.1583 -2.8764 5.3829 0.12966 -0.76678 -0.38204 0.49929
39.775 -3.1925 -2.8793 5.3821 0.12374 -0.78097 -0.38078 0.47935
39.876 -3.2237 -2.8787 5.3783 0.11906 -0.79304 -0.381 0.46016
39.981 -3.2547 -2.876 5.3672 0.11855 -0.8021 -0.38415 0.4416
40.085 -3.285 -2.8725 5.3558 0.10886 -0.81035 -0.37902 0.43338
40.187 -3.3133 -2.8664 5.3377 0.10707 -0.81835 -0.38046 0.41724
40.294 -3.3488 -2.8583 5.3128 0.10457 -0.82832 -0.38092 0.3973
40.504 -3.4128 -2.8508 5.2624 0.10151 -0.84016 -0.39281 0.3599
40.707 -3.476 -2.8347 5.2173 0.10864 -0.84685 -0.39841 0.33512
40.92 -3.5195 -2.8207 5.1775 0.12011 -0.85286 -0.40563 0.30604
41.23 -3.5903 -2.7958 5.123 0.11654 -0.87329 -0.40715 0.24085
41.439 -3.645 -2.7802 5.0877 0.10698 -0.8888 -0.40712 0.18123
41.648 -3.7055 -2.7711 5.0514 0.068786 -0.89976 -0.40587 0.14483
41.854 -3.735 -2.7511 5.0161 0.08515 -0.9053 -0.40849 0.079516
42.063 -3.767 -2.7285 4.9673 0.065351 -0.91012 -0.40515 0.057105
42.27 -3.7921 -2.7026 4.899 0.071544 -0.90924 -0.4085 0.036077
42.478 -3.8194 -2.6745 4.8143 0.088754 -0.90408 -0.41669 0.033775
42.686 -3.8521 -2.6419 4.7333 0.091962 -0.90161 -0.41922 0.05391
42.787 -3.8656 -2.6322 4.702 0.090516 -0.901 -0.41907 0.066186
42.895 -3.8837 -2.6163 4.6669 0.090087 -0.90023 -0.419 0.076879
43.104 -3.9118 -2.5888 4.6118 0.10182 -0.8987 -0.41913 0.079438
43.311 -3.9494 -2.5587 4.5507 0.099231 -0.90007 -0.41593 0.083813
43.621 -4.0284 -2.5068 4.4339 0.092336 -0.90216 -0.41403 0.078419
43.832 -4.0771 -2.47 4.3582 0.097831 -0.90232 -0.41327 0.073838
44.04 -4.1078 -2.4416 4.294 0.087052 -0.90386 -0.41115 0.080072
44.247 -4.1138 -2.4057 4.2249 0.08477 -0.90505 -0.41151 0.065959
44.346 -4.1147 -2.3925 4.1917 0.078456 -0.90584 -0.41076 0.06767
44.453 -4.1058 -2.3772 4.1512 0.084567 -0.90401 -0.41565 0.053289
44.664 -4.0864 -2.3474 4.0886 0.077292 -0.90545 -0.4159 0.034856
44.871 -4.0533 -2.3183 4.0434 0.08292 -0.90618 -0.41451 0.01195
45.079 -4.0169 -2.2928 4.0018 -0.084056 0.90614 0.41333 0.031633
45.287 -3.9825 -2.2693 3.9528 -0.081326 0.90399 0.41414 0.068364
45.495 -3.9646 -2.2402 3.8861 -0.086254 0.9001 0.41356 0.10649
45.703 -3.9794 -2.2065 3.8084 -0.075837 0.8994 0.4161 0.11045
46.016 -4.037 -2.1649 3.6853 -0.081093 0.89515 0.4227 0.11602
46.222 -4.0829 -2.1357 3.6115 -0.093451 0.89549 0.42393 0.098231
46.431 -4.133 -2.1067 3.5435 -0.092148 0.89889 0.42539 0.05047
46.633 -4.1646 -2.0832 3.4727 -0.11059 0.89569 0.43054 0.011616
46.847 -4.1754 -2.062 3.3953 0.11216 -0.89048 -0.44031 0.024282
47.053 -4.1504 -2.0308 3.3297 0.1297 -0.88648 -0.44381 0.019196
47.159 -4.1323 -2.0164 3.2991 0.125 -0.88652 -0.44529 0.013419
47.263 -4.109 -2.0012 3.2622 -0.11793 0.8866 0.44724 0.0036265
47.471 -4.0645 -1.9606 3.1927 -0.088386 0.8911 0.44422 0.02817
47.574 -4.0441 -1.9387 3.1596 -0.078602 0.89232 0.44166 0.050198
47.679 -4.0244 -1.9228 3.1238 -0.074923 0.8892 0.44386 0.081863
47.783 -4.0069 -1.9037 3.0823 -0.061296 0.88667 0.44657 0.10314
47.886 -3.9927 -1.8867 3.0442 -0.046154 0.88424 0.44954 0.11794
48.095 -3.9564 -1.8527 2.9779 -0.041565 0.87749 0.45122 0.15709
48.199 -3.9359 -1.8327 2.9445 -0.044649 0.87529 0.44887 0.1743
48.407 -3.9146 -1.7976 2.8905 -0.049602 0.87478 0.44373 0.18816
48.609 -3.9013 -1.7646 2.82 -0.068727 0.87476 0.44015 0.19064
48.823 -3.9002 -1.7345 2.7348 -0.071662 0.87652 0.44816 0.16039
49.025 -3.9087 -1.7031 2.6659 -0.073338 0.88048 0.45093 0.12662
49.132 -3.9149 -1.685 2.6344 -0.085429 0.88134 0.44991 0.11628
49.235 -3.9237 -1.669 2.6019 -0.092258 0.88366 0.44657 0.10587
49.444 -3.9541 -1.6288 2.526 -0.081633 0.88822 0.44556 0.076638
49.545 -3.966 -1.6086 2.4904 -0.077683 0.88928 0.44474 0.0731
49.653 -3.979 -1.5871 2.4381 -0.081468 0.8886 0.4438 0.082452
49.753 -3.9914 -1.5694 2.3945 -0.076948 0.88744 0.44745 0.079529
49.863 -4.0089 -1.5483 2.3399 -0.070477 0.8867 0.45114 0.072567
50.068 -4.0223 -1.5123 2.2682 -0.09897 0.8846 0.44481 0.099141
50.276 -4.0372 -1.4801 2.2049 -0.094075 0.88719 0.44326 0.087007
50.38 -4.0387 -1.4638 2.1765 -0.10079 0.88719 0.441 0.090838
50.487 -4.0373 -1.4472 2.1484 -0.10478 0.88716 0.4391 0.095725
50.591 -4.0334 -1.4292 2.1127 -0.11015 0.88669 0.43826 0.097844
50.69 -4.0252 -1.4117 2.0759 -0.11849 0.88481 0.43895 0.1019
50.798 -4.0147 -1.3944 2.0313 -0.13088 0.88184 0.44073 0.10484
50.902 -4.0086 -1.3755 1.9887 -0.12965 0.88168 0.44392 0.093645
51.004 -4.0032 -1.3576 1.9474 -0.12931 0.88163 0.4461 0.08374
51.11 -3.9935 -1.3368 1.9097 -0.13816 0.88071 0.44506 0.084761
51.212 -3.9881 -1.3206 1.8765 -0.1439 0.88101 0.44285 0.083679
51.316 -3.9856 -1.2994 1.8432 -0.14125 0.88173 0.44374 0.075487
51.422 -3.9805 -1.2806 1.8083 -0.14701 0.88204 0.44012 0.081736
51.523 -3.9719 -1.2575 1.7768 -0.15756 0.87956 0.43568 0.1083
51.628 -3.9704 -1.2382 1.7381 -0.14509 0.8824 0.43121 0.11994
51.734 -3.9675 -1.2149 1.6946 -0.13085 0.88254 0.43066 0.13617
51.834 -3.9567 -1.1959 1.6529 -0.13534 0.87745 0.42881 0.16699
51.94 -3.9519 -1.1772 1.6134 -0.12194 0.87787 0.4275 0.1781
52.041 -3.9461 -1.1603 1.5787 -0.11112 0.87681 0.42717 0.19072
52.15 -3.9283 -1.1443 1.5503 -0.12168 0.87091 0.42232 0.21992
52.252 -3.9145 -1.1275 1.5228 -0.11499 0.86937 0.42138 0.23112
52.353 -3.9002 -1.1119 1.496 -0.10449 0.8694 0.422 0.23484
52.458 -3.8765 -1.0919 1.4661 -0.10575 0.86533 0.42022 0.25186
52.669 -3.8317 -1.059 1.3956 -0.09437 0.86087 0.4221 0.26802
52.878 -3.7771 -1.026 1.3143 -0.095964 0.85457 0.42697 0.27964
52.982 -3.7551 -1.0086 1.2748 -0.081922 0.85578 0.43339 0.27039
53.189 -3.7072 -0.98136 1.2237 -0.094533 0.84691 0.42566 0.30434
53.397 -3.6777 -0.94699 1.1652 -0.076565 0.84581 0.42824 0.30879
53.606 -3.652 -0.90559 1.0962 -0.085081 0.83915 0.41887 0.33637
53.813 -3.6456 -0.85944 1.0063 -0.0839 0.83506 0.41432 0.35209
54.02 -3.6478 -0.81484 0.90635 -0.081378 0.8312 0.41526 0.36062
54.125 -3.6482 -0.79209 0.86359 -0.085167 0.83263 0.4123 0.35982
54.23 -3.6424 -0.76767 0.82335 -0.099273 0.83406 0.40562 0.3605
54.334 -3.6356 -0.74581 0.78405 -0.10452 0.83729 0.40312 0.35427
54.433 -3.6232 -0.72393 0.74697 -0.10555 0.83995 0.40242 0.34843
54.541 -3.5986 -0.70311 0.71135 -0.11598 0.83851 0.39738 0.35432
54.645 -3.5662 -0.68476 0.68204 -0.12857 0.83406 0.39251 0.36571
54.747 -3.5248 -0.67459 0.64858 -0.14003 0.82928 0.39377 0.37099
54.849 -3.4802 -0.662 0.6186 -0.14258 0.82481 0.39581 0.37774
54.957 -3.4368 -0.65014 0.5964 -0.14476 0.8197 0.39462 0.38912
55.058 -3.3939 -0.63859 0.58274 -0.14658 0.81344 0.39024 0.40563
55.27 -3.3071 -0.61895 0.56667 -0.14854 0.79682 0.37651 0.44861
55.37 -3.2652 -0.60999 0.56115 -0.14555 0.78735 0.36595 0.47432
55.578 -3.1845 -0.58694 0.54042 -0.12915 0.76851 0.35218 0.51834
55.785 -3.098 -0.56437 0.51126 -0.11931 0.73361 0.33705 0.57791
55.996 -3.0193 -0.54098 0.47881 -0.096373 0.69978 0.33162 0.62534
56.102 -2.9865 -0.53036 0.4653 -0.085931 0.68801 0.33049 0.64034
56.203 -2.9536 -0.52069 0.45641 -0.083069 0.67833 0.32591 0.65326
56.307 -2.9167 -0.51195 0.44858 -0.081674 0.66698 0.3178 0.66893
56.414 -2.8783 -0.50051 0.43853 -0.075099 0.66168 0.31764 0.67501
56.512 -2.8434 -0.4926 0.42863 -0.072501 0.65797 0.31591 0.67972
56.62 -2.7918 -0.48054 0.41447 -0.077013 0.65349 0.30656 0.68778
56.83 -2.6964 -0.46273 0.37162 -0.086431 0.65616 0.31349 0.68096
57.037 -2.605 -0.43304 0.3271 -0.099067 0.66947 0.31035 0.6676
57.244 -2.5305 -0.40136 0.28436 -0.1108 0.67677 0.30307 0.6617
57.452 -2.4518 -0.36167 0.22754 -0.10438 0.68788 0.30987 0.648
57.662 -2.369 -0.32081 0.16183 -0.10258 0.68507 0.30483 0.65363
57.766 -2.3253 -0.30135 0.12075 -0.097275 0.68467 0.31332 0.65084
57.973 -2.2441 -0.26313 0.056518 -0.094433 0.68094 0.3129 0.65536
58.179 -2.1724 -0.2342 0.025829 -0.10395 0.6799 0.29882 0.66155
58.385 -2.0972 -0.21819 0.011594 -0.10089 0.67791 0.29841 0.66424
58.596 -2.002 -0.21814 0.019475 -0.10916 0.66061 0.28891 0.68426
58.696 -1.9514 -0.22642 0.02832 -0.11436 0.6499 0.28488 0.69527
58.803 -1.8974 -0.22694 0.035906 -0.10829 0.64622 0.29183 0.69678
58.909 -1.8515 -0.22936 0.050072 -0.10523 0.63909 0.29354 0.70308
59.013 -1.8121 -0.23492 0.071232 -0.11702 0.62556 0.27412 0.721
59.115 -1.7764 -0.23865 0.087785 -0.11607 0.61393 0.26429 0.73469
59.221 -1.7409 -0.24181 0.1009 -0.11157 0.60532 0.26244 0.74315
59.325 -1.703 -0.24557 0.11381 -0.10051 0.60009 0.25675 0.75091
59.427 -1.6683 -0.24385 0.12318 -0.09391 0.59086 0.25712 0.75892
59.533 -1.6303 -0.24205 0.13313 -0.091103 0.57374 0.24565 0.776
59.637 -1.592 -0.23857 0.13722 -0.08806 0.55901 0.23989 0.7888
59.74 -1.5459 -0.23132 0.1329 -0.078809 0.54871 0.24453 0.79556
59.845 -1.5044 -0.22132 0.12329 -0.069519 0.54421 0.25335 0.79676
59.948 -1.4625 -0.20959 0.1153 -0.06778 0.53639 0.24442 0.80496
60.051 -1.4251 -0.19824 0.10491 -0.067748 0.53321 0.2412 0.80803
60.156 -1.3836 -0.18624 0.090935 -0.065931 0.53881 0.24598 0.80301
60.261 -1.344 -0.1753 0.07671 -0.064406 0.54486 0.25096 0.7975
60.364 -1.2988 -0.16149 0.061622 -0.063999 0.55264 0.25533 0.79076
60.469 -1.255 -0.14991 0.049111 -0.066723 0.55976 0.25493 0.78564
60.573 -1.2055 -0.13902 0.032203 -0.071816 0.57239 0.2616 0.77381
60.676 -1.1619 -0.13508 0.014668 -0.079836 0.5867 0.27053 0.75909
60.778 -1.1188 -0.12525 -0.0017102 -0.082272 0.60096 0.27945 0.7443
60.879 -1.0813 -0.1131 -0.017129 -0.081997 0.6147 0.28965 0.72905
60.987 -1.0471 -0.10391 -0.027478 -0.094198 0.62106 0.28232 0.72506
61.089 -1.0123 -0.093556 -0.038968 -0.10474 0.6269 0.27556 0.72118
61.193 -0.97928 -0.083442 -0.05177 -0.10909 0.63385 0.27808 0.71344
61.299 -0.9433 -0.072177 -0.066583 -0.11363 0.6413 0.27951 0.70548
61.404 -0.90883 -0.059597 -0.081434 -0.11517 0.64656 0.28026 0.70011
61.506 -0.86973 -0.047169 -0.094784 -0.121 0.64579 0.27366 0.70244
61.611 -0.83244 -0.035728 -0.10525 -0.1245 0.63993 0.26575 0.71018
61.711 -0.79454 -0.026481 -0.11617 -0.12294 0.63532 0.26372 0.71534
61.818 -0.7519 -0.018793 -0.12664 -0.11681 0.62924 0.2616 0.72248
61.921 -0.70923 -0.01228 -0.13405 -0.10666 0.621 0.26452 0.73007
62.028 -0.6632 -0.0059989 -0.13694 -0.091172 0.61375 0.27326 0.73507
62.131 -0.61941 -0.0060009 -0.12312 -0.093203 0.59848 0.25874 0.75246
62.233 -0.57821 -0.0075128 -0.10599 -0.091227 0.58408 0.24801 0.76747
62.34 -0.5312 -0.011168 -0.087951 -0.080796 0.57372 0.25082 0.7755
62.443 -0.48692 -0.020502 -0.062095 -0.080185 0.55894 0.2409 0.78938
62.547 -0.43731 -0.031825 -0.033699 -0.077661 0.54138 0.23538 0.80342
62.651 -0.39384 -0.046679 -0.0062077 -0.078715 0.52881 0.23106 0.81288
62.753 -0.35333 -0.059909 0.024237 -0.0787 0.51197 0.2198 0.82667
62.859 -0.31341 -0.067062 0.053979 -0.069631 0.49612 0.22031 0.83695
62.965 -0.27994 -0.078149 0.083633 -0.066137 0.47589 0.20995 0.85151
63.067 -0.25093 -0.087916 0.11321 -0.066485 0.45144 0.19133 0.86901
63.169 -0.22176 -0.096112 0.14037 -0.061672 0.42615 0.17769 0.88488
63.276 -0.18998 -0.10301 0.16893 -0.054415 0.39777 0.16583 0.90073
63.376 -0.16074 -0.10812 0.19481 -0.04606 0.36641 0.14938 0.91723
63.483 -0.13135 -0.11574 0.21924 -0.03981 0.32686 0.12887 0.9354
63.586 -0.10739 -0.1272 0.24045 -0.036712 0.28406 0.1069 0.95212
63.688 -0.081104 -0.13708 0.26312 -0.029411 0.23693 0.088135 0.96707
63.795 -0.057628 -0.14281 0.28116 -0.022397 0.2036 0.089878 0.97466
63.898 -0.03963 -0.14912 0.30207 -0.016451 0.17773 0.085216 0.98025
64.001 -0.031318 -0.15648 0.32473 -0.014398 0.15538 0.064537 0.98564
64.103 -0.02176 -0.16419 0.34721 -0.010001 0.13547 0.055276 0.98919
64.212 -0.01008 -0.17518 0.37067 -0.0070205 0.11587 0.060467 0.9914
64.312 -0.0020418 -0.18718 0.39532 -0.0065719 0.095419 0.053502 0.99398
64.419 0.0051005 -0.20297 0.42608 -0.0071428 0.07415 0.040574 0.9964
64.524 0.01247 -0.22277 0.45712 -0.010237 0.058372 0.022458 0.99799
64.627 0.023115 -0.24078 0.48736 -0.0094853 0.050897 0.014648 0.99855
64.727 0.035482 -0.25505 0.51919 -0.0097647 0.045073 0.0073085 0.99891
64.836 0.04527 -0.27024 0.55254 -0.0094809 0.037095 -0.0014507 0.99927
64.936 0.051946 -0.28344 0.57864 -0.012653 0.029333 -0.0096206 0.99944
65.043 0.057591 -0.29607 0.61084 -0.0067258 0.014945 -0.035483 0.99924
65.143 0.071406 -0.30774 0.64023 -0.0027312 0.0088172 -0.044819 0.99895
65.252 0.095659 -0.31924 0.67217 -0.0034068 0.0073382 -0.034092 0.99939
65.355 0.12162 -0.33161 0.70509 -0.0010252 0.0010569 -0.038239 0.99927
65.46 0.15234 -0.34141 0.73618 0.0011344 -0.002225 -0.034253 0.99941
65.564 0.18624 -0.35291 0.76907 -0.00091729 -0.0030319 -0.039142 0.99923
65.667 0.21624 -0.36452 0.79918 0.0021658 -0.0065555 -0.052265 0.99861
65.772 0.25044 -0.37604 0.8342 0.0038628 -0.011819 -0.058584 0.99821
65.871 0.27811 -0.38493 0.86387 0.0070951 -0.011553 -0.059668 0.99813
65.975 0.30585 -0.39553 0.89823 0.0075253 -0.0055867 -0.054631 0.99846
66.083 0.32635 -0.40606 0.93315 0.0084327 0.0043559 -0.050955 0.99866
66.188 0.34023 -0.41669 0.96954 0.010268 0.0097837 -0.047333 0.99878
66.291 0.3469 -0.4305 1.0033 0.011234 0.016369 -0.042515 0.9989
66.396 0.34368 -0.44981 1.04 0.0091122 0.0176 -0.048869 0.99861
66.499 0.33776 -0.47446 1.0779 0.0044312 0.022001 -0.045381 0.99872
66.597 0.32642 -0.49752 1.1108 0.00075009 0.022977 -0.045546 0.9987
66.707 0.31653 -0.51764 1.1451 0.00062647 0.026881 -0.029804 0.99919
66.806 0.31362 -0.53232 1.1729 0.0010253 0.035673 0.005695 0.99935
66.915 0.29743 -0.54587 1.197 0.0012862 0.030114 -0.0031551 0.99954
67.019 0.27571 -0.5522 1.2176 0.0045423 0.012734 -0.035893 0.99926
67.123 0.2587 -0.55831 1.2328 0.0078531 -0.0010818 -0.05562 0.99842
67.227 0.25164 -0.5625 1.2416 0.0084643 -0.0017459 -0.051029 0.99866
67.332 0.23965 -0.5627 1.2437 0.0067692 -0.0046881 -0.064637 0.99787
67.43 0.23195 -0.56485 1.2471 0.008673 -0.01839 -0.090707 0.99567
67.539 0.24809 -0.57298 1.2523 0.0064123 -0.0065773 -0.048888 0.99876
67.642 0.26559 -0.5763 1.2566 0.0037695 0.0079738 -0.0076329 0.99993
67.742 0.26983 -0.57752 1.2581 0.0024895 0.011732 -0.010366 0.99987
67.85 0.26978 -0.57723 1.2589 0.0022108 0.0080076 -0.027757 0.99958
67.955 0.27321 -0.57923 1.2608 0.0014719 0.0090345 -0.02541 0.99964
68.054 0.27328 -0.58077 1.2623 0.00088067 0.0079175 -0.028881 0.99955
68.163 0.26834 -0.5825 1.2627 -8.7452e-05 0.0016783 -0.045465 0.99896
