0 0 0 0 0 0 0 1
14.404 0.14983 -0.025759 0.13517 0.012959 0.043934 0.016488 0.99881
14.508 0.14631 -0.035199 0.16372 0.017084 0.037362 -0.0089847 0.99912
14.611 0.14399 -0.045632 0.18886 0.016945 0.041186 -0.0067253 0.99899
14.716 0.14984 -0.061634 0.21889 0.014397 0.062456 0.04596 0.99688
14.821 0.13733 -0.084071 0.24717 0.011533 0.059694 0.032974 0.99761
14.925 0.11638 -0.10711 0.27602 0.0073266 0.041822 -0.017226 0.99895
15.027 0.11837 -0.12461 0.30178 0.0037019 0.048767 0.0058627 0.99879
15.132 0.12012 -0.13851 0.32632 0.0019741 0.051413 0.0069478 0.99865
15.234 0.1152 -0.15037 0.35095 -0.001947 0.047476 -0.025501 0.99854
15.339 0.12162 -0.15592 0.37272 -0.0021334 0.050435 -0.029513 0.99829
15.445 0.13014 -0.16284 0.39698 0.0010323 0.0444 -0.040599 0.99819
15.549 0.14185 -0.17047 0.42637 0.0047953 0.034399 -0.052842 0.998
15.651 0.15691 -0.17932 0.4541 0.0075065 0.033337 -0.051094 0.99811
15.757 0.17265 -0.18938 0.47794 0.0082318 0.031629 -0.040404 0.99865
15.861 0.18526 -0.19598 0.4993 0.010603 0.024031 -0.044587 0.99866
15.964 0.19683 -0.20196 0.5169 0.01279 0.020964 -0.043579 0.99875
16.069 0.21437 -0.20806 0.53487 0.010941 0.028549 -0.021641 0.9993
16.173 0.22414 -0.21651 0.55302 0.015133 0.034345 -0.014642 0.99919
16.275 0.23423 -0.22583 0.57402 0.012944 0.046649 -0.0064885 0.99881
16.381 0.24173 -0.23823 0.59531 0.010292 0.059131 0.0020059 0.9982
16.485 0.24729 -0.25037 0.62106 0.0073007 0.070548 0.0054187 0.99747
16.587 0.25112 -0.26663 0.64503 0.0051256 0.080193 0.0077647 0.99674
16.692 0.25377 -0.28319 0.67029 0.00088486 0.087861 0.014302 0.99603
16.797 0.25894 -0.29672 0.69231 -0.00067027 0.10281 0.036122 0.99405
16.899 0.25954 -0.30587 0.71211 -0.0027097 0.1091 0.036309 0.99336
17.005 0.25589 -0.31777 0.7343 -0.0052681 0.11291 0.019623 0.9934
17.107 0.26259 -0.32628 0.7558 -0.0043653 0.12167 0.032413 0.99203
17.211 0.26625 -0.33915 0.78392 -0.0052045 0.12349 0.029307 0.9919
17.314 0.27202 -0.35056 0.81315 -0.0054177 0.12278 0.024317 0.99212
17.415 0.28113 -0.36287 0.84536 -0.0030102 0.12218 0.033049 0.99195
17.623 0.28784 -0.39452 0.9177 -2.9584e-05 0.090587 -0.0052152 0.99587
17.731 0.29444 -0.41186 0.95522 0.0019215 0.067835 -0.0081486 0.99766
17.836 0.30344 -0.42856 0.99041 0.0090604 0.047896 0.00045592 0.99881
17.937 0.3071 -0.44273 1.0202 0.011315 0.034694 0.0026817 0.99933
18.04 0.3106 -0.45441 1.046 0.012751 0.031202 0.0039515 0.99942
18.147 0.31509 -0.46536 1.0722 0.013443 0.033272 0.007471 0.99933
18.252 0.31796 -0.4742 1.0977 0.013505 0.038195 0.001735 0.99918
18.351 0.31802 -0.48535 1.1221 0.01294 0.047697 -0.00061972 0.99878
18.459 0.3221 -0.49753 1.1499 0.010382 0.061222 0.0085766 0.99803
18.564 0.32425 -0.51333 1.1763 0.0072226 0.075013 0.017887 0.997
18.668 0.32929 -0.53201 1.2022 0.0012257 0.092097 0.029427 0.99531
18.771 0.33452 -0.54803 1.2242 -0.0032881 0.10693 0.039986 0.99346
18.877 0.33953 -0.55832 1.2485 -0.004647 0.12024 0.054122 0.99126
18.976 0.33232 -0.56851 1.2706 -0.0054578 0.12092 0.035978 0.99199
19.083 0.32893 -0.57657 1.298 -0.0041052 0.12866 0.031727 0.99117
19.188 0.32738 -0.58489 1.3245 -0.0020254 0.13205 0.028042 0.99084
19.288 0.32471 -0.59642 1.3531 -0.0021762 0.12631 0.0058218 0.99197
19.394 0.33189 -0.60906 1.3882 0.00099585 0.12398 0.011891 0.99221
19.497 0.34072 -0.62244 1.4257 0.0044491 0.11662 0.017242 0.99302
19.601 0.34799 -0.64171 1.4679 0.007216 0.09994 0.0099926 0.99492
19.707 0.35774 -0.66288 1.5087 0.010533 0.079192 0.013196 0.99672
19.81 0.36575 -0.67873 1.5467 0.014712 0.057402 0.0087168 0.9982
19.91 0.36779 -0.6935 1.5818 0.017801 0.040796 -0.0028092 0.999
20.017 0.37295 -0.70728 1.6125 0.019904 0.038511 -0.0033755 0.99905
20.119 0.38017 -0.7179 1.6372 0.018889 0.04457 0.012828 0.99875
20.227 0.38358 -0.72646 1.661 0.019519 0.044547 0.0037271 0.99881
20.33 0.39054 -0.73593 1.6817 0.018484 0.049639 0.01037 0.99854
20.43 0.40057 -0.74488 1.7056 0.020418 0.060011 0.024143 0.9977
20.538 0.40297 -0.76262 1.7345 0.015575 0.071406 0.018816 0.99715
20.643 0.4092 -0.78315 1.7659 0.0072951 0.090604 0.027596 0.99548
20.744 0.41063 -0.80347 1.796 0.0028074 0.10595 0.038749 0.99361
20.852 0.4007 -0.82386 1.8295 0.00050578 0.10922 0.032136 0.9935
20.956 0.38806 -0.8396 1.8613 0.00087439 0.10345 0.024981 0.99432
21.06 0.37463 -0.85788 1.8911 0.0014197 0.095778 0.027777 0.99501
21.164 0.36014 -0.87294 1.9206 0.0039895 0.087872 0.032101 0.99561
21.267 0.33911 -0.88861 1.955 0.0068542 0.073714 0.022479 0.997
21.372 0.32168 -0.90231 1.987 0.010185 0.06002 0.016441 0.99801
21.476 0.30565 -0.91935 2.0256 0.014798 0.044144 0.015039 0.9988
21.579 0.29518 -0.93643 2.0656 0.019144 0.025846 0.017865 0.99932
21.684 0.28243 -0.96131 2.1107 0.020151 -0.00054489 0.0061738 0.99978
21.786 0.27192 -0.98379 2.1536 0.021775 -0.023639 -0.009549 0.99944
21.891 0.26392 -1.0089 2.2004 0.023838 -0.044062 -0.012325 0.99867
21.996 0.2599 -1.0248 2.2421 0.024125 -0.051532 -0.013021 0.9983
22.1 0.25211 -1.0462 2.2824 0.02712 -0.05559 -0.021729 0.99785
22.203 0.2527 -1.0621 2.3213 0.027589 -0.053296 -0.010973 0.99814
22.308 0.24623 -1.082 2.3623 0.030095 -0.055326 -0.014808 0.9979
22.412 0.23984 -1.0992 2.4015 0.031712 -0.055946 -0.023291 0.99766
22.515 0.23717 -1.1224 2.4406 0.029016 -0.049195 -0.017188 0.99822
22.62 0.22809 -1.1493 2.4824 0.025752 -0.04593 -0.034571 0.99801
22.718 0.223 -1.1667 2.5174 0.025566 -0.038551 -0.036906 0.99825
22.827 0.22051 -1.1876 2.5613 0.023559 -0.028711 -0.032599 0.99878
22.929 0.22032 -1.2039 2.5954 0.023729 -0.019405 -0.030045 0.99908
23.034 0.22439 -1.2257 2.6419 0.023623 -0.010304 -0.022197 0.99942
23.136 0.22974 -1.2402 2.6803 0.025683 -0.0088806 -0.021997 0.99939
23.243 0.23675 -1.2624 2.7333 0.027889 -0.013178 -0.032323 0.999
23.342 0.24827 -1.2798 2.7753 0.029291 -0.017295 -0.035721 0.99878
23.446 0.25938 -1.304 2.8176 0.028919 -0.024613 -0.04752 0.99815
23.554 0.27321 -1.3233 2.8622 0.030245 -0.029869 -0.059128 0.99734
23.658 0.28081 -1.3419 2.9059 0.031905 -0.032033 -0.083524 0.99548
23.761 0.29627 -1.3549 2.9388 0.031779 -0.022252 -0.06447 0.99717
23.867 0.31329 -1.373 2.9788 0.029873 -0.0093377 -0.031293 0.99902
23.971 0.31765 -1.3883 3.0144 0.029699 -0.0076671 -0.031234 0.99904
24.074 0.31658 -1.4072 3.054 0.030714 -0.0074969 -0.03333 0.99894
24.179 0.31278 -1.4233 3.0927 0.030148 -0.0033329 -0.03486 0.99893
24.28 0.30275 -1.4442 3.1298 0.028127 -0.001782 -0.044032 0.99863
24.381 0.29444 -1.466 3.1647 0.024873 -0.0010837 -0.046364 0.99861
24.489 0.2863 -1.4916 3.1995 0.020592 0.00016889 -0.032792 0.99925
24.596 0.27571 -1.5099 3.2332 0.020861 0.0003997 -0.023451 0.99951
24.696 0.25694 -1.5258 3.2632 0.022209 -0.0079576 -0.04056 0.9989
24.798 0.24033 -1.541 3.2951 0.023378 -0.013713 -0.044309 0.99865
24.905 0.22804 -1.5568 3.3325 0.026183 -0.019588 -0.030113 0.99901
25.009 0.21045 -1.5743 3.3727 0.031248 -0.036786 -0.038471 0.99809
25.116 0.19921 -1.5912 3.4164 0.036323 -0.056855 -0.041343 0.99686
25.219 0.18976 -1.6116 3.4594 0.038034 -0.073763 -0.04335 0.99561
25.323 0.17865 -1.6341 3.5008 0.0392 -0.09407 -0.06241 0.99283
25.426 0.16963 -1.6658 3.5507 0.039829 -0.11787 -0.064216 0.99015
25.53 0.16386 -1.6836 3.5917 0.040579 -0.13756 -0.064571 0.98755
25.635 0.15133 -1.7101 3.6361 0.04088 -0.15626 -0.080957 0.98354
25.737 0.15181 -1.7276 3.6729 0.039553 -0.15577 -0.065332 0.98484
25.837 0.14899 -1.7459 3.7134 0.040714 -0.15963 -0.065893 0.98413
25.947 0.14707 -1.763 3.7564 0.0442 -0.16216 -0.076218 0.98282
26.051 0.14641 -1.7857 3.8037 0.043831 -0.15778 -0.076304 0.98355
26.152 0.14836 -1.8103 3.8471 0.043009 -0.15081 -0.078226 0.98452
26.258 0.15353 -1.8405 3.8935 0.037203 -0.13753 -0.075052 0.98695
26.363 0.15644 -1.8635 3.9373 0.034609 -0.12414 -0.084988 0.98801
26.466 0.1646 -1.8852 3.9844 0.033183 -0.10246 -0.080322 0.99093
26.569 0.17482 -1.9075 4.0246 0.029326 -0.083947 -0.072654 0.99339
26.674 0.18599 -1.9275 4.0656 0.025548 -0.06917 -0.068117 0.99495
26.778 0.19525 -1.9476 4.1141 0.026386 -0.061716 -0.072399 0.99511
26.882 0.20153 -1.9625 4.1552 0.02862 -0.063454 -0.078166 0.99451
26.982 0.20624 -1.9788 4.1956 0.032856 -0.069311 -0.075005 0.99423
27.091 0.21192 -1.9998 4.2466 0.035262 -0.086495 -0.071136 0.99308
27.193 0.20973 -2.0244 4.2861 0.035934 -0.10972 -0.081309 0.98998
27.299 0.2064 -2.0444 4.326 0.038947 -0.13454 -0.091207 0.98593
27.4 0.19917 -2.0649 4.3678 0.041338 -0.15958 -0.095164 0.98172
27.506 0.18857 -2.0814 4.401 0.044479 -0.17889 -0.10426 0.97732
27.611 0.17152 -2.0989 4.4372 0.046106 -0.19832 -0.10985 0.97287
27.714 0.15271 -2.1134 4.4688 0.049396 -0.21544 -0.11627 0.96831
27.819 0.12724 -2.1321 4.5015 0.049352 -0.23111 -0.12206 0.96398
27.923 0.10266 -2.1489 4.5338 0.05103 -0.24386 -0.12101 0.96088
28.027 0.069926 -2.1705 4.5649 0.052241 -0.26083 -0.13391 0.95462
28.13 0.036934 -2.191 4.5891 0.055689 -0.2825 -0.15635 0.9448
28.234 0.0034093 -2.2107 4.6181 0.056773 -0.30678 -0.16921 0.9349
28.338 -0.02565 -2.2256 4.6453 0.057369 -0.3242 -0.17237 0.92838
28.437 -0.053122 -2.24 4.6682 0.059877 -0.3389 -0.18272 0.92096
28.545 -0.078168 -2.2545 4.6963 0.061642 -0.35307 -0.18278 0.9155
28.648 -0.099317 -2.2666 4.7246 0.062359 -0.3729 -0.18474 0.90715
28.754 -0.12242 -2.282 4.7575 0.063015 -0.40149 -0.19074 0.89356
28.855 -0.14125 -2.2971 4.7907 0.062792 -0.43039 -0.19291 0.87955
28.957 -0.15945 -2.316 4.8197 0.061138 -0.45675 -0.20194 0.86421
29.066 -0.17832 -2.3365 4.8517 0.0612 -0.48431 -0.21525 0.84579
29.171 -0.19383 -2.3523 4.8786 0.063231 -0.50948 -0.22621 0.8278
29.272 -0.20508 -2.3643 4.9073 0.064299 -0.52773 -0.23647 0.8133
29.373 -0.2161 -2.3798 4.9363 0.071183 -0.53212 -0.24172 0.8083
29.482 -0.22516 -2.3962 4.9755 0.065737 -0.52544 -0.2346 0.8152
29.586 -0.2356 -2.4135 5.0123 0.071485 -0.5186 -0.23568 0.81878
29.69 -0.24609 -2.4294 5.0464 0.075114 -0.51174 -0.23988 0.82154
29.79 -0.25856 -2.4492 5.0807 0.077549 -0.50385 -0.23974 0.82623
29.893 -0.27401 -2.4696 5.1189 0.079413 -0.49287 -0.24408 0.83138
30.002 -0.29203 -2.4952 5.1575 0.078119 -0.47919 -0.24487 0.83924
30.107 -0.3095 -2.5205 5.1945 0.073108 -0.4643 -0.23919 0.84963
30.208 -0.33125 -2.544 5.2337 0.069336 -0.45075 -0.23415 0.8586
30.314 -0.3547 -2.561 5.2652 0.075461 -0.44248 -0.2413 0.8604
30.413 -0.37653 -2.5773 5.2906 0.076303 -0.43689 -0.25006 0.86068
30.519 -0.40144 -2.594 5.3186 0.076517 -0.43725 -0.24642 0.86153
30.626 -0.42999 -2.6041 5.3402 0.081015 -0.44474 -0.25713 0.85413
30.73 -0.46001 -2.6125 5.3564 0.08544 -0.45763 -0.26398 0.84474
30.832 -0.48786 -2.6177 5.3719 0.091852 -0.4797 -0.26637 0.83096
30.938 -0.52119 -2.6241 5.3825 0.095672 -0.51214 -0.28331 0.80517
31.042 -0.55111 -2.6338 5.3924 0.094459 -0.5469 -0.28858 0.78019
31.143 -0.58024 -2.6423 5.4008 0.089208 -0.58071 -0.29501 0.75352
31.248 -0.60625 -2.6479 5.4129 0.082889 -0.60851 -0.29285 0.73286
31.351 -0.63586 -2.651 5.4211 0.086044 -0.63371 -0.3004 0.70765
31.457 -0.66096 -2.6533 5.4242 0.089582 -0.64618 -0.31064 0.69133
31.556 -0.69021 -2.6585 5.432 0.083134 -0.65261 -0.30325 0.68936
31.767 -0.75325 -2.6704 5.4407 0.079303 -0.65545 -0.30236 0.68751
31.977 -0.81691 -2.6903 5.4487 0.080649 -0.65372 -0.31519 0.68323
32.079 -0.8484 -2.6986 5.4554 0.084065 -0.65045 -0.31636 0.68539
32.186 -0.88677 -2.7044 5.4633 0.085419 -0.64162 -0.32036 0.69166
32.29 -0.91981 -2.7099 5.4698 0.091795 -0.6349 -0.32173 0.69639
32.392 -0.95399 -2.7178 5.476 0.094676 -0.62779 -0.32361 0.70156
32.497 -0.98962 -2.7221 5.4825 0.10038 -0.62625 -0.32279 0.70252
32.602 -1.0239 -2.7266 5.4865 0.10333 -0.62936 -0.31946 0.70084
32.706 -1.0545 -2.7316 5.4919 0.098419 -0.63103 -0.31153 0.7036
32.913 -1.1205 -2.7354 5.4979 0.10039 -0.6478 -0.30582 0.69047
33.016 -1.1584 -2.7383 5.4976 0.10548 -0.66532 -0.31269 0.66966
33.122 -1.1872 -2.7424 5.4974 0.10323 -0.6787 -0.32141 0.65223
33.226 -1.2206 -2.7456 5.4958 0.1076 -0.70035 -0.33435 0.62141
33.328 -1.2453 -2.7494 5.4988 0.10433 -0.71521 -0.33554 0.60415
33.434 -1.277 -2.7515 5.5036 0.099017 -0.72576 -0.3346 0.59288
33.535 -1.3006 -2.7497 5.5011 0.10939 -0.73049 -0.3408 0.58161
33.641 -1.3325 -2.7492 5.5024 0.10492 -0.73014 -0.34364 0.5812
33.845 -1.3955 -2.7528 5.4993 0.10635 -0.73405 -0.34139 0.57733
33.951 -1.437 -2.7559 5.4988 0.10501 -0.72956 -0.33775 0.58536
34.056 -1.4722 -2.7605 5.4979 0.10327 -0.71906 -0.33476 0.60018
34.161 -1.5198 -2.7701 5.4946 0.10157 -0.69833 -0.33236 0.62575
34.262 -1.5589 -2.7764 5.4945 0.10031 -0.68179 -0.32677 0.64678
34.364 -1.5998 -2.7801 5.4913 0.10977 -0.66688 -0.3335 0.65727
34.469 -1.64 -2.7898 5.4936 0.10797 -0.65235 -0.33081 0.67332
34.572 -1.6747 -2.7979 5.4996 0.10232 -0.64206 -0.32591 0.68635
34.68 -1.7098 -2.8005 5.5033 0.11214 -0.63985 -0.33351 0.68322
34.783 -1.7426 -2.8013 5.5066 0.12254 -0.64383 -0.34189 0.67348
34.884 -1.7774 -2.8043 5.5163 0.11744 -0.64683 -0.33244 0.67624
34.993 -1.8181 -2.8109 5.5237 0.11078 -0.65299 -0.32463 0.67524
35.096 -1.854 -2.8148 5.5208 0.12111 -0.6665 -0.34052 0.65204
35.199 -1.8895 -2.819 5.5208 0.12437 -0.68006 -0.35091 0.6316
35.305 -1.9293 -2.8228 5.5244 0.1176 -0.69535 -0.34478 0.6195
35.408 -1.9661 -2.8244 5.5241 0.11601 -0.70428 -0.3449 0.60957
35.512 -1.9915 -2.8283 5.526 0.10588 -0.70512 -0.33409 0.61642
35.616 -2.0185 -2.8275 5.528 0.10097 -0.70318 -0.32592 0.6238
35.72 -2.0364 -2.8247 5.5244 0.11224 -0.70253 -0.33279 0.61895
35.82 -2.0585 -2.8266 5.5233 0.11377 -0.69958 -0.33422 0.62124
35.929 -2.0885 -2.8326 5.5248 0.10905 -0.69133 -0.33003 0.63345
36.032 -2.118 -2.8405 5.5235 0.11015 -0.68017 -0.33154 0.64445
36.24 -2.1867 -2.8578 5.5269 0.10485 -0.64799 -0.32608 0.68028
36.341 -2.2216 -2.8616 5.5279 0.10939 -0.6379 -0.32888 0.68772
36.448 -2.2489 -2.8648 5.5278 0.11472 -0.63312 -0.33344 0.68907
36.552 -2.2801 -2.8682 5.525 0.11764 -0.63011 -0.33867 0.68879
36.758 -2.3427 -2.8653 5.5141 0.12169 -0.64003 -0.34355 0.6764
36.865 -2.3733 -2.8618 5.5089 0.12215 -0.64694 -0.34206 0.67048
36.968 -2.418 -2.859 5.5037 0.11828 -0.65761 -0.33592 0.66387
37.072 -2.4547 -2.8595 5.4973 0.11878 -0.67101 -0.34082 0.64767
37.178 -2.4982 -2.8617 5.4848 0.12633 -0.69243 -0.35747 0.61384
37.281 -2.5364 -2.8626 5.4753 0.1312 -0.71216 -0.3688 0.58275
37.384 -2.5729 -2.8614 5.4682 0.13372 -0.72924 -0.375 0.55651
37.489 -2.6052 -2.8624 5.4651 0.12639 -0.73905 -0.36871 0.54944
37.593 -2.6373 -2.8612 5.4593 0.12314 -0.74291 -0.36783 0.54554
37.695 -2.6674 -2.8584 5.4525 0.12296 -0.74522 -0.36578 0.54382
37.799 -2.6979 -2.8576 5.4443 0.11859 -0.74507 -0.36227 0.54733
37.899 -2.7318 -2.8577 5.4346 0.11373 -0.74639 -0.3583 0.54917
38.008 -2.7644 -2.8584 5.424 0.11554 -0.74684 -0.36162 0.546
38.108 -2.7943 -2.8616 5.4153 0.11647 -0.7427 -0.3656 0.54879
38.213 -2.8249 -2.8641 5.407 0.11707 -0.73573 -0.36763 0.55663
38.319 -2.8597 -2.8632 5.3976 0.12003 -0.72884 -0.36929 0.56392
38.425 -2.8918 -2.8624 5.3893 0.12363 -0.72321 -0.37176 0.56876
38.523 -2.917 -2.8633 5.3839 0.12433 -0.71905 -0.37121 0.57421
38.636 -2.9487 -2.8608 5.3806 0.12685 -0.7167 -0.36896 0.57803
38.735 -2.9737 -2.8572 5.3782 0.13539 -0.71847 -0.37513 0.56986
38.84 -3.0036 -2.859 5.3793 0.1321 -0.72079 -0.37113 0.57033
38.944 -3.0437 -2.8615 5.3836 0.12511 -0.72628 -0.36237 0.57057
39.049 -3.083 -2.8652 5.3852 0.12549 -0.73661 -0.36473 0.55554
39.153 -3.1233 -2.872 5.3838 0.12845 -0.75172 -0.37397 0.52779
39.255 -3.1583 -2.8764 5.3829 0.12966 -0.76678 -0.38204 0.49929
39.357 -3.1954 -2.8795 5.3821 0.12222 -0.78231 -0.38037 0.47788
39.465 -3.226 -2.8784 5.3774 0.12011 -0.79392 -0.38147 0.45797
39.567 -3.2572 -2.8761 5.3663 0.11813 -0.80321 -0.38268 0.44098
39.673 -3.2875 -2.872 5.3548 0.10828 -0.81076 -0.37882 0.43293
39.775 -3.3181 -2.8652 5.3343 0.10608 -0.81945 -0.38119 0.41466
39.876 -3.3488 -2.8583 5.3128 0.10457 -0.82832 -0.38092 0.3973
40.085 -3.4128 -2.8508 5.2624 0.10151 -0.84016 -0.39281 0.3599
40.294 -3.476 -2.8347 5.2173 0.10864 -0.84685 -0.39841 0.33512
40.399 -3.5007 -2.8255 5.1937 0.12075 -0.84959 -0.40513 0.3154
40.504 -3.5216 -2.8205 5.1762 0.11974 -0.85365 -0.40465 0.30529
40.815 -3.5926 -2.795 5.1217 0.11552 -0.87406 -0.40716 0.23854
41.023 -3.645 -2.7802 5.0877 0.10698 -0.8888 -0.40712 0.18123
41.123 -3.6801 -2.7778 5.0668 0.085978 -0.89619 -0.40439 0.16098
41.23 -3.7055 -2.7711 5.0514 0.068786 -0.89976 -0.40587 0.14483
41.335 -3.7253 -2.7605 5.0318 0.077319 -0.90392 -0.40682 0.107
41.439 -3.735 -2.7511 5.0161 0.08515 -0.9053 -0.40849 0.079516
41.542 -3.7544 -2.7398 4.9906 0.073505 -0.90857 -0.40592 0.065834
41.648 -3.767 -2.7285 4.9673 0.065351 -0.91012 -0.40515 0.057105
41.751 -3.7818 -2.7157 4.9313 0.062985 -0.90949 -0.40812 0.048032
41.854 -3.7921 -2.7026 4.899 0.071544 -0.90924 -0.4085 0.036077
41.959 -3.8054 -2.6881 4.8525 0.085697 -0.90525 -0.41511 0.029416
42.063 -3.8194 -2.6745 4.8143 0.088754 -0.90408 -0.41669 0.033775
42.167 -3.8385 -2.6559 4.7672 0.089333 -0.90341 -0.41705 0.043978
42.27 -3.8521 -2.6419 4.7333 0.091962 -0.90161 -0.41922 0.05391
42.376 -3.8695 -2.6283 4.694 0.090832 -0.90054 -0.41945 0.069495
42.478 -3.8837 -2.6163 4.6669 0.090087 -0.90023 -0.419 0.076879
42.581 -3.899 -2.6006 4.6363 0.096125 -0.89945 -0.41914 0.077889
42.686 -3.9118 -2.5888 4.6118 0.10182 -0.8987 -0.41913 0.079438
42.895 -3.9513 -2.5575 4.548 0.099515 -0.89995 -0.41618 0.083532
42.999 -3.9772 -2.5367 4.5072 0.10067 -0.90113 -0.41474 0.076255
43.208 -4.0308 -2.5051 4.4307 0.091966 -0.9018 -0.4149 0.078463
43.414 -4.0771 -2.47 4.3582 0.097831 -0.90232 -0.41327 0.073838
43.621 -4.1078 -2.4416 4.294 0.087052 -0.90386 -0.41115 0.080072
43.725 -4.1118 -2.4229 4.2561 0.088696 -0.90504 -0.4103 0.068503
43.832 -4.1138 -2.4057 4.2249 0.08477 -0.90505 -0.41151 0.065959
43.932 -4.1134 -2.3886 4.1832 0.079846 -0.90491 -0.41279 0.066114
44.04 -4.1058 -2.3772 4.1512 0.084567 -0.90401 -0.41565 0.053289
44.144 -4.0951 -2.3611 4.1134 0.08339 -0.90413 -0.4173 0.038199
44.247 -4.0864 -2.3474 4.0886 0.077292 -0.90545 -0.4159 0.034856
44.453 -4.0533 -2.3183 4.0434 0.08292 -0.90618 -0.41451 0.01195
44.559 -4.0337 -2.3027 4.0203 -0.081587 0.90655 0.41403 0.0089835
44.664 -4.0169 -2.2928 4.0018 -0.084056 0.90614 0.41333 0.031633
44.764 -3.9952 -2.2788 3.9763 -0.084954 0.90461 0.41371 0.057483
44.871 -3.9825 -2.2693 3.9528 -0.081326 0.90399 0.41414 0.068364
44.975 -3.9683 -2.2524 3.9188 -0.085667 0.90175 0.41367 0.091568
45.079 -3.9646 -2.2402 3.8861 -0.086254 0.9001 0.41356 0.10649
45.183 -3.9712 -2.2192 3.8409 -0.075265 0.89958 0.41606 0.10953
45.287 -3.9801 -2.2052 3.8052 -0.075613 0.89908 0.41659 0.11128
45.391 -3.996 -2.1899 3.7616 -0.079975 0.89699 0.41881 0.11664
45.598 -4.037 -2.1649 3.6853 -0.081093 0.89515 0.4227 0.11602
45.703 -4.063 -2.1497 3.6421 -0.086446 0.89487 0.42486 0.10601
45.807 -4.0829 -2.1357 3.6115 -0.093451 0.89549 0.42393 0.098231
45.91 -4.1135 -2.1189 3.5729 -0.087392 0.89847 0.42443 0.070555
46.117 -4.1535 -2.0914 3.5048 -0.099564 0.89876 0.42621 0.025594
46.222 -4.1646 -2.0832 3.4727 -0.11059 0.89569 0.43054 0.011616
46.431 -4.1754 -2.062 3.3953 0.11216 -0.89048 -0.44031 0.024282
46.633 -4.1504 -2.0308 3.3297 0.1297 -0.88648 -0.44381 0.019196
46.743 -4.1306 -2.0151 3.2964 0.12406 -0.88668 -0.44525 0.01259
46.847 -4.109 -2.0012 3.2622 -0.11793 0.8866 0.44724 0.0036265
46.951 -4.0814 -1.9785 3.2235 -0.10814 0.88885 0.44468 0.022364
47.053 -4.0645 -1.9606 3.1927 -0.088386 0.8911 0.44422 0.02817
47.159 -4.0424 -1.9371 3.1567 -0.07803 0.89185 0.44238 0.053038
47.263 -4.0229 -1.9215 3.1206 -0.07414 0.88884 0.44433 0.083831
47.367 -4.0056 -1.9023 3.079 -0.060145 0.88611 0.44751 0.10459
47.471 -3.9914 -1.8849 3.0413 -0.045287 0.88412 0.44952 0.11924
47.574 -3.9743 -1.8645 3.0024 -0.033747 0.88062 0.45247 0.13657
47.679 -3.9545 -1.8511 2.9755 -0.042442 0.87736 0.45052 0.1596
47.783 -3.9359 -1.8327 2.9445 -0.044649 0.87529 0.44887 0.1743
47.988 -3.9146 -1.7976 2.8905 -0.049602 0.87478 0.44373 0.18816
48.095 -3.9034 -1.777 2.8551 -0.066917 0.87325 0.43886 0.2009
48.199 -3.9013 -1.7646 2.82 -0.068727 0.87476 0.44015 0.19064
48.3 -3.8983 -1.7471 2.7731 -0.074037 0.87467 0.44486 0.17769
48.407 -3.9002 -1.7345 2.7348 -0.071662 0.87652 0.44816 0.16039
48.508 -3.9036 -1.7149 2.6924 -0.069995 0.87844 0.4519 0.13866
48.609 -3.9094 -1.7022 2.6633 -0.073479 0.88053 0.45118 0.12532
48.718 -3.9154 -1.6836 2.6318 -0.086327 0.88177 0.44908 0.11557
48.823 -3.9247 -1.6677 2.5991 -0.091874 0.88394 0.44635 0.10479
48.927 -3.9397 -1.6457 2.5599 -0.090047 0.88589 0.44639 0.088447
49.025 -3.9541 -1.6288 2.526 -0.081633 0.88822 0.44556 0.076638
49.132 -3.969 -1.6041 2.4794 -0.077596 0.88917 0.44472 0.074691
49.235 -3.979 -1.5871 2.4381 -0.081468 0.8886 0.4438 0.082452
49.342 -3.9958 -1.5659 2.382 -0.074267 0.88792 0.44746 0.07654
49.444 -4.0089 -1.5483 2.3399 -0.070477 0.8867 0.45114 0.072567
49.653 -4.0227 -1.5105 2.2656 -0.099068 0.88515 0.44366 0.099248
49.863 -4.0374 -1.4784 2.203 -0.093989 0.88745 0.44269 0.087354
49.966 -4.0388 -1.4631 2.1739 -0.10115 0.88721 0.44081 0.091187
50.068 -4.037 -1.4451 2.1461 -0.10548 0.88702 0.43913 0.096135
50.174 -4.0334 -1.4292 2.1127 -0.11015 0.88669 0.43826 0.097844
50.276 -4.0244 -1.4098 2.0729 -0.11924 0.88432 0.43972 0.10201
50.38 -4.0147 -1.3944 2.0313 -0.13088 0.88184 0.44073 0.10484
50.487 -4.0082 -1.3737 1.9853 -0.12937 0.88161 0.44435 0.092578
50.591 -4.0019 -1.3547 1.9409 -0.13013 0.88213 0.44504 0.082758
50.69 -3.9935 -1.3368 1.9097 -0.13816 0.88071 0.44506 0.084761
50.798 -3.9878 -1.3189 1.874 -0.14391 0.88114 0.44265 0.083332
50.902 -3.9854 -1.2982 1.8405 -0.1417 0.88178 0.44351 0.075443
51.004 -3.9805 -1.2806 1.8083 -0.14701 0.88204 0.44012 0.081736
51.11 -3.9715 -1.2563 1.7737 -0.15717 0.88018 0.4341 0.11018
51.212 -3.9703 -1.2361 1.7348 -0.14314 0.8826 0.43134 0.12028
51.316 -3.967 -1.2139 1.691 -0.13047 0.88243 0.43025 0.13847
51.422 -3.9567 -1.1959 1.6529 -0.13534 0.87745 0.42881 0.16699
51.523 -3.9519 -1.1772 1.6134 -0.12194 0.87787 0.4275 0.1781
51.628 -3.9449 -1.1584 1.5765 -0.11167 0.87577 0.42812 0.19305
51.734 -3.9271 -1.1435 1.548 -0.12182 0.87105 0.42119 0.22143
51.834 -3.9133 -1.1255 1.5207 -0.11396 0.86939 0.42161 0.23113
51.94 -3.8962 -1.1092 1.489 -0.10373 0.8692 0.42125 0.23722
52.041 -3.8765 -1.0919 1.4661 -0.10575 0.86533 0.42022 0.25186
52.15 -3.8511 -1.0726 1.4276 -0.10096 0.86292 0.41844 0.26473
52.252 -3.8296 -1.0575 1.3924 -0.094362 0.86064 0.4223 0.26843
52.458 -3.7753 -1.0245 1.3111 -0.094712 0.85482 0.42733 0.27876
52.565 -3.7551 -1.0086 1.2748 -0.081922 0.85578 0.43339 0.27039
52.77 -3.7072 -0.98136 1.2237 -0.094533 0.84691 0.42566 0.30434
52.878 -3.6896 -0.96215 1.1921 -0.08287 0.845 0.42957 0.30755
52.982 -3.6777 -0.94699 1.1652 -0.076565 0.84581 0.42824 0.30879
53.086 -3.6605 -0.92546 1.13 -0.084742 0.84158 0.42112 0.32744
53.189 -3.652 -0.90559 1.0962 -0.085081 0.83915 0.41887 0.33637
53.294 -3.6488 -0.87737 1.0459 -0.077283 0.83865 0.41707 0.34169
53.397 -3.6456 -0.85944 1.0063 -0.0839 0.83506 0.41432 0.35209
53.502 -3.6443 -0.83649 0.95095 -0.089261 0.83072 0.41138 0.36429
53.606 -3.6478 -0.81484 0.90635 -0.081378 0.8312 0.41526 0.36062
53.71 -3.6479 -0.79059 0.86034 -0.086502 0.83259 0.41202 0.35992
53.813 -3.6424 -0.76767 0.82335 -0.099273 0.83406 0.40562 0.3605
53.918 -3.635 -0.74429 0.78074 -0.10504 0.83722 0.40379 0.35353
54.02 -3.6218 -0.72186 0.7441 -0.1057 0.84018 0.40211 0.34819
54.125 -3.5963 -0.70123 0.70902 -0.11758 0.83788 0.3975 0.35513
54.23 -3.5633 -0.68358 0.67964 -0.12949 0.83384 0.39225 0.36617
54.334 -3.5214 -0.67365 0.646 -0.14012 0.82906 0.39348 0.37174
54.433 -3.4802 -0.662 0.6186 -0.14258 0.82481 0.39581 0.37774
54.541 -3.4331 -0.64858 0.59513 -0.14462 0.819 0.39459 0.39067
54.645 -3.3904 -0.6383 0.5818 -0.14697 0.81272 0.38967 0.40748
54.849 -3.3071 -0.61895 0.56667 -0.14854 0.79682 0.37651 0.44861
54.957 -3.2619 -0.60889 0.5607 -0.1449 0.78687 0.36507 0.47598
55.165 -3.1845 -0.58694 0.54042 -0.12915 0.76851 0.35218 0.51834
55.27 -3.1363 -0.57352 0.5253 -0.12305 0.74867 0.34093 0.55509
55.37 -3.098 -0.56437 0.51126 -0.11931 0.73361 0.33705 0.57791
55.473 -3.0527 -0.55332 0.49113 -0.10439 0.71532 0.3363 0.60359
55.578 -3.0193 -0.54098 0.47881 -0.096373 0.69978 0.33162 0.62534
55.684 -2.9839 -0.5298 0.46435 -0.085237 0.68697 0.33004 0.64178
55.785 -2.9507 -0.51952 0.45612 -0.083557 0.67734 0.32508 0.65464
55.891 -2.9139 -0.51134 0.4478 -0.080883 0.66647 0.31721 0.66982
55.996 -2.8783 -0.50051 0.43853 -0.075099 0.66168 0.31764 0.67501
56.102 -2.8328 -0.49012 0.4263 -0.073841 0.65684 0.3138 0.68164
56.203 -2.7918 -0.48054 0.41447 -0.077013 0.65349 0.30656 0.68778
56.307 -2.7365 -0.47162 0.3908 -0.08364 0.65366 0.30976 0.68541
56.414 -2.6925 -0.46211 0.36986 -0.086472 0.65671 0.31295 0.68067
56.62 -2.605 -0.43304 0.3271 -0.099067 0.66947 0.31035 0.6676
56.725 -2.562 -0.41596 0.30399 -0.10865 0.67226 0.30278 0.66678
56.83 -2.5276 -0.40016 0.28242 -0.11101 0.67728 0.30367 0.66087
56.932 -2.484 -0.37883 0.25099 -0.10763 0.68543 0.30814 0.65088
57.037 -2.4487 -0.36046 0.22513 -0.10483 0.68797 0.30938 0.64807
57.14 -2.4017 -0.33496 0.19021 -0.10295 0.68773 0.30492 0.65073
57.244 -2.3655 -0.31972 0.15889 -0.10233 0.68486 0.30614 0.65328
57.349 -2.3219 -0.29983 0.11744 -0.096625 0.68472 0.31289 0.65109
57.552 -2.2441 -0.26313 0.056518 -0.094433 0.68094 0.3129 0.65536
57.662 -2.2048 -0.24599 0.034901 -0.099244 0.68258 0.31344 0.65268
57.869 -2.1307 -0.22505 0.015769 -0.10325 0.67858 0.29833 0.66322
57.973 -2.0937 -0.21777 0.011368 -0.099717 0.67746 0.29802 0.66505
58.073 -2.0412 -0.21568 0.014683 -0.10581 0.66876 0.29341 0.67489
58.179 -1.9979 -0.21866 0.020273 -0.11113 0.65921 0.28972 0.68495
58.28 -1.9471 -0.22689 0.028936 -0.1149 0.64882 0.28476 0.69623
58.385 -1.8934 -0.22734 0.036649 -0.10654 0.64628 0.29246 0.69673
58.491 -1.8483 -0.22971 0.051497 -0.1054 0.63868 0.29228 0.70396
58.596 -1.8121 -0.23492 0.071232 -0.11702 0.62556 0.27412 0.721
58.696 -1.7764 -0.23865 0.087785 -0.11607 0.61393 0.26429 0.73469
58.803 -1.7379 -0.24246 0.10206 -0.11031 0.60482 0.26328 0.74344
58.909 -1.7 -0.24515 0.11477 -0.10041 0.59922 0.25763 0.75132
59.013 -1.6655 -0.24407 0.12396 -0.093279 0.58943 0.25724 0.76006
59.115 -1.6273 -0.24165 0.13371 -0.09032 0.57274 0.24473 0.77712
59.221 -1.5886 -0.23835 0.13733 -0.087935 0.558 0.23974 0.78957
59.325 -1.5424 -0.23059 0.13211 -0.076984 0.54841 0.24497 0.79581
59.427 -1.5012 -0.22068 0.12239 -0.068934 0.54392 0.25358 0.79693
59.533 -1.4593 -0.20843 0.11476 -0.06787 0.53577 0.2438 0.80555
59.637 -1.4219 -0.19742 0.10386 -0.066988 0.53389 0.24148 0.80756
59.74 -1.3836 -0.18624 0.090935 -0.065931 0.53881 0.24598 0.80301
59.845 -1.3406 -0.17426 0.075411 -0.064577 0.54538 0.25155 0.79694
59.948 -1.2988 -0.16149 0.061622 -0.063999 0.55264 0.25533 0.79076
60.051 -1.2511 -0.14877 0.048195 -0.067065 0.56031 0.25508 0.78517
60.156 -1.2055 -0.13902 0.032203 -0.071816 0.57239 0.2616 0.77381
60.261 -1.1583 -0.13444 0.013321 -0.080796 0.5878 0.27042 0.75818
60.364 -1.1154 -0.1242 -0.0030503 -0.082492 0.60204 0.28097 0.74283
60.469 -1.0756 -0.11132 -0.018987 -0.083217 0.61618 0.28965 0.72767
60.573 -1.0447 -0.10322 -0.028176 -0.096073 0.62134 0.2809 0.72512
60.676 -1.0095 -0.092507 -0.039986 -0.10549 0.62733 0.27564 0.72066
60.778 -0.97657 -0.082661 -0.052793 -0.1094 0.63447 0.27854 0.71267
60.879 -0.9433 -0.072177 -0.066583 -0.11363 0.6413 0.27951 0.70548
60.987 -0.90607 -0.058768 -0.082699 -0.11541 0.64667 0.28018 0.7
61.089 -0.86973 -0.047169 -0.094784 -0.121 0.64579 0.27366 0.70244
61.193 -0.82929 -0.03495 -0.10609 -0.12463 0.63917 0.26547 0.71095
61.299 -0.79129 -0.025687 -0.11694 -0.1224 0.63489 0.26386 0.71576
61.404 -0.74843 -0.01829 -0.12729 -0.11646 0.62829 0.26153 0.72339
61.506 -0.70554 -0.011721 -0.13476 -0.10513 0.62074 0.26568 0.7301
61.611 -0.65974 -0.0054561 -0.13617 -0.090947 0.61216 0.27412 0.7361
61.711 -0.61941 -0.0060009 -0.12312 -0.093203 0.59848 0.25874 0.75246
61.818 -0.57475 -0.007736 -0.10489 -0.090287 0.58337 0.24743 0.76831
61.921 -0.5312 -0.011168 -0.087951 -0.080796 0.57372 0.25082 0.7755
62.028 -0.4831 -0.021195 -0.059619 -0.080433 0.55727 0.24015 0.79076
62.131 -0.43731 -0.031825 -0.033699 -0.077661 0.54138 0.23538 0.80342
62.233 -0.39032 -0.047989 -0.0036712 -0.078965 0.52734 0.22976 0.81418
62.34 -0.35014 -0.060513 0.026814 -0.078897 0.51054 0.21972 0.82755
62.443 -0.31049 -0.067551 0.056323 -0.06895 0.49473 0.22059 0.83775
62.547 -0.27994 -0.078149 0.083633 -0.066137 0.47589 0.20995 0.85151
62.651 -0.24853 -0.088513 0.11553 -0.066242 0.44919 0.19013 0.87045
62.753 -0.21933 -0.09669 0.1427 -0.061493 0.42407 0.17716 0.886
62.859 -0.18508 -0.10398 0.17316 -0.053138 0.39289 0.16245 0.90356
62.965 -0.15846 -0.10877 0.19661 -0.045313 0.3636 0.14793 0.91862
63.067 -0.12919 -0.11623 0.22121 -0.040368 0.32332 0.12728 0.93682
63.169 -0.10546 -0.12827 0.24238 -0.036381 0.27988 0.10527 0.95355
63.276 -0.079019 -0.13748 0.26485 -0.028957 0.23334 0.088123 0.96796
63.376 -0.055939 -0.14335 0.28252 -0.021478 0.2014 0.090402 0.97509
63.483 -0.038747 -0.14988 0.30389 -0.015685 0.17574 0.084231 0.9807
63.586 -0.030583 -0.15711 0.32676 -0.013433 0.15332 0.063465 0.98605
63.688 -0.020784 -0.16476 0.34917 -0.0098669 0.13387 0.056 0.98937
63.795 -0.0092222 -0.17612 0.37248 -0.0068307 0.11403 0.060682 0.9916
63.898 -0.0015731 -0.18822 0.39767 -0.006875 0.093471 0.053223 0.99417
64.001 0.0056863 -0.20419 0.42872 -0.0070836 0.072804 0.039751 0.99653
64.103 0.01247 -0.22277 0.45712 -0.010237 0.058372 0.022458 0.99799
64.212 0.024208 -0.24186 0.48982 -0.010046 0.050146 0.013647 0.9986
64.312 0.036252 -0.25639 0.522 -0.0099197 0.044208 0.0065652 0.99895
64.419 0.046114 -0.27129 0.55469 -0.010063 0.036391 -0.0016464 0.99929
64.524 0.052299 -0.286 0.58319 -0.011223 0.027731 -0.013718 0.99946
64.627 0.058406 -0.29662 0.61325 -0.0076175 0.01259 -0.036438 0.99923
64.727 0.073035 -0.30834 0.64297 -0.0047517 0.0080799 -0.041781 0.99908
64.836 0.097787 -0.32004 0.67459 -0.0035531 0.0075209 -0.033802 0.99939
64.936 0.12162 -0.33161 0.70509 -0.0010252 0.0010569 -0.038239 0.99927
65.043 0.15501 -0.34213 0.73879 0.0013073 -0.0021407 -0.034105 0.99942
65.143 0.18624 -0.35291 0.76907 -0.00091729 -0.0030319 -0.039142 0.99923
65.252 0.21867 -0.36534 0.80179 0.0021437 -0.0071577 -0.052979 0.99857
65.355 0.25044 -0.37604 0.8342 0.0038628 -0.011819 -0.058584 0.99821
65.46 0.28271 -0.38621 0.86954 0.0065349 -0.011407 -0.058186 0.99822
65.564 0.30785 -0.39636 0.90085 0.0069786 -0.0046761 -0.054401 0.99848
65.667 0.32741 -0.40688 0.93599 0.0076974 0.0046531 -0.050685 0.99867
65.772 0.34023 -0.41669 0.96954 0.010268 0.0097837 -0.047333 0.99878
65.871 0.3469 -0.4305 1.0033 0.011234 0.016369 -0.042515 0.9989
65.975 0.34337 -0.45158 1.0433 0.0094729 0.018371 -0.049891 0.99854
66.083 0.33682 -0.47654 1.0806 0.0040345 0.02241 -0.045587 0.9987
66.188 0.32548 -0.49907 1.1134 0.00081046 0.023634 -0.04537 0.99869
66.291 0.31634 -0.51929 1.1476 0.0016937 0.027722 -0.026789 0.99926
66.396 0.31328 -0.53354 1.175 0.00094705 0.0364 0.006595 0.99932
66.499 0.29743 -0.54587 1.197 0.0012862 0.030114 -0.0031551 0.99954
66.597 0.27571 -0.5522 1.2176 0.0045423 0.012734 -0.035893 0.99926
66.707 0.2587 -0.55831 1.2328 0.0078531 -0.0010818 -0.05562 0.99842
66.806 0.25164 -0.5625 1.2416 0.0084643 -0.0017459 -0.051029 0.99866
66.915 0.23965 -0.5627 1.2437 0.0067692 -0.0046881 -0.064637 0.99787
67.019 0.23228 -0.5658 1.2483 0.0096325 -0.019575 -0.091301 0.99558
67.123 0.24809 -0.57298 1.2523 0.0064123 -0.0065773 -0.048888 0.99876
67.43 0.26978 -0.57723 1.2589 0.0022108 0.0080076 -0.027757 0.99958
67.539 0.27321 -0.57923 1.2608 0.0014719 0.0090345 -0.02541 0.99964
67.642 0.27255 -0.58127 1.2625 0.0006952 0.0070614 -0.031335 0.99948
67.85 0.26801 -0.58295 1.2629 -0.00074179 -0.00014539 -0.049269 0.99879
68.163 0.26632 -0.58247 1.262 -0.00094187 0.0011696 -0.0507 0.99871
