0 0 0 0 0 0 0 1
14.404 -0.14746 0.025862 0.1372 -0.013002 -0.043934 0.016454 0.99881
14.508 -0.1484 0.03525 0.16627 -0.017061 -0.037362 -0.0090294 0.99912
14.611 -0.14577 0.045679 0.19141 -0.016927 -0.041186 -0.0067698 0.99899
14.716 -0.14271 0.062107 0.22158 -0.014517 -0.062456 0.045922 0.99688
14.821 -0.13245 0.084334 0.24923 -0.01162 -0.059694 0.032943 0.99761
14.925 -0.12012 0.10714 0.27691 -0.0072814 -0.041822 -0.017245 0.99895
15.027 -0.11819 0.12463 0.30223 -0.0037172 -0.048767 0.005853 0.99879
15.132 -0.11981 0.13853 0.32649 -0.0019923 -0.051413 0.0069426 0.99865
15.234 -0.12049 0.15044 0.35017 0.0020138 -0.047476 -0.025496 0.99854
15.339 -0.12765 0.15603 0.37184 0.0022108 -0.050435 -0.029507 0.99829
15.445 -0.13817 0.16305 0.39656 -0.00092584 -0.0444 -0.040601 0.99819
15.549 -0.15207 0.17087 0.42654 -0.0046567 -0.034399 -0.052854 0.998
15.651 -0.16692 0.1797 0.45471 -0.0073725 -0.033337 -0.051114 0.99811
15.757 -0.1809 0.18961 0.47871 -0.0081258 -0.031629 -0.040426 0.99865
15.861 -0.19428 0.19627 0.50047 -0.010486 -0.024031 -0.044614 0.99866
15.964 -0.20572 0.20225 0.51843 -0.012676 -0.020964 -0.043613 0.99875
16.069 -0.21956 0.20813 0.53611 -0.010884 -0.028549 -0.021669 0.9993
16.173 -0.2282 0.21657 0.555 -0.015095 -0.034345 -0.014682 0.99919
16.275 -0.23696 0.22586 0.57564 -0.012927 -0.046649 -0.0065224 0.99881
16.381 -0.24306 0.23825 0.59656 -0.010297 -0.059131 0.0019789 0.9982
16.485 -0.24809 0.2504 0.62184 -0.0073148 -0.070548 0.0053995 0.99747
16.587 -0.25156 0.26666 0.64549 -0.0051459 -0.080193 0.0077513 0.99674
16.692 -0.2531 0.28324 0.67013 -0.0009223 -0.087861 0.0143 0.99603
16.797 -0.25459 0.297 0.69233 0.00057563 -0.10281 0.036124 0.99405
16.899 -0.25517 0.30616 0.71183 0.0026145 -0.1091 0.036316 0.99336
17.005 -0.25438 0.31787 0.7333 0.0052167 -0.11291 0.019637 0.9934
17.107 -0.25897 0.32652 0.75525 0.0042804 -0.12167 0.032424 0.99203
17.211 -0.26322 0.33934 0.78316 0.0051278 -0.12349 0.029321 0.9919
17.314 -0.26991 0.3507 0.81223 0.005354 -0.12278 0.024331 0.99212
17.415 -0.27767 0.36311 0.845 0.0029236 -0.12218 0.033057 0.99195
17.623 -0.29115 0.39451 0.917 4.3322e-05 -0.090587 -0.0052151 0.99587
17.731 -0.29837 0.41186 0.95478 -0.0019001 -0.067835 -0.0081536 0.99766
17.836 -0.30604 0.42857 0.99125 -0.0090615 -0.047896 0.00043216 0.99881
17.937 -0.30939 0.44275 1.0214 -0.011322 -0.034694 0.0026521 0.99933
18.04 -0.31274 0.45445 1.0474 -0.012761 -0.031202 0.003918 0.99942
18.147 -0.31671 0.46541 1.0738 -0.013462 -0.033272 0.0074358 0.99933
18.252 -0.32064 0.47424 1.0993 -0.013509 -0.038195 0.0016995 0.99918
18.351 -0.32119 0.48537 1.1235 -0.012939 -0.047697 -0.00065365 0.99878
18.459 -0.32376 0.49757 1.151 -0.010405 -0.061222 0.0085494 0.99803
18.564 -0.32437 0.51342 1.1771 -0.0072695 -0.075013 0.017868 0.997
18.668 -0.32744 0.53221 1.2022 -0.0013028 -0.092097 0.029424 0.99531
18.771 -0.33086 0.54837 1.2237 0.0031833 -0.10693 0.039994 0.99346
18.877 -0.33351 0.55891 1.2481 0.0045052 -0.12024 0.054134 0.99126
18.976 -0.32942 0.56879 1.2697 0.0053635 -0.12092 0.035992 0.99199
19.083 -0.32686 0.5768 1.2974 0.0040221 -0.12866 0.031738 0.99117
19.188 -0.32606 0.58507 1.3241 0.001952 -0.13205 0.028048 0.99084
19.288 -0.32724 0.59644 1.3522 0.002161 -0.12631 0.0058275 0.99197
19.394 -0.33355 0.6091 1.388 -0.0010269 -0.12398 0.011889 0.99221
19.497 -0.34163 0.62253 1.4261 -0.0044942 -0.11662 0.01723 0.99302
19.601 -0.35028 0.64176 1.4686 -0.0072421 -0.09994 0.0099736 0.99492
19.707 -0.35959 0.66295 1.5099 -0.010568 -0.079192 0.013169 0.99672
19.81 -0.36846 0.6788 1.5484 -0.014735 -0.057402 0.0086782 0.9982
19.91 -0.37255 0.69356 1.5839 -0.017793 -0.040796 -0.0028558 0.999
20.017 -0.37791 0.70735 1.615 -0.019895 -0.038511 -0.0034277 0.99905
20.119 -0.38242 0.71801 1.6396 -0.018923 -0.04457 0.012779 0.99875
20.227 -0.38745 0.72654 1.6634 -0.019528 -0.044547 0.0036759 0.99881
20.33 -0.39334 0.73603 1.684 -0.018511 -0.049639 0.010321 0.99854
20.43 -0.40113 0.74509 1.7084 -0.020481 -0.060011 0.02409 0.9977
20.538 -0.40449 0.76276 1.7365 -0.015624 -0.071406 0.018775 0.99715
20.643 -0.40924 0.78333 1.7667 -0.0073673 -0.090604 0.027576 0.99548
20.744 -0.40879 0.80379 1.7963 -0.0029089 -0.10595 0.038742 0.99361
20.852 -0.40004 0.82409 1.8293 -0.00058997 -0.10922 0.032135 0.9935
20.956 -0.3887 0.83975 1.8611 -0.00093981 -0.10345 0.024979 0.99432
21.06 -0.37487 0.85806 1.891 -0.0014925 -0.095778 0.027773 0.99501
21.164 -0.35975 0.87317 1.921 -0.0040736 -0.087872 0.032091 0.99561
21.267 -0.34048 0.88874 1.9557 -0.0069131 -0.073714 0.022461 0.997
21.372 -0.32418 0.9024 1.9882 -0.010228 -0.06002 0.016414 0.99801
21.476 -0.3085 0.91945 2.0276 -0.014837 -0.044144 0.015 0.9988
21.579 -0.29762 0.93658 2.0683 -0.01919 -0.025846 0.017814 0.99932
21.684 -0.28691 0.9614 2.1135 -0.020167 0.00054487 0.0061209 0.99978
21.786 -0.27913 0.98387 2.1566 -0.02175 0.023639 -0.0096061 0.99944
21.891 -0.27164 1.009 2.2038 -0.023806 0.044062 -0.012388 0.99867
21.996 -0.26782 1.0249 2.2456 -0.024091 0.051532 -0.013085 0.9983
22.1 -0.26159 1.0464 2.2865 -0.027063 0.05559 -0.0218 0.99785
22.203 -0.26043 1.0622 2.3254 -0.02756 0.053296 -0.011045 0.99814
22.308 -0.2547 1.0822 2.3668 -0.030057 0.055326 -0.014886 0.9979
22.412 -0.24985 1.0995 2.4064 -0.031651 0.055946 -0.023375 0.99766
22.515 -0.2463 1.1225 2.445 -0.02897 0.049195 -0.017264 0.99822
22.62 -0.24035 1.1496 2.4864 -0.025662 0.04593 -0.034639 0.99801
22.718 -0.23579 1.167 2.5213 -0.025469 0.038551 -0.036973 0.99825
22.827 -0.23272 1.1878 2.5649 -0.023474 0.028711 -0.032661 0.99878
22.929 -0.23223 1.2041 2.599 -0.02365 0.019405 -0.030107 0.99908
23.034 -0.2351 1.2258 2.6454 -0.023564 0.010304 -0.022259 0.99942
23.136 -0.24052 1.2404 2.6841 -0.025626 0.0088806 -0.022064 0.99939
23.243 -0.24942 1.2626 2.7375 -0.027804 0.013178 -0.032396 0.999
23.342 -0.26161 1.2801 2.7798 -0.029198 0.017295 -0.035798 0.99878
23.446 -0.27482 1.3045 2.822 -0.028794 0.024613 -0.047596 0.99815
23.554 -0.29072 1.3239 2.8669 -0.030089 0.029869 -0.059207 0.99734
23.658 -0.30258 1.3432 2.911 -0.031686 0.032033 -0.083607 0.99548
23.761 -0.31494 1.3557 2.9437 -0.03161 0.022252 -0.064553 0.99717
23.867 -0.32644 1.3732 2.9831 -0.029791 0.0093377 -0.031372 0.99902
23.971 -0.3309 1.3886 3.0187 -0.029617 0.007667 -0.031312 0.99904
24.074 -0.33029 1.4075 3.0585 -0.030627 0.0074969 -0.033411 0.99894
24.179 -0.32688 1.4237 3.097 -0.030057 0.0033329 -0.034938 0.99893
24.28 -0.31853 1.4446 3.1338 -0.028012 0.001782 -0.044105 0.99863
24.381 -0.31071 1.4664 3.1682 -0.024752 0.0010836 -0.046429 0.99861
24.489 -0.30034 1.4918 3.2023 -0.020506 -0.0001689 -0.032846 0.99925
24.596 -0.28823 1.5101 3.2361 -0.020799 -0.00039971 -0.023506 0.99951
24.696 -0.27245 1.5261 3.2663 -0.022103 0.0079576 -0.040618 0.9989
24.798 -0.25654 1.5413 3.2986 -0.023261 0.013713 -0.04437 0.99865
24.905 -0.24188 1.557 3.3364 -0.026104 0.019588 -0.030181 0.99901
25.009 -0.22572 1.5746 3.3776 -0.031147 0.036785 -0.038553 0.99809
25.116 -0.21493 1.5916 3.4224 -0.036215 0.056855 -0.041438 0.99686
25.219 -0.2058 1.6121 3.4658 -0.03792 0.073763 -0.04345 0.99561
25.323 -0.1979 1.6349 3.5079 -0.039037 0.09407 -0.062512 0.99283
25.426 -0.18912 1.6667 3.5581 -0.03966 0.11787 -0.06432 0.99015
25.53 -0.18334 1.6845 3.5994 -0.040409 0.13756 -0.064677 0.98755
25.635 -0.17353 1.7114 3.6445 -0.040667 0.15626 -0.081064 0.98354
25.737 -0.17152 1.7285 3.6807 -0.039381 0.15577 -0.065435 0.98484
25.837 -0.16883 1.7468 3.7214 -0.040542 0.15963 -0.066 0.98413
25.947 -0.16865 1.7642 3.7654 -0.044 0.16216 -0.076334 0.98282
26.051 -0.16818 1.7869 3.8125 -0.043631 0.15778 -0.076419 0.98355
26.152 -0.17065 1.8116 3.8558 -0.042804 0.15081 -0.078339 0.98452
26.258 -0.17566 1.8416 3.9009 -0.037006 0.13753 -0.075149 0.98695
26.363 -0.18053 1.8648 3.9443 -0.034386 0.12414 -0.085078 0.98801
26.466 -0.18819 1.8863 3.9908 -0.032973 0.10246 -0.080409 0.99093
26.569 -0.1974 1.9084 4.03 -0.029135 0.083947 -0.072731 0.99339
26.674 -0.20803 1.9283 4.0701 -0.02537 0.06917 -0.068184 0.99495
26.778 -0.21817 1.9485 4.1187 -0.026196 0.061716 -0.072468 0.99511
26.882 -0.22551 1.9636 4.1602 -0.028415 0.063454 -0.07824 0.99451
26.982 -0.22971 1.9798 4.2014 -0.032659 0.069311 -0.075091 0.99423
27.091 -0.23472 2.0007 4.2529 -0.035076 0.086495 -0.071229 0.99308
27.193 -0.23419 2.0256 4.293 -0.035721 0.10972 -0.081403 0.98998
27.299 -0.23238 2.0459 4.3339 -0.038708 0.13454 -0.091309 0.98593
27.4 -0.22564 2.0666 4.3765 -0.041088 0.15958 -0.095272 0.98172
27.506 -0.21636 2.0834 4.4108 -0.044205 0.17889 -0.10438 0.97732
27.611 -0.20008 2.1012 4.4479 -0.045818 0.19832 -0.10997 0.97287
27.714 -0.18209 2.116 4.4805 -0.049091 0.21544 -0.1164 0.96831
27.819 -0.15747 2.1348 4.5138 -0.049032 0.23111 -0.12219 0.96398
27.923 -0.13256 2.1517 4.5467 -0.050712 0.24386 -0.12114 0.96088
28.027 -0.10171 2.1738 4.5789 -0.05189 0.26083 -0.13405 0.95462
28.13 -0.071878 2.1955 4.6052 -0.055279 0.2825 -0.1565 0.9448
28.234 -0.039975 2.2159 4.6357 -0.05633 0.30678 -0.16936 0.9349
28.338 -0.011118 2.231 4.6636 -0.056917 0.3242 -0.17252 0.92838
28.437 0.01514 2.2461 4.6879 -0.059397 0.3389 -0.18288 0.92096
28.545 0.040511 2.2606 4.7167 -0.061163 0.35307 -0.18294 0.9155
28.648 0.061772 2.2729 4.7458 -0.061875 0.3729 -0.1849 0.90715
28.754 0.084607 2.2887 4.78 -0.062515 0.40149 -0.19091 0.89356
28.855 0.10373 2.3039 4.8142 -0.062286 0.43039 -0.19307 0.87955
28.957 0.12113 2.3233 4.8443 -0.060608 0.45675 -0.2021 0.86421
29.066 0.13887 2.3448 4.8783 -0.060636 0.48431 -0.21541 0.84579
29.171 0.1538 2.3615 4.9072 -0.062638 0.50948 -0.22638 0.8278
29.272 0.16436 2.3743 4.9375 -0.063679 0.52773 -0.23663 0.8133
29.373 0.17544 2.3904 4.9681 -0.070549 0.53212 -0.24191 0.8083
29.482 0.18455 2.406 5.0058 -0.065122 0.52544 -0.23477 0.8152
29.586 0.19504 2.4236 5.0433 -0.070867 0.5186 -0.23587 0.81878
29.69 0.20498 2.4399 5.0781 -0.074485 0.51174 -0.24007 0.82154
29.79 0.21731 2.4598 5.1125 -0.07692 0.50385 -0.23994 0.82623
29.893 0.23185 2.4805 5.1509 -0.078773 0.49287 -0.24428 0.83138
30.002 0.24906 2.5061 5.189 -0.077477 0.47919 -0.24508 0.83924
30.107 0.26626 2.5309 5.2244 -0.072481 0.4643 -0.23938 0.84963
30.208 0.28784 2.5539 5.2623 -0.068722 0.45075 -0.23433 0.8586
30.314 0.31045 2.5716 5.295 -0.074828 0.44248 -0.24149 0.8604
30.413 0.33089 2.5887 5.321 -0.075647 0.43689 -0.25026 0.86068
30.519 0.35625 2.6051 5.3488 -0.075871 0.43725 -0.24662 0.86153
30.626 0.3839 2.6162 5.3723 -0.080341 0.44474 -0.25734 0.85413
30.73 0.41381 2.6253 5.3901 -0.084748 0.45763 -0.2642 0.84474
30.832 0.44272 2.6309 5.4076 -0.091153 0.4797 -0.26661 0.83096
30.938 0.47563 2.639 5.4214 -0.09493 0.51214 -0.28356 0.80517
31.042 0.50642 2.6492 5.4329 -0.093702 0.5469 -0.28882 0.78019
31.143 0.53597 2.6582 5.4426 -0.088435 0.58071 -0.29524 0.75352
31.248 0.56298 2.6634 5.4549 -0.082121 0.60851 -0.29307 0.73286
31.351 0.59357 2.6674 5.4653 -0.085256 0.63371 -0.30063 0.70765
31.457 0.61882 2.6708 5.4704 -0.088767 0.64618 -0.31087 0.69133
31.556 0.64841 2.6751 5.4769 -0.08234 0.65261 -0.30347 0.68936
31.767 0.71123 2.6868 5.4854 -0.078511 0.65545 -0.30257 0.68751
31.977 0.7737 2.7081 5.495 -0.079822 0.65372 -0.3154 0.68323
32.079 0.80526 2.7166 5.5022 -0.083236 0.65045 -0.31658 0.68539
32.186 0.84282 2.7228 5.5104 -0.084579 0.64162 -0.32058 0.69166
32.29 0.87603 2.7287 5.5176 -0.090952 0.6349 -0.32197 0.69639
32.392 0.90989 2.7369 5.5242 -0.093828 0.62779 -0.32385 0.70156
32.497 0.94614 2.7413 5.5313 -0.099536 0.62625 -0.32305 0.70252
32.602 0.98126 2.7456 5.5354 -0.10249 0.62936 -0.31973 0.70084
32.706 1.0122 2.7496 5.5397 -0.097602 0.63103 -0.31179 0.7036
32.913 1.08 2.7528 5.5461 -0.099593 0.6478 -0.30608 0.69047
33.016 1.1191 2.7566 5.5478 -0.10466 0.66532 -0.31297 0.66966
33.122 1.1478 2.7615 5.5489 -0.10238 0.6787 -0.32168 0.65223
33.226 1.1824 2.7664 5.55 -0.10672 0.70035 -0.33463 0.62141
33.328 1.2077 2.7702 5.5535 -0.10345 0.71521 -0.33581 0.60415
33.434 1.2396 2.772 5.5581 -0.09814 0.72576 -0.33486 0.59288
33.535 1.2647 2.7712 5.5576 -0.10849 0.73049 -0.34109 0.58161
33.641 1.2957 2.7709 5.5588 -0.10402 0.73014 -0.34391 0.5812
33.845 1.3594 2.7743 5.5559 -0.10546 0.73405 -0.34167 0.57733
33.951 1.4006 2.777 5.5549 -0.10413 0.72956 -0.33802 0.58536
34.056 1.4349 2.7812 5.5531 -0.10239 0.71906 -0.33503 0.60018
34.161 1.4807 2.7904 5.5487 -0.1007 0.69833 -0.33262 0.62575
34.262 1.5188 2.7961 5.5474 -0.099451 0.68179 -0.32704 0.64678
34.364 1.5593 2.8008 5.5454 -0.10889 0.66688 -0.33379 0.65727
34.469 1.5984 2.8101 5.5468 -0.10711 0.65234 -0.33109 0.67332
34.572 1.6321 2.8175 5.5513 -0.10146 0.64206 -0.32618 0.68635
34.68 1.6676 2.8213 5.557 -0.11126 0.63985 -0.3338 0.68322
34.783 1.7011 2.8235 5.5625 -0.12165 0.64383 -0.34221 0.67348
34.884 1.7363 2.8252 5.5709 -0.11656 0.64683 -0.33275 0.67624
34.993 1.7774 2.8307 5.5771 -0.10993 0.65299 -0.32492 0.67524
35.096 1.8141 2.8368 5.5776 -0.12022 0.6665 -0.34084 0.65204
35.199 1.8504 2.8424 5.5796 -0.12345 0.68006 -0.35123 0.6316
35.305 1.891 2.8452 5.5825 -0.11669 0.69535 -0.34509 0.6195
35.408 1.9283 2.8468 5.5825 -0.1151 0.70428 -0.34521 0.60957
35.512 1.9533 2.849 5.5823 -0.105 0.70512 -0.33437 0.61642
35.616 1.9802 2.8471 5.5828 -0.10012 0.70318 -0.32618 0.6238
35.72 1.999 2.8455 5.5812 -0.11137 0.70253 -0.33308 0.61895
35.82 2.0209 2.8476 5.5804 -0.1129 0.69958 -0.33452 0.62124
35.929 2.05 2.853 5.5807 -0.10818 0.69133 -0.33032 0.63345
36.032 2.0786 2.861 5.5793 -0.10928 0.68017 -0.33183 0.64445
36.24 2.1448 2.8775 5.5805 -0.10399 0.64799 -0.32636 0.68028
36.341 2.1792 2.8818 5.582 -0.10852 0.6379 -0.32917 0.68772
36.448 2.2064 2.8857 5.5829 -0.11385 0.63312 -0.33374 0.68907
36.552 2.2373 2.8898 5.5809 -0.11675 0.63011 -0.33898 0.68879
36.758 2.3007 2.8877 5.5716 -0.12079 0.64003 -0.34387 0.6764
36.865 2.332 2.884 5.5665 -0.12125 0.64694 -0.34238 0.67048
36.968 2.3776 2.8803 5.5608 -0.1174 0.65761 -0.33623 0.66387
37.072 2.4149 2.8814 5.5556 -0.11789 0.67101 -0.34113 0.64767
37.178 2.46 2.886 5.5465 -0.12539 0.69243 -0.3578 0.61384
37.281 2.4999 2.8885 5.5396 -0.13023 0.71216 -0.36915 0.58275
37.384 2.5382 2.8882 5.5341 -0.13274 0.72924 -0.37535 0.55651
37.489 2.5708 2.8881 5.5301 -0.12543 0.73905 -0.36904 0.54944
37.593 2.6029 2.8867 5.5241 -0.12218 0.74291 -0.36815 0.54554
37.695 2.6334 2.8835 5.5173 -0.122 0.74522 -0.3661 0.54382
37.799 2.6635 2.8821 5.5084 -0.11764 0.74507 -0.36258 0.54733
37.899 2.6971 2.8816 5.4979 -0.11279 0.74639 -0.3586 0.54917
38.008 2.7298 2.8828 5.4879 -0.11459 0.74684 -0.36192 0.546
38.108 2.7592 2.8864 5.4797 -0.11551 0.7427 -0.3659 0.54879
38.213 2.7891 2.8893 5.4715 -0.11611 0.73573 -0.36794 0.55663
38.319 2.8235 2.8887 5.4624 -0.11906 0.72884 -0.3696 0.56392
38.425 2.8555 2.8883 5.4546 -0.12266 0.72321 -0.37208 0.56876
38.523 2.8804 2.8892 5.449 -0.12335 0.71905 -0.37153 0.57421
38.636 2.9124 2.8865 5.4457 -0.12588 0.7167 -0.36929 0.57803
38.735 2.9384 2.8841 5.445 -0.1344 0.71847 -0.37549 0.56986
38.84 2.9682 2.8852 5.4455 -0.13112 0.72079 -0.37148 0.57033
38.944 3.0084 2.8863 5.4485 -0.12416 0.72628 -0.36269 0.57057
39.049 3.0487 2.8903 5.4509 -0.12453 0.73661 -0.36506 0.55554
39.153 3.0906 2.8984 5.4513 -0.12747 0.75172 -0.3743 0.52779
39.255 3.1271 2.904 5.4521 -0.12865 0.76678 -0.38238 0.49929
39.357 3.1651 2.9065 5.4511 -0.12122 0.78231 -0.38069 0.47788
39.465 3.1968 2.9055 5.4469 -0.11911 0.79392 -0.38179 0.45797
39.567 3.229 2.9032 5.4361 -0.11712 0.80321 -0.38299 0.44098
39.673 3.2589 2.8983 5.4238 -0.10729 0.81076 -0.37911 0.43293
39.775 3.2904 2.8917 5.4038 -0.10508 0.81945 -0.38146 0.41466
39.876 3.3223 2.8848 5.3825 -0.10357 0.82832 -0.38119 0.3973
40.085 3.3878 2.8788 5.3339 -0.10048 0.84016 -0.39307 0.3599
40.294 3.4536 2.8637 5.2903 -0.1076 0.84685 -0.3987 0.33512
40.399 3.4812 2.8559 5.2682 -0.11969 0.84959 -0.40545 0.3154
40.504 3.5027 2.8508 5.2508 -0.11868 0.85365 -0.40496 0.30529
40.815 3.5782 2.8255 5.1968 -0.11446 0.87406 -0.40746 0.23854
41.023 3.6336 2.8104 5.1626 -0.10591 0.8888 -0.4074 0.18123
41.123 3.6672 2.807 5.141 -0.084918 0.89619 -0.40461 0.16098
41.23 3.6911 2.8001 5.1254 -0.067722 0.89976 -0.40604 0.14483
41.335 3.7149 2.7898 5.1061 -0.076253 0.90392 -0.40702 0.107
41.439 3.7277 2.7809 5.0906 -0.084079 0.9053 -0.40871 0.079516
41.542 3.7464 2.7689 5.0646 -0.072441 0.90857 -0.40611 0.065834
41.648 3.7585 2.7573 5.0412 -0.064289 0.91012 -0.40532 0.057105
41.751 3.7736 2.7449 5.0056 -0.061915 0.90949 -0.40828 0.048032
41.854 3.7862 2.7321 4.9733 -0.070473 0.90924 -0.40868 0.036077
41.959 3.8021 2.7188 4.9275 -0.084609 0.90525 -0.41534 0.029416
42.063 3.8164 2.7056 4.8896 -0.087661 0.90408 -0.41692 0.033775
42.167 3.835 2.6871 4.8428 -0.08824 0.90341 -0.41728 0.043978
42.27 3.8483 2.6734 4.8093 -0.090863 0.90161 -0.41946 0.05391
42.376 3.8645 2.6599 4.7701 -0.089733 0.90054 -0.41969 0.069495
42.478 3.8782 2.6477 4.7431 -0.088989 0.90023 -0.41924 0.076879
42.581 3.8944 2.6322 4.7127 -0.095027 0.89945 -0.41939 0.077889
42.686 3.908 2.6206 4.6882 -0.10072 0.8987 -0.41939 0.079438
42.895 3.9471 2.5888 4.6241 -0.098424 0.89995 -0.41644 0.083532
42.999 3.9738 2.5679 4.5831 -0.099582 0.90113 -0.415 0.076255
43.208 4.0261 2.536 4.5068 -0.090878 0.9018 -0.41514 0.078463
43.414 4.0739 2.5009 4.4342 -0.096747 0.90232 -0.41353 0.073838
43.621 4.1027 2.4719 4.3698 -0.085974 0.90386 -0.41138 0.080072
43.725 4.1078 2.4531 4.3318 -0.087621 0.90504 -0.41053 0.068503
43.832 4.1095 2.4359 4.3007 -0.083691 0.90505 -0.41173 0.065959
43.932 4.1084 2.4188 4.2591 -0.078764 0.90491 -0.413 0.066114
44.04 4.1025 2.408 4.2274 -0.083478 0.90401 -0.41587 0.053289
44.144 4.0928 2.3921 4.1896 -0.082296 0.90413 -0.41752 0.038199
44.247 4.0835 2.3781 4.1646 -0.076202 0.90545 -0.4161 0.034856
44.453 4.053 2.3489 4.1188 -0.081834 0.90618 -0.41472 0.01195
44.559 4.0348 2.3332 4.0954 0.080502 -0.90655 0.41424 0.0089835
44.664 4.02 2.3233 4.0764 0.082973 -0.90614 0.41355 0.031633
44.764 4.0004 2.3094 4.0504 0.083869 -0.90461 0.41393 0.057483
44.871 3.9879 2.2999 4.0269 0.08024 -0.90399 0.41435 0.068364
44.975 3.9761 2.2831 3.9922 0.084583 -0.90175 0.4139 0.091568
45.079 3.9736 2.2709 3.9592 0.08517 -0.9001 0.41379 0.10649
45.183 3.9788 2.25 3.9145 0.074174 -0.89958 0.41625 0.10953
45.287 3.988 2.236 3.8789 0.074521 -0.89908 0.41679 0.11128
45.391 4.0052 2.2212 3.8354 0.078877 -0.89699 0.41902 0.11664
45.598 4.0465 2.1968 3.7596 0.079985 -0.89515 0.42291 0.11602
45.703 4.0728 2.182 3.7168 0.085333 -0.89487 0.42508 0.10601
45.807 4.0933 2.168 3.6862 0.09234 -0.89549 0.42417 0.098231
45.91 4.1211 2.1511 3.6484 0.08628 -0.89847 0.42465 0.070555
46.117 4.1598 2.1242 3.5813 0.098447 -0.89876 0.42647 0.025594
46.222 4.1716 2.117 3.5498 0.10946 -0.89569 0.43083 0.011616
46.431 4.1801 2.0974 3.4742 -0.111 0.89048 -0.4406 0.024282
46.633 4.1583 2.0674 3.4088 -0.12854 0.88648 -0.44415 0.019196
46.743 4.1381 2.0517 3.3756 -0.12289 0.88668 -0.44557 0.01259
46.847 4.1169 2.0379 3.3413 0.11676 -0.8866 0.44755 0.0036265
46.951 4.0894 2.0144 3.3019 0.10697 -0.88885 0.44497 0.022364
47.053 4.07 1.9958 3.2712 0.087221 -0.8911 0.44445 0.02817
47.159 4.0483 1.9718 3.2346 0.07687 -0.89185 0.44258 0.053038
47.263 4.0307 1.9563 3.1982 0.072975 -0.88884 0.44453 0.083831
47.367 4.013 1.9374 3.1569 0.058972 -0.88611 0.44766 0.10459
47.471 3.9978 1.9201 3.1194 0.044109 -0.88412 0.44964 0.11924
47.574 3.9804 1.9 3.0808 0.032561 -0.88062 0.45255 0.13657
47.679 3.9637 1.8864 3.053 0.041261 -0.87736 0.45063 0.1596
47.783 3.9467 1.8678 3.0214 0.043473 -0.87529 0.44899 0.1743
47.988 3.9272 1.832 2.9662 0.048439 -0.87478 0.44385 0.18816
48.095 3.9194 1.811 2.9293 0.065767 -0.87325 0.43903 0.2009
48.199 3.917 1.7987 2.8946 0.067573 -0.87476 0.44033 0.19064
48.3 3.914 1.7821 2.8484 0.072871 -0.87467 0.44505 0.17769
48.407 3.9145 1.77 2.8109 0.070487 -0.87652 0.44835 0.16039
48.508 3.9162 1.7509 2.7696 0.068811 -0.87844 0.45208 0.13866
48.609 3.9215 1.7381 2.7406 0.072296 -0.88053 0.45137 0.12532
48.718 3.9288 1.7195 2.7087 0.085149 -0.88177 0.4493 0.11557
48.823 3.9382 1.7033 2.6759 0.090704 -0.88394 0.44659 0.10479
48.927 3.9517 1.6813 2.6371 0.088877 -0.88589 0.44663 0.088447
49.025 3.9641 1.664 2.6036 0.080465 -0.88822 0.44577 0.076638
49.132 3.9783 1.6391 2.557 0.076431 -0.88917 0.44492 0.074691
49.235 3.9896 1.6221 2.5154 0.080304 -0.8886 0.44401 0.082452
49.342 4.005 1.6012 2.4601 0.073094 -0.88792 0.44765 0.07654
49.444 4.0174 1.5842 2.4185 0.069294 -0.8867 0.45132 0.072567
49.653 4.0377 1.546 2.3423 0.097905 -0.88515 0.44392 0.099248
49.863 4.0509 1.5136 2.2799 0.092828 -0.88745 0.44293 0.087354
49.966 4.0538 1.4982 2.2505 0.099994 -0.88721 0.44107 0.091187
50.068 4.0529 1.4801 2.2222 0.10433 -0.88702 0.4394 0.096135
50.174 4.0503 1.4642 2.1885 0.109 -0.88669 0.43855 0.097844
50.276 4.0431 1.4454 2.1485 0.11809 -0.88432 0.44003 0.10201
50.38 4.0354 1.4306 2.1066 0.12972 -0.88184 0.44107 0.10484
50.487 4.028 1.4104 2.0614 0.1282 -0.88161 0.44469 0.092578
50.591 4.0212 1.3916 2.0173 0.12896 -0.88213 0.44538 0.082758
50.69 4.0142 1.374 1.9858 0.13699 -0.88071 0.44542 0.084761
50.798 4.0094 1.3561 1.9497 0.14275 -0.88114 0.44303 0.083332
50.902 4.0061 1.3354 1.9166 0.14054 -0.88178 0.44388 0.075443
51.004 4.0026 1.3175 1.8838 0.14585 -0.88204 0.44051 0.081736
51.11 3.9972 1.2928 1.8472 0.15604 -0.88018 0.43451 0.11018
51.212 3.9947 1.2715 1.8081 0.14201 -0.8826 0.43172 0.12028
51.316 3.9909 1.2486 1.764 0.12935 -0.88243 0.43059 0.13847
51.422 3.9835 1.2306 1.7245 0.13421 -0.87745 0.42916 0.16699
51.523 3.9775 1.2112 1.685 0.12082 -0.87787 0.42782 0.1781
51.628 3.9701 1.1921 1.6481 0.11055 -0.87577 0.42841 0.19305
51.734 3.9557 1.1766 1.6173 0.12071 -0.87105 0.42151 0.22143
51.834 3.9414 1.1583 1.59 0.11286 -0.86939 0.42191 0.23113
51.94 3.9233 1.1415 1.5584 0.10262 -0.8692 0.42152 0.23722
52.041 3.905 1.1242 1.5347 0.10465 -0.86533 0.42049 0.25186
52.15 3.8798 1.1045 1.4958 0.099863 -0.86292 0.41871 0.26473
52.252 3.8578 1.0898 1.4611 0.093255 -0.86064 0.42255 0.26843
52.458 3.8047 1.0575 1.3798 0.093592 -0.85482 0.42758 0.27876
52.565 3.7823 1.0422 1.3452 0.080786 -0.85578 0.4336 0.27039
52.77 3.7384 1.0141 1.2911 0.093417 -0.84691 0.42591 0.30434
52.878 3.7196 0.99517 1.2604 0.081744 -0.845 0.42979 0.30755
52.982 3.7069 0.97965 1.2337 0.075443 -0.84581 0.42844 0.30879
53.086 3.692 0.95731 1.1964 0.083638 -0.84158 0.42134 0.32744
53.189 3.6841 0.93712 1.1619 0.083983 -0.83915 0.41909 0.33637
53.294 3.6802 0.90844 1.1117 0.07619 -0.83865 0.41727 0.34169
53.397 3.6786 0.8903 1.0709 0.082814 -0.83506 0.41454 0.35209
53.502 3.6788 0.86709 1.0143 0.088183 -0.83072 0.41162 0.36429
53.606 3.6813 0.84577 0.97086 0.080289 -0.8312 0.41548 0.36062
53.71 3.682 0.8212 0.92418 0.085422 -0.83259 0.41224 0.35992
53.813 3.6781 0.79776 0.88557 0.098209 -0.83406 0.40588 0.3605
53.918 3.6711 0.77432 0.84266 0.10398 -0.83722 0.40406 0.35353
54.02 3.6576 0.75168 0.806 0.10464 -0.84018 0.40238 0.34819
54.125 3.6341 0.73086 0.7692 0.11654 -0.83788 0.3978 0.35513
54.23 3.6033 0.71299 0.73776 0.12846 -0.83384 0.39259 0.36617
54.334 3.5634 0.70371 0.70307 0.13909 -0.82906 0.39385 0.37174
54.433 3.5231 0.6925 0.67531 0.14154 -0.82481 0.39618 0.37774
54.541 3.477 0.67901 0.65071 0.14359 -0.819 0.39497 0.39067
54.645 3.4353 0.66819 0.63559 0.14595 -0.81272 0.39006 0.40748
54.849 3.3537 0.64721 0.61626 0.14756 -0.79682 0.3769 0.44861
54.957 3.3086 0.63552 0.60761 0.14394 -0.78687 0.36545 0.47598
55.165 3.2304 0.61128 0.58463 0.12823 -0.76851 0.35251 0.51834
55.27 3.1821 0.59627 0.56652 0.12216 -0.74867 0.34126 0.55509
55.37 3.1441 0.58653 0.55091 0.11842 -0.73361 0.33736 0.57791
55.473 3.0981 0.57485 0.53053 0.10351 -0.71532 0.33657 0.60359
55.578 3.0643 0.56172 0.51714 0.095504 -0.69978 0.33187 0.62534
55.684 3.0281 0.55003 0.50262 0.084372 -0.68697 0.33026 0.64178
55.785 2.9949 0.53915 0.49319 0.082705 -0.67734 0.3253 0.65464
55.891 2.9576 0.53002 0.48335 0.080051 -0.66647 0.31742 0.66982
55.996 2.9217 0.51909 0.47437 0.074267 -0.66168 0.31784 0.67501
56.102 2.8758 0.50825 0.46138 0.073019 -0.65684 0.31399 0.68164
56.203 2.8347 0.49798 0.448 0.07621 -0.65349 0.30676 0.68778
56.307 2.7805 0.48958 0.42381 0.082828 -0.65366 0.30998 0.68541
56.414 2.737 0.48049 0.40301 0.085651 -0.65671 0.31317 0.68067
56.62 2.6503 0.45152 0.35917 0.098253 -0.66947 0.3106 0.6676
56.725 2.6075 0.43397 0.33414 0.10785 -0.67226 0.30307 0.66678
56.83 2.5734 0.41834 0.31269 0.11021 -0.67728 0.30396 0.66087
56.932 2.5296 0.39736 0.28266 0.10682 -0.68543 0.30842 0.65088
57.037 2.494 0.37902 0.25736 0.10402 -0.68797 0.30965 0.64807
57.14 2.4466 0.35298 0.22193 0.10215 -0.68773 0.30519 0.65073
57.244 2.4106 0.33785 0.19054 0.10153 -0.68486 0.30641 0.65328
57.349 2.367 0.3185 0.15043 0.095805 -0.68472 0.31314 0.65109
57.552 2.2893 0.28173 0.089277 0.093613 -0.68094 0.31314 0.65536
57.662 2.2505 0.2648 0.067215 0.098423 -0.68258 0.3137 0.65268
57.869 2.1758 0.24239 0.045277 0.10247 -0.67858 0.2986 0.66322
57.973 2.1385 0.23497 0.041056 0.098936 -0.67746 0.29828 0.66505
58.073 2.0865 0.23262 0.042385 0.10504 -0.66876 0.29368 0.67489
58.179 2.0437 0.23543 0.046155 0.11037 -0.65921 0.29001 0.68495
58.28 1.9931 0.24331 0.052948 0.11416 -0.64882 0.28506 0.69623
58.385 1.9394 0.24422 0.062239 0.10577 -0.64628 0.29274 0.69673
58.491 1.8943 0.24653 0.076571 0.10463 -0.63868 0.29256 0.70396
58.596 1.8577 0.2504 0.091851 0.1163 -0.62556 0.27443 0.721
58.696 1.8211 0.25318 0.10656 0.11537 -0.61393 0.2646 0.73469
58.803 1.782 0.25668 0.12077 0.10962 -0.60482 0.26356 0.74344
58.909 1.7426 0.25851 0.13367 0.099732 -0.59922 0.2579 0.75132
59.013 1.7076 0.25717 0.14307 0.092605 -0.58943 0.25748 0.76006
59.115 1.6679 0.25358 0.15085 0.089678 -0.57274 0.24497 0.77712
59.221 1.6286 0.24979 0.1534 0.087307 -0.558 0.23997 0.78957
59.325 1.5822 0.24218 0.14954 0.076342 -0.54841 0.24517 0.79581
59.427 1.5414 0.23282 0.14143 0.068269 -0.54392 0.25376 0.79693
59.533 1.4984 0.2197 0.13247 0.067231 -0.53577 0.24398 0.80555
59.637 1.4608 0.20848 0.12126 0.066355 -0.53389 0.24166 0.80756
59.74 1.4228 0.19765 0.10907 0.065287 -0.53881 0.24616 0.80301
59.845 1.3804 0.18613 0.09449 0.063918 -0.54538 0.25172 0.79694
59.948 1.3388 0.17368 0.081416 0.06333 -0.55264 0.25549 0.79076
60.051 1.2913 0.161 0.067831 0.066396 -0.56031 0.25525 0.78517
60.156 1.2466 0.15193 0.0524 0.071131 -0.57239 0.26179 0.77381
60.261 1.201 0.14839 0.034014 0.080087 -0.5878 0.27063 0.75818
60.364 1.159 0.1392 0.019289 0.081756 -0.60204 0.28119 0.74283
60.469 1.1199 0.12719 0.0049797 0.082458 -0.61618 0.28987 0.72767
60.573 1.0893 0.11861 -0.0065256 0.095337 -0.62134 0.28115 0.72512
60.676 1.0543 0.1077 -0.019794 0.10477 -0.62733 0.27591 0.72066
60.778 1.022 0.09827 -0.032362 0.10867 -0.63447 0.27883 0.71267
60.879 0.9891 0.088034 -0.04618 0.1129 -0.6413 0.27981 0.70548
60.987 0.95202 0.074754 -0.062167 0.11467 -0.64667 0.28048 0.7
61.089 0.91566 0.06275 -0.075835 0.12029 -0.64579 0.27398 0.70244
61.193 0.87493 0.049917 -0.089074 0.12393 -0.63917 0.2658 0.71095
61.299 0.83666 0.040416 -0.10023 0.12171 -0.63489 0.26418 0.71576
61.404 0.79312 0.032571 -0.11067 0.11578 -0.62829 0.26183 0.72339
61.506 0.74971 0.025967 -0.11687 0.10444 -0.62074 0.26595 0.7301
61.611 0.70362 0.020036 -0.11623 0.090229 -0.61216 0.27436 0.7361
61.711 0.6621 0.019231 -0.10606 0.092524 -0.59848 0.25899 0.75246
61.818 0.61611 0.019886 -0.08963 0.089639 -0.58337 0.24766 0.76831
61.921 0.5722 0.023346 -0.071741 0.080139 -0.57372 0.25103 0.7755
62.028 0.52301 0.032458 -0.04544 0.079804 -0.55727 0.24036 0.79076
62.131 0.47657 0.042625 -0.020546 0.077044 -0.54138 0.23558 0.80342
62.233 0.42912 0.058372 0.0079446 0.078363 -0.52734 0.22997 0.81418
62.34 0.38776 0.070112 0.036592 0.078321 -0.51054 0.21993 0.82755
62.443 0.3475 0.076977 0.06675 0.068371 -0.49473 0.22077 0.83775
62.547 0.31544 0.086717 0.092623 0.065587 -0.47589 0.21013 0.85151
62.651 0.28142 0.0957 0.12168 0.065744 -0.44919 0.1903 0.87045
62.753 0.25009 0.10295 0.14752 0.061028 -0.42407 0.17732 0.886
62.859 0.21317 0.1092 0.17701 0.052712 -0.39289 0.16259 0.90356
62.965 0.1839 0.11308 0.19972 0.044925 -0.3636 0.14805 0.91862
63.067 0.15117 0.11947 0.22267 0.040034 -0.32332 0.12738 0.93682
63.169 0.1237 0.13054 0.24224 0.036105 -0.27988 0.10536 0.95355
63.276 0.094062 0.13908 0.26418 0.028726 -0.23334 0.088199 0.96796
63.376 0.071027 0.14497 0.28255 0.021241 -0.2014 0.090458 0.97509
63.483 0.052572 0.15127 0.30421 0.015464 -0.17574 0.084271 0.9807
63.586 0.040802 0.15793 0.3265 0.013267 -0.15332 0.063501 0.98605
63.688 0.029592 0.1654 0.34907 0.0097201 -0.13387 0.056026 0.98937
63.795 0.018702 0.17686 0.37273 0.0066716 -0.11403 0.0607 0.9916
63.898 0.0097241 0.1888 0.39752 0.0067355 -0.093471 0.053241 0.99417
64.001 8.2358e-05 0.20454 0.42812 0.0069794 -0.072804 0.039769 0.99653
64.103 -0.0097132 0.22291 0.45566 0.010178 -0.058372 0.022485 0.99799
64.212 -0.023062 0.24193 0.48823 0.01001 -0.050146 0.013673 0.9986
64.312 -0.036417 0.25643 0.52032 0.0099025 -0.044208 0.0065911 0.99895
64.419 -0.047786 0.2713 0.55288 0.010067 -0.036391 -0.00162 0.99929
64.524 -0.056129 0.28604 0.5811 0.011259 -0.027731 -0.013688 0.99946
64.627 -0.066259 0.2968 0.61171 0.007713 -0.01259 -0.036418 0.99923
64.727 -0.081894 0.30857 0.64189 0.0048612 -0.0080799 -0.041769 0.99908
64.836 -0.10536 0.32018 0.67367 0.0036417 -0.0075209 -0.033792 0.99939
64.936 -0.13004 0.3318 0.70457 0.0011255 -0.0010569 -0.038236 0.99927
65.043 -0.16281 0.34227 0.7386 -0.0012179 0.0021407 -0.034109 0.99942
65.143 -0.19499 0.35311 0.76842 0.0010199 0.0030319 -0.03914 0.99923
65.252 -0.22987 0.36574 0.80161 -0.0020048 0.0071577 -0.052985 0.99857
65.355 -0.26269 0.37654 0.83428 -0.0037092 0.011819 -0.058594 0.99821
65.46 -0.29498 0.38671 0.86999 -0.0063824 0.011407 -0.058203 0.99822
65.564 -0.31956 0.39679 0.90125 -0.006836 0.0046761 -0.054419 0.99848
65.667 -0.33858 0.40725 0.93639 -0.0075644 -0.0046531 -0.050705 0.99867
65.772 -0.35093 0.41702 0.97032 -0.010144 -0.0097837 -0.04736 0.99878
65.871 -0.35688 0.43077 1.0042 -0.011122 -0.016369 -0.042544 0.9989
65.975 -0.35471 0.45195 1.0439 -0.009342 -0.018371 -0.049916 0.99854
66.083 -0.3475 0.47683 1.0803 -0.003915 -0.02241 -0.045598 0.9987
66.188 -0.3362 0.49935 1.1125 -0.00069148 -0.023634 -0.045372 0.99869
66.291 -0.32396 0.51937 1.147 -0.0016234 -0.027722 -0.026793 0.99926
66.396 -0.31523 0.53355 1.1744 -0.00096432 -0.0364 0.0065925 0.99932
66.499 -0.30112 0.54586 1.1965 -0.0012779 -0.030114 -0.0031584 0.99954
66.597 -0.28509 0.55237 1.2176 -0.0044481 -0.012734 -0.035905 0.99926
66.707 -0.27149 0.55877 1.2334 -0.0077072 0.0010818 -0.05564 0.99842
66.806 -0.26367 0.56288 1.2424 -0.0083305 0.0017459 -0.051051 0.99866
66.915 -0.25401 0.56332 1.2442 -0.0065997 0.0046881 -0.064654 0.99787
67.019 -0.25117 0.5671 1.2496 -0.009393 0.019575 -0.091326 0.99558
67.123 -0.25978 0.57332 1.2527 -0.0062841 0.0065773 -0.048905 0.99876
67.43 -0.27786 0.57732 1.2585 -0.002138 -0.0080076 -0.027762 0.99958
67.539 -0.28089 0.5793 1.2603 -0.0014053 -0.0090345 -0.025413 0.99964
67.642 -0.28125 0.58139 1.2618 -0.00061303 -0.0070614 -0.031337 0.99948
67.85 -0.27978 0.58329 1.262 0.00087097 0.00014539 -0.049267 0.99879
68.163 -0.27834 0.58283 1.2611 0.0010748 -0.0011696 -0.050697 0.99871
