1 21230 1101 14.8206 14.925
2 18397 4013 14.925 15.0269
3 20456 708 15.0269 15.1322
4 14649 7349 15.1322 15.2344
5 15646 5949 15.2344 15.3394
6 21381 1078 15.3394 15.445
7 20764 2085 15.445 15.5489
8 22104 660 15.5489 15.6514
9 22489 419 15.6514 15.7572
10 21945 729 15.7572 15.8606
11 21051 1363 15.8606 15.9641
12 21980 396 15.9641 16.069
13 21874 632 16.069 16.1729
14 22159 521 16.1729 16.2753
15 22162 653 16.2753 16.3806
16 21716 633 16.3806 16.4848
17 21758 735 16.4848 16.587
18 21285 800 16.587 16.6922
19 21188 889 16.6922 16.7968
20 21418 612 16.7968 16.8987
21 21608 634 16.8987 17.0049
22 21541 746 17.0049 17.1071
23 20997 585 17.1071 17.2107
24 21544 684 17.2107 17.3143
25 21503 723 17.3143 17.4153
26 21282 425 17.4153 17.5244
27 21257 588 17.5244 17.6234
28 21188 490 17.6234 17.7312
29 20841 622 17.7312 17.8359
30 19157 1670 17.8359 17.9369
31 18936 1496 17.9369 18.0402
32 18506 2087 18.0402 18.1466
33 18611 2307 18.1466 18.2521
34 20456 1248 18.2521 18.3514
35 21584 879 18.3514 18.4588
36 21751 926 18.4588 18.5639
37 21566 960 18.5639 18.6684
38 20739 1391 18.6684 18.7712
39 20712 1095 18.7712 18.8767
40 20507 1056 18.8767 18.9763
41 20535 963 18.9763 19.0826
42 20864 659 19.0826 19.1879
43 20877 729 19.1879 19.2884
44 21463 518 19.2884 19.3939
45 20950 857 19.3939 19.4974
46 20735 959 19.4974 19.6012
47 20567 717 19.6012 19.7073
48 20423 804 19.7073 19.81
49 19502 1392 19.81 19.9102
50 18527 1716 19.9102 20.0169
51 18564 1715 20.0169 20.1192
52 19037 1339 20.1192 20.2271
53 19538 1538 20.2271 20.3297
54 20781 1287 20.3297 20.43
55 20731 1227 20.43 20.538
56 21294 996 20.538 20.6428
57 20266 1642 20.6428 20.7437
58 19994 1372 20.7437 20.8515
59 19862 1464 20.8515 20.9558
60 19541 1313 20.9558 21.0603
61 19408 1372 21.0603 21.1643
62 20239 1144 21.1643 21.2667
63 19967 1194 21.2667 21.3721
64 20272 1002 21.3721 21.4762
65 19952 1442 21.4762 21.5791
66 19604 1264 21.5791 21.6839
67 19509 1391 21.6839 21.7864
68 18580 2052 21.7864 21.8909
69 17941 2171 21.8909 21.996
70 17454 2201 21.996 22.0996
71 18114 1965 22.0996 22.2032
72 18016 2468 22.2032 22.3076
73 19865 1382 22.3076 22.4118
74 19939 1381 22.4118 22.5146
75 19845 1360 22.5146 22.6197
76 19744 1372 22.6197 22.718
77 19727 1345 22.718 22.8269
78 19987 1095 22.8269 22.9288
79 17992 2193 22.9288 23.1358
80 18500 1471 23.1358 23.3424
81 20982 910 23.3424 23.4456
82 20748 1401 23.4456 23.5538
83 19236 1282 23.5538 23.7609
84 21411 739 23.7609 23.8667
85 21548 746 23.8667 23.9708
86 18690 2030 23.9708 24.1787
87 20940 813 24.1787 24.28
88 21876 570 24.28 24.3814
89 21575 704 24.3814 24.4894
90 21628 528 24.4894 24.5955
91 21721 538 24.5955 24.6963
92 21671 531 24.6963 24.7981
93 21724 583 24.7981 24.9047
94 21958 553 24.9047 25.0092
95 21247 643 25.0092 25.1165
96 21503 513 25.1165 25.2193
97 21322 598 25.2193 25.3227
98 20365 520 25.3227 25.4261
99 19845 579 25.4261 25.5298
100 19690 627 25.5298 25.6348
101 19533 737 25.6348 25.7371
102 19168 1021 25.7371 25.8372
103 19262 914 25.8372 25.9468
104 17781 1891 25.9468 26.1518
105 20854 880 26.1518 26.2579
106 21006 607 26.2579 26.3631
107 20745 603 26.3631 26.4662
108 20467 697 26.4662 26.5686
109 20128 588 26.5686 26.6739
110 20024 682 26.6739 26.7779
111 19664 658 26.7779 26.8823
112 19861 537 26.8823 26.9817
113 20361 385 26.9817 27.0908
114 19340 512 27.0908 27.299
115 20992 317 27.299 27.4
116 20131 634 27.4 27.5065
117 19718 424 27.5065 27.6109
118 19591 382 27.6109 27.7142
119 19815 407 27.7142 27.8187
120 19945 463 27.8187 27.9227
121 20018 346 27.9227 28.0268
122 19987 434 28.0268 28.13
123 20054 414 28.13 28.234
124 20137 486 28.234 28.3377
125 19531 828 28.3377 28.4372
126 18688 741 28.4372 28.5448
127 17268 2265 28.5448 28.6479
128 19432 595 28.6479 28.754
129 19743 967 28.754 28.8548
130 20275 696 28.8548 28.957
131 19637 742 28.957 29.0659
132 18912 1242 29.0659 29.1706
133 17069 3090 29.1706 29.2717
134 17488 2955 29.2717 29.373
135 19277 1673 29.373 29.4815
136 16488 4664 29.4815 29.5861
137 19040 3006 29.5861 29.6899
138 20367 2220 29.6899 29.7902
139 19924 1879 29.7902 29.8927
140 20507 1283 29.8927 30.0023
141 20538 1413 30.0023 30.1065
142 20103 1741 30.1065 30.2076
143 19904 1768 30.2076 30.3144
144 19689 1812 30.3144 30.4131
145 19663 1694 30.4131 30.5194
146 19909 1414 30.5194 30.626
147 20630 1089 30.626 30.7299
148 21180 714 30.7299 30.8318
149 21746 403 30.8318 30.9378
150 21367 516 30.9378 31.042
151 20477 640 31.042 31.1428
152 18588 1691 31.1428 31.2479
153 1207 17496 31.2479 31.351
154 445 17534 31.351 31.4572
155 1048 17349 31.4572 31.5562
156 2098 17799 31.5562 31.6655
157 367 17477 31.6655 31.8744
158 14716 5914 31.8744 32.0794
159 15843 4686 32.0794 32.2899
160 16761 3624 32.2899 32.4973
161 18611 2697 32.4973 32.602
162 19006 2413 32.602 32.7058
163 19072 2324 32.7058 32.8052
164 19617 2081 32.8052 32.9133
165 19991 1821 32.9133 33.0157
166 18034 3700 33.0157 33.1219
167 16806 2927 33.1219 33.3278
168 15594 2564 33.3278 33.5351
169 12524 5508 33.5351 33.7407
170 18106 2005 33.7407 33.9514
171 19151 2525 33.9514 34.0558
172 18482 1988 34.0558 34.2617
173 16173 2871 34.2617 34.4689
174 12891 4549 34.4689 34.68
175 19315 1105 34.68 34.7829
176 19242 1311 34.7829 34.8837
177 19592 1134 34.8837 34.993
178 20717 789 34.993 35.0957
179 20578 805 35.0957 35.1986
180 20318 931 35.1986 35.3048
181 19647 1493 35.3048 35.4078
182 18860 1462 35.4078 35.5123
183 18812 1278 35.5123 35.6161
184 19866 741 35.6161 35.72
185 20527 826 35.72 35.82
186 20473 1600 35.82 35.9286
187 20299 958 35.9286 36.1349
188 21213 929 36.1349 36.2405
189 20360 971 36.2405 36.341
190 19965 831 36.341 36.448
191 16365 2001 36.448 36.6575
192 18304 743 36.6575 36.8651
193 20327 476 36.8651 36.9678
194 20157 680 36.9678 37.0715
195 17711 872 37.0715 37.2808
196 16276 972 37.2808 37.4888
197 17793 1199 37.4888 37.5931
198 17983 780 37.5931 37.6952
199 16276 3240 37.6952 37.799
200 20248 579 37.799 37.8993
201 21087 405 37.8993 38.0085
202 21163 469 38.0085 38.1077
203 20960 638 38.1077 38.213
204 21025 411 38.213 38.3191
205 21147 541 38.3191 38.4253
206 20850 705 38.4253 38.523
207 20362 730 38.523 38.6357
208 20233 650 38.6357 38.735
209 20450 578 38.735 38.8401
210 20503 452 38.8401 38.9435
211 20809 518 38.9435 39.0487
212 20833 481 39.0487 39.1527
213 20648 740 39.1527 39.2553
214 20280 564 39.2553 39.3574
215 19748 641 39.3574 39.4645
216 19220 565 39.4645 39.5666
217 18509 960 39.5666 39.6733
218 18998 812 39.6733 39.7749
219 19229 675 39.7749 39.8755
220 19005 1082 39.8755 39.9812
221 19447 869 39.9812 40.0853
222 19138 765 40.0853 40.1865
223 18030 1872 40.1865 40.2939
224 15857 2102 40.2939 40.5036
225 18387 835 40.5036 40.7066
226 18072 1405 40.7066 40.9198
227 1499 14915 40.9198 41.23
228 9803 8353 41.23 41.4388
229 11900 6874 41.4388 41.6476
230 11738 6726 41.6476 41.8544
231 16282 3411 41.8544 42.0632
232 17346 2562 42.0632 42.2696
233 16993 2860 42.2696 42.478
234 16997 2339 42.478 42.6856
235 19316 2074 42.6856 42.7867
236 19509 2111 42.7867 42.895
237 18416 2268 42.895 43.104
238 18316 2110 43.104 43.3107
239 15846 2639 43.3107 43.6205
240 17996 1894 43.6205 43.8317
241 18218 2109 43.8317 44.0397
242 17670 2001 44.0397 44.2469
243 19381 2011 44.2469 44.3464
244 18915 2049 44.3464 44.4526
245 16447 3005 44.4526 44.6639
246 17420 2465 44.6639 44.8708
247 16511 2251 44.8708 45.0793
248 17321 1921 45.0793 45.2874
249 17429 1895 45.2874 45.4945
250 18945 1452 45.4945 45.7034
251 16424 2845 45.7034 46.0155
252 17005 2606 46.0155 46.2216
253 15928 2861 46.2216 46.4305
254 16794 2279 46.4305 46.6335
255 18578 1108 46.6335 46.8473
256 20791 708 46.8473 47.0529
257 21408 725 47.0529 47.1587
258 20181 1076 47.1587 47.2632
259 14383 3853 47.2632 47.4712
260 18733 1965 47.4712 47.5742
261 18599 1994 47.5742 47.6787
262 18651 2207 47.6787 47.7834
263 19712 1477 47.7834 47.8862
264 16956 2267 47.8862 48.095
265 20302 1941 48.095 48.1992
266 19989 1286 48.1992 48.4069
267 19106 1712 48.4069 48.6093
268 16283 3040 48.6093 48.8231
269 15956 3624 48.8231 49.0254
270 20209 1709 49.0254 49.1321
271 20318 1498 49.1321 49.2348
272 16851 2893 49.2348 49.4439
273 20455 1606 49.4439 49.545
274 20280 1784 49.545 49.6532
275 19995 1861 49.6532 49.7531
276 20073 1864 49.7531 49.8627
277 19333 1495 49.8627 50.0678
278 19682 1148 50.0678 50.2765
279 21619 811 50.2765 50.3798
280 21358 879 50.3798 50.4866
281 21163 911 50.4866 50.5906
282 20899 948 50.5906 50.6895
283 20931 827 50.6895 50.7985
284 20471 828 50.7985 50.9022
285 20646 731 50.9022 51.0041
286 20878 735 51.0041 51.1099
287 20737 916 51.1099 51.2124
288 20686 786 51.2124 51.316
289 20220 1020 51.316 51.4219
290 19126 929 51.4219 51.5235
291 19175 1116 51.5235 51.6277
292 18901 1237 51.6277 51.7339
293 18676 1189 51.7339 51.8343
294 19755 699 51.8343 51.9397
295 19698 781 51.9397 52.0408
296 19389 830 52.0408 52.1503
297 20040 604 52.1503 52.2515
298 20113 861 52.2515 52.3533
299 19479 1012 52.3533 52.458
300 17094 1763 52.458 52.6692
301 16792 2393 52.6692 52.8782
302 19124 1615 52.8782 52.9821
303 15044 4086 52.9821 53.189
304 17420 2573 53.189 53.3974
305 16270 3331 53.3974 53.6062
306 17234 3055 53.6062 53.8127
307 17109 2727 53.8127 54.0197
308 19405 1384 54.0197 54.125
309 18602 1895 54.125 54.23
310 18749 1369 54.23 54.3338
311 18928 1203 54.3338 54.4334
312 19120 1059 54.4334 54.5412
313 19440 782 54.5412 54.6453
314 19319 1026 54.6453 54.7471
315 18979 1134 54.7471 54.849
316 17867 1618 54.849 54.9573
317 17670 1568 54.9573 55.0584
318 2653 14539 55.0584 55.2697
319 14548 5019 55.2697 55.3703
320 7138 10358 55.3703 55.5778
321 11072 5889 55.5778 55.7854
322 13231 4102 55.7854 55.9956
323 19981 1730 55.9956 56.1017
324 20290 1669 56.1017 56.2035
325 20255 1713 56.2035 56.3069
326 20732 1692 56.3069 56.4136
327 20490 1858 56.4136 56.5122
328 20079 2250 56.5122 56.6199
329 15572 4212 56.6199 56.8295
330 14763 4844 56.8295 57.037
331 15803 4319 57.037 57.2436
332 14573 5251 57.2436 57.4517
333 17323 3312 57.4517 57.6616
334 19979 2068 57.6616 57.7657
335 18354 2291 57.7657 57.9732
336 19443 1582 57.9732 58.1787
337 19206 1625 58.1787 58.3847
338 17469 1831 58.3847 58.5965
339 20066 1181 58.5965 58.6962
340 20902 759 58.6962 58.8027
341 20993 726 58.8027 58.9092
342 20672 623 58.9092 59.0134
343 20644 671 59.0134 59.1152
344 21123 419 59.1152 59.2214
345 19157 2443 59.2214 59.3251
346 20827 562 59.3251 59.4273
347 20530 365 59.4273 59.5332
348 20570 306 59.5332 59.6371
349 20756 425 59.6371 59.7397
350 21118 351 59.7397 59.845
351 20960 309 59.845 59.9483
352 21029 318 59.9483 60.0509
353 20307 400 60.0509 60.1559
354 19999 354 60.1559 60.2607
355 19780 331 60.2607 60.3643
356 19516 503 60.3643 60.4689
357 19004 667 60.4689 60.573
358 19185 398 60.573 60.6757
359 19437 436 60.6757 60.7777
360 19893 398 60.7777 60.8794
361 20685 394 60.8794 60.9868
362 20653 396 60.9868 61.0887
363 20462 442 61.0887 61.1925
364 20579 399 61.1925 61.2991
365 20583 427 61.2991 61.4038
366 21035 439 61.4038 61.5059
367 20959 495 61.5059 61.6112
368 20813 419 61.6112 61.7106
369 20159 626 61.7106 61.8175
370 19854 500 61.8175 61.921
371 19368 625 61.921 62.028
372 18965 585 62.028 62.1311
373 18813 706 62.1311 62.2328
374 19022 628 62.2328 62.3399
375 18440 610 62.3399 62.4432
376 18586 608 62.4432 62.5467
377 18414 564 62.5467 62.6513
378 18009 449 62.6513 62.7527
379 18052 475 62.7527 62.859
380 17641 652 62.859 62.9646
381 17080 864 62.9646 63.0671
382 16722 1213 63.0671 63.1688
383 16816 1208 63.1688 63.2763
384 15900 2420 63.2763 63.3759
385 14601 3604 63.3759 63.4832
386 14666 3531 63.4832 63.5858
387 14275 4098 63.5858 63.6885
388 17601 1797 63.6885 63.7952
389 18543 1833 63.7952 63.8978
390 19801 1005 63.8978 64.0014
391 19580 1602 64.0014 64.1033
392 20607 812 64.1033 64.2116
393 20621 766 64.2116 64.3117
394 20878 696 64.3117 64.4195
395 21421 626 64.4195 64.5243
396 22066 480 64.5243 64.6275
397 21954 516 64.6275 64.7269
398 22343 444 64.7269 64.8356
399 22043 640 64.8356 64.9356
400 21537 738 64.9356 65.0426
401 20919 1746 65.0426 65.1432
402 22018 603 65.1432 65.2521
403 21943 588 65.2521 65.3547
404 21747 738 65.3547 65.46
405 21650 717 65.46 65.5636
406 21806 614 65.5636 65.6669
407 21361 1017 65.6669 65.7716
408 21453 672 65.7716 65.8708
409 21216 694 65.8708 65.9748
410 21026 885 65.9748 66.0827
411 21372 670 66.0827 66.1877
412 21224 781 66.1877 66.2909
413 21331 709 66.2909 66.3958
414 21573 636 66.3958 66.4986
415 21485 725 66.4986 66.5974
416 21442 917 66.5974 66.707
417 21760 775 66.707 66.8058
418 20700 1581 66.8058 66.9148
419 20754 994 66.9148 67.0195
420 19181 3242 67.0195 67.1229
421 22587 715 67.1229 67.2267
422 22167 911 67.2267 67.3316
423 21376 1163 67.3316 67.4295
424 20785 1237 67.4295 67.5387
425 20959 1685 67.5387 67.6417
426 22834 1073 67.6417 67.7418
427 23083 808 67.7418 67.85
428 23500 549 67.85 67.955
429 23118 720 67.955 68.0536
