1 124 1 14.8206 14.925
2 108 6 14.925 15.0269
3 115 0 15.0269 15.1322
4 87 7 15.1322 15.2344
5 60 8 15.2344 15.3394
6 152 1 15.3394 15.445
7 161 3 15.445 15.5489
8 154 5 15.5489 15.6514
9 159 0 15.6514 15.7572
10 151 0 15.7572 15.8606
11 131 7 15.8606 15.9641
12 153 0 15.9641 16.069
13 153 0 16.069 16.1729
14 143 0 16.1729 16.2753
15 141 0 16.2753 16.3806
16 138 0 16.3806 16.4848
17 161 2 16.4848 16.587
18 132 1 16.587 16.6922
19 149 0 16.6922 16.7968
20 147 0 16.7968 16.8987
21 160 2 16.8987 17.0049
22 156 1 17.0049 17.1071
23 147 0 17.1071 17.2107
24 152 2 17.2107 17.3143
25 151 2 17.3143 17.4153
26 139 2 17.4153 17.5244
27 173 3 17.5244 17.6234
28 158 1 17.6234 17.7312
29 159 1 17.7312 17.8359
30 127 1 17.8359 17.9369
31 127 0 17.9369 18.0402
32 122 1 18.0402 18.1466
33 125 1 18.1466 18.2521
34 106 1 18.2521 18.3514
35 142 1 18.3514 18.4588
36 149 0 18.4588 18.5639
37 132 0 18.5639 18.6684
38 132 0 18.6684 18.7712
39 129 0 18.7712 18.8767
40 131 0 18.8767 18.9763
41 116 1 18.9763 19.0826
42 143 1 19.0826 19.1879
43 132 4 19.1879 19.2884
44 175 0 19.2884 19.3939
45 140 1 19.3939 19.4974
46 139 1 19.4974 19.6012
47 135 1 19.6012 19.7073
48 159 1 19.7073 19.81
49 144 1 19.81 19.9102
50 136 2 19.9102 20.0169
51 117 3 20.0169 20.1192
52 117 1 20.1192 20.2271
53 108 1 20.2271 20.3297
54 153 2 20.3297 20.43
55 159 2 20.43 20.538
56 173 0 20.538 20.6428
57 140 3 20.6428 20.7437
58 140 2 20.7437 20.8515
59 161 0 20.8515 20.9558
60 138 0 20.9558 21.0603
61 103 1 21.0603 21.1643
62 156 0 21.1643 21.2667
63 146 2 21.2667 21.3721
64 164 0 21.3721 21.4762
65 163 1 21.4762 21.5791
66 153 0 21.5791 21.6839
67 139 0 21.6839 21.7864
68 137 0 21.7864 21.8909
69 133 1 21.8909 21.996
70 120 0 21.996 22.0996
71 124 0 22.0996 22.2032
72 119 3 22.2032 22.3076
73 142 0 22.3076 22.4118
74 143 3 22.4118 22.5146
75 175 1 22.5146 22.6197
76 155 0 22.6197 22.718
77 142 3 22.718 22.8269
78 171 0 22.8269 22.9288
79 122 0 22.9288 23.1358
80 120 0 23.1358 23.3424
81 121 1 23.3424 23.4456
82 131 1 23.4456 23.5538
83 102 1 23.5538 23.7609
84 143 1 23.7609 23.8667
85 136 1 23.8667 23.9708
86 63 2 23.9708 24.1787
87 78 1 24.1787 24.28
88 123 1 24.28 24.3814
89 155 2 24.3814 24.4894
90 164 1 24.4894 24.5955
91 156 0 24.5955 24.6963
92 167 0 24.6963 24.7981
93 139 1 24.7981 24.9047
94 140 1 24.9047 25.0092
95 136 1 25.0092 25.1165
96 136 1 25.1165 25.2193
97 121 4 25.2193 25.3227
98 103 1 25.3227 25.4261
99 87 0 25.4261 25.5298
100 111 0 25.5298 25.6348
101 107 1 25.6348 25.7371
102 112 2 25.7371 25.8372
103 101 3 25.8372 25.9468
104 47 0 25.9468 26.1518
105 130 1 26.1518 26.2579
106 132 1 26.2579 26.3631
107 155 1 26.3631 26.4662
108 133 2 26.4662 26.5686
109 133 1 26.5686 26.6739
110 120 1 26.6739 26.7779
111 111 2 26.7779 26.8823
112 132 0 26.8823 26.9817
113 131 1 26.9817 27.0908
114 97 0 27.0908 27.299
115 147 0 27.299 27.4
116 124 0 27.4 27.5065
117 142 0 27.5065 27.6109
118 137 0 27.6109 27.7142
119 142 0 27.7142 27.8187
120 135 0 27.8187 27.9227
121 139 0 27.9227 28.0268
122 146 1 28.0268 28.13
123 144 0 28.13 28.234
124 157 0 28.234 28.3377
125 130 0 28.3377 28.4372
126 101 1 28.4372 28.5448
127 96 5 28.5448 28.6479
128 93 1 28.6479 28.754
129 115 2 28.754 28.8548
130 140 0 28.8548 28.957
131 119 0 28.957 29.0659
132 109 1 29.0659 29.1706
133 97 1 29.1706 29.2717
134 111 0 29.2717 29.373
135 116 0 29.373 29.4815
136 112 2 29.4815 29.5861
137 89 8 29.5861 29.6899
138 109 6 29.6899 29.7902
139 110 1 29.7902 29.8927
140 106 1 29.8927 30.0023
141 114 0 30.0023 30.1065
142 132 0 30.1065 30.2076
143 121 1 30.2076 30.3144
144 115 1 30.3144 30.4131
145 107 0 30.4131 30.5194
146 107 1 30.5194 30.626
147 109 0 30.626 30.7299
148 129 1 30.7299 30.8318
149 124 0 30.8318 30.9378
150 141 1 30.9378 31.042
151 121 0 31.042 31.1428
152 64 1 31.1428 31.2479
153 88 0 31.2479 31.351
154 99 0 31.351 31.4572
155 75 0 31.4572 31.5562
156 96 2 31.5562 31.6655
157 69 2 31.6655 31.8744
158 125 0 31.8744 32.0794
159 142 2 32.0794 32.2899
160 123 1 32.2899 32.4973
161 140 3 32.4973 32.602
162 138 0 32.602 32.7058
163 120 0 32.7058 32.8052
164 124 1 32.8052 32.9133
165 168 1 32.9133 33.0157
166 140 6 33.0157 33.1219
167 70 3 33.1219 33.3278
168 79 0 33.3278 33.5351
169 73 3 33.5351 33.7407
170 91 2 33.7407 33.9514
171 151 6 33.9514 34.0558
172 129 1 34.0558 34.2617
173 82 3 34.2617 34.4689
174 68 1 34.4689 34.68
175 129 0 34.68 34.7829
176 124 1 34.7829 34.8837
177 95 4 34.8837 34.993
178 120 1 34.993 35.0957
179 126 0 35.0957 35.1986
180 129 0 35.1986 35.3048
181 104 3 35.3048 35.4078
182 117 1 35.4078 35.5123
183 116 1 35.5123 35.6161
184 105 1 35.6161 35.72
185 134 0 35.72 35.82
186 146 9 35.82 35.9286
187 125 2 35.9286 36.2405
188 134 2 36.2405 36.341
189 118 0 36.341 36.448
190 90 1 36.448 36.6575
191 124 3 36.6575 36.8651
192 156 0 36.8651 36.9678
193 149 0 36.9678 37.0715
194 139 2 37.0715 37.2808
195 58 1 37.2808 37.4888
196 116 1 37.4888 37.5931
197 125 0 37.5931 37.6952
198 93 4 37.6952 37.799
199 130 0 37.799 37.8993
200 155 1 37.8993 38.0085
201 159 2 38.0085 38.1077
202 173 0 38.1077 38.213
203 188 0 38.213 38.3191
204 172 0 38.3191 38.4253
205 139 0 38.4253 38.523
206 143 1 38.523 38.6357
207 129 1 38.6357 38.735
208 172 0 38.735 38.8401
209 152 1 38.8401 38.9435
210 154 0 38.9435 39.0487
211 170 0 39.0487 39.1527
212 133 1 39.1527 39.2553
213 134 1 39.2553 39.3574
214 112 1 39.3574 39.4645
215 135 1 39.4645 39.5666
216 122 0 39.5666 39.6733
217 113 1 39.6733 39.7749
218 138 0 39.7749 39.8755
219 100 2 39.8755 39.9812
220 133 1 39.9812 40.0853
221 146 0 40.0853 40.1865
222 129 6 40.1865 40.2939
223 75 0 40.2939 40.5036
224 118 0 40.5036 40.7066
225 136 0 40.7066 40.9198
226 75 0 40.9198 41.23
227 74 0 41.23 41.4388
228 86 0 41.4388 41.6476
229 79 1 41.6476 41.8544
230 117 1 41.8544 42.0632
231 112 1 42.0632 42.2696
232 91 0 42.2696 42.478
233 89 0 42.478 42.6856
234 134 0 42.6856 42.7867
235 110 1 42.7867 42.895
236 126 0 42.895 43.104
237 104 1 43.104 43.3107
238 57 0 43.3107 43.6205
239 81 0 43.6205 43.8317
240 93 0 43.8317 44.0397
241 82 0 44.0397 44.2469
242 108 2 44.2469 44.3464
243 102 2 44.3464 44.4526
244 81 0 44.4526 44.6639
245 89 0 44.6639 44.8708
246 69 0 44.8708 45.0793
247 65 0 45.0793 45.2874
248 61 1 45.2874 45.4945
249 93 0 45.4945 45.7034
250 61 2 45.7034 46.0155
251 50 0 46.0155 46.2216
252 37 0 46.2216 46.4305
253 48 0 46.4305 46.6335
254 83 0 46.6335 46.8473
255 112 0 46.8473 47.0529
256 92 0 47.0529 47.1587
257 113 1 47.1587 47.2632
258 66 0 47.2632 47.4712
259 80 0 47.4712 47.5742
260 82 3 47.5742 47.6787
261 100 1 47.6787 47.7834
262 87 1 47.7834 47.8862
263 68 0 47.8862 48.095
264 97 4 48.095 48.1992
265 105 2 48.1992 48.4069
266 73 2 48.4069 48.6093
267 77 0 48.6093 48.8231
268 72 1 48.8231 49.0254
269 102 0 49.0254 49.1321
270 96 1 49.1321 49.2348
271 70 3 49.2348 49.4439
272 114 3 49.4439 49.545
273 109 5 49.545 49.6532
274 117 1 49.6532 49.7531
275 100 9 49.7531 49.8627
276 101 1 49.8627 50.0678
277 133 0 50.0678 50.2765
278 163 0 50.2765 50.3798
279 152 1 50.3798 50.4866
280 155 1 50.4866 50.5906
281 129 0 50.5906 50.6895
282 131 1 50.6895 50.7985
283 122 1 50.7985 50.9022
284 129 1 50.9022 51.0041
285 130 0 51.0041 51.1099
286 124 1 51.1099 51.2124
287 132 2 51.2124 51.316
288 110 4 51.316 51.4219
289 85 2 51.4219 51.5235
290 85 1 51.5235 51.6277
291 70 0 51.6277 51.7339
292 80 1 51.7339 51.8343
293 94 1 51.8343 51.9397
294 96 0 51.9397 52.0408
295 91 2 52.0408 52.1503
296 79 1 52.1503 52.2515
297 104 0 52.2515 52.3533
298 99 0 52.3533 52.458
299 96 0 52.458 52.6692
300 79 1 52.6692 52.8782
301 109 2 52.8782 52.9821
302 88 0 52.9821 53.189
303 101 0 53.189 53.3974
304 86 2 53.3974 53.6062
305 105 2 53.6062 53.8127
306 89 2 53.8127 54.0197
307 107 0 54.0197 54.125
308 96 0 54.125 54.23
309 99 1 54.23 54.3338
310 123 0 54.3338 54.4334
311 132 1 54.4334 54.5412
312 138 3 54.5412 54.6453
313 123 0 54.6453 54.7471
314 104 1 54.7471 54.849
315 84 4 54.849 54.9573
316 102 0 54.9573 55.0584
317 42 4 55.0584 55.2697
318 76 2 55.2697 55.3703
319 48 0 55.3703 55.5778
320 46 5 55.5778 55.7854
321 77 0 55.7854 55.9956
322 101 0 55.9956 56.1017
323 130 1 56.1017 56.2035
324 98 0 56.2035 56.3069
325 135 3 56.3069 56.4136
326 147 1 56.4136 56.5122
327 145 8 56.5122 56.6199
328 103 0 56.6199 56.8295
329 99 2 56.8295 57.037
330 99 1 57.037 57.2436
331 121 0 57.2436 57.4517
332 110 3 57.4517 57.6616
333 142 1 57.6616 57.7657
334 113 1 57.7657 57.9732
335 110 2 57.9732 58.1787
336 135 0 58.1787 58.3847
337 112 1 58.3847 58.5965
338 98 1 58.5965 58.6962
339 146 0 58.6962 58.8027
340 119 0 58.8027 58.9092
341 118 0 58.9092 59.0134
342 99 1 59.0134 59.1152
343 139 0 59.1152 59.2214
344 147 10 59.2214 59.3251
345 130 0 59.3251 59.4273
346 136 2 59.4273 59.5332
347 144 0 59.5332 59.6371
348 122 2 59.6371 59.7397
349 143 0 59.7397 59.845
350 152 1 59.845 59.9483
351 156 0 59.9483 60.0509
352 169 0 60.0509 60.1559
353 152 0 60.1559 60.2607
354 159 0 60.2607 60.3643
355 138 0 60.3643 60.4689
356 114 0 60.4689 60.573
357 109 0 60.573 60.6757
358 127 1 60.6757 60.7777
359 117 1 60.7777 60.8794
360 157 0 60.8794 60.9868
361 164 0 60.9868 61.0887
362 159 1 61.0887 61.1925
363 132 0 61.1925 61.2991
364 140 0 61.2991 61.4038
365 139 0 61.4038 61.5059
366 164 0 61.5059 61.6112
367 151 0 61.6112 61.7106
368 120 0 61.7106 61.8175
369 137 1 61.8175 61.921
370 103 3 61.921 62.028
371 122 1 62.028 62.1311
372 111 1 62.1311 62.2328
373 128 0 62.2328 62.3399
374 101 0 62.3399 62.4432
375 116 4 62.4432 62.5467
376 97 3 62.5467 62.6513
377 95 0 62.6513 62.7527
378 95 1 62.7527 62.859
379 106 0 62.859 62.9646
380 89 1 62.9646 63.0671
381 102 0 63.0671 63.1688
382 119 0 63.1688 63.2763
383 109 0 63.2763 63.3759
384 87 0 63.3759 63.4832
385 99 2 63.4832 63.5858
386 95 3 63.5858 63.6885
387 91 2 63.6885 63.7952
388 105 1 63.7952 63.8978
389 131 0 63.8978 64.0014
390 130 1 64.0014 64.1033
391 133 0 64.1033 64.2116
392 109 0 64.2116 64.3117
393 113 2 64.3117 64.4195
394 111 3 64.4195 64.5243
395 150 0 64.5243 64.6275
396 134 1 64.6275 64.7269
397 153 0 64.7269 64.8356
398 149 2 64.8356 64.9356
399 103 2 64.9356 65.0426
400 121 4 65.0426 65.1432
401 133 1 65.1432 65.2521
402 133 1 65.2521 65.3547
403 144 0 65.3547 65.46
404 136 0 65.46 65.5636
405 147 0 65.5636 65.6669
406 141 0 65.6669 65.7716
407 142 0 65.7716 65.8708
408 122 0 65.8708 65.9748
409 107 1 65.9748 66.0827
410 134 0 66.0827 66.1877
411 134 1 66.1877 66.2909
412 138 0 66.2909 66.3958
413 143 0 66.3958 66.4986
414 134 0 66.4986 66.5974
415 132 0 66.5974 66.707
416 112 1 66.707 66.8058
417 88 2 66.8058 66.9148
418 123 0 66.9148 67.0195
419 100 7 67.0195 67.1229
420 131 0 67.1229 67.4295
421 93 1 67.4295 67.5387
422 76 1 67.5387 67.6417
423 140 0 67.6417 67.85
424 139 0 67.85 68.1626
