1540581258552750080,-0.08116,0.01676,-0.00472,0.59310,-0.80248,0.06031,-0.02503,-0.18622,0.03444,0.00693,
1540581258652426240,-0.10777,0.02164,-0.00414,0.59288,-0.80341,0.05127,-0.02009,-0.14382,0.03571,-0.00795,
1540581258752517888,-0.11575,0.02379,-0.00403,0.59322,-0.80369,0.04358,-0.01684,-0.09246,0.01169,-0.02034,
1540581258853761792,-0.12025,0.02232,-0.00493,0.59289,-0.80436,0.03413,-0.01832,-0.03954,-0.01391,-0.02471,
1540581258955164928,-0.11895,0.01965,-0.00076,0.59124,-0.80512,0.04295,-0.01936,0.01904,-0.01368,0.06358,
1540581259056348672,-0.11605,0.01655,0.00104,0.58938,-0.80631,0.04323,-0.02516,0.06299,-0.05718,-0.02983,
1540581259122911488,-0.11147,0.01456,-0.00208,0.58834,-0.80727,0.03475,-0.03115,0.10489,-0.04085,-0.03894,
1540581259223364096,-0.10120,0.01265,-0.00118,0.58718,-0.80797,0.03133,-0.03761,0.12033,0.01429,0.00898,
1540581259324472320,-0.09279,0.01621,0.00102,0.58685,-0.80817,0.02583,-0.04240,0.08552,0.05422,0.00326,
1540581259425849088,-0.08419,0.02102,0.00074,0.58608,-0.80882,0.02344,-0.04205,0.10923,0.06230,-0.01277,
1540581259526938624,-0.07457,0.02929,0.00069,0.58575,-0.80942,0.01488,-0.03892,0.09994,0.09555,-0.00864,
1540581259626891520,-0.06596,0.04098,0.00050,0.58536,-0.81004,0.00671,-0.03384,0.08918,0.15383,0.00970,
1540581259695215616,-0.05972,0.05205,0.00105,0.58543,-0.81019,0.00749,-0.02827,0.08398,0.17149,0.00544,
1540581259796070400,-0.05052,0.06905,0.00060,0.58603,-0.80996,0.00719,-0.02186,0.11080,0.17945,-0.05103,
1540581259895098112,-0.04207,0.08733,-0.00406,0.58742,-0.80902,-0.00217,-0.02034,0.06297,0.20528,-0.04025,
1540581259996618496,-0.03637,0.11051,-0.00332,0.58799,-0.80863,-0.00353,-0.01965,0.01448,0.25203,-0.00494,
1540581260096839424,-0.03484,0.13929,-0.00516,0.58877,-0.80804,-0.00265,-0.02044,0.01821,0.30650,-0.02680,
1540581260198530816,-0.03435,0.17430,-0.00871,0.59004,-0.80712,0.00111,-0.02027,0.00179,0.36129,-0.03133,
1540581260265463552,-0.03428,0.20024,-0.01061,0.59086,-0.80651,0.00040,-0.02062,-0.00799,0.40509,-0.01509,
1540581260366010368,-0.03850,0.24490,-0.01217,0.59175,-0.80591,0.00368,-0.01803,-0.05909,0.47206,0.00218,
1540581260466986240,-0.04563,0.29325,-0.00982,0.59125,-0.80623,0.01226,-0.01610,-0.08961,0.48447,0.06676,
1540581260568749312,-0.05694,0.34222,-0.00166,0.58824,-0.80841,0.01379,-0.01637,-0.13701,0.44880,0.06937,
1540581260686686208,-0.07150,0.39415,-0.00271,0.58681,-0.80942,0.00679,-0.02118,-0.11789,0.42954,-0.04216,
1540581260751978240,-0.07741,0.41993,-0.00582,0.58720,-0.80908,0.00338,-0.02398,-0.06306,0.38236,-0.03209,
1540581260851560192,-0.08127,0.45700,-0.00443,0.58699,-0.80913,0.00695,-0.02657,0.00263,0.38759,0.04671,
1540581260951879936,-0.07851,0.49772,-0.00274,0.58685,-0.80894,0.02278,-0.02659,0.04987,0.40744,-0.01363,
1540581261051136512,-0.07006,0.54073,-0.00569,0.58753,-0.80827,0.02656,-0.02822,0.09639,0.41984,-0.02467,
1540581261151104512,-0.05633,0.58322,-0.00741,0.58725,-0.80821,0.03321,-0.02873,0.17307,0.42810,-0.00693,
1540581261219740672,-0.04313,0.61404,-0.00749,0.58736,-0.80796,0.03863,-0.02700,0.19217,0.47076,0.00590,
1540581261318596352,-0.02111,0.65983,-0.00592,0.58715,-0.80821,0.03767,-0.02505,0.21788,0.47851,0.00650,
1540581261418398976,0.00568,0.70834,-0.00058,0.58559,-0.80987,0.02530,-0.02362,0.28498,0.47034,0.08045,
1540581261518382336,0.03382,0.75508,0.00553,0.58358,-0.81122,0.03414,-0.01390,0.23752,0.43229,0.05535,
1540581261618576640,0.05223,0.79519,0.00429,0.58287,-0.81220,0.02192,-0.01034,0.13135,0.35531,-0.03392,
1540581261718208512,0.06337,0.82905,0.00370,0.58284,-0.81247,0.01175,-0.00692,0.08924,0.32897,0.01814,
1540581261786187776,0.07022,0.85509,0.00550,0.58381,-0.81179,0.01230,-0.00079,0.06082,0.32434,-0.02334,
1540581261885873408,0.07369,0.88991,0.00349,0.58519,-0.81086,0.00369,0.00602,0.00791,0.34126,-0.03122,
1540581261985210880,0.07150,0.92475,0.00128,0.58579,-0.81035,-0.00402,0.01330,-0.01657,0.37363,-0.00711,
1540581262085972736,0.06414,0.95866,-0.00124,0.58519,-0.81057,-0.01188,0.01974,-0.05292,0.41577,-0.00944,
1540581262185575424,0.05723,1.00227,-0.00274,0.58560,-0.81010,-0.01595,0.02365,-0.07060,0.50210,-0.02217,
1540581262286791424,0.04674,1.05096,-0.00386,0.58457,-0.81081,-0.01570,0.02486,-0.12425,0.54819,0.01552,
1540581262385754880,0.03334,1.10614,-0.00129,0.58361,-0.81140,-0.02508,0.01987,-0.12159,0.55480,0.03799,
1540581262452589568,0.02621,1.14318,0.00238,0.58256,-0.81217,-0.02681,0.01678,-0.09931,0.55771,0.05571,
1540581262552732160,0.01680,1.19591,0.00311,0.58264,-0.81232,-0.02271,0.01215,-0.08890,0.48281,-0.06449,
1540581262656283904,0.01135,1.24298,-0.00135,0.58290,-0.81240,-0.01381,0.00659,-0.03442,0.42935,0.01248,
1540581262754825472,0.00840,1.28597,0.00041,0.58294,-0.81248,-0.00756,0.00054,-0.00943,0.42746,-0.02210,
1540581262852997632,0.00837,1.32967,-0.00258,0.58456,-0.81133,0.00266,-0.00451,0.01217,0.45087,-0.06311,
1540581262954095872,0.01166,1.37666,-0.00804,0.58631,-0.80998,0.00933,-0.00954,0.04658,0.49217,-0.05376,
1540581263055553792,0.01754,1.42855,-0.01179,0.58696,-0.80936,0.01543,-0.01344,0.06739,0.52803,-0.02878,
1540581263120736256,0.02265,1.46478,-0.01416,0.58771,-0.80871,0.01861,-0.01551,0.08808,0.57450,-0.03891,
1540581263221321216,0.03213,1.52481,-0.01580,0.58735,-0.80891,0.01855,-0.01831,0.11966,0.62010,0.01294,
1540581263322260480,0.04419,1.58909,-0.01227,0.58540,-0.81025,0.02176,-0.01834,0.12730,0.62981,0.08298,
1540581263423126016,0.05536,1.64921,-0.00612,0.58327,-0.81160,0.02968,-0.01509,0.10777,0.55988,0.00890,
1540581263525175808,0.06280,1.70048,-0.01104,0.58322,-0.81191,0.02168,-0.01380,0.08399,0.45421,-0.06584,
1540581263626076672,0.06910,1.74500,-0.01120,0.58368,-0.81157,0.02408,-0.00959,0.04927,0.43028,0.02787,
1540581263692912640,0.06996,1.77264,-0.01161,0.58341,-0.81160,0.02987,-0.00570,-0.01522,0.41014,-0.03723,
1540581263794315008,0.06755,1.81496,-0.01815,0.58522,-0.81062,0.01944,-0.00573,0.00090,0.43538,-0.04587,
1540581263894701568,0.06486,1.85946,-0.01984,0.58610,-0.80992,0.02251,-0.00240,-0.05094,0.47269,-0.01466,
1540581263994698496,0.05279,1.89911,-0.02521,0.58639,-0.80985,0.01697,-0.00162,-0.11456,0.51734,-0.05350,
1540581264095225856,0.04109,1.95488,-0.02819,0.58676,-0.80963,0.01439,-0.00170,-0.13722,0.57564,0.01662,
1540581264195671040,0.02601,2.01365,-0.02141,0.58504,-0.81069,0.02242,-0.00117,-0.16611,0.59196,0.06978,
1540581264263747328,0.01575,2.05113,-0.01646,0.58295,-0.81191,0.03089,-0.00327,-0.17490,0.57225,0.06557,
1540581264364372736,-0.00179,2.10628,-0.01435,0.58197,-0.81237,0.03643,-0.00664,-0.16444,0.53754,-0.03082,
1540581264465396992,-0.01193,2.15647,-0.01797,0.58211,-0.81199,0.04173,-0.00845,-0.05955,0.45754,-0.01665,
1540581264566033920,-0.01497,2.20065,-0.01828,0.58233,-0.81170,0.04379,-0.01131,-0.02170,0.44436,-0.00365,
1540581264666970368,-0.01680,2.24589,-0.02041,0.58327,-0.81034,0.05419,-0.01409,-0.00454,0.44881,-0.06019,
1540581264767501056,-0.01521,2.29097,-0.02756,0.58527,-0.80883,0.05309,-0.02086,0.03884,0.49529,-0.07454,
1540581264835399168,-0.01245,2.32385,-0.02981,0.58658,-0.80743,0.05870,-0.02322,0.05216,0.54226,-0.01940,
1540581264935598336,-0.00594,2.38200,-0.03142,0.58747,-0.80521,0.07738,-0.02284,0.06989,0.59432,-0.03399,
1540581265038220032,-0.00118,2.44292,-0.03463,0.58695,-0.80724,0.05300,-0.03227,0.08141,0.59042,-0.00773,
1540581265136826624,0.00922,2.50224,-0.02965,0.58467,-0.80965,0.03703,-0.03562,0.14319,0.61270,0.07323,
1540581265237979904,0.02433,2.56347,-0.02789,0.58410,-0.81006,0.04128,-0.03045,0.13683,0.55488,-0.02262,
1540581265321533952,0.03310,2.60665,-0.03008,0.58448,-0.81004,0.03775,-0.02803,0.07700,0.49366,-0.04566,
1540581265421230592,0.03963,2.65197,-0.02856,0.58469,-0.80966,0.04597,-0.02179,0.02611,0.45935,0.01595,
1540581265521914624,0.04147,2.69642,-0.03033,0.58519,-0.80938,0.04709,-0.01563,-0.01532,0.45916,-0.04376,
1540581265621341440,0.04181,2.73967,-0.03428,0.58657,-0.80890,0.03935,-0.00857,-0.02737,0.48923,-0.02708,
1540581265721318144,0.03863,2.78739,-0.03753,0.58793,-0.80824,0.03301,-0.00076,-0.06705,0.55683,-0.03143,
1540581265788720384,0.03157,2.82770,-0.04011,0.58897,-0.80779,0.02448,0.00126,-0.11533,0.58950,-0.03305,
1540581265888327936,0.01818,2.88240,-0.03902,0.58851,-0.80817,0.02235,0.00395,-0.13408,0.61384,0.06218,
1540581265987350272,0.00360,2.94084,-0.03334,0.58590,-0.80996,0.02604,0.00432,-0.13832,0.60820,0.03804,
1540581266087467776,-0.01134,2.99805,-0.03155,0.58491,-0.81089,0.01841,-0.00201,-0.13309,0.57199,-0.01220,
1540581266188008192,-0.01996,3.04889,-0.03516,0.58488,-0.81062,0.02771,-0.00673,-0.05945,0.48214,-0.05493,
1540581266287968256,-0.02493,3.09344,-0.03533,0.58447,-0.81101,0.02040,-0.01535,-0.01063,0.43690,0.00612,
1540581266357095168,-0.02343,3.12487,-0.03606,0.58388,-0.81100,0.03258,-0.01741,0.03960,0.45293,-0.03318,
1540581266454405888,-0.01809,3.17293,-0.04118,0.58478,-0.81020,0.03277,-0.02327,0.07534,0.47947,-0.05052,
1540581266554288128,-0.00849,3.22263,-0.04573,0.58593,-0.80871,0.04495,-0.02575,0.10848,0.53624,-0.02948,
1540581266654989568,0.00332,3.28025,-0.04828,0.58674,-0.80695,0.06175,-0.02743,0.12622,0.58560,-0.01585,
1540581266755048192,0.01729,3.34087,-0.04947,0.58676,-0.80661,0.06432,-0.03092,0.19630,0.65943,0.00618,
1540581266855113216,0.04032,3.40737,-0.04628,0.58520,-0.80780,0.06334,-0.03143,0.24983,0.65986,0.06260,
1540581266955028992,0.06058,3.46949,-0.04175,0.58353,-0.80905,0.06320,-0.03054,0.17537,0.58224,0.00814,
1540581267055831040,0.07446,3.52423,-0.04573,0.58359,-0.80982,0.04927,-0.03453,0.11417,0.51407,-0.06980,
1540581267122068224,0.08172,3.55779,-0.04923,0.58422,-0.80944,0.04764,-0.03501,0.10439,0.49269,-0.01823,
1540581267221598720,0.08731,3.60382,-0.05163,0.58472,-0.80864,0.05622,-0.03233,0.03097,0.47409,-0.03538,
1540581267322539264,0.08936,3.65320,-0.05702,0.58609,-0.80822,0.04592,-0.03407,0.01583,0.51826,-0.07414,
1540581267426285312,0.08835,3.70845,-0.06305,0.58818,-0.80706,0.04079,-0.03230,-0.03164,0.55740,-0.05826,
1540581267524702464,0.08285,3.76312,-0.06689,0.58975,-0.80630,0.03180,-0.03274,-0.08528,0.59160,-0.03484,
1540581267625449216,0.07358,3.81552,-0.06326,0.58757,-0.80801,0.02701,-0.03406,-0.11079,0.58674,0.10377,
1540581267690444800,0.06681,3.85288,-0.05573,0.58484,-0.80982,0.03091,-0.03462,-0.11401,0.58885,0.11392,
1540581267791047936,0.05785,3.91357,-0.04899,0.58247,-0.81088,0.04489,-0.03458,-0.05778,0.59465,0.02316,
1540581267891946752,0.05465,3.96892,-0.05152,0.58220,-0.81006,0.06092,-0.03368,-0.03467,0.49824,-0.03778,
1540581267992744704,0.04936,4.01133,-0.04993,0.58208,-0.81065,0.05127,-0.03750,0.00049,0.48077,0.00590,
1540581268093308672,0.05209,4.06011,-0.05226,0.58319,-0.80847,0.07187,-0.03319,0.03886,0.48621,-0.05713,
1540581268194601472,0.05648,4.10938,-0.05906,0.58547,-0.80722,0.06704,-0.03355,0.07874,0.53269,-0.05142,
1540581268261564928,0.06385,4.13671,-0.06018,0.58709,-0.80541,0.07607,-0.02914,0.15218,0.58350,-0.03431,
1540581268362845696,0.08165,4.19938,-0.06086,0.58788,-0.80190,0.10494,-0.01854,0.17297,0.62777,-0.00812,
1540581268464422144,0.09806,4.26205,-0.05887,0.58644,-0.80451,0.09199,-0.01971,0.18790,0.63092,0.06517,
1540581268564924160,0.11693,4.31856,-0.05218,0.58450,-0.80641,0.08762,-0.01982,0.15541,0.58100,0.00418,
1540581268664869888,0.12816,4.37410,-0.05516,0.58526,-0.80801,0.06129,-0.02888,0.09019,0.49006,-0.06434,
1540581268766267392,0.13490,4.42061,-0.06139,0.58592,-0.80833,0.04327,-0.03783,0.04480,0.42640,-0.02120,
1540581268866290688,0.13861,4.45896,-0.06101,0.58596,-0.80790,0.04920,-0.03908,0.01131,0.39603,-0.01272,
1540581268933855744,0.13810,4.48792,-0.06367,0.58623,-0.80805,0.04242,-0.04001,-0.01157,0.40040,-0.06909,
1540581269034218240,0.14013,4.53336,-0.07015,0.58794,-0.80754,0.02881,-0.03726,0.03830,0.46785,-0.03709,
1540581269135128576,0.13997,4.58441,-0.07212,0.58928,-0.80700,0.02664,-0.02810,-0.03913,0.53282,-0.01844,
1540581269236331264,0.13593,4.64959,-0.07337,0.59033,-0.80633,0.02978,-0.02128,-0.06452,0.59564,0.00659,
1540581269336487936,0.12880,4.70794,-0.06839,0.58910,-0.80685,0.04132,-0.01547,-0.09720,0.56857,0.07163,
1540581269404540160,0.12304,4.75724,-0.06606,0.58715,-0.80852,0.03600,-0.01629,-0.12976,0.54686,0.03757,
1540581269504786688,0.11140,4.81369,-0.06491,0.58720,-0.80872,0.02873,-0.01824,-0.12053,0.53272,-0.01247,
1540581269605793024,0.10082,4.86418,-0.06698,0.58738,-0.80863,0.02759,-0.01857,-0.12150,0.46526,0.00206,
1540581269709497088,0.09082,4.91441,-0.06553,0.58712,-0.80892,0.02413,-0.01869,-0.06822,0.46258,-0.01906,
1540581269808389888,0.08763,4.96688,-0.06846,0.58865,-0.80775,0.02793,-0.01566,-0.02712,0.49239,-0.05157,
1540581269891744512,0.08701,5.00538,-0.07347,0.58990,-0.80697,0.02471,-0.01462,0.00138,0.52905,-0.05136,
1540581269990178560,0.08798,5.06002,-0.07797,0.59215,-0.80527,0.02773,-0.01161,0.00874,0.64509,-0.02684,
1540581270090689536,0.09398,5.12486,-0.08007,0.59329,-0.80410,0.03719,-0.00676,0.10971,0.70844,-0.00008,
1540581270190572800,0.10607,5.19615,-0.07721,0.59181,-0.80514,0.03874,-0.00327,0.13015,0.66375,0.06863,
1540581270290817536,0.11842,5.26062,-0.07037,0.58985,-0.80695,0.02993,-0.00327,0.13481,0.62797,0.00253,
1540581270357565440,0.12538,5.30809,-0.07100,0.58877,-0.80805,0.01944,-0.00560,0.09825,0.57463,-0.00373,
1540581270457732352,0.13450,5.36260,-0.07374,0.58933,-0.80780,0.00605,-0.01026,0.09327,0.50576,-0.03682,
1540581270557674752,0.14136,5.41167,-0.07558,0.59078,-0.80666,0.00758,-0.01467,0.04864,0.46265,-0.00753,
1540581270657936640,0.14352,5.46266,-0.07906,0.59124,-0.80615,0.01153,-0.02082,0.02748,0.48951,-0.02196,
1540581270759332096,0.14847,5.51460,-0.08154,0.59213,-0.80505,0.02800,-0.02219,0.05296,0.53456,-0.02701,
1540581270857656832,0.15288,5.56989,-0.08630,0.59301,-0.80441,0.02521,-0.02500,0.02418,0.57907,-0.05925,
1540581270958565120,0.15321,5.63706,-0.08857,0.59303,-0.80429,0.02802,-0.02539,0.00713,0.64018,0.02546,
1540581271024594688,0.15143,5.67872,-0.08533,0.59238,-0.80444,0.03780,-0.02317,-0.05376,0.63055,0.06040,
1540581271124769536,0.14551,5.73893,-0.08064,0.58948,-0.80650,0.03775,-0.02563,-0.06838,0.60813,0.02771,
1540581271224046592,0.13974,5.80129,-0.08052,0.58919,-0.80639,0.04400,-0.02554,-0.04452,0.57078,-0.03106,
1540581271324544256,0.13455,5.85448,-0.08110,0.58901,-0.80652,0.04405,-0.02554,-0.05827,0.49320,0.00838,
1540581271424143360,0.13095,5.90363,-0.07943,0.58874,-0.80623,0.05351,-0.02254,-0.03768,0.49614,-0.01260,
1540581271524881920,0.12728,5.96044,-0.08362,0.59019,-0.80550,0.04918,-0.02084,-0.03139,0.51985,-0.08400,
1540581271624800512,0.12656,6.01640,-0.09395,0.59291,-0.80429,0.03301,-0.02204,-0.00385,0.62592,-0.09985,
1540581271691810048,0.12664,6.06166,-0.09762,0.59574,-0.80219,0.03481,-0.01942,0.01176,0.72212,-0.01830,
1540581271796636672,0.13101,6.14537,-0.09661,0.59588,-0.80098,0.05748,-0.00797,0.07296,0.76036,0.03744,
1540581271892461312,0.13915,6.21280,-0.09062,0.59282,-0.80410,0.04420,-0.00560,0.09327,0.65540,0.10210,
1540581271993980416,0.14944,6.27610,-0.08353,0.58996,-0.80666,0.03514,-0.00312,0.10324,0.59807,0.03115,
1540581272093750016,0.15753,6.33312,-0.08333,0.58940,-0.80726,0.03050,-0.00269,0.07901,0.52402,-0.01696,
1540581272193647872,0.16442,6.38198,-0.08312,0.58895,-0.80748,0.03321,-0.00377,0.05469,0.45336,-0.00335,
1540581272296173824,0.16874,6.42902,-0.08702,0.58929,-0.80748,0.02494,-0.00924,0.04435,0.47518,-0.04817,
1540581272360313600,0.17148,6.46051,-0.09010,0.59010,-0.80693,0.02264,-0.01168,0.05443,0.49900,-0.04073,
1540581272461452288,0.17453,6.51669,-0.09151,0.59071,-0.80646,0.02120,-0.01536,0.03388,0.56993,-0.02695,
1540581272562472960,0.17778,6.57737,-0.09360,0.59138,-0.80574,0.02599,-0.01973,0.01663,0.65413,-0.01213,
1540581272662919168,0.17868,6.64197,-0.09431,0.59071,-0.80593,0.02864,-0.02686,-0.01738,0.66003,0.03146,
1540581272764309504,0.17636,6.70628,-0.08874,0.58753,-0.80789,0.02672,-0.03757,-0.06021,0.62637,0.06896,
1540581272864900352,0.16990,6.77051,-0.08437,0.58505,-0.80893,0.03176,-0.04828,-0.06586,0.57804,0.01970,
1540581272932003840,0.16669,6.80607,-0.08450,0.58425,-0.80869,0.04595,-0.05062,-0.02556,0.48991,-0.00153,
1540581273032539392,0.16796,6.84818,-0.07928,0.58264,-0.80894,0.05994,-0.05054,0.04503,0.44163,0.05122,
1540581273133359872,0.17121,6.89028,-0.07794,0.58188,-0.80905,0.06904,-0.04579,0.02252,0.42455,-0.02630,
1540581273234522880,0.17333,6.93198,-0.08281,0.58420,-0.80787,0.06633,-0.04079,0.01569,0.43136,-0.06782,
1540581273335210752,0.17626,6.97568,-0.08952,0.58682,-0.80657,0.06245,-0.03438,0.03287,0.50742,-0.05681,
1540581273436559616,0.18041,7.03236,-0.09479,0.58950,-0.80447,0.06824,-0.02563,0.03666,0.61998,-0.00802,
1540581273504932608,0.18488,7.07505,-0.09439,0.59058,-0.80264,0.08173,-0.01736,0.07947,0.66397,0.00505,
1540581273605174016,0.19382,7.13970,-0.09191,0.58978,-0.80215,0.09297,-0.00794,0.08475,0.65623,0.03608,
1540581273704906240,0.20240,7.20310,-0.08868,0.58846,-0.80498,0.07529,-0.00681,0.07517,0.60255,0.00872,
1540581273805671936,0.20931,7.25889,-0.08967,0.58785,-0.80746,0.04822,-0.01092,0.04404,0.53968,0.00366,
1540581273908812800,0.21278,7.30972,-0.09448,0.58750,-0.80844,0.03265,-0.01412,0.03680,0.51187,-0.01004,
1540581274008760064,0.21436,7.35734,-0.09504,0.58736,-0.80849,0.03309,-0.01603,-0.00900,0.47765,0.00125,
1540581274110269440,0.21311,7.40437,-0.09603,0.58681,-0.80870,0.03615,-0.01862,-0.01079,0.48083,-0.00824,
1540581274175864576,0.21179,7.42685,-0.09704,0.58771,-0.80783,0.04023,-0.01985,0.01099,0.51571,-0.01993,
1540581274312108032,0.21099,7.50257,-0.10159,0.58854,-0.80712,0.03837,-0.02658,-0.01424,0.60938,-0.04661,
1540581274414156800,0.21012,7.56923,-0.10383,0.58869,-0.80629,0.04940,-0.02998,-0.00414,0.67267,0.00603,
1540581274481722624,0.20929,7.61529,-0.09993,0.58732,-0.80689,0.05308,-0.03420,-0.02682,0.63445,0.10454,
1540581274562593792,0.20477,7.65932,-0.09150,0.58291,-0.80970,0.05355,-0.04172,-0.05855,0.58446,0.12631,
1540581274660026880,0.19859,7.71253,-0.08746,0.58071,-0.80809,0.08954,-0.04171,-0.05566,0.50192,-0.07012,
1540581274759765504,0.19123,7.76105,-0.09312,0.58070,-0.80908,0.07350,-0.05268,-0.09187,0.38279,-0.00655,
1540581274860555520,0.18623,7.79545,-0.09303,0.57962,-0.81039,0.06452,-0.05609,0.00913,0.39875,-0.01627,
1540581274960431360,0.18656,7.84017,-0.09778,0.58149,-0.80904,0.06805,-0.05182,-0.00993,0.44149,-0.08501,
1540581275026534400,0.18628,7.87298,-0.10286,0.58366,-0.80823,0.05977,-0.05029,-0.01271,0.49855,-0.07202,
1540581275126742784,0.18680,7.92193,-0.10814,0.58642,-0.80602,0.06859,-0.04178,0.01672,0.55910,-0.03290,
1540581275227045120,0.19057,7.98075,-0.11341,0.58948,-0.80342,0.07744,-0.03229,0.04813,0.60551,-0.06634,
1540581275327158528,0.19720,8.04326,-0.11958,0.59112,-0.80406,0.05626,-0.03007,0.07777,0.61336,-0.00697,
1540581275426617600,0.20589,8.10595,-0.11429,0.59021,-0.80549,0.04676,-0.02554,0.10860,0.60181,0.06500,
1540581275526805248,0.21812,8.16329,-0.11005,0.58815,-0.80678,0.05295,-0.01928,0.09359,0.58512,0.03697,
1540581275627074048,0.22787,8.22260,-0.10957,0.58713,-0.80752,0.05339,-0.01839,0.07742,0.53788,-0.02362,
1540581275693699072,0.23138,8.25886,-0.11088,0.58698,-0.80777,0.04985,-0.02172,0.04833,0.50425,-0.02967,
1540581275793976576,0.23309,8.30833,-0.11035,0.58639,-0.80763,0.05606,-0.02722,0.03163,0.47373,-0.02278,
1540581275893893120,0.23611,8.35649,-0.11338,0.58704,-0.80591,0.06945,-0.03252,0.03088,0.49616,-0.05177,
1540581275994322688,0.24108,8.41135,-0.11857,0.58781,-0.80438,0.07813,-0.03671,0.06096,0.53279,-0.03793,
1540581276093966848,0.24628,8.46512,-0.12322,0.58875,-0.80370,0.07522,-0.04209,0.03135,0.56963,-0.04415,
1540581276193942784,0.24753,8.52148,-0.12502,0.58843,-0.80428,0.06842,-0.04693,0.00696,0.58457,0.04435,
1540581276294849280,0.24693,8.57934,-0.11841,0.58535,-0.80638,0.06951,-0.04783,-0.01695,0.58919,0.08018,
1540581276360559104,0.24513,8.61699,-0.11591,0.58455,-0.80686,0.07063,-0.04793,-0.04249,0.57293,-0.00792,
1540581276462394624,0.24009,8.67166,-0.11825,0.58466,-0.80623,0.07764,-0.04622,-0.05854,0.50862,-0.00869,
1540581276562830080,0.23407,8.72179,-0.11524,0.58401,-0.80605,0.08600,-0.04265,-0.03849,0.45566,0.03218,
1540581276662467584,0.23224,8.76827,-0.11742,0.58470,-0.80543,0.08927,-0.03791,-0.01074,0.46691,-0.06289,
1540581276762560000,0.23073,8.81505,-0.12589,0.58742,-0.80546,0.06922,-0.03719,-0.00331,0.50913,-0.07977,
1540581276862704384,0.23414,8.87220,-0.13360,0.59026,-0.80464,0.05461,-0.03417,0.06334,0.62197,-0.04960,
1540581276930443776,0.24051,8.92462,-0.13580,0.59192,-0.80305,0.06355,-0.02658,0.08552,0.65651,-0.00440,
1540581277031293952,0.24796,8.99071,-0.13616,0.59187,-0.80286,0.06907,-0.01848,0.08620,0.67937,0.01221,
1540581277133535232,0.25775,9.05639,-0.13209,0.59050,-0.80354,0.07400,-0.01256,0.09155,0.64807,0.04949,
1540581277232587264,0.26500,9.11271,-0.13018,0.58899,-0.80469,0.07379,-0.01082,0.02516,0.56709,0.00220,
1540581277334110208,0.26626,9.16604,-0.13509,0.58937,-0.80611,0.05014,-0.01766,0.01831,0.49287,-0.06895,
1540581277434985984,0.26832,9.21416,-0.13874,0.59018,-0.80591,0.04143,-0.02180,0.04129,0.47528,-0.04159,
1540581277501878784,0.26886,9.26484,-0.13913,0.59026,-0.80568,0.04353,-0.02420,0.00629,0.50139,-0.00992,
1540581277602383360,0.27063,9.31746,-0.14123,0.59045,-0.80537,0.04371,-0.02911,0.02370,0.53746,-0.03236,
1540581277703043584,0.27208,9.37415,-0.14529,0.59160,-0.80426,0.04534,-0.03351,0.00782,0.58746,-0.05293,
1540581277805774592,0.27156,9.43692,-0.15007,0.59265,-0.80349,0.04067,-0.03896,-0.00923,0.61614,-0.02404,
1540581277904989184,0.26808,9.50199,-0.14674,0.59025,-0.80545,0.02971,-0.04442,-0.06726,0.57426,0.05826,
1540581278005519104,0.25917,9.55940,-0.14148,0.58704,-0.80782,0.02059,-0.04886,-0.10865,0.56871,0.02591,
1540581278073302272,0.25206,9.59760,-0.14418,0.58613,-0.80849,0.01572,-0.05050,-0.08631,0.54679,-0.07126,
1540581278173789952,0.24446,9.64565,-0.15009,0.58641,-0.80830,0.00036,-0.05262,-0.09086,0.43883,-0.00445,
1540581278274981376,0.23925,9.68162,-0.14727,0.58628,-0.80865,-0.00069,-0.04850,-0.01317,0.43992,0.01375,
1540581278376596736,0.23760,9.72739,-0.14960,0.58840,-0.80748,0.00335,-0.04171,-0.02003,0.44836,-0.07510,
1540581278475836160,0.23546,9.77538,-0.15611,0.59023,-0.80632,-0.00656,-0.03777,0.01263,0.50364,-0.03940,
1540581278576505856,0.23879,9.83089,-0.15770,0.59297,-0.80470,0.01353,-0.02571,0.05969,0.61310,-0.00606,
1540581278643604224,0.24260,9.87391,-0.15801,0.59374,-0.80408,0.02407,-0.01876,0.06802,0.65705,-0.00412,
1540581278745255936,0.24997,9.94227,-0.15593,0.59209,-0.80555,0.01585,-0.01653,0.09430,0.68706,0.06862,
1540581278845560576,0.25907,10.01275,-0.14355,0.58974,-0.80729,0.01646,-0.01458,0.09806,0.62799,0.04574,
1540581278965100544,0.27468,10.08360,-0.14759,0.58956,-0.80750,0.00162,-0.01920,0.12996,0.53458,-0.10612,
1540581279065278976,0.28533,10.14087,-0.15211,0.58943,-0.80742,-0.00600,-0.02472,0.10275,0.49570,0.01811,
1540581279131943424,0.29065,10.18730,-0.14736,0.58898,-0.80769,0.01235,-0.02419,0.08362,0.50009,0.03651,
1540581279229413888,0.29690,10.23896,-0.15024,0.58873,-0.80752,0.02089,-0.02948,0.05769,0.50684,-0.03788,
1540581279329404416,0.30201,10.29094,-0.15639,0.59043,-0.80603,0.02005,-0.03623,0.03081,0.52398,-0.05895,
1540581279430239488,0.30227,10.35434,-0.15920,0.59226,-0.80453,0.01746,-0.04078,0.00309,0.59821,-0.04243,
1540581279529405184,0.30126,10.41343,-0.16126,0.59232,-0.80442,0.01279,-0.04369,-0.01162,0.62861,0.05848,
1540581279596342784,0.29932,10.45271,-0.15474,0.59048,-0.80579,0.01035,-0.04393,-0.03123,0.61456,0.12772,
1540581279695979776,0.29104,10.51483,-0.14342,0.58820,-0.80743,0.01964,-0.04105,-0.09000,0.59326,0.00959,
1540581279796399104,0.28159,10.56950,-0.14837,0.58852,-0.80719,0.02229,-0.03977,-0.06878,0.53660,-0.05008,
1540581279896302592,0.27506,10.61631,-0.14903,0.58867,-0.80720,0.02582,-0.03518,-0.05972,0.45139,0.01774,
1540581279996288512,0.27146,10.65945,-0.14996,0.58861,-0.80736,0.02693,-0.03119,-0.00735,0.45896,-0.01958,
1540581280097449728,0.26929,10.71174,-0.15420,0.59046,-0.80617,0.02483,-0.02887,0.01441,0.52499,-0.06490,
1540581280196784640,0.27226,10.76698,-0.16052,0.59235,-0.80479,0.02718,-0.02648,0.04730,0.61691,-0.04124,
1540581280265276672,0.27543,10.81021,-0.16183,0.59425,-0.80302,0.03897,-0.02253,0.07426,0.67150,-0.02151,
1540581280363493376,0.28125,10.87685,-0.16310,0.59526,-0.80203,0.04465,-0.02065,0.11552,0.70730,-0.01760,
1540581280463287040,0.29538,10.94607,-0.16041,0.59357,-0.80380,0.03208,-0.02368,0.14151,0.61954,0.06574,
1540581280563437056,0.31054,11.00870,-0.15463,0.59105,-0.80580,0.02592,-0.02604,0.14956,0.57459,0.02541,
1540581280663232512,0.32142,11.07406,-0.15735,0.59032,-0.80634,0.01942,-0.03095,0.12819,0.49741,-0.01433,
1540581280763495936,0.33280,11.12364,-0.15622,0.58982,-0.80635,0.02713,-0.03420,0.10048,0.44988,0.01394,
1540581280863976192,0.34166,11.17090,-0.15697,0.58993,-0.80573,0.03812,-0.03649,0.08905,0.46910,-0.02099,
1540581280932164864,0.34714,11.20339,-0.15852,0.59076,-0.80487,0.04248,-0.03723,0.06985,0.47593,-0.03870,
1540581281030735616,0.34886,11.26987,-0.16504,0.59158,-0.80441,0.03648,-0.04031,0.02498,0.54553,-0.05860,
1540581281131466752,0.34956,11.32909,-0.16980,0.59310,-0.80356,0.02598,-0.04287,0.00547,0.63419,-0.04315,
1540581281234398464,0.34897,11.39444,-0.16901,0.59237,-0.80421,0.02295,-0.04261,-0.02146,0.65954,0.08102,
1540581281332452864,0.34633,11.45716,-0.15806,0.58911,-0.80664,0.02743,-0.03910,-0.04428,0.66423,0.10830,
1540581281433432320,0.33678,11.52710,-0.15761,0.58817,-0.80735,0.03026,-0.03643,-0.08364,0.58596,-0.03869,
1540581281499772416,0.33136,11.56068,-0.16000,0.58898,-0.80691,0.02712,-0.03555,-0.07563,0.50705,-0.02426,
1540581281600180992,0.32368,11.60750,-0.15828,0.58811,-0.80776,0.02226,-0.03388,-0.05173,0.46456,0.02999,
1540581281705176320,0.32079,11.65509,-0.15959,0.58830,-0.80780,0.01974,-0.03115,-0.00417,0.47918,-0.06151,
1540581281802191360,0.31876,11.69679,-0.16901,0.59021,-0.80653,0.01767,-0.02900,0.02587,0.52889,-0.05719,
1540581281903010560,0.32261,11.75697,-0.17216,0.59279,-0.80436,0.03256,-0.02346,0.07134,0.65982,-0.02746,
1540581282003695616,0.32987,11.82735,-0.17769,0.59491,-0.80266,0.03663,-0.02207,0.07097,0.71771,-0.04489,
1540581282071553024,0.33552,11.89072,-0.18098,0.59475,-0.80290,0.03225,-0.02408,0.10640,0.75188,-0.00306,
1540581282172654848,0.34728,11.96803,-0.17612,0.59258,-0.80455,0.02697,-0.02850,0.11651,0.71219,0.07689,
1540581282272860672,0.36186,12.03997,-0.16844,0.59009,-0.80615,0.03164,-0.03028,0.16713,0.66552,0.02269,
1540581282373650944,0.37456,12.09712,-0.17064,0.58965,-0.80634,0.03231,-0.03296,0.12418,0.56678,-0.03769,
1540581282473885184,0.38670,12.15122,-0.17018,0.58993,-0.80590,0.03606,-0.03473,0.11185,0.50804,0.00078,
1540581282577744128,0.39354,12.20707,-0.17724,0.59034,-0.80553,0.03527,-0.03707,0.03293,0.51332,-0.09208,
1540581282642546944,0.39591,12.24373,-0.18417,0.59143,-0.80502,0.01875,-0.04247,0.05456,0.55834,-0.09115,
1540581282743061504,0.40040,12.30522,-0.19051,0.59431,-0.80284,0.02471,-0.04044,0.01573,0.62313,-0.04404,
1540581282843502848,0.39958,12.36865,-0.19191,0.59512,-0.80242,0.01857,-0.04019,-0.00801,0.64641,0.00545,
1540581282944413952,0.39589,12.43628,-0.18578,0.59289,-0.80421,0.01383,-0.03925,-0.05293,0.58196,0.08454,
1540581283048742656,0.38725,12.49398,-0.17654,0.58972,-0.80663,0.00764,-0.03911,-0.07478,0.57115,0.03280,
1540581283146259456,0.38218,12.54641,-0.18025,0.59115,-0.80565,0.01276,-0.03600,-0.02819,0.53788,-0.08314,
1540581283251833344,0.37530,12.59191,-0.17882,0.59118,-0.80583,0.01077,-0.03213,-0.02030,0.48203,0.05568,
1540581283316034816,0.37535,12.62460,-0.17671,0.59067,-0.80613,0.02384,-0.02653,0.01328,0.51398,0.00512,
1540581283416892672,0.37522,12.67574,-0.18125,0.59212,-0.80527,0.01766,-0.02495,0.00243,0.51754,-0.08227,
1540581283515619328,0.37686,12.73041,-0.18957,0.59429,-0.80373,-0.00055,-0.02876,0.05703,0.59202,-0.06249,
1540581283599470592,0.38083,12.77731,-0.19239,0.59613,-0.80241,0.00976,-0.02615,0.09452,0.65748,-0.01499,
1540581283699850496,0.39246,12.84702,-0.19248,0.59624,-0.80207,0.02618,-0.02218,0.13591,0.66501,0.03482,
1540581283799244288,0.40845,12.91507,-0.18775,0.59455,-0.80344,0.02122,-0.02311,0.17599,0.61267,0.05109,
1540581283899376640,0.42342,12.97501,-0.18312,0.59256,-0.80498,0.01640,-0.02471,0.16045,0.55295,-0.00227,
1540581283999295744,0.43768,13.02950,-0.18633,0.59285,-0.80476,0.00539,-0.02931,0.13602,0.50205,-0.06377,
1540581284099307264,0.44871,13.07913,-0.18961,0.59306,-0.80428,-0.00921,-0.03641,0.09518,0.43789,0.01278,
1540581284200075264,0.45970,13.12954,-0.18988,0.59347,-0.80404,0.01718,-0.03182,0.11779,0.46624,0.01270,
1540581284266130432,0.46366,13.17550,-0.18789,0.59582,-0.80157,0.04305,-0.02522,0.10320,0.51055,-0.02743,
1540581284366911744,0.47142,13.22917,-0.19187,0.59747,-0.79998,0.05100,-0.02143,0.02492,0.53418,-0.08230,
1540581284466834176,0.46953,13.29269,-0.19794,0.59856,-0.80041,0.01801,-0.02731,-0.00148,0.60160,-0.05921,
1540581284566004992,0.46862,13.35096,-0.19780,0.59851,-0.80056,0.01797,-0.02373,-0.01762,0.62352,0.03981,
1540581284666392064,0.46283,13.41034,-0.18837,0.59521,-0.80313,0.01334,-0.02287,-0.09438,0.59976,0.10411,
1540581284766281728,0.44939,13.46844,-0.18125,0.59287,-0.80488,0.01264,-0.02266,-0.09621,0.62401,-0.00973,
1540581284833871872,0.44161,13.50525,-0.18333,0.59260,-0.80510,0.00639,-0.02471,-0.09797,0.59508,-0.03111,
1540581284933212672,0.43201,13.55544,-0.18085,0.59133,-0.80601,-0.00479,-0.02552,-0.04350,0.52294,0.03966,
1540581285034971136,0.43228,13.60838,-0.17962,0.59138,-0.80611,0.00907,-0.01935,0.03450,0.53234,-0.02978,
1540581285134187008,0.43111,13.65402,-0.18591,0.59347,-0.80466,0.00568,-0.01704,0.03668,0.54382,-0.06855,
1540581285233298432,0.43651,13.71031,-0.19284,0.59646,-0.80249,0.00757,-0.01396,0.07396,0.61998,-0.07247,
1540581285333212160,0.44738,13.77712,-0.19992,0.59911,-0.80041,0.01714,-0.01056,0.11754,0.68430,-0.04341,
1540581285433537792,0.45964,13.86194,-0.20310,0.59919,-0.80043,0.01167,-0.01256,0.14677,0.71322,0.03252,
1540581285500115712,0.47079,13.90937,-0.19927,0.59772,-0.80153,0.00545,-0.01570,0.18200,0.70725,0.09500,
1540581285599690240,0.48970,13.97996,-0.19173,0.59493,-0.80337,0.02041,-0.01549,0.18181,0.64259,0.03006,
1540581285703147264,0.50662,14.04779,-0.19352,0.59452,-0.80355,0.01868,-0.02249,0.14797,0.56072,-0.05635,
1540581285802704896,0.51528,14.10770,-0.19310,0.59388,-0.80382,0.01473,-0.03092,0.11307,0.51056,0.03347,
1540581285902929664,0.52534,14.15860,-0.19222,0.59375,-0.80311,0.03887,-0.03098,0.07275,0.50864,-0.04088,
1540581286003533568,0.53140,14.21323,-0.19723,0.59490,-0.80246,0.02968,-0.03575,0.04822,0.53373,-0.04045,
1540581286102826240,0.53314,14.28455,-0.20074,0.59617,-0.80156,0.03150,-0.03318,0.01571,0.59411,-0.03411,
1540581286169945856,0.53375,14.32544,-0.20319,0.59697,-0.80126,0.02417,-0.03196,0.00175,0.62555,-0.03792,
1540581286271036416,0.53236,14.38691,-0.20214,0.59654,-0.80181,0.02469,-0.02518,-0.02522,0.60299,0.06562,
1540581286371285504,0.52458,14.44187,-0.19341,0.59305,-0.80460,0.02006,-0.02231,-0.10136,0.57705,0.07647,
1540581286472638464,0.51170,14.50584,-0.19232,0.59220,-0.80536,0.01115,-0.02369,-0.11072,0.58456,-0.04670,
1540581286573775872,0.50207,14.56018,-0.19493,0.59187,-0.80563,0.00529,-0.02495,-0.08427,0.54950,0.04551,
1540581286674210560,0.49664,14.61195,-0.18875,0.59072,-0.80625,0.02624,-0.01794,-0.01736,0.53870,0.02152,
1540581286741699584,0.49015,14.63689,-0.18921,0.59129,-0.80578,0.02902,-0.01572,-0.01470,0.54566,-0.06478,
1540581286842053376,0.48945,14.68672,-0.19676,0.59338,-0.80465,0.01230,-0.01682,0.02326,0.55335,-0.07809,
1540581286942857472,0.49391,14.74415,-0.20169,0.59542,-0.80306,0.02131,-0.01061,0.07185,0.60706,-0.04261,
1540581287043151616,0.50334,14.81120,-0.20626,0.59745,-0.80159,0.02147,-0.00694,0.11665,0.68761,-0.03702,
1540581287143756032,0.51570,14.89030,-0.20868,0.59747,-0.80164,0.01932,-0.00452,0.14975,0.70858,0.01843,
1540581287245325056,0.53014,14.96096,-0.20085,0.59516,-0.80333,0.02065,-0.00493,0.12538,0.62901,0.09306,
1540581287312489216,0.53897,15.00333,-0.19762,0.59221,-0.80533,0.02616,-0.00658,0.12397,0.58744,0.01973,
1540581287412823552,0.54850,15.05088,-0.19769,0.59215,-0.80538,0.02358,-0.01265,0.14263,0.53483,-0.05293,
1540581287515460352,0.56088,15.10355,-0.19941,0.59196,-0.80544,0.02133,-0.01965,0.10779,0.46421,-0.00189,
1540581287614859520,0.57159,15.15337,-0.20257,0.59210,-0.80509,0.02431,-0.02550,0.09989,0.48207,-0.06406,
1540581287716072448,0.57876,15.21296,-0.20730,0.59328,-0.80408,0.02218,-0.03122,0.07907,0.49527,-0.03232,
1540581287817953792,0.58498,15.26627,-0.20934,0.59429,-0.80304,0.03000,-0.03238,0.03658,0.52096,-0.03308,
1540581287883401472,0.58627,15.30081,-0.21222,0.59479,-0.80274,0.02464,-0.03511,0.00538,0.55167,-0.05577,
1540581287986444032,0.58130,15.36500,-0.21483,0.59464,-0.80290,0.01646,-0.03862,-0.04375,0.57327,0.02775,
1540581288090686208,0.57525,15.42185,-0.20663,0.59164,-0.80509,0.01700,-0.03887,-0.06357,0.56386,0.09953,
1540581288202300416,0.56673,15.48147,-0.20284,0.59015,-0.80621,0.01404,-0.03941,-0.08313,0.54493,-0.06550,
1540581288303141632,0.56064,15.53288,-0.21106,0.59116,-0.80538,-0.00617,-0.04293,-0.03295,0.48747,-0.04295,
1540581288368274176,0.55557,15.56416,-0.21126,0.59161,-0.80519,-0.00919,-0.03992,-0.03070,0.49688,0.04389,
1540581288468199680,0.55456,15.61247,-0.20830,0.59172,-0.80551,0.01215,-0.02952,-0.00619,0.49676,0.00389,
1540581288568559360,0.55395,15.66278,-0.21140,0.59266,-0.80502,0.01088,-0.02383,0.01169,0.51822,-0.04356,
1540581288668405248,0.55827,15.71650,-0.21460,0.59434,-0.80399,0.00896,-0.01702,0.07606,0.58022,-0.02134,
1540581288768672512,0.56647,15.78048,-0.21920,0.59597,-0.80293,0.00723,-0.00815,0.10236,0.61949,-0.02628,
1540581288835200512,0.57461,15.82367,-0.22009,0.59608,-0.80290,0.00597,-0.00261,0.12793,0.61677,-0.00023,
1540581288935328768,0.58466,15.88119,-0.21519,0.59419,-0.80427,-0.00891,0.00005,0.08022,0.51043,0.06848,
1540581289036458496,0.59070,15.93024,-0.21123,0.59197,-0.80579,-0.01638,-0.00056,0.08068,0.48399,-0.00683,
1540581289135942912,0.59881,15.97746,-0.21416,0.59250,-0.80526,-0.02201,-0.00403,0.07860,0.42762,-0.03116,
1540581289235627008,0.60527,16.01668,-0.21449,0.59225,-0.80535,-0.02389,-0.00926,0.04584,0.34758,0.02317,
1540581289335449088,0.60415,16.04726,-0.21432,0.59169,-0.80580,-0.01948,-0.01441,0.00204,0.27636,-0.02645,
1540581289435488000,0.60222,16.07255,-0.21568,0.59168,-0.80565,-0.01935,-0.02168,-0.02856,0.23126,0.01381,
1540581289502471680,0.60010,16.08694,-0.21394,0.59153,-0.80588,-0.00651,-0.02439,-0.05703,0.18836,0.03577,
1540581289604480512,0.58726,16.10393,-0.21611,0.59069,-0.80621,-0.00883,-0.03209,-0.09929,0.14229,-0.02780,
1540581289702607360,0.57848,16.11429,-0.21996,0.59081,-0.80590,-0.01151,-0.03666,-0.06288,0.12260,-0.01367,
1540581289802743296,0.57251,16.12245,-0.22015,0.59115,-0.80572,-0.00860,-0.03578,-0.04213,0.08409,0.00770,
1540581289905324544,0.56541,16.12532,-0.22020,0.59100,-0.80587,-0.00947,-0.03475,-0.05434,0.03715,-0.01366,
1540581290002495744,0.55925,16.12573,-0.22159,0.59090,-0.80587,-0.01401,-0.03493,-0.05836,0.01606,-0.00251,
1540581290102944256,0.55315,16.12526,-0.22062,0.59041,-0.80621,-0.01671,-0.03402,-0.04013,0.02950,0.01697,
1540581290170200832,0.55014,16.12693,-0.22005,0.59028,-0.80627,-0.01931,-0.03343,-0.02247,0.03182,0.00330,
1540581290269941504,0.54640,16.12831,-0.22124,0.59037,-0.80610,-0.02551,-0.03197,-0.03073,-0.00315,-0.02051,
1540581290370979840,0.54293,16.12794,-0.22307,0.59076,-0.80572,-0.02972,-0.03043,-0.00996,-0.00680,-0.01932,
1540581290470316800,0.54235,16.13091,-0.22368,0.59112,-0.80557,-0.02715,-0.02979,0.00628,0.00036,-0.00286,
1540581290571099648,0.54063,16.13013,-0.22368,0.59110,-0.80548,-0.02892,-0.03102,-0.00392,-0.00419,-0.00648,
1540581290672006400,0.53955,16.13183,-0.22416,0.59108,-0.80553,-0.02854,-0.03040,0.00763,-0.00295,-0.00411,
1540581290739407104,0.53891,16.13324,-0.22440,0.59105,-0.80550,-0.03012,-0.03044,0.01001,-0.00297,-0.00265,
1540581290840142592,0.53885,16.13487,-0.22392,0.59105,-0.80565,-0.02711,-0.02925,0.01485,0.00614,0.00722,
1540581290941576448,0.53933,16.13802,-0.22308,0.59114,-0.80577,-0.02279,-0.02781,0.01716,0.00434,0.00631,
1540581291042388224,0.53985,16.14106,-0.22242,0.59107,-0.80599,-0.01815,-0.02620,0.02118,0.00515,0.00708,
1540581291142513664,0.54003,16.14304,-0.22157,0.59104,-0.80612,-0.01500,-0.02506,0.01662,0.00511,0.00524,
1540581291243465728,0.53998,16.14425,-0.22109,0.59106,-0.80619,-0.01212,-0.02380,0.01503,-0.00006,-0.00040,
1540581291310879232,0.53940,16.14533,-0.22126,0.59122,-0.80609,-0.01172,-0.02320,0.00997,-0.00488,-0.00810,
1540581291412173312,0.53901,16.14585,-0.22198,0.59139,-0.80597,-0.01254,-0.02253,0.00833,-0.00758,-0.01071,
1540581291512133632,0.53799,16.14680,-0.22235,0.59152,-0.80588,-0.01223,-0.02254,0.00457,-0.00207,-0.00366,
