1540581315462604288,0.13039,0.62974,0.00550,0.59445,-0.80379,-0.01246,0.01984,0.08858,0.56136,0.07880,
1540581315530451456,0.12531,0.65954,0.01010,0.59172,-0.80543,-0.01483,0.03044,0.03842,0.54610,-0.02214,
1540581315630922752,0.12595,0.70362,0.00633,0.59181,-0.80477,-0.02485,0.03858,-0.00761,0.48258,-0.01039,
1540581315732274176,0.12445,0.74946,0.00473,0.59079,-0.80516,-0.02405,0.04591,-0.00005,0.44939,-0.02108,
1540581315832328704,0.12371,0.79612,-0.00054,0.59112,-0.80428,-0.04118,0.04489,0.01866,0.49680,-0.03608,
1540581315933441024,0.12580,0.85201,-0.00467,0.59179,-0.80380,-0.04293,0.04303,0.02023,0.58107,-0.03911,
1540581316033910272,0.12586,0.91888,-0.01129,0.59448,-0.80147,-0.05564,0.03377,0.01207,0.65725,-0.08268,
1540581316101385472,0.12559,0.96312,-0.01715,0.59677,-0.79936,-0.06562,0.02396,-0.00505,0.67271,-0.07706,
1540581316202759424,0.12628,1.03362,-0.01575,0.59560,-0.80083,-0.06195,0.01000,0.01534,0.69196,0.08812,
1540581316304424448,0.12658,1.08280,-0.00383,0.59403,-0.80340,-0.04098,-0.00157,0.00275,0.63880,0.02365,
1540581316402958592,0.13165,1.13680,-0.00600,0.59351,-0.80466,-0.01254,-0.01029,0.08470,0.51483,-0.03146,
1540581316503771648,0.13877,1.18883,-0.00608,0.59289,-0.80490,-0.00896,-0.02342,0.09599,0.41394,-0.01218,
1540581316640694272,0.15219,1.25730,-0.01021,0.59266,-0.80453,0.00057,-0.03855,0.12150,0.46596,-0.06343,
1540581316672020480,0.15507,1.27466,-0.01120,0.59309,-0.80404,0.00226,-0.04194,0.12682,0.46111,-0.07549,
1540581316789433856,0.16605,1.34268,-0.01592,0.59480,-0.80214,0.01229,-0.05140,0.14555,0.53735,-0.06446,
1540581316889296640,0.17873,1.40398,-0.01923,0.59775,-0.79961,0.01977,-0.05414,0.15131,0.59830,-0.07208,
1540581316988979456,0.19649,1.46566,-0.01918,0.59973,-0.79832,0.02052,-0.05096,0.18914,0.64716,-0.00095,
1540581317055545344,0.20860,1.51324,-0.01530,0.59846,-0.79962,0.02352,-0.04359,0.17095,0.63602,0.04506,
1540581317155305728,0.22488,1.57264,-0.00906,0.59769,-0.80091,0.01490,-0.03310,0.15356,0.59990,0.04444,
1540581317255457280,0.23655,1.63139,-0.00651,0.59767,-0.80145,0.00341,-0.02140,0.10162,0.53412,-0.02021,
1540581317355801088,0.24512,1.67788,-0.00609,0.59922,-0.80048,-0.00904,-0.00941,0.05263,0.47185,-0.04837,
1540581317455861760,0.24515,1.72098,-0.00749,0.59957,-0.80020,-0.01417,0.00252,-0.00664,0.44792,-0.00733,
1540581317556321792,0.24004,1.77229,-0.00904,0.59945,-0.79995,-0.02449,0.01204,-0.03944,0.47959,-0.03496,
1540581317623828736,0.23212,1.77411,-0.01220,0.59895,-0.79998,-0.03103,0.01809,-0.03000,0.48727,0.00109,
1540581317722438400,0.22421,1.80473,-0.01222,0.59805,-0.80050,-0.02306,0.03189,-0.06423,0.49346,-0.01309,
1540581317822576640,0.21220,1.83822,-0.01540,0.59832,-0.79939,-0.03926,0.03792,-0.10316,0.53967,-0.03249,
1540581317922187008,0.19676,1.86674,-0.01481,0.59841,-0.79870,-0.04594,0.04332,-0.11777,0.57223,0.01373,
1540581318023209472,0.18248,1.91844,-0.00977,0.59640,-0.79951,-0.05605,0.04420,-0.13840,0.58334,0.06961,
1540581318122843392,0.16575,1.96313,-0.00254,0.59443,-0.80079,-0.06018,0.04215,-0.14785,0.57000,0.03638,
1540581318222799360,0.15377,2.01719,-0.00000,0.59404,-0.80204,-0.04532,0.04240,-0.08811,0.49419,-0.01442,
1540581318290096896,0.14943,2.04894,-0.00175,0.59314,-0.80320,-0.03757,0.04045,-0.05489,0.41754,-0.00334,
1540581318389670144,0.14416,2.09117,0.00019,0.59286,-0.80369,-0.03920,0.03266,-0.03750,0.40101,0.00628,
1540581318491059456,0.14354,2.13334,-0.00173,0.59332,-0.80412,-0.02563,0.02664,0.00340,0.40016,-0.03505,
1540581318590308352,0.14669,2.17504,-0.00711,0.59478,-0.80335,-0.02310,0.01849,0.04566,0.40671,-0.05234,
1540581318690928128,0.15383,2.21701,-0.00950,0.59680,-0.80216,-0.01232,0.01465,0.08326,0.46467,-0.04163,
1540581318794464000,0.16347,2.26916,-0.01195,0.59782,-0.80154,0.00051,0.01228,0.10213,0.51697,-0.04151,
1540581318890470400,0.17511,2.32121,-0.00974,0.59818,-0.80132,-0.00007,0.00763,0.12640,0.55891,0.03288,
1540581318957878528,0.18486,2.35765,-0.00585,0.59660,-0.80252,-0.00178,0.00519,0.16315,0.54083,0.07761,
1540581319061529344,0.20101,2.42483,-0.00084,0.59358,-0.80475,0.00363,0.00564,0.18845,0.52752,0.01243,
1540581319158311680,0.21641,2.47751,-0.00145,0.59374,-0.80465,-0.00147,0.00327,0.14773,0.51394,-0.02937,
1540581319259095552,0.22674,2.52621,-0.00149,0.59380,-0.80460,0.00414,0.00287,0.07140,0.44571,0.00738,
1540581319359935232,0.23155,2.56820,0.00158,0.59323,-0.80473,0.02117,0.00589,0.01300,0.41928,-0.00675,
1540581319461985024,0.22976,2.60422,0.00094,0.59419,-0.80425,0.00981,0.00453,-0.01296,0.43238,-0.05788,
1540581319527694336,0.22935,2.63201,-0.00173,0.59488,-0.80378,0.00464,0.00596,-0.02565,0.48551,-0.01676,
1540581319628765440,0.22401,2.68210,-0.00370,0.59555,-0.80325,-0.00128,0.01090,-0.08563,0.53382,-0.02387,
1540581319729395200,0.21319,2.73697,-0.00526,0.59659,-0.80236,-0.00690,0.01595,-0.12067,0.58891,0.00328,
1540581319830364672,0.19945,2.79321,0.00614,0.59511,-0.80331,-0.00582,0.02219,-0.16216,0.57552,0.11400,
1540581319931386112,0.18331,2.85157,0.01335,0.59259,-0.80508,-0.00608,0.02538,-0.17662,0.54891,0.01873,
1540581320032724736,0.16743,2.90529,0.01717,0.59333,-0.80440,0.00355,0.02990,-0.14223,0.46786,-0.01088,
1540581320099122176,0.15921,2.93564,0.01692,0.59246,-0.80502,0.00103,0.03067,-0.11631,0.38375,0.02614,
1540581320200100608,0.15017,2.97386,0.02007,0.59177,-0.80551,-0.00874,0.02982,-0.05480,0.35026,-0.01117,
1540581320301478400,0.14640,3.01402,0.01617,0.59335,-0.80420,-0.02067,0.02798,0.01629,0.40949,-0.07358,
1540581320401751040,0.15636,3.05402,0.01421,0.59579,-0.80252,-0.00857,0.03015,0.04880,0.47087,-0.01391,
1540581320502999296,0.16248,3.10798,0.01384,0.59717,-0.80164,0.00236,0.02768,0.06952,0.54375,0.00178,
1540581320605162496,0.17012,3.16616,0.01135,0.59796,-0.80113,0.01099,0.02271,0.11389,0.57899,-0.02638,
1540581320671169792,0.17905,3.20364,0.01099,0.59818,-0.80122,-0.00290,0.01468,0.15447,0.55301,0.03453,
1540581320771248128,0.20062,3.24579,0.01655,0.59611,-0.80274,-0.01489,0.00661,0.19004,0.51422,0.07290,
1540581320872301056,0.21898,3.29738,0.01935,0.59457,-0.80389,-0.01568,0.00140,0.17853,0.48267,0.00167,
1540581320972887040,0.23167,3.34600,0.01802,0.59471,-0.80380,-0.01424,-0.00470,0.10163,0.39990,-0.01253,
1540581321073666048,0.24041,3.39778,0.01524,0.59470,-0.80384,-0.00761,-0.01034,0.06736,0.34338,-0.00748,
1540581321175394816,0.24543,3.43768,0.01359,0.59595,-0.80295,0.00217,-0.01051,0.06822,0.35680,-0.05012,
1540581321258003968,0.25154,3.47454,0.00672,0.59740,-0.80185,-0.00432,-0.01137,0.01420,0.40803,-0.03418,
1540581321358175232,0.25225,3.51523,0.00374,0.59897,-0.80065,-0.01015,-0.00916,-0.04563,0.49187,-0.01671,
1540581321458051584,0.24396,3.56931,0.00305,0.60009,-0.79972,-0.01703,-0.00696,-0.12720,0.55920,0.00242,
1540581321558024960,0.23059,3.62686,0.00797,0.59829,-0.80112,-0.01573,-0.00256,-0.15138,0.57571,0.11376,
1540581321624946944,0.22121,3.68614,0.01372,0.59637,-0.80263,-0.01105,0.00202,-0.16063,0.59951,0.11996,
1540581321725148928,0.20373,3.74511,0.02170,0.59409,-0.80434,-0.00563,0.00831,-0.19718,0.54354,0.04765,
1540581321824680960,0.18664,3.79323,0.02350,0.59318,-0.80487,0.00510,0.01694,-0.14478,0.42610,0.00195,
1540581321924678400,0.17192,3.85541,0.02515,0.59236,-0.80536,0.00130,0.02265,-0.14557,0.34973,0.01347,
1540581322025498368,0.15951,3.89471,0.02454,0.59197,-0.80547,-0.00129,0.02809,-0.09301,0.36909,-0.02941,
1540581322126027520,0.15096,3.93137,0.02115,0.59325,-0.80423,-0.00812,0.03453,-0.06732,0.38798,-0.05247,
1540581322225687040,0.14635,3.98319,0.01883,0.59427,-0.80306,-0.00686,0.04362,-0.01758,0.47287,-0.03035,
1540581322291983360,0.14620,4.01582,0.01677,0.59485,-0.80225,-0.00154,0.05048,0.01203,0.52149,-0.02990,
1540581322392791296,0.14600,4.07585,0.01401,0.59572,-0.80109,-0.00623,0.05773,0.02620,0.59492,-0.02308,
1540581322491750912,0.15145,4.13737,0.01558,0.59568,-0.80072,-0.01522,0.06143,0.09672,0.60162,0.07413,
1540581322592522496,0.16264,4.19587,0.02437,0.59142,-0.80357,-0.00640,0.06671,0.11448,0.56282,0.07322,
1540581322692930560,0.16936,4.26083,0.02978,0.59010,-0.80469,-0.01943,0.06230,0.09657,0.49896,0.01428,
1540581322792418816,0.17923,4.30988,0.02950,0.59012,-0.80505,-0.01624,0.05817,0.09914,0.43741,-0.00879,
1540581322893557248,0.18915,4.35305,0.03129,0.59026,-0.80546,-0.00608,0.05283,0.10245,0.37566,0.01978,
1540581322959289600,0.19652,4.37842,0.03151,0.59063,-0.80541,0.00285,0.04967,0.09330,0.38108,-0.01404,
1540581323059119616,0.20434,4.42178,0.02719,0.59288,-0.80431,-0.00165,0.03963,0.07780,0.39137,-0.03179,
1540581323159020544,0.21123,4.46187,0.02382,0.59495,-0.80318,-0.00634,0.02986,0.04727,0.42153,-0.03357,
1540581323259996160,0.21486,4.51234,0.01968,0.59726,-0.80173,-0.01052,0.01977,0.01861,0.50463,-0.03405,
1540581323361403904,0.21540,4.56455,0.01802,0.59773,-0.80159,-0.00561,0.01205,-0.01242,0.55230,0.01154,
1540581323460057344,0.21268,4.63583,0.02188,0.59611,-0.80288,-0.00521,0.00327,-0.06055,0.60686,0.07588,
1540581323527885312,0.20738,4.67664,0.02788,0.59440,-0.80414,-0.00633,-0.00200,-0.08993,0.60335,0.09978,
1540581323628276992,0.19686,4.74573,0.03312,0.59246,-0.80557,0.00163,-0.00591,-0.12262,0.54962,0.04359,
1540581323730188288,0.18475,4.79511,0.03477,0.59171,-0.80598,0.01610,-0.00326,-0.11014,0.42956,0.02411,
1540581323830157312,0.17508,4.83482,0.03948,0.59079,-0.80665,0.01682,0.00177,-0.08094,0.37738,0.03160,
1540581323932332288,0.16666,4.87644,0.03530,0.59107,-0.80657,0.00627,0.00678,-0.08878,0.38101,-0.04352,
1540581324030605312,0.15678,4.91403,0.03093,0.59266,-0.80532,-0.00472,0.01349,-0.09436,0.39909,-0.03844,
1540581324131455232,0.14656,4.95820,0.02842,0.59384,-0.80422,-0.00651,0.02335,-0.09873,0.46761,-0.01541,
1540581324199505408,0.14064,4.99379,0.02468,0.59474,-0.80332,-0.00302,0.03097,-0.09316,0.53455,-0.00892,
1540581324298926848,0.13324,5.05116,0.02207,0.59560,-0.80211,-0.00694,0.04274,-0.04323,0.62224,-0.02596,
1540581324400103680,0.13157,5.11665,0.02407,0.59540,-0.80147,-0.02031,0.05226,0.00698,0.64453,0.05220,
1540581324500581376,0.13485,5.17832,0.02817,0.59290,-0.80254,-0.02628,0.06087,0.02814,0.60693,0.04840,
1540581324601981952,0.13726,5.23555,0.03049,0.59224,-0.80243,-0.03601,0.06373,-0.00390,0.52696,-0.00969,
1540581324702104320,0.13911,5.28043,0.02700,0.59313,-0.80156,-0.04491,0.06066,0.01156,0.46344,-0.00597,
1540581324769684736,0.14095,5.30902,0.02890,0.59304,-0.80191,-0.04070,0.05996,0.04059,0.40955,0.04239,
1540581324870570496,0.14430,5.34810,0.02986,0.59288,-0.80250,-0.03666,0.05614,0.02400,0.39555,-0.03382,
1540581324970876416,0.14677,5.38441,0.02454,0.59513,-0.80093,-0.04605,0.04700,0.02551,0.44178,-0.02134,
1540581325072045824,0.14979,5.43310,0.02337,0.59645,-0.80065,-0.03999,0.04013,0.01817,0.51527,0.00192,
1540581325173141504,0.14984,5.49022,0.02285,0.59804,-0.80027,-0.03030,0.03146,-0.02003,0.58908,0.00135,
1540581325272982528,0.14505,5.54990,0.02249,0.59844,-0.80053,-0.02610,0.01835,-0.06230,0.59049,0.02568,
1540581325344760576,0.14031,5.59143,0.02720,0.59661,-0.80208,-0.02635,0.00580,-0.07758,0.58076,0.08696,
1540581325441824768,0.13066,5.64579,0.03689,0.59389,-0.80427,-0.01831,-0.01008,-0.09701,0.58285,0.09079,
1540581325542701312,0.12526,5.70069,0.04138,0.59179,-0.80570,0.01684,-0.01833,-0.00681,0.47899,0.02308,
1540581325643109376,0.12461,5.74461,0.04334,0.59010,-0.80642,0.02623,-0.02795,0.00259,0.37427,0.03552,
1540581325746662144,0.12407,5.78414,0.04402,0.58953,-0.80631,0.03493,-0.03302,-0.00175,0.35722,-0.01128,
1540581325828860416,0.12129,5.81260,0.04041,0.59079,-0.80528,0.03417,-0.03635,-0.05667,0.33530,-0.06063,
1540581325927358720,0.11663,5.84771,0.03646,0.59232,-0.80434,0.02800,-0.03758,-0.04564,0.40915,-0.02049,
1540581326027389184,0.11466,5.89331,0.03501,0.59495,-0.80230,0.03903,-0.02880,-0.01337,0.50858,-0.02465,
1540581326127723776,0.11401,5.94649,0.03212,0.59699,-0.80120,0.03673,-0.01814,0.00370,0.57093,-0.02929,
1540581326194763520,0.11552,5.98517,0.03169,0.59819,-0.80067,0.03150,-0.01000,0.01780,0.60401,0.00906,
1540581326294433792,0.12117,6.04514,0.03743,0.59768,-0.80152,0.01843,0.00156,0.04750,0.61901,0.07860,
1540581326395524608,0.12403,6.10904,0.04481,0.59504,-0.80322,0.02173,0.01705,0.02195,0.59694,0.05667,
1540581326494720768,0.12267,6.16976,0.04807,0.59479,-0.80340,0.00951,0.02608,-0.01494,0.53671,-0.03168,
1540581326594962688,0.12002,6.22390,0.04593,0.59439,-0.80350,-0.00620,0.03235,-0.01046,0.47983,0.03219,
1540581326695169024,0.11759,6.26824,0.05066,0.59254,-0.80438,0.00075,0.04323,-0.01980,0.43339,0.01636,
1540581326795053824,0.11370,6.31287,0.04698,0.59368,-0.80316,-0.01577,0.04715,-0.03388,0.44110,-0.07623,
1540581326861848832,0.11068,6.33881,0.04440,0.59462,-0.80204,-0.02769,0.04890,-0.02613,0.45815,-0.02233,
1540581326962130176,0.10813,6.38967,0.04236,0.59519,-0.80128,-0.02408,0.05585,-0.03896,0.53389,-0.02070,
1540581327062740224,0.09861,6.44299,0.03994,0.59589,-0.80076,-0.02689,0.05450,-0.08835,0.60208,0.01162,
1540581327162662912,0.08907,6.50442,0.04498,0.59533,-0.80160,-0.02757,0.04753,-0.10443,0.63517,0.08098,
1540581327262295040,0.07697,6.56624,0.05485,0.59362,-0.80321,-0.03716,0.03306,-0.13014,0.60143,0.10578,
1540581327362435328,0.06699,6.62468,0.06243,0.59177,-0.80549,-0.02286,0.02190,-0.07582,0.54478,0.05283,
1540581327462009856,0.06019,6.66999,0.06079,0.58969,-0.80751,-0.00452,0.01269,-0.01009,0.43985,0.01490,
1540581327528702464,0.05966,6.69777,0.06341,0.58937,-0.80782,-0.00681,0.00430,0.00459,0.39694,0.03437,
1540581327628145920,0.06083,6.72798,0.05920,0.58878,-0.80827,-0.00018,-0.00551,0.02338,0.38654,-0.03633,
1540581327730147840,0.06307,6.76900,0.05315,0.59056,-0.80682,-0.00151,-0.01666,0.01468,0.37647,-0.06754,
1540581327828638464,0.06531,6.81110,0.04916,0.59203,-0.80558,0.00501,-0.02278,0.04048,0.45360,-0.01875,
1540581327930548480,0.07082,6.85340,0.04272,0.59387,-0.80384,0.02782,-0.01973,0.04379,0.53139,-0.03328,
1540581328030889472,0.07606,6.91257,0.03912,0.59575,-0.80258,0.02641,-0.01563,0.05788,0.60168,-0.02447,
1540581328130777856,0.07623,6.99856,0.03749,0.59473,-0.80373,0.01605,-0.00783,0.06805,0.63359,0.08127,
1540581328199588096,0.08119,7.03883,0.04510,0.59278,-0.80515,0.01861,0.00236,0.06420,0.60103,0.09180,
1540581328297202944,0.08644,7.09057,0.04521,0.59031,-0.80682,0.01830,0.01555,0.04225,0.57743,0.00295,
1540581328397764864,0.08737,7.14407,0.04319,0.59056,-0.80665,-0.00064,0.02362,-0.00369,0.50659,-0.05030,
1540581328499610624,0.08508,7.19279,0.04391,0.59058,-0.80630,-0.00430,0.03284,-0.03963,0.45235,0.04094,
1540581328599555584,0.08067,7.21752,0.03964,0.59008,-0.80633,-0.00678,0.04001,-0.07836,0.42002,-0.04441,
1540581328700520448,0.07385,7.25848,0.03511,0.59115,-0.80506,-0.02083,0.04448,-0.07207,0.44234,-0.03246,
1540581328767904768,0.07052,7.27222,0.03274,0.59231,-0.80385,-0.02222,0.04998,-0.08626,0.44306,0.00075,
1540581328869320960,0.06110,7.31963,0.02997,0.59271,-0.80285,-0.03392,0.05453,-0.11238,0.50141,-0.02312,
1540581328969199872,0.05199,7.36744,0.02692,0.59340,-0.80193,-0.04047,0.05600,-0.11635,0.56671,0.00801,
1540581329070258432,0.03914,7.42533,0.03331,0.59146,-0.80332,-0.04637,0.05200,-0.13894,0.56649,0.12412,
1540581329171074048,0.02821,7.46917,0.04620,0.58848,-0.80604,-0.04636,0.04291,-0.13940,0.57610,0.08957,
1540581329272153856,0.01622,7.52601,0.04970,0.58768,-0.80779,-0.03148,0.03337,-0.07085,0.51140,0.01244,
1540581329339025664,0.01424,7.55681,0.05110,0.58636,-0.80947,-0.00930,0.02928,0.00075,0.42912,0.04254,
1540581329439768576,0.01591,7.60498,0.05357,0.58550,-0.81046,0.00245,0.01833,0.02071,0.39156,-0.00783,
1540581329540372224,0.01832,7.64118,0.04957,0.58684,-0.80969,0.00125,0.00463,0.03411,0.37118,-0.07289,
1540581329642158848,0.01875,7.70414,0.04177,0.58922,-0.80792,-0.00150,-0.00866,0.03186,0.40794,-0.07836,
1540581329741710848,0.02295,7.74922,0.03688,0.59111,-0.80638,0.00848,-0.01654,0.06276,0.45503,-0.03900,
1540581329843515904,0.02800,7.81031,0.03294,0.59276,-0.80485,0.02024,-0.02118,0.06822,0.54578,-0.03699,
1540581329910504192,0.03314,7.84955,0.03033,0.59276,-0.80475,0.02224,-0.02258,0.08445,0.61803,-0.02674,
1540581330011875072,0.04215,7.92112,0.03290,0.59266,-0.80494,0.01859,-0.02176,0.12308,0.65382,0.06282,
1540581330111707904,0.05457,7.98435,0.04059,0.59056,-0.80628,0.03246,-0.01037,0.11091,0.63448,0.06010,
1540581330212653824,0.06341,8.04628,0.04349,0.59024,-0.80660,0.03166,-0.00148,0.04788,0.58284,-0.00610,
1540581330312849408,0.06615,8.10032,0.04041,0.58995,-0.80718,0.01970,0.00467,0.00718,0.48796,0.00926,
1540581330417506560,0.06574,8.15030,0.04320,0.58938,-0.80706,0.03075,0.01845,-0.01008,0.47628,-0.01938,
1540581330497640192,0.06383,8.18316,0.03970,0.59035,-0.80657,0.01805,0.02446,-0.06222,0.47960,-0.05627,
1540581330596761344,0.05848,8.23122,0.03614,0.59153,-0.80558,0.00667,0.03313,-0.06367,0.53092,-0.02570,
1540581330696943360,0.04828,8.28937,0.03285,0.59241,-0.80454,-0.00098,0.04206,-0.11970,0.59296,-0.02555,
1540581330797305344,0.03574,8.35177,0.03275,0.59289,-0.80370,-0.00795,0.04982,-0.11026,0.65176,0.00980,
1540581330863667200,0.02763,8.39668,0.03591,0.59120,-0.80459,-0.01251,0.05447,-0.12664,0.64498,0.09918,
1540581330964137728,0.01197,8.46143,0.05035,0.58766,-0.80683,-0.02266,0.05620,-0.17658,0.64272,0.09227,
1540581331063691520,-0.00669,8.52346,0.05176,0.58688,-0.80753,-0.02178,0.05465,-0.16799,0.59691,-0.03980,
1540581331199566592,-0.02175,8.59894,0.05517,0.58691,-0.80786,-0.01247,0.05242,-0.03958,0.52361,0.04057,
1540581331264798720,-0.02283,8.63384,0.05565,0.58658,-0.80823,-0.00764,0.05137,0.00068,0.51705,-0.00559,
1540581331364794368,-0.02154,8.68797,0.05234,0.58844,-0.80702,-0.00320,0.04949,0.04316,0.53468,-0.06300,
1540581331464409600,-0.01761,8.74368,0.04518,0.59217,-0.80450,-0.00762,0.04546,0.06022,0.56718,-0.06517,
1540581331531717888,-0.01281,8.78700,0.04216,0.59320,-0.80380,-0.00419,0.04467,0.10039,0.63487,-0.00533,
1540581331631570176,-0.00006,8.85777,0.04419,0.59296,-0.80350,0.01720,0.04992,0.15213,0.73542,0.04033,
1540581331731129088,0.01314,8.92908,0.05243,0.59055,-0.80573,0.00417,0.04513,0.13161,0.68611,0.12982,
1540581331831238912,0.02936,8.99590,0.06396,0.58730,-0.80807,0.01283,0.04414,0.16242,0.60265,0.01802,
1540581331931193856,0.04193,9.05403,0.06082,0.58860,-0.80754,0.00795,0.03701,0.11647,0.54513,-0.04943,
1540581332031798272,0.05351,9.10646,0.06017,0.58957,-0.80697,0.01540,0.03108,0.11114,0.46872,0.02419,
1540581332100914688,0.06003,9.13948,0.05898,0.58939,-0.80718,0.01948,0.02644,0.08153,0.45066,-0.04929,
1540581332198109696,0.06596,9.19211,0.05317,0.59309,-0.80498,0.00328,0.01529,0.08169,0.48740,-0.05633,
1540581332299913216,0.07173,9.24289,0.04964,0.59480,-0.80377,0.00641,0.01144,0.03256,0.52043,-0.02845,
1540581332401546752,0.07120,9.30218,0.04613,0.59621,-0.80280,0.00134,0.00723,-0.01320,0.60946,-0.03003,
1540581332499113472,0.06602,9.37631,0.04654,0.59546,-0.80335,0.00380,0.00685,-0.03038,0.66613,0.09321,
1540581332600728576,0.06171,9.44231,0.05920,0.59188,-0.80571,0.01941,0.01163,-0.06304,0.66177,0.10926,
1540581332701149696,0.05114,9.50662,0.06519,0.59064,-0.80653,0.02261,0.01211,-0.12964,0.63303,0.00154,
1540581332766982400,0.04181,9.54464,0.06424,0.59071,-0.80634,0.02630,0.01337,-0.12032,0.56980,-0.01580,
1540581332869293568,0.02856,9.60359,0.06413,0.59052,-0.80644,0.02665,0.01487,-0.08720,0.48330,0.02720,
1540581332969215232,0.02102,9.64821,0.06452,0.58998,-0.80682,0.02455,0.01917,-0.04730,0.48437,-0.02152,
1540581333068322816,0.01669,9.69398,0.05983,0.59149,-0.80561,0.02230,0.02521,-0.04086,0.52330,-0.05971,
1540581333169405184,0.01407,9.75022,0.05651,0.59334,-0.80387,0.02347,0.03446,0.01414,0.62060,-0.02081,
1540581333269828352,0.00941,9.81760,0.05324,0.59229,-0.80288,0.04499,0.05046,0.00543,0.66327,0.00466,
1540581333338543104,0.01040,9.86430,0.05380,0.59142,-0.80336,0.03998,0.05696,0.00486,0.68529,0.03654,
1540581333438244096,0.01339,9.92611,0.05913,0.58912,-0.80535,0.01760,0.06352,0.05063,0.62157,0.10371,
1540581333540507136,0.01538,9.99227,0.06278,0.58531,-0.80726,0.01172,0.07494,0.06526,0.56129,0.01629,
1540581333639870720,0.01656,10.04289,0.05788,0.58513,-0.80700,-0.00450,0.07966,0.02609,0.48254,-0.03516,
1540581333740696576,0.01802,10.08510,0.05889,0.58528,-0.80666,-0.00905,0.08164,-0.00681,0.42829,0.01478,
1540581333842121728,0.01549,10.12206,0.05510,0.58662,-0.80582,-0.02117,0.07793,-0.01957,0.43239,-0.04640,
1540581333908638720,0.01539,10.15164,0.05183,0.58830,-0.80478,-0.02882,0.07351,0.02020,0.47300,-0.04391,
1540581334009381120,0.01651,10.20238,0.04922,0.59054,-0.80353,-0.02950,0.06878,0.00675,0.52583,-0.03096,
1540581334110152192,0.01320,10.26068,0.04251,0.59289,-0.80241,-0.03220,0.05989,-0.00896,0.58975,-0.03674,
1540581334211708160,0.01043,10.32161,0.04161,0.59404,-0.80211,-0.03672,0.04889,-0.04701,0.60080,0.03227,
1540581334311999488,0.00400,10.38176,0.04913,0.59304,-0.80334,-0.04073,0.03595,-0.08657,0.62380,0.09986,
1540581334411955712,-0.00595,10.43625,0.05281,0.59207,-0.80481,-0.03330,0.02484,-0.11969,0.61105,0.02445,
1540581334512705024,-0.01376,10.49385,0.05282,0.59147,-0.80593,-0.01828,0.01730,-0.05637,0.53654,0.01732,
1540581334580389376,-0.01810,10.52959,0.05176,0.59040,-0.80691,-0.01245,0.01289,-0.03851,0.50306,0.04093,
1540581334681483264,-0.02078,10.58129,0.05287,0.59027,-0.80713,0.00050,0.01099,-0.00843,0.48605,-0.03272,
1540581334782063360,-0.02567,10.63626,0.04496,0.59159,-0.80619,-0.00230,0.00877,-0.03057,0.52209,-0.09126,
1540581334883320576,-0.02647,10.69387,0.03869,0.59375,-0.80459,-0.00100,0.00970,0.00377,0.60919,-0.02473,
1540581334983363328,-0.02496,10.76050,0.03711,0.59498,-0.80355,0.00483,0.01677,0.05983,0.69186,-0.01700,
1540581335067909888,-0.01853,10.82207,0.03752,0.59440,-0.80378,0.00217,0.02503,0.11577,0.69815,0.04360,
1540581335168828160,-0.00771,10.88650,0.04581,0.59081,-0.80602,-0.00182,0.03555,0.07050,0.61944,0.09614,
1540581335269203712,-0.00418,10.94408,0.04856,0.58864,-0.80731,-0.00227,0.04185,-0.01529,0.52436,-0.02997,
1540581335366692352,-0.00676,10.99888,0.04331,0.58885,-0.80708,-0.01424,0.04089,-0.03362,0.49283,-0.01899,
1540581335434100992,-0.01027,11.03303,0.04404,0.58916,-0.80681,-0.01187,0.04240,-0.04789,0.46895,0.01291,
1540581335535167232,-0.01433,11.08308,0.04189,0.58967,-0.80644,-0.01533,0.04126,-0.02576,0.49396,-0.04226,
1540581335635331072,-0.02008,11.13399,0.03644,0.59127,-0.80531,-0.02219,0.03717,-0.06733,0.50431,-0.03961,
1540581335733585664,-0.02754,11.18614,0.03182,0.59260,-0.80444,-0.02893,0.02926,-0.06866,0.58027,-0.02559,
1540581335834053376,-0.03391,11.24714,0.02831,0.59422,-0.80374,-0.02028,0.02211,-0.05985,0.62852,-0.03212,
1540581335933633536,-0.04291,11.30130,0.03019,0.59258,-0.80485,-0.03165,0.00754,-0.08234,0.56361,0.08282,
1540581336033744128,-0.05134,11.35609,0.03791,0.59036,-0.80677,-0.02409,-0.00430,-0.08617,0.54072,0.03025,
1540581336101234688,-0.05660,11.38376,0.03742,0.59083,-0.80664,-0.01202,-0.01048,-0.05229,0.49918,-0.03682,
1540581336201451008,-0.05996,11.42923,0.03733,0.58984,-0.80734,-0.00090,-0.01722,-0.03134,0.43002,0.03707,
1540581336301934848,-0.06121,11.47024,0.03589,0.58972,-0.80734,0.00263,-0.02047,-0.00572,0.43625,-0.02691,
1540581336400368128,-0.06136,11.51339,0.03105,0.59171,-0.80590,0.00528,-0.01936,0.00559,0.44004,-0.06315,
1540581336501159168,-0.06435,11.55898,0.02407,0.59411,-0.80416,-0.00436,-0.01866,-0.04316,0.50447,-0.06161,
1540581336601678848,-0.06832,11.61313,0.01786,0.59638,-0.80262,0.00008,-0.01165,-0.01593,0.58878,-0.05021,
1540581336701357568,-0.06724,11.67504,0.01505,0.59735,-0.80193,-0.00801,-0.00406,0.02381,0.63486,-0.01055,
1540581336770017024,-0.06645,11.71825,0.01604,0.59635,-0.80249,-0.01929,0.00123,0.02603,0.64141,0.06326,
1540581336868159488,-0.06365,11.78213,0.02460,0.59340,-0.80447,-0.02280,0.01340,0.03085,0.64937,0.07607,
1540581336967847936,-0.06166,11.84265,0.02626,0.59239,-0.80485,-0.02615,0.02478,-0.00555,0.59573,-0.02783,
1540581337068838144,-0.06519,11.89965,0.02261,0.59142,-0.80452,-0.04542,0.03012,-0.05737,0.54649,0.02610,
1540581337169573120,-0.07292,11.95217,0.02508,0.59091,-0.80488,-0.03548,0.04165,-0.05639,0.54087,-0.03428,
1540581337270512384,-0.07940,12.00804,0.01995,0.59249,-0.80317,-0.04097,0.04691,-0.06028,0.55831,-0.06252,
1540581337337946368,-0.08308,12.03638,0.01884,0.59385,-0.80194,-0.04338,0.04851,-0.06184,0.58019,-0.02697,
1540581337437844480,-0.09019,12.09688,0.01695,0.59461,-0.80135,-0.04523,0.04714,-0.09154,0.65185,0.00356,
1540581337539081472,-0.09790,12.15887,0.02092,0.59373,-0.80215,-0.05072,0.03833,-0.07195,0.67332,0.05409,
1540581337639068928,-0.10537,12.22754,0.03159,0.59175,-0.80431,-0.04588,0.02853,-0.06445,0.69584,0.12823,
1540581337738629888,-0.11024,12.29204,0.03601,0.58945,-0.80726,-0.02121,0.02077,-0.01683,0.59895,0.00674,
1540581337839882752,-0.10887,12.34535,0.03954,0.58897,-0.80805,0.00025,0.01300,0.02479,0.47700,0.02266,
1540581337940967680,-0.10360,12.39661,0.03986,0.58927,-0.80780,0.01351,0.00539,0.07415,0.47469,-0.04454,
1540581338007628544,-0.09984,12.42973,0.03610,0.59111,-0.80649,0.01218,-0.00175,0.05869,0.46346,-0.09512,
1540581338108408576,-0.09561,12.49633,0.02925,0.59317,-0.80492,0.01068,-0.01213,0.07105,0.54583,-0.03089,
1540581338209763072,-0.08630,12.56073,0.02756,0.59446,-0.80315,0.03782,-0.01179,0.10971,0.64056,-0.00277,
1540581338311480320,-0.07644,12.63096,0.02562,0.59575,-0.80226,0.03646,-0.01127,0.11408,0.68440,-0.01658,
1540581338412445440,-0.06510,12.71294,0.02451,0.59450,-0.80371,0.02359,-0.00731,0.13808,0.69823,0.06805,
1540581338514197504,-0.05334,12.78246,0.03306,0.59303,-0.80510,0.01161,-0.00021,0.09766,0.63938,0.04545,
1540581338578823168,-0.04784,12.82374,0.03356,0.59278,-0.80529,0.00912,0.00623,0.08549,0.59005,-0.01814,
1540581338679534592,-0.04538,12.88821,0.03047,0.59360,-0.80465,-0.00832,0.01058,0.03825,0.53376,-0.02566,
1540581338780592384,-0.04277,12.93895,0.03386,0.59323,-0.80473,0.00198,0.02204,0.00903,0.50070,0.00853,
1540581338880834560,-0.04566,12.99696,0.03210,0.59444,-0.80360,-0.00694,0.02856,-0.01170,0.52459,-0.04614,
1540581338981864448,-0.04677,13.05117,0.02876,0.59567,-0.80232,-0.00971,0.03704,-0.01266,0.56432,-0.01105,
1540581339083241472,-0.05089,13.10889,0.02865,0.59588,-0.80179,-0.01139,0.04390,-0.05853,0.62682,-0.01006,
1540581339150261504,-0.05883,13.16131,0.02737,0.59492,-0.80242,-0.01368,0.04476,-0.08110,0.67285,-0.01745,
1540581339252292608,-0.06719,13.22800,0.03096,0.59306,-0.80380,-0.02191,0.04135,-0.08110,0.68347,0.07722,
1540581339351933184,-0.07571,13.29232,0.03810,0.59056,-0.80582,-0.02693,0.03409,-0.08791,0.65043,0.04189,
1540581339489143296,-0.09093,13.38208,0.03851,0.59045,-0.80647,-0.02039,0.02362,-0.04862,0.57389,-0.00765,
1540581339557546496,-0.09375,13.41884,0.03951,0.58972,-0.80723,-0.01552,0.01936,-0.02484,0.53756,0.04186,
1540581339657213184,-0.09470,13.47159,0.04193,0.58951,-0.80761,-0.00525,0.01478,0.01514,0.54345,-0.03188,
1540581339736238592,-0.09969,13.52563,0.03783,0.59116,-0.80648,0.00063,0.01124,0.01926,0.53158,-0.05616,
1540581339836614400,-0.09637,13.58118,0.03146,0.59343,-0.80486,-0.00046,0.00591,0.04118,0.59196,-0.05627,
1540581339936786688,-0.09166,13.64013,0.02592,0.59618,-0.80278,0.00856,0.00558,0.03916,0.62347,-0.05492,
1540581340037431808,-0.09285,13.71264,0.02005,0.59748,-0.80170,0.01437,0.00936,0.06300,0.69206,-0.03847,
1540581340102999808,-0.08671,13.75776,0.02009,0.59725,-0.80197,0.00488,0.01052,0.08337,0.74165,0.05170,
1540581340202993408,-0.07707,13.83199,0.02812,0.59410,-0.80418,-0.00012,0.01818,0.09988,0.70191,0.10568,
1540581340303192320,-0.06909,13.90157,0.03606,0.59169,-0.80570,-0.00061,0.02761,0.06309,0.63189,0.01252,
1540581340403251968,-0.06879,13.95925,0.03056,0.59170,-0.80540,-0.01467,0.03166,0.01297,0.51970,-0.03468,
1540581340504141568,-0.06823,14.01152,0.03233,0.59097,-0.80565,-0.00711,0.04027,0.01145,0.49357,0.01710,
1540581340603301632,-0.07319,14.06316,0.02743,0.59123,-0.80506,-0.01013,0.04713,-0.02658,0.47720,-0.06451,
1540581340670345472,-0.07427,14.09347,0.02356,0.59131,-0.80469,-0.01606,0.05077,-0.02426,0.49167,-0.03192,
1540581340770491648,-0.07886,14.14368,0.02053,0.59122,-0.80413,-0.02223,0.05780,-0.08059,0.54526,-0.02481,
1540581340870473472,-0.09287,14.18859,0.01360,0.59260,-0.80248,-0.03509,0.06016,-0.11740,0.63415,-0.03577,
1540581340970271232,-0.10640,14.24952,0.01416,0.59252,-0.80230,-0.04314,0.05813,-0.14968,0.63801,0.05690,
1540581341070421760,-0.12340,14.29260,0.02136,0.58928,-0.80494,-0.04590,0.05212,-0.14788,0.64117,0.09124,
1540581341170594560,-0.13736,14.34997,0.02759,0.58798,-0.80667,-0.04057,0.04367,-0.11393,0.58335,0.01777,
1540581341270789376,-0.14375,14.40017,0.02781,0.58765,-0.80798,-0.01549,0.03994,-0.01055,0.47205,-0.02554,
1540581341339321856,-0.14489,14.42980,0.02823,0.58804,-0.80792,-0.02189,0.03162,-0.02348,0.39423,0.01664,
1540581341436807424,-0.14750,14.45657,0.02739,0.58849,-0.80794,-0.02166,0.02094,0.01798,0.37767,-0.03321,
1540581341538037760,-0.14598,14.49861,0.02116,0.58977,-0.80730,-0.01742,0.01133,0.01782,0.42174,-0.05094,
1540581341636995584,-0.14265,14.55016,0.01759,0.59153,-0.80621,-0.01049,0.00443,0.06098,0.50502,-0.02458,
1540581341738348032,-0.13925,14.60553,0.01422,0.59346,-0.80480,0.00927,0.00457,0.06728,0.58441,-0.04944,
1540581341838241280,-0.13157,14.67089,0.00953,0.59515,-0.80360,0.00380,0.00268,0.08552,0.66390,-0.03695,
1540581341939038720,-0.12474,14.73702,0.01041,0.59471,-0.80391,-0.00237,0.00593,0.08799,0.66123,0.04607,
1540581342006174976,-0.11872,14.78172,0.01636,0.59242,-0.80556,-0.00128,0.01067,0.08555,0.66376,0.10831,
1540581342106026496,-0.10899,14.84888,0.02239,0.58969,-0.80731,0.00599,0.02183,0.07921,0.65182,0.02233,
1540581342208152832,-0.10341,14.90889,0.02096,0.58903,-0.80744,0.00848,0.03185,0.04466,0.57586,-0.03844,
1540581342307962112,-0.10247,14.96465,0.02104,0.58902,-0.80710,0.01069,0.03920,-0.00409,0.52507,0.01893,
1540581342408993024,-0.10500,15.01817,0.01960,0.58881,-0.80697,0.00996,0.04470,-0.03701,0.53338,-0.05543,
1540581342510076160,-0.11271,15.08082,0.01472,0.59058,-0.80546,0.00274,0.04939,-0.02601,0.57731,-0.04376,
1540581342577959936,-0.11583,15.11939,0.01216,0.59163,-0.80448,0.00062,0.05268,-0.06245,0.60990,-0.03906,
1540581342678886400,-0.12462,15.18226,0.00928,0.59253,-0.80365,-0.00786,0.05475,-0.10101,0.65812,-0.00357,
1540581342781049856,-0.13808,15.23476,0.01351,0.59103,-0.80479,-0.01269,0.05316,-0.12841,0.63435,0.08175,
1540581342879206400,-0.15060,15.29239,0.02234,0.58872,-0.80658,-0.02840,0.04517,-0.13939,0.60689,0.06350,
1540581342980033280,-0.16040,15.34817,0.02388,0.58746,-0.80800,-0.01641,0.04177,-0.07300,0.53770,-0.01791,
1540581343080953600,-0.16821,15.37745,0.02718,0.58730,-0.80850,-0.00876,0.03656,-0.03752,0.41578,0.01096,
1540581343147845888,-0.16914,15.40625,0.02692,0.58712,-0.80889,-0.01092,0.02949,-0.00430,0.42272,-0.00343,
1540581343249319680,-0.16781,15.45047,0.02206,0.58896,-0.80783,-0.00672,0.02223,0.02831,0.43302,-0.06682,
1540581343349494016,-0.16586,15.48659,0.01766,0.59134,-0.80628,-0.00358,0.01468,0.05565,0.45877,-0.04348,
1540581343451693568,-0.15884,15.53871,0.01428,0.59291,-0.80505,0.01412,0.01256,0.08634,0.50399,-0.01217,
1540581343552207104,-0.15048,15.59855,0.01472,0.59333,-0.80439,0.02789,0.01174,0.13153,0.57047,-0.00563,
1540581343652087552,-0.13625,15.66000,0.01339,0.59313,-0.80498,0.01274,0.00611,0.15587,0.56165,0.03521,
1540581343718972672,-0.12831,15.70283,0.01860,0.59241,-0.80559,0.00671,0.00478,0.14531,0.53914,0.07853,
1540581343819955968,-0.11576,15.75464,0.02016,0.59127,-0.80641,0.00768,0.00568,0.09881,0.44441,-0.05205,
1540581343920990208,-0.10929,15.79725,0.01365,0.59348,-0.80482,-0.00512,0.00448,0.05164,0.36634,-0.06065,
1540581344021866240,-0.10914,15.83794,0.01185,0.59364,-0.80468,-0.00526,0.00752,-0.00358,0.31283,0.01938,
1540581344107904768,-0.11071,15.86037,0.01223,0.59335,-0.80484,-0.00393,0.01246,-0.03887,0.29210,-0.02037,
1540581344206252544,-0.11601,15.88611,0.01066,0.59327,-0.80476,-0.01148,0.01614,-0.06473,0.27791,0.00952,
1540581344307005184,-0.12374,15.91386,0.01344,0.59269,-0.80512,-0.00615,0.02145,-0.08204,0.25787,0.01816,
1540581344406360064,-0.13834,15.93413,0.01263,0.59224,-0.80540,-0.00221,0.02400,-0.11934,0.22988,-0.00792,
1540581344505498624,-0.15111,15.95311,0.01123,0.59240,-0.80532,-0.01338,0.01833,-0.10967,0.21584,0.00461,
1540581344606635520,-0.16293,15.97184,0.01146,0.59177,-0.80586,-0.01670,0.01039,-0.09913,0.20972,0.02066,
1540581344673665792,-0.17054,15.98491,0.01258,0.59105,-0.80653,-0.01184,0.00576,-0.10211,0.16845,0.02434,
1540581344773162752,-0.17829,15.99872,0.01480,0.59075,-0.80685,-0.00235,-0.00156,-0.04849,0.13343,-0.01194,
1540581344873377792,-0.18007,16.00826,0.01109,0.59180,-0.80603,0.00089,-0.00892,-0.00966,0.06471,-0.05221,
1540581344972620800,-0.17615,16.01452,0.00710,0.59140,-0.80619,-0.00829,-0.01546,0.05808,0.07634,-0.01679,
1540581345072998912,-0.17421,16.02153,0.00187,0.59139,-0.80583,-0.02172,-0.02062,0.07355,0.11914,-0.01386,
1540581345172836864,-0.16498,16.03662,0.00448,0.59155,-0.80597,-0.01289,-0.01763,0.09176,0.11206,0.03321,
1540581345273317120,-0.15855,16.04876,0.00374,0.59121,-0.80635,-0.00736,-0.01457,0.05919,0.04230,-0.03248,
1540581345340388096,-0.15552,16.05054,0.00162,0.59215,-0.80549,-0.01717,-0.01583,0.03978,-0.00900,-0.04529,
1540581345440601344,-0.15125,16.05090,-0.00296,0.59278,-0.80491,-0.02273,-0.01476,0.03799,0.00037,-0.05148,
1540581345539764992,-0.14877,16.05503,-0.00523,0.59329,-0.80433,-0.02907,-0.01456,0.03246,0.02735,0.00297,
1540581345639461888,-0.14731,16.06111,-0.00404,0.59319,-0.80471,-0.02080,-0.01141,0.01236,0.01996,0.00978,
1540581345739441408,-0.14832,16.06336,-0.00430,0.59272,-0.80506,-0.02106,-0.01110,0.00063,-0.00518,-0.02105,
1540581345839679744,-0.14836,16.06318,-0.00670,0.59274,-0.80491,-0.02538,-0.01151,0.01426,-0.00921,-0.01462,
1540581345940403968,-0.14759,16.06252,-0.00753,0.59251,-0.80498,-0.02855,-0.01093,0.01046,-0.00728,-0.00166,
1540581346006121216,-0.14773,16.06184,-0.00683,0.59256,-0.80497,-0.02827,-0.01012,0.01578,-0.00229,0.01126,
1540581346106852608,-0.14826,16.06106,-0.00589,0.59222,-0.80529,-0.02569,-0.01063,-0.00623,0.00046,-0.01185,
1540581346208087040,-0.14851,16.06203,-0.00749,0.59208,-0.80515,-0.03043,-0.01560,0.02110,0.02241,-0.01106,
1540581346309929216,-0.14740,16.06430,-0.00746,0.59210,-0.80534,-0.02463,-0.01526,0.02790,0.02432,-0.00002,
