1540581201314859520,0.00119,0.27368,0.00134,0.58498,-0.80801,-0.03266,0.06201,-0.11035,0.46749,0.04406,
1540581201400504576,-0.00256,0.31664,0.01952,0.58423,-0.80974,-0.02555,0.04842,-0.09723,0.43740,0.02005,
1540581201514910208,-0.01397,0.36452,0.01876,0.58481,-0.81036,-0.01874,0.03092,-0.05862,0.39385,-0.00719,
1540581201581570816,-0.01830,0.39420,0.02288,0.58528,-0.81042,-0.01201,0.02302,-0.05586,0.34657,0.02447,
1540581201683748608,-0.02147,0.42742,0.02427,0.58524,-0.81078,-0.00494,0.01035,-0.03830,0.34257,-0.03839,
1540581201781620224,-0.02494,0.44933,0.02411,0.58672,-0.80977,-0.00436,-0.00116,-0.04987,0.32593,-0.03420,
1540581201881750784,-0.02649,0.47915,0.02119,0.58720,-0.80938,-0.00308,-0.00954,-0.03479,0.35347,-0.00527,
1540581201982740736,-0.02609,0.51098,0.02019,0.58868,-0.80821,0.01352,-0.00853,0.01007,0.41199,-0.01938,
1540581202081465600,-0.02368,0.55015,0.01719,0.59050,-0.80665,0.02447,-0.00447,0.01177,0.46695,-0.03925,
1540581202181434368,-0.02242,0.59360,0.01376,0.59223,-0.80555,0.01859,0.00005,0.00485,0.50313,-0.00116,
1540581202248420352,-0.02205,0.62202,0.01331,0.59358,-0.80468,0.01131,0.00449,-0.00497,0.50229,0.02145,
1540581202348008704,-0.02275,0.67185,0.01756,0.59166,-0.80606,0.00119,0.01427,0.00897,0.53893,0.06570,
1540581202447913472,-0.02134,0.71956,0.02027,0.58922,-0.80743,-0.00301,0.02946,0.00886,0.52621,0.02749,
1540581202548320000,-0.02398,0.76990,0.01826,0.58768,-0.80784,-0.01616,0.04211,-0.03290,0.48232,-0.04460,
1540581202648390400,-0.03124,0.80903,0.01054,0.58647,-0.80779,-0.02854,0.05199,-0.07499,0.44075,-0.01718,
1540581202750519552,-0.04036,0.85077,0.01145,0.58461,-0.80846,-0.02615,0.06280,-0.06963,0.44372,-0.02787,
1540581202850045184,-0.04891,0.88897,0.00737,0.58557,-0.80705,-0.03660,0.06671,-0.08823,0.46554,-0.04880,
1540581202920373504,-0.05343,0.92063,0.00428,0.58596,-0.80633,-0.04413,0.06740,-0.07606,0.49794,-0.01973,
1540581203015981312,-0.06093,0.96100,-0.00048,0.58643,-0.80585,-0.04075,0.07104,-0.08629,0.55342,-0.04014,
1540581203114936064,-0.06902,1.01962,-0.00155,0.58782,-0.80502,-0.03641,0.07135,-0.07974,0.60634,-0.00682,
1540581203215649536,-0.07687,1.07987,0.00214,0.58751,-0.80567,-0.03464,0.06722,-0.09684,0.57882,0.06052,
1540581203315630336,-0.08778,1.13259,0.00705,0.58592,-0.80741,-0.04100,0.05579,-0.12919,0.57197,0.06232,
1540581203416953088,-0.10219,1.19289,0.00927,0.58759,-0.80722,-0.03377,0.04471,-0.11820,0.54623,-0.01857,
1540581203518084608,-0.10933,1.24460,0.00749,0.58754,-0.80831,-0.01231,0.03572,-0.04878,0.47128,0.00260,
1540581203583965952,-0.11191,1.27265,0.00975,0.58741,-0.80875,-0.01094,0.02765,-0.04071,0.44155,0.05047,
1540581203684400896,-0.10543,1.28382,0.00995,0.58666,-0.80957,0.00528,0.01999,-0.00504,0.41612,-0.01238,
1540581203784611072,-0.10765,1.33092,0.00567,0.58880,-0.80817,0.00590,0.01155,0.00385,0.44520,-0.06301,
1540581203888537088,-0.10894,1.40160,-0.00100,0.59260,-0.80540,0.00995,0.00772,0.04175,0.50651,-0.05719,
1540581203987494144,-0.10553,1.45478,-0.00658,0.59532,-0.80331,0.01438,0.00898,0.05393,0.54512,-0.06695,
1540581204088108288,-0.10078,1.51522,-0.01111,0.59670,-0.80224,0.01349,0.01344,0.05370,0.61697,-0.00458,
1540581204156018176,-0.10339,1.58872,-0.00866,0.59630,-0.80251,0.00825,0.01829,0.04931,0.63088,0.09376,
1540581204255781376,-0.09911,1.65239,-0.00157,0.59259,-0.80494,0.00756,0.02907,0.03889,0.60786,0.05758,
1540581204356496896,-0.09770,1.71038,0.00362,0.59017,-0.80629,0.00267,0.03977,0.00079,0.52980,0.02279,
1540581204456769792,-0.10263,1.76370,0.00492,0.58811,-0.80733,-0.00554,0.04816,-0.05781,0.48782,0.01458,
1540581204558749440,-0.10963,1.81215,0.00849,0.58510,-0.80857,0.00632,0.06195,-0.08710,0.43981,0.00056,
1540581204658336512,-0.12049,1.85094,0.00707,0.58416,-0.80846,0.00494,0.07168,-0.13732,0.44364,-0.04184,
1540581204725952256,-0.12833,1.88050,0.00497,0.58299,-0.80885,-0.00072,0.07673,-0.11597,0.45586,0.01006,
1540581204827037440,-0.14042,1.91398,0.00816,0.58107,-0.80934,-0.00144,0.08561,-0.16613,0.49125,-0.02796,
1540581204928500480,-0.15952,1.96612,0.00367,0.58256,-0.80773,-0.01844,0.08859,-0.20261,0.55314,-0.06202,
1540581205029658368,-0.18155,2.02714,0.00232,0.58432,-0.80574,-0.04033,0.08786,-0.19965,0.58603,0.00720,
1540581205128994048,-0.20231,2.08255,0.00894,0.58251,-0.80665,-0.05137,0.08573,-0.20290,0.57100,0.08156,
1540581205229980928,-0.22141,2.13170,0.01497,0.58168,-0.80768,-0.05266,0.08078,-0.20967,0.55449,0.02355,
1540581205297427712,-0.23332,2.16946,0.01429,0.58214,-0.80788,-0.04850,0.07799,-0.12230,0.51689,-0.03262,
1540581205397986304,-0.23981,2.21740,0.01281,0.58174,-0.80909,-0.03231,0.07683,-0.04032,0.41026,0.01916,
1540581205498835200,-0.24149,2.25607,0.01326,0.58250,-0.80915,-0.03150,0.07056,-0.00258,0.39681,-0.01743,
1540581205601610240,-0.24120,2.30865,0.00677,0.58505,-0.80806,-0.03043,0.06194,0.02664,0.43758,-0.05354,
1540581205735437568,-0.23539,2.37493,0.00416,0.58695,-0.80766,-0.01540,0.05430,0.06635,0.58984,0.03786,
1540581205785430784,-0.23287,2.40570,0.00569,0.58649,-0.80815,-0.00168,0.05412,0.08152,0.65585,-0.00458,
1540581205884930816,-0.22167,2.47055,0.00424,0.58671,-0.80814,0.00914,0.05093,0.10998,0.68390,0.02278,
1540581205984246016,-0.20642,2.53170,0.00650,0.58504,-0.80934,0.01557,0.04963,0.18246,0.65018,0.01525,
1540581206084885248,-0.18541,2.58710,0.01188,0.58178,-0.81141,0.02372,0.05076,0.19428,0.61884,0.09275,
1540581206150935040,-0.17204,2.62342,0.01551,0.58064,-0.81185,0.03310,0.05169,0.17879,0.55515,0.03408,
1540581206251657984,-0.15685,2.67179,0.01217,0.57998,-0.81244,0.03592,0.04761,0.10333,0.44411,-0.03549,
1540581206350702848,-0.14522,2.71153,0.01193,0.58049,-0.81215,0.03918,0.04360,0.08150,0.37629,-0.00780,
1540581206450929920,-0.13865,2.74729,0.00805,0.58127,-0.81196,0.03602,0.03933,0.02727,0.36848,-0.03775,
1540581206551577600,-0.13733,2.78284,0.00512,0.58253,-0.81160,0.02613,0.03584,-0.00983,0.40532,-0.01973,
1540581206651077632,-0.13757,2.81888,0.00524,0.58313,-0.81107,0.02675,0.03756,-0.07033,0.44307,-0.03054,
1540581206751524352,-0.14559,2.86493,-0.00100,0.58427,-0.81035,0.02093,0.03896,-0.11498,0.49049,-0.05167,
1540581206818216960,-0.15344,2.90096,-0.00451,0.58478,-0.81009,0.01408,0.03971,-0.14132,0.53974,-0.03513,
1540581206952037376,-0.17745,2.97877,-0.00125,0.58305,-0.81121,0.00924,0.04379,-0.22088,0.55907,0.06877,
1540581207018989568,-0.19012,3.02522,0.00352,0.58084,-0.81272,0.00669,0.04538,-0.22909,0.57408,0.04603,
1540581207119144960,-0.21454,3.08282,0.00709,0.57948,-0.81373,-0.00091,0.04526,-0.24899,0.55164,0.02758,
1540581207219654912,-0.23776,3.13683,0.00836,0.57909,-0.81384,-0.00502,0.04786,-0.21516,0.49196,-0.03093,
1540581207317958144,-0.25524,3.18015,0.00640,0.57819,-0.81413,-0.00311,0.05364,-0.16721,0.42167,0.00951,
1540581207418333184,-0.27071,3.21442,0.00585,0.57822,-0.81374,-0.01922,0.05596,-0.17455,0.40657,-0.01628,
1540581207486370048,-0.28221,3.24193,0.00362,0.57835,-0.81332,-0.02006,0.06019,-0.15304,0.44699,-0.03121,
1540581207586426624,-0.29400,3.27983,-0.00139,0.57984,-0.81186,-0.01993,0.06534,-0.10025,0.48890,-0.04984,
1540581207684671232,-0.30172,3.33132,-0.00593,0.58029,-0.81103,-0.01085,0.07335,-0.06581,0.57491,-0.04840,
1540581207788351232,-0.30830,3.39523,-0.00912,0.58112,-0.80989,-0.01029,0.07917,-0.06410,0.64993,-0.02275,
1540581207888017408,-0.31070,3.45713,-0.00957,0.58073,-0.80979,-0.02590,0.07954,-0.01084,0.69282,0.07071,
1540581207988652800,-0.30779,3.52786,-0.00141,0.57729,-0.81178,-0.02436,0.08454,0.06123,0.68281,0.05104,
1540581208087055872,-0.29733,3.58221,-0.00029,0.57498,-0.81311,-0.01054,0.09025,0.03743,0.58966,-0.01272,
1540581208153527040,-0.29590,3.61972,-0.00140,0.57572,-0.81267,-0.01189,0.08931,0.01606,0.53827,-0.02937,
1540581208255538944,-0.29399,3.66919,-0.00099,0.57527,-0.81332,-0.00242,0.08703,0.00417,0.44064,-0.00431,
1540581208355104256,-0.29460,3.71360,-0.00456,0.57777,-0.81234,-0.01075,0.07852,-0.01111,0.46360,-0.05237,
1540581208456100864,-0.29216,3.76668,-0.00969,0.57963,-0.81153,-0.00858,0.07333,0.00055,0.48867,-0.02531,
1540581208556704768,-0.29623,3.81876,-0.01334,0.58203,-0.81041,-0.01273,0.06567,-0.05985,0.55247,-0.04489,
1540581208656537088,-0.30555,3.87857,-0.01818,0.58455,-0.80914,-0.01242,0.05863,-0.10959,0.62507,-0.03567,
1540581208723900672,-0.31685,3.90810,-0.01811,0.58502,-0.80915,-0.00891,0.05423,-0.11583,0.65458,0.03319,
1540581208824770048,-0.33122,3.97355,-0.00877,0.58236,-0.81138,0.00495,0.05002,-0.15896,0.64130,0.11317,
1540581208925678848,-0.34740,4.03479,-0.00079,0.57985,-0.81331,0.01646,0.04501,-0.17810,0.53819,0.02275,
1540581209027027968,-0.36637,4.08025,-0.00426,0.58019,-0.81331,0.01956,0.03899,-0.15915,0.42796,-0.02740,
1540581209127651584,-0.37951,4.12194,-0.00438,0.57954,-0.81406,0.01602,0.03449,-0.11723,0.38983,0.01860,
1540581209228247552,-0.39246,4.16350,-0.00734,0.57997,-0.81381,0.01486,0.03358,-0.13755,0.38480,-0.05526,
1540581209295435520,-0.40129,4.19152,-0.01253,0.58128,-0.81307,0.00401,0.03188,-0.11734,0.40076,-0.07467,
1540581209396149760,-0.41446,4.24036,-0.01892,0.58361,-0.81127,0.00040,0.03519,-0.09523,0.49739,-0.06327,
1540581209496634624,-0.42183,4.29519,-0.02306,0.58475,-0.81003,0.00733,0.04322,-0.07062,0.58495,-0.02174,
1540581209598117888,-0.42768,4.35793,-0.02556,0.58461,-0.80953,0.01026,0.05285,-0.04847,0.65189,-0.03213,
1540581209698387200,-0.43208,4.42810,-0.02299,0.58227,-0.81059,0.00296,0.06239,-0.00891,0.64290,0.05898,
1540581209799026176,-0.43258,4.48772,-0.01521,0.57779,-0.81286,0.00051,0.07363,-0.01751,0.60346,0.04169,
1540581209866538240,-0.43421,4.53313,-0.01174,0.57555,-0.81397,-0.00886,0.07828,-0.02411,0.59788,0.03446,
1540581209967140864,-0.43562,4.58854,-0.01401,0.57427,-0.81404,-0.01679,0.08532,-0.02808,0.54261,-0.03564,
1540581210068515584,-0.44180,4.64399,-0.01516,0.57447,-0.81341,-0.02267,0.08848,-0.05413,0.46569,-0.00909,
1540581210204818432,-0.45108,4.70550,-0.02025,0.57651,-0.81211,-0.02318,0.08704,-0.07782,0.48598,-0.03816,
1540581210269742848,-0.45430,4.73640,-0.02235,0.57776,-0.81139,-0.02370,0.08528,-0.04159,0.49449,-0.01952,
1540581210386899712,-0.45716,4.78936,-0.02311,0.57869,-0.81115,-0.01461,0.08327,-0.07237,0.55902,-0.02405,
1540581210453148928,-0.46253,4.82472,-0.02470,0.57971,-0.81080,-0.01546,0.07940,-0.09438,0.58621,-0.02716,
1540581210553128960,-0.47496,4.88767,-0.02542,0.58138,-0.81029,-0.01620,0.07188,-0.13516,0.62376,0.01730,
1540581210653972736,-0.49110,4.95435,-0.02063,0.58082,-0.81153,-0.02252,0.05966,-0.15343,0.65104,0.06613,
1540581210753391616,-0.50344,5.01627,-0.01671,0.58058,-0.81259,-0.01586,0.04866,-0.14557,0.59501,0.00159,
1540581210820012800,-0.51205,5.05456,-0.01895,0.58118,-0.81265,-0.01222,0.04112,-0.09672,0.52562,-0.03466,
1540581210921804032,-0.51903,5.10941,-0.01968,0.58146,-0.81300,-0.00692,0.02986,-0.07442,0.44959,0.01560,
1540581211020721408,-0.52496,5.15609,-0.01960,0.58176,-0.81313,-0.00522,0.01879,-0.03744,0.44880,-0.02861,
1540581211121401088,-0.52546,5.20447,-0.02283,0.58316,-0.81228,-0.00237,0.01106,-0.01053,0.45664,-0.04951,
1540581211222867456,-0.52725,5.25429,-0.02822,0.58572,-0.81043,-0.01055,0.00414,-0.00839,0.50981,-0.07035,
1540581211320337664,-0.52621,5.30384,-0.03533,0.58845,-0.80840,-0.01445,0.00177,-0.00430,0.58392,-0.06836,
1540581211420976128,-0.52648,5.36561,-0.03956,0.59020,-0.80720,-0.00813,0.00549,-0.01534,0.65426,-0.02110,
1540581211487113984,-0.52799,5.40834,-0.03927,0.58955,-0.80761,-0.01153,0.00814,-0.03000,0.67577,0.04108,
1540581211587278336,-0.52981,5.47672,-0.03397,0.58829,-0.80833,-0.01746,0.01491,-0.01293,0.67720,0.04071,
1540581211687292160,-0.53220,5.54093,-0.03185,0.58747,-0.80831,-0.03100,0.02354,-0.02797,0.61947,0.00265,
1540581211787073792,-0.53416,5.59561,-0.03431,0.58780,-0.80709,-0.04535,0.03216,-0.04629,0.55103,-0.04869,
1540581211887170048,-0.54111,5.64796,-0.03406,0.58730,-0.80641,-0.05678,0.03954,-0.08744,0.49400,0.02840,
1540581211987564032,-0.55190,5.69374,-0.03264,0.58633,-0.80685,-0.05415,0.04784,-0.14141,0.46581,-0.04469,
1540581212087506176,-0.56556,5.74236,-0.03775,0.58724,-0.80516,-0.06483,0.05161,-0.12916,0.48646,-0.02788,
1540581212154595584,-0.57374,5.77302,-0.03768,0.58760,-0.80479,-0.06193,0.05665,-0.13299,0.50342,-0.02189,
1540581212254203648,-0.58783,5.82630,-0.03895,0.58762,-0.80448,-0.05915,0.06342,-0.14599,0.55635,-0.00711,
1540581212355232768,-0.60439,5.88675,-0.03995,0.58724,-0.80469,-0.05681,0.06634,-0.19297,0.59410,0.01348,
1540581212456702208,-0.62432,5.94765,-0.03580,0.58676,-0.80434,-0.07208,0.05959,-0.21297,0.58581,0.06348,
1540581212555678976,-0.64555,6.01200,-0.02850,0.58438,-0.80666,-0.07100,0.05257,-0.19248,0.61867,0.09702,
1540581212655966720,-0.66403,6.07534,-0.02525,0.58365,-0.80911,-0.04879,0.04809,-0.13842,0.53928,-0.03700,
1540581212722947072,-0.67104,6.11137,-0.02531,0.58376,-0.80984,-0.03986,0.04233,-0.12526,0.48250,0.00454,
1540581212829785856,-0.68086,6.15842,-0.02411,0.58363,-0.81052,-0.04027,0.02860,-0.07349,0.46048,0.01268,
1540581212923641856,-0.68354,6.20036,-0.02360,0.58370,-0.81142,-0.02212,0.02001,-0.02710,0.44454,-0.01878,
1540581213024451584,-0.68469,6.24579,-0.02684,0.58466,-0.81113,-0.01227,0.00966,-0.00528,0.43696,-0.03567,
1540581213125531392,-0.68173,6.28708,-0.03040,0.58603,-0.81028,-0.00208,0.00175,0.02433,0.43886,-0.04067,
1540581213226142976,-0.68057,6.33224,-0.03538,0.58771,-0.80906,0.00339,-0.00395,-0.00355,0.48962,-0.05530,
1540581213293505792,-0.67902,6.36002,-0.03825,0.58865,-0.80835,0.00407,-0.00659,-0.00671,0.53329,-0.04462,
1540581213394862080,-0.67946,6.41435,-0.03954,0.58903,-0.80805,-0.00570,-0.00846,-0.00158,0.56493,0.02213,
1540581213494614784,-0.67883,6.47031,-0.03519,0.58711,-0.80944,-0.01007,-0.00313,-0.00042,0.58826,0.06144,
1540581213595789568,-0.68102,6.53263,-0.03037,0.58550,-0.81043,-0.01943,0.00417,-0.03827,0.56865,0.03948,
1540581213697214720,-0.68494,6.58751,-0.03237,0.58517,-0.81015,-0.03292,0.01196,-0.06651,0.49808,-0.02247,
1540581213797903616,-0.69084,6.63451,-0.03622,0.58564,-0.80940,-0.03781,0.02182,-0.06026,0.47677,-0.00435,
1540581213865499904,-0.69539,6.66761,-0.03651,0.58637,-0.80874,-0.03258,0.03233,-0.09556,0.43315,-0.00191,
1540581213965213696,-0.70564,6.70918,-0.03863,0.58626,-0.80798,-0.04250,0.04071,-0.14317,0.42319,-0.03691,
1540581214066106112,-0.71714,6.75649,-0.04417,0.58686,-0.80640,-0.05610,0.04644,-0.12744,0.46244,-0.02207,
1540581214167510272,-0.73135,6.80338,-0.04889,0.58695,-0.80562,-0.05998,0.05354,-0.15586,0.48368,-0.03613,
1540581214267711744,-0.74657,6.85659,-0.05407,0.58703,-0.80446,-0.06921,0.05877,-0.16435,0.56754,-0.02275,
1540581214368568576,-0.76447,6.91805,-0.05009,0.58504,-0.80506,-0.07525,0.06288,-0.17440,0.59840,0.10044,
1540581214469569792,-0.78108,6.97508,-0.04196,0.58106,-0.80809,-0.07144,0.06516,-0.17020,0.59177,0.04202,
1540581214536621824,-0.79425,7.01546,-0.03895,0.58019,-0.80873,-0.07351,0.06270,-0.20017,0.58409,0.02326,
1540581214637889536,-0.81201,7.07272,-0.03703,0.57978,-0.81001,-0.06581,0.05843,-0.14856,0.51058,-0.01490,
1540581214738425344,-0.82083,7.12083,-0.03959,0.58021,-0.81087,-0.05500,0.05316,-0.08819,0.45318,-0.02371,
1540581214855819776,-0.82760,7.16867,-0.04239,0.58104,-0.81137,-0.04696,0.04323,-0.02553,0.42352,-0.04037,
1540581214940672000,-0.82941,7.20358,-0.04540,0.58255,-0.81102,-0.03900,0.03692,-0.02418,0.42554,-0.05259,
1540581215059379456,-0.82848,7.25778,-0.05157,0.58473,-0.81002,-0.03464,0.02753,0.02998,0.46922,-0.03799,
1540581215107617024,-0.82666,7.28116,-0.05378,0.58485,-0.81025,-0.02803,0.02582,0.05705,0.49157,-0.05269,
1540581215259222272,-0.81777,7.36995,-0.06079,0.58742,-0.80881,-0.01366,0.02405,0.07743,0.61305,-0.02635,
1540581215323132416,-0.81306,7.40831,-0.06175,0.58768,-0.80868,-0.00537,0.02528,0.07627,0.63079,-0.01128,
1540581215391569920,-0.80794,7.44738,-0.06082,0.58739,-0.80886,-0.00331,0.02658,0.06917,0.62055,0.03583,
1540581215490204672,-0.80041,7.50365,-0.05611,0.58498,-0.81045,-0.01686,0.02630,0.06095,0.59433,0.04606,
1540581215589793280,-0.79497,7.56188,-0.05181,0.58308,-0.81149,-0.02375,0.03064,0.03374,0.56079,0.01722,
1540581215691831552,-0.79422,7.61637,-0.05533,0.58273,-0.81140,-0.02519,0.03772,-0.01488,0.48306,-0.03601,
1540581215790114048,-0.79671,7.65704,-0.05641,0.58278,-0.81093,-0.02716,0.04495,-0.04922,0.41206,0.00207,
1540581215890334720,-0.80413,7.69862,-0.05899,0.58248,-0.81050,-0.03176,0.05289,-0.08873,0.40365,-0.05240,
1540581215990509568,-0.81349,7.74144,-0.06275,0.58317,-0.80901,-0.04216,0.06033,-0.07948,0.42765,-0.01159,
1540581216056781568,-0.81919,7.76473,-0.06248,0.58272,-0.80898,-0.03602,0.06848,-0.09195,0.42388,-0.01598,
1540581216157359104,-0.83107,7.80990,-0.06680,0.58301,-0.80783,-0.04694,0.07287,-0.14193,0.47481,-0.05152,
1540581216257263104,-0.84737,7.85768,-0.06980,0.58462,-0.80598,-0.05910,0.07154,-0.16068,0.54835,-0.01445,
1540581216356983296,-0.86275,7.91407,-0.06715,0.58317,-0.80731,-0.05743,0.06977,-0.14686,0.60164,0.08970,
1540581216457003008,-0.87632,7.97103,-0.05824,0.58025,-0.81019,-0.05275,0.06417,-0.14250,0.57719,0.08769,
1540581216557209856,-0.89031,8.02643,-0.05440,0.57942,-0.81173,-0.04786,0.05547,-0.13256,0.52706,-0.00189,
1540581216656973312,-0.89966,8.07554,-0.05824,0.58022,-0.81222,-0.03771,0.04712,-0.05359,0.46326,-0.04884,
1540581216724011264,-0.90354,8.10118,-0.05688,0.58118,-0.81185,-0.03912,0.04001,-0.03743,0.43818,0.02531,
1540581216824286464,-0.90561,8.14607,-0.05620,0.58093,-0.81289,-0.02606,0.03246,-0.01630,0.44873,-0.01437,
1540581216924390912,-0.90752,8.19249,-0.05977,0.58260,-0.81220,-0.01944,0.02285,-0.01278,0.46292,-0.04526,
1540581217024750592,-0.90316,8.22784,-0.06351,0.58459,-0.81114,-0.00953,0.01458,0.02288,0.51168,-0.05604,
1540581217127204096,-0.89938,8.28590,-0.06930,0.58747,-0.80918,0.00268,0.00985,0.04718,0.60448,-0.04526,
1540581217226136320,-0.89240,8.34180,-0.07125,0.58870,-0.80829,0.00617,0.00801,0.06681,0.67862,-0.01418,
1540581217293649920,-0.88869,8.38634,-0.06857,0.58881,-0.80824,0.00127,0.00722,0.04156,0.64159,0.07815,
1540581217393346816,-0.88470,8.44625,-0.06055,0.58571,-0.81046,0.00197,0.00973,0.00587,0.56429,0.06771,
1540581217493466624,-0.88464,8.49894,-0.05967,0.58431,-0.81142,-0.00225,0.01333,-0.01288,0.49504,-0.01337,
1540581217594939136,-0.88804,8.54598,-0.06186,0.58415,-0.81135,-0.00901,0.02023,-0.04276,0.44323,0.03231,
1540581217695881728,-0.89419,8.59102,-0.05870,0.58290,-0.81178,0.00485,0.03491,-0.09564,0.42741,-0.01662,
1540581217795753984,-0.90567,8.63252,-0.06317,0.58371,-0.81072,-0.00987,0.04375,-0.12723,0.42883,-0.06660,
1540581217896638208,-0.91898,8.67694,-0.06745,0.58429,-0.80941,-0.01809,0.05590,-0.14842,0.47243,-0.04222,
1540581217963981312,-0.93024,8.70664,-0.06818,0.58488,-0.80831,-0.02437,0.06290,-0.19028,0.51256,-0.02970,
1540581218064704000,-0.95074,8.76154,-0.07168,0.58555,-0.80670,-0.03718,0.07060,-0.21327,0.57432,-0.02131,
1540581218165544960,-0.97313,8.82111,-0.06760,0.58374,-0.80710,-0.04571,0.07587,-0.23229,0.60294,0.08829,
1540581218265991168,-0.99783,8.88015,-0.05723,0.58124,-0.80831,-0.05418,0.07653,-0.25530,0.56924,0.06988,
1540581218367336704,-1.02084,8.93672,-0.05414,0.58036,-0.80907,-0.05305,0.07594,-0.17117,0.50226,0.00131,
1540581218468071168,-1.03406,8.98724,-0.05375,0.57978,-0.81017,-0.04265,0.07527,-0.09889,0.42250,0.00940,
1540581218536885760,-1.04070,9.01734,-0.05225,0.58028,-0.80999,-0.04327,0.07289,-0.07742,0.43614,0.02729,
1540581218635982336,-1.04511,9.06057,-0.05238,0.58027,-0.81087,-0.02852,0.07045,-0.02617,0.45560,-0.01362,
1540581218736079616,-1.04688,9.10607,-0.05469,0.58244,-0.80989,-0.02737,0.06394,-0.00212,0.50004,-0.01659,
1540581218872185600,-1.04199,9.18584,-0.05945,0.58541,-0.80846,-0.01246,0.05936,0.05201,0.62346,-0.05086,
1540581218940116736,-1.03827,9.22926,-0.06180,0.58624,-0.80803,-0.01388,0.05679,0.07402,0.69079,-0.00579,
1540581219039280128,-1.02916,9.30876,-0.05981,0.58696,-0.80767,-0.01671,0.05350,0.11045,0.71921,0.07321,
1540581219106102784,-1.02297,9.35458,-0.05409,0.58487,-0.80921,-0.02129,0.05146,0.10399,0.65827,0.09342,
1540581219241011456,-1.00985,9.44050,-0.04745,0.58316,-0.81073,-0.02371,0.04554,0.08752,0.59340,0.00095,
1540581219308499200,-1.00539,9.47848,-0.04919,0.58317,-0.81093,-0.02084,0.04331,0.06772,0.51050,-0.05166,
1540581219408716800,-1.00352,9.53435,-0.05123,0.58487,-0.80998,-0.02220,0.03704,-0.00605,0.44229,-0.00338,
1540581219510457088,-1.00900,9.57897,-0.05490,0.58558,-0.80956,-0.02574,0.03238,-0.09040,0.45140,-0.05558,
1540581219592387328,-1.01647,9.61455,-0.05875,0.58781,-0.80776,-0.03230,0.03085,-0.09591,0.51247,-0.04685,
1540581219692285440,-1.02703,9.66490,-0.06155,0.58928,-0.80671,-0.02511,0.03660,-0.14893,0.55997,-0.04299,
1540581219792332800,-1.04394,9.73063,-0.06584,0.59087,-0.80517,-0.03012,0.04081,-0.19851,0.60924,-0.02234,
1540581219892364032,-1.06578,9.79127,-0.05985,0.58810,-0.80717,-0.02087,0.04678,-0.23225,0.57348,0.14060,
1540581219992436992,-1.09024,9.84726,-0.04687,0.58318,-0.81070,-0.00839,0.05088,-0.26008,0.52508,0.08633,
1540581220059101696,-1.10740,9.89028,-0.04504,0.58209,-0.81142,-0.00405,0.05246,-0.24800,0.50353,-0.02795,
1540581220159216640,-1.12863,9.93701,-0.04682,0.58173,-0.81164,-0.00220,0.05319,-0.18963,0.42330,0.02151,
1540581220261459456,-1.14535,9.97876,-0.04455,0.58095,-0.81206,-0.00343,0.05519,-0.12867,0.39442,-0.01276,
1540581220359951616,-1.15746,10.02018,-0.05122,0.58311,-0.81043,-0.01382,0.05474,-0.11381,0.40879,-0.08977,
1540581220459933184,-1.16827,10.07437,-0.05941,0.58642,-0.80785,-0.02945,0.05114,-0.07194,0.49765,-0.04997,
1540581220561185024,-1.17507,10.12833,-0.06319,0.58723,-0.80756,-0.01024,0.05388,-0.05153,0.57657,-0.03807,
1540581220626932224,-1.17806,10.17797,-0.06650,0.58762,-0.80732,-0.00209,0.05420,-0.02863,0.67948,0.01218,
1540581220726018816,-1.17632,10.24874,-0.06755,0.58895,-0.80626,0.00678,0.05513,0.02744,0.73837,-0.00447,
1540581220826801664,-1.17258,10.31414,-0.06381,0.58846,-0.80688,-0.01678,0.04878,0.07455,0.62055,0.10290,
1540581220927257856,-1.16322,10.37608,-0.05623,0.58541,-0.80917,-0.01772,0.04725,0.09689,0.57147,0.05153,
1540581221026503168,-1.15561,10.42992,-0.05730,0.58603,-0.80877,-0.02519,0.04271,0.06090,0.50095,-0.04884,
1540581221126873856,-1.15001,10.47861,-0.05950,0.58706,-0.80825,-0.02620,0.03755,0.03850,0.45024,0.02893,
1540581221226609152,-1.14976,10.52856,-0.06092,0.58726,-0.80846,-0.01946,0.03391,-0.01050,0.43720,-0.04436,
1540581221294166528,-1.15050,10.55673,-0.06422,0.58897,-0.80723,-0.02517,0.02928,-0.01769,0.43681,-0.06065,
1540581221394483456,-1.15108,10.60079,-0.06979,0.59044,-0.80615,-0.02808,0.02671,-0.01689,0.48761,-0.05160,
1540581221493559808,-1.15438,10.65651,-0.07720,0.59216,-0.80480,-0.02857,0.02865,-0.07564,0.60549,-0.03126,
1540581221594162176,-1.16506,10.71988,-0.07777,0.59178,-0.80501,-0.02851,0.03069,-0.17358,0.66198,0.06235,
1540581221695221248,-1.18366,10.78615,-0.06753,0.58826,-0.80755,-0.02720,0.03268,-0.18386,0.65759,0.11791,
1540581221797303808,-1.20227,10.85484,-0.05971,0.58513,-0.80985,-0.02293,0.03518,-0.20799,0.60493,0.04528,
1540581221897758720,-1.21993,10.91094,-0.06163,0.58513,-0.80983,-0.02026,0.03739,-0.15583,0.47957,-0.04177,
1540581221961817856,-1.22895,10.93967,-0.06208,0.58489,-0.80989,-0.02137,0.03899,-0.13657,0.39697,0.03337,
1540581222062989056,-1.24040,10.98866,-0.06070,0.58313,-0.81108,-0.02007,0.04130,-0.12954,0.41164,-0.01384,
1540581222163602176,-1.25468,11.03224,-0.06648,0.58465,-0.80966,-0.03323,0.03920,-0.14418,0.44221,-0.06839,
1540581222266570496,-1.26641,11.08165,-0.07132,0.58574,-0.80863,-0.03777,0.03993,-0.10013,0.53355,-0.02601,
1540581222366112768,-1.27814,11.14109,-0.07365,0.58676,-0.80806,-0.03283,0.04096,-0.14575,0.66933,-0.03017,
1540581222466336512,-1.28645,11.21858,-0.07785,0.58764,-0.80763,-0.02347,0.04315,-0.03159,0.75326,-0.01518,
1540581222533838592,-1.28755,11.26822,-0.07700,0.58715,-0.80800,-0.02057,0.04435,0.00408,0.73024,0.03687,
1540581222634522880,-1.28436,11.33799,-0.06809,0.58352,-0.81047,-0.02934,0.04217,0.03569,0.70193,0.10294,
1540581222734915584,-1.27940,11.41048,-0.06471,0.58133,-0.81223,-0.02596,0.04074,0.05850,0.64804,-0.00196,
1540581222835988736,-1.27365,11.46981,-0.06901,0.58222,-0.81183,-0.02525,0.03615,0.05978,0.54653,-0.05050,
1540581222940042752,-1.26812,11.52191,-0.07118,0.58337,-0.81142,-0.01249,0.03330,0.03240,0.46088,-0.02392,
1540581223038021888,-1.26893,11.56563,-0.07519,0.58497,-0.81049,-0.01358,0.02702,-0.05085,0.45337,-0.07125,
1540581223104427776,-1.27232,11.59652,-0.07913,0.58712,-0.80891,-0.02011,0.02344,-0.05197,0.49605,-0.06186,
1540581223207941632,-1.27831,11.65353,-0.08541,0.58886,-0.80770,-0.01523,0.02524,-0.08287,0.59737,-0.07414,
1540581223307471104,-1.28949,11.71802,-0.09014,0.59022,-0.80653,-0.01915,0.02799,-0.14877,0.68081,-0.01364,
1540581223441976576,-1.31153,11.81074,-0.07740,0.58490,-0.81028,0.00042,0.03655,-0.19515,0.65063,0.18647,
1540581223507161088,-1.32328,11.85271,-0.06785,0.58123,-0.81264,0.01310,0.04030,-0.21572,0.58345,0.09535,
1540581223613848832,-1.34631,11.91050,-0.06639,0.57961,-0.81337,0.02640,0.04233,-0.19115,0.46615,-0.04690,
1540581223676748544,-1.35833,11.93813,-0.06810,0.57965,-0.81369,0.01884,0.03948,-0.18870,0.40260,0.00977,
1540581223776184576,-1.37142,11.98051,-0.06848,0.58023,-0.81374,-0.00005,0.03404,-0.10638,0.41098,-0.02119,
1540581223912850688,-1.38700,12.03894,-0.07640,0.58252,-0.81200,-0.02056,0.03000,-0.10931,0.45544,-0.06474,
1540581223994688768,-1.39350,12.07828,-0.08053,0.58403,-0.81098,-0.01746,0.03021,-0.06783,0.53187,-0.04264,
1540581224095279360,-1.39639,12.13618,-0.08469,0.58566,-0.80971,-0.00002,0.03715,0.00696,0.60776,-0.03169,
1540581224162273792,-1.39475,12.17880,-0.08645,0.58656,-0.80882,0.00607,0.04139,0.03124,0.64263,-0.01414,
1540581224261441536,-1.38960,12.24562,-0.08810,0.58663,-0.80813,0.01882,0.04940,0.05887,0.67769,-0.00413,
1540581224361632768,-1.38350,12.31212,-0.08455,0.58560,-0.80894,0.01340,0.05012,0.06118,0.63912,0.08264,
1540581224471774464,-1.37338,12.37726,-0.07938,0.58275,-0.81119,0.00655,0.04839,0.06355,0.61137,0.05048,
1540581224568045056,-1.36772,12.43476,-0.07799,0.58248,-0.81158,0.00308,0.04521,0.04602,0.58324,-0.03826,
1540581224628554496,-1.36654,12.46982,-0.07993,0.58431,-0.81047,-0.00013,0.04143,0.00888,0.55465,-0.04424,
1540581224731109632,-1.36799,12.52354,-0.08237,0.58576,-0.80969,0.00412,0.03557,-0.02818,0.50184,-0.02040,
1540581224828717824,-1.37115,12.57072,-0.08445,0.58702,-0.80890,0.00876,0.03171,-0.05695,0.49062,-0.03858,
1540581224930107136,-1.37550,12.62304,-0.08981,0.58862,-0.80787,-0.00165,0.02953,-0.03856,0.58507,-0.04073,
1540581225029289472,-1.38137,12.68595,-0.09430,0.58957,-0.80696,-0.00245,0.03483,-0.06731,0.68294,-0.02846,
1540581225128967424,-1.38984,12.75385,-0.09224,0.58859,-0.80727,0.00373,0.04319,-0.09022,0.70339,0.03895,
1540581225229458688,-1.40235,12.82325,-0.08404,0.58505,-0.80930,0.01106,0.05125,-0.14047,0.65992,0.10123,
1540581225295427584,-1.41446,12.86557,-0.07804,0.58484,-0.80934,0.00922,0.05335,-0.19607,0.62515,0.04254,
1540581225396233984,-1.43211,12.92817,-0.07951,0.58435,-0.80971,0.00347,0.05382,-0.15407,0.57028,-0.02387,
1540581225495786752,-1.44534,12.98211,-0.07748,0.58394,-0.81001,-0.00144,0.05377,-0.12746,0.54721,0.06925,
1540581225596650240,-1.45441,13.03742,-0.07473,0.58246,-0.81071,0.00910,0.05839,-0.07886,0.57395,-0.02004,
1540581225696600320,-1.46166,13.09785,-0.07848,0.58433,-0.80942,-0.00456,0.05814,-0.05004,0.58491,-0.04463,
1540581225795827200,-1.46416,13.16281,-0.08041,0.58510,-0.80853,-0.00161,0.06273,0.00493,0.72042,-0.02004,
1540581225896119552,-1.46237,13.24241,-0.08129,0.58321,-0.80863,0.02361,0.07371,0.06663,0.84779,-0.02485,
1540581225963426048,-1.45939,13.29843,-0.08008,0.58158,-0.80980,0.02044,0.07467,0.07066,0.78684,0.07936,
1540581226063297024,-1.45003,13.37289,-0.07105,0.57857,-0.81228,0.01056,0.07315,0.11093,0.67909,0.07068,
1540581226164033536,-1.44126,13.43724,-0.07122,0.57811,-0.81293,0.01097,0.06940,0.05405,0.56930,-0.05030,
1540581226265231872,-1.43924,13.49555,-0.07812,0.58077,-0.81192,-0.00021,0.05910,0.04432,0.51847,-0.01296,
1540581226365900032,-1.43630,13.54862,-0.07923,0.58127,-0.81176,0.01296,0.05491,0.02699,0.46966,-0.01569,
1540581226465893120,-1.43424,13.59841,-0.08274,0.58341,-0.81054,0.01423,0.04959,0.04480,0.46574,-0.04963,
1540581226532851712,-1.43410,13.63244,-0.08818,0.58450,-0.80987,0.01604,0.04715,0.00833,0.46886,-0.03137,
1540581226632841472,-1.43608,13.68284,-0.09251,0.58642,-0.80891,0.00696,0.04159,-0.05727,0.54741,-0.03849,
1540581226732866048,-1.44530,13.73924,-0.09734,0.58868,-0.80754,-0.01126,0.03477,-0.11710,0.59838,-0.01299,
1540581226833871104,-1.45834,13.79951,-0.09393,0.58742,-0.80857,-0.01262,0.03144,-0.14548,0.61868,0.07479,
1540581226934775040,-1.47684,13.86195,-0.09040,0.58473,-0.81060,-0.01879,0.02580,-0.17513,0.58803,0.04376,
1540581227035533568,-1.49580,13.91864,-0.08924,0.58399,-0.81122,-0.02056,0.02139,-0.17979,0.56671,-0.00885,
1540581227102884096,-1.50800,13.95220,-0.09114,0.58446,-0.81102,-0.01114,0.02307,-0.16348,0.48863,-0.03538,
1540581227205012736,-1.52382,13.99465,-0.09180,0.58387,-0.81141,-0.01196,0.02384,-0.15542,0.40279,0.00062,
1540581227303929088,-1.54004,14.02513,-0.09725,0.58452,-0.81069,-0.02332,0.02405,-0.15706,0.40631,-0.06782,
1540581227404928512,-1.55563,14.06363,-0.10503,0.58705,-0.80815,-0.04156,0.02309,-0.15794,0.44385,-0.07179,
1540581227505721600,-1.56924,14.11137,-0.10972,0.58838,-0.80694,-0.04287,0.02845,-0.11021,0.54769,-0.01608,
1540581227606682112,-1.57879,14.16688,-0.11345,0.58834,-0.80727,-0.01915,0.04255,-0.06950,0.61144,0.01354,
1540581227674422528,-1.58366,14.21228,-0.11316,0.58797,-0.80715,-0.01174,0.05155,-0.05560,0.66724,-0.02267,
1540581227774912000,-1.58805,14.28239,-0.11419,0.58631,-0.80759,-0.01646,0.06130,-0.03561,0.69163,0.03212,
1540581227875430144,-1.59132,14.34935,-0.10928,0.58324,-0.80885,-0.02707,0.06967,-0.00685,0.66404,0.06169,
1540581227977487872,-1.59026,14.41650,-0.10468,0.57839,-0.81178,-0.01655,0.07876,-0.00512,0.63225,0.04415,
1540581228078087936,-1.59107,14.47541,-0.10602,0.57752,-0.81230,-0.01408,0.08022,-0.01510,0.56662,-0.02514,
1540581228177954304,-1.59432,14.52645,-0.10541,0.57756,-0.81271,-0.01079,0.07623,-0.02342,0.46847,0.02440,
1540581228246557184,-1.59644,14.55804,-0.10467,0.57745,-0.81309,-0.00013,0.07369,-0.02858,0.44331,-0.01069,
1540581228345550848,-1.59986,14.60258,-0.10860,0.57897,-0.81253,0.00610,0.06749,-0.02628,0.42939,-0.04248,
1540581228482545920,-1.60563,14.66343,-0.11450,0.58187,-0.81135,-0.00082,0.05606,-0.08926,0.48293,-0.05709,
1540581228547481856,-1.61275,14.69787,-0.11760,0.58387,-0.81029,-0.01357,0.04839,-0.11704,0.57089,-0.04533,
1540581228683566336,-1.62938,14.78515,-0.12227,0.58542,-0.80960,-0.00747,0.04216,-0.12617,0.69725,0.00260,
1540581228749871616,-1.63869,14.82915,-0.11927,0.58445,-0.81046,-0.01062,0.03818,-0.16112,0.65401,0.07561,
1540581228831728896,-1.65354,14.88075,-0.11354,0.58228,-0.81213,-0.01962,0.03187,-0.19256,0.61671,0.04726,
1540581228931233280,-1.67487,14.93100,-0.11022,0.58068,-0.81350,-0.01695,0.02718,-0.22570,0.53390,-0.00355,
1540581229032338432,-1.69515,14.98105,-0.11044,0.57999,-0.81410,-0.00968,0.02751,-0.17324,0.48095,0.00000,
1540581229131560192,-1.70982,15.02701,-0.11134,0.57977,-0.81402,-0.01578,0.03137,-0.12421,0.45836,-0.04410,
1540581229198457600,-1.71786,15.05700,-0.11488,0.58164,-0.81233,-0.02222,0.03621,-0.12152,0.45646,-0.06646,
1540581229299567872,-1.72833,15.09783,-0.12042,0.58294,-0.81092,-0.02246,0.04570,-0.10995,0.50022,-0.05435,
1540581229398542848,-1.73881,15.15060,-0.12560,0.58372,-0.80989,-0.01479,0.05586,-0.10098,0.53806,-0.03023,
1540581229498670336,-1.74798,15.20720,-0.12763,0.58425,-0.80878,-0.01530,0.06547,-0.05842,0.65332,-0.02661,
1540581229598715136,-1.75142,15.27859,-0.12912,0.58338,-0.80847,-0.02358,0.07411,-0.02203,0.73555,0.02706,
1540581229698606848,-1.75075,15.34192,-0.12032,0.58066,-0.80935,-0.04056,0.07835,-0.00345,0.68384,0.08471,
1540581229798298880,-1.75059,15.41034,-0.11741,0.57862,-0.81019,-0.04679,0.08122,0.01173,0.62329,0.00449,
1540581229865582080,-1.75226,15.45416,-0.11899,0.57956,-0.80920,-0.05293,0.08071,0.00569,0.56359,-0.06882,
1540581229970428416,-1.75096,15.50969,-0.12246,0.58074,-0.80844,-0.05817,0.07605,0.02104,0.49747,0.01150,
1540581230065362176,-1.74830,15.55560,-0.12260,0.58092,-0.80925,-0.04389,0.07565,0.01545,0.47171,-0.02718,
1540581230165792000,-1.74929,15.60686,-0.12703,0.58293,-0.80822,-0.04372,0.07117,0.02939,0.47133,-0.05101,
1540581230266781184,-1.74463,15.65642,-0.12994,0.58438,-0.80790,-0.03384,0.06824,0.03214,0.48900,-0.00739,
1540581230366045184,-1.74626,15.70902,-0.13241,0.58632,-0.80709,-0.03433,0.06054,-0.00834,0.50017,-0.00893,
1540581230465655296,-1.74943,15.76038,-0.13392,0.58724,-0.80725,-0.03224,0.04954,-0.05222,0.52449,0.02159,
1540581230536367360,-1.75621,15.79990,-0.13143,0.58700,-0.80790,-0.03495,0.03886,-0.05735,0.53470,0.03991,
1540581230635327744,-1.76564,15.85511,-0.12885,0.58687,-0.80839,-0.03939,0.02329,-0.10717,0.55287,-0.02097,
1540581230734756352,-1.77983,15.90995,-0.13244,0.58947,-0.80662,-0.04282,0.00789,-0.11184,0.47351,-0.06193,
1540581230833804032,-1.78803,15.95183,-0.13669,0.58990,-0.80701,-0.02758,0.00094,-0.07428,0.38765,-0.01092,
1540581230939166208,-1.79751,15.99273,-0.13674,0.58936,-0.80723,-0.03152,-0.00543,-0.06334,0.34897,0.01189,
1540581231034890752,-1.80250,16.02608,-0.13810,0.58920,-0.80748,-0.02839,-0.00342,-0.06084,0.34379,-0.02075,
1540581231134588672,-1.80848,16.05899,-0.14115,0.58965,-0.80681,-0.03711,0.00060,-0.05392,0.33791,-0.02949,
1540581231204084992,-1.81233,16.08247,-0.14157,0.58986,-0.80653,-0.03933,0.00500,-0.06263,0.35202,0.01170,
1540581231303308544,-1.81873,16.11858,-0.14070,0.58963,-0.80677,-0.03568,0.01411,-0.07106,0.37182,0.01400,
1540581231403741440,-1.82348,16.15523,-0.13989,0.58847,-0.80714,-0.04138,0.02261,-0.03475,0.34584,0.03338,
1540581231505446656,-1.83007,16.18726,-0.13743,0.58697,-0.80740,-0.05243,0.02871,-0.03510,0.28694,-0.00535,
1540581231605325568,-1.83228,16.21280,-0.13690,0.58652,-0.80712,-0.05918,0.03223,-0.00640,0.25729,0.00205,
1540581231706454528,-1.83456,16.23716,-0.13807,0.58611,-0.80735,-0.05820,0.03573,-0.00762,0.20033,-0.00939,
1540581231772942336,-1.83495,16.24748,-0.13791,0.58604,-0.80713,-0.06174,0.03582,-0.01094,0.15318,0.01291,
1540581231875537152,-1.83617,16.25846,-0.13590,0.58523,-0.80830,-0.05343,0.03596,-0.01176,0.12204,0.00410,
1540581231975024384,-1.83932,16.26663,-0.13716,0.58480,-0.80916,-0.04627,0.03353,-0.05932,0.11504,0.00756,
1540581232075609856,-1.84404,16.27182,-0.13378,0.58550,-0.80904,-0.03986,0.03245,-0.00623,0.06837,-0.00935,
1540581232175810304,-1.84705,16.26673,-0.13832,0.58503,-0.80921,-0.04532,0.02928,-0.04203,-0.00818,-0.04323,
1540581232276553472,-1.84995,16.26174,-0.13871,0.58592,-0.80861,-0.04523,0.02842,-0.02078,0.03638,0.00776,
1540581232344772608,-1.85169,16.25602,-0.13931,0.58587,-0.80856,-0.04741,0.02712,-0.02987,-0.00377,-0.02002,
1540581232447208960,-1.85422,16.24717,-0.14158,0.58604,-0.80816,-0.05309,0.02491,-0.02248,-0.00202,-0.00683,
1540581232546837504,-1.85624,16.23761,-0.14182,0.58593,-0.80811,-0.05530,0.02403,-0.01613,-0.00351,-0.01296,
1540581232646811136,-1.85707,16.23187,-0.14304,0.58646,-0.80776,-0.05475,0.02421,-0.01654,0.02254,-0.00267,
1540581232747038720,-1.85848,16.22657,-0.14466,0.58660,-0.80754,-0.05682,0.02346,-0.01070,0.01142,-0.03111,
1540581232848130304,-1.86055,16.22039,-0.14715,0.58735,-0.80636,-0.06644,0.01984,-0.02203,0.01942,-0.00879,
1540581232916846336,-1.86160,16.21683,-0.14720,0.58753,-0.80616,-0.06729,0.01953,-0.00636,0.03324,0.00299,
1540581233016307712,-1.86154,16.21554,-0.14725,0.58752,-0.80638,-0.06459,0.02002,0.00297,0.02115,-0.00967,
1540581233116824832,-1.86230,16.21332,-0.14776,0.58754,-0.80621,-0.06666,0.01912,-0.01242,0.02118,-0.00668,
1540581233233741568,-1.86361,16.21072,-0.14832,0.58766,-0.80585,-0.07030,0.01808,-0.00196,0.01895,-0.00891,
1540581233334205952,-1.86346,16.20896,-0.14860,0.58761,-0.80606,-0.06808,0.01856,0.00733,0.02544,-0.00089,
1540581233401320960,-1.86333,16.20879,-0.14840,0.58772,-0.80610,-0.06645,0.01909,0.00556,0.02391,-0.00542,
1540581233501100032,-1.86297,16.20816,-0.14822,0.58763,-0.80627,-0.06510,0.01957,0.00825,0.02324,-0.00118,
1540581233601634048,-1.86234,16.20781,-0.14795,0.58755,-0.80649,-0.06289,0.02011,0.00481,0.02003,-0.00429,
1540581233700947200,-1.86246,16.20698,-0.14779,0.58756,-0.80644,-0.06347,0.02001,-0.00059,0.02027,-0.00469,
1540581233801273344,-1.86253,16.20621,-0.14749,0.58755,-0.80647,-0.06312,0.02011,0.00745,0.02488,-0.00038,
1540581233867463680,-1.86234,16.20561,-0.14689,0.58752,-0.80666,-0.06085,0.02070,0.00968,0.02695,0.00078,
