1540581062210467584,-0.03087,0.00569,-0.00089,0.59802,-0.78749,0.11329,-0.09700,-0.06819,0.04759,-0.02085,
1540581062309571328,-0.06915,0.08847,-0.01573,0.60128,-0.78588,0.10862,-0.09516,-0.07985,0.11849,-0.02258,
1540581062410003456,-0.20123,0.33642,-0.05039,0.60965,-0.77979,0.10302,-0.09816,-0.24832,0.19935,-0.02330,
1540581062509954304,-0.30059,0.48957,-0.06722,0.61084,-0.77971,0.09825,-0.09624,-0.30246,0.29386,-0.02643,
1540581062576889856,-0.35623,0.58678,-0.07954,0.61065,-0.78026,0.09815,-0.09311,-0.26554,0.37489,-0.06686,
1540581062676041216,-0.34973,0.64600,-0.10366,0.61343,-0.77866,0.10371,-0.08147,-0.18562,0.46613,-0.06126,
1540581062776193536,-0.32949,0.66700,-0.11184,0.61584,-0.77722,0.10550,-0.07442,-0.11930,0.53652,-0.08329,
1540581062876575232,-0.21899,0.57476,-0.06686,0.61713,-0.77829,0.09600,-0.06477,0.03071,0.51969,-0.05053,
1540581062976652800,-0.14186,0.62997,-0.04439,0.61896,-0.77932,0.08456,-0.04893,0.13435,0.53530,0.03000,
1540581063076959744,-0.10220,0.70872,-0.02436,0.61839,-0.78092,0.07671,-0.04330,0.13607,0.47989,0.04202,
1540581063176591360,-0.03736,0.73965,0.00236,0.61796,-0.78311,0.05937,-0.03671,0.17704,0.43666,0.00703,
1540581063243811072,-0.01535,0.76625,0.01029,0.61886,-0.78245,0.05952,-0.03523,0.19142,0.41210,0.01236,
1540581063343256832,0.00128,0.80329,0.01399,0.62015,-0.78109,0.06388,-0.03500,0.14671,0.38803,0.00318,
1540581063443393024,0.01725,0.84412,0.01816,0.62060,-0.78022,0.06872,-0.03717,0.10529,0.35969,0.04482,
1540581063545783808,0.02543,0.87807,0.02088,0.62072,-0.77955,0.07263,-0.04177,0.09905,0.35669,-0.01773,
1540581063645865728,0.05468,0.95468,0.02075,0.62007,-0.77908,0.08313,-0.04048,0.10598,0.45161,0.01783,
1540581063748487936,0.06158,1.01126,0.02067,0.62101,-0.77771,0.08887,-0.04032,0.05368,0.52379,0.00459,
1540581063812980480,0.06367,1.05071,0.02138,0.62129,-0.77644,0.09895,-0.03679,0.04457,0.59464,0.03510,
1540581063912036352,0.06338,1.11521,0.02975,0.62026,-0.77566,0.11220,-0.03239,-0.01026,0.63509,0.12788,
1540581064014105600,0.05867,1.18420,0.03922,0.61660,-0.77745,0.12035,-0.02978,-0.05951,0.63580,0.09879,
1540581064113239808,0.04495,1.23950,0.04777,0.61555,-0.77774,0.12440,-0.02745,-0.09447,0.58022,0.05949,
1540581064214144512,0.03609,1.27508,0.05263,0.61639,-0.77810,0.11817,-0.02558,-0.00048,0.48428,0.06274,
1540581064314797056,0.03052,1.31615,0.05735,0.61501,-0.77829,0.12574,-0.01484,0.00843,0.42296,0.08556,
1540581064384371968,0.03228,1.34498,0.05760,0.61442,-0.77895,0.12502,-0.00947,0.02458,0.41824,0.02867,
1540581064487317760,0.03688,1.38343,0.05467,0.61646,-0.78001,0.10729,-0.00651,0.05300,0.46286,-0.00337,
1540581064583139072,0.04268,1.42643,0.04818,0.61779,-0.78062,0.09465,-0.00404,0.12651,0.53863,0.03842,
1540581064684689664,0.06159,1.48648,0.04820,0.61799,-0.77946,0.10255,0.00447,0.20951,0.61181,0.04162,
1540581064786316288,0.08341,1.54198,0.04686,0.61854,-0.78007,0.09419,0.00590,0.23178,0.59529,0.05030,
1540581064885961984,0.10988,1.59821,0.05444,0.61665,-0.78343,0.07732,0.00128,0.24480,0.53619,0.11856,
1540581064988564224,0.14060,1.65001,0.06025,0.61514,-0.78504,0.07286,-0.00210,0.25725,0.47626,0.03533,
1540581065054214656,0.15071,1.63973,0.04927,0.61497,-0.78524,0.07194,-0.00663,0.22036,0.43949,0.02415,
1540581065155355392,0.17031,1.67229,0.04824,0.61408,-0.78557,0.07453,-0.01543,0.15322,0.39332,0.03225,
1540581065255481856,0.18590,1.70795,0.04457,0.61399,-0.78559,0.07265,-0.02439,0.14557,0.39558,-0.02604,
1540581065356562432,0.20094,1.74613,0.03972,0.61508,-0.78391,0.07974,-0.02839,0.13066,0.44001,-0.03138,
1540581065458240512,0.21303,1.77123,0.02969,0.61552,-0.78302,0.08276,-0.03404,0.07970,0.47724,-0.01551,
1540581065558036224,0.22015,1.82240,0.02693,0.61527,-0.78225,0.08968,-0.03864,0.05285,0.54992,-0.01308,
1540581065625219584,0.22314,1.85853,0.02493,0.61538,-0.78221,0.08705,-0.04339,0.04581,0.59115,-0.01987,
1540581065726105088,0.22768,1.91097,0.02058,0.61360,-0.78353,0.08534,-0.04798,0.00488,0.61137,0.06304,
1540581065826675968,0.22721,1.97237,0.02516,0.61034,-0.78586,0.08483,-0.05220,-0.01877,0.63480,0.05363,
1540581065927630080,0.22559,2.03740,0.02748,0.60920,-0.78581,0.09216,-0.05370,-0.03075,0.63343,0.00589,
1540581066028608512,0.22300,2.09745,0.02730,0.60843,-0.78651,0.09021,-0.05545,0.00965,0.53472,0.03006,
1540581066147043072,0.22349,2.13711,0.02929,0.60778,-0.78588,0.10372,-0.04730,0.06338,0.46370,0.00256,
1540581066211722752,0.22828,2.16516,0.02842,0.60812,-0.78651,0.09808,-0.04437,0.03668,0.46146,-0.04050,
1540581066312509184,0.23453,2.21536,0.02284,0.60999,-0.78829,0.06635,-0.04599,0.07285,0.50961,-0.05792,
1540581066413723904,0.24643,2.27399,0.02103,0.61219,-0.78750,0.06110,-0.03660,0.15434,0.59175,0.00498,
1540581066478846464,0.25898,2.30896,0.02301,0.61242,-0.78687,0.07175,-0.02517,0.20544,0.64925,0.02533,
1540581066579131392,0.27859,2.37096,0.02776,0.61106,-0.78866,0.06651,-0.01426,0.20524,0.61467,0.08128,
1540581066679908864,0.29871,2.42847,0.03676,0.60835,-0.79040,0.07190,-0.00354,0.18325,0.53666,0.05642,
1540581066779216640,0.32097,2.49303,0.03779,0.60732,-0.79078,0.07625,0.00177,0.14417,0.44659,-0.03648,
1540581066878540032,0.33288,2.53406,0.03518,0.60817,-0.79063,0.07095,-0.00154,0.09696,0.39201,-0.00157,
1540581066978809088,0.34256,2.57335,0.03428,0.60780,-0.78941,0.08607,-0.00193,0.09450,0.39032,-0.01693,
1540581067078814464,0.35178,2.61247,0.03114,0.60887,-0.78881,0.08370,-0.00747,0.10478,0.40049,-0.03518,
1540581067148397824,0.35861,2.63963,0.03001,0.60983,-0.78778,0.08602,-0.01009,0.08380,0.42358,-0.02092,
1540581067246293248,0.37050,2.69223,0.02792,0.61045,-0.78718,0.08620,-0.01632,0.06216,0.48764,-0.02410,
1540581067346001152,0.37725,2.74375,0.02550,0.61071,-0.78691,0.08438,-0.02596,0.04181,0.54385,-0.01345,
1540581067445825024,0.38298,2.80121,0.02720,0.60965,-0.78698,0.08770,-0.03614,0.02532,0.57052,0.05022,
1540581067545827584,0.39056,2.86517,0.03193,0.60637,-0.78888,0.08730,-0.04869,0.00986,0.54657,0.03359,
1540581067646031616,0.39232,2.92329,0.03552,0.60315,-0.79006,0.09114,-0.06096,0.00680,0.54225,0.04925,
1540581067746648064,0.39400,2.97292,0.04090,0.60170,-0.78863,0.10748,-0.06685,0.01563,0.46786,0.01104,
1540581067814156288,0.39502,3.00174,0.04343,0.60043,-0.78798,0.11820,-0.06783,0.00894,0.44378,0.02197,
1540581067914576384,0.39928,3.04454,0.04726,0.60009,-0.78789,0.11959,-0.06941,0.02434,0.40352,-0.02725,
1540581068013865984,0.40321,3.08605,0.04630,0.60189,-0.78659,0.12016,-0.06760,0.02758,0.41091,-0.04451,
1540581068114462464,0.40689,3.12975,0.04354,0.60455,-0.78613,0.11043,-0.06576,0.02919,0.45998,-0.05866,
1540581068214108416,0.41230,3.17922,0.04167,0.60805,-0.78484,0.10284,-0.06113,0.06720,0.55537,-0.02629,
1540581068316466432,0.41985,3.23581,0.04249,0.61111,-0.78344,0.10017,-0.05222,0.07769,0.59403,-0.01103,
1540581068415188992,0.43208,3.29558,0.04688,0.61129,-0.78569,0.08306,-0.04596,0.11895,0.62397,0.05639,
1540581068483468288,0.44113,3.33826,0.05357,0.61123,-0.78677,0.07694,-0.03830,0.14367,0.62170,0.07140,
1540581068582122240,0.45719,3.40143,0.05771,0.61026,-0.78845,0.07275,-0.02512,0.12805,0.55993,0.01308,
1540581068683233024,0.46833,3.45653,0.05602,0.61080,-0.78967,0.05508,-0.01750,0.10282,0.49922,-0.03739,
1540581068783533056,0.47334,3.49383,0.05616,0.61130,-0.79007,0.04424,-0.01187,0.06377,0.44665,0.02574,
1540581068884599552,0.48005,3.53719,0.05845,0.61123,-0.78984,0.05020,-0.00519,0.07448,0.43313,-0.02038,
1540581068985622784,0.49138,3.60023,0.05820,0.61279,-0.78877,0.04817,-0.00366,0.06485,0.43901,-0.03792,
1540581069055497728,0.49595,3.62984,0.05692,0.61342,-0.78831,0.04759,-0.00395,0.07270,0.44637,-0.01285,
1540581069153619968,0.50171,3.67503,0.05452,0.61421,-0.78756,0.04944,-0.00672,0.04933,0.48531,-0.04646,
1540581069255841536,0.50641,3.72848,0.05185,0.61588,-0.78637,0.04520,-0.01646,0.05582,0.55047,-0.02266,
1540581069354793728,0.51198,3.78494,0.05463,0.61498,-0.78624,0.05506,-0.02431,0.04463,0.56467,0.05827,
1540581069455091712,0.52227,3.86023,0.06386,0.61230,-0.78782,0.05640,-0.03516,0.02591,0.58779,0.05894,
1540581069557175040,0.52337,3.91999,0.06815,0.61005,-0.78896,0.05740,-0.04562,-0.01141,0.56653,0.01521,
1540581069624146432,0.52368,3.94689,0.06704,0.60853,-0.78964,0.06011,-0.05056,-0.04305,0.53221,0.01201,
1540581069724819712,0.52115,3.99947,0.06657,0.60690,-0.79014,0.06565,-0.05517,-0.03416,0.49234,0.05172,
1540581069824486400,0.51857,4.04326,0.06895,0.60593,-0.78968,0.08007,-0.05341,-0.01415,0.45204,-0.00002,
1540581069926289152,0.51363,4.06295,0.06116,0.60460,-0.79103,0.07700,-0.05300,-0.02833,0.41804,-0.05982,
1540581070027260160,0.51425,4.10187,0.05009,0.60424,-0.79222,0.06700,-0.05284,0.01450,0.44955,-0.06447,
1540581070129813760,0.51697,4.15084,0.04190,0.60675,-0.79071,0.06581,-0.04800,0.04776,0.51176,-0.07595,
1540581070195208448,0.52160,4.18678,0.03652,0.60848,-0.78959,0.06619,-0.04382,0.07700,0.56908,-0.06524,
1540581070296183552,0.53102,4.24257,0.03201,0.60837,-0.79049,0.06084,-0.03629,0.08573,0.59836,0.03642,
1540581070396077824,0.54261,4.29774,0.03972,0.60627,-0.79254,0.06006,-0.02665,0.15577,0.62095,0.08458,
1540581070496752384,0.55871,4.35814,0.04321,0.60465,-0.79326,0.07058,-0.01269,0.16832,0.59832,0.00232,
1540581070597745152,0.57176,4.42474,0.04240,0.60452,-0.79445,0.05787,-0.00763,0.11549,0.55792,-0.00741,
1540581070716387840,0.58675,4.48465,0.04114,0.60446,-0.79488,0.05252,-0.00619,0.11780,0.52894,0.00388,
1540581070781731840,0.59344,4.51720,0.04237,0.60399,-0.79516,0.05361,-0.00691,0.09233,0.50323,0.02744,
1540581070918775296,0.60619,4.60552,0.04186,0.60405,-0.79454,0.06103,-0.01054,0.07840,0.52900,-0.03875,
1540581070981647104,0.61126,4.63542,0.03913,0.60481,-0.79417,0.05706,-0.01558,0.06512,0.54094,-0.03402,
1540581071082065664,0.61800,4.69280,0.03452,0.60612,-0.79286,0.05967,-0.02083,0.05854,0.59305,-0.04138,
1540581071148250112,0.62214,4.74391,0.03255,0.60739,-0.79185,0.05748,-0.02749,0.02773,0.63005,-0.04383,
1540581071248427520,0.62432,4.80833,0.02954,0.60716,-0.79181,0.05365,-0.03881,0.00456,0.66437,-0.00984,
1540581071349144832,0.62503,4.87852,0.03365,0.60346,-0.79446,0.04310,-0.05300,0.00331,0.69420,0.07940,
1540581071448808192,0.62617,4.95157,0.04244,0.60040,-0.79562,0.05357,-0.06030,-0.00886,0.68685,0.04533,
1540581071548873216,0.62677,5.01622,0.04210,0.59919,-0.79554,0.06069,-0.06635,-0.00121,0.58891,-0.00900,
1540581071648338944,0.62662,5.06971,0.04432,0.59785,-0.79592,0.06695,-0.06795,-0.00379,0.51652,0.03571,
1540581071748325632,0.63521,5.13800,0.04332,0.59836,-0.79484,0.07895,-0.06296,0.05004,0.55040,-0.03338,
1540581071815606272,0.63942,5.17501,0.03978,0.60004,-0.79378,0.07997,-0.05884,0.06658,0.57255,-0.05511,
1540581071915220224,0.64705,5.23217,0.03487,0.60246,-0.79287,0.07433,-0.05366,0.08975,0.62690,-0.03507,
1540581072016063744,0.65530,5.29502,0.03223,0.60465,-0.79145,0.07785,-0.04416,0.10892,0.71098,-0.02148,
1540581072115388416,0.66937,5.36159,0.03037,0.60525,-0.79191,0.07231,-0.03651,0.14043,0.73496,0.03097,
1540581072215986688,0.68534,5.43337,0.03780,0.60377,-0.79407,0.06339,-0.02990,0.17191,0.68518,0.09819,
1540581072315699456,0.70355,5.49799,0.04272,0.60235,-0.79583,0.05756,-0.02260,0.15348,0.59254,0.00672,
1540581072415806720,0.71598,5.54880,0.04012,0.60221,-0.79668,0.04761,-0.01941,0.12040,0.54035,-0.00033,
1540581072483416064,0.72409,5.57500,0.04253,0.60220,-0.79674,0.04732,-0.01776,0.09736,0.49741,0.03983,
1540581072582740992,0.73218,5.61754,0.04314,0.60185,-0.79588,0.06466,-0.01302,0.06115,0.49453,-0.04665,
1540581072682565120,0.73860,5.66405,0.03818,0.60394,-0.79493,0.05506,-0.01794,0.08644,0.51675,-0.05497,
1540581072783813632,0.74658,5.71352,0.03498,0.60585,-0.79299,0.06089,-0.02001,0.05972,0.53949,-0.04022,
1540581072886685440,0.75148,5.76040,0.03085,0.60715,-0.79260,0.04719,-0.03058,0.03075,0.61103,-0.04339,
1540581072986372608,0.75707,5.82826,0.02999,0.60685,-0.79268,0.04202,-0.04031,0.06835,0.68393,0.03489,
1540581073052610048,0.76215,5.86627,0.03514,0.60511,-0.79335,0.05008,-0.04404,0.05884,0.69850,0.08744,
1540581073151961600,0.76666,5.93356,0.04448,0.60133,-0.79509,0.05977,-0.05157,0.03675,0.66395,0.07197,
1540581073252824064,0.76956,5.99679,0.04670,0.59950,-0.79494,0.07210,-0.05902,0.04251,0.57527,-0.01480,
1540581073353434368,0.77493,6.03834,0.04905,0.59816,-0.79403,0.08821,-0.06284,0.05461,0.47941,0.03371,
1540581073454992128,0.78009,6.08170,0.05142,0.59703,-0.79405,0.09299,-0.06626,0.06988,0.46664,-0.01087,
1540581073555642880,0.79024,6.13374,0.05035,0.59822,-0.79251,0.09694,-0.06836,0.07540,0.45581,-0.05289,
1540581073621979136,0.79456,6.16289,0.04623,0.59951,-0.79197,0.09172,-0.07039,0.07369,0.51371,-0.05634,
1540581073724162816,0.80387,6.21835,0.04068,0.60193,-0.79104,0.08227,-0.07187,0.11274,0.59231,-0.03688,
1540581073824144640,0.81764,6.27911,0.03644,0.60464,-0.78898,0.08701,-0.06592,0.15277,0.67391,-0.03111,
1540581073923932928,0.83666,6.34867,0.03600,0.60634,-0.78921,0.07613,-0.06096,0.17013,0.71340,0.00805,
1540581074026685184,0.85281,6.41912,0.04191,0.60506,-0.79198,0.05979,-0.05571,0.15732,0.67489,0.10419,
1540581074126240512,0.86794,6.46597,0.04897,0.60383,-0.79342,0.06177,-0.04541,0.13233,0.61282,0.02527,
1540581074193286656,0.87512,6.50213,0.04876,0.60363,-0.79447,0.05211,-0.04156,0.10798,0.56548,-0.02048,
1540581074295270912,0.88801,6.56207,0.05149,0.60361,-0.79540,0.04095,-0.03622,0.06714,0.54581,0.04643,
1540581074395737600,0.89396,6.61608,0.05398,0.60316,-0.79494,0.06007,-0.02573,0.03934,0.54876,-0.01985,
1540581074495487744,0.90149,6.67418,0.05175,0.60488,-0.79442,0.04739,-0.02756,0.03660,0.56456,-0.04273,
1540581074596059648,0.90705,6.73622,0.04842,0.60654,-0.79298,0.04939,-0.02919,0.03577,0.59203,-0.04915,
1540581074697253632,0.90957,6.80361,0.04416,0.60818,-0.79183,0.04253,-0.03636,0.00088,0.65926,-0.03527,
1540581074764581120,0.90918,6.84726,0.04330,0.60738,-0.79248,0.03381,-0.04388,0.00663,0.67215,0.05299,
1540581074865928960,0.91223,6.91775,0.05547,0.60328,-0.79520,0.03241,-0.05153,0.00258,0.65487,0.15830,
1540581074967291904,0.91347,6.98756,0.06853,0.59963,-0.79667,0.05568,-0.05159,0.00367,0.63639,0.07738,
1540581075066765568,0.91485,7.04899,0.06999,0.59838,-0.79629,0.07134,-0.05269,0.01869,0.53732,0.00242,
1540581075167646208,0.91909,7.10467,0.07560,0.59722,-0.79692,0.07088,-0.05689,-0.00207,0.47478,0.02958,
1540581075270442496,0.92121,7.15560,0.07629,0.59750,-0.79596,0.07827,-0.05750,0.03725,0.49750,-0.03804,
1540581075350675456,0.92263,7.19146,0.07155,0.59950,-0.79477,0.07346,-0.05960,0.01288,0.49508,-0.08288,
1540581075450744064,0.92443,7.24243,0.06613,0.60118,-0.79439,0.06030,-0.06242,0.04107,0.55085,-0.02650,
1540581075550846464,0.93987,7.31594,0.06231,0.60388,-0.79184,0.07300,-0.05469,0.08732,0.63792,-0.02302,
1540581075651016192,0.94888,7.37949,0.05855,0.60623,-0.79103,0.06558,-0.04961,0.10280,0.67514,-0.03813,
1540581075717594624,0.95710,7.42578,0.05734,0.60546,-0.79272,0.05206,-0.04794,0.10713,0.68857,0.03571,
1540581075817664512,0.97628,7.49350,0.06100,0.60404,-0.79438,0.05146,-0.03811,0.14546,0.68431,0.10008,
1540581075917592064,0.98960,7.56204,0.06888,0.60213,-0.79575,0.05900,-0.02739,0.10889,0.62135,0.02068,
1540581076017725184,1.00792,7.62681,0.06444,0.60282,-0.79592,0.05111,-0.02253,0.09254,0.58730,-0.02723,
1540581076118411520,1.01301,7.68158,0.06717,0.60220,-0.79678,0.04606,-0.01935,0.05609,0.56477,0.05776,
1540581076218321920,1.01950,7.73849,0.06942,0.60082,-0.79644,0.06763,-0.01116,0.06500,0.58607,-0.00267,
1540581076320051712,1.03218,7.80041,0.06614,0.60162,-0.79596,0.06619,-0.01069,0.06985,0.62933,-0.01269,
1540581076385620992,1.03812,7.84400,0.06488,0.60205,-0.79481,0.07576,-0.00883,0.07070,0.65370,-0.03507,
1540581076485306624,1.04285,7.91158,0.06097,0.60363,-0.79405,0.07038,-0.01286,0.01929,0.68073,-0.03525,
1540581076584993792,1.04595,7.98438,0.05945,0.60425,-0.79379,0.06675,-0.01791,0.02931,0.71430,0.02628,
1540581076685445376,1.05255,8.05302,0.06157,0.60205,-0.79590,0.05907,-0.02439,0.01288,0.66392,0.07320,
1540581076785458688,1.05357,8.11742,0.06702,0.60056,-0.79687,0.05882,-0.02933,0.03596,0.65525,0.00337,
1540581076885532672,1.05730,8.17931,0.06612,0.60058,-0.79556,0.07451,-0.02898,0.03526,0.56609,-0.00045,
1540581076985648384,1.06004,8.23208,0.06804,0.59999,-0.79582,0.07496,-0.03255,0.03667,0.52530,-0.00801,
1540581077051772160,1.06793,8.26220,0.06488,0.60024,-0.79511,0.08029,-0.03260,0.07977,0.51045,-0.05500,
1540581077151780352,1.07470,8.31151,0.05769,0.60269,-0.79423,0.06805,-0.03661,0.07708,0.51986,-0.09393,
1540581077252281600,1.08347,8.36617,0.04947,0.60495,-0.79340,0.05462,-0.03961,0.11919,0.60116,-0.05447,
1540581077354943744,1.09756,8.42950,0.04560,0.60701,-0.79122,0.06639,-0.03318,0.15735,0.71016,-0.03069,
1540581077457170944,1.11943,8.50327,0.04235,0.60755,-0.79120,0.06369,-0.02864,0.15024,0.73400,-0.00553,
1540581077553824512,1.13449,8.56846,0.04735,0.60507,-0.79502,0.02796,-0.03237,0.17337,0.72719,0.08756,
1540581077655279360,1.15468,8.63496,0.05186,0.60404,-0.79612,0.02562,-0.02591,0.20268,0.69085,0.00577,
1540581077723688704,1.16724,8.64464,0.04906,0.60415,-0.79595,0.03344,-0.01874,0.16058,0.60548,-0.03792,
1540581077822269184,1.17824,8.69726,0.05011,0.60376,-0.79653,0.02565,-0.01879,0.07692,0.53714,0.05779,
1540581077923243008,1.18786,8.74855,0.05247,0.60264,-0.79569,0.06003,-0.00991,0.09302,0.53771,-0.01019,
1540581078024199680,1.19592,8.79839,0.04850,0.60371,-0.79454,0.06441,-0.00998,0.07298,0.54865,-0.04427,
1540581078123762176,1.20225,8.81801,0.04478,0.60484,-0.79369,0.06373,-0.01267,0.07698,0.56007,-0.04705,
1540581078225265408,1.20875,8.88669,0.03961,0.60650,-0.79292,0.05537,-0.01938,0.04806,0.62529,-0.05136,
1540581078292153856,1.21177,8.93563,0.03596,0.60674,-0.79322,0.04426,-0.02663,0.03293,0.67137,-0.02167,
1540581078392554752,1.21624,8.99728,0.03869,0.60474,-0.79457,0.04068,-0.03606,0.03009,0.71256,0.07150,
1540581078493770240,1.21994,9.07407,0.04699,0.60195,-0.79552,0.05545,-0.04157,0.02269,0.73467,0.05861,
1540581078594719232,1.22217,9.14659,0.04708,0.60064,-0.79561,0.06098,-0.05015,0.03466,0.64644,-0.00611,
1540581078695418880,1.23468,9.22176,0.04941,0.59895,-0.79449,0.08606,-0.05140,0.05475,0.53446,0.04687,
1540581078796032256,1.24096,9.27375,0.05207,0.59785,-0.79338,0.10161,-0.05287,0.07018,0.50803,-0.01662,
1540581078863094784,1.25035,9.30963,0.05184,0.59858,-0.79271,0.10151,-0.05485,0.08618,0.52752,-0.05935,
1540581078964445184,1.26024,9.36025,0.04517,0.60072,-0.79189,0.09332,-0.05781,0.11464,0.55461,-0.07501,
1540581079065586688,1.27260,9.41852,0.03820,0.60338,-0.79072,0.08621,-0.05708,0.14249,0.63282,-0.06294,
1540581079165484800,1.28778,9.48388,0.03097,0.60661,-0.78906,0.08130,-0.05282,0.16150,0.70163,-0.07707,
1540581079266306048,1.30623,9.53720,0.03012,0.60714,-0.79020,0.06682,-0.04994,0.14838,0.69323,0.03645,
1540581079367016704,1.32093,9.60177,0.03566,0.60568,-0.79255,0.05339,-0.04649,0.16534,0.69317,0.07226,
1540581079434194432,1.33539,9.63402,0.04084,0.60474,-0.79329,0.05783,-0.04049,0.18529,0.68237,0.03421,
1540581079535168256,1.35103,9.69344,0.04231,0.60468,-0.79357,0.05895,-0.03371,0.14876,0.59915,0.00640,
1540581079635868672,1.36267,9.74632,0.04391,0.60446,-0.79428,0.05184,-0.03267,0.10290,0.55794,0.03787,
1540581079737900800,1.37397,9.76997,0.04487,0.60447,-0.79299,0.07107,-0.02708,0.09809,0.53941,-0.02979,
1540581079821972992,1.38121,9.81429,0.04410,0.60440,-0.79305,0.07019,-0.02894,0.10865,0.58461,0.02932,
1540581079919859456,1.39192,9.87576,0.04811,0.60394,-0.78972,0.10529,-0.02255,0.10464,0.63443,-0.01184,
1540581080020443392,1.39956,9.94353,0.04440,0.60538,-0.78930,0.09782,-0.03084,0.05762,0.67625,-0.05522,
1540581080121276160,1.40644,9.99369,0.04663,0.60507,-0.79004,0.08939,-0.04175,0.05927,0.68033,0.04281,
1540581080220964864,1.41160,10.06451,0.05365,0.60172,-0.79202,0.08888,-0.05233,0.02197,0.63863,0.09741,
1540581080320183552,1.41472,10.13097,0.06108,0.59924,-0.79255,0.09527,-0.06093,0.03610,0.66529,0.02336,
1540581080387556352,1.42198,10.17797,0.06219,0.59839,-0.79221,0.10100,-0.06423,0.08046,0.60688,-0.01696,
1540581080487851008,1.43232,10.23761,0.06576,0.59770,-0.79091,0.11465,-0.06389,0.07276,0.51180,0.03937,
1540581080587001088,1.44025,10.28897,0.06631,0.59742,-0.79153,0.11070,-0.06577,0.05886,0.50020,-0.05289,
1540581080687775488,1.45209,10.35010,0.05983,0.59972,-0.79120,0.09761,-0.06930,0.04626,0.52733,-0.08247,
1540581080787398656,1.45610,10.40358,0.05318,0.60183,-0.79040,0.08896,-0.07176,0.04790,0.57429,-0.05296,
1540581080888274688,1.46207,10.46529,0.04969,0.60446,-0.78813,0.09303,-0.06945,0.07864,0.65386,-0.03589,
1540581080954376448,1.46966,10.50015,0.04792,0.60657,-0.78608,0.09961,-0.06512,0.10841,0.67709,-0.03138,
1540581081054568448,1.48190,10.57288,0.04824,0.60680,-0.78756,0.08737,-0.06254,0.11890,0.70592,0.05847,
1540581081154749440,1.49721,10.64790,0.05998,0.60493,-0.78884,0.09486,-0.05286,0.17430,0.71640,0.12020,
1540581081254721792,1.51287,10.70963,0.06653,0.60383,-0.78854,0.10874,-0.04204,0.08643,0.64063,-0.00074,
1540581081354376192,1.52086,10.77126,0.06170,0.60407,-0.79229,0.07108,-0.04818,0.05445,0.55748,-0.02178,
1540581081456922880,1.52833,10.83094,0.06254,0.60500,-0.79168,0.07212,-0.04491,0.09269,0.56668,0.01039,
1540581081554860544,1.54198,10.89292,0.06335,0.60591,-0.79099,0.07367,-0.04223,0.08678,0.58476,-0.00450,
1540581081622164480,1.54844,10.93325,0.06385,0.60644,-0.79079,0.07215,-0.04083,0.08844,0.60534,-0.00830,
1540581081724004864,1.55667,10.99717,0.06151,0.60777,-0.78968,0.07437,-0.03864,0.05783,0.66586,-0.03161,
1540581081822722816,1.56208,11.06751,0.05652,0.60922,-0.78912,0.06659,-0.04124,0.04369,0.74516,-0.04522,
1540581081922787328,1.56686,11.13479,0.05418,0.60918,-0.78924,0.06249,-0.04570,0.00683,0.74990,0.05178,
1540581082022729984,1.56583,11.20943,0.06251,0.60558,-0.79169,0.06086,-0.05282,-0.02916,0.72304,0.08656,
1540581082126196480,1.56478,11.28682,0.06549,0.60338,-0.79268,0.06235,-0.06083,0.00609,0.71766,-0.00451,
1540581082222853120,1.57095,11.34844,0.06442,0.60287,-0.79182,0.07431,-0.06365,0.06741,0.62460,0.02108,
1540581082290281472,1.57639,11.39203,0.06833,0.60204,-0.79205,0.07687,-0.06557,0.08844,0.62659,0.05188,
1540581082391549696,1.58920,11.45539,0.07048,0.60191,-0.79077,0.09079,-0.06437,0.14308,0.63910,-0.01810,
1540581082492378112,1.60821,11.53252,0.06316,0.60388,-0.78910,0.09138,-0.06560,0.14071,0.67681,-0.06412,
1540581082592700160,1.62349,11.60214,0.05624,0.60589,-0.78785,0.08779,-0.06697,0.17327,0.75864,-0.04947,
1540581082694384384,1.64433,11.67998,0.05524,0.60787,-0.78514,0.10167,-0.06097,0.23876,0.81102,0.01787,
1540581082794123520,1.66812,11.75078,0.05918,0.60651,-0.78703,0.09676,-0.05810,0.18578,0.75605,0.08100,
1540581082861612288,1.68043,11.79971,0.06530,0.60422,-0.79058,0.07999,-0.05918,0.18636,0.73041,0.07777,
1540581082962523136,1.70063,11.86949,0.07011,0.60317,-0.79063,0.09316,-0.04921,0.18078,0.70906,0.00878,
1540581083063303936,1.71202,11.90919,0.06859,0.60275,-0.79272,0.07694,-0.04862,0.11569,0.65446,0.03046,
1540581083163853056,1.72339,11.97178,0.07081,0.60248,-0.79273,0.08214,-0.04300,0.09501,0.62445,-0.01690,
1540581083264611584,1.73038,12.03548,0.06868,0.60350,-0.79323,0.06923,-0.04218,0.06664,0.64193,-0.04828,
1540581083365712128,1.73475,12.09002,0.06435,0.60518,-0.79252,0.06390,-0.03977,0.04494,0.68473,-0.03929,
1540581083432370176,1.73662,12.13839,0.06104,0.60643,-0.79206,0.05732,-0.04005,0.00671,0.71351,-0.04234,
1540581083533678848,1.73536,12.20624,0.05671,0.60700,-0.79250,0.03944,-0.04408,-0.01291,0.72201,0.02716,
1540581083634837248,1.73133,12.28075,0.06526,0.60410,-0.79444,0.04357,-0.04508,-0.06743,0.70031,0.09676,
1540581083735558144,1.72505,12.35694,0.07016,0.60239,-0.79503,0.05307,-0.04735,-0.05326,0.70918,-0.01709,
1540581083836091904,1.72571,12.43042,0.06838,0.60318,-0.79374,0.05984,-0.05073,-0.01154,0.59680,-0.02288,
1540581083937012480,1.72527,12.49204,0.07010,0.60245,-0.79392,0.06168,-0.05431,0.00443,0.54950,-0.00019,
1540581084007347968,1.72739,12.53346,0.06913,0.60217,-0.79385,0.06268,-0.05722,0.03069,0.57114,-0.01625,
1540581084104621312,1.73468,12.58742,0.06686,0.60339,-0.79252,0.06568,-0.05931,0.06902,0.62253,-0.04311,
1540581084205919232,1.74358,12.65825,0.06170,0.60514,-0.79109,0.06570,-0.06057,0.10506,0.70178,-0.04555,
1540581084326205184,1.76007,12.74586,0.05864,0.60759,-0.78884,0.07250,-0.05750,0.15600,0.77867,0.02137,
1540581084407228160,1.77376,12.80795,0.06216,0.60705,-0.78941,0.07301,-0.05466,0.15624,0.75904,0.05661,
1540581084489941248,1.79027,12.85760,0.07024,0.60469,-0.79209,0.06530,-0.05183,0.18511,0.78784,0.08803,
1540581084589787136,1.80878,12.93215,0.07579,0.60425,-0.79292,0.06455,-0.04471,0.18134,0.75632,0.02763,
1540581084690581504,1.82148,12.99874,0.07526,0.60372,-0.79428,0.05455,-0.04076,0.10064,0.66425,0.00151,
1540581084790157568,1.83058,13.04256,0.07826,0.60333,-0.79537,0.04209,-0.04014,0.08039,0.65945,0.02338,
1540581084890028800,1.83835,13.11051,0.07845,0.60426,-0.79430,0.05308,-0.03375,0.06422,0.69112,-0.01725,
1540581084956615424,1.84640,13.14466,0.07714,0.60532,-0.79370,0.05042,-0.03280,0.05503,0.69370,-0.02126,
1540581085056879104,1.85043,13.21483,0.07468,0.60696,-0.79252,0.05042,-0.03106,0.04119,0.72380,-0.02288,
1540581085156942848,1.85161,13.28986,0.07179,0.60785,-0.79214,0.04420,-0.03280,0.00102,0.75613,0.00255,
1540581085257521408,1.85117,13.36887,0.07608,0.60634,-0.79308,0.04515,-0.03658,-0.03184,0.72013,0.09706,
1540581085357279488,1.85095,13.44392,0.08453,0.60236,-0.79572,0.04627,-0.04303,-0.07052,0.71049,0.04190,
1540581085457762048,1.84747,13.51872,0.08505,0.60219,-0.79529,0.04921,-0.04968,0.02071,0.72332,-0.00775,
1540581085557277440,1.85095,13.58804,0.08842,0.60151,-0.79448,0.06751,-0.04930,0.03407,0.65679,0.05870,
1540581085623523840,1.85387,13.63072,0.09095,0.60113,-0.79418,0.07420,-0.04915,0.05342,0.63081,-0.00803,
1540581085724053760,1.86115,13.68230,0.08655,0.60285,-0.79292,0.07135,-0.05256,0.06031,0.61438,-0.05554,
1540581085824159488,1.86714,13.74332,0.08085,0.60462,-0.79157,0.06850,-0.05617,0.06872,0.64722,-0.05748,
1540581085923952384,1.87615,13.80993,0.07617,0.60744,-0.78940,0.06665,-0.05853,0.11654,0.69978,-0.02879,
1540581086024650752,1.89043,13.88159,0.07270,0.60961,-0.78765,0.06846,-0.05745,0.15960,0.75177,-0.01262,
1540581086123997952,1.91152,13.94321,0.07194,0.60873,-0.78922,0.05831,-0.05631,0.16304,0.76876,0.04730,
1540581086223852544,1.92750,14.01834,0.08037,0.60642,-0.79183,0.04787,-0.05451,0.15321,0.78135,0.08932,
1540581086294500096,1.93894,14.06941,0.08488,0.60482,-0.79255,0.06178,-0.04732,0.15012,0.76449,0.04283,
1540581086392463104,1.95596,14.11793,0.08448,0.60427,-0.79307,0.06396,-0.04251,0.10275,0.69362,-0.01523,
1540581086491826944,1.96294,14.18407,0.08569,0.60430,-0.79387,0.05322,-0.04194,0.07509,0.66300,0.00798,
1540581086593758976,1.96854,14.25501,0.08624,0.60472,-0.79291,0.06660,-0.03419,0.02388,0.67596,-0.00761,
1540581086693894400,1.97042,14.32850,0.08391,0.60636,-0.79218,0.06082,-0.03305,0.01912,0.72579,-0.03949,
1540581086794317824,1.97576,14.36898,0.07911,0.60786,-0.79131,0.05703,-0.03273,-0.02037,0.75263,-0.03956,
1540581086860686336,1.97484,14.42223,0.07746,0.60838,-0.79120,0.05244,-0.03354,-0.00354,0.76290,-0.00925,
1540581086960379392,1.97776,14.47526,0.07872,0.60623,-0.79305,0.04707,-0.03652,-0.03323,0.69076,0.09189,
1540581087062756864,1.97302,14.55090,0.08805,0.60302,-0.79566,0.03715,-0.04375,-0.04081,0.68604,0.05326,
1540581087162237440,1.96988,14.62167,0.08955,0.60288,-0.79514,0.04530,-0.04732,-0.00966,0.65046,-0.01078,
1540581087263837440,1.97157,14.67553,0.08772,0.60119,-0.79573,0.05304,-0.05078,-0.01424,0.56542,0.03255,
1540581087364161792,1.97369,14.73659,0.08808,0.60017,-0.79606,0.05593,-0.05445,0.04031,0.54966,-0.03485,
1540581087431194624,1.97814,14.77610,0.08577,0.60086,-0.79555,0.05235,-0.05768,0.05888,0.58129,-0.04564,
1540581087532359936,1.99128,14.83498,0.07995,0.60237,-0.79406,0.05638,-0.05868,0.09606,0.63138,-0.02939,
1540581087632483840,2.00428,14.90177,0.07747,0.60517,-0.79014,0.08129,-0.05327,0.12689,0.71731,-0.01373,
1540581087733708288,2.01762,14.97266,0.07497,0.60702,-0.78858,0.08339,-0.05211,0.14064,0.75162,0.00443,
1540581087834331392,2.03913,15.02922,0.07589,0.60617,-0.78945,0.08327,-0.04890,0.18069,0.71765,0.06502,
1540581087935054080,2.05625,15.09410,0.08517,0.60472,-0.79137,0.07858,-0.04326,0.19944,0.68279,0.05616,
1540581088002388224,2.06819,15.13386,0.08659,0.60335,-0.79246,0.08113,-0.03743,0.15869,0.66589,0.01250,
1540581088103080192,2.08440,15.17374,0.08231,0.60306,-0.79457,0.06103,-0.03540,0.10915,0.60209,-0.01895,
1540581088204562944,2.09199,15.23234,0.08435,0.60308,-0.79504,0.05697,-0.03109,0.07050,0.57887,0.02137,
1540581088304569600,2.09672,15.28953,0.08419,0.60345,-0.79493,0.05686,-0.02659,0.03724,0.59645,-0.02386,
1540581088405485568,2.10416,15.32071,0.07829,0.60486,-0.79426,0.05210,-0.02393,0.03778,0.60809,-0.02763,
1540581088506376448,2.10591,15.38861,0.07654,0.60604,-0.79357,0.04924,-0.02307,0.01188,0.67195,-0.00790,
1540581088573637120,2.10629,15.43748,0.07694,0.60643,-0.79307,0.05310,-0.02156,0.00691,0.71768,0.01608,
1540581088674404864,2.11071,15.50264,0.07741,0.60579,-0.79382,0.04789,-0.02394,-0.03942,0.73320,0.05186,
1540581088775121920,2.10487,15.58051,0.08511,0.60227,-0.79697,0.03228,-0.03274,-0.07955,0.70484,0.08683,
1540581088913591552,2.09709,15.67958,0.08762,0.60084,-0.79748,0.03640,-0.04109,-0.01177,0.65959,-0.01022,
1540581088994024704,2.10089,15.72189,0.08569,0.59970,-0.79759,0.04945,-0.04204,-0.01119,0.56484,0.01910,
1540581089094824448,2.10087,15.77812,0.08780,0.59897,-0.79787,0.04824,-0.04807,0.02167,0.53881,0.00482,
1540581089194848512,2.10514,15.83211,0.08531,0.59940,-0.79697,0.05333,-0.05216,0.05731,0.56190,-0.04161,
1540581089259763968,2.10961,15.86748,0.08296,0.59960,-0.79643,0.05624,-0.05495,0.07249,0.57387,-0.03495,
1540581089359245568,2.12403,15.91540,0.07774,0.60128,-0.79436,0.06518,-0.05665,0.10380,0.61695,-0.04442,
1540581089460033536,2.13784,15.97780,0.07291,0.60314,-0.79213,0.07373,-0.05758,0.14887,0.66667,-0.05003,
1540581089527012608,2.14858,16.02063,0.07077,0.60475,-0.79077,0.07533,-0.05732,0.16859,0.67963,-0.03187,
1540581089627699968,2.16979,16.05177,0.06973,0.60425,-0.79150,0.07093,-0.05820,0.16772,0.67729,0.04587,
1540581089726713856,2.18765,16.11237,0.07638,0.60282,-0.79271,0.07126,-0.05598,0.18753,0.66537,0.07976,
1540581089827773696,2.20532,16.16760,0.07966,0.60228,-0.79263,0.08127,-0.04896,0.12671,0.58639,0.00613,
1540581089926338560,2.21669,16.21792,0.07779,0.60143,-0.79518,0.05638,-0.05290,0.09596,0.56222,0.03957,
1540581090026406656,2.22758,16.22165,0.07924,0.60123,-0.79465,0.06968,-0.04684,0.08202,0.51455,0.00059,
1540581090126665472,2.23301,16.27516,0.07674,0.60150,-0.79496,0.06305,-0.04759,0.05074,0.51106,-0.02853,
1540581090193491456,2.23653,16.31299,0.07444,0.60250,-0.79436,0.06168,-0.04672,0.06211,0.53325,-0.03494,
1540581090294267904,2.24223,16.34676,0.06965,0.60433,-0.79325,0.05867,-0.04583,0.02063,0.55013,-0.04771,
1540581090394010112,2.24306,16.40477,0.06427,0.60538,-0.79302,0.04810,-0.04822,-0.00518,0.59327,-0.04514,
1540581090494366464,2.24009,16.46764,0.06534,0.60394,-0.79456,0.03152,-0.05417,-0.04780,0.59428,0.06126,
1540581090593455872,2.23770,16.52144,0.07102,0.60101,-0.79660,0.03158,-0.05669,-0.03922,0.59974,0.05231,
1540581090693833472,2.23352,16.58402,0.07203,0.60048,-0.79685,0.03020,-0.05950,-0.04583,0.56084,-0.00522,
1540581090793683968,2.23261,16.63798,0.07133,0.60105,-0.79602,0.04116,-0.05829,-0.00107,0.50017,0.00727,
1540581090861673472,2.23201,16.66977,0.07241,0.60056,-0.79616,0.04532,-0.05831,-0.01720,0.46258,0.02346,
1540581090960819712,2.23538,16.71512,0.07115,0.60051,-0.79583,0.04943,-0.05996,0.02066,0.45253,-0.01238,
1540581091062182912,2.23734,16.75805,0.06788,0.60076,-0.79533,0.05048,-0.06318,0.03291,0.43170,-0.02709,
1540581091162396928,2.24320,16.79937,0.06507,0.60167,-0.79440,0.05061,-0.06597,0.09043,0.46095,-0.03507,
1540581091265604608,2.25461,16.84383,0.06229,0.60287,-0.79326,0.05413,-0.06603,0.11939,0.46122,-0.02106,
1540581091363565312,2.26840,16.88513,0.05997,0.60342,-0.79287,0.05523,-0.06472,0.13043,0.40914,-0.02517,
1540581091463158784,2.28349,16.90802,0.06273,0.60171,-0.79477,0.04206,-0.06726,0.09924,0.37586,0.05620,
1540581091530487808,2.29067,16.92778,0.06562,0.60064,-0.79524,0.05330,-0.06314,0.10921,0.34883,0.03268,
1540581091630728704,2.30188,16.95036,0.06703,0.60082,-0.79470,0.06389,-0.05820,0.09294,0.27119,0.00475,
1540581091731867904,2.30651,16.96080,0.06903,0.59994,-0.79576,0.06069,-0.05616,0.00986,0.14932,0.02645,
1540581091832659200,2.30362,16.96400,0.07093,0.59889,-0.79695,0.05535,-0.05601,-0.05447,0.08339,-0.00699,
1540581091934101760,2.29666,16.96526,0.06919,0.59863,-0.79740,0.05254,-0.05511,-0.08173,0.08825,-0.00051,
1540581092034467840,2.28905,16.97006,0.06954,0.59937,-0.79705,0.05206,-0.05251,-0.03806,0.10631,-0.00991,
1540581092102080256,2.28444,16.97317,0.06745,0.59991,-0.79679,0.04810,-0.05397,-0.10200,0.08235,-0.05093,
1540581092202380544,2.27734,16.97612,0.06465,0.60016,-0.79676,0.03925,-0.05868,-0.05104,0.07535,-0.01278,
1540581092304514816,2.27366,16.93011,0.06321,0.59977,-0.79691,0.04072,-0.05961,-0.05931,0.02749,-0.02792,
1540581092403405312,2.27007,16.92847,0.06140,0.59929,-0.79743,0.03075,-0.06329,-0.01671,0.05444,0.00949,
1540581092504504832,2.26714,16.92725,0.06414,0.59951,-0.79671,0.04787,-0.05950,-0.03186,0.06047,0.01719,
1540581092605574912,2.26349,16.92338,0.06407,0.59944,-0.79669,0.04787,-0.06052,-0.03023,0.03230,-0.02328,
1540581092672453888,2.26183,16.91703,0.06307,0.59930,-0.79681,0.04656,-0.06131,-0.01812,0.02768,-0.00841,
1540581092773408000,2.26062,16.91133,0.06346,0.59964,-0.79651,0.04743,-0.06125,-0.00591,0.03830,-0.00039,
1540581092874691584,2.25949,16.90511,0.06300,0.59947,-0.79652,0.04956,-0.06111,-0.01908,0.02644,-0.00721,
1540581092975542016,2.25826,16.90097,0.06245,0.59962,-0.79626,0.05262,-0.06056,-0.02123,0.02858,-0.00655,
1540581093075992832,2.25689,16.89648,0.06265,0.59946,-0.79635,0.05234,-0.06103,-0.01304,0.03532,-0.00069,
1540581093176446976,2.25670,16.89138,0.06359,0.59952,-0.79617,0.05519,-0.06038,0.00091,0.02761,-0.00412,
1540581093243583744,2.25707,16.88587,0.06457,0.59938,-0.79610,0.05873,-0.05930,0.00675,0.02895,0.00563,
1540581093345544960,2.25812,16.88273,0.06573,0.59965,-0.79554,0.06528,-0.05723,0.00664,0.02471,-0.00042,
1540581093463315712,2.25923,16.87877,0.06608,0.59982,-0.79517,0.06935,-0.05578,0.00158,0.02261,-0.00460,
1540581093563526656,2.25943,16.87394,0.06589,0.59995,-0.79507,0.06949,-0.05566,-0.00878,0.02237,-0.00667,
1540581093664547072,2.25917,16.87037,0.06594,0.59994,-0.79511,0.06903,-0.05567,-0.00116,0.02836,-0.00214,
1540581093730679808,2.25931,16.86718,0.06613,0.60005,-0.79495,0.06998,-0.05573,-0.01069,0.02328,-0.00685,
