1540581003788606464,0.02299,0.25351,0.00537,0.59949,-0.79942,-0.02293,-0.03183,-0.02430,0.28314,0.00301,
1540581003890536448,0.02344,0.28159,0.00742,0.59794,-0.80039,-0.00383,-0.04280,0.01365,0.21849,0.03151,
1540581003956797184,0.02384,0.29377,0.00905,0.59765,-0.80020,0.01538,-0.04737,0.04058,0.18216,0.02274,
1540581004057659136,0.02842,0.30961,0.01133,0.59682,-0.79942,0.04774,-0.04947,0.03379,0.13334,0.02885,
1540581004157468672,0.02649,0.32235,0.01414,0.59647,-0.79891,0.05729,-0.05180,-0.04462,0.09218,0.02178,
1540581004256911872,0.02067,0.32854,0.01397,0.59587,-0.79991,0.04726,-0.05340,-0.05288,0.08755,-0.00987,
1540581004358098432,0.01580,0.33589,0.01354,0.59678,-0.79966,0.04531,-0.04833,-0.02329,0.09411,0.00782,
1540581004458251776,0.01040,0.34340,0.01338,0.59709,-0.80014,0.04200,-0.03867,-0.06884,0.09322,0.00229,
1540581004559398912,0.00284,0.34891,0.01170,0.59731,-0.80098,0.02720,-0.03005,-0.06535,0.06070,-0.02069,
1540581004627221504,-0.00006,0.35052,0.00928,0.59719,-0.80160,0.01022,-0.02635,-0.07396,0.04246,-0.00612,
1540581004727909120,-0.00740,0.35443,0.00824,0.59738,-0.80174,-0.00390,-0.01820,-0.06610,0.02693,-0.01131,
1540581004863854592,-0.00983,0.35721,0.00647,0.59713,-0.80154,-0.02777,-0.01400,0.00307,0.03665,0.00649,
1540581004929520128,-0.00882,0.36128,0.00694,0.59739,-0.80125,-0.03014,-0.01455,0.01358,0.03417,-0.00759,
1540581005030073856,-0.00392,0.36876,0.00363,0.59755,-0.80100,-0.03154,-0.01845,0.04559,0.08061,-0.03212,
1540581005132739840,0.00439,0.38111,0.00235,0.59877,-0.80005,-0.02712,-0.02557,0.10309,0.12183,-0.01101,
1540581005197876480,0.01241,0.39001,0.00239,0.59910,-0.79976,-0.02301,-0.03051,0.13336,0.12626,0.00052,
1540581005298413824,0.02856,0.40406,0.00313,0.59865,-0.80018,-0.01076,-0.03485,0.17886,0.15099,0.00727,
1540581005399253248,0.04739,0.42309,0.00281,0.59794,-0.80057,-0.00359,-0.03923,0.18221,0.19103,0.00323,
1540581005499635712,0.06616,0.44317,0.00283,0.59795,-0.80047,0.00741,-0.04071,0.19382,0.23111,0.00512,
1540581005601547008,0.08619,0.46814,0.00329,0.59863,-0.79983,0.01670,-0.04044,0.18888,0.23432,-0.01347,
1540581005701822464,0.10490,0.49077,0.00322,0.59895,-0.79951,0.02487,-0.03770,0.17587,0.22156,0.01037,
1540581005805580800,0.12030,0.51340,0.00354,0.59912,-0.79948,0.03014,-0.03136,0.10534,0.22725,-0.04248,
1540581005869665792,0.12545,0.52873,0.00047,0.59983,-0.79925,0.02351,-0.02908,0.05459,0.25839,-0.03733,
1540581005970635520,0.12996,0.55592,-0.00124,0.60078,-0.79890,0.01726,-0.02312,0.01837,0.30250,0.02039,
1540581006072555008,0.13092,0.59004,-0.00183,0.60015,-0.79960,0.01594,-0.01443,-0.01667,0.36175,-0.01239,
1540581006208975360,0.12821,0.64183,-0.00599,0.60028,-0.79971,-0.00762,-0.00832,-0.05140,0.42732,-0.02747,
1540581006310899712,0.12237,0.68814,-0.00708,0.60011,-0.79971,-0.01785,-0.00334,-0.09743,0.46621,0.00440,
1540581006376392960,0.11824,0.72351,-0.00631,0.59928,-0.80009,-0.02675,-0.00148,-0.10938,0.51722,0.03154,
1540581006476634112,0.10843,0.77913,-0.00161,0.59609,-0.80212,-0.03561,0.00153,-0.11688,0.53897,0.06824,
1540581006559572736,0.10109,0.82901,0.00222,0.59273,-0.80379,-0.05089,0.00055,-0.10987,0.55694,0.04277,
1540581006623484928,0.09555,0.86641,0.00324,0.59199,-0.80383,-0.05841,-0.00051,-0.08042,0.54706,-0.00775,
1540581006725167872,0.08833,0.91666,0.00270,0.59223,-0.80426,-0.04922,0.00138,-0.03738,0.48058,0.00863,
1540581006823133952,0.08619,0.96327,0.00454,0.59206,-0.80485,-0.04101,-0.00074,-0.01622,0.45746,0.01719,
1540581006923128064,0.08843,1.00822,0.00278,0.59227,-0.80534,-0.02515,-0.00366,0.05652,0.44199,-0.03217,
1540581007023285504,0.09635,1.05194,-0.00245,0.59330,-0.80455,-0.02377,-0.01092,0.10892,0.42861,-0.03806,
1540581007123734784,0.10964,1.09818,-0.00694,0.59477,-0.80354,-0.01598,-0.01764,0.16473,0.50499,-0.03412,
1540581007223370752,0.12935,1.15548,-0.01168,0.59636,-0.80241,-0.00589,-0.02136,0.21337,0.61615,-0.03647,
1540581007290333184,0.14542,1.19670,-0.01363,0.59720,-0.80181,0.00045,-0.02129,0.22681,0.63229,-0.00865,
1540581007391341568,0.16884,1.26010,-0.01109,0.59523,-0.80317,-0.00631,-0.02418,0.22905,0.63668,0.05891,
1540581007490546688,0.19388,1.31980,-0.00581,0.59319,-0.80482,0.00154,-0.01975,0.23450,0.64243,0.05066,
1540581007590501376,0.21185,1.37787,-0.00466,0.59280,-0.80519,0.00238,-0.01590,0.11545,0.54506,-0.03185,
1540581007690733312,0.21959,1.42762,-0.00827,0.59229,-0.80547,-0.01153,-0.01683,0.03006,0.50502,0.00293,
1540581007791376128,0.22252,1.47708,-0.01067,0.59266,-0.80538,-0.00136,-0.01049,0.00115,0.51848,-0.05096,
1540581007890566912,0.22376,1.52446,-0.01629,0.59351,-0.80464,-0.01539,-0.00756,-0.01360,0.53895,-0.04721,
1540581007957748480,0.22188,1.55986,-0.01846,0.59466,-0.80366,-0.02196,-0.00546,-0.05096,0.54584,-0.01614,
1540581008057436160,0.21327,1.61696,-0.02410,0.59525,-0.80321,-0.02298,-0.00174,-0.13288,0.60708,-0.06204,
1540581008158084608,0.20000,1.67529,-0.02990,0.59555,-0.80253,-0.03525,-0.00434,-0.15273,0.66480,-0.02778,
1540581008257945856,0.18290,1.74339,-0.02561,0.59362,-0.80414,-0.03101,-0.00358,-0.16662,0.69247,0.09056,
1540581008364347904,0.16231,1.81485,-0.01628,0.59066,-0.80655,-0.02420,-0.00319,-0.20028,0.62993,0.01883,
1540581008459171072,0.14652,1.86281,-0.01452,0.59030,-0.80692,-0.02079,-0.00137,-0.13194,0.52106,-0.00096,
1540581008528519168,0.13793,1.89770,-0.01485,0.58935,-0.80778,-0.01229,0.00303,-0.11944,0.50724,0.00238,
1540581008625951744,0.12626,1.94509,-0.01671,0.58983,-0.80729,-0.01926,0.00437,-0.09952,0.49687,-0.05148,
1540581008726257920,0.11763,1.99580,-0.02285,0.59186,-0.80571,-0.02264,0.00553,-0.05122,0.52894,-0.08522,
1540581008826266112,0.11457,2.04518,-0.02930,0.59406,-0.80409,-0.02199,0.00642,-0.01480,0.58841,-0.08012,
1540581008926915840,0.11662,2.10965,-0.03479,0.59617,-0.80275,-0.01028,0.00835,0.05577,0.68970,-0.04543,
1540581009029478912,0.12419,2.18377,-0.03734,0.59661,-0.80244,0.00557,0.01127,0.07785,0.74687,-0.02328,
1540581009130908928,0.13287,2.25556,-0.03145,0.59597,-0.80296,-0.00466,0.00642,0.10093,0.71503,0.05068,
1540581009196116480,0.13883,2.30035,-0.02949,0.59487,-0.80379,-0.00704,0.00264,0.09053,0.65453,0.01118,
1540581009296661504,0.14741,2.35891,-0.03051,0.59529,-0.80334,-0.01521,-0.00697,0.08099,0.51534,-0.06179,
1540581009397687552,0.15790,2.39836,-0.03366,0.59475,-0.80328,-0.02563,-0.01882,0.06838,0.45965,0.02021,
1540581009498389760,0.16649,2.44648,-0.03236,0.59381,-0.80416,-0.01110,-0.02429,0.07541,0.48339,0.00956,
1540581009599260416,0.17238,2.49692,-0.03405,0.59388,-0.80399,-0.00286,-0.02998,0.03730,0.50739,-0.03733,
1540581009700041984,0.17469,2.53997,-0.03687,0.59506,-0.80297,0.00536,-0.03352,-0.03263,0.53039,-0.05128,
1540581009766790144,0.17073,2.57585,-0.04120,0.59583,-0.80224,0.00114,-0.03728,-0.07490,0.55720,-0.07811,
1540581009868210944,0.16137,2.63279,-0.04499,0.59620,-0.80188,-0.00328,-0.03896,-0.11092,0.58874,-0.00073,
1540581009969205760,0.14888,2.69210,-0.03970,0.59415,-0.80349,-0.00071,-0.03719,-0.13510,0.57807,0.09598,
1540581010071153152,0.13225,2.75083,-0.03093,0.59049,-0.80625,0.01173,-0.03401,-0.20071,0.57853,0.07529,
1540581010170826752,0.11099,2.80595,-0.03060,0.58966,-0.80682,0.00427,-0.03632,-0.18885,0.51421,-0.04315,
1540581010270902272,0.09533,2.85047,-0.02971,0.59007,-0.80661,0.01650,-0.03027,-0.14598,0.41004,0.03956,
1540581010338879232,0.08593,2.87632,-0.02786,0.58974,-0.80705,0.01379,-0.02624,-0.13701,0.38727,0.00205,
1540581010439488000,0.07395,2.91341,-0.03284,0.59068,-0.80659,-0.00635,-0.02177,-0.11137,0.39134,-0.07257,
1540581010539795968,0.06412,2.95345,-0.04093,0.59365,-0.80420,-0.02448,-0.01578,-0.08847,0.44693,-0.05398,
1540581010641150464,0.05858,3.00119,-0.04483,0.59628,-0.80252,-0.01990,-0.00323,-0.03979,0.55294,-0.02124,
1540581010742226944,0.05611,3.06269,-0.04749,0.59807,-0.80135,-0.00831,0.00878,-0.03219,0.60808,-0.05432,
1540581010842333440,0.05498,3.12122,-0.05195,0.59909,-0.80028,-0.02360,0.00953,-0.00744,0.61593,-0.02562,
1540581010910119168,0.05607,3.16216,-0.05106,0.59752,-0.80109,-0.03408,0.00777,0.02678,0.59647,0.05238,
1540581011027726336,0.06086,3.22805,-0.04580,0.59476,-0.80351,-0.02245,0.01135,0.08284,0.54415,0.01623,
1540581011126460160,0.06986,3.27844,-0.04768,0.59500,-0.80345,-0.01778,0.01134,0.08386,0.51145,-0.05128,
1540581011226681344,0.07656,3.32669,-0.04993,0.59472,-0.80335,-0.03046,0.00389,0.03831,0.43720,0.01089,
1540581011293323776,0.07917,3.35602,-0.04955,0.59488,-0.80330,-0.02876,0.00015,0.05431,0.42375,-0.02653,
1540581011393123328,0.08457,3.39813,-0.05435,0.59567,-0.80274,-0.02705,-0.00665,0.05665,0.45409,-0.07292,
1540581011493578496,0.08821,3.44824,-0.06112,0.59708,-0.80132,-0.03312,-0.01681,0.02358,0.51381,-0.06121,
1540581011593327872,0.08891,3.50393,-0.06627,0.59845,-0.80002,-0.03321,-0.02673,-0.01143,0.60774,-0.06453,
1540581011693388288,0.08725,3.56781,-0.06937,0.59899,-0.79961,-0.02506,-0.03481,-0.01993,0.67567,0.00672,
1540581011793808384,0.08524,3.63586,-0.06025,0.59660,-0.80167,0.00980,-0.03587,-0.05536,0.68698,0.14561,
1540581011860543744,0.08036,3.67949,-0.05162,0.59376,-0.80332,0.02763,-0.03690,-0.10989,0.64534,0.06728,
1540581011960102912,0.06993,3.73571,-0.04848,0.59162,-0.80472,0.01982,-0.04496,-0.10391,0.52874,-0.02656,
1540581012060167424,0.06442,3.78354,-0.04674,0.59107,-0.80466,0.03956,-0.03980,-0.04370,0.40836,0.03216,
1540581012160636928,0.05969,3.82399,-0.04642,0.59042,-0.80530,0.04267,-0.03293,-0.05629,0.39044,-0.04436,
1540581012260874240,0.05943,3.86484,-0.05303,0.59271,-0.80454,0.02423,-0.02871,-0.00174,0.42214,-0.08706,
1540581012360531456,0.05964,3.91033,-0.06039,0.59619,-0.80224,0.02537,-0.01814,0.00357,0.49664,-0.06151,
1540581012460187648,0.06292,3.96326,-0.06372,0.59845,-0.80009,0.04125,-0.00326,0.02627,0.60521,-0.02826,
1540581012560346880,0.06455,4.02531,-0.06644,0.59909,-0.79917,0.04861,0.00753,0.00888,0.65537,-0.03304,
1540581012627227904,0.06952,4.06558,-0.06707,0.59912,-0.80020,0.02642,0.00598,0.01823,0.68223,0.02287,
1540581012727019776,0.07229,4.13171,-0.05919,0.59727,-0.80200,0.00403,0.00632,0.05031,0.64135,0.09162,
1540581012827934208,0.08184,4.19387,-0.05443,0.59442,-0.80350,0.02699,0.01773,0.11683,0.59327,-0.01212,
1540581012931345920,0.09033,4.25033,-0.05831,0.59515,-0.80331,0.01555,0.01568,-0.00407,0.47094,-0.02096,
1540581013027896576,0.08806,4.29515,-0.06072,0.59578,-0.80288,-0.02070,0.00159,0.00955,0.44817,-0.03290,
1540581013129733376,0.09116,4.34468,-0.06373,0.59631,-0.80267,-0.01093,-0.00271,0.04593,0.48403,-0.03778,
1540581013197446656,0.09281,4.37886,-0.06708,0.59685,-0.80224,-0.01127,-0.00746,0.00222,0.49870,-0.05342,
1540581013295928320,0.09165,4.43620,-0.07359,0.59752,-0.80079,-0.03462,-0.02241,-0.02770,0.53306,-0.06584,
1540581013396938752,0.08795,4.49295,-0.07809,0.59812,-0.79998,-0.03434,-0.03312,-0.03919,0.60030,-0.02518,
1540581013497933312,0.08283,4.55419,-0.07390,0.59624,-0.80164,-0.01791,-0.03945,-0.05648,0.62430,0.08159,
1540581013597909504,0.07909,4.62105,-0.06500,0.59435,-0.80299,0.00171,-0.04429,-0.09265,0.64090,0.02065,
1540581013698908928,0.06912,4.67943,-0.06831,0.59161,-0.80400,-0.01634,-0.05755,-0.08870,0.52110,-0.01818,
1540581013765271808,0.06677,4.71845,-0.06742,0.59028,-0.80480,-0.01588,-0.06003,-0.04137,0.46733,0.04907,
1540581013866234368,0.06534,4.76512,-0.06328,0.59097,-0.80494,0.01474,-0.05110,0.00495,0.45290,0.00826,
1540581013966798080,0.06548,4.81008,-0.06753,0.59308,-0.80360,0.02189,-0.04483,-0.00909,0.44552,-0.08548,
1540581014067894784,0.06486,4.85578,-0.07539,0.59534,-0.80231,-0.00049,-0.04336,0.01406,0.51071,-0.05167,
1540581014168430592,0.07052,4.91715,-0.07873,0.59806,-0.80082,0.00576,-0.03129,0.07216,0.57991,-0.01094,
1540581014269482240,0.07915,4.97778,-0.08132,0.60035,-0.79944,0.01533,-0.01575,0.08201,0.63129,-0.04739,
1540581014336708352,0.08644,5.01952,-0.08560,0.60093,-0.79923,-0.00000,-0.01043,0.11187,0.61511,-0.03751,
1540581014437270016,0.09721,5.07777,-0.08163,0.59948,-0.79967,-0.03364,-0.00465,0.12123,0.57034,0.09670,
1540581014538660096,0.11077,5.13427,-0.07565,0.59763,-0.80152,-0.01501,0.01331,0.14089,0.52908,0.01771,
1540581014639113216,0.12151,5.17678,-0.07945,0.59787,-0.80108,-0.02161,0.01899,0.05089,0.43599,-0.04836,
1540581014739586816,0.12293,5.21905,-0.07997,0.59790,-0.79922,-0.06068,0.00951,0.02481,0.43137,0.01781,
1540581014840707840,0.12669,5.26366,-0.08024,0.59783,-0.80088,-0.03185,0.01336,0.03161,0.45175,-0.01871,
1540581014941428480,0.12849,5.30167,-0.08432,0.59908,-0.79999,-0.03272,0.00728,0.00825,0.43358,-0.04767,
1540581015008820480,0.12912,5.33099,-0.08831,0.60012,-0.79884,-0.04138,0.00029,0.01312,0.43238,-0.06810,
1540581015109823488,0.12961,5.37570,-0.09480,0.60159,-0.79715,-0.05031,-0.01029,-0.01308,0.49398,-0.07761,
1540581015211354880,0.12717,5.43038,-0.09897,0.60118,-0.79613,-0.06482,-0.02358,-0.02896,0.54842,0.00251,
1540581015311003136,0.12448,5.48648,-0.09318,0.59866,-0.79799,-0.06185,-0.03157,-0.02914,0.55953,0.09663,
1540581015450140672,0.11617,5.56082,-0.08293,0.59471,-0.80132,-0.04947,-0.04187,-0.09054,0.52891,-0.00314,
1540581015497166080,0.11108,5.58498,-0.08318,0.59418,-0.80100,-0.05466,-0.04862,-0.09814,0.51677,-0.01549,
1540581015598327040,0.10326,5.63436,-0.08060,0.59239,-0.80203,-0.05245,-0.05536,-0.03741,0.46487,0.04996,
1540581015695798784,0.10304,5.68065,-0.07647,0.59362,-0.80319,-0.01639,-0.04731,0.02301,0.46405,0.01414,
1540581015795457024,0.10409,5.72790,-0.07870,0.59554,-0.80228,-0.00355,-0.04082,-0.00866,0.44533,-0.06238,
1540581015862278912,0.10327,5.75770,-0.08256,0.59620,-0.80157,-0.01638,-0.04204,-0.03113,0.43864,-0.08191,
1540581015962317056,0.10000,5.80434,-0.08968,0.59827,-0.79963,-0.03023,-0.04188,-0.02338,0.48476,-0.06136,
1540581016063534080,0.09943,5.85830,-0.09467,0.60189,-0.79804,-0.00511,-0.02890,0.00912,0.55037,-0.04842,
1540581016162585600,0.10006,5.91882,-0.09641,0.60270,-0.79761,-0.00889,-0.02207,-0.03516,0.57703,0.00551,
1540581016263483648,0.09764,5.98082,-0.09170,0.60055,-0.79844,-0.03746,-0.02059,-0.01232,0.64915,0.08041,
1540581016363631360,0.10040,6.04798,-0.08560,0.59918,-0.80041,-0.01729,-0.00572,0.00928,0.63585,0.02869,
1540581016463019776,0.09932,6.10978,-0.08555,0.59966,-0.79992,-0.02320,-0.00092,-0.03724,0.59756,-0.06055,
1540581016529803776,0.09490,6.14890,-0.08754,0.59906,-0.79882,-0.05424,-0.00802,-0.09003,0.57547,0.00347,
1540581016629914112,0.08821,6.20725,-0.08572,0.59835,-0.79900,-0.05881,-0.01064,-0.03658,0.61450,0.00744,
1540581016730348800,0.08280,6.26887,-0.08511,0.59986,-0.79915,-0.03810,-0.00910,-0.06792,0.64133,-0.05003,
1540581016830188288,0.07430,6.33532,-0.09126,0.60130,-0.79709,-0.05195,-0.01980,-0.10206,0.66483,-0.06257,
1540581016930178048,0.06331,6.40263,-0.09572,0.60211,-0.79586,-0.05642,-0.02977,-0.10606,0.68539,-0.01563,
1540581017030846208,0.05391,6.46833,-0.09318,0.59823,-0.79770,-0.06361,-0.04174,-0.13675,0.62375,0.10306,
1540581017130096384,0.04096,6.53298,-0.08417,0.59407,-0.80003,-0.06618,-0.05155,-0.11295,0.64289,0.06047,
1540581017196510464,0.03597,6.57649,-0.08178,0.59452,-0.80160,-0.03913,-0.04959,-0.04728,0.61329,0.02431,
1540581017297245696,0.03355,6.63924,-0.07704,0.59408,-0.80286,-0.01476,-0.04762,-0.04510,0.52915,0.05718,
1540581017399157760,0.03089,6.69227,-0.07320,0.59418,-0.80313,-0.00342,-0.04384,-0.00531,0.53042,-0.01946,
1540581017496908288,0.03392,6.74625,-0.07758,0.59660,-0.80166,-0.00003,-0.03749,0.00148,0.53438,-0.06741,
1540581017597251840,0.03349,6.80161,-0.08415,0.59919,-0.79968,-0.01867,-0.03364,0.00445,0.61182,-0.03890,
1540581017699825408,0.03706,6.86647,-0.08672,0.60160,-0.79822,-0.02147,-0.02129,0.06660,0.68736,0.00199,
1540581017767396864,0.05015,6.90878,-0.08753,0.60158,-0.79846,-0.02092,-0.01127,0.12850,0.68004,0.05281,
1540581017867818240,0.06163,6.97003,-0.07639,0.59807,-0.80109,-0.02385,0.00203,0.09068,0.60566,0.14406,
1540581017966793216,0.07885,7.02665,-0.07397,0.59532,-0.80326,-0.01348,0.01355,0.11693,0.57626,-0.00334,
1540581018067284992,0.08444,7.08014,-0.07913,0.59537,-0.80281,-0.03027,0.01057,-0.00324,0.50767,-0.00123,
1540581018167637504,0.08508,7.12954,-0.07690,0.59497,-0.80295,-0.03570,0.00353,0.04219,0.52045,0.02566,
1540581018267704320,0.09145,7.18569,-0.08120,0.59526,-0.80339,-0.01483,0.00201,0.04655,0.49770,-0.03245,
1540581018369650176,0.09413,7.23862,-0.08412,0.59640,-0.80233,-0.02233,-0.00811,0.02628,0.51478,-0.03544,
1540581018435834880,0.09808,7.27318,-0.09020,0.59660,-0.80212,-0.02197,-0.01359,0.01720,0.54984,-0.02949,
1540581018538619904,0.09801,7.33405,-0.09229,0.59727,-0.80174,-0.00940,-0.01985,-0.00204,0.61928,0.01083,
1540581018638282752,0.09663,7.39654,-0.08628,0.59453,-0.80367,0.00470,-0.02489,-0.03982,0.60754,0.12823,
1540581018738532864,0.09132,7.45447,-0.07903,0.59151,-0.80560,0.00974,-0.03196,-0.07377,0.60169,0.04240,
1540581018839196928,0.08550,7.51168,-0.07903,0.59047,-0.80608,0.01034,-0.03842,-0.04255,0.53252,0.00764,
1540581018939988736,0.08487,7.55841,-0.07913,0.58951,-0.80664,0.01896,-0.03808,-0.01752,0.46168,0.00622,
1540581019008510208,0.08513,7.58928,-0.08022,0.59006,-0.80621,0.02362,-0.03584,0.01159,0.44604,-0.04833,
1540581019108533504,0.08668,7.63610,-0.08861,0.59237,-0.80478,0.01176,-0.03597,0.01087,0.47821,-0.09223,
1540581019210035712,0.08835,7.68885,-0.09528,0.59517,-0.80292,0.00592,-0.03266,0.03644,0.57261,-0.03047,
1540581019309516800,0.09645,7.74455,-0.09766,0.59704,-0.80134,0.03173,-0.01967,0.06394,0.65326,0.02695,
1540581019410189824,0.10362,7.81156,-0.09493,0.59671,-0.80141,0.03972,-0.00954,0.07111,0.66240,0.02635,
1540581019511673088,0.10976,7.87551,-0.09021,0.59489,-0.80374,0.00006,-0.01043,0.05394,0.62954,0.06607,
1540581019578537984,0.11567,7.91766,-0.09082,0.59375,-0.80453,-0.01216,-0.00665,0.08222,0.61220,0.01317,
1540581019679411200,0.12487,7.98242,-0.09475,0.59410,-0.80419,-0.01779,0.00157,0.08632,0.56099,-0.04026,
1540581019779591168,0.12789,8.03501,-0.09584,0.59411,-0.80363,-0.03474,0.00311,0.00409,0.51686,-0.00275,
1540581019882361856,0.12978,8.08948,-0.09717,0.59488,-0.80329,-0.02837,0.00669,0.03544,0.54694,-0.03170,
1540581019981442816,0.13307,8.15132,-0.10355,0.59706,-0.80198,-0.01699,0.00804,-0.00109,0.53608,-0.05112,
1540581020084593920,0.12920,8.20759,-0.10931,0.59891,-0.80040,-0.02589,-0.00065,-0.05116,0.55015,-0.06572,
1540581020166963968,0.12467,8.25340,-0.11488,0.60008,-0.79922,-0.03205,-0.01083,-0.05198,0.60800,-0.06725,
1540581020265612032,0.12005,8.31160,-0.11502,0.59755,-0.79993,-0.04790,-0.02743,-0.08382,0.56430,0.07958,
1540581020365197568,0.11196,8.37080,-0.10711,0.59282,-0.80254,-0.05219,-0.04209,-0.07186,0.58630,0.03927,
1540581020432101376,0.10773,8.41045,-0.10665,0.59213,-0.80356,-0.03804,-0.04715,-0.03899,0.60200,-0.01342,
1540581020532116736,0.10886,8.47060,-0.10507,0.59194,-0.80450,-0.00271,-0.04887,0.00018,0.53783,0.04302,
1540581020632208640,0.10964,8.52896,-0.09934,0.59139,-0.80462,0.02507,-0.04714,0.00739,0.52318,0.00091,
1540581020731872512,0.11391,8.59229,-0.10261,0.59310,-0.80325,0.02727,-0.04778,0.01803,0.53122,-0.08991,
1540581020832104448,0.11681,8.64897,-0.11385,0.59588,-0.80153,0.00843,-0.04908,0.04161,0.59647,-0.11420,
1540581020932492032,0.12438,8.71742,-0.12081,0.59743,-0.80041,-0.01373,-0.04720,0.04589,0.66773,0.00750,
1540581021032339200,0.12982,8.78265,-0.11296,0.59558,-0.80184,-0.02731,-0.03996,0.08800,0.68551,0.10781,
1540581021099589632,0.13945,8.82462,-0.10477,0.59280,-0.80438,-0.02438,-0.03124,0.08631,0.67474,0.14163,
1540581021199093248,0.14849,8.88638,-0.09733,0.59176,-0.80595,-0.00723,-0.01453,0.10181,0.61258,0.00503,
1540581021299428352,0.15867,8.94367,-0.10186,0.59302,-0.80519,-0.00190,-0.00154,0.05285,0.53123,-0.05037,
1540581021400101632,0.15897,8.99466,-0.10433,0.59395,-0.80407,-0.02627,0.00147,-0.00136,0.50628,-0.02204,
1540581021499899904,0.16146,9.04203,-0.10680,0.59531,-0.80311,-0.02298,0.00961,0.02083,0.56645,-0.03705,
1540581021599418112,0.16289,9.10103,-0.11375,0.59713,-0.80189,-0.00922,0.01771,-0.02204,0.59566,-0.06372,
1540581021699327744,0.15933,9.15794,-0.11859,0.59927,-0.79999,-0.02729,0.01221,-0.07388,0.62739,-0.04001,
1540581021765764096,0.15464,9.20309,-0.12072,0.59990,-0.79935,-0.03313,0.00778,-0.06652,0.67017,-0.01767,
1540581021866526208,0.14749,9.27148,-0.11929,0.59844,-0.80003,-0.04265,-0.00184,-0.09590,0.62367,0.04755,
1540581021967843072,0.13941,9.32977,-0.11315,0.59478,-0.80136,-0.06149,-0.01685,-0.08975,0.60190,0.03528,
1540581022067106560,0.13231,9.39048,-0.11324,0.59384,-0.80248,-0.05262,-0.02482,-0.03764,0.58797,-0.00784,
1540581022171238144,0.13157,9.44889,-0.11293,0.59332,-0.80371,-0.03555,-0.02741,0.01976,0.51504,0.00808,
1540581022270509312,0.13895,9.48134,-0.11329,0.59307,-0.80388,-0.03351,-0.03027,0.04969,0.54052,-0.02860,
1540581022368314624,0.14567,9.53685,-0.11934,0.59461,-0.80292,-0.02825,-0.03107,0.08286,0.58023,-0.08391,
1540581022438648576,0.15500,9.57020,-0.12504,0.59677,-0.80130,-0.02748,-0.03199,0.09707,0.65155,-0.08504,
1540581022537521920,0.16680,9.64104,-0.13208,0.59962,-0.79920,-0.02678,-0.03188,0.14351,0.74707,-0.02984,
1540581022635895296,0.18274,9.71468,-0.13008,0.60144,-0.79865,0.00255,-0.02051,0.17811,0.70747,0.05846,
1540581022737763328,0.19635,9.79798,-0.12042,0.59852,-0.80092,0.01196,-0.01233,0.08981,0.63608,0.06932,
1540581022837720320,0.20470,9.85861,-0.12005,0.59701,-0.80199,-0.01498,-0.01308,0.07374,0.58793,-0.02604,
1540581022938097664,0.20944,9.93158,-0.11936,0.59611,-0.80193,-0.03771,-0.01151,0.03110,0.53261,0.04686,
1540581023005658624,0.21101,9.96798,-0.11787,0.59551,-0.80268,-0.03245,-0.00538,0.01950,0.52872,-0.00655,
1540581023106583040,0.21038,10.02163,-0.12034,0.59676,-0.80185,-0.03024,0.00172,-0.01554,0.54287,-0.06875,
1540581023207859200,0.20586,10.07720,-0.12663,0.59847,-0.79960,-0.04964,0.00123,-0.06618,0.56185,-0.06460,
1540581023308605184,0.19805,10.13676,-0.12998,0.59946,-0.79888,-0.04927,0.00389,-0.08443,0.63251,-0.01796,
1540581023408318720,0.19059,10.19890,-0.13006,0.59965,-0.79948,-0.03451,0.00733,-0.09482,0.61215,0.01314,
1540581023509940736,0.17970,10.25642,-0.12599,0.59599,-0.80075,-0.05985,-0.00423,-0.14863,0.53351,0.07894,
1540581023578194176,0.17070,10.29502,-0.12167,0.59356,-0.80157,-0.07097,-0.01178,-0.11166,0.55348,0.04807,
1540581023678097408,0.16379,10.35312,-0.11963,0.59350,-0.80389,-0.03729,-0.01114,-0.04497,0.54705,0.02084,
1540581023778314240,0.16299,10.41196,-0.11412,0.59243,-0.80551,-0.00673,-0.01131,-0.02290,0.44960,0.04999,
1540581023879270912,0.16526,10.46373,-0.11562,0.59178,-0.80591,0.00848,-0.01534,0.00950,0.44775,-0.04960,
1540581023979770368,0.16634,10.51014,-0.12305,0.59311,-0.80469,-0.00383,-0.02618,0.01563,0.48750,-0.07404,
1540581024080186624,0.16955,10.57231,-0.13241,0.59594,-0.80234,-0.00084,-0.03317,0.04075,0.61437,-0.10813,
1540581024148158464,0.17219,10.61366,-0.13882,0.59869,-0.80018,0.00880,-0.03476,0.04698,0.68177,-0.07099,
1540581024248246272,0.17848,10.68429,-0.14165,0.60057,-0.79856,0.01983,-0.03489,0.09847,0.75968,-0.01025,
1540581024350297344,0.19085,10.76609,-0.13885,0.60000,-0.79889,0.02920,-0.03027,0.11518,0.71169,0.06019,
1540581024450878976,0.19894,10.83242,-0.13281,0.59701,-0.80164,0.00946,-0.02940,0.07230,0.63377,0.04107,
1540581024550766592,0.20768,10.89538,-0.13551,0.59669,-0.80209,0.00660,-0.02383,0.07169,0.60402,-0.05520,
1540581024651588096,0.21142,10.95265,-0.13570,0.59600,-0.80255,-0.01369,-0.02249,0.01058,0.54203,0.05233,
1540581024735583744,0.21416,11.00162,-0.13592,0.59501,-0.80348,-0.01055,-0.01652,0.02197,0.55657,-0.00769,
1540581024836643328,0.21446,11.05383,-0.13777,0.59654,-0.80248,-0.00721,-0.01078,-0.03372,0.53994,-0.04091,
1540581024934544384,0.20841,11.10524,-0.14166,0.59749,-0.80161,-0.01766,-0.01124,-0.09509,0.53988,-0.04129,
1540581025034635264,0.19932,11.16241,-0.14758,0.59862,-0.80048,-0.02656,-0.01332,-0.11173,0.57716,-0.04258,
1540581025101454848,0.19249,11.20393,-0.14937,0.59824,-0.80035,-0.03615,-0.01561,-0.10217,0.59400,0.00615,
1540581025201314304,0.18336,11.26187,-0.14337,0.59502,-0.80197,-0.04977,-0.01803,-0.09690,0.53297,0.09176,
1540581025301626112,0.17397,11.32377,-0.13833,0.59295,-0.80341,-0.05109,-0.01827,-0.08857,0.55945,-0.01368,
1540581025402315008,0.16631,11.37936,-0.14096,0.59437,-0.80331,-0.03365,-0.01710,-0.06647,0.51364,-0.01539,
1540581025502129920,0.15952,11.43019,-0.13950,0.59419,-0.80378,-0.02226,-0.01980,-0.06865,0.48631,0.00902,
1540581025601783296,0.15565,11.48374,-0.14161,0.59439,-0.80366,-0.01395,-0.02545,-0.03040,0.52185,-0.05533,
1540581025703111424,0.15448,11.53776,-0.14849,0.59563,-0.80223,-0.02089,-0.03487,0.00567,0.55119,-0.06866,
1540581025768230400,0.15786,11.58011,-0.15351,0.59679,-0.80123,-0.01923,-0.03878,0.05080,0.59639,-0.06490,
1540581025868908288,0.16408,11.64142,-0.15692,0.59875,-0.80005,0.00674,-0.03709,0.06062,0.66810,0.00792,
1540581025968651520,0.17150,11.70839,-0.15171,0.59732,-0.80088,0.01980,-0.03741,0.08764,0.72084,0.09461,
1540581026069829632,0.18067,11.78119,-0.14066,0.59445,-0.80289,0.02498,-0.03706,0.06399,0.67906,0.07247,
1540581026170055936,0.18739,11.84224,-0.14122,0.59412,-0.80298,0.03442,-0.03262,0.06509,0.58605,-0.05366,
1540581026268607232,0.19238,11.89710,-0.14328,0.59458,-0.80314,0.02164,-0.03126,0.00892,0.52043,-0.01190,
1540581026368733696,0.19407,11.94998,-0.14408,0.59476,-0.80323,0.01918,-0.02664,0.01020,0.54339,-0.01596,
1540581026436339200,0.19453,11.98733,-0.14495,0.59592,-0.80251,0.01880,-0.02220,0.00923,0.56597,-0.02482,
1540581026535224320,0.19596,12.04639,-0.14924,0.59827,-0.80088,0.01934,-0.01700,-0.04069,0.60847,-0.07477,
1540581026636336640,0.18814,12.11178,-0.15820,0.60043,-0.79944,0.00012,-0.01969,-0.12851,0.64353,-0.07591,
1540581026737589760,0.17573,12.18043,-0.16057,0.59967,-0.79893,-0.03504,-0.02963,-0.10623,0.64154,0.04435,
1540581026838707456,0.16783,12.24735,-0.15138,0.59565,-0.80160,-0.04005,-0.03232,-0.12723,0.61597,0.09234,
1540581026937768960,0.15860,12.30915,-0.14778,0.59487,-0.80280,-0.02551,-0.03137,-0.07258,0.60548,-0.00276,
1540581027006340864,0.15609,12.35213,-0.14633,0.59480,-0.80309,-0.01661,-0.03138,-0.06694,0.53316,0.01585,
1540581027108388352,0.14898,12.40416,-0.14442,0.59373,-0.80365,-0.02010,-0.03508,-0.04499,0.48523,-0.01113,
1540581027204739072,0.14629,12.45414,-0.14926,0.59482,-0.80278,-0.01830,-0.03724,-0.00885,0.51601,-0.08518,
1540581027306843392,0.15032,12.51054,-0.15717,0.59707,-0.80074,-0.02454,-0.04142,0.02102,0.57359,-0.08447,
1540581027407716864,0.15609,12.57252,-0.16121,0.59905,-0.79916,-0.02472,-0.04326,0.08116,0.68684,0.00693,
1540581027507697920,0.16795,12.64252,-0.15912,0.60019,-0.79912,0.00238,-0.03437,0.14282,0.73458,0.03421,
1540581027575387648,0.18258,12.67842,-0.15365,0.59830,-0.80053,-0.00227,-0.03448,0.10538,0.66326,0.10171,
1540581027675477504,0.19426,12.73860,-0.14586,0.59529,-0.80242,-0.02074,-0.03648,0.13281,0.61835,0.02826,
1540581027776391936,0.20697,12.79534,-0.14776,0.59688,-0.80176,-0.00497,-0.02978,0.09710,0.56082,-0.05255,
1540581027877264640,0.21095,12.84753,-0.14904,0.59750,-0.80137,-0.00332,-0.02804,0.01279,0.51398,-0.00206,
1540581027978891008,0.21864,12.88853,-0.15033,0.59854,-0.80069,0.01127,-0.02277,0.00709,0.56328,-0.01273,
1540581028079277056,0.21835,12.94798,-0.15423,0.60056,-0.79923,0.01551,-0.01807,-0.03868,0.61388,-0.06087,
1540581028146313216,0.21494,12.99019,-0.15850,0.60218,-0.79814,0.00616,-0.01755,-0.06630,0.63419,-0.06348,
1540581028248028672,0.21181,13.05329,-0.16335,0.60337,-0.79721,-0.00974,-0.01760,-0.07896,0.63533,-0.01470,
1540581028347849984,0.20166,13.11732,-0.15683,0.59968,-0.79925,-0.03345,-0.02134,-0.13465,0.61898,0.13068,
1540581028448153600,0.19039,13.19008,-0.14695,0.59681,-0.80171,-0.02715,-0.01852,-0.12364,0.65386,0.02180,
1540581028548928512,0.18078,13.25650,-0.14766,0.59672,-0.80209,-0.01832,-0.01542,-0.08748,0.60201,0.00893,
1540581028649879808,0.17402,13.31549,-0.14409,0.59551,-0.80286,-0.02400,-0.01423,-0.04203,0.57248,0.02520,
1540581028717552128,0.17887,13.36610,-0.14589,0.59559,-0.80309,-0.01477,-0.00996,0.02223,0.59209,-0.03581,
1540581028818260480,0.18142,13.42652,-0.15309,0.59884,-0.80083,-0.00402,-0.00664,0.02671,0.62464,-0.11392,
1540581028919176704,0.18371,13.49106,-0.16486,0.60156,-0.79852,-0.01811,-0.01272,0.02755,0.68423,-0.06549,
1540581029057234688,0.19711,13.58994,-0.16469,0.60221,-0.79828,0.00012,-0.00978,0.18870,0.77624,0.07013,
1540581029120426496,0.21429,13.64261,-0.16064,0.60086,-0.79929,0.00616,-0.00759,0.17896,0.71592,0.11191,
1540581029206767104,0.22994,13.70216,-0.15559,0.59982,-0.80009,0.00406,-0.00769,0.18739,0.63286,-0.01293,
1540581029325296128,0.24753,13.77045,-0.15957,0.59831,-0.80040,-0.03060,-0.02105,0.07699,0.49269,0.01491,
1540581029404415744,0.25377,13.81107,-0.15983,0.59721,-0.80062,-0.03847,-0.02945,0.09307,0.51244,-0.02444,
1540581029504408576,0.26236,13.86560,-0.16157,0.59881,-0.80038,-0.00529,-0.02803,0.08633,0.53594,0.00048,
1540581029604527872,0.26980,13.92584,-0.16358,0.60051,-0.79834,0.03967,-0.02189,0.03003,0.59080,-0.02102,
1540581029671015680,0.27093,13.96863,-0.16714,0.60149,-0.79746,0.04003,-0.02553,-0.03687,0.61650,-0.06778,
1540581029770895616,0.26673,14.03756,-0.17532,0.60176,-0.79773,-0.00101,-0.03899,-0.05073,0.67316,-0.06122,
1540581029871081984,0.26228,14.10350,-0.16972,0.59801,-0.79988,-0.02512,-0.04419,-0.06025,0.63728,0.15946,
1540581029971426304,0.25528,14.16772,-0.15619,0.59459,-0.80315,-0.00525,-0.03714,-0.09414,0.62105,0.06611,
1540581030071360256,0.24582,14.23466,-0.15750,0.59413,-0.80361,-0.00056,-0.03493,-0.12466,0.53903,-0.02216,
1540581030171323904,0.23406,14.28772,-0.15519,0.59256,-0.80465,-0.01318,-0.03515,-0.10086,0.48638,0.04046,
1540581030271445760,0.22815,14.33936,-0.15464,0.59247,-0.80500,-0.01085,-0.02900,-0.03615,0.53290,-0.03840,
1540581030338117120,0.22848,14.38916,-0.16022,0.59419,-0.80386,-0.01223,-0.02447,-0.01590,0.55105,-0.09366,
1540581030438685952,0.22589,14.44896,-0.16952,0.59718,-0.80143,-0.02591,-0.02045,-0.01894,0.61903,-0.07557,
1540581030538270976,0.22713,14.51637,-0.17595,0.59995,-0.79948,-0.02723,-0.01246,0.04318,0.72572,-0.05068,
1540581030638534912,0.23647,14.59865,-0.17913,0.60159,-0.79821,-0.03053,-0.00374,0.09525,0.79610,0.00994,
1540581030738790912,0.24243,14.67018,-0.17238,0.59857,-0.80008,-0.03990,0.00177,0.02619,0.71432,0.10260,
1540581030839527936,0.25145,14.75020,-0.16819,0.59638,-0.80232,-0.02236,0.01041,0.09778,0.69928,-0.01719,
1540581030939747328,0.25846,14.81407,-0.17210,0.59644,-0.80241,-0.01512,0.01276,0.02329,0.58669,-0.04816,
1540581031005607680,0.25848,14.85152,-0.17216,0.59622,-0.80211,-0.03328,0.00551,-0.01064,0.57134,0.02778,
1540581031108263168,0.26200,14.91709,-0.17281,0.59556,-0.80310,-0.01761,0.00421,0.03452,0.58136,0.00026,
1540581031204705024,0.26517,14.97445,-0.17509,0.59646,-0.80259,0.00650,0.00612,0.00681,0.60729,-0.03819,
1540581031304981504,0.26383,15.03527,-0.17939,0.59795,-0.80153,-0.00209,-0.00114,-0.02807,0.61442,-0.04751,
1540581031407168256,0.26316,15.10091,-0.18416,0.59881,-0.80080,-0.00884,-0.00770,-0.04640,0.64770,-0.02912,
1540581031509092096,0.25611,15.16798,-0.18249,0.59670,-0.80178,-0.02753,-0.01844,-0.08947,0.63765,0.07074,
1540581031576549888,0.24853,15.21301,-0.17605,0.59416,-0.80342,-0.03070,-0.02357,-0.12658,0.66173,0.08833,
1540581031674246912,0.24252,15.28609,-0.17344,0.59352,-0.80455,0.00106,-0.02078,-0.08794,0.62732,-0.00467,
1540581031774918912,0.23424,15.34599,-0.17353,0.59255,-0.80520,-0.00103,-0.02314,-0.10073,0.53752,0.03317,
1540581031876049408,0.22711,15.40277,-0.17255,0.59093,-0.80646,0.00047,-0.02049,-0.04911,0.55773,0.00219,
1540581031976172800,0.22770,15.47281,-0.17825,0.59270,-0.80526,0.01220,-0.01091,-0.03017,0.57514,-0.07457,
1540581032077853440,0.22493,15.53261,-0.18711,0.59575,-0.80310,-0.00777,-0.00705,-0.00878,0.60990,-0.08904,
1540581032178868992,0.22643,15.59643,-0.19338,0.59826,-0.80090,-0.02529,-0.00178,0.04599,0.66490,-0.04473,
1540581032246353664,0.23540,15.64532,-0.19720,0.59896,-0.80055,-0.01790,0.00671,0.08547,0.68814,-0.01161,
1540581032347084032,0.24269,15.70976,-0.19407,0.59686,-0.80181,-0.02638,0.01241,0.03462,0.61849,0.08739,
1540581032447078144,0.25203,15.76127,-0.19199,0.59563,-0.80275,-0.02121,0.01894,0.08090,0.57123,-0.03869,
1540581032548649216,0.25676,15.81083,-0.19692,0.59690,-0.80138,-0.03434,0.01785,0.00032,0.44490,-0.04021,
1540581032649914624,0.25511,15.84931,-0.19710,0.59659,-0.80097,-0.04882,0.01202,0.00138,0.36208,0.00986,
1540581032748777216,0.25767,15.86860,-0.19906,0.59586,-0.80259,-0.02380,0.01542,-0.01266,0.31380,-0.00638,
1540581032816324352,0.25517,15.89032,-0.19955,0.59580,-0.80243,-0.03161,0.01121,-0.04708,0.30035,-0.02262,
1540581032917295616,0.24910,15.91971,-0.19823,0.59493,-0.80287,-0.03756,0.00621,-0.05950,0.27662,0.01143,
1540581033017538816,0.24116,15.94409,-0.19754,0.59384,-0.80403,-0.02982,0.00289,-0.11296,0.23786,0.00698,
1540581033118699008,0.22709,15.96605,-0.19711,0.59323,-0.80452,-0.02855,-0.00374,-0.15743,0.21624,-0.01171,
1540581033220265728,0.21292,15.97605,-0.19884,0.59297,-0.80468,-0.02702,-0.01188,-0.19703,0.14816,-0.01788,
1540581033321009408,0.19241,15.98423,-0.20043,0.59174,-0.80437,-0.04769,-0.02377,-0.17789,0.06087,-0.01907,
1540581033387140864,0.18030,15.98268,-0.20220,0.59071,-0.80398,-0.06187,-0.02910,-0.16943,0.03684,-0.04343,
1540581033488122880,0.16688,15.98200,-0.20612,0.59004,-0.80269,-0.07985,-0.03429,-0.09807,0.07372,-0.02831,
1540581033594231040,0.16005,15.98927,-0.20583,0.59158,-0.80139,-0.08268,-0.03115,-0.03791,0.08694,-0.03290,
1540581033691660544,0.16245,15.97365,-0.20879,0.59175,-0.80121,-0.08394,-0.02908,-0.02497,0.02854,-0.00035,
1540581033773514240,0.16157,15.97442,-0.21114,0.59121,-0.80112,-0.08754,-0.03173,-0.00992,0.00436,-0.04935,
1540581033874051328,0.16390,15.97095,-0.21304,0.59133,-0.80125,-0.08551,-0.03190,0.04201,0.03897,0.00822,
1540581033975596544,0.16671,15.96796,-0.21279,0.59206,-0.80135,-0.07986,-0.03056,-0.00120,0.02844,-0.01324,
1540581034073744640,0.16784,15.96583,-0.21382,0.59314,-0.80160,-0.06903,-0.02932,0.00435,0.02162,-0.02112,
1540581034173779200,0.16953,15.96252,-0.21565,0.59443,-0.80208,-0.05232,-0.02415,0.00096,0.01466,-0.01569,
1540581034274179072,0.17223,15.96351,-0.21738,0.59559,-0.80151,-0.04916,-0.02085,0.00348,0.02958,-0.03608,
1540581034340174336,0.17295,15.96411,-0.21817,0.59533,-0.80110,-0.05755,-0.02240,-0.01139,0.03230,0.00388,
1540581034441750528,0.17198,15.96502,-0.21651,0.59557,-0.80167,-0.04660,-0.02136,-0.01981,0.04652,0.00479,
1540581034540859904,0.16788,15.96213,-0.21537,0.59439,-0.80262,-0.04370,-0.02447,-0.07340,0.05109,0.01144,
1540581034641457152,0.16225,15.96332,-0.21509,0.59451,-0.80245,-0.04334,-0.02759,-0.06713,0.02557,-0.01644,
1540581034740965120,0.15670,15.96084,-0.21578,0.59425,-0.80241,-0.04579,-0.03003,-0.04793,0.02182,-0.01254,
1540581034841268224,0.15464,15.95934,-0.21593,0.59429,-0.80246,-0.04403,-0.03067,-0.02584,0.03138,0.00345,
1540581034942013184,0.15325,15.95713,-0.21563,0.59429,-0.80240,-0.04434,-0.03177,-0.03318,0.01892,-0.00923,
1540581035007706880,0.15291,15.95474,-0.21586,0.59411,-0.80245,-0.04534,-0.03240,-0.01702,0.02146,-0.00497,
1540581035109003776,0.15281,15.95303,-0.21595,0.59428,-0.80240,-0.04389,-0.03262,-0.01145,0.02488,-0.00109,
1540581035208029696,0.15344,15.95131,-0.21604,0.59435,-0.80247,-0.04197,-0.03217,-0.00639,0.03106,0.00064,
1540581035307991808,0.15804,15.94474,-0.21395,0.59434,-0.80264,-0.03888,-0.03189,-0.00713,0.02393,0.00358,
1540581035408408576,0.15740,15.94125,-0.21324,0.59420,-0.80266,-0.03994,-0.03270,-0.02162,0.01551,-0.00697,
1540581035507654912,0.15675,15.94057,-0.21373,0.59423,-0.80254,-0.04156,-0.03292,-0.00648,0.01865,-0.00199,
1540581035574889216,0.15706,15.93960,-0.21386,0.59430,-0.80243,-0.04256,-0.03320,-0.00523,0.01810,-0.00269,
