1540589407413350144,-0.00920,0.11520,-0.01055,0.60092,-0.79812,-0.03596,0.02481,-0.10856,0.36539,-0.00097,
1540589407514573824,-0.01269,0.14645,-0.00490,0.60220,-0.79745,-0.03215,0.01988,-0.10595,0.41881,0.01505,
1540589407630968064,-0.02700,0.19629,-0.00289,0.60170,-0.79816,-0.02891,0.00809,-0.10321,0.42455,0.05181,
1540589407732857088,-0.03533,0.25179,0.00568,0.59906,-0.80064,-0.01065,0.00040,-0.08792,0.44054,0.06883,
1540589407798398976,-0.03918,0.26901,0.00866,0.59841,-0.80117,-0.00237,-0.00545,-0.10488,0.41879,0.03848,
1540589407897545216,-0.04638,0.30237,0.01081,0.59835,-0.80102,0.00848,-0.01672,-0.05115,0.34277,0.00085,
1540589407997502720,-0.04588,0.32777,0.01226,0.59720,-0.80142,0.01911,-0.02651,-0.02539,0.25576,0.04566,
1540589408104816896,-0.04557,0.35442,0.01373,0.59611,-0.80168,0.02360,-0.03765,0.05600,0.22843,-0.03706,
1540589408231293696,-0.03287,0.38321,0.00712,0.59702,-0.80031,0.02604,-0.04894,0.12774,0.24989,-0.03895,
1540589408297869568,-0.02359,0.40153,0.00464,0.59799,-0.79922,0.02934,-0.05279,0.14592,0.27763,-0.03798,
1540589408398561280,-0.00968,0.43596,0.00333,0.59876,-0.79806,0.04206,-0.05298,0.15786,0.34781,0.00972,
1540589408498465024,0.00599,0.47457,0.00433,0.60004,-0.79656,0.05739,-0.04634,0.17387,0.38787,-0.01281,
1540589408597879552,0.02029,0.51213,0.00299,0.60154,-0.79619,0.05124,-0.04015,0.14417,0.37406,-0.02223,
1540589408697956608,0.03286,0.55138,0.00351,0.60128,-0.79690,0.05042,-0.02952,0.14834,0.39252,0.04419,
1540589408799577600,0.04312,0.58885,0.00638,0.59944,-0.79863,0.05068,-0.01725,0.07747,0.39241,0.03356,
1540589408898594816,0.04576,0.62197,0.00482,0.59890,-0.80018,0.03069,-0.00994,0.04106,0.36128,-0.01734,
1540589409002694400,0.04204,0.64949,-0.00146,0.59583,-0.80295,0.01611,-0.00168,-0.02119,0.32312,0.03478,
1540589409098632448,0.03685,0.67563,-0.00471,0.59249,-0.80531,0.01763,0.01070,-0.05867,0.30002,-0.02567,
1540589409198227200,0.02548,0.70091,-0.01041,0.59228,-0.80555,-0.00429,0.01653,-0.09437,0.31059,-0.03070,
1540589409300558848,0.01595,0.73451,-0.01284,0.59266,-0.80497,-0.01236,0.02477,-0.10398,0.36471,-0.01376,
1540589409398940928,0.00285,0.77212,-0.01499,0.59353,-0.80407,-0.02114,0.02719,-0.12741,0.40492,-0.01626,
1540589409498247680,-0.00773,0.81614,-0.01749,0.59408,-0.80353,-0.02879,0.02409,-0.11200,0.46514,-0.01731,
1540589409598830592,-0.01888,0.86839,-0.01754,0.59379,-0.80412,-0.02136,0.01868,-0.11822,0.49777,0.03233,
1540589409698504960,-0.02960,0.91675,-0.01318,0.59214,-0.80571,-0.00894,0.01068,-0.12308,0.47157,0.01979,
1540589409800462080,-0.04046,0.96479,-0.01212,0.59133,-0.80637,-0.00894,-0.00329,-0.09452,0.45270,0.00822,
1540589409899551744,-0.04697,1.00923,-0.01217,0.58991,-0.80737,0.00136,-0.01295,-0.05437,0.43758,0.01230,
1540589410001054720,-0.04936,1.04930,-0.01300,0.58922,-0.80754,0.01759,-0.01991,-0.02745,0.38279,-0.01165,
1540589410101319936,-0.05267,1.08853,-0.01464,0.58841,-0.80786,0.01467,-0.03037,-0.00507,0.34356,-0.01892,
1540589410201769216,-0.05297,1.12363,-0.01642,0.58832,-0.80751,0.02285,-0.03573,0.01738,0.35185,-0.02075,
1540589410302705152,-0.04907,1.16235,-0.01888,0.58942,-0.80635,0.03145,-0.03744,0.05573,0.39855,-0.04557,
1540589410404130304,-0.04514,1.20641,-0.02225,0.59119,-0.80514,0.02855,-0.03773,0.04771,0.42785,-0.03714,
1540589410504557824,-0.04069,1.25283,-0.02403,0.59206,-0.80465,0.03173,-0.03155,0.06579,0.45892,-0.00004,
1540589410605535488,-0.03540,1.30095,-0.02146,0.59171,-0.80520,0.03216,-0.02221,0.05870,0.46524,0.02332,
1540589410705652480,-0.02934,1.34723,-0.01682,0.58975,-0.80694,0.03041,-0.01087,0.06002,0.47637,0.04218,
1540589410806921728,-0.02393,1.39438,-0.01621,0.58939,-0.80747,0.02477,-0.00041,0.04204,0.43981,-0.01685,
1540589410907822080,-0.02055,1.43292,-0.01999,0.58980,-0.80735,0.01505,0.00973,0.04315,0.40791,-0.03001,
1540589411008864000,-0.01756,1.47082,-0.02128,0.59007,-0.80713,0.00809,0.01711,-0.00264,0.38314,0.01573,
1540589411109480704,-0.01960,1.50419,-0.02266,0.59021,-0.80694,0.00379,0.02182,-0.04408,0.38164,-0.04087,
1540589411209637632,-0.02155,1.54222,-0.02659,0.59126,-0.80613,-0.00140,0.02355,-0.01556,0.40777,-0.03825,
1540589411312290048,-0.02454,1.58316,-0.02851,0.59265,-0.80506,0.00141,0.02547,-0.05662,0.44006,-0.03521,
1540589411410953472,-0.02965,1.62505,-0.03095,0.59377,-0.80427,0.00079,0.02413,-0.05807,0.47055,-0.02808,
1540589411512119808,-0.03533,1.67470,-0.03327,0.59446,-0.80385,-0.00016,0.02105,-0.05972,0.47238,-0.01818,
1540589411613682432,-0.04136,1.71894,-0.03323,0.59277,-0.80521,0.00079,0.01591,-0.10189,0.42577,0.03362,
1540589411714850304,-0.05282,1.75904,-0.02744,0.59149,-0.80621,-0.01227,0.00486,-0.09906,0.41281,0.03819,
1540589411815270400,-0.05857,1.78936,-0.02542,0.58932,-0.80789,0.00399,0.00133,-0.05791,0.35638,0.00233,
1540589411915556864,-0.06516,1.82089,-0.02463,0.58845,-0.80849,-0.00247,-0.00746,-0.05811,0.24947,0.00315,
1540589412016806656,-0.06744,1.84180,-0.02374,0.58678,-0.80965,0.00476,-0.01125,-0.01992,0.17535,0.01046,
1540589412117099264,-0.06716,1.85766,-0.02398,0.58604,-0.81015,0.00289,-0.01409,0.02362,0.14514,-0.00859,
1540589412234858240,-0.06467,1.86633,-0.02280,0.58565,-0.81045,0.00180,-0.01330,0.02243,0.09293,0.03248,
1540589412333021952,-0.06224,1.87666,-0.02049,0.58474,-0.81114,0.00261,-0.01120,0.02411,0.04582,0.02322,
1540589412434023424,-0.05958,1.88290,-0.01840,0.58395,-0.81173,0.00472,-0.00881,0.03019,0.01769,0.02128,
1540589412500584960,-0.05737,1.88621,-0.01742,0.58383,-0.81182,0.00519,-0.00765,0.05106,0.00089,-0.00694,
1540589412600666880,-0.05324,1.88902,-0.01781,0.58360,-0.81200,0.00618,-0.00636,0.03774,0.00708,-0.00065,
1540589412701094656,-0.05063,1.89171,-0.01685,0.58375,-0.81190,0.00479,-0.00592,0.02143,0.01426,0.00376,
1540589412800492032,-0.04807,1.89347,-0.01719,0.58360,-0.81202,0.00270,-0.00627,0.02586,0.00305,0.00400,
1540589412900426752,-0.04663,1.89490,-0.01708,0.58345,-0.81211,-0.00076,-0.00769,0.01275,0.02659,-0.00382,
1540589413000921088,-0.04584,1.89972,-0.01826,0.58327,-0.81221,0.00003,-0.01016,-0.00043,0.07211,-0.00539,
1540589413100223488,-0.04811,1.90754,-0.01920,0.58386,-0.81169,-0.00480,-0.01554,-0.03334,0.11510,-0.02579,
1540589413168183808,-0.05114,1.91514,-0.02213,0.58391,-0.81152,-0.00901,-0.02018,-0.06016,0.14832,-0.04727,
1540589413267363072,-0.05731,1.93183,-0.02646,0.58472,-0.81060,-0.01498,-0.02845,-0.06405,0.22196,-0.03939,
1540589413368080384,-0.06273,1.95582,-0.03184,0.58708,-0.80886,-0.00861,-0.03182,-0.05358,0.25857,-0.07603,
1540589413467604736,-0.06745,1.98318,-0.03570,0.58770,-0.80835,-0.00993,-0.03298,-0.03283,0.31748,-0.00010,
1540589413569126400,-0.06654,2.01510,-0.03597,0.58862,-0.80800,0.00047,-0.02566,0.00323,0.37732,-0.03231,
1540589413667801344,-0.06587,2.05582,-0.03861,0.59022,-0.80701,-0.00771,-0.01782,0.02584,0.42625,-0.04480,
1540589413767599616,-0.06259,2.10124,-0.04372,0.59172,-0.80588,-0.01931,-0.00732,0.03696,0.47876,-0.04115,
1540589413834467840,-0.05944,2.13410,-0.04567,0.59243,-0.80531,-0.02221,0.00186,0.07125,0.51276,-0.00284,
1540589413934523648,-0.05145,2.19147,-0.04429,0.59133,-0.80603,-0.01834,0.01766,0.05529,0.51234,0.03233,
1540589414034692352,-0.04817,2.24300,-0.03981,0.58947,-0.80664,-0.03491,0.02531,0.01350,0.50821,0.03405,
1540589414134126080,-0.04455,2.29984,-0.04025,0.58927,-0.80671,-0.02783,0.03470,0.02390,0.54492,-0.04721,
1540589414234873088,-0.04542,2.35689,-0.04307,0.59007,-0.80611,-0.02478,0.03716,-0.04543,0.54911,-0.00570,
1540589414335760128,-0.04978,2.41352,-0.04439,0.59102,-0.80568,-0.02052,0.03399,-0.04718,0.57059,-0.03386,
1540589414403467776,-0.05145,2.45541,-0.04849,0.59223,-0.80491,-0.02442,0.02804,-0.02115,0.57755,-0.03555,
1540589414504648192,-0.05469,2.51422,-0.05238,0.59415,-0.80370,-0.02448,0.02143,-0.02560,0.59361,-0.04531,
1540589414604176128,-0.05759,2.57390,-0.05558,0.59533,-0.80294,-0.02643,0.01353,-0.03256,0.62174,-0.00517,
1540589414704370432,-0.06308,2.63589,-0.05484,0.59306,-0.80461,-0.02965,0.00291,-0.08256,0.58698,0.06161,
1540589414805326592,-0.07240,2.69730,-0.04864,0.58983,-0.80697,-0.02793,-0.01126,-0.07832,0.61952,0.05357,
1540589414905558528,-0.08073,2.75789,-0.04614,0.58900,-0.80787,-0.00506,-0.01980,-0.07071,0.57735,-0.01914,
1540589415006532864,-0.08819,2.81292,-0.04964,0.58810,-0.80822,-0.00184,-0.03041,-0.05307,0.52661,-0.00475,
1540589415073564416,-0.09014,2.84861,-0.04924,0.58817,-0.80805,0.00682,-0.03269,-0.01913,0.53054,-0.01407,
1540589415174602240,-0.09273,2.90142,-0.05292,0.58967,-0.80685,0.01070,-0.03403,-0.02340,0.53005,-0.06530,
1540589415275553536,-0.09585,2.95594,-0.06073,0.59195,-0.80529,0.00241,-0.03326,-0.02970,0.57034,-0.07448,
1540589415376560128,-0.09735,3.01863,-0.06431,0.59400,-0.80402,0.00160,-0.02668,0.00722,0.64038,-0.02496,
1540589415477178368,-0.09671,3.08257,-0.06622,0.59501,-0.80352,-0.00338,-0.01775,0.01463,0.64978,-0.02109,
1540589415578296832,-0.09743,3.14569,-0.06916,0.59524,-0.80300,-0.02718,-0.01205,-0.01059,0.62102,-0.02475,
1540589415645234944,-0.09703,3.18845,-0.06724,0.59417,-0.80337,-0.03863,-0.00822,-0.00223,0.65606,0.06045,
1540589415745882112,-0.09715,3.25397,-0.06260,0.59316,-0.80467,-0.02544,0.00530,-0.02411,0.63419,-0.00900,
1540589415846637568,-0.10127,3.31154,-0.06774,0.59317,-0.80351,-0.04971,0.00681,-0.04421,0.58677,-0.04736,
1540589415947019520,-0.10519,3.37240,-0.06753,0.59354,-0.80344,-0.04482,0.01350,-0.04113,0.61471,0.00978,
1540589416048039168,-0.11095,3.43329,-0.06974,0.59364,-0.80381,-0.03307,0.01965,-0.06783,0.61589,-0.05370,
1540589416148675328,-0.11793,3.49540,-0.07460,0.59523,-0.80272,-0.03139,0.01862,-0.09102,0.61837,-0.05196,
1540589416216165632,-0.12503,3.53753,-0.07713,0.59565,-0.80261,-0.02706,0.01696,-0.11982,0.63869,-0.02011,
1540589416317984256,-0.13506,3.60255,-0.07811,0.59581,-0.80281,-0.01978,0.01118,-0.10107,0.66531,0.01150,
1540589416417870848,-0.14582,3.66747,-0.07443,0.59261,-0.80526,-0.01888,0.00017,-0.12478,0.61597,0.08312,
1540589416518218496,-0.15670,3.72769,-0.06809,0.58876,-0.80810,-0.01388,-0.01197,-0.07484,0.58498,0.03842,
1540589416619558144,-0.15970,3.78312,-0.06773,0.58836,-0.80833,-0.00003,-0.02111,-0.01111,0.53631,-0.03954,
1540589416720294912,-0.15886,3.83300,-0.06952,0.58755,-0.80857,0.00376,-0.03147,0.02664,0.48674,0.01484,
1540589416837372416,-0.15333,3.88690,-0.07097,0.58729,-0.80824,0.01904,-0.03842,0.05088,0.47044,-0.04974,
1540589416905406208,-0.15036,3.91739,-0.07580,0.58810,-0.80739,0.01948,-0.04328,0.04977,0.47887,-0.08936,
1540589417002811392,-0.14269,3.96330,-0.08188,0.59006,-0.80582,0.02534,-0.04294,0.09459,0.51077,-0.05656,
1540589417069805056,-0.13509,3.99576,-0.08541,0.59189,-0.80447,0.03134,-0.03893,0.09349,0.55329,-0.05843,
1540589417170212352,-0.12560,4.04911,-0.09204,0.59440,-0.80320,0.02208,-0.03280,0.09252,0.60976,-0.05166,
1540589417269844480,-0.11679,4.11154,-0.09592,0.59510,-0.80320,0.01079,-0.02444,0.07995,0.66730,0.01036,
1540589417370530304,-0.10740,4.17405,-0.09090,0.59526,-0.80336,0.01245,-0.01140,0.07794,0.69260,0.02271,
1540589417470458880,-0.10151,4.23869,-0.08998,0.59447,-0.80408,0.00755,-0.00114,0.05499,0.65457,-0.00788,
1540589417569863680,-0.09599,4.29949,-0.08954,0.59474,-0.80388,0.00293,0.00750,0.00881,0.62240,-0.02332,
1540589417670798336,-0.09716,4.36225,-0.08982,0.59439,-0.80405,-0.00380,0.01387,-0.01174,0.61340,0.00351,
1540589417737381120,-0.09732,4.40064,-0.08922,0.59383,-0.80429,0.00654,0.02078,-0.03666,0.60341,-0.02698,
1540589417837144576,-0.10420,4.45949,-0.09414,0.59512,-0.80327,-0.00465,0.02394,-0.05663,0.59849,-0.04599,
1540589417936836608,-0.11145,4.51772,-0.09800,0.59619,-0.80232,-0.01169,0.02648,-0.08501,0.61197,-0.02977,
1540589418036722432,-0.12226,4.57312,-0.09960,0.59654,-0.80194,-0.02173,0.02362,-0.11856,0.65968,-0.02243,
1540589418137645312,-0.13486,4.63935,-0.09991,0.59611,-0.80210,-0.03212,0.01609,-0.12816,0.69546,0.01906,
1540589418237117696,-0.14772,4.70423,-0.09560,0.59352,-0.80412,-0.03280,0.00725,-0.12222,0.67224,0.06569,
1540589418337018368,-0.16277,4.75218,-0.09118,0.59107,-0.80560,-0.04013,-0.00611,-0.11175,0.63148,0.00858,
1540589418404866816,-0.16895,4.79156,-0.09169,0.59091,-0.80573,-0.03816,-0.01312,-0.05175,0.61667,-0.01804,
1540589418506466048,-0.17108,4.85143,-0.09221,0.59049,-0.80669,-0.01683,-0.01723,-0.01233,0.56904,0.02779,
1540589418603953664,-0.17708,4.89459,-0.09011,0.58993,-0.80712,-0.00559,-0.02273,-0.01335,0.52189,-0.02410,
1540589418705008384,-0.17747,4.95085,-0.09551,0.59133,-0.80592,0.00087,-0.02867,-0.00043,0.53742,-0.06979,
1540589418805736704,-0.18021,5.00257,-0.10237,0.59382,-0.80394,0.00748,-0.03152,0.04007,0.60890,-0.06718,
1540589418907196928,-0.17373,5.07182,-0.10874,0.59684,-0.80167,0.01978,-0.02682,0.05771,0.68262,-0.05575,
1540589419008218624,-0.16669,5.14455,-0.11215,0.59810,-0.80105,0.00457,-0.02407,0.09414,0.72147,-0.01173,
1540589419072904704,-0.16240,5.17499,-0.10997,0.59823,-0.80110,-0.00031,-0.01918,0.03879,0.71877,0.00434,
1540589419176355840,-0.16016,5.24956,-0.10976,0.59711,-0.80192,-0.01424,-0.01338,-0.01070,0.71832,0.02306,
1540589419273378304,-0.16627,5.30683,-0.10872,0.59629,-0.80260,-0.01504,-0.00715,-0.04543,0.67808,0.00343,
1540589419374097152,-0.17467,5.37261,-0.10881,0.59638,-0.80256,-0.01480,-0.00272,-0.09687,0.63278,-0.01981,
1540589419475455744,-0.18559,5.42513,-0.11166,0.59685,-0.80228,-0.01032,0.00307,-0.10178,0.60470,-0.03005,
1540589419576004864,-0.19651,5.48760,-0.11509,0.59793,-0.80127,-0.02017,0.00661,-0.11278,0.63705,-0.03534,
1540589419643536896,-0.20510,5.53167,-0.11810,0.59903,-0.80017,-0.02823,0.00926,-0.13586,0.65279,-0.05094,
1540589419745005568,-0.21997,5.59355,-0.12146,0.59929,-0.79938,-0.04126,0.01195,-0.13701,0.68821,0.01509,
1540589419844429568,-0.23316,5.66370,-0.11432,0.59623,-0.80214,-0.02635,0.01946,-0.15448,0.68382,0.11481,
1540589419945561088,-0.25305,5.72901,-0.10405,0.59183,-0.80512,-0.03564,0.01576,-0.20867,0.64034,0.05258,
1540589420046741504,-0.27095,5.79714,-0.10114,0.58999,-0.80654,-0.03564,0.01124,-0.14134,0.63111,-0.00137,
1540589420147066624,-0.28128,5.86018,-0.10218,0.58937,-0.80765,-0.01541,0.01032,-0.09903,0.57409,-0.01850,
1540589420215052288,-0.28592,5.90901,-0.10323,0.58930,-0.80778,-0.01313,0.00670,-0.04872,0.55712,-0.04157,
1540589420315101952,-0.28798,5.96555,-0.11104,0.59149,-0.80629,-0.00557,0.00186,0.00020,0.55202,-0.11700,
1540589420416809472,-0.28497,6.02549,-0.12419,0.59497,-0.80365,-0.01079,-0.00609,0.04028,0.60999,-0.11495,
1540589420517104384,-0.27379,6.10444,-0.13062,0.59682,-0.80222,-0.01122,-0.01109,0.10793,0.69630,-0.02826,
1540589420617840640,-0.25958,6.17143,-0.13091,0.59704,-0.80214,-0.00226,-0.01044,0.15716,0.72156,0.01062,
1540589420718533888,-0.24118,6.24566,-0.12824,0.59470,-0.80350,-0.02200,-0.01547,0.13212,0.68490,0.04725,
1540589420785597952,-0.23220,6.28693,-0.12378,0.59322,-0.80435,-0.02925,-0.01613,0.14572,0.65810,0.06820,
1540589420886246144,-0.21917,6.34960,-0.12180,0.59210,-0.80562,-0.01721,-0.01002,0.11088,0.58633,-0.02750,
1540589420986724352,-0.21113,6.40484,-0.12287,0.59201,-0.80556,-0.02346,-0.00704,0.04922,0.52723,-0.00536,
1540589421089342976,-0.20850,6.46013,-0.12491,0.59238,-0.80557,-0.01191,0.00194,0.00748,0.55053,-0.04330,
1540589421206189312,-0.21015,6.52269,-0.13164,0.59412,-0.80416,-0.01597,0.00986,-0.03497,0.60808,-0.06205,
1540589421289436672,-0.21319,6.58036,-0.13562,0.59585,-0.80269,-0.02075,0.01507,-0.07671,0.65278,-0.05991,
1540589421373616896,-0.22265,6.63853,-0.13964,0.59637,-0.80209,-0.02482,0.01912,-0.13672,0.68087,-0.02229,
1540589421474712832,-0.23782,6.71006,-0.13687,0.59435,-0.80321,-0.03547,0.01853,-0.20968,0.67913,0.07194,
1540589421575415040,-0.25900,6.77822,-0.13181,0.59152,-0.80479,-0.04668,0.01560,-0.20812,0.64475,0.04859,
1540589421672560896,-0.27530,6.83885,-0.12918,0.59091,-0.80566,-0.03739,0.01838,-0.11616,0.60078,-0.00022,
1540589421739548928,-0.28008,6.88743,-0.13051,0.58966,-0.80684,-0.02877,0.02170,-0.11992,0.54598,-0.02200,
1540589421840685568,-0.29007,6.94204,-0.13254,0.59031,-0.80609,-0.03765,0.01846,-0.06093,0.56462,-0.03561,
1540589421939822336,-0.29665,6.99579,-0.13760,0.59170,-0.80546,-0.02909,0.01661,-0.05677,0.55209,-0.07622,
1540589422039934464,-0.30100,7.05221,-0.14632,0.59433,-0.80369,-0.02716,0.01066,-0.00566,0.59514,-0.09412,
1540589422139617792,-0.29810,7.10797,-0.15237,0.59736,-0.80153,-0.02589,0.00584,0.07474,0.67838,-0.06638,
1540589422239438336,-0.28676,7.18088,-0.15352,0.59775,-0.80158,-0.01162,0.00623,0.11811,0.71732,0.02013,
1540589422308304128,-0.27746,7.22788,-0.14899,0.59645,-0.80257,-0.01051,0.00498,0.16525,0.71925,0.05338,
1540589422406546688,-0.26082,7.29766,-0.14482,0.59433,-0.80420,-0.00411,0.00408,0.15807,0.67272,0.04110,
1540589422505952000,-0.24818,7.35916,-0.14715,0.59432,-0.80411,-0.01338,-0.00251,0.10590,0.57211,-0.07173,
1540589422605992960,-0.23906,7.41451,-0.15154,0.59419,-0.80353,-0.03328,-0.01335,0.08330,0.54021,0.00031,
1540589422706979584,-0.23116,7.46957,-0.15163,0.59465,-0.80353,-0.02161,-0.01606,0.06823,0.53713,-0.02670,
1540589422806657024,-0.22527,7.52337,-0.15584,0.59572,-0.80247,-0.02749,-0.02026,0.05383,0.57723,-0.03896,
1540589422907180544,-0.21892,7.57814,-0.15818,0.59728,-0.80152,-0.02313,-0.01692,0.04932,0.63011,-0.04885,
1540589423008408320,-0.21674,7.64583,-0.16237,0.59812,-0.80083,-0.02765,-0.01280,-0.00137,0.67634,-0.00947,
1540589423073867008,-0.21815,7.69054,-0.16060,0.59765,-0.80132,-0.02538,-0.00750,-0.02742,0.67343,0.07217,
1540589423173456384,-0.22160,7.75445,-0.15051,0.59422,-0.80422,-0.01103,0.00288,-0.07517,0.57974,0.09069,
1540589423273367552,-0.23482,7.80789,-0.14533,0.59112,-0.80638,-0.01762,0.00426,-0.17225,0.54146,-0.00128,
1540589423375518208,-0.25378,7.86431,-0.14901,0.59128,-0.80616,-0.02227,0.00152,-0.19096,0.53257,-0.04159,
1540589423474914048,-0.27277,7.91746,-0.14838,0.59089,-0.80652,-0.01941,0.00014,-0.17783,0.54585,0.02393,
1540589423576267264,-0.28849,7.96998,-0.15023,0.59089,-0.80664,-0.01346,0.00046,-0.13139,0.54371,-0.04778,
1540589423642360064,-0.29573,8.00612,-0.15486,0.59174,-0.80589,-0.01962,-0.00105,-0.09206,0.54468,-0.07495,
1540589423741908736,-0.30265,8.06342,-0.16155,0.59383,-0.80420,-0.02491,-0.00229,-0.04188,0.61035,-0.05762,
1540589423842753792,-0.30515,8.12930,-0.16642,0.59590,-0.80296,-0.01221,-0.00191,-0.01511,0.65621,-0.04053,
1540589423943997952,-0.30636,8.19763,-0.16950,0.59755,-0.80182,-0.00039,-0.00417,0.02397,0.66979,-0.04049,
1540589424044279552,-0.30463,8.26246,-0.17216,0.59715,-0.80187,-0.01357,-0.01500,0.01349,0.65571,-0.00245,
1540589424145276672,-0.30133,8.32381,-0.17102,0.59540,-0.80293,-0.01731,-0.02240,0.08321,0.64484,0.01622,
1540589424246482176,-0.29143,8.38916,-0.17170,0.59500,-0.80316,-0.01363,-0.02689,0.08255,0.62287,-0.03711,
1540589424314119936,-0.28607,8.42960,-0.17502,0.59452,-0.80294,-0.02625,-0.03383,0.08045,0.58779,-0.05335,
1540589424414242304,-0.28059,8.49174,-0.17677,0.59390,-0.80290,-0.03206,-0.04007,0.05077,0.59776,-0.02311,
1540589424515184384,-0.27679,8.55269,-0.17996,0.59382,-0.80284,-0.02964,-0.04412,0.03849,0.64029,-0.03238,
1540589424615653632,-0.27466,8.61858,-0.18270,0.59522,-0.80220,-0.01671,-0.04362,-0.00776,0.70071,-0.02692,
1540589424717155584,-0.27809,8.68970,-0.18870,0.59712,-0.80069,-0.01847,-0.04469,-0.04212,0.74237,-0.06901,
1540589424817288960,-0.28377,8.76301,-0.19464,0.59776,-0.79993,-0.02811,-0.04474,-0.07374,0.75690,-0.01027,
1540589424884694528,-0.29037,8.81304,-0.19074,0.59547,-0.80125,-0.03784,-0.04453,-0.12838,0.71109,0.12449,
1540589424985662464,-0.30538,8.88438,-0.17950,0.59164,-0.80398,-0.04249,-0.04196,-0.15911,0.67703,0.07308,
1540589425085939712,-0.31940,8.94939,-0.17846,0.59125,-0.80502,-0.03548,-0.03347,-0.13361,0.60079,-0.02860,
1540589425186656256,-0.33287,9.00699,-0.17899,0.59160,-0.80510,-0.03511,-0.02449,-0.13306,0.55243,0.01147,
1540589425287636224,-0.34448,9.06409,-0.18013,0.59229,-0.80518,-0.02678,-0.01286,-0.10205,0.59132,-0.03787,
1540589425388738560,-0.35150,9.12797,-0.18666,0.59396,-0.80405,-0.02654,-0.00439,-0.05563,0.67697,-0.06704,
1540589425455531264,-0.35580,9.17752,-0.19156,0.59606,-0.80225,-0.03322,0.00002,-0.05283,0.74699,-0.08086,
1540589425558931456,-0.35463,9.25045,-0.19772,0.59912,-0.80025,-0.02462,0.00766,0.06272,0.80579,-0.02385,
1540589425660847104,-0.34614,9.32714,-0.19431,0.59740,-0.80172,-0.01245,0.01391,0.09430,0.73577,0.07680,
1540589425757601536,-0.33521,9.39437,-0.18577,0.59473,-0.80368,-0.01446,0.01355,0.13321,0.69310,0.04615,
1540589425863651328,-0.32174,9.46315,-0.18554,0.59367,-0.80451,-0.01417,0.01145,0.10620,0.60608,-0.03297,
1540589425941721600,-0.31488,9.50698,-0.18751,0.59356,-0.80438,-0.02514,0.00483,0.07938,0.54976,-0.00890,
1540589426042792448,-0.30693,9.56087,-0.18883,0.59344,-0.80461,-0.02071,-0.00040,0.07324,0.52228,-0.04237,
1540589426142033408,-0.29969,9.61255,-0.19396,0.59512,-0.80337,-0.01982,-0.00594,0.08008,0.55817,-0.07319,
1540589426242373632,-0.29135,9.66510,-0.19904,0.59727,-0.80185,-0.01413,-0.01021,0.03865,0.58427,-0.06082,
1540589426309096192,-0.28957,9.70564,-0.20276,0.59814,-0.80104,-0.01803,-0.01552,0.00768,0.62087,-0.05852,
1540589426409012736,-0.28940,9.76709,-0.20782,0.59848,-0.80030,-0.02688,-0.02479,-0.01703,0.67824,-0.03484,
1540589426509365504,-0.29131,9.83811,-0.20853,0.59735,-0.80086,-0.02908,-0.03077,-0.03998,0.69161,0.03328,
1540589426610162432,-0.29684,9.90716,-0.20329,0.59409,-0.80257,-0.04035,-0.03623,-0.07322,0.65685,0.04552,
1540589426710104832,-0.30478,9.97145,-0.19923,0.59186,-0.80358,-0.04956,-0.03873,-0.07327,0.62797,0.01803,
1540589426809526016,-0.31110,10.03241,-0.19763,0.59162,-0.80504,-0.02981,-0.03175,-0.08741,0.57065,0.02335,
1540589426909433856,-0.32069,10.08782,-0.19548,0.59118,-0.80522,-0.03555,-0.02940,-0.09461,0.53270,-0.01218,
1540589426976980736,-0.32671,10.12498,-0.19791,0.59206,-0.80430,-0.04277,-0.02707,-0.06895,0.53964,-0.05682,
1540589427075583232,-0.32861,10.18229,-0.20174,0.59446,-0.80301,-0.03852,-0.01777,-0.03828,0.59169,-0.05224,
1540589427176441344,-0.33134,10.24593,-0.20809,0.59760,-0.80090,-0.03719,-0.00725,-0.00549,0.67882,-0.08493,
1540589427276791296,-0.32963,10.31725,-0.21751,0.60047,-0.79873,-0.03832,0.00137,0.02962,0.76065,-0.05168,
1540589427377043200,-0.32292,10.39135,-0.21349,0.59996,-0.79945,-0.02900,0.00943,0.04946,0.80790,0.09330,
1540589427477511168,-0.31943,10.46939,-0.20449,0.59662,-0.80200,-0.02792,0.00778,-0.00010,0.73263,0.07509,
1540589427576691968,-0.31800,10.53697,-0.20490,0.59543,-0.80233,-0.04159,-0.00157,0.06046,0.65562,-0.06904,
1540589427642850560,-0.31191,10.57374,-0.20808,0.59633,-0.80111,-0.05006,-0.00988,0.06621,0.61047,-0.05727,
1540589427742769664,-0.30513,10.63392,-0.20971,0.59657,-0.80105,-0.04660,-0.01576,0.08083,0.60346,0.01978,
1540589427843357696,-0.29602,10.69321,-0.21045,0.59723,-0.80146,-0.02642,-0.01691,0.07829,0.57222,-0.03289,
1540589427944331264,-0.29095,10.74688,-0.21345,0.59886,-0.80038,-0.02125,-0.01735,0.03651,0.60471,-0.03367,
1540589428044398848,-0.28820,10.80919,-0.22059,0.60075,-0.79903,-0.02020,-0.01547,-0.00932,0.63967,-0.09390,
1540589428144987392,-0.29325,10.88002,-0.22797,0.60098,-0.79845,-0.03292,-0.01463,-0.06572,0.68579,0.00825,
1540589428215226112,-0.29918,10.92785,-0.22186,0.59915,-0.80006,-0.02858,-0.00972,-0.10073,0.67770,0.14323,
1540589428312174592,-0.31129,10.99298,-0.21006,0.59486,-0.80352,-0.02170,-0.00505,-0.15694,0.66941,0.05009,
1540589428413824512,-0.32717,11.06466,-0.21159,0.59395,-0.80420,-0.02171,-0.00400,-0.17454,0.65310,-0.02523,
1540589428513943552,-0.34127,11.12801,-0.21268,0.59319,-0.80500,-0.00951,-0.00163,-0.13040,0.62485,0.02315,
1540589428615535872,-0.35101,11.19013,-0.21322,0.59340,-0.80489,-0.00469,-0.00125,-0.08147,0.61936,-0.03568,
1540589428714926592,-0.35674,11.25074,-0.22404,0.59576,-0.80299,-0.01549,-0.00590,-0.03245,0.65582,-0.11895,
1540589428816253696,-0.35599,11.32043,-0.23635,0.59954,-0.79994,-0.02318,-0.01092,0.03520,0.72586,-0.09452,
1540589428883093760,-0.35213,11.37143,-0.24106,0.60143,-0.79874,-0.01320,-0.01084,0.05999,0.76119,-0.04670,
1540589428983478784,-0.34392,11.45232,-0.24486,0.60199,-0.79842,-0.00296,-0.01152,0.12059,0.78529,0.01806,
1540589429084982784,-0.33335,11.52838,-0.24089,0.59916,-0.80033,-0.01176,-0.01849,0.07685,0.71034,0.04516,
1540589429185756416,-0.32569,11.59775,-0.23672,0.59671,-0.80169,-0.02391,-0.02561,0.11086,0.67108,0.02327,
1540589429286143744,-0.31670,11.66126,-0.23763,0.59574,-0.80202,-0.03151,-0.02920,0.08011,0.57639,-0.03569,
1540589429386786816,-0.31093,11.71798,-0.23944,0.59584,-0.80182,-0.03672,-0.02660,0.07758,0.57758,-0.03434,
1540589429454309632,-0.30741,11.76256,-0.24400,0.59689,-0.80149,-0.03059,-0.02002,0.03398,0.61001,-0.07668,
1540589429554983680,-0.30591,11.82709,-0.24838,0.59933,-0.79992,-0.02857,-0.01081,-0.00063,0.66152,-0.01416,
1540589429655634176,-0.30922,11.89561,-0.24875,0.60094,-0.79919,-0.01262,0.00189,-0.07038,0.68970,-0.02782,
1540589429756611584,-0.32213,11.96544,-0.25082,0.60102,-0.79881,-0.02578,0.00386,-0.16681,0.67092,-0.02433,
1540589429857490176,-0.33932,12.03347,-0.24794,0.59890,-0.80015,-0.03263,0.00475,-0.19356,0.66797,0.06028,
1540589429958227456,-0.36021,12.09670,-0.24207,0.59659,-0.80123,-0.04584,0.00230,-0.20407,0.62826,0.03100,
1540589430028547584,-0.37358,12.13859,-0.23909,0.59583,-0.80180,-0.04588,0.00092,-0.16780,0.61044,0.01477,
1540589430126030336,-0.38531,12.19418,-0.23685,0.59408,-0.80389,-0.02866,0.00278,-0.10444,0.53574,0.04915,
1540589430226882048,-0.39462,12.24571,-0.23333,0.59258,-0.80529,-0.01882,0.00020,-0.07200,0.50003,-0.00916,
1540589430331301376,-0.40200,12.29641,-0.23745,0.59316,-0.80480,-0.01950,-0.00932,-0.05236,0.49344,-0.07071,
1540589430412079360,-0.40623,12.32671,-0.24092,0.59473,-0.80351,-0.01817,-0.01846,-0.02176,0.51524,-0.06567,
1540589430511705088,-0.40600,12.37496,-0.24809,0.59673,-0.80198,-0.00338,-0.02710,0.04722,0.55925,-0.05085,
1540589430646450944,-0.39735,12.45840,-0.25250,0.59783,-0.80069,0.01550,-0.03539,0.07868,0.60722,-0.01005,
1540589430713410304,-0.39252,12.49391,-0.25270,0.59766,-0.80065,0.01112,-0.04041,0.08788,0.60157,-0.01912,
1540589430813893632,-0.38307,12.54970,-0.25419,0.59549,-0.80184,-0.01219,-0.04784,0.09528,0.59190,0.01486,
1540589430911656448,-0.37219,12.60622,-0.25196,0.59534,-0.80233,-0.00744,-0.04227,0.09884,0.59215,-0.00066,
1540589430978089728,-0.36698,12.64243,-0.25253,0.59659,-0.80156,-0.01208,-0.03775,0.05130,0.57830,-0.03588,
1540589431078246912,-0.36282,12.69746,-0.25637,0.59644,-0.80144,-0.02936,-0.03304,0.00255,0.54134,0.01714,
1540589431178527232,-0.36264,12.74485,-0.25455,0.59700,-0.80139,-0.02985,-0.02187,-0.02587,0.51878,-0.00961,
1540589431278442496,-0.36628,12.79790,-0.25727,0.59914,-0.79999,-0.03113,-0.00910,-0.04577,0.51283,-0.05140,
1540589431378345216,-0.37287,12.85169,-0.26315,0.60074,-0.79882,-0.03142,0.00359,-0.10503,0.55501,-0.05249,
1540589431478757376,-0.38789,12.91259,-0.26776,0.60168,-0.79758,-0.04178,0.01027,-0.16146,0.62021,-0.02627,
1540589431578192896,-0.40295,12.97596,-0.26719,0.60103,-0.79815,-0.03791,0.01678,-0.17688,0.67049,0.04456,
1540589431645678592,-0.41457,13.02102,-0.26167,0.59917,-0.79958,-0.03586,0.01923,-0.17184,0.65218,0.11615,
1540589431745708800,-0.43134,13.08457,-0.25167,0.59479,-0.80239,-0.04600,0.01651,-0.16845,0.62513,0.06701,
1540589431846158848,-0.44517,13.14759,-0.24902,0.59383,-0.80353,-0.03825,0.01543,-0.08557,0.60898,-0.01112,
1540589431945626880,-0.45180,13.20174,-0.24903,0.59261,-0.80512,-0.01969,0.01459,-0.05718,0.51546,0.01077,
1540589432046761728,-0.45551,13.25238,-0.24788,0.59205,-0.80571,-0.01613,0.00704,0.00246,0.52127,-0.02660,
1540589432145495808,-0.45298,13.30140,-0.25343,0.59362,-0.80469,-0.00951,-0.00052,0.02247,0.53535,-0.09755,
1540589432213461760,-0.45052,13.33981,-0.26020,0.59553,-0.80321,-0.01183,-0.00744,0.04856,0.57142,-0.09205,
1540589432312682496,-0.44482,13.39666,-0.26818,0.59903,-0.80041,-0.01467,-0.01710,0.06058,0.63394,-0.08492,
1540589432412687360,-0.43705,13.46367,-0.27582,0.60138,-0.79832,-0.01976,-0.02499,0.10666,0.70550,-0.03881,
1540589432516123136,-0.42458,13.53741,-0.27723,0.60104,-0.79868,-0.01482,-0.02530,0.10296,0.68288,0.03217,
1540589432615109632,-0.41262,13.58592,-0.26830,0.59815,-0.80069,-0.02341,-0.02375,0.09928,0.64613,0.10005,
1540589432717270016,-0.40422,13.64736,-0.26419,0.59668,-0.80228,-0.01257,-0.01286,0.03394,0.57434,-0.01034,
1540589432813688064,-0.40265,13.70180,-0.26515,0.59583,-0.80257,-0.02835,-0.00829,0.00083,0.55703,0.02741,
1540589432882157056,-0.40362,13.74143,-0.26282,0.59589,-0.80289,-0.01665,0.00154,-0.02443,0.57548,0.01756,
1540589432982370560,-0.40837,13.78986,-0.26333,0.59621,-0.80263,-0.01373,0.01112,-0.06086,0.58523,-0.03512,
1540589433083084544,-0.41381,13.84936,-0.26655,0.59708,-0.80187,-0.00796,0.02091,-0.05102,0.60945,-0.02622,
1540589433184061184,-0.42103,13.91237,-0.27116,0.59798,-0.80100,-0.01559,0.02403,-0.08411,0.63566,-0.05604,
1540589433284112128,-0.43318,13.97521,-0.27499,0.59888,-0.79995,-0.03374,0.01692,-0.12431,0.62107,-0.00342,
1540589433385194240,-0.44676,14.03599,-0.26934,0.59557,-0.80227,-0.04032,0.00548,-0.13134,0.59820,0.10424,
1540589433452582400,-0.45516,14.07619,-0.26414,0.59369,-0.80377,-0.03853,-0.00307,-0.12306,0.58576,0.02559,
1540589433555020032,-0.46528,14.14306,-0.26708,0.59307,-0.80426,-0.03398,-0.01645,-0.04241,0.57435,-0.03909,
1540589433653999104,-0.46597,14.19632,-0.26666,0.59228,-0.80523,-0.01649,-0.02327,0.00567,0.50589,0.05691,
1540589433755068416,-0.46457,14.24971,-0.26547,0.59144,-0.80585,0.00525,-0.02767,0.03286,0.46286,-0.03311,
1540589433854952960,-0.46245,14.29700,-0.27275,0.59292,-0.80446,0.00032,-0.03585,0.03500,0.49425,-0.10327,
1540589433956399104,-0.45831,14.35950,-0.28368,0.59575,-0.80224,-0.00217,-0.03849,0.07220,0.59386,-0.09682,
1540589434024289536,-0.45322,14.40222,-0.28908,0.59826,-0.80054,0.00234,-0.03492,0.07738,0.66840,-0.06886,
1540589434124787968,-0.44505,14.47247,-0.29361,0.60097,-0.79880,0.01167,-0.02492,0.07181,0.71639,-0.01237,
1540589434225088256,-0.43949,14.55157,-0.29134,0.59911,-0.80045,0.00974,-0.01589,0.03958,0.69929,0.07827,
1540589434326331904,-0.43737,14.61967,-0.28458,0.59714,-0.80210,0.00480,-0.00700,0.01713,0.63186,-0.00044,
1540589434426908672,-0.43686,14.68027,-0.28877,0.59767,-0.80163,-0.01341,-0.00093,0.01692,0.57739,-0.05763,
1540589434527492096,-0.43767,14.74214,-0.29169,0.59738,-0.80156,-0.02508,0.00471,-0.01482,0.53318,0.03336,
1540589434595278336,-0.43938,14.77664,-0.28998,0.59720,-0.80175,-0.02089,0.01049,-0.02546,0.50635,-0.00795,
1540589434695482880,-0.44359,14.83302,-0.29395,0.59788,-0.80096,-0.03030,0.00970,-0.03885,0.51070,-0.05824,
1540589434796555776,-0.44739,14.88741,-0.29787,0.59859,-0.80066,-0.02357,0.00908,-0.04527,0.53870,-0.01986,
1540589434901164032,-0.45223,14.94796,-0.30018,0.59927,-0.80022,-0.02261,0.00307,-0.05526,0.60067,-0.02347,
1540589435016657408,-0.45768,15.01938,-0.30166,0.59867,-0.80063,-0.02348,-0.00613,-0.03915,0.62561,-0.00017,
1540589435115262720,-0.45847,15.09115,-0.29791,0.59569,-0.80253,-0.02843,-0.01696,-0.03831,0.61681,0.05501,
1540589435183603712,-0.46239,15.13200,-0.29496,0.59292,-0.80416,-0.03314,-0.02612,-0.07361,0.61128,0.05141,
1540589435281501952,-0.46736,15.19017,-0.29283,0.59219,-0.80520,-0.00538,-0.03053,-0.01391,0.57021,-0.00427,
1540589435381516288,-0.46836,15.24337,-0.29410,0.59049,-0.80621,0.00970,-0.03538,-0.05378,0.45513,0.01115,
1540589435481001984,-0.46980,15.29006,-0.29458,0.59004,-0.80632,0.00262,-0.04114,0.01111,0.47806,-0.03687,
1540589435547649024,-0.46788,15.32235,-0.29588,0.59180,-0.80512,0.01056,-0.03809,0.00704,0.50410,-0.07007,
1540589435647598080,-0.46843,15.37543,-0.30455,0.59480,-0.80310,0.00604,-0.03474,-0.02828,0.55735,-0.10532,
1540589435748051456,-0.47240,15.43694,-0.31426,0.59841,-0.80064,-0.00028,-0.02970,-0.04044,0.65566,-0.07315,
1540589435848073728,-0.47420,15.50587,-0.31929,0.60107,-0.79896,0.01114,-0.01580,0.00883,0.70170,-0.00577,
1540589435948730368,-0.47026,15.57993,-0.31602,0.60022,-0.79981,0.00535,-0.00347,0.03096,0.65326,0.06766,
1540589436048315392,-0.46857,15.64137,-0.31188,0.59761,-0.80156,-0.01805,0.00586,0.04999,0.60794,-0.00653,
1540589436148250112,-0.46379,15.70596,-0.31397,0.59715,-0.80157,-0.02488,0.01652,0.03159,0.56232,-0.02442,
1540589436214400000,-0.46252,15.74665,-0.31546,0.59696,-0.80112,-0.03923,0.01724,-0.03226,0.51872,0.01633,
1540589436315161344,-0.46442,15.79605,-0.31442,0.59611,-0.80169,-0.03901,0.02059,-0.00386,0.48036,-0.01942,
1540589436415443712,-0.46291,15.84348,-0.31868,0.59721,-0.80082,-0.03950,0.02151,0.02270,0.43409,-0.05191,
1540589436515160576,-0.46080,15.88475,-0.32158,0.59796,-0.80042,-0.03591,0.02193,0.02214,0.39071,-0.02239,
1540589436614976000,-0.46197,15.92400,-0.32465,0.59859,-0.79980,-0.04147,0.01699,-0.03377,0.38054,-0.06868,
1540589436715373312,-0.46683,15.96543,-0.33066,0.59977,-0.79829,-0.05428,0.00778,-0.05255,0.43531,-0.05202,
1540589436815601152,-0.47337,16.01294,-0.33241,0.59984,-0.79827,-0.05448,0.00057,-0.08288,0.46334,0.01597,
1540589436884874496,-0.47938,16.04271,-0.32962,0.59798,-0.79960,-0.05487,-0.00617,-0.11152,0.44871,0.06105,
1540589436983717888,-0.48979,16.08445,-0.32801,0.59661,-0.80046,-0.05584,-0.01429,-0.09409,0.40933,-0.01096,
1540589437083820032,-0.49966,16.12165,-0.33160,0.59687,-0.79963,-0.06233,-0.02154,-0.09333,0.34185,-0.03888,
1540589437183646720,-0.50641,16.15038,-0.33289,0.59697,-0.80007,-0.05519,-0.02165,-0.04688,0.26633,0.01053,
1540589437284763392,-0.51135,16.17619,-0.33074,0.59627,-0.80050,-0.05696,-0.02048,-0.03075,0.22627,0.00577,
1540589437355396096,-0.51342,16.19144,-0.33111,0.59627,-0.80050,-0.05762,-0.01850,-0.02230,0.19369,-0.02334,
1540589437453644032,-0.51450,16.21075,-0.33268,0.59644,-0.80045,-0.05748,-0.01560,0.01501,0.15023,-0.00471,
1540589437552103168,-0.51363,16.22549,-0.33128,0.59609,-0.80100,-0.05382,-0.01319,0.01732,0.09922,0.00241,
1540589437653327360,-0.51219,16.23784,-0.33323,0.59660,-0.80105,-0.04727,-0.01220,0.01569,0.06752,-0.04883,
1540589437753423872,-0.51266,16.24745,-0.33708,0.59706,-0.80021,-0.05443,-0.01484,-0.00348,0.06019,-0.02011,
1540589437854182656,-0.51314,16.25842,-0.33612,0.59661,-0.80098,-0.04797,-0.01358,0.00550,0.08991,0.02410,
1540589437954495232,-0.51328,16.26969,-0.33393,0.59625,-0.80155,-0.04280,-0.01283,0.00069,0.07192,0.01794,
1540589438021868288,-0.51450,16.27248,-0.33288,0.59540,-0.80220,-0.04255,-0.01291,-0.01328,0.00496,0.00615,
1540589438124989184,-0.51463,16.27391,-0.32974,0.59461,-0.80288,-0.04059,-0.01329,0.00321,0.01991,0.02332,
1540589438223042560,-0.51417,16.27631,-0.32860,0.59381,-0.80358,-0.03856,-0.01234,0.00741,0.00744,0.00196,
1540589438324708608,-0.51344,16.27970,-0.32869,0.59333,-0.80365,-0.04397,-0.01338,0.02415,0.00138,-0.00187,
1540589438425548032,-0.51198,16.28373,-0.32857,0.59317,-0.80405,-0.03881,-0.01204,0.01197,0.00510,0.00231,
1540589438525760768,-0.51259,16.28665,-0.32903,0.59325,-0.80393,-0.04002,-0.01208,0.00221,-0.00739,-0.01517,
1540589438593487104,-0.51271,16.28852,-0.32966,0.59312,-0.80391,-0.04224,-0.01249,0.01079,-0.00155,-0.00952,
1540589438693649408,-0.51204,16.29131,-0.32972,0.59310,-0.80403,-0.04030,-0.01187,0.00739,0.00627,-0.00049,
1540589438796964352,-0.51174,16.29368,-0.32942,0.59305,-0.80410,-0.03973,-0.01147,0.00781,0.00282,-0.00565,
1540589438895343616,-0.51134,16.29420,-0.32966,0.59304,-0.80400,-0.04193,-0.01191,0.00951,-0.00270,-0.01378,
1540589438996096000,-0.51092,16.29427,-0.32947,0.59304,-0.80393,-0.04306,-0.01186,0.01280,0.00357,-0.00461,
1540589439097736960,-0.51011,16.29600,-0.32871,0.59281,-0.80420,-0.04135,-0.01101,0.01470,0.01250,0.00703,
1540589439165112320,-0.50932,16.29763,-0.32789,0.59273,-0.80450,-0.03681,-0.00968,0.01502,0.01291,0.00652,
1540589439266571264,-0.50866,16.29853,-0.32717,0.59252,-0.80482,-0.03328,-0.00846,0.00769,0.00596,-0.00185,
1540589439366001408,-0.50821,16.29883,-0.32685,0.59252,-0.80482,-0.03338,-0.00810,0.01302,0.00254,-0.00600,
1540589439504015872,-0.50680,16.29892,-0.32666,0.59247,-0.80484,-0.03396,-0.00765,0.01692,0.00534,-0.00274,
1540589439553355264,-0.50651,16.29887,-0.32619,0.59246,-0.80492,-0.03236,-0.00700,0.01627,0.00880,0.00293,
1540589439650667008,-0.50530,16.29927,-0.32590,0.59241,-0.80508,-0.02937,-0.00572,0.01345,0.00776,0.00034,
1540589439750430720,-0.50412,16.29967,-0.32541,0.59238,-0.80519,-0.02706,-0.00463,0.01433,0.00567,-0.00264,
1540589439851206912,-0.50269,16.29960,-0.32460,0.59241,-0.80523,-0.02531,-0.00366,0.01489,0.00457,-0.00182,
1540589439951086848,-0.50113,16.29939,-0.32418,0.59248,-0.80522,-0.02406,-0.00274,0.01512,0.00303,-0.00398,
1540589440050423808,-0.49994,16.29892,-0.32401,0.59258,-0.80517,-0.02349,-0.00203,0.00458,0.00238,-0.00477,
1540589440117508864,-0.49973,16.29822,-0.32404,0.59264,-0.80511,-0.02391,-0.00194,-0.00069,0.00315,-0.00301,
1540589440217623552,-0.49998,16.29743,-0.32424,0.59277,-0.80500,-0.02460,-0.00203,-0.00905,-0.00134,-0.00874,
1540589440318224384,-0.50049,16.29614,-0.32476,0.59290,-0.80484,-0.02634,-0.00245,-0.00403,0.00002,-0.00700,
1540589440417662208,-0.50056,16.29551,-0.32497,0.59304,-0.80475,-0.02604,-0.00239,-0.00194,0.00272,-0.00340,
1540589440517610752,-0.50045,16.29500,-0.32450,0.59311,-0.80473,-0.02497,-0.00195,0.00115,0.00599,0.00142,
1540589440617629696,-0.50001,16.29417,-0.32403,0.59313,-0.80476,-0.02365,-0.00157,-0.00318,0.00226,-0.00245,
1540589440718067200,-0.49934,16.29348,-0.32365,0.59308,-0.80480,-0.02334,-0.00139,0.00519,0.00756,0.00371,
1540589440784419328,-0.49868,16.29291,-0.32324,0.59310,-0.80482,-0.02232,-0.00098,0.00181,0.00484,0.00129,
1540589440884505088,-0.49848,16.29243,-0.32333,0.59310,-0.80479,-0.02325,-0.00109,-0.00617,0.00219,-0.00286,
1540589440984764928,-0.49883,16.29176,-0.32334,0.59314,-0.80477,-0.02302,-0.00112,-0.01254,0.00323,-0.00159,
1540589441084682240,-0.49915,16.29138,-0.32318,0.59312,-0.80480,-0.02257,-0.00120,-0.00841,0.00563,0.00157,
1540589441184869632,-0.49914,16.29123,-0.32293,0.59307,-0.80483,-0.02245,-0.00120,-0.00277,0.00656,0.00120,
1540589441285310720,-0.49879,16.29067,-0.32279,0.59304,-0.80486,-0.02234,-0.00113,-0.00165,0.00432,-0.00216,
1540589441384568832,-0.49840,16.29016,-0.32275,0.59303,-0.80487,-0.02236,-0.00103,-0.00018,0.00536,-0.00073,
1540589441451176704,-0.49811,16.28982,-0.32252,0.59307,-0.80485,-0.02209,-0.00092,-0.00387,0.00791,0.00373,
1540589441553501440,-0.49782,16.28975,-0.32197,0.59301,-0.80494,-0.02028,-0.00039,-0.00137,0.00736,0.00301,
1540589441656080896,-0.49800,16.28901,-0.32202,0.59298,-0.80494,-0.02101,-0.00059,-0.01083,0.00036,-0.00525,
1540589441753033984,-0.49852,16.28844,-0.32214,0.59298,-0.80493,-0.02143,-0.00081,-0.01153,0.00617,0.00224,
1540589441853237504,-0.49900,16.28823,-0.32180,0.59294,-0.80498,-0.02086,-0.00078,-0.01042,0.00517,0.00071,
1540589441957065984,-0.49915,16.28780,-0.32194,0.59289,-0.80498,-0.02202,-0.00108,-0.00588,0.00289,-0.00149,
1540589442024295168,-0.49889,16.28738,-0.32200,0.59288,-0.80499,-0.02188,-0.00109,-0.00348,0.00456,0.00056,
1540589442121745408,-0.49878,16.28726,-0.32172,0.59280,-0.80505,-0.02202,-0.00107,-0.00389,0.00563,0.00255,
1540589442221646080,-0.49861,16.28712,-0.32127,0.59273,-0.80512,-0.02138,-0.00087,-0.00532,0.00462,0.00076,
1540589442321987072,-0.49852,16.28745,-0.32153,0.59264,-0.80516,-0.02217,-0.00099,-0.00602,0.00470,0.00108,
1540589442423531520,-0.49820,16.28744,-0.32140,0.59261,-0.80521,-0.02140,-0.00078,-0.00646,0.00540,0.00173,
1540589442524705792,-0.49826,16.28710,-0.32134,0.59260,-0.80520,-0.02166,-0.00087,-0.01012,0.00459,0.00079,
1540589442625565184,-0.49880,16.28655,-0.32176,0.59277,-0.80508,-0.02153,-0.00111,-0.01914,-0.00352,-0.01028,
1540589442692883456,-0.50013,16.28612,-0.32198,0.59238,-0.80526,-0.02538,-0.00237,-0.03128,0.01326,0.01471,
1540589442793080064,-0.50069,16.28833,-0.32038,0.59217,-0.80562,-0.01744,-0.00099,-0.00764,0.01774,0.01797,
1540589442895615488,-0.50177,16.28825,-0.32084,0.59210,-0.80560,-0.02046,-0.00200,-0.02292,-0.00459,-0.00984,
1540589442994179840,-0.50195,16.28700,-0.32184,0.59240,-0.80536,-0.02113,-0.00234,0.00062,-0.00438,-0.00909,
1540589443096547328,-0.50149,16.28553,-0.32290,0.59276,-0.80503,-0.02369,-0.00294,-0.00689,-0.00639,-0.01000,
1540589443196612864,-0.50146,16.28452,-0.32371,0.59294,-0.80473,-0.02868,-0.00413,-0.00651,0.00212,0.00060,
1540589443263000064,-0.50134,16.28407,-0.32399,0.59308,-0.80460,-0.02912,-0.00424,-0.00936,-0.00087,-0.00402,
1540589443363576064,-0.50225,16.28314,-0.32464,0.59319,-0.80442,-0.03156,-0.00516,-0.01717,-0.00337,-0.00516,
1540589443466027008,-0.50317,16.28290,-0.32510,0.59325,-0.80434,-0.03268,-0.00562,-0.01269,0.00149,0.00077,
1540589443565506304,-0.50303,16.28324,-0.32470,0.59332,-0.80441,-0.02942,-0.00480,-0.00133,0.00645,0.00778,
1540589443666352384,-0.50218,16.28311,-0.32439,0.59335,-0.80456,-0.02463,-0.00339,-0.00191,-0.00012,0.00061,
1540589443767326208,-0.50156,16.28266,-0.32422,0.59322,-0.80454,-0.02817,-0.00398,0.00202,0.00708,0.00887,
1540589443834483968,-0.50064,16.28277,-0.32371,0.59314,-0.80461,-0.02797,-0.00368,0.00242,0.00872,0.00990,
1540589443938209792,-0.50026,16.28277,-0.32346,0.59295,-0.80469,-0.02960,-0.00390,-0.00724,0.00014,-0.00030,
1540589444035644160,-0.50043,16.28237,-0.32379,0.59288,-0.80466,-0.03152,-0.00448,-0.01302,0.00087,0.00115,
1540589444137281280,-0.50119,16.28242,-0.32394,0.59293,-0.80464,-0.03100,-0.00451,-0.01813,0.00033,0.00068,
1540589444253519872,-0.50211,16.28219,-0.32435,0.59303,-0.80455,-0.03146,-0.00485,-0.01342,0.00020,0.00189,
1540589444319679744,-0.50198,16.28177,-0.32450,0.59306,-0.80454,-0.03120,-0.00489,-0.01136,-0.00015,0.00142,
1540589444420780544,-0.50227,16.28172,-0.32439,0.59304,-0.80454,-0.03142,-0.00496,-0.00767,0.00344,0.00605,
1540589444520251904,-0.50210,16.28188,-0.32408,0.59294,-0.80464,-0.03077,-0.00478,-0.00930,0.00347,0.00664,
1540589444620915712,-0.50206,16.28224,-0.32373,0.59273,-0.80480,-0.03080,-0.00478,-0.00827,0.00660,0.01154,
1540589444720611584,-0.50196,16.28245,-0.32317,0.59269,-0.80488,-0.02940,-0.00437,-0.00664,0.00222,0.00471,
1540589444787446272,-0.50173,16.28227,-0.32359,0.59252,-0.80497,-0.03030,-0.00463,-0.00784,-0.00343,-0.00192,
1540589444888263424,-0.50196,16.28185,-0.32420,0.59272,-0.80471,-0.03320,-0.00537,-0.00984,-0.00296,-0.00137,
1540589444987168000,-0.50222,16.28137,-0.32445,0.59280,-0.80466,-0.03288,-0.00533,-0.01128,0.00430,0.00691,
1540589445087314176,-0.50260,16.28162,-0.32395,0.59273,-0.80479,-0.03092,-0.00488,-0.01141,0.00816,0.01160,
1540589445187400704,-0.50231,16.28178,-0.32332,0.59273,-0.80488,-0.02881,-0.00433,-0.00510,0.00185,0.00491,
1540589445287764480,-0.50147,16.28122,-0.32346,0.59278,-0.80481,-0.02955,-0.00438,0.00242,-0.00067,0.00209,
1540589445387422720,-0.50043,16.28104,-0.32336,0.59279,-0.80480,-0.02962,-0.00412,0.00027,0.00577,0.00918,
1540589445453608704,-0.49984,16.28106,-0.32315,0.59281,-0.80482,-0.02896,-0.00378,-0.00320,0.00425,0.00721,
1540589445554451200,-0.49980,16.28096,-0.32301,0.59286,-0.80479,-0.02847,-0.00347,-0.00844,-0.00218,0.00047,
1540589445654453504,-0.49978,16.28048,-0.32342,0.59296,-0.80471,-0.02872,-0.00355,-0.01034,-0.00329,0.00060,
1540589445754268416,-0.49970,16.28017,-0.32363,0.59305,-0.80464,-0.02889,-0.00364,-0.00685,-0.00012,0.00421,
1540589445857211392,-0.49974,16.27990,-0.32401,0.59310,-0.80459,-0.02931,-0.00368,-0.00749,-0.00169,0.00314,
1540589445954032640,-0.49983,16.27963,-0.32420,0.59314,-0.80455,-0.02951,-0.00367,-0.00771,-0.00053,0.00455,
1540589446022136832,-0.49978,16.27966,-0.32447,0.59317,-0.80452,-0.02978,-0.00373,-0.00836,0.00061,0.00526,
1540589446124732416,-0.49999,16.27991,-0.32465,0.59312,-0.80454,-0.03021,-0.00388,-0.00916,0.00273,0.00800,
1540589446223518976,-0.50019,16.28004,-0.32436,0.59306,-0.80460,-0.02973,-0.00378,-0.01071,0.00390,0.01005,
1540589446322370816,-0.50034,16.27996,-0.32408,0.59304,-0.80463,-0.02929,-0.00370,-0.00922,0.00163,0.00654,
1540589446422363392,-0.50024,16.27976,-0.32446,0.59302,-0.80460,-0.03047,-0.00390,-0.00524,-0.00118,0.00249,
1540589446523100416,-0.49970,16.27985,-0.32431,0.59307,-0.80457,-0.03038,-0.00363,-0.00190,0.00322,0.00913,
1540589446623187200,-0.49896,16.27991,-0.32410,0.59306,-0.80461,-0.02952,-0.00329,-0.00507,0.00003,0.00514,
1540589446691457024,-0.49867,16.27969,-0.32417,0.59292,-0.80469,-0.03002,-0.00339,-0.00769,0.00312,0.00969,
1540589446791460096,-0.49873,16.28028,-0.32368,0.59289,-0.80478,-0.02820,-0.00288,-0.00889,0.00423,0.01120,
1540589446891590912,-0.49899,16.28039,-0.32381,0.59291,-0.80478,-0.02802,-0.00284,-0.01173,-0.00107,0.00498,
1540589446994423552,-0.49926,16.28028,-0.32410,0.59295,-0.80476,-0.02785,-0.00290,-0.01322,0.00068,0.00706,
1540589447093281536,-0.49973,16.28033,-0.32417,0.59292,-0.80479,-0.02744,-0.00289,-0.01381,0.00138,0.00764,
1540589447195384576,-0.50002,16.28046,-0.32405,0.59291,-0.80482,-0.02670,-0.00276,-0.01166,0.00078,0.00743,
1540589447262179072,-0.49986,16.28034,-0.32420,0.59281,-0.80488,-0.02698,-0.00298,-0.01151,-0.00053,0.00605,
1540589447362027008,-0.50006,16.28035,-0.32417,0.59281,-0.80486,-0.02763,-0.00313,-0.00904,-0.00065,0.00599,
1540589447463213568,-0.50007,16.28027,-0.32429,0.59286,-0.80483,-0.02738,-0.00313,-0.01218,-0.00121,0.00443,
1540589447564507136,-0.50034,16.28029,-0.32428,0.59286,-0.80484,-0.02715,-0.00321,-0.01377,0.00107,0.00820,
1540589447664736512,-0.50072,16.28052,-0.32413,0.59279,-0.80491,-0.02648,-0.00324,-0.01442,0.00127,0.00864,
1540589447765254656,-0.50100,16.28084,-0.32409,0.59270,-0.80500,-0.02585,-0.00325,-0.01241,0.00111,0.00814,
1540589447834104576,-0.50097,16.28094,-0.32418,0.59276,-0.80497,-0.02550,-0.00328,-0.01106,0.00083,0.00755,
1540589447934462720,-0.50140,16.28099,-0.32423,0.59270,-0.80501,-0.02567,-0.00342,-0.01170,0.00252,0.01024,
1540589448034348032,-0.50158,16.28127,-0.32397,0.59276,-0.80500,-0.02434,-0.00320,-0.01468,-0.00047,0.00723,
1540589448136214016,-0.50471,16.27585,-0.31774,0.59140,-0.80599,-0.02453,-0.00432,-0.00346,0.00145,-0.00113,
1540589448237063936,-0.50508,16.27618,-0.31679,0.59118,-0.80617,-0.02391,-0.00434,-0.00664,0.00312,-0.00271,
1540589448337184000,-0.50545,16.27615,-0.31683,0.59117,-0.80617,-0.02401,-0.00451,-0.00594,0.00136,-0.00250,
1540589448403470336,-0.50531,16.27607,-0.31666,0.59116,-0.80618,-0.02404,-0.00451,-0.00376,0.00005,-0.00006,
1540589448506245632,-0.50517,16.27592,-0.31655,0.59109,-0.80622,-0.02435,-0.00460,0.00117,0.00408,0.00126,
1540589448641384704,-0.50495,16.27623,-0.31629,0.59097,-0.80629,-0.02485,-0.00469,-0.00149,0.00299,-0.00069,
1540589448740585216,-0.50511,16.27632,-0.31640,0.59098,-0.80627,-0.02532,-0.00488,-0.00417,-0.00056,-0.00170,
1540589448824102400,-0.50542,16.27611,-0.31643,0.59094,-0.80630,-0.02549,-0.00504,-0.00452,0.00383,0.00075,
1540589448889256192,-0.50543,16.27614,-0.31619,0.59094,-0.80631,-0.02528,-0.00504,-0.00129,0.00106,0.00170,
1540589448989910016,-0.50574,16.27659,-0.31612,0.59088,-0.80636,-0.02512,-0.00501,-0.00082,0.00339,-0.00099,
1540589449089133824,-0.50597,16.27683,-0.31602,0.59086,-0.80638,-0.02471,-0.00514,-0.00123,0.00219,-0.00199,
1540589449190282752,-0.50663,16.27650,-0.31633,0.59092,-0.80633,-0.02497,-0.00543,-0.00437,-0.00060,-0.00321,
1540589449289312000,-0.50677,16.27633,-0.31661,0.59096,-0.80628,-0.02544,-0.00563,-0.00327,0.00233,-0.00112,
1540589449356504064,-0.50651,16.27621,-0.31666,0.59103,-0.80622,-0.02571,-0.00564,0.00085,0.00031,-0.00099,
1540589449456839936,-0.50680,16.27616,-0.31686,0.59107,-0.80620,-0.02562,-0.00569,-0.00209,0.00222,-0.00125,
1540589449567560960,-0.50660,16.27609,-0.31648,0.59103,-0.80623,-0.02536,-0.00558,0.00114,0.00135,0.00202,
1540589449656173056,-0.50594,16.27624,-0.31634,0.59099,-0.80626,-0.02555,-0.00549,0.00601,0.00235,-0.00297,
1540589449758038528,-0.50578,16.27619,-0.31640,0.59094,-0.80627,-0.02612,-0.00561,0.00185,0.00341,0.00071,
1540589449852452096,-0.50569,16.27638,-0.31609,0.59086,-0.80634,-0.02583,-0.00549,0.00137,0.00732,0.00478,
1540589449933069824,-0.50581,16.27652,-0.31605,0.59080,-0.80640,-0.02534,-0.00537,0.00041,0.00135,0.00179,
1540589450023118336,-0.50581,16.27654,-0.31611,0.59082,-0.80639,-0.02537,-0.00532,0.00597,0.00341,0.00149,
1540589450123341312,-0.50540,16.27666,-0.31606,0.59085,-0.80639,-0.02460,-0.00501,0.00797,0.00295,0.00028,
1540589450224425984,-0.50498,16.27652,-0.31618,0.59089,-0.80637,-0.02451,-0.00481,0.00641,0.00142,-0.00100,
1540589450324562432,-0.50475,16.27639,-0.31637,0.59096,-0.80632,-0.02443,-0.00461,0.00230,0.00156,0.00032,
1540589450425019392,-0.50479,16.27648,-0.31650,0.59097,-0.80633,-0.02391,-0.00442,0.00148,0.00341,0.00100,
1540589450524212736,-0.50467,16.27627,-0.31661,0.59098,-0.80633,-0.02360,-0.00424,0.00136,0.00087,-0.00209,
1540589450623320064,-0.50433,16.27664,-0.31664,0.59096,-0.80635,-0.02361,-0.00406,0.00367,0.00454,0.00213,
1540589450690117376,-0.50395,16.27694,-0.31645,0.59089,-0.80642,-0.02279,-0.00375,0.00284,0.00797,0.00043,
1540589450793057792,-0.50332,16.27712,-0.31634,0.59081,-0.80647,-0.02299,-0.00363,0.00587,0.00066,0.00140,
1540589450892730112,-0.50279,16.27711,-0.31605,0.59077,-0.80651,-0.02264,-0.00333,0.00467,0.00465,0.00415,
