#
# A fatal error has been detected by the Java Runtime Environment:
#
#  Internal Error (os_windows_x86.cpp:114), pid=2064, tid=1592
#  Error: guarantee(result == -1,"Unexpected result from topLevelExceptionFilter")
#
# JRE version: 6.0_17-b04
# Java VM: Java HotSpot(TM) 64-Bit Server VM (14.3-b01 mixed mode windows-amd64 )
# If you would like to submit a bug report, please visit:
#   http://java.sun.com/webapps/bugreport/crash.jsp
# The crash happened outside the Java Virtual Machine in native code.
# See problematic frame for where to report the bug.
#

---------------  T H R E A D  ---------------

Current thread (0x0000000005b1f000):  JavaThread "main" [_thread_in_native, id=1592, stack(0x0000000000100000,0x0000000004100000)]

Stack: [0x0000000000100000,0x0000000004100000]
[error occurred during error reporting (printing stack bounds), id 0xc0000005]

Java frames: (J=compiled Java code, j=interpreted, Vv=VM code)
j  com.mathworks.jmi.NativeMatlab.ProcessPendingEvents()Z+0
j  com.mathworks.jmi.NativeMatlab.processPendingEvents()Z+8
j  com.mathworks.jmi.Matlab$ProcessPendingEvents.callBooleanMethod(Ljava/lang/Object;)Z+0
j  com.mathworks.util.FactoryUtils.processPendingEvents()Z+12
j  com.mathworks.mde.desk.MLDesktop.canClose()Z+84
j  com.mathworks.mde.desk.MLDesktop$2.call()Ljava/lang/Boolean;+4
j  com.mathworks.mde.desk.MLDesktop$2.call()Ljava/lang/Object;+1
j  com.mathworks.jmi.Matlab.isOkToExit()Z+54
v  ~StubRoutines::call_stub
j  com.mathworks.jmi.NativeMatlab.SendMatlabMessage(Ljava/lang/Object;)Ljava/lang/Object;+0
j  com.mathworks.jmi.NativeMatlab.sendMatlabMessage(Ljava/lang/Object;)Ljava/lang/Object;+22
j  com.mathworks.jmi.MatlabLooper.sendMatlabMessage(Lcom/mathworks/services/message/MWMessage;)Ljava/lang/Object;+20
j  com.mathworks.jmi.Matlab.mtFevalConsoleOutput(Ljava/lang/String;[Ljava/lang/Object;I)Ljava/lang/Object;+58
j  com.mathworks.mde.desk.MLDesktop$8.run()V+14
j  com.mathworks.jmi.NativeMatlab.dispatchMTRequests(Z)V+57
v  ~StubRoutines::call_stub

---------------  P R O C E S S  ---------------

Java Threads: ( => current thread )
  0x000000006691e800 JavaThread "Timer-806" [_thread_blocked, id=4300, stack(0x0000000017850000,0x00000000178d0000)]
  0x000000006691d000 JavaThread "pool-7-thread-1" [_thread_blocked, id=2916, stack(0x0000000017bb0000,0x0000000017c30000)]
  0x000000006691b800 JavaThread "Code Analyzer updating thread" [_thread_blocked, id=6640, stack(0x000000000fec0000,0x000000000ff40000)]
  0x000000005ea89000 JavaThread "Code Analyzer updating thread" [_thread_blocked, id=5580, stack(0x0000000017790000,0x0000000017810000)]
  0x000000005ea8a000 JavaThread "Active Reference Queue Daemon" daemon [_thread_blocked, id=4924, stack(0x0000000019ab0000,0x0000000019b30000)]
  0x000000005ea84000 JavaThread "Timer-126" daemon [_thread_blocked, id=2168, stack(0x00000000198c0000,0x0000000019940000)]
  0x000000005ea82000 JavaThread "Prefs Updater" daemon [_thread_blocked, id=3012, stack(0x00000000196f0000,0x0000000019770000)]
  0x000000005ea86800 JavaThread "Swing-Shell" daemon [_thread_blocked, id=5812, stack(0x00000000192f0000,0x0000000019370000)]
  0x000000005ea87000 JavaThread "Timer-8" daemon [_thread_blocked, id=5888, stack(0x000000002d4e0000,0x000000002d560000)]
  0x000000005ea85800 JavaThread "Explorer NavigationContext request queue" [_thread_blocked, id=4560, stack(0x0000000029450000,0x00000000294d0000)]
  0x000000005ea83800 JavaThread "AddressBar directory emptiness poller" [_thread_blocked, id=3404, stack(0x0000000019080000,0x0000000019100000)]
  0x000000005ea82800 JavaThread "Explorer Refresh Service 657726993" [_thread_blocked, id=5308, stack(0x0000000010fb0000,0x0000000011030000)]
  0x000000005ea81000 JavaThread "Timer-1" daemon [_thread_blocked, id=6076, stack(0x000000000fdc0000,0x000000000fe40000)]
  0x000000005ea80800 JavaThread "TimerQueue" daemon [_thread_blocked, id=5496, stack(0x000000000f040000,0x000000000f0c0000)]
  0x000000005ea80000 JavaThread "Thread-5" daemon [_thread_blocked, id=6324, stack(0x000000000f990000,0x000000000fa10000)]
  0x000000005ea7f000 JavaThread "AWT-EventQueue-0" [_thread_in_native, id=2816, stack(0x000000000f670000,0x000000000f6f0000)]
  0x000000005ea7e800 JavaThread "AWT-Shutdown" [_thread_blocked, id=3312, stack(0x000000000f110000,0x000000000f190000)]
  0x000000005ea7d800 JavaThread "FelixPackageAdmin" daemon [_thread_blocked, id=5600, stack(0x000000000f8b0000,0x000000000f930000)]
  0x000000005ea7d000 JavaThread "FelixStartLevel" daemon [_thread_blocked, id=3048, stack(0x000000000f4e0000,0x000000000f560000)]
  0x000000005e864000 JavaThread "FelixDispatchQueue" daemon [_thread_blocked, id=6716, stack(0x000000000f730000,0x000000000f7b0000)]
  0x000000005e67d800 JavaThread "com.google.common.base.internal.Finalizer" daemon [_thread_blocked, id=3888, stack(0x000000000f590000,0x000000000f610000)]
  0x000000005e655800 JavaThread "AWT-Windows" daemon [_thread_in_native, id=4344, stack(0x000000000f290000,0x000000000f310000)]
  0x000000005e654800 JavaThread "Java2D Disposer" daemon [_thread_blocked, id=2376, stack(0x000000000ef10000,0x000000000ef90000)]
  0x000000000eb6a800 JavaThread "Timer-0" [_thread_blocked, id=596, stack(0x000000000efc0000,0x000000000f040000)]
  0x000000000e13f800 JavaThread "EventMgr Dispatcher" daemon [_thread_in_native, id=2068, stack(0x0000000008750000,0x000000000c750000)]
  0x000000000e067000 JavaThread "Low Memory Detector" daemon [_thread_blocked, id=4448, stack(0x000000000d410000,0x000000000d490000)]
  0x000000000e062800 JavaThread "CompilerThread1" daemon [_thread_blocked, id=1936, stack(0x00000000840f0000,0x00000000880f0000)]
  0x000000000e04a000 JavaThread "CompilerThread0" daemon [_thread_blocked, id=5504, stack(0x0000000080000000,0x0000000084000000)]
  0x000000000e048800 JavaThread "Attach Listener" daemon [_thread_blocked, id=2884, stack(0x000000000e200000,0x000000000e280000)]
  0x000000000dfea800 JavaThread "Finalizer" daemon [_thread_blocked, id=3872, stack(0x000000000cde0000,0x000000000ce60000)]
  0x000000000dfe4000 JavaThread "Reference Handler" daemon [_thread_blocked, id=5048, stack(0x000000000d4c0000,0x000000000d540000)]
=>0x0000000005b1f000 JavaThread "main" [_thread_in_native, id=1592, stack(0x0000000000100000,0x0000000004100000)]

Other Threads:
  0x000000000dfe1000 VMThread [stack: 0x0000000067e10000,0x000000006be10000] [id=5256]
  0x000000000e083800 WatcherThread [stack: 0x0000000088270000,0x000000008c270000] [id=7060]

VM state:not at safepoint (normal execution)

VM Mutex/Monitor currently owned by a thread: None

Heap
 PSYoungGen      total 15104K, used 2557K [0x0000000049a40000, 0x000000004aa70000, 0x000000004cb40000)
  eden space 14144K, 11% used [0x0000000049a40000,0x0000000049bcf6c0,0x000000004a810000)
  from space 960K, 100% used [0x000000004a850000,0x000000004a940000,0x000000004a940000)
  to   space 1216K, 0% used [0x000000004a940000,0x000000004a940000,0x000000004aa70000)
 PSOldGen        total 81600K, used 74492K [0x0000000040740000, 0x00000000456f0000, 0x0000000049a40000)
  object space 81600K, 91% used [0x0000000040740000,0x0000000044fff030,0x00000000456f0000)
 PSPermGen       total 101760K, used 77108K [0x0000000038740000, 0x000000003eaa0000, 0x0000000040740000)
  object space 101760K, 75% used [0x0000000038740000,0x000000003d28d380,0x000000003eaa0000)

Dynamic libraries:
0x000000013fdb0000 - 0x000000013fddd000 	\\etas333-00.git.ualr.edu\matlab\R2012b-64\bin\win64\MATLAB.exe
0x0000000076e00000 - 0x0000000076fa9000 	C:\Windows\SYSTEM32\ntdll.dll
0x0000000076ce0000 - 0x0000000076dff000 	C:\Windows\system32\kernel32.dll
0x000007fefcde0000 - 0x000007fefce4b000 	C:\Windows\system32\KERNELBASE.dll
0x0000000074460000 - 0x000000007451f000 	\\etas333-00.git.ualr.edu\matlab\R2012b-64\bin\win64\libut.dll
0x00000000758a0000 - 0x000000007595c000 	\\etas333-00.git.ualr.edu\matlab\R2012b-64\bin\win64\libmwi18n.dll
0x0000000180000000 - 0x000000018000b000 	\\etas333-00.git.ualr.edu\matlab\R2012b-64\bin\win64\libmwresource_core.dll
0x0000000067b90000 - 0x0000000067c63000 	C:\Windows\WinSxS\amd64_microsoft.vc90.crt_1fc8b3b9a1e18e3b_9.0.30729.6161_none_08e61857a83bc251\MSVCP90.dll
0x0000000067ca0000 - 0x0000000067d43000 	C:\Windows\WinSxS\amd64_microsoft.vc90.crt_1fc8b3b9a1e18e3b_9.0.30729.6161_none_08e61857a83bc251\MSVCR90.dll
0x000000007a170000 - 0x000000007a19c000 	\\etas333-00.git.ualr.edu\matlab\R2012b-64\bin\win64\boost_filesystem-vc90-mt-1_44.dll
0x000000007a560000 - 0x000000007a569000 	\\etas333-00.git.ualr.edu\matlab\R2012b-64\bin\win64\boost_system-vc90-mt-1_44.dll
0x000007fefdf20000 - 0x000007fefdffb000 	C:\Windows\system32\ADVAPI32.dll
0x000007fefea60000 - 0x000007fefeaff000 	C:\Windows\system32\msvcrt.dll
0x000007fefdf00000 - 0x000007fefdf1f000 	C:\Windows\SYSTEM32\sechost.dll
0x000007fefef30000 - 0x000007feff05d000 	C:\Windows\system32\RPCRT4.dll
0x000000007a010000 - 0x000000007a035000 	\\etas333-00.git.ualr.edu\matlab\R2012b-64\bin\win64\LIBEXPAT.dll
0x0000000061790000 - 0x0000000061981000 	\\etas333-00.git.ualr.edu\matlab\R2012b-64\bin\win64\icuin44.dll
0x0000000061610000 - 0x0000000061781000 	\\etas333-00.git.ualr.edu\matlab\R2012b-64\bin\win64\icuuc44.dll
0x0000000010000000 - 0x0000000010e41000 	\\etas333-00.git.ualr.edu\matlab\R2012b-64\bin\win64\icudt44.dll
0x0000000073f70000 - 0x000000007411d000 	\\etas333-00.git.ualr.edu\matlab\R2012b-64\bin\win64\libmwfl.dll
0x00000000043c0000 - 0x0000000004776000 	\\etas333-00.git.ualr.edu\matlab\R2012b-64\bin\win64\libmwMATLAB_res.dll
0x000000007a3b0000 - 0x000000007a3c0000 	\\etas333-00.git.ualr.edu\matlab\R2012b-64\bin\win64\boost_date_time-vc90-mt-1_44.dll
0x000000007a250000 - 0x000000007a263000 	\\etas333-00.git.ualr.edu\matlab\R2012b-64\bin\win64\boost_signals-vc90-mt-1_44.dll
0x000000007a2d0000 - 0x000000007a2e2000 	\\etas333-00.git.ualr.edu\matlab\R2012b-64\bin\win64\boost_thread-vc90-mt-1_44.dll
0x0000000004190000 - 0x000000000424d000 	\\etas333-00.git.ualr.edu\matlab\R2012b-64\bin\win64\boost_log-vc90-mt-1_44.dll
0x0000000076fd0000 - 0x0000000076fd7000 	C:\Windows\system32\PSAPI.DLL
0x000007fefd010000 - 0x000007fefd05d000 	C:\Windows\system32\WS2_32.dll
0x000007feff100000 - 0x000007feff108000 	C:\Windows\system32\NSI.dll
0x0000000004260000 - 0x00000000042a6000 	\\etas333-00.git.ualr.edu\matlab\R2012b-64\bin\win64\tbb.dll
0x000007fefe240000 - 0x000007fefe259000 	C:\Windows\system32\imagehlp.dll
0x00000000737b0000 - 0x00000000737c3000 	\\etas333-00.git.ualr.edu\matlab\R2012b-64\bin\win64\icuio44.dll
0x000007fef7680000 - 0x000007fef77a5000 	C:\Windows\system32\dbghelp.dll
0x0000000076be0000 - 0x0000000076cda000 	C:\Windows\system32\USER32.dll
0x000007fefe9e0000 - 0x000007fefea47000 	C:\Windows\system32\GDI32.dll
0x000007fefea50000 - 0x000007fefea5e000 	C:\Windows\system32\LPK.dll
0x000007fefedc0000 - 0x000007fefee89000 	C:\Windows\system32\USP10.dll
0x0000000004790000 - 0x0000000004a6c000 	\\etas333-00.git.ualr.edu\matlab\R2012b-64\bin\win64\libmwservices.dll
0x0000000075a20000 - 0x0000000075af3000 	\\etas333-00.git.ualr.edu\matlab\R2012b-64\bin\win64\libmx.dll
0x0000000004a90000 - 0x0000000004ab9000 	\\etas333-00.git.ualr.edu\matlab\R2012b-64\bin\win64\tbbmalloc.dll
0x000000007a210000 - 0x000000007a228000 	\\etas333-00.git.ualr.edu\matlab\R2012b-64\bin\win64\zlib1.dll
0x0000000004ae0000 - 0x0000000004b2d000 	\\etas333-00.git.ualr.edu\matlab\R2012b-64\bin\win64\libmwregexp.dll
0x0000000004b40000 - 0x0000000004b63000 	\\etas333-00.git.ualr.edu\matlab\R2012b-64\bin\win64\libmwmfl_scalar.dll
0x0000000075f10000 - 0x0000000075f60000 	\\etas333-00.git.ualr.edu\matlab\R2012b-64\bin\win64\mpath.dll
0x000000007b680000 - 0x000000007bc9a000 	\\etas333-00.git.ualr.edu\matlab\R2012b-64\bin\win64\mlutil.dll
0x00000000754d0000 - 0x0000000075551000 	\\etas333-00.git.ualr.edu\matlab\R2012b-64\bin\win64\xmlcore.dll
0x0000000004bb0000 - 0x0000000004e03000 	\\etas333-00.git.ualr.edu\matlab\R2012b-64\bin\win64\xerces-c_2_7.dll
0x0000000004e20000 - 0x0000000004e40000 	\\etas333-00.git.ualr.edu\matlab\R2012b-64\bin\win64\libmwMATLAB_settings_res.dll
0x0000000004e50000 - 0x0000000004e60000 	\\etas333-00.git.ualr.edu\matlab\R2012b-64\bin\win64\boost_iostreams-vc90-mt-1_44.dll
0x0000000004e70000 - 0x0000000004eb7000 	\\etas333-00.git.ualr.edu\matlab\R2012b-64\bin\win64\boost_serialization-vc90-mt-1_44.dll
0x000007fefd170000 - 0x000007fefdef8000 	C:\Windows\system32\SHELL32.dll
0x000007fefeb00000 - 0x000007fefeb71000 	C:\Windows\system32\SHLWAPI.dll
0x000007fef2c70000 - 0x000007fef2d10000 	C:\Windows\WinSxS\amd64_microsoft.windows.common-controls_6595b64144ccf1df_5.82.7601.18201_none_a4d3b9377117c3df\COMCTL32.dll
0x000007feff060000 - 0x000007feff0f7000 	C:\Windows\system32\COMDLG32.dll
0x000007fefa650000 - 0x000007fefa666000 	C:\Windows\system32\NETAPI32.dll
0x000007fefa640000 - 0x000007fefa64c000 	C:\Windows\system32\netutils.dll
0x000007fefc720000 - 0x000007fefc743000 	C:\Windows\system32\srvcli.dll
0x000007fefa620000 - 0x000007fefa635000 	C:\Windows\system32\wkscli.dll
0x000007fefe670000 - 0x000007fefe873000 	C:\Windows\system32\ole32.dll
0x000007fefe590000 - 0x000007fefe667000 	C:\Windows\system32\OLEAUT32.dll
0x0000000074970000 - 0x0000000074a31000 	\\etas333-00.git.ualr.edu\matlab\R2012b-64\bin\win64\mcr.dll
0x0000000075000000 - 0x00000000753e9000 	\\etas333-00.git.ualr.edu\matlab\R2012b-64\bin\win64\iqm.dll
0x0000000074e80000 - 0x0000000074f38000 	\\etas333-00.git.ualr.edu\matlab\R2012b-64\bin\win64\m_dispatcher.dll
0x0000000074880000 - 0x000000007496d000 	\\etas333-00.git.ualr.edu\matlab\R2012b-64\bin\win64\boost_regex-vc90-mt-1_44.dll
0x000007feeaf70000 - 0x000007feeb7e1000 	\\etas333-00.git.ualr.edu\matlab\R2012b-64\bin\win64\m_interpreter.dll
0x0000000072740000 - 0x0000000072767000 	\\etas333-00.git.ualr.edu\matlab\R2012b-64\bin\win64\libmex.dll
0x0000000072110000 - 0x0000000072194000 	\\etas333-00.git.ualr.edu\matlab\R2012b-64\bin\win64\profiler.dll
0x0000000004f40000 - 0x00000000051aa000 	\\etas333-00.git.ualr.edu\matlab\R2012b-64\bin\win64\libmwmathutil.dll
0x0000000079f40000 - 0x0000000079f6e000 	\\etas333-00.git.ualr.edu\matlab\R2012b-64\bin\win64\libmwmathrng.dll
0x00000000051d0000 - 0x00000000051e2000 	\\etas333-00.git.ualr.edu\matlab\R2012b-64\bin\win64\libmwmfl_rng.dll
0x0000000074c10000 - 0x0000000074cee000 	\\etas333-00.git.ualr.edu\matlab\R2012b-64\bin\win64\libmwmathcore.dll
0x0000000076160000 - 0x00000000761ca000 	\\etas333-00.git.ualr.edu\matlab\R2012b-64\bin\win64\libmwspmatrix.dll
0x0000000075ea0000 - 0x0000000075f02000 	\\etas333-00.git.ualr.edu\matlab\R2012b-64\bin\win64\libmwcholmod.dll
0x000000007a460000 - 0x000000007a46d000 	\\etas333-00.git.ualr.edu\matlab\R2012b-64\bin\win64\libmwamd.dll
0x000000007a4b0000 - 0x000000007a4bc000 	\\etas333-00.git.ualr.edu\matlab\R2012b-64\bin\win64\libmwcolamd.dll
0x000000007a290000 - 0x000000007a2a9000 	\\etas333-00.git.ualr.edu\matlab\R2012b-64\bin\win64\libmwblas.dll
0x000000007a310000 - 0x000000007a321000 	\\etas333-00.git.ualr.edu\matlab\R2012b-64\bin\win64\libmwbinder.dll
0x000000007a4d0000 - 0x000000007a4dc000 	\\etas333-00.git.ualr.edu\matlab\R2012b-64\bin\win64\libmwompwrapper.dll
0x0000000005280000 - 0x0000000005305000 	\\etas333-00.git.ualr.edu\matlab\R2012b-64\bin\win64\libmwlapack.dll
0x00000000725a0000 - 0x00000000725c1000 	\\etas333-00.git.ualr.edu\matlab\R2012b-64\bin\win64\m_pcodeio.dll
0x0000000079b10000 - 0x0000000079b77000 	\\etas333-00.git.ualr.edu\matlab\R2012b-64\bin\win64\m_ir.dll
0x0000000060fa0000 - 0x0000000061610000 	\\etas333-00.git.ualr.edu\matlab\R2012b-64\bin\win64\m_parser.dll
0x0000000073790000 - 0x00000000737aa000 	\\etas333-00.git.ualr.edu\matlab\R2012b-64\bin\win64\ir_xfmr.dll
0x000007feedcb0000 - 0x000007feedf46000 	\\etas333-00.git.ualr.edu\matlab\R2012b-64\bin\win64\mcos.dll
0x00000000720f0000 - 0x0000000072101000 	\\etas333-00.git.ualr.edu\matlab\R2012b-64\bin\win64\mtok.dll
0x00000000712b0000 - 0x00000000712e1000 	\\etas333-00.git.ualr.edu\matlab\R2012b-64\bin\win64\m_pcodegen.dll
0x0000000079fb0000 - 0x0000000079fe6000 	\\etas333-00.git.ualr.edu\matlab\R2012b-64\bin\win64\libmwbridge.dll
0x0000000067ac0000 - 0x0000000067b88000 	\\etas333-00.git.ualr.edu\matlab\R2012b-64\bin\win64\udd.dll
0x0000000063530000 - 0x0000000063682000 	\\etas333-00.git.ualr.edu\matlab\R2012b-64\bin\win64\libmwgui.dll
0x0000000071fe0000 - 0x0000000071ff7000 	\\etas333-00.git.ualr.edu\matlab\R2012b-64\bin\win64\graphics_util.dll
0x0000000060540000 - 0x0000000060f9f000 	\\etas333-00.git.ualr.edu\matlab\R2012b-64\bin\win64\hg.dll
0x00000000053e0000 - 0x0000000005448000 	\\etas333-00.git.ualr.edu\matlab\R2012b-64\bin\win64\libmat.dll
0x0000000072d30000 - 0x0000000072f44000 	\\etas333-00.git.ualr.edu\matlab\R2012b-64\bin\win64\hdf5dll.dll
0x0000000075710000 - 0x00000000757de000 	\\etas333-00.git.ualr.edu\matlab\R2012b-64\bin\win64\jmi.dll
0x0000000005480000 - 0x000000000548d000 	\\etas333-00.git.ualr.edu\matlab\R2012b-64\bin\win64\nativejava_services.dll
0x000000006f420000 - 0x000000006f466000 	\\etas333-00.git.ualr.edu\matlab\R2012b-64\bin\win64\libmwhardcopy.dll
0x0000000063d20000 - 0x0000000063d83000 	\\etas333-00.git.ualr.edu\matlab\R2012b-64\bin\win64\libuij.dll
0x000000005e100000 - 0x000000005e364000 	\\etas333-00.git.ualr.edu\matlab\R2012b-64\bin\win64\hgdatatypes.dll
0x000000005dfe0000 - 0x000000005e0ff000 	\\etas333-00.git.ualr.edu\matlab\R2012b-64\bin\win64\hgutils.dll
0x0000000060480000 - 0x0000000060540000 	\\etas333-00.git.ualr.edu\matlab\R2012b-64\bin\win64\udd_mi.dll
0x00000000054f0000 - 0x000000000552b000 	\\etas333-00.git.ualr.edu\matlab\R2012b-64\bin\win64\libmwgbtutils.dll
0x0000000005540000 - 0x000000000555b000 	\\etas333-00.git.ualr.edu\matlab\R2012b-64\bin\win64\libmwgbt.dll
0x0000000005570000 - 0x0000000005841000 	\\etas333-00.git.ualr.edu\matlab\R2012b-64\bin\win64\uiw.dll
0x0000000005860000 - 0x000000000586f000 	\\etas333-00.git.ualr.edu\matlab\R2012b-64\bin\win64\uinone.dll
0x0000000005880000 - 0x00000000058a9000 	\\etas333-00.git.ualr.edu\matlab\R2012b-64\bin\win64\libmwnativefiledialogs.dll
0x00000000058c0000 - 0x00000000058c8000 	\\etas333-00.git.ualr.edu\matlab\R2012b-64\bin\win64\libmwplatform_res.dll
0x000007fef7f70000 - 0x000007fef7f88000 	C:\Windows\system32\MPR.dll
0x000000005daf0000 - 0x000000005dfd4000 	C:\Windows\WinSxS\amd64_microsoft.vc90.mfc_1fc8b3b9a1e18e3b_9.0.30729.6161_none_044aad0bab1eb146\mfc90.dll
0x000007fef7420000 - 0x000007fef7427000 	C:\Windows\system32\MSIMG32.dll
0x000007fef85a0000 - 0x000007fef8611000 	C:\Windows\system32\WINSPOOL.DRV
0x0000000071230000 - 0x0000000071252000 	\\etas333-00.git.ualr.edu\matlab\R2012b-64\bin\win64\mwoles05.DLL
0x000000005da70000 - 0x000000005daed000 	\\etas333-00.git.ualr.edu\matlab\R2012b-64\bin\win64\comcli.dll
0x000000006f3f0000 - 0x000000006f41f000 	C:\Windows\WinSxS\amd64_microsoft.vc90.atl_1fc8b3b9a1e18e3b_9.0.30729.6161_none_0a1fd3a3a768b895\ATL90.DLL
0x0000000005900000 - 0x000000000590c000 	\\etas333-00.git.ualr.edu\matlab\R2012b-64\bin\win64\mlautoregister.dll
0x000007fefcfe0000 - 0x000007fefd00e000 	C:\Windows\system32\IMM32.DLL
0x000007fefd060000 - 0x000007fefd169000 	C:\Windows\system32\MSCTF.dll
0x000007fefb1d0000 - 0x000007fefb226000 	C:\Windows\system32\UxTheme.dll
0x000007fefae00000 - 0x000007fefae18000 	C:\Windows\system32\dwmapi.dll
0x0000000073f20000 - 0x0000000073f2d000 	C:\Windows\WinSxS\amd64_microsoft.vc90.mfcloc_1fc8b3b9a1e18e3b_9.0.30729.6161_none_01c9581e60cbee58\MFC90ENU.DLL
0x000007fefcbb0000 - 0x000007fefcbbf000 	C:\Windows\system32\profapi.dll
0x0000000005a70000 - 0x0000000005a7f000 	\\etas333-00.git.ualr.edu\matlab\R2012b-64\bin\win64\xmlxrcsc.dll
0x000007fefcae0000 - 0x000007fefcaef000 	C:\Windows\system32\CRYPTBASE.dll
0x000007fefb3d0000 - 0x000007fefb5c4000 	C:\Windows\WinSxS\amd64_microsoft.windows.common-controls_6595b64144ccf1df_6.0.7601.17514_none_fa396087175ac9ac\comctl32.dll
0x000007fefeb80000 - 0x000007fefed57000 	C:\Windows\system32\SETUPAPI.dll
0x000007fefcf90000 - 0x000007fefcfc6000 	C:\Windows\system32\CFGMGR32.dll
0x000007fefcf60000 - 0x000007fefcf7a000 	C:\Windows\system32\DEVOBJ.dll
0x000007fefee90000 - 0x000007fefef29000 	C:\Windows\system32\CLBCatQ.DLL
0x000007fefb230000 - 0x000007fefb35c000 	C:\Windows\system32\propsys.dll
0x000007fefacb0000 - 0x000007fefacdd000 	C:\Windows\system32\ntmarta.dll

VM Arguments:
jvm_args: -Xss512k -XX:PermSize=32m -Xms64m -XX:NewRatio=3 -XX:MaxPermSize=128m -Xmx196m -XX:MaxDirectMemorySize=2147400000 -Dsun.java2d.noddraw=true -Dsun.awt.nopixfmt=true -Xshare:off -Xrs -Dsun.awt.disableMixing=true -Djava.library.path=\\etas333-00.git.ualr.edu\matlab\R2012b-64\bin\win64;\\etas333-00.git.ualr.edu\matlab\R2012b-64\sys\jxbrowser\win64\lib vfprintf abort 
java_command: <unknown>
Launcher Type: generic

Environment Variables:
CLASSPATH=;
PATH=C:\Windows\system32;C:\Windows;C:\Windows\System32\Wbem;C:\Windows\System32\WindowsPowerShell\v1.0\;C:\Program Files (x86)\SoftKinetic\DepthSenseSDK\bin;C:\Program Files\SoftKinetic\DepthSenseSDK\bin;C:\Program Files\Microsoft\Web Platform Installer\;C:\Program Files (x86)\Microsoft ASP.NET\ASP.NET Web Pages\v1.0\;C:\Program Files\Microsoft SQL Server\110\Tools\Binn\;C:\Program Files (x86)\Windows Kits\8.0\Windows Performance Toolkit\;C:\Program Files\OpenNI\Bin64;C:\Program Files (x86)\OpenNI\Bin;C:\Program Files\PrimeSense\NITE\bin64;C:\Program Files (x86)\PrimeSense\NITE\bin
USERNAME=robotics
OS=Windows_NT
PROCESSOR_IDENTIFIER=AMD64 Family 16 Model 2 Stepping 3, AuthenticAMD



---------------  S Y S T E M  ---------------

OS: Windows 7 Build 7601 Service Pack 1

CPU:total 4 (4 cores per cpu, 1 threads per core) family 16 model 2 stepping 3, cmov, cx8, fxsr, mmx, sse, sse2, sse3, mmxext, 3dnow, 3dnowext, sse4a

Memory: 4k page, physical 3931248k(2038464k free), swap 7860632k(4753700k free)

vm_info: Java HotSpot(TM) 64-Bit Server VM (14.3-b01) for windows-amd64 JRE (1.6.0_17-b04), built on Oct 11 2009 00:46:08 by "java_re" with MS VC++ 8.0

time: Mon Aug 18 14:53:19 2014
elapsed time: 5894 seconds

