#
# A fatal error has been detected by the Java Runtime Environment:
#
#  Internal Error (os_windows_x86.cpp:114), pid=8248, tid=4724
#  Error: guarantee(result == -1,"Unexpected result from topLevelExceptionFilter")
#
# JRE version: 6.0_17-b04
# Java VM: Java HotSpot(TM) 64-Bit Server VM (14.3-b01 mixed mode windows-amd64 )
# If you would like to submit a bug report, please visit:
#   http://java.sun.com/webapps/bugreport/crash.jsp
# The crash happened outside the Java Virtual Machine in native code.
# See problematic frame for where to report the bug.
#

---------------  T H R E A D  ---------------

Current thread (0x0000000005c6f000):  JavaThread "main" [_thread_in_native, id=4724, stack(0x0000000000160000,0x0000000004160000)]

Stack: [0x0000000000160000,0x0000000004160000]
[error occurred during error reporting (printing stack bounds), id 0xc0000005]

Java frames: (J=compiled Java code, j=interpreted, Vv=VM code)
j  com.mathworks.jmi.NativeMatlab.ProcessPendingEvents()Z+0
j  com.mathworks.jmi.NativeMatlab.processPendingEvents()Z+8
j  com.mathworks.jmi.Matlab$ProcessPendingEvents.callBooleanMethod(Ljava/lang/Object;)Z+0
j  com.mathworks.util.FactoryUtils.processPendingEvents()Z+12
j  com.mathworks.widgets.desk.Desktop.canClose()Z+38
j  com.mathworks.mde.desk.MLDesktop.canClose()Z+113
j  com.mathworks.mde.desk.MLDesktop$2.call()Ljava/lang/Boolean;+4
j  com.mathworks.mde.desk.MLDesktop$2.call()Ljava/lang/Object;+1
j  com.mathworks.jmi.Matlab.isOkToExit()Z+54
v  ~StubRoutines::call_stub
j  com.mathworks.jmi.NativeMatlab.SendMatlabMessage(Ljava/lang/Object;)Ljava/lang/Object;+0
j  com.mathworks.jmi.NativeMatlab.sendMatlabMessage(Ljava/lang/Object;)Ljava/lang/Object;+22
j  com.mathworks.jmi.MatlabLooper.sendMatlabMessage(Lcom/mathworks/services/message/MWMessage;)Ljava/lang/Object;+20
j  com.mathworks.jmi.Matlab.mtFevalConsoleOutput(Ljava/lang/String;[Ljava/lang/Object;I)Ljava/lang/Object;+58
j  com.mathworks.mde.desk.MLDesktop$8.run()V+14
j  com.mathworks.jmi.NativeMatlab.dispatchMTRequests(Z)V+57
v  ~StubRoutines::call_stub

---------------  P R O C E S S  ---------------

Java Threads: ( => current thread )
  0x000000006173b800 JavaThread "Image Fetcher 0" daemon [_thread_blocked, id=3508, stack(0x0000000017ae0000,0x0000000017b60000)]
  0x0000000061735000 JavaThread "Swing-Shell" daemon [_thread_blocked, id=1332, stack(0x0000000014fd0000,0x0000000015050000)]
  0x0000000061737000 JavaThread "pool-4-thread-1" [_thread_blocked, id=8156, stack(0x0000000017c80000,0x0000000017d00000)]
  0x0000000061732800 JavaThread "Timer-62" [_thread_blocked, id=3424, stack(0x00000000176e0000,0x0000000017760000)]
  0x0000000061735800 JavaThread "Prefs Updater" daemon [_thread_blocked, id=5424, stack(0x0000000031620000,0x00000000316a0000)]
  0x000000006173c000 JavaThread "Code Analyzer updating thread" [_thread_blocked, id=8320, stack(0x0000000050c80000,0x0000000050d00000)]
  0x000000006173a800 JavaThread "Code Analyzer updating thread" [_thread_blocked, id=5280, stack(0x000000005cfe0000,0x000000005d060000)]
  0x000000006173a000 JavaThread "Code Analyzer updating thread" [_thread_blocked, id=4284, stack(0x0000000058e60000,0x0000000058ee0000)]
  0x0000000061739000 JavaThread "Active Reference Queue Daemon" daemon [_thread_blocked, id=2068, stack(0x0000000054da0000,0x0000000054e20000)]
  0x0000000061738800 JavaThread "Timer-8" daemon [_thread_blocked, id=9180, stack(0x000000004cb50000,0x000000004cbd0000)]
  0x0000000061737800 JavaThread "Timer-7" daemon [_thread_blocked, id=6396, stack(0x000000000fd60000,0x000000000fde0000)]
  0x0000000061736800 JavaThread "Explorer NavigationContext request queue" [_thread_blocked, id=7952, stack(0x0000000029430000,0x00000000294b0000)]
  0x0000000061734000 JavaThread "AddressBar directory emptiness poller" [_thread_blocked, id=6620, stack(0x0000000029390000,0x0000000029410000)]
  0x0000000061733800 JavaThread "Explorer Refresh Service 481059370" [_thread_blocked, id=4472, stack(0x00000000252b0000,0x0000000025330000)]
  0x0000000061732000 JavaThread "Timer-1" daemon [_thread_blocked, id=7856, stack(0x0000000019020000,0x00000000190a0000)]
  0x0000000061731000 JavaThread "TimerQueue" daemon [_thread_blocked, id=4316, stack(0x000000000f5b0000,0x000000000f630000)]
  0x0000000061730800 JavaThread "Thread-5" daemon [_thread_blocked, id=7812, stack(0x000000000fa60000,0x000000000fae0000)]
  0x0000000061730000 JavaThread "AWT-EventQueue-0" [_thread_in_native, id=2972, stack(0x000000000f6c0000,0x000000000f740000)]
  0x000000006172f000 JavaThread "AWT-Shutdown" [_thread_blocked, id=4412, stack(0x000000000ef80000,0x000000000f000000)]
  0x000000006172e800 JavaThread "FelixPackageAdmin" daemon [_thread_blocked, id=8172, stack(0x000000000f970000,0x000000000f9f0000)]
  0x0000000061753800 JavaThread "FelixStartLevel" daemon [_thread_blocked, id=7172, stack(0x000000000f7b0000,0x000000000f830000)]
  0x00000000617d7000 JavaThread "FelixDispatchQueue" daemon [_thread_blocked, id=6752, stack(0x000000000f860000,0x000000000f8e0000)]
  0x000000006134a000 JavaThread "com.google.common.base.internal.Finalizer" daemon [_thread_blocked, id=7308, stack(0x000000000f4f0000,0x000000000f570000)]
  0x0000000061352800 JavaThread "AWT-Windows" daemon [_thread_in_native, id=5304, stack(0x000000000f260000,0x000000000f2e0000)]
  0x0000000061351000 JavaThread "Java2D Disposer" daemon [_thread_blocked, id=6724, stack(0x000000000f180000,0x000000000f200000)]
  0x000000000ec24000 JavaThread "Timer-0" [_thread_blocked, id=5656, stack(0x000000000f030000,0x000000000f0b0000)]
  0x000000000e5bb000 JavaThread "EventMgr Dispatcher" daemon [_thread_in_native, id=5824, stack(0x00000000088c0000,0x000000000c8c0000)]
  0x000000000df96800 JavaThread "Low Memory Detector" daemon [_thread_blocked, id=8100, stack(0x000000000e2c0000,0x000000000e340000)]
  0x000000000df8e000 JavaThread "CompilerThread1" daemon [_thread_blocked, id=6332, stack(0x000000006d020000,0x0000000071020000)]
  0x000000000df88000 JavaThread "CompilerThread0" daemon [_thread_blocked, id=2696, stack(0x0000000068f10000,0x000000006cf10000)]
  0x000000000df86800 JavaThread "Attach Listener" daemon [_thread_blocked, id=7396, stack(0x000000000d450000,0x000000000d4d0000)]
  0x000000000df2a800 JavaThread "Finalizer" daemon [_thread_blocked, id=2172, stack(0x000000000e1d0000,0x000000000e250000)]
  0x000000000df24000 JavaThread "Reference Handler" daemon [_thread_blocked, id=7264, stack(0x000000000e130000,0x000000000e1b0000)]
=>0x0000000005c6f000 JavaThread "main" [_thread_in_native, id=4724, stack(0x0000000000160000,0x0000000004160000)]

Other Threads:
  0x000000000df20800 VMThread [stack: 0x000000005d090000,0x0000000061090000] [id=5124]
  0x000000000dfb2000 WatcherThread [stack: 0x0000000080000000,0x0000000084000000] [id=7160]

VM state:not at safepoint (normal execution)

VM Mutex/Monitor currently owned by a thread: None

Heap
 PSYoungGen      total 48640K, used 24455K [0x0000000049980000, 0x000000004ca70000, 0x000000004ca80000)
  eden space 47232K, 49% used [0x0000000049980000,0x000000004b01bad8,0x000000004c7a0000)
  from space 1408K, 92% used [0x000000004c7a0000,0x000000004c8e63e0,0x000000004c900000)
  to   space 1408K, 0% used [0x000000004c910000,0x000000004c910000,0x000000004ca70000)
 PSOldGen        total 99456K, used 87032K [0x0000000040680000, 0x00000000467a0000, 0x0000000049980000)
  object space 99456K, 87% used [0x0000000040680000,0x0000000045b7e108,0x00000000467a0000)
 PSPermGen       total 116352K, used 75488K [0x0000000038680000, 0x000000003f820000, 0x0000000040680000)
  object space 116352K, 64% used [0x0000000038680000,0x000000003d038120,0x000000003f820000)

Dynamic libraries:
0x000000013ff10000 - 0x000000013ff3d000 	\\etas333-00.git.ualr.edu\matlab\R2012b-64\bin\win64\MATLAB.exe
0x0000000077ab0000 - 0x0000000077c59000 	C:\Windows\SYSTEM32\ntdll.dll
0x0000000077990000 - 0x0000000077aaf000 	C:\Windows\system32\kernel32.dll
0x000007fefdab0000 - 0x000007fefdb1b000 	C:\Windows\system32\KERNELBASE.dll
0x0000000074460000 - 0x000000007451f000 	\\etas333-00.git.ualr.edu\matlab\R2012b-64\bin\win64\libut.dll
0x00000000758a0000 - 0x000000007595c000 	\\etas333-00.git.ualr.edu\matlab\R2012b-64\bin\win64\libmwi18n.dll
0x0000000180000000 - 0x000000018000b000 	\\etas333-00.git.ualr.edu\matlab\R2012b-64\bin\win64\libmwresource_core.dll
0x0000000068d30000 - 0x0000000068e03000 	C:\Windows\WinSxS\amd64_microsoft.vc90.crt_1fc8b3b9a1e18e3b_9.0.30729.6161_none_08e61857a83bc251\MSVCP90.dll
0x0000000068e40000 - 0x0000000068ee3000 	C:\Windows\WinSxS\amd64_microsoft.vc90.crt_1fc8b3b9a1e18e3b_9.0.30729.6161_none_08e61857a83bc251\MSVCR90.dll
0x000000007a170000 - 0x000000007a19c000 	\\etas333-00.git.ualr.edu\matlab\R2012b-64\bin\win64\boost_filesystem-vc90-mt-1_44.dll
0x000000007a560000 - 0x000000007a569000 	\\etas333-00.git.ualr.edu\matlab\R2012b-64\bin\win64\boost_system-vc90-mt-1_44.dll
0x000007feffce0000 - 0x000007feffdbb000 	C:\Windows\system32\ADVAPI32.dll
0x000007feff990000 - 0x000007feffa2f000 	C:\Windows\system32\msvcrt.dll
0x000007feff290000 - 0x000007feff2af000 	C:\Windows\SYSTEM32\sechost.dll
0x000007feff0f0000 - 0x000007feff21d000 	C:\Windows\system32\RPCRT4.dll
0x000000007a010000 - 0x000000007a035000 	\\etas333-00.git.ualr.edu\matlab\R2012b-64\bin\win64\LIBEXPAT.dll
0x0000000068b30000 - 0x0000000068d21000 	\\etas333-00.git.ualr.edu\matlab\R2012b-64\bin\win64\icuin44.dll
0x00000000689b0000 - 0x0000000068b21000 	\\etas333-00.git.ualr.edu\matlab\R2012b-64\bin\win64\icuuc44.dll
0x0000000010000000 - 0x0000000010e41000 	\\etas333-00.git.ualr.edu\matlab\R2012b-64\bin\win64\icudt44.dll
0x0000000073f70000 - 0x000000007411d000 	\\etas333-00.git.ualr.edu\matlab\R2012b-64\bin\win64\libmwfl.dll
0x0000000004270000 - 0x0000000004626000 	\\etas333-00.git.ualr.edu\matlab\R2012b-64\bin\win64\libmwMATLAB_res.dll
0x000000007a3b0000 - 0x000000007a3c0000 	\\etas333-00.git.ualr.edu\matlab\R2012b-64\bin\win64\boost_date_time-vc90-mt-1_44.dll
0x000000007a250000 - 0x000000007a263000 	\\etas333-00.git.ualr.edu\matlab\R2012b-64\bin\win64\boost_signals-vc90-mt-1_44.dll
0x000000007a2d0000 - 0x000000007a2e2000 	\\etas333-00.git.ualr.edu\matlab\R2012b-64\bin\win64\boost_thread-vc90-mt-1_44.dll
0x0000000004650000 - 0x000000000470d000 	\\etas333-00.git.ualr.edu\matlab\R2012b-64\bin\win64\boost_log-vc90-mt-1_44.dll
0x0000000077c80000 - 0x0000000077c87000 	C:\Windows\system32\PSAPI.DLL
0x000007feff5a0000 - 0x000007feff5ed000 	C:\Windows\system32\WS2_32.dll
0x000007feff670000 - 0x000007feff678000 	C:\Windows\system32\NSI.dll
0x0000000004720000 - 0x0000000004766000 	\\etas333-00.git.ualr.edu\matlab\R2012b-64\bin\win64\tbb.dll
0x000007feff680000 - 0x000007feff699000 	C:\Windows\system32\imagehlp.dll
0x0000000073610000 - 0x0000000073623000 	\\etas333-00.git.ualr.edu\matlab\R2012b-64\bin\win64\icuio44.dll
0x000007fef3e20000 - 0x000007fef3f45000 	C:\Windows\system32\dbghelp.dll
0x0000000077890000 - 0x000000007798a000 	C:\Windows\system32\USER32.dll
0x000007feff220000 - 0x000007feff287000 	C:\Windows\system32\GDI32.dll
0x000007feff560000 - 0x000007feff56e000 	C:\Windows\system32\LPK.dll
0x000007feffa30000 - 0x000007feffaf9000 	C:\Windows\system32\USP10.dll
0x0000000004790000 - 0x0000000004a6c000 	\\etas333-00.git.ualr.edu\matlab\R2012b-64\bin\win64\libmwservices.dll
0x0000000075a20000 - 0x0000000075af3000 	\\etas333-00.git.ualr.edu\matlab\R2012b-64\bin\win64\libmx.dll
0x0000000004a90000 - 0x0000000004ab9000 	\\etas333-00.git.ualr.edu\matlab\R2012b-64\bin\win64\tbbmalloc.dll
0x000000007a210000 - 0x000000007a228000 	\\etas333-00.git.ualr.edu\matlab\R2012b-64\bin\win64\zlib1.dll
0x0000000004ae0000 - 0x0000000004b2d000 	\\etas333-00.git.ualr.edu\matlab\R2012b-64\bin\win64\libmwregexp.dll
0x0000000004b40000 - 0x0000000004b63000 	\\etas333-00.git.ualr.edu\matlab\R2012b-64\bin\win64\libmwmfl_scalar.dll
0x0000000075f10000 - 0x0000000075f60000 	\\etas333-00.git.ualr.edu\matlab\R2012b-64\bin\win64\mpath.dll
0x000000007b680000 - 0x000000007bc9a000 	\\etas333-00.git.ualr.edu\matlab\R2012b-64\bin\win64\mlutil.dll
0x00000000754d0000 - 0x0000000075551000 	\\etas333-00.git.ualr.edu\matlab\R2012b-64\bin\win64\xmlcore.dll
0x0000000004bb0000 - 0x0000000004e03000 	\\etas333-00.git.ualr.edu\matlab\R2012b-64\bin\win64\xerces-c_2_7.dll
0x0000000004e20000 - 0x0000000004e40000 	\\etas333-00.git.ualr.edu\matlab\R2012b-64\bin\win64\libmwMATLAB_settings_res.dll
0x0000000004e50000 - 0x0000000004e60000 	\\etas333-00.git.ualr.edu\matlab\R2012b-64\bin\win64\boost_iostreams-vc90-mt-1_44.dll
0x0000000004e70000 - 0x0000000004eb7000 	\\etas333-00.git.ualr.edu\matlab\R2012b-64\bin\win64\boost_serialization-vc90-mt-1_44.dll
0x000007fefdd30000 - 0x000007fefeab8000 	C:\Windows\system32\SHELL32.dll
0x000007feff5f0000 - 0x000007feff661000 	C:\Windows\system32\SHLWAPI.dll
0x000007fef3870000 - 0x000007fef3910000 	C:\Windows\WinSxS\amd64_microsoft.windows.common-controls_6595b64144ccf1df_5.82.7601.18201_none_a4d3b9377117c3df\COMCTL32.dll
0x000007feff050000 - 0x000007feff0e7000 	C:\Windows\system32\COMDLG32.dll
0x000007fefaf00000 - 0x000007fefaf16000 	C:\Windows\system32\NETAPI32.dll
0x000007fefaef0000 - 0x000007fefaefc000 	C:\Windows\system32\netutils.dll
0x000007fefd390000 - 0x000007fefd3b3000 	C:\Windows\system32\srvcli.dll
0x000007fefaed0000 - 0x000007fefaee5000 	C:\Windows\system32\wkscli.dll
0x000007feff780000 - 0x000007feff983000 	C:\Windows\system32\ole32.dll
0x000007feff6a0000 - 0x000007feff777000 	C:\Windows\system32\OLEAUT32.dll
0x0000000074970000 - 0x0000000074a31000 	\\etas333-00.git.ualr.edu\matlab\R2012b-64\bin\win64\mcr.dll
0x0000000075000000 - 0x00000000753e9000 	\\etas333-00.git.ualr.edu\matlab\R2012b-64\bin\win64\iqm.dll
0x0000000074e80000 - 0x0000000074f38000 	\\etas333-00.git.ualr.edu\matlab\R2012b-64\bin\win64\m_dispatcher.dll
0x0000000074880000 - 0x000000007496d000 	\\etas333-00.git.ualr.edu\matlab\R2012b-64\bin\win64\boost_regex-vc90-mt-1_44.dll
0x000007feef960000 - 0x000007fef01d1000 	\\etas333-00.git.ualr.edu\matlab\R2012b-64\bin\win64\m_interpreter.dll
0x00000000735e0000 - 0x0000000073607000 	\\etas333-00.git.ualr.edu\matlab\R2012b-64\bin\win64\libmex.dll
0x0000000068920000 - 0x00000000689a4000 	\\etas333-00.git.ualr.edu\matlab\R2012b-64\bin\win64\profiler.dll
0x0000000004f40000 - 0x00000000051aa000 	\\etas333-00.git.ualr.edu\matlab\R2012b-64\bin\win64\libmwmathutil.dll
0x0000000079f40000 - 0x0000000079f6e000 	\\etas333-00.git.ualr.edu\matlab\R2012b-64\bin\win64\libmwmathrng.dll
0x00000000051d0000 - 0x00000000051e2000 	\\etas333-00.git.ualr.edu\matlab\R2012b-64\bin\win64\libmwmfl_rng.dll
0x0000000074c10000 - 0x0000000074cee000 	\\etas333-00.git.ualr.edu\matlab\R2012b-64\bin\win64\libmwmathcore.dll
0x0000000076160000 - 0x00000000761ca000 	\\etas333-00.git.ualr.edu\matlab\R2012b-64\bin\win64\libmwspmatrix.dll
0x0000000075ea0000 - 0x0000000075f02000 	\\etas333-00.git.ualr.edu\matlab\R2012b-64\bin\win64\libmwcholmod.dll
0x000000007a460000 - 0x000000007a46d000 	\\etas333-00.git.ualr.edu\matlab\R2012b-64\bin\win64\libmwamd.dll
0x000000007a4b0000 - 0x000000007a4bc000 	\\etas333-00.git.ualr.edu\matlab\R2012b-64\bin\win64\libmwcolamd.dll
0x000000007a290000 - 0x000000007a2a9000 	\\etas333-00.git.ualr.edu\matlab\R2012b-64\bin\win64\libmwblas.dll
0x000000007a310000 - 0x000000007a321000 	\\etas333-00.git.ualr.edu\matlab\R2012b-64\bin\win64\libmwbinder.dll
0x000000007a4d0000 - 0x000000007a4dc000 	\\etas333-00.git.ualr.edu\matlab\R2012b-64\bin\win64\libmwompwrapper.dll
0x0000000005280000 - 0x0000000005305000 	\\etas333-00.git.ualr.edu\matlab\R2012b-64\bin\win64\libmwlapack.dll
0x00000000735b0000 - 0x00000000735d1000 	\\etas333-00.git.ualr.edu\matlab\R2012b-64\bin\win64\m_pcodeio.dll
0x0000000079b10000 - 0x0000000079b77000 	\\etas333-00.git.ualr.edu\matlab\R2012b-64\bin\win64\m_ir.dll
0x0000000067b10000 - 0x0000000068180000 	\\etas333-00.git.ualr.edu\matlab\R2012b-64\bin\win64\m_parser.dll
0x0000000072230000 - 0x000000007224a000 	\\etas333-00.git.ualr.edu\matlab\R2012b-64\bin\win64\ir_xfmr.dll
0x000007fef1cf0000 - 0x000007fef1f86000 	\\etas333-00.git.ualr.edu\matlab\R2012b-64\bin\win64\mcos.dll
0x00000000721f0000 - 0x0000000072201000 	\\etas333-00.git.ualr.edu\matlab\R2012b-64\bin\win64\mtok.dll
0x0000000071fe0000 - 0x0000000072011000 	\\etas333-00.git.ualr.edu\matlab\R2012b-64\bin\win64\m_pcodegen.dll
0x0000000079fb0000 - 0x0000000079fe6000 	\\etas333-00.git.ualr.edu\matlab\R2012b-64\bin\win64\libmwbridge.dll
0x0000000068850000 - 0x0000000068918000 	\\etas333-00.git.ualr.edu\matlab\R2012b-64\bin\win64\udd.dll
0x00000000686f0000 - 0x0000000068842000 	\\etas333-00.git.ualr.edu\matlab\R2012b-64\bin\win64\libmwgui.dll
0x0000000071fc0000 - 0x0000000071fd7000 	\\etas333-00.git.ualr.edu\matlab\R2012b-64\bin\win64\graphics_util.dll
0x00000000670b0000 - 0x0000000067b0f000 	\\etas333-00.git.ualr.edu\matlab\R2012b-64\bin\win64\hg.dll
0x00000000053e0000 - 0x0000000005448000 	\\etas333-00.git.ualr.edu\matlab\R2012b-64\bin\win64\libmat.dll
0x0000000072d30000 - 0x0000000072f44000 	\\etas333-00.git.ualr.edu\matlab\R2012b-64\bin\win64\hdf5dll.dll
0x0000000075710000 - 0x00000000757de000 	\\etas333-00.git.ualr.edu\matlab\R2012b-64\bin\win64\jmi.dll
0x0000000005480000 - 0x000000000548d000 	\\etas333-00.git.ualr.edu\matlab\R2012b-64\bin\win64\nativejava_services.dll
0x0000000071190000 - 0x00000000711d6000 	\\etas333-00.git.ualr.edu\matlab\R2012b-64\bin\win64\libmwhardcopy.dll
0x0000000068680000 - 0x00000000686e3000 	\\etas333-00.git.ualr.edu\matlab\R2012b-64\bin\win64\libuij.dll
0x0000000066e40000 - 0x00000000670a4000 	\\etas333-00.git.ualr.edu\matlab\R2012b-64\bin\win64\hgdatatypes.dll
0x0000000066d20000 - 0x0000000066e3f000 	\\etas333-00.git.ualr.edu\matlab\R2012b-64\bin\win64\hgutils.dll
0x0000000066c60000 - 0x0000000066d20000 	\\etas333-00.git.ualr.edu\matlab\R2012b-64\bin\win64\udd_mi.dll
0x00000000054f0000 - 0x000000000552b000 	\\etas333-00.git.ualr.edu\matlab\R2012b-64\bin\win64\libmwgbtutils.dll
0x0000000005540000 - 0x000000000555b000 	\\etas333-00.git.ualr.edu\matlab\R2012b-64\bin\win64\libmwgbt.dll
0x0000000005570000 - 0x0000000005841000 	\\etas333-00.git.ualr.edu\matlab\R2012b-64\bin\win64\uiw.dll
0x0000000072a90000 - 0x0000000072a9f000 	\\etas333-00.git.ualr.edu\matlab\R2012b-64\bin\win64\uinone.dll
0x0000000005870000 - 0x0000000005899000 	\\etas333-00.git.ualr.edu\matlab\R2012b-64\bin\win64\libmwnativefiledialogs.dll
0x00000000058b0000 - 0x00000000058b8000 	\\etas333-00.git.ualr.edu\matlab\R2012b-64\bin\win64\libmwplatform_res.dll
0x000007fef7e60000 - 0x000007fef7e78000 	C:\Windows\system32\MPR.dll
0x0000000064430000 - 0x0000000064914000 	C:\Windows\WinSxS\amd64_microsoft.vc90.mfc_1fc8b3b9a1e18e3b_9.0.30729.6161_none_044aad0bab1eb146\mfc90.dll
0x000007fef85d0000 - 0x000007fef85d7000 	C:\Windows\system32\MSIMG32.dll
0x000007fef90f0000 - 0x000007fef9161000 	C:\Windows\system32\WINSPOOL.DRV
0x0000000068e10000 - 0x0000000068e32000 	\\etas333-00.git.ualr.edu\matlab\R2012b-64\bin\win64\mwoles05.DLL
0x0000000066be0000 - 0x0000000066c5d000 	\\etas333-00.git.ualr.edu\matlab\R2012b-64\bin\win64\comcli.dll
0x0000000068630000 - 0x000000006865f000 	C:\Windows\WinSxS\amd64_microsoft.vc90.atl_1fc8b3b9a1e18e3b_9.0.30729.6161_none_0a1fd3a3a768b895\ATL90.DLL
0x00000000724d0000 - 0x00000000724dc000 	\\etas333-00.git.ualr.edu\matlab\R2012b-64\bin\win64\mlautoregister.dll
0x000007feff570000 - 0x000007feff59e000 	C:\Windows\system32\IMM32.DLL
0x000007fefeec0000 - 0x000007fefefc9000 	C:\Windows\system32\MSCTF.dll
0x000007fefbdf0000 - 0x000007fefbe46000 	C:\Windows\system32\UxTheme.dll
0x000007fefb4b0000 - 0x000007fefb4c8000 	C:\Windows\system32\dwmapi.dll
0x0000000072220000 - 0x000000007222d000 	C:\Windows\WinSxS\amd64_microsoft.vc90.mfcloc_1fc8b3b9a1e18e3b_9.0.30729.6161_none_01c9581e60cbee58\MFC90ENU.DLL
0x000007fefd860000 - 0x000007fefd86f000 	C:\Windows\system32\profapi.dll
0x0000000005a50000 - 0x0000000005a5f000 	\\etas333-00.git.ualr.edu\matlab\R2012b-64\bin\win64\xmlxrcsc.dll
0x000007fefd6f0000 - 0x000007fefd6ff000 	C:\Windows\system32\CRYPTBASE.dll
0x000007fefc0f0000 - 0x000007fefc2e4000 	C:\Windows\WinSxS\amd64_microsoft.windows.common-controls_6595b64144ccf1df_6.0.7601.17514_none_fa396087175ac9ac\comctl32.dll
0x000007feffb00000 - 0x000007feffcd7000 	C:\Windows\system32\SETUPAPI.dll
0x000007fefd910000 - 0x000007fefd946000 	C:\Windows\system32\CFGMGR32.dll
0x000007fefda50000 - 0x000007fefda6a000 	C:\Windows\system32\DEVOBJ.dll
0x000007fefdc90000 - 0x000007fefdd29000 	C:\Windows\system32\CLBCatQ.DLL
0x000007fefbe50000 - 0x000007fefbf7c000 	C:\Windows\system32\propsys.dll
0x000007fefba00000 - 0x000007fefba2d000 	C:\Windows\system32\ntmarta.dll

VM Arguments:
jvm_args: -Xss512k -XX:PermSize=32m -Xms64m -XX:NewRatio=3 -XX:MaxPermSize=128m -Xmx196m -XX:MaxDirectMemorySize=2147400000 -Dsun.java2d.noddraw=true -Dsun.awt.nopixfmt=true -Xshare:off -Xrs -Dsun.awt.disableMixing=true -Djava.library.path=\\etas333-00.git.ualr.edu\matlab\R2012b-64\bin\win64;\\etas333-00.git.ualr.edu\matlab\R2012b-64\sys\jxbrowser\win64\lib vfprintf abort 
java_command: <unknown>
Launcher Type: generic

Environment Variables:
PATH=C:\Windows\system32;C:\Windows;C:\Windows\System32\Wbem;C:\Windows\System32\WindowsPowerShell\v1.0\;C:\Program Files (x86)\SoftKinetic\DepthSenseSDK\bin;C:\Program Files\SoftKinetic\DepthSenseSDK\bin;C:\Program Files\Microsoft\Web Platform Installer\;C:\Program Files (x86)\Microsoft ASP.NET\ASP.NET Web Pages\v1.0\;C:\Program Files\Microsoft SQL Server\110\Tools\Binn\;C:\Program Files (x86)\Windows Kits\8.0\Windows Performance Toolkit\
USERNAME=robotics
OS=Windows_NT
PROCESSOR_IDENTIFIER=AMD64 Family 16 Model 2 Stepping 3, AuthenticAMD



---------------  S Y S T E M  ---------------

OS: Windows 7 Build 7601 Service Pack 1

CPU:total 4 (4 cores per cpu, 1 threads per core) family 16 model 2 stepping 3, cmov, cx8, fxsr, mmx, sse, sse2, sse3, mmxext, 3dnow, 3dnowext, sse4a

Memory: 4k page, physical 3931248k(1873984k free), swap 7860632k(5816892k free)

vm_info: Java HotSpot(TM) 64-Bit Server VM (14.3-b01) for windows-amd64 JRE (1.6.0_17-b04), built on Oct 11 2009 00:46:08 by "java_re" with MS VC++ 8.0

time: Tue Apr 15 10:35:32 2014
elapsed time: 419404 seconds

