1502244189.317826 -0.0630000 0.0010000 -0.0180000 0.0000000 0.0000000 0.0000000 1.0000000 -0.0085893 -0.0019153 -0.0070128 0.0002998 0.0011256 -0.0002254 0.0351811 -0.0262632 0.1665809 
1502244191.484405 -0.1484160 -0.0186152 -0.0051847 -0.0038069 0.0085212 0.0021465 0.9999541 -0.1405730 -0.0097805 0.0311355 0.0002998 0.0011256 -0.0002254 0.0351811 -0.0262632 0.1665809 
1502244192.817509 -0.3685245 -0.0251505 0.0307421 0.0077777 -0.0661627 0.0056265 0.9977627 -0.1537927 -0.0000325 0.0164835 0.0002998 0.0011256 -0.0002254 0.0351811 -0.0262632 0.1665809 
1502244193.283972 -0.4562710 -0.0337338 0.0509583 0.0073977 -0.0996432 0.0033867 0.9949900 -0.2110811 -0.0463517 0.0644605 0.0002998 0.0011256 -0.0002254 0.0351811 -0.0262632 0.1665809 
1502244193.717036 -0.5331504 -0.0451035 0.0768229 0.0081757 -0.1555410 -0.0001547 0.9877956 -0.1070199 -0.0309223 0.0095696 0.0002998 0.0011256 -0.0002254 0.0351811 -0.0262632 0.1665809 
1502244194.183906 -0.5521294 -0.0593827 0.0857569 0.0015246 -0.1354668 0.0124750 0.9907022 -0.0374388 -0.0101844 0.0111472 0.0002998 0.0011256 -0.0002254 0.0351811 -0.0262632 0.1665809 
1502244197.049845 -0.2308169 -0.0490684 0.6119312 -0.0113488 0.0750997 0.0065558 0.9970899 0.0322105 0.0274195 0.3583666 0.0002998 0.0011256 -0.0002254 0.0351811 -0.0262632 0.1665809 
1502244197.549796 -0.1933317 -0.0328145 0.7947246 -0.0033844 0.0967371 0.0029277 0.9952999 0.0261772 0.0426470 0.3762471 0.0002998 0.0011256 -0.0002254 0.0351811 -0.0262632 0.1665809 
1502244197.949825 -0.1636861 -0.0421125 0.9545191 -0.0028573 0.0742388 0.0063796 0.9972160 0.1130067 -0.0265693 0.4366081 0.0002998 0.0011256 -0.0002254 0.0351811 -0.0262632 0.1665809 
1502244198.449822 -0.1453763 -0.0341915 1.1774019 0.0083837 0.0044682 0.0148302 0.9998449 -0.0209955 -0.0071222 0.4343488 0.0002998 0.0011256 -0.0002254 0.0351811 -0.0262632 0.1665809 
1502244199.316333 -0.1815822 -0.0565797 1.6237907 0.0100416 -0.0660876 0.0158118 0.9976380 0.0716058 0.0327989 0.4873458 0.0002998 0.0011256 -0.0002254 0.0351811 -0.0262632 0.1665809 
1502244199.816246 -0.1117353 -0.0627549 1.8796780 0.0123558 -0.0939184 0.0073292 0.9954762 0.1768440 -0.0102445 0.4756220 0.0002998 0.0011256 -0.0002254 0.0351811 -0.0262632 0.1665809 
1502244200.216253 -0.0559980 -0.0586496 2.0519719 0.0119570 -0.0651733 0.0104037 0.9977481 0.1107956 0.0173531 0.4136260 0.0002998 0.0011256 -0.0002254 0.0351811 -0.0262632 0.1665809 
1502244200.682854 -0.0318484 -0.0665345 2.2672884 0.0047548 -0.0075627 -0.0006408 0.9999599 0.0430725 -0.0489876 0.4763255 0.0002998 0.0011256 -0.0002254 0.0351811 -0.0262632 0.1665809 
1502244201.182817 -0.0026077 -0.0676264 2.4957595 0.0031561 0.0710304 0.0067188 0.9974465 0.0667978 0.0176689 0.4537463 0.0002998 0.0011256 -0.0002254 0.0351811 -0.0262632 0.1665809 
1502244201.682760 0.0267988 -0.0866896 2.7416005 -0.0027869 0.0465633 -0.0092678 0.9988685 0.0409231 -0.0070668 0.4606160 0.0002998 0.0011256 -0.0002254 0.0351811 -0.0262632 0.1665809 
1502244202.115935 0.0200734 -0.0839038 2.9334357 0.0058120 0.0062119 0.0090230 0.9999231 -0.0295181 0.0200915 0.4735017 0.0002998 0.0011256 -0.0002254 0.0351811 -0.0262632 0.1665809 
1502244202.615878 -0.0216306 -0.1022997 3.1998487 0.0026401 -0.0158752 0.0057782 0.9998538 -0.0980091 -0.0358510 0.5285683 0.0002998 0.0011256 -0.0002254 0.0351811 -0.0262632 0.1665809 
1502244203.082368 -0.0455328 -0.1070001 3.4300222 0.0055458 -0.0068266 0.0118338 0.9998913 -0.0719417 0.0407591 0.5123982 0.0002998 0.0011256 -0.0002254 0.0351811 -0.0262632 0.1665809 
1502244203.548960 -0.0517098 -0.1175030 3.6871328 0.0070976 -0.0530268 0.0136428 0.9984747 0.0346875 -0.0063214 0.5525278 0.0002998 0.0011256 -0.0002254 0.0351811 -0.0262632 0.1665809 
1502244204.015595 -0.0517260 -0.1208238 3.9279530 0.0095430 -0.0906661 0.0249725 0.9955225 0.0033927 0.0370736 0.5053258 0.0002998 0.0011256 -0.0002254 0.0351811 -0.0262632 0.1665809 
1502244204.482238 -0.0518305 -0.1313464 4.1944637 0.0079060 -0.0917787 0.0188162 0.9955702 -0.0575385 -0.0336543 0.5258092 0.0002998 0.0011256 -0.0002254 0.0351811 -0.0262632 0.1665809 
1502244204.982096 -0.0336834 -0.1275122 4.4448032 0.0112665 -0.0436567 0.0406669 0.9981550 0.1378882 0.0203625 0.6088715 0.0002998 0.0011256 -0.0002254 0.0351811 -0.0262632 0.1665809 
1502244205.448785 0.0536438 -0.1359251 4.7205482 0.0074653 -0.0618354 0.0310039 0.9975768 0.1045418 -0.0137104 0.4991130 0.0002998 0.0011256 -0.0002254 0.0351811 -0.0262632 0.1665809 
1502244205.915346 0.0705392 -0.1380904 4.9823747 0.0085722 -0.0216824 0.0287169 0.9993156 -0.0050352 -0.0232409 0.6407261 0.0002998 0.0011256 -0.0002254 0.0351811 -0.0262632 0.1665809 
1502244206.382028 0.0828370 -0.1516289 5.2518263 -0.0007577 0.0346235 0.0184811 0.9992292 0.0182847 -0.0498561 0.5128608 0.0002998 0.0011256 -0.0002254 0.0351811 -0.0262632 0.1665809 
1502244206.448706 0.0851066 -0.1537964 5.2860596 -0.0002795 0.0435807 0.0189136 0.9988708 0.0440509 -0.0162179 0.5114330 0.0014159 0.0026075 -0.0016351 0.0319159 -0.0336452 0.1667791 
1502244206.815250 0.1137309 -0.1543256 5.4951804 0.0014762 0.0708002 0.0151491 0.9973744 0.1152092 -0.0092058 0.6550908 0.0012066 0.0030786 -0.0020023 0.0337316 -0.0303036 0.1678011 
1502244207.115206 0.1414436 -0.1655200 5.6822640 -0.0053533 0.0538550 -0.0065993 0.9985126 -0.0050649 -0.0010539 0.5339721 0.0009531 0.0032727 -0.0021182 0.0369367 -0.0262522 0.1686995 
1502244207.282035 0.1361786 -0.1684256 5.7635525 -0.0066336 0.0484947 -0.0166202 0.9986631 -0.0513973 0.0179369 0.4698472 0.0008805 0.0036070 -0.0019450 0.0396888 -0.0255163 0.1691849 
1502244207.381720 0.1303867 -0.1670889 5.8113452 -0.0051230 0.0476612 -0.0178781 0.9986904 -0.0569198 -0.0006810 0.4964590 0.0008410 0.0038869 -0.0018131 0.0411112 -0.0250461 0.1696650 
1502244207.681688 0.0969368 -0.1722048 5.9784262 -0.0029280 0.0460253 -0.0042147 0.9989271 -0.1478689 -0.0626238 0.6278959 -0.0004692 0.0049614 -0.0000493 0.0534192 -0.0227803 0.1733930 
1502244207.748301 0.0876084 -0.1775294 6.0192266 -0.0045215 0.0411127 -0.0035690 0.9991379 -0.1410868 -0.0968242 0.5928242 -0.0005777 0.0051022 0.0000269 0.0545598 -0.0227442 0.1739242 
1502244207.881679 0.0629852 -0.1863230 6.0982738 -0.0073025 0.0312311 -0.0063641 0.9994653 -0.1849255 -0.0353778 0.5887394 -0.0006736 0.0054823 0.0002008 0.0564544 -0.0235616 0.1746445 
1502244208.281672 0.0254123 -0.1871657 6.3208019 -0.0019447 0.0277427 0.0170311 0.9994681 -0.0331750 0.0432588 0.5566681 -0.0001032 0.0067801 0.0007556 0.0565539 -0.0293135 0.1772669 
1502244208.681608 0.0284395 -0.1947020 6.5833099 0.0013090 -0.0264138 0.0172639 0.9995012 0.0442438 -0.0447235 0.6645568 0.0000479 0.0061690 0.0009691 0.0536082 -0.0314551 0.1780150 
1502244208.814760 0.0339649 -0.1954188 6.6694223 0.0016180 -0.0436541 0.0246765 0.9987406 0.0052271 -0.0105921 0.6083935 0.0000989 0.0057177 0.0010574 0.0533690 -0.0322508 0.1781165 
1502244209.248308 0.0269728 -0.1998688 6.9199227 0.0037824 -0.0655742 0.0442282 0.9968599 -0.0340421 0.0520800 0.6132070 0.0004886 -0.0025836 0.0009414 0.0731283 -0.0322282 0.1780705 
1502244209.381381 0.0200331 -0.2006390 7.0071364 0.0070589 -0.0822132 0.0275219 0.9962097 -0.0443067 -0.0581584 0.6893661 0.0005260 -0.0026621 0.0008275 0.0729370 -0.0319695 0.1776057 
1502244209.614757 0.0043969 -0.2196631 7.1549193 0.0022089 -0.0871167 0.0165016 0.9960590 -0.0264788 -0.0233798 0.5682649 0.0005455 -0.0024218 0.0006768 0.0720368 -0.0313697 0.1777702 
1502244210.247992 0.0282131 -0.2177522 7.5033552 0.0040863 -0.0397936 0.0318350 0.9986923 0.1182557 -0.0084858 0.6201239 0.0000177 -0.0036744 -0.0002090 0.0620795 -0.0284553 0.1810721 
1502244210.347981 0.0409852 -0.2229258 7.5632950 0.0021150 -0.0457252 0.0197633 0.9987563 0.1367287 -0.0716892 0.5821603 -0.0000244 -0.0037420 -0.0002320 0.0616610 -0.0282504 0.1814110 
1502244210.648123 0.0792634 -0.2228798 7.7222573 0.0001465 -0.0271517 0.0313141 0.9991407 0.0880548 0.0001810 0.4917237 -0.0000163 -0.0041008 -0.0001761 0.0630094 -0.0272251 0.1819549 
1502244210.814644 0.0925241 -0.2198957 7.8070150 0.0023887 -0.0190070 0.0287244 0.9994038 0.0781149 0.0078046 0.5329054 -0.0000570 -0.0040099 -0.0000189 0.0655720 -0.0263152 0.1821135 
1502244211.214576 0.1028965 -0.2309023 8.0403633 -0.0033662 0.0105054 0.0002938 0.9999391 0.0143310 -0.0600433 0.6111969 -0.0003286 -0.0033785 0.0001255 0.0729025 -0.0239951 0.1823233 
1502244211.281235 0.1049684 -0.2338137 8.0806230 -0.0039279 0.0255038 0.0045238 0.9996568 0.0342386 -0.0244002 0.5849445 -0.0003677 -0.0032020 0.0000832 0.0740799 -0.0237772 0.1824168 
1502244211.414499 0.1106869 -0.2325860 8.1530612 -0.0052981 0.0453508 0.0032066 0.9989519 0.0755832 -0.0024787 0.4966881 -0.0007261 0.0035366 -0.0018347 0.0943299 -0.0229588 0.1876859 
1502244211.481068 0.1158977 -0.2336672 8.1865698 -0.0059336 0.0582612 0.0086351 0.9982464 0.0811307 -0.0042596 0.5209493 -0.0007606 0.0038225 -0.0019048 0.0950295 -0.0227421 0.1879021 
1502244211.547827 0.1222826 -0.2327495 8.2206357 -0.0051745 0.0724389 0.0167800 0.9972183 0.0953556 0.0551498 0.5138878 -0.0004557 0.0052473 -0.0021250 0.0959472 -0.0209169 0.1872643 
1502244212.047619 0.1562457 -0.2271525 8.5291936 -0.0019767 0.0443115 -0.0227046 0.9987578 0.0994749 -0.0865688 0.5960515 -0.0006239 0.0072151 -0.0027771 0.0635840 -0.0310388 0.1780701 
1502244212.147846 0.1623361 -0.2301057 8.5856658 -0.0017303 0.0457426 -0.0103554 0.9988981 0.0301667 0.0208480 0.5228314 -0.0006097 0.0071384 -0.0027634 0.0623540 -0.0315809 0.1779388 
1502244212.414295 0.1458790 -0.2297277 8.7213518 0.0024580 0.0252388 -0.0014484 0.9996774 -0.1174674 0.0510839 0.5457344 0.0004942 0.0041685 -0.0016192 0.0526165 -0.0280572 0.1815295 
1502244212.614241 0.1144616 -0.2273505 8.8382095 0.0092289 0.0023736 -0.0068112 0.9999314 -0.2014941 -0.0126251 0.6243481 0.0006016 0.0036824 -0.0014314 0.0528637 -0.0278562 0.1821891 
1502244212.681003 0.1010087 -0.2292215 8.8815251 0.0096356 -0.0058233 -0.0128533 0.9998540 -0.1927369 -0.0397988 0.6764419 0.0006458 0.0035304 -0.0013421 0.0531716 -0.0276914 0.1823228 
1502244213.247408 0.0238936 -0.2583494 9.1906337 0.0054842 -0.0105622 0.0153002 0.9998121 -0.0700034 0.0274986 0.5054325 0.0004662 0.0052029 0.0013016 0.0604041 -0.0292332 0.1832931 
1502244213.480805 0.0106293 -0.2533904 9.3273631 0.0116508 -0.0222538 0.0315488 0.9991865 -0.0452158 0.0017388 0.6531948 0.0003811 0.0051383 0.0012136 0.0594449 -0.0278535 0.1831960 
1502244213.780737 0.0108702 -0.2673833 9.5193848 0.0081779 -0.0447212 0.0491459 0.9977564 0.0041574 0.0184124 0.5893495 0.0003282 0.0045470 0.0012398 0.0589321 -0.0264604 0.1830575 
1502244213.847647 0.0114610 -0.2646890 9.5577758 0.0092263 -0.0577514 0.0432775 0.9973498 0.0122396 0.0370984 0.5643731 0.0002881 0.0043398 0.0012574 0.0585336 -0.0258490 0.1832266 
1502244214.213964 -0.0018923 -0.2727593 9.7536088 0.0086985 -0.0830880 0.0539142 0.9950447 -0.0668003 -0.0100507 0.5579768 0.0008109 -0.0004855 0.0021538 0.0738073 -0.0150333 0.1841467 
1502244214.347629 -0.0155627 -0.2730176 9.8317130 0.0112796 -0.0978295 0.0417313 0.9942639 -0.1069465 -0.0170730 0.6312749 0.0009818 -0.0006630 0.0021544 0.0764269 -0.0147623 0.1833245 
1502244214.680855 -0.0368182 -0.2960564 10.0334228 0.0050939 -0.0968644 0.0188480 0.9951061 -0.0045314 -0.0432174 0.5121535 0.0010996 -0.0001597 0.0019209 0.0808959 -0.0139209 0.1820764 
1502244214.780813 -0.0362255 -0.2995093 10.0816819 0.0025521 -0.0804049 0.0225885 0.9965030 0.0230491 0.0001792 0.4714953 0.0011202 0.0000614 0.0017698 0.0812708 -0.0136724 0.1820245 
1502244215.114099 -0.0053284 -0.2890996 10.2481839 0.0073460 -0.0409786 0.0305244 0.9986666 0.1356006 0.0036281 0.5742032 0.0009270 0.0003583 0.0013473 0.0790667 -0.0129399 0.1829964 
1502244215.313962 0.0266008 -0.2894609 10.3689448 0.0079650 -0.0392402 0.0222036 0.9989513 0.1741736 -0.0621597 0.5778990 0.0006831 0.0001621 0.0011058 0.0771972 -0.0134379 0.1833784 
1502244215.380448 0.0377028 -0.2939593 10.4061678 0.0068916 -0.0439208 0.0155181 0.9988907 0.1692162 -0.0457983 0.5430412 0.0005850 0.0000536 0.0010650 0.0765952 -0.0136238 0.1836684 
1502244215.513853 0.0592965 -0.2945244 10.4776317 0.0053874 -0.0363729 0.0243456 0.9990272 0.1217853 0.0141008 0.5013779 0.0004162 -0.0002805 0.0009913 0.0756014 -0.0138268 0.1842587 
1502244216.113695 0.0898360 -0.2958412 10.7980594 0.0105324 -0.0243408 0.0020534 0.9996461 0.0173424 -0.0757430 0.6190594 -0.0013756 -0.0058117 0.0002571 0.0752602 -0.0165169 0.1911164 
1502244216.480266 0.0945787 -0.3074356 11.0079782 -0.0003537 0.0245111 -0.0161546 0.9995690 0.0506538 -0.0201868 0.4834607 -0.0012659 -0.0049979 0.0003054 0.0799038 -0.0182084 0.1927809 
1502244216.613681 0.1033325 -0.3082071 11.0722137 -0.0020610 0.0562788 0.0003397 0.9984129 0.0805835 0.0354406 0.4960012 -0.0010643 -0.0039558 0.0003131 0.0832992 -0.0196005 0.1945654 
1502244216.680241 0.1081330 -0.3061000 11.1046124 -0.0001134 0.0645691 0.0016046 0.9979119 0.0662876 0.0520911 0.4923508 -0.0009698 -0.0037239 0.0002692 0.0841019 -0.0203408 0.1949799 
1502244216.813593 0.1149941 -0.2982412 11.1730504 0.0030121 0.0697674 -0.0068790 0.9975350 0.0500453 0.0355346 0.5478245 -0.0005642 -0.0027544 0.0001538 0.0870558 -0.0225423 0.1967061 
1502244216.947010 0.1164976 -0.3010959 11.2497692 0.0027074 0.0804607 -0.0053274 0.9967399 -0.0278457 -0.0410996 0.5835650 -0.0003249 -0.0017971 0.0000993 0.0887576 -0.0239032 0.1977553 
1502244217.013720 0.1143265 -0.3045247 11.2883426 0.0012726 0.0878822 -0.0020650 0.9961279 -0.0492056 -0.0729474 0.5769242 -0.0005071 -0.0009817 0.0001816 0.0876888 -0.0220136 0.1979204 
1502244217.113692 0.1056369 -0.3134786 11.3427966 -0.0044610 0.0841247 -0.0130270 0.9963601 -0.0797520 -0.0859454 0.5394968 -0.0009753 0.0018358 0.0007039 0.0786071 -0.0179565 0.1976220 
1502244217.180311 0.1024843 -0.3172492 11.3784032 -0.0044485 0.0926073 0.0001078 0.9956928 -0.0034452 -0.0073910 0.5377667 -0.0009520 0.0020580 0.0007679 0.0772234 -0.0176363 0.1973343 
1502244217.246942 0.1016737 -0.3165509 11.4144644 -0.0036090 0.0855919 -0.0014309 0.9963227 -0.0225279 0.0155056 0.5501745 -0.0005748 0.0024519 0.0003387 0.0680711 -0.0182066 0.1965698 
1502244217.313517 0.1000130 -0.3170426 11.4497414 -0.0039289 0.0680599 -0.0139153 0.9975765 -0.0380004 -0.0443433 0.5123249 -0.0004896 0.0025011 0.0002505 0.0656722 -0.0183802 0.1963656 
1502244217.446959 0.0902950 -0.3210120 11.5188092 -0.0027130 0.0620999 -0.0029335 0.9980619 -0.1176071 -0.0145278 0.5569287 0.0001647 0.0022924 -0.0001890 0.0472146 -0.0201088 0.1946099 
1502244217.513505 0.0824613 -0.3203429 11.5564550 -0.0015792 0.0534825 -0.0054497 0.9985527 -0.0977555 0.0043459 0.5774948 0.0002178 0.0023380 -0.0002239 0.0449813 -0.0203453 0.1943421 
1502244218.246558 -0.0145500 -0.3296317 12.0007992 0.0061281 0.0198638 0.0043127 0.9997746 -0.0564603 0.0105735 0.5437906 0.0008636 0.0050789 0.0006930 -0.0039829 -0.0315367 0.1998064 
1502244218.380109 -0.0220137 -0.3243000 12.0757643 0.0111386 0.0084329 0.0082875 0.9998681 -0.0463955 0.0404390 0.5959984 0.0009391 0.0050637 0.0006745 -0.0053704 -0.0313683 0.2003791 
1502244218.446865 -0.0243929 -0.3231980 12.1163384 0.0128921 0.0004764 0.0090968 0.9998754 -0.0148804 -0.0122131 0.6311565 0.0009996 0.0050457 0.0007460 -0.0059143 -0.0309227 0.2001214 
1502244218.713288 -0.0165285 -0.3383856 12.2795442 0.0092418 -0.0330927 0.0200826 0.9992078 0.0282359 -0.0387360 0.5677015 0.0010623 0.0022156 0.0016943 -0.0064541 -0.0238675 0.1970812 
1502244218.813372 -0.0137106 -0.3395530 12.3364346 0.0098798 -0.0493771 0.0166206 0.9985930 0.0197078 0.0125085 0.5545203 0.0010881 0.0019088 0.0017505 -0.0056005 -0.0231866 0.1969178 
1502244219.013220 -0.0152460 -0.3452182 12.4406587 0.0084121 -0.0565606 0.0283262 0.9979618 -0.0277994 0.0090869 0.5327694 0.0011852 0.0013913 0.0018193 -0.0036720 -0.0219477 0.1967167 
1502244219.246686 -0.0190705 -0.3419282 12.5776731 0.0125829 -0.0660918 0.0356327 0.9970977 -0.0359239 0.0045432 0.6260957 0.0017807 -0.0025426 0.0021364 0.0315958 -0.0146560 0.1884116 
1502244219.613141 -0.0322092 -0.3660316 12.7986055 0.0043312 -0.0532782 0.0339539 0.9979929 -0.0279367 -0.0459265 0.5124530 0.0009053 0.0017011 0.0007482 0.0659848 -0.0146109 0.1805092 
1502244219.679973 -0.0335675 -0.3683756 12.8312642 0.0022946 -0.0424447 0.0378641 0.9983784 -0.0186180 -0.0338966 0.4793836 0.0008843 0.0018201 0.0006991 0.0668048 -0.0146771 0.1803060 
1502244220.346287 0.0410657 -0.3717304 13.1888245 0.0046893 -0.0286058 0.0243485 0.9992832 0.1736338 0.0072377 0.5368717 0.0003243 0.0015823 -0.0001160 0.0673480 -0.0184255 0.1795993 
1502244220.646443 0.0793598 -0.3735758 13.3478778 0.0040356 -0.0106260 0.0256141 0.9996073 0.1058744 0.0283817 0.5303527 0.0005029 -0.0003777 -0.0007246 0.0692636 -0.0227993 0.1821688 
1502244220.946492 0.1014371 -0.3665652 13.5138000 0.0077960 -0.0056743 0.0045685 0.9999431 0.0034289 -0.0156073 0.5973498 0.0003494 -0.0009627 -0.0010147 0.0701281 -0.0236414 0.1828298 
1502244221.312855 0.0968181 -0.3843177 13.7312896 -0.0013889 0.0155328 -0.0180950 0.9997146 0.0024633 -0.0071747 0.5270815 -0.0001815 -0.0009271 -0.0014762 0.0710358 -0.0242274 0.1839456 
1502244221.513008 0.0964358 -0.3896259 13.8247970 -0.0044522 0.0273667 -0.0223487 0.9993657 0.0175200 0.0096972 0.4593181 -0.0005558 0.0000661 -0.0015675 0.0756160 -0.0234318 0.1879760 
1502244221.746113 0.1007383 -0.3806960 13.9453875 0.0007260 0.0394698 -0.0234858 0.9989445 0.0191735 0.0303033 0.5764513 -0.0009054 0.0020217 -0.0016692 0.0793167 -0.0242463 0.1929675 
1502244221.812823 0.1024785 -0.3797149 13.9852012 0.0019596 0.0434276 -0.0221395 0.9988093 0.0391491 0.0061958 0.6284830 -0.0009394 0.0022344 -0.0017949 0.0777504 -0.0240843 0.1929504 
1502244221.879385 0.1065315 -0.3796165 14.0273019 0.0022320 0.0489277 -0.0188529 0.9986219 0.0701483 -0.0148579 0.6448195 -0.0010300 0.0023525 -0.0018580 0.0761437 -0.0236265 0.1933031 
1502244221.946121 0.1107602 -0.3820494 14.0704562 0.0010305 0.0460647 -0.0242533 0.9986435 0.0608859 -0.0694750 0.6452459 -0.0011286 0.0024225 -0.0018714 0.0749726 -0.0234441 0.1935514 
1502244222.446042 0.1146458 -0.3971879 14.3555794 -0.0048282 0.0506233 -0.0283187 0.9983046 -0.0209966 0.0069806 0.5851382 -0.0005996 0.0049740 -0.0003432 0.0528103 -0.0292188 0.2091047 
1502244222.546146 0.1091349 -0.3940369 14.4167366 -0.0021934 0.0440583 -0.0271851 0.9986566 -0.0773965 0.0372261 0.6302785 -0.0006075 0.0051320 -0.0002718 0.0517490 -0.0295057 0.2101704 
1502244223.012729 0.0266745 -0.4040044 14.6939317 0.0019766 -0.0150723 -0.0356361 0.9992492 -0.1777413 -0.0187883 0.5052672 -0.0009622 0.0057141 0.0003529 0.0409922 -0.0337136 0.2176940 
1502244223.446018 -0.0386647 -0.4009638 14.9182301 0.0123903 -0.0541393 -0.0005516 0.9984564 -0.0893711 -0.0024233 0.6014572 0.0005082 0.0048835 0.0006650 0.0267350 -0.0353902 0.2241610 
1502244223.545967 -0.0459313 -0.4008324 14.9771744 0.0141826 -0.0703555 0.0024806 0.9974181 -0.0333835 -0.0227805 0.5881575 0.0006617 0.0047625 0.0007106 0.0254127 -0.0351301 0.2244012 
1502244224.079203 -0.0469978 -0.4111936 15.2410376 0.0128874 -0.1594612 0.0261955 0.9867724 0.0427837 0.0575512 0.4855727 0.0025183 -0.0014048 0.0031745 0.0257915 -0.0004516 0.2085121 
1502244224.345772 -0.0343096 -0.4061125 15.3875825 0.0191226 -0.1684227 0.0159040 0.9854010 0.0214485 0.0165995 0.5948446 0.0029945 -0.0017905 0.0037229 0.0405868 -0.0016048 0.2015393 
1502244224.479153 -0.0288754 -0.4099425 15.4682240 0.0180590 -0.1538012 0.0051909 0.9879231 0.0511793 -0.0686534 0.5779332 0.0030023 -0.0017615 0.0038317 0.0436789 -0.0016966 0.2002395 
1502244224.612437 -0.0193066 -0.4188694 15.5436735 0.0122612 -0.1303785 -0.0035450 0.9913821 0.1067492 -0.0201596 0.5511673 0.0030346 -0.0016836 0.0037939 0.0469290 -0.0013532 0.1977953 
1502244224.812385 0.0034989 -0.4225561 15.6478896 0.0097332 -0.0911726 -0.0043296 0.9957781 0.1209833 0.0032699 0.4797095 0.0034164 0.0007766 0.0015634 0.0720252 -0.0156497 0.1660552 
1502244225.112395 0.0513142 -0.4138496 15.8043922 0.0134391 -0.0570194 -0.0069040 0.9982587 0.1898054 -0.0038103 0.6067118 0.0037588 0.0015318 -0.0000786 0.0722690 -0.0239001 0.1587988 
1502244225.245934 0.0813052 -0.4181368 15.8904439 0.0107601 -0.0391016 0.0062599 0.9991577 0.2427296 -0.0570579 0.6469033 0.0037870 0.0016351 -0.0003526 0.0721778 -0.0252323 0.1578172 
1502244225.312344 0.0957332 -0.4247677 15.9323350 0.0079630 -0.0391582 0.0001305 0.9992013 0.1991927 -0.1202527 0.6131233 0.0037954 0.0016476 -0.0004922 0.0720792 -0.0262241 0.1576094 
1502244225.379137 0.1093942 -0.4303858 15.9727184 0.0044154 -0.0325537 0.0011216 0.9994596 0.2186646 -0.0317026 0.6015549 0.0038108 0.0016624 -0.0006190 0.0722817 -0.0273560 0.1577140 
1502244225.779277 0.1615731 -0.4377817 16.1731792 0.0040842 -0.0087799 -0.0154102 0.9998344 0.0290931 0.0037359 0.4728352 0.0034231 -0.0003758 -0.0030401 0.0747319 -0.0365635 0.1594059 
1502244226.012223 0.1567036 -0.4391490 16.2962665 0.0043752 0.0050468 -0.0315062 0.9994812 -0.0465514 -0.0741680 0.5893721 0.0024495 -0.0012625 -0.0038904 0.0925604 -0.0449640 0.1637873 
1502244226.145728 0.1508204 -0.4524863 16.3769254 -0.0022296 0.0158824 -0.0404802 0.9990516 -0.0456945 -0.0828513 0.5966579 0.0022889 -0.0011951 -0.0039487 0.0954647 -0.0453163 0.1644182 
1502244226.312248 0.1438176 -0.4590423 16.4691667 -0.0069239 0.0427181 -0.0378224 0.9983470 -0.0182047 -0.0206594 0.5043723 0.0014430 0.0000679 -0.0042656 0.1100248 -0.0472912 0.1682436 
1502244226.379075 0.1429015 -0.4623140 16.5023508 -0.0087407 0.0494319 -0.0401091 0.9979335 -0.0036172 -0.0670118 0.4791892 0.0013423 0.0003077 -0.0043012 0.1113441 -0.0475358 0.1688738 
1502244226.445530 0.1425347 -0.4641524 16.5344900 -0.0101477 0.0593044 -0.0385373 0.9974442 -0.0060877 0.0135094 0.4615099 0.0012503 0.0005702 -0.0043492 0.1120968 -0.0478539 0.1693717 
1502244226.645446 0.1387861 -0.4614925 16.6350526 -0.0108105 0.0729480 -0.0465607 0.9961897 -0.0138627 0.0399150 0.5615914 -0.0009742 0.0043764 -0.0041746 0.0919705 -0.0262455 0.1796831 
1502244226.812121 0.1365255 -0.4630824 16.7365050 -0.0112060 0.0792857 -0.0448499 0.9957794 0.0107656 -0.0652719 0.6707447 -0.0010062 0.0045296 -0.0043482 0.0884198 -0.0265397 0.1797293 
1502244226.945655 0.1440190 -0.4727084 16.8349644 -0.0133469 0.0739478 -0.0382979 0.9964371 0.1108562 -0.1315689 0.7785285 -0.0010419 0.0045127 -0.0044169 0.0855203 -0.0271933 0.1805056 
1502244227.145473 0.1516908 -0.4778367 16.9712378 -0.0100174 0.0400284 -0.0388545 0.9983926 -0.0727282 0.0057864 0.5613507 -0.0010024 -0.0001917 -0.0041261 0.0441234 -0.0373568 0.1968833 
1502244227.212048 0.1460270 -0.4782391 17.0061807 -0.0087464 0.0308250 -0.0362407 0.9988293 -0.0881569 -0.0047149 0.5051697 -0.0009931 -0.0003698 -0.0040016 0.0437713 -0.0377845 0.1976186 
1502244227.345386 0.1305094 -0.4782443 17.0748663 -0.0052238 0.0128087 -0.0281789 0.9995072 -0.1300144 0.0144830 0.5432514 -0.0007168 -0.0019649 -0.0028136 0.0433621 -0.0391703 0.2026138 
1502244227.445398 0.1170174 -0.4767827 17.1309997 -0.0019366 -0.0036642 -0.0253057 0.9996712 -0.1512116 0.0176230 0.5736107 -0.0006033 -0.0023008 -0.0026282 0.0433580 -0.0396607 0.2032622 
1502244227.845233 0.0469917 -0.4891391 17.3851495 0.0005367 -0.0493581 -0.0316723 0.9982787 -0.1566474 -0.0718272 0.6286530 -0.0014394 -0.0017463 0.0013340 0.0837230 -0.0351283 0.2182862 
1502244227.911907 0.0372555 -0.4920409 17.4264411 -0.0000822 -0.0522974 -0.0301309 0.9981769 -0.1289582 -0.0171639 0.6195205 -0.0014504 -0.0016846 0.0014307 0.0845517 -0.0349013 0.2186360 
1502244227.978740 0.0298134 -0.4929643 17.4671912 0.0000617 -0.0495785 -0.0210694 0.9985480 -0.0956122 -0.0225926 0.5934024 -0.0014606 -0.0015701 0.0015242 0.0850110 -0.0346876 0.2190627 
1502244228.178590 0.0061330 -0.4936097 17.5778945 0.0023423 -0.0471685 -0.0016993 0.9988828 -0.1119948 0.0395510 0.5258048 -0.0017214 0.0023334 0.0036506 0.0845865 -0.0293971 0.2257828 
1502244228.511833 -0.0202176 -0.4852763 17.7783317 0.0082002 -0.0444037 0.0465777 0.9978936 -0.0362304 -0.0263034 0.7195856 -0.0020345 0.0029005 0.0041562 0.0808523 -0.0290194 0.2264724 
1502244228.578465 -0.0213479 -0.4868970 17.8261491 0.0065219 -0.0494176 0.0552528 0.9972274 0.0038918 -0.0347167 0.7161540 -0.0021051 0.0029074 0.0042002 0.0797590 -0.0291613 0.2266665 
1502244228.711748 -0.0210381 -0.4963539 17.9176112 0.0050685 -0.0832759 0.0450915 0.9954929 0.0180993 -0.0421153 0.6671459 -0.0022380 0.0024788 0.0040513 0.0751352 -0.0306733 0.2273254 
1502244228.845341 -0.0204086 -0.4981559 18.0006621 0.0061147 -0.1210680 0.0287650 0.9922085 -0.0109640 -0.0148094 0.5693134 -0.0022771 0.0020993 0.0039398 0.0723395 -0.0314383 0.2279766 
1502244229.011599 -0.0215955 -0.4993714 18.0921363 0.0071751 -0.1391785 0.0338956 0.9896610 -0.0017796 0.0405453 0.5249735 -0.0017433 -0.0019476 0.0030336 0.0528313 -0.0349659 0.2347073 
1502244229.145081 -0.0193499 -0.4930674 18.1645860 0.0144133 -0.1570326 0.0239376 0.9871981 0.0261857 0.0363248 0.5705322 -0.0017019 -0.0028668 0.0028398 0.0493895 -0.0336973 0.2356143 
1502244229.245053 -0.0174508 -0.4883833 18.2230384 0.0183430 -0.1590680 0.0203363 0.9868877 -0.0124960 0.0363573 0.5934292 -0.0018553 -0.0036491 0.0026747 0.0471000 -0.0325175 0.2361062 
1502244229.311631 -0.0194814 -0.4863691 18.2632792 0.0231541 -0.1650180 0.0045193 0.9860084 -0.0296681 -0.0009997 0.6332198 -0.0019795 -0.0039811 0.0025960 0.0460252 -0.0317924 0.2363397 
1502244229.378478 -0.0188639 -0.4861095 18.3058520 0.0221563 -0.1584353 -0.0020278 0.9871187 0.0196809 -0.0294571 0.6424068 -0.0022798 -0.0051019 0.0023124 0.0423180 -0.0294971 0.2375320 
1502244229.511741 -0.0143310 -0.4943104 18.3861664 0.0160768 -0.1353662 -0.0159674 0.9905365 0.0580030 -0.0478256 0.5731516 -0.0024844 -0.0048139 0.0026134 0.0457703 -0.0264439 0.2366015 
1502244229.578396 -0.0089167 -0.4951777 18.4255658 0.0136459 -0.1163087 -0.0160447 0.9929898 0.1094951 0.0034706 0.6058482 -0.0025715 -0.0046335 0.0026722 0.0470957 -0.0248861 0.2361358 
1502244229.645162 0.0004388 -0.4937047 18.4640576 0.0111605 -0.0936200 -0.0094920 0.9955002 0.1510316 0.0241110 0.5540673 -0.0026341 -0.0045462 0.0027420 0.0487363 -0.0235398 0.2358592 
1502244229.711779 0.0110709 -0.4922118 18.4991001 0.0099784 -0.0766720 -0.0089893 0.9969659 0.1477374 0.0290705 0.5038646 -0.0026957 -0.0044480 0.0027794 0.0502795 -0.0223396 0.2355275 
1502244229.878083 0.0395342 -0.4820158 18.5782454 0.0114650 -0.0414143 -0.0109949 0.9990158 0.2137233 0.0790487 0.4745075 -0.0039858 -0.0017964 0.0027806 0.0936185 0.0011486 0.2221065 
1502244230.211547 0.1044680 -0.4716384 18.7644365 0.0094519 0.0116357 -0.0096472 0.9998411 0.2105147 -0.0082115 0.6251036 -0.0041332 -0.0012897 0.0024040 0.1005722 0.0016657 0.2189457 
1502244230.644858 0.1438042 -0.4724581 18.9738788 0.0034153 0.0276916 -0.0238862 0.9993253 -0.0403858 0.0035819 0.3865885 -0.0026498 -0.0000944 -0.0003621 0.0859431 -0.0065227 0.1974002 
1502244230.711624 0.1418055 -0.4718964 19.0006960 0.0042177 0.0345640 -0.0134754 0.9993027 -0.0172815 0.0031092 0.4246015 -0.0025737 -0.0000934 -0.0005152 0.0845852 -0.0062874 0.1962057 
1502244230.844911 0.1348725 -0.4695510 19.0627482 0.0081837 0.0254841 -0.0133805 0.9995522 -0.0819640 0.0300065 0.4898222 -0.0015021 -0.0014847 -0.0018575 0.0671477 -0.0048622 0.1753268 
1502244230.978112 0.1172288 -0.4669106 19.1319957 0.0115530 0.0025268 -0.0256752 0.9996004 -0.1706671 -0.0240288 0.5429236 -0.0006245 -0.0022627 -0.0026129 0.0564902 -0.0051206 0.1617401 
1502244231.111245 0.0935567 -0.4746167 19.2015337 0.0105931 -0.0107800 -0.0259373 0.9995493 -0.2033667 -0.0822023 0.4795931 -0.0000452 -0.0026289 -0.0032595 0.0483334 -0.0094815 0.1518096 
1502244231.177960 0.0795139 -0.4795739 19.2331151 0.0104653 -0.0230388 -0.0340027 0.9991014 -0.2055144 -0.0507402 0.4699307 0.0000482 -0.0026952 -0.0033649 0.0471294 -0.0098766 0.1504032 
1502244231.378144 0.0410016 -0.4849068 19.3183550 0.0110892 -0.0335867 -0.0277372 0.9989893 -0.1956755 -0.0479771 0.3909446 0.0006167 -0.0030055 -0.0037387 0.0400135 -0.0109896 0.1446526 
1502244231.811136 -0.0091191 -0.4820629 19.5055761 0.0242017 -0.0810579 -0.0082984 0.9963810 -0.0318429 -0.0059830 0.5261790 0.0009256 -0.0036630 -0.0035341 0.0312021 -0.0082660 0.1425819 
1502244231.877861 -0.0101997 -0.4845860 19.5410607 0.0248832 -0.0941116 -0.0064190 0.9952299 -0.0090233 -0.0644220 0.5281211 0.0009438 -0.0037779 -0.0035173 0.0299959 -0.0083633 0.1424065 
1502244232.077905 -0.0183148 -0.5025285 19.6400337 0.0207625 -0.1321261 0.0018595 0.9910137 -0.0846080 0.0020944 0.4380634 0.0010076 -0.0049258 -0.0036405 0.0189423 -0.0107276 0.1431802 
1502244232.144682 -0.0237205 -0.5017790 19.6683743 0.0229418 -0.1502819 -0.0018688 0.9883752 -0.0844101 -0.0095480 0.4007322 0.0010026 -0.0051052 -0.0036794 0.0171266 -0.0112359 0.1433868 
1502244232.577945 -0.0733770 -0.5087064 19.8353844 0.0239274 -0.2156977 0.0251475 0.9758430 -0.1534696 -0.0060967 0.4487618 0.0011932 -0.0089427 -0.0035780 -0.0073291 -0.0196701 0.1500802 
1502244232.644655 -0.0839325 -0.5093962 19.8662189 0.0269258 -0.2295126 0.0169908 0.9727848 -0.1590790 -0.0241359 0.4882331 0.0012043 -0.0092409 -0.0035905 -0.0083709 -0.0197511 0.1502493 
1502244232.711240 -0.0928019 -0.5108623 19.8996092 0.0282367 -0.2412952 0.0087477 0.9700014 -0.1204230 -0.0350060 0.5111463 0.0012188 -0.0095572 -0.0035761 -0.0092052 -0.0196653 0.1502903 
1502244232.777878 -0.0992421 -0.5155796 19.9341471 0.0286482 -0.2488586 0.0058463 0.9680984 -0.0653390 -0.0904377 0.5215083 0.0012313 -0.0098243 -0.0035360 -0.0095085 -0.0193835 0.1501806 
1502244232.944545 -0.1128633 -0.5269983 20.0129365 0.0271574 -0.2540805 -0.0052211 0.9667876 -0.0801771 -0.0308847 0.4082291 0.0012009 -0.0099323 -0.0034140 -0.0081507 -0.0187892 0.1498206 
1502244233.011211 -0.1175752 -0.5280524 20.0379336 0.0264456 -0.2451430 -0.0030964 0.9691212 -0.0538429 0.0045686 0.3381303 0.0011737 -0.0098548 -0.0033526 -0.0069416 -0.0184793 0.1495833 
1502244233.144556 -0.1206476 -0.5278315 20.0764849 0.0273192 -0.2314973 -0.0151899 0.9723332 0.0104978 0.0079580 0.2771359 0.0011293 -0.0087397 -0.0029483 0.0020778 -0.0171936 0.1488495 
1502244233.211306 -0.1186932 -0.5272217 20.0955345 0.0266887 -0.2202229 -0.0162747 0.9749486 0.0484112 0.0067573 0.2916529 0.0011447 -0.0085386 -0.0028440 0.0038148 -0.0174810 0.1488715 
1502244233.344483 -0.1086300 -0.5271532 20.1346562 0.0258371 -0.1956765 -0.0163902 0.9801910 0.0961025 -0.0033505 0.2942920 0.0010862 -0.0037862 -0.0008715 0.0421112 -0.0146541 0.1511050 
1502244233.411169 -0.1014008 -0.5268215 20.1544277 0.0235631 -0.1819232 -0.0141138 0.9829291 0.1022122 0.0024650 0.3024180 0.0010915 -0.0035901 -0.0008071 0.0432244 -0.0148849 0.1512570 
1502244233.744425 -0.0726662 -0.5368310 20.2781539 0.0180123 -0.1606982 -0.0147551 0.9867289 0.0630623 -0.0816041 0.3985970 0.0010903 -0.0023068 -0.0004833 0.0488373 -0.0156681 0.1519474 
1502244233.811176 -0.0691119 -0.5413656 20.3035824 0.0166161 -0.1678570 -0.0156119 0.9855477 0.0435400 -0.0518085 0.3678255 0.0010890 -0.0021171 -0.0004294 0.0499909 -0.0158476 0.1520632 
1502244233.944418 -0.0654793 -0.5432407 20.3479776 0.0164934 -0.1759232 -0.0037066 0.9842587 0.0043333 0.0264399 0.2932970 0.0011319 -0.0017014 -0.0003136 0.0523253 -0.0163232 0.1521947 
1502244234.077816 -0.0698089 -0.5448994 20.3828310 0.0192698 -0.1985271 -0.0052670 0.9798918 -0.0545227 -0.0358764 0.2525385 0.0011768 -0.0013325 -0.0002331 0.0539672 -0.0169245 0.1522696 
1502244234.144228 -0.0739134 -0.5465066 20.3993500 0.0191348 -0.2041276 0.0018211 0.9787556 -0.0659986 -0.0091142 0.2552034 0.0012060 -0.0011363 -0.0001925 0.0547047 -0.0172479 0.1522801 
1502244234.211048 -0.0793232 -0.5462305 20.4155952 0.0206648 -0.2168533 0.0005086 0.9759853 -0.0828486 0.0057038 0.2544321 0.0012439 -0.0009261 -0.0001529 0.0555027 -0.0176004 0.1522868 
1502244234.410910 -0.0993425 -0.5447344 20.4738923 0.0293710 -0.2617084 -0.0099840 0.9646483 -0.1485943 -0.0071564 0.3079313 0.0012290 -0.0002663 -0.0000016 0.0590862 -0.0166847 0.1523084 
1502244234.544713 -0.1215787 -0.5438426 20.5162817 0.0367014 -0.2914881 -0.0199172 0.9556626 -0.1803546 0.0027387 0.3099221 0.0011081 0.0025611 0.0008531 0.0768883 -0.0107247 0.1526792 
1502244234.611023 -0.1336464 -0.5445889 20.5374283 0.0396773 -0.3052805 -0.0265038 0.9510663 -0.1851241 -0.0244955 0.3181835 0.0010780 0.0027775 0.0009386 0.0787324 -0.0106000 0.1525896 
1502244234.677579 -0.1457584 -0.5469390 20.5589587 0.0404732 -0.3161977 -0.0300270 0.9473539 -0.1766582 -0.0525104 0.3291767 0.0010354 0.0029759 0.0010198 0.0803730 -0.0105308 0.1524617 
1502244234.744787 -0.1592358 -0.5514287 20.5798236 0.0423793 -0.3285329 -0.0371392 0.9428101 -0.2111279 -0.0656438 0.3046023 0.0010091 0.0031570 0.0010880 0.0816995 -0.0104937 0.1521939 
1502244234.811164 -0.1723989 -0.5538742 20.6006934 0.0437054 -0.3391618 -0.0431355 0.9387217 -0.1914866 -0.0240956 0.3192594 0.0009893 0.0033058 0.0011552 0.0829269 -0.0104500 0.1518282 
1502244235.277627 -0.2568867 -0.5566005 20.7267407 0.0509725 -0.3898748 -0.0362964 0.9187394 -0.1974394 -0.0045618 0.2884132 0.0023183 0.0061372 0.0016632 0.0912386 -0.0161349 0.1399272 
1502244235.410966 -0.2817440 -0.5586667 20.7711543 0.0511884 -0.4107287 -0.0258728 0.9099518 -0.1775592 -0.0304358 0.3777978 0.0026583 0.0060535 0.0016630 0.0899903 -0.0184126 0.1386405 
1502244235.544064 -0.3035326 -0.5639323 20.8244537 0.0503330 -0.4367161 -0.0165134 0.8980384 -0.1353448 -0.0534392 0.4039173 0.0029570 0.0058850 0.0014921 0.0870449 -0.0204477 0.1372268 
1502244235.644152 -0.3170272 -0.5719676 20.8622026 0.0493252 -0.4606674 -0.0170719 0.8860367 -0.1173994 -0.0787930 0.3498600 0.0044292 0.0043153 -0.0001928 0.0615230 -0.0265609 0.1262235 
1502244235.710780 -0.3244558 -0.5754936 20.8865485 0.0469832 -0.4736761 -0.0154643 0.8793091 -0.1166203 -0.0470827 0.3538548 0.0044993 0.0041844 -0.0002910 0.0599622 -0.0268712 0.1255321 
1502244235.810849 -0.3366072 -0.5767040 20.9201950 0.0470682 -0.4925217 -0.0121206 0.8689419 -0.1286967 0.0035996 0.3065864 0.0045652 0.0039803 -0.0004003 0.0580173 -0.0272864 0.1248746 
1502244235.910756 -0.3535268 -0.5793390 20.9465553 0.0526176 -0.5137164 -0.0184840 0.8561456 -0.1927737 -0.0334684 0.2297026 0.0045813 0.0038012 -0.0004300 0.0565561 -0.0276654 0.1243519 
1502244236.377384 -0.4926762 -0.5953534 21.0556862 0.0580314 -0.5721583 -0.0223756 0.8177815 -0.3595557 -0.1117972 0.2025336 0.0021207 0.0028058 -0.0007686 0.0588799 -0.0275139 0.1278565 
1502244236.477314 -0.5293212 -0.6074379 21.0736028 0.0572947 -0.5821765 -0.0284870 0.8105408 -0.3716186 -0.0997445 0.1708999 0.0019012 0.0028453 -0.0007731 0.0587697 -0.0273888 0.1279059 
1502244236.910565 -0.6859398 -0.6221072 21.1445762 0.0554782 -0.6133182 -0.0220941 0.7875752 -0.3422307 0.0250107 0.1729432 0.0012376 0.0036775 -0.0003947 0.0556868 -0.0307397 0.1277015 
1502244237.010372 -0.7222572 -0.6204129 21.1644785 0.0572919 -0.6256259 -0.0185554 0.7777953 -0.3885250 0.0142264 0.2240647 0.0011422 0.0038047 -0.0003061 0.0549267 -0.0316807 0.1276670 
1502244237.210641 -0.8073519 -0.6231161 21.2159324 0.0548566 -0.6535247 -0.0055792 0.7548941 -0.4225011 -0.0370245 0.2952324 0.0007517 0.0039041 -0.0004384 0.0469393 -0.0365143 0.1282995 
1502244238.010382 -1.0902448 -0.6462996 21.2928702 0.0506912 -0.7676095 0.0036956 0.6388994 -0.4175150 -0.0206818 0.0012335 0.0007208 -0.0019424 0.0009614 0.0041324 -0.0300021 0.1575447 
1502244238.077079 -1.1185235 -0.6481131 21.2941177 0.0559101 -0.7792581 -0.0016166 0.6242020 -0.4352032 -0.0296601 0.0249345 0.0006872 -0.0020723 0.0010307 0.0042440 -0.0289496 0.1579561 
1502244238.144046 -1.1482734 -0.6518940 21.2969872 0.0605150 -0.7901959 -0.0063784 0.6098259 -0.4486293 -0.0705191 0.0666774 0.0005624 -0.0022468 0.0010354 0.0040278 -0.0266038 0.1585445 
1502244238.210443 -1.1767715 -0.6577552 21.2998427 0.0660146 -0.7995196 -0.0139707 0.5968377 -0.4141468 -0.0968029 0.0200084 0.0003846 -0.0023728 0.0010832 0.0045027 -0.0248638 0.1589578 
1502244238.443875 -1.2700223 -0.6693620 21.3112690 0.0600948 -0.8098288 -0.0115809 0.5834654 -0.3288239 -0.0472771 0.0177063 -0.0000278 -0.0023536 0.0013198 0.0092300 -0.0245371 0.1597413 
1502244238.610230 -1.3284824 -0.6719288 21.3197613 0.0587534 -0.8123139 -0.0091539 0.5801813 -0.3873544 0.0023826 0.0828699 0.0005961 -0.0009048 0.0015670 0.0259992 -0.0355489 0.1601850 
1502244238.710274 -1.3686807 -0.6712695 21.3304529 0.0595789 -0.8136977 -0.0074000 0.5781797 -0.4189260 0.0085618 0.1316140 0.0007499 -0.0006969 0.0015150 0.0277068 -0.0367573 0.1602566 
1502244238.843612 -1.4291076 -0.6726558 21.3509326 0.0628092 -0.8173066 -0.0071384 0.5727250 -0.4909000 -0.0317351 0.1809648 0.0012313 0.0000522 0.0015097 0.0307542 -0.0381691 0.1598755 
1502244238.976949 -1.4953612 -0.6775577 21.3817010 0.0521342 -0.8143284 0.0024317 0.5780531 -0.4853521 -0.0301046 0.2614017 0.0014723 0.0003038 0.0014781 0.0321731 -0.0374011 0.1583844 
1502244239.043578 -1.5251341 -0.6804590 21.3984329 0.0625007 -0.8203025 -0.0057838 0.5684752 -0.4173741 -0.0532153 0.2427865 0.0015229 0.0003053 0.0014573 0.0325981 -0.0360156 0.1570762 
1502244239.343532 -1.6408406 -0.6936894 21.4723028 0.0638631 -0.8183179 -0.0103669 0.5711129 -0.3396522 -0.0785116 0.2015799 0.0014715 0.0005142 0.0024411 0.0348694 -0.0216374 0.1371563 
1502244239.410211 -1.6644180 -0.6979080 21.4864282 0.0564362 -0.8116638 -0.0054110 0.5813669 -0.3667647 -0.0301059 0.2086954 0.0014626 0.0005343 0.0025220 0.0350992 -0.0210318 0.1360473 
1502244239.743524 -1.7897854 -0.7003709 21.5336329 0.0565717 -0.7882552 -0.0008582 0.6127420 -0.4238865 -0.0057733 0.0772823 0.0013289 -0.0007923 0.0028571 0.0431762 -0.0139609 0.1288509 
1502244239.810112 -1.8194256 -0.7007321 21.5386432 0.0629339 -0.7861744 -0.0060636 0.6147620 -0.4545879 -0.0307992 0.0669665 0.0012900 -0.0008331 0.0028209 0.0435844 -0.0137794 0.1285174 
1502244239.876756 -1.8495240 -0.7048968 21.5438731 0.0675619 -0.7837992 -0.0117933 0.6172156 -0.4472195 -0.0965292 0.0855299 0.0012678 -0.0008653 0.0027485 0.0439152 -0.0137404 0.1281318 
1502244240.110082 -1.9508869 -0.7274482 21.5583411 0.0619947 -0.7654877 -0.0199508 0.6401462 -0.4339795 -0.0394231 0.0660308 0.0010672 -0.0006046 0.0024545 0.0450773 -0.0138675 0.1271579 
1502244240.476672 -2.0915304 -0.7389642 21.5895249 0.0603158 -0.7330272 -0.0189026 0.6772561 -0.3988272 0.0100780 0.1060455 -0.0003585 0.0027528 -0.0001280 0.0190654 -0.0213550 0.1354919 
1502244240.709963 -2.1991854 -0.7390571 21.6148664 0.0576339 -0.7198420 -0.0087802 0.6916854 -0.4974129 -0.0342639 0.1047439 -0.0005861 0.0026899 -0.0003410 0.0166376 -0.0224574 0.1369351 
1502244240.776677 -2.2327178 -0.7427862 21.6228810 0.0564815 -0.7185377 -0.0092220 0.6931294 -0.4912406 -0.0993120 0.1274726 -0.0006459 0.0025966 -0.0003922 0.0159332 -0.0227142 0.1374539 
1502244241.309835 -2.4625787 -0.7629431 21.6855723 0.0555302 -0.7042248 -0.0091960 0.7077424 -0.4161942 -0.0147686 0.0817711 -0.0006975 -0.0014945 -0.0013309 0.0153078 -0.0211799 0.1503364 
1502244241.443187 -2.5215812 -0.7622544 21.6934647 0.0615833 -0.6984059 -0.0123946 0.7129397 -0.4724179 0.0083821 0.0419160 -0.0005418 -0.0016875 -0.0014568 0.0166460 -0.0197695 0.1510272 
1502244241.643226 -2.6269112 -0.7688314 21.6909848 0.0747266 -0.6899640 -0.0286643 0.7194053 -0.5399510 -0.1181062 -0.0437937 -0.0006872 -0.0016267 -0.0015661 0.0197342 -0.0169286 0.1518705 
1502244242.009923 -2.8180880 -0.7910590 21.6776683 0.0779975 -0.6701822 -0.0427692 0.7368467 -0.4425078 -0.0423040 -0.0438030 -0.0065979 0.0073289 -0.0043289 0.0287185 0.0035316 0.1545326 
1502244242.109943 -2.8627718 -0.7937186 21.6736078 0.0744279 -0.6636851 -0.0363691 0.7434110 -0.4536751 -0.0192066 -0.0286212 -0.0066839 0.0074957 -0.0043269 0.0284186 0.0038646 0.1546295 
1502244242.609863 -3.1327269 -0.8010349 21.6635958 0.0715746 -0.7072969 -0.0252572 0.7028302 -0.4982324 0.0186913 -0.0615271 -0.0033679 0.0019609 -0.0019197 0.0185748 -0.0004682 0.1513991 
1502244243.243004 -3.4560943 -0.8153343 21.5780902 0.0786408 -0.7598328 -0.0221360 0.6449650 -0.5281883 -0.1541311 -0.1790906 -0.0024105 0.0031144 0.0007473 0.0667034 -0.0072785 0.1413065 
1502244243.309680 -3.4904974 -0.8236010 21.5671016 0.0718700 -0.7583728 -0.0193171 0.6475587 -0.5019955 -0.0918964 -0.1542024 -0.0023445 0.0032037 0.0007486 0.0675619 -0.0075354 0.1409399 
1502244243.509590 -3.5771826 -0.8331723 21.5388984 0.0586190 -0.7526675 -0.0094134 0.6557185 -0.3860954 -0.0459398 -0.1230653 -0.0019301 0.0043175 0.0007069 0.0706188 -0.0087769 0.1380360 
1502244243.676273 -3.6439910 -0.8335359 21.5257981 0.0487871 -0.7496071 0.0032556 0.6600746 -0.4281437 0.0069146 -0.0488129 -0.0016438 0.0047731 0.0005699 0.0693341 -0.0091581 0.1365723 
1502244243.743009 -3.6736465 -0.8324973 21.5224238 0.0487290 -0.7523698 0.0060186 0.6569086 -0.4680260 0.0125375 -0.0560125 -0.0015271 0.0048599 0.0004869 0.0675603 -0.0091143 0.1359282 
1502244243.909539 -3.7602750 -0.8379525 21.5180401 0.0349218 -0.7600380 0.0203875 0.6486194 -0.5283852 -0.0659159 0.0163770 -0.0008772 0.0035717 -0.0000189 0.0410318 -0.0090891 0.1285529 
1502244244.042910 -3.8249019 -0.8516601 21.5161331 0.0358322 -0.7812845 0.0126540 0.6230172 -0.4505068 -0.0915147 -0.0248994 -0.0006323 0.0006606 -0.0001100 0.0202040 -0.0164517 0.1252624 
1502244244.142737 -3.8703676 -0.8552133 21.5148447 0.0282660 -0.7910509 0.0167679 0.6108668 -0.4524707 -0.0139227 -0.0285816 -0.0005576 0.0003129 -0.0000661 0.0188671 -0.0166405 0.1246978 
1502244244.443004 -3.9915049 -0.8668064 21.4988512 0.0145502 -0.8060810 0.0248381 0.5911047 -0.4308973 -0.0065974 -0.0479672 0.0006028 -0.0019687 0.0013923 0.0310930 -0.0179658 0.1158520 
1502244244.509384 -4.0207152 -0.8673774 21.4945703 0.0090151 -0.8031629 0.0300553 0.5949325 -0.4512681 -0.0172959 -0.0816171 0.0006945 -0.0019968 0.0015273 0.0325456 -0.0183756 0.1152404 
1502244244.676110 -4.0975039 -0.8720174 21.4725199 0.0099048 -0.7977406 0.0309017 0.6021270 -0.4786293 -0.0731573 -0.1420510 0.0014288 -0.0016651 0.0025938 0.0483442 -0.0206188 0.1102746 
1502244244.909400 -4.1992018 -0.8918315 21.4496913 -0.0018520 -0.7717124 0.0327970 0.6351228 -0.3721035 -0.0258047 -0.0097946 0.0027041 0.0032100 0.0049032 0.0962217 -0.0282084 0.1001847 
1502244244.976050 -4.2226986 -0.8944858 21.4509119 -0.0041832 -0.7626142 0.0350950 0.6458873 -0.3317109 -0.0412942 0.0406299 0.0027464 0.0033773 0.0049526 0.0976605 -0.0282800 0.0998602 
1502244245.042640 -4.2438247 -0.8973577 21.4530450 -0.0015856 -0.7570760 0.0328789 0.6524971 -0.3078244 -0.0355737 0.0368677 0.0027800 0.0035985 0.0050164 0.0991342 -0.0281356 0.0994384 
1502244245.376007 -4.3624547 -0.9012964 21.4894452 -0.0076594 -0.7261498 0.0472765 0.6858664 -0.4153398 -0.0341649 0.1134261 0.0032380 0.0055878 0.0053150 0.1078379 -0.0249181 0.0946795 
1502244245.442768 -4.3911751 -0.9046672 21.4963758 -0.0098521 -0.7228375 0.0502240 0.6891201 -0.4447357 -0.0684217 0.1166174 0.0033048 0.0057558 0.0054005 0.1090615 -0.0259569 0.0943260 
1502244245.576038 -4.4483343 -0.9199757 21.5156857 -0.0085615 -0.7263310 0.0424697 0.6859784 -0.4168913 -0.1545352 0.1470971 0.0034560 0.0057029 0.0053326 0.1080140 -0.0283792 0.0935137 
1502244245.775888 -4.5311428 -0.9290239 21.5472710 -0.0083691 -0.7267601 0.0401351 0.6856667 -0.3821923 -0.0315277 0.1120782 0.0039156 0.0047570 0.0046798 0.1001628 -0.0337920 0.0907999 
1502244245.842571 -4.5553511 -0.9320779 21.5542897 -0.0105893 -0.7222013 0.0429536 0.6902667 -0.3617412 -0.0351917 0.1174976 0.0039585 0.0046470 0.0046081 0.0995319 -0.0345570 0.0904888 
1502244245.909401 -4.5797269 -0.9344136 21.5611157 -0.0138351 -0.7149286 0.0465195 0.6975110 -0.3556386 -0.0373385 0.0817038 0.0039989 0.0045646 0.0044840 0.0986243 -0.0351435 0.0901721 
1502244246.042588 -4.6319782 -0.9372220 21.5730765 -0.0095670 -0.7056130 0.0473032 0.7069520 -0.4183711 -0.0165558 0.0713985 0.0041185 0.0044345 0.0042285 0.0974439 -0.0360224 0.0894545 
1502244246.342516 -4.7689884 -0.9518321 21.5795408 0.0148676 -0.6982735 0.0250111 0.7152395 -0.4401507 -0.1503073 -0.0015641 0.0029620 -0.0009511 -0.0030194 0.0642147 -0.0289718 0.0794651 
1502244246.575842 -4.8635929 -0.9680742 21.5777092 0.0234798 -0.6845316 0.0126955 0.7284943 -0.3282144 -0.0246969 -0.0207109 0.0027719 -0.0010696 -0.0033757 0.0615209 -0.0290729 0.0789007 
1502244246.642467 -4.8853499 -0.9707987 21.5755023 0.0273608 -0.6803115 0.0093782 0.7323522 -0.3252326 -0.0373664 -0.0262366 0.0027091 -0.0010772 -0.0034507 0.0605319 -0.0293621 0.0788459 
1502244247.775827 -5.3819911 -1.0118821 21.5333741 0.0109504 -0.6974203 0.0243164 0.7161660 -0.4991269 -0.0285463 -0.1489819 -0.0002363 -0.0046163 -0.0019922 0.0201558 -0.0243135 0.0816574 
1502244248.075335 -5.5407744 -1.0330813 21.4899203 0.0169548 -0.7067638 0.0107798 0.7071642 -0.4648304 -0.0736105 -0.1527443 -0.0011580 -0.0038587 -0.0011827 0.0335492 -0.0228120 0.0855753 
1502244248.142037 -5.5717054 -1.0364099 21.4809126 0.0179024 -0.7075500 0.0083626 0.7063870 -0.4560996 -0.0443751 -0.1248136 -0.0011933 -0.0037382 -0.0010555 0.0346325 -0.0231292 0.0860968 
1502244248.308871 -5.6435588 -1.0456622 21.4639722 0.0080870 -0.7000054 0.0162900 0.7139059 -0.4126008 -0.0550733 -0.0882293 -0.0015386 -0.0025315 -0.0004892 0.0381358 -0.0258787 0.0901120 
1502244248.909036 -5.9547575 -1.0617406 21.4571496 0.0059186 -0.7144577 0.0206055 0.6993501 -0.5636776 -0.0795487 0.0451303 -0.0020733 -0.0017253 0.0006622 0.0364188 -0.0322255 0.0947567 
1502244248.975363 -5.9910757 -1.0649041 21.4600803 0.0017197 -0.7164743 0.0227865 0.6972391 -0.5377535 -0.0377003 0.0360414 -0.0021253 -0.0018055 0.0008221 0.0370897 -0.0325907 0.0950883 
1502244249.042057 -6.0259574 -1.0674390 21.4623294 0.0005999 -0.7200943 0.0226012 0.6935077 -0.5200725 -0.0483953 0.0079023 -0.0021583 -0.0018943 0.0009584 0.0381099 -0.0329469 0.0954873 
1502244249.308655 -6.1420187 -1.0749052 21.4573284 -0.0103409 -0.7229115 0.0288184 0.6902620 -0.4166000 0.0204991 -0.0223789 -0.0018872 -0.0018341 0.0020285 0.0591995 -0.0353618 0.1021916 
1502244249.442236 -6.1980530 -1.0763515 21.4551149 -0.0164802 -0.7182549 0.0355185 0.6946775 -0.4235930 -0.0031108 -0.0074753 -0.0017930 -0.0017275 0.0020550 0.0613598 -0.0356554 0.1033220 
1502244249.841978 -6.3444443 -1.0969822 21.4514396 -0.0159382 -0.6938337 0.0301745 0.7193262 -0.2804392 -0.0368307 0.0080794 -0.0017798 0.0048507 0.0011468 0.0732659 -0.0250875 0.1267460 
1502244250.341942 -6.5120062 -1.0920638 21.5063310 -0.0023545 -0.6614961 0.0311591 0.7492973 -0.4682288 0.0064966 0.1886992 -0.0016634 0.0046208 0.0011536 0.0717460 -0.0230398 0.1288359 
1502244250.841750 -6.7446210 -1.0990374 21.5939876 0.0236359 -0.6744408 0.0163363 0.7377697 -0.4140526 0.0234291 0.0969191 -0.0000789 -0.0019751 -0.0008760 0.0891502 -0.0191683 0.1271955 
1502244251.275164 -6.9216591 -1.1058434 21.6257295 0.0473935 -0.6450973 -0.0087361 0.7625792 -0.3446179 -0.0146663 0.0498672 0.0007484 0.0009275 -0.0027220 0.0993226 -0.0133255 0.1209737 
1502244251.541692 -7.0038503 -1.1060141 21.6495590 0.0661340 -0.6225353 -0.0321474 0.7791294 -0.3056453 0.0047775 0.1279614 0.0010112 0.0052000 -0.0044297 0.0902333 -0.0092245 0.1159059 
1502244251.674980 -7.0484083 -1.1043883 21.6606412 0.0715044 -0.6158863 -0.0365274 0.7837327 -0.3667399 0.0060598 0.0707723 0.0010109 0.0054488 -0.0045191 0.0882916 -0.0093748 0.1155375 
1502244252.141516 -7.2336088 -1.1310202 21.6948053 0.0669764 -0.6273156 -0.0378221 0.7749573 -0.3557680 -0.0495767 -0.0141548 0.0003020 0.0035010 -0.0032913 0.0485265 -0.0167137 0.1112887 
1502244252.508236 -7.3842586 -1.1448355 21.6651124 0.0545908 -0.6431725 -0.0166176 0.7635921 -0.4465963 0.0083547 -0.1346760 0.0003232 0.0029621 -0.0026754 0.0501295 -0.0192622 0.1135701 
1502244252.841478 -7.5561061 -1.1585446 21.6063674 0.0644508 -0.6692180 -0.0225069 0.7399235 -0.4930546 -0.0538601 -0.2080005 -0.0006028 0.0047178 -0.0006699 0.0683702 -0.0303849 0.1225843 
1502244252.908242 -7.5876210 -1.1612869 21.5932438 0.0613061 -0.6702376 -0.0185243 0.7393781 -0.4508042 -0.0435486 -0.1827557 -0.0006480 0.0047932 -0.0005558 0.0691606 -0.0310041 0.1230625 
1502244253.008124 -7.6298669 -1.1644582 21.5773325 0.0555710 -0.6732321 -0.0111854 0.7372552 -0.3944973 -0.0344087 -0.1549234 -0.0006709 0.0048247 -0.0003406 0.0701290 -0.0319933 0.1237176 
1502244253.341408 -7.7720657 -1.1640385 21.5401038 0.0538197 -0.7044526 0.0031096 0.7077007 -0.5244354 0.0246735 -0.0766504 -0.0005254 0.0045025 0.0001113 0.0691701 -0.0336465 0.1246565 
1502244253.541369 -7.8886144 -1.1748135 21.5353767 0.0510565 -0.7267760 0.0055151 0.6849521 -0.6057662 -0.1568251 0.0294803 -0.0005572 0.0037691 0.0002923 0.0673413 -0.0333074 0.1251589 
1502244253.608179 -7.9276627 -1.1853299 21.5380548 0.0520731 -0.7375785 0.0019393 0.6732478 -0.5668269 -0.1235225 0.0662738 -0.0005742 0.0035124 0.0003571 0.0670878 -0.0331603 0.1252390 
1502244253.674634 -7.9649408 -1.1909395 21.5435097 0.0473438 -0.7446346 0.0033932 0.6657825 -0.5552646 -0.0690108 0.0789512 -0.0005939 0.0032019 0.0004053 0.0670719 -0.0327671 0.1252383 
1502244253.841318 -8.0471096 -1.1956368 21.5529189 0.0591597 -0.7648232 -0.0048207 0.6415001 -0.4532059 -0.0468208 0.0265868 -0.0007488 0.0029058 0.0006677 0.0689761 -0.0319940 0.1251191 
1502244254.041255 -8.1419803 -1.1956992 21.5610106 0.0570836 -0.7638276 0.0016772 0.6428888 -0.5072069 0.0263747 0.0488810 -0.0005783 0.0027869 0.0007924 0.0713588 -0.0315950 0.1239574 
1502244254.474642 -8.3425729 -1.2186688 21.5987529 0.0475612 -0.7276167 0.0023754 0.6843290 -0.3681905 -0.0049775 0.1571038 -0.0015503 0.0098148 0.0025146 0.1139996 -0.0223266 0.1035168 
1502244254.607816 -8.3879325 -1.2200510 21.6203799 0.0507851 -0.7177375 -0.0032330 0.6944518 -0.3241147 0.0196992 0.2094380 -0.0014316 0.0100509 0.0026458 0.1156970 -0.0202176 0.1014854 
1502244254.707989 -8.4240561 -1.2195356 21.6419991 0.0486284 -0.7068319 0.0014152 0.7057067 -0.3768271 0.0406843 0.2557481 -0.0013672 0.0102129 0.0027399 0.1165488 -0.0189078 0.1003059 
1502244255.141349 -8.6226963 -1.2372427 21.7722158 0.0451215 -0.7037350 0.0028186 0.7090227 -0.4499926 -0.0318658 0.3082874 -0.0011564 0.0094147 0.0030053 0.1200338 -0.0163786 0.0965239 
1502244255.174703 -8.6373961 -1.2378620 21.7820053 0.0452737 -0.7048884 0.0034552 0.7078635 -0.4313956 -0.0003705 0.2783021 -0.0011440 0.0093658 0.0030339 0.1206434 -0.0161721 0.0962178 
1502244255.607801 -8.8115648 -1.2381339 21.8638353 0.0402513 -0.6922578 0.0152300 0.7203659 -0.4490986 0.0020405 0.1246647 -0.0008760 0.0086693 0.0029674 0.1318669 -0.0139765 0.0920429 
1502244256.074365 -9.0054068 -1.2644730 21.9169028 0.0453646 -0.6689452 -0.0012518 0.7419251 -0.3289464 -0.0260276 0.0973949 -0.0008295 0.0107694 0.0022946 0.1415849 -0.0069195 0.0867077 
1502244256.141030 -9.0281128 -1.2655220 21.9243403 0.0427801 -0.6593955 0.0013724 0.7505768 -0.3528859 0.0006990 0.1199611 -0.0007303 0.0109097 0.0022022 0.1418437 -0.0066969 0.0854291 
1502244256.474344 -9.1805522 -1.2683630 21.9753756 0.0493123 -0.6439273 0.0025187 0.7634917 -0.5559306 -0.0464008 0.1328684 0.0001344 0.0108546 -0.0000409 0.1288340 -0.0046908 0.0603548 
1502244256.674244 -9.2779021 -1.2881871 22.0040321 0.0574484 -0.6584032 -0.0142580 0.7503344 -0.4292620 -0.0784371 0.1362543 0.0001841 0.0107121 -0.0002480 0.1253638 -0.0042725 0.0579489 
1502244256.840930 -9.3426768 -1.2976281 22.0128122 0.0625704 -0.6683829 -0.0239953 0.7407925 -0.3446606 -0.0659507 -0.0089538 0.0001690 0.0105621 -0.0003549 0.1221381 -0.0042953 0.0566307 
1502244257.040946 -9.4161022 -1.3000951 22.0095771 0.0551154 -0.6740519 -0.0111252 0.7365409 -0.3936542 0.0147492 -0.0246519 0.0003273 0.0039866 -0.0014551 0.0842919 -0.0108334 0.0473219 
1502244257.107621 -9.4444094 -1.2987607 22.0073877 0.0554441 -0.6815742 -0.0088692 0.7295916 -0.4396566 0.0089165 -0.0429538 0.0002922 0.0038308 -0.0014652 0.0834960 -0.0115315 0.0474623 
1502244257.241006 -9.5090734 -1.2987436 21.9984818 0.0601737 -0.6982096 -0.0078889 0.7133163 -0.5216683 -0.0218289 -0.0788533 0.0002272 0.0035013 -0.0015634 0.0818715 -0.0134677 0.0480273 
1502244257.474342 -9.6265397 -1.3192861 21.9763608 0.0646469 -0.7249891 -0.0177982 0.6854887 -0.4837602 -0.0479086 -0.0807880 -0.0001406 0.0034210 -0.0019233 0.0749859 -0.0143136 0.0511575 
1502244257.740843 -9.7422762 -1.3296553 21.9560706 0.0563364 -0.7378739 -0.0097381 0.6725129 -0.4578737 0.0207571 -0.0457412 -0.0006309 0.0042402 -0.0023109 0.0625851 -0.0215206 0.0575329 
1502244258.107366 -9.9399437 -1.3359079 21.9571668 0.0420193 -0.7655445 0.0139999 0.6418567 -0.5857662 -0.0853584 0.0489747 -0.0013409 0.0029357 -0.0028952 0.0387069 -0.0276797 0.0661422 
1502244258.240987 -10.0094678 -1.3505683 21.9618846 0.0510964 -0.7902964 0.0007838 0.6105900 -0.4670883 -0.0437144 0.0451264 -0.0014596 0.0025122 -0.0028971 0.0363158 -0.0278592 0.0677612 
1502244258.907172 -10.3197905 -1.3668626 21.9511704 0.0307401 -0.8249003 0.0206104 0.5640654 -0.5313268 -0.1359575 -0.0194615 -0.0022712 -0.0023495 -0.0000991 0.0270406 -0.0041292 0.0802152 
1502244258.973886 -10.3526232 -1.3761497 21.9488350 0.0325968 -0.8280317 0.0145640 0.5595434 -0.4512744 -0.1336178 -0.0646661 -0.0022609 -0.0022755 0.0000023 0.0287338 -0.0033591 0.0797727 
1502244259.174021 -10.4391533 -1.3905851 21.9418842 0.0282546 -0.8191071 0.0133008 0.5727899 -0.3925370 -0.0426340 -0.0106247 -0.0018437 0.0003789 0.0009493 0.0483779 -0.0036572 0.0763987 
1502244259.240818 -10.4657202 -1.3924997 21.9417871 0.0238109 -0.8111013 0.0169042 0.5841763 -0.4004078 -0.0179839 0.0199855 -0.0018011 0.0005900 0.0010278 0.0498028 -0.0032352 0.0760402 
1502244259.341331 -10.5098218 -1.3914471 21.9469501 0.0201539 -0.8000497 0.0227744 0.5991625 -0.4688884 0.0205646 0.0956695 -0.0017574 0.0007863 0.0012173 0.0519011 -0.0034939 0.0752685 
1502244259.573656 -10.6288146 -1.3899926 21.9731761 0.0193600 -0.7857620 0.0318552 0.6174046 -0.5487597 -0.0146758 0.1273671 0.0009970 0.0048161 0.0032026 0.0806118 -0.0238780 0.0568739 
1502244259.640674 -10.6670041 -1.3932740 21.9815737 0.0174090 -0.7821949 0.0343903 0.6218403 -0.5664762 -0.0464444 0.1520059 0.0010835 0.0048960 0.0032308 0.0813686 -0.0244528 0.0564049 
1502244259.773871 -10.7425011 -1.4064874 22.0048029 0.0200645 -0.7815237 0.0285854 0.6228972 -0.5156513 -0.1392728 0.1622675 0.0011159 0.0050161 0.0035319 0.0844984 -0.0280515 0.0560483 
1502244259.907184 -10.8122667 -1.4160257 22.0307864 0.0166871 -0.7771005 0.0292250 0.6284761 -0.5101590 -0.0299090 0.1796892 0.0010764 0.0049089 0.0035871 0.0880497 -0.0298755 0.0559769 
1502244260.207110 -10.9501291 -1.4274785 22.0667653 0.0255198 -0.7630215 0.0233629 0.6454464 -0.4646131 0.0062867 0.0913000 0.0016043 0.0040396 0.0015852 0.1337290 -0.0441736 0.0620168 
1502244260.473650 -11.0865764 -1.4341135 22.0820337 0.0322056 -0.7352600 0.0242943 0.6765836 -0.5094764 -0.1052033 0.0364848 0.0015585 0.0041814 0.0012492 0.1365205 -0.0448168 0.0641204 
1502244260.607360 -11.1506984 -1.4542385 22.0827023 0.0350760 -0.7224863 0.0137491 0.6903580 -0.4884035 -0.1137066 0.0092596 0.0015627 0.0043416 0.0010160 0.1375231 -0.0447600 0.0649121 
1502244261.040767 -11.3416653 -1.4685891 22.1010725 0.0383571 -0.6658954 0.0130498 0.7449442 -0.4954545 0.0127679 0.0986127 0.0016936 0.0047112 -0.0012693 0.1288642 -0.0390572 0.0613868 
1502244261.240468 -11.4506054 -1.4692535 22.1149390 0.0402727 -0.6496817 0.0184589 0.7589144 -0.5684401 -0.0217487 0.0326421 0.0016416 0.0046021 -0.0016513 0.1263725 -0.0375621 0.0598813 
1502244261.373502 -11.5236987 -1.4849272 22.1225523 0.0488795 -0.6562035 0.0019867 0.7529966 -0.5282516 -0.0873504 0.0741256 0.0015265 0.0044496 -0.0018757 0.1239512 -0.0365036 0.0593216 
1502244261.973165 -11.7652575 -1.5003994 22.1104110 0.0547718 -0.6778930 0.0011661 0.7331164 -0.4853837 -0.0474512 -0.1683522 -0.0002645 0.0006513 -0.0024044 0.1037970 -0.0279398 0.0578021 
1502244262.140270 -11.8410167 -1.5153165 22.0795771 0.0625265 -0.6970186 -0.0133974 0.7141960 -0.4190606 -0.1249345 -0.2241651 -0.0004629 0.0005526 -0.0023547 0.1032082 -0.0285343 0.0581671 
1502244262.273375 -11.8981303 -1.5252857 22.0506549 0.0594930 -0.7043002 -0.0149497 0.7072470 -0.4164669 -0.0487769 -0.1938669 -0.0006851 0.0001908 -0.0018482 0.1011097 -0.0338810 0.0606919 
1502244262.406869 -11.9483177 -1.5304179 22.0248442 0.0483795 -0.7046321 -0.0042618 0.7079088 -0.3649280 -0.0061081 -0.1941412 -0.0007760 0.0000497 -0.0015563 0.1000373 -0.0380031 0.0625000 
1502244262.507030 -11.9854503 -1.5290261 22.0094103 0.0488399 -0.7133437 -0.0020858 0.6991073 -0.4068684 0.0255296 -0.1300591 -0.0008323 0.0000205 -0.0013944 0.0991942 -0.0400483 0.0637259 
1502244262.739800 -12.0941491 -1.5250821 21.9830494 0.0473470 -0.7338754 0.0116126 0.6775325 -0.5490330 -0.0093347 -0.1340006 -0.0006859 0.0000934 -0.0011240 0.0964465 -0.0437680 0.0669848 
1502244263.173265 -12.3294833 -1.5555496 21.9533667 0.0386925 -0.7736326 0.0167900 0.6322291 -0.4033323 -0.0680873 -0.0761849 -0.0006669 -0.0003092 -0.0006988 0.0921343 -0.0417207 0.0696188 
1502244263.239820 -12.3560598 -1.5591692 21.9494885 0.0360080 -0.7778849 0.0177668 0.6271226 -0.4102582 -0.0323625 -0.0362296 -0.0006644 -0.0003249 -0.0005014 0.0929639 -0.0417415 0.0698179 
1502244263.506478 -12.4741850 -1.5578566 21.9468422 0.0357572 -0.7884762 0.0267643 0.6134414 -0.4802547 -0.0133798 -0.0151707 -0.0005022 -0.0005956 0.0008714 0.1056133 -0.0399065 0.0705604 
1502244263.806540 -12.6421322 -1.5812808 21.9342630 0.0614634 -0.7873737 -0.0000501 0.6134044 -0.5616434 -0.1103385 -0.0181187 -0.0009284 0.0014726 0.0022986 0.1415989 -0.0262894 0.0655676 
1502244263.872972 -12.6792744 -1.5876176 21.9349699 0.0525206 -0.7765100 0.0037034 0.6279013 -0.5585265 -0.0915586 0.0320447 -0.0009249 0.0015604 0.0023562 0.1428567 -0.0256459 0.0651633 
1502244263.973341 -12.7313031 -1.5926840 21.9392531 0.0453799 -0.7625498 0.0075972 0.6452913 -0.4830362 -0.0444281 0.0311563 -0.0009022 0.0017303 0.0024329 0.1444205 -0.0244756 0.0646299 
1502244264.372876 -12.9167112 -1.5957266 21.9751675 0.0412535 -0.7222089 0.0206505 0.6901348 -0.4866663 0.0117074 0.1369039 -0.0009078 0.0021158 0.0023404 0.1444599 -0.0247229 0.0630165 
1502244264.439824 -12.9484341 -1.5947469 21.9851240 0.0384024 -0.7163907 0.0253322 0.6961810 -0.4566780 0.0101679 0.1515719 -0.0009337 0.0021159 0.0022987 0.1442151 -0.0248706 0.0628885 
1502244264.872839 -13.1408716 -1.6196470 22.0203131 0.0437963 -0.7084961 0.0080131 0.7043089 -0.3922750 -0.0111054 0.0241507 -0.0010585 0.0008939 0.0020974 0.1426897 -0.0234041 0.0629764 
1502244265.006450 -13.1940806 -1.6193098 22.0242038 0.0477622 -0.7018290 0.0079021 0.7106985 -0.4055547 0.0031065 0.0184093 -0.0011340 0.0007064 0.0020917 0.1435510 -0.0219167 0.0632058 
1502244265.139546 -13.2519549 -1.6177201 22.0250175 0.0568713 -0.6952256 0.0015955 0.7165365 -0.4398069 0.0010583 -0.0135279 -0.0012968 0.0007418 0.0021988 0.1458671 -0.0196860 0.0635909 
1502244265.339574 -13.3432651 -1.6294849 22.0179028 0.0705531 -0.6799615 -0.0218041 0.7295198 -0.4558603 -0.0948236 -0.0319294 -0.0022561 0.0018836 0.0028395 0.1576341 -0.0112970 0.0657660 
1502244265.406255 -13.3745079 -1.6351328 22.0167385 0.0639012 -0.6639284 -0.0174976 0.7448554 -0.4644431 -0.0755004 -0.0231072 -0.0023804 0.0020539 0.0028834 0.1591308 -0.0105324 0.0661044 
1502244265.606238 -13.4538583 -1.6410742 22.0165255 0.0652534 -0.6421283 -0.0242280 0.7634306 -0.3710350 -0.0111751 0.0322978 -0.0030122 0.0035030 0.0026549 0.1640799 -0.0046957 0.0684439 
1502244265.706279 -13.4923816 -1.6402872 22.0191644 0.0615618 -0.6320180 -0.0174794 0.7723068 -0.3949672 0.0158857 0.0017742 -0.0029466 0.0036670 0.0025025 0.1629438 -0.0023111 0.0685024 
1502244265.906183 -13.5822766 -1.6500506 22.0090575 0.0602205 -0.6234417 -0.0202367 0.7792846 -0.5320373 -0.0662813 -0.0190623 -0.0027908 0.0041483 0.0017759 0.1553321 0.0040695 0.0680321 
1502244265.972712 -13.6193918 -1.6543361 22.0096903 0.0539764 -0.6201996 -0.0117298 0.7824969 -0.5698218 -0.0584667 0.0397001 -0.0027504 0.0041648 0.0016837 0.1543160 0.0047538 0.0680154 
1502244266.039448 -13.6571385 -1.6572443 22.0155324 0.0575015 -0.6317067 -0.0173790 0.7728766 -0.5652220 -0.0599599 0.1107485 -0.0027481 0.0041888 0.0015790 0.1534829 0.0049710 0.0676962 
1502244266.306142 -13.7889939 -1.6708539 22.0294642 0.0630122 -0.6770488 -0.0203371 0.7329535 -0.4443543 -0.0205569 -0.0252576 -0.0019448 0.0011682 0.0002034 0.1290149 -0.0013053 0.0617976 
1502244266.439550 -13.8454516 -1.6729178 22.0207978 0.0553244 -0.6850672 -0.0081394 0.7263304 -0.4178038 -0.0114221 -0.0980759 -0.0018370 0.0008248 0.0001668 0.1275321 -0.0021375 0.0614135 
1502244266.672658 -13.9549434 -1.6706278 21.9962065 0.0601545 -0.7027441 0.0003254 0.7088950 -0.5112642 -0.0051482 -0.1278420 -0.0005091 -0.0019572 0.0005123 0.1261429 -0.0089309 0.0612618 
1502244266.772640 -14.0078387 -1.6718413 21.9812023 0.0668210 -0.7104012 -0.0035826 0.7006085 -0.5391053 -0.0388910 -0.1592770 -0.0003735 -0.0021902 0.0005550 0.1262384 -0.0101076 0.0612450 
1502244267.105957 -14.1617937 -1.6979809 21.9317229 0.0632625 -0.7148323 -0.0100872 0.6963554 -0.3837316 -0.0789092 -0.1163648 -0.0000623 -0.0020395 0.0008380 0.1281550 -0.0151352 0.0614538 
1502244267.172697 -14.1873984 -1.7026134 21.9254268 0.0597603 -0.7134875 -0.0062204 0.6980871 -0.3875488 -0.0461461 -0.0772395 0.0001168 -0.0020466 0.0008558 0.1275772 -0.0173906 0.0612271 
1502244267.205944 -14.2005935 -1.7034158 21.9231698 0.0558581 -0.7121493 -0.0021123 0.6997991 -0.4021590 -0.0002210 -0.0605821 0.0002029 -0.0020406 0.0008338 0.1268114 -0.0182263 0.0611457 
1502244267.272548 -14.2284115 -1.7028741 21.9204399 0.0532247 -0.7116323 0.0039117 0.7005222 -0.4350429 0.0223908 -0.0369246 0.0003447 -0.0020230 0.0007909 0.1252530 -0.0196854 0.0609472 
1502244267.406011 -14.2901636 -1.6996649 21.9195338 0.0506082 -0.7167885 0.0133189 0.6953242 -0.4930036 0.0041707 0.0150915 0.0020819 -0.0018760 0.0002060 0.0952539 -0.0364888 0.0567154 
1502244267.739200 -14.4609562 -1.7229201 21.9305514 0.0442191 -0.7458792 0.0139581 0.6644652 -0.4689427 -0.0679295 0.0480363 0.0029818 -0.0078413 0.0018666 0.0597485 -0.0346439 0.0434355 
1502244267.839218 -14.5049079 -1.7287898 21.9350474 0.0434489 -0.7535691 0.0136035 0.6557902 -0.4036139 -0.0348981 0.0530003 0.0030000 -0.0080686 0.0019652 0.0593644 -0.0343099 0.0429560 
1502244267.972627 -14.5555804 -1.7365287 21.9366681 0.0399262 -0.7581600 0.0149959 0.6506723 -0.3609878 -0.0410559 0.0155521 0.0030511 -0.0082398 0.0020240 0.0590011 -0.0337770 0.0420127 
1502244268.372486 -14.7314547 -1.7453546 21.9322551 0.0482792 -0.7520247 0.0131222 0.6572334 -0.5010991 -0.1247919 -0.0100216 0.0030334 -0.0079149 0.0021509 0.0624013 -0.0321007 0.0407441 
1502244268.739148 -14.8845998 -1.7768117 21.9381125 0.0509165 -0.7245030 -0.0039208 0.6873773 -0.3674017 -0.0195288 0.0923026 0.0023975 0.0022582 0.0027250 0.0904749 -0.0270615 0.0255724 
1502244268.805595 -14.9090715 -1.7771245 21.9456988 0.0442308 -0.7153259 0.0037381 0.6973797 -0.3500437 -0.0073251 0.1230199 0.0022451 0.0026385 0.0026928 0.0909270 -0.0249654 0.0253395 
1502244268.872341 -14.9345793 -1.7765199 21.9535745 0.0449585 -0.7113807 0.0064721 0.7013375 -0.3951778 0.0254221 0.1345999 0.0021577 0.0029030 0.0025895 0.0904855 -0.0243036 0.0251568 
1502244269.139104 -15.0516847 -1.7845329 21.9998758 0.0345739 -0.6984583 0.0205235 0.7145204 -0.4428211 -0.0965391 0.2075598 0.0014811 0.0028742 0.0018713 0.0818915 -0.0231254 0.0255712 
1502244269.172344 -15.0669515 -1.7878440 22.0065401 0.0355465 -0.6998784 0.0181988 0.7131448 -0.4444476 -0.1029383 0.1938171 0.0014383 0.0028700 0.0018374 0.0816310 -0.0231096 0.0256706 
1502244269.239172 -15.0969585 -1.7964291 22.0177649 0.0398855 -0.7053854 0.0102543 0.7076266 -0.4507436 -0.1212707 0.1586305 0.0013943 0.0028227 0.0017568 0.0804248 -0.0233225 0.0254767 
1502244269.605593 -15.2476539 -1.8140035 22.0510251 0.0271932 -0.7018389 0.0196007 0.7115466 -0.3877316 -0.0064361 0.0283467 0.0003701 -0.0011728 0.0013157 0.0511707 -0.0155598 0.0264734 
1502244269.772119 -15.3118421 -1.8161242 22.0546215 0.0228516 -0.6950299 0.0267962 0.7181179 -0.4001385 0.0029350 0.0058016 0.0003769 -0.0014470 0.0015906 0.0516845 -0.0147458 0.0272577 
1502244270.038905 -15.4340159 -1.8315734 22.0563374 0.0406056 -0.7036405 0.0085818 0.7093431 -0.4741655 -0.1120831 0.0114598 -0.0006344 -0.0019331 0.0024336 0.0630336 -0.0103843 0.0321956 
1502244270.139157 -15.4787812 -1.8389281 22.0576840 0.0481157 -0.7066730 -0.0021170 0.7058992 -0.4601036 -0.0413948 0.0341559 -0.0007887 -0.0018661 0.0024838 0.0644321 -0.0101194 0.0328339 
1502244270.238865 -15.5253208 -1.8409031 22.0616194 0.0489296 -0.7016230 -0.0022860 0.7108627 -0.4642262 -0.0334649 0.0401456 -0.0009308 -0.0016967 0.0024173 0.0647277 -0.0097836 0.0336867 
1502244270.438833 -15.6182553 -1.8475414 22.0738819 0.0465663 -0.6858064 0.0023208 0.7262890 -0.4673734 0.0011916 0.0769528 -0.0014354 0.0026625 0.0003707 0.0431741 -0.0170029 0.0476442 
1502244270.505584 -15.6502846 -1.8469921 22.0795359 0.0479300 -0.6820105 0.0028090 0.7297647 -0.4859495 0.0005857 0.0912121 -0.0014588 0.0028669 0.0002810 0.0428427 -0.0176944 0.0479539 
1502244270.772056 -15.7854463 -1.8531820 22.1066937 0.0534662 -0.6779372 0.0027587 0.7331677 -0.4978980 -0.0720478 0.0992650 -0.0012822 0.0042680 -0.0016663 0.0115623 -0.0367374 0.0547708 
1502244270.838822 -15.8173682 -1.8596234 22.1136006 0.0575571 -0.6842845 -0.0057990 0.7269169 -0.4702838 -0.1339218 0.0890011 -0.0012797 0.0042370 -0.0015721 0.0112781 -0.0366495 0.0552497 
1502244271.038769 -15.9082317 -1.8710761 22.1343626 0.0619511 -0.7009835 -0.0129072 0.7103644 -0.4266491 -0.0259165 0.0947910 -0.0011222 0.0040613 -0.0011963 0.0119460 -0.0360943 0.0569727 
1502244271.538685 -16.1266612 -1.8793032 22.1489077 0.0644016 -0.7204789 -0.0076960 0.6904371 -0.5179014 -0.0479957 -0.0219797 -0.0014003 0.0028000 0.0021544 0.0533460 -0.0100579 0.0840306 
1502244271.605302 -16.1602441 -1.8845504 22.1476114 0.0648718 -0.7220542 -0.0116854 0.6886892 -0.4870948 -0.1067799 -0.0136792 -0.0014252 0.0028006 0.0021878 0.0540362 -0.0094799 0.0846908 
1502244271.772062 -16.2387931 -1.9034850 22.1409247 0.0639916 -0.7223635 -0.0193497 0.6882744 -0.4320054 -0.0608449 -0.0272739 -0.0015313 0.0029831 0.0022578 0.0555929 -0.0071655 0.0862722 
1502244272.271905 -16.4398013 -1.9100567 22.1442469 0.0556054 -0.7289755 0.0001556 0.6822776 -0.4712950 -0.0010638 0.0253517 -0.0019167 0.0034371 0.0023425 0.0563712 -0.0008706 0.0873790 
1502244272.371822 -16.4872009 -1.9132844 22.1482069 0.0539492 -0.7348450 0.0042918 0.6760724 -0.4858494 -0.0502269 0.0566071 0.0002143 0.0045714 0.0021988 0.0471482 -0.0131405 0.0776735 
1502244272.505083 -16.5506337 -1.9238368 22.1580041 0.0527762 -0.7486851 0.0022014 0.6608180 -0.4600576 -0.1495585 0.0423878 0.0007735 0.0046261 0.0021597 0.0429020 -0.0169657 0.0752234 
1502244272.638468 -16.6116666 -1.9350223 22.1687397 0.0351993 -0.7519221 0.0143973 0.6581542 -0.4379308 -0.0103540 0.0750378 0.0018223 0.0033651 0.0012670 0.0125276 -0.0306990 0.0688243 
1502244272.705083 -16.6394558 -1.9347843 22.1740909 0.0390527 -0.7598351 0.0105708 0.6488558 -0.3936218 -0.0157930 0.0789372 0.0018578 0.0032818 0.0012108 0.0107232 -0.0309770 0.0684310 
1502244273.005094 -16.7499579 -1.9436435 22.1884371 0.0263731 -0.7693700 0.0214650 0.6378977 -0.3603310 0.0013089 0.0213005 0.0023245 0.0020292 0.0013497 -0.0004092 -0.0268594 0.0660165 
1502244273.138677 -16.8005239 -1.9435980 22.1870358 0.0265111 -0.7744921 0.0234127 0.6315941 -0.3953308 -0.0155065 -0.0405946 0.0021637 0.0017020 0.0014564 -0.0007031 -0.0240815 0.0659732 
1502244273.471605 -16.9403205 -1.9745929 22.1657696 0.0236385 -0.7914622 0.0124958 0.6106330 -0.3959724 -0.0771048 -0.0445880 0.0012847 0.0018474 0.0019131 0.0040931 -0.0207617 0.0673125 
1502244273.538308 -16.9669667 -1.9779757 22.1632151 0.0186149 -0.7918133 0.0147671 0.6103009 -0.3945053 -0.0454922 -0.0305823 0.0011511 0.0018918 0.0019598 0.0043561 -0.0204458 0.0676027 
1502244273.704964 -17.0297689 -1.9835100 22.1578443 0.0072938 -0.7923634 0.0221992 0.6096017 -0.3944995 0.0145388 -0.0292140 0.0009335 0.0019293 0.0019841 0.0031758 -0.0204425 0.0688266 
1502244273.804985 -17.0711349 -1.9828569 22.1544241 0.0075301 -0.7964902 0.0243735 0.6041131 -0.4351551 -0.0190027 -0.0342297 0.0008010 0.0019367 0.0020143 0.0020025 -0.0200253 0.0697169 
1502244273.971578 -17.1556791 -1.9854132 22.1516769 0.0007312 -0.8021811 0.0323209 0.5962050 -0.5679707 -0.0482475 0.0050469 0.0005037 0.0016470 0.0019546 -0.0018963 -0.0182341 0.0711058 
1502244274.104885 -17.2305126 -1.9948172 22.1545510 -0.0011370 -0.8114421 0.0291758 0.5837030 -0.5324770 -0.1259809 0.0225918 0.0002277 0.0012407 0.0019177 -0.0049702 -0.0174343 0.0730307 
1502244274.271633 -17.3172713 -2.0082752 22.1626133 0.0032616 -0.8235055 0.0221663 0.5668657 -0.4532049 -0.0158484 0.0388477 -0.0002254 -0.0007574 0.0012063 -0.0154911 -0.0113096 0.0779672 
1502244274.338360 -17.3455185 -2.0094100 22.1648871 0.0108914 -0.8273955 0.0175699 0.5612391 -0.3804003 -0.0374340 0.0269820 -0.0001568 -0.0009541 0.0011577 -0.0163353 -0.0105025 0.0779372 
1502244274.404613 -17.3696687 -2.0121737 22.1664379 0.0085301 -0.8246965 0.0187379 0.5652007 -0.3630326 -0.0331948 0.0209983 -0.0001577 -0.0010494 0.0010040 -0.0177889 -0.0105142 0.0774661 
1502244274.838265 -17.5397303 -2.0197047 22.1809754 0.0140298 -0.8063510 0.0188741 0.5909696 -0.3918264 -0.0791970 0.0034775 -0.0002210 -0.0009610 0.0000142 -0.0258428 -0.0109127 0.0733352 
1502244275.304772 -17.7011323 -2.0453833 22.1719078 0.0216410 -0.7944390 0.0040406 0.6069448 -0.3426228 -0.0119692 -0.0562642 0.0011799 0.0063474 -0.0010628 -0.0936639 -0.0127272 0.0630120 
1502244275.371539 -17.7235939 -2.0466333 22.1678767 0.0195297 -0.7934345 0.0063303 0.6083093 -0.3472224 -0.0223476 -0.0700927 0.0011784 0.0064147 -0.0010733 -0.0947552 -0.0126860 0.0629029 
1502244275.871446 -17.9369808 -2.0683482 22.1385663 0.0220796 -0.8249449 0.0010232 0.5647808 -0.4305091 -0.0497944 -0.0831030 0.0012702 -0.0023617 0.0034719 -0.1011020 -0.0193218 0.0751202 
1502244277.571006 -18.4207998 -2.0825017 21.9260746 -0.0758691 0.8707379 0.0121185 -0.4857083 -0.1699495 -0.0304719 -0.0643089 0.0005246 0.0052401 0.0030683 -0.1138010 -0.0562531 0.0712992 
1502244277.971027 -18.4982517 -2.0885640 21.8727693 -0.0809546 0.9016947 0.0158838 -0.4244300 -0.1853705 -0.0354726 -0.1668606 -0.0012477 0.0025186 0.0057144 -0.0808857 -0.0471905 0.0877978 
1502244278.104443 -18.5187743 -2.0918393 21.8499660 -0.0945130 0.9124275 0.0243226 -0.3974315 -0.1409108 -0.0019048 -0.1612280 -0.0015574 0.0025462 0.0059974 -0.0743726 -0.0475980 0.0891423 
1502244278.170974 -18.5298305 -2.0919100 21.8414059 -0.0945283 0.9158004 0.0237733 -0.3896266 -0.1762710 0.0002192 -0.0996614 -0.0016409 0.0025637 0.0060429 -0.0727258 -0.0473008 0.0897294 
1502244278.370960 -18.5600230 -2.0973738 21.8247038 -0.0841438 0.9237991 0.0195489 -0.3730051 -0.1781719 -0.0347709 -0.0673491 -0.0015698 0.0027325 0.0057415 -0.0699758 -0.0468973 0.0897307 
1502244278.471254 -18.5787996 -2.0991176 21.8190540 -0.0714804 0.9265844 0.0135146 -0.3689841 -0.2041524 -0.0098593 -0.0469926 -0.0014565 0.0028182 0.0056446 -0.0693216 -0.0465251 0.0896123 
1502244278.537528 -18.5927106 -2.1001930 21.8156654 -0.0635113 0.9294749 0.0100811 -0.3632370 -0.2171301 -0.0194092 -0.0587167 -0.0013968 0.0028553 0.0055836 -0.0689475 -0.0465277 0.0895188 
1502244278.670890 -18.6245791 -2.1050767 21.8073466 -0.0445069 0.9367247 0.0030392 -0.3472129 -0.2459567 -0.0525113 -0.0672457 -0.0013386 0.0028607 0.0054771 -0.0680406 -0.0480548 0.0896843 
1502244278.837501 -18.6631805 -2.1140512 21.7907511 -0.0096508 0.9449030 -0.0050495 -0.3271691 -0.2007329 -0.0323209 -0.1302887 -0.0004943 0.0015169 -0.0000646 0.0039476 -0.2219459 0.0945717 
1502244278.904423 -18.6726751 -2.1149913 21.7802869 -0.0096149 0.9508841 -0.0026971 -0.3093860 -0.0949824 -0.0059424 -0.1842641 -0.0004894 0.0015061 -0.0001179 0.0047282 -0.2238836 0.0946035 
1502244278.971022 -18.6759798 -2.1138937 21.7657282 -0.0209265 0.9580401 0.0034170 -0.2858487 -0.0056849 0.0391011 -0.2437542 -0.0004783 0.0015093 -0.0001789 0.0056024 -0.2260164 0.0946336 
1502244279.037444 -18.6765747 -2.1102516 21.7493603 -0.0323033 0.9638495 0.0067526 -0.2643957 -0.0213635 0.0807669 -0.2380371 -0.0004816 0.0015186 -0.0002287 0.0064829 -0.2282239 0.0946313 
1502244279.104053 -18.6777058 -2.1033797 21.7331760 -0.0311781 0.9669692 0.0068558 -0.2528861 -0.0105053 0.0963591 -0.2540022 -0.0004716 0.0015589 -0.0002999 0.0074074 -0.2305199 0.0946486 