10 174
45 134
73 20
74 23
75 26
77 153
79 30
80 31
82 35
83 36
89 32
90 41
92 43
94 44
97 165
99 47
102 50
104 51
107 54
108 60
113 61
114 178
115 57
117 183
118 63
119 70
126 191
127 75
128 72
129 190
131 196
133 77
134 80
135 192
138 195
139 89
141 201
143 95
145 206
146 88
153 207
154 208
155 205
156 96
158 270
183 175
197 16
198 17
199 152
201 154
202 160
203 150
204 151
206 155
208 158
209 40
213 166
215 38
216 174
218 163
219 53
220 167
223 175
224 42
225 48
226 177
227 176
232 184
233 182
234 181
238 83
239 84
240 259
241 260
242 264
245 263
246 198
247 199
266 146
267 236
268 232
269 156
271 240
272 243
273 242
274 246
277 247
278 248
279 249
281 250
282 252
285 255
287 261
289 574
290 265
291 577
304 301
354 301
355 302
358 417
362 308
364 309
367 317
368 316
369 310
370 318
374 320
375 321
379 327
380 322
381 323
382 329
385 326
387 446
388 443
389 331
390 337
391 451
395 339
398 340
401 483
403 346
412 348
418 460
419 461
421 357
423 361
425 363
427 360
430 525
432 471
435 377
461 415
468 418
470 430
471 423
472 436
473 314
475 424
476 432
477 433
478 319
479 427
480 431
482 503
484 438
485 435
486 439
488 513
490 441
495 509
498 444
499 450
500 465
504 519
505 520
509 469
515 528
529 411
532 494
533 495
534 500
535 420
537 421
538 422
540 499
543 306
544 428
545 504
546 502
547 505
548 440
549 625
550 506
552 514
553 507
554 452
557 456
560 503
561 637
564 639
566 640
568 658
570 524
571 642
573 643
578 225
579 132
581 232
582 235
584 550
585 553
586 551
587 554
588 555
589 556
590 249
591 565
592 564
593 563
594 592
595 561
596 559
598 567
599 568
600 595
601 572
602 596
605 570
606 571
607 574
608 222
612 589
613 590
614 591
616 562
617 560
618 604
619 593
623 601
625 603
626 602
629 494
630 495
631 621
632 622
634 624
635 626
637 630
639 631
641 638
644 659
645 641
646 660
650 648
653 617
654 618
656 649
657 650
658 627
659 628
660 629
661 651
663 654
664 653
666 652
667 656
668 657
670 665
675 669
678 674
