59 21
60 24
62 23
63 22
64 27
65 28
67 34
68 35
71 46
73 32
74 171
77 52
80 43
81 54
84 168
85 169
87 47
88 48
89 49
90 50
92 58
93 64
96 61
97 68
98 182
102 69
103 76
106 82
107 78
108 77
110 88
111 89
113 196
114 200
116 86
117 195
122 207
124 210
126 98
127 97
128 202
134 218
135 219
136 217
139 99
140 100
142 101
174 16
175 17
176 154
178 151
179 153
180 165
181 155
182 159
186 178
188 167
189 172
193 54
194 55
198 51
199 181
200 180
202 66
203 62
204 71
205 185
206 184
207 190
209 189
212 194
213 259
214 260
216 261
217 197
222 263
223 203
230 268
243 18
244 146
245 237
249 157
250 160
252 242
253 244
255 243
256 248
257 245
261 252
263 253
264 254
266 580
267 581
269 584
270 589
271 266
272 591
323 299
325 298
326 300
329 418
331 306
334 307
335 313
336 311
337 312
339 314
343 317
345 316
346 320
348 319
349 318
351 324
355 322
358 446
359 325
364 336
365 338
368 347
369 345
377 347
379 357
383 356
390 365
392 367
394 541
396 473
401 375
435 421
437 422
441 419
443 305
444 432
445 424
447 302
448 437
449 310
452 425
453 434
454 435
455 315
456 429
457 433
459 439
461 438
462 436
463 440
465 451
466 450
467 449
469 525
470 527
473 447
475 334
477 453
480 462
481 467
484 534
485 535
486 470
487 471
490 540
491 537
493 541
494 542
495 543
510 417
512 510
513 511
514 516
515 423
517 515
519 522
520 430
521 518
522 523
523 441
524 521
525 442
526 528
527 530
530 531
531 532
533 648
534 649
535 536
537 651
541 653
542 544
545 234
551 146
554 558
555 599
556 600
558 562
559 565
560 563
562 561
563 566
566 568
567 252
568 578
569 577
570 576
571 604
572 574
573 572
574 607
575 582
576 587
577 608
578 585
579 586
581 601
582 602
584 603
585 575
586 573
587 618
589 605
595 615
596 617
599 633
600 634
602 636
603 638
605 642
609 644
610 647
611 649
613 669
614 670
615 671
616 652
617 672
623 658
625 639
626 640
627 641
629 660
630 664
632 663
633 662
635 661
636 665
637 666
646 678
649 680
