-0.330150 1.395493 -0.135702
-0.314494 1.415890 -0.118750
-0.294807 1.272477 -0.219026
-0.292050 1.218921 -0.255730
-0.311063 1.570704 -0.005840
-0.311063 1.570704 -0.005840
-0.290631 1.690342 0.070480
-0.263990 1.536379 -0.031008
-0.256877 2.092239 0.520015
-0.225534 1.188243 -0.278163
-0.234472 1.559496 -0.024892
-0.220397 2.084940 0.536227
-0.212279 1.696278 0.069933
-0.193648 1.983058 0.294999
-0.186665 1.180578 -0.279217
-0.186665 1.180578 -0.279217
-0.184795 1.766355 0.122988
-0.181506 1.803002 0.155060
-0.140583 1.391482 -0.136008
-0.140583 1.391482 -0.136008
-0.105468 1.382041 -0.146101
-0.041080 2.075018 0.499003
-0.077174 1.504888 -0.060147
-0.005580 1.957804 0.264134
-0.054328 1.375930 -0.150648
-0.003680 1.274132 -0.214774
0.046713 1.589010 -0.018525
0.097885 1.585276 -0.018560
0.048761 1.260528 -0.245917
0.034446 1.088687 -0.320438
0.237290 2.064791 0.435489
0.237290 2.064791 0.435489
0.126393 1.537256 -0.061635
0.198134 1.912173 0.220093
0.153524 1.626598 0.020468
0.108732 1.380761 -0.140266
0.207858 1.577650 -0.025100
0.273713 1.834164 0.144070
0.381533 2.060053 0.423825
0.322847 1.970260 0.271942
0.174073 1.339392 -0.194073
0.306472 1.714654 0.050269
0.306472 1.714654 0.050269
0.251309 1.430024 -0.130089
0.283008 1.505433 -0.080573
0.283008 1.505433 -0.080573
0.305248 1.553576 -0.050948
-0.320395 1.244254 -0.239617
-0.320395 1.244254 -0.239617
-0.332073 1.471244 -0.073573
-0.294258 1.154843 -0.300463
-0.293348 1.187931 -0.278601
-0.322440 1.814120 0.197124
-0.287311 1.373045 -0.143908
-0.293046 1.439000 -0.107690
-0.200976 1.503841 -0.060836
-0.193908 1.144842 -0.305117
-0.187122 1.282886 -0.225945
-0.193648 1.983058 0.294999
-0.160666 1.604379 0.007173
-0.136763 1.344796 -0.176613
-0.108317 1.817806 0.155515
-0.106457 1.485370 -0.077608
-0.037782 1.968313 0.282210
-0.058485 1.180270 -0.284417
0.016013 1.728656 0.077372
0.001627 1.339679 -0.180064
-0.003400 1.147932 -0.292371
0.038247 1.505037 -0.066142
0.029558 1.369628 -0.161194
0.087420 1.512660 -0.066608
0.143190 1.585658 -0.018600
0.143190 1.585658 -0.018600
0.144729 1.530882 -0.061461
0.112799 1.276194 -0.216584
0.190845 1.439756 -0.117565
0.165121 1.250086 -0.247382
0.307704 1.458543 -0.115626
-0.466907 1.887181 0.251677
-0.336788 1.196865 -0.273413
-0.336212 1.329931 -0.176965
-0.334801 1.617033 0.041095
-0.333015 1.679091 0.077509
-0.262955 1.375079 -0.143258
-0.269649 1.880215 0.226132
-0.215045 1.376382 -0.147745
-0.208582 1.902298 0.235157
-0.173903 1.376354 -0.146703
-0.116745 1.632847 0.033620
-0.097873 1.892713 0.224273
-0.044143 1.904970 0.225331
0.078864 1.463572 -0.106124
0.073880 1.359058 -0.171660
0.132509 1.460528 -0.106347
0.194120 1.518687 -0.073792
0.267185 1.745413 0.086697
0.255305 1.624979 0.007375
-0.351049 1.591941 0.014027
-0.309615 1.254304 -0.228805
-0.311061 1.398360 -0.129237
-0.313457 1.547459 -0.025073
-0.281971 1.562451 -0.012235
-0.233659 1.255247 -0.229354
-0.244563 1.625900 0.053968
-0.243687 1.621228 0.027240
-0.243687 1.621228 0.027240
-0.217435 1.485387 -0.066355
-0.190908 1.634892 0.053877
-0.170897 1.348014 -0.166438
-0.163563 1.772128 0.137651
-0.130081 1.191191 -0.272774
-0.128205 1.162528 -0.293815
-0.115188 1.522844 -0.048650
-0.100685 1.120257 -0.320537
-0.081273 1.126388 -0.315792
-0.073858 1.188916 -0.275772
0.022260 1.251117 -0.227332
0.045712 1.347804 -0.175647
0.093248 1.216030 -0.249155
0.111522 1.596163 0.007108
0.093248 1.216030 -0.249155
0.241549 1.935658 0.239941
0.166347 1.437259 -0.116961
0.198483 1.352769 -0.179342
0.201396 1.327678 -0.199169
0.294014 1.645521 0.021097
0.280797 1.531275 -0.062740
0.294397 1.388959 -0.145701
-0.309419 1.598078 0.020540
-0.309419 1.598078 0.020540
-0.274755 1.408415 -0.122914
-0.274000 1.516967 -0.043245
-0.284676 1.865539 0.256754
-0.247277 1.351353 -0.163524
-0.244206 1.202789 -0.271391
-0.266005 2.104072 0.493487
-0.244486 1.538225 -0.037245
-0.211196 1.159929 -0.293251
-0.217367 1.579339 -0.005800
-0.217367 1.579339 -0.005800
-0.208985 1.468796 -0.083703
-0.194918 1.205473 -0.268279
-0.199384 1.345716 -0.166980
-0.165536 1.407892 -0.126288
-0.154442 1.236100 -0.238685
-0.157760 1.208211 -0.266696
-0.143501 1.359134 -0.161373
-0.067520 2.088766 0.483196
-0.069412 1.955222 0.264094
-0.076838 1.776832 0.122807
-0.076530 1.622520 0.046442
-0.076530 1.622520 0.046442
-0.084462 1.308188 -0.193130
0.018022 1.922508 0.251413
0.011132 1.127783 -0.309089
0.168578 1.783469 0.094815
0.273332 2.059208 0.454973
0.133224 1.399122 -0.136589
0.133224 1.399122 -0.136589
0.245743 1.802924 0.118840
0.233931 1.668954 0.041637
0.287815 1.777979 0.117944
0.190463 1.241988 -0.230311
0.294014 1.645521 0.021097
0.294014 1.645521 0.021097
0.266226 1.367045 -0.171938
-0.560431 2.185100 0.525487
-0.315626 1.214598 -0.262936
-0.315626 1.214598 -0.262936
-0.308621 1.453455 -0.090681
-0.301255 1.628838 0.054580
-0.266435 1.161923 -0.293204
-0.216181 1.839599 0.181568
-0.198687 1.243682 -0.236627
-0.199763 1.298671 -0.206255
-0.194878 1.727915 0.099230
-0.151211 1.574483 -0.012112
-0.160690 1.300220 -0.205051
-0.115501 1.214522 -0.238619
-0.072958 1.854629 0.188841
-0.014808 2.078436 0.480380
0.032988 1.545960 -0.042960
0.032988 1.545960 -0.042960
0.158827 1.681810 0.055230
0.172526 1.554853 -0.037275
0.142871 1.252078 -0.224484
0.226017 1.564694 -0.037733
0.272975 1.448266 -0.107851
0.373791 1.779510 0.097345
-0.671369 2.043375 0.388819
-0.336788 1.196865 -0.273413
-0.285702 1.327120 -0.179747
-0.282538 1.231126 -0.251425
-0.282538 1.231126 -0.251425
-0.276534 1.609953 0.027220
-0.278169 1.791856 0.140985
-0.239280 1.460636 -0.095810
-0.224550 1.224419 -0.257148
-0.210046 1.625726 0.020548
-0.126608 1.167029 -0.245762
-0.116745 1.632847 0.033620
-0.041797 1.814873 0.147458
-0.047032 1.741935 0.084987
-0.050425 1.625942 0.013773
-0.053140 1.514691 -0.054320
-0.056340 1.273931 -0.220645
-0.058281 1.188436 -0.253509
0.093375 1.869622 0.190489
0.068684 1.237860 -0.247379
0.207692 1.862531 0.168159
0.204495 1.775511 0.087427
0.116015 1.240460 -0.249132
0.114859 1.146280 -0.300230
-0.211334 1.803419 0.140664
-0.211334 1.803419 0.140664
-0.111346 1.468445 -0.088707
-0.056700 1.444118 -0.104613
-0.058360 1.332534 -0.179395
0.034315 1.608534 0.013600
0.011902 1.244384 -0.248007
-0.162347 1.620874 0.026962
0.025580 1.472994 -0.088617
-0.304301 1.723485 0.107635
-0.304301 1.723485 0.107635
-0.238178 1.726975 0.099671
-0.167535 1.485054 -0.071973
-0.096720 1.524958 -0.048653
0.055391 1.656073 0.060781
0.081414 1.399640 -0.136033
0.172526 1.554853 -0.037275
0.142705 1.183799 -0.271743
0.203730 1.398332 -0.137927
0.203730 1.398332 -0.137927
0.296701 1.742084 0.094143
0.184086 1.179851 -0.273304
-0.244156 1.494555 -0.054727
-0.139093 1.829675 0.171858
-0.100790 1.590478 -0.005773
-0.100790 1.590478 -0.005773
-0.113583 1.173623 -0.284647
0.002292 1.873792 0.198261
-0.011100 1.621996 0.039835
-0.022240 1.490514 -0.071512
-0.029635 1.253369 -0.233266
0.070237 1.541105 -0.042853
0.070237 1.541105 -0.042853
0.128469 1.485578 -0.089830
-0.026540 1.391784 -0.134965
