-0.122945 1.386770 -0.141057
-0.108383 1.424873 -0.121108
-0.093922 1.280052 -0.222347
-0.090668 1.219206 -0.260741
-0.099502 1.570582 -0.012005
-0.099502 1.570582 -0.012005
-0.073170 1.696044 0.069139
-0.054348 1.550687 -0.030605
-0.050392 2.094694 0.513564
-0.023627 1.188919 -0.285977
-0.023353 1.567338 -0.024577
-0.015020 2.085872 0.530919
0.002100 1.717839 0.069860
0.018712 1.990588 0.293699
0.011547 1.186381 -0.285250
0.011547 1.186381 -0.285250
0.030788 1.774283 0.122475
0.031585 1.816195 0.154984
0.063863 1.389963 -0.140700
0.063863 1.389963 -0.140700
0.102938 1.377320 -0.151296
0.160654 2.073517 0.501246
0.129821 1.503253 -0.066410
0.219888 1.957246 0.258589
0.154053 1.372828 -0.157433
0.204415 1.264192 -0.223616
0.256710 1.590174 -0.018920
0.311032 1.584421 -0.025645
0.256126 1.258106 -0.248526
0.229620 1.076433 -0.324760
0.439441 2.063292 0.428753
0.439441 2.063292 0.428753
0.336746 1.537032 -0.063696
0.422757 1.912409 0.219060
0.358819 1.607252 0.014155
0.312146 1.382587 -0.145808
0.422698 1.591688 -0.026433
0.496201 1.826664 0.141910
0.587226 2.053711 0.421010
0.536814 1.956371 0.255277
0.377086 1.341693 -0.192931
0.532323 1.714297 0.045570
0.532323 1.714297 0.045570
0.462265 1.427219 -0.131783
0.500561 1.504289 -0.085719
0.500561 1.504289 -0.085719
0.521920 1.546940 -0.054030
-0.112482 1.238551 -0.243125
-0.112482 1.238551 -0.243125
-0.128901 1.463145 -0.082546
-0.097675 1.153534 -0.306916
-0.094265 1.186030 -0.286835
-0.116221 1.821008 0.185846
-0.087602 1.367930 -0.150069
-0.085677 1.436373 -0.115967
0.007953 1.517487 -0.066661
0.006420 1.151582 -0.309927
0.017527 1.285552 -0.227890
0.051275 1.989951 0.293775
0.053888 1.612947 0.007120
0.067543 1.340970 -0.180594
0.112719 1.817901 0.148091
0.097833 1.482254 -0.083398
0.173559 1.982876 0.286053
0.142810 1.178159 -0.287158
0.245878 1.752866 0.079608
0.207618 1.334745 -0.183075
0.196805 1.145856 -0.299979
0.251591 1.515335 -0.068048
0.235733 1.367691 -0.164931
0.297602 1.512614 -0.074858
0.356002 1.594370 -0.026035
0.356002 1.594370 -0.026035
0.357340 1.534507 -0.063955
0.316133 1.269589 -0.220107
0.406396 1.439407 -0.123847
0.375555 1.243276 -0.250520
0.523000 1.444225 -0.129589
-0.239245 1.834228 0.204563
-0.136028 1.195702 -0.279656
-0.134558 1.320389 -0.184665
-0.121858 1.612003 0.033253
-0.119356 1.667372 0.074856
-0.054201 1.372938 -0.150311
-0.059115 1.888566 0.223469
-0.009492 1.372294 -0.155762
0.010053 1.906975 0.225476
0.029660 1.376375 -0.150559
0.094465 1.637475 0.027092
0.118655 1.904653 0.217965
0.172630 1.893985 0.217557
0.286615 1.451321 -0.114491
0.276778 1.357972 -0.171322
0.347722 1.457170 -0.116713
0.403679 1.516320 -0.077090
0.480886 1.744698 0.083052
0.473212 1.631566 0.000720
-0.139213 1.584963 0.007060
-0.107960 1.250481 -0.234144
-0.106175 1.393078 -0.135690
-0.104148 1.543872 -0.030545
-0.067099 1.555564 -0.018160
-0.029412 1.242905 -0.236825
-0.031082 1.642692 0.053635
-0.037133 1.618513 0.020212
-0.037133 1.618513 0.020212
-0.016140 1.483546 -0.071172
0.021688 1.633076 0.046680
0.029253 1.352099 -0.170426
0.052159 1.768632 0.129337
0.072005 1.189925 -0.281505
0.070920 1.162464 -0.297060
0.093929 1.519186 -0.054607
0.099065 1.121513 -0.326476
0.118838 1.122994 -0.322306
0.128585 1.194541 -0.279042
0.224142 1.244411 -0.232614
0.250230 1.343885 -0.180187
0.244132 1.220461 -0.257832
0.322125 1.605026 0.007335
0.296926 1.224210 -0.257158
0.467312 1.945610 0.241520
0.370268 1.436077 -0.122179
0.406047 1.351382 -0.177747
0.406982 1.322865 -0.204924
0.507290 1.661735 0.022395
0.501369 1.533672 -0.066766
0.504638 1.388028 -0.150168
-0.101188 1.596693 0.013547
-0.101188 1.596693 0.013547
-0.066605 1.401562 -0.130312
-0.065575 1.519695 -0.048415
-0.074193 1.874198 0.253217
-0.042262 1.345606 -0.169699
-0.038913 1.199213 -0.277422
-0.068584 2.121110 0.490623
-0.035228 1.533872 -0.042608
-0.013408 1.168590 -0.297608
-0.010788 1.578974 -0.012053
-0.010788 1.578974 -0.012053
-0.004153 1.467901 -0.088279
0.006592 1.206003 -0.273153
0.007168 1.353434 -0.170532
0.041540 1.403007 -0.130338
0.047865 1.237049 -0.241388
0.047027 1.201595 -0.272533
0.057020 1.356839 -0.165540
0.134813 2.092863 0.485526
0.145523 1.943888 0.255323
0.138322 1.768304 0.115382
0.128134 1.641903 0.047214
0.128134 1.641903 0.047214
0.119917 1.301306 -0.198374
0.240143 1.924239 0.238566
0.210494 1.125199 -0.312966
0.390783 1.783425 0.097900
0.469048 2.060593 0.440363
0.340606 1.394129 -0.141990
0.340606 1.394129 -0.141990
0.464081 1.808068 0.116231
0.447500 1.655312 0.029023
0.514247 1.796823 0.124905
0.390761 1.234486 -0.232874
0.507290 1.661735 0.022395
0.507290 1.661735 0.022395
0.475580 1.366118 -0.171655
-0.356051 2.193909 0.529884
-0.111265 1.215093 -0.266103
-0.111265 1.215093 -0.266103
-0.103898 1.446860 -0.099206
-0.096475 1.625968 0.046588
-0.068128 1.166295 -0.297942
0.002220 1.841048 0.179667
0.001548 1.242868 -0.242194
0.006960 1.301896 -0.208196
0.022905 1.721818 0.090946
0.058687 1.566378 -0.018292
0.049773 1.299774 -0.208116
0.083204 1.221155 -0.244423
0.146026 1.859610 0.182382
0.195165 2.073134 0.473473
0.237291 1.551083 -0.043864
0.237291 1.551083 -0.043864
0.378394 1.694302 0.050409
0.384690 1.560064 -0.038915
0.341326 1.242635 -0.229545
0.435999 1.554811 -0.046042
0.481650 1.442692 -0.114475
0.604999 1.791886 0.095976
-0.469568 2.023879 0.376912
-0.136028 1.195702 -0.279656
-0.079963 1.325645 -0.184321
-0.080725 1.229207 -0.251458
-0.080725 1.229207 -0.251458
-0.063227 1.617652 0.026727
-0.063128 1.794337 0.138557
-0.033528 1.454792 -0.099356
-0.034292 1.225470 -0.255407
-0.004580 1.628043 0.020300
0.064816 1.162006 -0.248076
0.094465 1.637475 0.027092
0.172484 1.820052 0.141400
0.172824 1.752388 0.086075
0.161225 1.636888 0.013940
0.156154 1.519164 -0.061086
0.146663 1.287386 -0.225088
0.139040 1.203351 -0.259208
0.306665 1.884641 0.195890
0.276116 1.239373 -0.252392
0.428672 1.869876 0.166580
0.421311 1.774973 0.083088
0.323812 1.238864 -0.250612
0.321920 1.155870 -0.304042
0.009468 1.804399 0.139216
0.009468 1.804399 0.139216
0.091138 1.471157 -0.088730
0.149984 1.454409 -0.106086
0.144230 1.327510 -0.185847
0.238874 1.607438 0.013827
0.212660 1.234912 -0.252750
0.047825 1.627303 0.026892
0.232571 1.474674 -0.090445
-0.087701 1.709596 0.097400
-0.087701 1.709596 0.097400
-0.032590 1.720111 0.090869
0.037734 1.484568 -0.077277
0.120070 1.537359 -0.049138
0.268063 1.659743 0.055271
0.289925 1.399043 -0.140505
0.382896 1.552351 -0.045305
0.342999 1.181098 -0.276840
0.409593 1.395800 -0.145394
0.409593 1.395800 -0.145394
0.522551 1.737788 0.083720
0.387290 1.179062 -0.281883
-0.040545 1.500842 -0.059903
0.083483 1.823264 0.163262
0.111330 1.593495 -0.005800
0.111330 1.593495 -0.005800
0.091825 1.178684 -0.290547
0.218417 1.883036 0.201457
0.200022 1.620874 0.033684
0.190612 1.490422 -0.078540
0.175714 1.251644 -0.236906
0.276984 1.548753 -0.044108
0.276984 1.548753 -0.044108
0.349091 1.495780 -0.094050
0.176829 1.371960 -0.146326
