1564088886128775936,0.00000,0.00000,0.00000,0.67053,-0.74124,-0.03083,0.00000,
1564088886181012992,-0.00076,0.00161,0.00002,0.67043,-0.74135,-0.03046,0.00003,
1564088886244182528,-0.00003,0.00844,0.01974,0.67218,-0.73962,-0.03327,0.00499,
1564088886296641536,0.00023,0.03133,0.02458,0.66792,-0.74347,-0.03302,0.00672,
1564088886343165184,-0.00028,0.06236,0.01605,0.66581,-0.74537,-0.03225,0.00840,
1564088886385580800,-0.00218,0.07667,0.01111,0.66540,-0.74577,-0.03150,0.00928,
1564088886430799616,-0.00164,0.07299,0.01137,0.66556,-0.74559,-0.03228,0.00915,
1564088886477444096,0.00213,0.07393,0.01224,0.66538,-0.74570,-0.03338,0.00924,
1564088886531781376,0.00858,0.07112,0.01682,0.66452,-0.74642,-0.03394,0.01048,
1564088886582076928,0.01008,0.07113,0.01329,0.66540,-0.74559,-0.03514,0.01040,
1564088886645946880,0.01506,0.06654,0.01164,0.66604,-0.74496,-0.03616,0.01069,
1564088886701241856,0.01679,0.07523,0.01444,0.66505,-0.74580,-0.03655,0.01250,
1564088886747073792,0.01751,0.08122,0.01264,0.66514,-0.74573,-0.03610,0.01327,
1564088886845069056,0.02074,0.08472,0.01453,0.66499,-0.74596,-0.03369,0.01416,
1564088886890213632,0.01674,0.09278,0.01006,0.66560,-0.74543,-0.03368,0.01328,
1564088886937006592,0.01144,0.08362,0.02201,0.66341,-0.74744,-0.03313,0.01091,
1564088886983152640,0.00421,0.09250,0.03384,0.66072,-0.74986,-0.03276,0.00948,
1564088887045541120,0.00836,0.10874,0.02356,0.66226,-0.74847,-0.03251,0.01186,
1564088887094504960,0.00925,0.09755,0.01456,0.66469,-0.74634,-0.03207,0.01180,
1564088887140020736,0.00721,0.08878,0.01552,0.66504,-0.74604,-0.03210,0.01058,
1564088887187874048,0.00714,0.08722,0.01736,0.66475,-0.74630,-0.03207,0.01079,
1564088887245298688,0.00740,0.09161,0.01429,0.66528,-0.74582,-0.03229,0.01071,
1564088887296960000,0.00734,0.08998,0.01271,0.66546,-0.74567,-0.03193,0.01068,
1564088887340086528,0.00870,0.08546,0.01892,0.66444,-0.74657,-0.03216,0.01103,
1564088887382342656,0.00648,0.08758,0.02302,0.66357,-0.74735,-0.03216,0.01046,
1564088887479988224,0.00957,0.08967,0.01532,0.66516,-0.74590,-0.03295,0.01055,
1564088887525238272,0.00775,0.08193,0.01172,0.66611,-0.74506,-0.03298,0.00957,
1564088887573805056,0.00461,0.08241,0.01520,0.66538,-0.74577,-0.03169,0.00963,
1564088887614839040,0.00570,0.08281,0.02200,0.66397,-0.74702,-0.03179,0.00978,
1564088887655772672,0.00219,0.09127,0.02579,0.66263,-0.74822,-0.03163,0.00914,
1564088887713881600,0.00855,0.10401,0.02060,0.66321,-0.74771,-0.03090,0.01168,
1564088887762680064,0.00564,0.09468,0.02238,0.66334,-0.74766,-0.02951,0.01084,
1564088887810216192,0.00583,0.09674,0.02097,0.66357,-0.74742,-0.03040,0.01051,
1564088887854868224,0.00909,0.09237,0.01456,0.66489,-0.74624,-0.03011,0.01216,
1564088887911603712,0.01609,0.09266,0.01207,0.66543,-0.74574,-0.02981,0.01364,
1564088887953753600,0.00724,0.08018,0.01756,0.66510,-0.74611,-0.02919,0.01044,
1564088888016083968,0.01393,0.10004,0.01406,0.66465,-0.74642,-0.03024,0.01317,
1564088888058388480,0.01516,0.09252,0.01612,0.66432,-0.74675,-0.02911,0.01388,
1564088888118241792,0.01096,0.09480,0.01870,0.66415,-0.74689,-0.03029,0.01209,
1564088888158844160,0.01095,0.09389,0.01333,0.66522,-0.74592,-0.03086,0.01154,
1564088888214640640,0.01282,0.09436,0.01027,0.66586,-0.74534,-0.03091,0.01227,
1564088888281044480,0.00877,0.09032,0.01801,0.66453,-0.74655,-0.03076,0.01130,
1564088888331431680,0.00804,0.09980,0.02041,0.66349,-0.74744,-0.03149,0.01101,
1564088888387106048,0.00938,0.10038,0.01591,0.66436,-0.74666,-0.03149,0.01154,
1564088888481842688,0.01201,0.09765,0.02188,0.66357,-0.74731,-0.03248,0.01190,
1564088888526514176,0.00822,0.10454,0.02272,0.66304,-0.74773,-0.03398,0.01079,
1564088888578630912,0.00774,0.10513,0.02036,0.66344,-0.74733,-0.03527,0.01021,
1564088888620954368,0.01182,0.10722,0.01868,0.66355,-0.74716,-0.03664,0.01084,
1564088888660857344,0.00848,0.10723,0.01822,0.66365,-0.74708,-0.03639,0.01033,
1564088888717330432,0.01166,0.10707,0.01591,0.66402,-0.74678,-0.03571,0.01092,
1564088888760494848,0.01219,0.10560,0.01352,0.66441,-0.74647,-0.03480,0.01130,
1564088888812037888,0.00922,0.10707,0.01417,0.66431,-0.74657,-0.03513,0.00956,
1564088888855279360,0.00374,0.11171,0.01289,0.66438,-0.74655,-0.03490,0.00723,
1564088888896447744,0.00516,0.10712,0.01229,0.66446,-0.74647,-0.03503,0.00632,
1564088888953372160,0.00399,0.10924,0.01750,0.66321,-0.74746,-0.03773,0.00581,
1564088888998403328,-0.00553,0.10898,0.02584,0.66133,-0.74908,-0.03882,0.00356,
1564088889047342848,-0.00277,0.12262,0.02387,0.66125,-0.74909,-0.04002,0.00326,
1564088889089419264,-0.01255,0.12411,0.02162,0.66155,-0.74905,-0.03577,0.00115,
1564088889135531008,-0.01029,0.12904,0.02066,0.66173,-0.74892,-0.03511,0.00100,
1564088889187590144,-0.01937,0.13275,0.01893,0.66210,-0.74876,-0.03147,0.00085,
1564088889232343808,-0.02156,0.13501,0.02002,0.66182,-0.74907,-0.02969,0.00122,
1564088889278627584,-0.02753,0.13627,0.02496,0.66113,-0.74972,-0.02843,0.00275,
1564088889321319936,-0.02980,0.15299,0.02466,0.66074,-0.75011,-0.02701,0.00504,
1564088889361977856,-0.02768,0.15601,0.02294,0.66103,-0.74982,-0.02784,0.00608,
1564088889412696320,-0.03531,0.16644,0.02439,0.66027,-0.75042,-0.02939,0.00648,
1564088889456514560,-0.02179,0.17342,0.02649,0.66006,-0.75063,-0.02722,0.01166,
1564088889497427200,-0.00527,0.17815,0.02443,0.66048,-0.75032,-0.02273,0.01637,
1564088889557173760,0.01340,0.20697,0.02867,0.65902,-0.75155,-0.01721,0.02382,
1564088889600907520,0.00533,0.22721,0.02220,0.65940,-0.75116,-0.01572,0.02633,
1564088889646193664,0.01752,0.24894,0.02437,0.65959,-0.75078,-0.01004,0.03416,
1564088889695405824,0.01863,0.30962,0.03165,0.65835,-0.75149,-0.00803,0.04208,
1564088889759869440,0.02980,0.35419,0.02859,0.65672,-0.75224,-0.01893,0.04996,
1564088889815540224,0.03979,0.41140,0.02644,0.65604,-0.75227,-0.02529,0.05537,
1564088889861450496,0.05071,0.46645,0.03491,0.65442,-0.75264,-0.04163,0.05948,
1564088889915406080,0.02984,0.48806,0.03852,0.65430,-0.75278,-0.04506,0.05643,
1564088889964117760,0.02586,0.53348,0.03059,0.65505,-0.75173,-0.04809,0.05916,
1564088890012571136,0.02494,0.55392,0.02543,0.65615,-0.75076,-0.04747,0.05985,
1564088890060084224,0.01366,0.60717,0.02857,0.65598,-0.75078,-0.05306,0.05668,
1564088890112509952,0.00924,0.61535,0.02232,0.65784,-0.74932,-0.05267,0.05476,
1564088890160791808,0.01259,0.67423,0.01655,0.65860,-0.74929,-0.04261,0.05465,
1564088890202601984,0.00334,0.69571,0.02101,0.65856,-0.74976,-0.03711,0.05284,
1564088890248180224,-0.01374,0.71532,0.01490,0.66083,-0.74816,-0.03851,0.04556,
1564088890296435712,-0.01549,0.77817,0.00913,0.66280,-0.74685,-0.03748,0.03880,
1564088890346235392,-0.02882,0.79058,0.00831,0.66370,-0.74650,-0.03348,0.03338,
1564088890399193856,-0.02179,0.85953,0.00883,0.66412,-0.74655,-0.02892,0.02767,
1564088890446186240,-0.04929,0.83964,0.00992,0.66442,-0.74662,-0.02755,0.01854,
1564088890496662016,-0.05213,0.89319,0.01286,0.66248,-0.74846,-0.02826,0.01119,
1564088890548424192,-0.06472,0.89526,0.02458,0.66050,-0.75010,-0.03287,0.00269,
1564088890599648256,-0.04953,0.98072,0.03312,0.65787,-0.75257,-0.02813,-0.00713,
1564088890647348992,-0.06624,0.98917,0.02945,0.65829,-0.75251,-0.01673,-0.01012,
1564088890698527744,-0.07896,1.01305,0.02867,0.65717,-0.75352,-0.00665,-0.01701,
1564088890746940160,-0.13118,0.99294,0.03558,0.65575,-0.75459,-0.00119,-0.02425,
1564088890799505664,-0.14585,1.03288,0.03876,0.65500,-0.75502,0.00524,-0.02975,
1564088890846028288,-0.15583,1.03636,0.03703,0.65550,-0.75442,0.01368,-0.03143,
1564088890900894464,-0.14598,1.06101,0.03629,0.65653,-0.75316,0.02149,-0.03549,
1564088890951629056,-0.17669,1.06574,0.02065,0.65928,-0.75043,0.02701,-0.03834,
1564088891006042368,-0.18845,1.08118,0.01365,0.66096,-0.74880,0.02729,-0.04104,
1564088891051440640,-0.15590,1.08888,0.01623,0.66097,-0.74879,0.02503,-0.04254,
1564088891149179904,-0.19275,0.98727,0.01999,0.66010,-0.74942,0.02904,-0.04224,
1564088891191693568,-0.16485,1.07330,0.02290,0.65931,-0.75020,0.02672,-0.04224,
1564088891241313536,-0.16315,1.20660,0.02499,0.65909,-0.75065,0.02241,-0.04022,
1564088891284555008,-0.12743,1.29326,0.03064,0.65786,-0.75199,0.02410,-0.03384,
1564088891381003520,-0.15829,1.40761,0.04144,0.65547,-0.75464,0.01713,-0.02422,
1564088891426183936,-0.13152,1.42871,0.04049,0.65596,-0.75446,0.00905,-0.02056,
1564088891471494656,-0.15286,1.49459,0.03959,0.65556,-0.75490,0.01033,-0.01650,
1564088891520410624,-0.15256,1.51456,0.02954,0.65811,-0.75278,0.00915,-0.01164,
1564088891587233792,-0.13083,1.53197,0.01865,0.66029,-0.75098,0.00087,-0.00682,
1564088891639822592,-0.19793,1.64641,0.02373,0.66079,-0.75056,-0.00472,-0.00169,
1564088891685537024,-0.20243,1.67814,0.02385,0.66121,-0.75011,-0.01119,0.00151,
1564088891725650432,-0.20648,1.70913,0.02358,0.66135,-0.74990,-0.01593,0.00358,
1564088891781751808,-0.22021,1.74100,0.02650,0.66105,-0.75004,-0.01930,0.00870,
1564088891827447296,-0.25257,1.80564,0.02814,0.65894,-0.75168,-0.02529,0.01185,
1564088891875206656,-0.27742,1.87798,0.03467,0.65722,-0.75296,-0.02952,0.01564,
1564088891919034368,-0.26021,1.89132,0.04147,0.65462,-0.75527,-0.02046,0.02488,
1564088891960348160,-0.27640,1.92701,0.03800,0.65472,-0.75515,-0.00927,0.03169,
1564088892015691520,-0.28252,1.94774,0.03321,0.65444,-0.75526,-0.01010,0.03448,
1564088892064990208,-0.32545,2.02991,0.03938,0.65291,-0.75620,-0.01789,0.03934,
1564088892110901760,-0.32688,2.09987,0.03929,0.65123,-0.75719,-0.00175,0.05058,
1564088892159856640,-0.36576,2.14792,0.03838,0.65095,-0.75697,0.01263,0.05577,
1564088892214794496,-0.34587,2.12827,0.03449,0.65234,-0.75563,0.00598,0.05862,
1564088892259685632,-0.39696,2.23382,0.03216,0.65248,-0.75492,-0.00326,0.06604,
1564088892313478400,-0.39368,2.32311,0.02973,0.65320,-0.75360,-0.01203,0.07255,
1564088892356204032,-0.37989,2.33713,0.03100,0.65327,-0.75312,-0.01630,0.07605,
1564088892420323328,-0.35885,2.31377,0.03253,0.65350,-0.75271,-0.01933,0.07737,
1564088892481585152,-0.38517,2.36502,0.03077,0.65459,-0.75184,-0.01986,0.07656,
1564088892530365440,-0.37828,2.52539,0.03413,0.65367,-0.75284,-0.02187,0.07397,
1564088892579875328,-0.35893,2.57430,0.03871,0.65315,-0.75349,-0.02385,0.07124,
1564088892622152192,-0.37064,2.60792,0.04792,0.65095,-0.75596,-0.02111,0.06595,
1564088892671354624,-0.39653,2.62325,0.05772,0.64912,-0.75804,-0.02414,0.05865,
1564088892715896576,-0.40232,2.63629,0.05336,0.65145,-0.75633,-0.03195,0.05068,
1564088892755375616,-0.41318,2.66771,0.04696,0.65286,-0.75549,-0.03221,0.04437,
1564088892803997952,-0.41535,2.70056,0.04084,0.65400,-0.75492,-0.02649,0.04098,
1564088892854733056,-0.40677,2.72853,0.03709,0.65556,-0.75384,-0.02476,0.03670,
1564088892898695168,-0.40535,2.74668,0.03095,0.65743,-0.75247,-0.02461,0.03116,
1564088892955744768,-0.35227,2.90923,0.03093,0.65863,-0.75180,-0.02072,0.02391,
1564088892997121280,-0.34212,2.95864,0.02994,0.65930,-0.75146,-0.01824,0.01722,
1564088893049441024,-0.36946,2.97136,0.02388,0.66040,-0.75070,-0.01530,0.00948,
1564088893092775680,-0.34448,3.05616,0.01949,0.66064,-0.75054,-0.01568,0.00108,
1564088893152420608,-0.33835,3.12751,0.02391,0.65915,-0.75187,-0.01295,-0.00682,
1564088893198638848,-0.34757,3.14585,0.02932,0.65799,-0.75292,-0.00547,-0.01103,
1564088893247385856,-0.35877,3.17956,0.03153,0.65717,-0.75353,0.00445,-0.01741,
1564088893297427968,-0.34941,3.26029,0.02896,0.65568,-0.75455,0.00924,-0.02552,
1564088893354166784,-0.35186,3.32317,0.03145,0.65513,-0.75471,0.01368,-0.03211,
1564088893403530240,-0.37441,3.33528,0.03145,0.65466,-0.75478,0.02131,-0.03555,
1564088893450951936,-0.38078,3.36765,0.03161,0.65473,-0.75450,0.02590,-0.03722,
1564088893496129536,-0.37233,3.45494,0.02625,0.65651,-0.75292,0.02446,-0.03872,
1564088893558596608,-0.36788,3.52877,0.01903,0.65850,-0.75129,0.02218,-0.03807,
1564088893604648448,-0.36675,3.54977,0.01336,0.66065,-0.74954,0.01915,-0.03689,
1564088893654690560,-0.36036,3.58179,0.00941,0.66261,-0.74792,0.01818,-0.03503,
1564088893759692288,-0.39984,3.75510,0.01049,0.66228,-0.74830,0.02759,-0.02581,
1564088893804130560,-0.38342,3.73771,0.01293,0.66162,-0.74922,0.02125,-0.02180,
1564088893848538624,-0.34429,3.77378,0.02311,0.65984,-0.75106,0.01755,-0.01476,
1564088893893577728,-0.40282,3.85417,0.02977,0.65772,-0.75299,0.01857,-0.00856,
1564088893938641664,-0.40441,3.88131,0.02525,0.65832,-0.75269,0.00628,-0.00649,
1564088893982561280,-0.38417,3.89809,0.02035,0.65901,-0.75205,-0.01153,-0.00109,
1564088894026387968,-0.38684,3.99260,0.03173,0.65749,-0.75333,-0.00901,0.01116,
1564088894067294720,-0.39663,4.02600,0.04233,0.65615,-0.75440,-0.00300,0.01857,
1564088894109080832,-0.40911,4.05985,0.03586,0.65697,-0.75355,-0.00502,0.02286,
1564088894159869696,-0.45104,4.14091,0.01735,0.66061,-0.75002,-0.01202,0.03037,
1564088894202968576,-0.46327,4.18100,0.02306,0.65952,-0.75065,-0.01611,0.03614,
1564088894248631296,-0.45926,4.21076,0.02462,0.65942,-0.75033,-0.01967,0.04229,
1564088894297420032,-0.49228,4.27851,0.02285,0.65880,-0.75026,-0.02415,0.05010,
1564088894338747136,-0.49403,4.30541,0.02823,0.65792,-0.75050,-0.02760,0.05595,
1564088894384196608,-0.48858,4.33502,0.03645,0.65544,-0.75194,-0.03624,0.06065,
1564088894431892992,-0.53024,4.41392,0.04614,0.65261,-0.75340,-0.04530,0.06652,
1564088894495855616,-0.52845,4.46562,0.05350,0.65000,-0.75453,-0.04965,0.07562,
1564088894537087488,-0.53391,4.49517,0.05919,0.64808,-0.75592,-0.05123,0.07711,
1564088894583410176,-0.53479,4.51921,0.06325,0.64577,-0.75736,-0.05045,0.08275,
1564088894633086464,-0.56370,4.60311,0.05618,0.64549,-0.75660,-0.05325,0.08979,
1564088894682234880,-0.54508,4.62031,0.05345,0.64550,-0.75570,-0.05867,0.09383,
1564088894731736320,-0.55330,4.69438,0.05375,0.64520,-0.75532,-0.06118,0.09730,
1564088894783454720,-0.54617,4.72762,0.05436,0.64468,-0.75543,-0.05280,0.10453,
1564088894831921408,-0.55814,4.83640,0.05569,0.64419,-0.75584,-0.04631,0.10765,
1564088894885152512,-0.55890,4.83043,0.05144,0.64524,-0.75501,-0.04223,0.10882,
1564088894933533440,-0.55525,4.93907,0.04286,0.64593,-0.75399,-0.04275,0.11154,
1564088894981992704,-0.56419,4.97257,0.05272,0.64461,-0.75551,-0.05299,0.10429,
1564088895032132352,-0.55861,5.07085,0.06025,0.64354,-0.75623,-0.06572,0.09830,
1564088895084381440,-0.54761,5.07032,0.06543,0.64209,-0.75780,-0.06231,0.09790,
1564088895169707008,-0.53055,5.21981,0.06752,0.64074,-0.75991,-0.05743,0.09324,
1564088895218557952,-0.53760,5.23390,0.06144,0.64458,-0.75688,-0.07161,0.08070,
1564088895259299840,-0.54317,5.26881,0.06121,0.64570,-0.75654,-0.07381,0.07256,
1564088895352065280,-0.54525,5.40547,0.05428,0.64893,-0.75644,-0.05659,0.05904,
1564088895405666304,-0.53701,5.46166,0.04636,0.65202,-0.75462,-0.05252,0.05160,
1564088895449250816,-0.55723,5.47773,0.03562,0.65575,-0.75172,-0.05805,0.03929,
1564088895503671552,-0.54555,5.57538,0.02898,0.65669,-0.75075,-0.06672,0.02610,
1564088895549533440,-0.55533,5.58215,0.02653,0.65705,-0.75112,-0.05987,0.02268,
1564088895605479168,-0.54445,5.66364,0.03039,0.65515,-0.75364,-0.05084,0.01504,
1564088895716649984,-0.55567,5.74405,0.04174,0.65248,-0.75758,-0.01832,0.00166,
1564088895771333120,-0.57267,5.80971,0.04688,0.65081,-0.75920,0.00220,-0.00745,
1564088895816508160,-0.59658,5.83716,0.03924,0.65170,-0.75828,0.00313,-0.01683,
1564088895858599680,-0.60678,5.87259,0.03914,0.65203,-0.75778,0.00701,-0.02391,
1564088895910418176,-0.59880,5.91884,0.04744,0.65104,-0.75811,0.02085,-0.03120,
1564088895951709184,-0.60639,5.96890,0.05170,0.64953,-0.75895,0.02959,-0.03508,
1564088895995311872,-0.62609,5.97507,0.03627,0.65368,-0.75489,0.03525,-0.04010,
1564088896051211264,-0.64987,5.98928,0.02364,0.65636,-0.75194,0.04173,-0.04511,
1564088896095446272,-0.61050,6.09581,0.02251,0.65765,-0.75063,0.03914,-0.05026,
1564088896141727744,-0.58887,6.18148,0.02258,0.65788,-0.75013,0.03928,-0.05430,
1564088896184564480,-0.59332,6.23419,0.02248,0.65805,-0.74945,0.04839,-0.05447,
1564088896224055808,-0.60160,6.26091,0.03053,0.65652,-0.75068,0.05095,-0.05356,
1564088896264691456,-0.59091,6.29627,0.03431,0.65508,-0.75225,0.04511,-0.05434,
1564088896319733248,-0.58460,6.32562,0.02719,0.65655,-0.75121,0.04258,-0.05315,
1564088896364130048,-0.59661,6.41253,0.02566,0.65584,-0.75196,0.04209,-0.05158,
1564088896409852672,-0.60241,6.50294,0.02733,0.65491,-0.75362,0.03100,-0.04683,
1564088896454218752,-0.58589,6.55442,0.03132,0.65463,-0.75439,0.02410,-0.04224,
1564088896497045248,-0.58296,6.56666,0.03613,0.65378,-0.75524,0.02706,-0.03805,
1564088896551208192,-0.57599,6.59688,0.03130,0.65549,-0.75408,0.02340,-0.03386,
1564088896600952064,-0.59912,6.63927,0.02291,0.65842,-0.75184,0.01707,-0.03052,
1564088896648051968,-0.62436,6.71334,0.01680,0.66113,-0.74966,0.01601,-0.02572,
1564088896691386368,-0.63131,6.74119,0.01157,0.66278,-0.74838,0.01189,-0.02267,
1564088896751609600,-0.60599,6.77805,0.00891,0.66390,-0.74758,0.00148,-0.01894,
1564088896794811648,-0.67667,6.84901,0.00819,0.66438,-0.74724,-0.00456,-0.01421,
1564088896853178880,-0.75239,6.94561,0.01390,0.66260,-0.74882,-0.01225,-0.00874,
1564088896893827584,-0.70233,6.97896,0.01321,0.66237,-0.74891,-0.01897,-0.00543,
1564088896951162880,-0.65738,6.99932,0.02227,0.65953,-0.75145,-0.01805,0.00449,
1564088896993661696,-0.71588,7.07776,0.02952,0.65781,-0.75295,-0.01525,0.01104,
1564088897050745344,-0.74870,7.17004,0.03602,0.65617,-0.75401,-0.02543,0.01602,
1564088897095433216,-0.73267,7.17861,0.03794,0.65588,-0.75405,-0.02866,0.02016,
1564088897151154688,-0.72415,7.19938,0.03056,0.65721,-0.75281,-0.02187,0.02961,
1564088897201806848,-0.76422,7.28967,0.03007,0.65833,-0.75158,-0.01948,0.03674,
1564088897249883136,-0.80311,7.36664,0.02225,0.65942,-0.75009,-0.02938,0.04070,
1564088897292724480,-0.79469,7.39840,0.01711,0.66061,-0.74854,-0.03501,0.04538,
1564088897337905408,-0.80458,7.46071,0.01983,0.66044,-0.74815,-0.03649,0.05254,
1564088897389043712,-0.78719,7.46310,0.02499,0.65903,-0.74906,-0.03440,0.05838,
1564088897434085376,-0.81219,7.54835,0.02608,0.65711,-0.75024,-0.03458,0.06437,
1564088897489158144,-0.81706,7.64788,0.02738,0.65527,-0.75075,-0.04141,0.07269,
1564088897532073728,-0.78727,7.65463,0.03377,0.65338,-0.75183,-0.04188,0.07801,
1564088897587329024,-0.79097,7.68070,0.03918,0.65117,-0.75350,-0.04254,0.07998,
1564088897630967040,-0.82076,7.76699,0.04604,0.65026,-0.75381,-0.05825,0.07437,
1564088897689660928,-0.79396,7.83569,0.05036,0.64932,-0.75385,-0.06909,0.07287,
1564088897734241024,-0.80125,7.88504,0.04769,0.64985,-0.75382,-0.06707,0.07040,
1564088897785344000,-0.81836,7.89637,0.04088,0.65168,-0.75270,-0.06731,0.06500,
1564088897828366336,-0.79767,7.99663,0.03664,0.65393,-0.75112,-0.06661,0.06133,
1564088897895948800,-0.81024,8.07242,0.02751,0.65705,-0.74969,-0.05898,0.05260,
1564088897939474432,-0.82341,8.12036,0.03363,0.65649,-0.75109,-0.05116,0.04771,
1564088897985882880,-0.85350,8.11917,0.04256,0.65540,-0.75281,-0.04473,0.04150,
1564088898031614976,-0.81776,8.22273,0.04505,0.65460,-0.75415,-0.04182,0.03173,
1564088898091013120,-0.79983,8.32889,0.04784,0.65335,-0.75558,-0.04204,0.02172,
1564088898137066240,-0.80420,8.34246,0.05599,0.65173,-0.75743,-0.03628,0.01556,
1564088898186545664,-0.82229,8.38376,0.05239,0.65159,-0.75813,-0.02499,0.00711,
1564088898229855744,-0.81181,8.43750,0.04770,0.65236,-0.75735,-0.02850,-0.00570,
1564088898269889536,-0.81638,8.47857,0.05239,0.65098,-0.75829,-0.03180,-0.01455,
1564088898327994624,-0.77559,8.54355,0.05475,0.65029,-0.75886,-0.02656,-0.02347,
1564088898372613120,-0.80957,8.56914,0.05434,0.65011,-0.75906,-0.01756,-0.02971,
1564088898419617536,-0.82671,8.59180,0.04864,0.65223,-0.75722,-0.00622,-0.03414,
1564088898463859200,-0.78760,8.69688,0.04611,0.65362,-0.75589,0.00535,-0.03724,
1564088898502754560,-0.79551,8.72815,0.03454,0.65523,-0.75417,0.01052,-0.04231,
1564088898541699072,-0.79958,8.77156,0.02843,0.65648,-0.75282,0.01262,-0.04631,
1564088898595538688,-0.77591,8.85402,0.03400,0.65563,-0.75310,0.02318,-0.04949,
1564088898640532736,-0.80589,8.87921,0.03703,0.65468,-0.75334,0.03123,-0.05382,
1564088898684752896,-0.81831,8.89989,0.03768,0.65344,-0.75424,0.03194,-0.05590,
1564088898729077504,-0.80364,8.97179,0.04130,0.65200,-0.75562,0.02956,-0.05540,
1564088898772968704,-0.79470,8.97247,0.04370,0.65027,-0.75722,0.02394,-0.05647,
1564088898819012608,-0.78148,9.02923,0.04184,0.64975,-0.75787,0.01897,-0.05559,
1564088898862975488,-0.76117,9.12183,0.04920,0.64952,-0.75831,0.02441,-0.04995,
1564088898909896704,-0.76220,9.14300,0.05034,0.64945,-0.75841,0.02927,-0.04656,
1564088898954661120,-0.75939,9.16060,0.03754,0.65231,-0.75603,0.02414,-0.04818,
1564088898996656640,-0.74666,9.18914,0.03336,0.65381,-0.75495,0.01941,-0.04686,
1564088899053364736,-0.74353,9.19351,0.02915,0.65541,-0.75368,0.01783,-0.04571,
1564088899101413632,-0.77609,9.38017,0.03099,0.65672,-0.75274,0.01060,-0.04464,
1564088899140173056,-0.77907,9.40659,0.02817,0.65691,-0.75268,0.00525,-0.04378,
1564088899237360640,-0.78475,9.52864,0.02098,0.65770,-0.75223,-0.01115,-0.03815,
1564088899286122496,-0.76961,9.55659,0.02331,0.65771,-0.75243,-0.01183,-0.03354,
1564088899334256896,-0.78619,9.62064,0.02109,0.65789,-0.75246,-0.00865,-0.03024,
1564088899385752064,-0.79942,9.63976,0.02879,0.65640,-0.75376,-0.01075,-0.02951,
1564088899436019968,-0.82133,9.73651,0.03672,0.65524,-0.75486,-0.01207,-0.02648,
1564088899485359104,-0.81730,9.73896,0.03608,0.65607,-0.75448,-0.00173,-0.01823,
1564088899535958528,-0.85038,9.81178,0.03679,0.65612,-0.75452,0.00259,-0.01413,
1564088899586769408,-0.85784,9.85430,0.02916,0.65775,-0.75312,-0.00440,-0.01247,
1564088899639750656,-0.87976,9.94945,0.02633,0.65870,-0.75230,-0.01052,-0.00705,
1564088899686144000,-0.86248,9.97867,0.02344,0.66004,-0.75113,-0.01199,0.00001,
1564088899736955904,-0.87722,10.06682,0.02399,0.66034,-0.75089,-0.00908,0.00617,
1564088899785861120,-0.87824,10.09371,0.01956,0.66071,-0.75051,-0.00502,0.01299,
1564088899837353472,-0.90732,10.18903,0.01058,0.66113,-0.74989,-0.01266,0.02042,
1564088899885289472,-0.86542,10.22375,0.01939,0.65899,-0.75122,-0.02577,0.02718,
1564088899938246400,-0.87139,10.28792,0.02676,0.65669,-0.75285,-0.03030,0.03255,
1564088899985492480,-0.86586,10.31558,0.03502,0.65545,-0.75345,-0.03875,0.03453,
1564088900038978560,-0.87723,10.40728,0.03537,0.65473,-0.75350,-0.04571,0.03836,
1564088900085352192,-0.87062,10.43568,0.03511,0.65410,-0.75394,-0.04222,0.04411,
1564088900141490688,-0.88988,10.51586,0.03340,0.65527,-0.75242,-0.04608,0.04852,
1564088900189618944,-0.88747,10.54966,0.02010,0.65822,-0.74924,-0.05499,0.04851,
1564088900240171520,-0.90690,10.64873,0.01190,0.66079,-0.74669,-0.05941,0.04779,
1564088900286205696,-0.90933,10.69213,0.01113,0.66138,-0.74597,-0.06010,0.04980,
1564088900341587712,-0.90624,10.78629,0.01719,0.66059,-0.74690,-0.05665,0.05056,
1564088900386149632,-0.92024,10.79577,0.02992,0.65835,-0.74903,-0.05922,0.04496,
1564088900425349376,-0.92796,10.81774,0.03889,0.65649,-0.75098,-0.05885,0.03982,
1564088900475446528,-0.92284,10.92288,0.03741,0.65652,-0.75198,-0.04564,0.03772,
1564088900519416832,-0.94017,10.92950,0.03073,0.65765,-0.75167,-0.03563,0.03480,
1564088900560154112,-0.95571,10.96464,0.03390,0.65600,-0.75360,-0.02942,0.02976,
1564088900612476672,-0.94472,11.07262,0.03552,0.65453,-0.75505,-0.02934,0.02518,
1564088900657279488,-0.93943,11.07748,0.03858,0.65456,-0.75518,-0.02946,0.01965,
1564088900698091520,-0.94609,11.10276,0.03984,0.65423,-0.75579,-0.02341,0.01508,
1564088900754351360,-0.97983,11.11879,0.04130,0.65453,-0.75588,-0.01102,0.01083,
1564088900805659392,-0.93747,11.19599,0.04418,0.65650,-0.75429,-0.00482,0.00566,
1564088900852087296,-0.90578,11.28346,0.03581,0.65834,-0.75272,-0.00305,-0.00035,
1564088900955414272,-0.86529,11.41735,0.02880,0.66025,-0.75095,0.00424,-0.01086,
1564088900997866752,-0.87058,11.45393,0.02673,0.66007,-0.75090,0.01051,-0.01884,
1564088901049879808,-0.88219,11.52470,0.03045,0.65851,-0.75202,0.01014,-0.02696,
1564088901091881728,-0.87591,11.55897,0.03784,0.65639,-0.75352,-0.00031,-0.03679,
1564088901139901440,-0.88770,11.57721,0.04109,0.65499,-0.75429,-0.00317,-0.04498,
1564088901188843264,-0.89388,11.62158,0.03460,0.65410,-0.75455,-0.00311,-0.05294,
1564088901230980864,-0.87839,11.69536,0.03190,0.65376,-0.75425,-0.00930,-0.06006,
1564088901283044352,-0.81473,11.76820,0.03219,0.65436,-0.75375,-0.00046,-0.06069,
1564088901325468416,-0.85562,11.82823,0.03375,0.65346,-0.75414,0.01069,-0.06441,
1564088901367366912,-0.85792,11.86165,0.02747,0.65558,-0.75200,0.01206,-0.06751,
1564088901420693760,-0.88228,11.86559,0.01907,0.65694,-0.75051,0.01668,-0.06991,
1564088901467677184,-0.86458,11.98525,0.01427,0.65915,-0.74832,0.02422,-0.07032,
1564088901520070656,-0.88577,12.03700,0.01143,0.65919,-0.74827,0.02090,-0.07160,
1564088901559355392,-0.89028,12.06665,0.01260,0.65858,-0.74899,0.01620,-0.07084,
1564088901598275584,-0.88369,12.11838,0.00657,0.65856,-0.74920,0.01207,-0.06966,
1564088901654760448,-0.85275,12.13764,0.01076,0.65774,-0.75042,0.00737,-0.06480,
1564088901704416256,-0.87510,12.24464,0.02180,0.65615,-0.75226,0.00789,-0.05933,
1564088901757872640,-0.89891,12.31863,0.02648,0.65529,-0.75341,0.01273,-0.05292,
1564088901802205184,-0.89686,12.34937,0.02508,0.65550,-0.75360,0.00878,-0.04828,
1564088901853565184,-0.87960,12.37749,0.02613,0.65613,-0.75354,0.00517,-0.04055,
1564088901896900864,-0.91240,12.48528,0.03186,0.65547,-0.75438,0.01045,-0.03393,
1564088901957536768,-0.95901,12.57979,0.01922,0.65910,-0.75155,0.00745,-0.02661,
1564088901999079936,-0.94670,12.59443,0.01619,0.66063,-0.75041,-0.00216,-0.02134,
1564088902054898176,-0.93040,12.64806,0.00451,0.66358,-0.74784,-0.01424,-0.01412,
1564088902097170176,-0.96007,12.73640,0.00589,0.66468,-0.74677,-0.02150,-0.00876,
1564088902158097152,-0.97920,12.81312,0.02000,0.66307,-0.74823,-0.02209,0.00268,
1564088902198404608,-0.96965,12.82876,0.02449,0.66123,-0.74969,-0.02562,0.00893,
1564088902254269952,-0.92585,12.85005,0.03460,0.65858,-0.75156,-0.03254,0.01937,
1564088902296037632,-0.97000,12.91256,0.03925,0.65731,-0.75250,-0.03079,0.02729,
1564088902337637632,-0.98816,12.94357,0.04502,0.65432,-0.75485,-0.03097,0.03342,
1564088902392940800,-1.02864,12.99454,0.04726,0.65307,-0.75451,-0.05187,0.03903,
1564088902435657984,-1.00348,13.01971,0.05076,0.65174,-0.75424,-0.06599,0.04482,
1564088902486621184,-0.97337,13.06434,0.05038,0.65031,-0.75570,-0.05825,0.05121,
1564088902537036544,-0.99533,13.13039,0.04600,0.65187,-0.75436,-0.05338,0.05617,
1564088902594741760,-1.00461,13.24505,0.04024,0.65269,-0.75270,-0.05847,0.06333,
1564088902636836096,-0.98382,13.22370,0.03702,0.65412,-0.75111,-0.06074,0.06526,
1564088902686604032,-0.98439,13.21758,0.03784,0.65394,-0.75132,-0.06049,0.06489,
1564088902727704832,-1.00933,13.35895,0.03953,0.65414,-0.75138,-0.06204,0.06065,
1564088902767652352,-1.01048,13.35346,0.03251,0.65551,-0.75024,-0.06371,0.05817,
1564088902806754048,-1.01734,13.39264,0.03887,0.65449,-0.75142,-0.06291,0.05531,
1564088902862482432,-1.02113,13.47355,0.04974,0.65256,-0.75391,-0.05747,0.04986,
1564088902904628992,-1.03714,13.48250,0.04912,0.65208,-0.75493,-0.05431,0.04390,
1564088902954036992,-1.04847,13.51564,0.04668,0.65251,-0.75528,-0.04761,0.03891,
1564088902996898048,-1.02969,13.61103,0.04729,0.65160,-0.75662,-0.04405,0.03176,
1564088903036847616,-1.01869,13.67810,0.04837,0.65223,-0.75659,-0.03855,0.02604,
1564088903076879616,-1.02783,13.70810,0.04525,0.65359,-0.75603,-0.02691,0.02291,
1564088903131316736,-1.01259,13.81106,0.04286,0.65438,-0.75580,-0.01691,0.01641,
1564088903173726208,-1.03726,13.83182,0.03046,0.65800,-0.75279,-0.01582,0.00923,
1564088903221000448,-1.05321,13.83472,0.02322,0.66016,-0.75097,-0.01498,0.00301,
1564088903264632320,-1.00058,13.96095,0.02175,0.66069,-0.75064,-0.00573,0.00078,
1564088903311046656,-1.01720,13.97829,0.01899,0.66141,-0.75001,0.00250,-0.00332,
1564088903366932992,-0.99671,14.04705,0.01819,0.65979,-0.75126,0.01457,-0.00839,
1564088903410249728,-1.01162,14.06531,0.02093,0.65922,-0.75167,0.01650,-0.01230,
1564088903453852416,-1.01495,14.09159,0.03084,0.65721,-0.75339,0.00947,-0.01996,
1564088903499868160,-0.99154,14.17538,0.03724,0.65326,-0.75658,0.00866,-0.02774,
1564088903554682880,-1.02684,14.15265,0.04763,0.65103,-0.75809,0.00367,-0.03791,
1564088903600084480,-1.02270,14.11234,0.05352,0.64938,-0.75915,0.00248,-0.04466,
1564088903655952896,-1.06362,14.11728,0.04222,0.65185,-0.75674,0.01605,-0.04678,
1564088903705425152,-1.05137,14.14351,0.03859,0.65253,-0.75567,0.02364,-0.05114,
1564088903754457088,-1.06119,14.20467,0.02559,0.65531,-0.75273,0.02592,-0.05735,
1564088903806063360,-1.02661,14.22508,0.01582,0.65774,-0.75017,0.03066,-0.06067,
1564088903902891520,-1.03743,14.25706,0.00936,0.65762,-0.74976,0.02173,-0.07023,
1564088903954637824,-1.00444,14.30442,0.01670,0.65544,-0.75168,0.01296,-0.07219,
1564088904004768768,-0.99878,14.42906,0.03138,0.65292,-0.75402,0.01224,-0.07074,
1564088904054150656,-1.00151,14.43875,0.03368,0.65148,-0.75528,0.01354,-0.07030,
1564088904103855360,-1.01618,14.58312,0.02805,0.65293,-0.75420,0.01969,-0.06691,
1564088904156756480,-1.01208,14.55564,0.02485,0.65345,-0.75408,0.01964,-0.06303,
1564088904206248448,-1.02127,14.68422,0.02127,0.65573,-0.75245,0.02198,-0.05801,
1564088904255920128,-1.01802,14.65708,0.02253,0.65602,-0.75245,0.02397,-0.05366,
1564088904306926080,-1.03541,14.73706,0.01681,0.65931,-0.74996,0.02332,-0.04827,
1564088904355321600,-1.02460,14.76803,0.00924,0.66138,-0.74855,0.01895,-0.04347,
1564088904409764864,-1.03712,14.86824,0.00896,0.66290,-0.74768,0.01227,-0.03727,
1564088904455254016,-1.02940,14.90441,0.01001,0.66331,-0.74759,0.00750,-0.03286,
1564088904510499072,-1.04958,15.00588,0.00674,0.66386,-0.74737,0.00481,-0.02652,
1564088904556937216,-1.03498,15.01077,0.00198,0.66491,-0.74664,-0.00233,-0.02042,
1564088904611243264,-1.03761,15.10349,0.00496,0.66409,-0.74722,-0.01976,-0.01584,
1564088904656817152,-1.02216,15.11534,0.00511,0.66396,-0.74734,-0.02266,-0.01139,
1564088904709243904,-1.04841,15.13738,0.01440,0.66095,-0.74975,-0.03103,-0.00786,
1564088904758188032,-1.02373,15.20766,0.02833,0.65836,-0.75129,-0.04606,-0.00066,
1564088904815535872,-1.02054,15.28001,0.02901,0.65718,-0.75231,-0.04552,0.00881,
1564088904860502272,-1.02999,15.31223,0.02489,0.65867,-0.75096,-0.04519,0.01284,
1564088904901497344,-1.02783,15.33308,0.02166,0.66012,-0.74931,-0.05023,0.01574,
1564088904992008704,-1.01364,15.41723,0.01471,0.66247,-0.74646,-0.05749,0.02504,
1564088905049000192,-1.07203,15.52686,0.01315,0.66245,-0.74599,-0.06143,0.02965,
1564088905096000768,-1.06365,15.55352,0.01338,0.66214,-0.74573,-0.06525,0.03473,
1564088905148470784,-1.08844,15.66237,0.02275,0.65946,-0.74756,-0.06955,0.03785,
1564088905191917056,-1.05931,15.64659,0.03292,0.65770,-0.74893,-0.07047,0.03962,
1564088905235630848,-1.04604,15.65904,0.03884,0.65525,-0.75171,-0.05864,0.04628,
1564088905280742144,-1.05941,15.76535,0.04549,0.65304,-0.75424,-0.04800,0.04848,
1564088905322702080,-1.06330,15.78157,0.05914,0.65031,-0.75656,-0.05001,0.04713,
1564088905366207488,-1.05616,15.81066,0.05882,0.65037,-0.75648,-0.05032,0.04723,
1564088905415922176,-1.04692,15.89906,0.05183,0.65135,-0.75580,-0.04938,0.04545,
1564088905522553088,-1.03250,16.00501,0.05053,0.65283,-0.75503,-0.04596,0.04035,
1564088905582511616,-1.01431,16.07926,0.04859,0.65423,-0.75399,-0.04946,0.03224,
1564088905628791808,-1.01079,16.09472,0.04704,0.65524,-0.75353,-0.04595,0.02728,
1564088905688798208,-1.01124,16.16189,0.04580,0.65448,-0.75529,-0.02735,0.02087,
1564088905731918848,-1.02380,16.20919,0.04830,0.65417,-0.75587,-0.02094,0.01673,
1564088905788844544,-0.99445,16.27652,0.04407,0.65418,-0.75601,-0.02039,0.00902,
1564088905829032192,-1.00048,16.30454,0.04031,0.65491,-0.75561,-0.01075,0.00552,
1564088905889918720,-1.04209,16.33423,0.04647,0.65237,-0.75786,-0.00532,-0.00600,
1564088905933605376,-1.03256,16.38636,0.05077,0.65172,-0.75835,-0.00609,-0.01117,
1564088905990166784,-0.96707,16.48065,0.05432,0.65030,-0.75950,0.00451,-0.01572,
1564088906029499904,-0.98138,16.51667,0.05601,0.65022,-0.75937,0.01152,-0.02102,
1564088906091469824,-0.99796,16.54080,0.04537,0.65196,-0.75749,0.01149,-0.03187,
1564088906136941568,-0.96597,16.63743,0.03747,0.65399,-0.75537,0.01167,-0.03978,
1564088906189948928,-0.94392,16.69685,0.03213,0.65469,-0.75429,0.00909,-0.04845,
1564088906234794496,-0.94175,16.73411,0.02826,0.65423,-0.75425,0.00603,-0.05524,
1564088906290299648,-0.94458,16.74649,0.03056,0.65220,-0.75516,-0.00314,-0.06595,
1564088906335316224,-0.90355,16.84759,0.03613,0.64900,-0.75710,-0.00746,-0.07453,
1564088906392470528,-0.85879,16.93608,0.04060,0.64862,-0.75727,0.00614,-0.07618,
1564088906436517632,-0.87470,16.96360,0.04237,0.64766,-0.75728,0.02096,-0.08142,
1564088906491449856,-0.90294,16.97459,0.04484,0.64562,-0.75836,0.02855,-0.08511,
1564088906536502016,-0.88546,17.04640,0.04578,0.64564,-0.75810,0.03117,-0.08638,
1564088906592060416,-0.87418,17.13498,0.04686,0.64584,-0.75754,0.04176,-0.08532,
1564088906634138624,-0.88517,17.15300,0.04568,0.64628,-0.75686,0.04435,-0.08675,
1564088906690632960,-0.88762,17.16989,0.03843,0.64846,-0.75491,0.04324,-0.08792,
1564088906732712192,-0.88895,17.22416,0.03635,0.64914,-0.75470,0.03991,-0.08630,
1564088906795794688,-0.88085,17.34635,0.03321,0.65192,-0.75298,0.03538,-0.08230,
1564088906840434944,-0.88650,17.33555,0.03144,0.65259,-0.75270,0.03528,-0.07957,
1564088906890551040,-0.86079,17.34559,0.03574,0.65091,-0.75491,0.02207,-0.07705,
1564088906932446464,-0.90072,17.46046,0.03985,0.65018,-0.75624,0.01004,-0.07258,
1564088906973754880,-0.87523,17.45798,0.04254,0.65073,-0.75664,0.01276,-0.06231,
1564088907029664256,-0.88212,17.50140,0.03967,0.65058,-0.75755,0.00540,-0.05328,
1564088907070766848,-0.89007,17.55475,0.04064,0.65095,-0.75720,-0.01582,-0.05155,
1564088907124350208,-0.85178,17.57945,0.04281,0.65067,-0.75769,-0.02568,-0.04332,
1564088907167833088,-0.89081,17.67433,0.04309,0.65221,-0.75696,-0.02198,-0.03394,
1564088907206664448,-0.88045,17.72115,0.04219,0.65330,-0.75626,-0.02363,-0.02654,
1564088907263524864,-0.92719,17.84921,0.03989,0.65432,-0.75549,-0.02789,-0.01799,
1564088907311635712,-0.93414,17.87794,0.03782,0.65535,-0.75456,-0.03209,-0.01121,
1564088907359607808,-0.90486,17.89178,0.03675,0.65593,-0.75403,-0.03439,-0.00314,
1564088907405071616,-0.92532,17.95539,0.04338,0.65519,-0.75472,-0.03354,0.00328,
1564088907471108096,-0.96174,18.04086,0.03906,0.65545,-0.75448,-0.03241,0.01012,
1564088907520338432,-0.95366,18.05000,0.03923,0.65500,-0.75460,-0.03644,0.01496,
1564088907562064128,-0.94602,18.07376,0.05213,0.65233,-0.75669,-0.03670,0.02316,
1564088907670685952,-1.01212,18.22052,0.05185,0.65032,-0.75746,-0.04372,0.03776,
1564088907727934208,-0.97377,18.21952,0.04648,0.65103,-0.75591,-0.05241,0.04476,
1564088907774470912,-0.98036,18.27228,0.04787,0.64980,-0.75659,-0.05115,0.05208,
1564088907838183680,-1.00980,18.36450,0.04468,0.65077,-0.75516,-0.05444,0.05722,
1564088907881516800,-0.99492,18.37082,0.04028,0.65144,-0.75413,-0.05645,0.06103,
1564088907925874432,-0.99170,18.39192,0.03275,0.65290,-0.75233,-0.06063,0.06358,
1564088907972475648,-1.00594,18.48090,0.02788,0.65435,-0.75041,-0.06577,0.06621,
1564088908014643200,-1.00008,18.49886,0.02905,0.65388,-0.75085,-0.06059,0.07068,
1564088908106368000,-1.00626,18.61578,0.02559,0.65350,-0.75049,-0.06410,0.07486,
1564088908147992576,-0.98873,18.63585,0.03324,0.65242,-0.75074,-0.07316,0.07338,
1564088908195290624,-0.98752,18.65270,0.04436,0.65056,-0.75233,-0.07582,0.07090,
1564088908241029888,-0.98914,18.73575,0.04469,0.64892,-0.75359,-0.08218,0.06519,
1564088908341117952,-0.97458,18.80661,0.04207,0.64989,-0.75393,-0.07816,0.05590,
1564088908393212416,-1.00525,18.82182,0.04939,0.64900,-0.75576,-0.07252,0.04868,
1564088908438231296,-0.99804,18.85569,0.05130,0.64919,-0.75572,-0.07536,0.04197,
1564088908492571904,-1.00478,18.85888,0.03821,0.65195,-0.75416,-0.06888,0.03805,
1564088908577628160,-0.97933,18.97167,0.03790,0.65401,-0.75398,-0.05562,0.02622,
1564088908625837056,-1.02279,18.98412,0.03824,0.65397,-0.75494,-0.04557,0.01764,
1564088908677676032,-1.03284,18.98863,0.03984,0.65225,-0.75675,-0.04241,0.00971,
1564088908724290304,-1.03151,19.00333,0.04844,0.65134,-0.75729,-0.04763,0.00267,
1564088908776170752,-1.00741,19.01899,0.05265,0.65081,-0.75842,-0.03537,-0.00185,
1564088908824185600,-1.03225,19.05026,0.04676,0.65119,-0.75861,-0.02029,-0.00797,
1564088908877286656,-1.02462,19.09010,0.04062,0.65225,-0.75768,-0.01733,-0.01383,
1564088908926508288,-1.03932,19.10733,0.04804,0.65068,-0.75907,-0.01178,-0.01687,
1564088908979937024,-1.04102,19.14706,0.05211,0.64968,-0.75989,-0.00536,-0.02118,
1564088909025653760,-1.06465,19.18511,0.05548,0.64906,-0.76037,-0.00302,-0.02325,
1564088909080449024,-1.05725,19.21106,0.05918,0.64876,-0.76063,-0.00018,-0.02336,
1564088909127036928,-1.06204,19.20640,0.04629,0.65091,-0.75877,-0.00318,-0.02410,
1564088909226877184,-1.04774,19.23270,0.03631,0.65276,-0.75716,-0.01492,-0.01955,
1564088909282717696,-1.04376,19.23799,0.04992,0.65057,-0.75916,-0.01431,-0.01512,
1564088909330196736,-1.04973,19.24376,0.05916,0.64895,-0.76047,-0.01632,-0.01694,
1564088909382695680,-1.04962,19.25956,0.04862,0.65121,-0.75843,-0.02120,-0.01622,
1564088909428423680,-1.05133,19.25581,0.04278,0.65231,-0.75739,-0.02439,-0.01604,
1564088909482146816,-1.05584,19.26397,0.04449,0.65199,-0.75772,-0.02247,-0.01611,
1564088909529275136,-1.05327,19.26756,0.04281,0.65242,-0.75735,-0.02250,-0.01641,
1564088909581680896,-1.04992,19.27046,0.03995,0.65310,-0.75678,-0.02246,-0.01550,
1564088909626247168,-1.04826,19.27041,0.03684,0.65379,-0.75623,-0.02161,-0.01445,
1564088909682045696,-1.06224,19.26953,0.04083,0.65282,-0.75724,-0.01336,-0.01525,
1564088909726813952,-1.05501,19.26954,0.04403,0.65237,-0.75770,-0.00956,-0.01427,
1564088909768450560,-1.05226,19.26945,0.04299,0.65250,-0.75765,-0.00591,-0.01342,
1564088909825751296,-1.02991,19.26816,0.04163,0.65284,-0.75741,-0.00423,-0.01091,
1564088909871368704,-1.04746,19.26343,0.04693,0.65177,-0.75831,-0.00151,-0.01232,
1564088909918874624,-1.06477,19.26425,0.05195,0.65112,-0.75882,0.00564,-0.01419,
1564088909964754944,-1.05375,19.26126,0.04790,0.65195,-0.75810,0.00726,-0.01358,
1564088910027758592,-1.04360,19.25961,0.04599,0.65229,-0.75784,0.00682,-0.01234,
1564088910088516096,-1.02204,19.25802,0.04404,0.65282,-0.75743,0.00208,-0.01046,
1564088910128452096,-1.03334,19.25601,0.04152,0.65331,-0.75702,0.00169,-0.01049,
1564088910169211392,-1.04272,19.25656,0.04382,0.65303,-0.75724,0.00159,-0.01178,
1564088910212036864,-1.03872,19.25859,0.04347,0.65318,-0.75710,0.00188,-0.01203,
1564088910258756352,-1.04027,19.25636,0.03925,0.65399,-0.75639,0.00178,-0.01288,
1564088910301826304,-1.04975,19.25650,0.03978,0.65368,-0.75662,0.00180,-0.01477,
1564088910353812736,-1.05010,19.25577,0.04257,0.65324,-0.75701,0.00321,-0.01430,
1564088910399161088,-1.04923,19.25924,0.04717,0.65245,-0.75768,0.00561,-0.01385,
1564088910441613312,-1.03584,19.26176,0.04331,0.65346,-0.75683,0.00791,-0.01141,
1564088910495297536,-1.02452,19.25506,0.03634,0.65477,-0.75572,0.00826,-0.00903,
1564088910540497920,-1.02915,19.25559,0.03988,0.65407,-0.75634,0.00551,-0.01000,
1564088910588985088,-1.03063,19.25611,0.03856,0.65421,-0.75623,0.00398,-0.01066,
1564088910632481536,-1.03057,19.25512,0.03926,0.65408,-0.75637,0.00299,-0.00940,
1564088910673851392,-1.03089,19.25657,0.04395,0.65350,-0.75687,0.00232,-0.00845,
1564088910728474880,-1.04113,19.25636,0.03931,0.65409,-0.75633,-0.00000,-0.01157,
1564088910775687936,-1.03088,19.25794,0.03716,0.65460,-0.75586,-0.00405,-0.01228,
1564088910823762688,-1.03361,19.25662,0.03647,0.65477,-0.75572,-0.00439,-0.01163,
1564088910865792256,-1.04030,19.25890,0.03427,0.65528,-0.75529,-0.00473,-0.01152,
1564088910907402752,-1.04231,19.25973,0.03911,0.65436,-0.75607,-0.00532,-0.01191,
1564088910962771200,-1.03679,19.25958,0.04229,0.65390,-0.75646,-0.00655,-0.01144,
1564088911006228736,-1.02150,19.25841,0.03855,0.65469,-0.75576,-0.00985,-0.01051,
1564088911061875456,-1.02614,19.25627,0.03567,0.65518,-0.75530,-0.01165,-0.01103,
1564088911104259584,-1.03164,19.25649,0.03648,0.65511,-0.75535,-0.01263,-0.01082,
1564088911159163904,-1.02880,19.25520,0.03467,0.65546,-0.75503,-0.01338,-0.01086,
1564088911205373440,-1.01840,19.25390,0.03474,0.65572,-0.75482,-0.01360,-0.00964,
1564088911261415936,-1.01900,19.25752,0.03664,0.65526,-0.75521,-0.01331,-0.01048,
1564088911308211968,-1.02490,19.25512,0.03121,0.65648,-0.75413,-0.01441,-0.01078,
1564088911359172608,-1.02559,19.25083,0.02605,0.65734,-0.75335,-0.01611,-0.01032,
1564088911399628800,-1.01185,19.24891,0.02660,0.65747,-0.75321,-0.01765,-0.00959,
1564088911442837504,-1.02194,19.25238,0.02534,0.65755,-0.75314,-0.01796,-0.00968,
1564088911497998848,-1.01073,19.24989,0.02798,0.65709,-0.75352,-0.01851,-0.01027,
1564088911550418688,-1.01710,19.25260,0.03161,0.65669,-0.75386,-0.01846,-0.01102,
1564088911597998592,-1.01754,19.24900,0.02939,0.65718,-0.75345,-0.01738,-0.01110,
1564088911700077312,-1.00973,19.24679,0.02639,0.65757,-0.75307,-0.01937,-0.01118,
1564088911743846144,-1.01977,19.24629,0.02479,0.65791,-0.75274,-0.02036,-0.01088,
1564088911793635072,-1.02014,19.24602,0.02263,0.65819,-0.75248,-0.02119,-0.01090,
1564088911839505408,-1.01005,19.24281,0.02257,0.65830,-0.75240,-0.02057,-0.01079,
1564088911902791424,-1.02754,19.25039,0.02239,0.65831,-0.75240,-0.01905,-0.01254,
1564088911949181440,-1.02096,19.24917,0.02832,0.65723,-0.75338,-0.01729,-0.01295,
1564088911993812224,-1.01894,19.26028,0.03573,0.65604,-0.75445,-0.01645,-0.01203,
1564088912038001152,-1.01884,19.25350,0.02933,0.65719,-0.75348,-0.01635,-0.01065,
1564088912078298624,-1.01193,19.24906,0.02652,0.65763,-0.75307,-0.01778,-0.00967,
1564088912134782720,-1.01416,19.24890,0.02699,0.65754,-0.75309,-0.01964,-0.01073,
1564088912178882304,-1.02013,19.25301,0.03127,0.65661,-0.75389,-0.01999,-0.01108,
1564088912226284544,-1.01390,19.25059,0.03129,0.65705,-0.75352,-0.01922,-0.01112,
1564088912269604096,-1.01993,19.24880,0.02301,0.65854,-0.75222,-0.01908,-0.01139,
1564088912313824768,-1.02348,19.25195,0.02813,0.65743,-0.75319,-0.01899,-0.01118,
1564088912405889792,-1.00811,19.25404,0.03369,0.65659,-0.75394,-0.01874,-0.01083,
1564088912449206016,-1.02004,19.25572,0.03043,0.65711,-0.75349,-0.01869,-0.01046,
1564088912493203456,-1.00912,19.25616,0.03038,0.65710,-0.75353,-0.01843,-0.00909,
1564088912535895296,-1.01623,19.25865,0.03730,0.65583,-0.75461,-0.01850,-0.01037,
1564088912639976448,-1.01733,19.25266,0.03110,0.65722,-0.75340,-0.01775,-0.01188,
1564088912693486080,-1.01627,19.25275,0.02692,0.65781,-0.75291,-0.01739,-0.01029,
1564088912739085312,-1.01486,19.26524,0.03929,0.65549,-0.75495,-0.01686,-0.00938,
1564088912778727936,-1.02440,19.26320,0.03667,0.65609,-0.75442,-0.01707,-0.00999,
1564088912827485952,-1.01611,19.25834,0.02718,0.65770,-0.75303,-0.01690,-0.00937,
1564088912874393856,-1.00270,19.26008,0.02589,0.65801,-0.75279,-0.01663,-0.00742,
1564088912928878592,-0.99731,19.25495,0.02447,0.65820,-0.75264,-0.01650,-0.00572,
1564088912977361152,-0.99721,19.25857,0.02767,0.65767,-0.75309,-0.01674,-0.00653,
1564088913029001728,-1.00861,19.25922,0.03067,0.65722,-0.75346,-0.01731,-0.00758,
1564088913075658240,-1.00103,19.26108,0.03187,0.65683,-0.75380,-0.01791,-0.00678,
1564088913127680000,-1.00068,19.26626,0.03313,0.65666,-0.75395,-0.01801,-0.00619,
1564088913178390528,-0.99661,19.26039,0.02882,0.65748,-0.75323,-0.01812,-0.00592,
