1564088886128775936,0.00000,0.00000,0.00000,0.67053,-0.74124,-0.03083,0.00000,
1564088886181012992,-0.00045,0.00118,0.00037,0.67041,-0.74136,-0.03047,0.00007,
1564088886244182528,0.00133,0.00589,0.02050,0.67245,-0.73937,-0.03341,0.00512,
1564088886296641536,0.00574,0.01590,0.02711,0.66985,-0.74168,-0.03418,0.00657,
1564088886343165184,0.01097,0.02340,0.02386,0.66929,-0.74219,-0.03377,0.00849,
1564088886385580800,0.01437,0.03127,0.01930,0.66919,-0.74228,-0.03324,0.01021,
1564088886430799616,0.01618,0.03854,0.01562,0.66887,-0.74254,-0.03359,0.01128,
1564088886477444096,0.01812,0.04890,0.02521,0.66579,-0.74527,-0.03391,0.01219,
1564088886531781376,0.02019,0.05225,0.02324,0.66597,-0.74504,-0.03543,0.01192,
1564088886582076928,0.01866,0.05598,0.01340,0.66731,-0.74381,-0.03623,0.01143,
1564088886645946880,0.01757,0.05608,0.01566,0.66695,-0.74414,-0.03595,0.01155,
1564088886701241856,0.02013,0.06552,0.01361,0.66689,-0.74415,-0.03652,0.01321,
1564088886747073792,0.01793,0.07214,0.01135,0.66666,-0.74438,-0.03555,0.01374,
1564088886845069056,0.02250,0.08204,0.01533,0.66597,-0.74507,-0.03368,0.01460,
1564088886890213632,0.01917,0.08975,0.01192,0.66603,-0.74502,-0.03387,0.01400,
1564088886937006592,0.00825,0.08863,0.02233,0.66355,-0.74733,-0.03286,0.01119,
1564088886983152640,0.00129,0.09895,0.03344,0.66091,-0.74969,-0.03266,0.00954,
1564088887045541120,0.00720,0.10538,0.02765,0.66220,-0.74850,-0.03350,0.01026,
1564088887094504960,0.00810,0.09620,0.01474,0.66536,-0.74573,-0.03269,0.01064,
1564088887140020736,0.01065,0.08768,0.01848,0.66478,-0.74627,-0.03170,0.01229,
1564088887187874048,0.00964,0.09081,0.02193,0.66405,-0.74690,-0.03211,0.01239,
1564088887245298688,0.00951,0.08800,0.01471,0.66579,-0.74534,-0.03261,0.01128,
1564088887296960000,0.00821,0.08771,0.01202,0.66621,-0.74498,-0.03251,0.01062,
1564088887340086528,0.00878,0.08786,0.01805,0.66498,-0.74605,-0.03311,0.01093,
1564088887382342656,0.00681,0.09035,0.02309,0.66377,-0.74714,-0.03274,0.01086,
1564088887479988224,0.01268,0.07693,0.01704,0.66610,-0.74504,-0.03316,0.01107,
1564088887525238272,0.00972,0.08149,0.01180,0.66664,-0.74455,-0.03353,0.01038,
1564088887573805056,0.00172,0.08350,0.02056,0.66463,-0.74644,-0.03180,0.00901,
1564088887614839040,0.00886,0.09414,0.01903,0.66443,-0.74655,-0.03273,0.01080,
1564088887655772672,0.00764,0.08894,0.02025,0.66424,-0.74675,-0.03213,0.01070,
1564088887713881600,0.01011,0.10257,0.02536,0.66283,-0.74800,-0.03195,0.01140,
1564088887762680064,0.00775,0.09827,0.02007,0.66413,-0.74692,-0.03049,0.01076,
1564088887810216192,0.01111,0.08997,0.01544,0.66555,-0.74562,-0.03083,0.01179,
1564088887854868224,0.00899,0.07695,0.01497,0.66623,-0.74504,-0.03007,0.01202,
1564088887911603712,0.01484,0.08629,0.01531,0.66580,-0.74542,-0.02991,0.01310,
1564088887953753600,0.00573,0.08217,0.01917,0.66528,-0.74595,-0.02915,0.01086,
1564088888016083968,0.01562,0.09621,0.01488,0.66517,-0.74595,-0.03052,0.01365,
1564088888058388480,0.01413,0.09670,0.01562,0.66464,-0.74646,-0.02928,0.01428,
1564088888118241792,0.01410,0.09471,0.01969,0.66432,-0.74672,-0.03018,0.01347,
1564088888158844160,0.01176,0.09570,0.01417,0.66526,-0.74588,-0.03066,0.01272,
1564088888214640640,0.01223,0.09250,0.01056,0.66634,-0.74491,-0.03081,0.01242,
1564088888281044480,0.01030,0.09177,0.01739,0.66498,-0.74612,-0.03110,0.01185,
1564088888331431680,0.00989,0.09750,0.02495,0.66312,-0.74775,-0.03163,0.01170,
1564088888387106048,0.00970,0.09880,0.02670,0.66283,-0.74800,-0.03201,0.01135,
1564088888481842688,0.01791,0.10311,0.02696,0.66281,-0.74790,-0.03428,0.01248,
1564088888526514176,0.01330,0.10628,0.02306,0.66326,-0.74748,-0.03490,0.01170,
1564088888578630912,0.01211,0.10701,0.02046,0.66370,-0.74704,-0.03609,0.01109,
1564088888620954368,0.01450,0.10742,0.01414,0.66490,-0.74590,-0.03767,0.01088,
1564088888660857344,0.00854,0.10934,0.00825,0.66593,-0.74501,-0.03754,0.00953,
1564088888717330432,0.01670,0.10356,0.01211,0.66539,-0.74550,-0.03667,0.01136,
1564088888760494848,0.01738,0.10615,0.01386,0.66473,-0.74615,-0.03537,0.01237,
1564088888812037888,0.01247,0.10538,0.01676,0.66416,-0.74669,-0.03512,0.01032,
1564088888855279360,0.00273,0.11360,0.01563,0.66401,-0.74689,-0.03464,0.00704,
1564088888896447744,0.00353,0.10741,0.01308,0.66468,-0.74628,-0.03510,0.00583,
1564088888953372160,0.00370,0.10998,0.01708,0.66355,-0.74715,-0.03777,0.00604,
1564088888998403328,-0.01051,0.10592,0.02384,0.66207,-0.74847,-0.03806,0.00307,
1564088889047342848,-0.00502,0.11720,0.02303,0.66197,-0.74848,-0.03948,0.00287,
1564088889089419264,-0.01573,0.12610,0.02159,0.66181,-0.74884,-0.03529,0.00080,
1564088889135531008,-0.00807,0.12960,0.02101,0.66197,-0.74868,-0.03571,0.00156,
1564088889187590144,-0.01924,0.13372,0.01902,0.66241,-0.74846,-0.03189,0.00138,
1564088889232343808,-0.02178,0.13398,0.02034,0.66219,-0.74871,-0.03058,0.00074,
1564088889278627584,-0.03339,0.13986,0.02522,0.66130,-0.74957,-0.02872,0.00164,
1564088889321319936,-0.03221,0.15164,0.02842,0.66035,-0.75046,-0.02689,0.00449,
1564088889361977856,-0.02431,0.16083,0.02505,0.66061,-0.75017,-0.02809,0.00723,
1564088889412696320,-0.04266,0.16236,0.02310,0.66092,-0.74990,-0.02809,0.00614,
1564088889456514560,-0.03571,0.16406,0.02643,0.66077,-0.75008,-0.02571,0.00966,
1564088889497427200,-0.01743,0.18022,0.01879,0.66117,-0.74979,-0.02048,0.01584,
1564088889557173760,-0.00218,0.20028,0.02499,0.65985,-0.75094,-0.01397,0.02245,
1564088889600907520,-0.02435,0.21698,0.02276,0.65969,-0.75110,-0.01164,0.02276,
1564088889646193664,-0.00899,0.23495,0.02426,0.65992,-0.75067,-0.00642,0.03100,
1564088889695405824,-0.00470,0.30033,0.03117,0.65859,-0.75147,-0.00471,0.03914,
1564088889759869440,0.01533,0.34452,0.02965,0.65693,-0.75225,-0.01657,0.04787,
1564088889815540224,0.00845,0.38805,0.02579,0.65661,-0.75217,-0.02110,0.05150,
1564088889861450496,0.01379,0.44726,0.02489,0.65654,-0.75141,-0.03595,0.05516,
1564088889915406080,-0.00395,0.46547,0.03188,0.65626,-0.75181,-0.03832,0.05137,
1564088889964117760,-0.00796,0.50971,0.02735,0.65674,-0.75106,-0.04120,0.05385,
1564088890012571136,-0.00774,0.53093,0.02363,0.65751,-0.75036,-0.04079,0.05458,
1564088890060084224,-0.01124,0.58437,0.02911,0.65672,-0.75084,-0.04658,0.05275,
1564088890112509952,-0.01485,0.59659,0.02959,0.65753,-0.75027,-0.04667,0.05071,
1564088890160791808,-0.01706,0.65148,0.02832,0.65773,-0.75076,-0.03723,0.04863,
1564088890202601984,-0.01660,0.67857,0.02646,0.65830,-0.75049,-0.03287,0.04822,
1564088890248180224,-0.02783,0.70055,0.01590,0.66101,-0.74839,-0.03429,0.04246,
1564088890296435712,-0.03144,0.75948,0.00955,0.66315,-0.74691,-0.03340,0.03528,
1564088890346235392,-0.03732,0.77140,0.00998,0.66351,-0.74694,-0.03033,0.03006,
1564088890399193856,-0.03935,0.84511,0.00962,0.66358,-0.74730,-0.02488,0.02413,
1564088890446186240,-0.06484,0.83624,0.00443,0.66472,-0.74658,-0.02350,0.01467,
1564088890496662016,-0.06499,0.89136,0.01559,0.66196,-0.74910,-0.02468,0.00733,
1564088890548424192,-0.07091,0.90400,0.03016,0.65982,-0.75085,-0.02947,-0.00064,
1564088890599648256,-0.06293,0.97612,0.03335,0.65810,-0.75248,-0.02384,-0.01057,
1564088890647348992,-0.07123,0.99408,0.02982,0.65843,-0.75241,-0.01313,-0.01328,
1564088890698527744,-0.08077,1.02140,0.02870,0.65709,-0.75355,-0.00322,-0.01993,
1564088890746940160,-0.12567,1.02581,0.02861,0.65694,-0.75345,0.00235,-0.02728,
1564088890799505664,-0.14419,1.06622,0.03404,0.65603,-0.75398,0.00864,-0.03265,
1564088890846028288,-0.14438,1.07257,0.03871,0.65544,-0.75429,0.01638,-0.03429,
1564088890900894464,-0.12704,1.09993,0.03752,0.65628,-0.75317,0.02396,-0.03805,
1564088890951629056,-0.15002,1.12122,0.02013,0.65932,-0.75020,0.02899,-0.04072,
1564088891006042368,-0.16041,1.13645,0.01509,0.66055,-0.74902,0.02937,-0.04227,
1564088891051440640,-0.11399,1.14339,0.01827,0.66056,-0.74905,0.02692,-0.04322,
1564088891149179904,-0.14397,1.04894,0.01327,0.66113,-0.74843,0.02998,-0.04310,
1564088891191693568,-0.11838,1.12595,0.01894,0.66014,-0.74942,0.02750,-0.04289,
1564088891241313536,-0.11140,1.26558,0.02328,0.65972,-0.75006,0.02294,-0.04060,
1564088891284555008,-0.07755,1.35364,0.02993,0.65820,-0.75169,0.02423,-0.03383,
1564088891381003520,-0.10428,1.45790,0.03560,0.65655,-0.75370,0.01695,-0.02437,
1564088891426183936,-0.08571,1.47718,0.03651,0.65665,-0.75384,0.00966,-0.02125,
1564088891471494656,-0.10413,1.53295,0.03896,0.65558,-0.75485,0.01131,-0.01726,
1564088891520410624,-0.11216,1.56179,0.02933,0.65793,-0.75289,0.01099,-0.01289,
1564088891587233792,-0.10765,1.58232,0.01920,0.66002,-0.75117,0.00433,-0.00954,
1564088891639822592,-0.16547,1.68261,0.02437,0.66067,-0.75066,-0.00176,-0.00434,
1564088891685537024,-0.16679,1.71893,0.02512,0.66078,-0.75053,-0.00857,-0.00081,
1564088891725650432,-0.17201,1.75309,0.02456,0.66090,-0.75036,-0.01305,0.00124,
1564088891781751808,-0.18730,1.78535,0.02708,0.66078,-0.75038,-0.01626,0.00623,
1564088891827447296,-0.21486,1.84240,0.02847,0.65868,-0.75204,-0.02209,0.00938,
1564088891875206656,-0.24590,1.92382,0.02973,0.65797,-0.75247,-0.02621,0.01339,
1564088891919034368,-0.23082,1.93907,0.03822,0.65533,-0.75482,-0.01708,0.02246,
1564088891960348160,-0.24709,1.97477,0.03753,0.65487,-0.75516,-0.00619,0.02899,
1564088892015691520,-0.25899,1.99745,0.03349,0.65446,-0.75542,-0.00625,0.03132,
1564088892064990208,-0.29867,2.07399,0.04049,0.65306,-0.75631,-0.01422,0.03611,
1564088892110901760,-0.29928,2.13916,0.03973,0.65151,-0.75717,0.00229,0.04718,
1564088892159856640,-0.34154,2.19364,0.03877,0.65129,-0.75685,0.01707,0.05202,
1564088892214794496,-0.32937,2.18607,0.03230,0.65318,-0.75510,0.01105,0.05528,
1564088892259685632,-0.36995,2.28465,0.03048,0.65317,-0.75462,0.00140,0.06253,
1564088892313478400,-0.36284,2.37486,0.03479,0.65284,-0.75432,-0.00823,0.06883,
1564088892356204032,-0.34925,2.38966,0.03447,0.65314,-0.75365,-0.01241,0.07260,
1564088892420323328,-0.32877,2.37372,0.03256,0.65380,-0.75286,-0.01553,0.07413,
1564088892481585152,-0.34911,2.42258,0.03091,0.65502,-0.75186,-0.01617,0.07349,
1564088892530365440,-0.34607,2.57219,0.03820,0.65310,-0.75378,-0.01815,0.07033,
1564088892579875328,-0.33241,2.62499,0.04225,0.65299,-0.75413,-0.01960,0.06708,
1564088892622152192,-0.34804,2.67076,0.04008,0.65247,-0.75517,-0.01718,0.06082,
1564088892671354624,-0.37447,2.69066,0.05034,0.65096,-0.75699,-0.01956,0.05322,
1564088892715896576,-0.37441,2.70728,0.05106,0.65224,-0.75608,-0.02671,0.04693,
1564088892755375616,-0.37629,2.73900,0.04531,0.65332,-0.75543,-0.02803,0.04136,
1564088892803997952,-0.37075,2.76890,0.04149,0.65399,-0.75512,-0.02407,0.03877,
1564088892854733056,-0.36442,2.79965,0.03693,0.65554,-0.75405,-0.02176,0.03479,
1564088892898695168,-0.36559,2.81338,0.02995,0.65758,-0.75250,-0.02172,0.02938,
1564088892955744768,-0.30906,2.96834,0.02787,0.65939,-0.75126,-0.01815,0.02204,
1564088892997121280,-0.30702,3.01599,0.02788,0.65982,-0.75111,-0.01572,0.01527,
1564088893049441024,-0.30963,3.07250,0.02372,0.66028,-0.75088,-0.01273,0.00731,
1564088893092775680,-0.30383,3.12183,0.01989,0.66065,-0.75058,-0.01300,-0.00143,
1564088893152420608,-0.29751,3.19175,0.02426,0.65911,-0.75193,-0.01019,-0.00916,
1564088893198638848,-0.30536,3.21292,0.02988,0.65803,-0.75287,-0.00277,-0.01349,
1564088893247385856,-0.31330,3.25159,0.03187,0.65717,-0.75344,0.00717,-0.01984,
1564088893297427968,-0.30313,3.33312,0.02940,0.65556,-0.75453,0.01196,-0.02786,
1564088893354166784,-0.30705,3.39351,0.03205,0.65505,-0.75461,0.01672,-0.03461,
1564088893403530240,-0.32924,3.40823,0.03189,0.65456,-0.75467,0.02472,-0.03771,
1564088893450951936,-0.33069,3.44335,0.03229,0.65457,-0.75447,0.02829,-0.03888,
1564088893496129536,-0.32247,3.52627,0.02709,0.65631,-0.75295,0.02668,-0.04024,
1564088893558596608,-0.31651,3.60173,0.01975,0.65828,-0.75135,0.02398,-0.03963,
1564088893604648448,-0.31801,3.62227,0.01407,0.66062,-0.74942,0.02141,-0.03876,
1564088893654690560,-0.31502,3.65686,0.00966,0.66256,-0.74780,0.02073,-0.03716,
1564088893759692288,-0.35764,3.82110,0.01324,0.66183,-0.74850,0.02974,-0.02924,
1564088893804130560,-0.34125,3.82256,0.01310,0.66162,-0.74905,0.02369,-0.02485,
1564088893848538624,-0.29924,3.86567,0.02323,0.65989,-0.75089,0.02010,-0.01756,
1564088893893577728,-0.36089,3.93642,0.03125,0.65768,-0.75292,0.02098,-0.01142,
1564088893938641664,-0.36226,3.96564,0.02645,0.65824,-0.75271,0.00843,-0.00929,
1564088893982561280,-0.34594,3.97838,0.02227,0.65884,-0.75222,-0.00897,-0.00319,
1564088894026387968,-0.34566,4.07839,0.03327,0.65731,-0.75354,-0.00585,0.00913,
1564088894067294720,-0.35427,4.10841,0.04356,0.65613,-0.75447,0.00009,0.01649,
1564088894109080832,-0.36740,4.14280,0.03699,0.65713,-0.75350,-0.00213,0.02066,
1564088894159869696,-0.40451,4.21909,0.01835,0.66080,-0.74998,-0.00898,0.02809,
1564088894202968576,-0.41878,4.26050,0.02344,0.65981,-0.75056,-0.01302,0.03392,
1564088894248631296,-0.41902,4.29446,0.02475,0.65981,-0.75021,-0.01642,0.03961,
1564088894297420032,-0.45306,4.36712,0.02196,0.65921,-0.75019,-0.02108,0.04701,
1564088894338747136,-0.45710,4.39394,0.02354,0.65913,-0.74979,-0.02496,0.05236,
1564088894384196608,-0.45605,4.42846,0.03335,0.65644,-0.75148,-0.03348,0.05704,
1564088894431892992,-0.49292,4.49783,0.04412,0.65383,-0.75286,-0.04289,0.06227,
1564088894495855616,-0.49518,4.55659,0.05208,0.65094,-0.75431,-0.04668,0.07155,
1564088894537087488,-0.50018,4.58334,0.05414,0.64975,-0.75507,-0.04727,0.07385,
1564088894583410176,-0.50436,4.60779,0.06089,0.64713,-0.75690,-0.04701,0.07823,
1564088894633086464,-0.53224,4.69199,0.06655,0.64447,-0.75827,-0.05052,0.08443,
1564088894682234880,-0.51111,4.70688,0.05915,0.64538,-0.75656,-0.05563,0.08949,
1564088894731736320,-0.52366,4.78341,0.05864,0.64494,-0.75639,-0.05849,0.09224,
1564088894783454720,-0.51869,4.82453,0.06023,0.64432,-0.75661,-0.04953,0.09969,
1564088894831921408,-0.52634,4.93362,0.05939,0.64397,-0.75671,-0.04179,0.10463,
1564088894885152512,-0.52545,4.94506,0.05371,0.64509,-0.75581,-0.03803,0.10568,
1564088894933533440,-0.51272,5.04704,0.04479,0.64583,-0.75454,-0.04073,0.10912,
1564088894981992704,-0.52106,5.07264,0.05247,0.64571,-0.75502,-0.05049,0.10227,
1564088895032132352,-0.51319,5.17120,0.06092,0.64432,-0.75599,-0.06370,0.09630,
1564088895084381440,-0.50170,5.17450,0.06611,0.64288,-0.75758,-0.05994,0.09583,
1564088895169707008,-0.47993,5.32712,0.06857,0.64119,-0.75985,-0.05582,0.09163,
1564088895218557952,-0.49302,5.33669,0.06274,0.64521,-0.75683,-0.06911,0.07830,
1564088895259299840,-0.49919,5.37175,0.06220,0.64622,-0.75661,-0.07075,0.07021,
1564088895352065280,-0.50006,5.50756,0.05189,0.64988,-0.75599,-0.05391,0.05676,
1564088895405666304,-0.48963,5.56383,0.04505,0.65265,-0.75437,-0.05030,0.04945,
1564088895449250816,-0.51187,5.57914,0.03511,0.65615,-0.75166,-0.05563,0.03713,
1564088895503671552,-0.50299,5.67704,0.02866,0.65668,-0.75107,-0.06402,0.02378,
1564088895549533440,-0.51033,5.68470,0.02646,0.65700,-0.75144,-0.05720,0.02035,
1564088895605479168,-0.50139,5.76122,0.03559,0.65441,-0.75447,-0.04877,0.01198,
1564088895716649984,-0.50634,5.85783,0.04580,0.65182,-0.75822,-0.01550,-0.00010,
1564088895771333120,-0.52512,5.91843,0.04809,0.65024,-0.75966,0.00494,-0.00919,
1564088895816508160,-0.54787,5.94569,0.03884,0.65139,-0.75850,0.00581,-0.01845,
1564088895858599680,-0.55717,5.97894,0.03934,0.65189,-0.75782,0.00953,-0.02554,
1564088895910418176,-0.54872,6.02499,0.04747,0.65096,-0.75806,0.02328,-0.03262,
1564088895951709184,-0.55480,6.07567,0.05187,0.64952,-0.75881,0.03187,-0.03643,
1564088895995311872,-0.57532,6.07792,0.03644,0.65367,-0.75472,0.03721,-0.04151,
1564088896051211264,-0.59542,6.09562,0.02398,0.65642,-0.75174,0.04312,-0.04628,
1564088896095446272,-0.55542,6.19818,0.02296,0.65764,-0.75052,0.04029,-0.05095,
1564088896141727744,-0.53376,6.28240,0.02298,0.65779,-0.75008,0.04070,-0.05503,
1564088896184564480,-0.53804,6.33734,0.02287,0.65783,-0.74948,0.04965,-0.05542,
1564088896224055808,-0.54506,6.36596,0.03081,0.65627,-0.75076,0.05199,-0.05455,
1564088896264691456,-0.53528,6.40346,0.03432,0.65492,-0.75225,0.04624,-0.05527,
1564088896319733248,-0.53363,6.43336,0.02729,0.65640,-0.75112,0.04437,-0.05464,
1564088896364130048,-0.54553,6.52075,0.02582,0.65545,-0.75205,0.04435,-0.05329,
1564088896409852672,-0.54308,6.60891,0.03018,0.65404,-0.75430,0.03259,-0.04702,
1564088896454218752,-0.52938,6.66092,0.03330,0.65398,-0.75489,0.02551,-0.04255,
1564088896497045248,-0.53210,6.66760,0.03608,0.65356,-0.75528,0.02887,-0.03972,
1564088896551208192,-0.52837,6.70093,0.03130,0.65534,-0.75406,0.02547,-0.03579,
1564088896600952064,-0.55024,6.73931,0.02313,0.65835,-0.75176,0.01922,-0.03251,
1564088896648051968,-0.57597,6.81205,0.01715,0.66111,-0.74955,0.01819,-0.02773,
1564088896691386368,-0.58149,6.83826,0.01179,0.66270,-0.74834,0.01409,-0.02469,
1564088896751609600,-0.56249,6.88038,0.00911,0.66386,-0.74755,0.00384,-0.02097,
1564088896794811648,-0.62521,6.93928,0.00854,0.66435,-0.74724,-0.00203,-0.01645,
1564088896853178880,-0.69532,7.02339,0.01441,0.66268,-0.74876,-0.00962,-0.01109,
1564088896893827584,-0.64932,7.05059,0.01364,0.66239,-0.74894,-0.01623,-0.00778,
1564088896951162880,-0.60869,7.08503,0.02258,0.65956,-0.75149,-0.01523,0.00206,
1564088896993661696,-0.66187,7.16001,0.02990,0.65788,-0.75297,-0.01236,0.00857,
1564088897050745344,-0.69978,7.25793,0.03660,0.65629,-0.75405,-0.02264,0.01350,
1564088897095433216,-0.68609,7.26577,0.03872,0.65616,-0.75399,-0.02538,0.01758,
1564088897151154688,-0.67814,7.28643,0.03109,0.65743,-0.75282,-0.01846,0.02661,
1564088897201806848,-0.71560,7.37231,0.02531,0.65966,-0.75062,-0.01612,0.03405,
1564088897249883136,-0.75142,7.44916,0.01911,0.66051,-0.74941,-0.02610,0.03791,
1564088897292724480,-0.74430,7.48417,0.01797,0.66109,-0.74842,-0.03159,0.04279,
1564088897337905408,-0.75656,7.55084,0.01802,0.66101,-0.74799,-0.03296,0.04992,
1564088897389043712,-0.75057,7.57229,0.02364,0.65959,-0.74894,-0.03088,0.05550,
1564088897434085376,-0.77402,7.65740,0.02650,0.65744,-0.75035,-0.03122,0.06143,
1564088897489158144,-0.77489,7.75329,0.02773,0.65551,-0.75098,-0.03812,0.06995,
1564088897532073728,-0.74134,7.75269,0.03416,0.65375,-0.75198,-0.03852,0.07521,
1564088897587329024,-0.74499,7.77902,0.03981,0.65170,-0.75356,-0.03884,0.07696,
1564088897630967040,-0.77372,7.86348,0.04642,0.65054,-0.75414,-0.05470,0.07127,
1564088897689660928,-0.74667,7.93702,0.05085,0.64965,-0.75412,-0.06584,0.07013,
1564088897734241024,-0.75529,7.98787,0.04829,0.65018,-0.75407,-0.06382,0.06765,
1564088897785344000,-0.77015,8.01626,0.04126,0.65191,-0.75303,-0.06389,0.06229,
1564088897828366336,-0.74585,8.09343,0.03711,0.65414,-0.75139,-0.06359,0.05892,
1564088897895948800,-0.75705,8.18349,0.02842,0.65718,-0.74996,-0.05608,0.05020,
1564088897939474432,-0.76868,8.22956,0.03407,0.65650,-0.75143,-0.04817,0.04522,
1564088897985882880,-0.79046,8.24091,0.04269,0.65544,-0.75307,-0.04190,0.03905,
1564088898031614976,-0.75840,8.32838,0.04909,0.65403,-0.75484,-0.03974,0.02965,
1564088898091013120,-0.73917,8.43212,0.05062,0.65276,-0.75624,-0.04020,0.01976,
1564088898137066240,-0.73746,8.45356,0.05576,0.65153,-0.75773,-0.03400,0.01378,
1564088898186545664,-0.74361,8.49201,0.05250,0.65154,-0.75826,-0.02271,0.00527,
1564088898229855744,-0.74695,8.53634,0.04873,0.65218,-0.75756,-0.02663,-0.00783,
1564088898269889536,-0.74977,8.58633,0.05332,0.65072,-0.75856,-0.02967,-0.01667,
1564088898327994624,-0.71295,8.63947,0.05654,0.64996,-0.75911,-0.02494,-0.02597,
1564088898372613120,-0.73912,8.68137,0.05671,0.64945,-0.75953,-0.01631,-0.03257,
1564088898419617536,-0.75079,8.71382,0.04701,0.65206,-0.75727,-0.00497,-0.03649,
1564088898463859200,-0.72387,8.78949,0.04495,0.65363,-0.75577,0.00672,-0.03932,
1564088898502754560,-0.71707,8.84534,0.03903,0.65428,-0.75488,0.01188,-0.04384,
1564088898541699072,-0.71752,8.88942,0.03130,0.65573,-0.75337,0.01391,-0.04756,
1564088898595538688,-0.69612,8.96591,0.03568,0.65503,-0.75351,0.02477,-0.05039,
1564088898640532736,-0.72033,9.00020,0.03835,0.65407,-0.75375,0.03249,-0.05475,
1564088898684752896,-0.72832,9.02128,0.03876,0.65300,-0.75453,0.03263,-0.05658,
1564088898729077504,-0.71298,9.08993,0.04202,0.65152,-0.75599,0.02987,-0.05586,
1564088898772968704,-0.70236,9.10508,0.04403,0.64970,-0.75770,0.02402,-0.05660,
1564088898819012608,-0.69156,9.15056,0.03933,0.64991,-0.75771,0.01914,-0.05599,
1564088898862975488,-0.67534,9.23496,0.03856,0.65121,-0.75673,0.02512,-0.05147,
1564088898909896704,-0.67738,9.26645,0.03744,0.65149,-0.75651,0.03018,-0.04841,
1564088898954661120,-0.68032,9.28621,0.03267,0.65279,-0.75543,0.02618,-0.04999,
1564088898996656640,-0.66468,9.30853,0.03064,0.65426,-0.75441,0.02143,-0.04853,
1564088899053364736,-0.67114,9.30737,0.02696,0.65566,-0.75324,0.02041,-0.04816,
1564088899101413632,-0.69583,9.47462,0.03063,0.65709,-0.75224,0.01351,-0.04675,
1564088899140173056,-0.70137,9.51367,0.02761,0.65709,-0.75236,0.00820,-0.04594,
1564088899237360640,-0.71156,9.63893,0.02460,0.65655,-0.75312,-0.00842,-0.04090,
1564088899286122496,-0.70641,9.67836,0.02255,0.65735,-0.75262,-0.00868,-0.03720,
1564088899334256896,-0.72631,9.74064,0.02172,0.65749,-0.75266,-0.00512,-0.03440,
1564088899385752064,-0.74361,9.76089,0.02732,0.65646,-0.75357,-0.00651,-0.03396,
1564088899436019968,-0.76324,9.85617,0.03382,0.65564,-0.75443,-0.00699,-0.03026,
1564088899485359104,-0.75757,9.86223,0.03580,0.65611,-0.75435,0.00299,-0.02176,
1564088899535958528,-0.78576,9.92956,0.03587,0.65622,-0.75432,0.00733,-0.01775,
1564088899586769408,-0.79384,9.98537,0.02847,0.65788,-0.75295,0.00000,-0.01585,
1564088899639750656,-0.81199,10.07357,0.02653,0.65873,-0.75228,-0.00645,-0.01017,
1564088899686144000,-0.79348,10.11197,0.02358,0.66001,-0.75121,-0.00852,-0.00262,
1564088899736955904,-0.80644,10.19800,0.02463,0.66035,-0.75093,-0.00560,0.00339,
1564088899785861120,-0.80526,10.22837,0.02027,0.66076,-0.75052,-0.00200,0.01046,
1564088899837353472,-0.82796,10.31807,0.01166,0.66120,-0.74991,-0.01044,0.01839,
1564088899885289472,-0.78820,10.35286,0.02023,0.65912,-0.75124,-0.02368,0.02549,
1564088899938246400,-0.79394,10.41256,0.02674,0.65698,-0.75276,-0.02798,0.03078,
1564088899985492480,-0.79515,10.44945,0.03510,0.65570,-0.75346,-0.03605,0.03244,
1564088900038978560,-0.80737,10.53981,0.03565,0.65468,-0.75384,-0.04272,0.03591,
1564088900085352192,-0.80545,10.56764,0.03540,0.65416,-0.75422,-0.03900,0.04133,
1564088900141490688,-0.81777,10.64691,0.03370,0.65538,-0.75269,-0.04281,0.04572,
1564088900189618944,-0.82580,10.68799,0.02060,0.65835,-0.74963,-0.05091,0.04513,
1564088900240171520,-0.84695,10.78663,0.01271,0.66091,-0.74715,-0.05510,0.04387,
1564088900286205696,-0.84404,10.82526,0.01187,0.66162,-0.74632,-0.05606,0.04613,
1564088900341587712,-0.83929,10.92322,0.01782,0.66066,-0.74732,-0.05316,0.04707,
1564088900386149632,-0.84859,10.94217,0.02280,0.65967,-0.74832,-0.05467,0.04325,
1564088900425349376,-0.85370,10.96129,0.03178,0.65773,-0.75028,-0.05417,0.03917,
1564088900475446528,-0.85049,11.06089,0.03519,0.65690,-0.75195,-0.04210,0.03581,
1564088900519416832,-0.86458,11.07538,0.02966,0.65790,-0.75170,-0.03288,0.03228,
1564088900560154112,-0.87686,11.11676,0.03347,0.65591,-0.75386,-0.02705,0.02713,
1564088900612476672,-0.85867,11.21521,0.03983,0.65404,-0.75559,-0.02737,0.02367,
1564088900657279488,-0.85051,11.22082,0.04181,0.65402,-0.75573,-0.02788,0.01890,
1564088900698091520,-0.85341,11.24730,0.04105,0.65401,-0.75601,-0.02287,0.01412,
1564088900754351360,-0.87604,11.26566,0.04182,0.65436,-0.75602,-0.01158,0.01031,
1564088900805659392,-0.83566,11.34132,0.05425,0.65472,-0.75583,-0.00446,0.00649,
1564088900852087296,-0.80526,11.42168,0.04405,0.65685,-0.75401,-0.00366,-0.00037,
1564088900955414272,-0.75399,11.55406,0.02930,0.66037,-0.75086,0.00288,-0.01055,
1564088900997866752,-0.75874,11.59220,0.02707,0.66025,-0.75077,0.00917,-0.01814,
1564088901049879808,-0.76828,11.66803,0.02868,0.65890,-0.75172,0.00813,-0.02642,
1564088901091881728,-0.75854,11.70125,0.03384,0.65721,-0.75287,-0.00167,-0.03555,
1564088901139901440,-0.77082,11.71826,0.03871,0.65553,-0.75392,-0.00401,-0.04316,
1564088901188843264,-0.77953,11.76019,0.03490,0.65438,-0.75439,-0.00428,-0.05169,
1564088901230980864,-0.76581,11.82876,0.03247,0.65391,-0.75422,-0.01062,-0.05871,
1564088901283044352,-0.70664,11.89782,0.03310,0.65449,-0.75374,-0.00199,-0.05927,
1564088901325468416,-0.73479,11.96518,0.03488,0.65365,-0.75413,0.00900,-0.06285,
1564088901367366912,-0.73768,11.99562,0.02831,0.65574,-0.75203,0.01029,-0.06592,
1564088901420693760,-0.75389,12.00866,0.01972,0.65703,-0.75063,0.01446,-0.06820,
1564088901467677184,-0.75208,12.10704,0.01521,0.65950,-0.74823,0.02203,-0.06871,
1564088901520070656,-0.75870,12.18316,0.01197,0.65927,-0.74841,0.01877,-0.06988,
1564088901559355392,-0.76178,12.20779,0.01301,0.65878,-0.74905,0.01391,-0.06888,
1564088901598275584,-0.75547,12.25122,0.01037,0.65849,-0.74945,0.00898,-0.06813,
1564088901654760448,-0.73080,12.27907,0.01562,0.65747,-0.75088,0.00449,-0.06233,
1564088901704416256,-0.74530,12.38636,0.02350,0.65615,-0.75248,0.00588,-0.05655,
1564088901757872640,-0.77634,12.46196,0.02637,0.65571,-0.75318,0.01093,-0.05140,
1564088901802205184,-0.77610,12.49368,0.02497,0.65581,-0.75343,0.00721,-0.04701,
1564088901853565184,-0.76633,12.52449,0.02664,0.65630,-0.75343,0.00436,-0.03995,
1564088901896900864,-0.80114,12.62927,0.03264,0.65564,-0.75424,0.01050,-0.03390,
1564088901957536768,-0.84514,12.72246,0.01970,0.65902,-0.75161,0.00734,-0.02680,
1564088901999079936,-0.83614,12.74453,0.01683,0.66058,-0.75045,-0.00234,-0.02148,
1564088902054898176,-0.82440,12.79782,0.00531,0.66351,-0.74789,-0.01419,-0.01427,
1564088902097170176,-0.83643,12.88991,0.00638,0.66447,-0.74696,-0.02130,-0.00884,
1564088902158097152,-0.86486,12.94856,0.01464,0.66385,-0.74753,-0.02231,0.00201,
1564088902198404608,-0.85863,12.97125,0.02096,0.66187,-0.74913,-0.02575,0.00827,
1564088902254269952,-0.82081,13.00309,0.03475,0.65869,-0.75151,-0.03182,0.01880,
1564088902296037632,-0.86114,13.06229,0.03943,0.65739,-0.75251,-0.02961,0.02647,
1564088902337637632,-0.87697,13.09842,0.04515,0.65442,-0.75486,-0.02963,0.03230,
1564088902392940800,-0.91233,13.14079,0.04719,0.65307,-0.75468,-0.05032,0.03762,
1564088902435657984,-0.89753,13.16410,0.05092,0.65182,-0.75439,-0.06426,0.04340,
1564088902486621184,-0.87372,13.21244,0.05646,0.64999,-0.75623,-0.05650,0.04945,
1564088902537036544,-0.88177,13.27434,0.05013,0.65131,-0.75512,-0.05152,0.05425,
1564088902594741760,-0.90118,13.40743,0.04020,0.65298,-0.75277,-0.05682,0.06106,
1564088902636836096,-0.87744,13.38899,0.03689,0.65437,-0.75124,-0.05891,0.06304,
1564088902686604032,-0.88160,13.36865,0.03728,0.65396,-0.75169,-0.05825,0.06248,
1564088902727704832,-0.90453,13.51333,0.03654,0.65476,-0.75124,-0.05889,0.05880,
1564088902767652352,-0.90342,13.51455,0.02953,0.65605,-0.75013,-0.06094,0.05653,
1564088902806754048,-0.90940,13.54856,0.04267,0.65381,-0.75232,-0.06163,0.05241,
1564088902862482432,-0.91269,13.63665,0.04564,0.65304,-0.75369,-0.05678,0.04754,
1564088902904628992,-0.92053,13.64051,0.04836,0.65190,-0.75519,-0.05452,0.04185,
1564088902954036992,-0.93242,13.66770,0.05492,0.65067,-0.75692,-0.04950,0.03530,
1564088902996898048,-0.91172,13.75950,0.05121,0.65066,-0.75745,-0.04499,0.02959,
1564088903036847616,-0.89711,13.81379,0.05172,0.65164,-0.75712,-0.03843,0.02554,
1564088903076879616,-0.89988,13.86383,0.05082,0.65246,-0.75699,-0.02729,0.02274,
1564088903131316736,-0.88161,13.96721,0.04487,0.65379,-0.75630,-0.01707,0.01687,
1564088903173726208,-0.89467,13.99286,0.03003,0.65782,-0.75294,-0.01602,0.01003,
1564088903221000448,-0.91696,13.99027,0.01701,0.66089,-0.75030,-0.01596,0.00362,
1564088903264632320,-0.86520,14.11826,0.01676,0.66131,-0.75007,-0.00720,0.00166,
1564088903311046656,-0.87556,14.14161,0.02684,0.65993,-0.75132,0.00077,-0.00224,
1564088903366932992,-0.85334,14.20837,0.02352,0.65857,-0.75238,0.01267,-0.00691,
1564088903410249728,-0.85928,14.23701,0.02047,0.65897,-0.75196,0.01435,-0.01050,
1564088903453852416,-0.86249,14.26076,0.02765,0.65754,-0.75317,0.00671,-0.01812,
1564088903499868160,-0.83849,14.33991,0.03484,0.65387,-0.75615,0.00556,-0.02570,
1564088903554682880,-0.86863,14.33617,0.04860,0.65098,-0.75826,0.00093,-0.03543,
1564088903600084480,-0.86148,14.29479,0.05179,0.65020,-0.75864,-0.00032,-0.04127,
1564088903655952896,-0.90215,14.28969,0.04109,0.65281,-0.75617,0.01275,-0.04339,
1564088903705425152,-0.89462,14.32393,0.03486,0.65384,-0.75487,0.01974,-0.04769,
1564088903754457088,-0.89738,14.39317,0.02505,0.65605,-0.75252,0.02184,-0.05328,
1564088903806063360,-0.86202,14.38697,0.01843,0.65814,-0.75038,0.02566,-0.05595,
1564088903902891520,-0.86735,14.43008,0.01213,0.65795,-0.75009,0.01557,-0.06502,
1564088903954637824,-0.82546,14.50120,0.01817,0.65590,-0.75192,0.00607,-0.06616,
1564088904004768768,-0.81864,14.62065,0.03161,0.65356,-0.75411,0.00508,-0.06437,
1564088904054150656,-0.82016,14.61911,0.03355,0.65205,-0.75545,0.00621,-0.06387,
1564088904103855360,-0.83910,14.75813,0.02835,0.65349,-0.75439,0.01279,-0.06066,
1564088904156756480,-0.83769,14.74646,0.02515,0.65399,-0.75425,0.01272,-0.05697,
1564088904206248448,-0.84976,14.86240,0.02178,0.65615,-0.75266,0.01547,-0.05216,
1564088904255920128,-0.84951,14.84969,0.02060,0.65687,-0.75229,0.01751,-0.04772,
1564088904306926080,-0.86393,14.90305,0.01579,0.65998,-0.74989,0.01696,-0.04249,
1564088904355321600,-0.86013,14.95394,0.00901,0.66170,-0.74870,0.01258,-0.03802,
1564088904409764864,-0.87051,15.04189,0.00905,0.66314,-0.74779,0.00596,-0.03186,
1564088904455254016,-0.86323,15.08831,0.01033,0.66359,-0.74761,0.00115,-0.02708,
1564088904510499072,-0.88264,15.18732,0.00719,0.66407,-0.74738,-0.00186,-0.02067,
1564088904556937216,-0.86797,15.19491,0.00249,0.66509,-0.74657,-0.00920,-0.01430,
1564088904611243264,-0.86975,15.28482,0.00574,0.66415,-0.74706,-0.02679,-0.00942,
1564088904656817152,-0.85827,15.30519,0.00564,0.66399,-0.74714,-0.02956,-0.00486,
1564088904709243904,-0.87383,15.31164,0.01508,0.66099,-0.74943,-0.03797,-0.00136,
1564088904758188032,-0.86077,15.39092,0.02906,0.65837,-0.75077,-0.05353,0.00572,
1564088904815535872,-0.86235,15.46650,0.02968,0.65711,-0.75178,-0.05279,0.01529,
1564088904860502272,-0.87475,15.50178,0.02576,0.65865,-0.75038,-0.05238,0.01927,
1564088904901497344,-0.87342,15.52000,0.02214,0.65997,-0.74880,-0.05703,0.02226,
1564088904992008704,-0.86174,15.60000,0.01522,0.66233,-0.74583,-0.06401,0.03103,
1564088905049000192,-0.93329,15.71459,0.01391,0.66228,-0.74538,-0.06756,0.03511,
1564088905096000768,-0.92289,15.74548,0.01378,0.66170,-0.74525,-0.07166,0.04033,
1564088905148470784,-0.94487,15.84869,0.02360,0.65913,-0.74684,-0.07652,0.04382,
1564088905191917056,-0.92229,15.84593,0.03368,0.65739,-0.74816,-0.07742,0.04586,
1564088905235630848,-0.90648,15.85861,0.03926,0.65475,-0.75116,-0.06568,0.05239,
1564088905280742144,-0.92040,15.95971,0.04577,0.65242,-0.75387,-0.05505,0.05478,
1564088905322702080,-0.92677,15.98096,0.05937,0.64979,-0.75606,-0.05741,0.05335,
1564088905366207488,-0.92020,16.00847,0.06074,0.64961,-0.75619,-0.05797,0.05317,
1564088905415922176,-0.91262,16.09816,0.05360,0.65054,-0.75558,-0.05709,0.05140,
1564088905522553088,-0.89643,16.20806,0.05069,0.65238,-0.75452,-0.05393,0.04672,
1564088905582511616,-0.88577,16.28206,0.04902,0.65391,-0.75351,-0.05623,0.03823,
1564088905628791808,-0.88366,16.29941,0.04745,0.65496,-0.75310,-0.05252,0.03319,
1564088905688798208,-0.88706,16.36699,0.04614,0.65429,-0.75505,-0.03353,0.02625,
1564088905731918848,-0.89530,16.41321,0.04861,0.65404,-0.75562,-0.02766,0.02245,
1564088905788844544,-0.86791,16.48341,0.05038,0.65304,-0.75670,-0.02676,0.01526,
1564088905829032192,-0.87372,16.51466,0.04584,0.65385,-0.75633,-0.01723,0.01165,
1564088905889918720,-0.91080,16.54370,0.04720,0.65239,-0.75779,-0.01188,-0.00031,
1564088905933605376,-0.90437,16.58801,0.04980,0.65209,-0.75802,-0.01274,-0.00538,
1564088905990166784,-0.83560,16.69067,0.05352,0.65069,-0.75927,-0.00311,-0.00944,
1564088906029499904,-0.84636,16.72769,0.05657,0.65047,-0.75939,0.00344,-0.01449,
1564088906091469824,-0.85858,16.75431,0.04574,0.65229,-0.75755,0.00332,-0.02500,
1564088906136941568,-0.83223,16.84387,0.03817,0.65447,-0.75536,0.00356,-0.03287,
1564088906189948928,-0.80872,16.91012,0.03266,0.65520,-0.75431,0.00080,-0.04147,
1564088906234794496,-0.80717,16.94769,0.02873,0.65487,-0.75421,-0.00236,-0.04808,
1564088906290299648,-0.80725,16.96326,0.03071,0.65294,-0.75505,-0.01149,-0.05865,
1564088906335316224,-0.76661,17.05772,0.03633,0.64985,-0.75693,-0.01610,-0.06703,
1564088906392470528,-0.72690,17.15362,0.04071,0.64941,-0.75735,-0.00276,-0.06841,
1564088906436517632,-0.74456,17.18573,0.04553,0.64788,-0.75801,0.01201,-0.07431,
1564088906491449856,-0.77111,17.19855,0.04773,0.64592,-0.75911,0.01992,-0.07842,
1564088906536502016,-0.75445,17.26988,0.04750,0.64619,-0.75869,0.02257,-0.07946,
1564088906592060416,-0.74631,17.35913,0.04840,0.64648,-0.75815,0.03348,-0.07842,
1564088906634138624,-0.75771,17.37786,0.04688,0.64698,-0.75745,0.03597,-0.08000,
1564088906690632960,-0.76047,17.39902,0.03897,0.64924,-0.75544,0.03497,-0.08111,
1564088906732712192,-0.75957,17.44678,0.03592,0.65012,-0.75505,0.03152,-0.07912,
1564088906795794688,-0.74958,17.57418,0.03299,0.65299,-0.75323,0.02660,-0.07440,
1564088906840434944,-0.75332,17.56048,0.03126,0.65357,-0.75300,0.02628,-0.07168,
1564088906890551040,-0.72902,17.57494,0.03585,0.65193,-0.75501,0.01298,-0.06906,
1564088906932446464,-0.76755,17.68331,0.04027,0.65121,-0.75616,0.00077,-0.06445,
1564088906973754880,-0.74425,17.69464,0.04237,0.65133,-0.75686,0.00322,-0.05405,
1564088907029664256,-0.74936,17.73956,0.03956,0.65088,-0.75783,-0.00414,-0.04504,
1564088907070766848,-0.76242,17.79048,0.04068,0.65133,-0.75713,-0.02537,-0.04334,
1564088907124350208,-0.73252,17.81426,0.04288,0.65097,-0.75747,-0.03531,-0.03506,
1564088907167833088,-0.76382,17.90145,0.04346,0.65258,-0.75663,-0.03149,-0.02570,
1564088907206664448,-0.75637,17.94448,0.04239,0.65352,-0.75597,-0.03306,-0.01833,
1564088907263524864,-0.80179,18.07255,0.04044,0.65461,-0.75499,-0.03712,-0.00983,
1564088907311635712,-0.81560,18.10762,0.03827,0.65555,-0.75401,-0.04133,-0.00301,
1564088907359607808,-0.78668,18.12699,0.03688,0.65595,-0.75351,-0.04389,0.00502,
1564088907405071616,-0.81023,18.19220,0.03484,0.65614,-0.75337,-0.04203,0.01190,
1564088907471108096,-0.84238,18.26098,0.04246,0.65505,-0.75425,-0.04077,0.01890,
1564088907520338432,-0.84116,18.28047,0.04375,0.65419,-0.75463,-0.04488,0.02332,
1564088907562064128,-0.83162,18.30160,0.05455,0.65181,-0.75639,-0.04532,0.03119,
1564088907670685952,-0.89567,18.45086,0.06113,0.64836,-0.75805,-0.05281,0.04680,
1564088907727934208,-0.86582,18.45812,0.05231,0.64979,-0.75574,-0.06120,0.05368,
1564088907774470912,-0.87483,18.51181,0.04857,0.64929,-0.75572,-0.06029,0.06057,
1564088907838183680,-0.90714,18.60481,0.04182,0.65124,-0.75335,-0.06279,0.06631,
1564088907881516800,-0.89732,18.61482,0.03661,0.65194,-0.75225,-0.06464,0.07006,
1564088907925874432,-0.89867,18.63115,0.02746,0.65414,-0.74983,-0.06844,0.07198,
1564088907972475648,-0.92050,18.72128,0.02636,0.65488,-0.74856,-0.07360,0.07328,
1564088908014643200,-0.91514,18.73956,0.02806,0.65432,-0.74909,-0.06846,0.07775,
1564088908106368000,-0.91855,18.86189,0.02517,0.65338,-0.74903,-0.07241,0.08249,
1564088908147992576,-0.90547,18.88588,0.03423,0.65195,-0.74955,-0.08121,0.08084,
1564088908195290624,-0.90316,18.90406,0.04616,0.64945,-0.75159,-0.08467,0.07849,
1564088908241029888,-0.90447,18.98084,0.04554,0.64772,-0.75284,-0.09163,0.07274,
1564088908341117952,-0.90080,19.05139,0.04633,0.64838,-0.75381,-0.08644,0.06254,
1564088908393212416,-0.91928,19.07592,0.04940,0.64830,-0.75490,-0.08087,0.05743,
1564088908438231296,-0.91594,19.10679,0.04861,0.64916,-0.75439,-0.08337,0.05043,
1564088908492571904,-0.92015,19.12149,0.04781,0.65009,-0.75443,-0.07896,0.04443,
1564088908577628160,-0.90819,19.24052,0.04888,0.65163,-0.75495,-0.06590,0.03285,
1564088908625837056,-0.94524,19.26375,0.04289,0.65279,-0.75510,-0.05543,0.02498,
1564088908677676032,-0.96035,19.27120,0.03384,0.65233,-0.75595,-0.05213,0.01710,
1564088908724290304,-0.95770,19.28368,0.04266,0.65195,-0.75603,-0.05733,0.01023,
1564088908776170752,-0.93509,19.29504,0.04606,0.65169,-0.75710,-0.04541,0.00532,
1564088908824185600,-0.95580,19.32989,0.04240,0.65199,-0.75763,-0.03020,-0.00059,
1564088908877286656,-0.94734,19.37107,0.03931,0.65256,-0.75724,-0.02696,-0.00607,
1564088908926508288,-0.96427,19.39030,0.04762,0.65105,-0.75869,-0.02102,-0.00917,
1564088908979937024,-0.96174,19.42215,0.05068,0.65024,-0.75951,-0.01366,-0.01213,
1564088909025653760,-0.97485,19.45153,0.05565,0.64956,-0.76008,-0.01197,-0.01425,
1564088909080449024,-0.96879,19.48343,0.06019,0.64890,-0.76066,-0.00995,-0.01497,
1564088909127036928,-0.97391,19.48403,0.04735,0.65116,-0.75866,-0.01388,-0.01540,
1564088909226877184,-0.96982,19.50969,0.03755,0.65295,-0.75690,-0.02488,-0.01124,
1564088909282717696,-0.96880,19.51666,0.05054,0.65074,-0.75888,-0.02397,-0.00741,
1564088909330196736,-0.97507,19.52362,0.05943,0.64931,-0.76003,-0.02580,-0.00941,
1564088909382695680,-0.97398,19.53755,0.04923,0.65153,-0.75795,-0.03081,-0.00862,
1564088909428423680,-0.98030,19.53421,0.04371,0.65260,-0.75693,-0.03331,-0.00818,
1564088909482146816,-0.98146,19.53964,0.04441,0.65243,-0.75714,-0.03161,-0.00807,
1564088909529275136,-0.97752,19.54453,0.04113,0.65311,-0.75655,-0.03175,-0.00848,
1564088909581680896,-0.96785,19.54527,0.03971,0.65343,-0.75627,-0.03221,-0.00733,
1564088909626247168,-0.97221,19.54987,0.03749,0.65394,-0.75590,-0.03049,-0.00710,
1564088909682045696,-0.99026,19.54837,0.04147,0.65303,-0.75698,-0.02198,-0.00752,
1564088909726813952,-0.98430,19.54885,0.04451,0.65260,-0.75745,-0.01824,-0.00665,
1564088909768450560,-0.98006,19.54963,0.04354,0.65264,-0.75750,-0.01458,-0.00595,
1564088909825751296,-0.94426,19.54827,0.04231,0.65294,-0.75728,-0.01326,-0.00345,
1564088909871368704,-0.96994,19.54194,0.04740,0.65184,-0.75827,-0.01060,-0.00485,
1564088909918874624,-0.99180,19.54002,0.05244,0.65131,-0.75878,-0.00340,-0.00649,
1564088909964754944,-0.98144,19.53574,0.04853,0.65220,-0.75802,-0.00200,-0.00580,
1564088910027758592,-0.95922,19.53919,0.04658,0.65234,-0.75790,-0.00254,-0.00444,
1564088910088516096,-0.94200,19.53611,0.04475,0.65291,-0.75740,-0.00656,-0.00343,
1564088910128452096,-0.95278,19.53140,0.03799,0.65407,-0.75640,-0.00679,-0.00323,
1564088910169211392,-0.95857,19.53559,0.04045,0.65368,-0.75672,-0.00743,-0.00402,
1564088910212036864,-0.94973,19.53631,0.04412,0.65325,-0.75710,-0.00727,-0.00442,
1564088910258756352,-0.95255,19.53440,0.03986,0.65410,-0.75635,-0.00723,-0.00525,
1564088910301826304,-0.96191,19.53479,0.04033,0.65379,-0.75661,-0.00702,-0.00703,
1564088910353812736,-0.96568,19.53123,0.04324,0.65332,-0.75704,-0.00573,-0.00651,
1564088910399161088,-0.95687,19.53817,0.04782,0.65260,-0.75767,-0.00344,-0.00583,
1564088910441613312,-0.94624,19.54205,0.04411,0.65360,-0.75683,-0.00085,-0.00388,
1564088910495297536,-0.94412,19.53275,0.03700,0.65478,-0.75582,-0.00065,-0.00168,
1564088910540497920,-0.94486,19.53397,0.04037,0.65416,-0.75635,-0.00333,-0.00269,
1564088910588985088,-0.94507,19.53385,0.04036,0.65414,-0.75635,-0.00511,-0.00310,
1564088910632481536,-0.94775,19.53229,0.04081,0.65400,-0.75647,-0.00598,-0.00211,
1564088910673851392,-0.94556,19.53434,0.04441,0.65359,-0.75682,-0.00665,-0.00109,
1564088910728474880,-0.95856,19.53047,0.04004,0.65418,-0.75627,-0.00910,-0.00389,
1564088910775687936,-0.94511,19.53589,0.03780,0.65468,-0.75578,-0.01308,-0.00451,
1564088910823762688,-0.94572,19.52946,0.03714,0.65482,-0.75566,-0.01334,-0.00391,
1564088910865792256,-0.95561,19.53624,0.03498,0.65537,-0.75518,-0.01364,-0.00378,
1564088910907402752,-0.95171,19.53520,0.03976,0.65448,-0.75594,-0.01433,-0.00399,
1564088910962771200,-0.95508,19.53576,0.04285,0.65407,-0.75627,-0.01553,-0.00369,
1564088911006228736,-0.93595,19.53513,0.03928,0.65479,-0.75558,-0.01871,-0.00291,
1564088911061875456,-0.94492,19.53326,0.03640,0.65525,-0.75512,-0.02082,-0.00315,
1564088911104259584,-0.94542,19.53217,0.03696,0.65524,-0.75510,-0.02178,-0.00303,
1564088911159163904,-0.94945,19.53173,0.03513,0.65554,-0.75483,-0.02223,-0.00329,
1564088911205373440,-0.93724,19.53281,0.03521,0.65577,-0.75462,-0.02251,-0.00212,
1564088911261415936,-0.93702,19.53389,0.03703,0.65539,-0.75496,-0.02242,-0.00247,
1564088911308211968,-0.94062,19.53188,0.03171,0.65665,-0.75383,-0.02345,-0.00282,
1564088911359172608,-0.94670,19.52484,0.02667,0.65739,-0.75313,-0.02504,-0.00283,
1564088911399628800,-0.93179,19.52432,0.02579,0.65774,-0.75279,-0.02609,-0.00239,
1564088911442837504,-0.94263,19.52673,0.02459,0.65783,-0.75269,-0.02655,-0.00246,
1564088911497998848,-0.93372,19.52651,0.02854,0.65706,-0.75334,-0.02726,-0.00299,
1564088911550418688,-0.93908,19.52889,0.03220,0.65684,-0.75353,-0.02734,-0.00353,
1564088911597998592,-0.93694,19.52618,0.03002,0.65729,-0.75318,-0.02608,-0.00367,
1564088911700077312,-0.93511,19.52439,0.02696,0.65759,-0.75282,-0.02858,-0.00354,
1564088911743846144,-0.93688,19.51766,0.02541,0.65800,-0.75244,-0.02922,-0.00347,
1564088911793635072,-0.94103,19.52062,0.02328,0.65825,-0.75219,-0.03012,-0.00335,
1564088911839505408,-0.93527,19.51726,0.02329,0.65839,-0.75208,-0.02976,-0.00403,
1564088911902791424,-0.95241,19.52623,0.02307,0.65847,-0.75206,-0.02812,-0.00538,
1564088911949181440,-0.93224,19.52954,0.03124,0.65683,-0.75358,-0.02609,-0.00393,
1564088911993812224,-0.93719,19.53783,0.03637,0.65634,-0.75402,-0.02554,-0.00416,
1564088912038001152,-0.94101,19.52882,0.02791,0.65771,-0.75282,-0.02570,-0.00389,
1564088912078298624,-0.93032,19.52570,0.02702,0.65771,-0.75279,-0.02669,-0.00231,
1564088912134782720,-0.93798,19.52428,0.02764,0.65769,-0.75274,-0.02852,-0.00330,
1564088912178882304,-0.94062,19.52618,0.02885,0.65733,-0.75305,-0.02864,-0.00384,
1564088912226284544,-0.93681,19.52438,0.02807,0.65778,-0.75267,-0.02813,-0.00400,
1564088912269604096,-0.93983,19.52339,0.02272,0.65881,-0.75177,-0.02800,-0.00405,
1564088912313824768,-0.94335,19.52711,0.02633,0.65807,-0.75243,-0.02776,-0.00406,
1564088912405889792,-0.93580,19.53104,0.03210,0.65709,-0.75329,-0.02784,-0.00358,
1564088912449206016,-0.93829,19.53090,0.03127,0.65727,-0.75315,-0.02743,-0.00303,
1564088912493203456,-0.93561,19.52698,0.02462,0.65846,-0.75212,-0.02718,-0.00290,
1564088912535895296,-0.94146,19.53281,0.03166,0.65707,-0.75332,-0.02749,-0.00381,
1564088912639976448,-0.94030,19.53039,0.03209,0.65739,-0.75306,-0.02683,-0.00377,
1564088912693486080,-0.93645,19.53183,0.02751,0.65802,-0.75254,-0.02617,-0.00252,
1564088912739085312,-0.93352,19.54316,0.03987,0.65575,-0.75454,-0.02565,-0.00173,
1564088912778727936,-0.93787,19.53814,0.03758,0.65633,-0.75403,-0.02586,-0.00214,
1564088912827485952,-0.93443,19.53466,0.02804,0.65786,-0.75270,-0.02569,-0.00158,
1564088912874393856,-0.92481,19.53588,0.02663,0.65817,-0.75244,-0.02539,0.00002,
1564088912928878592,-0.92224,19.53256,0.02509,0.65833,-0.75232,-0.02488,0.00131,
1564088912977361152,-0.92118,19.53639,0.02833,0.65784,-0.75274,-0.02533,0.00071,
1564088913029001728,-0.93097,19.53815,0.03140,0.65743,-0.75307,-0.02596,-0.00019,
1564088913075658240,-0.92500,19.53928,0.03257,0.65701,-0.75342,-0.02642,0.00045,
1564088913127680000,-0.92598,19.54340,0.03391,0.65689,-0.75352,-0.02662,0.00091,
1564088913178390528,-0.92217,19.53650,0.02959,0.65770,-0.75281,-0.02651,0.00111,
