0.647877
0.316365
0.685629
0.766666
0.547036
0.445657
0.452839
0.521187
0.782396
0.724391
0.754195
0.740287
0.59112
0.588533
0.91319
1.0314
0.731339
0.740394
0.588593
0.69292
0.65286
0.75047
0.854408
0.909922
0.676417
0.873245
0.890167
0.542981
0.749909
0.752267
0.869147
0.810047
0.970521
0.571769
0.651548
0.851344
0.808652
0.692343
12.0996
0.748156
0.84333
10.7165
0.779661
0.816861
0.882921
0.865881
0.830933
0.785046
0.680425
0.694604
0.738055
0.858318
0.490895
0.51967
1.04063
0.790488
0.526753
0.702018
0.709254
0.678873
0.827354
0.802716
0.821465
0.74896
0.667401
0.699703
0.93122
0.637992
0.49138
0.823659
0.542922
0.462735
0.70625
0.777094
0.874494
0.800109
0.793157
0.796643
0.891637
0.610569
0.50976
0.980989
0.685138
0.546804
0.411947
0.469986
0.572435
0.485021
0.822327
0.839891
0.831694
0.918331
0.822285
0.736284
0.695325
0.916799
0.882448
0.800626
1.20019
0.845318
0.802165
0.70177
0.536178
0.428517
0.420534
0.975654
0.728729
0.757198
0.773985
12.0426
0.708611
0.640804
10.1496
0.694997
0.907428
0.787984
1.10628
0.676198
0.760234
0.704604
0.98158
0.719346
0.886683
0.679243
8.05751
0.385336
12.5964
0.794441
0.765569
0.934334
0.711516
0.448695
0.548843
0.573051
0.672325
0.837431
0.777458
0.683965
10.6639
12.792
0.820134
0.868431
0.736235
12.5582
0.639025
0.491596
7.68448
0.630872
0.771143
5.44486
0.338868
0.81672
0.824825
0.839878
0.678915
9.3002
0.540959
0.888366
9.94233
0.433733
0.770217
0.770127
0.917522
0.967258
0.854584
0.752331
0.712492
0.678296
0.694849
0.711182
0.710654
0.762317
0.678185
0.653845
0.733511
0.808516
0.834929
0.923702
0.800303
0.927886
0.667365
0.590224
0.592416
0.663592
0.520278
0.545813
0.701209
0.709267
0.734379
0.828797
0.704482
0.705929
0.691389
0.81265
0.697088
0.940956
0.670774
0.741598
0.899643
0.812624
0.951741
0.833198
0.95164
0.890432
10.9408
0.723465
0.877579
0.73999
0.7512
0.795555
0.65545
0.696272
0.697922
0.685342
0.739683
0.703248
0.821304
0.828296
0.825558
0.860731
0.919182
0.818938
0.901057
0.641512
0.698497
0.686543
0.679948
0.642355
0.724791
0.8045
0.698535
0.740753
11.2678
0.694467
0.705862
0.73613
0.721463
0.774439
0.705171
0.764963
0.929898
0.871977
0.948765
0.84494
0.787938
0.829274
0.811364
0.239351
0.391404
0.800713
0.856952
1.07533
1.06115
0.972547
0.857112
0.817506
0.661647
0.695936
9.98441
0.748463
0.723873
0.700202
0.838254
0.862922
0.697043
0.857569
10.6821
0.522599
9.39517
0.701535
0.703292
11.1934
0.679506
0.708089
11.3168
0.808536
0.793886
11.3707
0.789988
0.746154
0.836789
0.833139
0.674592
0.751762
0.702269
0.918329
0.782702
0.709271
0.754964
0.67877
0.880885
0.702037
0.668372
0.818494
0.768456
0.751411
0.829703
0.597577
0.884412
0.937773
0.883656
0.819975
0.676426
0.943984
0.82965
0.928701
0.554266
0.39105
0.59375
0.826249
0.858747
0.70606
0.743645
0.779181
0.748047
0.731299
0.96268
0.950715
0.716046
0.488995
0.538229
0.739687
0.705722
0.528094
0.887025
0.58489
0.567239
1.01667
0.783671
0.839998
0.693341
0.852342
0.855032
0.741917
0.744993
0.674747
0.906917
0.74765
0.549769
0.800361
0.77361
0.69252
0.903626
0.729972
0.881377
11.2934
0.816806
0.768737
0.896764
0.593193
0.5617
0.764071
0.586338
0.738148
0.688625
0.813145
0.831354
0.705477
0.918077
0.683791
0.844631
0.780169
0.717902
0.740535
0.685725
0.681969
0.758991
11.6068
0.808391
0.739195
0.72729
0.769183
0.860875
0.692672
0.795552
0.792139
0.818404
0.392565
0.483163
12.105
0.637662
0.554423
13.151
0.765892
0.709551
11.8669
0.570639
0.558388
12.6399
12.83
0.747937
0.779469
0.739743
1.08874
6.01708
0.785632
0.914701
0.747602
0.878786
0.702634
0.220895
0.278676
0.692894
0.702191
0.667871
1.0339
0.807323
0.898746
0.845999
0.678869
0.693323
0.789631
0.755152
0.764866
0.936154
0.606136
0.442016
0.532362
0.503282
0.475184
0.614571
0.553281
0.508029
0.748456
0.51165
0.886856
0.845301
0.793563
10.5606
0.791618
0.908624
10.7809
0.66203
0.761037
0.7232
0.688704
0.752645
10.2369
0.603671
0.519586
9.87615
0.788126
0.803618
0.679209
0.693946
0.666312
0.685054
0.824962
0.817747
0.844672
0.886723
0.713171
0.790244
0.889949
0.711797
0.884047
0.967569
0.796128
0.779748
0.684666
0.764394
0.720289
0.700322
0.581962
0.618813
8.772
0.685111
0.812579
0.83101
0.853176
0.822122
0.867564
0.730159
1.38062
9.38667
0.753745
0.872355
8.46572
0.835267
0.881527
0.81072
0.844981
0.779422
0.738282
0.682179
0.770093
0.93875
0.699806
0.692238
0.727808
0.719912
0.713803
0.606469
0.976598
0.755872
0.717862
0.809174
0.83291
0.809812
0.773502
1.04321
0.739425
8.63652
1.03858
0.922673
0.906076
0.76588
0.985404
0.661185
0.918309
0.735612
0.925686
0.846156
0.832126
0.852668
0.798005
0.93008
1.01139
0.864613
0.711465
0.736083
0.660652
11.2727
10.8133
0.963115
0.793988
0.687785
0.890639
0.779827
0.860753
0.789515
0.806744
0.713644
0.762119
0.712859
0.719061
0.811872
0.786857
0.68086
0.816692
0.906831
0.803294
0.809971
0.911922
0.811464
0.857156
0.803829
0.860179
0.795874
0.705975
0.704778
6.94569
0.696344
0.79033
0.684857
0.896359
0.890685
0.756187
0.847914
0.705847
0.845788
0.882267
0.751797
0.743401
0.936913
0.806564
0.799374
0.760249
0.922858
0.665694
0.76911
0.907552
0.662324
0.8151
0.618987
0.80124
1.00809
0.738366
0.978631
0.922365
0.760159
0.927449
0.824838
1.10345
0.907323
1.04848
0.375573
0.446534
7.82581
0.667026
0.704615
0.802489
0.808078
0.687682
0.671351
0.568528
0.58916
0.75661
0.774439
0.885072
0.742654
0.636577
0.885559
0.797896
0.916017
0.78477
13.3492
0.492323
0.624612
0.768939
0.826404
0.673879
0.649874
0.687001
0.525319
0.501281
0.518409
0.501951
0.49137
0.880573
0.717035
0.765408
0.829572
0.707751
0.787033
0.788225
0.665849
0.69791
0.777827
0.895194
0.788171
0.686748
0.852975
0.860166
0.849324
0.977471
0.876101
0.712844
0.726035
0.790344
0.582936
0.970602
0.76775
0.884666
0.879594
0.875514
0.541542
0.529036
0.612958
0.734789
0.699112
0.756204
0.688104
0.771348
0.75546
0.710883
8.46441
9.30055
8.71966
0.708789
0.693588
0.771608
0.690232
0.865089
0.804969
0.778408
9.21776
0.671895
0.684597
0.810631
0.748228
0.855404
0.757721
0.789132
0.762282
0.762166
0.726718
0.692449
0.676177
0.688179
0.721833
0.686016
0.882637
0.891244
0.791807
0.754478
0.741421
0.727429
0.737688
0.738917
0.758202
0.811306
0.70915
0.686005
0.739212
0.690744
0.742328
0.859359
0.704702
0.801359
0.844126
0.909235
0.817525
0.861159
1.09674
0.695419
0.738351
0.879118
0.511856
0.520642
0.673562
0.757442
0.705694
0.776745
0.761246
0.706042
0.894895
0.692735
0.777697
0.845086
0.560425
0.702859
0.705216
0.769463
0.890604
0.744301
0.8316
0.71089
0.773088
0.838672
0.759713
0.757629
0.793802
0.765002
0.481807
0.84818
0.60534
0.681357
0.610097
0.463351
0.545599
0.752681
0.786844
0.909957
0.946541
0.665887
0.698768
14.8067
0.718621
0.682822
10.745
0.67107
0.813756
0.735663
0.739894
0.800929
0.816005
0.674223
0.740214
0.757568
0.787061
0.679516
0.722821
0.900214
0.7311
0.847792
0.764525
0.724994
0.871868
1.09374
0.626478
0.971186
1.01443
0.556162
0.521179
0.663171
0.520994
0.511593
1.37865
0.790917
0.84306
0.821202
0.928585
0.710881
12.2082
0.812984
0.975403
6.9531
0.434205
0.536973
11.8617
0.542097
0.712603
0.690607
0.937471
0.467518
0.618393
0.746938
11.9208
0.721217
0.784449
0.79454
0.845615
0.72558
1.03225
0.831926
0.819519
0.839731
0.891148
0.915215
10.7828
0.877589
0.81663
0.971064
0.786869
0.564398
0.587639
0.845068
0.731693
0.759951
0.705614
0.623625
0.922749
0.738725
0.831856
0.85007
0.726925
0.483659
0.403802
0.954736
0.840258
0.778892
0.82388
0.693205
0.757598
7.08507
0.470834
1.02131
0.69156
0.822374
0.845749
0.858046
0.834261
0.898889
0.691828
0.798744
0.848449
1.00717
0.926484
0.400341
0.491786
0.699389
0.779895
0.779933
0.798576
1.00848
0.736862
0.826596
0.716435
0.762762
0.781168
0.682662
0.739615
8.69759
0.677176
0.76772
0.687083
0.749239
0.875864
0.822827
0.493165
0.600366
0.852173
0.832469
0.703798
0.693217
0.786388
0.819301
12.221
0.807589
1.01752
0.691006
0.963052
0.875151
0.677522
0.680722
0.740501
0.706054
0.818574
0.976318
0.959115
0.930291
0.77883
0.779984
0.742463
0.80791
0.895064
0.721988
0.698677
0.816858
0.790467
0.476358
0.429056
0.473927
0.793121
0.774579
0.794494
0.858114
0.762279
0.857538
0.876543
0.809071
0.918424
0.806743
0.742726
0.82273
0.820384
0.815776
0.879557
1.02588
0.937346
0.925314
0.763385
0.803005
0.882837
0.858609
0.78338
0.947664
1.0062
0.797426
0.958198
0.783106
0.688363
0.826166
0.737462
0.732527
0.790174
0.843569
0.803111
0.697993
0.713926
0.72876
0.672307
0.829592
0.833705
12.6123
0.776683
0.806785
9.02253
0.575045
0.550261
1.15897
0.856598
0.819025
0.802243
0.82679
0.716594
0.690004
0.678303
0.799687
0.876077
0.804621
0.641847
0.486989
0.750944
0.737891
0.679884
0.706489
0.478001
0.52842
0.75955
0.730308
0.709271
0.804906
0.774538
0.707369
0.709077
0.61758
0.39079
0.855675
0.494773
0.526214
0.960512
0.91247
0.832142
0.741783
0.741497
0.817913
0.857735
0.857883
0.822317
10.0182
0.598674
0.459776
0.788833
0.790748
0.917273
0.703718
0.684975
0.716581
0.88001
0.841377
0.841563
0.747149
0.69816
0.806781
0.742635
0.922736
0.821864
0.848947
0.744229
0.732301
0.813694
1.00594
0.81426
0.80858
0.749917
0.540948
0.606453
0.977712
0.776179
0.845552
0.67435
0.747916
0.822291
0.880277
0.627368
0.396231
0.849126
0.973002
0.799801
0.848142
0.922586
0.668605
0.74143
0.861761
0.65158
0.802647
0.92314
0.81865
0.835162
0.822977
0.924584
0.831922
0.720297
0.725123
0.685504
0.706258
0.72813
0.7605
0.700556
0.491888
0.529485
0.726168
0.854802
0.818426
13.2591
0.853596
12.3471
10.7357
11.4051
13.7354
0.771399
0.677525
0.750551
0.685726
0.746237
0.757352
0.752527
0.938537
0.879885
0.739671
0.711724
0.720737
0.831306
0.960105
0.905328
0.962887
0.851516
0.609806
0.568963
0.616209
0.535123
0.661078
0.558351
0.526619
0.810386
0.704678
0.757755
0.766011
0.576008
0.611499
0.755084
0.676489
0.813063
0.749624
0.853754
0.788165
0.939904
0.831356
0.770925
0.8044
0.813766
0.679478
0.689497
0.699725
0.931296
0.845059
0.703741
0.836168
11.7715
0.7098
0.659963
0.917135
1.04663
0.728389
12.8011
0.848869
0.676976
0.840131
0.76253
0.755506
0.691633
1.14835
0.77726
0.826235
0.978096
0.761682
0.690641
0.713959
0.438553
0.583825
0.892273
0.820371
0.84458
0.70828
0.806104
0.685176
0.790546
0.626923
0.667609
0.936301
0.593937
0.587424
0.850935
0.772686
0.894097
15.0694
0.483247
0.60675
0.976745
1.0552
0.861081
12.8717
0.81936
0.90706
0.76539
0.772537
0.570958
0.483101
0.663954
0.544937
0.542612
0.714249
0.683038
0.479566
0.720922
0.742237
0.585507
0.738969
0.764991
0.682229
0.754807
0.69985
0.703235
0.839592
0.716742
0.575103
1.03288
0.832099
0.81999
0.823306
1.19895
0.836358
11.0314
0.629009
0.57591
1.16176
0.927726
0.993328
0.54923
0.436883
0.588127
0.985693
0.852675
0.876135
10.1248
10.6711
12.3444
0.767158
0.697046
0.741446
1.34291
1.01076
0.803655
0.862904
0.773959
0.74188
0.717537
0.800558
0.821484
0.741711
0.46695
0.477047
0.60275
0.327783
0.803353
10.8398
0.893344
0.744948
0.821048
0.791525
0.703349
10.6603
0.690787
0.782278
0.905798
0.685875
0.789312
0.939148
0.831983
0.711149
1.05418
0.899774
0.823447
0.821411
0.997137
0.919706
0.7613
0.961172
0.595968
0.620283
0.673697
0.741553
0.776853
0.87962
1.08259
0.803434
0.784033
0.704436
0.742227
0.894545
0.873571
0.867666
0.962379
0.717689
0.622049
0.692669
0.680493
0.789986
0.681614
0.758193
0.930093
0.69198
0.672669
0.679916
0.809446
0.761217
0.74945
8.82533
0.693458
0.927938
0.96947
0.848703
0.852661
0.819514
0.771358
0.893077
1.28371
0.746301
0.843047
0.866494
0.744286
0.420556
0.412528
0.488728
0.417127
0.727018
0.851289
0.552237
0.726259
0.857713
0.479542
0.625308
0.999116
0.70752
0.655692
0.842928
0.667444
0.651287
0.827684
0.822558
0.818375
0.845801
0.713055
0.827006
0.738847
0.707085
0.852322
0.751928
0.703963
0.865503
0.706073
0.805317
0.481563
0.349482
0.413614
0.841637
0.856474
0.796418
0.490883
0.396465
0.826202
0.649499
0.739417
16.0649
1.06763
0.933691
0.385405
0.901415
0.7945
12.6222
0.690904
0.773192
0.802626
0.904401
0.84758
0.865833
0.812492
11.8085
0.520972
0.705667
9.82812
0.461888
0.556218
0.737305
14.7054
0.549954
0.620087
0.685035
13.4064
0.591877
0.646933
0.729134
0.759541
0.684969
0.833056
0.692218
0.636033
0.539558
0.86371
0.737819
0.487253
0.599063
0.556222
0.547893
0.90992
0.593717
0.528656
0.779222
0.985157
0.877093
0.877588
0.424045
0.568908
0.918042
0.94904
0.734186
0.700645
0.541055
0.493911
9.70792
0.67312
0.717749
0.809495
0.400822
0.445794
0.948941
0.677639
0.701833
0.739651
0.799698
0.746185
0.918813
0.911426
0.887135
0.705833
0.696186
0.82358
0.840567
0.971005
0.771764
0.948184
0.766884
0.737203
0.680032
0.677462
0.739971
0.809904
0.665716
0.272805
0.219855
0.565242
0.901741
0.721261
0.723838
0.717167
0.7449
0.785486
0.435253
0.438919
0.764114
0.871192
0.718306
0.755815
0.541088
0.660097
1.0697
0.841648
0.609958
0.906723
0.712077
0.801444
0.733592
0.900205
0.516451
0.558707
0.770768
0.829515
0.842029
0.727941
0.423242
0.457692
0.954658
0.818545
1.04176
0.762598
0.931282
0.711603
0.741557
0.748079
0.687031
1.10727
0.682879
0.802356
0.71431
0.70374
0.750201
1.06505
0.741502
0.940335
0.7954
11.5023
0.904117
0.796255
0.93696
0.774737
0.65088
0.692204
1.23706
0.738722
0.887287
0.755851
0.688758
0.86806
0.667818
0.676654
0.817656
0.836691
1.05994
0.997796
0.720854
0.733176
0.670084
0.705476
0.636268
1.02463
0.966864
0.613021
0.553095
0.7599
0.712893
0.780358
0.681079
0.794275
0.686888
0.69515
0.696225
0.762081
0.685366
0.688312
0.935139
0.531545
0.6568
11.0565
0.786188
0.855974
0.699357
0.496559
0.625745
0.878318
0.714967
0.882478
11.0103
0.85098
0.715115
0.738014
0.650863
0.628694
0.828143
1.16344
0.81638
0.893751
0.707066
0.714544
0.688235
0.668205
1.27095
0.777844
0.913632
0.715515
0.762431
0.80354
0.942262
0.539242
1.09971
0.593956
0.509797
0.869224
0.665242
0.757963
0.919146
0.827217
0.94262
0.780348
0.748882
0.688168
11.4237
0.687331
0.751288
10.6421
1.13897
0.816322
8.99742
1.39477
0.462124
0.683503
0.585986
0.767918
0.867268
0.763833
0.951023
0.827686
0.842099
0.587595
0.592937
0.722366
0.708388
0.801984
0.684467
0.765056
0.859212
0.942491
0.716266
0.821616
0.481672
0.608587
0.516817
0.857389
0.76283
0.928749
0.722933
0.722787
0.809042
0.713447
0.773112
0.726407
0.679309
0.819944
0.665997
0.822184
0.779693
0.772318
0.650036
0.820867
0.837781
11.4609
0.881525
0.880234
0.680583
0.709863
0.734805
0.704438
0.870754
0.782453
0.832098
0.775583
0.729722
0.622875
0.690873
1.16244
0.791166
0.990193
0.714164
0.704398
9.73717
0.710557
0.818099
0.892198
0.876362
0.80426
0.860006
0.82676
0.686223
0.692469
0.331523
0.315476
0.80561
0.752568
0.823383
0.691657
1.0206
0.723311
0.679266
0.884956
0.876552
0.80152
0.896215
0.782525
0.767515
0.774331
0.692404
0.73984
0.952669
0.979175
0.572707
0.909396
0.736919
0.837109
0.860473
0.866464
0.851772
0.798109
0.969825
0.698139
0.742478
0.801421
0.733412
0.779066
0.781272
0.724321
0.824583
0.687825
0.824497
0.84803
0.752391
0.843688
1.03079
0.600562
0.98272
1.0416
0.944917
0.903021
1.08825
1.04537
0.744496
0.547442
0.54097
0.758175
0.747941
0.800121
0.735618
1.14759
0.868495
0.829266
0.693416
0.842068
0.81374
0.789587
0.762157
0.743331
0.692564
0.77257
0.713235
0.69267
0.864444
0.70531
0.947227
0.733707
0.738775
0.872746
0.982879
0.920461
0.798279
0.820118
0.947476
0.765257
0.903361
0.757198
0.852436
0.692709
0.885609
0.833687
0.878542
0.697048
0.718414
0.696893
0.484655
0.530049
0.574442
0.656547
0.802692
0.634684
0.805395
0.853265
0.820646
7.29794
15.7523
0.694676
0.706501
10.6237
0.522662
0.768639
0.827047
0.933417
0.864545
0.805608
1.01842
0.978229
0.690838
0.687223
0.835248
0.796689
0.681045
0.786925
0.856615
1.11496
0.73443
0.918043
0.851808
0.7435
0.604945
0.72155
0.857494
0.803436
0.837991
0.665189
0.406018
0.419753
0.369397
0.516013
0.470692
0.723394
0.915664
0.994555
0.969138
0.665425
0.644395
0.730927
0.487018
0.505135
0.534454
0.612105
1.26584
0.943329
0.493921
0.396418
0.68364
0.75637
0.576248
0.582575
0.512117
0.745297
0.787781
0.783786
0.743788
0.849528
0.511795
0.614962
11.1146
0.577323
0.470113
0.967194
1.40443
0.743982
0.817077
0.817438
0.816181
0.834313
0.777722
0.774929
0.853366
0.73538
0.837534
0.959093
0.767797
0.834692
0.741695
0.701316
0.69091
0.714124
0.694558
0.868844
0.72266
0.923127
0.538755
0.452622
0.710422
0.774451
0.670788
11.5873
0.743777
0.847729
0.70192
0.673592
0.890458
13.404
0.789681
0.72527
0.862173
0.85425
1.18627
0.806338
0.789774
0.723613
0.603046
0.791051
0.740975
0.747169
0.720056
0.491406
0.429419
11.135
0.796875
0.8615
0.939672
0.918696
0.92737
0.928475
0.89724
0.55391
0.80962
0.539749
0.386097
0.930442
0.680921
0.742878
0.749269
0.751791
0.674311
9.88646
14.0932
0.807133
0.763858
0.799742
0.689461
0.852655
1.07234
0.860619
0.935668
0.674778
0.72762
0.920089
0.830675
0.686237
0.729227
0.747887
0.565808
0.53102
0.747381
0.830427
0.607631
0.628657
0.964402
0.731579
0.89451
1.05304
0.807937
0.664053
0.703429
0.5261
0.592286
1.07614
0.948298
1.03224
0.687845
0.722444
0.806151
1.17567
0.750483
0.54321
0.918557
0.975938
0.717362
10.7281
0.718679
0.852199
9.29696
0.529418
0.585482
1.08217
0.927466
0.682855
0.487286
0.805445
0.709281
10.3625
0.725167
0.766889
0.815711
1.05871
0.676675
0.426614
0.762931
0.932799
0.697525
0.896821
0.347472
0.766585
0.777616
0.959783
0.98645
0.998051
0.71315
0.747699
0.736512
0.553144
0.491411
0.698685
0.765413
0.877969
1.01638
0.838483
0.871147
0.77913
0.454627
0.772168
10.2559
0.891398
0.833126
10.6242
0.77391
0.773172
0.735816
0.77094
0.762857
0.759776
0.823061
0.796908
0.769145
0.928136
0.434079
0.52002
0.994715
0.945921
0.444465
0.504062
0.420504
1.03886
10.5982
0.397462
0.452435
0.708053
0.323821
0.748689
0.746519
0.608232
0.409366
0.405249
0.868303
0.770869
0.720268
0.802078
0.766774
0.744391
0.559638
0.567853
0.58421
0.686041
0.652416
0.599738
0.778474
0.669322
0.800213
1.29328
0.407659
0.614629
0.851835
0.590668
7.43399
0.466288
0.876326
0.733906
0.761844
0.567585
0.70206
0.887284
0.525906
0.342903
0.704552
7.43086
0.298825
0.812614
0.497152
0.726767
0.498285
0.694315
12.7843
0.390373
0.454896
0.838612
0.682347
0.630723
1.07592
0.820385
0.735538
0.912328
0.789128
0.655258
0.484234
0.525125
0.581623
0.741755
0.809963
0.724944
0.865252
0.694743
0.708243
0.748169
0.709881
0.855783
1.11817
0.943377
0.84876
0.771827
0.828704
0.771371
0.842839
0.931617
1.0377
0.693076
0.774389
0.710802
0.73555
0.684951
0.555277
0.64416
1.19172
0.828733
0.831099
0.795351
0.718033
0.776726
0.765826
0.820734
0.674212
0.71296
0.716017
0.878042
0.749637
0.70564
0.691207
0.846093
0.995367
0.688951
0.923932
0.686374
0.65512
0.654119
0.679845
1.01484
1.18476
1.06027
0.822385
0.853963
0.688587
0.725268
0.68469
0.918412
0.806758
0.875388
0.995232
0.827577
0.399464
0.850832
0.71257
0.69741
0.717299
0.480019
0.602012
0.628844
1.19867
0.545874
0.464733
0.633004
1.05678
0.861459
0.812054
0.454797
0.432375
0.530637
0.848048
0.876237
0.936855
0.263047
0.472139
0.692141
0.710443
0.746768
0.835932
0.742001
0.679034
0.822106
0.800999
0.934241
0.895398
0.748652
0.495012
9.84425
12.7546
1.06424
0.805643
0.756258
0.711276
7.50523
0.413136
11.6072
0.78663
0.69936
0.760371
0.784975
0.484427
0.549042
0.630178
0.647553
0.855239
0.788024
0.864972
0.673546
0.854227
0.777675
0.748944
0.889056
0.821801
0.885005
0.767177
0.720323
0.741821
0.738249
0.750672
0.522608
0.569474
0.771093
0.322764
0.282484
0.30183
0.768097
0.762822
0.536919
0.486859
0.822212
0.414584
0.33213
0.543503
0.62571
0.694034
0.817538
0.662908
0.661115
0.794406
0.557468
0.362641
0.998106
0.666569
0.900833
0.865885
0.870238
0.759847
0.711754
0.558147
0.495431
0.732981
0.693482
0.470921
0.486503
0.53962
0.498224
1.13653
0.79632
0.583653
0.595819
0.517714
0.489516
0.491787
0.741818
0.480275
0.566041
1.07211
0.701239
0.392453
0.594428
0.600851
0.262588
0.290089
0.508815
0.757419
0.763781
0.88588
0.796656
0.739839
0.60331
0.562053
0.78387
0.507766
0.485102
11.2299
0.567734
0.711793
0.745723
0.87453
0.725867
0.583216
0.8013
0.47598
0.452478
0.763496
0.542331
0.56622
0.517798
0.735999
0.491961
0.847402
0.811844
0.801364
0.94653
0.872827
0.741024
0.877413
0.852924
0.479591
0.747535
0.465375
0.552725
1.0798
0.437967
0.323832
0.695822
0.565037
0.520207
14.417
0.445255
0.398405
0.7501
0.693284
0.421218
0.618585
0.306772
0.428339
0.847508
0.762423
0.698677
0.734163
0.927598
0.353921
0.45882
0.847666
0.479688
0.875308
0.766226
0.569423
0.45941
0.89432
0.733084
0.557357
0.67799
0.852802
0.744775
0.836951
0.82359
0.809679
0.957277
0.839739
0.716083
0.910324
0.625012
0.681737
0.644815
0.578685
0.880896
0.713183
0.932853
0.515197
0.478002
0.406938
0.678331
0.687677
0.847191
0.668666
0.859465
0.84323
0.817609
0.842979
0.702995
0.162889
0.273755
0.838038
0.810535
0.8255
0.826693
0.832522
0.819984
0.887786
0.772031
0.93468
0.672509
0.807755
0.875703
0.780426
0.679455
0.74746
0.959918
0.719175
0.88944
0.850955
1.04281
0.960292
0.894381
0.860744
0.747912
0.676452
0.682683
0.675388
1.11773
0.538376
0.852194
0.752812
0.811182
0.690376
0.871296
0.893721
0.851803
0.734151
0.853928
0.73097
0.803302
0.961815
0.708738
0.790322
0.696416
0.831615
1.20067
1.17689
0.84547
0.845206
0.771072
0.74038
0.663821
0.670401
0.75368
0.715154
0.957182
0.825455
0.736827
11.6204
0.707077
0.824739
0.781666
0.981059
0.998808
0.836056
0.933361
0.805463
0.767214
0.744359
0.728055
0.673563
0.879777
0.874914
0.740047
0.758661
0.754327
0.736296
0.66534
0.642349
0.647716
0.641253
0.843708
0.827033
0.740677
0.74513
0.881364
0.768239
0.678608
0.704711
0.963606
0.804658
0.784244
0.885286
0.744387
1.25923
0.757314
0.720167
0.566885
0.564863
11.9338
0.750786
0.714838
0.734051
0.948121
0.986418
0.96576
0.775348
0.766328
0.733646
0.760381
0.762754
1.06995
1.15484
0.809554
0.767328
0.889458
0.673796
0.638678
0.802676
1.18935
1.11211
0.944049
0.833044
0.719083
0.777375
0.754879
0.825476
0.839525
0.792117
0.855036
0.896281
0.788719
0.845794
7.92837
0.745057
0.982537
1.06256
0.922008
0.973744
0.919932
0.690993
0.796093
0.92568
0.836843
0.903089
0.924616
0.540774
0.465755
0.819793
0.706199
0.773665
0.891964
1.09179
0.816697
0.933357
0.913759
0.740454
0.755849
0.735919
1.26498
0.741645
1.06852
0.837557
0.841479
0.790709
0.747832
0.744659
0.696521
0.97202
0.706093
1.05796
1.06354
0.709566
1.00386
0.927575
0.813601
0.927478
0.558129
0.660275
1.15004
1.07291
0.928673
0.737974
0.765599
0.745122
0.842068
0.542122
0.581209
0.814926
0.690322
0.360207
0.341436
0.437321
0.891277
0.790244
0.759853
0.661513
0.60105
0.898056
0.729069
0.855339
0.772313
0.767869
0.922571
0.848792
0.862729
1.01221
0.934988
0.671927
0.657705
0.5151
0.659921
0.678272
0.743946
0.233371
0.411831
0.862094
0.744861
0.686413
9.12033
0.802989
0.730728
0.689072
10.2568
0.758883
0.924716
1.00419
8.85093
0.946356
0.732193
0.950085
0.796483
0.931564
0.687453
0.661651
0.81984
1.08649
0.773932
0.818484
0.838025
0.742006
0.7704
0.696849
0.890251
0.656562
0.764749
0.943687
0.712315
0.653153
0.66836
0.918385
0.774935
0.861623
0.624727
0.661866
0.910744
0.810171
0.713368
0.738547
0.834162
0.864009
9.59728
0.905867
0.710905
0.738483
0.841572
0.543294
1.31986
1.08379
0.684881
10.1252
0.849767
0.882197
0.971868
1.04224
0.844733
0.780829
0.773691
0.414607
0.503084
0.482101
0.747906
0.770242
0.748821
0.774498
0.744126
0.831857
0.723597
0.923188
0.735043
0.776379
0.713592
0.905593
0.961579
0.804149
0.788985
0.710369
0.738603
0.766529
0.685333
0.709942
0.770293
0.831541
0.705098
0.936937
0.717604
0.870695
12.3554
0.748249
0.966357
9.35417
0.778122
0.801883
0.79073
1.02489
0.915709
0.761849
0.886035
0.746725
0.783611
1.02526
0.694908
0.908313
0.688016
0.858927
0.631501
0.661731
0.657372
0.685615
0.695562
0.76078
0.690526
0.68874
0.684296
0.569842
1.06043
0.797888
0.785082
0.871744
0.786533
1.00551
0.765275
0.955956
0.780285
0.837796
0.838373
0.484814
0.293296
0.604203
0.518615
0.305245
0.469738
0.593508
0.615186
0.691096
0.658292
0.809452
0.828642
0.580836
0.503166
0.74028
0.864521
0.698599
0.885639
0.685365
0.710113
0.755478
0.751174
0.705796
0.756973
0.950213
0.741937
0.77531
0.805823
0.716316
0.771029
0.872846
0.965366
0.733143
1.08318
0.258733
0.310217
0.559462
0.760763
0.752721
12.0015
0.850703
0.823755
1.06893
1.00212
0.661454
0.733299
0.791689
0.440869
0.42598
0.49699
0.568047
0.541748
0.605203
0.556311
0.341579
0.384766
0.638847
0.546617
0.661294
0.696412
0.48219
0.50873
0.998492
0.812151
0.498808
0.653227
0.54391
0.61048
0.770064
0.677367
0.841408
0.695688
0.771706
0.913988
0.754269
0.696204
0.686589
0.694653
0.398686
0.331118
0.686747
0.402289
0.778385
0.839975
0.832672
0.951468
0.910521
0.755452
0.935844
0.755766
0.835485
0.87222
0.78141
0.743551
0.741145
0.763445
0.83898
0.818172
0.812579
0.829212
0.812461
0.750989
0.901219
0.838269
1.055
0.790755
0.793752
0.837587
0.714911
0.688484
0.772907
0.776906
0.874169
0.912283
0.684149
0.824543
0.783094
0.925708
0.694665
0.679651
0.812707
1.01993
1.05032
0.813386
0.953496
0.952377
0.934772
0.702234
0.690101
0.54053
0.684123
0.671422
0.699618
0.765255
0.663501
0.689656
0.684062
0.748494
0.745322
0.747247
0.740754
0.754994
13.4591
13.7912
12.031
13.1319
0.774782
10.9193
1.46047
0.960101
0.897921
0.702251
0.761785
0.643263
0.789575
0.941122
0.690634
0.746235
0.748899
0.745286
0.710656
1.1421
0.753412
0.894845
0.966847
0.864464
0.664301
0.785232
0.776625
0.861116
0.767265
0.884011
0.849869
0.809434
0.700133
0.644967
0.711272
0.750323
0.737451
0.694255
0.460466
0.416755
0.753036
0.770954
0.661905
0.835221
0.898451
0.844858
0.740484
0.754073
0.790209
0.776471
0.881369
0.711862
0.773917
0.780566
0.755952
0.822334
0.561128
0.547088
0.714992
0.827762
0.996573
12.7278
0.555477
0.475386
0.87653
0.88783
0.84067
0.980961
0.909064
0.84283
0.79321
0.797562
0.739384
0.474756
0.505805
0.721061
0.723274
0.629667
0.541148
0.537799
0.692698
0.687014
0.910006
0.837822
0.544393
0.450077
0.699231
0.709788
0.652837
0.743149
0.863265
0.487073
0.623206
0.53778
0.548708
0.464424
0.635535
0.459123
0.556122
0.382459
1.19363
0.574865
0.701957
0.457727
0.47178
0.607135
0.433873
0.316514
0.666623
0.691962
0.695305
0.683599
0.844723
0.347873
0.704329
0.486841
0.385166
0.452728
0.774217
0.740714
0.769233
1.01768
0.560979
0.812085
0.852423
0.756031
0.771281
0.491131
0.691516
0.839887
0.625912
0.553755
13.6288
0.566985
0.537837
0.653416
0.759287
0.743754
0.847203
0.820329
0.982204
0.842148
0.729868
0.47601
0.482375
0.541097
0.638181
0.639409
0.667381
0.851011
0.69389
0.704733
0.472799
0.480157
0.714303
0.702327
0.429331
0.494072
0.95098
0.588991
0.499542
0.481848
0.583588
0.783361
0.774368
0.631464
0.72146
0.614287
0.613227
0.88387
0.662414
0.541815
0.625613
0.514442
0.411286
0.916636
0.500441
0.590347
0.855703
0.486877
0.543158
13.3478
0.717345
0.513074
11.9335
0.589178
0.607566
0.837218
0.692515
0.702231
14.4937
0.527695
0.76908
0.771021
0.836652
0.666356
0.419641
0.76459
0.657789
0.743781
0.663827
0.542204
0.572436
0.839291
0.666989
0.669436
0.749213
0.419998
0.424664
0.503709
0.542415
0.575875
0.902714
0.588369
0.613969
0.857458
0.83749
0.579501
0.880927
0.653951
0.70995
0.700829
0.722353
0.831761
12.3624
0.420339
0.880235
0.802685
0.933447
0.953168
0.720002
0.800851
0.781109
0.743896
0.719005
0.68579
0.861662
0.742463
0.883344
0.45594
0.40376
0.688834
0.806489
0.864808
0.846583
0.557342
0.843854
0.567083
0.618276
0.605674
0.608903
0.759158
0.729666
0.761203
0.685573
0.875423
0.758071
0.702352
0.641252
0.687369
0.723521
0.753088
0.806777
0.776317
0.684113
0.80166
0.540722
0.778456
0.757699
0.645027
1.03415
0.691644
0.820611
0.738746
0.795373
14.0598
0.805835
0.866054
0.681946
0.695206
0.686576
0.353747
0.290612
0.566246
0.760366
0.861147
0.744197
0.750801
0.769832
0.374649
0.332649
0.829683
0.605086
0.475357
0.84338
0.78464
0.668052
17.1788
0.574689
0.568774
0.684736
1.10668
0.815395
1.06186
0.96774
0.838273
0.687319
0.730463
0.539963
0.49972
0.803191
1.10733
0.680922
0.903893
0.734583
0.743339
0.790445
0.886223
0.867839
0.888188
0.842626
0.924991
0.787458
0.770204
0.741849
0.814256
0.849172
0.7551
0.812334
0.736288
0.808871
0.761759
0.722411
0.765568
0.774893
0.854655
0.703946
0.65308
0.492722
0.56707
0.766509
0.703082
0.671364
0.733027
0.684331
0.658983
0.751281
0.581404
0.5522
0.646546
0.832021
0.853069
0.742729
0.748124
0.724385
0.569303
0.458998
0.741902
0.845742
0.898064
0.596812
0.913973
0.807722
0.44342
0.695183
0.860436
0.610212
0.776787
0.697524
0.501043
0.526017
0.954079
0.898411
0.724948
0.918135
0.966667
0.745768
1.19437
0.910421
0.809762
0.724881
0.895765
0.851863
0.564436
0.6903
0.878767
0.826938
1.16186
0.836788
0.882245
0.948318
0.684749
0.676796
0.686671
0.712953
0.86401
0.514011
0.439851
0.531125
0.763981
0.570129
0.452447
0.603395
0.541776
0.546859
10.1698
13.8488
0.823099
0.813984
0.812691
0.48712
0.602136
0.661605
14.3788
0.719774
0.735171
0.733723
12.1989
0.650749
0.942231
0.830884
0.798469
0.756379
0.777399
0.536271
0.582764
0.199174
0.749147
0.777478
0.68312
0.678546
0.71503
0.617253
0.502792
0.830995
0.715199
0.52969
0.926711
0.671484
0.742534
12.7654
0.693963
0.504131
1.07074
0.588876
0.476871
0.712998
0.593253
0.598433
0.531761
0.451933
0.736154
0.674938
0.522073
0.611157
0.983361
0.826935
0.74745
0.499658
0.897464
0.406541
0.453217
0.402921
0.811878
0.747551
0.703365
0.263773
0.420267
0.762376
0.520121
0.494721
0.68465
0.389419
0.293498
0.50977
0.543872
0.546104
0.852464
0.642443
0.577237
0.692713
0.829802
0.5602
0.645765
0.476917
0.665961
0.691118
0.497808
0.493099
0.846264
0.884296
0.626525
0.968628
0.625517
0.532525
0.815245
0.448532
0.467889
11.4788
0.61016
0.79876
0.870429
0.737933
0.567443
0.402637
0.628035
0.862737
0.774968
0.710634
0.546736
0.424549
0.611949
0.504143
0.355338
0.551458
0.457929
0.473607
0.729951
0.872388
0.68475
0.71399
0.619844
0.418275
0.776446
0.664075
0.948512
13.3063
0.611345
0.519005
0.697062
0.705388
0.745187
0.479415
0.71121
0.896445
1.08787
0.794626
0.696068
11.8789
14.0787
0.813846
12.1371
0.58431
0.764137
0.683645
0.723004
0.846214
0.793291
0.955019
0.541686
0.741078
0.718415
0.705802
0.831735
1.03882
0.8584
0.814386
0.812039
0.805422
0.909102
0.944225
0.746323
0.554724
0.827629
0.587605
0.50618
0.85932
0.479591
0.371588
15.5217
0.643613
0.978232
0.859536
1.06569
0.809856
0.372566
0.780089
0.82774
0.68823
0.494997
0.741004
0.587312
0.776409
0.814772
0.6158
0.673818
0.736578
0.736974
0.662441
0.749036
0.878866
0.836836
1.03397
0.478644
0.922509
0.37695
0.40443
0.374068
0.668368
0.795845
0.795014
0.868886
0.740267
0.739606
0.665667
1.88498
0.805857
0.825375
0.838468
0.769288
0.491419
0.601616
0.799581
0.450441
0.330286
0.509955
0.973984
0.833897
13.5355
0.522221
0.520358
13.823
0.751876
0.769095
0.683417
0.973969
0.823308
0.746275
0.666695
0.759824
0.736463
0.771345
0.534993
0.225878
0.314057
0.400633
0.857714
0.886542
0.594218
0.491682
0.671241
0.835712
0.870774
0.721914
0.476089
0.457334
0.582416
0.330398
0.536395
0.695781
0.305808
0.54766
0.538666
0.505099
0.489528
0.569768
0.508659
0.408105
0.790207
0.976059
0.715489
0.725814
0.682915
1.18436
0.492396
0.509407
0.437372
0.712319
0.828068
13.9708
0.764075
0.887056
0.684655
14.8871
0.695105
0.717219
0.714266
14.5308
0.5597
0.449189
0.824455
0.714524
0.236926
0.265393
0.807986
0.595012
0.571038
0.496178
0.476937
0.431204
0.593066
0.478044
0.702154
0.815351
0.803225
0.680762
0.883908
0.553063
0.482635
0.789041
0.711247
0.692884
1.00896
0.832166
0.798307
0.921265
0.711682
0.821999
0.919157
1.01135
0.807682
0.941026
0.829913
0.620795
0.578613
0.549656
0.396982
0.389565
0.540253
0.680682
0.79061
0.871327
0.832064
0.960212
0.505622
0.533437
0.524339
0.590174
0.637197
0.84575
0.77713
0.690485
0.700213
0.495526
0.504167
0.78517
0.941798
0.49229
0.489423
0.443912
0.737499
0.691053
0.852364
0.778119
0.800867
0.768178
0.742462
0.78328
0.844387
0.830432
1.2743
0.728075
0.598487
0.541777
0.502989
0.750003
0.49348
0.611121
0.816672
0.936681
0.849742
0.875426
0.766036
0.79961
0.715889
0.832438
0.981094
0.955799
0.841611
0.77763
0.567058
0.637246
0.796392
0.685647
0.750276
0.777572
0.634876
0.542026
0.762599
0.874973
0.603964
0.41968
0.494576
0.189899
0.35445
0.813774
0.742758
0.845247
0.863708
0.466012
0.418381
0.819182
0.389152
0.441551
0.668619
0.515301
0.514465
0.715315
0.549181
0.693772
0.919495
0.576462
0.740463
0.668057
0.630077
13.12
0.852711
13.2391
0.756333
0.690624
0.81779
0.741728
0.78201
0.713539
0.608607
1.05139
0.382686
0.348273
0.389497
0.662009
0.741963
1.14349
0.686921
0.682581
0.824908
0.712061
0.867194
0.822706
0.468173
0.362736
1.01309
0.827436
0.748386
0.718386
0.547404
0.554224
0.843189
0.428129
0.498501
0.445285
0.30922
0.684738
0.961319
0.361804
0.575517
0.426964
0.69495
0.382684
13.6669
0.654962
0.573716
0.684804
0.543363
0.494856
0.919715
0.537181
0.59709
0.917566
0.422933
0.478868
0.724337
0.704339
0.684786
0.69392
0.686278
0.380508
0.322449
0.449442
0.751699
0.686993
0.685321
0.545508
0.419899
0.859804
0.558224
0.545938
0.918047
0.551285
0.485309
0.734454
0.692807
0.677885
0.699905
0.469193
0.475856
0.688917
0.701391
0.8103
0.751055
0.494755
0.435168
0.615768
0.255181
0.220353
0.298555
0.574515
0.763859
0.744149
0.867633
0.73371
0.730139
0.755053
0.536557
0.405266
0.64938
0.54184
0.538844
0.459079
0.422258
0.52031
1.22041
0.627996
0.416964
0.331487
0.534223
0.675008
0.712344
0.985655
0.489578
0.482576
0.309405
0.237917
0.297749
0.699153
0.875301
0.981506
0.518306
0.497077
0.716819
0.809444
0.538463
0.541821
13.368
0.503757
0.917074
0.841721
0.690098
0.724938
0.596607
0.589054
0.973974
0.815958
0.84233
0.870339
0.568122
0.728713
0.851995
0.926163
0.610971
0.546318
0.786012
0.365274
16.341
0.787272
0.754121
14.379
0.977268
0.462138
0.395629
0.447016
1.0103
0.797489
0.492696
0.45605
0.806837
0.572788
0.599841
0.52879
0.415557
0.25356
0.264092
0.373084
0.631003
0.720003
0.649779
0.585144
0.640904
0.731092
0.361701
0.30982
0.376541
0.663499
0.444709
0.386428
0.481792
0.441389
0.445128
0.549344
0.385193
0.719042
0.666748
1.28693
0.748712
0.59568
0.428515
0.670512
0.475432
0.387468
0.893037
0.534458
0.542188
1.37547
0.478033
0.61606
0.727248
0.540363
0.645899
0.734571
0.544813
0.588678
0.792681
0.629585
0.627194
1.03911
0.641569
0.471477
0.594421
0.858355
0.563088
0.472357
0.698735
0.741823
0.732989
0.569162
0.395844
0.371261
0.97287
0.797103
0.96357
0.915697
0.732037
0.83635
0.778781
0.377597
0.362944
0.930495
0.599775
0.359376
0.516518
0.470932
0.540404
0.567158
0.707002
0.351882
0.830822
0.607597
0.440813
0.560964
0.485384
0.673771
0.733337
0.796085
0.911236
0.686713
0.835574
0.442775
0.401752
0.861787
0.697235
0.751486
0.510129
0.539746
0.4867
0.807037
0.760946
0.937465
0.741001
0.535607
0.537065
0.724836
0.752568
0.908872
0.907979
0.465016
0.483158
7.55625
0.253315
0.240196
0.699143
0.680657
0.715511
0.857303
0.562538
0.639465
0.426294
0.448886
0.459756
0.476089
0.548563
0.51276
0.547975
0.639745
0.65669
0.466824
0.513516
0.416839
0.583415
0.450148
0.854893
0.566197
0.516546
0.423744
0.37516
0.26051
0.586682
0.80829
0.250984
0.309139
0.221656
0.414161
0.702919
0.548355
0.346489
0.44234
0.398408
0.40152
0.401303
0.545855
0.570969
