148.689
23.4481
21.7349
63.0172
22.6348
23.0173
44.3884
39.2459
44.5965
47.337
20.0447
20.5654
47.6871
42.7553
21.645
46.9439
19.7053
45.6207
29.0829
22.3885
66.8628
21.5121
32.0637
48.0764
37.0866
17.4039
45.6423
13.6088
40.0927
49.942
19.7315
18.9678
73.0655
20.9746
30.8178
48.1543
33.1903
18.8694
46.384
38.0713
28.332
33.7681
30.0182
20.4339
48.7223
34.6238
34.5855
19.2961
18.8164
65.0608
20.7556
48.7873
18.7529
30.8348
63.6674
23.093
24.3338
46.0562
23.4826
21.7474
33.9386
41.8515
35.4949
19.9748
60.3264
20.4695
21.2808
43.2919
20.3416
48.0064
34.7306
19.8367
47.4613
13.8776
30.1746
13.8915
29.5209
48.7123
17.6008
23.1642
47.3867
28.514
21.5627
61.2972
20.6785
48.4136
58.9061
34.9359
33.3094
58.0353
28.2957
24.9491
46.9215
20.8906
18.2406
53.5881
18.2713
29.3502
46.8847
31.437
40.5566
28.7864
20.6284
43.831
37.4717
35.9263
24.043
44.0194
26.0604
17.4602
39.8412
33.5733
16.2678
38.1047
38.2662
17.4249
28.4763
36.4584
51.4772
11.318
14.9252
74.1951
21.0669
46.6063
10.4764
28.5178
48.3064
10.5943
35.9949
19.5783
24.6895
21.2721
57.0882
21.2675
22.6948
58.1771
17.1578
16.6919
43.8562
25.185
22.9464
15.3895
37.2363
49.8251
17.4143
42.7164
47.0069
18.186
20.1946
57.3329
19.8566
17.6845
30.1841
27.2551
48.3566
12.5636
11.8122
23.4324
39.1017
25.5469
10.4146
52.1495
33.1404
18.6957
44.6663
17.163
11.9794
57.7858
16.2676
19.1329
55.8814
19.6889
39.7773
19.2675
30.7675
50.9406
18.3414
18.8744
48.1973
17.2004
11.7076
50.0293
19.1421
23.0995
19.7053
28.773
41.4543
14.5693
22.052
48.2003
23.94
43.2738
34.7432
26.6035
48.3671
24.118
26.1831
53.1847
20.6678
28.0303
50.4162
18.984
37.5836
30.746
25.1731
49.5365
15.1897
33.7672
60.3121
18.679
33.5485
61.5185
21.325
25.6953
49.4711
32.9143
20.7585
47.4844
38.3075
16.3987
40.0757
34.2654
50.4185
18.7188
34.301
49.8641
17.2374
55.9096
20.9994
26.8977
68.7429
35.8348
43.7105
37.5328
30.3249
48.2771
19.1934
35.2461
18.5852
33.977
48.0871
61.2021
20.7006
22.4343
33.9109
24.9957
49.8943
19.668
29.8736
27.3991
29.861
47.989
47.565
20.8752
47.3373
14.0373
49.2849
50.0543
18.4146
11.6642
57.8334
21.1044
37.0108
34.3593
25.5014
51.4972
13.6575
39.711
14.527
31.6271
58.1738
20.1184
21.0872
59.1747
19.7467
40.1582
13.9116
24.7175
48.61
37.7716
29.2423
36.4548
18.086
50.6833
27.4009
19.0934
57.0666
21.0473
43.2623
30.8039
31.6193
35.6863
20.2663
45.5374
15.3808
33.6051
49.8043
15.6436
28.8565
48.4432
18.458
26.701
50.0414
23.4158
41.8212
17.3786
34.8878
51.9545
30.1487
20.3514
29.9789
33.8868
50.3938
18.1976
34.5426
38.1334
13.72
24.2129
48.7294
15.1315
22.0684
49.3823
14.2684
41.7829
30.1887
18.6514
39.9264
33.0806
15.7436
51.9683
21.2862
19.3551
64.2808
20.5449
34.2392
20.4124
17.1571
59.6714
20.5537
25.9505
48.8913
17.6422
39.2382
20.5811
21.3129
17.6131
26.8684
49.326
19.1841
24.6822
50.2014
13.3674
55.2499
44.7194
18.7551
59.7564
16.2098
17.9093
38.238
21.2335
57.8476
21.1091
17.2924
50.7672
16.744
23.1138
49.4366
29.1038
26.1429
40.0488
30.9541
21.9103
49.7453
36.8084
17.9885
49.0252
34.2426
20.7606
40.0141
56.7738
16.2873
16.6443
60.4422
21.0131
39.6018
36.8972
45.9798
62.9047
35.4233
39.0177
50.2486
53.7327
18.5086
35.7234
37.3825
26.0312
52.6402
20.4241
34.1297
43.6617
21.8816
65.9126
41.213
40.4587
67.1734
37.8482
49.4565
33.4474
45.3354
54.1393
47.6374
35.4276
28.8316
60.3373
21.7793
35.9195
38.4388
34.0786
15.336
64.2839
44.9212
29.2146
60.2793
42.8888
32.0719
60.2915
38.2975
39.5921
45.4903
41.9644
47.0377
53.7263
22.069
38.4808
26.343
21.8813
60.641
21.0059
29.0067
48.8197
24.3346
15.2752
24.1965
32.7228
49.8519
19.3557
41.5109
48.1378
38.6061
29.8443
20.1002
48.3044
60.2627
21.4402
21.3833
42.6096
22.1036
46.9446
38.9961
22.3635
47.285
35.1627
37.0969
47.8418
19.7526
37.0142
48.6617
20.1299
25.3541
44.9621
58.2062
21.6919
35.8668
49.2078
20.117
32.0807
63.1403
21.8653
22.9652
43.4767
35.5568
32.1901
43.1305
10.8787
30.5606
50.8745
24.3123
38.3222
59.326
21.6539
57.3345
51.8471
19.8064
30.1423
51.2738
10.9762
34.1122
29.9821
35.3817
49.1479
27.8979
24.4309
45.684
13.4646
36.0146
31.755
13.5509
62.719
19.7346
23.8619
50.4465
22.3769
22.7451
62.5815
22.2548
24.4823
69.152
21.3665
33.4699
47.7416
34.828
22.0597
49.7103
36.0215
22.4879
49.0775
37.4227
22.0948
33.6911
15.9776
61.0097
22.717
23.8424
49.1648
37.2897
31.7891
50.0388
29.1239
30.4859
62.7159
51.3931
41.5274
35.4046
43.2376
30.1701
43.8003
50.2649
13.0902
15.3858
49.9814
65.6756
20.8539
22.9793
43.1775
23.5288
24.1117
48.5697
60.5771
22.1356
33.0347
17.6447
31.6043
50.0417
13.5552
21.4831
28.4572
32.3479
43.1014
47.6738
36.1676
22.2136
45.1454
15.6265
45.5681
31.8423
21.7517
67.3523
24.1876
50.2554
58.9677
21.3773
26.3747
28.7283
38.0435
48.9206
17.0037
26.6516
66.3663
47.6457
13.2301
65.9618
21.4166
29.3134
34.8012
32.9584
46.0405
22.5189
34.8226
49.1547
32.112
44.8276
56.5446
18.6129
26.8745
41.2458
27.1111
16.3215
43.2905
28.8745
21.8189
38.9171
14.7568
26.7608
23.2882
21.0048
64.3025
20.6814
24.0747
57.9277
20.7061
42.5926
61.9769
18.8794
22.5886
66.7491
21.1685
48.4332
43.346
31.6812
51.8221
18.1316
32.5888
25.0754
18.6238
63.1585
19.1386
34.1493
64.2222
15.8124
24.126
62.9178
21.1453
42.8394
55.2371
20.0927
22.464
61.9678
18.9369
37.0059
49.9085
17.4366
34.3951
31.9182
59.0102
48.0902
18.8492
48.9488
19.923
25.6659
26.1226
56.7887
19.4931
40.5968
15.6093
31.878
49.653
51.8415
19.6044
51.6866
21.416
35.6931
37.0063
18.9293
25.024
41.2163
14.4673
18.2228
59.4286
17.936
44.2103
21.8191
25.0069
50.357
26.5281
39.7513
21.198
37.9228
48.42
28.2233
16.8365
48.1818
17.6293
32.0802
49.6463
14.8256
27.2318
48.8715
14.3306
56.8028
14.754
39.8309
45.6308
41.6648
36.7084
24.3865
47.2331
36.7773
22.5545
48.0964
39.513
36.8092
62.8081
22.4178
45.8572
29.6909
24.8196
59.4555
22.6196
52.0853
49.1802
58.9025
22.4551
33.1366
70.2353
22.2917
25.386
56.139
22.754
48.0631
48.6687
40.1268
43.5961
11.079
19.9438
60.813
21.4371
28.4701
57.6152
21.7112
34.1762
33.5115
21.4373
37.7309
58.413
44.0593
16.6971
48.5147
26.2107
18.2152
49.5346
46.713
20.0971
20.0977
12.9684
60.188
19.2689
27.8552
18.9974
38.4007
50.2036
29.625
28.9935
59.0828
28.559
39.2619
27.1157
34.6924
58.6284
16.3942
32.7295
21.9156
23.3784
49.3744
22.9775
24.6276
63.3435
22.2946
20.9165
60.8309
45.9459
13.9894
35.6233
28.1917
19.3278
47.6925
14.9756
53.1382
18.3342
46.7048
35.3917
39.7428
34.1188
41.634
50.6603
20.3638
59.0024
24.1437
45.1312
50.3472
13.269
54.8697
20.5486
44.016
51.8337
16.6219
51.6022
47.1657
28.0212
43.3436
19.0142
33.2628
48.7087
16.9673
28.8468
62.6922
20.1755
16.6488
55.8093
48.0733
19.3622
52.2092
21.1748
20.3739
56.1485
21.6163
29.8853
56.5365
20.7513
51.6004
21.0011
28.3739
68.7507
20.0357
48.5198
47.7167
18.6752
57.7247
20.5975
42.5578
29.5397
18.3065
59.12
20.187
42.0221
37.2637
19.6279
47.9713
31.5247
20.4507
47.3379
18.7171
35.9998
48.4501
18.2513
27.4723
31.0117
13.4677
45.0328
31.5384
20.7027
48.7257
35.5951
43.444
22.1854
34.94
49.2841
17.264
50.6136
22.0139
20.0215
58.9593
21.7382
37.3761
44.3192
22.0569
57.7979
50.5619
35.9965
47.0999
21.3664
21.0921
66.595
21.2882
51.3609
22.1548
55.0136
48.8725
34.3883
21.6946
47.9394
34.862
45.1586
19.2704
36.8161
50.6636
18.7272
36.6854
21.9194
25.6168
56.7517
21.5942
18.8753
61.9988
20.1957
40.3416
60.0397
20.8513
20.3124
58.5488
19.9907
39.2474
36.3766
20.3935
48.7145
60.7189
20.5583
38.2872
33.2244
19.8737
45.4585
24.7776
24.2711
49.2826
29.3027
20.8719
33.5175
25.6104
51.9161
18.4372
32.5534
52.6528
32.5473
44.8712
32.6093
28.5224
54.7398
19.813
34.1884
43.6335
20.3649
37.0558
46.0997
32.3324
17.7481
53.5966
20.9908
47.1511
51.1322
20.1536
41.1816
34.3018
37.4404
51.1303
55.1863
20.7416
39.5956
39.5466
17.598
43.9679
38.2658
33.4759
51.4414
20.4534
43.0229
15.9211
38.4823
66.8973
21.4355
31.8902
49.1523
37.7041
27.0934
44.3342
36.3761
21.6849
45.9243
67.4411
21.9908
44.5992
26.1968
41.1967
52.6668
21.6692
14.1953
63.5131
21.604
17.9441
37.7198
22.9819
48.5437
55.2605
20.8798
29.3122
61.5699
19.0234
55.4293
46.819
35.4112
34.4376
37.8681
23.6602
37.1292
22.3816
17.1643
58.3931
37.5061
36.4981
47.822
20.3093
24.2163
61.2081
21.6819
20.9773
35.7891
49.6669
20.6574
26.8149
56.2576
19.0921
16.4421
49.7741
66.4503
22.2477
36.5991
35.0639
22.9392
67.6459
21.7738
31.7569
29.4456
36.8629
48.6108
42.8102
30.8693
46.2916
46.0419
19.4275
63.802
23.0437
29.9771
56.3404
16.865
37.2626
29.2715
15.3571
37.7608
34.9136
10.7002
49.3618
49.4807
15.0566
60.7037
21.3693
38.3347
17.1221
46.512
64.5759
43.7763
46.1279
63.208
33.0968
63.7343
31.0958
39.5656
45.4889
23.9832
68.2367
22.3892
32.1365
32.7038
37.7939
25.3233
44.5455
48.3143
21.037
46.503
49.8232
18.1236
30.7248
63.156
16.9499
41.5378
63.9378
21.285
27.5186
37.9661
22.2509
20.4265
61.5766
23.3759
19.6029
58.9001
21.4465
29.2211
28.1629
22.957
49.8371
40.9569
43.2315
20.8206
17.607
60.2907
22.0923
28.4464
40.9237
21.6013
16.3934
60.4249
48.7643
39.7539
32.3191
63.5903
21.9737
38.6359
43.2734
36.4841
27.0918
47.1941
38.7288
20.6752
38.4236
27.837
14.8081
34.321
59.451
21.8109
31.7488
21.5078
28.421
48.5686
15.4494
40.5447
19.9762
25.5333
66.7342
21.5631
17.2677
68.7747
20.078
15.6354
41.436
60.5403
17.1745
29.0858
47.7909
29.5339
48.5241
40.0002
11.4801
62.9533
23.7053
40.6063
41.4174
44.2259
48.1736
39.7678
22.4722
34.2904
39.3244
48.0273
40.8644
32.0037
47.9904
41.502
31.4623
65.5904
19.8219
65.2436
20.1167
26.8183
43.9866
32.2173
22.4932
42.0931
36.2213
43.3589
62.4216
21.9005
34.9723
66.6094
21.1282
49.4593
33.2278
29.0112
48.0972
36.3916
23.7821
14.9725
23.6896
62.6008
41.8145
21.9468
48.6587
37.033
38.8961
37.4172
47.8591
43.5411
39.6726
20.9113
43.2117
39.3067
21.7645
48.8281
36.275
28.8232
63.3904
25.5684
21.086
54.4311
23.974
26.2743
72.3247
23.9859
56.7845
24.7125
27.6726
46.6544
68.8011
24.431
31.022
68.9119
18.0812
58.6177
49.4084
20.4959
62.9876
19.984
19.1955
47.5756
11.1054
59.4769
20.5781
22.778
67.2744
22.4997
61.5288
23.0574
57.2308
45.49
15.9917
65.9139
21.608
44.0012
32.2751
21.4546
46.8315
34.8876
43.3111
61.2271
24.2165
45.7222
49.2334
37.242
23.1436
71.3159
22.038
62.8712
23.7505
45.0849
51.9983
20.2415
36.438
61.7054
23.011
64.5091
45.4647
37.9409
38.5255
37.0941
48.0573
31.253
26.2319
42.6369
17.3867
43.0478
82.6048
21.4486
44.9782
13.1898
28.9206
46.3081
14.2493
51.1863
17.1986
40.4608
23.1404
39.7889
67.3815
22.9521
40.5296
50.9201
38.4772
22.7857
46.9581
30.2062
50.3935
23.8062
13.4071
74.15
50.9809
34.6148
49.2153
11.9608
36.0073
31.3282
40.5334
49.3941
13.5516
23.6456
67.7798
22.5846
59.3904
22.6394
38.5186
20.8789
43.8951
34.3765
14.113
48.8428
39.3445
46.0255
39.4409
22.359
47.9465
56.3951
28.9256
31.94
57.7487
22.7379
31.1064
69.3539
40.0862
51.9599
18.7694
21.5055
64.5753
17.4435
31.6602
44.581
31.3124
63.1701
42.3635
22.2929
46.984
13.9639
31.3473
39.1297
47.0459
20.7321
21.2412
54.6064
24.0678
17.0064
67.9374
39.2807
14.4048
45.407
15.1734
21.7771
41.8999
16.4277
31.3838
45.0369
14.1857
12.5317
43.9089
