1502298074.263660 -0.0630000 0.0010000 -0.0180000 0.0000000 0.0000000 0.0000000 1.0000000 -0.1191767 -0.0044169 0.0100910 0.0002347 0.0000339 -0.0003424 0.0751012 -0.0210195 0.1179159 
1502298076.096754 -0.2708260 -0.0186887 0.0018831 0.0026983 -0.0606537 0.0081645 0.9981218 -0.1223362 -0.0107257 -0.0026130 0.0002347 0.0000339 -0.0003424 0.0751012 -0.0210195 0.1179159 
1502298077.430066 -0.3898029 -0.0509410 0.0513706 -0.0085970 -0.1428077 0.0267803 0.9893507 -0.0181186 0.0083705 0.1239172 0.0002347 0.0000339 -0.0003424 0.0751012 -0.0210195 0.1179159 
1502298077.929888 -0.4049589 -0.0603232 0.1138827 -0.0139463 -0.1346731 0.0388017 0.9900319 0.0061354 0.0174692 0.1470214 0.0002347 0.0000339 -0.0003424 0.0751012 -0.0210195 0.1179159 
1502298080.663016 -0.2111381 -0.0368067 0.8926134 -0.0150509 0.0720717 0.0283564 0.9968827 0.0967543 0.0574065 0.3844727 0.0002347 0.0000339 -0.0003424 0.0751012 -0.0210195 0.1179159 
1502298081.095910 -0.1553590 -0.0226667 1.0354311 -0.0123111 0.1057421 0.0033118 0.9943119 0.1723948 0.0490305 0.3343958 0.0002347 0.0000339 -0.0003424 0.0751012 -0.0210195 0.1179159 
1502298081.562705 -0.0731944 -0.0323002 1.2434120 -0.0190923 0.1266473 0.0057995 0.9917471 0.1779909 0.0125709 0.4478692 0.0002347 0.0000339 -0.0003424 0.0751012 -0.0210195 0.1179159 
1502298082.062598 -0.0125932 -0.0221908 1.4360863 -0.0130730 0.1230677 -0.0025464 0.9923089 0.0407754 0.0320964 0.4289003 0.0002347 0.0000339 -0.0003424 0.0751012 -0.0210195 0.1179159 
1502298082.429306 -0.0073606 -0.0256158 1.6124301 -0.0184825 0.1063537 -0.0187227 0.9939803 -0.0506454 -0.0007551 0.4672610 0.0002347 0.0000339 -0.0003424 0.0751012 -0.0210195 0.1179159 
1502298082.928970 -0.0316260 -0.0194706 1.8174525 -0.0093230 0.0588226 -0.0173094 0.9980748 -0.0725261 0.0247469 0.4122552 0.0002347 0.0000339 -0.0003424 0.0751012 -0.0210195 0.1179159 
1502298083.362481 -0.0394932 -0.0265006 2.0392902 -0.0051111 0.0004365 -0.0014919 0.9999857 0.1106618 0.0087398 0.4606808 0.0002347 0.0000339 -0.0003424 0.0751012 -0.0210195 0.1179159 
1502298083.829391 -0.0168690 -0.0275311 2.2265568 -0.0012030 -0.0580265 0.0204372 0.9981051 -0.0165510 0.0259522 0.4088768 0.0002347 0.0000339 -0.0003424 0.0751012 -0.0210195 0.1179159 
1502298084.295813 -0.0222307 -0.0333736 2.4346588 -0.0005556 -0.0921313 0.0124220 0.9956692 0.0229692 -0.0084126 0.4750267 0.0002347 0.0000339 -0.0003424 0.0751012 -0.0210195 0.1179159 
1502298084.795410 -0.0182098 -0.0274121 2.6389635 0.0025786 -0.0763991 0.0043695 0.9970644 0.0502088 0.0390263 0.4357837 0.0002347 0.0000339 -0.0003424 0.0751012 -0.0210195 0.1179159 
1502298085.228841 0.0440711 -0.0317298 2.8481071 -0.0060031 -0.0546841 0.0288401 0.9980691 0.1899177 -0.0136598 0.4839067 0.0002347 0.0000339 -0.0003424 0.0751012 -0.0210195 0.1179159 
1502298085.628943 0.0951155 -0.0220872 3.0239921 -0.0016208 -0.0406512 0.0138389 0.9990762 0.1048538 0.0330728 0.3862639 0.0002347 0.0000339 -0.0003424 0.0751012 -0.0210195 0.1179159 
1502298086.128665 0.1369292 -0.0281499 3.2368219 -0.0097254 0.0200909 -0.0001603 0.9997508 0.0615963 -0.0236857 0.5141840 0.0002347 0.0000339 -0.0003424 0.0751012 -0.0210195 0.1179159 
1502298086.595331 0.1789653 -0.0224705 3.4503274 -0.0041042 0.0507812 0.0050926 0.9986884 0.0855675 0.0593562 0.3809013 0.0002347 0.0000339 -0.0003424 0.0751012 -0.0210195 0.1179159 
1502298087.061859 0.2388010 -0.0276774 3.6552551 -0.0075518 0.0560045 0.0118068 0.9983321 0.1149194 0.0424968 0.4435148 0.0002347 0.0000339 -0.0003424 0.0751012 -0.0210195 0.1179159 
1502298087.495152 0.2774579 -0.0129015 3.8251376 -0.0068334 0.0863408 -0.0098295 0.9961937 0.0764885 0.0133814 0.3727893 0.0002347 0.0000339 -0.0003424 0.0751012 -0.0210195 0.1179159 
1502298087.994790 0.2796372 -0.0193714 4.0031333 -0.0208994 0.1644501 -0.0300082 0.9857073 0.0166932 -0.0168586 0.2887438 0.0002347 0.0000339 -0.0003424 0.0751012 -0.0210195 0.1179159 
1502298088.461652 0.2795683 -0.0211074 4.1593990 -0.0278986 0.1508706 -0.0625526 0.9861779 0.0087165 0.0047612 0.3558629 0.0002347 0.0000339 -0.0003424 0.0751012 -0.0210195 0.1179159 
1502298088.928155 0.2682880 -0.0326164 4.2879148 -0.0202403 0.0984020 -0.0579577 0.9932514 -0.1132469 -0.0374684 0.1975258 0.0002347 0.0000339 -0.0003424 0.0751012 -0.0210195 0.1179159 
1502298090.294769 0.1148455 -0.0332937 4.7403694 0.0045722 -0.0915715 -0.0116394 0.9957200 0.0722570 0.0089858 0.4536646 -0.0019980 0.0216340 0.0040992 0.1293597 -0.0177771 0.2208980 
1502298090.528104 0.1412550 -0.0308087 4.8486267 0.0055360 -0.1349992 0.0031899 0.9908251 0.1456353 -0.0338669 0.4476448 -0.0012027 0.0095968 0.0041143 0.1279795 -0.0104572 0.2115217 
1502298090.994709 0.1999464 -0.0347033 5.0428651 -0.0038233 -0.1881917 0.0444975 0.9811163 0.1093687 0.0385100 0.3852038 -0.0005561 -0.0054959 0.0010173 0.1392710 -0.0138540 0.1844270 
1502298091.227885 0.2156498 -0.0293273 5.1386118 0.0000969 -0.2048059 0.0363890 0.9781259 0.0426532 -0.0041950 0.4550843 -0.0005106 -0.0058255 0.0007485 0.1371833 -0.0137433 0.1811223 
1502298091.694573 0.2222289 -0.0419346 5.3137397 -0.0041957 -0.1725344 0.0096192 0.9849476 0.0122269 0.0145097 0.2978802 -0.0001206 -0.0043283 -0.0005511 0.1225213 -0.0153109 0.1637227 
1502298093.494070 0.2267262 -0.0510308 5.9747732 -0.0123176 0.0102409 0.0207261 0.9996569 -0.0589003 0.0213901 0.3206419 0.0016531 -0.0004161 -0.0021690 0.0696277 -0.0241927 0.0964502 
1502298093.660627 0.2205373 -0.0445630 6.0334621 -0.0094188 0.0317177 0.0216083 0.9992189 -0.0261997 0.0403197 0.3807242 0.0016293 0.0001933 -0.0020842 0.0679983 -0.0239502 0.0965442 
1502298094.127644 0.2105652 -0.0510670 6.2411866 -0.0131853 0.0359869 0.0067462 0.9992425 -0.0349042 0.0059222 0.4027896 0.0015110 0.0006426 -0.0017009 0.0622727 -0.0223588 0.0984897 
1502298094.327398 0.2021218 -0.0527506 6.3167895 -0.0127907 0.0352601 0.0155439 0.9991754 -0.0840893 0.0249397 0.3666182 0.0014715 0.0006904 -0.0015163 0.0604782 -0.0213400 0.0994656 
1502298095.627783 0.0931018 -0.0593261 6.8801368 -0.0067054 -0.0214164 0.0074432 0.9997204 -0.0470446 -0.0422417 0.5489554 0.0003127 0.0026775 0.0010691 0.0773659 -0.0149635 0.1156272 
1502298095.794057 0.0903823 -0.0663085 6.9684031 -0.0083688 -0.0297742 0.0137695 0.9994268 0.0017715 0.0181215 0.5108116 0.0002999 0.0027222 0.0011274 0.0798096 -0.0147446 0.1172619 
1502298096.160482 0.0842916 -0.0620821 7.1610779 -0.0014330 -0.0542944 0.0052751 0.9985100 -0.0228895 0.0067382 0.5944280 0.0003074 0.0065562 0.0008535 0.0979076 -0.0174083 0.1394666 
1502298097.093636 0.0883086 -0.0649410 7.6972317 0.0020656 -0.0598442 0.0221436 0.9979600 0.1465073 -0.0392277 0.6094155 0.0000314 0.0016081 -0.0003873 0.0974805 -0.0220083 0.1517518 
1502298097.160327 0.0975910 -0.0700413 7.7377440 0.0012228 -0.0763708 0.0130621 0.9969932 0.1353872 -0.0947712 0.6000294 0.0000443 0.0014077 -0.0003975 0.0976267 -0.0225275 0.1516087 
1502298097.460272 0.1242896 -0.0804840 7.9011608 -0.0035908 -0.1018022 0.0180571 0.9946343 0.0075500 -0.0337422 0.4895470 0.0002105 0.0003976 0.0003090 0.1103218 -0.0289721 0.1446259 
1502298097.693527 0.1170642 -0.0739095 8.0231455 -0.0000684 -0.1019006 0.0280439 0.9943992 -0.0581489 0.0095783 0.5815012 0.0002548 0.0001589 0.0003683 0.1139883 -0.0317154 0.1428947 
1502298097.826742 0.1073193 -0.0758295 8.1017564 -0.0038137 -0.0838885 0.0487282 0.9952757 -0.0855818 -0.0487952 0.5755757 0.0002725 -0.0000177 0.0003542 0.1161491 -0.0337402 0.1417352 
1502298098.226787 0.0789795 -0.0924700 8.2944235 -0.0080617 -0.0780295 0.0253998 0.9965948 0.0171617 0.0187360 0.3908979 0.0006491 0.0003790 0.0000495 0.1211098 -0.0435976 0.1408984 
1502298099.193185 0.2354835 -0.0862774 8.6732610 -0.0118897 0.0202982 0.0755318 0.9968659 0.1415580 0.0659252 0.3108621 0.0009383 -0.0021697 -0.0008196 0.1243551 -0.0509048 0.1546841 
1502298099.393265 0.2604283 -0.0759686 8.7409791 -0.0063654 0.0315041 0.0604699 0.9976524 0.1138244 0.0236189 0.3739205 0.0011012 -0.0024157 -0.0010008 0.1245537 -0.0497090 0.1564688 
1502298099.793390 0.3071733 -0.0848218 8.9184124 -0.0154322 0.0653574 0.0256157 0.9974137 0.1010696 -0.0198750 0.4465246 0.0005861 -0.0012190 -0.0025369 0.1114756 -0.0307468 0.1684342 
1502298100.126571 0.3409008 -0.0802570 9.0499307 -0.0182179 0.1145523 0.0239210 0.9929621 0.1052384 0.0485958 0.3705505 0.0003571 -0.0010322 -0.0026695 0.1071388 -0.0254843 0.1710563 
1502298100.359867 0.3577810 -0.0722859 9.1453993 -0.0181031 0.1239876 0.0055348 0.9921032 0.0683709 -0.0042337 0.4617467 -0.0000722 -0.0009880 -0.0026142 0.1052008 -0.0222295 0.1742570 
1502298100.426622 0.3624493 -0.0747961 9.1768248 -0.0198114 0.1299979 0.0076297 0.9912870 0.0469819 -0.0450952 0.4752457 -0.0001842 -0.0010137 -0.0025960 0.1047960 -0.0216273 0.1750093 
1502298100.726388 0.3711992 -0.0815925 9.3159492 -0.0272886 0.1203970 -0.0077223 0.9923206 0.0188336 0.0097181 0.4481259 -0.0004545 -0.0014254 -0.0024720 0.1060458 -0.0193327 0.1780825 
1502298100.993111 0.3590317 -0.0743940 9.4361454 -0.0235380 0.0961540 -0.0226897 0.9948294 -0.0632714 0.0425210 0.5044162 -0.0004852 -0.0012424 -0.0023600 0.1065098 -0.0179070 0.1803580 
1502298101.393057 0.3248730 -0.0763352 9.6478249 -0.0233428 0.0903158 -0.0323939 0.9951125 -0.0885445 0.0015025 0.4666348 -0.0003181 0.0046146 -0.0008450 0.0915725 -0.0127556 0.1907111 
1502298102.059484 0.3089804 -0.0586256 9.9495094 -0.0049717 0.0367813 0.0038415 0.9993036 0.0324043 -0.0731420 0.4987323 -0.0000013 0.0036411 -0.0000073 0.0854323 -0.0120663 0.1918433 
1502298102.259455 0.3216545 -0.0632144 10.0466446 -0.0043353 -0.0042390 0.0160738 0.9998524 0.0758589 0.0160433 0.4444313 -0.0000557 0.0030675 0.0003580 0.0862398 -0.0124708 0.1914140 
1502298103.259298 0.2751911 -0.0761127 10.4909558 -0.0111478 -0.0425244 0.0647979 0.9969296 -0.0478996 0.0196364 0.3296498 0.0015313 0.0035063 0.0016411 0.1025925 -0.0200496 0.1836447 
1502298103.425828 0.2735869 -0.0691249 10.5483851 -0.0073775 -0.0513041 0.0687206 0.9962886 0.0241516 0.0529932 0.3573030 0.0017097 0.0034876 0.0017325 0.1035131 -0.0206820 0.1817575 
1502298103.725912 0.3030732 -0.0661787 10.6747295 -0.0058707 -0.0779738 0.0754057 0.9940823 0.1720975 -0.0538757 0.4375828 0.0017991 0.0027360 0.0017055 0.1077179 -0.0196384 0.1783249 
1502298103.925907 0.3377147 -0.0719692 10.7577196 -0.0081052 -0.0924011 0.0755976 0.9928149 0.1419858 -0.0008061 0.3740102 0.0015446 0.0001517 0.0019850 0.1308593 -0.0208403 0.1637419 
1502298103.992441 0.3473114 -0.0734515 10.7811738 -0.0077626 -0.0934829 0.0688032 0.9932104 0.1229598 -0.0530626 0.3243361 0.0015274 0.0000194 0.0019695 0.1320921 -0.0208344 0.1628575 
1502298104.259115 0.3820748 -0.0663265 10.8639233 -0.0029345 -0.0761773 0.0538505 0.9956347 0.1475262 0.0026097 0.3284373 0.0014256 -0.0002459 0.0018558 0.1379686 -0.0216096 0.1595693 
1502298104.725855 0.4318341 -0.0750423 11.0364637 -0.0088232 -0.0248209 0.0314484 0.9991582 0.0837768 0.0162359 0.3595380 0.0015532 -0.0001967 0.0013613 0.1455084 -0.0246720 0.1551753 
1502298105.425633 0.5258379 -0.0765987 11.3031652 -0.0111324 0.0216114 0.0404953 0.9988839 0.1925816 -0.0009515 0.4229618 0.0021911 -0.0014785 -0.0008190 0.1404239 -0.0425844 0.1432113 
1502298105.692550 0.5642734 -0.0692529 11.4019747 -0.0104873 0.0318021 0.0185075 0.9992678 0.1392101 0.0227698 0.3352813 0.0024301 -0.0021465 -0.0017260 0.1333914 -0.0492561 0.1402384 
1502298105.858904 0.5784895 -0.0658923 11.4623804 -0.0086437 0.0391469 0.0084214 0.9991606 0.0762509 -0.0014781 0.3947206 0.0023641 -0.0027878 -0.0025876 0.1278024 -0.0525120 0.1389021 
1502298105.992243 0.5840625 -0.0663068 11.5182838 -0.0081750 0.0658698 0.0217487 0.9975577 -0.0053926 -0.0027136 0.4245058 0.0021700 -0.0028940 -0.0029581 0.1252199 -0.0533583 0.1387388 
1502298106.225508 0.5746027 -0.0777957 11.6214085 -0.0178929 0.0761243 -0.0064920 0.9969166 -0.0742175 -0.0499129 0.4533371 0.0015722 -0.0026497 -0.0032624 0.1220457 -0.0503007 0.1407699 
1502298106.292275 0.5692751 -0.0791662 11.6522021 -0.0188676 0.0839677 -0.0065438 0.9962684 -0.0741383 0.0018140 0.4568019 0.0014265 -0.0026525 -0.0033067 0.1209883 -0.0493978 0.1416254 
1502298106.425599 0.5597710 -0.0784587 11.7081512 -0.0205379 0.0870038 -0.0156370 0.9958735 -0.1053104 -0.0351041 0.3875886 0.0004604 -0.0027721 -0.0037300 0.1152511 -0.0447239 0.1458636 
1502298106.492033 0.5523302 -0.0804783 11.7343998 -0.0223652 0.0794949 -0.0269772 0.9962192 -0.0930327 -0.0126891 0.3927003 0.0003021 -0.0027340 -0.0037722 0.1140147 -0.0441321 0.1465209 
1502298106.992138 0.5133417 -0.0700787 11.9679469 -0.0134627 0.0261375 -0.0210285 0.9993465 -0.1012384 -0.0625770 0.5219178 -0.0016667 -0.0042689 -0.0018489 0.0723533 -0.0322377 0.1823793 
1502298108.392069 0.2859561 -0.0508378 12.6555828 0.0039224 -0.1015874 -0.0240379 0.9945284 -0.1092414 0.0660906 0.5144446 -0.0036158 -0.0005499 0.0027014 0.0982989 -0.0120543 0.1909127 
1502298108.858365 0.2571985 -0.0494309 12.8961181 0.0027940 -0.1349422 0.0088784 0.9908097 -0.0505404 -0.0296237 0.4555998 -0.0033508 -0.0002508 0.0029754 0.1018299 -0.0122667 0.1862842 
1502298109.025064 0.2529386 -0.0459071 12.9642227 -0.0003997 -0.1451642 0.0273135 0.9890304 0.0022559 0.0748355 0.4021173 -0.0032091 -0.0002760 0.0030977 0.1040799 -0.0122124 0.1851641 
1502298109.091665 0.2529023 -0.0419336 12.9901102 0.0022306 -0.1544482 0.0244171 0.9876966 -0.0128926 0.0507138 0.3882534 -0.0030673 -0.0002621 0.0031520 0.1052292 -0.0118650 0.1845208 
1502298109.325180 0.2534702 -0.0320271 13.0891833 0.0040322 -0.1567159 0.0263649 0.9872835 0.0282765 -0.0150658 0.4775485 -0.0017148 0.0010813 0.0032371 0.1160661 -0.0079567 0.1649948 
1502298109.791854 0.3024539 -0.0286279 13.2827339 -0.0006446 -0.1125508 0.0219992 0.9934022 0.1937930 0.0732705 0.3884780 -0.0011734 0.0018038 0.0032175 0.1177343 -0.0080959 0.1610171 
1502298110.024882 0.3588655 -0.0211730 13.3840569 -0.0012483 -0.1050428 0.0348968 0.9938544 0.2691177 -0.0470444 0.4598614 0.0015428 0.0033559 0.0024207 0.1098793 -0.0088840 0.1405724 
1502298110.158275 0.3908911 -0.0293930 13.4383074 -0.0048181 -0.1161916 0.0286439 0.9928020 0.2187820 0.0196350 0.3585007 0.0025447 0.0028128 0.0019126 0.1045488 -0.0115963 0.1280953 
1502298110.224958 0.4042309 -0.0254219 13.4597658 -0.0046151 -0.1202381 0.0242276 0.9924387 0.2073809 0.0673658 0.2900257 0.0026531 0.0027102 0.0018325 0.1038210 -0.0114807 0.1265455 
1502298110.291695 0.4154362 -0.0241811 13.4776317 -0.0026146 -0.1221818 0.0173813 0.9923521 0.1283348 -0.0050328 0.2403428 0.0027451 0.0026106 0.0017826 0.1032143 -0.0114061 0.1248717 
1502298110.658167 0.4603270 -0.0142095 13.5791830 -0.0012328 -0.0876093 0.0131266 0.9960677 0.0417572 0.0072958 0.3452178 0.0034183 0.0018361 0.0022765 0.1059586 -0.0162533 0.1129174 
1502298110.858172 0.4664874 -0.0260694 13.6453642 -0.0072125 -0.0721898 -0.0059778 0.9973469 0.0034510 -0.1112868 0.3310836 0.0035423 0.0017996 0.0024070 0.1075310 -0.0168092 0.1098220 
1502298110.924798 0.4682480 -0.0303525 13.6654663 -0.0099613 -0.0559265 -0.0009142 0.9983848 0.0465515 -0.0124881 0.2950464 0.0035469 0.0018238 0.0024302 0.1081028 -0.0170532 0.1086241 
1502298111.358181 0.4969032 -0.0245524 13.7627065 -0.0107696 -0.0032950 -0.0212260 0.9997113 0.0906815 0.0255907 0.2398036 0.0033784 0.0023617 0.0021950 0.1076915 -0.0198408 0.1055289 
1502298111.458054 0.5057081 -0.0239519 13.7892786 -0.0102187 0.0185363 -0.0074307 0.9997484 0.0973770 -0.0044219 0.2964965 0.0033173 0.0024475 0.0020774 0.1065194 -0.0199746 0.1049040 
1502298111.524841 0.5124862 -0.0240195 13.8099692 -0.0112485 0.0298575 -0.0010825 0.9994903 0.1023626 -0.0037302 0.3229249 0.0032728 0.0024845 0.0019671 0.1053553 -0.0206759 0.1045422 
1502298111.657982 0.5263924 -0.0270893 13.8559318 -0.0141891 0.0353435 -0.0041086 0.9992660 0.0681681 -0.0508800 0.3370725 0.0030925 0.0023351 0.0015068 0.1006274 -0.0240983 0.1033631 
1502298111.791382 0.5357029 -0.0287372 13.9008380 -0.0154976 0.0409379 -0.0048081 0.9990299 0.0701326 0.0174117 0.3271095 0.0028732 0.0019408 0.0008301 0.0938327 -0.0278272 0.1009648 
1502298112.124665 0.5435893 -0.0255616 14.0087090 -0.0163962 0.0404342 -0.0277943 0.9986610 -0.0202528 0.0114590 0.3730383 0.0024057 -0.0006802 -0.0016019 0.0762907 -0.0291920 0.0880651 
1502298112.191547 0.5418836 -0.0236299 14.0347652 -0.0166854 0.0480933 -0.0270200 0.9983379 -0.0228048 0.0361593 0.4161071 0.0024236 -0.0007931 -0.0017708 0.0755056 -0.0280821 0.0875771 
1502298112.258130 0.5397986 -0.0223670 14.0636731 -0.0164321 0.0537197 -0.0289645 0.9980006 -0.0372164 0.0188267 0.4642075 0.0023991 -0.0008431 -0.0018941 0.0750977 -0.0268586 0.0872303 
1502298112.591413 0.5219242 -0.0355893 14.2086912 -0.0267774 0.0832802 -0.0280305 0.9957719 -0.0825037 -0.0112413 0.3398774 0.0016415 -0.0004466 -0.0019279 0.0765509 -0.0191031 0.0881255 
1502298112.824717 0.4988338 -0.0368949 14.2888646 -0.0226997 0.0875292 -0.0100498 0.9958526 -0.0935480 0.0450830 0.3936120 0.0000917 -0.0003953 -0.0023061 0.0662324 -0.0050322 0.0899030 
1502298112.891305 0.4922746 -0.0343537 14.3164034 -0.0190965 0.0791754 -0.0073883 0.9966504 -0.0967228 0.0347538 0.4408695 -0.0000023 -0.0004376 -0.0023124 0.0652651 -0.0042210 0.0903014 
1502298112.957879 0.4865586 -0.0323332 14.3468765 -0.0170534 0.0715620 -0.0038571 0.9972829 -0.0866248 0.0228893 0.4740320 -0.0000758 -0.0005185 -0.0023578 0.0640534 -0.0039931 0.0905704 
1502298113.191141 0.4714791 -0.0397853 14.4720761 -0.0164916 0.0189673 0.0036022 0.9996776 -0.0425462 -0.0848622 0.5489461 -0.0004270 -0.0013383 -0.0026620 0.0560104 -0.0043131 0.0933049 
1502298113.324424 0.4676303 -0.0382863 14.5414765 -0.0136231 -0.0170978 0.0003265 0.9997610 -0.0413418 0.0690013 0.4936631 -0.0004716 -0.0017597 -0.0029120 0.0530034 -0.0045709 0.0944561 
1502298113.524385 0.4539617 -0.0328947 14.6312801 -0.0064970 -0.0534204 -0.0070915 0.9985258 -0.0871815 0.0260021 0.4267428 -0.0004607 -0.0021726 -0.0030081 0.0512416 -0.0041154 0.0956210 
1502298113.724603 0.4368185 -0.0257580 14.7218160 -0.0025643 -0.0604373 -0.0053843 0.9981542 -0.0869194 0.0275792 0.5154937 -0.0005737 -0.0019374 -0.0023237 0.0574142 -0.0054972 0.0985466 
1502298113.924339 0.4206675 -0.0260174 14.8307681 -0.0018647 -0.0655945 -0.0103050 0.9977914 -0.0522234 -0.0680800 0.5569079 -0.0008271 -0.0015035 -0.0010702 0.0720828 -0.0070798 0.1031495 
1502298113.991225 0.4165284 -0.0317141 14.8678675 -0.0032807 -0.0777451 -0.0233347 0.9966947 -0.0691833 -0.0826530 0.5489287 -0.0008430 -0.0014176 -0.0009366 0.0734484 -0.0072238 0.1035950 
1502298114.124539 0.4092780 -0.0354479 14.9400497 -0.0053169 -0.0765582 -0.0192763 0.9968646 -0.0447309 -0.0065060 0.5380922 -0.0004302 -0.0006317 0.0000400 0.0830225 -0.0128190 0.1055715 
1502298114.257730 0.4020999 -0.0412035 15.0055437 -0.0076267 -0.0634659 -0.0001088 0.9979549 -0.0545122 -0.0403019 0.4822882 -0.0002696 -0.0002794 0.0003314 0.0858947 -0.0139472 0.1057846 
1502298114.391022 0.3965580 -0.0391695 15.0695718 -0.0064147 -0.0552643 0.0160829 0.9983216 -0.0436959 0.0702758 0.4856844 -0.0001035 0.0000498 0.0005549 0.0876809 -0.0143652 0.1057387 
1502298114.724440 0.4043693 -0.0225171 15.2686480 0.0046629 -0.1065985 0.0146373 0.9941835 0.0448255 -0.0228243 0.6037055 0.0007965 0.0007278 0.0008482 0.0873390 -0.0214963 0.1051814 
1502298114.790926 0.4067893 -0.0286369 15.3087079 0.0063850 -0.1296868 0.0024496 0.9915314 0.0459388 -0.0956370 0.5958550 0.0008973 0.0007176 0.0008647 0.0866239 -0.0222255 0.1055190 
1502298114.824239 0.4085462 -0.0308573 15.3289463 0.0047500 -0.1335752 0.0057983 0.9910103 0.0590473 -0.0458398 0.6100525 0.0009097 0.0006377 0.0008381 0.0859385 -0.0225635 0.1059071 
1502298114.890951 0.4116093 -0.0326639 15.3692820 0.0039548 -0.1425457 0.0099576 0.9897302 0.0295170 -0.0254494 0.5984886 0.0009258 0.0004359 0.0008493 0.0851099 -0.0230378 0.1066698 
1502298114.957642 0.4119511 -0.0340259 15.4071503 0.0051432 -0.1596068 0.0007843 0.9871670 -0.0137840 -0.0321328 0.5472693 0.0009052 0.0002197 0.0008916 0.0849603 -0.0236955 0.1075648 
1502298115.190749 0.4012721 -0.0341545 15.5294943 0.0079771 -0.1806566 0.0074713 0.9834855 -0.0834045 0.0342038 0.5237806 0.0014325 -0.0030042 0.0021757 0.0958034 -0.0296304 0.1250568 
1502298115.624175 0.3598298 -0.0540615 15.7718434 0.0029908 -0.2016145 0.0172731 0.9793081 -0.0881965 -0.0263359 0.5084270 0.0012022 -0.0023797 0.0019099 0.0984888 -0.0280209 0.1284379 
1502298115.757436 0.3433902 -0.0518165 15.8298863 0.0060464 -0.2057909 0.0067860 0.9785538 -0.1427378 -0.0086961 0.4001425 0.0012332 -0.0021359 0.0017976 0.0981534 -0.0271609 0.1285317 
1502298115.824319 0.3354712 -0.0522575 15.8572694 0.0060120 -0.2013165 0.0067395 0.9794846 -0.0855186 0.0054633 0.4221255 0.0012552 -0.0019819 0.0017286 0.0975724 -0.0268451 0.1284083 
1502298115.890723 0.3306796 -0.0506130 15.8863600 0.0071798 -0.1967807 0.0085817 0.9803837 -0.0590367 0.0579032 0.4481683 0.0012736 -0.0018811 0.0016599 0.0967962 -0.0265652 0.1283664 
1502298116.357262 0.3509882 -0.0495704 16.1435897 0.0122978 -0.2214860 -0.0046851 0.9750747 0.0698735 -0.0395060 0.5867436 -0.0023245 -0.0033568 0.0012182 0.0443145 -0.0311053 0.1296594 
1502298116.857257 0.3609322 -0.0450835 16.3740193 0.0077362 -0.1950996 0.0235265 0.9804707 -0.0404985 0.0213303 0.3994954 -0.0012080 -0.0067562 0.0014620 0.0497261 -0.0309501 0.1332973 
1502298117.423899 0.3111643 -0.0639141 16.6299472 0.0026377 -0.1771437 -0.0011562 0.9841808 -0.0957127 -0.0058148 0.3887913 -0.0017904 -0.0075732 0.0000252 0.0729831 -0.0210328 0.1314955 
1502298117.790580 0.2837427 -0.0565314 16.7771648 0.0045220 -0.1473900 -0.0123458 0.9889911 -0.0621083 -0.0171568 0.4613759 -0.0022233 -0.0053482 -0.0013046 0.0638577 -0.0114308 0.1225527 
1502298117.857069 0.2795871 -0.0582352 16.8102689 0.0029796 -0.1419110 -0.0094749 0.9898296 -0.0674148 -0.0234497 0.5316890 -0.0021224 -0.0051685 -0.0013389 0.0628212 -0.0111152 0.1216037 
1502298117.923819 0.2752844 -0.0601749 16.8473345 0.0025420 -0.1440938 -0.0105186 0.9895049 -0.0642214 -0.0618401 0.5654332 -0.0020395 -0.0050506 -0.0013599 0.0614345 -0.0108662 0.1206660 
1502298118.123597 0.2428506 -0.0756407 16.9336160 -0.0010610 -0.1699748 -0.0300972 0.9849881 -0.2180075 0.0295104 0.3187842 -0.0004822 -0.0060721 -0.0012468 0.0197036 -0.0081703 0.1021895 
1502298118.190788 0.2294144 -0.0740175 16.9541244 0.0014616 -0.1851929 -0.0385557 0.9819444 -0.2196671 -0.0155919 0.2736343 -0.0004459 -0.0061497 -0.0011995 0.0184483 -0.0082079 0.1016813 
1502298118.323609 0.2035356 -0.0770354 16.9875710 0.0022090 -0.2014958 -0.0336969 0.9789071 -0.1924115 0.0320208 0.2440056 -0.0004710 -0.0063672 -0.0010629 0.0173302 -0.0094662 0.1014669 
1502298118.690518 0.1118071 -0.0645399 17.0934184 0.0209524 -0.2657349 -0.0503165 0.9625041 -0.3099788 -0.0180951 0.3498029 -0.0004112 -0.0066292 -0.0006422 0.0201080 -0.0123367 0.1023351 
1502298118.790365 0.0805482 -0.0706739 17.1280786 0.0224323 -0.2778203 -0.0569246 0.9586826 -0.3173614 -0.0874802 0.3527010 -0.0004264 -0.0066231 -0.0005405 0.0210172 -0.0131031 0.1025990 
1502298119.623763 -0.1665156 -0.0721893 17.3917585 0.0462487 -0.3736750 -0.0632058 0.9242473 -0.2793244 -0.0399681 0.3919735 0.0002346 -0.0021060 0.0008502 0.0329194 -0.0228193 0.1080145 
1502298119.690233 -0.1857089 -0.0784900 17.4174768 0.0481907 -0.3926959 -0.0656948 0.9160523 -0.2921114 -0.1232194 0.3727495 0.0002504 -0.0022243 0.0007642 0.0309188 -0.0230677 0.1075330 
1502298119.856627 -0.2349904 -0.0888172 17.4744329 0.0474755 -0.4323386 -0.0570023 0.8986546 -0.2935012 0.0198287 0.2789655 0.0006277 -0.0035027 -0.0002440 0.0082651 -0.0308674 0.1017501 
1502298119.956598 -0.2653840 -0.0891431 17.4989269 0.0495985 -0.4542265 -0.0512095 0.8880292 -0.3103761 -0.0560847 0.2339081 0.0006669 -0.0035911 -0.0003365 0.0058678 -0.0314103 0.1012746 
1502298120.223454 -0.3583180 -0.0925139 17.5414035 0.0454900 -0.4928358 -0.0255869 0.8685556 -0.4088756 -0.0193304 0.1178413 0.0011415 -0.0054839 -0.0010390 -0.0132768 -0.0332891 0.0993144 
1502298120.290007 -0.3854809 -0.0930184 17.5481904 0.0476896 -0.5050754 -0.0255592 0.8613775 -0.4194846 -0.0018483 0.1013124 0.0011630 -0.0056122 -0.0010628 -0.0142160 -0.0332676 0.0992216 
1502298120.423425 -0.4440324 -0.0928890 17.5604100 0.0574452 -0.5332002 -0.0352104 0.8433018 -0.4470176 -0.0198238 0.0905297 0.0011082 -0.0058806 -0.0011464 -0.0166590 -0.0318930 0.0993548 
1502298120.690302 -0.5632267 -0.1104521 17.5878333 0.0652870 -0.5737434 -0.0515204 0.8148017 -0.4403476 -0.0288571 0.1033560 0.0009633 -0.0060866 -0.0011212 -0.0162823 -0.0324287 0.0995270 
1502298120.756650 -0.5913664 -0.1114192 17.5947619 0.0643107 -0.5787231 -0.0490863 0.8115012 -0.4075601 -0.0179843 0.0934731 0.0008622 -0.0060285 -0.0011025 -0.0160602 -0.0323632 0.0997051 
1502298120.990088 -0.6858398 -0.1128199 17.6168184 0.0697213 -0.6036577 -0.0464483 0.7928296 -0.4019562 0.0197060 0.1182113 -0.0002459 -0.0032727 -0.0007070 -0.0195760 -0.0393751 0.1040251 
1502298121.056593 -0.7127634 -0.1111927 17.6237126 0.0704009 -0.6099608 -0.0433196 0.7881085 -0.4159077 0.0298503 0.0997657 -0.0002716 -0.0030787 -0.0007659 -0.0208248 -0.0395730 0.1041644 
1502298121.389995 -0.8562034 -0.1201848 17.6710402 0.0707424 -0.6549374 -0.0318174 0.7516916 -0.3794448 -0.0841052 0.0900599 -0.0003761 -0.0023921 -0.0009058 -0.0416501 -0.0381109 0.1030887 
1502298121.589813 -0.9307559 -0.1265473 17.6847273 0.0650094 -0.6818906 -0.0217773 0.7282340 -0.3441441 -0.0143051 0.0088321 -0.0003948 -0.0025017 -0.0008513 -0.0455923 -0.0366576 0.1023152 
1502298121.956459 -1.0499672 -0.1332983 17.6790003 0.0395200 -0.7062356 0.0095319 0.7068088 -0.3435079 0.0007881 -0.0174092 -0.0004629 -0.0038689 0.0003518 -0.0535041 -0.0288941 0.0988233 
1502298122.023174 -1.0733689 -0.1331720 17.6764124 0.0427683 -0.7135017 0.0077602 0.6993039 -0.3511497 0.0033962 -0.0414812 -0.0004870 -0.0039885 0.0004671 -0.0540326 -0.0283696 0.0983635 
1502298122.223276 -1.1546101 -0.1426614 17.6664124 0.0491727 -0.7298937 -0.0041795 0.6817770 -0.4127111 -0.0913290 -0.0870957 -0.0007026 -0.0041168 0.0005692 -0.0551429 -0.0274184 0.0976396 
1502298122.389735 -1.2221162 -0.1538657 17.6535995 0.0492992 -0.7354071 -0.0109796 0.6757407 -0.3763070 -0.0382428 -0.0625637 -0.0008044 -0.0039803 0.0006509 -0.0558777 -0.0269871 0.0967138 
1502298122.856668 -1.3903317 -0.1513412 17.6435058 0.0436912 -0.7378104 0.0037218 0.6735823 -0.4186084 0.0259266 0.0357965 -0.0002600 -0.0038448 0.0006642 -0.0573189 -0.0255703 0.0928491 
1502298123.056394 -1.4835604 -0.1523480 17.6607193 0.0462708 -0.7438738 0.0065571 0.6666841 -0.4863941 -0.0610586 0.1443931 -0.0001622 -0.0039345 0.0009077 -0.0572563 -0.0223937 0.0894172 
1502298123.256236 -1.5726119 -0.1648157 17.6879880 0.0489905 -0.7487638 -0.0005900 0.6610237 -0.4129401 -0.0008530 0.1174148 0.0000628 -0.0042005 0.0010093 -0.0569341 -0.0201352 0.0853640 
1502298123.489642 -1.6603744 -0.1685358 17.7116064 0.0491147 -0.7446589 -0.0010850 0.6656348 -0.3678914 0.0038004 0.0917228 0.0010748 -0.0048327 0.0011904 -0.0519684 -0.0167055 0.0755040 
1502298123.989608 -1.8691097 -0.1879573 17.7340763 0.0710567 -0.7400704 -0.0271949 0.6682120 -0.4166302 -0.0386153 0.0214965 0.0007325 0.0000893 0.0001936 -0.0188960 -0.0158412 0.0408271 
1502298124.056288 -1.8963120 -0.1897444 17.7351910 0.0708944 -0.7333218 -0.0276735 0.6756088 -0.3969706 -0.0211594 0.0105773 0.0007128 0.0001982 0.0000856 -0.0186086 -0.0159170 0.0399644 
1502298124.422738 -2.0309509 -0.2014493 17.7506326 0.0662967 -0.7033950 -0.0240486 0.7072919 -0.4147327 -0.0304366 0.0962006 0.0006132 0.0007134 -0.0003758 -0.0200963 -0.0179746 0.0372642 
1502298124.622812 -2.1229424 -0.2063006 17.7731879 0.0476067 -0.6909099 -0.0021718 0.7213684 -0.5172576 -0.0470296 0.1571755 0.0005695 0.0007122 -0.0005854 -0.0211654 -0.0192301 0.0363641 
1502298125.422604 -2.4551598 -0.2297019 17.8383258 0.0641195 -0.7059640 -0.0136967 0.7052063 -0.4622887 -0.0735812 -0.0265708 0.0004429 -0.0013691 -0.0000516 -0.0181827 -0.0220565 0.0385276 
1502298125.622642 -2.5501245 -0.2444280 17.8398207 0.0736916 -0.7092401 -0.0310828 0.7004155 -0.4612980 -0.0681474 0.0200541 0.0003649 -0.0012705 -0.0003492 -0.0204895 -0.0240756 0.0396451 
1502298125.689480 -2.5791137 -0.2472098 17.8395884 0.0666324 -0.7012970 -0.0243734 0.7093297 -0.3931071 -0.0212232 -0.0038109 0.0003066 -0.0011759 -0.0004368 -0.0211217 -0.0241135 0.0399737 
1502298126.189256 -2.7838396 -0.2642783 17.8435778 0.0768045 -0.6859553 -0.0411773 0.7224063 -0.5553834 -0.0484504 0.1227694 -0.0016151 0.0039046 -0.0003735 -0.0581039 -0.0380433 0.0577609 
1502298126.256083 -2.8198151 -0.2679239 17.8515392 0.0755856 -0.6884723 -0.0415302 0.7201166 -0.5145448 -0.0892190 0.0702871 -0.0016398 0.0039596 -0.0003472 -0.0587599 -0.0382802 0.0579164 
1502298127.189020 -3.2213013 -0.2938225 17.8150832 0.0755908 -0.7540597 -0.0222139 0.6520633 -0.4730236 -0.0933523 -0.2118304 -0.0015257 0.0035979 0.0005826 -0.0562459 -0.0428253 0.0579262 
1502298127.689008 -3.4207211 -0.3014348 17.7498729 0.0759248 -0.7810106 -0.0101945 0.6198015 -0.4378516 0.0101546 -0.0664429 0.0001728 0.0053337 0.0019599 -0.0521737 -0.0508317 0.0573914 
1502298127.855679 -3.4998603 -0.3067658 17.7469825 0.0594939 -0.7873468 0.0075810 0.6135862 -0.4973154 -0.0801790 0.0335127 0.0003072 0.0054092 0.0021288 -0.0521740 -0.0520106 0.0574782 
1502298127.922136 -3.5318041 -0.3125636 17.7499059 0.0530616 -0.7916048 0.0110197 0.6086254 -0.4551623 -0.0987200 0.0458783 0.0003558 0.0052783 0.0021348 -0.0523085 -0.0517391 0.0575422 
1502298128.055731 -3.5888855 -0.3255721 17.7567231 0.0530174 -0.8059969 0.0070600 0.5894984 -0.4268939 -0.0574798 0.0765891 0.0006742 0.0036605 0.0024273 -0.0487127 -0.0498910 0.0572125 
1502298128.155418 -3.6296380 -0.3285807 17.7643420 0.0528660 -0.8127239 0.0083301 0.5801858 -0.3916464 -0.0245242 0.0744275 0.0007215 0.0033217 0.0025004 -0.0476287 -0.0493913 0.0566825 
1502298128.588907 -3.8049511 -0.3394839 17.7811593 0.0295875 -0.8139151 0.0283256 0.5795381 -0.4551426 -0.0304875 0.0310656 0.0001972 -0.0045243 0.0013377 0.0178495 -0.0233253 0.0358835 
1502298128.855773 -3.9265097 -0.3616132 17.7821290 0.0368134 -0.8061155 0.0139009 0.5904484 -0.4258285 -0.0708235 0.0268689 -0.0002907 -0.0046135 0.0010435 0.0194100 -0.0235814 0.0370267 
1502298129.055319 -4.0062967 -0.3698744 17.7868111 0.0465873 -0.7938696 0.0044577 0.6062844 -0.3840200 -0.0339974 0.0616936 -0.0005009 -0.0046177 0.0008462 0.0187955 -0.0239717 0.0374620 
1502298129.655325 -4.2717067 -0.3862586 17.8673347 0.0471573 -0.7628547 0.0032775 0.6448396 -0.4133645 -0.0725508 0.1543075 0.0000516 -0.0092282 -0.0001331 -0.0110411 -0.0348539 0.0321735 
1502298130.321997 -4.5405650 -0.4089175 17.8989882 0.0511261 -0.6989734 -0.0051306 0.7132993 -0.4622934 -0.1287555 -0.0725652 0.0005066 -0.0088434 -0.0004722 -0.0120343 -0.0350865 0.0275400 
1502298130.388753 -4.5707191 -0.4177290 17.8941506 0.0423142 -0.6827428 -0.0006316 0.7294322 -0.4340929 -0.1159693 -0.0789820 0.0005469 -0.0087487 -0.0005479 -0.0128929 -0.0350118 0.0265173 
1502298130.588427 -4.6483796 -0.4294870 17.8827623 0.0363448 -0.6518047 -0.0013326 0.7575143 -0.3455031 -0.0704961 -0.0210570 0.0008836 -0.0030172 -0.0021517 -0.0460037 -0.0257409 -0.0054379 
1502298130.688767 -4.6828278 -0.4323712 17.8820956 0.0319337 -0.6401697 0.0000722 0.7675695 -0.3480298 -0.0362568 -0.0097964 0.0009269 -0.0027626 -0.0022140 -0.0473544 -0.0252874 -0.0066034 
1502298131.021818 -4.8132832 -0.4491061 17.8850876 0.0216759 -0.6247956 0.0013868 0.7804862 -0.3765679 -0.0903134 0.0594347 -0.0007325 -0.0003939 -0.0016305 -0.0753449 -0.0100973 -0.0193687 
1502298131.155047 -4.8623725 -0.4647714 17.8939906 0.0216227 -0.6331416 -0.0067751 0.7737042 -0.3458549 -0.0502995 0.0913746 -0.0008805 -0.0003567 -0.0015250 -0.0765307 -0.0103033 -0.0186800 
1502298131.555186 -5.0008496 -0.4629838 17.8967218 0.0448671 -0.6630794 -0.0215742 0.7468917 -0.3911968 -0.0048886 -0.0669120 -0.0023794 0.0009924 0.0002254 -0.0670380 -0.0169030 -0.0074094 
1502298131.721822 -5.0681964 -0.4644350 17.8810453 0.0475632 -0.6695501 -0.0193941 0.7409887 -0.3929670 -0.0270448 -0.0938765 -0.0025824 0.0011910 0.0003548 -0.0657918 -0.0182377 -0.0058486 
1502298132.121347 -5.1966022 -0.4689431 17.8319076 0.0618348 -0.7005130 -0.0271166 0.7104384 -0.3058046 -0.0099502 -0.0928817 -0.0021648 0.0028764 0.0009405 -0.0592670 -0.0295478 -0.0016718 
1502298132.454984 -5.3114940 -0.4730970 17.8102191 0.0542437 -0.7327169 -0.0081647 0.6783192 -0.3899128 -0.0028179 -0.0325411 -0.0015889 0.0034268 0.0010811 -0.0602384 -0.0318109 -0.0015998 
1502298132.521514 -5.3378793 -0.4732530 17.8096680 0.0563391 -0.7454598 -0.0072747 0.6641255 -0.4047152 0.0019005 0.0173089 -0.0014677 0.0034788 0.0010837 -0.0611473 -0.0329776 -0.0016968 
1502298132.588112 -5.3632898 -0.4748551 17.8103203 0.0595781 -0.7602731 -0.0098992 0.6467899 -0.3626043 -0.0588434 -0.0109154 -0.0013366 0.0034764 0.0010545 -0.0625735 -0.0343884 -0.0017695 
1502298132.754850 -5.4213061 -0.4844805 17.8066941 0.0718034 -0.7995115 -0.0193418 0.5960298 -0.3326630 -0.0206272 -0.0216682 -0.0003148 0.0026111 0.0005208 -0.0839401 -0.0381364 -0.0015114 
1502298132.821508 -5.4424508 -0.4849039 17.8045942 0.0761210 -0.8131403 -0.0203837 0.5767087 -0.3004576 0.0039124 -0.0548164 -0.0001030 0.0022835 0.0004173 -0.0888788 -0.0404461 -0.0018913 
1502298132.888213 -5.4616243 -0.4865731 17.8001040 0.0812969 -0.8262081 -0.0225219 0.5570132 -0.2856091 -0.0536634 -0.0901319 -0.0000024 0.0021383 0.0003701 -0.0911024 -0.0413204 -0.0021158 
1502298133.188140 -5.5371338 -0.4893917 17.7543236 0.0782603 -0.8601431 -0.0103691 0.5039063 -0.2655766 -0.0056719 -0.2075974 0.0020137 -0.0028253 -0.0005169 -0.1287065 -0.0557893 -0.0073312 
1502298133.254758 -5.5549425 -0.4905690 17.7394454 -0.0763801 0.8647154 0.0076043 -0.4963623 -0.2783959 -0.0250129 -0.2382207 0.0020631 -0.0030023 -0.0005554 -0.1302173 -0.0562177 -0.0076038 
1502298133.388236 -5.5923027 -0.4957435 17.7055816 -0.0699947 0.8745131 0.0055109 -0.4798929 -0.2696574 -0.0798536 -0.2785056 0.0021423 -0.0033811 -0.0006336 -0.1331037 -0.0565062 -0.0080900 
1502298133.454845 -5.6086713 -0.5020946 17.6870258 -0.0690604 0.8801145 0.0081519 -0.4696409 -0.2396675 -0.1070586 -0.2877144 0.0021853 -0.0035922 -0.0006840 -0.1346775 -0.0564486 -0.0084185 
1502298133.521448 -5.6238854 -0.5077703 17.6675449 -0.0689244 0.8860440 0.0114391 -0.4583063 -0.2164962 -0.0553461 -0.3041515 0.0022064 -0.0038218 -0.0007354 -0.1362082 -0.0561334 -0.0087001 
1502298133.588103 -5.6384287 -0.5098439 17.6465507 -0.0738878 0.8928414 0.0152953 -0.4440056 -0.1998519 -0.0103948 -0.3233070 0.0022213 -0.0040511 -0.0007874 -0.1378032 -0.0557834 -0.0089569 
1502298133.654722 -5.6523814 -0.5104433 17.6248121 -0.0773901 0.8983870 0.0170533 -0.4319962 -0.2110930 -0.0132008 -0.3224215 0.0022077 -0.0042859 -0.0008336 -0.1392442 -0.0554946 -0.0091358 
1502298133.721375 -5.6645148 -0.5110739 17.6026125 -0.0779556 0.9028319 0.0184119 -0.4224671 -0.1623746 -0.0170197 -0.3448535 0.0021941 -0.0045192 -0.0008739 -0.1405526 -0.0552126 -0.0093049 
1502298133.787990 -5.6752149 -0.5126950 17.5796689 -0.0786038 0.9069216 0.0187539 -0.4134767 -0.1550408 -0.0048716 -0.3483638 0.0021361 -0.0047093 -0.0008845 -0.1413643 -0.0550294 -0.0094229 
1502298133.855027 -5.6865123 -0.5129141 17.5569911 -0.0776150 0.9105806 0.0185248 -0.4055560 -0.1595741 0.0160369 -0.3553709 0.0020729 -0.0048838 -0.0008950 -0.1421424 -0.0548604 -0.0094717 
1502298133.921308 -5.6983954 -0.5125968 17.5337461 -0.0803546 0.9153506 0.0189693 -0.3941022 -0.1786146 0.0101144 -0.3581140 0.0020019 -0.0050342 -0.0009000 -0.1430671 -0.0542403 -0.0094092 
1502298133.987890 -5.7114198 -0.5119363 17.5101104 -0.0823066 0.9201034 0.0188062 -0.3824679 -0.2022535 0.0178837 -0.3555402 0.0018830 -0.0051523 -0.0009110 -0.1445158 -0.0527882 -0.0094881 
1502298134.054776 -5.7254253 -0.5116184 17.4853427 -0.0848103 0.9251715 0.0187239 -0.3694785 -0.2094287 -0.0058330 -0.3840594 0.0017510 -0.0052703 -0.0009155 -0.1457386 -0.0513874 -0.0094234 
1502298134.154856 -5.7488279 -0.5129813 17.4463786 -0.0839870 0.9320577 0.0171142 -0.3520251 -0.2556090 -0.0314557 -0.3972312 0.0015581 -0.0054867 -0.0009126 -0.1487811 -0.0486100 -0.0093620 
1502298134.854871 -5.8776447 -0.5184198 17.1738588 -0.0962638 0.9759244 0.0133031 -0.1952638 -0.1068915 0.0567673 -0.4484279 0.0002185 -0.0070594 -0.0005843 -0.1585343 -0.0429257 -0.0064360 
1502298134.921504 -5.8836397 -0.5138785 17.1418585 -0.1037927 0.9776560 0.0128687 -0.1823465 -0.0983750 0.0598599 -0.4963794 0.0001601 -0.0069379 -0.0005078 -0.1578420 -0.0428865 -0.0059233 
1502298134.987820 -5.8900229 -0.5126879 17.1067199 -0.1037291 0.9786428 0.0111012 -0.1771306 -0.0899083 -0.0095375 -0.5591541 0.0001535 -0.0067524 -0.0004163 -0.1564327 -0.0441843 -0.0053479 
1502298135.154630 -5.9033744 -0.5130096 17.0101572 -0.0950054 0.9804885 0.0090126 -0.1718575 -0.0557074 0.0198099 -0.5715433 0.0001633 -0.0064386 -0.0002079 -0.1529741 -0.0470000 -0.0042311 
1502298135.387867 -5.9042888 -0.5224371 16.8780106 -0.0998256 0.9829622 0.0137056 -0.1537279 -0.0472039 0.0146129 -0.5444810 0.0002461 -0.0059043 -0.0000743 -0.1501767 -0.0500200 -0.0033639 
1502298135.454544 -5.9059923 -0.5199456 16.8437872 -0.0952557 0.9840662 0.0114569 -0.1496959 -0.0155137 0.0383465 -0.4894054 0.0002965 -0.0057495 -0.0000467 -0.1494823 -0.0506836 -0.0031751 
1502298135.554433 -5.9052050 -0.5195643 16.7949815 -0.0970607 0.9860525 0.0109278 -0.1347598 0.0125601 -0.0091247 -0.4870364 0.0003733 -0.0055484 -0.0000243 -0.1486795 -0.0514242 -0.0029765 
1502298135.687662 -5.9070912 -0.5166059 16.7280130 -0.0989608 0.9892540 0.0092670 -0.1072263 -0.0122165 0.0250487 -0.5435373 0.0000860 -0.0041879 -0.0000218 -0.1489178 -0.0528288 0.0188342 
1502298135.821150 -5.9079794 -0.5181018 16.6501476 -0.0958730 0.9921379 0.0081261 -0.0800301 -0.0026499 -0.0192181 -0.6518268 -0.0002010 -0.0001918 -0.0001388 -0.1272822 -0.0430023 0.1306981 
1502298135.887739 -5.9086120 -0.5195080 16.6054862 -0.0957086 0.9932458 0.0077920 -0.0651304 -0.0069853 -0.0107826 -0.6879661 -0.0002125 -0.0000745 -0.0001408 -0.1264490 -0.0426530 0.1328427 
1502298135.954607 -5.9106249 -0.5210360 16.5582233 -0.0836837 0.9947986 0.0061472 -0.0577496 -0.0515613 -0.0111467 -0.7035126 -0.0002276 0.0000576 -0.0001438 -0.1255361 -0.0422585 0.1349490 
1502298136.020973 -5.9165005 -0.5216158 16.5110066 -0.0701430 0.9963382 0.0053466 -0.0485954 -0.1110544 -0.0415980 -0.7054396 -0.0002325 0.0001915 -0.0001513 -0.1245977 -0.0418412 0.1370186 
1502298136.087660 -5.9197735 -0.5242033 16.4640379 -0.0818355 0.9964501 0.0056957 -0.0189142 -0.0195833 -0.0361612 -0.6951379 -0.0002270 0.0003235 -0.0001644 -0.1236408 -0.0414323 0.1390779 
1502298136.154330 -5.9228794 -0.5233598 16.4182414 -0.0841315 0.9964341 0.0060398 0.0021265 -0.0648655 0.0224349 -0.6824445 -0.0002141 0.0004508 -0.0001813 -0.1226577 -0.0410265 0.1410873 
1502298136.221066 -5.9252966 -0.5213686 16.3735558 -0.0816969 0.9964890 0.0031788 0.0180339 -0.0338359 0.0381644 -0.6580377 -0.0001890 0.0005820 -0.0002019 -0.1216873 -0.0406089 0.1431120 
1502298136.287519 -5.9266147 -0.5195320 16.3310801 -0.0812092 0.9961903 0.0024469 0.0316862 0.0157969 0.0011487 -0.6150229 -0.0001521 0.0007245 -0.0002290 -0.1207242 -0.0401696 0.1451284 