0.312839
7.8234
4.5715
4.17196
2.68982
1.51189
1.57093
2.49796
2.11348
1.60306
1.60108
1.60854
1.6797
1.72031
1.87988
2.47487
3.43658
5.44306
2.75038
1.81536
1.71829
1.7198
1.86431
1.97717
1.77646
1.77124
1.00651
1.67911
1.66439
1.6838
1.99525
1.70747
1.6707
10.321
3.00005
1.91365
2.3635
1.23459
1.75212
1.73167
1.73753
4.50649
2.93082
1.88492
1.77781
1.76184
1.988
1.82981
0.814835
3.06156
2.10074
2.12134
3.30808
1.00568
2.48497
3.06492
3.51727
3.97013
3.64499
1.69114
3.15227
3.9396
3.03816
8.78209
8.96942
3.91829
4.24281
3.35852
3.02698
3.49214
3.17498
3.16847
1.96347
1.89985
3.3578
15.4346
3.91908
3.35798
4.04548
3.36545
3.42151
4.30564
2.59862
3.66642
4.00195
4.23809
4.0099
5.10086
3.41688
3.29939
3.35418
4.20355
4.24545
4.61562
4.91095
3.17792
3.56258
3.20278
3.44573
3.92193
3.60233
3.26034
3.15899
3.57231
4.33417
3.54543
8.82008
8.77356
3.57139
3.11553
5.76881
3.7643
2.95921
3.22552
3.1218
3.04303
3.15304
4.11475
2.92152
3.38443
3.0705
2.90637
2.98243
16.1628
3.21774
3.18749
3.04865
3.03346
3.5024
3.35533
6.76243
3.65824
3.43709
7.38813
6.70747
3.39577
3.99733
4.46738
3.43423
3.31612
3.37785
4.64818
3.58007
3.46968
15.5392
6.66417
3.36437
7.37162
5.01293
3.01283
3.43661
4.27204
3.42131
3.33141
3.43944
3.46338
4.05398
10.0222
4.61095
2.96241
3.63366
3.26192
3.06691
3.07192
3.16559
2.88069
3.07303
2.93884
3.03012
3.1203
3.9481
3.45702
3.01974
3.14993
3.13578
3.20234
3.78232
8.06892
2.96118
3.18108
2.39414
3.04661
3.1354
3.20904
13.9117
3.70245
3.5893
3.07468
3.21878
3.30696
3.28106
4.13649
3.16828
2.99648
2.9521
3.00988
3.23044
8.21724
6.8935
4.36393
3.03149
3.11078
3.12333
3.63296
3.57806
2.93122
6.5003
3.18239
2.90762
2.65141
3.48212
2.91623
2.96832
14.1414
8.8309
4.77661
2.87069
3.03389
4.76321
2.90816
2.22306
3.06087
2.94504
3.50926
3.5296
4.23492
3.05413
3.0292
3.45225
2.53699
3.19513
3.01232
3.15917
3.17736
3.34834
9.16951
3.6712
2.40146
3.05837
3.02157
3.23824
3.13586
3.53167
3.40545
2.5572
12.5632
6.993
3.16327
3.26287
7.56236
2.71304
3.19972
3.28172
3.10879
3.75961
7.82659
3.18252
3.26588
3.31953
2.43887
3.03875
2.58755
3.63225
3.19978
3.04213
2.94974
3.05014
2.91608
3.31272
4.57518
3.41546
3.55228
2.87539
2.84262
2.98266
3.26958
2.58378
2.38642
3.37277
3.49049
3.49574
3.62786
7.31754
3.0583
2.44225
2.86513
2.43366
3.06387
3.11466
12.7402
4.32725
2.3699
3.35958
3.21878
3.40494
3.18026
3.17133
3.84644
2.49941
3.77641
2.69615
2.90247
5.44775
7.89517
5.07035
2.56171
3.46859
3.06888
3.30745
3.11892
3.80405
4.18766
3.36662
3.25861
3.26694
3.27408
2.51415
9.45686
3.75274
3.25816
3.66298
4.41974
4.73632
2.48663
9.58555
5.76345
3.75065
3.14335
2.82035
2.44205
3.15273
11.4432
5.16209
3.43653
2.81725
3.0662
3.44084
3.37677
2.97225
3.1792
2.45901
2.33726
3.09998
3.34419
6.60029
9.10332
3.45205
2.48071
3.05066
3.02001
4.91011
3.14975
2.43305
2.48175
3.18883
2.9167
3.3679
3.61858
3.01941
2.3813
15.4451
6.63739
2.93771
3.06619
3.01199
3.0733
2.84034
13.2334
2.66127
2.47007
2.44877
3.15404
3.19377
2.94515
3.75916
3.09249
2.92493
2.57588
13.4301
6.10555
3.19862
5.10556
3.37486
2.40263
3.07628
3.22861
2.83821
3.10638
3.28873
2.96792
2.93881
2.71739
3.00225
3.43778
4.63435
4.44435
3.46767
2.81921
3.08526
3.80186
3.06331
8.75172
7.93727
3.56641
3.02447
2.96928
3.89909
2.40244
3.01014
7.1688
6.45853
3.83336
3.12025
14.5294
3.85304
2.40599
2.94969
2.40095
3.09959
2.95142
3.22727
2.91645
3.29562
2.45136
15.3835
5.37801
3.98405
2.99119
3.02611
2.5696
3.00871
11.4605
5.78133
3.91557
2.93565
3.92465
3.0626
4.1769
3.55811
3.34592
2.4405
3.72056
4.18228
3.39825
2.39853
2.91511
3.95253
3.16431
2.9704
2.87471
3.47883
2.4995
2.92958
3.31548
18.0606
10.6285
3.58779
2.83912
3.31184
3.38047
1.7571
2.85512
14.3007
7.63621
3.30005
3.70785
2.67207
6.36545
3.33402
3.51199
3.14843
3.11286
3.08924
3.02843
2.4828
2.56159
3.56858
2.95908
3.10328
3.25165
3.11288
3.52136
2.38704
3.21683
3.50906
11.2154
4.82375
3.74541
3.08732
6.11281
3.47373
3.13537
3.08544
2.90452
2.80671
3.37472
9.24807
4.1107
2.43161
2.34863
3.29454
4.21168
3.00126
3.1132
3.387
3.19295
2.54783
16.4501
4.98307
3.20191
3.21
2.40244
3.34022
2.87274
3.64241
3.17283
3.08834
2.48548
2.35986
3.62523
3.66046
3.41524
3.02435
4.26356
3.89973
2.29362
2.81166
3.23958
3.16383
3.5151
3.1021
3.00925
2.55394
4.55709
3.17717
2.86289
16.3346
4.67184
3.6143
2.97905
3.34392
4.04189
4.02395
12.3792
5.09119
3.2824
8.41155
4.37223
3.42861
2.77842
2.79692
2.1771
2.76168
3.03929
12.8831
4.61889
2.41454
2.11018
2.85236
2.78167
3.30442
3.05044
2.68531
2.1883
4.22647
3.67407
3.89533
14.2942
5.65668
2.81928
2.32448
3.539
3.76746
3.07451
11.6878
4.21674
2.76347
2.38649
3.05235
3.18606
2.71548
2.68725
3.45011
2.87808
5.79731
4.63107
3.18479
3.0039
12.3268
10.3958
4.05574
2.82236
2.82812
2.89785
3.76681
8.23431
2.95687
2.63112
2.76182
2.73172
3.37376
3.04639
9.04994
4.20618
2.61936
3.03435
3.39382
2.51418
8.66164
3.97633
3.24364
3.6147
3.42391
2.58193
2.7922
4.64657
4.13767
2.96327
3.94512
3.38491
3.24377
2.94337
14.8013
4.49437
3.56184
2.84589
2.73929
2.81452
2.75527
7.20904
3.73213
3.44736
9.78248
5.44488
2.66225
3.20066
2.8395
3.11814
4.52167
2.92593
2.67292
2.58677
2.4645
2.96936
3.08904
2.87364
5.06316
2.78859
2.86558
2.87938
2.95563
2.79316
5.90967
5.85759
3.98503
4.30517
2.81686
4.28011
2.93176
3.53745
4.37962
3.1938
3.19574
2.91711
3.02379
2.88308
17.8508
9.7969
4.25737
3.35005
3.10931
3.35934
2.86763
3.87761
3.24968
2.49808
3.00557
3.53506
3.93403
3.04133
3.23792
2.84421
3.49447
3.86398
13.176
6.81635
4.1408
2.50157
2.67874
3.52091
4.14712
2.8381
3.88604
2.98795
3.25036
2.45307
3.39126
2.52949
3.0347
3.01025
3.3059
2.92651
3.09118
2.57757
3.32919
3.3074
5.30408
7.03077
5.44818
3.42117
3.1898
3.97024
3.15881
2.99306
3.10034
2.51029
3.31654
3.09282
2.92334
2.91335
3.50911
3.1774
3.47934
2.65809
4.32792
3.42453
3.55934
3.6245
4.11749
3.73415
2.51304
3.41291
4.13233
3.04704
3.24266
3.23397
2.55555
3.04277
3.20659
3.13187
3.23584
3.84589
3.93482
3.14817
3.27728
2.41451
2.54495
2.8455
13.0887
6.07135
4.4465
3.27673
3.64905
2.54907
3.43875
6.81564
4.19485
3.68556
3.14705
2.42378
3.55308
3.3737
3.25535
6.57874
3.76723
2.62212
2.87913
3.15593
3.51196
3.44303
4.39685
4.08544
3.11449
7.81311
3.54258
2.77045
3.29901
2.70609
4.57951
3.8733
3.88695
3.96725
3.21885
3.5438
3.10258
3.3568
2.49672
3.95522
2.84783
4.71224
4.71665
3.69821
2.81199
4.43246
4.37987
9.12435
7.67241
3.7045
2.47619
3.22108
4.30678
4.40235
3.23828
3.30977
2.73505
3.08499
3.4178
3.21313
4.08312
3.67762
3.12429
2.43135
3.25047
15.9972
4.49855
3.80066
2.46022
3.91873
4.22396
3.20414
14.4073
6.09484
3.37624
2.42858
3.49754
3.23692
3.30726
4.15311
4.30857
2.9727
13.4811
4.45592
4.84805
2.43214
5.66207
4.86911
4.09109
2.98083
3.80826
3.33481
3.68945
3.53027
8.33451
3.38613
8.72806
5.24729
5.82194
4.10301
3.3984
2.79731
3.04912
3.50848
3.54143
4.47816
3.81211
5.04322
3.4479
4.2302
3.40989
3.32716
11.2111
5.11985
5.21368
2.3975
3.15008
4.37798
3.68628
3.16221
3.44348
3.65934
2.84759
8.00428
5.19448
3.1536
10.1375
8.43315
3.80541
2.99327
3.42224
4.60619
4.02649
12.8684
6.552
3.87458
2.77957
7.09785
3.70185
2.6427
5.22789
3.98462
3.75518
8.50345
5.81649
4.35446
3.31619
3.27385
3.46883
6.66818
3.35934
3.08253
17.0479
7.69075
4.18496
3.58061
3.80165
3.9812
3.78012
3.04697
3.7228
8.5779
5.85865
4.65852
2.66479
3.12184
4.75857
4.38743
3.29469
3.26045
6.42796
3.05662
8.06114
4.15482
3.4111
3.34924
3.1522
2.7008
3.22746
3.33192
3.67268
3.18524
3.0993
2.68963
2.35373
3.53279
3.03569
3.65034
3.02292
3.10334
3.20363
2.49423
4.02923
3.43167
3.15916
3.18272
3.27472
2.77124
7.47051
3.67887
3.91314
3.48793
3.28397
3.23336
2.57965
3.96162
4.36156
3.62716
3.51745
3.19363
2.6054
3.03734
3.60685
3.31674
3.53175
4.31867
2.55296
4.69339
4.01141
3.91431
13.0591
5.28243
2.80266
2.47279
3.56952
3.74645
3.26769
3.09884
3.54701
2.59907
2.58949
3.63313
4.29037
3.76939
3.80805
3.89637
2.58703
8.00092
2.56166
3.8987
3.13625
3.35793
3.21266
3.16147
2.56316
4.03128
3.19913
3.07993
3.18539
3.22479
3.04975
2.65735
11.7872
3.93603
3.11344
2.46141
2.51207
3.10395
3.17361
3.0571
3.19203
2.99066
2.56656
11.0745
4.48548
4.2066
16.2557
5.57592
2.76678
3.00409
3.73756
3.27248
2.96599
8.92782
4.52896
2.95516
2.53267
3.61791
3.06184
3.64281
3.42716
3.38465
2.6271
2.56761
11.829
13.1348
4.32425
2.65717
3.08891
3.9918
3.79378
3.55903
10.5764
3.39111
3.21376
3.86004
3.89943
3.39836
3.25996
3.52097
3.48162
3.14653
17.9177
11.5816
3.31141
2.94432
3.17953
3.31897
3.90704
3.15133
3.28395
3.29771
4.09126
3.21601
2.66037
2.60856
3.25576
3.26426
4.23929
13.6853
6.57481
2.62229
3.24016
4.44188
3.44651
3.1953
5.85248
3.26423
2.80606
3.28063
3.39175
4.22281
7.89223
4.99324
3.0207
2.75975
3.6153
12.1665
4.76441
4.10094
2.84604
3.23947
4.6997
8.586
9.09028
2.90911
3.70452
3.5662
7.03286
3.75701
4.05289
7.85231
4.45479
4.18884
4.18991
13.5184
8.89242
3.25886
2.82353
9.93019
3.88493
3.36405
2.75915
3.23894
4.57684
3.40249
3.91068
4.3441
3.97404
3.34499
16.0004
5.84088
3.7947
3.06865
7.64023
3.55348
4.27744
3.58288
4.41005
3.71138
3.18655
3.84099
4.03759
3.72957
3.67135
3.69817
2.88741
6.88909
6.63059
3.56428
3.81942
5.07132
3.99996
3.12326
19.8106
7.12193
3.55877
18.7633
4.57182
3.05626
3.68096
3.7848
9.76405
4.31811
3.63233
3.26131
3.05011
3.32683
4.31178
3.42047
3.4011
4.29144
14.4932
4.70469
4.66049
3.88113
6.85143
4.09951
5.06482
3.74738
3.06085
3.89469
3.99143
9.56074
4.15134
4.02817
3.09015
8.85897
4.68398
3.44058
4.10322
3.15325
2.65958
3.61868
3.58891
3.62932
3.29934
19.2867
9.96685
4.68156
2.96778
2.67057
3.69465
3.18738
3.6529
8.24522
3.42355
3.76548
2.90245
3.27445
3.0951
3.02378
3.12562
6.97966
3.20582
2.50532
3.37144
2.94197
4.06074
3.3652
6.76805
3.93839
2.52054
3.2447
3.74873
2.98432
4.01253
3.857
2.89194
2.61677
3.11746
2.944
2.93543
2.93265
3.1622
2.7869
3.82643
3.20645
11.5393
4.6053
2.36744
2.29417
2.51926
2.90671
2.97572
2.75852
3.4495
2.74028
2.89723
3.37553
3.3136
2.95761
3.13812
2.9702
2.12153
2.00247
8.42526
4.42324
3.11561
2.75294
2.58978
2.27993
2.69355
2.48842
2.49427
3.08868
2.73227
6.07388
1.85686
2.04245
2.92426
2.69255
3.27883
2.32719
2.30953
3.03422
3.24618
2.50503
13.627
3.08335
3.03003
2.46218
2.6941
3.98396
2.83932
2.94236
3.16419
2.83346
3.1641
3.72053
3.30144
2.96028
12.4265
8.0603
4.3877
3.17133
2.61639
3.07675
3.47987
3.1968
3.02562
4.34549
4.17066
12.36
10.8694
3.7382
2.7916
2.77428
9.8452
3.87856
3.43339
3.16291
3.1368
2.68639
3.33987
3.41919
3.07704
3.55103
3.28822
3.47576
3.76159
2.74257
4.04486
3.23754
2.79162
3.00932
4.09545
3.5371
2.67842
4.48772
4.11456
3.26762
3.3211
3.51252
3.00397
3.20761
3.95381
3.87169
3.41658
3.21596
3.37438
6.68533
3.68743
3.58319
2.8019
3.81982
3.36195
9.6606
8.78779
3.81453
3.65088
3.20971
3.60654
3.37444
3.8885
4.19831
4.85272
3.29722
3.70477
4.20679
7.0174
3.98672
5.55541
2.61681
8.06264
6.43981
4.4501
4.47516
4.02038
3.53306
3.59711
3.29996
16.2742
8.74054
6.62663
2.92556
3.81455
3.54225
3.48912
3.37843
4.18443
3.09832
3.99362
15.3655
8.66841
2.89412
3.52018
4.29012
3.63981
4.54302
4.02581
4.51954
5.67259
3.72284
3.50285
3.93678
3.95767
3.2364
2.77073
3.76642
3.67653
16.1197
6.78484
3.28631
3.06791
11.4385
6.44952
4.85747
3.40054
3.92131
3.24406
3.29779
3.50154
4.53731
3.37527
8.77187
9.40263
4.38063
3.61796
3.62993
3.34053
3.69945
3.46547
12.6867
4.47279
3.28533
3.56332
4.44875
4.33107
3.58676
7.47579
3.26319
3.4079
2.9356
3.0132
3.37412
3.46845
3.36226
3.4459
3.14271
3.50285
3.46245
3.82067
3.13203
3.43032
14.3606
4.25745
4.04177
3.70356
4.24516
4.67249
4.28139
3.33366
7.64294
3.25597
3.02089
3.07271
3.24402
3.42616
3.3087
2.89251
3.38351
2.72785
3.38336
5.01702
3.29969
3.88045
2.99799
3.40405
3.34674
3.28149
5.11759
4.22952
3.1816
18.095
4.2187
3.08123
3.16046
3.47411
3.35909
3.18027
3.37449
2.6722
3.23153
3.98419
3.52526
3.1993
3.12229
3.75266
2.70029
3.7051
18.4056
6.40794
2.78651
3.01539
3.30061
3.40036
3.46388
14.1371
5.90292
2.7147
3.32345
4.00802
3.67391
3.48097
3.27965
2.81916
2.82394
3.64727
3.58789
3.80043
3.55245
4.1024
3.72317
3.45814
3.16759
4.49818
4.16968
1.06774
2.78689
3.7233
3.62856
3.51278
4.58163
3.66652
2.90803
3.58382
3.99597
3.34904
3.65858
5.39398
2.79708
3.54028
3.36573
3.7527
4.48327
4.39804
19.6385
7.36751
3.4625
2.7669
3.74529
2.78495
3.54845
3.98703
3.53108
3.57733
3.88107
2.82441
2.66631
3.59459
3.81776
15.5848
6.52733
3.34582
2.76405
3.43473
3.62881
4.11088
2.72886
2.84649
3.25586
3.1464
4.21908
3.95116
3.35602
3.04573
3.60326
3.85753
3.52754
3.84659
3.54523
2.90638
2.67358
13.625
6.16464
3.43438
3.75724
4.03724
3.54281
3.79457
5.40703
4.692
5.26651
3.77611
3.74072
3.25933
3.47485
2.92944
14.2657
3.19316
4.13395
2.91275
2.76808
3.19284
3.46011
7.24162
4.22465
3.88845
3.38469
3.69601
4.30435
3.52476
2.79418
4.82255
3.49217
3.51299
3.83699
3.47592
3.30288
4.98002
4.96816
3.92764
3.71929
4.12557
3.88993
4.66283
12.4191
5.60364
2.84543
3.38533
13.9663
3.69749
3.94951
6.70697
3.83003
3.56163
2.87268
3.36071
10.8079
4.03771
3.53316
3.29362
8.86286
5.30835
4.35269
3.51798
3.43517
2.10399
3.44407
11.6145
3.56275
4.38163
3.29147
2.60989
3.50125
2.70088
3.19691
10.0356
4.29866
2.55576
3.4736
3.56219
3.90002
3.34999
2.72359
3.76818
3.5712
3.21326
3.46999
2.74466
2.72263
3.49754
3.46319
3.27093
3.83481
8.93602
6.94964
3.33041
3.05499
3.28242
3.79243
4.39665
4.41966
2.94224
4.43871
2.7669
3.27071
15.8692
4.11896
2.94494
3.39052
3.60266
2.85224
2.85849
3.16417
2.67058
3.28386
3.69508
10.841
2.40562
3.44862
3.35096
2.63177
3.54946
2.75825
3.27907
4.72501
3.5415
3.17237
3.28314
3.17936
3.57354
3.36077
3.41736
3.97566
4.60504
4.14605
3.70289
3.24119
2.68028
3.45946
3.71661
3.24569
15.5295
5.12305
3.70956
3.22685
8.40596
4.2883
3.81265
2.99441
7.64845
4.5351
3.17135
3.36877
4.88556
4.20142
3.41077
3.01337
3.25674
3.62591
2.95845
14.2184
5.14614
4.04095
3.11023
3.22938
3.26841
3.41285
3.21955
15.7625
7.1365
2.96135
4.11965
3.05221
3.16828
2.71615
2.73681
4.12926
3.39049
3.19318
3.70763
3.05451
4.12847
3.01974
3.79006
3.3505
2.59225
3.43098
2.96312
3.64774
11.5614
6.30903
3.41543
2.63973
4.14327
4.1762
4.62133
3.50742
5.87733
3.64597
2.70273
3.86007
3.69636
3.67426
2.52741
3.57098
3.8836
4.5809
3.87338
4.41437
3.27311
3.01167
4.59028
4.03577
4.56098
3.71651
4.11433
2.95708
15.223
10.9471
5.37679
4.05625
7.59018
5.17616
3.39773
3.56407
2.86885
3.3746
3.61511
3.68463
4.22681
5.0115
3.71675
3.96624
4.17907
3.56072
2.68988
3.62242
4.52125
4.21286
3.29931
6.21469
2.49364
3.27242
3.34633
3.25092
3.25353
3.13834
3.58268
2.50955
3.63938
3.33559
3.19791
3.32195
3.42742
5.52138
2.80152
3.16781
3.28238
7.36103
3.80889
3.07791
2.39257
3.20254
3.60881
3.2125
3.36845
3.06874
2.97379
3.21994
3.66418
4.43629
3.12115
2.53101
3.99385
3.08493
3.0735
3.01046
3.14739
3.1231
3.26117
10.984
2.74514
2.63071
2.76429
10.7478
5.71992
3.12353
3.10176
3.03118
2.51924
3.23594
17.4087
5.93151
3.70328
2.49817
3.39393
3.31969
3.23855
3.98146
3.50878
4.11852
4.21588
3.65006
3.67533
3.55273
3.41304
4.03085
3.53136
2.7472
2.7053
3.81073
4.22752
3.53092
11.4813
5.58523
2.69061
3.47306
3.27534
3.41134
3.21787
4.27536
2.97233
3.17965
3.43835
3.29211
3.24097
3.54589
3.32659
4.10386
2.79268
3.33598
3.91081
3.64281
3.60339
3.79875
3.79228
3.81247
3.86877
3.92782
3.49168
3.16163
3.03981
2.87317
3.72875
3.21364
9.7039
4.3762
3.09851
2.99946
3.54694
3.70477
3.95099
15.974
6.71913
2.55825
3.46126
10.6559
4.5901
2.59754
3.6818
3.44128
3.56235
4.13828
3.77398
3.44402
8.03666
4.79078
3.52733
4.47515
4.2601
3.40224
3.7085
2.90759
15.8921
5.59084
3.10376
3.33337
3.27687
3.1402
3.32736
7.99452
4.55107
2.72045
7.69631
7.30649
3.69356
3.88585
5.01076
3.61675
4.56084
4.01464
3.1279
3.1211
2.65984
10.9898
6.50214
3.52677
3.36703
6.96606
3.10905
4.11276
4.29148
8.8435
5.27374
2.83918
9.82701
6.85021
4.14404
2.98509
2.76412
3.1246
2.91565
12.6775
11.6502
5.39342
4.04147
4.72783
6.731
3.56634
4.09847
2.96687
4.68133
3.22212
3.56401
3.62691
2.86008
2.93
3.99532
4.00424
3.91923
3.73014
3.46337
4.78127
3.7744
3.36747
4.20767
9.64894
5.78908
3.06136
3.35914
3.13542
3.79779
3.20371
3.68571
4.14998
3.6344
3.13148
3.67354
3.56103
3.49768
4.04048
3.47147
13.4531
3.64058
3.56096
3.73666
3.3909
3.44969
3.53925
2.63211
3.44272
3.5292
3.40136
3.39349
3.57296
2.86961
2.44313
3.8739
3.33162
3.55279
3.20133
3.28266
3.04494
3.2052
11.5425
3.33938
2.46348
4.20717
2.51721
3.45977
3.19384
6.24475
4.92117
3.68143
2.61993
3.56935
3.13005
3.80297
3.0826
10.9121
5.42289
3.09448
2.96188
13.7578
3.5957
2.63192
2.87663
4.7838
3.22078
2.54937
3.31009
3.55839
3.49278
3.94405
3.60085
4.38543
3.47928
3.63236
2.67732
3.54544
3.10473
13.8173
6.89532
2.74519
3.45521
3.61402
3.21226
9.82615
11.5634
4.42944
3.5464
4.02089
2.59029
3.79918
3.99373
4.21419
2.95955
2.69823
5.09636
4.82881
3.74294
4.84215
4.54829
2.9948
2.94518
4.00817
4.03842
4.00539
3.77642
9.7229
4.28929
2.91474
3.91935
3.99942
4.69654
3.53613
13.1712
4.39527
3.73559
10.6735
4.9891
4.07796
3.66268
21.8952
6.30914
4.9708
3.60902
5.59211
2.60183
3.74795
3.66356
3.61848
3.63618
3.50166
2.70137
3.59109
4.69315
3.91813
4.18942
3.79243
5.12665
3.61499
3.76295
3.86896
3.6221
13.4839
13.6619
3.77529
4.55084
3.62854
4.28015
4.58995
3.6093
2.57801
4.367
4.34589
3.34841
3.6187
3.25596
2.63945
3.27554
3.46994
3.23743
17.3562
9.88166
3.78721
4.24723
10.8353
5.04175
2.88372
3.17822
3.92337
3.29242
3.24104
20.3228
10.0656
4.47245
3.59123
3.27973
3.30645
3.62384
2.98324
18.5246
5.44939
4.10747
3.5173
3.52585
3.16735
3.50219
3.66416
2.18808
3.39415
3.38701
8.44908
4.47032
3.20251
2.37894
3.40023
3.02349
14.0152
4.32752
2.97842
3.95101
3.21043
3.1887
3.75325
3.41544
3.22716
3.42651
3.30852
3.16513
3.7021
3.41941
2.48709
2.50612
3.55561
3.07056
2.90313
3.36019
3.32025
3.31608
3.1868
3.00105
3.25472
4.1378
2.74028
3.51515
2.67837
3.31048
3.8128
3.18528
3.04027
2.89354
3.32831
3.31185
3.37228
2.87947
2.98248
3.2832
12.4318
5.69701
3.91565
2.69783
19.2043
7.34574
4.89913
4.72656
2.8047
3.36976
3.35503
3.32084
3.62048
3.27413
2.8665
2.93636
3.23361
3.2657
4.77261
3.11588
4.02956
9.555
5.39695
2.60954
3.39172
3.4048
3.41745
3.51164
9.05361
3.3744
2.76645
10.9854
4.7808
3.16872
3.28205
2.60991
3.00584
11.0893
3.24137
3.31151
2.69296
8.18614
4.87306
3.05848
3.04893
3.16971
2.68007
3.36344
8.15822
3.81944
3.17081
13.0787
5.55328
3.15327
3.36048
3.06923
3.0606
2.62331
2.60809
3.3004
3.18436
3.40999
3.38453
3.29813
4.19317
16.4948
9.41227
4.63125
3.28499
2.58686
3.3168
3.25184
3.24656
16.6922
4.80758
3.00676
3.48232
3.69067
3.60513
3.66896
3.18755
2.61486
3.70145
3.66304
3.7797
3.68928
3.81499
2.63536
4.53138
5.08632
4.17915
2.68702
3.58391
2.84726
3.98778
17.7702
4.65888
4.9515
4.11367
3.02531
3.65167
3.2703
3.59436
3.93876
3.75944
3.45728
2.68969
4.03823
3.7405
4.46757
3.47362
2.53369
2.52734
3.65831
3.1535
3.35793
3.85571
3.70499
8.57529
4.90571
2.99671
2.66821
3.24071
4.29372
3.39971
11.0083
3.57347
2.6073
3.29258
3.49467
3.79882
3.87746
3.1957
12.7843
5.33559
3.31672
3.53347
3.39534
3.55746
3.55827
12.7138
4.54572
3.9384
3.17708
2.77093
3.25983
3.7118
4.408
3.22914
4.79326
2.505
4.30117
3.02175
3.80848
4.03671
3.12188
2.64045
3.44706
3.53665
3.40768
3.14246
3.15579
3.12564
8.14511
13.7636
5.42553
3.21123
3.21986
4.28483
2.63385
3.36059
3.17075
3.82949
3.09787
4.1569
4.31138
3.50732
8.96698
4.21161
3.25397
2.59978
8.13259
3.36883
3.36646
3.69402
3.32822
3.73142
2.4681
2.72634
2.66002
3.96718
3.69418
4.54141
4.70214
3.60736
3.52479
4.25851
2.52498
3.97975
3.34558
10.3958
4.05241
3.24302
2.63403
3.17962
3.27208
3.56756
3.029
4.10867
2.73122
2.86969
4.30653
3.65145
4.51391
4.20354
3.49133
4.16261
2.62602
3.41483
3.41647
3.48485
3.23196
3.1725
2.79385
3.34938
3.32393
3.4321
3.47875
3.71504
2.96602
2.86047
3.28621
3.41333
4.62726
3.93772
2.46988
3.2502
3.5212
3.73458
2.6394
10.876
6.08015
4.12517
2.51942
3.29007
4.12579
4.57102
12.2979
4.90222
3.1811
3.00927
3.48531
4.31567
3.11578
4.29693
2.53665
2.79449
3.29753
3.2805
3.27491
3.46498
3.33182
8.33417
3.10353
2.63096
3.41088
4.28789
3.42201
3.8663
4.09781
3.67512
2.58312
3.27696
3.37721
3.18616
17.191
8.1096
3.66506
4.03904
7.02339
6.87399
2.74865
2.79238
5.10219
4.50897
4.32265
3.92193
3.12644
2.70335
3.80432
3.79938
4.10619
3.02458
3.84883
3.38192
3.02421
3.16064
13.5087
3.73091
4.55452
3.32034
2.89603
3.60315
3.35515
3.66921
7.59298
3.0057
3.61527
3.22432
2.96098
6.14365
4.15653
4.63294
2.36991
3.2803
2.99457
3.84446
3.65737
4.63206
2.97615
3.76429
3.78202
2.11111
16.3942
10.1692
5.37145
3.00612
2.60294
3.38778
3.6412
3.96887
16.3318
8.47254
3.84117
2.54182
3.83448
3.99267
3.20847
3.3433
3.42709
2.49992
3.36011
4.05303
3.45301
3.9485
3.16287
2.5087
3.12608
7.24153
8.57311
3.60824
3.45112
2.40062
3.72715
3.51561
3.80422
4.17183
3.94848
3.54186
2.66396
4.03612
3.45348
3.39353
3.00595
4.52621
4.25607
3.52421
13.7709
6.27097
4.05772
2.4791
3.35374
2.42589
3.29274
12.1757
3.97635
3.63439
2.38462
4.36909
3.71367
2.62997
2.22256
4.32323
3.07912
3.29212
3.36897
4.17003
4.1625
2.49522
3.60643
4.15647
3.43481
3.71867
4.40975
2.61263
3.7472
3.46425
3.60663
3.62472
3.61536
2.53861
4.71457
4.68987
3.90557
4.78346
3.87323
2.22308
7.1487
4.1727
4.26566
17.0431
12.017
3.89925
2.96344
2.52485
5.88483
3.75084
3.63155
3.65636
4.0332
2.6844
3.15803
12.1495
5.66821
4.22017
4.16117
4.24688
2.55215
3.87606
11.8704
4.21771
3.63343
4.6047
2.57767
4.04082
4.28212
13.4177
5.55824
2.87305
3.25316
5.24235
3.79122
3.92242
4.01573
2.88656
2.87608
3.8282
4.01481
3.94741
3.86498
3.84026
3.82005
2.93127
4.11846
4.47715
4.20365
3.78635
4.62147
4.55453
4.04646
4.62668
20.8721
7.86804
3.04802
4.2043
4.0307
4.19024
3.73803
4.94322
2.78169
3.99817
4.0878
4.58007
3.93628
2.69501
10.8698
4.76718
9.85704
4.98642
6.74604
3.28003
4.06271
3.9926
4.6298
3.87507
4.33221
11.0179
3.80525
3.65542
4.21517
3.81671
3.91281
2.61064
13.8791
10.2096
3.91081
3.48339
7.52358
5.50886
3.86271
8.63919
8.39315
5.54557
2.97485
4.26983
3.65933
3.9246
3.92294
4.1382
3.25496
4.18625
3.75959
3.90318
4.67288
4.97644
2.77078
4.31132
3.83502
4.33824
5.25854
4.45774
3.19612
4.33871
11.2763
5.86053
2.65995
4.60811
3.63196
4.66393
5.22516
5.10881
3.33211
3.13171
4.14048
4.07262
4.01637
4.34538
4.26559
4.02152
4.24505
2.91197
3.93258
5.3766
7.60624
5.46285
4.50389
2.90015
22.4783
8.36732
4.08676
4.10846
2.87058
3.00264
3.90153
4.59431
4.16045
4.39303
4.74485
4.3375
3.01565
4.72262
4.07887
4.09863
3.93908
4.17084
4.13548
2.99232
16.7659
7.14943
4.11177
4.58932
4.58427
4.40116
7.94016
5.5108
4.07592
5.94416
5.14905
4.28643
3.30582
3.35659
4.32758
4.65746
4.87148
4.84026
4.22177
3.32988
2.6799
5.83808
3.96386
4.52588
4.62507
4.72242
2.8095
3.53976
4.2835
5.08492
15.7878
7.77503
5.16554
4.91356
4.27921
2.73229
9.61528
4.66162
4.81946
4.95835
4.61864
4.98071
4.25687
19.0398
7.82517
4.74961
5.3809
4.52576
5.49293
5.24373
2.62314
2.74915
4.78874
3.3617
4.15721
4.21885
12.8053
6.70178
5.32534
4.19731
4.47422
2.66951
11.8278
6.85962
5.60359
4.03078
3.79167
4.5527
3.84004
11.7568
6.63636
5.85401
4.43916
5.03131
5.00146
5.1132
2.51358
3.16962
3.80285
10.2325
10.0099
4.98187
3.90086
20.182
10.0981
3.47637
4.2907
2.5692
5.10806
4.75085
4.51261
4.44154
2.92403
4.05396
3.92836
20.4403
6.62832
3.17146
4.06415
4.22401
5.19959
5.16861
14.3113
6.97846
3.12397
3.92511
3.10336
4.27397
4.32401
4.40364
3.73714
3.1568
4.10037
4.2344
3.644
3.53869
3.67244
3.87514
12.1319
10.5827
5.76504
3.96694
4.35672
9.83244
4.27579
2.81281
4.18282
4.22541
4.697
3.75746
14.3654
4.1403
2.63096
3.46617
3.55161
3.61521
3.56584
3.67264
3.64802
3.5791
15.517
5.50223
4.28379
4.20593
3.67462
21.4645
7.08702
3.80426
3.87132
4.86054
4.4749
4.14793
3.85077
4.71399
3.13015
3.68429
4.07191
4.31704
2.80159
2.57805
3.93561
4.39114
4.13007
4.07481
4.11382
2.6971
3.98844
3.81054
4.39298
3.74456
3.54482
2.82233
2.82165
4.13452
3.73046
4.0843
4.97503
4.59808
3.53516
15.5151
3.63966
3.52073
3.88761
3.7087
3.6909
13.0381
11.3303
2.9387
4.13997
3.67487
6.57934
3.71541
3.94724
15.2702
6.99762
2.76716
4.02115
2.77603
3.72132
3.90296
3.74867
3.10187
2.71903
3.63929
4.03929
3.60313
3.56599
3.36518
3.89839
16.885
11.788
4.0134
4.14436
3.92615
6.66123
4.75319
3.28232
3.6574
3.39417
3.48043
4.6117
3.72908
3.38291
2.79446
4.2174
2.74519
3.33
2.66265
15.0681
16.0847
7.16127
2.73107
3.25096
4.23615
3.38106
12.8217
10.5119
4.62402
3.47481
3.27683
5.32883
3.48271
3.26144
16.4761
6.7362
3.39481
3.44977
3.74082
3.37714
10.1332
5.79204
3.21085
3.46337
3.63515
3.41657
3.23494
3.76716
18.6858
6.59481
5.07398
3.7264
7.45219
3.85532
3.45038
3.7913
2.88266
3.73521
9.89448
6.20542
3.9235
4.65673
3.82411
4.34592
3.8507
2.87817
6.19978
3.87173
3.93937
14.4128
4.5677
3.84903
7.69754
4.04318
3.77198
4.231
4.10969
4.27421
4.85108
3.4121
2.94514
3.98276
24.4566
11.5776
5.3893
4.693
2.88667
4.57458
4.1631
3.41448
8.88522
3.99002
4.94238
4.04186
5.226
3.96845
4.10383
4.86085
4.64537
3.20661
4.88953
2.98334
4.23893
18.4736
9.18652
5.11349
4.40561
5.5603
4.10279
5.94679
4.56139
4.32772
5.21289
4.02578
5.00244
4.34543
4.2001
4.1674
3.08141
4.29942
4.66061
4.64036
4.42643
4.12491
2.99592
4.3685
4.30457
4.21025
4.38496
4.30268
3.0788
3.82405
4.44502
5.21874
4.17487
15.0148
6.40793
4.02234
4.30628
4.5386
4.30041
4.79068
4.55209
3.09692
4.42162
4.93315
4.70229
5.18033
2.65476
4.66305
5.2723
4.80951
5.21729
3.96454
4.15787
4.90137
4.10531
3.3022
4.17629
2.93142
4.31687
11.7455
5.37802
4.68362
3.04176
11.9355
5.32698
4.59363
4.67496
4.0769
3.01295
2.90226
4.34877
4.743
4.21359
4.15702
4.1425
4.58189
16.712
4.86574
3.15633
4.85041
2.63124
4.13227
3.20548
4.58666
12.5868
5.63373
3.0956
4.12582
4.32629
4.84497
4.24306
4.15305
4.86301
4.061
2.98041
4.28209
4.58059
4.20323
6.03693
4.54127
4.72926
4.39105
4.53274
3.06928
4.6779
4.76536
4.42159
4.26831
4.32789
4.5159
4.30281
4.08655
2.98029
3.09116
4.76259
4.52778
5.89197
4.17539
4.57983
3.01024
3.52507
4.29626
5.56732
5.71966
6.18999
5.64652
3.27155
5.45309
5.10922
4.36099
5.77118
3.44817
4.28317
3.21887
4.57346
4.50471
5.01627
4.56538
4.62549
3.9078
4.92704
6.15186
4.40741
4.68584
3.15722
3.11106
4.49877
4.86327
4.54652
4.52773
3.11446
4.28913
5.32863
4.39192
23.6519
5.55752
3.44475
4.85824
3.17666
12.9931
4.42402
2.87998
3.1543
5.71367
4.4941
4.55259
22.5139
6.55292
3.2521
3.21606
4.35263
4.34305
4.39363
4.33444
4.49124
4.95588
3.24352
4.84247
5.47224
4.93096
4.85728
18.7925
7.21595
4.69556
4.90071
4.91494
4.62514
3.30743
3.39716
3.22372
4.41633
3.55021
3.66762
3.16709
4.44766
12.0826
8.60245
4.79724
3.14058
3.6403
4.47146
4.6528
11.9761
7.43853
4.79733
3.35875
3.13602
3.4678
5.18964
4.08189
4.29714
4.75801
5.08936
3.74844
15.1734
3.73658
3.9773
3.00606
4.47236
4.87739
4.57576
4.94541
4.47508
4.29161
3.10116
4.58502
6.53146
5.14662
10.728
6.51398
3.58653
4.40497
4.57782
5.19281
4.39286
19.3479
11.3492
10.5459
4.8604
4.01119
5.42802
5.00782
4.57257
19.9637
6.00262
4.26448
4.42775
3.62335
5.37758
4.85892
13.2151
6.49689
4.90409
3.15861
4.64059
4.64679
5.04353
4.43113
5.17094
4.55585
3.19702
7.59127
5.23185
4.61388
11.1841
7.33644
3.25795
4.4155
8.14731
4.90523
11.987
13.8655
6.32001
3.04302
4.50401
3.22213
4.71018
4.54803
14.8155
4.37888
3.18146
12.771
9.43128
4.42844
4.42986
19.7429
5.48457
4.50803
4.59216
4.93233
4.74745
3.19466
8.08804
8.54912
5.56937
3.28008
4.60445
13.0438
6.82299
4.41006
4.84206
15.4991
4.97553
13.0541
7.06687
4.29918
4.54253
3.36426
5.30743
6.1754
4.41127
21.7719
12.2066
4.80592
4.74583
4.35747
4.6712
5.69251
4.90145
12.2409
5.55566
3.90367
5.3575
5.27458
4.50273
3.18029
3.00564
4.72576
4.62015
4.34277
6.53987
4.54857
3.81767
5.10195
4.73789
5.04277
5.59969
3.25942
6.12355
4.0593
4.6748
4.35305
4.94922
4.6068
3.48004
4.35743
22.7544
8.10952
3.42267
4.47692
4.93919
5.25229
4.92276
3.13354
4.60821
4.41142
4.37833
4.30357
4.47436
3.2377
9.48827
5.03133
8.64702
5.99254
5.06018
5.61069
7.21383
4.6255
4.99543
22.3656
6.20035
2.94608
4.42926
3.40729
5.80916
4.82348
5.55782
4.37928
4.74645
4.47126
3.15989
4.41294
4.67577
5.88957
4.67667
22.8804
8.30949
5.84089
6.7249
4.47189
6.35492
3.20691
4.53832
4.62143
4.66014
4.58096
4.95554
4.49159
3.39104
4.67715
4.62853
4.30744
4.55789
5.32188
3.63125
4.08775
4.4501
4.37723
4.78756
11.0886
4.78301
4.13764
3.31102
4.57107
4.71079
4.52034
5.30484
19.2173
7.1268
4.15608
4.60503
15.1343
4.67494
3.53318
3.91921
4.5187
4.58485
10.8152
7.82591
5.01664
17.9875
8.49148
4.01697
5.30779
6.07486
5.22812
4.67491
4.41202
4.13216
5.04224
3.28465
4.46574
4.66441
5.87184
4.46073
17.5305
6.52668
3.21167
4.39309
5.13873
4.54429
4.37991
4.86791
3.63443
3.95875
5.3098
7.36927
4.97929
5.34787
4.99027
5.7584
4.18974
4.62839
4.26935
4.51889
4.41388
4.66073
3.28811
4.53188
4.61515
8.47714
5.9337
3.11093
12.2088
5.21984
3.3671
2.96427
3.07458
4.15943
4.61578
4.49224
3.38596
3.0184
4.27394
6.86731
5.06589
4.45459
4.27104
3.00726
3.67023
4.10096
4.8625
4.02267
5.15576
4.22238
3.39047
4.32591
4.64564
6.56598
4.18816
4.7829
3.99666
3.99465
3.81091
17.0348
4.86534
2.7156
3.89261
5.13342
3.96524
4.11661
4.59069
2.89692
4.03267
4.10671
3.92261
3.91486
2.6411
13.7998
4.66709
3.88826
2.53576
15.7818
6.72385
3.79262
4.09247
11.31
5.41089
4.29584
2.90586
4.21282
4.55736
4.55527
4.14712
5.94776
3.07665
4.51286
5.3172
4.5576
4.25828
4.5451
2.68499
2.64097
4.33688
4.25985
4.20999
3.78398
18.4172
4.94477
3.11835
4.49215
3.59122
4.14848
4.96401
5.04128
15.5891
5.26676
5.14092
4.30276
4.13909
4.95581
3.0305
12.6245
8.98943
4.26122
4.3034
3.76826
4.20161
4.19945
4.15235
3.0585
6.9316
5.64221
4.40885
4.69098
4.43583
4.82776
3.61336
4.27208
4.3957
4.40029
4.4158
3.05867
4.4722
20.068
11.9857
4.35743
3.28582
4.96397
4.42876
4.48005
4.58266
16.3098
5.9487
4.27088
4.20947
24.7848
5.80353
4.94851
3.61333
3.91978
4.63442
5.70112
4.56894
4.42767
4.50877
3.06104
7.88395
8.24699
5.89449
4.60542
4.7399
4.80938
2.99019
4.38514
5.11395
4.42712
3.64263
2.94551
4.64018
4.68392
4.27332
4.54909
4.50835
4.67367
20.4879
10.0042
4.00991
3.10292
4.50145
5.63991
4.9469
12.8288
6.43984
4.47569
4.78819
3.53091
4.53793
4.90436
4.51272
4.5239
4.8718
12.4063
5.17862
4.65314
4.73254
4.69582
4.59808
4.75686
3.75291
4.66728
4.6077
5.80225
6.24742
4.47352
3.25322
3.51362
4.51132
4.52417
4.40582
5.40684
4.53736
4.88045
3.47437
5.02057
6.56324
5.27328
4.90772
5.25631
4.46579
4.6089
4.78646
3.17219
4.89002
3.34171
4.63558
3.79216
4.56274
12.765
5.58967
4.67943
3.22071
4.73998
6.04494
4.61553
4.61947
14.0134
4.39002
3.31549
4.54723
4.69474
4.52874
4.7252
21.6111
5.81591
3.41872
4.66648
15.5665
8.94892
4.62741
4.60838
6.23301
3.09041
4.90729
5.73902
6.82384
4.74743
5.13756
3.18652
4.53892
4.69193
4.43648
4.75953
4.58168
3.16788
4.56178
5.63991
5.96406
22.4578
10.9362
6.35438
4.50224
5.22617
4.58315
4.46101
4.54406
4.51291
3.16729
5.22264
4.55458
4.73505
4.71982
4.65603
20.9829
7.04084
6.34194
4.97236
3.56894
4.75645
3.12552
4.41766
5.38801
4.95671
5.2029
25.1921
9.48974
3.04791
4.44694
4.94537
4.5328
5.16803
5.0039
4.57611
12.9581
5.02543
3.39206
4.68646
3.32446
15.0262
4.94513
4.79368
3.40273
3.26222
3.01653
5.19249
3.1648
5.33348
4.61928
12.6834
5.90641
5.21065
3.12729
8.46733
5.4761
4.48586
3.32168
3.06975
3.20361
11.2794
7.88369
4.10953
2.34581
10.8034
6.99634
6.06096
3.44268
3.18476
3.86042
3.35088
10.7628
4.89586
5.07204
5.32022
4.56164
4.59009
3.01376
2.99387
1.47145
3.48552
2.89025
14.4199
8.75455
1.54074
3.02117
3.52712
2.98527
1.28335
1.29514
3.09078
3.45567
3.10482
3.45577
