152.065
25.026
21.8074
44.5976
47.6916
23.7993
25.5134
46.9117
40.7643
26.5913
46.5356
23.4875
38
66.7636
24.4394
28.1624
45.2285
62.1607
26.461
48.9962
63.0078
24.6611
22.4398
47.9511
40.2794
25.7819
49.4452
16.6252
47.5689
31.0232
16.5815
46.4567
38.4366
48.3976
24.536
27.9166
66.9606
26.218
22.9962
42.426
24.3312
48.8616
32.5742
25.3608
48.2025
41.538
36.6749
34.335
13.9874
34.2645
51.0591
24.8104
44.4472
50.8616
40.3558
48.4134
21.0225
42.6657
55.0584
25.3625
13.5793
67.8698
25.4467
47.5286
29.724
29.4759
45.5482
37.7152
22.3723
42.8421
63.8302
24.396
21.8494
47.0788
21.9514
24.8286
58.879
21.5525
17.5912
41.7516
11.1616
38.5036
27.2555
33.9039
49.9441
36.7428
37.1873
40.2368
25.3731
59.0434
29.1809
26.0668
51.0137
20.9917
45.9878
41.8604
48.9492
22.4233
23.8953
36.7704
25.8986
48.0678
14.3397
17.9335
67.1189
37.1974
27.9217
65.0949
23.5057
24.7633
47.8274
65.5165
26.7633
27.0544
45.3134
16.6311
26.9418
65.0307
17.8513
21.6368
45.5514
39.9798
19.8361
41.4021
13.3147
61.4761
23.1934
30.7443
42.7578
13.4346
29.9179
50.2459
30.9829
22.3942
48.2753
34.7081
45.1961
11.2145
18.5814
62.0023
22.5102
17.6515
60.0273
21.987
24.6895
68.5199
43.1455
19.529
42.0436
35.739
22.4031
28.8822
18.88
61.3869
20.5967
21.7002
44.4771
26.736
36.2056
44.946
10.3771
31.399
52.9473
28.6294
40.49
45.1113
12.3604
58.22
18.8357
16.1477
56.4623
24.0601
48.6197
19.9773
29.0768
49.9158
20.3684
20.9544
18.4522
18.1504
47.4231
29.6708
20.8983
46.5106
25.6143
44.3181
48.1441
25.778
24.328
47.8891
34.4006
39.8254
13.2402
25.3907
50.5574
30.5927
44.1271
23.905
24.7351
56.2939
24.5871
45.5131
47.842
13.939
26.8372
48.4212
18.9841
35.7936
57.7523
26.6028
32.6096
36.2476
16.1695
17.2413
41.84
29.2796
18.9301
46.8279
34.9584
22.0187
27.3443
36.4443
37.9181
14.2424
31.1509
51.623
21.4955
48.986
23.6149
21.803
50.5965
27.8573
34.7144
31.404
28.6269
39.364
23.4664
37.6627
27.1863
44.7258
20.6833
16.3721
55.1548
18.3738
21.3164
51.8192
50.3349
12.7292
12.2102
57.0084
13.8999
20.5571
59.0092
24.5214
35.2685
12.2191
40.4202
39.0177
20.6882
14.772
59.3733
23.8505
38.7002
42.0962
31.5543
43.4715
9.53421
31.3176
22.9056
20.4415
60.068
21.5695
25.2219
59.7218
22.9961
42.2475
11.2198
26.7623
51.422
38.9423
26.4727
24.6692
22.4553
47.9565
52.8503
22.627
23.9579
52.4624
20.8047
33.8776
46.9776
60.2019
24.2031
40.6143
39.0107
32.3693
22.0267
49.7272
31.4869
22.3246
41.1645
27.5822
21.9305
46.4685
22.816
47.3972
56.0712
22.9444
45.006
27.7289
37.542
39.9637
49.3788
22.8826
32.8077
49.4074
13.0592
42.086
24.9749
18.1042
57.0246
23.209
21.5826
55.5565
18.6125
20.0289
48.1607
24.0732
18.3613
35.859
18.8881
44.2653
28.2464
20.1593
62.1462
20.708
36.778
36.1161
22.1717
58.5978
22.2985
36.6293
58.8041
23.9952
28.9076
11.8734
27.007
44.3851
16.5487
28.2985
44.2533
14.3507
48.2824
39.4062
11.3059
58.1522
15.5911
18.0494
33.6273
23.042
58.1098
18.5278
19.2947
48.253
51.1193
12.2727
32.5341
60.99
18.8872
17.714
63.6817
25.437
43.5586
62.1692
20.8678
18.3313
52.5249
23.9177
33.6016
24.5478
18.0373
47.4917
46.2289
24.6967
51.2877
31.4371
23.1529
61.4147
33.7618
39.7436
34.7637
25.1132
48.3173
28.4906
35.3119
48.4129
27.5758
21.1468
61.0761
47.0223
51.5779
42.698
54.6773
76.6099
43.7469
47.8018
37.3393
36.0799
71.4058
46.6308
42.01
43.6294
23.5956
64.0843
21.3804
44.8843
48.523
33.3511
18.6904
63.2646
48.2618
49.9551
37.9576
40.1254
55.7854
42.9952
38.2202
41.2249
63.756
41.6367
50.6389
53.0644
21.6817
32.9598
48.1567
19.3941
40.1766
47.813
16.8734
57.7776
30.7357
14.6922
27.1007
34.3337
44.1876
47.5821
39.1173
23.4314
53.079
24.5201
19.1143
49.2006
41.8339
26.5957
48.7151
51.8697
37.2967
24.2136
36.286
21.0346
25.9881
37.007
22.2351
20.5142
20.9182
34.0061
27.6025
24.1015
23.4068
22.7099
44.3774
35.4444
45.8175
35.228
28.9591
23.5561
34.321
22.6269
10.3359
26.9856
36.51
26.2697
46.346
12.0401
30.5009
52.047
13.4136
43.0677
48.9348
28.4001
54.1826
50.4165
24.2254
67.5141
26.0874
25.9993
11.463
32.0611
50.7459
24.4277
28.7312
49.0706
12.0831
29.0017
51.2496
24.9268
23.2582
59.9687
25.8345
24.2049
51.896
31.8592
27.0369
53.5618
25.558
14.0743
48.069
19.0862
48.37
19.9329
35.595
28.6543
23.09
63.0379
44.0788
17.5925
67.1112
25.3141
29.8074
28.238
23.4689
26.6012
45.9692
13.4445
57.9255
25.7697
18.6266
47.4399
15.3017
57.4637
45.4021
43.1118
50.7582
12.7364
30.3435
27.1558
26.3318
48.692
43.7829
12.9602
65.6892
16.3286
36.8488
64.2063
16.575
27.4924
48.9792
51.6531
18.1615
44.7245
12.5137
29.6049
51.7861
12.657
19.5291
35.5074
29.7142
50.2835
17.0656
38.5643
52.4271
20.3826
29.4746
44.879
49.7026
22.1929
26.1595
24.3807
29.0295
54.3155
24.0042
14.688
35.5798
32.6367
50.8101
22.0649
29.7017
62.908
23.8628
16.8388
64.8138
24.4494
32.6262
32.8231
27.7644
64.3847
24.509
38.4858
51.0065
36.7832
38.8338
23.0705
41.1802
44.9602
16.6195
27.9915
48.0078
12.8216
48.433
20.0774
19.4255
36.229
29.3906
30.871
47.1953
58.4971
20.7542
12.6426
69.5581
14.08
35.2175
27.619
18.9477
38.7509
34.8061
25.1624
49.1545
19.0719
59.713
18.8955
18.4664
60.9611
23.7971
28.2777
57.9357
18.521
43.0294
30.7644
16.5824
48.1988
28.8941
25.3992
43.111
54.9509
17.2113
18.2614
62.773
35.1463
16.4791
40.6896
49.795
28.6168
25.3194
57.7076
47.6725
16.9924
47.0589
15.163
13.5991
49.3128
31.2989
41.0486
16.2169
14.7451
60.5279
17.4981
36.1688
23.4379
47.7681
40.4778
28.2133
48.6942
14.9538
53.9863
42.524
12.059
47.439
28.1215
15.7121
20.5172
13.5375
57.4972
20.6765
38.8278
60.2762
24.8575
57.6791
25.0906
33.8929
52.0858
42.5489
34.2266
59.9463
24.0391
22.2389
47.6567
51.7048
31.1857
53.4327
47.4523
29.3065
52.8543
43.3348
52.8821
19.6883
19.6231
50.9118
44.183
14.8394
32.3129
50.9263
43.0969
50.0458
29.1652
16.4367
28.9173
35.8877
48.0449
41.348
16.6589
68.2595
19.021
48.655
39.648
20.1324
47.4425
61.3402
20.1023
18.6843
40.8225
44.8263
49.1107
12.4027
22.854
61.1642
21.1325
34.7246
60.6695
19.6308
37.6093
35.0505
22.8884
37.696
32.1169
19.9106
23.2854
40.506
51.2602
11.6253
27.3753
72.432
23.1958
48.5422
17.3261
36.337
52.1525
16.8685
19.7117
57.4797
17.7795
42.1989
37.9364
27.976
57.4012
23.6343
49.3874
53.9397
28.2253
49.0126
25.2768
34.7548
24.5044
28.154
46.4981
23.0585
38.4832
26.037
17.3242
64.616
33.8469
23.9507
46.3742
33.2719
17.1034
47.4895
17.5524
36.6686
25.5844
18.1614
48.4471
36.5063
17.7081
71.849
25.9054
27.3716
44.2743
29.7998
39.0976
50.9405
16.5108
57.0476
20.5624
40.9354
51.9595
18.5444
38.254
47.402
26.7031
39.5
25.6198
31.262
48.1206
22.6916
32.3335
60.034
22.8259
13.3783
57.4858
38.6123
12.8374
53.0085
19.6639
21.0676
53.5411
25.2017
26.0271
61.826
25.0558
55.5479
23.0334
21.6412
74.6353
24.1198
51.2452
51.3611
23.4233
56.2202
23.4164
42.2502
33.3131
22.8847
62.8461
23.5234
30.8803
66.7628
23.3754
28.8637
48.4464
50.3107
21.6285
46.1718
55.858
23.1762
21.2087
55.1822
22.354
39.5035
44.4987
32.4528
23.7728
48.5169
34.3388
27.2676
41.7574
30.2042
23.7926
49.8079
36.4988
46.5216
16.9379
31.8272
47.3312
19.3595
41.4546
52.7735
33.6687
25.2291
42.0697
25.1754
50.2862
23.1025
30.5254
51.278
42.8364
34.2178
63.7748
24.7296
35.6556
49.1011
22.9699
55.9172
48.7465
22.7911
64.2968
24.4086
22.178
59.6633
23.9813
46.9161
36.3324
23.3302
49.359
25.5381
24.2905
46.6535
37.8583
20.0116
40.152
35.1485
23.3784
49.4428
34.8713
26.3142
47.4557
34.9665
39.0372
47.1199
33.2097
22.2018
48.8257
30.1784
24.6771
47.1915
34.8248
27.1772
39.1811
26.5963
50.6886
17.944
33.7758
37.5935
29.4881
50.4526
27.7457
50.5117
34.4685
17.3865
57.3502
17.3989
46.7312
50.098
23.704
58.4734
38.4054
36.3664
45.0463
27.6565
60.234
23.5452
32.3768
49.6066
32.6139
27.39
55.4748
20.904
36.2914
49.6277
19.8388
56.8916
47.8004
37.0129
51.0273
42.3059
32.3069
26.8988
22.5834
56.0256
22.5135
17.8897
41.0562
61.7984
20.4615
20.4298
64.4219
23.6094
46.2271
64.178
18.9668
39.4381
26.9723
20.1182
57.9124
25.1503
35.8785
72.3301
24.7452
26.1382
59.4365
24.1247
45.0528
53.4694
23.138
35.6822
66.6861
20.0066
58.4822
42.8637
36.4769
50.1949
48.2355
17.5288
56.3891
23.1502
19.9329
44.3181
13.8416
39.3342
48.5386
12.5742
19.7735
56.9343
23.614
37.7008
54.9704
24.521
14.5502
44.5109
30.0372
31.4807
46.0549
14.5428
47.4457
17.7884
33.9298
63.4373
19.132
46.4151
25.2093
17.5725
34.7357
25.1632
47.5993
62.7756
24.6034
22.6714
59.7882
26.4294
63.6693
19.686
32.5863
57.378
18.6964
22.1614
57.864
16.2687
20.7684
37.7
12.1146
31.6573
51.5877
14.9374
37.9107
50.3891
36.33
19.6223
67.9575
39.8929
54.7029
41.4572
29.6203
55.7056
44.3815
33.7473
62.2738
41.2772
48.9873
44.5919
25.0808
48.2144
23.3972
42.6617
49.1925
41.4128
25.386
44.2489
39.6724
25.0494
46.306
17.8505
46.4342
45.1978
49.0508
29.7711
25.2103
22.0227
46.0575
51.7674
14.8369
46.2364
32.4723
19.7438
59.5204
18.8091
19.8781
62.263
26.0863
28.1337
70.2994
27.0222
26.53
17.0908
36.1786
51.5916
12.5638
47.6473
24.3205
14.8806
61.4628
21.6815
52.4714
51.584
61.9702
24.894
49.921
22.6164
30.9265
24.7046
36.2081
37.8292
22.4746
48.1722
27.4881
17.2585
37.4238
59.2115
17.6645
19.8142
33.493
31.998
18.8294
49.9672
27.5992
21.7398
40.7628
33.8021
16.7955
46.5058
31.0596
19.6306
41.4799
32.8804
58.5812
49.9113
23.0712
51.6165
28.8965
50.6936
25.6801
10.6808
60.4867
26.6682
32.3657
67.6615
25.8643
35.9098
63.5935
20.3834
42.8054
33.6147
51.5167
39.2846
35.8056
21.7339
34.6294
51.6327
41.3607
25.5458
32.0404
33.729
50.6956
22.792
41.1098
36.6035
14.9796
50.526
39.434
34.245
50.7811
13.5168
51.3954
22.6174
32.3546
67.9054
24.1304
29.7358
66.1153
25.9766
49.8322
43.2963
42.4242
58.8009
49.799
10.605
46.9993
15.4132
16.7987
66.0174
17.8484
44.2183
19.4296
48.8525
28.4717
20.9378
48.8953
31.4672
25.5008
57.2019
25.6832
23.9894
34.7515
26.5582
48.4351
39.8175
20.2606
66.0203
27.5342
14.7698
25.7437
64.7743
41.5977
35.2989
68.573
25.135
68.0986
19.3633
23.6562
34.7747
19.7136
44.5724
12.7825
33.3968
65.6844
25.7123
29.5642
40.3976
52.6777
42.8899
25.0743
48.7145
22.6177
19.5206
65.8625
16.5466
39.2131
24.9844
19.241
48.1269
37.3837
38.8077
63.5266
17.0003
32.3529
45.7179
33.3826
34.5268
45.9852
16.678
51.0873
50.3539
28.397
29.0577
35.8832
59.6768
30.4901
27.3598
66.7844
66.7439
20.2115
58.9249
58.2037
30.9533
59.0016
16.1988
34.7724
59.0665
15.1434
40.639
24.6948
25.7304
48.3618
30.5171
19.6719
44.6543
70.1494
19.0184
53.611
51.7045
12.8718
58.0715
49.6722
41.3768
38.6489
31.6361
22.1393
48.0129
26.4914
42.0778
50.2257
15.9957
39.8622
51.8107
39.0358
49.1002
14.0386
45.976
29.3814
56.5929
48.5331
20.642
49.5358
66.7937
19.6833
47.2796
22.7015
37.6925
47.4834
38.3212
21.4328
47.5071
39.5469
44.896
13.4871
40.7984
51.1397
17.775
37.3529
52.702
17.0849
62.7697
16.969
27.1605
45.0797
35.5206
34.9599
19.3793
20.0033
59.3307
16.8985
31.7169
26.2077
30.6146
71.5003
67.209
20.2887
24.0946
13.5874
20.5661
65.6647
21.7968
30.9993
23.2979
35.6395
49.9732
24.3786
60.3885
26.4466
18.8068
52.8874
16.2122
15.9701
40.5289
17.6623
35.291
39.4711
14.0804
46.2614
14.1188
