1538595894.842455	7.906834	7.348660	7.348660
1538595894.875784	8.551046	8.448019	7.898340
1538595894.908998	7.641296	8.350493	8.049057
1538595894.942304	8.127291	8.561685	8.177214
1538595894.975727	7.765610	8.512433	8.244258
1538595895.009341	8.266257	8.312621	8.437050
1538595895.042679	8.182878	7.747653	8.296977
1538595895.075763	7.594130	6.793050	7.985488
1538595895.109275	7.773245	8.223868	7.917925
1538595895.142381	7.323354	8.276199	7.870678
1538595895.175680	7.941938	7.871088	7.782372
1538595895.209265	8.359123	7.528776	7.738596
1538595895.242280	4.431945	3.346137	7.049214
1538595895.275671	7.746983	7.606616	6.925763
1538595895.309005	7.627563	8.276979	6.925919
1538595895.342263	7.044175	7.778057	6.907313
1538595895.375655	8.215417	7.425412	6.886640
1538595895.408914	7.651183	7.893037	7.796020
1538595895.442306	7.506800	7.716819	7.818061
1538595895.475528	7.420491	7.524798	7.667625
1538595895.508934	7.682395	7.796535	7.671320
1538595895.542286	7.696761	8.002529	7.786744
1538595895.575584	7.045804	7.818358	7.771808
1538595895.608847	7.881259	7.950412	7.818526
1538595895.642411	7.379893	8.012352	7.916037
1538595895.675531	7.540411	7.722593	7.901249
1538595895.708834	7.628447	7.785825	7.857908
1538595895.742339	7.115660	7.791113	7.852459
1538595895.775500	8.106318	7.909641	7.844305
1538595895.808903	7.827867	8.226755	7.887186
1538595895.842266	7.487959	8.318943	8.006456
1538595895.875475	7.799232	8.535967	8.156484
1538595895.908825	8.166857	8.530925	8.304446
1538595895.942176	8.188092	9.122827	8.547083
1538595895.975491	8.365126	9.177039	8.737140
1538595896.008823	8.628940	9.419442	8.957240
1538595896.042177	6.455440	5.760289	8.402104
1538595896.075602	6.727541	6.036417	7.903203
1538595896.108889	6.702580	6.369031	7.352444
1538595896.142267	6.871123	6.088641	6.734764
1538595896.175451	7.002988	6.487193	6.148314
1538595896.208787	7.593549	7.601691	6.516595
1538595896.242152	7.761501	8.310753	6.971462
1538595896.275448	8.011231	8.314719	7.360599
1538595896.308896	8.092599	8.604262	7.863724
1538595896.342162	4.741424	4.669640	7.500213
1538595896.375644	5.225650	5.123364	7.004548
1538595896.408951	5.001723	4.981078	6.338613
1538595896.442371	6.315547	5.736162	5.822901
1538595896.476431	7.102291	6.776325	5.457314
1538595896.509673	8.624457	7.935044	6.110395
1538595896.542440	10.311204	9.713056	7.028333
1538595896.575509	12.298901	10.938112	8.219740
1538595896.608903	13.202831	12.626124	9.597732
1538595896.642135	14.572280	13.969190	11.036305
1538595896.675459	16.263859	15.502898	12.549876
1538595896.708728	17.391125	17.088659	14.024997
1538595896.742045	19.275702	19.178999	15.673174
1538595896.775454	20.766870	20.569544	17.261858
1538595896.809104	22.105892	22.434803	18.954981
1538595896.842160	23.836637	24.035828	20.661567
1538595896.875499	25.327574	24.470119	22.137859
1538595896.908920	27.061110	26.314882	23.565035
1538595896.942349	28.723162	28.094698	25.070066
1538595896.975410	30.643711	29.313700	26.445845
1538595897.008808	32.357006	30.513542	27.741388
1538595897.042175	33.896362	32.205601	29.288485
1538595897.075428	35.403919	33.295273	30.684563
1538595897.108803	36.939953	33.973129	31.860249
1538595897.142266	36.780945	34.787350	32.954979
1538595897.175771	36.207630	35.338844	33.920039
1538595897.209002	38.733498	36.051800	34.689279
1538595897.242414	39.489033	36.375893	35.305403
1538595897.275428	40.665318	37.326496	35.976077
1538595897.309002	40.499054	36.640793	36.346765
1538595897.341999	35.580658	35.259708	36.330938
1538595897.375304	36.170338	35.674252	36.255428
1538595897.408672	36.935379	35.795547	36.139359
1538595897.442031	38.829166	35.639324	35.801925
1538595897.475358	38.207283	35.333382	35.540443
1538595897.508601	37.864563	34.824066	35.453314
1538595897.541942	36.066429	33.475780	35.013620
1538595897.575322	34.962589	32.986526	34.451816
1538595897.608640	32.640545	31.772291	33.678409
1538595897.641944	31.393667	29.379930	32.487719
1538595897.675318	30.037455	27.976917	31.118289
1538595897.708610	28.241217	26.375151	29.698163
1538595897.742053	26.326815	25.273777	28.155613
1538595897.775425	24.617002	23.663639	26.533883
1538595897.808659	22.700510	21.743307	25.006558
1538595897.841942	21.840490	19.512022	23.313579
1538595897.875239	20.761877	20.287483	22.096046
1538595897.908572	19.099392	18.076777	20.656646
1538595897.941981	17.221964	16.678057	19.259529
1538595897.975200	15.940398	14.403989	17.791665
1538595898.008564	14.645170	13.697705	16.628802
1538595898.041870	12.931084	11.862937	14.943893
1538595898.075203	11.377826	10.331757	13.394889
1538595898.108580	9.873663	8.863260	11.831930
1538595898.141918	8.984474	8.865713	10.724274
1538595898.175194	8.666586	7.905759	9.565885
1538595898.208533	7.505182	7.220968	8.637491
1538595898.241888	6.540015	6.687095	7.908559
1538595898.275150	7.084884	5.999190	7.335745
1538595898.308482	5.989938	5.165812	6.595765
1538595898.341826	5.960861	4.257115	5.866036
1538595898.375201	6.353352	4.135030	5.248848
1538595898.408455	3.504751	2.259101	4.363250
1538595898.441705	2.803730	1.663337	3.496079
1538595898.475137	5.814435	5.556099	3.574137
1538595898.508396	6.550406	7.451646	4.213043
1538595898.541815	5.538941	6.210426	4.628122
1538595898.575141	4.466640	5.054355	5.187173
1538595898.608350	2.948125	2.904706	5.435447
1538595898.641899	1.828256	1.457774	4.615782
1538595898.675131	0.486220	0.246829	3.174818
1538595898.708343	-0.654356	-0.507904	1.831152
1538595898.741765	-1.279251	-1.331868	0.553908
1538595898.775030	-2.907108	-3.021251	-0.631284
1538595898.808373	-2.279425	-3.125098	-1.547858
1538595898.841866	-2.472296	-2.713489	-2.139922
1538595898.875194	-3.333376	-3.595479	-2.757437
1538595898.908488	-4.384250	-5.145691	-3.520201
1538595898.941736	-5.610206	-6.010264	-4.118004
1538595898.974995	-5.879876	-6.436648	-4.780314
1538595899.008360	-6.105999	-5.426635	-5.322943
1538595899.041778	-7.497803	-5.007845	-5.605417
1538595899.075025	-8.468572	-6.540248	-5.884328
1538595899.108401	-9.439151	-7.852916	-6.252858
1538595899.141733	-9.599380	-8.052061	-6.575941
1538595899.175050	-9.247382	-6.974760	-6.885566
1538595899.208403	-8.892896	-6.571526	-7.198302
1538595899.241681	-8.662806	-6.861544	-7.262561
1538595899.276620	-8.407292	-7.445943	-7.181167
1538595899.308268	-7.850032	-7.054027	-6.981560
1538595899.341683	-5.922286	-4.702739	-6.527156
1538595899.375055	-7.350344	-6.740629	-6.560976
1538595899.408268	-7.214010	-7.290924	-6.646852
1538595899.441733	-6.173502	-6.537632	-6.465190
1538595899.475038	-5.100612	-6.333376	-6.321060
1538595899.508389	-3.486832	-4.273635	-6.235239
1538595899.541649	-2.354251	-2.879914	-5.463096
1538595899.575016	-0.825058	-1.238856	-4.252683
1538595899.608262	-1.970898	-2.025246	-3.350205
1538595899.641592	0.116385	-0.058020	-2.095134
1538595899.675027	0.611428	0.875100	-1.065387
1538595899.708304	2.320896	2.522325	0.015061
1538595899.741577	2.808581	3.345805	0.931993
1538595899.774992	3.194405	1.670705	1.671183
1538595899.808222	4.840581	3.040457	2.290879
1538595899.841585	5.330965	3.134598	2.742778
1538595899.874841	6.789262	4.088758	3.056065
1538595899.908215	7.189358	5.792634	3.545430
1538595899.941662	6.115437	3.637031	3.938696
1538595899.974954	6.771791	4.255774	4.181759
1538595900.008402	8.673798	6.021263	4.759092
1538595900.041618	8.983428	6.179317	5.177204
1538595900.074949	9.938191	6.637486	5.346174
1538595900.108282	9.385024	6.409183	5.900605
1538595900.141531	9.389908	6.608890	6.371228
1538595900.174912	9.228483	6.408701	6.448715
1538595900.208156	8.695761	5.447079	6.302268
1538595900.241538	7.421239	5.580762	6.090923
1538595900.274908	8.135222	5.552135	5.919513
1538595900.308187	8.678176	5.359581	5.669652
1538595900.341578	8.643421	5.723329	5.532577
1538595900.374918	9.308954	5.636840	5.570529
1538595900.408188	9.179219	6.366068	5.727591
1538595900.441598	9.691809	7.528636	6.122891
1538595900.474895	9.782960	7.426921	6.536359
1538595900.508220	7.807866	6.695601	6.730813
1538595900.541559	9.222945	7.625700	7.128585
1538595900.574982	10.255807	9.118822	7.679136
1538595900.608175	11.355542	10.116004	8.196610
1538595900.641670	12.097836	10.753680	8.861961
1538595900.675197	13.150993	11.550320	9.832905
1538595900.708293	15.093241	13.301100	10.967985
1538595900.741817	16.849686	15.138310	12.171883
1538595900.774973	18.526176	16.628658	13.474414
1538595900.808387	20.555361	18.038750	14.931428
1538595900.841755	21.991405	19.198948	16.461153
1538595900.875186	24.034086	21.419491	18.084831
1538595900.908190	25.474625	23.005951	19.658360
1538595900.941480	26.853746	23.981251	21.128878
1538595900.974761	28.203197	24.545334	22.430195
1538595901.008080	29.195948	25.360741	23.662553
1538595901.041446	30.333874	26.266716	24.631998
1538595901.074732	31.293694	27.351879	25.501184
1538595901.108096	31.869137	27.508724	26.206679
1538595901.141425	32.428467	27.221397	26.741891
1538595901.174778	31.886492	28.355604	27.340864
1538595901.208035	31.660173	25.765387	27.240598
1538595901.241433	31.115036	26.516689	27.073560
1538595901.274755	29.889385	25.319748	26.635765
1538595901.308018	28.872196	24.473242	26.086134
1538595901.341507	27.529743	23.428955	25.100804
1538595901.374844	26.014612	22.091608	24.366048
1538595901.408071	23.818785	19.909374	23.044585
1538595901.441429	21.819956	18.494595	21.679555
1538595901.474826	19.479034	17.433563	20.271619
1538595901.508059	17.546432	14.948697	18.575567
1538595901.541383	15.842950	13.295877	16.816421
1538595901.574688	13.811178	11.341428	15.102832
1538595901.607984	12.321463	11.296067	13.663126
1538595901.641426	9.480632	7.423230	11.661060
1538595901.674708	10.144327	9.777314	10.626783
1538595901.708057	8.310361	8.054955	9.578599
1538595901.741365	7.249601	6.551390	8.620591
1538595901.774635	6.184554	5.868892	7.535156
1538595901.808041	7.158701	6.848784	7.420267
1538595901.841352	6.286711	6.338546	6.732513
1538595901.874698	5.787430	5.830685	6.287659
1538595901.907954	4.840566	5.048501	5.987081
1538595901.941515	3.887967	3.590420	5.531387
1538595901.974640	2.384534	2.450309	4.651692
1538595902.007999	2.134596	1.563689	3.696721
1538595902.041440	3.391332	2.496774	3.029938
1538595902.074610	5.553764	4.963132	3.012865
1538595902.108134	-2.322107	-0.754130	2.143955
1538595902.141289	0.354302	1.617329	1.977359
1538595902.174634	-0.340481	2.124752	2.089571
1538595902.207940	-0.580401	1.769731	1.944163
1538595902.241394	-1.241434	0.707819	1.093100
1538595902.274626	-1.966156	0.147313	1.273389
1538595902.307921	-2.978746	-0.815143	0.786894
1538595902.341369	-3.661969	-2.265511	-0.091158
1538595902.374675	-4.378973	-3.132658	-1.071636
1538595902.407922	-5.004413	-3.749805	-1.963161
1538595902.441255	-6.061231	-4.887942	-2.970212
1538595902.474556	-5.713388	-5.836987	-3.974581
1538595902.507869	-6.576040	-7.282153	-4.977909
1538595902.541816	-6.648088	-7.883322	-5.928042
1538595902.574513	-8.008717	-8.096395	-6.797360
1538595902.608017	-9.241911	-8.824629	-7.584697
1538595902.641198	-9.814791	-10.012778	-8.419855
1538595902.674722	-10.361829	-10.243155	-9.012056
1538595902.707879	-9.821385	-8.624207	-9.160233
1538595902.741291	-9.957963	-8.742199	-9.289394
1538595902.775060	-10.316319	-9.555773	-9.435622
1538595902.808154	-12.691529	-12.551892	-9.943445
1538595902.841149	-11.663918	-10.535172	-10.001849
1538595902.874827	-12.437903	-11.579852	-10.592978
1538595902.907936	-12.698154	-11.613404	-11.167219
1538595902.941410	-11.729310	-10.435744	-11.343213
1538595903.007820	-11.654323	-10.648109	-10.962457
1538595903.041212	-10.147873	-8.907203	-10.636863
1538595903.074468	-9.214735	-8.279154	-9.976723
1538595903.108036	-7.928368	-7.373979	-9.128838
1538595903.141633	-6.889597	-6.489914	-8.339672
1538595903.174616	-5.703588	-5.532281	-7.316506
1538595903.207911	-4.695449	-4.519739	-6.439013
1538595903.274418	-1.433756	-0.802942	-4.943771
1538595903.307760	-0.202544	0.623845	-3.344206
1538595903.341117	0.762578	1.569618	-1.732300
1538595903.374449	0.815046	0.777109	-0.470422
1538595903.407735	1.277603	2.346861	0.902898
1538595903.441110	2.741764	3.582449	1.779976
1538595903.474337	3.067832	4.173168	2.489841
1538595903.508213	4.063831	4.731064	3.122130
1538595903.541216	5.236299	5.880206	4.142750
1538595903.574823	6.781250	7.052226	5.083823
1538595903.641059	4.576954	4.837838	5.334900
1538595903.674393	5.656389	5.471182	5.594503
1538595903.707736	6.254575	6.153295	5.878949
1538595903.740977	5.033794	3.018033	5.306515
1538595903.774517	5.027931	4.006696	4.697409
1538595903.807601	5.570184	4.902759	4.710393
1538595903.841138	6.888033	6.095732	4.835303
1538595903.874504	7.569565	7.898341	5.184312
1538595903.907625	9.047572	9.395088	6.459723
1538595903.941053	9.419659	8.237916	7.305967
1538595903.974324	10.174744	8.066622	7.938740
1538595904.007609	11.054738	7.938477	8.307289
1538595904.040994	12.126769	11.324313	8.992483
1538595904.074245	14.495788	13.147233	9.742912
1538595904.107592	14.843113	14.496537	10.994636
1538595904.141034	15.986270	15.541269	12.489566
1538595904.174324	17.175037	17.127048	14.327280
1538595904.207814	18.300268	18.732836	15.808985
1538595904.241161	19.445181	19.785631	17.136664
1538595904.274338	20.963074	21.337473	18.504852
1538595904.307716	22.557966	22.375031	19.871604
1538595904.341184	23.468027	23.713425	21.188879
1538595904.375378	24.346806	24.062639	22.254840
1538595904.407883	24.594997	24.372425	23.172198
1538595904.441273	24.766109	24.635647	23.831833
1538595904.474641	24.862549	24.658834	24.288594
1538595904.507904	24.286959	23.976126	24.341134
1538595904.540978	23.696178	23.265676	24.181742
1538595904.574404	23.033173	23.080544	23.923365
1538595904.608083	22.247631	21.389063	23.274049
1538595904.674317	19.860815	19.184174	22.179116
1538595904.707704	17.859877	17.924383	20.968768
1538595904.741090	17.032286	16.718491	19.659331
1538595904.774257	15.341177	14.740314	17.991285
1538595904.808277	14.166389	13.255465	16.364565
1538595904.841273	12.441421	12.186216	14.964974
1538595904.874384	12.879133	11.947495	13.769596
1538595904.907836	10.833428	9.695230	12.364944
1538595904.941142	10.654184	9.618399	11.340561
1538595904.974362	11.685745	10.433154	10.776099
1538595905.007812	10.845245	9.704576	10.279771
1538595905.041147	9.574245	8.188970	9.528066
1538595905.074489	8.725265	7.225909	9.034202
1538595905.141140	6.814903	5.243089	8.159140
1538595905.174227	8.816288	8.380960	7.748701
1538595905.207551	7.574288	6.303264	7.068438
1538595905.241126	6.296769	5.488729	6.528390
1538595905.274276	5.247045	4.644265	6.012061
1538595905.307560	5.309395	3.876537	5.738751
1538595905.340876	1.320188	1.994420	4.461443
1538595905.374149	-0.062239	0.678459	3.336482
1538595905.407500	2.005598	1.653770	2.569490
1538595905.441404	-2.930667	-0.929200	1.454797
1538595905.474210	1.497725	3.999403	1.479371
1538595905.507452	0.705264	3.192905	1.719068
1538595905.540856	-0.581940	1.765686	1.936513
1538595905.574290	-1.207864	0.827044	1.771168
1538595905.607535	-2.015110	-0.178935	1.921221
1538595905.640860	-2.973719	-1.044081	0.912524
1538595905.674462	-4.252844	-2.641780	-0.254413
1538595905.707500	-4.859917	-3.981767	-1.403904
1538595905.741432	-6.563694	-5.783827	-2.726078
1538595905.774462	-7.190897	-6.338818	-3.958055
1538595905.807944	-9.148149	-7.692825	-5.287804
1538595905.840840	-10.854815	-10.729250	-6.905297
1538595905.874192	-12.308407	-11.742087	-8.457362
1538595905.907622	-13.752821	-13.582170	-10.017030
1538595905.941005	-15.028755	-14.965661	-11.742399
1538595905.974002	-16.150576	-16.058796	-13.415593
1538595906.007839	-17.389296	-17.140409	-14.697825
1538595906.041012	-17.339790	-16.058922	-15.561192
1538595906.074335	-18.301445	-19.587202	-16.762198
1538595906.107591	-18.914772	-19.275625	-17.624191
1538595906.140886	-19.284241	-18.669167	-18.146265
1538595906.174054	-20.067528	-19.348860	-18.587955
1538595906.207798	-20.944159	-19.672663	-19.310703
1538595906.240835	-21.444124	-20.231041	-19.439471
1538595906.274392	-21.979006	-20.351748	-19.654696
1538595906.340937	-21.531675	-20.587887	-20.038440
1538595906.374083	-22.270432	-21.358488	-20.440365
1538595906.407364	-19.940723	-19.933813	-20.492595
1538595906.440638	-20.653814	-19.821344	-20.410656
1538595906.474122	-21.133362	-18.702351	-20.080777
1538595906.507351	-18.449188	-17.999298	-19.563059
1538595906.540807	-18.083609	-18.163441	-18.924049
1538595906.574085	-17.474209	-15.678501	-18.072987
1538595906.607411	-16.157228	-16.329514	-17.374621
1538595906.645718	-14.706666	-14.883342	-16.610819
1538595906.674072	-12.993944	-13.245676	-15.660095
1538595906.707524	-10.767686	-11.461178	-14.319642
1538595906.740730	-9.108247	-9.573706	-13.098683
1538595906.774662	-6.795146	-6.543124	-11.141405
1538595906.807653	-5.297019	-4.916488	-9.148034
1538595906.840609	-3.814410	-3.917658	-7.282431
1538595906.873988	-2.576950	-1.512997	-5.292794
1538595906.907568	-1.003467	0.430062	-3.292041
1538595906.940822	-0.921626	-0.153614	-2.014139
1538595906.973916	0.794674	1.035335	-0.823774
1538595907.007481	1.797024	2.734423	0.506642
1538595907.040912	2.817658	3.886401	1.586521
1538595907.074301	5.097441	5.300164	2.560542
1538595907.107747	4.049715	4.151901	3.421645
1538595907.140854	4.493748	4.067283	4.028034
1538595907.173958	6.689876	5.943767	4.669903
1538595907.207385	4.502385	2.241261	4.340875
1538595907.240898	5.272767	3.472245	3.975291
1538595907.274061	6.098515	4.406733	4.026258
1538595907.307588	7.055634	6.644853	4.541772
1538595907.340775	8.611341	7.546684	4.862355
1538595907.374071	8.982315	8.784312	6.170965
1538595907.407584	10.240026	9.610175	7.398551
1538595907.440828	10.699729	8.758245	8.268854
1538595907.473890	11.639323	10.122216	8.964327
1538595907.540598	15.173627	13.889345	10.232859
1538595907.573851	15.088779	14.800583	11.436113
1538595907.607374	16.252583	16.110439	12.736166
1538595907.640688	17.085711	15.842906	14.153098
1538595907.674037	18.024012	16.651316	15.458918
1538595907.707330	18.715464	18.082645	16.297578
1538595907.740764	19.592047	19.148596	17.167180
1538595907.774020	20.786455	20.227182	17.990529
1538595907.807241	22.035078	21.224941	19.066936
1538595907.840657	22.134247	21.893885	20.115450
1538595907.874112	23.212036	22.193018	20.937524
1538595907.907352	23.357769	22.480780	21.603961
1538595907.940565	23.358276	22.306286	22.019782
1538595907.973822	23.208294	22.343697	22.243533
1538595908.007373	22.248003	21.280333	22.120823
1538595908.040580	21.508501	20.773190	21.836857
