1539117530.994203	-1.753257	-0.012918	-0.012918
1539117531.060400	-0.917677	-0.221143	-0.117030
1539117531.093652	-1.385197	-0.332419	-0.188827
1539117531.127029	-1.764012	0.132032	-0.108612
1539117531.160273	-1.187276	0.406239	-0.005642
1539117531.193538	-1.156233	0.659779	0.128898
1539117531.226789	-1.099572	0.399382	0.253003
1539117531.260234	-1.035896	0.317437	0.382974
1539117531.293447	-1.100612	0.314708	0.419509
1539117531.326741	-1.694888	0.284001	0.395061
1539117531.360090	-1.889143	0.110095	0.285125
1539117531.393543	-1.757183	0.271179	0.259484
1539117531.426759	-2.568455	-0.247890	0.146419
1539117531.460050	-2.668729	-0.454784	-0.007480
1539117531.493432	-2.568465	0.137850	-0.036710
1539117531.526836	-2.588835	-0.784912	-0.215711
1539117531.560067	-2.497836	-0.763382	-0.422624
1539117531.593352	-2.744722	-0.230472	-0.419140
1539117531.626589	-2.661746	-0.553038	-0.438791
1539117531.660111	-2.829612	-0.891054	-0.644571
1539117531.693587	-2.808363	-1.090676	-0.705724
1539117531.727027	-3.614763	-0.947716	-0.742591
1539117531.760144	-2.869167	-1.136560	-0.923809
1539117531.793339	-3.443459	-0.895266	-0.992254
1539117531.826695	-3.400442	-1.532580	-1.120560
1539117531.859968	-3.155238	-1.283310	-1.159086
1539117531.893264	-3.550386	-0.992113	-1.167966
1539117531.926639	-3.415004	-0.985783	-1.137810
1539117531.959961	-3.623925	-1.556367	-1.270031
1539117531.993272	-3.619535	-1.207996	-1.205114
1539117532.026657	-4.126650	-1.789888	-1.306429
1539117532.060036	-4.506069	-2.445858	-1.597178
1539117532.093357	-1.062049	1.068052	-1.186411
1539117532.126709	-2.334243	0.434799	-0.788178
1539117532.159958	-1.782753	0.944945	-0.357590
1539117532.193330	-3.519508	-0.322269	-0.064066
1539117532.226497	-4.155932	-0.639876	0.297130
1539117532.259769	-3.240203	-0.641530	-0.044786
1539117532.293097	-2.945896	-1.772460	-0.486238
1539117532.326553	-3.372749	-2.013806	-1.077988
1539117532.359627	-3.239155	-2.485104	-1.510555
1539117532.392980	-3.394649	-2.756329	-1.933846
1539117532.426171	-3.044017	-3.013239	-2.408188
1539117532.459456	-2.484633	-2.607307	-2.575157
1539117532.492890	-2.148669	-2.836077	-2.739611
1539117532.526094	-1.685037	-2.829128	-2.808416
1539117532.559387	-0.782006	-2.466073	-2.750365
1539117532.592769	-0.825012	-2.020200	-2.551757
1539117532.626053	-0.562172	-1.549734	-2.340242
1539117532.659398	-2.719772	-3.979004	-2.568828
1539117532.692768	-2.334939	-3.803843	-2.763771
1539117532.725994	-1.816594	-2.787038	-2.827964
1539117532.759454	-1.173061	-2.454849	-2.914894
1539117532.792752	-1.691625	-4.560759	-3.517098
1539117532.826453	-2.226400	-3.154952	-3.352288
1539117532.859506	-2.754160	-3.276884	-3.246896
1539117532.892815	-4.377806	-4.321560	-3.553801
1539117532.926146	-2.513553	-1.343309	-3.331493
1539117532.959215	-3.723793	-2.403840	-2.900109
1539117532.992771	-4.942125	-4.272841	-3.123687
1539117533.026135	-5.717979	-5.072413	-3.482793
1539117533.059195	-6.327259	-5.980498	-3.814580
1539117533.092502	-7.495236	-6.058052	-4.757529
1539117533.126030	-7.693385	-7.852918	-5.847344
1539117533.159129	-8.625792	-9.098569	-6.812490
1539117533.192432	-9.242202	-9.925226	-7.783053
1539117533.226042	-9.803747	-10.536015	-8.694156
1539117533.258959	-10.426334	-10.770986	-9.636743
1539117533.292296	-10.365596	-10.710542	-10.208267
1539117533.325783	-10.805289	-10.900820	-10.568718
1539117533.359201	-10.961914	-11.322419	-10.848156
1539117533.392481	-10.980556	-10.711682	-10.883290
1539117533.425765	-10.952807	-10.455613	-10.820215
1539117533.458982	-10.928273	-10.827649	-10.843637
1539117533.492185	-12.114516	-11.145045	-10.892482
1539117533.525607	-11.846466	-11.131939	-10.854386
1539117533.558925	-11.795743	-11.374663	-10.986982
1539117533.592257	-12.340354	-11.443579	-11.184575
1539117533.625682	-13.007397	-12.248139	-11.468673
1539117533.659016	-11.637398	-11.960066	-11.631677
1539117533.692483	-12.255355	-11.169209	-11.639131
1539117533.725627	-13.365118	-12.337923	-11.831783
1539117533.758935	-14.034051	-11.967995	-11.936666
1539117533.792285	-13.606296	-12.200716	-11.927182
1539117533.825408	-12.337584	-10.219237	-11.579016
1539117533.858779	-13.628257	-12.418654	-11.828905
1539117533.891850	-13.326150	-11.023666	-11.566054
1539117533.925332	-14.218626	-12.527358	-11.677926
1539117533.958678	-15.043649	-12.390054	-11.715794
1539117533.991980	-15.815648	-13.105809	-12.293108
1539117534.025485	-16.255472	-13.423412	-12.494060
1539117534.058791	-16.264729	-12.153049	-12.719937
1539117534.091787	-16.560951	-13.801047	-12.974674
1539117534.125481	-18.116302	-16.686810	-13.834026
1539117534.158592	-17.973829	-16.648664	-14.542597
1539117534.191789	-18.608543	-17.336039	-15.325122
1539117534.225058	-17.972422	-15.850801	-16.064672
1539117534.258364	-16.402534	-13.423405	-15.989144
1539117534.291564	-16.323660	-13.179382	-15.287658
1539117534.325039	-16.372169	-13.295584	-14.617042
1539117534.358336	-16.788502	-13.396698	-13.829174
1539117534.391853	-16.822756	-14.069798	-13.472973
1539117534.425153	-17.212477	-14.450845	-13.678461
1539117534.458168	-17.592070	-14.892863	-14.021157
1539117534.491446	-18.092228	-15.115168	-14.385074
1539117534.524918	-18.446085	-16.540794	-15.013894
1539117534.558273	-18.852543	-17.287132	-15.657360
1539117534.591412	-19.038914	-17.461235	-16.259439
1539117534.624779	-19.411539	-17.427092	-16.766284
1539117534.658015	-18.992250	-17.677301	-17.278711
1539117534.691314	-19.293516	-18.130859	-17.596724
1539117534.724685	-19.831450	-19.091162	-17.957530
1539117534.758077	-20.029512	-19.030817	-18.271446
1539117534.791286	-19.899569	-18.545507	-18.495129
1539117534.824622	-19.911463	-19.020241	-18.763717
1539117534.858000	-19.030575	-17.907593	-18.719064
1539117534.891393	-19.093410	-18.033594	-18.507550
1539117534.924651	-18.910667	-18.007248	-18.302837
1539117534.957980	-18.788816	-18.091045	-18.211944
1539117534.991174	-19.071363	-18.239534	-18.055803
1539117535.024507	-19.746435	-18.751270	-18.224538
1539117535.057945	-19.533316	-19.117882	-18.441396
1539117535.091140	-20.562281	-18.604420	-18.560830
1539117535.124419	-19.873493	-18.451130	-18.632847
1539117535.158198	-19.491428	-17.478941	-18.480729
1539117535.191297	-19.480513	-16.055325	-17.941539
1539117535.224686	-18.452621	-17.002151	-17.518393
1539117535.258077	-18.730051	-17.462921	-17.290094
1539117535.290906	-18.637371	-17.119184	-17.023705
1539117535.324322	-18.665318	-17.119316	-16.951780
1539117535.357665	-18.687981	-17.325504	-17.205816
1539117535.391106	-17.281101	-17.243376	-17.254060
1539117535.424548	-17.316675	-16.469484	-17.055373
1539117535.457839	-17.220778	-16.736559	-16.978848
1539117535.491217	-17.239937	-16.967678	-16.948520
1539117535.524495	-17.295628	-17.376186	-16.958657
1539117535.557797	-16.704781	-16.767374	-16.863456
1539117535.590755	-16.567888	-17.127197	-16.994999
1539117535.624525	-16.209467	-16.585663	-16.964820
1539117535.657448	-15.757704	-15.494737	-16.670231
1539117535.690794	-14.987739	-15.108335	-16.216661
1539117535.724185	-14.739630	-14.429564	-15.749099
1539117535.757423	-15.169734	-14.220821	-15.167824
1539117535.790687	-14.618331	-13.158046	-14.482301
1539117535.824265	-14.567553	-14.330549	-14.249463
1539117535.857558	-13.476881	-13.116484	-13.851093
1539117535.890896	-12.704900	-12.521075	-13.469395
1539117535.924105	-12.135691	-11.922147	-13.009660
1539117535.957446	-11.655815	-10.968026	-12.571656
1539117535.990547	-13.259956	-12.078024	-12.121151
1539117536.023802	-12.833552	-11.624863	-11.822827
1539117536.057062	-12.823947	-11.690545	-11.656721
1539117536.090386	-12.729405	-11.167236	-11.505739
1539117536.123748	-12.542323	-11.446450	-11.601424
1539117536.157055	-10.410088	-10.041650	-11.194149
1539117536.190361	-10.631732	-9.688850	-10.806946
1539117536.223681	-9.902772	-8.869769	-10.242791
1539117536.257032	-9.747350	-8.803920	-9.770128
1539117536.290358	-9.510936	-8.795279	-9.239894
1539117536.323686	-11.075132	-9.702878	-9.172139
1539117536.357218	-11.845931	-10.368692	-9.308108
1539117536.390372	-11.697936	-10.240262	-9.582206
1539117536.423532	-10.661086	-9.741983	-9.769819
1539117536.456828	-9.946587	-8.917016	-9.794166
1539117536.490226	-9.617960	-8.460759	-9.545743
1539117536.523394	-8.845054	-7.841877	-9.040379
1539117536.556733	-8.491342	-7.522143	-8.496756
1539117536.590020	-7.786538	-6.606016	-7.869562
1539117536.623445	-7.455614	-5.576428	-7.201445
1539117536.656780	-6.961921	-5.098005	-6.528894
1539117536.690056	-6.887992	-5.590822	-6.078683
1539117536.723413	-6.525634	-5.380209	-5.650296
1539117536.756621	-6.809148	-5.877744	-5.504642
1539117536.790033	-6.782153	-5.502753	-5.489907
1539117536.823499	-6.985872	-5.483376	-5.566981
1539117536.856592	-7.628111	-5.753585	-5.599533
1539117536.889934	-6.306442	-4.660478	-5.455587
1539117536.923258	-6.436043	-5.042780	-5.288594
1539117536.956570	-6.526955	-4.990450	-5.186134
1539117536.989854	-6.458664	-5.120674	-5.113593
1539117537.023105	-6.240341	-6.634880	-5.289852
1539117537.056730	-6.360186	-7.518158	-5.861388
1539117537.089742	-5.658436	-6.699713	-6.192775
1539117537.123196	-5.008421	-5.714422	-6.337569
1539117537.156515	-3.713731	-4.262302	-6.165895
1539117537.189714	-2.546202	-2.880437	-5.415007
1539117537.223046	-4.127267	-3.652420	-4.641859
1539117537.256482	-3.966514	-3.818279	-4.065572
1539117537.289694	-3.964600	-3.216373	-3.565962
1539117537.323059	-3.957929	-3.028086	-3.319119
1539117537.356431	-3.719010	-3.021647	-3.347361
1539117537.389573	-3.144229	-2.235118	-3.063900
1539117537.423090	-3.049525	-2.001232	-2.700491
1539117537.456252	-2.729101	-2.340722	-2.525361
1539117537.489603	-2.758908	-1.509550	-2.221654
1539117537.522869	-3.046535	-1.654680	-1.948260
1539117537.556270	-3.674282	-2.079170	-1.917071
1539117537.589525	-3.908774	-2.055828	-1.927990
1539117537.622931	-4.387259	-2.272103	-1.914266
1539117537.656039	-5.405038	-2.162096	-2.044776
1539117537.689392	-6.089463	-2.871716	-2.288183
1539117537.722720	-6.217308	-2.683669	-2.409082
1539117537.755992	-6.397493	-2.988295	-2.595576
1539117537.789354	-6.368941	-2.875401	-2.716235
1539117537.822777	-5.912928	-2.643890	-2.812594
1539117537.856103	-5.306198	-2.219233	-2.682097
1539117537.889501	-4.233202	-1.386124	-2.422589
1539117537.922752	-3.580320	-0.761317	-1.977193
1539117537.955952	-1.987523	0.715588	-1.258995
1539117537.989228	-2.152862	-1.647212	-1.059660
1539117538.022629	-1.946683	0.114034	-0.593006
1539117538.055851	0.772764	2.915903	0.267399
1539117538.089144	1.089448	3.084948	1.036652
1539117538.122511	-6.589565	-3.191836	0.255168
1539117538.155954	-0.405937	1.892882	0.963186
1539117538.189342	-5.565186	-2.744320	0.391515
1539117538.222575	-5.369255	-2.692932	-0.730252
1539117538.255763	-3.859210	-1.319988	-1.611239
1539117538.289064	-4.009715	-1.444525	-1.261777
1539117538.322353	-4.271312	-1.710742	-1.982502
1539117538.355696	-4.437449	-1.528274	-1.739292
1539117538.388986	-5.011992	-2.004357	-1.601577
1539117538.422255	-3.655477	0.983348	-1.140910
1539117538.455688	-3.150228	1.533422	-0.545321
1539117538.488916	-4.502454	-1.677141	-0.538601
1539117538.522321	-2.647735	1.913564	0.149767
1539117538.555615	-3.475324	-1.176244	0.315390
1539117538.589045	-2.805434	-0.033495	0.112021
1539117538.622179	-1.973685	1.082768	0.021890
1539117538.655449	-1.100091	1.581847	0.673688
1539117538.688752	-0.389816	2.877663	0.866508
1539117538.722894	0.528207	3.706592	1.843075
1539117538.755555	0.192084	3.063216	2.462417
1539117538.788719	0.743103	3.377648	2.921393
1539117538.822067	1.846616	5.029886	3.611001
1539117538.855608	1.998775	4.831807	4.001830
1539117538.888628	2.990981	5.980640	4.456639
1539117538.921989	3.473402	6.090274	5.062051
1539117538.955384	4.492525	6.937257	5.773973
1539117538.988542	4.868096	7.109058	6.189807
1539117539.021870	5.643236	7.930460	6.809538
1539117539.055364	5.504392	7.520983	7.117607
1539117539.088613	5.849325	7.641347	7.427821
1539117539.121828	6.257409	8.232549	7.686879
1539117539.155163	7.000800	9.033040	8.071676
1539117539.188488	7.528059	8.994414	8.284467
1539117539.221800	8.128464	9.589607	8.698192
1539117539.255133	8.539402	10.275768	9.225076
1539117539.288395	9.077713	10.906444	9.759855
1539117539.321860	9.562223	11.812557	10.315758
1539117539.355025	10.264714	12.894238	11.095723
1539117539.388434	11.111688	13.589874	11.895776
1539117539.421738	11.458264	13.896909	12.620004
1539117539.454902	12.231374	14.391940	13.317104
1539117539.488375	12.864829	15.038875	13.962367
1539117539.521649	13.188936	15.313514	14.446222
1539117539.554898	13.880941	16.121332	14.952514
1539117539.588294	14.520381	16.783945	15.529921
1539117539.621519	14.669930	16.755810	16.002695
1539117539.654977	14.731708	16.509418	16.296804
1539117539.688182	15.268946	17.204618	16.675025
1539117539.721557	15.498080	16.229713	16.696701
1539117539.754811	15.633249	16.203972	16.580706
1539117539.787987	16.105810	16.797667	16.589078
1539117539.821518	16.583055	18.002960	16.887786
1539117539.854822	17.060043	18.393482	17.125559
1539117539.888034	17.362772	18.362785	17.552173
1539117539.921297	18.215355	19.562298	18.223838
1539117539.954863	18.853987	20.259336	18.916172
1539117539.988135	19.070335	20.322721	19.380125
1539117540.021167	19.853504	21.133839	19.928196
1539117540.054589	18.334612	19.310686	20.117776
1539117540.087916	19.125826	19.800892	20.165495
1539117540.121209	19.850000	20.973610	20.308350
1539117540.154575	20.001404	20.833708	20.410547
1539117540.187859	21.279264	22.224466	20.628672
1539117540.221157	20.927017	20.964293	20.959394
1539117540.254405	21.720467	22.332529	21.465721
1539117540.287833	21.613153	21.659189	21.602837
1539117540.321045	22.856092	23.564528	22.149001
1539117540.354391	22.970705	23.063599	22.316827
1539117540.387886	23.414251	23.036110	22.731191
1539117540.421041	24.535810	25.548756	23.374436
1539117540.454277	24.501656	25.941431	24.230885
1539117540.487634	25.064442	26.280962	24.774171
1539117540.521010	25.708338	27.204243	25.602300
1539117540.554250	26.430323	27.427774	26.480633
1539117540.587983	26.474174	26.719814	26.714845
1539117540.620852	26.898050	27.026165	26.931792
1539117540.654243	27.468500	27.061628	27.087925
1539117540.687614	27.968393	26.966875	27.040451
1539117540.720735	28.698259	28.146563	27.184209
1539117540.754258	27.428844	26.495953	27.139437
1539117540.787535	29.177353	28.993048	27.532813
1539117540.820857	28.038532	26.828426	27.486173
1539117540.854152	30.591846	30.628183	28.218435
1539117540.887440	30.812212	30.541739	28.697470
1539117540.920928	30.742798	29.958906	29.390060
1539117540.954284	31.709064	31.185841	29.828619
1539117540.987258	32.060558	31.859524	30.834838
1539117541.020590	32.041904	31.507420	31.010686
1539117541.053941	32.188988	31.629530	31.228244
1539117541.087436	31.770506	30.878992	31.412261
1539117541.120549	30.892921	29.938330	31.162759
1539117541.153924	30.277115	29.209013	30.632657
1539117541.187276	30.339783	29.379341	30.207041
1539117541.220533	30.583323	29.326792	29.746494
1539117541.254231	31.089062	29.248955	29.420486
1539117541.287286	30.845646	29.659414	29.364703
1539117541.320584	32.264244	30.933973	29.709695
1539117541.353959	32.410572	31.294048	30.092636
1539117541.387230	32.552776	31.276289	30.482536
1539117541.420370	32.576027	31.163174	30.865380
1539117541.453650	33.543228	32.077679	31.349033
1539117541.486870	33.616478	32.230927	31.608423
1539117541.520440	34.015965	32.530884	31.855790
1539117541.553646	33.882088	32.157799	32.032092
1539117541.586955	32.668945	30.903866	31.980231
1539117541.620708	32.522919	30.510189	31.666733
1539117541.653649	31.973047	29.490742	31.118696
1539117541.686849	30.684433	29.126194	30.437758
1539117541.720590	31.463024	28.454670	29.697132
1539117541.753768	31.968847	28.420015	29.200362
1539117541.787052	32.228138	28.880219	28.874368
1539117541.820354	32.864880	29.694065	28.915033
1539117541.853641	32.336296	28.965034	28.882801
1539117541.886980	32.140141	28.870358	28.965938
1539117541.920238	31.127625	28.225332	28.927002
1539117541.953511	30.858082	28.909138	28.932785
1539117541.986760	30.086536	28.148312	28.623635
1539117542.020225	29.216425	27.875376	28.405703
1539117542.053427	29.052444	28.006649	28.232961
1539117542.086641	28.339909	27.588154	28.105526
1539117542.119896	28.227539	28.039885	27.931675
1539117542.153125	28.673929	28.106075	27.923228
1539117542.186491	28.141054	27.941221	27.936397
1539117542.220173	27.963234	27.883270	27.911721
1539117542.253410	27.016331	27.405617	27.875214
1539117542.286533	26.563610	27.891830	27.845603
1539117542.319708	26.014772	27.100599	27.644508
1539117542.353088	24.756168	25.822605	27.220784
1539117542.386372	24.367565	25.649233	26.773977
1539117542.419626	23.734684	24.359421	26.164738
1539117542.452967	22.301718	22.690430	25.124458
1539117542.486409	20.575186	20.470186	23.798375
1539117542.519738	19.441021	20.058512	22.645556
1539117542.553202	18.602047	20.378344	21.591378
1539117542.586306	16.931442	17.961086	20.311712
1539117542.619541	17.030270	19.288481	19.631322
1539117542.652958	16.274576	18.612804	19.259845
1539117542.686186	17.107763	16.190649	18.486273
1539117542.719531	16.817524	18.194191	18.049442
1539117542.752814	16.638939	18.232555	18.103736
1539117542.786115	15.849625	17.368074	17.719655
1539117542.819540	14.966641	14.159127	16.828919
1539117542.852793	13.942821	15.998713	16.790532
1539117542.886036	13.774810	16.417383	16.435171
1539117542.919599	13.077212	15.526376	15.893935
1539117542.952602	11.555621	13.321449	15.084610
1539117542.985950	11.098759	13.271496	14.907084
1539117543.019293	10.836820	13.145457	14.336432
1539117543.052602	10.227581	12.187471	13.490450
1539117543.085915	9.876809	11.921522	12.769479
1539117543.119149	10.128815	12.971292	12.699448
1539117543.152598	9.354571	12.171505	12.479450
1539117543.186068	8.980215	11.381087	12.126576
1539117543.219181	8.151601	10.185475	11.726176
1539117543.252564	7.142899	9.377577	11.217387
1539117543.285811	6.445929	7.846282	10.192385
1539117543.319081	5.035120	6.958746	9.149833
1539117543.352678	3.863312	5.488917	7.971399
1539117543.385851	3.394278	5.041505	6.942605
1539117543.419082	2.356953	4.386391	5.944368
1539117543.452401	1.626566	3.553372	5.085786
1539117543.485689	1.052232	3.101858	4.314409
1539117543.518894	0.175010	1.649062	3.546438
1539117543.552268	0.137046	2.672210	3.072579
1539117543.585653	-0.052669	1.534381	2.502177
1539117543.618904	1.320674	4.601281	2.711758
1539117543.652161	-0.353074	0.666869	2.224761
1539117543.685456	0.649701	4.567558	2.808460
1539117543.718740	0.330155	4.432624	3.160543
1539117543.752005	0.456966	4.260664	3.705799
1539117543.785365	-3.126788	-1.698852	2.445773
1539117543.818773	-3.032814	-1.480791	2.016241
1539117543.852016	-0.614343	3.106390	1.724007
1539117543.885345	-0.299524	2.253077	1.288098
1539117543.918877	-1.692518	1.255466	0.687058
1539117543.951998	-1.690477	1.609421	1.348713
1539117543.985436	-3.436467	-0.402657	1.564339
1539117544.018744	-4.797909	-2.043636	0.534334
1539117544.051899	-3.181582	1.209919	0.325702
1539117544.085289	-3.296824	-0.033255	0.067958
1539117544.118618	-3.965520	-0.819331	-0.417792
1539117544.151860	-4.132389	-1.645249	-0.666310
1539117544.185037	-4.654720	-2.293073	-0.716198
1539117544.218748	-4.073538	-2.410934	-1.440368
1539117544.251687	-4.794059	-2.846754	-2.003068
1539117544.285277	-4.341133	-3.040065	-2.447215
1539117544.318552	-4.357947	-2.662688	-2.650703
1539117544.351816	-3.206394	-2.338588	-2.659806
1539117544.385073	-3.173753	-2.203348	-2.618289
1539117544.418462	-1.377231	-1.702347	-2.389407
1539117544.451755	-3.319321	-2.241670	-2.229728
1539117544.485203	-1.050528	-1.977118	-2.092614
1539117544.518503	-0.713086	-1.990863	-2.023069
1539117544.551626	-1.477041	-2.383384	-2.059077
1539117544.585254	-1.599162	-2.522885	-2.223184
1539117544.618561	-1.585352	-3.477199	-2.470290
1539117544.651677	-2.035107	-3.881446	-2.851155
1539117544.685114	-1.852677	-1.898320	-2.832647
1539117544.718295	-2.506963	-2.618241	-2.879618
1539117544.751590	-3.068511	-2.824453	-2.939932
1539117544.784912	-3.707570	-3.630713	-2.970635
1539117544.818221	-3.933508	-4.133863	-3.021118
1539117544.851525	-4.490108	-4.702071	-3.581868
1539117544.884802	-5.192982	-4.838554	-4.025931
1539117544.918191	-5.811297	-6.032073	-4.667455
1539117544.951374	-8.875638	-5.938326	-5.128978
1539117544.984944	-5.374963	-5.620575	-5.426320
1539117545.018128	-5.025372	-5.400602	-5.566026
1539117545.051461	-4.890662	-4.990035	-5.596322
1539117545.084841	-5.052822	-5.315274	-5.452962
1539117545.118006	-4.979378	-3.818208	-5.028939
1539117545.151177	-4.373279	-3.747476	-4.654319
1539117545.184646	-4.750318	-3.467126	-4.267624
1539117545.217897	-4.813826	-3.724757	-4.014568
1539117545.251348	-5.043286	-2.664606	-3.484435
1539117545.284630	-4.984345	-3.895275	-3.499848
1539117545.317906	-5.442468	-4.705077	-3.691368
1539117545.351392	-5.544199	-4.824262	-3.962795
1539117545.384705	-6.212955	-6.545410	-4.526926
1539117545.418009	-6.989312	-7.226573	-5.439319
1539117545.451079	-7.965732	-8.309127	-6.322090
1539117545.484447	-8.889125	-8.807644	-7.142603
1539117545.517757	-9.364191	-9.700219	-8.117795
1539117545.550941	-9.801794	-9.758983	-8.760509
1539117545.584378	-10.284709	-10.577391	-9.430673
1539117545.617698	-10.700120	-11.018586	-9.972565
1539117545.650885	-11.272984	-11.423972	-10.495830
1539117545.684320	-11.861434	-11.360249	-10.827836
1539117545.717564	-11.988228	-11.751875	-11.226414
1539117545.750860	-10.470062	-10.616683	-11.234273
1539117545.784184	-12.497858	-11.828404	-11.396237
1539117545.817497	-12.507494	-11.723018	-11.456046
1539117545.850813	-13.374904	-12.381062	-11.660208
1539117545.884052	-13.343081	-12.605560	-11.830945
1539117545.917547	-10.881629	-10.515300	-11.810669
1539117545.950808	-11.221540	-11.079413	-11.660871
1539117545.983944	-11.090764	-10.496715	-11.415610
1539117546.017589	-12.140826	-11.434690	-11.226336
1539117546.050900	-13.145432	-12.752048	-11.255633
1539117546.084184	-13.666394	-12.996661	-11.751905
1539117546.117285	-13.378242	-12.014886	-11.939000
1539117546.150750	-14.372219	-13.110076	-12.461672
1539117546.184179	-15.211253	-13.654157	-12.905565
1539117546.217206	-15.703397	-14.107728	-13.176702
1539117546.250560	-16.559809	-16.531929	-13.883755
1539117546.283795	-17.271120	-16.304159	-14.741610
1539117546.317189	-18.165962	-17.230782	-15.565751
1539117546.350430	-19.381737	-18.601025	-16.555124
1539117546.383837	-19.839441	-18.688431	-17.471265
1539117546.417114	-20.697060	-19.009382	-17.966756
1539117546.450432	-21.296909	-17.741467	-18.254217
1539117546.483624	-21.911489	-15.752797	-17.958620
1539117546.516990	-22.863539	-17.400343	-17.718484
1539117546.550431	-22.981688	-16.978413	-17.376480
1539117546.583653	-23.615103	-18.263243	-17.227252
1539117546.617240	-23.485176	-19.264679	-17.531895
1539117546.650637	-24.060696	-19.921225	-18.365580
1539117546.683533	-25.372353	-21.199503	-19.125412
1539117546.716922	-26.320686	-21.498762	-20.029482
1539117546.750320	-26.780376	-22.183546	-20.813543
1539117546.783533	-27.519890	-22.193800	-21.399367
1539117546.816833	-28.358942	-23.898762	-22.194875
1539117546.850170	-28.817467	-24.700264	-22.895027
1539117546.883715	-27.973131	-24.629328	-23.521140
1539117546.917146	-27.234316	-23.148935	-23.714218
1539117546.950331	-28.410286	-24.242100	-24.123878
1539117546.983658	-30.099251	-26.095421	-24.563210
1539117547.016957	-29.946480	-26.286623	-24.880481
1539117547.050241	-31.971071	-26.143499	-25.183316
1539117547.083418	-29.935308	-24.058470	-25.365223
1539117547.116599	-33.766876	-27.527346	-26.022272
1539117547.152059	-33.570580	-26.720638	-26.147315
1539117547.183202	-33.239578	-21.100721	-25.110135
1539117547.216518	-33.212143	-20.196341	-23.920703
1539117547.249909	-33.515789	-18.872568	-22.883523
1539117547.283273	-34.109871	-19.471163	-21.272286
1539117547.316546	-34.058311	-24.278158	-20.783790
1539117547.349843	-34.087543	-23.257215	-21.215089
1539117547.383190	-34.326733	-24.350920	-22.046005
1539117547.416476	-33.899136	-24.150173	-23.101526
1539117547.449742	-33.853683	-27.508501	-24.708994
1539117547.483052	-33.907185	-27.601789	-25.373720
1539117547.516376	-33.377613	-25.276167	-25.777510
1539117547.549578	-31.911951	-22.738466	-25.455019
1539117547.582982	-30.100039	-23.410692	-25.307123
1539117547.616241	-29.364985	-22.734966	-24.352416
1539117547.649540	-29.518288	-23.556765	-23.543411
1539117547.682942	-29.102251	-25.111006	-23.510379
1539117547.716252	-28.825399	-25.418869	-24.046460
1539117547.749568	-28.712442	-24.486607	-24.261642
1539117547.782920	-28.572840	-24.916683	-24.697986
1539117547.816186	-27.915453	-24.832462	-24.953125
1539117547.849504	-27.353666	-24.328547	-24.796634
1539117547.882798	-26.877192	-23.935501	-24.499960
1539117547.916087	-26.339888	-23.908737	-24.384386
1539117547.949396	-24.754177	-21.384466	-23.677943
1539117547.982650	-24.202322	-19.434734	-22.598397
1539117548.016049	-23.509142	-21.157780	-21.964244
1539117548.049204	-22.400217	-20.734806	-21.324105
1539117548.082784	-21.071905	-19.994616	-20.541280
1539117548.116037	-19.225231	-17.998449	-19.864077
1539117548.149323	-19.985771	-18.208733	-19.618877
1539117548.182682	-19.505709	-16.728022	-18.732925
1539117548.216002	-18.808844	-16.381294	-17.862223
1539117548.249269	-19.026878	-18.003714	-17.464042
1539117548.282529	-18.351452	-17.925240	-17.449400
1539117548.316331	-17.741322	-17.654068	-17.338467
1539117548.349069	-17.055717	-17.148937	-17.422651
1539117548.382414	-16.616402	-17.253057	-17.597003
1539117548.415763	-16.802044	-17.528339	-17.501928
1539117548.449048	-16.690502	-17.624762	-17.441833
1539117548.482406	-16.539268	-17.570616	-17.425142
1539117548.515656	-16.467966	-17.459766	-17.487308
1539117548.548985	-16.608912	-16.731842	-17.383065
1539117548.582446	-16.557829	-16.323717	-17.142141
1539117548.615604	-16.379311	-16.430964	-16.903381
1539117548.648946	-15.881872	-15.225609	-16.434380
1539117548.682286	-14.844605	-13.747189	-15.691864
1539117548.715725	-13.198157	-12.813152	-14.908126
1539117548.748821	-11.749214	-10.673576	-13.778098
1539117548.782136	-10.938735	-9.722694	-12.436444
1539117548.815660	-9.739333	-8.166503	-11.024623
1539117548.848708	-8.939158	-7.579133	-9.791012
1539117548.882135	-7.950065	-7.424748	-8.713331
1539117548.915461	-7.529443	-6.927842	-7.964184
1539117548.948714	-6.861199	-6.168645	-7.253374
1539117548.981971	-6.814473	-5.687652	-6.757604
1539117549.015349	-6.725789	-5.903810	-6.422539
1539117549.048614	-6.886410	-5.353792	-6.008348
1539117549.082148	-6.649631	-5.318594	-5.686499
1539117549.118834	-6.956088	-5.454523	-5.543674
1539117549.148660	-7.097256	-5.834165	-5.572977
1539117549.181965	-7.430490	-6.104949	-5.613205
1539117549.215366	-8.296743	-6.636616	-5.869770
1539117549.248711	-8.387754	-6.269371	-6.059925
1539117549.281931	-8.111984	-6.334204	-6.235861
1539117549.315496	-7.578569	-6.200042	-6.309037
1539117549.348637	-7.014782	-5.378675	-6.163782
1539117549.382116	-5.768722	-4.409624	-5.718383
1539117549.415133	-4.982344	-3.581041	-5.180717
1539117549.448598	-3.494060	-2.467070	-4.407291
1539117549.482020	-5.798597	-6.145203	-4.396323
1539117549.515201	-4.778366	-5.172285	-4.355045
1539117549.548438	-4.294553	-4.707237	-4.414567
1539117549.581776	-3.088001	-2.889107	-4.276180
1539117549.615032	-2.204829	-2.684083	-4.319583
1539117549.648364	-2.147969	-2.606990	-3.611940
1539117549.681652	-2.051231	-2.635617	-3.104607
1539117549.715167	-2.442228	-2.466839	-2.656527
1539117549.748182	-2.752722	-2.586167	-2.595939
1539117549.781609	-3.264168	-2.250352	-2.509193
1539117549.814826	-3.701549	-3.050527	-2.597900
1539117549.848316	-4.358952	-3.551253	-2.781027
1539117549.881597	-5.569246	-4.576714	-3.203002
1539117549.914856	-4.002593	-2.236720	-3.133113
1539117549.948123	-4.961218	-2.674452	-3.217933
1539117549.981488	-5.301799	-3.202263	-3.248281
1539117550.014643	-5.593666	-3.700772	-3.278184
1539117550.048133	-5.484887	-3.519911	-3.066824
1539117550.081338	-5.778106	-2.987610	-3.217002
1539117550.114960	-4.792089	-3.031377	-3.288387
1539117550.148453	-3.769837	-2.306560	-3.109246
1539117550.181758	-3.466053	-1.763027	-2.721697
1539117550.214929	-2.513756	-0.576476	-2.133010
1539117550.248160	-5.228139	-2.667475	-2.068983
1539117550.281398	-4.454678	-1.948644	-1.852437
1539117550.314648	-3.231853	-1.038103	-1.598745
1539117550.348149	0.897143	1.293625	-0.987415
1539117550.381135	-1.150058	1.359111	-0.600297
1539117550.414458	0.057402	1.079493	0.149096
1539117550.447827	2.318513	3.288416	1.196508
1539117550.481086	1.092260	2.093306	1.822790
1539117550.514575	1.020561	2.173309	1.998727
1539117550.547818	0.201953	1.931767	2.113258
1539117550.581046	-4.817745	0.110187	1.919397
1539117550.614725	-4.561107	0.181777	1.298069
1539117550.647746	-4.764536	-0.236165	0.832175
1539117550.681099	-5.217082	-0.444927	0.308528
1539117550.714489	-5.617966	-0.962906	-0.270407
1539117550.747774	-5.754580	-1.074083	-0.507261
1539117550.781100	-5.638990	-0.845110	-0.712638
1539117550.814268	-5.187170	-0.636524	-0.792710
1539117550.847607	-4.678609	0.023831	-0.698958
1539117550.880868	-3.995124	0.264190	-0.453539
1539117550.914211	-2.360672	1.439965	0.049271
1539117550.947414	-2.936152	-0.631738	0.091945
1539117550.980841	-2.094756	0.103423	0.239934
1539117551.014241	-1.033686	1.262265	0.487621
1539117551.047482	-0.167818	1.778411	0.790465
1539117551.080774	0.418642	3.091325	1.120737
1539117551.114058	0.893574	3.674925	1.982070
1539117551.147394	0.258731	2.440938	2.449573
1539117551.180566	1.404338	4.380549	3.073229
1539117551.214005	1.976638	4.361852	3.589918
1539117551.247292	2.679515	5.032272	3.978107
1539117551.280627	3.579509	5.267951	4.296712
1539117551.314030	4.560021	5.516408	4.911807
1539117551.347286	4.969519	5.688618	5.173420
1539117551.380492	5.600650	6.337474	5.568545
1539117551.413856	6.169755	6.927570	5.947604
1539117551.447068	6.253915	7.261065	6.346227
1539117551.480518	6.704501	8.036019	6.850149
1539117551.513978	6.950410	7.681166	7.248659
1539117551.547160	8.137468	9.635788	7.908321
1539117551.580471	8.742000	10.001106	8.523029
1539117551.613642	9.417776	10.911223	9.253061
1539117551.646952	10.149423	11.945082	10.034873
1539117551.680208	11.333586	12.531425	11.004925
1539117551.713983	12.256883	14.373188	11.952405
1539117551.746973	13.222155	14.926524	12.937489
1539117551.780199	14.757730	16.783243	14.111893
1539117551.813547	15.898471	18.029509	15.328778
1539117551.846831	16.823978	18.351845	16.492862
1539117551.880201	17.848030	18.837650	17.385754
1539117551.913461	18.808027	19.395172	18.279484
1539117551.946849	18.611858	19.001345	18.723104
1539117551.980074	19.395763	19.490852	19.015373
1539117552.013407	20.399406	21.374901	19.619984
1539117552.046921	20.474783	22.105068	20.273468
1539117552.080115	21.903908	24.214319	21.237297
1539117552.113381	22.396030	24.018845	22.240797
1539117552.146723	23.112978	24.460798	23.234786
1539117552.182823	24.094028	25.344810	24.028768
1539117552.213406	21.773336	22.510126	24.109780
1539117552.246943	25.067019	24.839018	24.234719
1539117552.279999	25.872948	26.003790	24.631709
1539117552.313690	26.830334	26.089342	24.957417
1539117552.346579	26.925289	26.225534	25.133562
1539117552.380025	27.167128	26.052345	25.842006
1539117552.413337	29.001993	29.451323	26.764467
1539117552.446759	30.674715	29.917322	27.547173
1539117552.479756	31.752272	30.443878	28.418081
1539117552.512973	32.463219	30.508032	29.274580
1539117552.546355	31.851501	29.707102	30.005531
1539117552.579652	32.901657	29.878750	30.091017
1539117552.612959	33.940865	30.725508	30.252654
1539117552.646371	35.640366	31.967672	30.557413
1539117552.679789	34.993820	31.340157	30.723838
1539117552.712964	33.812954	30.420277	30.866473
1539117552.746585	32.971310	29.840601	30.858843
1539117552.779811	32.953869	29.859848	30.685711
1539117552.812978	31.528574	28.795689	30.051314
1539117552.846232	30.737606	28.232122	29.429707
1539117552.879611	28.299633	26.035494	28.552751
1539117552.912841	30.399399	27.691738	28.122978
1539117552.946325	30.515301	27.808916	27.712792
1539117552.979759	28.782656	25.888733	27.131401
1539117553.012807	29.008257	25.963835	26.677743
1539117553.046215	30.137609	26.892437	26.849132
1539117553.079693	31.559784	27.226427	26.756070
1539117553.112836	30.932247	26.862959	26.566878
1539117553.146089	31.499081	27.567499	26.902631
1539117553.179483	30.354536	27.909786	27.291822
1539117553.212685	32.595409	29.590822	27.831499
1539117553.246017	32.317917	29.665419	28.319297
1539117553.279496	31.077566	29.485828	28.843871
1539117553.312565	30.721760	29.656366	29.261644
1539117553.345959	28.321392	25.753698	28.830427
1539117553.379256	27.210897	25.149975	27.942257
1539117553.412593	26.359308	24.403152	26.889804
1539117553.445959	26.689920	25.160643	26.024767
1539117553.479261	24.910961	23.140694	24.721632
1539117553.512460	25.213003	24.572767	24.485446
1539117553.545717	24.045170	24.290501	24.313551
1539117553.579297	23.594522	24.222523	24.277425
1539117553.612500	23.349380	24.720484	24.189394
1539117553.645797	23.152611	23.768250	24.314905
1539117553.679147	22.757433	23.996342	24.199620
1539117553.712440	22.032900	23.533342	24.048188
1539117553.745685	21.276884	22.819889	23.767661
1539117553.812308	21.592178	22.444468	23.312458
1539117553.845525	20.422546	21.160551	22.790918
1539117553.878820	18.813061	17.462862	21.484222
1539117553.912145	18.072025	19.258026	20.629159
1539117553.945454	16.666611	17.503290	19.565839
1539117553.978744	15.158936	16.218180	18.320582
1539117554.012022	14.025811	14.717441	17.031960
1539117554.045339	13.242965	13.721784	16.283744
1539117554.078629	12.030980	12.272493	14.886637
1539117554.111980	10.482628	10.735780	13.533135
1539117554.145421	10.055853	11.058887	12.501277
1539117554.179041	9.702419	10.994520	11.756693
1539117554.212058	8.386938	9.639153	10.940167
1539117554.245407	7.372565	7.730443	10.031757
1539117554.278722	6.603184	6.562803	9.197161
1539117554.311977	6.080839	7.701760	8.525736
1539117554.345314	5.298501	7.122539	7.751340
1539117554.378567	4.925250	6.244785	7.072466
1539117554.411838	4.144196	5.666787	6.659735
1539117554.445255	3.226378	5.109595	6.369093
1539117554.478610	2.365726	4.234103	5.675562
1539117554.511880	1.465427	3.431364	4.937327
1539117554.545245	0.524435	2.769593	4.242288
1539117554.578620	-0.486893	0.838226	3.276576
1539117554.611821	-1.696633	0.314449	2.317547
1539117554.645089	-3.632551	-2.143669	1.041993
1539117554.678317	-4.726510	-2.727775	-0.189835
1539117554.711785	-5.487578	-4.347551	-1.613264
1539117554.745156	-3.072416	0.425109	-1.695887
1539117554.778374	-4.463053	-0.683024	-1.895382
1539117554.811978	-5.397692	-2.477978	-1.962244
1539117554.845002	-6.266720	-2.797696	-1.976228
1539117554.878222	-6.853908	-3.904366	-1.887591
1539117554.911560	-3.411092	-0.351580	-2.042929
1539117554.947319	-3.842661	0.083576	-1.889609
1539117554.978414	-3.425840	-0.908949	-1.575803
1539117555.011620	-3.172729	-1.254665	-1.267197
1539117555.044872	-2.844112	-1.305882	-0.747500
1539117555.078288	-3.026325	-1.360087	-0.949201
1539117555.111372	-8.396652	-5.651126	-2.096142
1539117555.144735	-3.258373	-1.465884	-2.207529
1539117555.178012	-2.949129	-2.020873	-2.360770
1539117555.211265	-3.069109	-1.657514	-2.431097
1539117555.244668	-3.278296	-2.250131	-2.609106
1539117555.311317	-3.433619	-3.216285	-2.122137
1539117555.344645	-3.610552	-4.643070	-2.757574
1539117555.378184	-3.297129	-1.589039	-2.671208
1539117555.411379	-4.930013	-2.812820	-2.902269
1539117555.444563	-6.062299	-5.288130	-3.509869
1539117555.477826	-6.066571	-5.714664	-4.009545
1539117555.511095	-7.635007	-7.013325	-4.483596
1539117555.544317	-8.267630	-7.919584	-5.749705
1539117555.577761	-9.079537	-8.611843	-6.909509
1539117555.611104	-10.065173	-8.757177	-7.603319
1539117555.644361	-10.559282	-9.203128	-8.301011
1539117555.677799	-10.811722	-10.195318	-8.937410
1539117555.710962	-10.803836	-8.703229	-9.094139
1539117555.744278	-11.048168	-8.784944	-9.128759
1539117555.777622	-11.481433	-9.537251	-9.284774
1539117555.811263	-11.183340	-9.482430	-9.340634
1539117555.844499	-11.512831	-10.108112	-9.323193
1539117555.877655	-13.029637	-11.778877	-9.938323
1539117555.910951	-12.956579	-12.387431	-10.658820
1539117555.944263	-11.513496	-10.148393	-10.781049
1539117555.977662	-11.599216	-10.360352	-10.956633
1539117556.010884	-12.083228	-10.234929	-10.981996
1539117556.077364	-13.485565	-11.648147	-10.955850
1539117556.110729	-14.983211	-14.733501	-11.425064
1539117556.144069	-16.296402	-15.474176	-12.490221
1539117556.177388	-15.431299	-15.606223	-13.539395
1539117556.210886	-16.146971	-16.917027	-14.875815
1539117556.244089	-16.218220	-15.667968	-15.679779
1539117556.277506	-16.346252	-16.091650	-15.951409
1539117556.310675	-17.885460	-17.391283	-16.334830
1539117556.343935	-18.271557	-18.600906	-16.933767
1539117556.377314	-18.840134	-19.223709	-17.395103
1539117556.410644	-19.848181	-19.932957	-18.248101
1539117556.443963	-20.149073	-18.987104	-18.827192
1539117556.477072	-20.787228	-18.086546	-18.966245
1539117556.510442	-21.278069	-17.616770	-18.769417
1539117556.543667	-22.068857	-17.797552	-18.484186
1539117556.577081	-23.147459	-18.425941	-18.182783
1539117556.610557	-24.335751	-19.837311	-18.352824
1539117556.643768	-24.574629	-21.436550	-19.022825
1539117556.677129	-25.170549	-21.573854	-19.814242
1539117556.710634	-25.653992	-21.469879	-20.548707
1539117556.743876	-26.749393	-20.565222	-20.976563
1539117556.777354	-28.094446	-20.674231	-21.143947
1539117556.810346	-29.199835	-21.933311	-21.243299
1539117556.843609	-30.537001	-23.413027	-21.611134
1539117556.876944	-31.930920	-24.053953	-22.127949
1539117556.910347	-32.116009	-26.637239	-23.342352
1539117556.943518	-33.376297	-27.444183	-24.696343
1539117556.976902	-32.504131	-27.169569	-25.743594
1539117557.010775	-33.926044	-28.265451	-26.714079
1539117557.044525	-35.381493	-29.918034	-27.886895
1539117557.076967	-36.239891	-30.919031	-28.743254
1539117557.110181	-37.298317	-31.370808	-29.528579
1539117557.143400	-38.137032	-32.082371	-30.511139
1539117557.177006	-37.911774	-30.949003	-31.047849
1539117557.211977	-38.546314	-32.206402	-31.505523
1539117557.243444	-38.891331	-32.337601	-31.789237
1539117557.276638	-39.458271	-32.445164	-32.004108
1539117557.310381	-40.373432	-31.776012	-31.942836
1539117557.343326	-41.608772	-34.741238	-32.701283
1539117557.376744	-42.066952	-34.753551	-33.210713
1539117557.443199	-41.966438	-34.931526	-33.729498
1539117557.476624	-43.065380	-35.541904	-34.348846
1539117557.509847	-41.881790	-35.057079	-35.005060
1539117557.543097	-41.412334	-34.497746	-34.956361
1539117557.576427	-40.285038	-33.930775	-34.791806
1539117557.609805	-40.119534	-33.687706	-34.543042
1539117557.643155	-39.827374	-33.845314	-34.203724
1539117557.676884	-39.525185	-33.345661	-33.861440
1539117557.709847	-38.886475	-32.943184	-33.550528
1539117557.743088	-37.955845	-32.766743	-33.317722
1539117557.776399	-37.144154	-31.935688	-32.967318
1539117557.809950	-35.412453	-30.189051	-32.236065
1539117557.843099	-35.406479	-30.659754	-31.698884
1539117557.876388	-31.968632	-27.389290	-30.588105
1539117557.909940	-31.018936	-24.928513	-29.020459
1539117557.943145	-30.346800	-23.672901	-27.367902
1539117557.976387	-29.835360	-23.028412	-25.935774
1539117558.009769	-29.180218	-22.233500	-24.250523
1539117558.042913	-29.304090	-20.191372	-22.810939
1539117558.109402	-29.010031	-19.888340	-21.802905
1539117558.142863	-27.202410	-22.133934	-21.495111
1539117558.176012	-26.894421	-21.897106	-21.268850
1539117558.209402	-26.181414	-21.854025	-21.192955
1539117558.242741	-25.612806	-22.732986	-21.701278
1539117558.276025	-23.646269	-22.795986	-22.282808
1539117558.309754	-22.327667	-18.603821	-21.576785
1539117558.342663	-22.701801	-21.760868	-21.549537
1539117558.376095	-20.618006	-20.147375	-21.208207
1539117558.442581	-17.803167	-17.678059	-20.197222
1539117558.475919	-17.386955	-17.239437	-19.085912
1539117558.509139	-16.644842	-17.086014	-18.782351
1539117558.542582	-15.953669	-16.630903	-17.756358
1539117558.575770	-15.708516	-16.775402	-17.081963
1539117558.611155	-15.865577	-16.754427	-16.897237
1539117558.642601	-15.644741	-16.141138	-16.677577
1539117558.675938	-15.016273	-15.021066	-16.264587
1539117558.742298	-15.672956	-15.335844	-16.005575
1539117558.775749	-15.542128	-15.569518	-15.764399
1539117558.809356	-17.063900	-16.669050	-15.747323
1539117558.842504	-17.039238	-16.361156	-15.791327
1539117558.875776	-16.896671	-16.421797	-16.071473
1539117558.909153	-16.716566	-15.477028	-16.099710
1539117558.975470	-14.743673	-14.131711	-15.812148
1539117559.008927	-14.600065	-14.390851	-15.356509
1539117559.042319	-13.560740	-13.584936	-14.801265
1539117559.075387	-11.243721	-10.954387	-13.707783
1539117559.108680	-11.185039	-10.253065	-12.662990
1539117559.142014	-9.872800	-9.161452	-11.668938
1539117559.175389	-9.058493	-8.587230	-10.508214
1539117559.208762	-8.363289	-7.912213	-9.373669
1539117559.242003	-7.859633	-7.543994	-8.691591
1539117559.275373	-7.608279	-6.428410	-7.926660
1539117559.308568	-8.099208	-7.042914	-7.502952
1539117559.342081	-6.980908	-5.384195	-6.862345
1539117559.375227	-9.142554	-7.187785	-6.717459
1539117559.408533	-8.011394	-6.122630	-6.433187
1539117559.441912	-7.540147	-5.982377	-6.343980
1539117559.475201	-7.252136	-6.479598	-6.231317
1539117559.508464	-7.126096	-6.272234	-6.408925
1539117559.541849	-6.700117	-5.828020	-6.136972
1539117559.575276	-6.445667	-7.612002	-6.434846
1539117559.608454	-5.678365	-6.573493	-6.553070
1539117559.642064	-4.227153	-4.892281	-6.235606
1539117559.674960	-5.697162	-4.538327	-5.888825
1539117559.708644	-6.170946	-6.922131	-6.107647
1539117559.741697	-6.302408	-4.968673	-5.578981
1539117559.774950	-5.438885	-5.599275	-5.384137
1539117559.808352	-4.698596	-4.437992	-5.293280
1539117559.841657	-3.879151	-3.753281	-5.136270
1539117559.874936	-3.471969	-3.052336	-4.362311
1539117559.908228	-2.912138	-2.389752	-3.846527
1539117559.941507	-2.930353	-1.654591	-3.057590
1539117559.974785	-3.176970	-1.808975	-2.531787
1539117560.008138	-4.065347	-2.313228	-2.243777
1539117560.041564	-4.359363	-2.311216	-2.095553
1539117560.074825	-4.709116	-2.470042	-2.111611
1539117560.108022	-5.114659	-2.875075	-2.355707
1539117560.141442	-2.583103	-0.110066	-2.015925
1539117560.174680	-3.165228	-0.351593	-1.623598
1539117560.207947	-7.015757	-3.350248	-1.831405
1539117560.241335	-6.832703	-3.027219	-1.942840
1539117560.274654	-5.453472	-2.473592	-1.862544
1539117560.307991	-5.130881	-2.217487	-2.284028
1539117560.341366	-3.766534	-1.019897	-2.417689
1539117560.374574	-2.589495	0.012262	-1.745187
1539117560.408097	-0.841916	0.965830	-0.946577
1539117560.441276	0.683998	2.203491	-0.011160
1539117560.474539	-0.769126	0.267272	0.485792
1539117560.507807	3.487690	4.701467	1.630064
1539117560.541107	1.248137	2.452111	2.118034
1539117560.574576	1.923057	2.727361	2.470340
1539117560.607757	4.465031	5.821239	3.193890
1539117560.641109	-1.046110	2.324725	3.605381
1539117560.674467	-1.963668	0.367447	2.738577
1539117560.707709	-1.350423	1.575042	2.563163
1539117560.741102	-2.642430	-0.276068	1.962477
1539117560.774398	-1.924592	2.526055	1.303440
1539117560.807616	-3.477789	-1.166819	0.605131
1539117560.841002	-2.285185	1.145349	0.760712
1539117560.874486	-2.263068	1.264463	0.698596
1539117560.907664	-1.917020	1.609139	1.075637
1539117560.940875	-1.618520	1.939924	0.958411
1539117560.974314	-0.614559	3.349816	1.861738
1539117561.007728	-1.118553	0.906248	1.813918
1539117561.040775	0.256865	2.350122	2.031050
1539117561.074191	1.031164	2.481589	2.205540
1539117561.107489	2.058308	3.704899	2.558535
1539117561.140845	2.714653	4.902190	2.869009
1539117561.174035	3.661903	5.695025	3.826765
1539117561.207407	4.101533	6.728659	4.702472
1539117561.240729	4.877466	7.368761	5.679907
1539117561.274060	5.688261	8.320647	6.603056
1539117561.307303	6.415976	8.717264	7.366071
1539117561.340658	7.353794	9.704101	8.167886
1539117561.373971	7.775197	10.405139	8.903182
1539117561.407247	8.371813	10.154317	9.460294
1539117561.440578	8.747277	9.857466	9.767657
1539117561.473849	8.882136	9.862271	9.996659
1539117561.507210	9.239145	10.036483	10.063135
1539117561.540691	9.812911	11.871498	10.356407
1539117561.573812	9.809122	10.964277	10.518399
1539117561.607430	11.137951	13.204546	11.187815
1539117561.640509	11.893266	13.085263	11.832413
1539117561.673946	12.894601	13.620646	12.549246
1539117561.707210	13.537478	14.771174	13.129181
1539117561.740561	14.536685	15.902164	14.116759
1539117561.773710	15.564811	17.179958	14.911841
1539117561.807198	16.209332	17.815132	15.857815
1539117561.840484	16.859339	18.003920	16.734470
1539117561.873845	17.392998	18.222956	17.424826
1539117561.907050	18.441988	20.061956	18.256784
1539117561.940408	18.656969	20.064459	18.833685
1539117561.973840	19.375235	21.249010	19.520460
1539117562.007137	19.072676	20.255781	19.970832
1539117562.040567	19.428200	21.026712	20.531584
1539117562.074023	19.596380	20.697908	20.658774
1539117562.106877	19.711504	20.334562	20.712795
1539117562.140127	20.011776	20.341059	20.531205
1539117562.173482	20.632845	21.261702	20.732389
1539117562.206731	20.968891	20.348562	20.596759
1539117562.240707	21.757992	21.391005	20.735378
1539117562.273391	22.545704	22.342249	21.136915
1539117562.306765	23.447844	22.706369	21.609977
1539117562.339995	25.038738	26.100761	22.577789
1539117562.373353	25.490154	26.188173	23.745712
1539117562.406843	26.730553	26.525040	24.772519
1539117562.440132	26.547878	26.086653	25.521399
1539117562.473319	26.218336	25.820526	26.144231
1539117562.506999	26.999872	26.069551	26.137989
1539117562.539870	27.399210	26.284437	26.157241
1539117562.573266	27.397684	26.218655	26.095964
1539117562.606491	27.413996	26.302149	26.139064
1539117562.639836	27.101095	26.151184	26.205195
1539117562.673130	27.162794	25.970804	26.185446
1539117562.706442	26.952890	25.942421	26.117043
1539117562.739835	26.687168	25.743204	26.021952
1539117562.773394	26.307798	25.415354	25.844593
1539117562.806438	25.218126	24.913671	25.597091
1539117562.839806	25.551416	25.320028	25.466936
1539117562.873101	24.835438	24.270279	25.132507
1539117562.906309	26.000887	26.773821	25.338631
1539117562.939622	25.216166	26.064072	25.468374
1539117562.972940	24.453808	25.407379	25.567116
1539117563.006421	23.453215	23.667334	25.236577
1539117563.039678	22.666113	22.764967	24.935514
1539117563.072891	20.874775	20.110889	23.602928
1539117563.106190	20.289167	19.123108	22.214735
1539117563.139417	18.970182	18.502804	20.833820
1539117563.172935	18.712229	19.014904	19.903334
1539117563.206537	17.446688	17.952034	18.940748
1539117563.239372	16.311337	16.900238	18.298618
1539117563.272775	14.978910	15.814507	17.636897
1539117563.306105	14.063018	14.911870	16.918711
1539117563.339332	12.650970	13.569263	15.829582
1539117563.372652	11.869527	13.017978	14.842771
1539117563.405945	10.860619	12.458731	13.954469
1539117563.439271	10.542118	13.260791	13.443726
1539117563.472585	9.152786	11.238097	12.708972
1539117563.505941	7.988142	11.143546	12.223829
1539117563.539157	6.704468	9.468749	11.513983
1539117563.572515	5.054832	7.420513	10.506339
1539117563.605791	4.173401	6.080489	9.070279
1539117563.639173	2.781641	4.909664	7.804592
1539117563.672468	1.898849	4.555736	6.487030
1539117563.705758	0.948597	3.320922	5.257465
1539117563.739050	0.014282	2.377128	4.248788
1539117563.772361	-0.826115	1.879268	3.408543
1539117563.805727	-1.101676	1.512578	2.729126
1539117563.838994	-1.303647	0.907562	1.999491
1539117563.872290	-1.552939	0.957301	1.526767
1539117563.905681	-1.058061	1.492288	1.349799
1539117563.939005	-1.154559	1.678159	1.309578
1539117563.972272	-2.793449	-1.129046	0.781253
1539117564.005567	-3.467159	-1.826942	0.234352
1539117564.038853	-3.830429	-2.022352	-0.361578
1539117564.072135	-4.521604	-2.488241	-1.157684
1539117564.105457	-5.126413	-3.094164	-2.112149
1539117564.138794	-5.802969	-4.800666	-2.846473
1539117564.172190	-3.317334	-1.080087	-2.697102
1539117564.205454	-2.456388	1.229287	-2.046774
1539117564.238810	-3.336800	-0.111450	-1.571416
1539117564.272102	-5.043265	-1.544913	-1.261566
1539117564.305553	-6.139877	-2.643598	-0.830152
1539117564.338874	-6.793103	-3.401095	-1.294354
1539117564.371953	-8.692725	-4.664695	-2.473151
1539117564.405278	-9.489153	-5.142903	-3.479441
1539117564.438582	-10.443503	-5.819467	-4.334352
1539117564.471994	-10.889077	-6.341073	-5.073847
1539117564.505213	-10.827661	-6.431558	-5.679939
1539117564.538728	-10.537515	-6.510854	-6.049171
1539117564.571823	-9.528294	-6.167617	-6.254114
1539117564.605125	-9.173958	-6.388834	-6.367987
1539117564.638448	-9.132214	-6.257475	-6.351268
1539117564.671791	-8.998951	-5.855978	-6.236152
1539117564.705236	-8.509954	-5.509626	-6.035906
1539117564.738415	-8.090652	-5.038351	-5.810053
1539117564.771730	-7.199529	-5.112841	-5.554854
1539117564.805007	-7.443848	-4.715889	-5.246537
1539117564.838383	-7.921328	-5.090278	-5.093397
1539117564.871634	-8.710213	-4.764740	-4.944420
1539117564.904924	-9.243195	-6.432430	-5.223236
1539117564.938371	-10.025109	-6.903661	-5.581400
1539117564.971545	-10.374275	-8.655025	-6.369227
1539117565.004875	-10.646986	-9.295691	-7.210309
1539117565.038186	-10.750896	-11.654752	-8.588312
1539117565.071531	-9.511968	-8.193682	-8.940562
1539117565.104737	-10.252709	-9.415937	-9.443017
1539117565.138362	-12.304281	-11.854090	-10.082830
1539117565.171530	-11.151673	-10.979636	-10.419619
1539117565.204747	-11.785964	-10.544302	-10.197529
1539117565.238034	-12.091684	-11.094157	-10.777625
1539117565.271360	-12.145020	-12.011183	-11.296674
1539117565.304783	-12.269577	-11.439227	-11.213701
1539117565.337996	-12.155189	-11.423117	-11.302397
1539117565.371514	-12.342297	-12.007013	-11.594939
1539117565.404595	-12.456930	-11.862152	-11.748538
1539117565.437995	-13.417842	-13.221596	-11.990621
1539117565.471437	-13.578218	-13.009600	-12.304696
1539117565.504577	-12.795947	-12.031650	-12.426402
1539117565.537885	-13.250662	-12.380521	-12.501104
1539117565.571370	-14.130343	-12.932542	-12.715182
1539117565.604491	-15.048138	-13.566970	-12.784256
1539117565.637886	-15.311966	-14.639629	-13.110262
1539117565.671175	-17.850384	-17.491539	-14.202240
1539117565.704482	-18.518923	-18.211567	-15.368449
1539117565.737820	-19.452837	-19.773317	-16.736604
1539117565.771081	-19.859997	-20.103817	-18.043974
1539117565.804329	-18.681461	-19.633345	-19.042717
1539117565.837713	-21.361027	-22.126291	-19.969667
1539117565.871043	-21.447729	-21.803030	-20.687960
1539117565.904387	-22.137114	-22.068676	-21.147032
1539117565.937667	-22.398586	-21.561226	-21.438514
1539117565.970916	-22.438200	-21.465393	-21.804923
1539117566.004386	-22.782326	-21.436970	-21.667059
1539117566.037609	-23.472891	-22.940254	-21.894504
1539117566.070835	-23.319021	-22.390471	-21.958863
1539117566.104202	-23.344749	-22.069843	-22.060586
1539117566.137798	-23.233858	-21.634188	-22.094345
1539117566.170891	-23.239491	-22.426559	-22.292263
1539117566.204396	-22.317562	-21.626589	-22.029530
1539117566.237744	-23.036526	-23.181442	-22.187724
1539117566.270926	-21.279854	-20.643312	-21.902418
1539117566.304128	-20.368935	-18.781324	-21.331845
1539117566.337405	-21.099377	-20.055025	-20.857539
1539117566.370764	-21.427938	-20.059065	-20.544034
1539117566.404028	-24.009619	-23.981607	-20.704067
1539117566.437318	-22.710707	-21.732328	-20.921870
1539117566.470783	-23.086451	-21.924681	-21.550541
1539117566.504214	-21.525604	-20.082752	-21.556087
1539117566.537311	-21.843477	-20.477785	-21.639831
1539117566.570809	-21.818386	-20.015438	-20.846597
1539117566.604061	-21.811613	-20.102470	-20.520625
1539117566.637323	-21.917751	-19.963629	-20.128415
1539117566.670518	-21.976082	-19.617928	-20.035450
1539117566.703767	-21.985046	-19.470354	-19.833964
1539117566.737226	-21.687387	-19.568394	-19.744555
1539117566.770599	-21.863270	-19.560074	-19.636076
1539117566.803880	-21.656151	-19.891857	-19.621721
1539117566.837270	-21.542078	-19.942635	-19.686663
1539117566.870724	-21.387154	-19.612225	-19.715037
1539117566.903701	-21.896732	-22.423143	-20.285987
1539117566.937121	-23.366529	-23.874723	-21.148917
1539117566.970432	-22.620243	-23.038630	-21.778271
1539117567.003685	-21.831268	-22.271547	-22.244054
1539117567.036976	-20.214680	-21.204514	-22.562511
1539117567.070204	-18.662163	-19.939674	-22.065818
1539117567.103763	-16.528786	-17.644445	-20.819762
1539117567.136831	-14.786566	-16.576416	-19.527319
1539117567.170253	-16.019272	-16.247810	-18.322572
1539117567.203652	-15.012392	-15.773704	-17.236410
1539117567.236839	-13.994113	-14.450283	-16.138532
1539117567.270260	-13.222892	-13.694996	-15.348642
1539117567.303347	-12.673923	-13.112071	-14.655773
1539117567.336747	-12.364349	-12.761915	-13.958594
1539117567.370201	-12.093606	-11.807444	-13.165342
1539117567.403326	-12.327520	-12.198333	-12.714952
1539117567.436665	-12.687073	-12.480850	-12.472123
1539117567.470076	-12.650554	-12.200665	-12.289841
1539117567.503457	-12.003015	-11.934322	-12.124323
1539117567.536514	-11.452616	-11.226227	-12.008079
1539117567.570030	-11.787602	-11.660978	-11.900608
1539117567.603542	-11.701269	-11.793100	-11.763058
1539117567.636759	-12.013980	-11.667315	-11.656389
1539117567.669873	-11.335078	-11.379772	-11.545479
1539117567.703482	-10.759538	-10.725496	-11.445333
1539117567.736734	-10.512615	-10.519215	-11.216980
1539117567.770037	-9.773038	-9.717647	-10.801889
1539117567.803244	-9.887685	-8.626365	-10.193699
1539117567.836664	-8.973492	-8.773135	-9.672371
1539117567.869874	-8.078161	-8.105527	-9.148378
1539117567.903076	-6.409638	-6.261223	-8.296779
1539117567.936487	-5.977818	-5.355095	-7.424269
1539117567.969856	-5.140150	-4.639200	-6.626836
1539117568.003024	-4.974045	-4.547417	-5.781692
1539117568.036376	-4.955902	-4.378785	-5.036344
1539117568.069654	-4.799665	-4.048363	-4.593772
1539117568.102850	-4.112696	-2.273698	-3.977492
1539117568.136185	-4.826117	-2.917572	-3.633167
1539117568.169873	-4.919122	-3.649350	-3.453554
1539117568.203352	-5.860226	-3.751528	-3.328102
1539117568.236146	-5.856755	-4.756893	-3.469808
1539117568.269335	-5.599630	-4.509573	-3.916983
1539117568.302819	-5.466954	-4.820978	-4.297664
1539117568.336106	-5.617664	-4.592999	-4.486394
1539117568.369330	-5.670135	-4.062233	-4.548535
1539117568.402960	-5.517293	-4.372515	-4.471659
1539117568.435986	-4.963274	-5.016375	-4.573020
1539117568.469840	-4.660690	-3.951242	-4.399073
1539117568.502707	-5.608527	-5.250339	-4.530541
1539117568.536322	-5.310951	-5.285830	-4.775260
1539117568.569658	-4.379881	-5.549902	-5.010738
1539117568.602858	-3.804647	-4.743377	-4.956138
1539117568.636118	-3.589159	-4.707552	-5.107400
1539117568.669587	-3.562696	-4.189224	-4.895177
1539117568.702622	-3.224592	-4.536885	-4.745388
1539117568.736049	-3.327672	-3.800989	-4.395605
1539117568.769255	-0.916150	-1.400137	-3.726957
1539117568.802577	-1.084784	-1.409534	-3.067354
1539117568.835841	-1.132744	-3.187680	-2.867045
1539117568.869093	-1.805493	-3.502747	-2.660217
1539117568.902426	-1.976291	-4.535126	-2.807045
1539117568.935762	-2.216415	-4.417061	-3.410430
1539117568.969257	-2.126908	-4.615798	-4.051682
1539117569.002707	-2.164393	-4.312689	-4.276684
1539117569.035865	-1.667211	-3.729578	-4.322050
1539117569.069424	-1.447997	-2.445125	-3.904050
1539117569.102634	-0.959001	-2.022090	-3.425056
1539117569.135757	-0.929700	-0.675386	-2.636974
1539117569.168910	-3.791997	-2.846426	-2.343721
1539117569.202276	-2.603937	-1.471179	-1.892041
1539117569.235498	-1.715376	-0.591830	-1.521383
1539117569.268871	-1.097854	-0.225821	-1.162129
1539117569.302213	-0.237208	0.243651	-0.978321
1539117569.335706	0.168346	1.529766	-0.103083
1539117569.369090	0.320146	1.872148	0.565583
1539117569.402384	0.401975	1.115872	0.907123
1539117569.435663	-0.135368	1.015449	1.155377
1539117569.468878	-0.839790	0.936281	1.293903
1539117569.502825	-1.892049	0.631293	1.114209
1539117569.535292	-2.866779	0.430160	0.825811
1539117569.568681	-3.807036	-0.260509	0.550535
1539117569.602015	-4.507073	-1.084381	0.130569
1539117569.635211	-4.828766	-0.934703	-0.243628
1539117569.668558	-5.401499	-2.129828	-0.795852
1539117569.701941	-5.145590	-0.866874	-1.055259
1539117569.735224	-4.896986	-0.617547	-1.126667
1539117569.769178	-4.050913	-0.484386	-1.006668
1539117569.801740	-4.426992	-0.589700	-0.937667
1539117569.835143	-3.077358	1.424729	-0.226756
1539117569.868389	-2.006195	2.207274	0.388074
1539117569.901704	-2.010202	1.483793	0.808342
1539117569.935114	-1.031561	2.666475	1.438514
1539117569.968387	-0.393635	3.250276	2.206509
1539117570.001614	-2.710689	-0.683691	1.784825
1539117570.035024	-2.099562	-0.345312	1.274308
1539117570.068333	-1.632539	0.335345	1.044619
1539117570.101545	-0.820007	0.951020	0.701528
1539117570.135020	-0.510505	0.959904	0.243453
1539117570.168238	-0.274997	1.302548	0.640701
1539117570.201462	0.323036	1.852052	1.080174
1539117570.234870	1.758002	4.611214	1.935348
1539117570.268215	2.208764	4.459742	2.637092
1539117570.301476	2.472376	4.963350	3.437781
1539117570.334713	3.340074	6.541277	4.485527
1539117570.368125	3.235781	6.799524	5.475021
1539117570.401228	3.721802	7.478637	6.048506
1539117570.434689	4.400481	7.981409	6.752839
1539117570.468036	4.966637	8.955341	7.551238
1539117570.501241	6.108188	9.906460	8.224274
1539117570.534584	6.758017	9.878436	8.840057
1539117570.567924	7.077863	9.440699	9.232469
1539117570.601347	8.039105	10.619430	9.760073
1539117570.634641	9.087204	11.726182	10.314241
1539117570.667993	10.222210	12.747006	10.882351
1539117570.701250	11.396889	13.688972	11.644458
1539117570.734566	12.273538	14.459482	12.648214
1539117570.767827	13.029773	15.525966	13.629522
1539117570.801076	13.696188	16.129353	14.510156
1539117570.834506	14.090611	16.658482	15.292451
1539117570.867897	14.476004	16.705917	15.895840
1539117570.901093	14.902704	16.364492	16.276842
1539117570.934400	14.850955	12.990681	15.769785
1539117570.967646	15.550594	16.802109	15.904336
1539117571.001043	15.865743	16.812538	15.935147
1539117571.034318	16.141603	16.453676	15.884699
1539117571.067681	16.406780	16.754505	15.962702
1539117571.100955	16.852003	17.195917	16.803749
1539117571.134230	17.232496	18.088356	17.060999
1539117571.167565	18.004116	18.621447	17.422780
1539117571.200766	18.789610	19.324512	17.996947
1539117571.234102	19.214291	19.616959	18.569438
1539117571.267474	20.136974	20.511642	19.232583
1539117571.300874	20.714531	21.077393	19.830391
1539117571.334089	21.576300	21.386066	20.383315
1539117571.367391	22.433426	22.668282	21.052068
1539117571.400657	23.367599	23.832319	21.895140
1539117571.434025	23.894146	24.033619	22.599536
1539117571.467391	24.384537	25.105200	23.405097
1539117571.500821	24.845049	25.593254	24.246535
1539117571.534073	24.679628	25.284697	24.769818
1539117571.567404	24.586733	25.108402	25.025034
1539117571.600595	23.981531	24.127712	25.043853
1539117571.633948	23.686693	24.000067	24.822826
1539117571.667238	23.353483	23.301693	24.364514
1539117571.700635	22.971478	23.168066	23.941188
1539117571.733912	23.379198	23.535622	23.626632
1539117571.767267	23.333038	23.421579	23.485405
1539117571.800471	23.705753	23.671406	23.419673
1539117571.833867	24.257074	23.904636	23.540262
1539117571.867166	25.643673	24.858120	23.878273
1539117571.900473	27.033899	26.979334	24.567015
1539117571.933760	27.411346	27.309465	25.344592
1539117571.967174	28.054199	27.964262	26.203164
1539117572.000463	28.314457	28.035032	27.029243
1539117572.033939	28.416063	28.591969	27.776012
1539117572.066953	28.617195	28.685717	28.117289
1539117572.100518	28.517078	28.597042	28.374804
1539117572.133775	28.698952	28.521946	28.486341
1539117572.167240	28.773214	28.473812	28.574097
1539117572.200501	28.475883	28.335588	28.522821
1539117572.233886	27.838385	27.957499	28.377177
1539117572.266988	27.855885	28.217489	28.301267
1539117572.300104	27.889471	27.998718	28.196621
1539117572.333585	26.208918	26.343510	27.770561
1539117572.366932	25.227427	24.941141	27.091671
1539117572.400181	24.461580	24.987305	26.497633
1539117572.433515	23.056351	22.913532	25.436841
1539117572.467058	21.989246	22.224833	24.282064
1539117572.500664	20.486637	20.005793	23.014521
1539117572.533515	19.197512	19.333967	21.893086
1539117572.566991	18.711647	19.794891	20.854603
1539117572.600230	17.172512	17.412271	19.754351
1539117572.633555	16.371405	16.405924	18.590569
1539117572.666735	15.501256	16.000778	17.789566
1539117572.699994	14.716935	15.208211	16.964415
1539117572.733238	13.442814	13.868136	15.779064
1539117572.766602	12.586203	12.854739	14.867558
1539117572.799991	11.940380	12.796226	14.145618
1539117572.833268	10.122783	10.552929	13.056048
1539117572.866591	8.822382	9.760193	11.966445
1539117572.900007	6.862185	7.466296	10.686076
1539117572.933356	5.436748	6.085583	9.332245
1539117572.966742	4.357362	5.548676	7.882735
1539117572.999968	3.054885	4.392216	6.650593
1539117573.033280	2.228354	4.306551	5.559864
1539117573.066377	2.993093	5.987503	5.264106
1539117573.099727	1.230851	3.466074	4.740204
1539117573.132826	-0.525365	2.146221	4.059713
1539117573.166152	-1.161931	1.982841	3.577838
1539117573.199669	-1.975048	0.271288	2.770786
1539117573.233032	-1.072577	3.616095	2.296504
1539117573.266589	-1.366907	3.204262	2.244141
1539117573.299523	-1.605525	2.873926	2.389683
1539117573.333096	-1.733028	2.423612	2.477837
1539117573.366457	-4.295956	-2.091774	2.005225
1539117573.401078	-1.450959	2.095419	1.701089
1539117573.432721	-1.104780	1.867896	1.433816
1539117573.466026	-0.637959	2.097083	1.278447
1539117573.499305	0.009894	2.601728	1.314071
1539117573.532698	-2.202847	-0.240128	1.684400
1539117573.566222	-2.270027	-0.308172	1.203681
1539117573.599283	-6.474564	-4.592501	-0.088398
1539117573.632634	-2.199023	-0.840123	-0.675839
1539117573.665857	-2.411538	-0.105005	-1.217186
1539117573.699385	-2.675684	-1.072914	-1.383743
1539117573.732508	-3.895512	-2.091020	-1.740313
1539117573.766282	-1.506192	1.302715	-0.561270
1539117573.799250	-3.067782	-0.745601	-0.542365
1539117573.832526	-3.893670	-2.026657	-0.926696
1539117573.865822	-6.800881	-4.003537	-1.512820
1539117573.899158	-8.286022	-4.581558	-2.010928
1539117573.932616	-9.223804	-5.786344	-3.428740
1539117573.965920	-10.499062	-6.877190	-4.655057
1539117573.999171	-6.827107	-4.497090	-5.149144
1539117574.032361	-11.785740	-7.940626	-5.936561
1539117574.065777	-7.035350	-6.547121	-6.329674
1539117574.099224	-12.832023	-8.642850	-6.900975
1539117574.132412	-9.104012	-7.121466	-6.949831
1539117574.165923	-12.048644	-8.816915	-7.813795
1539117574.199071	-11.717729	-9.536135	-8.132897
1539117574.232656	-7.722289	-6.538434	-8.131160
1539117574.265644	-10.815781	-8.562419	-8.115074
1539117574.298923	-7.435534	-7.142058	-8.119192
1539117574.332202	-7.394436	-6.821236	-7.720056
1539117574.365613	-7.278949	-7.260667	-7.264963
1539117574.398799	-7.435084	-7.324625	-7.422201
1539117574.432379	-7.635710	-6.925759	-7.094869
1539117574.465842	-8.180968	-7.714621	-7.209382
1539117574.499013	-8.753679	-8.754364	-7.596007
1539117574.532362	-9.078272	-9.036416	-7.951157
1539117574.565730	-10.102566	-8.237083	-8.133649
1539117574.598955	-10.637160	-9.822479	-8.712993
1539117574.632303	-11.757166	-11.319514	-9.433971
1539117574.665478	-11.412325	-10.355075	-9.754114
1539117574.698681	-12.011351	-11.062558	-10.159342
1539117574.731930	-12.912576	-11.873179	-10.886561
1539117574.765311	-13.601285	-12.523959	-11.426857
1539117574.798702	-13.834165	-13.640779	-11.891110
1539117574.831836	-14.646960	-13.851675	-12.590430
1539117574.865116	-15.037374	-14.230748	-13.224068
1539117574.898445	-15.781603	-15.742505	-13.997933
1539117574.931766	-15.472531	-15.803680	-14.653877
1539117574.965118	-15.521284	-16.104565	-15.146635
1539117574.998388	-14.957400	-14.934417	-15.363183
1539117575.031653	-15.146520	-15.455146	-15.608063
1539117575.065017	-14.909562	-15.581498	-15.575861
1539117575.098226	-15.073352	-15.178246	-15.450774
1539117575.131564	-15.187385	-16.136751	-15.457211
1539117575.164936	-15.353917	-15.976101	-15.665548
1539117575.198225	-16.597265	-17.109339	-15.996387
1539117575.231460	-16.795744	-17.721952	-16.424478
1539117575.264948	-17.521044	-18.427591	-17.074347
1539117575.298194	-17.115860	-17.657829	-17.378563
1539117575.331395	-16.090467	-15.772779	-17.337898
1539117575.364837	-16.033001	-15.418899	-16.999810
1539117575.398176	-15.765672	-15.532772	-16.561974
1539117575.431508	-15.942826	-15.464865	-15.969429
1539117575.464770	-15.829971	-15.155928	-15.469048
1539117575.497966	-15.872909	-15.348995	-15.384292
1539117575.531374	-15.311107	-15.021390	-15.304790
1539117575.564648	-16.618097	-17.263943	-15.651024
1539117575.597955	-17.236088	-17.804508	-16.118953
1539117575.631400	-16.374081	-16.511732	-16.390114
1539117575.664723	-16.804852	-17.368885	-16.794092
1539117575.697891	-16.434963	-16.568514	-17.103516
1539117575.731352	-15.413473	-15.890515	-16.828831
1539117575.764508	-14.502081	-14.381413	-16.144212
1539117575.797825	-14.116041	-14.595329	-15.760931
1539117575.831175	-13.796904	-14.210593	-15.129273
1539117575.864551	-11.985760	-10.771356	-13.969841
1539117575.897784	-11.369127	-10.475134	-12.886765
1539117575.931141	-10.377303	-9.190369	-11.848556
1539117575.964404	-9.408987	-8.669357	-10.663362
1539117575.997870	-8.016865	-7.271734	-9.275590
1539117576.031034	-8.860208	-8.658435	-8.853006
1539117576.064544	-7.247218	-5.522820	-7.862543
1539117576.097636	-5.174353	-5.940473	-7.212564
1539117576.131172	-4.597664	-5.301575	-6.539007
1539117576.164343	-3.874999	-4.621429	-6.008947
1539117576.197578	-3.651601	-4.200311	-5.117322
1539117576.231053	-3.675160	-5.651120	-5.142982
1539117576.264336	-3.190549	-4.271770	-4.809241
1539117576.298412	-3.351646	-5.968732	-4.942672
1539117576.330997	-3.627079	-5.634335	-5.145253
1539117576.364293	-3.655467	-5.419523	-5.389096
1539117576.397412	-3.282569	-2.098865	-4.678645
1539117576.430788	-4.757679	-5.676357	-4.959562
1539117576.464065	-3.763095	-1.820003	-4.129816
1539117576.497385	-3.850305	-1.445603	-3.292070
1539117576.530721	-5.889770	-3.877061	-2.983578
1539117576.564605	-4.733070	-3.061849	-3.176175
1539117576.597343	-4.386139	-2.421281	-2.525159
1539117576.630672	-3.501054	-1.221446	-2.405448
1539117576.664167	-7.169882	-4.573512	-3.031030
1539117576.697289	-6.627746	-3.595572	-2.974732
1539117576.730608	-5.592864	-2.319393	-2.826241
1539117576.763921	-4.845846	-1.628293	-2.667643
1539117576.797259	-4.191573	-1.013526	-2.626059
1539117576.830512	-3.522768	-0.072101	-1.725777
1539117576.863893	-6.254371	-4.697423	-1.946147
1539117576.897337	-4.766968	-1.938136	-1.869896
1539117576.930516	-4.107449	-0.968417	-1.737921
1539117576.963935	-3.634959	-0.318911	-1.598998
1539117576.997206	-3.163686	-0.154359	-1.615449
1539117577.030677	-2.184343	0.321273	-0.611710
1539117577.063680	-2.291156	-0.424990	-0.309081
1539117577.097091	-2.428545	0.137132	-0.087971
1539117577.130418	-2.228438	-0.010860	-0.026361
1539117577.163674	-1.469282	0.993949	0.203301
1539117577.197177	-0.608938	2.088724	0.556791
1539117577.230813	0.030732	2.642849	1.170359
1539117577.263728	0.897384	3.703203	1.883573
1539117577.297254	1.611166	3.897680	2.665281
1539117577.330527	2.496239	4.376766	3.341844
1539117577.363479	3.661784	6.339371	4.191974
1539117577.396814	4.314950	6.083814	4.880167
1539117577.430138	5.504251	7.833365	5.706199
1539117577.463501	6.407375	8.366453	6.599954
1539117577.496906	7.212144	8.848669	7.494335
1539117577.530328	8.383626	9.495762	8.125613
1539117577.563731	9.189949	10.794513	9.067752
1539117577.596804	10.262528	12.353457	9.971771
1539117577.630329	10.831432	12.508315	10.800143
1539117577.663352	11.350720	13.269817	11.684373
1539117577.696721	11.313002	13.488913	12.483003
1539117577.730050	11.461248	13.318572	12.987815
1539117577.763702	11.156007	12.972007	13.111525
1539117577.796698	10.634250	11.673583	12.944578
1539117577.829945	13.137448	13.059339	12.902483
1539117577.863402	12.776831	12.911469	12.786994
1539117577.896578	13.768970	14.121162	12.947512
1539117577.929941	13.830139	14.154761	13.184063
1539117577.963352	14.228238	14.553977	13.760142
1539117577.996601	13.721844	12.939505	13.736175
1539117578.029940	14.660237	15.488534	14.251588
1539117578.063463	14.705500	15.631032	14.553562
1539117578.099312	16.072880	16.662451	15.055100
1539117578.129685	16.175997	17.581657	15.660636
1539117578.163063	16.507164	17.062918	16.485318
1539117578.196316	17.623495	18.751024	17.137816
1539117578.229774	19.444624	19.623621	17.936334
1539117578.263024	20.544945	20.647238	18.733292
1539117578.296359	21.169033	21.920815	19.601123
1539117578.330712	22.576340	22.703148	20.729169
1539117578.362825	23.404163	23.174461	21.613857
1539117578.396247	23.842651	23.484644	22.386061
1539117578.429455	23.824823	22.882397	22.833093
1539117578.462901	23.921915	23.691710	23.187272
1539117578.496170	23.368177	22.540840	23.154810
1539117578.529405	23.369701	22.664936	23.052905
1539117578.562883	22.463388	21.690119	22.694000
1539117578.595985	22.430916	21.748859	22.467293
1539117578.629354	21.815468	21.583738	22.045699
1539117578.662665	22.197435	21.599194	21.857369
1539117578.696017	22.114496	21.212999	21.566982
1539117578.729259	21.824503	21.447031	21.518364
1539117578.762619	22.485947	21.374620	21.443517
1539117578.795896	22.438177	21.719294	21.470628
1539117578.829274	22.262791	21.841772	21.519143
1539117578.862612	22.121609	21.372883	21.551120
1539117578.895786	21.864803	22.089703	21.679654
1539117578.929217	21.341244	21.387665	21.682263
1539117578.962484	19.912729	20.673218	21.473048
1539117578.995682	21.055183	21.203463	21.345386
1539117579.029076	18.936655	19.096083	20.890026
1539117579.062387	17.386364	17.743731	20.020832
1539117579.095700	15.113250	15.867486	18.916796
1539117579.128992	13.019514	12.139486	17.210050
1539117579.162342	11.371533	11.074394	15.184236
1539117579.195744	10.055111	10.485046	13.462029
1539117579.228968	9.420012	11.303027	12.173888
1539117579.262424	8.042387	10.069641	11.014319
1539117579.295521	7.136509	9.625212	10.511464
1539117579.328836	6.146624	8.460211	9.988627
1539117579.362162	4.801104	8.631738	9.617966
1539117579.395452	4.373258	8.212984	8.999957
1539117579.428911	4.357041	8.392541	8.664537
1539117579.462094	1.473032	0.242812	6.788057
1539117579.495425	0.932305	1.489882	5.393991
1539117579.528747	-0.356057	-0.563374	3.554969
1539117579.562143	-0.744078	-0.247028	1.862966
1539117579.595309	-1.998271	-1.725766	-0.160695
1539117579.628814	-2.681792	-1.775529	-0.564363
1539117579.661931	-3.921723	-2.556350	-1.373609
1539117579.695260	-5.038202	-3.191206	-1.899176
1539117579.728571	-5.121322	-2.057549	-2.261280
1539117579.761922	-1.002331	3.185219	-1.279083
1539117579.795281	-1.470639	2.493617	-0.425254
1539117579.828501	-1.918770	1.894880	0.464992
1539117579.861969	-2.397634	1.250855	1.353404
1539117579.895293	-2.690733	0.967664	1.958447
1539117579.928459	-2.713834	0.708214	1.463046
1539117579.961801	-3.040656	0.699756	1.104274
1539117579.995505	-2.555547	0.744155	0.874129
1539117580.028556	-2.336485	0.488903	0.721738
1539117580.061751	-4.866984	-2.365780	0.055050
1539117580.095050	-4.199424	-2.422712	-0.571136
1539117580.128352	-4.687887	-2.324466	-1.175980
1539117580.161614	-4.296099	-2.539123	-1.832635
1539117580.195011	-4.284781	-2.168682	-2.364152
1539117580.228354	-4.596018	-2.537151	-2.398427
1539117580.261534	-4.481682	-2.180327	-2.349950
1539117580.294911	-4.326822	-2.087821	-2.302621
1539117580.328240	-5.102427	-2.300744	-2.254945
1539117580.361492	-4.078825	-2.677874	-2.356783
1539117580.394792	-4.313730	-2.656747	-2.380703
1539117580.428117	-4.668156	-2.832814	-2.511200
1539117580.461406	-5.539258	-3.324641	-2.758564
1539117580.494785	-1.134089	0.356122	-2.227191
1539117580.528111	-4.385011	-3.114764	-2.314569
1539117580.561437	-4.968342	-3.423701	-2.467960
1539117580.594686	-2.031497	0.229816	-1.855434
1539117580.628042	-1.922918	0.097492	-1.171007
1539117580.661316	-1.996747	-0.032045	-1.248640
1539117580.694685	-2.010764	0.129319	-0.599824
1539117580.727905	-2.194966	-0.265106	0.031895
1539117580.761283	-2.797906	-0.526322	-0.119332
1539117580.794662	-2.650222	-0.363712	-0.211573
1539117580.827876	-2.402712	-0.207488	-0.246662
1539117580.861146	-2.901064	-0.698860	-0.412298
1539117580.894563	-2.757420	-0.724469	-0.504170
1539117580.927871	-3.091394	-0.575010	-0.513908
1539117580.961172	-3.154610	-0.774920	-0.596149
1539117580.994460	-3.163824	-0.788172	-0.712286
1539117581.027790	-2.954875	-0.840082	-0.740531
1539117581.061047	-3.012894	-1.484332	-0.892503
1539117581.094314	-3.662459	-1.333275	-1.044156
1539117581.127614	-3.668004	-1.290501	-1.147272
1539117581.160949	-3.951015	-1.227932	-1.235224
1539117581.194219	-3.233032	-1.041097	-1.275427
1539117581.227626	-3.568883	-1.225335	-1.223628
1539117581.260960	-3.880738	-1.270948	-1.211163
1539117581.294313	-3.775262	-1.076838	-1.168430
1539117581.327620	-4.250411	-1.434637	-1.209771
1539117581.360787	-4.054574	-1.698494	-1.341250
1539117581.394228	-4.112536	-1.519069	-1.399997
1539117581.427569	-4.289778	-1.575242	-1.460856
1539117581.460793	-4.657132	-1.804975	-1.606484
1539117581.494153	-4.731291	-2.084589	-1.736474
1539117581.527421	-4.749119	-1.595845	-1.715944
