1539612729.701135	-2.567110	-0.995488	-0.995488	0.048773	0.002398	0.835190
1539612729.767781	-1.992925	-0.589276	-0.792382	0.048007	-0.001670	0.834797
1539612729.800968	-2.217740	-0.501150	-0.695305	0.046179	-0.001020	0.834879
1539612729.834290	-2.113363	-0.943461	-0.757344	0.048659	-0.004310	0.834422
1539612729.867687	-1.825634	-0.580875	-0.722050	0.047972	-0.001698	0.834658
1539612729.901069	-2.107746	-0.863562	-0.695665	0.047216	0.000711	0.835184
1539612729.934365	-1.626380	-0.336941	-0.645198	0.048939	-0.003151	0.835266
1539612729.967593	-2.080602	-0.380548	-0.621078	0.046904	-0.006501	0.834463
1539612730.001183	-1.540553	-0.774770	-0.587339	0.049113	-0.002131	0.834064
1539612730.039435	-1.428157	-0.455053	-0.562175	0.049131	-0.003646	0.834080
1539612730.100971	-1.898193	-0.573644	-0.504191	0.049019	-0.000600	0.834122
1539612730.134309	-1.922804	-0.764798	-0.589763	0.048789	-0.002953	0.834480
1539612730.167704	-1.980294	-0.846124	-0.682878	0.047566	-0.002173	0.833930
1539612730.201088	-2.052005	-0.691399	-0.666204	0.048969	-0.004154	0.834560
1539612730.234363	-2.112789	-0.837224	-0.742638	0.048488	0.000105	0.834307
1539612730.267887	-2.340008	-0.689729	-0.765855	0.047303	-0.002756	0.834408
1539612730.300951	-2.469484	-0.712584	-0.755412	0.047379	-0.005947	0.835865
1539612730.334320	-2.040145	-0.895724	-0.765332	0.048501	-0.001110	0.835234
1539612730.367671	-2.235217	-0.817438	-0.790540	0.048814	-0.001152	0.836236
1539612730.400965	-1.740385	-0.826869	-0.788469	0.051005	0.000977	0.836132
1539612730.434399	-3.033560	-1.428246	-0.936172	0.047131	0.000375	0.836353
1539612730.467672	-2.679756	-1.492519	-1.092159	0.048918	-0.000528	0.836225
1539612730.501197	-2.669769	-0.928022	-1.098619	0.048706	0.001617	0.836991
1539612730.534212	-2.337629	-0.558400	-1.046811	0.049571	0.003131	0.837582
1539612730.567533	-3.671804	-1.375590	-1.156556	0.047550	0.003055	0.837517
1539612730.600947	-3.322830	-1.136856	-1.098278	0.048581	0.003419	0.838739
1539612730.634315	-2.799259	-1.233140	-1.046402	0.048880	0.003330	0.839016
1539612730.667571	-2.999036	-1.239375	-1.108672	0.050294	0.003435	0.840142
1539612730.700837	-3.277589	-2.028251	-1.402642	0.051003	0.000449	0.841199
1539612730.734245	-3.896916	-2.401892	-1.607903	0.051308	0.001790	0.842490
1539612730.767463	-3.522641	-2.374446	-1.855421	0.053897	0.000864	0.843756
1539612730.800833	-4.025413	-2.750850	-2.158963	0.054120	-0.000786	0.845819
1539612730.834164	-4.260961	-3.094365	-2.529961	0.057111	0.000208	0.847626
1539612730.867474	-5.159405	-3.934648	-2.911240	0.056732	-0.001312	0.850606
1539612730.900847	-3.247868	0.398765	-2.351109	0.062281	-0.004335	0.855031
1539612730.934161	-5.002679	-4.993161	-2.874852	0.059085	-0.000580	0.855954
1539612730.967438	-3.209749	-0.757967	-2.476275	0.067057	-0.005148	0.859493
1539612731.000863	-3.679707	-1.601894	-2.177781	0.067991	-0.008921	0.863299
1539612731.034169	-8.692006	-2.909645	-1.972780	0.062114	-0.002273	0.870172
1539612731.067409	-9.453252	-4.124723	-2.877478	0.065266	-0.001107	0.873986
1539612731.100993	-9.435288	-4.734979	-2.825841	0.066519	-0.002826	0.877879
1539612731.134211	-9.652819	-5.379685	-3.750185	0.073054	-0.006905	0.880125
1539612731.167526	-9.516263	-6.266776	-4.683161	0.074045	-0.004376	0.882740
1539612731.200808	-9.467445	-6.505913	-5.402415	0.076363	-0.005157	0.886256
1539612731.234120	-6.902175	-3.208725	-5.219215	0.086404	-0.002343	0.887187
1539612731.267425	-7.404063	-4.268635	-5.125947	0.089869	-0.002062	0.890288
1539612731.300777	-8.118348	-4.921559	-5.034322	0.090243	-0.009244	0.894211
1539612731.334084	-7.063273	-4.515378	-4.684042	0.093923	-0.006597	0.899438
1539612731.367450	-8.891082	-5.603856	-4.503631	0.094726	-0.009695	0.901808
1539612731.400866	-11.476481	-6.117779	-5.085441	0.092018	-0.008516	0.910190
1539612731.434200	-10.989014	-6.130320	-5.457778	0.094430	-0.007156	0.913045
1539612731.467507	-10.895032	-6.014631	-5.676393	0.095576	-0.005806	0.917582
1539612731.500855	-10.164589	-5.627022	-5.898722	0.096078	-0.006587	0.921401
1539612731.534081	-10.120456	-5.589028	-5.895756	0.094675	-0.007624	0.924547
1539612731.567436	-9.491649	-5.348855	-5.741971	0.093839	-0.006226	0.927633
1539612731.600839	-9.759516	-4.783241	-5.472555	0.091074	-0.005993	0.931115
1539612731.667553	-11.042309	-9.380033	-6.145636	0.084163	0.001098	0.938207
1539612731.700756	-10.602689	-8.781194	-6.776470	0.083605	0.001900	0.941157
1539612731.734115	-6.148396	-0.420246	-5.742714	0.086745	-0.000187	0.947297
1539612731.767449	-5.131336	0.133020	-4.646339	0.085063	-0.001662	0.951588
1539612731.800695	-3.902281	0.882839	-3.513123	0.083592	-0.003741	0.955775
1539612731.834080	-1.987029	1.521253	-1.332866	0.083183	-0.011095	0.961389
1539612731.867409	-4.666954	-6.274577	-0.831542	0.071713	-0.010293	0.965446
1539612731.900775	-7.634423	-5.948692	-1.937231	0.062039	-0.011860	0.974191
1539612731.934114	-6.310776	-4.532821	-2.870400	0.058175	-0.008792	0.981318
1539612731.967439	-2.688310	-2.076513	-3.462270	0.058254	-0.010947	0.987797
1539612732.000723	-2.272855	-0.901171	-3.946755	0.053432	-0.013950	0.992719
1539612732.034061	-2.549134	0.066925	-2.678454	0.045328	-0.016844	0.997717
1539612732.067419	-0.079557	1.884778	-1.111760	0.044996	-0.025245	1.002468
1539612732.100692	1.525016	2.714749	0.337754	0.042103	-0.029203	1.008052
1539612732.133982	2.294152	3.222508	1.397558	0.039324	-0.031062	1.011943
1539612732.167346	6.488008	5.525599	2.682912	0.041067	-0.028399	1.018778
1539612732.200695	1.507799	0.277981	2.725123	0.030460	-0.025794	1.020186
1539612732.233993	-3.009413	1.474220	2.643011	0.021112	-0.025891	1.029489
1539612732.267352	-4.175695	-3.212029	1.457656	0.015751	-0.023735	1.033233
1539612732.300622	4.310158	3.031026	1.419359	0.027064	-0.015755	1.035437
1539612732.334062	1.375233	-2.581808	-0.202122	0.021409	-0.016958	1.040724
1539612732.367367	6.231311	4.366896	0.615661	0.027122	-0.029087	1.040215
1539612732.400699	4.732641	3.606941	1.042205	0.026242	-0.030797	1.043854
1539612732.433980	0.942426	-2.213988	1.241813	0.020881	-0.025889	1.048876
1539612732.467578	0.674368	-2.355212	0.164566	0.019947	-0.030259	1.050988
1539612732.500706	-0.291858	-1.945929	0.291741	0.018514	-0.025277	1.053394
1539612732.533933	-1.041620	-2.281579	-1.037954	0.017211	-0.025476	1.057971
1539612732.567238	3.061696	2.205179	-1.318306	0.025135	-0.025732	1.056704
1539612732.600638	2.190807	1.369396	-0.601629	0.027146	-0.033936	1.058654
1539612732.634029	0.875688	0.725004	0.014414	0.027244	-0.028307	1.060712
1539612732.667160	0.479578	-0.223230	0.358954	0.029454	-0.025193	1.064808
1539612732.700627	-0.087970	-1.374145	0.540441	0.032522	-0.023249	1.066512
1539612732.733972	-1.072012	-2.147418	-0.330078	0.035793	-0.024706	1.069551
1539612732.767150	-2.224592	-2.711693	-1.146296	0.037260	-0.025238	1.072904
1539612732.833880	-6.413388	-6.455761	-2.582449	0.040179	-0.019493	1.081635
1539612732.867221	-8.121999	-8.133543	-4.164512	0.043698	-0.027994	1.084816
1539612732.900614	-5.629127	-4.437795	-4.777242	0.056170	-0.028837	1.084230
1539612732.933883	-7.186723	-5.966070	-5.540972	0.058550	-0.035311	1.092534
1539612732.967131	-5.896829	-2.491998	-5.497033	0.071534	-0.032903	1.094895
1539612733.000496	-4.817059	-2.779028	-4.761687	0.076298	-0.029129	1.102975
1539612733.033958	-5.307791	-3.594583	-3.853895	0.081755	-0.031239	1.106487
1539612733.067259	-6.040300	-5.597254	-4.085786	0.086306	-0.033975	1.110902
1539612733.100502	-7.480722	-7.001936	-4.292960	0.088488	-0.033902	1.114457
1539612733.133813	-5.929807	-2.128335	-4.220227	0.096602	-0.033257	1.119637
1539612733.167185	-11.299479	-9.591357	-5.582693	0.093293	-0.033740	1.122369
1539612733.200651	-8.266937	-3.914078	-5.646592	0.097200	-0.032530	1.128986
1539612733.233787	-8.210816	-4.540810	-5.435303	0.098763	-0.024827	1.133208
1539612733.267127	-9.349982	-4.877100	-5.010336	0.100306	-0.030832	1.135467
1539612733.300894	-8.964783	-5.166993	-5.618068	0.105890	-0.037665	1.134084
1539612733.333845	-9.748640	-5.975387	-4.894874	0.102727	-0.034962	1.139891
1539612733.367149	-9.250943	-6.001091	-5.312276	0.101409	-0.030253	1.144402
1539612733.400612	-11.768538	-10.959044	-6.595923	0.099589	-0.034524	1.144135
1539612733.433830	-10.532282	-9.943279	-7.609159	0.100190	-0.036170	1.146838
1539612733.467102	-10.206853	-9.055726	-8.386905	0.095206	-0.026137	1.151876
1539612733.500628	-7.212069	-2.662765	-7.724381	0.096653	-0.022804	1.156908
1539612733.533811	-5.292271	-1.784853	-6.881133	0.099006	-0.032238	1.159179
1539612733.567099	-4.953556	-1.334565	-4.956238	0.096126	-0.027979	1.161518
1539612733.600463	-7.341081	-6.916298	-4.350841	0.091196	-0.030468	1.160628
1539612733.633766	-6.683917	-5.838036	-3.707303	0.086383	-0.039683	1.162060
1539612733.667040	-6.006696	-3.911078	-3.956966	0.079843	-0.043544	1.164693
1539612733.700340	-5.115822	-2.471006	-4.094197	0.077747	-0.052044	1.166377
1539612733.733712	-3.747925	-0.745378	-3.976359	0.071950	-0.037001	1.170194
1539612733.767056	-2.686162	0.629729	-2.467154	0.068884	-0.042053	1.171567
1539612733.800352	-1.906008	-3.023240	-1.904194	0.061910	-0.041273	1.178768
1539612733.833662	1.407258	-0.845673	-1.291113	0.061700	-0.037849	1.181977
1539612733.867021	-3.377669	-5.859612	-1.968834	0.047362	-0.047924	1.179157
1539612733.900358	-3.354271	-5.029380	-2.825635	0.041997	-0.057577	1.181653
1539612733.933727	-3.106812	-3.788628	-3.709306	0.037157	-0.051812	1.185057
1539612733.967067	3.206231	3.877172	-2.329224	0.042007	-0.047233	1.187801
1539612734.000411	-0.591474	-1.113721	-2.382834	0.031281	-0.055953	1.189702
1539612734.033690	0.741215	-0.370756	-1.285063	0.028727	-0.051288	1.190534
1539612734.067059	3.664428	1.281894	-0.022808	0.028681	-0.054539	1.192265
1539612734.100335	1.905613	1.497523	1.034422	0.023331	-0.053326	1.196800
1539612734.133689	2.697954	2.372685	0.733525	0.021988	-0.046628	1.199503
1539612734.167003	-1.180891	-4.122584	0.131752	0.012747	-0.069117	1.193995
1539612734.200296	4.533388	4.249895	1.055883	0.018433	-0.056888	1.200814
1539612734.233689	3.738031	3.599123	1.519328	0.017414	-0.057379	1.202868
1539612734.267026	5.216927	3.946662	2.009156	0.021577	-0.049869	1.206364
1539612734.300604	3.882614	4.131295	2.360878	0.017557	-0.057753	1.207291
1539612734.334051	5.074951	3.544135	3.894222	0.022385	-0.055517	1.210986
1539612734.366921	4.020772	3.000728	3.644389	0.021532	-0.059908	1.212490
1539612734.400470	3.628290	3.082008	3.540966	0.020097	-0.061301	1.213891
1539612734.433652	2.683924	2.806321	3.312898	0.020157	-0.054347	1.215321
1539612734.466907	1.812232	1.394799	2.765598	0.022352	-0.058700	1.216825
1539612734.500470	4.313571	1.196000	2.295971	0.025777	-0.183483	1.211010
1539612734.533634	1.288764	0.626369	1.821099	0.024348	-0.065958	1.223611
1539612734.566900	1.004134	0.385540	1.281806	0.027920	-0.050061	1.225775
1539612734.600276	-0.361787	-3.959722	-0.071403	0.034397	-0.179660	1.216030
1539612734.633586	0.870458	2.632426	0.176123	0.042893	-0.054198	1.231723
1539612734.666885	-0.532724	-1.233023	-0.309682	0.049370	-0.170904	1.219525
1539612734.700649	-0.047468	0.451798	-0.344596	0.050866	-0.045325	1.240472
1539612734.733495	-5.521912	-7.882244	-1.998153	0.050200	-0.060774	1.239550
1539612734.766881	0.145198	3.531696	-0.499869	0.062210	-0.043478	1.242894
1539612734.800385	-0.693892	1.835554	-0.659244	0.068299	-0.049331	1.247753
1539612734.833611	-3.509317	-0.563391	-0.525317	0.071043	-0.053446	1.248385
1539612734.866905	-2.918635	-1.591537	-0.933984	0.078496	-0.056157	1.249687
1539612734.900699	-2.950141	-2.612076	0.120049	0.080313	-0.065536	1.250276
1539612734.933462	-2.230214	-3.004828	-1.187255	0.082611	-0.043093	1.257431
1539612734.966797	-9.166393	-7.629512	-3.080269	0.092694	-0.172271	1.248109
1539612735.000419	-11.161600	-9.219708	-4.811532	0.097955	-0.172901	1.250582
1539612735.033532	-12.757774	-10.462265	-6.585678	0.094886	-0.183871	1.251962
1539612735.066845	-8.568765	-7.943699	-7.652003	0.092927	-0.068460	1.263378
1539612735.100286	-9.486787	-8.567439	-8.764525	0.093592	-0.055519	1.267958
1539612735.133429	-9.967164	-9.001912	-9.039005	0.096361	-0.064777	1.269424
1539612735.166842	-10.696361	-9.352715	-9.065606	0.095277	-0.061688	1.270643
1539612735.200279	-11.430324	-9.672984	-8.907750	0.091029	-0.059289	1.274798
1539612735.233418	-10.035300	-8.451874	-9.009385	0.094247	-0.066126	1.276168
1539612735.266788	-8.238911	-6.762808	-8.648458	0.089822	-0.047529	1.285110
1539612735.300354	-10.814248	-8.757368	-8.599550	0.098031	-0.175391	1.271761
1539612735.333518	-4.905018	-4.437306	-7.616468	0.090022	-0.053790	1.286367
1539612735.366771	-6.451922	-5.119133	-6.705698	0.086756	-0.053433	1.286550
1539612735.400587	-6.052469	-5.031051	-6.021533	0.080528	-0.044699	1.288562
1539612735.433409	-7.071465	-4.867314	-5.642435	0.081094	-0.052198	1.291529
1539612735.466749	-3.578632	-1.817741	-4.254509	0.076952	-0.045335	1.292293
1539612735.500108	-15.432968	-14.578451	-6.282738	0.065711	-0.166766	1.280779
1539612735.533686	-5.250177	-3.648094	-5.988530	0.071676	-0.166757	1.286036
1539612735.566854	-10.288400	-10.198541	-7.022028	0.056345	-0.163344	1.284713
1539612735.600227	-0.770231	3.733754	-5.301814	0.064735	-0.051536	1.298370
1539612735.633412	-4.765036	-6.239347	-6.186136	0.055595	-0.172498	1.285851
1539612735.666800	-2.436934	-0.015529	-3.273551	0.049067	-0.040145	1.302064
1539612735.700239	-7.606828	-8.186761	-4.181285	0.040630	-0.178599	1.284231
1539612735.733449	-2.635846	-5.426723	-3.226921	0.035603	-0.181093	1.283714
1539612735.766759	-0.748283	-1.414585	-4.256589	0.032950	-0.173717	1.284007
1539612735.800235	-0.378925	-0.648998	-3.138519	0.028174	-0.050234	1.298386
1539612735.833431	5.621653	0.812573	-2.972899	0.033996	-0.183529	1.282842
1539612735.866838	-3.347584	-5.565398	-2.448626	0.009763	-0.164862	1.276695
1539612735.900092	-1.822122	-5.314843	-2.426250	0.010526	-0.177156	1.276656
1539612735.933374	5.289719	3.925291	-1.358275	0.022205	-0.055535	1.290824
1539612735.966685	5.891799	4.609058	-0.306664	0.018762	-0.049478	1.292297
1539612736.000126	-1.743545	-3.356683	-1.140515	0.007556	-0.061056	1.280977
1539612736.033397	-0.306185	-3.949875	-0.817410	0.005284	-0.186431	1.266894
1539612736.066684	2.985629	5.075379	1.260634	0.009723	-0.066356	1.279739
1539612736.100639	1.609962	-2.112776	0.053021	0.006304	-0.187801	1.264741
1539612736.133333	5.097717	4.076668	-0.053457	0.018621	-0.047673	1.278179
1539612736.166650	3.737693	3.576432	1.333166	0.021451	-0.055689	1.273749
1539612736.200479	-3.636248	-5.649049	0.993331	0.007887	-0.184570	1.253818
1539612736.233407	1.317667	1.537817	0.285818	0.027330	-0.048874	1.264409
1539612736.266757	-3.799644	-6.259069	-0.543440	0.017328	-0.171005	1.244183
1539612736.300109	0.287376	-0.642562	-1.487286	0.026235	-0.055003	1.250945
1539612736.333368	-0.727406	-1.361411	-2.474855	0.030702	-0.065095	1.245298
1539612736.366754	-0.111969	-1.754235	-1.695892	0.038180	-0.056346	1.235080
1539612736.400271	2.023212	2.625497	-1.478356	0.046359	-0.057115	1.233982
1539612736.433326	-3.120635	-4.522531	-1.131048	0.045816	-0.054794	1.224106
1539612736.466610	-0.305830	-1.037417	-1.210019	0.054985	-0.043491	1.219932
1539612736.500244	-3.006355	-3.112079	-1.560153	0.059630	-0.160582	1.203673
1539612736.533353	-5.994747	-4.645544	-2.138415	0.059418	-0.063522	1.201535
1539612736.566621	-2.004593	0.545185	-2.554477	0.069839	-0.049654	1.200579
1539612736.600425	-3.406690	-0.871963	-1.824363	0.076212	-0.043308	1.194228
1539612736.633230	-5.709744	-3.420010	-2.300882	0.077409	-0.039241	1.187912
1539612736.666648	-6.716287	-4.367534	-2.551973	0.079296	-0.044267	1.183049
1539612736.699951	-7.602768	-5.360448	-2.694954	0.082213	-0.037467	1.177815
1539612736.733294	-7.727534	-6.507463	-4.105483	0.087435	-0.040727	1.172454
1539612736.766540	-8.223303	-7.301369	-5.391365	0.088773	-0.036941	1.168576
1539612736.800086	-5.224080	-1.830823	-5.073527	0.098178	-0.037807	1.166680
1539612736.833267	-7.087699	-7.708727	-5.741766	0.094765	-0.031821	1.161753
1539612736.866569	-5.027461	-1.579330	-4.985542	0.097745	-0.031810	1.159436
1539612736.900407	-5.632453	-2.174339	-4.118918	0.098186	-0.041897	1.155180
1539612736.933257	-5.648725	-2.034315	-3.065507	0.099127	-0.026879	1.149646
1539612736.966596	-7.814729	-8.215719	-4.342486	0.094661	-0.031109	1.144362
1539612737.000148	-6.662040	-2.876285	-3.375998	0.097172	-0.028764	1.138557
1539612737.033188	-5.438978	-2.747906	-3.609713	0.095329	-0.016901	1.136856
1539612737.066741	-4.523942	-1.714284	-3.517702	0.096169	-0.024333	1.130661
1539612737.099984	-3.317349	-0.918000	-3.294439	0.096962	-0.026806	1.124894
1539612737.133239	-4.704867	-2.511180	-2.153531	0.096355	-0.146455	1.112481
1539612737.166554	-2.866567	0.546035	-1.469067	0.090821	-0.025234	1.114548
1539612737.199966	-5.428327	-4.489109	-1.817307	0.084495	-0.028111	1.108728
1539612737.233218	-4.432364	-2.772533	-2.028957	0.080763	-0.028894	1.101126
1539612737.266694	-5.070773	-2.693481	-2.384054	0.075763	-0.036307	1.092665
1539612737.300170	-3.537579	-0.619079	-2.005633	0.071105	-0.026926	1.085103
1539612737.333171	-2.223844	1.568015	-1.801237	0.065093	-0.020419	1.079887
1539612737.366508	-2.345545	-1.734287	-1.250273	0.054566	-0.026047	1.072216
1539612737.399883	-0.760758	0.438283	-0.608110	0.048844	-0.021587	1.066009
1539612737.433146	1.104373	1.955418	0.321670	0.046448	-0.023119	1.058724
1539612737.466501	2.598218	3.369909	1.119468	0.040905	-0.023756	1.052098
1539612737.499999	1.578105	-0.076661	0.790532	0.035367	-0.022579	1.042154
1539612737.533125	2.771961	1.613122	1.460014	0.028838	-0.022584	1.035400
1539612737.566439	5.088635	3.386903	2.049738	0.024716	-0.010549	1.031317
1539612737.600124	3.236853	0.407796	1.740214	0.018044	-0.016549	1.027612
1539612737.633120	3.445453	0.940122	1.254256	0.012241	-0.021556	1.021068
1539612737.666478	3.137891	0.975455	1.464680	0.010676	-0.024269	1.015282
1539612737.700292	2.554813	2.117007	1.565457	0.004880	-0.027570	1.011399
1539612737.733040	3.023533	2.756186	1.439313	0.001188	-0.024117	1.007513
1539612737.766462	3.847374	3.069140	1.971582	0.002942	-0.023557	1.003861
1539612737.800126	4.304318	3.142295	2.412017	0.002799	-0.024200	1.000192
1539612737.833072	5.554548	3.484992	2.913924	0.005441	-0.024040	0.996273
1539612737.866481	5.084467	3.902072	3.270937	0.002279	-0.020594	0.992646
1539612737.900057	4.134367	2.779568	3.275614	0.000167	-0.016389	0.989144
1539612737.933104	5.754232	3.506601	3.363106	0.006934	-0.021704	0.980876
1539612737.966444	6.049664	2.883648	3.311376	0.007996	-0.017920	0.974254
1539612737.999999	5.263546	2.577062	3.129790	0.011715	-0.015697	0.969764
1539612738.033035	1.967357	0.722242	2.493824	0.011242	-0.021496	0.960936
1539612738.066452	2.422312	-1.763886	1.585134	0.017547	-0.016859	0.954520
1539612738.100195	-1.021062	-2.132761	0.457261	0.016472	-0.018210	0.949341
1539612738.133050	4.668733	7.004510	1.281433	0.034437	-0.014210	0.941277
1539612738.166392	1.705635	4.982985	1.762618	0.034197	-0.005131	0.933271
1539612738.199885	2.159411	3.297135	2.277597	0.041520	-0.008766	0.926510
1539612738.233081	-0.100105	1.457235	2.921821	0.043588	-0.007322	0.917328
1539612738.266349	-0.908199	0.493431	3.447059	0.049680	-0.005295	0.910354
1539612738.299793	-2.103523	-1.384146	1.769328	0.054961	-0.010745	0.904114
1539612738.333035	-4.439201	-3.159740	0.140783	0.057048	-0.006446	0.898184
1539612738.366289	-5.736238	-4.663663	-1.451377	0.059759	-0.001242	0.893769
1539612738.399729	-7.988025	-6.230902	-2.989004	0.061002	-0.001589	0.887626
1539612738.433045	-9.822872	-7.531911	-4.594073	0.062035	-0.001037	0.884784
1539612738.466309	-7.876114	-3.432690	-5.003781	0.068016	-0.006235	0.882524
1539612738.500244	-3.545722	-2.758283	-4.923490	0.079733	-0.007692	0.874451
1539612738.532974	-3.781602	0.271174	-3.936523	0.082393	-0.006386	0.870003
1539612738.566304	-4.115341	-0.005600	-2.691462	0.082829	-0.008627	0.866654
1539612738.599790	-3.837421	-0.395667	-1.264213	0.084726	-0.007787	0.862549
1539612738.632995	-4.191801	-0.515126	-0.680701	0.085653	-0.003791	0.859817
1539612738.666294	-4.376885	-0.414259	-0.211896	0.085454	-0.000440	0.857179
1539612738.699773	-5.221134	-0.234537	-0.313038	0.083029	-0.004908	0.853185
1539612738.732997	-5.514049	-0.126434	-0.337205	0.083443	-0.002722	0.849301
1539612738.766253	-2.566616	-0.321292	-0.322330	0.089271	-0.007298	0.846005
1539612738.799818	-6.714051	-4.608329	-1.140970	0.076645	-0.007383	0.846838
1539612738.832912	-8.289283	-5.024617	-2.063042	0.071268	-0.008130	0.841832
1539612738.866360	-8.184068	-4.740027	-2.964140	0.069340	-0.007737	0.838127
1539612738.900015	-7.624225	-3.946752	-3.728203	0.070368	-0.008703	0.831623
1539612738.932981	-7.547289	-3.256633	-4.315271	0.065927	-0.010226	0.826328
1539612738.966316	-7.470797	-1.931380	-3.779882	0.061451	-0.009152	0.821374
1539612738.999982	-2.554061	0.231489	-2.728661	0.066891	-0.010993	0.811681
1539612739.032952	-2.005338	1.044080	-1.571839	0.061899	-0.010790	0.804705
1539612739.066392	-3.645164	-2.732090	-1.328907	0.054780	-0.005404	0.797285
1539612739.100039	-2.621515	-1.253813	-0.928343	0.050783	-0.007324	0.790687
1539612739.132893	-1.376547	-0.043007	-0.550668	0.048318	-0.004214	0.783597
1539612739.166167	0.443134	1.317311	-0.333504	0.044594	-0.004201	0.777996
1539612739.199736	1.981585	2.686198	-0.005080	0.042062	-0.008537	0.769409
1539612739.232883	-0.617379	-0.481397	0.445058	0.031051	-0.012485	0.765876
1539612739.266180	0.544576	0.926204	0.881062	0.029335	-0.010341	0.760725
1539612739.299826	1.645826	1.504835	1.190630	0.028075	-0.012641	0.755643
1539612739.332867	1.885128	2.920003	1.511169	0.023405	-0.012317	0.752544
1539612739.366220	1.937861	3.438153	1.661559	0.019522	-0.015735	0.748418
1539612739.399705	1.124253	3.558765	2.469592	0.015291	-0.014752	0.744785
1539612739.432871	2.635859	4.906399	3.265631	0.016201	-0.012060	0.740165
1539612739.466564	2.179302	5.157791	3.996222	0.013438	-0.013297	0.737137
1539612739.499770	6.356170	6.607228	4.733667	0.018578	-0.017773	0.731455
1539612739.532910	6.508392	6.498222	5.345681	0.018924	-0.016348	0.728659
1539612739.566247	6.973161	6.195281	5.872984	0.020273	-0.016717	0.725919
1539612739.599684	7.654470	5.804361	6.052577	0.025418	-0.018894	0.724086
1539612739.632814	6.474761	4.594587	5.939936	0.026058	-0.017076	0.720981
1539612739.666240	6.279187	4.270108	5.472512	0.028656	-0.017197	0.718434
1539612739.699629	1.567594	2.167896	4.606446	0.023967	-0.019630	0.711516
1539612739.732830	0.927980	1.569294	3.681249	0.025362	-0.018525	0.708487
1539612739.766087	0.091643	0.823373	2.685051	0.028198	-0.017734	0.704788
1539612739.799667	-0.189857	-0.192617	1.727611	0.032676	-0.014049	0.700494
1539612739.832770	-1.654613	-0.553127	0.762964	0.031488	-0.019278	0.701171
1539612739.866106	1.157496	2.898638	0.909112	0.039945	-0.020133	0.702027
1539612739.899910	0.238869	2.214644	1.038182	0.040208	-0.022368	0.700244
1539612739.932692	-0.051331	1.574522	1.188412	0.039627	-0.024226	0.698303
1539612739.966157	-1.074739	1.049321	1.436800	0.039123	-0.026969	0.697777
1539612739.999565	-1.902115	0.371012	1.621627	0.040138	-0.028582	0.697221
1539612740.032690	-2.908717	-0.456912	0.950517	0.040443	-0.030614	0.696676
1539612740.066004	-3.447680	-1.133169	0.280955	0.042576	-0.030306	0.696562
1539612740.099766	-3.435018	-1.710457	-0.376041	0.045145	-0.032287	0.695995
1539612740.132825	-3.597755	-2.419954	-1.069896	0.048019	-0.033141	0.696018
1539612740.166143	-3.222826	-0.825261	-1.309150	0.058535	-0.032388	0.695244
1539612740.199510	-3.629921	-4.135641	-2.044896	0.059963	-0.029594	0.695689
1539612740.232760	-4.014183	-2.356856	-2.289634	0.063918	-0.027189	0.696309
1539612740.266055	-4.804261	-3.024065	-2.552355	0.067745	-0.027913	0.696865
1539612740.299405	-5.252380	-3.818452	-2.832055	0.070730	-0.027542	0.698733
1539612740.332706	-5.501517	-4.239697	-3.514942	0.073555	-0.026577	0.700517
1539612740.366006	-5.725675	-4.541742	-3.596163	0.076077	-0.022674	0.702426
1539612740.399411	-5.477867	-4.520525	-4.028896	0.076991	-0.022845	0.704285
1539612740.432756	-5.573386	-4.528950	-4.329873	0.078997	-0.018075	0.703681
1539612740.466045	-5.603821	-4.455193	-4.457222	0.078407	-0.017503	0.706488
1539612740.499436	-6.813976	-3.894285	-4.388139	0.074553	-0.013230	0.708335
1539612740.532680	-10.889005	-4.879073	-4.455605	0.067163	-0.011581	0.717990
1539612740.566062	-9.008743	-4.281224	-4.407745	0.067853	-0.014722	0.721078
1539612740.599432	-7.219507	-3.591843	-4.220324	0.069693	-0.012383	0.724963
1539612740.632669	-6.414830	-2.659252	-3.861135	0.066992	-0.013291	0.730321
1539612740.665972	-6.483927	-6.230050	-4.328288	0.060666	-0.006927	0.733366
1539612740.699347	-3.631687	-4.003457	-4.153165	0.061395	-0.007754	0.739960
1539612740.732656	-2.226656	-2.439702	-3.784861	0.058469	-0.008207	0.747420
1539612740.766047	-0.427491	-0.880351	-3.242562	0.055796	-0.008764	0.754969
1539612740.799612	0.166693	0.360221	-2.638667	0.051281	-0.011569	0.762578
1539612740.832692	3.966792	3.280973	-0.736463	0.049939	-0.009960	0.772202
1539612740.866225	5.824966	4.698446	1.003918	0.049195	-0.010772	0.780738
1539612740.899374	6.400056	5.961729	2.684204	0.043835	-0.012310	0.787298
1539612740.932687	5.708489	6.710439	4.202362	0.039432	-0.014531	0.794440
1539612740.966113	3.142045	2.091352	4.548588	0.028646	-0.011773	0.801062
1539612740.999306	4.075860	2.882893	4.468972	0.026977	-0.014829	0.806876
1539612741.032698	6.500978	4.234346	4.376152	0.026299	-0.014179	0.814122
1539612741.066063	5.014747	2.401874	3.664181	0.018163	-0.013529	0.819434
1539612741.099304	4.675058	2.820525	2.886198	0.015086	-0.015008	0.823464
1539612741.132644	7.297202	8.151761	4.098280	0.016694	-0.015737	0.830420
1539612741.166025	6.840994	8.585732	5.238848	0.016787	-0.017563	0.834688
1539612741.199282	12.229741	9.025610	6.197100	0.024028	-0.013633	0.845167
1539612741.232665	10.748651	7.722769	7.261279	0.021232	-0.009299	0.851314
1539612741.265967	10.496556	7.004627	8.098100	0.021621	-0.012427	0.854846
1539612741.299373	9.780080	6.719945	7.811737	0.021526	-0.015315	0.858244
1539612741.332530	15.159685	10.283998	8.151390	0.044906	-0.006813	0.873059
1539612741.365909	13.880856	9.805349	8.307338	0.046682	-0.006580	0.877424
1539612741.399228	8.692373	4.942790	7.751342	0.038447	-0.008011	0.882406
1539612741.432477	5.649531	2.810956	6.912607	0.035406	-0.009680	0.887224
1539612741.466008	3.224343	1.456717	5.859962	0.030627	-0.003194	0.892932
1539612741.499426	6.339280	3.036078	4.410378	0.050871	-0.004574	0.897438
1539612741.532468	4.132538	1.902544	2.829817	0.050388	-0.004675	0.903194
1539612741.565792	2.165802	0.601664	1.961592	0.048410	-0.004165	0.909221
1539612741.599140	0.398673	-0.482469	1.302907	0.048170	-0.008853	0.915204
1539612741.632582	-1.061811	-1.359794	0.739605	0.049677	-0.002589	0.923653
1539612741.665819	-0.412091	0.836009	0.299591	0.060803	-0.000353	0.934007
1539612741.699136	0.725185	1.984172	0.315917	0.077531	0.003288	0.941474
1539612741.732508	-1.896491	1.640108	0.523605	0.073295	0.002456	0.949228
1539612741.765972	-4.968124	-2.620097	0.096080	0.068345	-0.000950	0.956634
1539612741.799192	-1.952417	-0.696799	0.228679	0.087839	-0.006223	0.967096
1539612741.832476	-3.023053	-2.054377	-0.349399	0.089359	-0.002871	0.975241
1539612741.865903	-3.797347	-2.934935	-1.333220	0.091843	-0.004124	0.982446
1539612741.899159	-3.445353	-2.632245	-2.187691	0.093199	0.010438	0.994003
1539612741.932454	-4.329212	-3.148642	-2.293400	0.095986	0.003077	1.000110
1539612741.965896	-4.441427	-2.891518	-2.732344	0.096739	0.004506	1.006018
1539612741.999408	-5.676758	-4.015121	-3.124492	0.099839	-0.004932	1.010419
1539612742.032546	-6.518256	-4.641343	-3.465774	0.098578	-0.002624	1.015867
1539612742.066135	-6.456237	-4.976692	-3.934663	0.102124	-0.006337	1.019451
1539612742.099135	-7.287771	-5.329684	-4.370872	0.100119	-0.008646	1.024902
1539612742.132507	-8.023191	-5.278956	-4.848359	0.097310	-0.002614	1.029634
1539612742.165934	-6.797452	-4.958504	-5.037036	0.099831	-0.005901	1.035743
1539612742.199155	-5.530231	-4.735849	-5.055937	0.106397	-0.006730	1.038481
1539612742.232489	-5.020725	-3.802178	-4.821034	0.104679	0.005861	1.046646
1539612742.265918	-4.308039	-3.163082	-4.387714	0.101097	0.002003	1.050423
1539612742.299175	-4.586857	-2.898528	-3.911628	0.097896	0.003573	1.054518
1539612742.332391	-4.638003	-2.602694	-3.440466	0.095259	-0.008402	1.058256
1539612742.366033	-4.146286	-2.150614	-2.923419	0.096373	-0.005474	1.062541
1539612742.399045	-2.962156	-1.359456	-2.434875	0.094603	-0.009123	1.068293
1539612742.432432	-1.632795	-0.346551	-1.871569	0.094702	-0.001466	1.076355
1539612742.466116	-1.069852	0.252207	-1.241422	0.092959	-0.005761	1.081357
1539612742.499033	-4.048476	-2.458180	-1.212519	0.074706	0.001907	1.087441
1539612742.532447	-3.104185	-2.075913	-1.197579	0.064060	0.000239	1.095003
1539612742.565702	0.151867	1.275994	-0.670489	0.067360	0.027763	1.113003
1539612742.599063	1.162904	0.613744	-0.478430	0.073659	-0.011550	1.105202
1539612742.632375	3.264833	1.203080	-0.288255	0.073429	-0.027862	1.109562
1539612742.665883	-0.139163	-0.566402	0.090101	0.053308	-0.016606	1.123406
1539612742.699046	3.232328	1.348849	0.775053	0.059835	-0.022075	1.128691
1539612742.732388	1.049704	-0.084624	0.502929	0.047384	-0.017076	1.139791
1539612742.765805	3.067528	2.378958	0.855972	0.053426	-0.024767	1.143686
1539612742.799242	5.424799	3.500106	1.315377	0.057907	-0.018171	1.150249
1539612742.832288	6.419819	4.676383	2.363934	0.053058	-0.024897	1.156887
1539612742.865721	6.903414	4.372797	2.968724	0.052344	-0.018820	1.163126
1539612742.899058	7.683639	4.783975	3.942444	0.053916	-0.024040	1.167070
1539612742.932333	8.078385	4.889095	4.444471	0.051935	-0.019160	1.171952
1539612742.965806	7.690070	4.989848	4.742420	0.051983	-0.015806	1.176741
1539612742.998940	3.200701	1.990058	4.205155	0.036397	0.042952	1.195584
1539612743.032249	7.363356	4.321195	4.194834	0.052236	-0.009234	1.183828
1539612743.065885	4.404909	1.457099	3.529459	0.046620	0.050660	1.203321
1539612743.099094	9.440772	4.309520	3.413544	0.063321	-0.009254	1.191070
1539612743.132255	7.100508	3.377862	3.091147	0.053703	-0.019880	1.195103
1539612743.165593	6.279698	3.171520	3.327439	0.056991	-0.014398	1.199862
1539612743.199091	3.810127	1.772758	2.817752	0.057314	-0.002329	1.201339
1539612743.232249	3.537286	1.564811	2.839294	0.061987	0.004297	1.209689
1539612743.265790	1.866169	-0.825446	1.812301	0.064565	-0.006931	1.209792
1539612743.298843	5.378215	2.550807	1.646890	0.078041	-0.021392	1.209284
1539612743.332246	1.042470	-0.910403	0.830506	0.070085	-0.016155	1.219537
1539612743.365626	0.181445	-1.143302	0.247293	0.065126	-0.021836	1.224666
1539612743.398935	-1.734480	0.148920	-0.035885	0.066851	-0.018694	1.231527
1539612743.432250	2.895194	3.407342	0.810673	0.087705	-0.022469	1.230345
1539612743.465641	-0.486526	-1.480738	0.004364	0.085951	-0.025209	1.234902
1539612743.498916	-1.436668	0.073616	0.201168	0.076969	0.042805	1.258341
1539612743.532219	-4.824852	-2.948411	-0.159854	0.080092	-0.020581	1.246360
1539612743.565762	-5.166909	-3.140012	-0.817640	0.081120	-0.027802	1.247996
1539612743.599023	-4.649729	-2.818328	-2.062774	0.083813	-0.032336	1.251361
1539612743.632174	-0.057477	0.943950	-1.577837	0.095697	-0.024053	1.260586
1539612743.665559	-7.056811	-3.211149	-2.234790	0.081404	-0.029912	1.257934
1539612743.698779	-2.445198	0.276248	-1.589858	0.092731	-0.023323	1.264524
1539612743.732290	-5.924143	-3.494783	-1.660812	0.082594	-0.036651	1.262000
1539612743.765599	-1.948749	0.467678	-1.003611	0.095436	-0.026177	1.269242
1539612743.798889	-7.858294	-3.971240	-1.986649	0.073413	-0.026521	1.270222
1539612743.832169	0.598849	2.358778	-0.872664	0.091787	-0.021691	1.270534
1539612743.865690	-6.005709	-2.214826	-1.370878	0.074959	-0.032369	1.267762
1539612743.899333	0.366873	3.211619	-0.029598	0.088932	-0.018137	1.273216
1539612743.932233	-6.667183	-1.924757	-0.508085	0.063219	-0.029693	1.271698
1539612743.965839	-1.471960	0.500580	0.386279	0.072416	-0.029136	1.273235
1539612743.998850	-5.299348	-0.888894	-0.263256	0.064255	-0.029906	1.271495
1539612744.032260	2.405147	1.828317	0.545373	0.079296	-0.033636	1.271471
1539612744.065652	7.027017	6.104448	1.123939	0.088420	-0.016374	1.278395
1539612744.099047	7.355951	6.763608	2.861612	0.083250	-0.028252	1.273023
1539612744.132195	2.439147	1.601852	3.081866	0.056611	-0.020852	1.277846
1539612744.165590	2.670936	1.992924	3.658230	0.052174	-0.017299	1.277191
1539612744.198906	5.045886	3.341426	3.960852	0.058942	-0.001299	1.278395
1539612744.232194	6.950037	3.385797	3.417121	0.055949	-0.016047	1.274688
1539612744.265670	6.664272	3.826446	2.829689	0.049008	-0.014712	1.273582
1539612744.299241	7.869791	5.077610	3.524841	0.048733	-0.018345	1.271234
1539612744.332136	11.556353	5.822531	4.290762	0.049175	-0.013697	1.271100
1539612744.365571	11.686339	8.133352	5.249147	0.035216	-0.034570	1.265416
1539612744.398920	4.449414	2.193183	5.010624	0.013587	-0.026050	1.265675
1539612744.432055	12.790804	6.963856	5.638106	0.031623	-0.031307	1.260768
1539612744.465543	13.391969	7.847770	6.192138	0.027824	-0.023010	1.258938
1539612744.498826	7.371882	4.766345	5.980901	0.011600	0.049138	1.273100
1539612744.532072	11.634101	8.286095	6.011450	0.020819	-0.029233	1.248576
1539612744.565681	14.129008	9.204860	7.413785	0.025208	-0.023132	1.250741
1539612744.598744	14.038768	8.838760	7.788766	0.024842	-0.032992	1.248119
1539612744.632071	9.629974	4.672032	7.153618	0.016215	-0.030553	1.246291
1539612744.665833	12.606570	8.584897	7.917329	0.018802	-0.032709	1.239546
1539612744.698755	14.279391	9.162782	8.092666	0.023062	-0.024915	1.239433
1539612744.732130	7.293525	4.659499	7.183594	0.007851	-0.030880	1.239262
1539612744.765877	7.647349	5.046320	6.425106	0.011240	-0.018580	1.237304
1539612744.798867	7.832464	5.192193	6.529138	0.011965	-0.020467	1.231610
1539612744.832079	13.560151	7.970806	6.406320	0.028416	-0.033628	1.221114
1539612744.865525	12.684231	7.154748	6.004713	0.028407	-0.033105	1.217677
1539612744.898760	5.837811	4.138097	5.900433	0.009560	-0.024961	1.214183
1539612744.931955	1.703029	2.013736	5.293916	0.006414	-0.016062	1.204967
1539612744.965474	10.742823	5.090478	5.273573	0.035537	-0.016814	1.197934
1539612744.998884	11.082499	5.325910	4.744594	0.036093	-0.019847	1.188417
1539612745.032092	10.542911	6.319289	4.577502	0.046385	-0.012487	1.185574
1539612745.065502	10.061569	6.406753	5.031233	0.049704	-0.014481	1.176663
1539612745.098783	9.177308	5.483557	5.725197	0.055000	-0.011091	1.170123
1539612745.132132	6.524997	4.435282	5.594158	0.051552	-0.011687	1.161550
1539612745.165397	11.923615	6.957828	5.920542	0.073648	-0.003543	1.150502
1539612745.198802	6.752694	2.438755	5.144435	0.064175	-0.002931	1.144064
1539612745.232030	4.172995	1.772937	4.217672	0.061838	-0.001894	1.138055
1539612745.265555	8.039680	4.762279	4.073416	0.073611	-0.012542	1.128671
1539612745.298778	5.653588	3.188360	3.824032	0.071453	-0.010885	1.121139
1539612745.331990	-1.520172	0.131178	2.458702	0.053610	-0.000063	1.122042
1539612745.365609	-2.116344	-0.805277	1.809895	0.055348	-0.000912	1.116385
1539612745.398652	-1.995065	-0.841075	1.287093	0.057115	0.002641	1.111381
1539612745.431973	-2.744235	-1.128396	0.108958	0.053155	-0.000453	1.105412
1539612745.465549	-2.054956	-1.249556	-0.778625	0.058838	0.002981	1.099838
1539612745.498643	-1.862574	0.725258	-0.659809	0.068191	-0.011099	1.091775
1539612745.531875	-3.929963	-1.796825	-0.858119	0.058017	-0.008406	1.089805
1539612745.565390	-3.575162	-1.765110	-1.042926	0.060405	-0.000823	1.087866
1539612745.598640	-1.750966	0.304606	-0.756325	0.071034	-0.007350	1.079597
1539612745.631870	0.384819	0.411526	-0.424109	0.074512	-0.004036	1.083085
1539612745.665294	-3.200323	-1.928998	-0.954960	0.060245	-0.003730	1.075423
1539612745.698756	0.174592	1.287897	-0.338016	0.070810	0.003295	1.072332
1539612745.731995	0.643769	1.559053	0.326817	0.071552	0.001819	1.067895
1539612745.765539	-2.199255	-1.900744	-0.114253	0.057930	0.002235	1.059527
1539612745.798680	-1.622903	-1.058971	-0.408353	0.053406	0.002386	1.053381
1539612745.831876	-1.446137	-0.239177	-0.070389	0.052084	0.005959	1.047733
1539612745.865392	5.569451	3.383298	0.348692	0.072808	0.000088	1.037673
1539612745.898538	2.045127	1.521059	0.341093	0.055260	0.005119	1.033355
1539612745.931892	-3.335260	1.222242	0.965690	0.036968	0.002592	1.020212
1539612745.965307	2.644368	3.366101	1.850704	0.048507	-0.000662	1.019950
1539612745.998590	2.655904	3.782212	2.654982	0.042898	0.008195	1.011624
1539612746.031888	3.688025	4.028308	2.783984	0.041433	0.001252	1.003803
1539612746.065350	5.404658	4.835000	3.446772	0.043306	0.003118	0.997654
1539612746.098548	6.489168	6.117339	4.425792	0.041320	0.006110	0.991911
1539612746.131861	7.304726	5.907679	4.934107	0.040657	0.008742	0.986750
1539612746.165489	9.014953	7.222108	5.622087	0.038991	0.005921	0.980534
1539612746.198728	4.326159	1.880730	5.192571	0.017116	0.004155	0.974584
1539612746.231837	5.779377	5.531587	5.331888	0.018077	0.004792	0.972122
1539612746.265200	5.586082	3.687832	4.845987	0.012008	0.003475	0.966336
1539612746.298645	6.407774	4.413216	4.547095	0.011991	0.005699	0.960975
1539612746.331767	6.871339	5.020177	4.106708	0.009046	0.006746	0.956459
1539612746.365200	13.127635	8.304769	5.391516	0.026168	0.004774	0.949701
1539612746.398547	7.345359	4.534706	5.192140	0.009587	0.006757	0.947435
1539612746.431767	6.910275	4.609853	5.376544	0.007571	0.007123	0.942406
1539612746.465403	7.732120	4.509601	5.395821	0.011797	0.002258	0.937152
1539612746.498486	8.090923	4.410473	5.273880	0.012665	0.002030	0.933384
1539612746.531794	8.130280	4.699668	4.552860	0.013368	0.000754	0.929766
1539612746.565170	7.004223	4.955516	4.637022	0.010492	0.006777	0.923987
1539612746.598704	8.599463	4.001620	4.515376	0.018417	0.005442	0.918251
1539612746.631675	6.635255	4.641701	4.541796	0.012582	0.007372	0.913459
1539612746.665125	5.768503	4.247358	4.509173	0.012924	0.007416	0.908012
1539612746.698409	4.451726	2.664458	4.102131	0.012771	0.009499	0.899534
1539612746.731605	7.763933	4.702344	4.051496	0.029459	0.007071	0.890248
1539612746.765384	2.697097	1.005592	3.452291	0.015460	0.008473	0.884520
1539612746.798336	5.331600	4.191579	3.362266	0.032823	0.007193	0.880008
1539612746.831774	7.344252	5.549091	3.622613	0.046384	0.007147	0.871325
1539612746.865385	6.141922	5.133148	4.116351	0.046759	0.010407	0.864014
1539612746.898333	3.901789	4.149769	4.005836	0.043857	0.009600	0.855102
1539612746.931764	3.574836	3.160823	4.436882	0.048813	0.009156	0.849828
1539612746.965142	2.438694	2.207807	4.040128	0.049654	0.012362	0.842339
1539612746.998353	1.713717	1.188133	3.167936	0.053547	0.009988	0.835608
1539612747.031702	0.717955	0.916891	2.324685	0.052716	0.010171	0.829482
1539612747.065111	-0.822796	-0.487181	1.397295	0.053522	0.008293	0.822812
1539612747.098621	-1.272950	-0.549630	0.655204	0.055645	0.007054	0.817230
1539612747.131628	-3.187484	-1.368940	-0.060145	0.054866	0.007355	0.811264
1539612747.165421	-3.700844	-1.955892	-0.688950	0.055957	0.006252	0.806198
1539612747.198471	-0.409018	0.879069	-0.696515	0.071200	0.010137	0.804902
1539612747.231720	1.489556	2.011735	-0.196732	0.085085	0.008224	0.798377
1539612747.265315	0.511991	-0.642058	-0.215217	0.084433	0.009859	0.794469
1539612747.298331	0.579585	1.812765	0.421124	0.085464	0.007073	0.789651
1539612747.331829	0.945764	1.975201	1.207342	0.086914	0.005810	0.785371
1539612747.365098	0.924491	1.762713	1.384071	0.087419	0.006700	0.780426
1539612747.398311	0.618291	1.825761	1.346876	0.085842	0.004862	0.776434
1539612747.431624	-1.415902	-0.343463	1.406595	0.074091	0.004663	0.772118
1539612747.465063	-1.067372	-0.132941	1.017454	0.073930	0.007558	0.766619
1539612747.498325	-0.592022	0.062153	0.634845	0.073332	0.004100	0.760495
1539612747.531618	-0.354536	0.479379	0.378178	0.071268	0.008602	0.755256
1539612747.565347	-2.652475	-1.539301	-0.294834	0.058099	0.008511	0.746646
1539612747.598361	-2.104783	-1.395296	-0.505201	0.054988	0.006742	0.740104
1539612747.631656	-0.747170	0.068863	-0.464840	0.053064	0.005580	0.735223
1539612747.665064	-0.124418	0.699733	-0.337324	0.050763	0.004288	0.730120
1539612747.698272	1.047061	1.439940	-0.145212	0.049674	0.006205	0.725351
1539612747.731508	1.854804	2.476981	0.658044	0.046042	0.003196	0.717962
1539612747.765182	3.523225	3.698086	1.676720	0.047721	0.007147	0.714406
1539612747.798285	3.565801	3.909280	2.444804	0.044763	0.007209	0.708459
1539612747.831468	5.295737	5.289571	3.362772	0.047631	0.006064	0.707247
1539612747.865189	4.861739	4.365749	3.947933	0.039141	0.004966	0.706767
1539612747.898299	4.864995	4.766786	4.405894	0.034818	0.004641	0.704111
1539612747.931518	5.351792	4.972436	4.660764	0.033123	-0.001687	0.703273
1539612747.965167	5.252977	4.663163	4.811541	0.031926	-0.010038	0.704340
