1539117421.166328	-5.005848	-2.468554	-2.468554
1539117421.234338	-4.896510	-2.122485	-2.295520
1539117421.265500	-5.153821	-2.777888	-2.456309
1539117421.298748	-5.258527	-1.793719	-2.290662
1539117421.332242	-5.646697	-2.349767	-2.302483
1539117421.365647	-5.210429	-2.046664	-2.218105
1539117421.398873	-5.155048	-1.983206	-2.190249
1539117421.432174	-2.342868	-1.502762	-1.935224
1539117421.465473	-3.030478	-1.552736	-1.887027
1539117421.498878	-2.895267	-1.490526	-1.715179
1539117421.531936	-5.792302	-2.616495	-1.829145
1539117421.565425	-3.363425	-1.332506	-1.699005
1539117421.598771	-2.866428	-1.473027	-1.693058
1539117421.631885	-3.518227	-1.542459	-1.691002
1539117421.665236	-3.448195	-1.781642	-1.749226
1539117421.698546	-2.896837	-1.541317	-1.534190
1539117421.732039	-3.379207	-1.822555	-1.632200
1539117421.765253	-3.282281	-2.007657	-1.739126
1539117421.798618	-3.281353	-1.857715	-1.802177
1539117421.831860	-3.393698	-1.651326	-1.776114
1539117421.865157	-2.730626	-2.119185	-1.891688
1539117421.898429	-3.212083	-1.985880	-1.924353
1539117421.931761	-3.011444	-1.775689	-1.877959
1539117421.965019	-3.029161	-1.987092	-1.903834
1539117421.998385	-2.696223	-1.715251	-1.916619
1539117422.031895	-3.006127	-1.617819	-1.816346
1539117422.065722	-2.760081	-1.780917	-1.775354
1539117422.098383	-3.090881	-1.694443	-1.759105
1539117422.131533	-2.409473	-1.249994	-1.611685
1539117422.164913	-1.823206	-1.858013	-1.640237
1539117422.198281	-3.275151	-1.599666	-1.636607
1539117422.231531	-3.092089	-1.692131	-1.618849
1539117422.264900	-2.844501	-1.586066	-1.597174
1539117422.298124	-2.779661	-1.696143	-1.686404
1539117422.331528	-2.964021	-1.810213	-1.676844
1539117422.364860	-2.812592	-1.808146	-1.718540
1539117422.398199	-2.523292	-1.484912	-1.677096
1539117422.431460	-3.237092	-1.911317	-1.742146
1539117422.464718	-3.565897	-1.780627	-1.759043
1539117422.498064	-3.424213	-2.081421	-1.813284
1539117422.531463	-3.683266	-2.719177	-1.995491
1539117422.564644	-3.292987	-2.495519	-2.197612
1539117422.598016	-4.114678	-2.333326	-2.282014
1539117422.631241	-3.949111	-2.426875	-2.411264
1539117422.664580	-3.916049	-2.511194	-2.497218
1539117422.697969	-4.628565	-2.872985	-2.527980
1539117422.731262	-4.658196	-2.772161	-2.583308
1539117422.764509	-4.071615	-2.564222	-2.629487
1539117422.797780	-4.669031	-3.239229	-2.791958
1539117422.831120	-5.147233	-3.661896	-3.022099
1539117422.864376	-4.724085	-3.350871	-3.117676
1539117422.897782	-5.403414	-3.464522	-3.256148
1539117422.931068	-5.857790	-3.499853	-3.443275
1539117422.964410	-5.461712	-3.710376	-3.537504
1539117422.997631	-5.917335	-3.432194	-3.491564
1539117423.031057	-5.876398	-4.086855	-3.638760
1539117423.064387	-6.520826	-4.341269	-3.814110
1539117423.097832	-6.306973	-4.451931	-4.004525
1539117423.131135	-6.893942	-4.548670	-4.172184
1539117423.164632	-6.419318	-4.484895	-4.382724
1539117423.197854	-6.589632	-4.723525	-4.510058
1539117423.231145	-7.135534	-4.611659	-4.564136
1539117423.264239	-7.550743	-5.035765	-4.680903
1539117423.297628	-7.843953	-5.134544	-4.798077
1539117423.330824	-7.327888	-5.175825	-4.936263
1539117423.364187	-7.431411	-5.092634	-5.010085
1539117423.397591	-7.571595	-5.724371	-5.232628
1539117423.430821	-8.707045	-6.709208	-5.567316
1539117423.464179	-4.910188	-2.514128	-5.043233
1539117423.497729	-5.285172	-2.485126	-4.505093
1539117423.530810	-5.696152	-5.382279	-4.563022
1539117423.564206	-6.046382	-3.638435	-4.145835
1539117423.597363	-7.008581	-3.610514	-3.526096
1539117423.630690	-7.276896	-3.840458	-3.791362
1539117423.663889	-7.027327	-5.417947	-4.377926
1539117423.697299	-7.212973	-3.999542	-4.101379
1539117423.730640	-7.307593	-4.089506	-4.191593
1539117423.763843	-3.496149	-0.297098	-3.528910
1539117423.797374	-4.142619	-1.172808	-2.995380
1539117423.830648	-3.987911	-0.872451	-2.086281
1539117423.863941	-3.818551	-0.847150	-1.455802
1539117423.897220	-8.006171	-4.638772	-1.565655
1539117423.930593	-4.769547	-1.477198	-1.801676
1539117423.963768	-4.539251	-1.316947	-1.830503
1539117423.997120	-4.665358	-1.724486	-2.000910
1539117424.030478	-4.532988	-1.513513	-2.134183
1539117424.097074	-5.144875	-1.666699	-1.539769
1539117424.130380	-4.925892	-2.100922	-1.664514
1539117424.163621	-5.115906	-1.873600	-1.775844
1539117424.196942	-4.424056	-1.687849	-1.768517
1539117424.230290	-5.526982	-2.438442	-1.953502
1539117424.263664	-5.526437	-2.425864	-2.105335
1539117424.296851	-5.408344	-2.578726	-2.200896
1539117424.363363	-6.390634	-2.531718	-2.332520
1539117424.396803	-5.913909	-3.218642	-2.638678
1539117424.430188	-6.944989	-3.029845	-2.756959
1539117424.463676	-6.072627	-3.456817	-2.963149
1539117424.497032	-6.690439	-3.547524	-3.156909
1539117424.530161	-6.311770	-3.826344	-3.415835
1539117424.563389	-6.732812	-3.913294	-3.554765
1539117424.596770	-6.979578	-4.822392	-3.913274
1539117424.630121	-6.710109	-4.690651	-4.160041
1539117424.663274	-7.436045	-5.003179	-4.451172
1539117424.696923	-7.504042	-5.405221	-4.766948
1539117424.729929	-8.007347	-6.050287	-5.194346
1539117424.763120	-8.624594	-6.148172	-5.459502
1539117424.798657	-8.434598	-6.629753	-5.847323
1539117424.829936	-9.154411	-7.262400	-6.299167
1539117424.863148	-9.632657	-7.745952	-6.767313
1539117424.896539	-9.341463	-8.623094	-7.281874
1539117424.929814	-10.468857	-9.940184	-8.040276
1539117424.963125	-10.908212	-10.392033	-8.792732
1539117424.998059	-13.236842	-12.229877	-9.786228
1539117425.029858	-13.955064	-12.757596	-10.788556
1539117425.096446	-13.677244	-11.334405	-11.330819
1539117425.129734	-12.507659	-11.844907	-11.711763
1539117425.163014	-12.813577	-12.057758	-12.044909
1539117425.196394	-13.270496	-12.906857	-12.180305
1539117425.229711	-14.914887	-11.720830	-11.972952
1539117425.262897	-14.107533	-13.020277	-12.310126
1539117425.296254	-14.322134	-11.454775	-12.232100
1539117425.329604	-16.167542	-12.572370	-12.335022
1539117425.362806	-15.317952	-14.543377	-12.662326
1539117425.396214	-15.557282	-12.001964	-12.718552
1539117425.429411	-15.811073	-13.453156	-12.805128
1539117425.496087	-16.523649	-14.114624	-13.337098
1539117425.529763	-16.628725	-14.278216	-13.678267
1539117425.562688	-16.899622	-14.304439	-13.630480
1539117425.596110	-17.456209	-13.060402	-13.842167
1539117425.629376	-16.267651	-14.249034	-14.001343
1539117425.662572	-16.770897	-13.760241	-13.930466
1539117425.695974	-16.529343	-14.356645	-13.946152
1539117425.729292	-17.264839	-15.114453	-14.108155
1539117425.762654	-17.806326	-15.201069	-14.536288
1539117425.796009	-18.246782	-15.498708	-14.786223
1539117425.829190	-18.328739	-15.791955	-15.192566
1539117425.862453	-18.915510	-16.005785	-15.522394
1539117425.895721	-19.141874	-16.450136	-15.789531
1539117425.929108	-19.095917	-16.389416	-16.027200
1539117425.962370	-19.513891	-16.913715	-16.310201
1539117425.995785	-19.994719	-16.963615	-16.544534
1539117426.029274	-19.978979	-17.111008	-16.765578
1539117426.062614	-20.367958	-17.726709	-17.020893
1539117426.095793	-20.467863	-18.205423	-17.384094
1539117426.129024	-20.728979	-18.308041	-17.662959
1539117426.162377	-20.953960	-18.441528	-17.958542
1539117426.195641	-20.899143	-18.416044	-18.219549
1539117426.228990	-21.146425	-18.529997	-18.380207
1539117426.262491	-21.024830	-18.254631	-18.390048
1539117426.295977	-20.932106	-18.365561	-18.401552
1539117426.329294	-21.217501	-18.983246	-18.509896
1539117426.362603	-21.404596	-18.544651	-18.535617
1539117426.395825	-21.413143	-19.076012	-18.644820
1539117426.429264	-22.773376	-20.717558	-19.137405
1539117426.462671	-22.636791	-20.873386	-19.638971
1539117426.495903	-22.711355	-20.494125	-19.941146
1539117426.530447	-22.441790	-20.510031	-20.334222
1539117426.562574	-22.413132	-20.624935	-20.644007
1539117426.595434	-22.470560	-20.525023	-20.605500
1539117426.628757	-22.243538	-20.495762	-20.529975
1539117426.662117	-21.840000	-20.377089	-20.506568
1539117426.695313	-21.027731	-18.697556	-20.144073
1539117426.728863	-20.485891	-18.307367	-19.680559
1539117426.795398	-20.184977	-17.746466	-19.124848
1539117426.828619	-20.003765	-17.676283	-18.560952
1539117426.861863	-19.666210	-17.608850	-18.007304
1539117426.895160	-19.319517	-16.682644	-17.604322
1539117426.928397	-18.848560	-16.441576	-17.231164
1539117426.961874	-18.240700	-15.986792	-16.879229
1539117426.995116	-18.039474	-15.625455	-16.469063
1539117427.028693	-17.571352	-15.107461	-15.968785
1539117427.061801	-16.976101	-14.457993	-15.523855
1539117427.095007	-16.791489	-13.846955	-15.004931
1539117427.128328	-15.172771	-11.721046	-14.151782
1539117427.161630	-14.729653	-12.705148	-13.567721
1539117427.195132	-14.242114	-12.269052	-13.000039
1539117427.228349	-13.583581	-11.596472	-12.427735
1539117427.261809	-14.317305	-11.906623	-12.039668
1539117427.294963	-14.014008	-11.408548	-11.977168
1539117427.328422	-12.239637	-10.128429	-11.461825
1539117427.361912	-12.760846	-10.428288	-11.093672
1539117427.394928	-12.629709	-12.155190	-11.205416
1539117427.428401	-12.061711	-12.051440	-11.234379
1539117427.461503	-11.659871	-11.482160	-11.249101
1539117427.494848	-11.448595	-11.228767	-11.469169
1539117427.528538	-11.090048	-10.912603	-11.566032
1539117427.561442	-10.682386	-10.030990	-11.141192
1539117427.594915	-10.571801	-9.471091	-10.625122
1539117427.628009	-10.724276	-9.091287	-10.146948
1539117427.661383	-10.560977	-9.114546	-9.724103
1539117427.694729	-9.131371	-7.122868	-8.966156
1539117427.728095	-9.260128	-7.029959	-8.365950
1539117427.761342	-8.509806	-6.703059	-7.812344
1539117427.794636	-8.510311	-6.397056	-7.273498
1539117427.827895	-8.778254	-6.191007	-6.688790
1539117427.861329	-8.426383	-5.823964	-6.429009
1539117427.894792	-8.221851	-5.763736	-6.175764
1539117427.927905	-7.640564	-5.011946	-5.837542
1539117427.961236	-7.752662	-4.558342	-5.469799
1539117427.994621	-7.385172	-4.553680	-5.142334
1539117428.028010	-9.492654	-2.975687	-4.572678
1539117428.061021	-9.116814	-2.397113	-3.899353
1539117428.094405	-6.455997	-3.285241	-3.554012
1539117428.127639	-7.787908	-1.893471	-3.021038
1539117428.160896	-7.515267	-1.596027	-2.429508
1539117428.194279	-5.023107	-2.409220	-2.316214
1539117428.227650	-6.322371	-0.981380	-2.033068
1539117428.260952	-5.761173	-1.005564	-1.577132
1539117428.294173	-5.858716	-3.994580	-1.997354
1539117428.327483	-6.167042	-3.717040	-2.421557
1539117428.360818	-9.157613	-6.995838	-3.338880
1539117428.394210	-8.842449	-6.433417	-4.429288
1539117428.427483	-4.717153	-6.477583	-5.523692
1539117428.460882	-4.052579	-2.251391	-5.175054
1539117428.494035	-4.175490	-4.969799	-5.425606
1539117428.527470	-2.232832	-4.331994	-4.892837
1539117428.560677	-1.593370	-3.655219	-4.337197
1539117428.594118	-0.802816	0.164204	-3.008840
1539117428.627373	-2.094593	-3.352170	-3.228996
1539117428.660770	-2.531135	-3.879073	-3.010850
1539117428.694123	-2.239570	-3.131267	-2.770705
1539117428.727303	-2.419122	-2.876175	-2.614896
1539117428.760713	-2.776334	-2.652414	-3.178220
1539117428.793981	-2.565045	-2.478185	-3.003423
1539117428.827338	-2.864004	-1.683959	-2.564400
1539117428.860632	-2.149258	-1.663366	-2.270820
1539117428.894076	-2.201467	-1.272288	-1.950042
1539117428.927325	-2.361541	-1.219789	-1.663517
1539117428.960716	-1.788815	-0.893430	-1.346566
1539117428.994188	-1.882269	-0.897078	-1.189190
1539117429.027292	-1.811975	-0.333863	-0.923290
1539117429.060651	-1.975744	0.036789	-0.661474
1539117429.094114	-1.404799	0.317341	-0.354048
1539117429.127121	-0.972788	0.869452	-0.001472
1539117429.160365	-0.771723	0.879386	0.353821
1539117429.193663	-0.248454	1.175806	0.655755
1539117429.226959	0.262508	1.710018	0.990400
1539117429.260358	0.189440	1.864942	1.299921
1539117429.293608	-3.231408	-1.279948	0.870041
1539117429.326835	0.227878	2.714321	1.237028
1539117429.360189	-2.173318	-0.628750	0.876117
1539117429.393554	-1.952878	-0.135438	0.507026
1539117429.426920	-1.094926	0.452188	0.224475
1539117429.460085	-0.780260	0.783425	0.637149
1539117429.493501	-0.404306	1.581844	0.410654
1539117429.526866	-0.638082	1.543633	0.845130
1539117429.560130	-0.480394	1.864782	1.245174
1539117429.593638	0.433501	2.215293	1.597795
1539117429.626989	1.029281	3.018321	2.044774
1539117429.660124	1.116310	3.565587	2.441523
1539117429.693542	1.312492	3.937229	2.920242
1539117429.726905	2.016493	4.407651	3.428816
1539117429.760006	2.099701	4.638174	3.913392
1539117429.793488	2.923445	5.531265	4.415981
1539117429.826557	3.097190	5.651210	4.833106
1539117429.860085	2.030226	2.152136	4.476087
1539117429.893205	3.210845	2.973296	4.189216
1539117429.926542	3.045465	3.179144	3.897410
1539117429.959826	4.397872	4.705317	3.732221
1539117429.993284	4.523622	2.143159	3.030610
1539117430.026421	4.274973	2.457343	3.091652
1539117430.059755	5.849557	5.943392	3.685671
1539117430.093072	5.424853	5.568663	4.163575
1539117430.126349	6.603482	4.397851	4.102082
1539117430.159687	6.936028	3.626147	4.398679
1539117430.192975	7.561658	4.427553	4.792721
1539117430.226642	7.507404	7.090984	5.022239
1539117430.260045	8.629729	5.340817	4.976670
1539117430.293256	8.062061	7.305854	5.558271
1539117430.326396	8.409375	7.778307	6.388703
1539117430.359552	9.301139	8.462973	7.195787
1539117430.392938	9.433897	8.363521	7.450294
1539117430.426513	9.460455	8.830366	8.148204
1539117430.459493	10.192038	8.700979	8.427229
1539117430.492960	10.435948	9.066210	8.684810
1539117430.526207	10.877972	9.521197	8.896455
1539117430.559694	9.093087	6.404435	8.504638
1539117430.592666	9.490395	7.387475	8.216059
1539117430.626060	9.940789	6.964109	7.868685
1539117430.659329	11.609912	10.729238	8.201291
1539117430.692700	10.967238	7.920747	7.881201
1539117430.726019	12.031931	8.625706	8.325455
1539117430.759242	12.387324	9.054749	8.658910
1539117430.792668	13.976737	12.322851	9.730658
1539117430.831291	14.238594	13.055780	10.195967
1539117430.859341	16.848413	15.672585	11.746334
1539117430.892503	15.346348	13.929372	12.807067
1539117430.926184	17.208334	16.692654	14.334649
1539117430.959196	17.416729	16.830069	15.236092
1539117430.992453	17.835619	17.024302	16.029796
1539117431.026851	18.207191	17.433636	16.382006
1539117431.058991	19.111320	18.216105	17.239353
1539117431.092367	18.953426	18.055866	17.511995
1539117431.125825	19.540262	19.031078	17.952197
1539117431.159208	19.505104	18.749399	18.297217
1539117431.192585	20.233768	18.894079	18.589305
1539117431.225723	20.439653	20.175068	18.981098
1539117431.259419	21.177294	20.605309	19.490987
1539117431.292470	21.484758	20.928335	19.870438
1539117431.325813	21.644917	21.210117	20.362582
1539117431.358904	21.950117	21.766888	20.937143
1539117431.392202	22.516792	22.046171	21.311364
1539117431.425992	22.530497	21.658855	21.522073
1539117431.458839	22.992115	22.651711	21.866748
1539117431.492165	23.165791	22.531767	22.131078
1539117431.525464	23.499197	23.037548	22.385210
1539117431.558824	23.862631	22.691906	22.514357
1539117431.592392	24.185940	23.463104	22.875207
1539117431.625504	24.102592	23.389547	23.022775
1539117431.658813	24.506866	23.092226	23.134866
1539117431.692101	24.523571	23.365026	23.200362
1539117431.725520	22.782764	22.504396	23.162860
1539117431.758916	23.516729	23.604721	23.191183
1539117431.792120	22.758820	23.043978	23.122070
1539117431.825354	22.220968	22.176422	22.938909
1539117431.858615	22.187954	22.247061	22.715316
1539117431.892060	25.726366	24.627989	23.140034
1539117431.925242	23.403233	22.890436	22.997177
1539117431.958652	23.032923	22.597824	22.907946
1539117431.991799	22.469481	21.967407	22.866143
1539117432.025108	21.851358	21.104929	22.637717
1539117432.058387	21.783384	22.055178	22.123155
1539117432.091752	22.627317	22.252289	21.995525
1539117432.125129	22.381758	22.401703	21.956301
1539117432.158440	21.376770	21.510519	21.864923
1539117432.191789	22.972467	23.018448	22.247627
1539117432.225086	23.211552	22.684193	22.373430
1539117432.258598	22.550760	22.281467	22.379266
1539117432.291537	21.884335	21.670286	22.232983
1539117432.325042	21.636175	21.267368	22.184352
1539117432.358237	20.584944	20.373112	21.655285
1539117432.391611	20.422255	19.868383	21.092123
1539117432.424908	19.925951	19.602169	20.556264
1539117432.458453	19.331640	18.655403	19.953287
1539117432.491849	18.792725	18.670759	19.433965
1539117432.524892	18.348595	17.634901	18.886323
1539117432.558215	17.354496	16.952261	18.303099
1539117432.591582	17.193253	17.200537	17.822772
1539117432.624728	16.657106	16.293125	17.350317
1539117432.658147	15.688792	15.633469	16.742859
1539117432.691334	15.356941	15.454035	16.306685
1539117432.724680	13.345720	12.319315	15.380096
1539117432.758071	12.772314	12.110930	14.362175
1539117432.791317	12.329797	10.954638	13.294477
1539117432.824655	12.106040	11.274612	12.422706
1539117432.858116	11.719347	10.556639	11.443227
1539117432.891265	10.740103	9.644936	10.908351
1539117432.924578	10.823038	9.875881	10.461341
1539117432.957886	11.715251	12.346289	10.739671
1539117432.991168	12.175464	12.134411	10.911631
1539117433.025165	11.226668	11.375454	11.075394
1539117433.057865	11.450078	10.802573	11.306922
1539117433.091114	11.287530	10.630404	11.457826
1539117433.124531	10.804640	9.884768	10.965522
1539117433.157842	10.653351	9.791985	10.497037
1539117433.190987	9.642603	8.886953	9.999337
1539117433.224571	9.541873	8.449471	9.528716
1539117433.257692	9.464549	8.090065	9.020648
1539117433.290979	8.843998	7.544417	8.552578
1539117433.324299	8.885842	7.769480	8.148077
1539117433.357644	8.083531	7.092333	7.789153
1539117433.390991	7.919717	6.899118	7.479083
1539117433.424275	7.235278	6.544824	7.170035
1539117433.457524	7.073056	6.326637	6.926478
1539117433.490861	7.259161	5.918057	6.556194
1539117433.524177	5.168405	4.332008	6.004129
1539117433.557577	4.696241	3.702110	5.364727
1539117433.590769	4.483367	3.465907	4.748944
1539117433.624114	3.341763	2.461585	3.975933
1539117433.657726	5.258711	5.900250	3.972372
1539117433.690784	4.819383	4.935770	4.093124
1539117433.724090	4.867732	5.598962	4.472495
1539117433.757451	4.965610	5.007319	4.780777
1539117433.790715	4.586471	4.585463	5.205553
1539117433.824142	6.168163	5.406454	5.106793
1539117433.857377	4.271164	4.026941	4.925028
1539117433.890879	3.562967	4.065107	4.618257
1539117433.924008	3.938942	3.472590	4.311311
1539117433.957317	4.535670	4.425453	4.279309
1539117433.990575	8.194928	7.464289	4.690876
1539117434.024101	2.359629	2.356920	4.356872
1539117434.057410	7.261575	6.928626	4.929575
1539117434.090489	6.908210	6.244951	5.484048
1539117434.123939	5.619345	5.856047	5.770166
1539117434.157254	5.155041	4.896365	5.256582
1539117434.191139	5.696615	5.126233	5.810444
1539117434.223867	4.391592	4.216939	5.268107
1539117434.256942	4.668124	3.726695	4.764456
1539117434.290467	4.292415	4.000121	4.393270
1539117434.323659	4.630929	3.924284	4.198854
1539117434.357018	4.047458	3.782899	3.930187
1539117434.390377	2.010339	1.914023	3.469604
1539117434.423590	1.754732	1.743381	3.072941
1539117434.457217	3.178720	2.430822	2.759082
1539117434.490330	1.561818	0.895683	2.153362
1539117434.523797	0.070310	0.453088	1.487399
1539117434.557263	0.219111	0.055244	1.115644
1539117434.590286	0.276015	0.115911	0.790150
1539117434.623540	-0.037530	-0.106061	0.282773
1539117434.656865	0.022434	-0.028195	0.097997
1539117434.690114	-0.004432	-0.611519	-0.114924
1539117434.723457	-0.376279	-0.621129	-0.250199
1539117434.756935	-1.170866	-1.223140	-0.518009
1539117434.790091	-0.570889	-0.866868	-0.670170
1539117434.823507	-1.518252	-1.390895	-0.942710
1539117434.856736	-1.893103	-0.974171	-1.015241
1539117434.890236	-2.164014	-1.172977	-1.125610
1539117434.923343	-3.982028	-2.076130	-1.296208
1539117434.956718	-2.122087	-1.257583	-1.374351
1539117434.990066	-1.852990	-1.545893	-1.405351
1539117435.023202	-2.692397	-1.881279	-1.586773
1539117435.056564	-3.156267	-2.333513	-1.818880
1539117435.089863	-4.983372	-3.069953	-2.017644
1539117435.123357	-3.456340	-0.628170	-1.891762
1539117435.156514	-5.774699	-3.838081	-2.350199
1539117435.189775	-6.161134	-4.446745	-2.863293
1539117435.223088	-6.413641	-4.724819	-3.341554
1539117435.256784	-6.790566	-4.658762	-3.659316
1539117435.289820	-5.863158	-2.387083	-4.011098
1539117435.323074	-5.892923	-2.780156	-3.799513
1539117435.356599	-3.179247	-2.313268	-3.372818
1539117435.389776	-2.636050	0.209211	-2.386012
1539117435.422969	-3.174767	-0.313392	-1.516938
1539117435.456192	-3.202907	-0.305827	-1.100686
1539117435.489613	-4.123205	-0.331057	-0.610867
1539117435.522963	-3.846877	-0.563455	-0.260904
1539117435.556165	-4.269627	-0.745067	-0.451760
1539117435.589566	-5.368091	-1.157341	-0.620550
1539117435.622778	-5.120560	-1.450438	-0.849472
1539117435.656292	-5.725712	-1.700075	-1.123275
1539117435.689461	-5.985941	-2.334094	-1.477403
1539117435.722762	-6.500828	-2.757411	-1.879872
1539117435.756027	-6.739661	-3.030948	-2.254593
1539117435.789345	-6.960552	-3.031957	-2.570897
1539117435.822733	-7.445213	-3.589770	-2.948836
1539117435.856174	-8.073875	-3.519046	-3.185827
1539117435.889264	-7.979025	-3.643745	-3.363093
1539117435.922572	-8.257586	-4.259580	-3.608820
1539117435.956005	-8.661411	-4.521862	-3.906801
1539117435.989218	-8.646859	-4.831044	-4.155055
1539117436.022494	-9.343068	-5.310560	-4.513358
1539117436.055719	-8.933359	-5.382900	-4.861189
1539117436.089241	-8.870587	-5.788634	-5.167000
1539117436.122482	-8.403263	-6.339007	-5.530429
1539117436.156127	-8.176409	-6.333505	-5.830921
1539117436.189133	-8.880342	-6.641292	-6.097067
1539117436.222404	-8.579964	-7.212340	-6.462955
1539117436.255732	-8.673471	-7.042940	-6.713817
1539117436.289022	-8.597473	-7.724067	-6.990829
1539117436.322253	-8.097816	-7.681164	-7.260360
1539117436.355721	-8.432970	-7.663884	-7.464879
1539117436.388974	-8.584871	-7.809343	-7.584280
1539117436.422384	-8.639091	-7.864552	-7.748602
1539117436.455604	-9.169900	-8.318274	-7.867443
1539117436.488963	-9.017368	-9.131005	-8.157412
1539117436.522117	-9.544893	-9.233848	-8.471404
1539117436.555519	-9.550447	-9.092628	-8.728061
1539117436.588849	-9.881891	-10.205441	-9.196239
1539117436.622138	-10.349920	-10.138260	-9.560237
1539117436.655433	-10.903505	-11.000308	-9.934097
1539117436.688867	-10.731680	-10.969888	-10.281305
1539117436.722043	-12.271968	-12.475361	-10.957852
1539117436.755326	-12.864377	-12.853040	-11.487371
1539117436.788681	-12.906564	-13.239443	-12.107608
1539117436.822001	-12.757992	-10.507279	-12.009002
1539117436.855304	-12.864063	-10.526346	-11.920294
1539117436.888545	-13.278666	-11.370900	-11.699402
1539117436.921912	-13.499825	-11.668689	-11.462531
1539117436.955221	-13.764514	-12.082811	-11.231205
1539117436.988580	-13.573474	-11.913924	-11.512534
1539117437.022064	-14.397687	-12.714158	-11.950097
1539117437.055140	-14.146741	-12.572323	-12.190381
1539117437.088485	-14.583134	-12.808743	-12.418392
1539117437.121725	-14.759745	-13.123837	-12.626597
1539117437.155192	-13.235953	-11.332990	-12.510410
1539117437.188651	-14.169324	-12.431282	-12.453835
1539117437.222000	-15.351634	-13.623719	-12.664114
1539117437.255030	-13.962661	-12.056829	-12.513731
1539117437.288344	-14.124177	-12.411319	-12.371228
1539117437.321700	-14.252792	-12.839872	-12.672604
1539117437.354944	-13.879921	-12.500172	-12.686382
1539117437.388449	-14.203745	-12.747048	-12.511048
1539117437.421578	-13.995291	-12.582976	-12.616278
1539117437.454947	-14.227506	-12.795908	-12.693195
1539117437.488201	-13.820326	-12.027721	-12.530765
1539117437.521656	-13.919642	-12.232355	-12.477202
1539117437.554822	-13.812787	-12.116376	-12.351067
1539117437.588217	-13.670724	-12.277227	-12.289918
1539117437.621515	-14.043530	-12.196340	-12.170004
1539117437.654746	-13.608797	-12.099237	-12.184307
1539117437.688137	-13.461679	-12.135188	-12.164874
1539117437.721308	-13.582550	-11.635670	-12.068732
1539117437.754685	-13.647545	-11.643728	-11.942033
1539117437.787980	-13.446898	-11.348001	-11.772365
1539117437.821394	-13.472044	-11.891578	-11.730833
1539117437.854695	-13.281322	-11.315516	-11.566898
1539117437.887981	-13.103847	-11.307898	-11.501344
1539117437.921319	-13.016354	-11.273463	-11.427291
1539117437.954512	-14.309951	-11.996525	-11.556996
1539117437.987857	-13.960610	-11.450856	-11.468851
1539117438.021249	-13.579359	-11.309415	-11.467631
1539117438.054701	-13.780430	-11.180462	-11.442144
1539117438.087919	-13.216034	-10.522074	-11.291866
1539117438.121253	-13.164051	-10.648666	-11.022295
1539117438.154748	-13.033798	-10.811336	-10.894390
1539117438.188076	-12.860672	-10.202143	-10.672936
1539117438.221164	-12.411753	-9.754403	-10.387724
1539117438.254517	-12.512527	-9.642809	-10.211871
1539117438.287955	-12.100451	-10.045533	-10.091245
1539117438.321105	-11.868650	-9.535154	-9.836008
1539117438.354393	-11.890350	-9.184776	-9.632535
1539117438.388036	-11.209005	-8.502736	-9.382202
1539117438.421418	-11.597244	-11.251080	-9.703856
1539117438.454855	-11.798029	-11.215162	-9.937782
1539117438.487590	-11.380582	-10.955978	-10.221947
1539117438.520893	-11.251513	-10.624709	-10.509933
1539117438.554375	-11.202862	-10.656343	-10.940655
1539117438.587574	-11.038945	-10.338458	-10.758130
1539117438.621004	-8.094928	-6.264536	-9.768005
1539117438.654440	-10.844202	-9.691913	-9.515192
1539117438.687831	-7.773433	-6.058166	-8.601883
1539117438.720759	-7.682619	-5.871638	-7.644942
1539117438.754258	-9.792286	-9.138398	-7.404930
1539117438.787586	-7.232902	-5.466558	-7.245335
1539117438.820766	-7.251234	-5.511142	-6.409181
1539117438.854207	-6.857707	-5.374921	-6.272532
1539117438.887496	-6.637568	-5.029847	-6.104173
1539117438.920871	-6.243764	-4.898771	-5.256248
1539117438.954059	-6.118750	-4.592002	-5.081337
1539117438.987318	-6.154037	-4.617745	-4.902657
1539117439.020526	-9.186951	-6.952505	-5.218174
1539117439.054093	-9.369328	-8.325019	-5.877208
1539117439.087306	-6.736346	-5.287378	-5.954930
1539117439.120584	-8.999769	-6.475552	-6.331640
1539117439.154116	-9.797107	-6.781837	-6.764458
1539117439.187369	-10.628978	-7.316715	-6.837300
1539117439.220498	-11.204473	-7.541661	-6.680628
1539117439.253819	-11.304709	-8.070004	-7.237154
1539117439.287183	-11.149530	-8.093713	-7.560786
1539117439.320344	-10.733371	-7.842382	-7.772895
1539117439.353803	-10.013015	-7.225264	-7.754605
1539117439.387015	-9.974319	-6.950777	-7.636428
1539117439.420335	-9.889194	-6.832203	-7.388868
1539117439.453902	-9.270598	-6.349370	-7.039999
1539117439.487125	-7.869670	-5.184990	-6.508521
1539117439.520540	-8.254435	-6.318546	-6.327178
1539117439.553566	-8.009566	-5.829347	-6.102891
1539117439.586986	-8.235969	-6.326991	-6.001849
1539117439.620344	-8.740448	-6.800677	-6.092110
1539117439.653434	-8.987456	-6.913949	-6.437902
1539117439.686861	-8.352657	-7.340592	-6.642311
1539117439.720136	-8.775056	-7.805086	-7.037459
1539117439.753516	-9.777930	-8.698862	-7.511833
1539117439.787082	-9.900873	-9.163187	-7.984335
1539117439.820436	-10.326299	-9.578576	-8.517261
1539117439.853525	-11.578367	-10.305455	-9.110233
1539117439.886973	-11.867069	-11.505446	-9.850305
1539117439.920233	-12.242034	-11.493782	-10.409289
1539117439.953552	-12.423636	-11.736825	-10.924017
1539117439.986933	-13.746305	-13.598206	-11.727943
1539117440.020016	-13.722128	-13.669214	-12.400695
1539117440.053347	-14.340163	-13.957887	-12.891183
1539117440.087245	-14.861870	-14.538146	-13.500056
1539117440.119948	-15.263620	-14.903560	-14.133402
1539117440.153266	-15.760715	-14.844910	-14.382743
1539117440.186702	-16.911139	-16.008675	-14.850635
1539117440.219756	-17.467112	-16.557682	-15.370594
1539117440.253160	-18.029305	-17.655487	-15.994063
1539117440.286402	-19.142118	-18.807892	-16.774929
1539117440.319856	-19.347778	-18.949966	-17.595940
1539117440.353133	-19.282282	-18.308762	-18.055958
1539117440.386379	-19.379030	-18.847496	-18.513921
1539117440.419833	-20.296495	-19.728619	-18.928547
1539117440.453221	-19.532661	-19.140825	-18.995134
1539117440.486516	-21.308273	-20.917467	-19.388634
1539117440.520269	-22.462849	-21.377798	-20.002441
1539117440.552991	-23.207886	-22.029240	-20.638790
1539117440.586334	-24.559341	-23.850773	-21.463221
1539117440.619560	-22.307680	-20.252115	-21.685479
1539117440.652914	-22.800552	-20.943911	-21.690767
1539117440.686448	-24.026846	-19.038813	-21.222970
1539117440.719871	-24.718275	-19.405052	-20.698133
1539117440.752950	-25.433548	-20.372072	-20.002393
1539117440.786235	-25.367039	-21.456190	-20.243208
1539117440.819582	-26.466124	-21.522635	-20.358952
1539117440.852738	-26.031517	-22.428150	-21.036820
1539117440.886406	-26.525568	-22.611521	-21.678114
1539117440.919716	-26.394831	-22.473814	-22.098462
1539117440.952754	-26.668049	-22.153946	-22.238013
1539117440.986092	-26.310114	-22.530638	-22.439614
1539117441.052571	-26.249035	-22.630760	-22.480136
1539117441.085937	-26.119593	-21.993143	-22.356460
1539117441.119443	-25.739483	-21.953609	-22.252419
1539117441.152536	-25.191708	-21.765770	-22.174784
1539117441.185854	-24.421179	-21.603428	-21.989342
1539117441.219216	-23.682116	-20.473536	-21.557897
1539117441.252449	-23.140890	-21.126394	-21.384547
1539117441.285761	-21.698025	-20.483515	-21.090528
1539117441.319081	-20.656332	-19.578823	-20.653139
1539117441.352467	-22.187389	-21.695150	-20.671484
1539117441.385681	-21.325050	-20.543575	-20.685492
1539117441.419077	-20.543312	-19.931847	-20.446582
1539117441.452489	-19.443371	-19.008286	-20.151536
1539117441.485651	-18.727016	-17.962147	-19.828201
1539117441.518983	-19.742369	-18.536043	-19.196379
1539117441.552348	-19.288620	-18.404551	-18.768575
1539117441.585664	-18.651623	-18.044685	-18.391142
1539117441.618988	-17.848001	-17.262491	-18.041983
1539117441.652412	-16.768862	-16.104654	-17.670485
1539117441.685631	-16.468781	-16.442719	-17.251820
1539117441.718847	-15.631197	-14.873615	-16.545633
1539117441.752334	-14.938976	-14.905231	-15.917742
1539117441.785647	-14.479879	-13.787436	-15.222731
1539117441.819043	-13.707115	-13.240245	-14.649849
1539117441.852241	-13.196004	-12.695026	-13.900311
1539117441.885526	-12.570164	-11.635018	-13.252591
1539117441.918905	-11.485977	-11.250266	-12.521598
1539117441.952133	-10.783028	-10.211496	-11.806410
1539117441.985405	-10.172486	-9.848475	-11.128056
1539117442.018666	-9.435624	-8.826778	-10.354407
1539117442.052216	-9.186333	-7.945924	-9.616588
1539117442.085588	-8.641326	-7.522915	-8.871118
1539117442.118810	-6.781264	-5.337605	-7.896339
1539117442.151808	-6.097693	-4.333201	-6.793285
1539117442.185234	-5.256466	-3.511001	-5.730129
1539117442.218626	-5.849937	-5.895217	-5.319988
1539117442.251952	-7.627758	-7.124038	-5.240213
1539117442.287278	-6.414267	-6.520565	-5.476804
1539117442.318720	-6.338663	-5.679300	-5.746024
1539117442.351746	-5.623382	-5.497153	-6.143255
1539117442.385186	-5.181624	-4.716590	-5.907529
1539117442.418463	-4.684258	-4.076260	-5.297974
1539117442.452133	-5.138083	-3.859661	-4.765793
1539117442.485096	-4.293927	-3.541266	-4.338186
1539117442.518432	-4.409880	-3.003928	-3.839541
1539117442.551738	-4.085313	-2.618225	-3.419868
1539117442.584934	-2.888232	-1.711804	-2.946977
1539117442.618230	-6.541963	-5.292972	-3.233639
1539117442.651887	-6.547274	-5.057677	-3.536921
1539117442.684794	-5.470015	-4.144641	-3.765064
1539117442.718166	-5.222611	-3.534282	-3.948275
1539117442.751393	-4.672981	-2.923463	-4.190607
1539117442.784811	-4.456816	-2.898934	-3.711799
1539117442.818113	-3.669543	-2.522363	-3.204737
1539117442.851354	-1.235142	-0.846499	-2.545108
1539117442.884698	-2.312966	-1.055437	-2.049339
1539117442.918103	-4.183702	-0.317671	-1.528181
1539117442.951440	-3.710094	-0.032605	-0.954915
1539117442.985147	-5.413950	-3.026563	-1.055755
1539117443.018171	-3.884231	0.193097	-0.847836
1539117443.051363	-4.195816	-1.695239	-0.975796
1539117443.084773	-3.503558	-1.468242	-1.205911
1539117443.118083	-3.242095	-0.849718	-1.369333
1539117443.151208	-2.734966	-0.352049	-0.834430
1539117443.184876	-1.961311	0.086513	-0.855747
1539117443.218115	-0.820537	0.893476	-0.338004
1539117443.251223	-0.616036	1.835933	0.322831
1539117443.284736	0.493696	2.519891	0.996753
1539117443.318105	1.202412	2.981650	1.663493
1539117443.352869	1.480910	3.663391	2.378868
1539117443.384550	0.095092	-0.199017	2.160370
1539117443.417692	0.903865	0.894610	1.972105
1539117443.451088	2.063185	2.447987	1.957724
1539117443.484495	3.532103	3.898573	2.141109
1539117443.517745	4.212535	4.803379	2.369106
1539117443.550947	5.148455	5.831022	3.575114
1539117443.584429	6.617119	6.914069	4.779006
1539117443.617778	7.064065	7.603816	5.810172
1539117443.651183	7.621315	8.253744	6.681206
1539117443.684269	8.193622	8.824962	7.485522
1539117443.717538	9.117296	9.634255	8.246169
1539117443.750889	9.333645	9.899468	8.843249
1539117443.784086	10.262537	10.882929	9.499072
1539117443.817441	11.299911	11.763949	10.201113
1539117443.850801	11.978541	12.209092	10.877939
1539117443.884027	12.013789	12.426627	11.436413
1539117443.917862	12.021184	12.071299	11.870779
1539117443.951126	12.320638	11.880353	12.070264
1539117443.984249	13.280138	12.603447	12.238164
1539117444.017312	14.937798	14.527369	12.701819
1539117444.050584	15.143970	14.494878	13.115469
1539117444.084038	16.138512	15.399825	13.781174
1539117444.117318	16.673891	15.961978	14.597499
1539117444.150646	17.887617	18.736279	15.824066
1539117444.184008	17.908894	16.825718	16.283735
1539117444.217322	19.089216	20.087879	17.402336
1539117444.250638	19.745718	20.981241	18.518619
1539117444.283794	20.374359	21.469898	19.620203
1539117444.317129	20.961443	21.669155	20.206778
1539117444.350489	21.058180	22.015610	21.244757
1539117444.383835	21.477795	22.669273	21.761036
1539117444.417058	21.541138	22.946529	22.154093
1539117444.450383	19.439079	20.787201	22.017554
1539117444.483742	19.573084	20.380072	21.759737
1539117444.517624	22.075233	23.527431	22.062101
1539117444.550549	21.825809	23.363729	22.200993
1539117444.583664	22.096127	23.936279	22.398943
1539117444.616980	21.517542	22.954912	22.832485
1539117444.650265	22.141455	23.121855	23.380841
1539117444.683709	22.118036	23.192244	23.313804
1539117444.716863	21.567139	22.906240	23.222306
1539117444.750236	21.441435	22.816786	22.998407
1539117444.783517	21.464636	22.932140	22.993853
1539117444.816899	21.239187	22.523491	22.874180
1539117444.850121	20.900265	22.052906	22.646313
1539117444.883558	21.035984	22.235685	22.512202
1539117444.916914	20.373522	21.643747	22.277594
1539117444.950148	20.633436	21.853088	22.061784
1539117444.983532	20.376303	21.354395	21.827964
1539117445.016781	20.103004	21.055168	21.628417
1539117445.050073	20.127880	21.412722	21.463824
1539117445.083673	20.058758	20.401123	21.215299
1539117445.116629	19.420753	20.478067	20.940295
1539117445.150185	19.102114	19.960875	20.661591
1539117445.183635	18.921820	19.573206	20.365199
1539117445.216906	18.627874	19.001097	19.882874
1539117445.250117	17.637167	18.694588	19.541566
1539117445.283472	17.428844	18.052828	19.056519
1539117445.316527	16.722206	17.133871	18.491118
1539117445.349854	15.649651	16.151337	17.806744
1539117445.383193	14.709217	15.075364	17.021597
1539117445.416558	14.799618	15.552381	16.393156
1539117445.449971	13.242198	13.308030	15.444197
1539117445.483167	13.845650	14.214647	14.860352
1539117445.516531	12.775661	13.469213	14.323927
1539117445.549956	10.173796	10.001111	13.309076
1539117445.583141	9.099511	8.846382	11.967877
1539117445.616604	9.004613	9.482488	11.202768
1539117445.649985	7.629359	6.268404	9.613520
1539117445.682859	6.583087	4.937826	7.907242
1539117445.716362	6.226846	6.012418	7.109503
1539117445.749552	5.479187	5.431606	6.426548
1539117445.782943	4.922509	5.535925	5.637236
1539117445.816238	4.366159	4.947395	5.373034
1539117445.849582	3.265462	4.170979	5.219665
1539117445.882737	2.566271	3.947748	4.806731
1539117445.916423	1.580502	3.742987	4.469007
1539117445.949505	1.147392	3.191829	4.000188
1539117445.982819	-0.019337	2.095953	3.429899
1539117446.016232	-0.599764	1.424651	2.880634
1539117446.049623	-1.024302	0.820231	2.255130
1539117446.082898	-1.863626	0.296396	1.565812
1539117446.116204	-3.596790	-1.769874	0.573471
1539117446.149356	-4.606185	-2.496232	-0.344966
1539117446.182668	-5.167673	-2.894668	-1.208829
1539117446.216049	-5.823232	-3.516025	-2.076081
1539117446.249113	-6.478263	-3.879197	-2.911199
1539117446.282527	-7.041533	-4.686880	-3.494600
1539117446.315998	-0.873181	0.486321	-2.898090
1539117446.349128	-1.091726	-0.160406	-2.351237
1539117446.382672	-2.209619	-0.705497	-1.789132
1539117446.415988	-3.026865	-1.080319	-1.229356
1539117446.449281	-3.116086	-1.686078	-0.629196
1539117446.482605	-3.449738	-1.909900	-1.108440
1539117446.515723	-2.774123	-2.289434	-1.534246
1539117446.548976	-2.798367	-2.871057	-1.967358
1539117446.582449	-1.556762	-3.228904	-2.397075
1539117446.615583	-1.354565	-3.318367	-2.723532
1539117446.648881	-1.727494	-3.919915	-3.125535
1539117446.682347	-0.918659	-0.503754	-2.768399
1539117446.715585	-1.301095	-0.793050	-2.352798
1539117446.748964	-1.928027	-1.213957	-1.949809
1539117446.782531	-2.604426	-1.880008	-1.662137
1539117446.815844	-2.979217	-2.722684	-1.422691
1539117446.848870	-4.597224	-4.921121	-2.306164
1539117446.882196	-5.233009	-5.704313	-3.288417
1539117446.915416	-6.029973	-6.350572	-4.315740
1539117446.948715	-6.515584	-6.730374	-5.285813
1539117446.982064	-7.204330	-7.065407	-6.154357
1539117447.015471	-8.102931	-8.269187	-6.823971
1539117447.048718	-8.548648	-8.946260	-7.472360
1539117447.082125	-9.185623	-9.441304	-8.090507
1539117447.115334	-9.994661	-10.679335	-8.880299
1539117447.148546	-11.209050	-11.557194	-9.778656
1539117447.181953	-12.029766	-12.487693	-10.622357
1539117447.215172	-13.252406	-13.470078	-11.527121
1539117447.248517	-13.757597	-14.382434	-12.515347
1539117447.281871	-14.467776	-15.040509	-13.387582
1539117447.315051	-14.952039	-14.887886	-14.053720
1539117447.348490	-16.179014	-16.215342	-14.799250
1539117447.381738	-15.963212	-15.833062	-15.271847
1539117447.415059	-16.388268	-16.853886	-15.766137
1539117447.448420	-17.092194	-17.115072	-16.181050
1539117447.481712	-15.637959	-15.414770	-16.286426
1539117447.514980	-17.851795	-17.990971	-16.641552
1539117447.548201	-18.406855	-17.890526	-17.053045
1539117447.581538	-17.961845	-18.300928	-17.342453
1539117447.614915	-18.719130	-19.134356	-17.746310
1539117447.648287	-17.583305	-17.726030	-18.208562
1539117447.681499	-17.525099	-17.683760	-18.147120
1539117447.714860	-18.418808	-19.140852	-18.397185
1539117447.748132	-17.476526	-17.329880	-18.202975
1539117447.781419	-17.478321	-17.233740	-17.822852
1539117447.814789	-17.962879	-17.725224	-17.822691
1539117447.848316	-17.684465	-18.046320	-17.895203
1539117447.881419	-17.494869	-17.284817	-17.523996
1539117447.914843	-16.985981	-16.614855	-17.380991
1539117447.948122	-16.309654	-16.467562	-17.227755
1539117447.981414	-16.010355	-16.185202	-16.919751
1539117448.014739	-15.510274	-15.235048	-16.357497
1539117448.048068	-14.505530	-15.163380	-15.933209
1539117448.081340	-14.174148	-14.630323	-15.536303
1539117448.114569	-12.892376	-13.795612	-15.001913
1539117448.147925	-12.632578	-13.470145	-14.458902
1539117448.181342	-11.961737	-12.765557	-13.965004
1539117448.214630	-10.957787	-11.519456	-13.236219
1539117448.248036	-11.356757	-12.332402	-12.776635
1539117448.281190	-10.743281	-11.378514	-12.293215
1539117448.314451	-9.505921	-10.214685	-11.642123
1539117448.347837	-8.223216	-9.058249	-10.900661
1539117448.381376	-7.187802	-7.614969	-10.119764
1539117448.414660	-5.756770	-6.471982	-8.947680
1539117448.448105	-4.069425	-4.317788	-7.535535
1539117448.481180	-3.202094	-3.265622	-6.145722
1539117448.514709	-1.944472	-2.079118	-4.749896
1539117448.547758	-0.988041	-0.576762	-3.342254
1539117448.581116	-0.193955	0.633828	-1.921092
1539117448.614499	0.403250	-0.374117	-1.132358
1539117448.647567	1.432219	-1.486041	-0.776442
1539117448.681044	1.538625	-0.239430	-0.408504
1539117448.714489	2.700696	1.202296	-0.052693
1539117448.747795	2.671039	0.827872	-0.013884
1539117448.780867	-1.277858	-1.921761	-0.323413
1539117448.814570	-4.735083	-2.241444	-0.474493
1539117448.847800	-4.138011	-1.322903	-0.691188
1539117448.880728	-2.289743	0.130714	-0.905504
1539117448.914431	-3.937552	0.013027	-1.068473
1539117448.947486	-1.389241	1.553591	-0.373403
1539117448.980956	-1.294850	2.109571	0.496800
1539117449.014240	-1.204421	2.205161	1.202413
1539117449.047366	-0.023641	2.344645	1.645199
1539117449.080999	-0.771350	0.624406	1.767475
1539117449.114381	0.257304	0.769271	1.610611
1539117449.147575	0.700376	1.845345	1.557766
1539117449.180977	1.337718	2.296139	1.575961
1539117449.213975	2.305224	3.012381	1.709508
1539117449.247269	2.509903	3.550601	2.294747
1539117449.280682	3.177501	4.057317	2.952356
1539117449.313901	4.774217	6.194691	3.822226
1539117449.347209	5.862410	6.808819	4.724762
1539117449.380606	6.348158	7.590091	5.640304
1539117449.413935	7.656662	8.683370	6.666858
1539117449.447324	8.256242	9.351768	7.725748
1539117449.480672	9.245065	10.221344	8.531078
1539117449.514077	9.846851	10.752262	9.319767
1539117449.547150	10.193404	11.724390	10.146627
1539117449.580560	10.889586	11.858336	10.781620
1539117449.614029	11.075484	11.940473	11.299361
1539117449.647240	11.200861	11.831866	11.621465
1539117449.680397	11.243804	12.250684	11.921150
1539117449.713803	11.638538	12.600943	12.096460
1539117449.747198	11.320491	11.972961	12.119385
1539117449.780246	10.864793	9.220893	11.575469
1539117449.813557	10.589889	8.009788	10.811054
1539117449.846977	11.128982	11.157028	10.592323
1539117449.880523	11.020730	10.879790	10.248092
1539117449.913760	11.156796	11.066778	10.066855
1539117449.947150	10.965845	10.853581	10.393393
1539117449.980474	10.395419	9.919184	10.775272
1539117450.013669	11.094312	11.247568	10.793380
1539117450.046792	11.450433	11.248566	10.867135
1539117450.080290	11.055543	10.989947	10.851769
1539117450.113595	11.797880	11.529319	10.986917
1539117450.146802	11.908533	12.100455	11.423171
1539117450.180054	12.565393	13.081514	11.789960
1539117450.213376	14.013599	13.963146	12.332876
1539117450.246855	14.543885	14.695649	13.074017
1539117450.280203	15.905362	16.148558	13.997865
1539117450.313569	17.409338	17.513241	15.080422
1539117450.346934	18.451393	18.631668	16.190452
1539117450.380140	20.169792	19.700615	17.337946
1539117450.413448	21.633314	22.152390	18.829294
1539117450.446732	22.348021	22.091946	20.017972
1539117450.479796	23.140106	23.642229	21.243769
1539117450.513056	24.156065	24.503263	22.418089
1539117450.546526	21.003578	22.842073	23.046380
1539117450.580076	19.781239	19.953964	22.606695
1539117450.613050	22.653625	25.082241	23.204754
1539117450.646601	23.147980	25.571127	23.590534
1539117450.680065	22.364632	23.891376	23.468156
1539117450.713092	22.711615	24.445131	23.788768
1539117450.746630	22.305317	24.167114	24.631398
1539117450.780039	22.881004	24.566425	24.528235
1539117450.812879	22.979385	24.990732	24.412156
1539117450.846203	22.835808	24.752769	24.584435
1539117450.879571	22.592194	23.784489	24.452306
1539117450.912827	23.301193	24.796898	24.578263
1539117450.946185	23.231632	25.170372	24.699052
1539117450.979424	22.882406	24.654852	24.631876
1539117451.013052	24.509020	25.527657	24.786853
1539117451.046025	24.391315	25.745745	25.179105
1539117451.079338	23.555107	25.485668	25.316859
1539117451.112639	22.857878	24.548679	25.192520
1539117451.145998	22.977652	25.609354	25.383421
1539117451.179303	22.089239	23.526957	24.983281
1539117451.212538	21.570732	23.728323	24.579796
1539117451.245996	20.883524	22.638376	24.010338
1539117451.279489	20.605501	21.837114	23.468025
1539117451.312461	20.465734	21.972628	22.740680
1539117451.345992	20.244806	22.147106	22.464709
1539117451.379330	19.422533	21.115990	21.942243
1539117451.412518	18.811962	20.177530	21.450074
1539117451.445822	18.211298	19.111017	20.904854
1539117451.479418	17.131874	18.257292	20.161787
1539117451.512753	17.090389	18.146902	19.361746
1539117451.545883	16.859713	17.950447	18.728638
1539117451.579094	17.502785	17.655397	18.224211
1539117451.612406	16.755688	16.575895	17.717187
1539117451.645958	15.391663	15.029021	17.071533
1539117451.679111	14.696362	14.563385	16.354829
1539117451.712345	14.094145	13.833179	15.531376
1539117451.745685	13.623355	13.368051	14.673906
1539117451.779064	13.176390	13.102767	13.979280
1539117451.812335	12.835408	12.929826	13.559441
1539117451.845581	12.762620	12.635766	13.173918
1539117451.878921	12.056073	11.756739	12.758630
1539117451.912218	11.779752	11.254808	12.335981
1539117451.945752	11.301592	11.023981	11.920224
1539117451.979054	10.636452	10.852464	11.504752
1539117452.012410	10.004539	10.725244	11.122647
1539117452.045568	9.985630	12.123380	11.195975
1539117452.078679	10.330329	11.615332	11.268080
1539117452.112214	10.288163	11.217103	11.306704
1539117452.145331	10.252628	11.243261	11.384864
1539117452.178754	10.147741	10.816453	11.403106
1539117452.212171	10.230219	11.487097	11.275849
1539117452.245456	10.596434	11.978223	11.348427
1539117452.278953	8.786799	9.415593	10.988125
1539117452.311918	9.306618	9.801245	10.699722
1539117452.345561	9.468090	10.395574	10.615546
1539117452.378792	9.641711	10.484453	10.415018
1539117452.412223	10.678869	11.138029	10.246979
1539117452.445331	9.556824	10.549274	10.473715
1539117452.478711	8.294952	8.884394	10.290345
1539117452.511798	7.497885	8.197222	9.850674
1539117452.545222	5.841909	6.312436	9.016271
1539117452.578438	5.075011	5.414223	7.871510
1539117452.611680	2.490019	3.782820	6.518219
1539117452.645189	1.146667	2.659140	5.273168
1539117452.678364	-0.455014	1.815259	3.996775
1539117452.711729	-2.523659	-0.713943	2.591500
1539117452.745057	-4.181953	-1.733268	1.162001
1539117452.778260	-5.465339	-2.816956	-0.157954
1539117452.811781	-6.825542	-4.369953	-1.563772
1539117452.844967	-6.771524	-4.071772	-2.741178
1539117452.878211	-3.483596	-0.728626	-2.744115
1539117452.911460	-2.882254	-1.555163	-2.708494
1539117452.944912	-3.521300	-2.677453	-2.680593
1539117452.978106	-2.800841	-3.206469	-2.447897
1539117453.011350	-2.174631	-4.300324	-2.493607
1539117453.044637	-1.665091	-0.618803	-2.471642
1539117453.078094	-2.442082	-1.314320	-2.423474
1539117453.111382	-3.442822	-2.201226	-2.328228
1539117453.144730	-3.631624	-2.997412	-2.286417
1539117453.177851	-4.178680	-3.445755	-2.115503
1539117453.211176	-6.125355	-5.425198	-3.076782
1539117453.244527	-7.200868	-6.340238	-4.081966
1539117453.277855	-7.566562	-7.127544	-5.067229
1539117453.311158	-8.533789	-7.846221	-6.036991
1539117453.344567	-8.977490	-8.311097	-7.010060
1539117453.378006	-10.108627	-9.074534	-7.739927
1539117453.411355	-10.761181	-9.677450	-8.407370
1539117453.444510	-9.904871	-9.167098	-8.815280
1539117453.477941	-10.570477	-9.438398	-9.133716
1539117453.511093	-10.975366	-9.983875	-9.468271
1539117453.544532	-12.094910	-12.018962	-10.057157
1539117453.577732	-12.573722	-11.956154	-10.512897
1539117453.610996	-12.683601	-12.066935	-11.092865
1539117453.644289	-13.049439	-12.830122	-11.771210
1539117453.677746	-13.398642	-13.404549	-12.455344
1539117453.710927	-14.113908	-13.820335	-12.815619
1539117453.744418	-14.523040	-14.153342	-13.255057
1539117453.777579	-15.338759	-14.198432	-13.681356
1539117453.810878	-16.088026	-15.327506	-14.180833
1539117453.844478	-17.011805	-16.012838	-14.702491
1539117453.877765	-17.764225	-16.590389	-15.256502
1539117453.911221	-19.047350	-18.542662	-16.134365
1539117453.944471	-19.678596	-18.653507	-17.025381
1539117453.977596	-20.077217	-18.511873	-17.662254
1539117454.010751	-20.516890	-19.467499	-18.353186
1539117454.044219	-21.502459	-19.420631	-18.919234
1539117454.077286	-19.948013	-17.334049	-18.677512
1539117454.110762	-21.407156	-19.059786	-18.758768
1539117454.143959	-22.296103	-20.011784	-19.058750
1539117454.177353	-23.155827	-21.136486	-19.392547
1539117454.210590	-23.744307	-21.597393	-19.827900
1539117454.244251	-24.551971	-22.103800	-20.781850
1539117454.277281	-26.146055	-23.771269	-21.724146
1539117454.310902	-27.045931	-24.262211	-22.574232
1539117454.344027	-28.192291	-25.043062	-23.355547
1539117454.377215	-28.865654	-25.426071	-24.121283
1539117454.410693	-30.766663	-26.353624	-24.971247
1539117454.443766	-30.401178	-26.793314	-25.575657
1539117454.477091	-30.679230	-27.968121	-26.316838
1539117454.510468	-32.063526	-29.678349	-27.243896
1539117454.543777	-32.838982	-29.632187	-28.085119
1539117454.577246	-34.397980	-30.431221	-28.900638
1539117454.610717	-33.364128	-30.277994	-29.597574
1539117454.644150	-35.399315	-31.579229	-30.319796
1539117454.677255	-34.390118	-30.804497	-30.545026
1539117454.710377	-35.058189	-32.062267	-31.031042
1539117454.743704	-34.097576	-30.518393	-31.048476
1539117454.777015	-33.585453	-30.500925	-31.093062
1539117454.810275	-32.891201	-30.551933	-30.887603
1539117454.843554	-31.219616	-29.621370	-30.650978
1539117454.876847	-31.107605	-29.216284	-30.081781
1539117454.910445	-29.194592	-27.832245	-29.544551
1539117454.943551	-27.943382	-25.643749	-28.573116
1539117454.976851	-25.428675	-23.205793	-27.103888
1539117455.010116	-24.428656	-21.475567	-25.474728
1539117455.043482	-23.571140	-20.591125	-23.749696
1539117455.076678	-22.137459	-19.358938	-22.055035
1539117455.110167	-24.064140	-24.001049	-21.726495
1539117455.143371	-22.859972	-22.306658	-21.546667
1539117455.176689	-21.663946	-21.643114	-21.580177
1539117455.210008	-21.051004	-22.160755	-21.894103
1539117455.243309	-20.517710	-20.333895	-22.089094
1539117455.276598	-20.312300	-19.351389	-21.159162
1539117455.310324	-19.421259	-18.485979	-20.395026
1539117455.343135	-17.899414	-17.156490	-19.497702
1539117455.376815	-16.783646	-15.904505	-18.246452
1539117455.409924	-16.579393	-16.219824	-17.423637
1539117455.443183	-14.894632	-15.244954	-16.602350
1539117455.476463	-13.347966	-12.858935	-15.476942
1539117455.509907	-12.918140	-12.802190	-14.606082
1539117455.543204	-12.289429	-11.634274	-13.752036
1539117455.576352	-11.243693	-10.949766	-12.698024
1539117455.609923	-10.044915	-10.214163	-11.691866
1539117455.642977	-8.752683	-8.263266	-10.772732
1539117455.676402	-6.642791	-5.823705	-9.377035
1539117455.710058	-5.881813	-4.265330	-7.903246
1539117455.743013	-4.754366	-3.429793	-6.399251
1539117455.776283	-4.262133	-3.109192	-4.978257
1539117455.809617	-3.777079	-2.600963	-3.845797
1539117455.842918	-4.868495	-5.458909	-3.772837
1539117455.876188	-1.296563	-0.145305	-2.948833
1539117455.909555	-0.094526	1.184170	-2.026040
1539117455.942746	-3.004977	-3.121926	-2.028586
1539117455.976093	-2.888714	-2.265565	-1.961507
1539117456.009465	-2.293901	-1.330280	-1.135781
1539117456.042627	-1.982502	-0.717205	-1.250161
1539117456.075944	-1.563701	0.370376	-1.412920
1539117456.109270	-1.779452	1.434216	-0.501691
1539117456.142686	-2.335111	1.465593	0.244540
1539117456.175974	-2.782755	-2.283818	0.053832
1539117456.209325	-0.600417	-0.198999	0.157474
1539117456.242860	0.195337	0.365132	0.156425
1539117456.276052	0.825940	0.767647	0.023111
1539117456.309296	2.580192	2.304002	0.190793
1539117456.342608	3.038364	2.372303	1.122017
1539117456.375917	4.943977	4.759321	2.113681
1539117456.409190	5.459743	5.344946	3.109644
1539117456.442536	6.045471	5.514452	4.059005
1539117456.475908	6.720579	8.302161	5.258637
1539117456.509144	6.151917	5.516690	5.887514
1539117456.542423	6.424694	7.909330	6.517516
1539117456.575685	5.746235	5.504142	6.549355
1539117456.609046	6.973769	5.438537	6.534172
1539117456.642549	5.391047	5.809608	6.035661
1539117456.675606	6.110008	5.723588	6.077041
1539117456.709051	6.286131	6.365105	5.768196
1539117456.742273	8.095132	8.166477	6.300663
1539117456.775574	9.356061	10.211808	7.255317
1539117456.808904	8.338085	7.815043	7.656404
1539117456.842266	8.947994	8.728493	8.257385
1539117456.875527	9.841866	9.892579	8.962880
1539117456.908820	9.537928	10.151680	9.359921
1539117456.942117	10.162488	11.275993	9.572758
1539117456.975731	10.537838	11.631752	10.336099
1539117457.009089	10.677064	11.801966	10.950794
1539117457.042225	9.902450	10.463531	11.064985
1539117457.075519	9.612393	10.642258	11.163100
1539117457.108865	9.188810	9.870447	10.881991
1539117457.142083	9.077606	9.699031	10.495447
1539117457.175536	10.187069	11.599119	10.454877
1539117457.208680	10.080392	10.919791	10.546129
1539117457.242231	9.085384	10.177777	10.453233
1539117457.275326	8.571542	9.731422	10.425428
1539117457.308625	7.948290	9.461243	10.377871
1539117457.342111	7.261806	9.801940	10.018435
1539117457.375291	6.572438	6.826134	9.199703
1539117457.408664	6.645461	6.931957	8.550539
1539117457.442112	7.548120	7.931358	8.190526
1539117457.475283	8.382394	8.643727	8.027023
1539117457.508490	8.950722	8.898256	7.846286
1539117457.541769	9.779907	10.099886	8.501037
1539117457.575325	10.361926	10.585808	9.231807
1539117457.608434	10.382363	10.606178	9.766771
1539117457.641814	10.428242	10.549413	10.147908
1539117457.675075	11.449068	12.004505	10.769158
1539117457.708429	11.352851	11.778837	11.104948
1539117457.742002	13.730046	14.871214	11.962029
1539117457.774974	13.719784	14.455753	12.731944
1539117457.808481	13.730916	15.043571	13.630776
1539117457.842002	14.056037	14.982865	14.226448
1539117457.874932	14.154081	15.463736	14.963428
1539117457.908240	14.747276	16.114941	15.212173
1539117457.941611	14.491474	15.547395	15.430501
1539117457.975156	15.203773	15.785083	15.578804
1539117458.008113	14.925180	15.857418	15.753714
1539117458.041459	14.781260	15.646899	15.790347
1539117458.074960	15.396691	16.723745	15.912108
1539117458.108345	15.560629	16.403084	16.083246
1539117458.141607	15.470550	16.307869	16.187803
1539117458.174682	15.754320	16.258440	16.268007
1539117458.207987	15.444698	16.470821	16.432792
1539117458.241323	14.664196	16.030230	16.294089
1539117458.274711	15.787433	16.940475	16.401567
1539117458.308120	14.378332	15.913712	16.322736
1539117458.341403	15.169341	16.124336	16.295915
1539117458.374778	15.417226	16.011343	16.204019
1539117458.407904	14.245774	15.203402	16.038654
1539117458.441442	13.553142	14.493940	15.549347
1539117458.474714	13.614420	14.395544	15.245713
1539117458.508107	12.764009	13.630909	14.747028
1539117458.542796	12.522124	12.904929	14.125745
1539117458.574682	11.448150	12.221630	13.529391
1539117458.608113	9.963068	9.653624	12.561327
1539117458.641379	9.320131	8.726097	11.427438
1539117458.674674	8.427267	7.961341	10.293524
1539117458.708051	6.797313	5.034389	8.719416
1539117458.740908	6.216682	6.685798	7.612250
1539117458.774278	4.253693	4.455099	6.572545
1539117458.807678	2.815045	3.638210	5.554967
1539117458.840964	1.175710	2.609352	4.484569
1539117458.874219	-0.126661	1.588218	3.795335
1539117458.907563	-2.701868	-0.652219	2.327732
1539117458.940888	-4.104597	-2.025295	1.031653
1539117458.974205	-5.286756	-2.883475	-0.272684
1539117459.007617	-6.846754	-4.185071	-1.631568
1539117459.041107	-2.556979	-0.122749	-1.973762
1539117459.074633	-2.954367	-1.366368	-2.116592
1539117459.107481	-4.738169	-2.768247	-2.265182
1539117459.140668	-5.346245	-3.807349	-2.449957
1539117459.174915	-5.806690	-4.884557	-2.589854
1539117459.207306	-2.510351	-1.397242	-2.844753
1539117459.241016	-3.717324	-3.182900	-3.208059
1539117459.274239	-4.262287	-3.328383	-3.320086
1539117459.307544	-4.699497	-4.288432	-3.416303
1539117459.340788	-5.372925	-4.921999	-3.423791
1539117459.374434	-5.780242	-5.471232	-4.238589
1539117459.407578	-6.963623	-5.738317	-4.749673
1539117459.440880	-7.325166	-6.367305	-5.357457
1539117459.474341	-7.722943	-6.996913	-5.899153
1539117459.507271	-8.020760	-7.420797	-6.398913
1539117459.540658	-7.805952	-7.346486	-6.773964
1539117459.573926	-8.672294	-7.308435	-7.087987
1539117459.607199	-7.720433	-7.516777	-7.317881
1539117459.640512	-8.320046	-7.928230	-7.504145
1539117459.673790	-9.002446	-8.288488	-7.677683
1539117459.707213	-9.546060	-9.129747	-8.034335
1539117459.740526	-10.609912	-10.422208	-8.657090
1539117459.773828	-11.054728	-11.063124	-9.366359
1539117459.807046	-11.363659	-11.666402	-10.113994
1539117459.840471	-12.032825	-12.324652	-10.921227
1539117459.873704	-12.898302	-12.714838	-11.638245
1539117459.907085	-13.506937	-13.238145	-12.201432
1539117459.941145	-14.092060	-13.820705	-12.752948
1539117459.973878	-14.800244	-13.931337	-13.205935
1539117460.007001	-15.117043	-14.060293	-13.553064
1539117460.040293	-15.602479	-14.465125	-13.903121
1539117460.073910	-15.991530	-14.829694	-14.221431
1539117460.106919	-15.676541	-15.454906	-14.548271
1539117460.140296	-15.061066	-14.395031	-14.641010
1539117460.173740	-15.005140	-14.061971	-14.641345
1539117460.207021	-15.901891	-14.964869	-14.741294
1539117460.239973	-16.686020	-15.364792	-14.848314
1539117460.273361	-19.377409	-17.840143	-15.325361
1539117460.306695	-20.525339	-19.045380	-16.255431
1539117460.340068	-19.390581	-17.859400	-17.014917
1539117460.373358	-19.403435	-17.570059	-17.535955
1539117460.406718	-20.237453	-19.078941	-18.278785
1539117460.439981	-18.381392	-15.399016	-17.790559
1539117460.473266	-19.229298	-16.128820	-17.207247
1539117460.506763	-20.157864	-17.109581	-17.057284
1539117460.539881	-20.937508	-17.848297	-17.112931
1539117460.573143	-22.523132	-19.665161	-17.230175
1539117460.606620	-23.517380	-20.740690	-18.298510
1539117460.639963	-24.347460	-20.677757	-19.208297
1539117460.673164	-25.147747	-21.406897	-20.067760
1539117460.706643	-26.515856	-22.139975	-20.926096
1539117460.739785	-26.919666	-23.453356	-21.683735
1539117460.773149	-26.936190	-23.487526	-22.233102
1539117460.806361	-27.250624	-23.779583	-22.853467
1539117460.839739	-27.136950	-24.037001	-23.379488
1539117460.873158	-27.074879	-23.923864	-23.736266
1539117460.906324	-27.112116	-23.129377	-23.671470
1539117460.939724	-26.715439	-22.573507	-23.488667
1539117460.973059	-26.955400	-22.666096	-23.265969
1539117461.006380	-27.055901	-22.884724	-23.035514
1539117461.039564	-27.022383	-22.807261	-22.812193
1539117461.072828	-25.753256	-24.644054	-23.115128
1539117461.106606	-24.390583	-21.290728	-22.858572
1539117461.139459	-24.620827	-22.103321	-22.746017
1539117461.172737	-26.087627	-24.792698	-23.127612
1539117461.206141	-24.367313	-21.814350	-22.929030
1539117461.239382	-24.727592	-21.996420	-22.399503
1539117461.272822	-25.479050	-21.784561	-22.498270
1539117461.306350	-26.934677	-25.284468	-23.134499
1539117461.339427	-25.476057	-22.200850	-22.616130
1539117461.372871	-25.628942	-21.482372	-22.549734
1539117461.406229	-25.200735	-22.097296	-22.569909
1539117461.439538	-25.534554	-22.416233	-22.696244
1539117461.472783	-25.714272	-22.253441	-22.090038
1539117461.506031	-25.326574	-22.290373	-22.107943
1539117461.539291	-25.446400	-22.093504	-22.230169
1539117461.572488	-25.138990	-22.048512	-22.220412
1539117461.605772	-24.433556	-21.801426	-22.097451
1539117461.639107	-24.013155	-21.276167	-21.901996
1539117461.672482	-25.807688	-24.753803	-22.394682
1539117461.705839	-25.531784	-24.633881	-22.902758
1539117461.739034	-24.398840	-22.538286	-23.000713
1539117461.772501	-24.056355	-22.544937	-23.149415
1539117461.805874	-23.571611	-22.301371	-23.354456
1539117461.839097	-23.732437	-22.257195	-22.855134
1539117461.872338	-22.297350	-21.286797	-22.185717
1539117461.905629	-22.722095	-21.279528	-21.933965
1539117461.938880	-22.045336	-21.141251	-21.653228
1539117461.972199	-21.910393	-20.466343	-21.286222
1539117462.005508	-21.557325	-20.468998	-20.928583
1539117462.038804	-21.179550	-20.127163	-20.696656
1539117462.072163	-19.642641	-18.938799	-20.228511
1539117462.105489	-19.238712	-18.588604	-19.717981
1539117462.138761	-18.668516	-17.637238	-19.152160
1539117462.172165	-17.860680	-16.714510	-18.401263
1539117462.205621	-17.085417	-16.235498	-17.622930
1539117462.238904	-17.872532	-17.058868	-17.246944
1539117462.272053	-18.256142	-17.779840	-17.085191
1539117462.305366	-17.198536	-16.369869	-16.831717
1539117462.338856	-17.091902	-16.498926	-16.788601
1539117462.371951	-16.348673	-15.220458	-16.585592
1539117462.405474	-15.465307	-12.885807	-15.750980
1539117462.438655	-15.680346	-12.945099	-14.784032
1539117462.472124	-14.808789	-14.468640	-14.403786
1539117462.505394	-15.134872	-15.168974	-14.137796
1539117462.538729	-14.754266	-14.616622	-14.017028
1539117462.572000	-15.354651	-15.095018	-14.458871
1539117462.605340	-15.231632	-14.332687	-14.736388
1539117462.638973	-13.624315	-13.082049	-14.459070
1539117462.671831	-12.833820	-12.171051	-13.859486
1539117462.705534	-11.824169	-11.297307	-13.195623
1539117462.738664	-11.484893	-10.727303	-12.322079
1539117462.772094	-10.474530	-7.956249	-11.046792
1539117462.805139	-8.554847	-8.241996	-10.078781
1539117462.838579	-8.704707	-7.834411	-9.211453
1539117462.871794	-8.038128	-7.180655	-8.388123
1539117462.905147	-6.953876	-6.219812	-7.486625
1539117462.938618	-6.377558	-5.664112	-7.028197
1539117462.971629	-4.427164	-2.729645	-5.925727
1539117463.005371	-3.935933	-2.606719	-4.880189
1539117463.038573	-3.365338	-2.029669	-3.849992
1539117463.071997	-3.867748	-4.883650	-3.582759
1539117463.104861	-3.675781	-4.456542	-3.341245
1539117463.138240	-3.645321	-4.075509	-3.610418
1539117463.171504	-3.277103	-3.704117	-3.829897
1539117463.204759	-2.978192	-3.556220	-4.135208
1539117463.238261	-2.153594	-2.488462	-3.656170
1539117463.271359	-1.775480	-3.155047	-3.395871
1539117463.304774	-2.153630	-3.298361	-3.240441
1539117463.338093	-1.972949	-2.964016	-3.092421
1539117463.371405	-1.815327	-2.668569	-2.914891
1539117463.404871	-2.475477	-3.153684	-3.047935
1539117463.438342	-1.721008	-2.674184	-2.951763
1539117463.471391	-1.502187	-3.290115	-2.950114
1539117463.504645	-1.248585	-3.129399	-2.983190
1539117463.538221	-1.478699	-2.971828	-3.043842
1539117463.571269	0.563821	-0.135236	-2.440153
1539117463.604770	0.703120	-0.287477	-1.962811
1539117463.637738	0.763863	0.012376	-1.302313
1539117463.671198	1.291793	-0.524983	-0.781430
1539117463.704531	1.542455	0.307823	-0.125499
1539117463.737836	1.945536	1.107504	0.123049
1539117463.771307	1.898485	0.619294	0.304403
1539117463.804736	1.526565	0.891983	0.480324
1539117463.837979	1.778640	0.732968	0.731914
1539117463.871210	1.964124	0.206520	0.711654
1539117463.904884	2.239020	-0.517853	0.386582
1539117463.937630	-2.502786	-1.691758	-0.075628
1539117463.971315	-2.560534	-1.460832	-0.546191
1539117464.004803	2.129922	0.258609	-0.641063
1539117464.037601	2.458391	0.293699	-0.623627
1539117464.070932	-1.758419	-0.576564	-0.635369
1539117464.104404	1.966245	0.570016	-0.183014
1539117464.138013	-3.502047	-2.470037	-0.384855
1539117464.170913	-3.431182	-2.038363	-0.844250
1539117464.204167	-3.551028	-2.094680	-1.321925
1539117464.237592	-3.451368	-1.519710	-1.510555
1539117464.270962	-3.965351	-1.639137	-1.952385
1539117464.304160	-4.209693	-1.737120	-1.805802
1539117464.337747	-0.114913	1.794692	-1.039191
1539117464.370939	-4.635746	-2.373860	-1.095027
1539117464.403941	-2.422781	0.725335	-0.646018
1539117464.441535	-1.655071	0.703492	-0.177492
1539117464.470572	-6.479734	-4.091431	-0.648354
1539117464.503886	-6.092308	-4.168542	-1.841001
1539117464.537312	-3.343933	0.177422	-1.330745
1539117464.570819	-5.734772	-3.053829	-2.086578
1539117464.603975	-5.632072	-3.647658	-2.956808
1539117464.637570	-5.112328	-1.112448	-2.361011
1539117464.670702	-4.634579	-0.772449	-1.681793
1539117464.703794	-4.669935	-2.910479	-2.299373
1539117464.737262	-0.727437	3.552210	-0.978165
1539117464.770631	-4.644168	-3.028909	-0.854415
1539117464.803745	-4.121198	-3.034358	-1.238797
1539117464.837200	-4.347075	-2.709878	-1.626283
1539117464.870462	-4.337130	-2.547575	-1.553702
1539117464.903653	-3.924236	-2.241926	-2.712529
1539117464.937088	-3.837108	-2.251568	-2.557061
1539117464.970572	-3.616937	-1.717120	-2.293613
1539117465.003896	-3.479919	-1.457722	-2.043182
1539117465.037227	-2.960483	-1.466546	-1.826976
1539117465.070557	-2.225578	-0.030625	-1.384716
1539117465.103663	-1.573990	0.165764	-0.901250
1539117465.137168	-1.266263	0.647447	-0.428336
1539117465.170437	-0.803212	0.587490	-0.019294
1539117465.203442	-0.529657	1.114172	0.496850
1539117465.236995	-0.591748	0.751330	0.653241
1539117465.270339	-0.070024	0.955339	0.811156
1539117465.303400	0.555146	0.238477	0.729362
1539117465.336806	0.620646	2.243976	1.060659
1539117465.370086	0.363399	1.982432	1.234311
1539117465.403524	0.286425	1.576175	1.399280
1539117465.436721	0.320532	1.549759	1.518164
1539117465.469958	0.452168	2.336951	1.937859
1539117465.503233	1.309163	2.439966	1.977057
1539117465.536556	2.034696	2.696356	2.119842
1539117465.569885	2.341918	3.448990	2.494405
1539117465.603163	2.518287	3.085351	2.801523
1539117465.636487	3.724943	3.607096	3.055552
1539117465.669828	4.091115	4.446054	3.456769
1539117465.703162	4.533156	5.098153	3.937129
1539117465.736570	5.859438	6.679021	4.583135
1539117465.770022	6.660611	7.620806	5.490226
1539117465.803303	7.121923	8.344001	6.437607
1539117465.836714	7.548035	8.918066	7.332009
1539117465.870087	8.491802	9.595859	8.231551
1539117465.903169	8.877627	9.794430	8.854632
1539117465.936551	9.289154	10.113339	9.353139
1539117465.969909	9.232243	10.108562	9.706051
1539117466.003101	10.156062	10.951388	10.112716
1539117466.036239	10.602230	11.300833	10.453711
1539117466.069627	11.223894	11.646008	10.824026
1539117466.102906	10.432094	10.899085	10.981175
1539117466.136311	10.504339	11.617909	11.283045
1539117466.169743	8.322813	9.177251	10.928217
1539117466.202757	8.787690	10.016836	10.671418
1539117466.236079	10.705499	12.057150	10.753646
1539117466.269370	11.362618	12.499606	11.073750
1539117466.302701	10.332782	11.076500	10.965469
1539117466.336194	10.881912	12.063049	11.542628
1539117466.369489	12.952999	14.052141	12.349689
1539117466.402750	13.230782	15.065022	12.951264
1539117466.435998	13.286693	14.931426	13.437628
1539117466.469261	13.809467	15.484600	14.319248
1539117466.502617	14.311165	16.087715	15.124181
1539117466.535962	14.466570	16.125509	15.538855
1539117466.569297	15.254811	17.100876	15.946025
1539117466.602595	15.242032	17.136707	16.387082
1539117466.636218	15.851568	17.877878	16.865737
1539117466.669388	16.357571	18.077930	17.263780
1539117466.702888	15.783565	17.713421	17.581363
1539117466.736089	15.567999	17.529049	17.666997
1539117466.769190	15.832134	18.158457	17.871347
1539117466.802680	15.696884	17.447861	17.785344
1539117466.835826	15.530750	17.338818	17.637521
1539117466.868999	15.104542	16.371471	17.369131
1539117466.902468	15.010852	16.727585	17.208838
1539117466.935650	14.435096	15.888404	16.754828
1539117466.969065	12.767180	13.023499	15.869955
1539117467.002623	11.691544	12.958484	14.993889
1539117467.035604	11.798282	12.340770	14.187748
1539117467.068937	11.636723	13.494940	13.541219
1539117467.102566	14.022230	14.643866	13.292312
1539117467.135647	13.065841	13.482455	13.384103
1539117467.168939	12.130811	12.863901	13.365186
1539117467.202211	11.172209	12.412026	13.379438
1539117467.235501	10.344209	11.070552	12.894560
1539117467.268926	9.613349	10.223349	12.010457
1539117467.302176	7.559525	7.862913	10.886548
1539117467.335713	6.411024	7.041270	9.722022
1539117467.368949	5.893091	6.439994	8.527615
1539117467.402256	4.875021	5.122952	7.338096
1539117467.435605	3.818119	4.764560	6.246338
1539117467.468913	3.176849	3.839704	5.441696
1539117467.501889	2.662164	3.482890	4.730020
1539117467.535332	1.795472	3.425950	4.127211
1539117467.568693	1.147332	2.307076	3.564036
1539117467.601983	0.630642	1.554423	2.922008
1539117467.635394	0.052898	0.760257	2.306119
1539117467.668555	-0.416221	0.501914	1.709924
1539117467.702200	-0.904877	0.271451	1.079024
1539117467.735328	-2.428775	-1.445108	0.328587
1539117467.768700	-2.543562	-1.912102	-0.364718
1539117467.802025	-3.326384	-2.324203	-0.981610
1539117467.835236	-3.444486	-1.903041	-1.462601
1539117467.868506	-3.927809	-2.324934	-1.981878
1539117467.901707	-4.146574	-2.169790	-2.126814
1539117467.935051	-4.843879	-2.944311	-2.333256
1539117467.968400	-5.435302	-2.797897	-2.427995
1539117468.001660	-5.761493	-5.333090	-3.114004
1539117468.035100	-6.173272	-2.741251	-3.197268
1539117468.068513	-6.621731	-6.851661	-4.133642
1539117468.101718	-6.602687	-3.248854	-4.194551
1539117468.135086	-4.307150	-2.021013	-4.039174
1539117468.168184	-5.493162	-2.278666	-3.428289
1539117468.201777	-5.087507	-2.889809	-3.458000
1539117468.234804	-5.643570	-3.178587	-2.723386
1539117468.268212	-6.329411	-3.714909	-2.816597
1539117468.301499	-3.939984	-0.627681	-2.537930
1539117468.334833	-4.682329	-0.941850	-2.270567
1539117468.368145	-1.432176	2.172095	-1.258187
1539117468.401767	-1.739860	1.670864	-0.288296
1539117468.434776	-2.762399	1.388975	0.732480
1539117468.468262	-6.261671	-2.751717	0.307673
1539117468.501521	-1.800943	0.645140	0.625071
1539117468.534882	-4.474112	0.880529	0.366758
1539117468.568238	-4.517513	0.830367	0.198659
1539117468.601425	-4.341589	0.923004	0.105464
1539117468.634675	-1.543102	0.585888	0.772985
1539117468.667954	-4.657226	1.168295	0.877616
1539117468.701327	-4.437270	-2.838499	0.133811
1539117468.734663	-5.002090	-2.725707	-0.577404
1539117468.767884	-4.182364	-3.128854	-1.387775
1539117468.801448	-2.958352	-4.147708	-2.334495
1539117468.834760	-4.822734	-3.875619	-3.343277
1539117468.867787	-1.210901	-1.566395	-3.088856
1539117468.901047	-1.238768	-1.996537	-2.943023
1539117468.934370	-1.546944	-2.788862	-2.875024
1539117468.967784	-3.436636	-4.223444	-2.890171
1539117469.001339	-3.924516	-4.845772	-3.084202
1539117469.034323	-4.664044	-5.214963	-3.813916
1539117469.067682	-5.027179	-5.862690	-4.587146
1539117469.101020	-5.384215	-6.325993	-5.294572
1539117469.134331	-6.075534	-7.151071	-5.880098
1539117469.167848	-6.128264	-4.681300	-5.847203
1539117469.201146	-6.430954	-4.800702	-5.764351
1539117469.234483	-7.313631	-5.432234	-5.678260
1539117469.267679	-7.763361	-5.664468	-5.545955
1539117469.301063	-8.240952	-5.980856	-5.311912
1539117469.334121	-8.457782	-6.371341	-5.649920
1539117469.367515	-8.661879	-7.009378	-6.091655
1539117469.400721	-9.460126	-7.835566	-6.572322
1539117469.433976	-9.150447	-7.593143	-6.958057
1539117469.467384	-10.170196	-8.105564	-7.382998
1539117469.500622	-10.201927	-8.322673	-7.773265
1539117469.533902	-10.481240	-8.514983	-8.074386
1539117469.567270	-11.645332	-8.362730	-8.179819
1539117469.600704	-12.213222	-8.263738	-8.313938
1539117469.633948	-13.244701	-10.383356	-8.769496
1539117469.667153	-13.800185	-11.284366	-9.361835
1539117469.700474	-14.835318	-12.935206	-10.245879
1539117469.734111	-15.059361	-13.772079	-11.327749
1539117469.767198	-15.026459	-13.969799	-12.468961
1539117469.800609	-15.081408	-14.168422	-13.225974
1539117469.833946	-14.754722	-13.749919	-13.719085
1539117469.867275	-14.505692	-13.793654	-13.890775
1539117469.900500	-14.671516	-13.367342	-13.809827
1539117469.933984	-14.470551	-13.515674	-13.719002
1539117469.967116	-14.509533	-13.811817	-13.647681
1539117470.000463	-15.348685	-14.952298	-13.888157
1539117470.033669	-15.534554	-15.045961	-14.138618
1539117470.066909	-16.031807	-15.502328	-14.565616
1539117470.100335	-15.466185	-14.708019	-14.804085
1539117470.133817	-15.631371	-15.297956	-15.101312
1539117470.166842	-14.581523	-14.224585	-14.955770
1539117470.200232	-15.276263	-14.635012	-14.873580
1539117470.233644	-15.970596	-15.137579	-14.800630
1539117470.266832	-15.723565	-14.893634	-14.837753
1539117470.300496	-16.261412	-15.216563	-14.821474
1539117470.333834	-16.338882	-15.379564	-15.052470
1539117470.366767	-15.953966	-14.540152	-15.033498
1539117470.400384	-16.021688	-15.259677	-15.057918
1539117470.433686	-16.830025	-15.938988	-15.266989
1539117470.467130	-17.514355	-16.754772	-15.574631
1539117470.500053	-17.396994	-16.938194	-15.886357
1539117470.533304	-17.775076	-17.150209	-16.408368
1539117470.566833	-18.048923	-17.452848	-16.847002
1539117470.599947	-18.304079	-17.726316	-17.204468
1539117470.633572	-18.503534	-17.616737	-17.376861
1539117470.666639	-19.084267	-18.328371	-17.654897
1539117470.700241	-19.124805	-18.817980	-17.988451
1539117470.733536	-18.680630	-18.368969	-18.171675
1539117470.766609	-19.470829	-19.290060	-18.484423
1539117470.799884	-19.499401	-19.143030	-18.789682
1539117470.833241	-17.414093	-18.085518	-18.741111
1539117470.866808	-17.122175	-17.645521	-18.506620
1539117470.899920	-18.823940	-18.771832	-18.587192
1539117470.933363	-17.053478	-17.388863	-18.206953
1539117470.966460	-18.624170	-17.996670	-17.977681
1539117471.000390	-16.172132	-15.620963	-17.484770
1539117471.033107	-18.060421	-17.099558	-17.375577
1539117471.066653	-16.044910	-14.559512	-16.533113
1539117471.099590	-16.511339	-14.986811	-16.052703
1539117471.132851	-17.092321	-15.392346	-15.531838
1539117471.166223	-17.674227	-15.880632	-15.583772
1539117471.199542	-17.986208	-15.591724	-15.282205
1539117471.232792	-18.082174	-15.994171	-15.569137
1539117471.266212	-18.634924	-16.614260	-15.894627
1539117471.299575	-18.582058	-16.144650	-16.045087
1539117471.332884	-19.243931	-16.364353	-16.141832
1539117471.366193	-19.012289	-16.811438	-16.385774
1539117471.399576	-19.031706	-16.737413	-16.534423
1539117471.432714	-18.333448	-15.222722	-16.256115
1539117471.466213	-19.763580	-17.418081	-16.510802
1539117471.499399	-18.893021	-16.087187	-16.455368
1539117471.532715	-19.807184	-17.585726	-16.610226
1539117471.566359	-19.683493	-18.219229	-16.906589
1539117471.599166	-18.434628	-16.039913	-17.070027
1539117471.632499	-19.309540	-17.761824	-17.138776
1539117471.665959	-19.374620	-17.798237	-17.480986
1539117471.699376	-18.325142	-15.841022	-17.132045
1539117471.732754	-18.670515	-17.270832	-16.942366
1539117471.766174	-18.259226	-16.491579	-17.032699
1539117471.799426	-18.028641	-16.732841	-16.826902
1539117471.832654	-18.121815	-16.606949	-16.588645
1539117471.865816	-17.327847	-16.044308	-16.629302
1539117471.899049	-16.916769	-15.538497	-16.282835
1539117471.932589	-16.657362	-15.628630	-16.110245
1539117471.965734	-15.923789	-15.121912	-15.788059
1539117471.999168	-17.716551	-17.075874	-15.881844
1539117472.032346	-17.005495	-16.573446	-15.987672
1539117472.065998	-17.023287	-16.180403	-16.116053
1539117472.099050	-16.965113	-16.331402	-16.256607
1539117472.132306	-16.301903	-15.643732	-16.360971
1539117472.165542	-15.887170	-14.962936	-15.938384
1539117472.199188	-15.487818	-14.531122	-15.529919
1539117472.232230	-15.011150	-14.425553	-15.178949
1539117472.265573	-15.496473	-14.899693	-14.892607
1539117472.298934	-15.206938	-13.741832	-14.512227
1539117472.332348	-14.537621	-14.439186	-14.407477
1539117472.365512	-13.917531	-13.893079	-14.279869
1539117472.398811	-13.298563	-13.594922	-14.113742
1539117472.432575	-12.956308	-13.076701	-13.749144
1539117472.465620	-12.135920	-12.182529	-13.437284
1539117472.498980	-12.027910	-11.372388	-12.823924
1539117472.532254	-11.656903	-11.279843	-12.301277
1539117472.565354	-10.674838	-9.782858	-11.538864
1539117472.598798	-10.669433	-9.283719	-10.780268
1539117472.632020	-9.491764	-8.556231	-10.055008
1539117472.665385	-9.121387	-8.181926	-9.416915
1539117472.698698	-9.342487	-8.161636	-8.793274
1539117472.732053	-9.731522	-8.511475	-8.538997
1539117472.765270	-8.939808	-8.046947	-8.291643
1539117472.798762	-9.143926	-8.267635	-8.233924
1539117472.832118	-9.197409	-7.770266	-8.151592
1539117472.865367	-8.970101	-7.453755	-8.010016
1539117472.899030	-8.865725	-7.314318	-7.770584
1539117472.931994	-8.813593	-7.768651	-7.714925
1539117472.965347	-8.862761	-7.358205	-7.533039
1539117472.998663	-8.401462	-7.051203	-7.389227
1539117473.031731	-8.706929	-7.293143	-7.357104
1539117473.065129	-8.134059	-6.866440	-7.267529
1539117473.098259	-7.599303	-6.791895	-7.072177
1539117473.131751	-6.113479	-5.077957	-6.616128
1539117473.165245	-6.041259	-3.816466	-5.969180
1539117473.198512	-5.297515	-1.833370	-4.877226
1539117473.231790	-4.002197	-0.857981	-3.675534
1539117473.265025	-2.986656	-0.371197	-2.391394
1539117473.298368	-2.048361	0.101458	-1.355512
1539117473.331719	-1.833358	-0.993359	-0.790890
1539117473.364906	-2.500659	-4.337896	-1.291795
1539117473.398249	-2.380712	-3.924593	-1.905118
1539117473.431508	-0.129583	0.989068	-1.633065
1539117473.464707	-3.025997	-3.516112	-2.356579
1539117473.497999	-3.328335	-3.364153	-2.830737
1539117473.531449	-0.168478	-1.397824	-2.242723
1539117473.564657	-0.106619	-1.383986	-1.734601
1539117473.598009	0.819784	-1.265564	-2.185528
1539117473.632444	0.494378	-0.436722	-1.569650
1539117473.664563	3.333386	2.247737	-0.447272
1539117473.698336	0.189445	-1.212018	-0.410110
1539117473.731187	-0.006715	-1.314963	-0.396306
1539117473.764700	0.324051	-1.382424	-0.419678
1539117473.797945	3.193436	1.064706	-0.119392
1539117473.831096	-0.070805	-1.763717	-0.921683
1539117473.864311	-0.728754	-1.605720	-1.000424
1539117473.897718	-0.651012	-1.756194	-1.088670
1539117473.930979	3.057315	1.481727	-0.515840
1539117473.964349	-0.392103	-1.971676	-1.123116
1539117473.997603	-1.463039	0.456954	-0.678982
1539117474.030891	-1.525312	0.355581	-0.286722
1539117474.064203	-1.667294	-0.282420	0.008033
1539117474.097672	-1.965345	-2.851439	-0.858600
1539117474.130944	-2.026560	0.198916	-0.424482
1539117474.164230	-2.281570	-3.089759	-1.133824
1539117474.197712	-2.646849	-0.284037	-1.261748
1539117474.230808	-3.043825	-0.132993	-1.231862
1539117474.264191	-2.582924	-0.574628	-0.776500
1539117474.297593	-2.580986	-0.539432	-0.924170
1539117474.330846	1.518810	0.197987	-0.266621
1539117474.364187	1.921307	0.217099	-0.166393
1539117474.397450	2.606538	0.251995	-0.089396
1539117474.430755	1.984354	0.482488	0.122027
1539117474.464010	2.407752	-0.379070	0.154100
1539117474.497356	-3.372609	-1.135829	-0.112663
1539117474.530701	2.011182	-0.012004	-0.158484
1539117474.564064	2.177304	-0.271435	-0.263170
1539117474.597288	2.091903	-0.277029	-0.415073
1539117474.630609	2.198152	0.087037	-0.321852
1539117474.663896	1.758122	-0.112333	-0.117153
1539117474.697176	1.639438	-0.668099	-0.248372
1539117474.730528	1.978239	-0.062834	-0.206652
1539117474.763919	1.766912	-0.042841	-0.159814
1539117474.797280	1.597880	-0.787142	-0.334650
1539117474.830462	1.891091	-0.472784	-0.406740
1539117474.863731	1.614496	-0.154987	-0.304118
1539117474.897136	1.794577	0.214585	-0.248634
