0	0.89236
0.008333	0.76293
0.016667	0.6419
0.025	0.53649
0.033333	0.44194
0.041667	0.37456
0.05	0.3362
0.058333	0.3007
0.066667	0.27671
0.075	0.24543
0.083333	0.20957
0.091667	0.21557
0.1	0.17513
0.10833	0.16604
0.11667	0.17836
0.125	0.20407
0.13333	0.20772
0.14167	0.19463
0.15	0.19304
0.15833	0.19746
0.16667	0.22417
0.175	0.24284
0.18333	0.26355
0.19167	0.33094
0.2	0.317
0.20833	0.28814
0.21667	0.29601
0.225	0.27573
0.23333	0.25378
0.24167	0.22429
0.25	0.19661
0.25833	0.15601
0.26667	0.07176
0.275	0.011114
0.28333	0.036639
0.29167	0.043224
0.3	0.09804
0.30833	0.14346
0.31667	0.19388
0.325	0.1815
0.33333	0.18009
0.34167	0.21199
0.35	0.1929
0.35833	0.17539
0.36667	0.1606
0.375	0.21058
0.38333	0.20587
0.39167	0.22037
0.4	0.2254
0.40833	0.2578
0.41667	0.26586
0.425	0.30326
0.43333	0.32557
0.44167	0.328
0.45	0.37717
0.45833	0.42559
0.46667	0.4129
0.475	0.3606
0.48333	0.3429
0.49167	0.26149
0.5	0.29791
0.50833	0.33234
0.51667	0.349
0.525	0.35332
0.53333	0.33878
0.54167	0.3438
0.55	0.30873
0.55833	0.19745
0.56667	0.164
0.575	0.19649
0.58333	0.23737
0.59167	0.30055
0.6	0.27544
0.60833	0.24831
0.61667	0.20757
0.625	0.082402
0.63333	0.021518
0.64167	0.057831
0.65	0.074365
0.65833	0.046939
0.66667	-0.017106
0.675	-0.12378
0.68333	-0.17987
0.69167	-0.19296
0.7	-0.26697
0.70833	-0.26926
0.71667	-0.24089
0.725	-0.19884
0.73333	-0.16729
0.74167	-0.088752
0.75	-0.029611
0.75833	-0.097729
0.76667	-0.13608
0.775	-0.20766
0.78333	-0.26539
0.79167	-0.33455
0.8	-0.3892
0.80833	-0.36199
0.81667	-0.31349
0.825	-0.26929
0.83333	-0.24311
0.84167	-0.28155
0.85	-0.28625
0.85833	-0.34981
0.86667	-0.42261
0.875	-0.47915
0.88333	-0.46878
0.89167	-0.42807
0.9	-0.43451
0.90833	-0.38898
0.91667	-0.35776
0.925	-0.37801
0.93333	-0.4411
0.94167	-0.47513
0.95	-0.45934
0.95833	-0.43435
0.96667	-0.38455
0.975	-0.34821
0.98333	-0.35903
0.99167	-0.39966
1	-0.38477
1.0083	-0.35074
1.0167	-0.3306
1.025	-0.30759
1.0333	-0.26642
1.0417	-0.21746
1.05	-0.21666
1.0583	-0.22303
1.0667	-0.2126
1.075	-0.20153
1.0833	-0.21216
1.0917	-0.17529
1.1	-0.14508
1.1083	-0.10702
1.1167	-0.054493
1.125	-0.012562
1.1333	0.027431
1.1417	0.067435
1.15	0.049458
1.1583	0.085774
1.1667	0.074298
1.175	0.14683
1.1833	0.19859
1.1917	0.20892
1.2	0.17097
1.2083	0.111
1.2167	0.15744
1.225	0.17154
1.2333	0.19611
1.2417	0.31231
1.25	0.35223
1.2583	0.43077
1.2667	0.48007
1.275	0.44985
1.2833	0.45817
1.2917	0.44719
1.3	0.43683
1.3083	0.43061
1.3167	0.457
1.325	0.50476
1.3333	0.51487
1.3417	0.54329
1.35	0.58037
1.3583	0.60156
1.3667	0.65076
1.375	0.64526
1.3833	0.6509
1.3917	0.64911
1.4	0.64444
1.4083	0.62843
1.4167	0.64009
1.425	0.64993
1.4333	0.66707
1.4417	0.67195
1.45	0.66918
1.4583	0.67357
1.4667	0.67346
1.475	0.6812
1.4833	0.6872
1.4917	0.67523
1.5	0.67394
1.5083	0.70783
1.5167	0.6924
1.525	0.68151
1.5333	0.70057
1.5417	0.70713
1.55	0.71634
1.5583	0.73386
1.5667	0.74417
1.575	0.76038
1.5833	0.77445
1.5917	0.79315
1.6	0.80065
1.6083	0.8109
1.6167	0.80752
1.625	0.79886
1.6333	0.82411
1.6417	0.80739
1.65	0.78932
1.6583	0.79728
1.6667	0.78848
1.675	0.79835
1.6833	0.80548
1.6917	0.79986
1.7	0.81105
1.7083	0.81448
1.7167	0.80568
1.725	0.81497
1.7333	0.82949
1.7417	0.8307
1.75	0.83059
1.7583	0.82939
1.7667	0.85063
1.775	0.87267
1.7833	0.8689
1.7917	0.88954
1.8	0.91166
1.8083	0.93108
1.8167	0.93592
1.825	0.95777
1.8333	0.96221
1.8417	0.96269
1.85	0.9661
1.8583	0.95036
1.8667	0.9594
1.875	0.90707
1.8833	0.87084
1.8917	0.84818
1.9	0.84094
1.9083	0.8131
1.9167	0.80243
1.925	0.79025
1.9333	0.77876
1.9417	0.7729
1.95	0.74509
1.9583	0.74961
1.9667	0.75806
1.975	0.77298
1.9833	0.75937
1.9917	0.7463
2	0.75337
2.0083	0.7991
2.0167	0.78836
2.025	0.80625
2.0333	0.83364
2.0417	0.82457
2.05	0.80587
2.0583	0.80869
2.0667	0.80356
2.075	0.7968
2.0833	0.82279
2.0917	0.80279
2.1	0.78395
2.1083	0.78085
2.1167	0.77508
2.125	0.77767
2.1333	0.76819
2.1417	0.76197
2.15	0.77567
2.1583	0.76739
2.1667	0.7555
2.175	0.75962
2.1833	0.74629
2.1917	0.72267
2.2	0.6886
2.2083	0.69028
2.2167	0.68526
2.225	0.65421
2.2333	0.62157
2.2417	0.61416
2.25	0.60948
2.2583	0.60046
2.2667	0.60421
2.275	0.58735
2.2833	0.56008
2.2917	0.55334
2.3	0.54073
2.3083	0.51029
2.3167	0.47232
2.325	0.467
2.3333	0.45096
2.3417	0.46377
2.35	0.44912
2.3583	0.45677
2.3667	0.46813
2.375	0.4876
2.3833	0.48101
2.3917	0.49246
2.4	0.50739
2.4083	0.5317
2.4167	0.52834
2.425	0.51347
2.4333	0.51248
2.4417	0.51589
2.45	0.50547
2.4583	0.48962
2.4667	0.46042
2.475	0.44289
2.4833	0.42943
2.4917	0.41118
2.5	0.42017
2.5083	0.41813
2.5167	0.42512
2.525	0.43483
2.5333	0.47363
2.5417	0.45761
2.55	0.44131
2.5583	0.43907
2.5667	0.42359
2.575	0.45078
2.5833	0.48787
2.5917	0.49533
2.6	0.50119
2.6083	0.51195
2.6167	0.51758
2.625	0.52376
2.6333	0.50685
2.6417	0.49254
2.65	0.49832
2.6583	0.47795
2.6667	0.51706
2.675	0.53956
2.6833	0.56729
2.6917	0.56794
2.7	0.5869
2.7083	0.61564
2.7167	0.67408
2.725	0.71187
2.7333	0.722
2.7417	0.7529
2.75	0.7458
2.7583	0.74975
2.7667	0.77173
2.775	0.82302
2.7833	0.84591
2.7917	0.82543
2.8	0.85911
2.8083	0.8512
2.8167	0.86248
2.825	0.87235
2.8333	0.86962
2.8417	0.89371
2.85	0.8981
2.8583	0.9174
2.8667	0.92019
2.875	0.93395
2.8833	0.93271
2.8917	0.94779
2.9	0.94176
2.9083	0.96413
2.9167	0.97748
2.925	0.96323
2.9333	0.98205
2.9417	1.0131
2.95	1.0634
2.9583	1.0925
2.9667	1.1169
2.975	1.13
2.9833	1.1193
2.9917	1.1274
3	1.1151
3.0083	1.12
3.0167	1.1283
3.025	1.1268
3.0333	1.1333
3.0417	1.1775
3.05	1.1792
3.0583	1.1938
3.0667	1.2123
3.075	1.2074
3.0833	1.2196
3.0917	1.2288
3.1	1.2279
3.1083	1.2135
3.1167	1.2138
3.125	1.2164
3.1333	1.2392
3.1417	1.2344
3.15	1.255
3.1583	1.2513
3.1667	1.2527
3.175	1.2614
3.1833	1.2826
3.1917	1.331
3.2	1.3352
3.2083	1.3497
3.2167	1.3598
3.225	1.3588
3.2333	1.3447
3.2417	1.351
3.25	1.3348
3.2583	1.3556
3.2667	1.3471
3.275	1.3354
3.2833	1.3295
3.2917	1.3296
3.3	1.3374
3.3083	1.3079
3.3167	1.3328
3.325	1.3264
3.3333	1.3358
3.3417	1.3435
3.35	1.359
3.3583	1.3767
3.3667	1.3726
3.375	1.4024
3.3833	1.4225
3.3917	1.4265
3.4	1.4235
3.4083	1.4413
3.4167	1.45
3.425	1.4622
3.4333	1.498
3.4417	1.517
3.45	1.5121
3.4583	1.4878
3.4667	1.4325
3.475	1.4322
3.4833	1.4379
3.4917	1.4219
3.5	1.4117
3.5083	1.3785
3.5167	1.3509
3.525	1.3038
3.5333	1.2732
3.5417	1.2393
3.55	1.1983
3.5583	1.1677
3.5667	1.1821
3.575	1.2013
3.5833	1.2531
3.5917	1.2459
3.6	1.2332
3.6083	1.2136
3.6167	1.2078
3.625	1.1983
3.6333	1.1875
3.6417	1.1832
3.65	1.1596
3.6583	1.1604
3.6667	1.143
3.675	1.1439
3.6833	1.1215
3.6917	1.1418
3.7	1.1295
3.7083	1.1371
3.7167	1.1652
3.725	1.1613
3.7333	1.1535
3.7417	1.1345
3.75	1.1309
3.7583	1.1255
3.7667	1.119
3.775	1.092
3.7833	1.088
3.7917	1.054
3.8	1.0376
3.8083	1.0287
3.8167	1.0221
3.825	1.0124
3.8333	1.0208
3.8417	1.0183
3.85	1.0172
3.8583	0.99359
3.8667	0.97396
3.875	0.95616
3.8833	0.94245
3.8917	0.93229
3.9	0.93151
3.9083	0.91762
3.9167	0.8935
3.925	0.88634
3.9333	0.88521
3.9417	0.9239
3.95	0.92948
3.9583	0.92117
3.9667	0.92354
3.975	0.93493
3.9833	0.93775
3.9917	0.92126
4	0.95344
4.0083	0.97053
4.0167	0.99032
4.025	1.0047
4.0333	1.0157
4.0417	1.0658
4.05	1.0939
4.0583	1.1143
4.0667	1.1162
4.075	1.1208
4.0833	1.1249
4.0917	1.0981
4.1	1.0679
4.1083	1.0374
4.1167	1.0382
4.125	1.0472
4.1333	1.11
4.1417	1.1497
4.15	1.1702
4.1583	1.2299
4.1667	1.195
4.175	1.2238
4.1833	1.1986
4.1917	1.1797
4.2	1.1735
4.2083	1.1481
4.2167	1.1457
4.225	1.1551
4.2333	1.1994
4.2417	1.2536
4.25	1.316
4.2583	1.3629
4.2667	1.3971
4.275	1.443
4.2833	1.457
4.2917	1.4904
4.3	1.4944
4.3083	1.499
4.3167	1.4524
4.325	1.4441
4.3333	1.4322
4.3417	1.4118
4.35	1.3923
4.3583	1.3594
4.3667	1.3734
4.375	1.3447
4.3833	1.3313
4.3917	1.3081
4.4	1.2914
4.4083	1.2754
4.4167	1.2682
4.425	1.307
4.4333	1.2957
4.4417	1.2805
4.45	1.2835
4.4583	1.2738
4.4667	1.2407
4.475	1.2237
4.4833	1.2109
4.4917	1.2175
4.5	1.2003
4.5083	1.1679
4.5167	1.1802
4.525	1.1624
4.5333	1.1691
4.5417	1.1572
4.55	1.1418
4.5583	1.112
4.5667	1.1119
4.575	1.1097
4.5833	1.0772
4.5917	1.0567
4.6	1.0607
4.6083	1.0588
4.6167	1.0541
4.625	1.0289
4.6333	1.0114
4.6417	1.0072
4.65	0.99365
4.6583	0.95782
4.6667	0.94939
4.675	0.92529
4.6833	0.90303
4.6917	0.87758
4.7	0.84327
4.7083	0.84701
4.7167	0.82252
4.725	0.80524
4.7333	0.79383
4.7417	0.76283
4.75	0.71854
4.7583	0.68518
4.7667	0.70105
4.775	0.69015
4.7833	0.70608
4.7917	0.73524
4.8	0.75417
4.8083	0.75428
4.8167	0.73634
4.825	0.72303
4.8333	0.72683
4.8417	0.69682
4.85	0.67042
4.8583	0.66596
4.8667	0.69575
4.875	0.68496
4.8833	0.68151
4.8917	0.68516
4.9	0.6867
4.9083	0.67687
4.9167	0.67481
4.925	0.66158
4.9333	0.63
4.9417	0.66006
4.95	0.64981
4.9583	0.64078
4.9667	0.62888
4.975	0.61043
4.9833	0.61358
4.9917	0.59375
5	0.57717
5.0083	0.59677
5.0167	0.60388
5.025	0.60444
5.0333	0.6163
5.0417	0.6179
5.05	0.63127
5.0583	0.64107
5.0667	0.6318
5.075	0.65788
5.0833	0.66777
5.0917	0.66393
5.1	0.67776
5.1083	0.68711
5.1167	0.6946
5.125	0.68205
5.1333	0.69097
5.1417	0.72447
5.15	0.74351
5.1583	0.74333
5.1667	0.76929
5.175	0.79354
5.1833	0.80709
5.1917	0.82528
5.2	0.83089
5.2083	0.8362
5.2167	0.88566
5.225	0.9236
5.2333	0.93753
5.2417	0.88923
5.25	0.92913
5.2583	0.98859
5.2667	1.0627
5.275	1.1319
5.2833	1.2163
5.2917	1.2434
5.3	1.3691
5.3083	1.4893
5.3167	1.5369
5.325	1.652
5.3333	1.8458
5.3417	1.8133
5.35	1.8668
5.3583	2.0847
5.3667	2.2538
5.375	2.5102
5.3833	2.5798
5.3917	2.5919
5.4	2.6798
5.4083	3.0172
5.4167	3.2368
5.425	3.3605
5.4333	3.4459
5.4417	3.642
5.45	3.8554
5.4583	3.9901
5.4667	4.1192
5.475	4.417
5.4833	4.7247
5.4917	4.7292
5.5	4.8917
5.5083	5.1055
5.5167	5.4741
5.525	5.7609
5.5333	5.8358
5.5417	6.1112
5.55	6.3318
5.5583	6.5699
5.5667	6.8786
5.575	7.1654
5.5833	7.3049
5.5917	7.5323
5.6	7.92
5.6083	8.1834
5.6167	8.3852
5.625	8.5173
5.6333	8.9186
5.6417	9.2602
5.65	9.4632
5.6583	9.6803
5.6667	10.041
5.675	10.236
5.6833	10.529
5.6917	10.858
5.7	11.236
5.7083	11.476
5.7167	11.626
5.725	12.102
5.7333	12.426
5.7417	12.778
5.75	13.151
5.7583	13.36
5.7667	13.764
5.775	14.077
5.7833	14.512
5.7917	14.878
5.8	15.183
5.8083	15.523
5.8167	15.873
5.825	16.303
5.8333	16.705
5.8417	16.999
5.85	17.339
5.8583	17.614
5.8667	18.158
5.875	18.563
5.8833	18.922
5.8917	19.257
5.9	19.593
5.9083	19.974
5.9167	20.49
5.925	20.989
5.9333	21.319
5.9417	21.814
5.95	22.109
5.9583	22.41
5.9667	23.037
5.975	23.49
5.9833	23.896
5.9917	24.561
6	24.85
6.0083	25.159
6.0167	25.83
6.025	26.206
6.0333	26.637
6.0417	27.294
6.05	27.657
6.0583	28.151
6.0667	28.784
6.075	29.148
6.0833	29.658
6.0917	30.215
6.1	30.552
6.1083	31.123
6.1167	31.608
6.125	32.019
6.1333	32.556
6.1417	33.013
6.15	33.467
6.1583	33.9
6.1667	34.405
6.175	34.912
6.1833	35.33
6.1917	35.821
6.2	36.317
6.2083	36.856
6.2167	37.171
6.225	37.645
6.2333	38.091
6.2417	38.606
6.25	39.095
6.2583	39.513
6.2667	40.008
6.275	40.483
6.2833	40.929
6.2917	41.433
6.3	41.875
6.3083	42.337
6.3167	42.785
6.325	43.255
6.3333	43.716
6.3417	44.17
6.35	44.675
6.3583	45.103
6.3667	45.536
6.375	46.101
6.3833	46.548
6.3917	46.786
6.4	47.252
6.4083	47.698
6.4167	48.116
6.425	48.501
6.4333	49.136
6.4417	49.428
6.45	49.89
6.4583	50.329
6.4667	50.716
6.475	51.136
6.4833	51.733
6.4917	52.125
6.5	52.577
6.5083	52.914
6.5167	53.247
6.525	53.73
6.5333	54.153
6.5417	54.557
6.55	54.888
6.5583	55.334
6.5667	55.697
6.575	56.083
6.5833	56.461
6.5917	56.853
6.6	57.223
6.6083	57.612
6.6167	57.947
6.625	58.3
6.6333	58.604
6.6417	58.931
6.65	59.246
6.6583	59.49
6.6667	59.84
6.675	60.172
6.6833	60.465
6.6917	60.722
6.7	61.011
6.7083	61.24
6.7167	61.468
6.725	61.732
6.7333	61.936
6.7417	62.201
6.75	62.376
6.7583	62.549
6.7667	62.708
6.775	62.88
6.7833	63.058
6.7917	63.178
6.8	63.345
6.8083	63.475
6.8167	63.544
6.825	63.587
6.8333	63.678
6.8417	63.729
6.85	63.715
6.8583	63.7
6.8667	63.746
6.875	63.698
6.8833	63.621
6.8917	63.573
6.9	63.46
6.9083	63.397
6.9167	63.346
6.925	63.101
6.9333	63.054
6.9417	62.878
6.95	62.69
6.9583	62.563
6.9667	62.412
6.975	62.148
6.9833	61.961
6.9917	61.734
7	61.474
7.0083	61.21
7.0167	60.928
7.025	60.643
7.0333	60.32
7.0417	59.952
7.05	59.622
7.0583	59.231
7.0667	58.9
7.075	58.428
7.0833	58.09
7.0917	57.634
7.1	57.256
7.1083	56.725
7.1167	56.382
7.125	55.973
7.1333	55.466
7.1417	55.071
7.15	54.622
7.1583	54.154
7.1667	53.721
7.175	53.282
7.1833	52.799
7.1917	52.331
7.2	51.875
7.2083	51.343
7.2167	50.89
7.225	50.355
7.2333	49.913
7.2417	49.319
7.25	48.869
7.2583	48.335
7.2667	47.824
7.275	47.354
7.2833	46.866
7.2917	46.338
7.3	45.84
7.3083	45.304
7.3167	44.709
7.325	44.142
7.3333	43.591
7.3417	43.027
7.35	42.377
7.3583	41.832
7.3667	41.246
7.375	40.584
7.3833	40.064
7.3917	39.522
7.4	39.003
7.4083	38.391
7.4167	37.81
7.425	37.091
7.4333	36.611
7.4417	36.038
7.45	35.463
7.4583	34.889
7.4667	34.352
7.475	33.779
7.4833	33.2
7.4917	32.632
7.5	32.045
7.5083	31.68
7.5167	31.096
7.525	30.586
7.5333	29.925
7.5417	29.359
7.55	28.786
7.5583	28.226
7.5667	27.667
7.575	27.075
7.5833	26.48
7.5917	25.991
7.6	25.301
7.6083	24.846
7.6167	24.199
7.625	23.702
7.6333	23.018
7.6417	22.689
7.65	22.047
7.6583	21.587
7.6667	20.909
7.675	20.614
7.6833	19.919
7.6917	19.371
7.7	18.943
7.7083	18.397
7.7167	17.764
7.725	17.204
7.7333	16.874
7.7417	16.09
7.75	15.632
7.7583	15.214
7.7667	14.399
7.775	13.952
7.7833	13.382
7.7917	12.796
7.8	12.359
7.8083	11.646
7.8167	11.208
7.825	10.56
7.8333	10.083
7.8417	9.553
7.85	8.8696
7.8583	8.4328
7.8667	7.6953
7.875	7.3177
7.8833	6.631
7.8917	6.048
7.9	5.5646
7.9083	4.8169
7.9167	4.319
7.925	3.6841
7.9333	3.0556
7.9417	2.5626
7.95	1.9215
7.9583	1.3639
7.9667	0.76198
7.975	0.27249
7.9833	-0.42786
7.9917	-0.83719
8	-1.6183
8.0083	-1.9851
8.0167	-2.718
8.025	-3.132
8.0333	-3.7389
8.0417	-4.243
8.05	-4.8229
8.0583	-5.3874
8.0667	-5.9734
8.075	-6.5151
8.0833	-7.0651
8.0917	-7.6402
8.1	-8.2719
8.1083	-8.7575
8.1167	-9.4723
8.125	-9.8409
8.1333	-10.544
8.1417	-11.229
8.15	-11.561
8.1583	-12.356
8.1667	-12.756
8.175	-13.285
8.1833	-13.962
8.1917	-14.33
8.2	-14.928
8.2083	-15.466
8.2167	-15.961
8.225	-16.511
8.2333	-17.025
8.2417	-17.543
8.25	-17.971
8.2583	-18.52
8.2667	-19.107
8.275	-19.456
8.2833	-20.107
8.2917	-20.404
8.3	-20.917
8.3083	-21.312
8.3167	-21.957
8.325	-22.248
8.3333	-22.869
8.3417	-23.139
8.35	-23.779
8.3583	-24.044
8.3667	-24.595
8.375	-24.858
8.3833	-25.482
8.3917	-25.777
8.4	-26.222
8.4083	-26.565
8.4167	-27.023
8.425	-27.489
8.4333	-27.757
8.4417	-28.187
8.45	-28.558
8.4583	-29.048
8.4667	-29.417
8.475	-29.588
8.4833	-30.14
8.4917	-30.321
8.5	-30.864
8.5083	-31.022
8.5167	-31.426
8.525	-31.628
8.5333	-31.867
8.5417	-32.203
8.55	-32.559
8.5583	-32.864
8.5667	-32.962
8.575	-33.091
8.5833	-33.452
8.5917	-33.664
8.6	-33.692
8.6083	-33.895
8.6167	-34.131
8.625	-34.222
8.6333	-34.235
8.6417	-34.259
8.65	-34.245
8.6583	-34.432
8.6667	-34.507
8.675	-34.604
8.6833	-34.616
8.6917	-34.653
8.7	-34.5
8.7083	-34.425
8.7167	-34.297
8.725	-34.341
8.7333	-34.223
8.7417	-34.225
8.75	-34.034
8.7583	-34.057
8.7667	-33.925
8.775	-33.844
8.7833	-33.63
8.7917	-33.372
8.8	-33.153
8.8083	-32.955
8.8167	-32.8
8.825	-32.629
8.8333	-32.492
8.8417	-32.314
8.85	-32.087
8.8583	-31.888
8.8667	-31.712
8.875	-31.561
8.8833	-31.322
8.8917	-31.047
8.9	-30.724
8.9083	-30.417
8.9167	-30.215
8.925	-29.979
8.9333	-29.651
8.9417	-29.467
8.95	-29.288
8.9583	-28.951
8.9667	-28.655
8.975	-28.382
8.9833	-27.998
8.9917	-27.727
9	-27.4
9.0083	-27.077
9.0167	-26.559
9.025	-26.197
9.0333	-25.957
9.0417	-25.552
9.05	-25.04
9.0583	-24.65
9.0667	-24.305
9.075	-23.888
9.0833	-23.431
9.0917	-23.197
9.1	-22.638
9.1083	-22.291
9.1167	-21.931
9.125	-21.556
9.1333	-21.078
9.1417	-20.557
9.15	-20.252
9.1583	-19.804
9.1667	-19.317
9.175	-18.903
9.1833	-18.404
9.1917	-17.94
9.2	-17.527
9.2083	-17.112
9.2167	-16.753
9.225	-16.196
9.2333	-15.76
9.2417	-15.368
9.25	-14.828
9.2583	-14.379
9.2667	-13.895
9.275	-13.559
9.2833	-13.038
9.2917	-12.633
9.3	-12.107
9.3083	-11.509
9.3167	-11.079
9.325	-10.737
9.3333	-10.25
9.3417	-9.773
9.35	-9.1671
9.3583	-8.735
9.3667	-8.2414
9.375	-7.703
9.3833	-7.0551
9.3917	-6.5313
9.4	-6.1028
9.4083	-5.7362
9.4167	-5.2091
9.425	-4.69
9.4333	-4.1571
9.4417	-3.707
9.45	-3.2714
9.4583	-2.7277
9.4667	-2.3955
9.475	-1.9232
9.4833	-1.4818
9.4917	-1.0579
9.5	-0.67498
9.5083	-0.22423
9.5167	0.24193
9.525	0.61802
9.5333	1.0061
9.5417	1.3408
9.55	1.762
9.5583	2.1343
9.5667	2.4168
9.575	2.8509
9.5833	3.0963
9.5917	3.4905
9.6	3.8925
9.6083	4.0933
9.6167	4.5048
9.625	4.7465
9.6333	5.0428
9.6417	5.3084
9.65	5.6763
9.6583	5.8991
9.6667	6.2953
9.675	6.5696
9.6833	6.8943
9.6917	7.2051
9.7	7.3875
9.7083	7.6896
9.7167	7.9098
9.725	8.2729
9.7333	8.437
9.7417	8.8062
9.75	9.0914
9.7583	9.6502
9.7667	9.6887
9.775	9.9708
9.7833	10.379
9.7917	10.667
9.8	11.055
9.8083	11.426
9.8167	11.668
9.825	12.124
9.8333	12.401
9.8417	12.705
9.85	13.256
9.8583	13.57
9.8667	13.967
9.875	14.444
9.8833	14.74
9.8917	15.096
9.9	15.528
9.9083	15.792
9.9167	16.402
9.925	16.864
9.9333	17.232
9.9417	17.764
9.95	18.032
9.9583	18.411
9.9667	18.928
9.975	19.144
9.9833	19.584
9.9917	20.084
10	20.554
10.008	20.77
10.017	21.026
10.025	21.451
10.033	21.917
10.042	22.172
10.05	22.53
10.058	22.999
10.067	23.139
10.075	23.543
10.083	23.994
10.092	24.156
10.1	24.557
10.108	25.004
10.117	25.187
10.125	25.695
10.133	26.132
10.142	26.389
10.15	26.929
10.158	27.109
10.167	27.516
10.175	27.809
10.183	28.187
10.192	28.569
10.2	29.022
10.208	29.477
10.217	29.856
10.225	30.217
10.233	30.617
10.242	30.984
10.25	31.413
10.258	31.771
10.267	32.168
10.275	32.613
10.283	32.894
10.292	33.351
10.3	33.72
10.308	34.111
10.317	34.536
10.325	34.927
10.333	35.33
10.342	35.734
10.35	36.184
10.358	36.565
10.367	36.963
10.375	37.438
10.383	37.779
10.392	38.129
10.4	38.681
10.408	39.087
10.417	39.422
10.425	39.917
10.433	40.312
10.442	40.59
10.45	41.166
10.458	41.44
10.467	41.874
10.475	42.243
10.483	42.478
10.492	42.841
10.5	43.13
10.508	43.362
10.517	43.63
10.525	43.944
10.533	44.28
10.542	44.629
10.55	44.846
10.558	45.09
10.575	45.541
10.583	45.524
10.592	45.692
10.6	45.856
10.608	46.188
10.617	46.269
10.625	46.463
10.633	46.618
10.642	46.901
10.65	46.996
10.658	47.121
10.667	47.171
10.675	47.246
10.683	47.287
10.692	47.093
10.7	47.092
10.725	47.106
10.733	47.03
10.742	46.934
10.75	46.817
10.758	46.697
10.767	46.536
10.775	46.376
10.783	45.992
10.792	45.81
10.8	45.624
10.808	45.39
10.817	45.291
10.825	44.956
10.833	44.615
10.842	44.321
10.85	44.037
10.858	43.685
10.867	43.35
10.875	42.994
10.883	42.721
10.892	42.369
10.9	42.032
10.908	41.73
10.917	41.378
10.925	40.934
10.933	40.486
10.942	40.098
10.95	39.694
10.958	39.38
10.967	38.942
10.975	38.544
10.983	38.081
10.992	37.511
11	37.124
11.008	36.633
11.017	36.14
11.025	35.619
11.033	35.173
11.042	34.644
11.05	34.211
11.058	33.725
11.067	33.272
11.075	32.754
11.083	32.237
11.092	31.828
11.1	31.375
11.108	30.887
11.117	30.442
11.125	29.885
11.133	29.265
11.142	28.868
11.15	28.276
11.158	27.684
11.167	27.263
11.175	26.614
11.183	26.319
11.192	25.674
11.2	25.055
11.208	24.507
11.217	23.865
11.225	23.423
11.233	22.617
11.242	22.173
11.25	21.428
11.258	21.024
11.267	20.313
11.275	19.77
11.283	19.147
11.292	18.565
11.3	17.967
11.308	17.25
11.317	16.986
11.325	16.175
11.333	15.649
11.342	15.025
11.35	14.309
11.358	13.726
11.367	12.954
11.375	12.504
11.392	11.182
11.4	10.728
11.408	10.039
11.417	9.2965
11.425	8.8416
11.433	8.13
11.442	7.5214
11.45	6.9928
11.458	6.3177
11.467	5.5915
11.475	5.0455
11.483	4.4568
11.492	3.6574
11.5	3.1774
11.508	2.5339
11.517	1.8459
11.525	1.0419
11.533	0.51189
11.542	-0.063353
11.55	-0.60768
11.558	-1.5071
11.567	-2.0574
11.575	-2.7289
11.583	-3.3692
11.592	-3.8019
11.6	-4.7552
11.608	-5.3343
11.617	-5.9379
11.625	-6.6994
11.633	-7.2288
11.642	-7.902
11.65	-8.5066
11.658	-9.2333
11.667	-10.065
11.675	-10.473
11.683	-10.987
11.692	-11.729
11.7	-12.407
11.708	-13.018
11.717	-13.447
11.725	-14.089
11.733	-14.745
11.742	-15.261
11.75	-15.761
11.758	-16.342
11.767	-17.008
11.775	-17.447
11.783	-17.991
11.792	-18.587
11.8	-18.917
11.808	-19.445
11.817	-20.05
11.825	-20.715
11.833	-21.138
11.842	-21.729
11.85	-22.366
11.858	-22.706
11.867	-23.31
11.875	-23.838
11.883	-24.35
11.892	-24.91
11.9	-25.673
11.908	-26.181
11.917	-26.692
11.925	-27.221
11.933	-27.765
11.942	-28.537
11.95	-28.946
11.958	-29.541
11.967	-30.298
11.975	-30.701
11.983	-31.313
11.992	-31.852
12	-32.323
12.008	-32.805
12.017	-33.328
12.025	-33.888
12.033	-34.244
12.042	-34.787
12.05	-35.134
12.058	-35.343
12.067	-35.824
12.075	-36.264
12.083	-36.757
12.092	-36.96
12.1	-37.405
12.125	-38.211
12.133	-38.61
12.142	-38.842
12.15	-39.213
12.158	-39.468
12.167	-39.759
12.175	-39.944
12.183	-40.105
12.192	-40.451
12.2	-40.799
12.208	-41.016
12.217	-41.223
12.225	-41.333
12.233	-41.525
12.242	-41.65
12.25	-41.762
12.258	-42.044
12.267	-42.213
12.275	-42.389
12.283	-42.588
12.292	-42.847
12.3	-42.832
12.308	-43.001
12.317	-43.126
12.325	-43.301
12.333	-43.452
12.342	-43.625
12.35	-43.863
12.358	-43.991
12.367	-44.14
12.375	-44.251
12.383	-44.294
12.392	-44.385
12.4	-44.538
12.408	-44.632
12.417	-44.856
12.425	-44.999
12.433	-45.077
12.442	-45.139
12.45	-45.261
12.458	-45.391
12.467	-45.395
12.475	-45.365
12.483	-45.349
12.492	-45.312
12.5	-45.293
12.508	-45.284
12.517	-45.255
12.525	-45.187
12.533	-45.029
12.542	-44.832
12.55	-44.558
12.558	-44.268
12.567	-43.98
12.575	-43.77
12.583	-43.437
12.592	-42.955
12.6	-42.665
12.608	-42.156
12.617	-41.824
12.625	-41.303
12.633	-40.88
12.642	-40.32
12.65	-39.895
12.658	-39.262
12.667	-38.774
12.675	-38.179
12.683	-37.491
12.692	-36.999
12.7	-36.579
12.708	-35.983
12.717	-35.361
12.725	-34.885
12.733	-34.536
12.742	-33.881
12.75	-33.132
12.758	-32.643
12.767	-32.198
12.775	-31.583
12.783	-30.782
12.792	-30.326
12.8	-29.675
12.808	-29.106
12.817	-28.776
12.825	-28.082
12.833	-27.219
12.842	-26.897
12.85	-26.287
12.858	-25.686
12.867	-25.035
12.875	-24.416
12.883	-24.042
12.892	-23.098
12.9	-22.643
12.908	-22.102
12.917	-21.673
12.925	-21.026
12.933	-20.266
12.942	-19.872
12.95	-19.104
12.958	-18.652
12.967	-18.096
12.975	-17.641
12.983	-16.72
12.992	-16.268
13	-15.708
13.008	-15.195
13.017	-14.435
13.025	-13.903
13.033	-13.402
13.042	-12.598
13.05	-12.129
13.058	-11.578
13.067	-10.869
13.075	-10.162
13.083	-9.7161
13.092	-9.0619
13.1	-8.2941
13.108	-7.6327
13.117	-6.9619
13.125	-6.524
13.133	-5.6729
13.142	-4.8625
13.15	-4.2531
13.158	-3.5685
13.167	-2.9178
13.175	-2.29
13.183	-1.4787
13.192	-0.66644
13.2	-0.019385
13.208	0.77795
13.217	1.4252
13.225	2.1052
13.233	2.8435
13.242	3.536
13.25	4.2752
13.258	4.9838
13.267	5.8521
13.275	6.6048
13.283	7.1885
13.292	8.0962
13.3	8.8007
13.308	9.467
13.317	10.29
13.325	11.083
13.333	11.827
13.342	12.416
13.35	13.111
13.358	13.702
13.367	14.56
13.375	15.232
13.383	15.923
13.392	16.639
13.4	17.318
13.408	18.044
13.417	18.663
13.425	19.054
13.433	19.859
13.442	20.724
13.45	21.043
13.467	22.316
13.475	22.933
13.483	23.657
13.492	24.224
13.5	24.829
13.508	25.532
13.517	25.965
13.525	26.507
13.533	27.28
13.542	27.701
13.55	28.403
13.558	28.806
13.567	29.637
13.575	30.027
13.583	30.713
13.592	31.108
13.6	31.757
13.608	32.364
13.617	32.869
13.625	33.525
13.633	33.906
13.642	34.612
13.65	35.018
13.658	35.587
13.667	36.12
13.675	36.676
13.683	37.294
13.692	37.859
13.7	38.407
13.708	38.92
13.717	39.516
13.725	39.966
13.733	40.591
13.742	41.135
13.75	41.592
13.758	42.194
13.767	42.664
13.775	43.082
13.783	43.505
13.792	44.076
13.8	44.459
13.808	44.896
13.817	45.248
13.825	45.666
13.833	46.013
13.842	46.277
13.85	46.755
13.858	47.003
13.867	47.269
13.875	47.554
13.883	47.747
13.892	47.896
13.9	48.261
13.908	48.239
13.917	48.354
13.925	48.39
13.933	48.426
13.942	48.456
13.95	48.527
13.958	48.561
13.967	48.559
13.975	48.487
13.983	48.394
13.992	48.338
14	48.291
14.008	48.095
14.017	47.917
14.025	47.689
14.033	47.504
14.042	47.267
14.05	47.063
14.058	46.796
14.067	46.628
14.075	46.349
14.083	46.006
14.092	45.726
14.1	45.513
14.108	45.232
14.117	44.89
14.125	44.581
14.133	44.308
14.142	43.936
14.15	43.565
14.158	43.22
14.167	42.833
14.175	42.485
14.183	42.114
14.192	41.757
14.2	41.189
14.208	40.781
14.217	40.341
14.225	39.937
14.233	39.586
14.242	39.086
14.25	38.884
14.258	38.501
14.267	38.199
14.275	37.815
14.283	37.431
14.292	37.103
14.3	36.768
14.308	36.335
14.317	36.003
14.325	35.593
14.333	35.279
14.342	34.833
14.35	34.377
14.358	33.854
14.367	33.432
14.375	32.986
14.383	32.466
14.392	31.941
14.4	31.337
14.408	30.76
14.417	30.209
14.425	29.677
14.433	29.121
14.442	28.663
14.45	28.009
14.458	27.359
14.467	26.908
14.475	26.133
14.483	25.648
14.492	25.097
14.5	24.499
14.508	23.901
14.517	23.491
14.525	22.949
14.533	22.385
14.542	21.823
14.55	21.272
14.558	20.708
14.567	20.271
14.575	19.63
14.583	19.122
14.592	18.428
14.6	18.126
14.608	17.357
14.617	16.818
14.625	16.163
14.633	15.741
14.642	14.905
14.65	14.442
14.658	13.772
14.667	12.96
14.675	12.464
14.683	11.692
14.692	11.076
14.7	10.514
14.708	9.6977
14.717	8.9918
14.725	8.3911
14.733	7.7645
14.742	6.8416
14.75	6.134
14.758	5.4357
14.767	4.7853
14.775	3.9511
14.783	3.2012
14.792	2.3054
14.8	1.5247
14.808	0.73323
14.817	-0.016721
14.825	-0.69311
14.833	-1.5707
14.842	-2.3697
14.85	-3.0127
14.858	-3.7899
14.867	-4.6955
14.875	-5.4836
14.883	-6.3415
14.892	-7.1313
14.9	-7.8164
14.908	-8.5792
14.917	-9.3395
14.925	-10.072
14.933	-10.866
14.942	-11.589
14.95	-12.349
14.958	-13.247
14.967	-13.956
14.975	-14.607
14.983	-15.336
14.992	-16.085
15	-16.833
15.008	-17.513
15.017	-18.274
15.025	-18.995
15.033	-19.779
15.042	-20.472
15.05	-21.205
15.058	-21.998
15.067	-22.833
15.075	-23.456
15.083	-24.346
15.092	-25.125
15.1	-25.964
15.108	-26.723
15.117	-27.575
15.125	-28.253
15.133	-29.124
15.142	-29.951
15.15	-30.684
15.158	-31.54
15.167	-32.416
15.175	-33.034
15.183	-33.899
15.192	-34.753
15.2	-35.401
15.208	-36.275
15.217	-37.212
15.225	-37.982
15.233	-38.589
15.242	-39.369
15.25	-40.19
15.258	-41.149
15.267	-41.953
15.275	-42.746
15.283	-43.404
15.292	-44.232
15.3	-45.053
15.308	-45.813
15.317	-46.575
15.325	-47.35
15.333	-48.023
15.342	-48.647
15.35	-49.534
15.358	-50.137
15.367	-51.105
15.375	-51.922
15.383	-52.659
15.392	-53.372
15.4	-54.009
15.408	-54.691
15.417	-55.414
15.425	-55.927
15.433	-56.743
15.442	-57.405
15.45	-58.132
15.458	-58.8
15.467	-59.487
15.475	-60.144
15.483	-60.787
15.492	-61.335
15.5	-61.973
15.508	-62.542
15.517	-63.212
15.525	-64.02
15.533	-64.569
15.542	-65.053
15.55	-65.875
15.558	-66.243
15.567	-66.988
15.575	-67.461
15.583	-68.049
15.592	-68.446
15.6	-68.969
15.608	-69.556
15.617	-70.101
15.625	-70.685
15.633	-71.1
15.642	-71.508
15.65	-71.945
15.658	-72.233
15.667	-72.699
15.675	-73.16
15.683	-73.52
15.692	-73.98
15.7	-74.287
15.708	-74.56
15.717	-74.814
15.725	-75.072
15.733	-75.409
15.742	-75.575
15.75	-75.651
15.758	-75.815
15.767	-76.288
15.775	-76.444
15.783	-76.569
15.792	-76.564
15.8	-76.649
15.808	-76.704
15.817	-76.752
15.825	-76.774
15.833	-76.826
15.842	-76.833
15.85	-76.824
15.858	-76.808
15.867	-76.775
15.875	-76.84
15.883	-76.718
15.892	-76.656
15.9	-76.594
15.908	-76.194
15.917	-76.126
15.925	-75.963
15.933	-75.727
15.942	-75.546
15.95	-75.325
15.958	-75.117
15.967	-74.871
15.975	-74.53
15.983	-74.241
15.992	-73.897
16	-73.489
16.008	-73.152
16.017	-72.756
16.025	-72.285
16.033	-71.913
16.042	-71.42
16.05	-71.061
16.058	-70.568
16.067	-70.164
16.075	-69.672
16.083	-69.283
16.092	-68.607
16.1	-68.139
16.108	-67.538
16.117	-67.001
16.125	-66.322
16.133	-65.755
16.142	-65.313
16.15	-64.767
16.158	-64.204
16.167	-63.598
16.175	-62.787
16.183	-62.209
16.192	-61.448
16.2	-60.916
16.208	-60.205
16.217	-59.367
16.225	-58.678
16.233	-57.912
16.242	-57.375
16.25	-56.568
16.258	-55.695
16.267	-54.923
16.275	-54.013
16.283	-53.218
16.292	-52.431
16.3	-51.633
16.308	-50.8
16.317	-49.97
16.325	-49.089
16.333	-48.405
16.342	-47.51
16.35	-46.595
16.358	-45.656
16.367	-44.877
16.375	-44.304
16.383	-43.295
16.392	-42.804
16.4	-42.168
16.408	-41.39
16.417	-40.064
16.425	-39.633
16.433	-38.941
16.442	-38.144
16.45	-37.527
16.458	-36.709
16.467	-36.014
16.475	-35.193
16.483	-34.298
16.492	-33.627
16.5	-32.831
16.508	-32.071
16.517	-31.473
16.525	-30.62
16.533	-29.901
16.542	-29.106
16.55	-28.373
16.558	-27.552
16.567	-26.821
16.575	-25.973
16.583	-25.338
16.592	-24.578
16.6	-23.782
16.608	-23.044
16.617	-22.214
16.625	-21.552
16.633	-20.895
16.642	-20.092
16.65	-19.279
16.658	-18.438
16.667	-17.736
16.675	-16.985
16.683	-16.365
16.692	-15.573
16.7	-14.689
16.708	-13.994
16.717	-13.299
16.725	-12.53
16.733	-11.668
16.742	-11.225
16.75	-10.478
16.758	-9.6466
16.767	-8.9916
16.775	-8.2728
16.783	-7.5382
16.792	-6.9788
16.8	-6.3111
16.808	-5.4423
16.817	-4.7833
16.825	-4.0174
16.833	-3.3827
16.842	-2.7039
16.85	-1.8752
16.858	-1.2589
16.867	-0.4283
16.875	0.28637
16.883	0.89151
16.892	1.7566
16.9	2.3501
16.908	3.2379
16.917	4.0438
16.925	4.6149
16.933	5.5558
16.942	6.1017
16.95	6.9071
16.958	7.6354
16.967	8.4336
16.975	9.304
16.983	9.8553
16.992	10.558
17	11.298
17.008	12.08
17.017	12.823
17.025	13.489
17.033	14.188
17.042	14.822
17.05	15.706
17.058	16.16
17.067	16.79
17.075	17.632
17.083	18.054
17.092	18.771
17.1	19.544
17.108	19.911
17.117	20.782
17.125	21.163
17.133	21.839
17.142	22.336
17.15	22.976
17.158	23.383
17.167	23.897
17.175	24.498
17.183	25.094
17.192	25.574
17.2	26.002
17.208	26.342
17.217	27.038
17.225	27.463
17.233	27.837
17.242	28.278
17.25	28.435
17.258	28.998
17.267	29.352
17.275	29.619
17.283	30.157
17.292	30.45
17.3	30.732
17.308	31.051
17.317	31.368
17.325	31.606
17.333	31.89
17.342	32.097
17.35	32.317
17.358	32.483
17.367	32.739
17.375	32.888
17.383	32.902
17.392	33.041
17.4	33.257
17.408	33.304
17.417	33.432
17.425	33.433
17.433	33.461
17.442	33.494
17.45	33.502
17.458	33.488
17.467	33.489
17.475	33.411
17.483	33.338
17.492	33.224
17.5	33.099
17.508	33.022
17.517	32.934
17.525	32.8
17.533	32.65
17.542	32.461
17.55	32.278
17.558	32.033
17.567	31.771
17.575	31.461
17.583	31.156
17.592	30.844
17.6	30.534
17.608	30.289
17.617	30.051
17.625	29.722
17.633	29.446
17.642	29.004
17.65	28.604
17.658	28.388
17.667	28.036
17.675	27.737
17.683	27.155
17.692	26.783
17.7	26.408
17.708	26.043
17.717	25.447
17.725	25.059
17.733	24.615
17.742	24.117
17.75	23.516
17.758	23.174
17.767	22.755
17.775	22.246
17.783	21.815
17.792	21.471
17.8	20.852
17.808	20.229
17.817	19.663
17.825	19.244
17.833	18.748
17.842	18.293
17.85	17.639
17.858	17.16
17.867	16.545
17.875	16.071
17.883	15.536
17.892	14.866
17.9	14.467
17.908	13.763
17.917	13.376
17.925	12.599
17.933	12.22
17.942	11.529
17.95	10.983
17.958	10.523
17.967	9.8111
17.975	9.3514
17.983	8.6602
17.992	8.2095
18	7.6444
18.008	7.0255
18.017	6.4904
18.025	5.9628
18.033	5.4199
18.042	4.7422
18.05	4.2207
18.058	3.6259
18.067	3.0348
18.075	2.4735
18.083	1.9423
18.092	1.2747
18.1	0.64236
18.108	0.22218
18.117	-0.53393
18.125	-1.0018
18.133	-1.5805
18.142	-2.0482
18.15	-2.7015
18.158	-3.2117
18.167	-3.8599
18.175	-4.316
18.183	-4.9715
18.192	-5.5674
18.2	-5.9444
18.208	-6.5996
18.217	-7.193
18.225	-7.7252
18.233	-8.1653
18.242	-8.8171
18.25	-9.3387
18.258	-9.8492
18.267	-10.502
18.275	-10.804
18.283	-11.492
18.292	-12.145
18.3	-12.747
18.308	-13.342
18.317	-13.694
18.325	-14.362
18.333	-14.996
18.342	-15.592
18.35	-16.176
18.358	-16.84
18.367	-17.459
18.375	-18.107
18.383	-18.771
18.392	-19.496
18.4	-20.293
18.408	-20.837
18.417	-21.611
18.425	-22.215
18.433	-23.144
18.442	-23.903
18.45	-24.885
18.458	-25.634
18.467	-26.493
18.475	-27.306
18.483	-28.099
18.492	-28.903
18.5	-29.963
18.508	-30.823
18.517	-31.697
18.525	-32.577
18.533	-33.275
18.542	-34.298
18.55	-35.279
18.558	-36.307
18.567	-37.138
18.575	-37.959
18.583	-38.984
18.592	-39.924
18.6	-40.728
18.608	-41.711
18.617	-42.602
18.625	-43.468
18.633	-44.36
18.642	-45.244
18.65	-46.097
18.658	-46.961
18.667	-47.72
18.675	-48.423
18.683	-49.436
18.692	-50.102
18.7	-51.045
18.708	-51.799
18.717	-52.5
18.725	-53.256
18.733	-53.871
18.742	-54.286
18.75	-54.973
18.758	-55.763
18.767	-56.42
18.775	-57.054
18.783	-57.697
18.792	-58.446
18.8	-58.978
18.808	-59.512
18.817	-60.091
18.825	-60.75
18.833	-61.146
18.842	-61.742
18.85	-62.103
18.858	-62.766
18.867	-63.217
18.875	-63.662
18.883	-64.166
18.892	-64.556
18.9	-65.02
18.908	-65.501
18.917	-65.992
18.925	-66.218
18.933	-66.592
18.942	-67.231
18.95	-67.408
18.958	-67.885
18.967	-68.507
18.975	-68.766
18.983	-69.16
18.992	-69.708
19	-70.06
19.008	-70.469
19.017	-70.864
19.025	-71.129
19.033	-71.559
19.042	-71.937
19.05	-72.223
19.058	-72.521
19.067	-72.815
19.075	-73.024
19.083	-73.317
19.092	-73.668
19.1	-74.025
19.108	-74.294
19.117	-74.476
19.125	-74.64
19.133	-74.802
19.142	-74.929
19.15	-75.051
19.158	-75.132
19.167	-75.201
19.175	-75.235
19.183	-75.268
19.192	-75.327
19.2	-75.375
19.208	-75.461
19.217	-75.526
19.225	-75.569
19.233	-75.548
19.242	-75.441
19.25	-75.341
19.258	-75.29
19.267	-75.236
19.275	-75.145
19.283	-74.888
19.292	-74.653
19.3	-74.478
19.308	-74.273
19.317	-74.163
19.325	-73.963
19.333	-73.645
19.342	-73.332
19.35	-73.051
19.358	-72.735
19.367	-72.36
19.375	-72.106
19.383	-71.706
19.392	-71.324
19.4	-70.965
19.408	-70.371
19.417	-69.944
19.425	-69.406
19.433	-68.901
19.442	-68.35
19.45	-67.865
19.458	-67.279
19.467	-66.538
19.475	-66.058
19.483	-65.469
19.492	-64.708
19.5	-63.984
19.508	-63.361
19.517	-62.879
19.525	-62.248
19.533	-61.424
19.542	-60.66
19.55	-59.973
19.558	-59.399
19.567	-58.463
19.575	-57.908
19.583	-57.154
19.592	-56.548
19.6	-55.882
19.608	-55.079
19.617	-54.38
19.625	-53.545
19.633	-52.872
19.642	-52.182
19.65	-51.651
19.658	-50.774
19.667	-50.254
19.675	-49.557
19.683	-48.858
19.692	-47.827
19.7	-47.084
19.708	-46.447
19.717	-45.932
19.725	-45.577
19.733	-44.54
19.742	-43.794
19.75	-42.684
19.758	-41.924
19.767	-41.163
19.775	-40.328
19.783	-40.013
19.792	-39.268
19.8	-38.433
19.808	-37.662
19.817	-36.768
19.825	-36.111
19.833	-35.27
19.842	-34.482
19.85	-33.824
19.858	-32.961
19.867	-32.152
19.875	-31.387
19.883	-30.44
19.892	-29.692
19.9	-28.828
19.908	-28.096
19.917	-27.285
19.925	-26.606
19.933	-25.761
19.942	-24.944
19.95	-24.25
19.958	-23.484
19.967	-22.895
19.975	-22.145
19.983	-21.365
19.992	-20.566
20	-20.005
20.008	-19.245
20.017	-18.57
20.025	-17.828
20.033	-17.21
20.042	-16.51
20.05	-15.833
20.058	-15.37
20.067	-14.496
20.075	-13.992
20.083	-13.383
20.092	-12.629
20.1	-12.046
20.108	-11.498
20.117	-10.715
20.125	-10.258
20.133	-9.4972
20.142	-9.0074
20.15	-8.2799
20.158	-7.6099
20.167	-7.0861
20.175	-6.4338
20.183	-5.805
20.192	-5.1588
20.2	-4.5988
20.208	-4.0344
20.217	-3.2817
20.225	-2.7468
20.233	-2.1744
20.242	-1.4847
20.25	-0.75497
20.258	-0.37616
20.267	0.40114
20.275	0.96967
20.283	1.6489
20.292	2.1934
20.3	3.0226
20.308	3.5465
20.317	4.1474
20.325	4.8693
20.333	5.452
20.342	6.0434
20.35	6.7395
20.358	7.407
20.367	7.8626
20.375	8.6642
20.383	9.2238
20.392	9.8008
20.4	10.431
20.408	10.995
20.417	11.698
20.425	12.195
20.433	12.661
20.442	13.403
20.45	13.849
20.458	14.254
20.467	14.994
20.475	15.412
20.483	15.932
20.492	16.433
20.5	16.983
20.508	17.29
20.517	17.85
20.525	18.384
20.533	18.968
20.542	19.134
20.55	19.627
20.558	20.133
20.567	20.603
20.575	21.003
20.583	21.212
20.592	21.747
20.6	22.209
20.608	22.514
20.617	23.061
20.625	23.456
20.633	23.585
20.642	23.987
20.65	24.341
20.658	24.772
20.667	24.893
20.675	25.251
20.683	25.464
20.692	25.87
20.7	25.889
20.708	26.01
20.717	26.217
20.725	26.461
20.733	26.729
20.742	26.848
20.75	26.943
20.758	26.988
20.767	27.077
20.775	27.127
20.783	27.165
20.792	27.188
20.8	27.186
20.808	27.18
20.817	27.158
20.825	27.139
20.833	27.078
20.842	27.012
20.85	26.941
20.858	26.838
20.867	26.735
20.875	26.65
20.883	26.55
20.892	26.408
20.9	26.263
20.908	26.135
20.917	25.882
20.925	25.571
20.933	25.253
20.942	25.004
20.95	24.69
20.958	24.563
20.967	24.237
20.975	23.768
20.983	23.387
20.992	23.172
21	22.99
21.008	22.527
21.017	22.138
21.025	21.959
21.033	21.784
21.042	21.291
21.05	20.907
21.058	20.392
21.067	20.054
21.075	19.552
21.083	19.266
21.092	18.928
21.1	18.513
21.108	18.182
21.117	17.613
21.125	17.166
21.133	16.913
21.142	16.261
21.15	15.935
21.158	15.474
21.167	14.95
21.175	14.634
21.183	14.358
21.192	13.737
21.2	13.318
21.208	12.872
21.217	12.538
21.225	12.152
21.233	11.588
21.242	11.093
21.25	10.851
21.258	10.25
21.267	9.7418
21.275	9.3634
21.283	8.9075
21.292	8.4061
21.3	7.9812
21.308	7.4042
21.317	7.0386
21.325	6.4371
21.333	6.1149
21.342	5.3656
21.35	5.1536
21.358	4.5326
21.367	4.0213
21.375	3.5153
21.383	3.0678
21.392	2.4475
21.4	2.0773
21.408	1.3261
21.417	0.895
21.425	0.40335
21.433	-0.10804
21.442	-0.79343
21.45	-1.0099
21.458	-1.7895
21.467	-2.3164
21.475	-2.8881
21.483	-3.2296
21.492	-3.9259
21.5	-4.4374
21.508	-5.0154
21.517	-5.5633
21.525	-6.1812
21.533	-6.6544
21.542	-7.2993
21.55	-7.8211
21.558	-8.4004
21.567	-9.0057
21.575	-9.6905
21.583	-10.097
21.592	-10.839
21.6	-11.253
21.608	-11.858
21.617	-12.465
21.625	-13.049
21.633	-13.609
21.642	-14.345
21.65	-14.955
21.658	-15.728
21.667	-16.241
21.675	-16.912
21.683	-17.481
21.692	-18.026
21.7	-18.703
21.708	-19.238
21.717	-20.134
21.725	-20.718
21.733	-21.542
21.742	-22.158
21.75	-22.762
21.758	-23.328
21.767	-23.901
21.775	-24.724
21.783	-25.303
21.792	-26.043
21.8	-26.606
21.808	-27.402
21.817	-28.096
21.825	-28.657
21.833	-29.242
21.842	-29.98
21.85	-30.597
21.858	-31.32
21.867	-31.957
21.875	-32.745
21.883	-33.441
21.892	-34.049
21.9	-34.839
21.908	-35.568
21.917	-36.331
21.925	-36.995
21.933	-37.643
21.942	-38.305
21.95	-39.133
21.958	-39.748
21.967	-40.428
21.975	-41.273
21.983	-41.845
21.992	-42.5
22	-43.173
22.008	-43.804
22.017	-44.577
22.025	-45.201
22.033	-45.879
22.042	-46.485
22.05	-47.209
22.058	-47.873
22.067	-48.327
22.075	-48.894
22.083	-49.546
22.092	-50.079
22.1	-50.753
22.108	-51.553
22.117	-51.857
22.125	-52.524
22.133	-53.018
22.142	-53.525
22.15	-54.029
22.158	-54.544
22.167	-55.011
22.175	-55.455
22.183	-55.811
22.192	-56.185
22.2	-56.888
22.208	-57.344
22.217	-57.642
22.225	-58.192
22.233	-58.553
22.242	-58.813
22.25	-59.53
22.258	-59.645
22.267	-60.021
22.275	-60.569
22.283	-60.676
22.292	-61.255
22.3	-61.468
22.308	-61.772
22.317	-62.181
22.325	-62.569
22.333	-62.645
22.342	-63.228
22.35	-63.294
22.358	-63.747
22.367	-63.836
22.375	-64.07
22.383	-64.249
22.392	-64.451
22.4	-64.645
22.408	-64.689
22.417	-64.641
22.425	-64.681
22.433	-64.84
22.442	-64.996
22.45	-64.989
22.458	-64.864
22.467	-64.714
22.475	-64.637
22.483	-64.548
22.492	-64.437
22.5	-64.308
22.508	-64.103
22.517	-63.821
22.525	-63.608
22.533	-63.528
22.542	-63.356
22.55	-62.944
22.558	-62.527
22.567	-62.194
22.575	-61.91
22.583	-61.687
22.592	-61.191
22.6	-60.747
22.608	-60.19
22.617	-59.957
22.625	-59.282
22.633	-58.871
22.642	-58.316
22.65	-57.833
22.658	-57.335
22.667	-56.654
22.675	-56.188
22.683	-55.475
22.692	-54.937
22.7	-54.176
22.708	-53.571
22.717	-52.993
22.725	-52.361
22.733	-51.534
22.742	-50.809
22.75	-50.336
22.758	-49.626
22.767	-48.798
22.775	-48.285
22.783	-47.507
22.792	-46.636
22.8	-46.115
22.808	-45.513
22.817	-44.672
22.825	-43.781
22.833	-43.34
22.842	-42.968
22.85	-41.946
22.858	-41.157
22.867	-40.8
22.875	-40.235
22.883	-39.911
22.892	-39.388
22.9	-38.957
22.908	-38.433
22.917	-37.967
22.925	-37.45
22.933	-36.932
22.942	-36.518
22.95	-36.036
22.958	-35.608
22.967	-35.199
22.975	-34.832
22.983	-34.565
22.992	-33.987
23	-33.691
23.008	-33.308
23.017	-32.721
23.025	-32.389
23.033	-32.097
23.042	-31.592
23.05	-31.194
23.058	-30.952
23.067	-30.327
23.075	-30.208
23.083	-29.746
23.092	-29.388
23.1	-29.036
23.108	-28.527
23.117	-28.23
23.125	-27.706
23.133	-27.539
23.142	-27.113
23.15	-26.643
23.158	-26.283
23.167	-25.779
23.175	-25.58
23.183	-25.114
23.192	-24.845
23.2	-24.35
23.208	-23.971
23.217	-23.661
23.225	-23.239
23.233	-22.837
23.242	-22.47
23.25	-22.037
23.258	-21.693
23.267	-21.367
23.275	-20.88
23.283	-20.527
23.292	-19.986
23.3	-19.847
23.308	-19.17
23.317	-18.907
23.325	-18.443
23.333	-18.045
23.342	-17.656
23.35	-17.042
23.358	-16.738
23.367	-16.174
23.375	-15.784
23.383	-15.302
23.392	-14.866
23.4	-14.401
23.408	-13.967
23.417	-13.431
23.425	-13.017
23.433	-12.377
23.442	-12.172
23.45	-11.359
23.458	-11.082
23.467	-10.274
23.475	-10.056
23.483	-9.4368
23.492	-8.938
23.5	-8.3701
23.508	-8.048
23.517	-7.4256
23.525	-6.9587
23.533	-6.4318
23.542	-5.845
23.55	-5.3578
23.558	-4.7192
23.567	-4.3645
23.575	-3.7166
23.583	-3.2557
23.592	-2.7311
23.6	-2.0722
23.608	-1.7844
23.617	-0.97062
23.625	-0.69504
23.633	-0.049288
23.642	0.45273
23.65	1.0491
23.658	1.6235
23.667	2.1878
23.675	2.7786
23.683	3.299
23.692	3.7325
23.7	4.2409
23.708	4.8251
23.717	5.2818
23.725	5.8483
23.733	6.4724
23.742	6.8967
23.75	7.4798
23.758	7.9861
23.767	8.6133
23.775	8.9944
23.783	9.573
23.792	10.009
23.8	10.629
23.808	11.066
23.817	11.72
23.825	12.273
23.833	12.918
23.842	13.234
23.85	13.772
23.858	14.334
23.867	14.853
23.875	15.499
23.883	15.946
23.892	16.3
23.9	16.942
23.908	17.293
23.917	17.638
23.925	18.206
23.933	18.655
23.942	19.04
23.95	19.468
23.958	19.797
23.967	20.322
23.975	20.628
23.983	20.879
23.992	21.333
24	21.765
24.008	22.068
24.017	22.463
24.025	22.658
24.033	23.118
24.042	23.473
24.05	23.893
24.058	24.203
24.067	24.4
24.075	24.767
24.083	24.936
24.092	25.175
24.1	25.49
24.108	25.656
24.117	26.035
24.125	26.33
24.133	26.661
24.142	26.963
24.15	27.102
24.158	27.312
24.167	27.379
24.175	27.612
24.183	27.834
24.192	27.906
24.2	27.985
24.208	28.137
24.217	28.159
24.225	28.266
24.233	28.405
24.242	28.434
24.25	28.498
24.258	28.558
24.267	28.618
24.275	28.561
24.283	28.425
24.292	28.407
24.3	28.369
24.308	28.312
24.317	28.23
24.325	28.088
24.333	27.991
24.342	27.911
24.35	27.804
24.358	27.657
24.367	27.389
24.375	27.224
24.383	27.027
24.392	26.767
24.4	26.518
24.408	26.371
24.417	26.071
24.425	25.737
24.433	25.567
24.442	25.21
24.45	24.878
24.458	24.539
24.467	24.222
24.475	23.927
24.483	23.426
24.492	23.236
24.5	22.914
24.508	22.437
24.517	22.33
24.525	21.728
24.533	21.505
24.542	21.017
24.55	20.814
24.558	20.437
24.567	20.051
24.575	19.848
24.583	19.318
24.592	19.081
24.6	18.524
24.608	18.317
24.617	17.738
24.625	17.511
24.633	16.936
24.642	16.622
24.65	16.16
24.658	15.651
24.667	15.331
24.675	14.737
24.683	14.393
24.692	13.815
24.7	13.369
24.708	12.957
24.717	12.278
24.725	11.978
24.733	11.284
24.742	10.763
24.75	10.393
24.758	9.7336
24.767	9.2541
24.775	8.7371
24.783	8.0746
24.792	7.6458
24.8	7.0703
24.808	6.6744
24.817	5.9277
24.825	5.6308
24.833	4.8667
24.842	4.3209
24.85	3.8581
24.858	3.3548
24.867	2.6046
24.9	0.3678
24.908	-0.31526
24.917	-0.66192
24.925	-1.2409
24.933	-2.0687
24.942	-2.5765
24.95	-3.1196
24.958	-3.7473
24.967	-4.2458
24.975	-5.0292
24.983	-5.5989
24.992	-6.173
25	-6.7821
25.008	-7.2704
25.017	-7.9154
25.025	-8.4945
25.033	-9.1253
25.042	-9.814
25.05	-10.296
25.058	-10.823
25.067	-11.484
25.075	-12.017
25.083	-12.523
25.092	-12.988
25.1	-13.572
25.108	-14.294
25.117	-14.699
25.125	-15.114
25.133	-15.777
25.142	-16.222
25.15	-16.772
25.158	-17.299
25.167	-17.65
25.175	-18.134
25.183	-18.554
25.192	-19.038
25.2	-19.577
25.208	-19.865
25.217	-20.263
25.225	-20.689
25.233	-20.967
25.242	-21.52
25.25	-22.084
25.258	-22.32
25.267	-22.651
25.275	-23.032
25.283	-23.221
25.292	-23.714
25.3	-24.196
25.308	-24.511
25.317	-24.924
25.325	-25.209
25.333	-25.587
25.342	-26.015
25.35	-26.35
25.358	-26.857
25.367	-27.029
25.375	-27.188
25.383	-27.738
25.392	-28.18
25.4	-28.693
25.408	-29.007
25.417	-29.34
25.425	-29.607
25.433	-30.312
25.442	-30.543
25.45	-31.119
25.458	-31.358
25.467	-31.865
25.475	-32.319
25.483	-32.838
25.492	-33.099
25.5	-33.722
25.508	-34.014
25.517	-34.509
25.525	-34.978
25.533	-35.448
25.542	-35.791
25.55	-36.198
25.558	-36.646
25.567	-37.047
25.575	-37.472
25.583	-38.031
25.592	-38.437
25.6	-38.565
25.608	-39.069
25.617	-39.596
25.625	-39.991
25.633	-40.326
25.642	-40.614
25.65	-40.987
25.658	-41.349
25.667	-41.732
25.675	-42.06
25.683	-42.433
25.692	-42.837
25.7	-43.184
25.708	-43.453
25.717	-43.7
25.725	-44.001
25.733	-44.302
25.742	-44.574
25.75	-44.896
25.758	-45.227
25.767	-45.436
25.775	-45.683
25.783	-45.928
25.792	-46.054
25.8	-46.42
25.808	-46.71
25.817	-46.921
25.825	-47.12
25.833	-47.27
25.842	-47.46
25.85	-47.761
25.858	-48.042
25.867	-48.296
25.875	-48.502
25.883	-48.873
25.892	-49.04
25.9	-49.23
25.908	-49.237
25.917	-49.298
25.925	-49.736
25.933	-49.824
25.942	-49.623
25.95	-49.952
25.958	-49.814
25.967	-49.724
25.975	-49.859
25.983	-49.533
25.992	-49.676
26	-49.321
26.008	-49.409
26.017	-49.064
26.025	-49.008
26.033	-48.768
26.042	-48.663
26.05	-48.234
26.058	-47.972
26.067	-47.631
26.075	-47.487
26.083	-47.23
26.092	-46.872
26.1	-46.696
26.108	-46.247
26.117	-46.064
26.125	-45.703
26.133	-45.273
26.142	-45.021
26.15	-44.667
26.158	-44.217
26.167	-43.907
26.175	-43.529
26.183	-43.104
26.192	-42.845
26.2	-42.37
26.208	-41.95
26.217	-41.446
26.225	-41.015
26.233	-40.39
26.242	-39.969
26.25	-39.35
26.258	-38.852
26.267	-38.052
26.275	-37.525
26.283	-36.959
26.292	-36.115
26.3	-35.51
26.308	-34.73
26.317	-33.925
26.325	-33.258
26.333	-32.435
26.342	-31.701
26.35	-30.916
26.358	-29.915
26.367	-29.304
26.375	-28.455
26.383	-27.636
26.392	-26.628
26.4	-25.891
26.408	-24.913
26.417	-24.137
26.425	-23.341
26.433	-22.719
26.442	-21.939
26.45	-21.259
26.458	-20.099
26.467	-19.313
26.475	-18.565
26.483	-17.664
26.492	-16.744
26.5	-16.016
26.508	-15.27
26.517	-14.532
26.525	-13.551
26.533	-12.951
26.542	-12.252
26.55	-11.39
26.558	-10.64
26.567	-9.8799
26.575	-9.2654
26.583	-8.3993
26.592	-7.6216
26.6	-6.8335
26.608	-6.0572
26.617	-5.2218
26.625	-4.673
26.633	-3.9502
26.642	-3.0723
26.65	-2.4405
26.658	-1.54
26.667	-0.91458
26.675	-0.35674
26.683	0.41381
26.692	1.0998
26.7	1.8922
26.708	2.7035
26.717	3.1989
26.725	4.099
26.733	4.7029
26.742	5.3177
26.75	6.1543
26.758	6.7361
26.767	7.6978
26.775	8.3769
26.783	9.0869
26.792	9.8547
26.8	10.42
26.808	11.221
26.817	11.755
26.825	12.693
26.833	13.369
26.842	14.163
26.85	14.783
26.858	15.558
26.867	16.343
26.875	17.223
26.883	17.735
26.892	18.54
26.9	19.027
26.908	20.038
26.917	20.235
26.925	20.947
26.933	21.746
26.942	22.033
26.95	22.934
26.958	23.504
26.967	23.942
26.975	24.691
26.983	25.253
26.992	25.815
27	26.219
27.008	26.787
27.017	27.198
27.025	27.633
27.033	28.249
27.042	28.83
27.05	29.278
27.058	29.56
27.067	30.28
27.075	30.581
27.083	30.972
27.092	31.632
27.1	31.969
27.108	32.384
27.117	32.986
27.125	33.334
27.133	33.658
27.142	34.149
27.15	34.493
27.158	34.837
27.167	35.191
27.175	35.608
27.183	35.929
27.192	36.233
27.2	36.557
27.208	36.846
27.217	37.215
27.225	37.523
27.233	37.885
27.242	38.134
27.25	38.323
27.258	38.528
27.267	38.71
27.275	38.944
27.283	39.19
27.292	39.442
27.3	39.639
27.308	39.793
27.317	39.921
27.325	40.029
27.333	40.14
27.342	40.242
27.35	40.307
27.358	40.378
27.367	40.437
27.375	40.498
27.383	40.542
27.392	40.608
27.4	40.67
27.408	40.7
27.417	40.74
27.425	40.752
27.433	40.745
27.442	40.726
27.45	40.7
27.458	40.664
27.467	40.626
27.475	40.571
27.483	40.5
27.492	40.422
27.5	40.324
27.508	40.197
27.517	40.059
27.525	39.893
27.533	39.726
27.542	39.536
27.55	39.332
27.558	39.06
27.567	38.73
27.575	38.485
27.583	38.226
27.592	37.858
27.6	37.442
27.608	37.106
27.617	36.717
27.625	36.38
27.633	35.902
27.642	35.534
27.65	34.973
27.658	34.55
27.667	34.105
27.675	33.688
27.692	32.572
27.7	32.029
27.708	31.497
27.717	30.755
27.725	30.203
27.733	29.507
27.742	28.857
27.75	28.327
27.758	27.553
27.767	26.972
27.775	26.258
27.783	25.435
27.792	24.917
27.8	23.988
27.808	23.443
27.817	22.567
27.825	22.061
27.833	21.193
27.842	20.455
27.85	19.656
27.858	19.176
27.867	18.516
27.875	17.702
27.883	16.848
27.892	16.345
27.9	15.597
27.908	14.719
27.917	14.014
27.925	13.234
27.933	12.229
27.942	11.656
27.95	10.751
27.958	9.7683
27.967	9.1649
27.975	8.3912
27.983	7.5356
27.992	6.4587
28	5.7435
28.008	5.0351
28.017	4.1583
28.025	3.2129
28.033	2.2258
28.042	1.5241
28.05	0.63532
28.058	-0.28626
28.067	-0.94003
28.075	-2.0701
28.083	-2.9148
28.092	-3.6723
28.1	-4.801
28.108	-5.6322
28.117	-6.4208
28.125	-7.3742
28.133	-8.1789
28.142	-9.2142
28.15	-10.016
28.158	-10.882
28.167	-11.803
28.175	-12.784
28.183	-13.512
28.192	-14.316
28.2	-15.088
28.208	-16.011
28.217	-16.842
28.225	-17.484
28.233	-18.4
28.242	-19.209
28.25	-19.851
28.258	-20.788
28.267	-21.436
28.275	-22.141
28.283	-22.885
28.292	-23.79
28.3	-24.468
28.308	-25.223
28.317	-25.999
28.325	-26.688
28.333	-27.444
28.342	-28.161
28.35	-28.807
28.358	-29.613
28.367	-30.338
28.375	-31.006
28.383	-31.897
28.392	-32.715
28.4	-33.486
28.408	-34.137
28.417	-34.924
28.425	-35.883
28.433	-36.485
28.442	-37.432
28.45	-38.329
28.458	-39.09
28.467	-39.791
28.475	-40.547
28.483	-41.668
28.492	-42.455
28.5	-43.336
28.508	-44.187
28.517	-45.084
28.525	-45.936
28.533	-46.728
28.542	-47.631
28.55	-48.533
28.558	-49.225
28.567	-50.168
28.575	-50.944
28.583	-51.982
28.592	-52.729
28.6	-53.481
28.608	-54.296
28.65	-57.826
28.658	-58.615
28.667	-59.407
28.675	-60.119
28.683	-60.625
28.692	-61.225
28.7	-61.977
28.708	-62.73
28.717	-63.194
28.725	-63.889
28.733	-64.477
28.742	-65.118
28.75	-65.711
28.758	-66.373
28.767	-66.692
28.775	-67.437
28.783	-67.911
28.792	-68.311
28.8	-68.895
28.808	-69.372
28.817	-69.798
28.825	-70.265
28.833	-70.774
28.842	-71.236
28.85	-71.654
28.858	-72.035
28.867	-72.528
28.875	-73.095
28.883	-73.602
28.892	-73.94
28.9	-74.268
28.908	-74.579
28.917	-74.94
28.925	-75.294
28.933	-75.602
28.942	-75.875
28.95	-76.127
28.958	-76.377
28.967	-76.625
28.975	-76.802
28.983	-76.995
28.992	-76.952
29	-77.047
29.008	-77.129
29.017	-77.228
29.025	-77.474
29.033	-77.754
29.042	-77.827
29.05	-77.935
29.058	-77.983
29.067	-77.97
29.075	-77.921
29.083	-77.892
29.092	-78.047
29.1	-77.983
29.108	-77.909
29.117	-77.846
29.125	-77.79
29.133	-77.75
29.142	-77.614
29.15	-77.411
29.158	-77.313
29.167	-77.165
29.175	-77.005
29.183	-76.699
29.192	-76.535
29.2	-76.3
29.208	-75.751
29.217	-75.63
29.225	-75.464
29.233	-75.019
29.242	-74.748
29.25	-74.061
29.258	-73.849
29.267	-73.451
29.275	-72.961
29.283	-72.688
29.292	-72.319
29.3	-71.906
29.308	-71.621
29.317	-71.153
29.325	-70.786
29.333	-70.295
29.342	-69.799
29.35	-69.523
29.358	-69.086
29.367	-68.665
29.375	-68.356
29.383	-67.85
29.392	-67.446
29.4	-66.833
29.408	-66.513
29.417	-65.888
29.425	-65.612
29.433	-65.015
29.442	-64.606
29.45	-64.085
29.458	-63.605
29.467	-63.2
29.475	-62.565
29.483	-62.141
29.492	-61.59
29.5	-60.882
29.508	-60.452
29.517	-59.92
29.525	-59.394
29.533	-58.973
29.542	-58.215
29.55	-57.739
29.558	-57.084
29.567	-56.293
29.575	-55.59
29.583	-54.908
29.592	-54.046
29.6	-53.321
29.608	-52.594
29.617	-51.688
29.625	-50.622
29.633	-49.603
29.642	-48.641
29.65	-47.748
29.658	-46.873
29.667	-45.812
29.675	-44.724
29.683	-43.18
29.692	-42.689
29.7	-41.038
29.708	-39.593
29.717	-38.581
29.725	-37.723
29.733	-36.426
29.742	-35.12
29.75	-33.793
29.758	-32.842
29.767	-31.406
29.775	-30.415
29.783	-29.186
29.792	-27.997
29.8	-26.817
29.808	-25.698
29.817	-24.517
29.825	-23.416
29.833	-22.251
29.842	-21.224
29.85	-20.087
29.858	-18.991
29.867	-17.867
29.875	-16.826
29.883	-15.84
29.892	-14.709
29.9	-13.617
29.908	-12.67
29.917	-11.785
29.925	-10.633
29.933	-9.6575
29.942	-8.6091
29.95	-7.5571
29.958	-6.7186
29.967	-5.9089
29.975	-5.0035
29.983	-4.0313
29.992	-3.214
30	-2.3588
30.008	-1.2825
30.017	-0.58619
30.025	0.32441
30.033	1.0091
30.042	1.9428
30.05	2.8377
30.058	3.7353
30.067	4.5578
30.075	5.3317
30.083	6.1945
30.092	7.1235
30.1	8.1589
30.108	8.9751
30.117	9.8064
30.125	10.882
30.133	11.825
30.142	12.498
30.15	13.569
30.158	14.554
30.167	15.219
30.175	16.237
30.183	17.305
30.192	18.199
30.2	18.865
30.208	19.894
30.217	20.984
30.225	21.847
30.233	23.037
30.242	23.621
30.25	24.701
30.258	25.562
30.267	26.575
30.275	27.454
30.283	28.268
30.292	29.275
30.3	30.168
30.308	30.884
30.317	31.94
30.325	32.597
30.333	33.457
30.342	34.491
30.35	35.169
30.358	36.14
30.367	36.952
30.375	37.725
30.383	38.645
30.392	39.45
30.4	40.136
30.408	40.845
30.417	41.661
30.425	42.406
30.433	43.135
30.442	43.856
30.45	44.683
30.458	45.342
30.467	46.078
30.475	46.732
30.483	47.366
30.492	48.012
30.5	48.375
30.508	48.908
30.517	49.404
30.525	49.91
30.533	50.371
30.542	50.797
30.55	51.201
30.558	51.411
30.567	51.817
30.575	52.119
30.583	52.537
30.592	52.864
30.6	53.126
30.608	53.36
30.617	53.553
30.625	53.777
30.633	53.93
30.642	54.068
30.65	54.175
30.658	54.251
30.667	54.306
30.675	54.349
30.683	54.369
30.692	54.327
30.7	54.269
30.708	54.217
30.717	54.158
30.725	54.089
30.733	53.955
30.742	53.883
30.75	53.771
30.758	53.626
30.767	53.429
30.775	53.228
30.783	53.08
30.792	52.848
30.8	52.604
30.808	52.329
30.817	52.047
30.825	51.763
30.833	51.455
30.842	51.179
30.85	50.864
30.858	50.481
30.867	50.088
30.875	49.679
30.883	49.292
30.892	48.876
30.9	48.411
30.908	47.896
30.917	47.384
30.925	46.998
30.933	46.463
30.942	45.968
30.95	45.394
30.958	44.932
30.967	44.439
30.975	43.815
30.983	43.244
30.992	42.734
31	42.204
31.008	41.577
31.017	41.159
31.025	40.582
31.033	39.967
31.042	39.443
31.05	38.835
31.058	38.205
31.067	37.58
31.075	37.123
31.083	36.55
31.092	35.926
31.1	35.338
31.108	34.71
31.117	34.127
31.125	33.536
31.133	32.852
31.142	32.093
31.15	31.681
31.158	30.857
31.167	30.239
31.175	29.476
31.183	28.756
31.192	28.032
31.2	27.313
31.208	26.593
31.217	25.842
31.225	25.118
31.233	24.3
31.242	23.549
31.25	22.844
31.258	22.074
31.267	21.325
31.275	20.502
31.283	19.886
31.292	19.059
31.3	18.094
31.308	17.448
31.317	16.553
31.325	15.703
31.333	14.988
31.342	13.998
31.35	13.355
31.358	12.431
31.367	11.673
31.375	10.787
31.383	9.9002
31.392	9.0647
31.4	8.2817
31.408	7.5651
31.417	6.6782
31.425	5.9593
31.433	5.0936
31.442	4.1599
31.45	3.5851
31.458	2.7321
31.467	2.0192
31.475	1.1006
31.483	0.27157
31.492	-0.44077
31.5	-1.2526
31.508	-1.9878
31.517	-2.8188
31.525	-3.6307
31.533	-4.4196
31.542	-5.3456
31.55	-6.2989
31.558	-7.1277
31.567	-7.9094
31.575	-8.9406
31.583	-9.8439
31.592	-10.562
31.6	-11.488
31.608	-12.503
31.617	-13.562
31.625	-14.496
31.633	-15.354
31.642	-16.47
31.65	-17.489
31.658	-18.496
31.667	-19.469
31.675	-20.485
31.683	-21.589
31.692	-22.616
31.7	-23.497
31.708	-24.668
31.717	-25.544
31.725	-26.471
31.733	-27.297
31.742	-28.229
31.75	-29.138
31.758	-30.189
31.767	-31.174
31.775	-32.153
31.783	-33.057
31.792	-33.994
31.8	-34.799
31.808	-35.747
31.817	-36.746
31.825	-37.627
31.833	-38.635
31.842	-39.38
31.85	-40.396
31.858	-41.234
31.867	-42.066
31.875	-42.842
31.883	-43.736
31.892	-44.571
31.9	-45.462
31.908	-46.317
31.917	-47.028
31.925	-47.927
31.933	-48.762
31.942	-49.517
31.95	-50.122
31.958	-51.274
31.967	-51.942
31.975	-52.467
31.983	-53.27
31.992	-54.054
32	-54.504
32.008	-55.465
32.017	-56.191
32.025	-56.69
32.033	-57.33
32.042	-57.951
32.05	-58.732
32.058	-59.258
32.067	-59.861
32.075	-60.461
32.083	-60.969
32.092	-61.667
32.1	-62.288
32.108	-62.761
32.117	-63.561
32.125	-63.919
32.133	-64.644
32.142	-65.043
32.15	-65.591
32.158	-65.99
32.167	-66.619
32.175	-67.09
32.183	-67.722
32.192	-68.042
32.2	-68.496
32.208	-68.945
32.217	-69.528
32.225	-70.037
32.233	-70.387
32.242	-70.705
32.25	-71.063
32.258	-71.531
32.267	-72.011
32.275	-72.352
32.283	-72.61
32.292	-72.896
32.3	-73.323
32.308	-73.654
32.317	-74.004
32.325	-74.41
32.333	-74.668
32.342	-74.784
32.35	-74.93
32.358	-75.195
32.367	-75.56
32.375	-76.029
32.383	-76.102
32.392	-76.232
32.4	-76.292
32.408	-76.319
32.417	-76.171
32.425	-76.298
32.433	-76.27
32.442	-76.069
32.45	-75.866
32.458	-75.396
32.467	-74.702
32.475	-74.376
32.483	-73.69
32.492	-73.311
32.5	-73.27
32.508	-72.611
32.517	-72.156
32.525	-71.704
32.533	-71.314
32.542	-70.586
32.55	-70.273
32.558	-69.486
32.567	-69.135
32.575	-68.531
32.583	-68.036
32.592	-67.554
32.6	-67.08
32.608	-66.526
32.617	-66.127
32.625	-65.47
32.633	-65.013
32.642	-64.427
32.65	-63.887
32.658	-63.377
32.667	-62.768
32.675	-62.147
32.683	-61.638
32.692	-61.012
32.7	-60.337
32.708	-59.641
32.717	-58.861
32.725	-58.104
32.733	-57.384
32.742	-56.543
32.75	-55.596
32.758	-54.728
32.767	-53.936
32.775	-53.2
32.783	-52.234
32.792	-51.277
32.8	-50.48
32.808	-49.464
32.817	-48.726
32.825	-47.769
32.833	-46.91
32.842	-45.902
32.85	-44.97
32.858	-44.168
32.867	-43.086
32.875	-42.186
32.883	-41.305
32.892	-39.874
32.9	-39.293
32.908	-38.094
32.917	-37.24
32.925	-36.162
32.933	-35.464
32.942	-34.476
32.95	-33.419
32.958	-32.615
32.967	-31.58
32.975	-30.719
32.983	-29.71
32.992	-28.652
33	-27.712
33.008	-26.767
33.017	-25.84
33.025	-24.909
33.033	-23.812
33.042	-22.893
33.05	-21.862
33.058	-20.907
33.067	-19.883
33.075	-18.758
33.083	-17.766
33.092	-16.623
33.1	-15.698
33.108	-14.738
33.117	-13.666
33.125	-12.447
33.133	-11.418
33.142	-10.412
33.15	-9.3902
33.158	-8.4162
33.167	-7.202
33.175	-6.0985
33.183	-5.1105
33.192	-4.1041
33.2	-3.1129
33.208	-1.9787
33.217	-0.93266
33.225	0.021265
33.233	0.99335
33.242	2.09
33.25	3.2224
33.258	4.0834
33.267	5.2904
33.275	6.2013
33.283	7.1721
33.292	8.0726
33.3	9.186
33.308	10.25
33.317	11.421
33.325	12.61
33.333	13.48
33.342	14.735
33.35	15.913
33.358	16.91
33.367	17.986
33.375	19.194
33.383	20.295
33.392	21.263
33.4	22.389
33.408	23.334
33.417	24.303
33.425	25.543
33.433	26.315
33.442	27.495
33.45	28.409
33.458	29.519
33.467	30.389
33.475	31.569
33.483	32.564
33.492	33.246
33.5	34.137
33.508	35.102
33.517	35.954
33.525	36.813
33.533	37.84
33.542	38.633
33.55	39.224
33.558	40.05
33.567	40.944
33.575	41.639
33.583	42.42
33.592	43.146
33.6	43.904
33.608	44.699
33.617	45.407
33.625	46.182
33.633	46.895
33.642	47.534
33.65	48.182
33.658	48.908
33.667	49.554
33.675	49.861
33.683	50.488
33.692	51.011
33.7	51.527
33.708	52.043
33.717	52.514
33.725	53.001
33.733	53.342
33.742	53.801
33.75	54.12
33.758	54.691
33.767	54.997
33.775	55.323
33.783	55.653
33.792	55.961
33.8	56.235
33.808	56.458
33.817	56.726
33.825	56.937
33.833	57.132
33.842	57.318
33.85	57.46
33.858	57.588
33.867	57.688
33.875	57.78
33.883	57.836
33.892	57.882
33.9	57.908
33.908	57.912
33.917	57.912
33.925	57.855
33.933	57.693
33.942	57.583
33.95	57.424
33.958	57.235
33.967	57.011
33.975	56.79
33.983	56.53
33.992	56.263
34	55.899
34.008	55.556
34.017	55.195
34.025	54.801
34.033	54.418
34.042	53.987
34.05	53.521
34.058	53.042
34.067	52.619
34.075	52.101
34.083	51.586
34.092	51.099
34.1	50.586
34.108	50.049
34.117	49.491
34.125	48.949
34.133	48.375
34.142	47.764
34.15	47.275
34.158	46.454
34.167	45.895
34.175	45.194
34.183	44.598
34.192	43.95
34.2	43.262
34.208	42.603
34.217	41.855
34.225	41.181
34.233	40.51
34.242	39.887
34.25	39.157
34.258	38.43
34.267	37.788
34.275	37.09
34.283	36.206
34.292	35.592
34.3	34.819
34.308	33.961
34.317	33.193
34.325	32.455
34.333	31.678
34.342	30.912
34.35	30.233
34.358	29.581
34.367	28.743
34.375	27.845
34.383	27.168
34.392	26.413
34.4	25.426
34.408	24.804
34.417	23.927
34.425	23.156
34.433	22.434
34.442	21.45
34.45	20.711
34.458	19.943
34.467	19.003
34.475	18.24
34.483	17.427
34.492	16.735
34.5	15.718
34.508	15.049
34.517	14.024
34.525	13.153
34.533	12.211
34.542	11.506
34.55	10.569
34.558	9.8353
34.567	8.8814
34.575	7.98
34.583	7.3047
34.592	6.3122
34.6	5.4498
34.608	4.468
34.617	3.8286
34.625	2.8298
34.633	2.044
34.642	1.3165
34.65	0.22906
34.658	-0.45053
34.667	-1.3296
34.675	-2.0154
34.683	-2.9562
34.692	-3.6699
34.7	-4.5122
34.708	-5.4286
34.717	-5.8859
34.725	-7.0027
34.733	-7.5403
34.742	-8.4026
34.75	-9.18
34.758	-9.831
34.767	-10.666
34.775	-11.45
34.783	-12.03
34.792	-12.757
34.8	-13.519
34.808	-14.104
34.817	-14.933
34.825	-15.53
34.833	-15.999
34.842	-16.833
34.85	-17.469
34.858	-18.12
34.867	-18.599
34.875	-19.233
34.883	-19.767
34.892	-20.303
34.9	-20.825
34.908	-21.364
34.917	-21.777
34.925	-22.35
34.933	-22.814
34.942	-23.21
34.95	-23.659
34.958	-24.076
34.967	-24.449
34.975	-24.864
34.983	-25.272
34.992	-25.683
35	-26.126
35.008	-26.555
35.017	-26.842
35.025	-27.206
35.033	-27.617
35.042	-27.989
35.05	-28.558
35.058	-29.063
35.067	-29.586
35.075	-30.068
35.083	-30.461
35.092	-30.961
35.1	-31.377
35.108	-31.812
35.117	-32.311
35.125	-32.687
35.133	-33.243
35.142	-33.646
35.15	-33.937
35.158	-34.361
35.167	-34.892
35.175	-35.256
35.183	-35.527
35.2	-36.129
35.208	-36.444
35.217	-36.753
35.225	-37.035
35.233	-37.225
35.242	-37.329
35.25	-37.415
35.258	-37.531
35.267	-37.73
35.275	-37.927
35.283	-38.089
35.292	-38.144
35.3	-38.176
35.308	-38.123
35.317	-38.056
35.325	-38.148
35.333	-38.22
35.342	-38.252
35.35	-38.134
35.358	-37.955
35.367	-37.836
35.375	-37.643
35.383	-37.521
35.392	-37.482
35.4	-37.139
35.408	-36.758
35.417	-36.604
35.425	-36.333
35.433	-35.868
35.442	-35.587
35.45	-35.216
35.458	-34.658
35.467	-34.442
35.475	-33.85
35.483	-33.552
35.492	-32.938
35.5	-32.429
35.508	-32.047
35.517	-31.314
35.525	-31.007
35.533	-30.395
35.542	-29.621
35.55	-29.061
35.558	-28.471
35.567	-27.872
35.575	-27.041
35.583	-26.417
35.592	-25.555
35.6	-24.878
35.608	-24.08
35.617	-23.167
35.625	-22.164
35.633	-21.401
35.642	-20.52
35.65	-19.525
35.658	-18.614
35.667	-17.702
35.675	-16.675
35.683	-15.806
35.692	-14.837
35.7	-13.973
35.708	-13.049
35.717	-12.013
35.725	-11.082
35.733	-10.063
35.742	-9.0768
35.75	-8.0394
35.758	-7.1033
35.767	-6.1818
35.775	-5.2653
35.783	-4.196
35.792	-3.1607
35.8	-2.0178
35.808	-1.0607
35.817	-0.044582
35.825	1.023
35.833	2.0697
35.842	3.0361
35.85	4.2393
35.858	5.0518
35.867	6.1853
35.875	7.1439
35.883	8.3383
35.892	9.1943
35.9	10.299
35.908	11.215
35.917	12.116
35.925	13.135
35.933	14.069
35.942	14.833
35.95	16.025
35.958	16.842
35.967	17.588
35.975	18.501
35.983	19.234
35.992	20.174
36	20.897
36.008	21.832
36.017	22.514
36.025	23.359
36.033	24.121
36.042	24.655
36.05	25.553
36.058	26.34
36.067	27.057
36.075	27.926
36.083	28.579
36.092	29.221
36.1	29.812
36.108	30.434
36.117	30.928
36.125	31.417
36.133	31.842
36.142	32.393
36.15	32.899
36.158	33.353
36.167	33.774
36.175	34.134
36.183	34.473
36.192	34.817
36.2	35.058
36.208	35.29
36.217	35.449
36.225	35.647
36.233	35.811
36.242	35.911
36.25	35.959
36.258	36.038
36.267	36.119
36.275	36.178
36.283	36.156
36.292	36.012
36.3	35.802
36.308	35.6
36.317	35.462
36.325	35.267
36.333	35.036
36.342	34.732
36.35	34.49
36.358	34.211
36.367	33.82
36.375	33.401
36.383	32.881
36.392	32.408
36.4	31.997
36.408	31.351
36.417	31.033
36.425	30.237
36.433	29.725
36.442	29.039
36.45	28.511
36.458	27.851
36.467	27.184
36.475	26.388
36.483	25.65
36.492	25.006
36.5	24.092
36.508	23.476
36.517	22.736
36.525	21.815
36.533	21.14
36.542	20.452
36.55	19.325
36.558	18.833
36.567	17.79
36.575	16.861
36.583	16.311
36.592	15.237
36.6	14.459
36.608	13.446
36.617	12.586
36.625	11.779
36.633	10.828
36.642	10.082
36.65	9.1354
36.658	8.2995
36.667	7.5106
36.675	6.4583
36.683	5.6635
36.692	4.9854
36.7	3.84
36.708	2.9866
36.717	2.2286
36.725	1.2585
36.733	0.33844
36.742	-0.46435
36.75	-1.4305
36.758	-2.297
36.767	-3.2275
36.775	-4.1656
36.783	-4.956
36.792	-5.7062
36.8	-6.6231
36.808	-7.5599
36.817	-8.5171
36.825	-9.4825
36.833	-10.386
36.842	-11.31
36.85	-12.128
36.858	-13.037
36.867	-13.885
36.875	-14.809
36.883	-15.709
36.892	-16.709
36.9	-17.531
36.908	-18.461
36.917	-19.469
36.925	-20.454
36.933	-21.361
36.942	-22.296
36.95	-23.257
36.958	-24.234
36.967	-25.074
36.975	-26.012
36.983	-26.946
36.992	-27.762
37	-28.729
37.008	-29.765
37.017	-30.587
37.025	-31.526
37.033	-32.295
37.042	-33.149
37.05	-34.179
37.058	-35.025
37.067	-35.736
37.075	-36.371
37.083	-37.109
37.092	-37.917
37.1	-38.662
37.108	-39.134
37.117	-39.818
37.125	-40.296
37.133	-40.688
37.142	-41.229
37.15	-41.658
37.158	-41.86
37.167	-42.131
37.175	-42.411
37.183	-42.631
37.192	-42.791
37.2	-42.904
37.208	-43.018
37.217	-43.094
37.225	-43.035
37.233	-42.993
37.242	-42.972
37.25	-42.984
37.258	-42.746
37.267	-42.545
37.275	-42.441
37.283	-42.157
37.292	-42.065
37.3	-41.646
37.308	-41.426
37.317	-41.146
37.325	-40.69
37.333	-40.413
37.342	-40.021
37.35	-39.559
37.358	-39.246
37.367	-38.802
37.375	-38.19
37.383	-37.807
37.392	-37.269
37.4	-36.62
37.408	-36.191
37.417	-35.592
37.425	-34.899
37.433	-34.267
37.442	-33.713
37.45	-33.035
37.458	-32.309
37.467	-31.672
37.475	-30.993
37.483	-30.308
37.492	-29.587
37.5	-28.8
37.508	-27.911
37.517	-27.233
37.525	-26.425
37.533	-25.583
37.542	-24.827
37.55	-24.17
37.558	-23.298
37.567	-22.425
37.575	-21.638
37.583	-20.875
37.592	-20.164
37.6	-19.246
37.608	-18.355
37.617	-17.606
37.625	-16.845
37.633	-15.954
37.642	-15.026
37.65	-14.19
37.658	-13.414
37.667	-12.658
37.675	-11.725
37.683	-10.832
37.692	-9.969
37.7	-9.1239
37.708	-8.2892
37.717	-7.3601
37.725	-6.509
37.733	-5.6864
37.742	-4.8246
37.75	-3.9156
37.758	-3.0851
37.767	-2.2065
37.775	-1.3485
37.783	-0.51194
37.792	0.40324
37.8	1.2761
37.808	2.1648
37.817	3.0612
37.825	3.8694
37.833	4.6456
37.842	5.5611
37.85	6.3392
37.858	7.0843
37.867	7.9116
37.875	8.6725
37.883	9.4938
37.892	10.147
37.9	10.953
37.908	11.566
37.917	12.404
37.925	13.108
37.933	13.628
37.942	14.352
37.95	15.034
37.958	15.698
37.967	16.261
37.975	16.838
37.983	17.556
37.992	18.07
38	18.485
38.008	19.117
38.017	19.578
38.025	20.05
38.033	20.635
38.042	20.941
38.05	21.435
38.058	21.882
38.067	22.133
38.075	22.46
38.083	22.844
38.092	23.108
38.1	23.414
38.108	23.825
38.117	23.982
38.125	24.244
38.133	24.499
38.142	24.574
38.15	24.642
38.158	24.659
38.167	24.707
38.175	24.699
38.183	24.599
38.192	24.486
38.2	24.448
38.208	24.338
38.217	24.213
38.225	24.049
38.233	23.877
38.242	23.68
38.25	23.469
38.258	23.228
38.267	22.857
38.275	22.513
38.283	22.259
38.292	21.944
38.3	21.486
38.308	21.043
38.317	20.714
38.325	20.278
38.333	19.823
38.342	19.322
38.35	18.623
38.358	18.081
38.367	17.536
38.375	17.081
38.383	16.267
38.392	15.684
38.4	14.94
38.408	14.187
38.417	13.488
38.425	12.758
38.433	11.938
38.442	11.125
38.45	10.067
38.458	9.4047
38.467	8.4826
38.475	7.5724
38.483	6.6091
38.492	5.7572
38.5	4.6085
38.508	3.5753
38.517	2.7011
38.525	1.705
38.533	0.56004
38.542	-0.5947
38.55	-1.6077
38.558	-2.586
38.567	-3.7793
38.575	-4.8702
38.583	-5.861
38.592	-6.9526
38.6	-8.1878
38.608	-9.1816
38.617	-10.194
38.625	-11.288
38.633	-12.361
38.642	-13.421
38.65	-14.542
38.658	-15.44
38.667	-16.341
38.675	-17.579
38.683	-18.717
38.692	-19.689
38.7	-20.701
38.708	-21.692
38.717	-22.626
38.725	-23.591
38.733	-24.508
38.742	-25.384
38.75	-26.364
38.758	-27.16
38.767	-27.937
38.775	-28.738
38.783	-29.477
38.792	-30.267
38.8	-30.877
38.808	-31.667
38.817	-32.288
38.825	-32.835
38.833	-33.323
38.842	-34.068
38.85	-34.391
38.858	-34.937
38.867	-35.343
38.875	-35.887
38.883	-36.195
38.892	-36.564
38.9	-37.05
38.908	-37.427
38.917	-37.631
38.925	-37.858
38.933	-38.088
38.942	-38.468
38.95	-38.741
38.958	-38.928
38.967	-39.091
38.975	-39.271
38.983	-39.475
38.992	-39.633
39	-39.786
39.008	-39.999
39.017	-40.048
39.025	-40.119
39.033	-40.283
39.042	-40.346
39.05	-40.466
39.058	-40.446
39.067	-40.569
39.075	-40.607
39.083	-40.502
39.092	-40.673
39.1	-40.577
39.108	-40.495
39.117	-40.335
39.125	-40.21
39.133	-40.044
39.142	-40.022
39.15	-39.789
39.158	-39.732
39.167	-39.548
39.175	-39.452
39.183	-39.217
39.192	-38.904
39.2	-38.727
39.208	-38.416
39.217	-38.039
39.225	-37.887
39.233	-37.373
39.242	-37.122
39.25	-36.624
39.258	-36.363
39.267	-35.871
39.275	-35.46
39.283	-35.011
39.292	-34.539
39.3	-34.049
39.308	-33.537
39.317	-33.118
39.325	-32.529
39.333	-31.904
39.342	-31.478
39.35	-30.864
39.358	-30.268
39.367	-29.727
39.375	-29.063
39.383	-28.441
39.392	-27.862
39.4	-27.255
39.408	-26.536
39.417	-25.756
39.425	-25.031
39.433	-24.34
39.442	-23.657
39.45	-22.99
39.458	-22.243
39.467	-21.475
39.475	-20.724
39.483	-19.951
39.492	-19.145
39.5	-18.448
39.508	-17.771
39.517	-17.08
39.525	-16.338
39.533	-15.645
39.542	-15.014
39.55	-14.325
39.558	-13.654
39.567	-12.896
39.575	-12.2
39.583	-11.434
39.592	-10.836
39.6	-10.051
39.608	-9.3523
39.617	-8.77
39.625	-8.1657
39.633	-7.6246
39.642	-6.8808
39.65	-6.4877
39.658	-5.7291
39.667	-5.2424
39.675	-4.5153
39.683	-3.9673
39.692	-3.4935
39.7	-2.8328
39.708	-2.5193
39.717	-1.9373
39.725	-1.5263
39.733	-1.0264
39.742	-0.51451
39.75	0.16125
39.758	0.47457
39.767	1.2876
39.775	1.7999
39.783	2.3274
39.792	2.8894
39.8	3.6431
39.808	4.0443
39.817	4.6876
39.825	5.1782
39.833	5.7018
39.842	6.1253
39.85	6.756
39.858	7.2304
39.867	7.6321
39.875	8.0723
39.883	8.3699
39.892	8.7289
39.9	9.0736
39.908	9.43
39.917	9.836
39.925	10.031
39.933	10.275
39.942	10.594
39.95	10.801
39.958	11.007
39.967	11.214
39.975	11.342
39.983	11.442
39.992	11.639
40	11.726
40.008	12.057
40.017	12.188
40.025	12.254
40.033	12.361
40.042	12.439
40.05	12.557
40.058	12.63
40.067	12.646
40.075	12.693
40.083	12.706
40.092	12.734
40.1	12.689
40.108	12.686
40.117	12.743
40.125	12.719
40.133	12.673
40.142	12.709
40.15	12.581
40.158	12.576
40.167	12.603
40.175	12.482
40.183	12.432
40.192	12.3
40.2	12.208
40.208	12.062
40.217	12.052
40.225	11.91
40.233	11.817
40.242	11.73
40.25	11.596
40.258	11.409
40.267	11.247
40.275	11.085
40.283	11.136
40.292	11.064
40.3	10.835
40.308	10.628
40.317	10.405
40.325	10.335
40.333	10.134
40.342	10.052
40.35	10.038
40.358	9.8602
40.367	9.6731
40.375	9.4519
40.383	9.2546
40.392	9.3289
40.4	9.2492
40.408	9.2366
40.417	9.0809
40.425	8.8083
40.433	8.5671
40.442	8.6654
40.45	8.5375
40.458	8.5494
40.467	8.4485
40.475	8.2603
40.483	8.0947
40.492	8.0397
40.5	7.9462
40.508	7.9391
40.517	7.9073
40.525	7.8573
40.533	7.8549
40.542	7.8186
40.55	7.8046
40.558	7.7903
40.567	7.801
40.575	7.8031
40.583	7.8295
40.592	7.9325
40.6	8.0321
40.608	8.1074
40.617	8.2419
40.625	8.395
40.633	8.5839
40.642	8.6985
40.65	8.9817
40.658	9.1732
40.667	9.3595
40.675	9.5221
40.683	9.816
40.692	10.089
40.7	10.294
40.708	10.655
40.717	10.786
40.725	11.167
40.733	10.898
40.742	11.154
40.75	11.434
40.758	11.554
40.767	12.042
40.775	12.169
40.783	12.571
40.792	12.872
40.8	13.059
40.808	13.375
40.817	13.468
40.825	13.734
40.833	14.343
40.842	14.761
40.85	14.938
40.858	15.06
40.867	15.324
40.875	15.548
40.883	15.573
40.892	15.981
40.9	16.386
40.908	16.757
40.917	16.432
40.925	16.535
40.933	16.839
40.942	17.281
40.95	17.448
40.958	17.422
40.967	17.536
40.975	18
40.983	18.361
40.992	18.085
41	18.525
41.008	18.307
41.017	18.484
41.025	18.563
41.033	18.789
41.042	18.98
41.05	18.818
41.058	19.337
41.067	19.486
41.075	19.676
41.083	20.101
41.092	20.035
41.1	20.203
41.108	20.648
41.117	20.4
41.125	21.038
41.133	21.039
41.142	21.165
41.15	21.174
41.158	21.224
41.167	21.232
41.175	21.421
41.183	21.456
41.192	21.543
41.2	21.506
41.208	21.482
41.217	21.479
41.225	21.436
41.233	21.461
41.242	21.499
41.25	21.563
41.258	21.674
41.267	21.742
41.275	21.751
41.283	21.762
41.292	21.693
41.3	21.762
41.308	21.872
41.317	21.86
41.325	21.776
41.333	21.631
41.342	21.577
41.35	21.619
41.358	21.567
41.367	21.456
41.375	21.354
41.383	21.175
41.392	21.18
41.4	21.16
41.408	21.103
41.417	20.872
41.425	20.851
41.433	20.739
41.442	20.688
41.45	20.366
41.458	20.45
41.467	20.403
41.475	20.26
41.483	19.969
41.492	19.836
41.5	19.904
41.508	19.857
41.517	19.179
41.525	18.962
41.533	18.9
41.542	19.659
41.55	19.142
41.558	19.008
41.567	18.771
41.575	18.328
41.583	18.087
41.592	18.039
41.6	18.037
41.608	17.936
41.617	17.748
41.625	17.643
41.633	17.945
41.642	17.813
41.65	17.386
41.658	17.297
41.667	17.13
41.675	16.973
41.683	17.26
41.692	17.123
41.7	17.088
41.708	16.727
41.717	16.466
41.725	16.618
41.733	16.646
41.742	16.81
41.75	16.503
41.758	16.613
41.767	16.524
41.775	16.248
41.783	15.982
41.792	15.966
41.8	15.902
41.808	15.892
41.817	15.699
41.825	15.559
41.833	15.472
41.842	15.402
41.85	15.256
41.858	15.09
41.867	14.965
41.875	14.917
41.883	14.904
41.892	14.774
41.9	14.653
41.908	14.442
41.917	14.238
41.925	14.242
41.933	14.206
41.942	14.162
41.95	14.102
41.958	14.017
41.967	13.897
41.975	13.756
41.983	13.634
41.992	13.594
42	13.508
42.008	13.431
42.017	13.423
42.025	13.359
42.033	13.221
42.042	13.06
42.05	12.964
42.058	12.936
42.067	12.816
42.075	12.721
42.083	12.658
42.092	12.496
42.1	12.365
42.108	12.209
42.117	12.179
42.125	12.129
42.133	12.058
42.142	12.004
42.15	11.934
42.158	11.889
42.167	11.83
42.175	11.719
42.183	11.53
42.192	11.363
42.2	11.166
42.208	11.017
42.217	10.873
42.225	10.752
42.233	10.609
42.242	10.494
42.25	10.396
42.258	10.299
42.267	10.226
42.275	10.117
42.283	9.9461
42.292	9.8667
42.3	9.8141
42.308	9.7487
42.317	9.6707
42.325	9.5668
42.333	9.0621
42.342	8.93
42.35	9.2247
42.358	9.1758
42.367	9.1277
42.375	9.0565
42.383	8.9475
42.392	8.4681
42.4	8.3606
42.408	8.3087
42.417	8.6276
42.425	8.6973
42.433	8.6449
42.442	8.5342
42.45	7.9679
42.458	8.3129
42.467	8.4264
42.475	8.0943
42.483	8.1911
42.492	8.3184
42.5	8.1745
42.508	8.0141
42.517	7.7615
42.525	7.6317
42.533	7.4565
42.542	7.3906
42.55	7.2026
42.558	7.1844
42.567	7.0045
42.575	6.8619
42.583	6.7264
42.592	6.5032
42.6	6.2974
42.608	6.1033
42.617	5.7866
42.625	5.3124
42.633	5.1807
42.642	4.8834
42.65	4.5001
42.658	3.8974
42.667	3.5131
42.675	2.8866
42.683	2.3474
42.692	1.6829
42.7	0.95372
42.708	0.35999
42.717	-0.38983
42.725	-1.1453
42.733	-1.7492
42.742	-2.7821
42.75	-3.5032
42.758	-4.3214
42.767	-5.2651
42.775	-6.1738
42.783	-6.9454
42.792	-7.9605
42.8	-8.9142
42.808	-9.9324
42.817	-10.832
42.825	-11.728
42.833	-12.916
42.842	-13.883
42.85	-15.182
46.042	-63.06
46.05	-62.916
46.058	-62.66
46.067	-62.808
46.075	-62.598
46.083	-62.003
46.092	-61.717
46.1	-61.099
46.108	-60.5
