0	-16.023
0.008333	-16.12
0.016667	-16.21
0.025	-16.265
0.033333	-16.316
0.041667	-16.378
0.05	-16.412
0.058333	-16.422
0.066667	-16.449
0.075	-16.425
0.083333	-16.372
0.091667	-16.364
0.1	-16.403
0.10833	-16.398
0.11667	-16.378
0.125	-16.369
0.13333	-16.406
0.14167	-16.408
0.15	-16.431
0.15833	-16.393
0.16667	-16.438
0.175	-16.374
0.18333	-16.4
0.19167	-16.361
0.2	-16.328
0.20833	-16.294
0.21667	-16.306
0.225	-16.386
0.23333	-16.421
0.24167	-16.454
0.25	-16.498
0.25833	-16.493
0.26667	-16.508
0.275	-16.507
0.28333	-16.561
0.29167	-16.515
0.3	-16.538
0.30833	-16.513
0.31667	-16.57
0.325	-16.577
0.33333	-16.558
0.34167	-16.536
0.35	-16.507
0.35833	-16.469
0.36667	-16.415
0.375	-16.354
0.38333	-16.296
0.39167	-16.284
0.4	-16.224
0.40833	-16.21
0.41667	-16.151
0.425	-16.102
0.43333	-16.163
0.44167	-16.184
0.45	-16.295
0.45833	-16.344
0.46667	-16.353
0.475	-16.337
0.48333	-16.225
0.49167	-16.156
0.5	-16.072
0.50833	-16.045
0.51667	-15.995
0.525	-15.954
0.53333	-15.964
0.54167	-16.05
0.55	-16.04
0.55833	-16.019
0.56667	-15.977
0.575	-15.855
0.58333	-15.762
0.59167	-15.676
0.6	-15.584
0.60833	-15.636
0.61667	-15.667
0.625	-15.67
0.63333	-15.651
0.64167	-15.592
0.65	-15.56
0.65833	-15.52
0.66667	-15.448
0.675	-15.43
0.68333	-15.409
0.69167	-15.468
0.7	-15.497
0.70833	-15.507
0.71667	-15.539
0.725	-15.522
0.73333	-15.549
0.74167	-15.504
0.75	-15.446
0.75833	-15.442
0.76667	-15.401
0.775	-15.417
0.78333	-15.392
0.79167	-15.404
0.8	-15.451
0.80833	-15.549
0.81667	-15.538
0.825	-15.502
0.83333	-15.433
0.84167	-15.424
0.85	-15.382
0.85833	-15.305
0.86667	-15.247
0.875	-15.202
0.88333	-15.195
0.89167	-15.254
0.9	-15.273
0.90833	-15.248
0.91667	-15.223
0.925	-15.144
0.93333	-15.117
0.94167	-15.099
0.95	-15.096
0.95833	-15.014
0.96667	-14.949
0.975	-14.853
0.98333	-14.786
0.99167	-14.738
1	-14.657
1.0083	-14.676
1.0167	-14.672
1.025	-14.643
1.0333	-14.636
1.0417	-14.619
1.05	-14.589
1.0583	-14.622
1.0667	-14.56
1.075	-14.54
1.0833	-14.523
1.0917	-14.481
1.1	-14.504
1.1083	-14.454
1.1167	-14.426
1.125	-14.357
1.1333	-14.36
1.1417	-14.294
1.15	-14.293
1.1583	-14.27
1.1667	-14.25
1.175	-14.223
1.1833	-14.223
1.1917	-14.201
1.2	-14.193
1.2083	-14.182
1.2167	-14.26
1.225	-14.218
1.2333	-14.187
1.2417	-14.15
1.25	-14.08
1.2583	-14.049
1.2667	-14.044
1.275	-14.014
1.2833	-13.978
1.2917	-13.952
1.3	-13.924
1.3083	-13.887
1.3167	-13.87
1.325	-13.876
1.3333	-13.864
1.3417	-13.882
1.35	-13.882
1.3583	-13.881
1.3667	-13.882
1.375	-13.856
1.3833	-13.897
1.3917	-13.886
1.4	-13.875
1.4083	-13.835
1.4167	-13.809
1.425	-13.789
1.4333	-13.746
1.4417	-13.667
1.45	-13.632
1.4583	-13.589
1.4667	-13.533
1.475	-13.435
1.4833	-13.447
1.4917	-13.443
1.5	-13.408
1.5083	-13.353
1.5167	-13.32
1.525	-13.278
1.5333	-13.233
1.5417	-13.199
1.55	-13.123
1.5583	-13.069
1.5667	-13.09
1.575	-13.089
1.5833	-13.154
1.5917	-13.218
1.6	-13.287
1.6083	-13.321
1.6167	-13.311
1.625	-13.299
1.6333	-13.259
1.6417	-13.275
1.65	-13.28
1.6583	-13.223
1.6667	-13.207
1.675	-13.258
1.6833	-13.326
1.6917	-13.403
1.7	-13.425
1.7083	-13.508
1.7167	-13.56
1.725	-13.579
1.7333	-13.551
1.7417	-13.527
1.75	-13.435
1.7583	-13.343
1.7667	-13.3
1.775	-13.297
1.7833	-13.413
1.7917	-13.462
1.8	-13.483
1.8083	-13.515
1.8167	-13.536
1.825	-13.527
1.8333	-13.503
1.8417	-13.484
1.85	-13.404
1.8583	-13.429
1.8667	-13.385
1.875	-13.382
1.8833	-13.395
1.8917	-13.436
1.9	-13.494
1.9083	-13.515
1.9167	-13.535
1.925	-13.509
1.9333	-13.521
1.9417	-13.513
1.95	-13.448
1.9583	-13.451
1.9667	-13.44
1.975	-13.445
1.9833	-13.555
1.9917	-13.668
2	-13.761
2.0083	-13.835
2.0167	-13.912
2.025	-13.952
2.0333	-13.941
2.0417	-13.985
2.05	-13.963
2.0583	-14.011
2.0667	-14.011
2.075	-14.113
2.0833	-14.194
2.0917	-14.304
2.1	-14.444
2.1083	-14.394
2.1167	-14.316
2.125	-14.306
2.1333	-14.447
2.1417	-14.541
2.15	-14.601
2.1583	-14.727
2.1667	-14.826
2.175	-14.825
2.1833	-14.817
2.1917	-14.829
2.2	-14.801
2.2083	-14.8
2.2167	-15.011
2.225	-15.014
2.2333	-14.905
2.2417	-14.921
2.25	-15.048
2.2583	-15.13
2.2667	-15.267
2.275	-15.162
2.2833	-15.237
2.2917	-15.279
2.3	-15.165
2.3083	-15.042
2.3167	-15.08
2.325	-15.307
2.3333	-15.292
2.3417	-15.255
2.35	-15.241
2.3583	-15.182
2.3667	-15.131
2.375	-15.069
2.3833	-15.108
2.3917	-15.125
2.4	-15.117
2.4083	-15.131
2.4167	-15.176
2.425	-15.282
2.4333	-15.363
2.4417	-15.364
2.45	-15.528
2.4583	-15.551
2.4667	-15.578
2.475	-15.672
2.4833	-15.745
2.4917	-15.63
2.5	-15.765
2.5083	-15.738
2.5167	-15.654
2.525	-15.73
2.5333	-15.547
2.5417	-15.483
2.55	-15.547
2.5583	-15.43
2.5667	-15.529
2.575	-15.675
2.5833	-15.651
2.5917	-15.691
2.6	-15.878
2.6083	-15.801
2.6167	-15.776
2.625	-15.793
2.6333	-15.827
2.6417	-15.881
2.65	-15.753
2.6583	-15.566
2.6667	-15.537
2.675	-15.697
2.6833	-15.627
2.6917	-15.49
2.7	-15.416
2.7083	-15.545
2.7167	-15.403
2.725	-15.241
2.7333	-15.2
2.7417	-15.296
2.75	-14.926
2.7583	-14.814
2.7667	-14.768
2.775	-14.747
2.7833	-14.352
2.7917	-14.232
2.8	-13.873
2.8083	-13.81
2.8167	-13.705
2.825	-13.56
2.8333	-13.388
2.8417	-13.182
2.85	-13.039
2.8583	-12.867
2.8667	-12.716
2.875	-12.407
2.8833	-12.289
2.8917	-12.311
2.9	-12.375
2.9083	-12.13
2.9167	-11.902
2.925	-11.633
2.9333	-11.476
2.9417	-11.442
2.95	-11.391
2.9583	-11.254
2.9667	-11.131
2.975	-10.929
2.9833	-10.843
2.9917	-10.758
3	-10.701
3.0083	-10.679
3.0167	-10.589
3.025	-10.463
3.0333	-10.294
3.0417	-10.112
3.05	-10.084
3.0583	-10.167
3.0667	-10.022
3.075	-9.9728
3.0833	-9.9328
3.0917	-9.9223
3.1	-9.8545
3.1083	-9.8038
3.1167	-9.7863
3.125	-9.7867
3.1333	-9.799
3.1417	-9.7467
3.15	-9.7615
3.1583	-9.702
3.1667	-9.774
3.175	-9.8265
3.1833	-9.8304
3.1917	-9.884
3.2	-9.9308
3.2083	-9.9994
3.2167	-9.9559
3.225	-9.9072
3.2333	-9.8547
3.2417	-9.8419
3.25	-9.7886
3.2583	-9.8064
3.2667	-9.8534
3.275	-9.9074
3.2833	-9.9742
3.2917	-10.04
3.3	-9.8769
3.3083	-9.8007
3.3167	-9.7647
3.325	-9.631
3.3333	-9.6789
3.3417	-9.6608
3.35	-9.6935
3.3583	-9.6813
3.3667	-9.7123
3.375	-9.7498
3.3833	-9.6704
3.3917	-9.638
3.4	-9.646
3.4083	-9.639
3.4167	-9.6311
3.425	-9.6674
3.4333	-9.6829
3.4417	-9.6807
3.45	-9.7113
3.4583	-9.7655
3.4667	-9.7693
3.475	-9.7342
3.4833	-9.7267
3.4917	-9.7044
3.5	-9.7713
3.5083	-9.8097
3.5167	-9.8134
3.525	-9.834
3.5333	-9.8857
3.5417	-9.9392
3.55	-9.9455
3.5583	-9.9608
3.5667	-9.9909
3.575	-10.099
3.5833	-10.162
3.5917	-10.308
3.6	-10.269
3.6083	-10.307
3.6167	-10.367
3.625	-10.405
3.6333	-10.429
3.6417	-10.471
3.65	-10.406
3.6583	-10.411
3.6667	-10.442
3.675	-10.441
3.6833	-10.312
3.6917	-10.293
3.7	-10.308
3.7083	-10.326
3.7167	-10.333
3.725	-10.307
3.7333	-10.368
3.7417	-10.426
3.75	-10.495
3.7583	-10.5
3.7667	-10.489
3.775	-10.504
3.7833	-10.576
3.7917	-10.536
3.8	-10.561
3.8083	-10.593
3.8167	-10.529
3.825	-10.476
3.8333	-10.448
3.8417	-10.446
3.85	-10.481
3.8583	-10.5
3.8667	-10.531
3.875	-10.563
3.8833	-10.592
3.8917	-10.587
3.9	-10.632
3.9083	-10.63
3.9167	-10.597
3.925	-10.581
3.9333	-10.598
3.9417	-10.652
3.95	-10.698
3.9583	-10.681
3.9667	-10.685
3.975	-10.695
3.9833	-10.664
3.9917	-10.657
4	-10.651
4.0083	-10.572
4.0167	-10.584
4.025	-10.544
4.0333	-10.505
4.0417	-10.559
4.05	-10.591
4.0583	-10.669
4.0667	-10.725
4.075	-10.756
4.0833	-10.82
4.0917	-10.875
4.1	-10.959
4.1083	-11.058
4.1167	-11.042
4.125	-10.968
4.1333	-10.969
4.1417	-10.923
4.15	-10.831
4.1583	-11.055
4.1667	-11.17
4.175	-11.08
4.1833	-10.958
4.1917	-10.842
4.2	-10.914
4.2083	-11.024
4.2167	-11.085
4.225	-10.97
4.2333	-10.944
4.2417	-10.993
4.25	-11.113
4.2583	-11.32
4.2667	-11.334
4.275	-11.365
4.2833	-11.417
4.2917	-11.451
4.3	-11.61
4.3083	-11.788
4.3167	-11.856
4.325	-11.933
4.3333	-12.003
4.3417	-12.183
4.35	-12.168
4.3583	-12.263
4.3667	-12.326
4.375	-12.359
4.3833	-12.372
4.3917	-12.384
4.4	-12.426
4.4083	-12.506
4.4167	-12.55
4.425	-12.654
4.4333	-12.84
4.4417	-12.905
4.45	-12.897
4.4583	-12.968
4.4667	-12.932
4.475	-12.867
4.4833	-12.786
4.4917	-12.932
4.5	-13.005
4.5083	-13.074
4.5167	-13.186
4.525	-13.116
4.5333	-13.273
4.5417	-13.283
4.55	-13.265
4.5583	-13.543
4.5667	-13.374
4.575	-13.697
4.5833	-13.577
4.5917	-13.864
4.6	-13.831
4.6083	-14.126
4.6167	-14.001
4.625	-14.384
4.6333	-14.245
4.6417	-14.678
4.65	-14.548
4.6583	-14.909
4.6667	-14.876
4.675	-15.197
4.6833	-15.155
4.6917	-15.443
4.7	-15.369
4.7083	-15.733
4.7167	-15.631
4.725	-15.83
4.7333	-15.94
4.7417	-16.064
4.75	-16.295
4.7583	-16.297
4.7667	-16.484
4.775	-16.754
4.7833	-16.825
4.7917	-16.921
4.8	-17.032
4.8083	-17.272
4.8167	-17.52
4.825	-17.726
4.8333	-17.888
4.8417	-17.951
4.85	-18.105
4.8583	-18.388
4.8667	-18.6
4.875	-18.796
4.8833	-19.264
4.8917	-19.649
4.9	-19.979
4.9083	-20.224
4.9167	-20.513
4.925	-20.75
4.9333	-20.953
4.9417	-21.273
4.95	-21.569
4.9583	-21.882
4.9667	-22.243
4.975	-22.584
4.9833	-22.977
4.9917	-23.378
5	-23.721
5.0083	-23.997
5.0167	-24.355
5.025	-24.697
5.0333	-25.023
5.0417	-25.33
5.05	-25.586
5.0583	-25.827
5.0667	-26.073
5.075	-26.406
5.0833	-26.745
5.0917	-26.992
5.1	-27.361
5.1083	-27.527
5.1167	-27.857
5.125	-28.064
5.1333	-28.274
5.1417	-28.504
5.15	-28.727
5.1583	-28.929
5.1667	-29.051
5.175	-29.181
5.1833	-29.323
5.1917	-29.553
5.2	-29.701
5.2083	-29.875
5.2167	-29.991
5.225	-30.102
5.2333	-30.22
5.2417	-30.482
5.25	-30.661
5.2583	-30.894
5.2667	-30.989
5.275	-30.963
5.2833	-31.188
5.2917	-31.279
5.3	-31.408
5.3083	-31.534
5.3167	-31.695
5.325	-31.729
5.3333	-31.747
5.3417	-31.802
5.35	-32.064
5.3583	-31.983
5.3667	-32.285
5.375	-32.383
5.3833	-32.425
5.3917	-32.565
5.4	-32.471
5.4083	-32.736
5.4167	-32.782
5.425	-32.977
5.4333	-33.101
5.4417	-33.227
5.45	-33.361
5.4583	-33.375
5.4667	-33.693
5.475	-33.78
5.4833	-34.033
5.4917	-34.042
5.5	-34.321
5.5083	-34.361
5.5167	-34.573
5.525	-34.651
5.5333	-34.794
5.5417	-34.864
5.55	-35.051
5.5583	-35.186
5.5667	-35.382
5.575	-35.455
5.5833	-35.666
5.5917	-35.833
5.6	-36.127
5.6083	-36.19
5.6167	-36.256
5.625	-36.428
5.6333	-36.678
5.6417	-36.929
5.65	-37.065
5.6583	-37.287
5.6667	-37.547
5.675	-37.77
5.6833	-37.963
5.6917	-38.242
5.7	-38.578
5.7083	-38.905
5.7167	-39.236
5.725	-39.422
5.7333	-39.751
5.7417	-40.014
5.75	-40.307
5.7583	-40.647
5.7667	-40.816
5.775	-40.921
5.7833	-41.065
5.7917	-41.278
5.8	-41.537
5.8083	-41.775
5.8167	-42.007
5.825	-42.193
5.8333	-42.396
5.8417	-42.633
5.85	-42.851
5.8583	-43.052
5.8667	-43.209
5.875	-43.465
5.8833	-43.623
5.8917	-43.773
5.9	-43.884
5.9083	-43.971
5.9167	-44.149
5.925	-44.297
5.9333	-44.381
5.9417	-44.488
5.95	-44.655
5.9583	-44.835
5.9667	-44.956
5.975	-45.099
5.9833	-45.161
5.9917	-45.319
6	-45.468
6.0083	-45.631
6.0167	-45.647
6.025	-45.702
6.0333	-45.854
6.0417	-46.035
6.05	-46.078
6.0583	-46.122
6.0667	-46.296
6.075	-46.338
6.0833	-46.426
6.0917	-46.578
6.1	-46.541
6.1083	-46.609
6.1167	-46.647
6.125	-46.694
6.1333	-46.868
6.1417	-46.883
6.15	-46.854
6.1583	-46.938
6.1667	-46.853
6.175	-46.993
6.1833	-47.056
6.1917	-47.015
6.2	-47.041
6.2083	-46.988
6.2167	-47.11
6.225	-47.147
6.2333	-47.233
6.2417	-47.154
6.25	-47.267
6.2583	-47.43
6.2667	-47.351
6.275	-47.492
6.2833	-47.515
6.2917	-47.566
6.3	-47.909
6.3083	-47.925
6.3167	-48.036
6.325	-48.101
6.3333	-48.224
6.3417	-48.319
6.35	-48.485
6.3583	-48.66
6.3667	-48.685
6.375	-48.756
6.3833	-48.956
6.3917	-49.138
6.4	-49.272
6.4083	-49.429
6.4167	-49.627
6.425	-49.787
6.4333	-49.794
6.4417	-49.897
6.45	-50.041
6.4583	-50.386
6.4667	-50.705
6.475	-50.846
6.4833	-50.951
6.4917	-51.048
6.5	-51.334
6.5083	-51.562
6.5167	-51.742
6.525	-51.934
6.5333	-52.261
6.5417	-52.482
6.55	-52.606
6.5583	-52.784
6.5667	-52.979
6.575	-53.215
6.5833	-53.399
6.5917	-53.605
6.6	-53.808
6.6083	-53.968
6.6167	-53.973
6.625	-54.138
6.6333	-54.367
6.6417	-54.593
6.65	-54.678
6.6583	-54.772
6.6667	-55.023
6.675	-55.248
6.6833	-55.355
6.6917	-55.333
6.7	-55.382
6.7083	-55.538
6.7167	-55.755
6.725	-55.857
6.7333	-55.773
6.7417	-55.851
6.75	-56.056
6.7583	-56.183
6.7667	-56.188
6.775	-56.264
6.7833	-56.418
6.7917	-56.524
6.8	-56.576
6.8083	-56.698
6.8167	-56.879
6.825	-57
6.8333	-57.128
6.8417	-57.215
6.85	-57.297
6.8583	-57.36
6.8667	-57.409
6.875	-57.555
6.8833	-57.682
6.8917	-57.809
6.9	-57.865
6.9083	-57.843
6.9167	-57.829
6.925	-57.776
6.9333	-57.834
6.9417	-57.964
6.95	-57.932
6.9583	-57.842
6.9667	-57.797
6.975	-57.785
6.9833	-57.769
6.9917	-57.79
7	-57.824
7.0083	-57.805
7.0167	-57.654
7.025	-57.508
7.0333	-57.304
7.0417	-57.276
7.05	-57.191
7.0583	-57.159
7.0667	-57.124
7.075	-57.011
7.0833	-56.865
7.0917	-56.632
7.1	-56.494
7.1083	-56.362
7.1167	-56.262
7.125	-56.134
7.1333	-56.06
7.1417	-55.879
7.15	-55.641
7.1583	-55.499
7.1667	-55.335
7.175	-55.161
7.1833	-54.959
7.1917	-54.852
7.2	-54.752
7.2083	-54.545
7.2167	-54.325
7.225	-54.132
7.2333	-53.988
7.2417	-53.962
7.25	-53.865
7.2583	-53.766
7.2667	-53.668
7.275	-53.587
7.2833	-53.492
7.2917	-53.386
7.3	-53.391
7.3083	-53.385
7.3167	-53.313
7.325	-53.214
7.3333	-53.043
7.3417	-52.897
7.35	-52.818
7.3583	-52.752
7.3667	-52.666
7.375	-52.672
7.3833	-52.644
7.3917	-52.674
7.4	-52.542
7.4083	-52.366
7.4167	-52.294
7.425	-52.317
7.4333	-52.424
7.4417	-52.212
7.45	-52.115
7.4583	-52.01
7.4667	-52.2
7.475	-52.036
7.4833	-51.908
7.4917	-51.691
7.5	-51.92
7.5083	-51.874
7.5167	-51.731
7.525	-51.494
7.5333	-51.479
7.5417	-51.591
7.55	-51.524
7.5583	-51.476
7.5667	-51.253
7.575	-51.224
7.5833	-51.121
7.5917	-50.961
7.6	-51.03
7.6083	-50.993
7.6167	-50.828
7.625	-50.734
7.6333	-50.55
7.6417	-50.33
7.65	-50.149
7.6583	-50.048
7.6667	-49.918
7.675	-49.752
7.6833	-49.655
7.6917	-49.471
7.7	-49.236
7.7083	-49.07
7.7167	-48.867
7.725	-48.657
7.7333	-48.454
7.7417	-48.24
7.75	-47.984
7.7583	-47.842
7.7667	-47.667
7.775	-47.504
7.7833	-47.291
7.7917	-46.968
7.8	-46.665
7.8083	-46.394
7.8167	-46.285
7.825	-46.051
7.8333	-45.75
7.8417	-45.441
7.85	-45.158
7.8583	-44.899
7.8667	-44.72
7.875	-44.537
7.8833	-44.313
7.8917	-44.075
7.9	-43.848
7.9083	-43.629
7.9167	-43.405
7.925	-43.199
7.9333	-42.999
7.9417	-42.795
7.95	-42.588
7.9583	-42.488
7.9667	-42.347
7.975	-42.225
7.9833	-42.074
7.9917	-41.977
8	-41.97
8.0083	-41.886
8.0167	-41.744
8.025	-41.622
8.0333	-41.648
8.0417	-41.551
8.05	-41.467
8.0583	-41.282
8.0667	-41.405
8.075	-41.138
8.0833	-41.02
8.0917	-41.045
8.1	-40.808
8.1083	-40.83
8.1167	-40.659
8.125	-40.572
8.1333	-40.423
8.1417	-40.395
8.15	-40.181
8.1583	-40.102
8.1667	-39.989
8.175	-39.701
8.1833	-39.551
8.1917	-39.297
8.2	-39.217
8.2083	-38.998
8.2167	-38.759
8.225	-38.608
8.2333	-38.389
8.2417	-38.255
8.25	-38.013
8.2583	-37.912
8.2667	-37.693
8.275	-37.377
8.2833	-37.366
8.2917	-37.009
8.3	-36.922
8.3083	-36.823
8.3167	-36.486
8.325	-36.298
8.3333	-36.27
8.3417	-36.052
8.35	-35.863
8.3583	-35.711
8.3667	-35.547
8.375	-35.439
8.3833	-35.301
8.3917	-35.118
8.4	-34.946
8.4083	-34.821
8.4167	-34.727
8.425	-34.574
8.4333	-34.375
8.4417	-34.152
8.45	-34.058
8.4583	-33.842
8.4667	-33.668
8.475	-33.527
8.4833	-33.492
8.4917	-33.348
8.5	-33.158
8.5083	-32.966
8.5167	-32.971
8.525	-32.814
8.5333	-32.499
8.5417	-32.337
8.55	-32.415
8.5583	-32.296
8.5667	-31.989
8.575	-31.892
8.5833	-31.812
8.5917	-31.819
8.6	-31.606
8.6083	-31.431
8.6167	-31.425
8.625	-31.482
8.6333	-31.362
8.6417	-31.32
8.65	-31.458
8.6583	-31.554
8.6667	-31.457
8.675	-31.439
8.6833	-31.378
8.6917	-31.35
8.7	-31.413
8.7083	-31.391
8.7167	-31.369
8.725	-31.336
8.7333	-31.272
8.7417	-31.214
8.75	-31.321
8.7583	-31.513
8.7667	-31.601
8.775	-31.468
8.7833	-31.144
8.7917	-31.282
8.8	-31.167
8.8083	-31.224
8.8167	-31.392
8.825	-31.301
8.8333	-31.188
8.8417	-30.9
8.85	-30.68
8.8583	-30.721
8.8667	-30.647
8.875	-30.555
8.8833	-30.49
8.8917	-30.341
8.9	-30.247
8.9083	-29.942
8.9167	-29.993
8.925	-29.644
8.9333	-29.676
8.9417	-29.478
8.95	-29.486
8.9583	-29.347
8.9667	-29.252
8.975	-29.251
8.9833	-28.922
8.9917	-29.06
9	-28.732
9.0083	-28.767
9.0167	-28.607
9.025	-28.517
9.0333	-28.41
9.0417	-28.263
9.05	-28.238
9.0583	-28.096
9.0667	-27.86
9.075	-27.785
9.0833	-27.592
9.0917	-27.393
9.1	-27.278
9.1083	-27.099
9.1167	-26.756
9.125	-26.594
9.1333	-26.418
9.1417	-26.232
9.15	-25.971
9.1583	-25.751
9.1667	-25.454
9.175	-25.219
9.1833	-24.954
9.1917	-24.694
9.2	-24.478
9.2083	-24.283
9.2167	-23.997
9.225	-23.688
9.2333	-23.25
9.2417	-22.927
9.25	-22.643
9.2583	-22.552
9.2667	-22.395
9.275	-22.284
9.2833	-22.07
9.2917	-21.839
9.3	-21.539
9.3083	-21.31
9.3167	-21.153
9.325	-21.078
9.3333	-20.994
9.3417	-20.8
9.35	-20.438
9.3583	-20.238
9.3667	-20.019
9.375	-19.899
9.3833	-19.812
9.3917	-19.744
9.4	-19.616
9.4083	-19.51
9.4167	-19.439
9.425	-19.32
9.4333	-19.203
9.4417	-19.018
9.45	-18.785
9.4583	-18.641
9.4667	-18.59
9.475	-18.604
9.4833	-18.432
9.4917	-18.147
9.5	-18.072
9.5083	-18.083
9.5167	-17.876
9.525	-17.78
9.5333	-17.707
9.5417	-17.566
9.55	-17.468
9.5583	-17.395
9.5667	-17.212
9.575	-17.26
9.5833	-16.922
9.5917	-17.054
9.6	-16.844
9.6083	-16.758
9.6167	-16.683
9.625	-16.485
9.6333	-16.537
9.6417	-16.14
9.65	-16.162
9.6583	-16
9.6667	-15.941
9.675	-15.831
9.6833	-15.549
9.6917	-15.616
9.7	-15.4
9.7083	-15.387
9.7167	-15.161
9.725	-15.16
9.7333	-14.916
9.7417	-14.813
9.75	-14.667
9.7583	-14.511
9.7667	-14.231
9.775	-14.268
9.7833	-14.052
9.7917	-13.812
9.8	-13.738
9.8083	-13.621
9.8167	-13.43
9.825	-13.366
9.8333	-13.33
9.8417	-13.028
9.85	-12.655
9.8583	-12.42
9.8667	-12.315
9.875	-12.241
9.8833	-11.991
9.8917	-11.675
9.9	-11.409
9.9083	-11.063
9.9167	-10.839
9.925	-10.56
9.9333	-10.335
9.9417	-10.231
9.95	-10.096
9.9583	-9.7114
9.9667	-9.3714
9.975	-9.0477
9.9833	-8.7228
9.9917	-8.6056
10	-8.486
10.008	-8.3073
10.017	-8.0361
10.025	-7.6817
10.033	-7.3506
10.042	-7.0647
10.05	-6.8053
10.058	-6.6678
10.067	-6.5373
10.075	-6.4431
10.083	-6.29
10.092	-6.1673
10.1	-6.0971
10.108	-6.0389
10.117	-5.9102
10.125	-5.6733
10.133	-5.3393
10.142	-5.1204
10.15	-4.9713
10.158	-4.9482
10.167	-4.9262
10.175	-4.7205
10.183	-4.5442
10.192	-4.4839
10.2	-4.5628
10.208	-4.4461
10.217	-4.2103
10.225	-4.1428
10.233	-4.1301
10.242	-4.0093
10.25	-3.9586
10.258	-3.9845
10.267	-3.9875
10.275	-3.8623
10.283	-3.9495
10.292	-3.7763
10.3	-3.8542
10.308	-3.8626
10.317	-3.7121
10.325	-3.8614
10.333	-3.6651
10.342	-3.7694
10.35	-3.6553
10.358	-3.7561
10.367	-3.6637
10.375	-3.6782
10.383	-3.6472
10.392	-3.5151
10.4	-3.5928
10.408	-3.6239
10.417	-3.3879
10.425	-3.5648
10.433	-3.5552
10.442	-3.4409
10.45	-3.5179
10.458	-3.3287
10.467	-3.1321
10.475	-3.1013
10.483	-3.0472
10.492	-2.8184
10.5	-2.5723
10.508	-2.6186
10.517	-2.6083
10.525	-2.2785
10.533	-2.008
10.542	-1.8852
10.55	-1.8158
10.558	-1.6949
10.567	-1.4986
10.575	-1.3061
10.583	-1.1211
10.592	-0.96486
10.6	-0.79216
10.608	-0.52697
10.617	-0.39562
10.625	-0.25715
10.633	-0.020383
10.642	0.17618
10.65	0.29796
10.658	0.49601
10.667	0.71669
10.675	0.92778
10.683	1.1474
10.692	1.3237
10.7	1.5796
10.708	1.8373
10.717	2.0396
10.725	2.2718
10.733	2.4529
10.742	2.6789
10.75	2.8629
10.758	2.9088
10.767	3.064
10.775	3.2127
10.783	3.4005
10.792	3.6398
10.8	3.8042
10.808	4.0366
10.817	4.152
10.825	4.2029
10.833	4.4048
10.842	4.7331
10.85	5.0753
10.858	5.1663
10.867	5.4373
10.875	5.808
10.883	5.9146
10.892	6.1103
10.9	6.1632
10.908	6.2097
10.917	6.5053
10.925	6.5921
10.933	6.9248
10.942	7.0611
10.95	7.0793
10.958	7.3951
10.967	7.5901
10.975	7.5646
10.983	7.9247
10.992	8.0333
11	8.1395
11.008	8.3787
11.017	8.6719
11.025	8.7723
11.033	8.9213
11.042	9.106
11.05	9.1422
11.058	9.4624
11.067	9.6605
11.075	9.8071
11.083	10.235
11.092	10.297
11.1	10.433
11.108	10.752
11.117	10.764
11.125	10.988
11.133	11.229
11.142	11.376
11.15	11.716
11.158	11.901
11.167	11.878
11.175	12.294
11.183	12.472
11.192	12.622
11.2	12.823
11.208	13.068
11.217	13.248
11.225	13.499
11.233	13.742
11.242	13.945
11.25	14.216
11.258	14.417
11.267	14.674
11.275	14.957
11.283	15.23
11.292	15.536
11.3	15.774
11.308	16.02
11.317	16.259
11.325	16.594
11.333	16.852
11.342	17.105
11.35	17.353
11.358	17.591
11.367	17.889
11.375	18.225
11.383	18.577
11.392	18.926
11.4	19.273
11.408	19.593
11.417	19.891
11.425	20.176
11.433	20.479
11.442	20.72
11.45	20.949
11.458	21.212
11.467	21.507
11.475	21.732
11.483	21.877
11.492	22.118
11.5	22.28
11.508	22.481
11.517	22.64
11.525	22.824
11.533	23.014
11.542	23.142
11.55	23.26
11.558	23.416
11.567	23.566
11.575	23.687
11.583	23.811
11.592	23.95
11.6	24.089
11.608	24.177
11.617	24.289
11.625	24.42
11.633	24.535
11.642	24.625
11.65	24.744
11.658	24.823
11.667	25.005
11.675	25.103
11.683	25.34
11.692	25.452
11.7	25.487
11.708	25.529
11.717	25.596
11.725	25.729
11.733	25.868
11.742	25.967
11.75	26.013
11.758	26.007
11.767	26.113
11.775	26.17
11.783	26.303
11.792	26.41
11.8	26.505
11.808	26.605
11.817	26.649
11.825	26.763
11.833	26.87
11.842	26.91
11.85	26.971
11.858	27.091
11.867	27.18
11.875	27.252
11.883	27.432
11.892	27.568
11.9	27.706
11.908	27.867
11.917	28.054
11.925	28.258
11.933	28.479
11.942	28.69
11.95	28.905
11.958	29.112
11.967	29.335
11.975	29.595
11.983	29.809
11.992	30.036
12	30.298
12.008	30.563
12.017	30.814
12.025	31.083
12.033	31.334
12.042	31.586
12.05	31.869
12.058	32.124
12.067	32.387
12.075	32.688
12.083	32.968
12.092	33.246
12.1	33.477
12.108	33.716
12.117	33.924
12.125	34.141
12.133	34.43
12.142	34.668
12.15	34.914
12.158	35.135
12.167	35.4
12.175	35.527
12.183	35.664
12.192	35.775
12.2	35.889
12.208	36.023
12.217	36.131
12.225	36.242
12.233	36.354
12.242	36.459
12.25	36.554
12.258	36.642
12.267	36.714
12.275	36.769
12.283	36.92
12.292	36.995
12.3	36.989
12.308	36.992
12.317	37.065
12.325	37.075
12.333	37.134
12.342	37.23
12.35	37.262
12.358	37.371
12.367	37.483
12.375	37.595
12.383	37.646
12.392	37.809
12.4	37.973
12.408	38.115
12.417	38.241
12.425	38.487
12.433	38.598
12.442	38.76
12.45	39.062
12.458	39.14
12.467	39.334
12.475	39.568
12.483	39.825
12.492	39.966
12.5	40.137
12.508	40.356
12.517	40.657
12.525	40.811
12.533	41.051
12.542	41.351
12.55	41.548
12.558	41.814
12.567	42.292
12.575	42.307
12.583	42.542
12.592	42.802
12.6	43.084
12.608	43.353
12.617	43.615
12.625	43.831
12.633	44.04
12.642	44.202
12.65	44.498
12.658	44.816
12.667	44.987
12.675	45.197
12.683	45.503
12.692	45.722
12.7	45.89
12.708	46.299
12.717	46.557
12.725	46.793
12.733	47.023
12.742	47.243
12.75	47.573
12.758	47.86
12.767	48.031
12.775	48.318
12.783	48.511
12.792	48.664
12.8	48.704
12.808	48.804
12.817	49.014
12.825	49.259
12.833	49.512
12.842	49.604
12.85	49.793
12.858	50.009
12.867	50.138
12.875	50.219
12.883	50.332
12.892	50.406
12.9	50.511
12.908	50.666
12.917	50.86
12.925	51.011
12.933	51.164
12.942	51.229
12.95	51.349
12.958	51.551
12.967	51.637
12.975	51.724
12.983	51.976
12.992	52.019
13	52.17
13.008	52.197
13.017	52.335
13.025	52.617
13.033	52.648
13.042	52.865
13.05	53.038
13.058	53.079
13.067	53.26
13.075	53.307
13.083	53.47
13.092	53.427
13.1	53.583
13.108	53.682
13.117	53.661
13.125	53.794
13.133	53.85
13.142	53.938
13.15	53.898
13.158	54.027
13.167	54.031
13.175	54.058
13.183	54.124
13.192	54.109
13.2	54.161
13.208	54.158
13.217	54.196
13.225	54.33
13.233	54.388
13.242	54.419
13.25	54.559
13.258	54.751
13.267	54.889
13.275	54.986
13.283	55.17
13.292	55.662
13.3	55.905
13.308	55.921
13.317	56.176
13.325	56.426
13.333	56.387
13.342	56.559
13.35	56.724
13.358	56.912
13.367	57.147
13.375	57.297
13.383	57.45
13.392	57.669
13.4	57.751
13.408	57.954
13.417	58.137
13.425	58.229
13.433	58.389
13.442	58.463
13.45	58.639
13.458	58.796
13.467	58.935
13.475	59.058
13.483	59.102
13.492	59.201
13.5	59.222
13.508	59.362
13.517	59.382
13.525	59.494
13.533	59.436
13.542	59.529
13.55	59.497
13.558	59.55
13.567	59.577
13.575	59.524
13.583	59.526
13.592	59.518
13.6	59.46
13.608	59.524
13.617	59.457
13.625	59.417
13.633	59.512
13.642	59.532
13.65	59.414
13.658	59.338
13.667	59.359
13.675	59.301
13.683	59.332
13.692	59.362
13.7	59.369
13.708	59.339
13.717	59.314
13.725	59.295
13.733	59.241
13.742	59.247
13.75	59.28
13.758	59.259
13.767	59.24
13.775	59.246
13.783	59.185
13.792	59.126
13.8	59.05
13.808	58.958
13.817	58.843
13.825	58.731
13.833	58.586
13.842	58.466
13.85	58.327
13.858	58.164
13.867	57.961
13.875	57.763
13.883	57.521
13.892	57.296
13.9	57.073
13.908	56.849
13.917	56.572
13.925	56.268
13.933	56.001
13.942	55.698
13.95	55.355
13.958	55.055
13.967	54.755
13.975	54.479
13.983	54.165
13.992	53.848
14	53.569
14.008	53.257
14.017	52.95
14.025	52.764
14.033	52.547
14.042	52.198
14.05	51.961
14.058	51.934
14.067	51.717
14.075	51.501
14.083	51.316
14.092	51.092
14.1	50.871
14.108	50.732
14.117	50.596
14.125	50.458
14.133	50.317
14.142	50.128
14.15	50.017
14.158	49.823
14.167	49.699
14.175	49.581
14.183	49.396
14.192	49.15
14.2	49.049
14.208	48.963
14.217	48.687
14.225	48.356
14.233	48.24
14.242	48.086
14.25	47.808
14.258	47.671
14.267	47.534
14.275	47.357
14.283	47.258
14.292	47.119
14.3	46.93
14.308	46.769
14.317	46.709
14.325	46.556
14.333	46.361
14.342	46.195
14.35	45.937
14.358	45.707
14.367	45.535
14.375	45.309
14.383	45.153
14.392	44.931
14.4	44.637
14.408	44.379
14.417	44.075
14.425	43.781
14.433	43.434
14.442	43.147
14.45	42.882
14.458	42.609
14.467	42.338
14.475	41.918
14.483	41.617
14.492	41.255
14.5	40.934
14.508	40.698
14.517	40.45
14.525	40.215
14.533	39.979
14.542	39.703
14.55	39.419
14.558	39.243
14.567	38.953
14.575	38.694
14.583	38.444
14.592	38.189
14.6	37.913
14.608	37.628
14.617	37.374
14.625	37.14
14.633	36.85
14.642	36.599
14.65	36.373
14.658	36.113
14.667	35.836
14.675	35.568
14.683	35.338
14.692	35.042
14.7	34.838
14.708	34.63
14.717	34.451
14.725	34.301
14.733	34.086
14.742	33.874
14.75	33.687
14.758	33.579
14.767	33.447
14.775	33.199
14.783	33.069
14.792	32.943
14.8	32.688
14.808	32.515
14.817	32.299
14.825	32.057
14.833	31.866
14.842	31.597
14.85	31.381
14.858	31.224
14.867	30.946
14.875	30.685
14.883	30.454
14.892	30.23
14.9	29.98
14.908	29.674
14.917	29.497
14.925	29.357
14.933	29.072
14.942	28.848
14.95	28.634
14.958	28.352
14.967	28.092
14.975	27.88
14.983	27.719
14.992	27.471
15	27.252
15.008	27.087
15.017	26.89
15.025	26.636
15.033	26.526
15.042	26.345
15.05	26.084
15.058	25.86
15.067	25.673
15.075	25.526
15.083	25.438
15.092	25.198
15.1	25.015
15.108	24.828
15.117	24.644
15.125	24.425
15.133	24.176
15.142	23.958
15.15	23.738
15.158	23.512
15.167	23.268
15.175	23.042
15.183	22.823
15.192	22.611
15.2	22.383
15.208	22.157
15.217	21.925
15.225	21.668
15.233	21.393
15.242	21.115
15.25	20.874
15.258	20.632
15.267	20.311
15.275	20.013
15.283	19.742
15.292	19.448
15.3	19.189
15.308	18.908
15.317	18.626
15.325	18.364
15.333	18.105
15.342	17.802
15.35	17.467
15.358	17.162
15.367	16.878
15.375	16.622
15.383	16.362
15.392	16.124
15.4	15.916
15.408	15.689
15.417	15.526
15.425	15.34
15.433	15.182
15.442	15.015
15.45	14.847
15.458	14.69
15.467	14.559
15.475	14.401
15.483	14.239
15.492	14.061
15.5	13.749
15.508	13.548
15.517	13.351
15.525	13.216
15.533	13.046
15.542	12.839
15.55	12.69
15.558	12.538
15.567	12.467
15.575	12.251
15.583	12.061
15.592	11.989
15.6	11.974
15.608	11.716
15.617	11.649
15.625	11.625
15.633	11.496
15.642	11.267
15.65	11.276
15.658	11.157
15.667	10.909
15.675	10.813
15.683	10.63
15.692	10.631
15.7	10.38
15.708	10.291
15.717	10.08
15.725	9.93
15.733	9.8312
15.742	9.7103
15.75	9.4423
15.758	9.4346
15.767	9.2865
15.775	9.0202
15.783	8.8937
15.792	8.8035
15.8	8.6323
15.808	8.3367
15.817	8.2043
15.825	8.1218
15.833	7.9505
15.842	7.6462
15.85	7.4828
15.858	7.2854
15.867	7.0763
15.875	6.8563
15.883	6.6051
15.892	6.2917
15.9	5.9929
15.908	5.766
15.917	5.4567
15.925	5.1695
15.933	4.8981
15.942	4.5056
15.95	4.0248
15.958	3.6619
15.967	3.3106
15.975	2.9815
15.983	2.6639
15.992	2.3287
16	1.9189
16.008	1.561
16.017	1.3328
16.025	0.94144
16.033	0.61956
16.042	0.31274
16.05	0.031502
16.058	-0.28512
16.067	-0.62402
16.075	-0.83874
16.083	-1.1681
16.092	-1.496
16.1	-1.8247
16.108	-2.1846
16.117	-2.4738
16.125	-2.742
16.133	-2.9471
16.142	-3.1327
16.15	-3.2562
16.158	-3.4376
16.167	-3.5461
16.175	-3.7052
16.183	-3.8231
16.192	-3.904
16.2	-3.8364
16.208	-3.8634
16.217	-3.8896
16.225	-3.8769
16.233	-3.8497
16.242	-3.9159
16.25	-4.099
16.258	-4.2814
16.267	-4.2462
16.275	-4.1452
16.283	-4.1867
16.292	-4.0503
16.3	-3.9215
16.308	-4.2574
16.317	-4.0814
16.325	-4.109
16.333	-4.4163
16.342	-4.3213
16.35	-4.609
16.358	-4.6152
16.367	-4.852
16.375	-4.9722
16.383	-5.0911
16.392	-5.1782
16.4	-5.4426
16.408	-5.5498
16.417	-5.6315
16.425	-5.9432
16.433	-6.037
16.442	-6.1656
16.45	-6.5068
16.458	-6.6123
16.467	-6.9465
16.475	-7.0426
16.483	-7.3939
16.492	-7.3692
16.5	-7.773
16.508	-7.8706
16.517	-8.1423
16.525	-8.3923
16.533	-8.3908
16.542	-8.7907
16.55	-8.8255
16.558	-8.9986
16.567	-9.2411
16.575	-9.573
16.583	-9.7362
16.592	-9.9565
16.6	-10.107
16.608	-10.349
16.617	-10.57
16.625	-10.772
16.633	-10.948
16.642	-11.161
16.65	-11.313
16.658	-11.407
16.667	-11.565
16.675	-11.752
16.683	-11.876
16.692	-12.05
16.7	-12.197
16.708	-12.366
16.717	-12.598
16.725	-12.705
16.733	-12.788
16.742	-12.777
16.75	-12.953
16.758	-13.114
16.767	-13.155
16.775	-13.112
16.783	-13.367
16.792	-13.468
16.8	-13.437
16.808	-13.424
16.817	-13.371
16.825	-13.572
16.833	-13.708
16.842	-13.736
16.85	-13.763
16.858	-13.734
16.867	-13.787
16.875	-13.842
16.883	-13.909
16.892	-14.041
16.9	-14.099
16.908	-14.045
16.917	-14.11
16.925	-14.102
16.933	-14.079
16.942	-14.049
16.95	-14.194
16.958	-14.228
16.967	-14.165
16.975	-14.223
16.983	-14.264
16.992	-14.317
17	-14.392
17.008	-14.406
17.017	-14.549
17.025	-14.603
17.033	-14.779
17.042	-14.862
17.05	-14.893
17.058	-15.061
17.067	-15.149
17.075	-15.094
17.083	-15.186
17.092	-15.336
17.1	-15.402
17.108	-15.608
17.117	-15.578
17.125	-15.837
17.133	-15.863
17.142	-16.165
17.15	-16.033
17.158	-16.349
17.167	-16.212
17.175	-16.453
17.183	-16.513
17.192	-16.516
17.2	-16.715
17.208	-16.913
17.217	-16.805
17.225	-16.871
17.233	-17.088
17.242	-17.378
17.25	-17.289
17.258	-17.278
17.267	-17.607
17.275	-17.838
17.283	-17.965
17.292	-18.12
17.3	-18.254
17.308	-18.527
17.317	-18.869
17.325	-18.964
17.333	-19.21
17.342	-19.479
17.35	-19.889
17.358	-20.069
17.367	-20.306
17.375	-20.552
17.383	-20.765
17.392	-20.978
17.4	-21.349
17.408	-21.665
17.417	-22.032
17.425	-22.356
17.433	-22.639
17.442	-22.888
17.45	-23.134
17.458	-23.384
17.467	-23.668
17.475	-23.841
17.483	-24.024
17.492	-24.32
17.5	-24.622
17.508	-24.824
17.517	-25.04
17.525	-25.284
17.533	-25.574
17.542	-25.847
17.55	-26.085
17.558	-26.306
17.567	-26.608
17.575	-26.897
17.583	-27.028
17.592	-27.284
17.6	-27.488
17.608	-27.803
17.617	-27.944
17.625	-28.166
17.633	-28.475
17.642	-28.606
17.65	-28.748
17.658	-29.054
17.667	-29.191
17.675	-29.464
17.683	-29.51
17.692	-29.855
17.7	-29.896
17.708	-30.061
17.717	-30.259
17.725	-30.42
17.733	-30.467
17.742	-30.855
17.75	-30.804
17.758	-31.169
17.767	-31.224
17.775	-31.296
17.783	-31.44
17.792	-31.643
17.8	-31.73
17.808	-31.898
17.817	-32.192
17.825	-32.298
17.833	-32.634
17.842	-32.758
17.85	-32.772
17.858	-33.104
17.867	-33.218
17.875	-33.326
17.883	-33.609
17.892	-33.74
17.9	-34.08
17.908	-34.36
17.917	-34.419
17.925	-34.926
17.933	-35.016
17.942	-35.326
17.95	-35.537
17.958	-35.909
17.967	-36.026
17.975	-36.308
17.983	-36.633
17.992	-36.87
18	-37.205
18.008	-37.528
18.017	-37.721
18.025	-38.039
18.033	-38.394
18.042	-38.801
18.05	-39.043
18.058	-39.164
18.067	-39.597
18.075	-39.99
18.083	-40.279
18.092	-40.653
18.1	-40.905
18.108	-41.271
18.117	-41.567
18.125	-41.942
18.133	-42.394
18.142	-42.705
18.15	-43.14
18.158	-43.557
18.167	-43.813
18.175	-44.201
18.183	-44.514
18.192	-44.923
18.2	-45.181
18.208	-45.468
18.217	-45.789
18.225	-46.129
18.233	-46.395
18.242	-46.552
18.25	-46.984
18.258	-47.274
18.267	-47.361
18.275	-47.538
18.283	-47.977
18.292	-48.183
18.3	-48.369
18.308	-48.479
18.317	-48.777
18.325	-48.992
18.333	-49.323
18.342	-49.427
18.35	-49.619
18.358	-49.743
18.367	-50.02
18.375	-50.269
18.383	-50.241
18.392	-50.437
18.4	-50.652
18.408	-50.88
18.417	-50.99
18.425	-51.061
18.433	-51.277
18.442	-51.685
18.45	-51.817
18.458	-51.808
18.467	-52.115
18.475	-52.381
18.483	-52.632
18.492	-52.843
18.5	-53.023
18.508	-53.256
18.517	-53.466
18.525	-53.683
18.533	-53.939
18.542	-54.144
18.55	-54.349
18.558	-54.589
18.567	-54.733
18.575	-54.932
18.583	-55.157
18.592	-55.382
18.6	-55.674
18.608	-55.715
18.617	-55.995
18.625	-56.293
18.633	-56.47
18.642	-56.805
18.65	-56.948
18.658	-57.163
18.667	-57.399
18.675	-57.592
18.683	-57.866
18.692	-58.03
18.7	-58.367
18.708	-58.634
18.717	-58.811
18.725	-59.125
18.733	-59.417
18.742	-59.584
18.75	-59.815
18.758	-60.085
18.767	-60.394
18.775	-60.76
18.783	-61.003
18.792	-61.163
18.8	-61.428
18.808	-61.655
18.817	-61.923
18.825	-62.209
18.833	-62.53
18.842	-62.886
18.85	-63.212
18.858	-63.515
18.867	-63.805
18.875	-63.85
18.883	-64.149
18.892	-64.418
18.9	-64.522
18.908	-64.796
18.917	-65.007
18.925	-65.16
18.933	-65.34
18.942	-65.53
18.95	-65.901
18.958	-66.148
18.967	-66.247
18.975	-66.479
18.983	-66.711
18.992	-66.883
19	-67.076
19.008	-67.493
19.017	-67.561
19.025	-67.727
19.033	-68.205
19.042	-68.267
19.05	-68.515
19.058	-68.574
19.067	-68.807
19.075	-69.115
19.083	-69.052
19.092	-69.332
19.1	-69.559
19.108	-69.56
19.117	-69.721
19.125	-69.966
19.133	-70.093
19.142	-70.165
19.15	-70.218
19.158	-70.4
19.167	-70.611
19.175	-70.679
19.183	-70.682
19.192	-71.083
19.2	-71.223
19.208	-71.282
19.217	-71.573
19.225	-71.818
19.233	-71.911
19.242	-72.2
19.25	-72.417
19.258	-72.249
19.267	-72.267
19.275	-72.515
19.283	-72.732
19.292	-72.982
19.3	-73.061
19.308	-73.076
19.317	-72.989
19.325	-73.056
19.333	-73.04
19.342	-73.071
19.35	-73.113
19.358	-73.133
19.367	-72.943
19.375	-72.845
19.383	-72.867
19.392	-72.755
19.4	-72.41
19.408	-72.236
19.417	-72.255
19.425	-72.343
19.433	-72.42
19.442	-72.301
19.45	-72
19.458	-71.82
19.467	-71.647
19.475	-71.579
19.483	-71.704
19.492	-71.675
19.5	-71.359
19.508	-71.095
19.517	-71.06
19.525	-71.011
19.533	-70.929
19.542	-70.748
19.55	-70.734
19.558	-70.767
19.567	-70.795
19.575	-70.421
19.583	-70.225
19.592	-70.183
19.6	-70.098
19.608	-70.144
19.617	-70.165
19.625	-69.883
19.633	-69.817
19.642	-69.715
19.65	-69.732
19.658	-69.518
19.667	-69.379
19.675	-69.453
19.683	-69.123
19.692	-69.205
19.7	-69.12
19.708	-68.843
19.717	-68.661
19.725	-68.784
19.733	-68.682
19.742	-68.505
19.75	-68.29
19.758	-68.24
19.767	-68.418
19.775	-68.248
19.783	-68.209
19.792	-68.125
19.8	-67.939
19.808	-67.748
19.817	-67.612
19.825	-67.429
19.833	-67.32
19.842	-67.214
19.85	-67.098
19.858	-67.133
19.867	-67.105
19.875	-67.041
19.883	-66.873
19.892	-66.615
19.9	-66.263
19.908	-66.03
19.917	-65.891
19.925	-65.743
19.933	-65.5
19.942	-65.153
19.95	-64.822
19.958	-64.567
19.967	-64.469
19.975	-64.448
19.983	-64.075
19.992	-63.613
20	-63.213
20.008	-62.826
20.017	-62.541
20.025	-62.188
20.033	-61.928
20.042	-61.601
20.05	-61.362
20.058	-61.055
20.067	-60.676
20.075	-60.232
20.083	-59.718
20.092	-59.309
20.1	-58.957
20.108	-58.636
20.117	-58.278
20.125	-57.816
20.133	-57.469
20.142	-57.137
20.15	-56.768
20.158	-56.537
20.167	-56.262
20.175	-55.985
20.183	-55.765
20.192	-55.446
20.2	-55.103
20.208	-54.91
20.217	-54.681
20.225	-54.435
20.233	-54.166
20.242	-54.011
20.25	-53.944
20.258	-53.632
20.267	-53.58
20.275	-53.438
20.283	-53.306
20.292	-53.026
20.3	-52.644
20.308	-52.493
20.317	-52.454
20.325	-52.36
20.333	-52.15
20.342	-52.034
20.35	-51.989
20.358	-51.69
20.367	-51.425
20.375	-51.45
20.383	-51.156
20.392	-50.942
20.4	-50.871
20.408	-50.602
20.417	-50.457
20.425	-50.302
20.433	-50.24
20.442	-49.995
20.45	-49.786
20.458	-49.642
20.467	-49.664
20.475	-49.232
20.483	-49.155
20.492	-48.931
20.5	-48.944
20.508	-48.748
20.517	-48.542
20.525	-48.506
20.533	-48.457
20.542	-48.2
20.55	-47.886
20.558	-47.726
20.567	-47.657
20.575	-47.532
20.583	-47.267
20.592	-46.934
20.6	-46.633
20.608	-46.386
20.617	-46.106
20.625	-45.818
20.633	-45.539
20.642	-45.232
20.65	-44.849
20.658	-44.456
20.667	-44.04
20.675	-43.661
20.683	-43.384
20.692	-43.021
20.7	-42.63
20.708	-42.244
20.717	-41.907
20.725	-41.583
20.733	-41.16
20.742	-40.718
20.75	-40.369
20.758	-40.11
20.767	-39.894
20.775	-39.641
20.783	-39.377
20.792	-39.025
20.8	-38.607
20.808	-38.353
20.817	-38.064
20.825	-37.888
20.833	-37.699
20.842	-37.505
20.85	-37.293
20.858	-37.02
20.867	-36.816
20.875	-36.658
20.883	-36.464
20.892	-36.186
20.9	-35.688
20.908	-35.589
20.917	-35.655
20.925	-35.63
20.933	-35.351
20.942	-35.235
20.95	-35.066
20.958	-34.955
20.967	-34.939
20.975	-34.635
20.983	-34.734
20.992	-34.434
21	-34.44
21.008	-34.287
21.017	-34.412
21.025	-34.065
21.033	-34.075
21.042	-34.064
21.05	-33.861
21.058	-33.824
21.067	-33.722
21.075	-33.524
21.083	-33.301
21.092	-33.15
21.1	-33.084
21.108	-32.99
21.117	-32.845
21.125	-32.608
21.133	-32.439
21.142	-32.378
21.15	-32.274
21.158	-32.254
21.167	-31.969
21.175	-31.893
21.183	-31.818
21.192	-31.788
21.2	-31.555
21.208	-31.564
21.217	-31.426
21.225	-31.221
21.233	-31.283
21.242	-31.064
21.25	-30.937
21.258	-30.819
21.267	-30.899
21.275	-30.677
21.283	-30.461
21.292	-30.305
21.3	-30.058
21.308	-29.885
21.317	-29.784
21.325	-29.625
21.333	-29.381
21.342	-29.08
21.35	-28.801
21.358	-28.496
21.367	-28.244
21.375	-27.998
21.383	-27.77
21.392	-27.542
21.4	-27.279
21.408	-26.986
21.417	-26.704
21.425	-26.451
21.433	-26.234
21.442	-26.065
21.45	-25.755
21.458	-25.386
21.467	-24.959
21.475	-24.747
21.483	-24.505
21.492	-24.324
21.5	-24.032
21.508	-23.677
21.517	-23.371
21.525	-23.084
21.533	-22.964
21.542	-22.844
21.55	-22.639
21.558	-22.29
21.567	-21.873
21.575	-21.523
21.583	-21.324
21.592	-21.171
21.6	-20.973
21.608	-20.785
21.617	-20.581
21.625	-20.383
21.633	-20.258
21.642	-20.128
21.65	-19.971
21.658	-19.825
21.667	-19.639
21.675	-19.474
21.683	-19.518
21.692	-19.404
21.7	-19.207
21.708	-19.101
21.717	-19.055
21.725	-19.001
21.733	-18.675
21.742	-18.723
21.75	-18.642
21.758	-18.516
21.767	-18.462
21.775	-18.251
21.783	-18.332
21.792	-17.951
21.8	-18.07
21.808	-17.804
21.817	-17.754
21.825	-17.626
21.833	-17.377
21.842	-17.251
21.85	-17.243
21.858	-17.002
21.867	-16.712
21.875	-16.584
21.883	-16.642
21.892	-16.449
21.9	-16.306
21.908	-16.34
21.917	-16.155
21.925	-16.138
21.933	-16.133
21.942	-16.164
21.95	-15.941
21.958	-15.905
21.967	-15.794
21.975	-15.687
21.983	-15.793
21.992	-15.538
22	-15.466
22.008	-15.447
22.017	-15.129
22.025	-14.935
22.033	-14.938
22.042	-14.657
22.05	-14.793
22.058	-14.631
22.067	-14.754
22.075	-14.517
22.083	-14.444
22.092	-14.158
22.1	-14.105
22.108	-13.922
22.117	-13.686
22.125	-13.529
22.133	-13.469
22.142	-13.338
22.15	-13.195
22.158	-13.028
22.167	-12.795
22.175	-12.619
22.183	-12.345
22.192	-12.112
22.2	-11.776
22.208	-11.49
22.217	-11.289
22.225	-11.181
22.233	-11.002
22.242	-10.786
22.25	-10.639
22.258	-10.306
22.267	-10.085
22.275	-9.9081
22.283	-9.5367
22.292	-9.2238
22.3	-8.9958
22.308	-8.7223
22.317	-8.5327
22.325	-8.306
22.333	-8.1274
22.342	-7.958
22.35	-7.7451
22.358	-7.5698
22.367	-7.2343
22.375	-7.0614
22.383	-6.8887
22.392	-6.6763
22.4	-6.4731
22.408	-6.2859
22.417	-6.0563
22.425	-5.8667
22.433	-5.642
22.442	-5.4485
22.45	-5.3602
22.458	-5.2893
22.467	-5.2764
22.475	-5.0626
22.483	-4.7517
22.492	-4.5981
22.5	-4.51
22.508	-4.4728
22.517	-4.5109
22.525	-4.2399
22.533	-4.0376
22.542	-3.8739
22.55	-3.8947
22.558	-3.9668
22.567	-3.8209
22.575	-3.699
22.583	-3.7902
22.592	-3.7004
22.6	-3.5203
22.608	-3.5291
22.617	-3.815
22.625	-3.4962
22.633	-3.3287
22.642	-3.317
22.65	-3.3236
22.658	-3.2641
22.667	-3.094
22.675	-2.9281
22.683	-2.8821
22.692	-2.5486
22.7	-2.6678
22.708	-2.4154
22.717	-2.4393
22.725	-2.1218
22.733	-2.1565
22.742	-2.1337
22.75	-1.8243
22.758	-1.8147
22.767	-1.494
22.775	-1.6463
22.783	-1.1987
22.792	-1.2508
22.8	-0.96601
22.808	-0.86902
22.817	-0.61846
22.825	-0.48915
22.833	-0.15111
22.842	-0.057357
22.85	0.22102
22.858	0.5811
22.867	0.79696
22.875	1.0277
22.883	1.3038
22.892	1.641
22.9	1.8305
22.908	2.1896
22.917	2.5503
22.925	2.6921
22.933	2.8861
22.942	3.1096
22.95	3.3475
22.958	3.6007
22.967	3.8877
22.975	4.1254
22.983	4.3521
22.992	4.5744
23	4.8496
23.008	4.8364
23.017	4.9228
23.025	5.2078
23.033	5.4364
23.042	5.5877
23.05	5.6279
23.058	5.7365
23.067	5.8026
23.075	5.933
23.083	6.0306
23.092	6.1886
23.1	6.3919
23.108	6.455
23.117	6.3719
23.125	6.6407
23.133	7.0278
23.142	7.0852
23.15	6.9103
23.158	7.1146
23.167	7.3883
23.175	7.6704
23.183	7.7949
23.192	7.7965
23.2	7.7915
23.208	7.8673
23.217	8.2122
23.225	8.538
23.233	8.5137
23.242	8.6267
23.25	8.8565
23.258	9.0464
23.267	9.1264
23.275	9.2831
23.283	9.508
23.292	9.6228
23.3	9.728
23.308	10.12
23.317	10.271
23.325	10.555
23.333	10.718
23.342	10.948
23.35	10.975
23.358	11.192
23.367	11.448
23.375	11.624
23.383	11.828
23.392	12.135
23.4	12.299
23.408	12.6
23.417	12.63
23.425	12.992
23.433	13.096
23.442	13.437
23.45	13.611
23.458	13.887
23.467	13.987
23.475	14.255
23.483	14.389
23.492	14.629
23.5	14.727
23.508	14.881
23.517	15.167
23.525	15.403
23.533	15.624
23.542	15.887
23.55	16.1
23.558	16.39
23.567	16.586
23.575	16.925
23.583	17.167
23.592	17.292
23.6	17.664
23.608	17.943
23.617	18.276
23.625	18.523
23.633	18.875
23.642	19.101
23.65	19.327
23.658	19.665
23.667	19.941
23.675	20.276
23.683	20.636
23.692	20.953
23.7	21.237
23.708	21.55
23.717	21.842
23.725	22.17
23.733	22.504
23.742	22.831
23.75	23.147
23.758	23.459
23.767	23.772
23.775	24.107
23.783	24.453
23.792	24.836
23.8	25.204
23.808	25.558
23.817	25.892
23.825	26.278
23.833	26.607
23.842	26.937
23.85	27.294
23.858	27.608
23.867	27.908
23.875	28.247
23.883	28.623
23.892	28.918
23.9	29.191
23.908	29.543
23.917	29.845
23.925	30.136
23.933	30.421
23.942	30.705
23.95	31.012
23.958	31.22
23.967	31.385
23.975	31.49
23.983	31.687
23.992	31.854
24	32.062
24.008	32.258
24.017	32.443
24.025	32.545
24.033	32.739
24.042	32.775
24.05	33.007
24.058	33.086
24.067	33.198
24.075	33.294
24.083	33.345
24.092	33.476
24.1	33.656
24.108	33.703
24.117	33.831
24.125	33.995
24.133	34.184
24.142	34.292
24.15	34.383
24.158	34.555
24.167	34.698
24.175	34.863
24.183	35.02
24.192	35.103
24.2	35.325
24.208	35.337
24.217	35.486
24.225	35.697
24.233	35.809
24.242	36.04
24.25	36.199
24.258	36.385
24.267	36.633
24.275	36.78
24.283	37.108
24.292	37.33
24.3	37.517
24.308	37.81
24.317	38.087
24.325	38.462
24.333	38.677
24.342	39.082
24.35	39.447
24.358	39.648
24.367	39.966
24.375	40.269
24.383	40.465
24.392	40.811
24.4	41.206
24.408	41.511
24.417	41.736
24.425	41.988
24.433	42.102
24.442	42.403
24.45	42.684
24.458	43.026
24.467	43.33
24.475	43.692
24.483	44.117
24.492	44.48
24.5	44.766
24.508	45.08
24.517	45.487
24.525	45.941
24.533	46.302
24.542	46.677
24.55	47.019
24.558	47.368
24.567	47.647
24.575	47.903
24.583	48.191
24.592	48.442
24.6	48.65
24.608	48.805
24.617	48.88
24.625	49.094
24.633	49.248
24.642	49.42
24.65	49.557
24.658	49.707
24.667	49.828
24.675	49.903
24.683	49.933
24.692	50.097
24.7	50.128
24.708	50.176
24.717	50.19
24.725	50.192
24.733	50.169
24.742	50.078
24.75	49.987
24.758	49.969
24.767	49.934
24.775	49.793
24.783	49.76
24.792	49.686
24.8	49.564
24.808	49.563
24.817	49.468
24.825	49.338
24.833	49.332
24.842	49.319
24.85	49.164
24.858	49.127
24.867	49.14
24.875	49.155
24.883	49.163
24.892	49.194
24.9	49.188
24.908	49.319
24.917	49.255
24.925	49.321
24.933	49.345
24.942	49.393
24.95	49.667
24.958	49.778
24.967	49.901
24.975	50.032
24.983	50.146
24.992	50.25
25	50.368
25.008	50.471
25.017	50.619
25.025	50.749
25.033	50.82
25.042	50.832
25.05	50.843
25.058	50.886
25.067	50.955
25.075	50.985
25.083	50.957
25.092	50.905
25.1	50.88
25.108	50.899
25.117	50.93
25.125	50.858
25.133	50.754
25.142	50.693
25.15	50.635
25.158	50.574
25.167	50.476
25.175	50.368
25.183	50.19
25.192	49.992
25.2	49.812
25.208	49.631
25.217	49.447
25.225	49.202
25.233	48.933
25.242	48.717
25.25	48.465
25.258	48.116
25.267	47.806
25.275	47.538
25.283	47.23
25.292	46.864
25.3	46.495
25.308	46.116
25.317	45.722
25.325	45.259
25.333	44.894
25.342	44.361
25.35	43.956
25.358	43.66
25.367	43.353
25.375	43.023
25.383	42.677
25.392	42.37
25.4	42.107
25.408	41.883
25.417	41.605
25.425	41.285
25.433	41.115
25.442	40.917
25.45	40.724
25.458	40.523
25.467	40.328
25.475	40.156
25.483	40.032
25.492	39.822
25.5	39.649
25.508	39.724
25.517	39.441
25.525	39.426
25.533	39.144
25.542	39.087
25.55	38.83
25.558	38.756
25.567	38.58
25.575	38.541
25.583	38.276
25.592	38.292
25.6	38.206
25.608	38.093
25.617	37.978
25.625	37.89
25.633	37.722
25.642	37.614
25.65	37.677
25.658	37.399
25.667	37.292
25.675	37.076
25.683	37.11
25.692	36.872
25.7	36.686
25.708	36.609
25.717	36.328
25.725	36.15
25.733	36.015
25.742	35.782
25.75	35.499
25.758	35.252
25.767	34.974
25.775	34.684
25.783	34.456
25.792	34.197
25.8	33.936
25.808	33.714
25.817	33.397
25.825	33.091
25.833	32.894
25.842	32.52
25.85	32.221
25.858	31.899
25.867	31.545
25.875	31.247
25.883	30.949
25.892	30.537
25.9	30.194
25.908	29.808
25.917	29.465
25.925	29.1
25.933	28.735
25.942	28.331
25.95	27.931
25.958	27.505
25.967	27.154
25.975	26.732
25.983	26.32
25.992	25.939
26	25.565
26.008	25.159
26.017	24.744
26.025	24.378
26.033	23.968
26.042	23.561
26.05	23.143
26.058	22.753
26.067	22.405
26.075	22.024
26.083	21.726
26.092	21.402
26.1	21.1
26.108	20.8
26.117	20.483
26.125	20.169
26.133	19.896
26.142	19.588
26.15	19.389
26.158	19.207
26.167	18.963
26.175	18.661
26.183	18.429
26.192	18.18
26.2	17.897
26.208	17.705
26.217	17.486
26.225	17.248
26.233	17.006
26.242	16.803
26.25	16.507
26.258	16.245
26.267	15.993
26.275	15.763
26.283	15.564
26.292	15.305
26.3	15.057
26.308	14.848
26.317	14.497
26.325	14.281
26.333	13.944
26.342	13.749
26.35	13.463
26.358	13.264
26.367	13.096
26.375	12.863
26.383	12.646
26.392	12.297
26.4	12.229
26.408	11.939
26.417	11.744
26.425	11.497
26.433	11.198
26.442	10.933
26.45	10.71
26.458	10.498
26.467	10.244
26.475	9.9963
26.483	9.8102
26.492	9.4787
26.5	9.2793
26.508	9.0393
26.517	8.6705
26.525	8.5125
26.533	8.2074
26.542	7.9958
26.55	7.7204
26.558	7.5286
26.567	7.2396
26.575	7.021
26.583	6.6564
26.592	6.2459
26.6	5.8083
26.608	5.5777
26.617	5.216
26.625	4.7498
26.633	4.5365
26.642	4.1618
26.65	3.7478
26.658	3.4318
26.667	3.0494
26.675	2.6416
26.683	2.4473
26.692	2.059
26.7	1.6673
26.708	1.2791
26.717	0.94257
26.725	0.61152
26.733	0.2483
26.742	-0.066322
26.75	-0.35052
26.758	-0.65383
26.767	-0.95061
26.775	-1.2602
26.783	-1.6123
26.792	-1.9524
26.8	-2.2701
26.808	-2.4681
26.817	-2.7525
26.825	-3.0004
26.833	-3.264
26.842	-3.4987
26.85	-3.8029
26.858	-4.2579
26.867	-4.5946
26.875	-4.6861
26.883	-4.8001
26.892	-4.9132
26.9	-5.0007
26.908	-5.194
26.917	-5.4665
26.925	-5.77
26.933	-6.0892
26.942	-6.2903
26.95	-6.3267
26.958	-6.5074
26.967	-6.9409
26.975	-7.0827
26.983	-7.0176
26.992	-7.4482
27	-7.6406
27.008	-7.587
27.017	-7.9332
27.025	-7.9151
27.033	-8.1116
27.042	-8.3374
27.05	-8.5437
27.058	-8.6378
27.067	-8.8844
27.075	-9.0611
27.083	-9.2515
27.092	-9.3855
27.1	-9.6505
27.108	-9.7613
27.117	-10.034
27.125	-10.465
27.133	-10.383
27.142	-10.654
27.15	-10.909
27.158	-11.116
27.167	-11.492
27.175	-11.582
27.183	-11.995
27.192	-12.241
27.2	-12.578
27.208	-12.644
27.217	-13.084
27.225	-13.214
27.233	-13.642
27.242	-13.732
27.25	-14.096
27.258	-14.551
27.267	-14.496
27.275	-14.897
27.283	-15.367
27.292	-15.429
27.3	-15.535
27.308	-15.773
27.317	-16.239
27.325	-16.529
27.333	-16.781
27.342	-17.07
27.35	-17.44
27.358	-17.696
27.367	-17.976
27.375	-18.224
27.383	-18.602
27.392	-18.789
27.4	-19.215
27.408	-19.709
27.417	-19.999
27.425	-20.446
27.433	-20.837
27.442	-21.077
27.45	-21.282
27.458	-21.573
27.467	-22.102
27.475	-22.386
27.483	-22.795
27.492	-23.198
27.5	-23.582
27.508	-23.928
27.517	-24.304
27.525	-24.665
27.533	-24.876
27.542	-25.119
27.55	-25.427
27.558	-25.691
27.567	-25.944
27.575	-26.2
27.583	-26.499
27.592	-26.752
27.6	-27.085
27.608	-27.318
27.617	-27.592
27.625	-27.918
27.633	-28.227
27.642	-28.487
27.65	-28.819
27.658	-29.051
27.667	-29.049
27.675	-29.347
27.683	-29.643
27.692	-29.874
27.7	-30.02
27.708	-30.347
27.717	-30.612
27.725	-30.889
27.733	-31.165
27.742	-31.272
27.75	-31.608
27.758	-31.765
27.767	-32.015
27.775	-32.296
27.783	-32.441
27.792	-32.689
27.8	-33.047
27.808	-33.04
27.817	-33.446
27.825	-33.66
27.833	-33.708
27.842	-33.867
27.85	-34.071
27.858	-34.144
27.867	-34.426
27.875	-34.574
27.883	-34.669
27.892	-34.868
27.9	-35.161
27.908	-35.24
27.917	-35.54
27.925	-35.848
27.933	-36.025
27.942	-36.1
27.95	-36.386
27.958	-36.594
27.967	-36.879
27.975	-36.955
27.983	-37.292
27.992	-37.404
28	-37.803
28.008	-37.818
28.017	-38.008
28.025	-38.145
28.033	-38.393
28.042	-38.706
28.05	-39.027
28.058	-39.193
28.067	-39.415
28.075	-39.719
28.083	-40.073
28.092	-40.278
28.1	-40.585
28.108	-40.837
28.117	-41.195
28.125	-41.563
28.133	-41.907
28.142	-42.239
28.15	-42.437
28.158	-42.642
28.167	-43.011
28.175	-43.33
28.183	-43.781
28.192	-44.247
28.2	-44.628
28.208	-44.908
28.217	-45.255
28.225	-45.701
28.233	-46.133
28.242	-46.482
28.25	-46.842
28.258	-47.198
28.267	-47.532
28.275	-47.918
28.283	-48.297
28.292	-48.515
28.3	-48.756
28.308	-48.997
28.317	-49.31
28.325	-49.608
28.333	-49.817
28.342	-50.117
28.35	-50.337
28.358	-50.583
28.367	-50.785
28.375	-51.002
28.383	-51.21
28.392	-51.659
28.4	-51.905
28.408	-51.908
28.417	-52.461
28.425	-52.576
28.433	-52.807
28.442	-53.115
28.45	-53.279
28.458	-53.529
28.467	-53.957
28.475	-54.12
28.483	-54.174
28.492	-54.474
28.5	-54.755
28.508	-54.916
28.517	-55.145
28.525	-55.325
28.533	-55.562
28.542	-55.778
28.55	-56.084
28.558	-56.217
28.567	-56.412
28.575	-56.789
28.583	-57.014
28.592	-57.231
28.6	-57.431
28.608	-57.724
28.617	-58.085
28.625	-58.328
28.633	-58.588
28.642	-58.741
28.65	-59.1
28.658	-59.312
28.667	-59.571
28.675	-59.67
28.683	-59.898
28.692	-60.12
28.7	-60.442
28.708	-60.711
28.717	-60.892
28.725	-61.149
28.733	-61.379
28.742	-61.501
28.75	-61.755
28.758	-61.877
28.767	-62.081
28.775	-62.421
28.783	-62.42
28.792	-62.869
28.8	-63.08
28.808	-63.283
28.817	-63.595
28.825	-63.739
28.833	-64.096
28.842	-64.226
28.85	-64.444
28.858	-64.924
28.867	-65.042
28.875	-65.074
28.883	-65.432
28.892	-65.974
28.9	-66.198
28.908	-66.513
28.917	-66.875
28.925	-67.203
28.933	-67.511
28.942	-67.73
28.95	-67.994
28.958	-68.273
28.967	-68.661
28.975	-69.129
28.983	-69.479
28.992	-69.799
29	-70.091
29.008	-70.537
29.017	-70.904
29.025	-71.217
29.033	-71.608
29.042	-71.928
29.05	-72.226
29.058	-72.532
29.067	-72.847
29.075	-73.295
29.083	-73.627
29.092	-73.886
29.1	-74.059
29.108	-74.22
29.117	-74.42
29.125	-74.733
29.133	-75.084
29.142	-75.182
29.15	-75.149
29.158	-75.278
29.167	-75.484
29.175	-75.89
29.183	-76.119
29.192	-76.141
29.2	-76.223
29.208	-76.491
29.217	-76.603
29.225	-76.681
29.233	-76.763
29.242	-76.961
29.25	-77.08
29.258	-77.292
29.275	-77.705
29.292	-77.977
29.308	-78.31
29.317	-78.422
29.325	-78.514
29.333	-78.72
29.342	-78.98
29.35	-79.053
29.358	-79.132
29.367	-79.136
29.375	-79.122
29.383	-79.22
29.392	-79.237
29.4	-79.272
29.408	-79.34
29.417	-79.407
29.425	-79.397
29.433	-79.404
29.442	-79.406
29.45	-79.395
29.458	-79.337
29.467	-79.297
29.475	-79.278
29.483	-79.214
29.492	-79.18
29.5	-79.18
29.508	-79.157
29.517	-79.194
29.525	-79.298
29.533	-79.296
29.542	-79.204
29.55	-79.034
29.558	-78.975
29.567	-78.848
29.575	-78.653
29.583	-78.633
29.592	-78.447
29.6	-78.376
29.608	-78.262
29.617	-78.117
29.625	-77.969
29.633	-77.764
29.642	-77.475
29.65	-77.42
29.658	-77.393
29.667	-77.311
29.675	-77.142
29.692	-77.043
29.7	-76.7
29.708	-76.451
29.717	-76.321
29.725	-75.974
29.733	-75.667
29.742	-75.462
29.75	-75.323
29.758	-75.134
29.767	-74.95
29.775	-74.623
29.783	-74.312
29.792	-73.946
29.8	-73.795
29.808	-73.807
29.817	-73.636
29.825	-73.351
29.833	-73.173
29.842	-73.033
29.85	-72.837
29.858	-72.846
29.867	-72.653
29.875	-72.397
29.883	-72.476
29.892	-72.224
29.9	-72.138
29.908	-72.152
29.917	-71.85
29.925	-71.952
29.933	-71.74
29.942	-71.821
29.95	-71.644
29.958	-71.436
29.967	-71.372
29.975	-71.205
29.983	-71.004
29.992	-71.005
30	-70.839
30.008	-70.688
30.017	-70.699
30.025	-70.371
30.033	-70.249
30.042	-70.157
30.05	-69.825
30.058	-69.88
30.067	-69.492
30.075	-69.48
30.083	-69.05
30.092	-69.17
30.1	-68.856
30.108	-68.638
30.117	-68.179
30.125	-68.09
30.133	-67.884
30.142	-67.523
30.15	-67.473
30.158	-67.131
30.167	-66.878
30.175	-66.66
30.183	-66.321
30.192	-66.065
30.2	-65.512
30.208	-64.962
30.217	-64.656
30.225	-64.433
30.233	-64.126
30.242	-63.756
30.25	-63.432
30.258	-62.879
30.267	-62.543
30.275	-62.047
30.283	-61.508
30.292	-61.245
30.3	-61.053
30.308	-60.671
30.317	-60.312
30.325	-59.865
30.333	-59.213
30.342	-58.75
30.35	-58.341
30.358	-58.018
30.367	-57.53
30.375	-57.11
30.383	-56.826
30.392	-56.491
30.4	-56.085
30.408	-56.239
30.417	-55.846
30.425	-55.542
30.433	-55.314
30.442	-55.049
30.45	-54.736
30.458	-54.381
30.467	-54.055
30.475	-53.737
30.483	-53.503
30.492	-53.275
30.5	-53.045
30.508	-52.804
30.517	-52.597
30.525	-52.36
30.533	-52.157
30.542	-52.032
30.55	-51.947
30.558	-51.892
30.567	-51.811
30.575	-51.751
30.583	-51.622
30.592	-51.388
30.6	-51.095
30.608	-51.213
30.617	-51.269
30.625	-51.082
30.633	-50.975
30.642	-51.011
30.65	-50.867
30.658	-50.862
30.667	-50.771
30.675	-50.589
30.683	-50.519
30.692	-50.431
30.7	-50.355
30.708	-50.171
30.717	-49.985
30.725	-50.122
30.733	-49.84
30.742	-49.533
30.75	-49.572
30.758	-49.4
30.767	-49.24
30.775	-48.959
30.783	-48.966
30.792	-48.695
30.8	-48.524
30.808	-48.195
30.817	-48.073
30.825	-47.945
30.833	-47.735
30.842	-47.522
30.85	-47.323
30.858	-47.074
30.867	-46.785
30.875	-46.524
30.883	-46.203
30.892	-45.861
30.9	-45.536
30.908	-45.299
30.917	-45.028
30.925	-44.777
30.933	-44.467
30.942	-44.12
30.95	-43.799
30.958	-43.49
30.967	-43.139
30.975	-42.759
30.983	-42.452
30.992	-42.149
31	-41.696
31.008	-41.438
31.017	-41.21
31.025	-40.881
31.033	-40.494
31.042	-40.024
31.05	-39.704
31.058	-39.482
31.067	-39.002
31.075	-38.664
31.083	-38.211
31.092	-37.852
31.1	-37.541
31.108	-37.154
31.117	-36.826
31.125	-36.503
31.133	-36.207
31.142	-35.892
31.15	-35.559
31.158	-35.161
31.167	-34.787
31.175	-34.562
31.183	-34.344
31.192	-34.129
31.2	-33.814
31.208	-33.535
31.217	-33.3
31.225	-33.22
31.233	-33.029
31.242	-32.774
31.25	-32.601
31.258	-32.395
31.267	-32.222
31.275	-32.171
31.283	-31.939
31.292	-31.86
31.3	-31.55
31.308	-31.498
31.317	-31.182
31.325	-31.171
31.333	-30.946
31.342	-30.924
31.35	-30.798
31.358	-30.618
31.367	-30.691
31.375	-30.304
31.383	-30.421
31.392	-30.247
31.4	-29.987
31.408	-29.894
31.417	-29.835
31.425	-29.668
31.433	-29.406
31.442	-29.456
31.45	-29.277
31.458	-29.095
31.467	-28.933
31.475	-28.835
31.483	-28.579
31.492	-28.519
31.5	-28.292
31.508	-28.034
31.517	-27.94
31.525	-27.758
31.533	-27.52
31.542	-27.448
31.55	-27.163
31.558	-26.974
31.567	-26.686
31.575	-26.419
31.583	-26.258
31.592	-25.882
31.6	-25.684
31.608	-25.615
31.617	-25.176
31.625	-24.85
31.633	-24.561
31.642	-24.343
31.65	-23.872
31.658	-23.518
31.667	-23.218
31.675	-22.911
31.683	-22.554
31.692	-22.222
31.7	-21.798
31.708	-21.452
31.717	-21.095
31.725	-20.706
31.733	-20.296
31.742	-19.917
31.75	-19.545
31.758	-19.161
31.767	-18.888
31.775	-18.56
31.783	-18.169
31.792	-17.9
31.8	-17.58
31.808	-17.31
31.817	-17.124
31.825	-16.867
31.833	-16.733
31.842	-16.523
31.85	-16.282
31.858	-16.046
31.867	-15.804
31.875	-15.561
31.883	-15.367
31.892	-15.296
31.9	-15.207
31.908	-15.012
31.917	-14.853
31.925	-14.675
31.933	-14.593
31.942	-14.544
31.95	-14.361
31.958	-14.18
31.967	-14.312
31.975	-14.052
31.983	-13.882
31.992	-13.983
32	-13.951
32.008	-14.022
32.017	-13.967
32.025	-13.8
32.033	-14.005
32.042	-13.801
32.05	-13.891
32.058	-13.751
32.067	-13.779
32.075	-13.603
32.083	-13.574
32.092	-13.334
32.1	-13.517
32.108	-13.121
32.117	-13.467
32.125	-13.087
32.133	-13.106
32.142	-13.034
32.15	-12.844
32.158	-13.1
32.167	-12.792
32.175	-13.034
32.183	-13.055
32.192	-12.789
32.2	-12.914
32.208	-12.966
32.217	-12.77
32.225	-12.655
32.233	-12.619
32.242	-12.579
32.25	-12.304
32.258	-12.105
32.267	-11.967
32.275	-11.898
32.283	-11.907
32.292	-11.77
32.3	-11.539
32.308	-11.218
32.317	-10.944
32.325	-10.78
32.333	-10.622
32.342	-10.386
32.35	-10.163
32.358	-9.8823
32.367	-9.557
32.375	-9.1663
32.383	-8.846
32.392	-8.5416
32.4	-8.2049
32.408	-7.8569
32.417	-7.5032
32.425	-7.1468
32.433	-6.8312
32.442	-6.4786
32.45	-6.1357
32.458	-5.7888
32.467	-5.3917
32.475	-4.908
32.483	-4.6385
32.492	-4.5017
32.5	-4.109
32.508	-3.6853
32.517	-3.2438
32.525	-3.0582
32.533	-2.8549
32.542	-2.4851
32.55	-2.1419
32.558	-1.8868
32.567	-1.7113
32.575	-1.7167
32.583	-1.4088
32.592	-1.1404
32.6	-1.128
32.608	-0.85092
32.617	-0.66759
32.625	-0.65757
32.633	-0.41416
32.642	-0.21838
32.65	-0.14652
32.658	0.037749
32.667	0.24667
32.675	0.25522
32.683	0.43637
32.692	0.56248
32.7	0.65245
32.708	0.79272
32.717	0.8516
32.725	1.0536
32.733	1.0057
32.742	1.1356
32.75	1.2232
32.758	1.2742
32.767	1.4057
32.775	1.514
32.783	1.4913
32.792	1.7563
32.8	1.6102
32.808	1.8285
32.817	1.8661
32.825	2.0382
32.833	2.0803
32.842	2.1122
32.85	2.2801
32.858	2.3852
32.867	2.5771
32.875	2.5822
32.883	2.7441
32.892	2.8839
32.9	3.0448
32.908	3.308
32.917	3.3158
32.925	3.73
32.933	3.6942
32.942	4.0103
32.95	4.2758
32.958	4.3556
32.967	4.6913
32.975	4.8678
32.983	4.9423
32.992	5.1765
33	5.4489
33.008	5.6671
33.017	5.7841
33.025	5.9542
33.033	6.3217
33.042	6.6305
33.05	7.0859
33.058	7.3529
33.067	7.5329
33.075	7.924
33.083	8.3382
33.092	8.8216
33.1	9.1893
33.108	9.7648
33.117	10.166
33.125	10.526
33.133	11.113
33.142	11.514
33.15	11.817
33.158	12.113
33.167	12.543
33.175	12.992
33.183	13.335
33.192	13.82
33.2	14.217
33.208	14.614
33.217	14.917
33.225	15.151
33.233	15.5
33.242	15.99
33.25	16.283
33.258	16.494
33.267	16.783
33.275	17.053
33.283	17.162
33.292	17.484
33.3	17.695
33.308	17.927
33.317	18.039
33.325	18.285
33.333	18.44
33.342	18.549
33.35	18.699
33.358	18.903
33.367	19.118
33.375	19.303
33.383	19.478
33.392	19.501
33.4	19.598
33.408	19.829
33.417	19.903
33.425	19.99
33.433	20.214
33.442	20.145
33.45	20.32
33.458	20.536
33.467	20.648
33.475	20.79
33.483	21.047
33.492	21.202
33.5	21.328
33.508	21.444
33.517	21.632
33.525	21.826
33.533	22.093
33.542	22.25
33.55	22.346
33.558	22.45
33.567	22.593
33.575	22.757
33.583	22.989
33.592	23.173
33.6	23.409
33.608	23.644
33.617	23.778
33.625	23.872
33.633	24.196
33.642	24.381
33.65	24.575
33.658	24.804
33.667	25.002
33.675	25.206
33.683	25.526
33.692	25.756
33.7	26.104
33.708	26.429
33.717	26.742
33.725	27.017
33.733	27.333
33.742	27.67
33.75	28.021
33.758	28.401
33.767	28.787
33.775	29.133
33.783	29.546
33.792	29.914
33.8	30.316
33.808	30.576
33.817	30.922
33.825	31.313
33.833	31.687
33.842	32.038
33.85	32.387
33.858	32.741
33.867	33.076
33.875	33.402
33.883	33.77
33.892	34.095
33.9	34.386
33.908	34.687
33.917	35.011
33.925	35.314
33.933	35.553
33.942	35.737
33.95	36.026
33.958	36.287
33.967	36.419
33.975	36.597
33.983	36.878
33.992	37.047
34	37.186
34.008	37.318
34.017	37.474
34.025	37.591
34.033	37.687
34.042	37.729
34.05	37.955
34.058	37.958
34.067	38.199
34.075	38.222
34.083	38.443
34.092	38.504
34.1	38.628
34.108	38.752
34.117	38.901
34.125	39.058
34.133	39.1
34.142	39.284
34.15	39.376
34.158	39.419
34.167	39.63
34.175	39.683
34.183	39.73
34.192	39.839
34.2	39.979
34.208	40.136
34.217	40.262
34.225	40.522
34.233	40.608
34.242	40.941
34.25	41.066
34.258	41.206
34.267	41.47
34.275	41.608
34.283	41.873
34.292	42.065
34.3	42.415
34.308	42.677
34.317	42.83
34.325	43.186
34.333	43.43
34.342	43.759
34.35	43.988
34.358	44.445
34.367	44.73
34.375	44.979
34.383	45.255
34.392	45.544
34.4	45.913
34.408	46.251
34.417	46.515
34.425	46.756
34.433	47.001
34.442	47.244
34.45	47.474
34.458	47.716
34.467	47.775
34.475	47.92
34.483	48.073
34.492	48.283
34.5	48.475
34.508	48.6
34.517	48.731
34.525	48.946
34.533	49.131
34.542	49.197
34.55	49.299
34.558	49.466
34.567	49.691
34.575	49.746
34.583	49.761
34.592	49.86
34.6	49.956
34.608	50.011
34.617	50.05
34.625	50.093
34.633	50.144
34.642	50.166
34.65	50.173
34.658	50.161
34.667	50.16
34.675	50.161
34.683	50.113
34.692	50.074
34.7	49.92
34.708	49.888
34.717	50.023
34.725	50.02
34.733	49.949
34.742	49.871
34.75	49.745
34.758	49.647
34.767	49.599
34.775	49.472
34.783	49.336
34.792	49.265
34.8	49.043
34.808	48.938
34.817	48.869
34.825	48.718
34.833	48.481
34.842	48.384
34.85	48.125
34.858	47.99
34.867	47.865
34.875	47.509
34.883	47.399
34.892	47.182
34.9	46.85
34.908	46.661
34.917	46.236
34.925	46.06
34.933	45.699
34.942	45.418
34.95	45.004
34.958	44.572
34.967	44.197
34.975	43.817
34.983	43.444
34.992	43.032
35	42.783
35.008	42.529
35.017	42.149
35.025	41.842
35.033	41.557
35.042	41.17
35.05	40.883
35.058	40.617
35.067	40.178
35.075	39.853
35.083	39.682
35.092	39.31
35.1	39.138
35.108	38.877
35.117	38.696
35.125	38.556
35.133	38.382
35.142	38.311
35.15	38.142
35.158	37.916
35.167	37.678
35.175	37.54
35.183	37.256
35.192	37.257
35.2	36.921
35.208	36.726
35.217	36.376
35.225	36.193
35.233	35.832
35.242	35.517
35.25	35.119
35.258	34.962
35.267	34.599
35.275	34.206
35.283	33.866
35.292	33.624
35.3	33.193
35.308	32.845
35.317	32.581
35.325	32.197
35.333	31.924
35.342	31.538
35.35	31.231
35.358	30.941
35.367	30.685
35.375	30.342
35.383	30.012
35.392	29.66
35.4	29.324
35.408	29.013
35.417	28.687
35.425	28.336
35.433	28.011
35.442	27.679
35.45	27.302
35.458	26.885
35.467	26.446
35.475	26.067
35.483	25.653
35.492	25.2
35.5	24.704
35.508	24.195
35.517	23.692
35.525	23.127
35.533	22.737
35.542	22.242
35.55	21.69
35.558	21.144
35.567	20.551
35.575	20.089
35.583	19.652
35.592	19.148
35.6	18.758
35.608	18.271
35.617	17.788
35.625	17.345
35.633	16.742
35.642	16.371
35.65	15.982
35.658	15.627
35.667	15.212
35.675	14.869
35.683	14.48
35.692	14.178
35.7	13.933
35.708	13.652
35.717	13.29
35.725	12.914
35.733	12.69
35.742	12.402
35.75	12.198
35.758	11.875
35.767	11.605
35.775	11.331
35.783	11.101
35.792	10.719
35.8	10.51
35.808	10.299
35.817	10.07
35.825	9.7214
35.833	9.6111
35.842	9.4416
35.85	9.1403
35.858	8.9357
35.867	8.7121
35.875	8.4051
35.883	8.0856
35.892	7.7837
35.9	7.4768
35.908	7.3916
35.917	7.2291
35.925	7.1047
35.933	6.7485
35.942	6.5658
35.95	6.0418
35.958	5.9313
35.967	5.555
35.975	5.2723
35.983	5.1484
35.992	4.8999
36	4.8226
36.008	4.704
36.017	4.3724
36.025	4.2066
36.033	4.0292
36.042	3.8216
36.05	3.7393
36.058	3.3794
36.067	3.2515
36.075	2.9784
36.083	2.7692
36.092	2.456
36.1	2.3139
36.108	2.0238
36.117	1.7595
36.125	1.5192
36.133	1.4588
36.142	1.1305
36.15	0.82995
36.158	0.58458
36.167	0.4601
36.175	0.28244
36.183	-0.13354
36.192	-0.48164
36.2	-0.77
36.208	-1.0913
36.217	-1.4568
36.225	-1.9332
36.233	-2.2698
36.242	-2.577
36.25	-2.8353
36.258	-3.1953
36.267	-3.5759
36.275	-4.0016
36.283	-4.4104
36.292	-4.8047
36.3	-5.0919
36.308	-5.3545
36.317	-5.6533
36.325	-5.9542
36.333	-6.3262
36.342	-6.5912
36.35	-6.883
36.358	-7.186
36.367	-7.4456
36.375	-7.7309
36.383	-8.0508
36.392	-8.3317
36.4	-8.6002
36.408	-8.8493
36.417	-9.0688
36.425	-9.2771
36.433	-9.6256
36.442	-9.7784
36.45	-10.092
36.458	-10.281
36.467	-10.559
36.475	-10.75
36.483	-10.896
36.492	-11.221
36.5	-11.487
36.508	-11.553
36.517	-11.743
36.525	-12.001
36.533	-12.136
36.542	-12.269
36.55	-12.505
36.558	-12.536
36.567	-12.715
36.575	-12.844
36.583	-12.914
36.592	-13.063
36.6	-13.21
36.608	-13.342
36.617	-13.668
36.625	-13.857
36.633	-14.086
36.642	-14.281
36.65	-14.51
36.658	-14.455
36.667	-14.738
36.675	-14.978
36.683	-15.143
36.692	-15.397
36.7	-15.605
36.708	-15.797
36.717	-16.131
36.725	-16.345
36.733	-16.653
36.742	-16.812
36.75	-16.94
36.758	-17.196
36.767	-17.49
36.775	-17.688
36.783	-17.887
36.792	-18.222
36.8	-18.248
36.808	-18.776
36.817	-18.836
36.825	-19.191
36.833	-19.456
36.842	-19.592
36.85	-19.905
36.858	-20.125
36.867	-20.324
36.875	-20.733
36.883	-20.695
36.892	-21.216
36.9	-21.373
36.908	-21.609
36.917	-21.958
36.925	-22.173
36.933	-22.558
36.942	-22.867
36.95	-23.156
36.958	-23.429
36.967	-23.748
36.975	-24.242
36.983	-24.619
36.992	-24.854
37	-25.231
37.008	-25.598
37.017	-26.033
37.025	-26.488
37.033	-26.799
37.042	-27.109
37.05	-27.446
37.058	-27.805
37.067	-28.18
37.075	-28.599
37.083	-28.91
37.092	-29.227
37.1	-29.569
37.108	-29.747
37.117	-30.017
37.125	-30.324
37.133	-30.544
37.142	-30.717
37.15	-31
37.158	-31.184
37.167	-31.318
37.175	-31.513
37.183	-31.593
37.192	-31.948
37.2	-32.289
37.208	-32.36
37.217	-32.529
37.225	-32.93
37.233	-32.883
37.242	-33.017
37.25	-33.217
37.258	-33.218
37.267	-33.373
37.275	-33.46
37.283	-33.651
37.292	-33.716
37.3	-33.984
37.308	-34.051
37.317	-34.278
37.325	-34.258
37.333	-34.634
37.342	-34.558
37.35	-34.684
37.358	-35.04
37.367	-35.056
37.375	-35.179
37.383	-35.376
37.392	-35.577
37.4	-35.584
37.408	-35.855
37.417	-36.25
37.425	-36.219
37.433	-36.483
37.442	-36.788
37.45	-36.97
37.458	-37.233
37.467	-37.412
37.475	-37.78
37.483	-37.973
37.492	-38.337
37.5	-38.537
37.508	-38.817
37.517	-39.04
37.525	-39.326
37.533	-39.767
37.542	-39.975
37.55	-40.248
37.558	-40.567
37.567	-41.035
37.575	-41.315
37.583	-41.64
37.592	-41.983
37.6	-42.212
37.608	-42.636
37.617	-43.039
37.625	-43.47
37.633	-43.801
37.642	-44.124
37.65	-44.444
37.658	-44.804
37.667	-45.163
37.675	-45.468
37.683	-45.853
37.692	-46.222
37.7	-46.556
37.708	-46.988
37.717	-47.4
37.725	-47.707
37.733	-48.03
37.742	-48.356
37.75	-48.675
37.758	-49.103
37.767	-49.418
37.775	-49.68
37.783	-50.061
37.792	-50.194
37.8	-50.419
37.808	-50.806
37.817	-50.99
37.825	-51.079
37.833	-51.521
37.842	-51.752
37.85	-51.603
37.858	-51.783
37.867	-52.207
37.875	-52.303
37.883	-52.389
37.892	-52.615
37.9	-52.746
37.908	-52.936
37.917	-53.013
37.925	-53.218
37.933	-53.645
37.942	-53.735
37.95	-53.764
37.958	-53.937
37.967	-54.069
37.975	-54.343
37.983	-54.459
37.992	-54.697
38	-54.619
38.008	-54.914
38.017	-55.074
38.025	-55.229
38.033	-55.34
38.042	-55.516
38.05	-55.748
38.058	-55.864
38.067	-56.052
38.075	-56.284
38.083	-56.536
38.092	-56.661
38.1	-56.835
38.108	-56.853
38.117	-57.023
38.125	-57.27
38.133	-57.436
38.142	-57.545
38.15	-57.741
38.158	-57.877
38.167	-58.028
38.175	-58.091
38.183	-58.342
38.192	-58.362
38.2	-58.414
38.208	-58.6
38.217	-58.703
38.225	-58.873
38.233	-58.998
38.242	-59.01
38.25	-59.068
38.258	-59.141
38.267	-59.185
38.275	-59.299
38.283	-59.355
38.292	-59.543
38.3	-59.464
38.308	-59.412
38.317	-59.511
38.325	-59.635
38.333	-59.708
38.342	-59.845
38.35	-59.842
38.358	-60.063
38.367	-60.309
38.375	-60.497
38.392	-60.522
38.4	-60.721
38.417	-60.983
38.425	-61.049
38.433	-61.143
38.45	-61.725
38.467	-61.94
38.475	-62.032
38.483	-62.14
38.492	-62.161
38.5	-62.241
38.508	-62.267
38.517	-62.302
38.525	-62.247
38.533	-62.228
38.542	-62.272
38.55	-62.163
38.558	-62.23
38.567	-62.265
38.575	-62.282
38.583	-62.29
38.592	-62.296
38.608	-62.214
38.617	-62.17
38.625	-62.175
38.642	-62.262
38.65	-62.285
38.667	-62.309
38.675	-62.183
38.692	-62.039
38.708	-62.056
38.725	-61.755
38.742	-61.696
38.758	-61.319
38.775	-61.188
38.792	-61.161
38.808	-60.881
38.825	-60.707
38.842	-60.357
38.858	-60.164
38.875	-59.744
38.883	-59.543
38.892	-59.547
38.9	-59.436
38.908	-59.1
38.917	-58.935
38.925	-58.839
38.933	-58.613
38.942	-58.636
38.95	-58.41
38.958	-58.33
38.967	-58.143
38.975	-58
38.983	-57.816
38.992	-57.516
39	-57.233
39.008	-56.799
39.017	-56.536
39.025	-56.188
39.033	-55.831
39.042	-55.401
39.05	-54.978
39.058	-54.632
39.067	-54.173
39.075	-53.745
39.083	-53.285
39.092	-52.832
39.1	-52.363
39.108	-51.893
39.117	-51.576
39.125	-51.112
39.133	-50.576
39.142	-50.31
39.15	-49.941
39.158	-49.383
39.167	-49.045
39.175	-48.711
39.183	-48.301
39.192	-47.857
39.2	-47.444
39.208	-47.104
39.217	-46.886
39.225	-46.634
39.233	-46.341
39.242	-46.044
39.25	-45.802
39.258	-45.58
39.267	-45.205
39.275	-44.776
39.283	-44.453
39.292	-44.308
39.3	-44.148
39.308	-43.729
39.317	-43.446
39.325	-43.251
39.333	-42.995
39.342	-42.842
39.35	-42.746
39.358	-42.599
39.367	-42.464
39.375	-42.238
39.383	-42.072
39.392	-41.976
39.4	-41.867
39.408	-41.645
39.417	-41.634
39.425	-41.593
39.433	-41.421
39.442	-41.366
39.45	-41.341
39.458	-41.264
39.467	-41.253
39.475	-41.117
39.483	-41.177
39.492	-41.169
39.5	-41.18
39.508	-41.099
39.517	-41.087
39.525	-41.07
39.533	-40.999
39.542	-41.056
39.55	-40.901
39.558	-40.902
39.567	-40.828
39.575	-40.739
39.583	-40.629
39.592	-40.709
39.6	-40.615
39.608	-40.435
39.617	-40.369
39.625	-40.222
39.633	-40.186
39.642	-40.236
39.65	-40.096
39.658	-39.991
39.667	-39.809
39.675	-39.648
39.683	-39.514
39.692	-39.363
39.7	-39.164
39.708	-38.965
39.717	-38.701
39.725	-38.364
39.733	-38.141
39.742	-37.842
39.75	-37.545
39.758	-37.252
39.767	-36.985
39.775	-36.681
39.783	-36.393
39.792	-36.025
39.8	-35.729
39.808	-35.424
39.817	-35.234
39.825	-35.073
39.833	-34.72
39.842	-34.523
39.85	-34.253
39.858	-34.063
39.867	-33.944
39.875	-33.715
39.883	-33.532
39.892	-33.299
39.9	-33.087
39.908	-32.916
39.917	-32.704
39.925	-32.481
39.933	-32.376
39.942	-32.263
39.95	-32.144
39.958	-31.957
39.967	-31.841
39.975	-31.744
39.983	-31.638
39.992	-31.533
40	-31.424
40.008	-31.336
40.017	-31.233
40.025	-31.049
40.033	-30.907
40.042	-30.872
40.05	-30.975
40.058	-30.831
40.067	-30.745
40.075	-30.607
40.083	-30.706
40.092	-30.495
40.1	-30.41
40.108	-30.568
40.117	-30.555
40.125	-30.484
40.133	-30.544
40.142	-30.54
40.15	-30.599
40.158	-30.515
40.167	-30.613
40.175	-30.582
40.183	-30.785
40.192	-30.598
40.2	-30.853
40.208	-30.966
40.217	-31.023
40.225	-30.888
40.233	-31.06
40.242	-31.075
40.25	-31.131
40.258	-31.173
40.267	-31.178
40.275	-31.288
40.283	-31.468
40.292	-31.465
40.3	-31.293
40.308	-31.39
40.317	-31.371
40.325	-31.346
40.333	-31.302
40.342	-31.235
40.35	-31.107
40.358	-31.103
40.367	-31.079
40.375	-30.902
40.383	-30.764
40.392	-30.665
40.4	-30.54
40.408	-30.432
40.417	-30.272
40.425	-30.125
40.433	-29.944
40.442	-29.802
40.45	-29.559
40.458	-29.353
40.467	-29.06
40.475	-28.91
40.483	-28.73
40.492	-28.432
40.5	-28.166
40.508	-27.911
40.517	-27.583
40.525	-27.32
40.533	-27.135
40.542	-26.874
40.55	-26.543
40.558	-26.349
40.567	-26.178
40.575	-26.018
40.583	-25.842
40.592	-25.707
40.6	-25.57
40.608	-25.385
40.617	-25.167
40.625	-25.009
40.633	-24.815
40.642	-24.709
40.65	-24.659
40.658	-24.442
40.667	-24.24
40.675	-24.104
40.683	-23.988
40.692	-23.796
40.7	-23.6
40.708	-23.497
40.717	-23.327
40.725	-23.227
40.733	-23.122
40.742	-22.922
40.75	-22.851
40.758	-22.819
40.767	-22.619
40.775	-22.561
40.783	-22.397
40.792	-22.426
40.8	-22.153
40.808	-22.341
40.817	-21.921
40.825	-22.04
40.833	-21.861
40.842	-21.798
40.85	-21.849
40.858	-21.511
40.867	-21.694
40.875	-21.298
40.883	-21.615
40.892	-21.33
40.9	-21.514
40.908	-21.211
40.917	-21.281
40.925	-21.208
40.933	-21.271
40.942	-21.189
40.95	-21.129
40.958	-21.251
40.967	-21.134
40.975	-21.045
40.983	-21.104
40.992	-21.069
41	-20.967
41.008	-20.867
41.017	-20.838
41.025	-20.758
41.033	-20.619
41.042	-20.477
41.05	-20.359
41.058	-20.318
41.067	-20.195
41.075	-20.075
41.083	-19.903
41.092	-19.669
41.1	-19.395
41.108	-19.129
41.117	-18.885
41.125	-18.657
41.133	-18.331
41.142	-18.168
41.15	-17.951
41.158	-17.522
41.167	-17.21
41.175	-16.913
41.183	-16.536
41.192	-16.088
41.2	-15.761
41.208	-15.457
41.217	-15.123
41.225	-14.788
41.233	-14.457
41.242	-14.174
41.25	-13.932
41.258	-13.682
41.267	-13.432
41.275	-13.214
41.283	-12.954
41.292	-12.747
41.3	-12.494
41.308	-12.132
41.317	-11.88
41.325	-11.534
41.333	-11.235
41.342	-10.981
41.35	-10.963
41.358	-10.855
41.367	-10.621
41.375	-10.444
41.383	-10.146
41.392	-9.9163
41.4	-9.7663
41.408	-9.5644
41.417	-9.502
41.425	-9.1186
41.433	-9.2169
41.442	-8.9782
41.45	-8.7206
41.458	-8.9316
41.467	-8.7495
41.475	-8.6857
41.483	-8.7023
41.492	-8.3513
41.5	-8.4628
41.508	-7.9902
41.517	-8.0015
41.525	-7.8038
41.533	-7.7377
41.542	-7.6564
41.55	-7.6768
41.558	-7.5246
41.567	-7.5132
41.575	-7.2759
41.583	-7.2419
41.592	-7.1682
41.6	-6.9154
41.608	-6.735
41.617	-6.5166
41.625	-6.5081
41.633	-6.3417
41.642	-6.4205
41.65	-6.3129
41.658	-6.454
41.667	-6.3008
41.675	-6.1579
41.683	-6.014
41.692	-6.1366
41.7	-5.7193
41.708	-5.8574
41.717	-5.5599
41.725	-5.5113
41.733	-5.5702
41.742	-5.1324
41.75	-5.2821
41.758	-5.3143
41.767	-4.9676
41.775	-4.722
41.783	-4.7743
41.792	-4.6136
41.8	-4.4825
41.808	-4.2204
41.817	-4.1721
41.825	-4.1401
41.833	-4.0397
41.842	-3.8413
41.85	-3.6237
41.858	-3.4783
41.867	-3.2735
41.875	-3.0652
41.883	-2.8057
41.892	-2.5912
41.9	-2.264
41.908	-1.9621
41.917	-1.6853
41.925	-1.3977
41.933	-1.0326
41.942	-0.59903
41.95	-0.38633
41.958	-0.10062
41.967	0.25698
41.975	0.71058
41.983	1.0585
41.992	1.5332
42	1.7948
42.008	2.0804
42.017	2.3443
42.025	2.6194
42.033	2.9863
42.042	3.4589
42.05	3.6862
42.058	3.9963
42.067	4.2108
42.075	4.5677
42.083	4.7752
42.092	4.825
42.1	4.8829
42.108	5.2105
42.117	5.5228
42.125	5.6905
42.133	5.5978
42.142	5.529
42.15	5.7437
42.158	6.0412
42.167	6.1362
42.175	6.1946
42.183	6.2887
42.192	6.3957
42.2	6.4656
42.208	6.7116
42.217	6.7206
42.225	6.7886
42.233	6.9706
42.242	7.0524
42.25	7.0217
42.258	7.2246
42.267	7.3538
42.275	7.3586
42.283	7.7104
42.292	7.7075
42.3	7.7
42.308	8.014
42.317	7.9573
42.325	7.9631
42.333	8.0984
42.342	8.1397
42.35	7.963
42.358	8.1846
42.367	8.4722
42.375	8.5306
42.383	8.5745
42.392	8.4087
42.4	8.4801
42.408	8.5275
42.417	8.5476
42.425	8.8054
42.433	8.912
42.442	8.9775
42.45	8.982
42.458	9.0958
42.467	9.1474
42.475	9.2667
42.483	9.3093
42.492	9.5315
42.5	9.7773
42.508	9.8908
42.517	10.124
42.525	10.334
42.533	10.607
42.542	10.917
42.55	11.212
42.558	11.455
42.567	11.73
42.575	11.96
42.583	12.249
42.592	12.497
42.6	12.778
42.608	13.132
42.617	13.448
42.625	13.774
42.633	14.099
42.642	14.342
42.65	14.587
42.658	14.938
42.667	15.314
42.675	15.767
42.683	16.123
42.692	16.522
42.7	16.831
42.708	17.117
42.717	17.507
42.725	18.011
42.733	18.344
42.742	18.691
42.75	18.996
42.758	19.379
42.767	19.724
42.775	20.071
42.783	20.33
42.792	20.562
42.8	20.788
42.808	21.003
42.817	21.21
42.825	21.431
42.833	21.614
42.842	21.815
42.85	22.068
42.858	22.207
42.867	22.352
42.875	22.495
42.883	22.641
42.892	22.793
42.9	22.952
42.908	23.075
42.917	23.163
42.925	23.274
42.933	23.376
42.942	23.485
42.95	23.626
42.958	23.747
42.967	23.827
42.975	23.99
42.983	24.104
42.992	24.117
43	24.135
43.008	24.276
43.017	24.396
43.025	24.5
43.033	24.694
43.042	24.678
43.05	24.774
43.058	24.867
43.067	24.937
43.075	25.079
43.083	25.241
43.092	25.354
43.1	25.453
43.108	25.586
43.117	25.686
43.125	25.718
43.133	25.898
43.142	26.065
43.15	26.229
43.158	26.367
43.167	26.619
43.175	26.845
43.183	27.039
43.192	27.283
43.2	27.451
43.208	27.699
43.217	27.907
43.225	28.137
43.233	28.326
43.242	28.597
43.25	28.824
43.258	29.103
43.267	29.375
43.275	29.598
43.283	29.91
43.292	30.2
43.3	30.407
43.308	30.667
43.317	30.944
43.325	31.24
43.333	31.582
43.342	31.852
43.35	32.13
43.358	32.462
43.367	32.752
43.375	33.085
43.383	33.394
43.392	33.726
43.4	34.084
43.408	34.331
43.417	34.615
43.425	34.925
43.433	35.19
43.442	35.436
43.45	35.806
43.458	36.054
43.467	36.267
43.475	36.562
43.483	36.828
43.492	37.088
43.5	37.238
43.508	37.479
43.517	37.777
43.525	37.957
43.533	38.146
43.542	38.308
43.55	38.491
43.558	38.666
43.567	38.799
43.575	38.907
43.583	38.986
43.592	39.059
43.6	39.131
43.608	39.241
43.617	39.36
43.625	39.4
43.633	39.452
43.642	39.604
43.65	39.558
43.658	39.658
43.667	39.695
43.675	39.727
43.683	39.863
43.692	39.942
43.7	40.092
43.708	39.935
43.717	40.176
43.725	40.151
43.733	40.387
43.742	40.376
43.75	40.557
43.758	40.606
43.767	40.823
43.775	40.851
43.783	41.13
43.792	41.235
43.8	41.445
43.808	41.621
43.817	41.768
43.825	41.919
43.833	42.198
43.842	42.294
43.85	42.467
43.858	42.732
43.867	42.93
43.875	43.058
43.883	43.293
43.892	43.444
43.9	43.59
43.908	43.771
43.917	44.038
43.925	44.182
43.933	44.333
43.942	44.56
43.95	44.74
43.958	44.888
43.967	45.126
43.975	45.246
43.983	45.373
43.992	45.477
44	45.593
44.008	45.745
44.017	45.892
44.025	45.954
44.033	46.025
44.042	46.163
44.05	46.248
44.058	46.338
44.067	46.31
44.075	46.316
44.083	46.398
44.092	46.458
44.1	46.495
44.108	46.514
44.117	46.57
44.125	46.624
44.133	46.591
44.142	46.449
44.15	46.403
44.158	46.398
44.167	46.392
44.175	46.432
44.183	46.418
44.192	46.44
44.2	46.371
44.208	46.322
44.217	46.24
44.225	46.181
44.233	46.131
44.242	46.079
44.25	46.024
44.258	45.981
44.267	45.902
44.275	45.813
44.283	45.709
44.292	45.561
44.3	45.405
44.308	45.238
44.317	45.086
44.325	44.917
44.333	44.729
44.342	44.528
44.35	44.349
44.358	44.19
44.367	43.87
44.375	43.543
44.383	43.207
44.392	42.923
44.4	42.601
44.408	42.329
44.417	41.833
44.425	41.437
44.433	41.075
44.442	40.633
44.45	40.292
44.458	39.715
44.467	39.372
44.475	38.938
44.483	38.588
44.492	38.127
44.5	37.738
44.508	37.372
44.517	36.943
44.525	36.641
44.533	36.184
44.542	35.842
44.55	35.408
44.558	35.123
44.567	34.678
44.575	34.454
44.583	34.135
44.592	33.695
44.6	33.366
44.608	33.079
44.617	32.64
44.625	32.413
44.633	31.961
44.642	31.648
44.65	31.304
44.658	30.963
44.667	30.688
44.675	30.37
44.683	30.028
44.692	29.64
44.7	29.349
44.708	28.985
44.717	28.671
44.725	28.172
44.733	27.859
44.742	27.43
44.75	27.086
44.758	26.681
44.767	26.359
44.775	25.926
44.783	25.572
44.792	25.151
44.8	24.744
44.808	24.454
44.817	24.074
44.825	23.735
44.833	23.488
44.842	23.112
44.85	22.78
44.858	22.404
44.867	22.052
44.875	21.57
44.883	21.299
44.892	20.973
44.9	20.481
44.908	20.108
44.917	19.71
44.925	19.362
44.933	18.967
44.942	18.469
44.95	18.074
44.958	17.671
44.967	17.158
44.975	16.738
44.983	16.172
44.992	15.645
45	15.126
45.008	14.676
45.017	14.301
45.025	13.84
45.033	13.465
45.042	13.108
45.05	12.756
45.058	12.371
45.067	11.928
45.075	11.48
45.083	11.027
45.092	10.509
45.1	10.037
45.108	9.6081
45.117	9.154
45.125	8.973
45.133	8.6169
45.142	8.2349
45.15	7.9003
45.158	7.5529
45.167	7.263
45.175	7.0076
45.183	6.7444
45.192	6.5127
45.2	6.3767
45.208	6.1304
45.217	5.8607
45.225	5.6076
45.233	5.2099
45.242	5.013
45.25	4.8029
45.258	4.5842
45.267	4.3668
45.275	4.09
45.283	3.8554
45.292	4.0132
45.3	3.8461
45.308	3.5728
45.317	3.2407
45.325	3.0873
45.333	3.1943
45.342	2.906
45.35	2.6266
45.358	2.4936
45.367	2.5168
45.375	2.1191
45.383	1.999
45.392	1.9642
45.4	1.6578
45.408	1.4701
45.417	1.4627
45.425	1.3313
45.433	1.2616
45.442	0.87897
45.45	0.67945
45.458	0.37314
45.467	0.20187
45.475	0.079192
45.483	-0.15367
45.492	-0.10922
45.5	-0.48456
45.508	-0.51599
45.517	-0.61491
45.525	-0.86026
45.533	-1.0018
45.542	-1.2462
45.55	-1.4668
45.558	-1.807
45.567	-1.9744
45.575	-2.0342
45.583	-2.4293
45.592	-2.6715
45.6	-2.7473
45.608	-3.0047
45.617	-3.2786
45.625	-3.4851
45.633	-3.6218
45.642	-3.8847
45.65	-4.1193
45.658	-4.3579
45.667	-4.6035
45.675	-4.8386
45.683	-4.9803
45.692	-5.2996
45.7	-5.6242
45.708	-5.6244
45.717	-6.0321
45.725	-6.3754
45.733	-6.3649
45.742	-6.5325
45.75	-6.9106
45.758	-7.2562
45.767	-7.5383
45.775	-7.7963
45.783	-8.0462
45.792	-8.2914
45.8	-8.604
45.808	-8.8624
45.817	-9.0965
45.825	-9.3225
45.833	-9.5683
45.842	-9.8635
45.85	-10.207
45.858	-10.561
45.867	-10.859
45.875	-11.183
45.883	-11.534
45.892	-11.87
45.9	-12.202
45.908	-12.529
45.917	-12.89
45.925	-13.266
45.933	-13.621
45.942	-13.908
45.95	-14.208
45.958	-14.469
45.967	-14.766
45.975	-15.051
45.983	-15.303
45.992	-15.64
46	-15.93
46.008	-16.274
46.017	-16.372
46.025	-16.597
46.033	-16.95
46.042	-17.23
46.05	-17.589
46.058	-17.689
46.067	-17.918
46.075	-18.376
46.083	-18.447
46.092	-18.745
46.1	-18.955
46.108	-19.221
46.117	-19.351
46.125	-19.614
46.133	-19.902
46.142	-20.039
46.15	-20.302
46.158	-20.673
46.167	-20.798
46.175	-20.937
46.183	-21.17
46.192	-21.263
46.2	-21.714
46.208	-21.739
46.217	-21.86
46.225	-22.265
46.233	-22.465
46.242	-22.529
46.25	-22.951
46.258	-23.072
46.267	-23.217
46.275	-23.558
46.283	-23.742
46.292	-23.892
46.3	-24.078
46.308	-24.262
46.317	-24.472
46.325	-24.606
46.333	-24.911
46.342	-25.16
46.35	-25.117
46.358	-25.396
46.367	-25.669
46.375	-25.903
46.383	-25.918
46.392	-26.292
46.4	-26.366
46.408	-26.548
46.417	-26.733
46.425	-26.951
46.433	-27.17
46.442	-27.243
46.45	-27.589
46.458	-27.679
46.467	-27.87
46.475	-28.291
46.483	-28.223
46.492	-28.754
46.5	-28.911
46.508	-28.979
46.517	-29.517
46.525	-29.804
46.533	-29.89
46.542	-30.125
46.55	-30.573
46.558	-30.886
46.567	-31.071
46.575	-31.171
46.583	-31.494
46.592	-31.799
46.6	-32.092
46.608	-32.318
46.617	-32.479
46.625	-32.832
46.633	-33.062
46.642	-33.354
46.65	-33.597
46.658	-33.832
46.667	-34.151
46.675	-34.484
46.683	-34.813
46.692	-35.073
46.7	-35.4
46.708	-35.766
46.717	-35.966
46.725	-36.171
46.733	-36.368
46.742	-36.676
46.75	-36.993
46.758	-37.2
46.767	-37.517
46.775	-37.53
46.783	-37.896
46.792	-38.197
46.8	-38.289
46.808	-38.581
46.817	-38.992
46.825	-39.218
46.833	-39.324
46.842	-39.601
46.85	-39.861
46.858	-39.936
46.867	-40.139
46.875	-40.335
46.883	-40.493
46.892	-40.72
46.9	-40.831
46.908	-40.99
46.917	-41.266
46.925	-41.41
46.933	-41.612
46.942	-41.648
46.95	-41.928
46.958	-41.995
46.967	-42.13
46.975	-42.282
46.983	-42.454
46.992	-42.516
47	-42.738
47.008	-42.838
47.017	-42.927
47.025	-43.194
47.033	-43.244
47.042	-43.367
47.05	-43.595
47.058	-43.648
47.067	-43.876
47.075	-43.991
47.083	-44.096
47.092	-44.345
47.1	-44.383
47.108	-44.445
47.117	-44.738
47.125	-44.784
47.133	-44.939
47.142	-45.155
47.15	-45.212
47.158	-45.423
47.167	-45.52
47.175	-45.709
47.183	-45.886
47.192	-45.928
47.2	-46.234
47.208	-46.455
47.217	-46.533
47.225	-46.748
47.233	-47.102
47.242	-47.261
47.25	-47.509
47.258	-47.755
47.267	-47.897
47.275	-48.139
47.283	-48.412
47.292	-48.491
47.3	-48.585
47.308	-48.75
47.317	-48.872
47.325	-49.074
47.333	-49.171
47.342	-49.216
47.35	-49.287
47.358	-49.368
47.367	-49.429
47.375	-49.443
47.383	-49.453
47.392	-49.449
47.4	-49.536
47.408	-49.557
47.417	-49.547
47.425	-49.454
47.433	-49.488
47.442	-49.476
47.45	-49.418
47.458	-49.445
47.467	-49.236
47.475	-49.145
47.483	-49.102
47.492	-49.109
47.5	-49.093
47.508	-48.914
47.517	-48.774
47.525	-48.67
47.533	-48.401
47.542	-48.192
47.55	-48.015
47.558	-47.795
47.567	-47.582
47.575	-47.369
47.583	-47.034
47.592	-46.89
47.6	-46.803
47.608	-46.455
47.617	-46.252
47.625	-46.106
47.633	-45.907
47.642	-45.811
47.65	-45.538
47.658	-45.494
47.667	-45.238
47.675	-45.164
47.683	-44.873
47.692	-44.852
47.7	-44.554
47.708	-44.501
47.717	-44.288
47.725	-44.104
47.733	-43.888
47.742	-43.624
47.75	-43.416
47.758	-43.187
47.767	-42.919
47.775	-42.692
47.783	-42.547
47.792	-42.328
47.8	-42.098
47.808	-41.575
47.817	-41.239
47.825	-40.923
47.833	-40.554
47.842	-40.326
47.85	-40.05
47.858	-39.824
47.867	-39.333
47.875	-38.993
47.883	-38.618
47.892	-38.152
47.9	-37.796
47.908	-37.407
47.917	-37.025
47.925	-36.494
47.933	-36.015
47.942	-35.635
47.95	-35.204
47.958	-34.736
47.967	-34.341
47.975	-33.962
47.983	-33.537
47.992	-33.138
48	-32.793
48.008	-32.484
48.017	-32.186
48.025	-31.877
48.033	-31.502
48.042	-31.041
48.05	-30.67
48.058	-30.33
48.067	-30.043
48.075	-29.674
48.083	-29.343
48.092	-29.018
48.1	-28.775
48.108	-28.323
48.117	-27.83
48.125	-27.345
48.133	-27.226
48.142	-27.001
48.15	-26.655
48.158	-26.319
48.167	-26.051
48.175	-25.647
48.183	-25.559
48.192	-25.464
48.2	-25.207
48.208	-24.921
48.217	-24.819
48.225	-24.479
48.233	-24.485
48.242	-24.195
48.25	-24.157
48.258	-23.77
48.267	-23.62
48.275	-23.44
48.283	-23.121
48.292	-22.983
48.3	-22.917
48.308	-22.76
48.317	-22.478
48.325	-22.08
48.333	-21.76
48.342	-21.414
48.35	-21.114
48.358	-20.852
48.367	-20.62
48.375	-20.37
48.383	-20.025
48.392	-19.768
48.4	-19.52
48.408	-19.247
48.417	-18.862
48.425	-18.458
48.433	-18.214
48.442	-18.001
48.45	-17.626
48.458	-17.339
48.467	-17.283
48.475	-16.979
48.483	-16.832
48.492	-16.457
48.5	-16.163
48.508	-15.7
48.517	-15.584
48.525	-15.256
48.533	-15.059
48.542	-14.629
48.55	-14.526
48.558	-14.095
48.567	-13.835
48.575	-13.518
48.583	-12.948
48.592	-12.849
48.6	-12.398
48.608	-11.899
48.617	-11.67
48.625	-11.307
48.633	-10.774
48.642	-10.585
48.65	-10.099
48.658	-9.5254
48.667	-9.2506
48.675	-8.9268
48.683	-8.5018
48.692	-7.9881
48.7	-7.6497
48.708	-7.2549
48.717	-6.9442
48.725	-6.4752
48.733	-6.139
48.742	-5.7599
48.75	-5.3201
48.758	-4.9234
48.767	-4.4924
48.775	-4.2053
48.783	-3.975
48.792	-3.8498
48.8	-3.5804
48.808	-3.2414
48.817	-2.7359
48.825	-2.4743
48.833	-2.2423
48.842	-2.006
48.85	-1.6369
48.858	-1.4831
48.867	-1.1034
48.875	-0.98729
48.883	-0.54296
48.892	-0.46481
48.9	-0.031577
48.908	0.14756
48.917	0.38455
48.925	0.6675
48.933	0.86789
48.942	1.0841
48.95	1.2059
48.958	1.4719
48.967	1.4749
48.975	1.7226
48.983	1.9266
48.992	2.1222
49	2.2283
49.008	2.5668
49.017	2.8191
49.025	2.9821
49.033	3.1738
49.042	3.3088
49.05	3.7424
49.058	3.9584
49.067	4.0938
49.075	4.2977
49.083	4.7117
49.092	5.0971
49.1	5.4478
49.108	5.6458
49.117	5.8185
49.125	6.1552
49.133	6.1572
49.142	6.5517
49.15	6.6105
49.158	6.7618
49.167	7.0507
49.175	6.9998
49.183	7.3364
49.192	7.305
49.2	7.6178
49.208	7.6961
49.217	7.9607
49.225	8.1145
49.233	8.1816
49.242	8.6211
49.25	8.7145
49.258	8.7503
49.267	9.0439
49.275	9.2467
49.283	9.4025
49.292	9.6285
49.3	10.071
49.308	10.341
49.317	10.605
49.325	10.71
49.333	10.845
49.342	11.03
49.35	11.458
49.358	11.898
49.367	12.298
49.375	12.535
49.383	12.93
49.392	13.324
49.4	13.697
49.408	14.026
49.417	14.347
49.425	14.712
49.433	15.163
49.442	15.649
49.45	15.997
49.458	16.437
49.467	16.817
49.475	17.239
49.483	17.618
49.492	18.092
49.5	18.473
49.508	18.789
49.517	19.081
49.525	19.507
49.533	19.918
49.542	20.27
49.55	20.649
49.558	20.958
49.567	21.282
49.575	21.599
49.583	21.906
49.592	22.163
49.6	22.499
49.608	22.847
49.617	23.124
49.625	23.363
49.633	23.62
49.642	23.907
49.65	24.181
49.658	24.442
49.667	24.595
49.675	24.812
49.683	24.962
49.692	25.135
49.7	25.232
49.708	25.383
49.717	25.467
49.725	25.556
49.733	25.708
49.742	25.859
49.75	25.951
49.758	26.093
49.767	26.207
49.775	26.351
49.783	26.563
49.792	26.684
49.8	26.762
49.808	26.876
49.817	26.988
49.825	27.051
49.833	27.251
49.842	27.375
49.85	27.337
49.858	27.36
49.867	27.472
49.875	27.507
49.883	27.572
49.892	27.722
49.9	27.795
49.908	27.83
49.917	27.862
49.925	27.905
49.933	28.03
49.942	28.091
49.95	28.245
49.958	28.331
49.967	28.444
49.975	28.576
49.983	28.777
49.992	28.945
50	29.086
50.008	29.304
50.017	29.457
50.025	29.703
50.033	29.938
50.042	30.123
50.05	30.36
50.058	30.599
50.067	30.792
50.075	30.936
50.083	31.125
50.092	31.339
50.1	31.528
50.108	31.745
50.117	31.953
50.125	32.148
50.133	32.392
50.142	32.608
50.15	32.835
50.158	33.031
50.167	33.269
50.175	33.632
50.183	33.953
50.192	34.214
50.2	34.531
50.208	34.952
50.217	35.294
50.225	35.647
50.233	35.985
50.242	36.326
50.25	36.607
50.258	36.923
50.267	37.264
50.275	37.565
50.283	37.889
50.292	38.203
50.3	38.556
50.308	38.718
50.317	38.949
50.325	39.17
50.333	39.405
50.342	39.675
50.35	39.908
50.358	40.101
50.367	40.305
50.375	40.5
50.383	40.678
50.392	40.9
50.4	41.031
50.408	41.131
50.417	41.192
50.425	41.295
50.433	41.405
50.442	41.511
50.45	41.57
50.458	41.627
50.467	41.638
50.475	41.697
50.483	41.722
50.492	41.755
50.5	41.785
50.508	41.777
50.517	41.804
50.525	41.827
50.533	41.962
50.542	41.982
50.55	42.187
50.558	42.202
50.567	42.46
50.575	42.471
50.583	42.715
50.592	42.812
50.6	42.958
50.608	43.154
50.617	43.296
50.625	43.381
50.633	43.56
50.642	43.74
50.65	43.774
50.658	43.87
50.667	44.024
50.675	44.192
50.683	44.31
50.692	44.425
50.7	44.53
50.708	44.634
50.717	44.726
50.725	44.808
50.733	44.89
50.742	45.032
50.75	45.089
50.758	45.134
50.767	45.236
50.775	45.286
50.783	45.251
50.792	45.186
50.8	45.091
50.808	45.001
50.817	44.994
50.825	44.845
50.833	44.691
50.842	44.606
50.85	44.515
50.858	44.266
50.867	44.088
50.875	43.828
50.883	43.624
50.892	43.384
50.9	43.103
50.908	42.799
50.917	42.424
50.925	42.201
50.933	41.802
50.942	41.427
50.95	41.086
50.958	40.633
50.967	40.211
50.975	39.887
50.983	39.396
50.992	39.013
51	38.555
51.008	38.028
51.017	37.566
51.025	37.005
51.033	36.485
51.042	35.997
51.05	35.423
51.058	34.923
51.067	34.44
51.075	33.93
51.083	33.497
51.092	32.896
51.1	32.361
51.108	31.923
51.117	31.45
51.125	30.963
51.133	30.458
51.142	30.122
51.15	29.562
51.158	29.094
51.167	28.619
51.175	28.143
51.183	27.762
51.192	27.367
51.2	26.835
51.208	26.339
51.217	25.732
51.225	25.342
51.233	24.848
51.242	24.39
51.25	23.884
51.258	23.411
51.267	22.851
51.275	22.371
51.283	21.793
51.292	21.331
51.3	20.924
51.308	20.348
51.317	19.964
51.325	19.487
51.333	19.081
51.342	18.503
51.35	18.211
51.358	17.678
51.367	17.34
51.375	16.943
51.383	16.443
51.392	16.078
51.4	15.602
51.408	15.352
51.417	14.994
51.425	14.734
51.433	14.316
51.442	14.088
51.45	13.791
51.458	13.445
51.467	13.33
51.475	12.994
51.483	12.672
51.492	12.582
51.5	12.174
51.508	12.017
51.517	11.633
51.525	11.381
51.533	11.073
51.542	10.785
51.55	10.436
51.558	10.163
51.567	9.8105
51.575	9.4809
51.583	9.2228
51.592	8.9323
51.6	8.6916
51.608	8.556
51.617	8.187
51.625	7.9356
51.633	7.6399
51.642	7.2583
51.65	7.1015
51.658	6.8825
51.667	6.6756
51.675	6.3887
51.683	6.0723
51.692	5.5647
51.7	5.2276
51.708	4.9365
51.717	4.6582
51.725	4.4004
51.733	3.9719
51.742	3.4023
51.75	2.9079
51.758	2.4751
51.767	2.0981
51.775	1.668
51.783	1.3247
51.792	0.92532
51.8	0.64536
51.808	0.13479
51.817	-0.28095
51.825	-0.59459
51.833	-0.83302
51.842	-1.0589
51.85	-1.2729
51.858	-1.6918
51.867	-2.0892
51.875	-2.2877
51.883	-2.3596
51.892	-2.4247
51.9	-2.5343
51.908	-2.911
51.917	-3.4237
51.925	-3.6501
51.933	-3.6079
51.942	-3.7673
51.95	-4.0757
51.958	-4.136
51.967	-4.6164
51.975	-4.825
51.983	-5.0505
51.992	-5.1654
52	-5.3598
52.008	-5.4369
52.017	-5.8167
52.025	-6.3585
52.033	-6.2862
52.042	-6.5887
52.05	-6.6471
52.058	-6.7622
52.067	-7.4518
52.075	-7.7007
52.083	-7.8591
52.092	-8.1349
52.1	-8.2557
52.108	-8.5152
52.117	-8.9274
52.125	-8.9837
52.133	-9.4695
52.142	-9.4925
52.15	-9.9679
52.158	-10.056
52.167	-10.164
52.175	-10.476
52.183	-10.452
52.192	-10.692
52.2	-10.896
52.208	-10.933
52.217	-11.077
52.225	-11.158
52.233	-11.398
52.242	-11.584
52.25	-11.662
52.258	-11.66
52.267	-11.752
52.275	-11.931
52.283	-11.939
52.292	-12.084
52.3	-12.309
52.308	-12.343
52.317	-12.37
52.325	-12.5
52.333	-12.497
52.342	-12.496
52.35	-12.532
52.358	-12.532
52.367	-12.542
52.375	-12.509
52.383	-12.637
52.392	-12.589
52.4	-12.648
52.408	-12.734
52.417	-12.783
52.425	-12.758
52.433	-12.888
52.442	-12.785
52.45	-12.823
52.458	-12.796
52.467	-12.765
52.475	-12.775
52.483	-12.776
52.492	-12.713
52.5	-12.767
52.508	-12.909
52.517	-12.839
52.525	-12.85
52.533	-12.971
52.542	-13.098
52.55	-13.162
52.558	-13.148
52.567	-13.172
52.575	-13.239
52.583	-13.377
52.592	-13.359
52.6	-13.357
52.608	-13.344
52.617	-13.429
52.625	-13.519
52.633	-13.471
52.642	-13.378
52.65	-13.446
52.658	-13.536
52.667	-13.521
52.675	-13.545
52.683	-13.534
52.692	-13.581
52.7	-13.699
52.708	-13.798
52.717	-13.896
52.725	-13.904
52.733	-13.949
52.742	-13.969
52.75	-14.075
52.758	-14.157
52.767	-14.221
52.775	-14.261
52.783	-14.322
52.792	-14.349
52.8	-14.366
52.808	-14.424
52.817	-14.506
52.825	-14.553
52.833	-14.619
52.842	-14.666
52.85	-14.684
52.858	-14.663
52.867	-14.708
52.875	-14.721
52.883	-14.799
52.892	-14.807
52.9	-14.844
52.908	-14.917
52.917	-14.973
52.925	-15.01
52.933	-15.058
52.942	-15.122
52.95	-15.143
52.958	-15.165
52.967	-15.206
52.975	-15.235
52.983	-15.267
52.992	-15.303
53	-15.349
53.008	-15.327
53.017	-15.399
53.025	-15.368
53.033	-15.361
53.042	-15.321
53.05	-15.304
53.058	-15.307
53.067	-15.311
53.075	-15.312
53.083	-15.341
53.092	-15.355
53.1	-15.379
53.108	-15.434
53.117	-15.467
53.125	-15.531
53.133	-15.553
53.142	-15.605
53.15	-15.645
53.158	-15.74
53.167	-15.76
53.175	-15.763
53.183	-15.752
53.192	-15.756
53.2	-15.741
53.208	-15.766
53.217	-15.77
53.225	-15.827
53.233	-15.915
53.242	-15.95
53.25	-16.001
53.258	-15.978
53.267	-15.962
53.275	-16.017
53.283	-16.007
53.292	-15.968
53.3	-16.009
53.308	-16.04
53.317	-16.078
53.325	-16.121
53.333	-16.197
53.342	-16.238
53.35	-16.367
53.358	-16.446
53.367	-16.458
53.375	-16.443
53.383	-16.422
53.392	-16.445
53.4	-16.55
53.408	-16.605
53.417	-16.643
53.425	-16.614
53.433	-16.634
53.442	-16.675
53.45	-16.739
53.458	-16.747
53.467	-16.817
53.475	-16.856
53.483	-16.84
53.492	-16.832
53.5	-16.765
53.508	-16.699
53.517	-16.668
53.525	-16.616
53.533	-16.59
53.542	-16.585
53.55	-16.601
53.558	-16.61
53.567	-16.59
53.575	-16.638
53.583	-16.669
53.592	-16.725
53.6	-16.794
53.608	-16.828
53.617	-16.855
53.625	-16.88
53.633	-16.928
53.642	-16.948
53.65	-16.939
53.658	-16.91
53.667	-16.883
53.675	-16.844
53.683	-16.729
53.692	-16.782
53.7	-16.793
53.708	-16.797
53.717	-16.812
53.725	-16.818
53.733	-16.835
53.742	-16.951
53.75	-17.044
53.758	-17.075
53.767	-17.134
53.775	-17.187
53.783	-17.238
53.792	-17.318
53.8	-17.402
53.808	-17.429
53.817	-17.453
53.825	-17.434
53.833	-17.296
53.842	-17.15
53.85	-17.056
53.858	-16.942
53.867	-16.969
53.875	-16.972
53.883	-16.982
53.892	-16.968
53.9	-16.943
53.908	-16.969
53.917	-16.883
53.925	-16.876
53.933	-16.896
53.942	-17.039
53.95	-17.06
53.958	-17.094
53.967	-17.144
53.975	-17.176
53.983	-17.209
53.992	-17.235
54	-17.264
54.008	-17.293
54.017	-17.308
54.025	-17.333
54.033	-17.329
54.042	-17.265
54.05	-17.23
54.058	-17.267
54.067	-17.252
54.075	-17.237
54.083	-17.248
54.092	-17.259
54.1	-17.168
54.108	-17.223
54.117	-17.249
54.125	-17.302
54.133	-17.397
54.142	-17.452
54.15	-17.477
54.158	-17.543
54.167	-17.514
54.175	-17.451
54.183	-17.414
54.192	-17.465
54.2	-17.57
54.208	-17.666
54.217	-17.828
54.225	-17.851
54.233	-17.773
54.242	-17.769
54.25	-17.93
54.258	-18.089
54.267	-18.147
54.275	-18.133
54.283	-18.336
54.292	-18.429
54.3	-18.315
54.308	-18.52
54.317	-18.713
54.325	-18.689
54.333	-19.075
54.342	-19.113
54.35	-19.539
54.358	-19.577
54.367	-20.06
54.375	-20.329
54.383	-20.622
54.392	-21.127
54.4	-21.45
54.408	-21.948
54.417	-22.28
54.425	-22.881
54.433	-23.19
54.442	-23.821
54.45	-24.446
54.458	-25.088
54.467	-25.74
54.475	-26.188
54.483	-27.309
54.492	-27.935
54.5	-28.848
54.508	-29.626
54.517	-30.415
54.525	-31.352
54.533	-32.407
54.542	-33.381
54.55	-34.407
54.558	-35.398
54.567	-36.401
54.575	-37.475
54.583	-38.612
54.592	-39.727
54.6	-40.915
54.608	-41.957
54.617	-42.957
54.625	-44.217
54.633	-45.445
54.65	-47.601
54.658	-48.703
54.667	-50.038
54.675	-51.318
54.683	-52.598
54.692	-53.806
54.7	-55.195
54.708	-56.209
54.717	-57.553
54.725	-59
54.733	-59.986
54.742	-61.3
55.35	67.862
55.358	67.487
55.367	67.255
55.375	66.794
55.383	66.708
55.392	66.443
55.4	66.374
55.408	65.943
55.417	65.78
55.425	65.601
55.433	65.167
55.442	65.108
55.45	65.037
55.458	64.626
56.175	73.24
56.183	73.638
56.192	73.912
56.2	74.339
56.208	74.469
56.217	74.911
56.225	75.389
56.233	76.422
56.242	76.859
56.25	77.265
