1494021755302536448,0.01527,0.02923,-0.02378,0.57258,-0.81437,0.09227,-0.02093,0.04879,0.07042,-0.13123,
1494021755402536448,0.01014,0.04247,-0.03958,0.57724,-0.81023,0.09937,-0.02096,0.04440,0.08501,-0.10163,
1494021755502536192,0.00431,0.05011,-0.05216,0.58052,-0.80784,0.09961,-0.02175,0.00645,0.09665,-0.10581,
1494021755602536448,0.00829,0.05957,-0.06187,0.58443,-0.80462,0.10302,-0.02029,0.04026,0.10564,-0.11916,
1494021755702536448,0.01804,0.07187,-0.07360,0.58608,-0.79879,0.13529,-0.01189,0.12899,0.05918,-0.09386,
1494021755802536448,0.02357,0.08211,-0.08064,0.58776,-0.79867,0.12881,-0.00859,0.06699,0.07507,-0.05317,
1494021755902536448,0.02952,0.08661,-0.08465,0.59045,-0.79996,0.10660,-0.00853,0.07060,0.08592,-0.04764,
1494021756002536192,0.04399,0.08712,-0.09256,0.59386,-0.79243,0.13921,-0.00167,0.09957,0.02379,-0.10903,
1494021756102536448,0.05550,0.09262,-0.10139,0.59488,-0.78868,0.15520,0.00407,0.11533,0.02985,-0.02481,
1494021756202536448,0.06517,0.09239,-0.10059,0.59728,-0.79055,0.13517,0.00456,0.07577,0.05303,-0.02143,
1494021756302536448,0.07606,0.09821,-0.10450,0.59884,-0.79008,0.13084,0.00624,0.06321,0.07505,-0.01558,
1494021756402536448,0.08320,0.10744,-0.10546,0.60003,-0.79121,0.11797,0.00532,0.02306,0.10751,0.02626,
1494021756502536192,0.08960,0.11874,-0.10450,0.60032,-0.79307,0.10317,0.00311,0.00396,0.13728,-0.01506,
1494021756602536448,0.09421,0.14475,-0.10983,0.60124,-0.79304,0.09792,0.00293,-0.04113,0.23874,-0.04534,
1494021756702536448,0.09316,0.17403,-0.11411,0.60367,-0.79303,0.08176,-0.00075,-0.05544,0.29774,-0.02230,
1494021756802536448,0.09128,0.21032,-0.11769,0.60386,-0.79184,0.09129,-0.00277,-0.04363,0.31966,-0.00557,
1494021756902536448,0.08419,0.23954,-0.11787,0.60330,-0.79042,0.10591,-0.00748,-0.07692,0.32463,0.00314,
1494021757002536192,0.07416,0.26854,-0.11350,0.60180,-0.78978,0.11766,-0.01548,-0.09150,0.32923,0.04215,
1494021757102536448,0.06586,0.30305,-0.10918,0.60069,-0.79029,0.11817,-0.02553,-0.06463,0.30496,0.01625,
1494021757202536448,0.05984,0.33735,-0.10897,0.60051,-0.78880,0.12661,-0.03393,-0.06772,0.31906,-0.00856,
1494021757335869696,0.05355,0.38000,-0.11033,0.60156,-0.78761,0.12520,-0.04608,-0.00873,0.29437,0.00786,
1494021757402536448,0.05097,0.40171,-0.10942,0.60153,-0.78957,0.10869,-0.05404,-0.02151,0.30821,0.01310,
1494021757502536192,0.04988,0.43670,-0.10944,0.60134,-0.79112,0.09247,-0.06294,-0.01431,0.34167,-0.04384,
1494021757602536448,0.05087,0.47454,-0.11180,0.60264,-0.78981,0.09270,-0.06654,0.03933,0.40306,-0.02909,
1494021757702536448,0.05472,0.52254,-0.11131,0.60233,-0.79118,0.08011,-0.06934,0.10658,0.51811,0.01638,
1494021757802536448,0.06779,0.57779,-0.11008,0.60110,-0.79301,0.07277,-0.06729,0.16857,0.56616,0.01930,
1494021757902536448,0.08667,0.63327,-0.10999,0.60041,-0.79279,0.08426,-0.06247,0.17570,0.53670,0.01759,
1494021758002536192,0.10094,0.68752,-0.10523,0.59753,-0.79612,0.07608,-0.05791,0.13147,0.53319,0.06802,
1494021758102536448,0.11247,0.74334,-0.10422,0.59570,-0.79922,0.06154,-0.05104,0.08011,0.53259,0.00383,
1494021758202536448,0.11919,0.79668,-0.10403,0.59572,-0.79991,0.05891,-0.04218,0.05901,0.53818,-0.00616,
1494021758302536448,0.12193,0.85707,-0.10867,0.59674,-0.79991,0.05399,-0.03368,0.01189,0.58523,-0.03965,
1494021758435869696,0.11702,0.94598,-0.11802,0.60051,-0.79766,0.05019,-0.02462,-0.08747,0.67483,-0.06207,
1494021758502536192,0.10907,0.99564,-0.12172,0.60148,-0.79725,0.04562,-0.02321,-0.14981,0.70578,-0.01811,
1494021758602536448,0.09500,1.07259,-0.12185,0.60113,-0.79751,0.04497,-0.02439,-0.16307,0.76144,0.03249,
1494021758702536448,0.07986,1.14510,-0.11512,0.59889,-0.79881,0.05027,-0.02652,-0.15236,0.69171,0.06400,
1494021758802536448,0.06419,1.21936,-0.11189,0.59666,-0.80088,0.04086,-0.03042,-0.10099,0.67968,-0.00833,
1494021758902536448,0.05776,1.28556,-0.11448,0.59628,-0.80035,0.05489,-0.02954,-0.03099,0.63347,-0.01793,
1494021759002536192,0.05526,1.35833,-0.11482,0.59705,-0.79983,0.05311,-0.03149,-0.03413,0.69279,-0.06472,
1494021759102536448,0.05207,1.43066,-0.12355,0.60051,-0.79656,0.06130,-0.03346,-0.04158,0.74955,-0.08663,
1494021759202536448,0.05001,1.51686,-0.12499,0.60159,-0.79583,0.05905,-0.03550,0.02550,0.83827,0.01140,
1494021759302536448,0.05409,1.60369,-0.12331,0.60127,-0.79695,0.04526,-0.03594,0.08924,0.87277,0.03943,
1494021759402536448,0.05794,1.69276,-0.11658,0.59974,-0.79785,0.05369,-0.02955,0.05454,0.79113,0.03746,
1494021759502536192,0.06019,1.76868,-0.11463,0.59895,-0.79962,0.03288,-0.02807,0.02363,0.67926,-0.03053,
1494021759602536448,0.06121,1.83704,-0.11654,0.59904,-0.79956,0.03505,-0.02516,0.01983,0.68596,-0.00663,
1494021759702536448,0.05370,1.91355,-0.11961,0.60042,-0.79874,0.02585,-0.02890,-0.08868,0.73608,-0.07128,
1494021759802536448,0.04467,1.99161,-0.12455,0.60295,-0.79666,0.02409,-0.03476,-0.09873,0.81433,-0.04627,
1494021759902536448,0.03077,2.08026,-0.12544,0.60442,-0.79485,0.03216,-0.04301,-0.15899,0.88822,0.00129,
1494021760002536192,0.01728,2.16803,-0.11882,0.60213,-0.79538,0.04988,-0.04809,-0.05907,0.77908,0.12814,
1494021760102536448,0.00823,2.25187,-0.11260,0.59793,-0.79789,0.05660,-0.05137,-0.06829,0.73876,-0.00035,
1494021760235869696,0.00178,2.35339,-0.11210,0.59804,-0.79538,0.08361,-0.05221,-0.02582,0.71532,-0.01167,
1494021760302536448,0.00047,2.39875,-0.11318,0.59803,-0.79464,0.09013,-0.05274,0.00119,0.73064,-0.02194,
1494021760402536448,0.00041,2.47962,-0.11627,0.59830,-0.79488,0.08479,-0.05501,0.01392,0.75291,-0.01682,
1494021760535869696,0.01320,2.58961,-0.11719,0.59974,-0.79398,0.08511,-0.05159,0.17086,0.83164,0.00974,
1494021760602536448,0.02372,2.64521,-0.11648,0.60023,-0.79258,0.09534,-0.04954,0.10017,0.83950,0.01188,
1494021760702536448,0.03811,2.72975,-0.10813,0.59843,-0.79299,0.10625,-0.04192,0.16190,0.77191,0.10498,
1494021760802536448,0.05253,2.80516,-0.10373,0.59585,-0.79637,0.09662,-0.03778,0.09873,0.70575,-0.01120,
1494021760902536448,0.06246,2.87641,-0.10407,0.59600,-0.79834,0.07799,-0.03685,0.10270,0.70641,-0.01812,
1494021761002536192,0.07107,2.94663,-0.10808,0.59724,-0.79811,0.07089,-0.03618,0.09966,0.73257,-0.05921,
1494021761102536448,0.08007,3.02250,-0.11272,0.59901,-0.79606,0.07815,-0.03685,0.07034,0.85598,-0.02959,
1494021761202536448,0.08254,3.11394,-0.11473,0.60052,-0.79368,0.08862,-0.03990,-0.00336,0.92298,-0.03503,
1494021761302536448,0.08299,3.19991,-0.11140,0.59968,-0.79418,0.08734,-0.04513,0.01406,0.85802,0.05609,
1494021761435869696,0.08866,3.31595,-0.10322,0.59536,-0.79682,0.09060,-0.04917,0.04883,0.77556,0.02057,
1494021761502536192,0.09399,3.36705,-0.10262,0.59592,-0.79441,0.10664,-0.04909,0.08151,0.80144,-0.01221,
1494021761602536448,0.10235,3.44296,-0.10123,0.59539,-0.79340,0.11644,-0.04962,0.12624,0.77655,-0.02680,
1494021761702536448,0.11337,3.52364,-0.10727,0.59827,-0.79012,0.12400,-0.04908,0.15192,0.83680,-0.07702,
1494021761835869696,0.13300,3.64063,-0.11497,0.60224,-0.78729,0.12319,-0.04804,0.18369,0.86649,-0.01894,
1494021761902536448,0.14504,3.69968,-0.11305,0.60156,-0.78856,0.11917,-0.04583,0.18496,0.84465,0.03618,
1494021762002536192,0.15956,3.78389,-0.10201,0.59887,-0.79419,0.09298,-0.04435,0.14223,0.79654,0.11737,
1494021762102536448,0.17064,3.85570,-0.09827,0.59683,-0.79830,0.06929,-0.04143,0.09788,0.69452,-0.02009,
1494021762202536448,0.17819,3.92350,-0.09832,0.59635,-0.79862,0.07369,-0.03390,0.07491,0.66698,0.00265,
1494021762302536448,0.18099,3.99259,-0.10057,0.59761,-0.79853,0.06477,-0.03190,-0.01131,0.70179,-0.09132,
1494021762402536448,0.18321,4.07123,-0.10872,0.60154,-0.79577,0.06188,-0.03272,0.02719,0.82845,-0.07611,
1494021762502536192,0.18254,4.16071,-0.11159,0.60307,-0.79280,0.08134,-0.03414,-0.03605,0.93122,0.00325,
1494021762602536448,0.17770,4.25727,-0.10976,0.60380,-0.79280,0.07163,-0.04200,0.00175,0.89827,-0.02243,
1494021762702536448,0.17834,4.35085,-0.10627,0.60055,-0.79068,0.11083,-0.04333,-0.00308,0.89387,0.02448,
1494021762802536448,0.17908,4.43817,-0.10895,0.59942,-0.78760,0.13528,-0.04549,0.07623,0.82009,-0.01102,
1494021762902536448,0.18822,4.52235,-0.11090,0.59863,-0.78314,0.16199,-0.04575,0.12174,0.83068,-0.02755,
1494021763002536192,0.19900,4.60853,-0.11404,0.60015,-0.78376,0.15118,-0.05177,0.14905,0.91404,-0.04490,
1494021763102536448,0.21659,4.70724,-0.11843,0.60092,-0.78009,0.16595,-0.05313,0.21690,0.95434,-0.01974,
1494021763202536448,0.23814,4.80094,-0.11794,0.60007,-0.77980,0.17011,-0.05380,0.23972,0.93209,0.04455,
1494021763302536448,0.26400,4.89632,-0.10828,0.59560,-0.78265,0.17291,-0.05320,0.28267,0.87322,0.10131,
1494021763402536448,0.28839,4.97859,-0.10304,0.59269,-0.78463,0.17347,-0.05457,0.23490,0.79919,0.00703,
1494021763502536192,0.31322,5.05370,-0.10270,0.59163,-0.78207,0.18762,-0.05600,0.24984,0.77343,-0.01078,
1494021763635869696,0.34206,5.16552,-0.10851,0.59402,-0.78155,0.17765,-0.06900,0.22136,0.87685,-0.06355,
1494021763702536448,0.35756,5.22314,-0.11249,0.59561,-0.77515,0.19612,-0.07699,0.24338,0.94033,-0.06655,
1494021763802536448,0.38151,5.32298,-0.11409,0.59494,-0.77057,0.20767,-0.09566,0.24409,1.01547,0.02177,
1494021763902536448,0.41238,5.42038,-0.10897,0.58924,-0.76147,0.24422,-0.11537,0.33617,0.92702,0.08507,
1494021764035869696,0.46233,5.53410,-0.10188,0.57894,-0.74636,0.29576,-0.14249,0.43906,0.72525,0.04427,
1494021764102536448,0.49124,5.57452,-0.09848,0.57341,-0.73730,0.32109,-0.15649,0.43687,0.66587,0.03240,
1494021764235869696,0.55713,5.65936,-0.10478,0.56701,-0.72621,0.34043,-0.18770,0.56496,0.64057,-0.08899,
1494021764302536448,0.59643,5.70018,-0.10977,0.56454,-0.71541,0.35936,-0.20086,0.64631,0.66426,-0.04293,
1494021764402536448,0.66397,5.76411,-0.11172,0.55949,-0.70535,0.37443,-0.22192,0.72916,0.66244,0.01106,
1494021764502536192,0.73598,5.82189,-0.10736,0.55052,-0.69692,0.39144,-0.24085,0.72636,0.55885,0.08174,
1494021764602536448,0.80526,5.86625,-0.10055,0.53897,-0.69390,0.40032,-0.26029,0.69149,0.44235,0.01891,
1494021764702536448,0.87318,5.90317,-0.10183,0.53016,-0.68317,0.41781,-0.27864,0.70421,0.37611,-0.02477,
1494021764802536448,0.94421,5.93826,-0.10377,0.52140,-0.67065,0.43517,-0.29832,0.73933,0.39092,-0.04685,
1494021764902536448,1.01964,5.97645,-0.10801,0.51074,-0.66708,0.43640,-0.32203,0.79486,0.42538,-0.04444,
1494021765035869696,1.12999,6.03168,-0.10908,-0.49560,0.64239,-0.47034,0.34711,0.82883,0.42744,0.01430,
1494021765102536448,1.18198,6.05669,-0.10789,-0.48714,0.63671,-0.47874,0.35791,0.81025,0.46389,0.02140,
1494021765202536448,1.26237,6.09397,-0.10179,-0.47630,0.62735,-0.49239,0.37029,0.80000,0.34654,0.04383,
1494021765302536448,1.33929,6.11944,-0.10003,-0.47327,0.60708,-0.51896,0.37168,0.78103,0.20740,0.03983,
1494021765402536448,1.41442,6.13486,-0.09443,-0.47189,0.59918,-0.52632,0.37587,0.71541,0.13179,0.09741,
1494021765502536192,1.48811,6.15426,-0.09289,-0.46821,0.59359,-0.53290,0.38006,0.87186,0.19606,0.04386,
1494021765602536448,1.57111,6.16935,-0.09740,-0.46763,0.57877,-0.54841,0.38156,0.85685,0.12829,-0.10377,
1494021765735869696,1.69737,6.18116,-0.10096,-0.47054,0.57057,-0.55667,0.37837,0.94295,-0.01707,0.08303,
1494021765802536448,1.75442,6.18526,-0.09679,-0.47029,0.57208,-0.55973,0.37182,0.86093,0.04394,0.05968,
1494021765902536448,1.83595,6.19560,-0.09201,-0.46955,0.58166,-0.55213,0.36925,0.76119,0.06135,0.04572,
1494021766035869696,1.93909,6.20250,-0.09203,-0.47142,0.56868,-0.56506,0.36753,0.75072,0.06111,-0.05138,
1494021766102536448,1.99353,6.21225,-0.09515,0.47245,-0.56287,0.56939,-0.36845,0.76288,0.10165,-0.05160,
1494021766202536448,2.07257,6.22912,-0.09759,0.47203,-0.55949,0.57048,-0.37243,0.83896,0.13821,-0.02908,
1494021766302536448,2.16103,6.24130,-0.09678,0.46939,-0.56346,0.56481,-0.37839,0.90710,0.15749,0.03295,
1494021766402536448,2.25379,6.25797,-0.09067,0.46543,-0.55278,0.57674,-0.38103,0.86456,0.13495,0.06925,
1494021766502536192,2.33493,6.26382,-0.08734,0.46186,-0.54383,0.58639,-0.38351,0.76103,0.04323,0.00311,
1494021766602536448,2.40361,6.26977,-0.08405,0.45903,-0.52530,0.60599,-0.38227,0.70096,0.01664,0.03465,
1494021766702536448,2.46979,6.27858,-0.08498,0.45622,-0.52837,0.60276,-0.38648,0.74699,0.02135,-0.03463,
1494021766802536448,2.55186,6.28736,-0.08894,0.45630,-0.52773,0.60116,-0.38974,0.83095,-0.01217,-0.01504,
1494021766902536448,2.64528,6.28354,-0.08604,0.45724,-0.53934,0.58936,-0.39076,0.88846,-0.04045,0.03564,
1494021767002536192,2.74270,6.28151,-0.08233,0.46058,-0.53041,0.59906,-0.38425,0.84785,-0.07941,0.05044,
1494021767102536448,2.82194,6.27512,-0.07328,0.46045,-0.53016,0.60437,-0.37636,0.74223,-0.07188,0.09791,
1494021767202536448,2.89748,6.26673,-0.06805,0.46143,-0.54911,0.58751,-0.37468,0.72125,-0.10270,0.01173,
1494021767302536448,2.96614,6.26078,-0.06892,0.46387,-0.53826,0.59804,-0.37074,0.72321,-0.04076,-0.01895,
1494021767402536448,3.04377,6.25954,-0.07444,0.46450,-0.54954,0.58358,-0.37640,0.78857,0.00810,-0.05820,
1494021767502536192,3.12058,6.26256,-0.08087,0.46414,-0.54648,0.58247,-0.38296,0.87424,0.05904,-0.03476,
1494021767602536448,3.20906,6.26787,-0.08312,0.46054,-0.54425,0.58188,-0.39130,0.92604,0.06799,0.00650,
1494021767702536448,3.30158,6.26995,-0.08214,0.45606,-0.53309,0.59262,-0.39575,0.89078,-0.03107,0.07074,
1494021767802536448,3.38550,6.26800,-0.07571,0.44778,-0.53788,0.59010,-0.40244,0.79721,-0.03169,0.04623,
1494021767902536448,3.46515,6.25926,-0.07235,0.44286,-0.50968,0.61785,-0.40294,0.74575,-0.08815,0.04314,
1494021768002536192,3.54233,6.25141,-0.07054,0.43568,-0.51186,0.61637,-0.41021,0.77037,-0.10078,-0.00044,
1494021768102536448,3.61988,6.23817,-0.07347,0.43263,-0.50405,0.62118,-0.41582,0.82392,-0.17290,-0.04217,
1494021768202536448,3.70177,6.21849,-0.07633,0.43283,-0.49413,0.62733,-0.41827,0.83288,-0.21978,0.00505,
1494021768302536448,3.78372,6.19586,-0.07433,0.43286,-0.49053,0.63070,-0.41741,0.82725,-0.23176,0.07771,
1494021768402536448,3.85503,6.17217,-0.06609,0.43038,-0.49295,0.63088,-0.41685,0.70439,-0.21179,0.04844,
1494021768535869696,3.93860,6.14994,-0.06493,0.42583,-0.50677,0.62213,-0.41809,0.62481,-0.14745,0.02389,
1494021768602536448,3.97781,6.14116,-0.06430,0.42307,-0.51438,0.61537,-0.42159,0.65939,-0.09692,-0.01586,
1494021768702536448,4.04218,6.13314,-0.06963,0.42095,-0.51953,0.60853,-0.42729,0.74831,-0.06171,-0.05997,
1494021768802536448,4.12075,6.12967,-0.07363,0.41914,-0.51450,0.60996,-0.43309,0.81918,-0.00684,-0.00530,
1494021768902536448,4.19434,6.12819,-0.07631,0.41308,-0.51741,0.60628,-0.44054,0.83286,0.05820,0.00944,
1494021769002536192,4.27198,6.13036,-0.07009,0.40591,-0.50367,0.61953,-0.44468,0.77951,0.04418,0.11609,
1494021769102536448,4.35646,6.13502,-0.06050,0.39759,-0.49675,0.62898,-0.44671,0.65993,0.03398,0.01965,
1494021769202536448,4.41910,6.13357,-0.05953,0.39413,-0.48225,0.64222,-0.44683,0.66414,-0.00136,0.04103,
1494021769302536448,4.46964,6.13189,-0.06020,0.39195,-0.48005,0.64374,-0.44891,0.65421,-0.05193,-0.03189,
1494021769402536448,4.53534,6.12534,-0.06448,0.39349,-0.47588,0.64523,-0.44986,0.69177,-0.06453,-0.03273,
1494021769502536192,4.60747,6.11612,-0.06831,0.39753,-0.47742,0.64177,-0.44963,0.73540,-0.13495,-0.02749,
1494021769602536448,4.67667,6.10091,-0.06991,0.40295,-0.47647,0.64250,-0.44474,0.74031,-0.15375,0.04365,
1494021769702536448,4.75064,6.08254,-0.06091,0.40753,-0.48203,0.64128,-0.43626,0.66365,-0.21397,0.07844,
1494021769802536448,4.81336,6.06784,-0.05833,0.41167,-0.48814,0.63960,-0.42796,0.60284,-0.09328,0.00979,
1494021769902536448,4.87603,6.05683,-0.05505,0.41461,-0.49785,0.63326,-0.42334,0.63882,-0.11041,0.01853,
1494021770002536192,4.95312,6.04773,-0.05913,0.41860,-0.49735,0.63280,-0.42069,0.69576,-0.04580,-0.06750,
1494021770102536448,5.03129,6.04240,-0.06691,0.42268,-0.49159,0.63392,-0.42170,0.79407,-0.01451,-0.06796,
1494021770202536448,5.11096,6.04157,-0.07065,0.42329,-0.49188,0.63062,-0.42567,0.87097,0.04693,-0.00033,
1494021770302536448,5.20391,6.04146,-0.06639,0.41937,-0.49421,0.62930,-0.42880,0.87473,0.00612,0.10394,
1494021770402536448,5.28137,6.04104,-0.05671,0.41375,-0.48832,0.63709,-0.42949,0.72494,-0.01011,0.03342,
1494021770502536192,5.35766,6.03791,-0.05521,0.40890,-0.48245,0.64349,-0.43124,0.70138,-0.05213,0.05032,
1494021770635869696,5.45494,6.03092,-0.05552,0.40359,-0.47625,0.64787,-0.43653,0.73445,-0.08463,-0.07855,
1494021770702536448,5.51113,6.02404,-0.06029,0.40456,-0.46730,0.65252,-0.43839,0.81684,-0.14074,-0.05780,
1494021770835869696,5.63118,6.00276,-0.06159,0.40496,-0.47369,0.64529,-0.44184,0.92415,-0.19470,0.01992,
1494021770902536448,5.68979,5.98927,-0.06037,0.40621,-0.47194,0.64726,-0.43969,0.90162,-0.22640,0.03117,
1494021771002536192,5.77735,5.96777,-0.05504,0.40789,-0.46137,0.65794,-0.43345,0.81225,-0.22039,0.10563,
1494021771102536448,5.84972,5.95095,-0.04850,0.40603,-0.46959,0.65470,-0.43126,0.72638,-0.13690,0.01796,
1494021771202536448,5.92078,5.93664,-0.04589,0.40504,-0.47311,0.65305,-0.43085,0.71085,-0.13481,0.02517,
1494021771302536448,5.99297,5.92680,-0.04903,0.40357,-0.48182,0.64484,-0.43492,0.77059,-0.08457,-0.07059,
1494021771435869696,6.11148,5.91686,-0.05839,0.40333,-0.47426,0.64524,-0.44279,0.94927,-0.06575,-0.02957,
1494021771502536192,6.17426,5.91278,-0.05832,0.40152,-0.47269,0.64503,-0.44641,0.98406,-0.07092,0.02427,
1494021771635869696,6.30898,5.90400,-0.04546,0.39333,-0.46318,0.65585,-0.44790,0.93024,-0.07240,0.14734,
1494021771702536448,6.36594,5.89986,-0.03988,0.38969,-0.45859,0.66106,-0.44815,0.84276,-0.08492,0.02030,
1494021771802536448,6.45012,5.88900,-0.03755,0.38757,-0.43761,0.67740,-0.44656,0.79037,-0.14248,0.05052,
1494021771902536448,6.52784,5.87564,-0.03694,0.38425,-0.43483,0.67919,-0.44942,0.80167,-0.15072,-0.04192,
1494021772002536192,6.61113,5.85811,-0.04454,0.38458,-0.42380,0.68355,-0.45304,0.88328,-0.20871,-0.09743,
1494021772135869696,6.73610,5.82019,-0.04931,0.38807,-0.41952,0.68317,-0.45462,0.94304,-0.32411,0.04453,
1494021772202536448,6.79590,5.79921,-0.04420,0.38826,-0.42826,0.67849,-0.45331,0.89023,-0.31187,0.09730,
1494021772302536448,6.87869,5.77025,-0.03247,0.38791,-0.43329,0.67928,-0.44761,0.74506,-0.27470,0.06375,
1494021772435869696,6.97006,5.73903,-0.03127,0.38857,-0.45123,0.66903,-0.44475,0.70771,-0.21210,0.02580,
1494021772502536192,7.01854,5.72650,-0.03055,0.38862,-0.46390,0.65941,-0.44604,0.75841,-0.15979,-0.00912,
1494021772602536448,7.09648,5.71150,-0.03702,0.39046,-0.47349,0.64931,-0.44916,0.83202,-0.12576,-0.09815,
1494021772702536448,7.18570,5.70052,-0.04476,0.39134,-0.48793,0.63420,-0.45450,0.96998,-0.12375,-0.02521,
1494021772802536448,7.28470,5.68902,-0.04587,0.39151,-0.49248,0.62889,-0.45681,1.03894,-0.11128,0.01722,
1494021772902536448,7.38427,5.67869,-0.03877,0.39104,-0.48311,0.63791,-0.45471,0.95205,-0.09722,0.11135,
1494021773035869696,7.50163,5.66882,-0.03140,0.38934,-0.47500,0.64738,-0.45131,0.78707,-0.11056,0.04912,
1494021773102536448,7.55275,5.66275,-0.02935,0.38927,-0.46236,0.65825,-0.44877,0.75372,-0.07676,0.00187,
1494021773202536448,7.63549,5.65770,-0.03412,0.38854,-0.46965,0.65120,-0.45210,0.83069,-0.06254,-0.08771,
1494021773302536448,7.72368,5.64718,-0.04242,0.39318,-0.45505,0.65787,-0.45337,0.92607,-0.12988,-0.06571,
1494021773402536448,7.82218,5.63162,-0.04395,0.39762,-0.44236,0.66549,-0.45094,0.98860,-0.11939,0.01175,
1494021773502536192,7.91807,5.61580,-0.03606,0.39807,-0.45596,0.65798,-0.44800,0.93558,-0.11345,0.15141,
1494021773635869696,8.03172,5.60594,-0.02339,0.39765,-0.48700,0.63963,-0.44224,0.77946,-0.06682,0.02772,
1494021773702536448,8.07777,5.59984,-0.02171,0.39892,-0.49226,0.63703,-0.43902,0.75802,-0.07140,0.02193,
1494021773802536448,8.16395,5.59327,-0.02499,0.40124,-0.50505,0.62530,-0.43923,0.86406,0.03255,-0.06583,
1494021773902536448,8.25738,5.59611,-0.03325,0.40442,-0.50671,0.61935,-0.44283,0.98369,0.04627,-0.08049,
1494021774002536192,8.35958,5.59993,-0.03745,0.40579,-0.50847,0.61483,-0.44585,1.06388,0.08091,0.02313,
1494021774102536448,8.46338,5.60808,-0.03427,0.40476,-0.50906,0.61471,-0.44627,1.03296,0.07203,0.07716,
1494021774202536448,8.55601,5.61804,-0.02600,0.40461,-0.49621,0.62798,-0.44238,0.85765,0.07939,0.04272,
1494021774302536448,8.63792,5.62295,-0.02337,0.40458,-0.48922,0.63605,-0.43865,0.80668,0.05962,0.02369,
1494021774402536448,8.72074,5.62867,-0.02767,0.40584,-0.48643,0.63734,-0.43872,0.87924,0.04463,-0.06303,
1494021774502536192,8.81199,5.62893,-0.03645,0.41054,-0.48841,0.63158,-0.44048,0.98178,-0.03011,-0.07396,
1494021774602536448,8.90851,5.62352,-0.04195,0.41718,-0.48786,0.62899,-0.43854,1.01548,-0.07284,-0.02558,
1494021774702536448,9.01068,5.61620,-0.03685,0.42142,-0.48807,0.63123,-0.43098,0.96498,-0.07598,0.14346,
1494021774802536448,9.09724,5.60976,-0.02852,0.42348,-0.49620,0.62894,-0.42295,0.80208,-0.02951,0.02623,
1494021774902536448,9.16975,5.60954,-0.02621,0.42630,-0.51104,0.61907,-0.41696,0.78116,0.00391,0.03450,
1494021775002536192,9.24680,5.61209,-0.02809,0.43053,-0.52290,0.60739,-0.41509,0.85213,0.05550,-0.08007,
1494021775102536448,9.33951,5.61810,-0.03740,0.43655,-0.52168,0.60412,-0.41511,0.97330,0.09792,-0.10224,
1494021775202536448,9.44541,5.63019,-0.04390,0.44090,-0.51864,0.60263,-0.41647,1.06954,0.14196,-0.01449,
1494021775302536448,9.55466,5.64694,-0.03807,0.43963,-0.52110,0.60168,-0.41613,1.04482,0.12657,0.12923,
1494021775435869696,9.68466,5.66108,-0.02709,0.43654,-0.51345,0.61445,-0.41020,0.91274,0.07427,0.01525,
1494021775502536192,9.73743,5.66682,-0.02317,0.43626,-0.50287,0.62505,-0.40757,0.91621,0.06161,0.07542,
1494021775602536448,9.81868,5.67407,-0.02100,0.43530,-0.50180,0.62612,-0.40827,0.91949,0.03675,-0.05433,
1494021775702536448,9.91851,5.67691,-0.02992,0.43867,-0.49094,0.63146,-0.40964,1.03609,0.00365,-0.08498,
1494021775802536448,10.02224,5.67563,-0.03474,0.44253,-0.48492,0.63300,-0.41027,1.09086,-0.04687,-0.00512,
1494021775902536448,10.12372,5.67178,-0.02747,0.44230,-0.48803,0.63300,-0.40683,0.97709,-0.04394,0.15519,
1494021776002536192,10.21134,5.66752,-0.01475,0.43825,-0.50897,0.62030,-0.40511,0.82239,-0.04030,0.04544,
1494021776102536448,10.29408,5.66432,-0.01328,0.43755,-0.50509,0.62618,-0.40167,0.83220,-0.02154,0.01776,
1494021776202536448,10.36601,5.66995,-0.01678,0.43616,-0.51137,0.61860,-0.40694,0.88905,0.07881,-0.07099,
1494021776302536448,10.45728,5.67909,-0.02609,0.43536,-0.50392,0.61995,-0.41495,0.98780,0.10180,-0.09046,
1494021776402536448,10.56250,5.69001,-0.03030,0.43306,-0.48473,0.63206,-0.42189,1.04271,0.12764,0.01087,
1494021776502536192,10.65704,5.70579,-0.02410,0.42475,-0.48475,0.63265,-0.42937,0.98448,0.11575,0.10886,
1494021776602536448,10.74513,5.71603,-0.01390,0.41651,-0.46785,0.64869,-0.43225,0.85488,0.08187,0.05539,
1494021776702536448,10.82653,5.72143,-0.00982,0.41036,-0.44952,0.66433,-0.43383,0.80742,0.03779,0.00347,
1494021776802536448,10.90476,5.72620,-0.01345,0.40642,-0.43868,0.67067,-0.43884,0.84949,0.01752,-0.07731,
1494021776902536448,10.99926,5.72592,-0.01992,0.40510,-0.42788,0.67505,-0.44398,0.96445,-0.04666,-0.04322,
1494021777002536192,11.09933,5.71680,-0.02025,0.40427,-0.41340,0.68325,-0.44591,0.98787,-0.08102,0.03012,
1494021777102536448,11.18865,5.70807,-0.01158,0.40054,-0.40425,0.69184,-0.44442,0.86560,-0.10334,0.12139,
1494021777202536448,11.26007,5.69853,-0.00196,0.39498,-0.40172,0.69600,-0.44519,0.73004,-0.05383,0.01030,
1494021777302536448,11.32265,5.69210,-0.00186,0.39135,-0.40108,0.69703,-0.44735,0.71575,-0.07462,0.00148,
1494021777435869696,11.43341,5.68502,-0.00803,0.38595,-0.39660,0.69717,-0.45574,0.82562,-0.03597,-0.06660,
1494021777502536192,11.50075,5.68334,-0.01193,0.38259,-0.39152,0.69817,-0.46141,0.89691,-0.01465,-0.05685,
1494021777602536448,11.58896,5.68318,-0.01514,0.37479,-0.37062,0.70796,-0.47007,0.96947,0.00426,-0.00581,
1494021777702536448,11.69564,5.68367,-0.01079,0.36330,-0.34483,0.72280,-0.47609,0.93815,-0.02021,0.11736,
1494021777802536448,11.78523,5.68093,0.00193,0.34971,-0.33154,0.73239,-0.48103,0.81574,-0.03507,0.05070,
1494021777902536448,11.86103,5.67026,0.00496,0.34188,-0.29507,0.75173,-0.48058,0.70615,-0.16178,0.02568,
1494021778002536192,11.93118,5.65566,0.00371,0.33356,-0.28133,0.75724,-0.48599,0.73238,-0.16913,-0.05261,
1494021778102536448,12.00861,5.63569,-0.00306,0.32737,-0.26017,0.76306,-0.49282,0.81653,-0.24801,-0.05360,
1494021778202536448,12.09630,5.60470,-0.00455,0.32091,-0.24208,0.76804,-0.49852,0.83685,-0.37166,0.01740,
1494021778302536448,12.18015,5.56558,0.00001,0.31434,-0.21482,0.77967,-0.49714,0.79620,-0.41169,0.12387,
1494021778402536448,12.24967,5.52439,0.00936,0.30576,-0.21337,0.78151,-0.50023,0.67398,-0.39990,0.01526,
1494021778502536192,12.31171,5.48284,0.00879,0.30004,-0.19137,0.78879,-0.50116,0.61451,-0.42935,-0.00912,
1494021778635869696,12.39964,5.42406,0.00509,0.28797,-0.18265,0.78884,-0.51132,0.68715,-0.47077,-0.04507,
1494021778702536448,12.45014,5.39169,0.00155,0.28158,-0.17000,0.79037,-0.51684,0.72950,-0.51664,-0.04869,
1494021778802536448,12.53053,5.33662,-0.00031,0.26975,-0.15817,0.79108,-0.52574,0.75867,-0.58083,0.01654,
1494021778902536448,12.60974,5.27729,0.00006,0.25581,-0.13900,0.79393,-0.53378,0.72962,-0.62560,-0.00326,
1494021779002536192,12.67824,5.21468,0.00387,0.24204,-0.09947,0.80230,-0.53651,0.63866,-0.61312,0.05452,
1494021779102536448,12.73751,5.15284,0.00796,0.22794,-0.08393,0.80555,-0.54046,0.49949,-0.66611,0.03448,
1494021779202536448,12.78615,5.08401,0.00506,0.21648,-0.05546,0.80840,-0.54456,0.49213,-0.71637,-0.06095,
1494021779302536448,12.83275,5.00725,0.00074,0.20543,-0.04392,0.80697,-0.55197,0.49200,-0.82946,-0.02039,
1494021779402536448,12.88752,4.91745,-0.00058,0.19470,-0.04748,0.80394,-0.55993,0.45904,-0.93298,-0.00487,
1494021779502536192,12.92850,4.82183,0.00090,0.18905,-0.03113,0.80552,-0.56074,0.35216,-0.96105,0.08710,
1494021779602536448,12.96170,4.72966,0.01107,0.17964,-0.03045,0.80660,-0.56232,0.33083,-0.86103,0.04400,
1494021779702536448,12.99063,4.64769,0.01022,0.17064,-0.02875,0.80670,-0.56506,0.30655,-0.84222,-0.01562,
1494021779802536448,13.02388,4.55885,0.00841,0.16072,-0.01881,0.80544,-0.57016,0.35546,-0.91473,-0.04622,
1494021779902536448,13.06013,4.46254,0.00340,0.14940,-0.01497,0.80220,-0.57787,0.38125,-1.00142,-0.03539,
1494021780002536192,13.10069,4.35961,0.00197,0.13738,0.00598,0.80089,-0.58281,0.38545,-1.02366,0.00582,
1494021780135869696,13.14730,4.22129,0.01163,0.11854,0.04026,0.80292,-0.58280,0.29321,-1.02729,0.10804,
1494021780202536448,13.16457,4.15552,0.01513,0.10984,0.05855,0.80342,-0.58225,0.21937,-0.98918,0.02458,
1494021780302536448,13.17885,4.05994,0.01752,0.09972,0.08547,0.80247,-0.58206,0.10125,-0.93039,-0.00906,
1494021780402536448,13.19624,3.96317,0.01245,0.08788,0.09336,0.79963,-0.58665,0.09911,-0.97128,-0.10444,
1494021780502536192,13.20840,3.85872,0.00326,0.07881,0.09592,0.79549,-0.59311,0.03265,-1.09339,-0.06125,
1494021780602536448,13.20410,3.74721,0.00590,0.07344,0.10884,0.79393,-0.59367,-0.02278,-1.13544,0.10336,
1494021780702536448,13.19864,3.64045,0.02186,0.06953,0.12449,0.79629,-0.58787,-0.10564,-0.99533,0.15176,
1494021780802536448,13.18929,3.54907,0.02738,0.06380,0.12747,0.79806,-0.58548,-0.08816,-0.86758,0.00138,
1494021780902536448,13.17467,3.46398,0.02841,0.05777,0.13498,0.79725,-0.58551,-0.08060,-0.88582,-0.00908,
1494021781035869696,13.16337,3.33927,0.02134,0.04504,0.12043,0.79461,-0.59335,-0.02717,-1.00894,-0.06244,
1494021781102536448,13.16382,3.26922,0.01743,0.03930,0.12556,0.79131,-0.59709,-0.02633,-1.05022,-0.04928,
1494021781235869696,13.16491,3.12576,0.01694,0.02477,0.11817,0.78998,-0.60113,-0.00150,-1.06665,0.05012,
1494021781302536448,13.15781,3.06120,0.02165,0.01951,0.12588,0.78925,-0.60072,-0.05509,-1.01213,0.06605,
1494021781402536448,13.15063,2.96531,0.02448,0.01563,0.13697,0.78894,-0.59881,-0.12035,-0.92720,0.02576,
1494021781535869696,13.12451,2.84659,0.02484,0.01481,0.14501,0.78814,-0.59799,-0.14414,-0.90977,-0.04671,
1494021781602536448,13.11727,2.78626,0.02014,0.01502,0.15094,0.78573,-0.59968,-0.10226,-0.93264,-0.09102,
1494021781702536448,13.10423,2.68989,0.01261,0.01215,0.11437,0.78764,-0.60531,-0.13757,-1.00851,-0.01409,
1494021781802536448,13.09607,2.58156,0.01635,0.01115,0.07297,0.79016,-0.60844,-0.16602,-1.00561,0.02624,
1494021781902536448,13.08000,2.48390,0.02314,0.01515,0.06697,0.79252,-0.60597,-0.11669,-0.91794,0.10982,
1494021782002536192,13.07206,2.39602,0.03419,0.00437,-0.00772,0.79809,-0.60247,-0.04883,-0.81382,0.06854,
1494021782102536448,13.04940,2.32036,0.04083,0.00180,-0.03180,0.80028,-0.59878,-0.16926,-0.79725,0.01414,
1494021782202536448,13.03793,2.23725,0.03741,-0.00270,-0.05785,0.79858,-0.59909,-0.08256,-0.90550,-0.04133,
1494021782335869696,13.03056,2.10440,0.03353,-0.00789,-0.04835,0.79581,-0.60356,-0.04222,-1.04809,-0.01588,
1494021782402536448,13.02735,2.03487,0.03666,-0.01126,-0.03869,0.79614,-0.60377,0.00044,-1.07365,0.04705,
1494021782502536192,13.02599,1.93153,0.04823,-0.01724,-0.03120,0.79842,-0.60104,-0.01238,-1.00227,0.12036,
1494021782635869696,13.02028,1.81003,0.05761,-0.01699,0.01025,0.80113,-0.59817,-0.07959,-0.85697,0.06301,
1494021782702536448,13.01704,1.75820,0.06132,-0.01810,0.01308,0.80212,-0.59675,-0.05332,-0.85661,0.01800,
1494021782802536448,13.01169,1.66962,0.05985,-0.01983,0.01047,0.80127,-0.59788,-0.04807,-0.94311,-0.04437,
1494021782902536448,13.00372,1.56979,0.05606,-0.01971,0.00672,0.79896,-0.60103,-0.08614,-1.02395,-0.02248,
1494021783002536192,12.99012,1.46664,0.05735,-0.01254,0.01811,0.79810,-0.60212,-0.14131,-1.01066,0.06697,
1494021783102536448,12.97386,1.37037,0.06882,-0.00290,0.03185,0.80055,-0.59842,-0.13099,-0.88262,0.11526,
1494021783202536448,12.96371,1.28458,0.07430,-0.00071,0.00070,0.80376,-0.59495,-0.08237,-0.84447,0.03166,
1494021783302536448,12.95300,1.19632,0.07570,0.00216,-0.00607,0.80417,-0.59437,-0.04185,-0.90066,-0.02222,
1494021783402536448,12.94483,1.09881,0.06972,0.00329,-0.01601,0.80216,-0.59689,-0.03347,-1.01919,-0.05941,
1494021783502536192,12.94389,0.98967,0.06558,0.00444,-0.00428,0.79933,-0.60086,0.04329,-1.12432,-0.01680,
1494021783602536448,12.94723,0.87431,0.06851,0.00081,-0.00300,0.79891,-0.60145,0.06028,-1.13042,0.07431,
1494021783702536448,12.94376,0.76154,0.08082,-0.00090,0.01178,0.80094,-0.59862,0.00018,-1.00679,0.10402,
1494021783802536448,12.94425,0.66807,0.08915,-0.00019,0.02544,0.80348,-0.59479,-0.07415,-0.93815,0.05528,
1494021783902536448,12.93689,0.57564,0.08900,-0.00064,0.03129,0.80317,-0.59493,-0.06209,-0.97700,-0.03718,
1494021784002536192,12.93581,0.47637,0.08285,-0.00156,0.03043,0.80040,-0.59870,-0.07096,-1.06139,-0.07146,
1494021784102536448,12.92275,0.36767,0.07879,0.00088,0.03402,0.79763,-0.60219,-0.13338,-1.10039,0.00469,
1494021784235869696,12.90406,0.22212,0.09121,0.00861,0.04928,0.79961,-0.59843,-0.17293,-0.99394,0.15986,
1494021784302536448,12.89086,0.16155,0.10039,0.00878,0.04405,0.80182,-0.59588,-0.11536,-0.91852,0.08073,
1494021784402536448,12.88119,0.07344,0.10250,0.00949,0.03739,0.80316,-0.59451,-0.12706,-0.88989,0.01371,
1494021784502536192,12.86819,-0.01943,0.09979,0.00669,0.02556,0.80228,-0.59636,-0.09638,-0.93703,-0.06063,
1494021784602536448,12.85837,-0.12145,0.08929,0.00312,0.02711,0.79845,-0.60144,-0.05175,-1.06106,-0.10618,
1494021784702536448,12.84209,-0.23818,0.08329,-0.00301,0.03152,0.79482,-0.60602,-0.02466,-1.15814,0.00042,
1494021784835869696,12.84210,-0.38936,0.09390,-0.01037,0.04446,0.79548,-0.60426,-0.06175,-1.05355,0.15334,
1494021784902536448,12.83416,-0.45412,0.10188,-0.01277,0.05295,0.79726,-0.60118,-0.09262,-0.97244,0.08561,
1494021785002536192,12.82170,-0.54527,0.10978,-0.01381,0.07790,0.79788,-0.59760,-0.09772,-0.90893,0.04948,
1494021785102536448,12.81050,-0.63844,0.10879,-0.02016,0.06979,0.79830,-0.59787,-0.11289,-0.94678,-0.06248,
1494021785202536448,12.79295,-0.74360,0.10115,-0.02334,0.06765,0.79502,-0.60235,-0.17480,-1.06232,-0.08277,
1494021785335869696,12.76722,-0.88866,0.09999,-0.01940,0.06948,0.79273,-0.60529,-0.19161,-1.07137,0.06198,
1494021785402536448,12.74605,-0.95579,0.10811,-0.01421,0.08104,0.79380,-0.60259,-0.22933,-1.00653,0.17607,
1494021785502536192,12.72712,-1.04908,0.11825,-0.01222,0.06789,0.79835,-0.59824,-0.13598,-0.85208,0.03389,
1494021785635869696,12.70183,-1.16107,0.12242,-0.00783,0.05957,0.80043,-0.59641,-0.09782,-0.86050,-0.00197,
1494021785702536448,12.70065,-1.22275,0.11971,-0.00736,0.05015,0.79964,-0.59833,-0.06415,-0.92751,-0.07765,
1494021785835869696,12.68814,-1.35478,0.10829,-0.00854,0.03133,0.79564,-0.60490,-0.02040,-1.04505,-0.03782,
1494021785902536448,12.68837,-1.42375,0.10878,-0.00880,0.02678,0.79507,-0.60587,-0.00963,-1.10776,0.03562,
1494021786002536192,12.68484,-1.52366,0.11502,-0.00594,0.04598,0.79463,-0.60532,-0.05335,-1.05354,0.08597,
1494021786102536448,12.68077,-1.62642,0.12191,-0.00243,0.05672,0.79622,-0.60234,-0.05035,-0.89095,0.05379,
1494021786202536448,12.66960,-1.71783,0.12862,0.00010,0.06670,0.79808,-0.59885,-0.03531,-0.85528,0.05321,
1494021786335869696,12.66288,-1.82689,0.12540,-0.00097,0.06219,0.79659,-0.60131,-0.05875,-0.93728,-0.08543,
1494021786402536448,12.65783,-1.89318,0.12018,-0.00017,0.06488,0.79426,-0.60411,-0.11586,-0.99518,-0.05918,
1494021786502536192,12.64793,-1.99548,0.11954,0.00370,0.06725,0.79235,-0.60634,-0.12816,-1.04326,0.03607,
1494021786602536448,12.63241,-2.09917,0.12886,0.00972,0.07353,0.79330,-0.60429,-0.14462,-0.92749,0.12462,
1494021786702536448,12.61469,-2.18939,0.13687,0.00906,0.04361,0.79776,-0.60133,-0.12608,-0.79628,0.02807,
1494021786802536448,12.60166,-2.26962,0.13753,0.01252,0.04802,0.79849,-0.59996,-0.08699,-0.85097,0.01100,
1494021786902536448,12.58750,-2.35861,0.13379,0.01020,0.03277,0.79704,-0.60295,-0.05997,-0.95397,-0.05834,
1494021787002536192,12.57888,-2.46281,0.12729,0.00845,0.03202,0.79393,-0.60711,-0.03173,-1.06954,-0.03968,
1494021787102536448,12.56664,-2.57151,0.12923,0.00514,0.03723,0.79208,-0.60925,0.01634,-1.11138,0.03149,
1494021787202536448,12.56524,-2.68227,0.13976,0.00198,0.05124,0.79309,-0.60694,-0.00740,-1.04524,0.14318,
1494021787302536448,12.55651,-2.76381,0.15066,-0.00010,0.06279,0.79556,-0.60262,-0.08137,-0.87045,0.06973,
1494021787402536448,12.54483,-2.82542,0.15640,-0.00244,0.07597,0.79643,-0.59994,-0.08797,-0.82301,-0.01178,
1494021787502536192,12.53546,-2.92639,0.15109,-0.00627,0.08427,0.79380,-0.60227,-0.07040,-0.96782,-0.05880,
1494021787602536448,12.52395,-3.02302,0.14465,-0.00983,0.08462,0.79014,-0.60698,-0.15097,-1.07545,-0.02992,
1494021787702536448,12.50497,-3.12653,0.14861,-0.00986,0.08537,0.78961,-0.60755,-0.18706,-1.03855,0.10042,
1494021787802536448,12.48195,-3.22128,0.16393,-0.00927,0.08584,0.79313,-0.60290,-0.16157,-0.89148,0.10577,
1494021787902536448,12.46579,-3.31035,0.16852,-0.01059,0.08020,0.79564,-0.60034,-0.16264,-0.80943,0.02114,
1494021788002536192,12.45059,-3.39007,0.16974,-0.01292,0.08160,0.79528,-0.60059,-0.10435,-0.85354,-0.01811,
1494021788135869696,12.43917,-3.51654,0.16152,-0.02033,0.08071,0.79167,-0.60526,-0.07144,-1.00542,-0.06223,
1494021788202536448,12.43652,-3.58924,0.15805,-0.02373,0.08726,0.78929,-0.60733,-0.07327,-1.07528,-0.00843,
1494021788302536448,12.42936,-3.70531,0.16389,-0.03168,0.09002,0.78993,-0.60572,-0.04816,-1.09937,0.17136,
1494021788402536448,12.42133,-3.80798,0.18160,-0.03711,0.10832,0.79154,-0.60029,-0.11436,-0.94818,0.09385,
1494021788502536192,12.40850,-3.87328,0.18702,-0.03634,0.13887,0.79010,-0.59593,-0.18818,-0.82891,0.05843,
1494021788602536448,12.39576,-3.93602,0.18697,-0.04114,0.13821,0.78979,-0.59618,-0.20193,-0.85755,-0.04867,
1494021788702536448,12.37253,-4.04556,0.17901,-0.04373,0.14918,0.78469,-0.60008,-0.25503,-0.95257,-0.07536,
1494021788802536448,12.33941,-4.15143,0.17700,-0.04469,0.15254,0.78178,-0.60296,-0.33839,-0.99648,0.02264,
1494021788935869696,12.29035,-4.28459,0.19000,-0.03856,0.17623,0.78096,-0.59796,-0.37553,-0.83667,0.16117,
1494021789002536192,12.26890,-4.31152,0.19688,-0.04043,0.16199,0.78550,-0.59591,-0.30721,-0.74244,0.04166,
1494021789102536448,12.23146,-4.41272,0.19738,-0.03934,0.16164,0.78679,-0.59437,-0.36996,-0.72773,0.01635,
1494021789202536448,12.19691,-4.50288,0.19710,-0.04189,0.15502,0.78696,-0.59574,-0.30263,-0.84026,-0.03515,
1494021789302536448,12.16390,-4.61936,0.18861,-0.04838,0.15071,0.78464,-0.59941,-0.32544,-0.94714,-0.08675,
1494021789402536448,12.12888,-4.74591,0.18406,-0.05491,0.16014,0.77995,-0.60250,-0.33086,-1.02701,0.00388,
1494021789502536192,12.09575,-4.85362,0.19046,-0.06344,0.16539,0.78015,-0.59999,-0.34989,-0.98517,0.15343,
1494021789602536448,12.05837,-4.94991,0.20249,-0.07259,0.17334,0.78103,-0.59554,-0.40087,-0.86139,0.04276,
1494021789702536448,12.01739,-5.02448,0.20815,-0.07688,0.21109,0.77476,-0.59100,-0.42432,-0.80067,0.06361,
1494021789802536448,11.97614,-5.11365,0.20680,-0.08867,0.20876,0.77468,-0.59027,-0.42731,-0.84256,-0.07412,
1494021789902536448,11.92663,-5.21920,0.19790,-0.09959,0.21254,0.77018,-0.59307,-0.52650,-0.93563,-0.07086,
1494021790035869696,11.84432,-5.36658,0.20009,-0.10497,0.23446,0.76317,-0.59294,-0.62871,-0.94398,0.09933,
1494021790102536448,11.80079,-5.43993,0.21040,-0.10544,0.24935,0.76105,-0.58950,-0.65073,-0.86293,0.16602,
1494021790202536448,11.73820,-5.53240,0.21856,-0.11053,0.25624,0.76173,-0.58472,-0.58486,-0.77438,0.01596,
1494021790302536448,11.67716,-5.61434,0.22057,-0.11521,0.27978,0.75456,-0.58231,-0.59858,-0.75016,0.01630,
1494021790402536448,11.61942,-5.69356,0.21784,-0.13073,0.26448,0.75772,-0.58209,-0.59431,-0.83229,-0.06788,
1494021790502536192,11.55601,-5.77912,0.21231,-0.14499,0.27815,0.75040,-0.58181,-0.67841,-0.91501,-0.01717,
1494021790602536448,11.48661,-5.87246,0.21532,-0.16248,0.28805,0.74585,-0.57821,-0.68759,-0.97365,0.07499,
1494021790702536448,11.41667,-5.96084,0.22321,-0.17933,0.31058,0.73813,-0.57143,-0.71283,-0.87450,0.09114,
1494021790802536448,11.34805,-6.03650,0.23137,-0.19380,0.34802,0.72447,-0.56255,-0.68343,-0.71724,0.07045,
1494021790902536448,11.27794,-6.10147,0.23740,-0.20900,0.37542,0.71316,-0.55388,-0.70470,-0.64188,-0.00527,
1494021791002536192,11.20446,-6.16462,0.23077,-0.22595,0.39571,0.69961,-0.55037,-0.76246,-0.64467,-0.10965,
1494021791102536448,11.12290,-6.22987,0.22222,-0.24353,0.40388,0.69064,-0.54826,-0.85467,-0.68154,-0.03981,
1494021791202536448,11.03436,-6.29518,0.22178,-0.25775,0.40955,0.68589,-0.54350,-0.91000,-0.64708,0.05190,
1494021791302536448,10.94577,-6.35307,0.23189,-0.26603,0.42539,0.67899,-0.53595,-0.88010,-0.58016,0.13446,
1494021791402536448,10.86607,-6.40241,0.24098,-0.27686,0.42108,0.68420,-0.52717,-0.77832,-0.53767,0.03482,
1494021791502536192,10.79213,-6.44580,0.24166,-0.28463,0.44272,0.67056,-0.52281,-0.76479,-0.51826,-0.03641,
1494021791602536448,10.71374,-6.50037,0.23433,-0.29764,0.44211,0.66737,-0.52017,-0.82416,-0.56540,-0.08578,
1494021791702536448,10.62755,-6.55845,0.22671,-0.30996,0.45756,0.65206,-0.51902,-0.90516,-0.67236,-0.06157,
1494021791802536448,10.53859,-6.62002,0.22594,-0.32235,0.47532,0.63673,-0.51453,-0.92302,-0.67151,0.04681,
1494021791902536448,10.45220,-6.67410,0.23858,-0.32992,0.50087,0.62047,-0.50527,-0.85898,-0.56440,0.15306,
1494021792002536192,10.37423,-6.72035,0.24709,-0.33458,0.52417,0.60531,-0.49690,-0.77100,-0.42174,0.07117,
1494021792102536448,10.30283,-6.75899,0.24917,-0.34167,0.53927,0.59337,-0.49027,-0.73174,-0.40769,-0.03663,
1494021792202536448,10.22327,-6.79925,0.24283,-0.35073,0.54285,0.58694,-0.48764,-0.86120,-0.37784,-0.08039,
1494021792302536448,10.13142,-6.83730,0.23525,-0.35793,0.54307,0.58220,-0.48786,-0.97113,-0.37366,-0.04714,
1494021792402536448,10.03203,-6.87570,0.23722,-0.35997,0.55272,0.57299,-0.48641,-0.99049,-0.36896,0.09599,
1494021792502536192,9.93755,-6.90885,0.25294,-0.35896,0.56370,0.56777,-0.48065,-0.88246,-0.31142,0.14610,
1494021792602536448,9.85662,-6.93715,0.26052,-0.35994,0.56217,0.57334,-0.47506,-0.78620,-0.25932,0.02468,
1494021792702536448,9.77596,-6.96300,0.26060,-0.36043,0.57469,0.56138,-0.47400,-0.81839,-0.27970,-0.02923,
1494021792802536448,9.69114,-6.99332,0.25698,-0.36879,0.56320,0.56936,-0.47184,-0.89271,-0.33483,-0.03694,
1494021792902536448,9.59710,-7.02726,0.25295,-0.37677,0.56520,0.56400,-0.46957,-0.98616,-0.36770,-0.02170,
1494021793002536192,9.49690,-7.06679,0.25476,-0.38446,0.57355,0.55393,-0.46518,-0.99670,-0.37060,0.05525,
1494021793102536448,9.40248,-7.09785,0.26471,-0.38749,0.59384,0.53669,-0.45735,-0.88126,-0.29702,0.09026,
1494021793202536448,9.31630,-7.12066,0.26962,-0.38751,0.61809,0.51326,-0.45207,-0.84965,-0.17018,0.05277,
1494021793302536448,9.23488,-7.13264,0.27220,-0.39186,0.62157,0.50991,-0.44731,-0.83961,-0.11267,-0.02094,
1494021793402536448,9.14741,-7.13964,0.26619,-0.39607,0.62631,0.50156,-0.44644,-0.95451,-0.05651,-0.05424,
1494021793502536192,9.05043,-7.13996,0.26454,-0.40090,0.61735,0.50787,-0.44747,-1.02769,-0.00370,0.01280,
1494021793602536448,8.95282,-7.13293,0.26863,-0.39783,0.61943,0.50595,-0.44950,-0.96698,0.05285,0.06534,
1494021793702536448,8.86181,-7.12903,0.27807,-0.38885,0.63168,0.49604,-0.45135,-0.82714,0.01945,0.09523,
1494021793802536448,8.78782,-7.12758,0.28421,-0.38507,0.61948,0.51412,-0.45127,-0.74353,0.00000,0.05196,
1494021793902536448,8.71563,-7.12693,0.28571,-0.38292,0.60655,0.52892,-0.45356,-0.74224,-0.05294,-0.04639,
1494021794002536192,8.64331,-7.12807,0.27717,-0.38427,0.58753,0.54600,-0.45721,-0.81900,-0.06965,-0.05815,
1494021794135869696,8.52691,-7.14269,0.27199,-0.38699,0.58139,0.54831,-0.45997,-0.97846,-0.16950,0.02870,
1494021794202536448,8.46533,-7.15317,0.27576,-0.39071,0.57177,0.55754,-0.45780,-0.98215,-0.19314,0.07134,
1494021794302536448,8.37440,-7.16460,0.28287,-0.39428,0.56719,0.56312,-0.45358,-0.89422,-0.10392,0.05772,
1494021794402536448,8.28548,-7.17329,0.28688,-0.39362,0.57981,0.55144,-0.45255,-0.83259,-0.02222,0.01977,
1494021794502536192,8.21076,-7.17219,0.28951,-0.39670,0.57508,0.55661,-0.44955,-0.78035,-0.03251,-0.01135,
1494021794602536448,8.13479,-7.17387,0.28294,-0.40542,0.56082,0.56725,-0.44648,-0.86658,-0.01666,-0.08884,
1494021794702536448,8.04178,-7.17708,0.27514,-0.41307,0.56358,0.55950,-0.44577,-0.96476,-0.02277,-0.03061,
1494021794835869696,7.90944,-7.18354,0.27927,-0.41956,0.57186,0.55027,-0.44062,-0.96688,-0.01450,0.11038,
1494021794902536448,7.84579,-7.18803,0.28862,-0.41989,0.58008,0.54465,-0.43652,-0.89898,-0.03003,0.13048,
1494021795002536192,7.76990,-7.19576,0.29558,-0.42534,0.55837,0.57044,-0.42651,-0.79893,-0.06072,0.02989,
1494021795102536448,7.69888,-7.19956,0.29562,-0.42770,0.56243,0.56582,-0.42497,-0.80613,-0.04290,-0.04963,
1494021795202536448,7.61676,-7.20715,0.28920,-0.43277,0.56536,0.55896,-0.42502,-0.90074,-0.11989,-0.05444,
1494021795302536448,7.51569,-7.22754,0.28358,-0.44063,0.55970,0.56051,-0.42239,-0.99626,-0.21824,-0.01711,
1494021795402536448,7.41818,-7.24758,0.28873,-0.44260,0.57351,0.54778,-0.41847,-1.00117,-0.15648,0.14838,
1494021795502536192,7.32585,-7.26641,0.30460,-0.43966,0.59774,0.52657,-0.41489,-0.90919,-0.20195,0.05689,
1494021795602536448,7.23418,-7.28172,0.31169,-0.43699,0.61585,0.50933,-0.41274,-0.86563,-0.10930,0.07752,
1494021795702536448,7.14696,-7.29274,0.31126,-0.43966,0.61375,0.51164,-0.41016,-0.88093,-0.10692,-0.07591,
1494021795802536448,7.03688,-7.29452,0.30257,-0.44260,0.61771,0.50148,-0.41360,-0.98733,-0.03927,-0.07210,
1494021795902536448,6.94069,-7.29646,0.30125,-0.44362,0.61685,0.49977,-0.41583,-1.03154,-0.01907,0.05990,
1494021796002536192,6.83061,-7.29043,0.31679,-0.43764,0.62669,0.49333,-0.41516,-0.92274,0.00509,0.17392,
1494021796102536448,6.75413,-7.29637,0.32695,-0.43555,0.61766,0.51010,-0.41060,-0.80496,-0.07958,0.03908,
1494021796202536448,6.67750,-7.30018,0.32913,-0.43463,0.61771,0.51084,-0.41057,-0.78833,-0.04453,-0.02380,
1494021796302536448,6.58542,-7.30347,0.32109,-0.43927,0.60586,0.52075,-0.41084,-0.89226,-0.13224,-0.11041,
1494021796402536448,6.49464,-7.32064,0.31226,-0.44675,0.59821,0.52308,-0.41104,-1.01644,-0.15400,-0.04992,
1494021796502536192,6.38031,-7.32694,0.31234,-0.45097,0.60015,0.51937,-0.40830,-0.98912,-0.13298,0.05704,
1494021796602536448,6.28008,-7.33195,0.32364,-0.44984,0.61664,0.50465,-0.40340,-0.93480,-0.11524,0.14237,
1494021796702536448,6.19723,-7.34239,0.33353,-0.44670,0.63817,0.48280,-0.40012,-0.85016,-0.00938,0.08715,
1494021796802536448,6.10113,-7.33425,0.33721,-0.44799,0.64291,0.47806,-0.39677,-0.85111,0.01096,-0.01777,
1494021796902536448,6.00434,-7.32021,0.33054,-0.45218,0.64557,0.46999,-0.39735,-0.94387,0.05891,-0.07776,
1494021797035869696,5.87840,-7.29839,0.32677,-0.45570,0.64529,0.46543,-0.39914,-0.96246,0.14055,0.04765,
1494021797102536448,5.82130,-7.29165,0.33205,-0.45301,0.64926,0.46301,-0.39858,-0.90736,0.16031,0.12725,
1494021797235869696,5.71708,-7.26553,0.34708,-0.44956,0.63816,0.48532,-0.39383,-0.74133,0.12136,0.05320,
1494021797302536448,5.67021,-7.25936,0.34960,-0.44640,0.64577,0.47753,-0.39457,-0.71306,0.13792,0.03114,
1494021797435869696,5.58985,-7.24469,0.34671,-0.45023,0.63693,0.48636,-0.39379,-0.80189,0.04906,-0.06985,
1494021797502536192,5.54133,-7.24154,0.34123,-0.45451,0.63720,0.48149,-0.39442,-0.86231,0.05771,-0.08958,
1494021797602536448,5.44404,-7.23969,0.33505,-0.46067,0.64152,0.47118,-0.39273,-0.93316,0.03053,0.01822,
1494021797702536448,5.37525,-7.24215,0.33971,-0.46617,0.63958,0.47506,-0.38463,-0.88927,0.03771,0.11560,
1494021797802536448,5.29153,-7.23457,0.35154,-0.46655,0.65455,0.45976,-0.37753,-0.76586,0.08225,0.05464,
1494021797902536448,5.22235,-7.22276,0.35623,-0.46409,0.67902,0.42850,-0.37409,-0.68020,0.15438,0.05190,
1494021798002536192,5.14534,-7.20866,0.35497,-0.46932,0.68004,0.42616,-0.36834,-0.73180,0.11390,-0.07409,
1494021798102536448,5.07514,-7.19251,0.34541,-0.47679,0.68037,0.41955,-0.36572,-0.79443,0.16733,-0.07052,
1494021798202536448,5.01406,-7.17142,0.34223,-0.48251,0.66977,0.43209,-0.36316,-0.78254,0.20682,0.02078,
1494021798302536448,4.94355,-7.14862,0.34729,-0.48002,0.67280,0.43090,-0.36227,-0.69319,0.23705,0.11271,
1494021798402536448,4.88687,-7.12830,0.35704,-0.47810,0.66710,0.44418,-0.35930,-0.58560,0.16394,0.04086,
1494021798502536192,4.81199,-7.11132,0.35561,-0.47636,0.67499,0.43417,-0.35912,-0.57768,0.13099,-0.00267,
1494021798602536448,4.74555,-7.10357,0.35340,-0.48208,0.66191,0.45112,-0.35490,-0.62688,0.07720,-0.03620,
1494021798702536448,4.69418,-7.09805,0.34711,-0.48814,0.65425,0.45806,-0.35194,-0.66756,0.06488,-0.05640,
1494021798802536448,4.64650,-7.10048,0.34355,-0.49182,0.66050,0.44658,-0.34988,-0.68070,0.05096,0.01319,
1494021798902536448,4.58144,-7.09776,0.34609,-0.49364,0.67145,0.43112,-0.34584,-0.63513,0.04729,0.08276,
1494021799002536192,4.48832,-7.08961,0.35332,-0.49653,0.67414,0.42947,-0.33846,-0.57799,-0.04834,0.01414,
1494021799135869696,4.42544,-7.08672,0.35691,-0.49878,0.67517,0.42955,-0.33295,-0.41559,0.02247,-0.02045,
1494021799202536448,4.38868,-7.08126,0.35479,0.50074,-0.67696,-0.42619,0.33066,-0.43563,0.05542,-0.03619,
1494021799335869696,4.32324,-7.07131,0.35208,0.50504,-0.68158,-0.41708,0.32623,-0.52119,0.11733,0.01185,
1494021799402536448,4.27050,-7.05739,0.35166,0.50684,-0.68284,-0.41553,0.32276,-0.57443,0.17644,0.00968,
1494021799502536192,4.19773,-7.03657,0.35503,0.50734,-0.69597,-0.39470,0.32007,-0.58932,0.22154,0.04231,
1494021799635869696,4.11598,-7.00730,0.36510,0.50621,-0.70263,-0.38841,0.31496,-0.51409,0.26048,0.07590,
1494021799702536448,4.06094,-6.99244,0.36657,0.50442,-0.70782,-0.38195,0.31412,-0.51168,0.20727,-0.01553,
1494021799802536448,3.98100,-6.96722,0.36526,0.50594,-0.70742,-0.38169,0.31288,-0.50986,0.21216,-0.02499,
1494021799935869696,3.89762,-6.93359,0.35847,0.50840,-0.71677,-0.35992,0.31342,-0.56107,0.26171,-0.06898,
1494021800002536192,3.83650,-6.91457,0.35584,0.51112,-0.71914,-0.35277,0.31169,-0.65848,0.21566,-0.03469,
1494021800102536448,3.75363,-6.88711,0.35510,0.51674,-0.71897,-0.35078,0.30498,-0.69092,0.26032,0.02041,
1494021800202536448,3.69006,-6.86379,0.35531,0.52180,-0.72505,-0.33731,0.29708,-0.60647,0.25481,0.01204,
1494021800302536448,3.62244,-6.83381,0.35811,0.52306,-0.73922,-0.31040,0.28916,-0.50879,0.30153,0.05299,
1494021800435869696,3.54776,-6.78647,0.36725,0.52577,-0.74817,-0.29572,0.27634,-0.44832,0.37558,0.02295,
1494021800502536192,3.51004,-6.75728,0.36672,0.52683,-0.75382,-0.28311,0.27213,-0.39688,0.45851,-0.01533,
1494021800602536448,3.45651,-6.70287,0.36518,0.53032,-0.76091,-0.26223,0.26647,-0.39029,0.53395,-0.00504,
1494021800702536448,3.40791,-6.64238,0.36290,0.53528,-0.76508,-0.24623,0.25982,-0.34600,0.56825,-0.03858,
1494021800802536448,3.37059,-6.57902,0.36702,0.53961,-0.76887,-0.23545,0.24945,-0.27863,0.58108,0.05851,
1494021800902536448,3.33507,-6.52282,0.36690,0.54494,-0.77048,-0.23341,0.23437,-0.25220,0.53309,0.00310,
1494021801002536192,3.30589,-6.46618,0.36610,0.55275,-0.77400,-0.21930,0.21750,-0.27871,0.54447,-0.03738,
1494021801102536448,3.27402,-6.40583,0.36188,0.56122,-0.77530,-0.20906,0.20058,-0.28608,0.63917,-0.01809,
1494021801202536448,3.24360,-6.34106,0.36114,0.56969,-0.77886,-0.18890,0.18205,-0.32945,0.63534,-0.02533,
1494021801302536448,3.21271,-6.27790,0.35826,0.57727,-0.78373,-0.16260,0.16154,-0.27512,0.61739,0.02005,
1494021801402536448,3.18814,-6.21468,0.36158,0.58287,-0.78910,-0.13431,0.13981,-0.19535,0.60084,-0.02371,
1494021801502536192,3.17461,-6.15262,0.35698,0.58644,-0.79577,-0.08813,0.12276,-0.12877,0.65404,0.00989,
1494021801602536448,3.16440,-6.08129,0.35990,0.59021,-0.79671,-0.07757,0.10436,-0.06734,0.74530,0.00099,
1494021801702536448,3.16453,-6.00414,0.35882,0.59278,-0.79798,-0.05593,0.09335,0.00362,0.79185,-0.02199,
1494021801802536448,3.16905,-5.92351,0.35636,0.59516,-0.79772,-0.04342,0.08686,0.03545,0.83100,-0.01253,
1494021801902536448,3.17843,-5.84203,0.35970,0.59415,-0.79903,-0.03882,0.08391,0.09845,0.82380,0.11483,
1494021802002536192,3.18894,-5.76345,0.36631,0.59248,-0.80059,-0.03855,0.08089,0.04800,0.74769,0.01687,
1494021802102536448,3.19531,-5.69446,0.36712,0.59240,-0.80096,-0.03649,0.07865,0.08511,0.66598,0.03832,
1494021802235869696,3.20642,-5.60584,0.36569,0.59261,-0.80169,-0.01610,0.07649,-0.00714,0.67653,-0.04493,
1494021802302536448,3.20308,-5.55962,0.36168,0.59520,-0.80022,-0.00479,0.07319,-0.08699,0.70494,-0.07411,
1494021802435869696,3.18345,-5.45691,0.35603,0.60078,-0.79733,-0.01112,0.05659,-0.17011,0.82190,-0.01981,
1494021802502536192,3.17466,-5.40211,0.35670,0.60239,-0.79672,-0.00307,0.04846,-0.14837,0.87647,0.02697,
1494021802602536448,3.16203,-5.31548,0.36062,0.60227,-0.79751,0.00155,0.03516,-0.11465,0.85374,0.05320,
1494021802735869696,3.15352,-5.20474,0.36458,0.60055,-0.79905,0.01948,0.02207,-0.03392,0.81213,-0.00091,
1494021802802536448,3.15354,-5.15088,0.36711,0.59962,-0.79894,0.04215,0.01919,-0.02092,0.81098,0.05483,
1494021802902536448,3.15130,-5.06984,0.37037,0.59939,-0.79953,0.03754,0.00866,-0.05654,0.79854,-0.03137,
1494021803002536192,3.14952,-4.98596,0.36426,0.60150,-0.79715,0.05235,0.00294,-0.02800,0.85011,-0.06659,
1494021803102536448,3.14845,-4.89781,0.36017,0.60385,-0.79551,0.05024,-0.00186,0.00583,0.91791,-0.02104,
1494021803202536448,3.15783,-4.80016,0.36196,0.60394,-0.79537,0.05138,-0.00022,0.06700,0.94191,0.05360,
1494021803302536448,3.16523,-4.71094,0.37077,0.60030,-0.79891,0.03720,0.00145,0.06809,0.85677,0.08895,
1494021803402536448,3.17439,-4.62681,0.37480,0.59756,-0.80125,0.03017,0.00304,0.02238,0.79040,0.03315,
1494021803502536192,3.17306,-4.55056,0.37421,0.59767,-0.80110,0.03188,0.00121,-0.05644,0.75040,-0.04801,
1494021803602536448,3.17740,-4.47065,0.36628,0.60087,-0.79868,0.03256,-0.00141,-0.01523,0.77911,-0.09415,
1494021803702536448,3.17682,-4.38661,0.35868,0.60453,-0.79550,0.04137,-0.00304,-0.00835,0.88271,-0.04929,
1494021803802536448,3.17740,-4.29425,0.35782,0.60588,-0.79375,0.05309,-0.00639,-0.06205,0.93128,0.02615,
1494021803935869696,3.17458,-4.17229,0.37037,0.60229,-0.79620,0.05536,-0.01575,-0.01062,0.84023,0.04108,
1494021804002536192,3.17788,-4.12002,0.37181,0.60035,-0.79563,0.07958,-0.01464,0.08621,0.76882,0.01600,
1494021804102536448,3.18666,-4.04628,0.37486,0.59764,-0.79485,0.10403,-0.01481,0.08162,0.74738,0.00387,
1494021804202536448,3.19804,-3.96590,0.36829,0.59935,-0.79501,0.09130,-0.02009,0.10494,0.84067,-0.08384,
1494021804302536448,3.21280,-3.87498,0.35984,0.60277,-0.79278,0.08788,-0.02104,0.19966,0.91027,-0.02798,
1494021804402536448,3.23596,-3.78484,0.36009,0.60277,-0.79262,0.09019,-0.01693,0.27425,0.88266,0.03535,
1494021804502536192,3.26208,-3.70040,0.36943,0.59789,-0.79578,0.09570,-0.01012,0.24884,0.79507,0.12836,
1494021804602536448,3.28119,-3.62395,0.37453,0.59506,-0.80092,0.06570,-0.01021,0.19346,0.73290,0.01890,
1494021804702536448,3.29706,-3.54289,0.37419,0.59401,-0.80108,0.07310,-0.00842,0.12321,0.74276,-0.03158,
1494021804802536448,3.30756,-3.47731,0.37009,0.59635,-0.80035,0.06040,-0.01279,0.09057,0.81189,-0.07839,
1494021804935869696,3.31983,-3.35750,0.36037,0.60039,-0.79612,0.07369,-0.01730,0.04186,0.93392,-0.03638,
1494021805002536192,3.32106,-3.29889,0.36093,0.60185,-0.79546,0.06692,-0.02328,0.01897,0.96481,0.02514,
1494021805102536448,3.32345,-3.20987,0.36486,0.60012,-0.79592,0.07424,-0.02925,0.02569,0.92475,0.07195,
1494021805235869696,3.32796,-3.09045,0.36815,0.59816,-0.79568,0.08897,-0.03438,0.05635,0.83912,0.04152,
1494021805302536448,3.33178,-3.03712,0.37084,0.59648,-0.79630,0.09364,-0.03684,0.04505,0.81102,0.02248,
1494021805402536448,3.33607,-2.96884,0.36693,0.59746,-0.79574,0.09086,-0.03983,0.05890,0.83110,-0.08171,
1494021805502536192,3.34364,-2.87994,0.35982,0.60034,-0.79315,0.09484,-0.03887,0.05475,0.90226,-0.02682,
1494021805602536448,3.35383,-2.78256,0.36183,0.60054,-0.79543,0.07242,-0.03737,0.07426,0.89018,0.04387,
1494021805702536448,3.36188,-2.69875,0.36966,0.59725,-0.79840,0.07137,-0.02764,0.08652,0.78740,0.07591,
1494021805802536448,3.36616,-2.62281,0.37293,0.59467,-0.80164,0.05823,-0.01886,-0.01468,0.72959,0.02140,
1494021805902536448,3.36069,-2.54019,0.37232,0.59458,-0.80343,0.02736,-0.01486,-0.11899,0.74496,-0.04584,
1494021806002536192,3.35001,-2.46152,0.36509,0.59758,-0.80161,0.01539,-0.00921,-0.13651,0.81575,-0.07184,
1494021806135869696,3.32725,-2.33567,0.35532,0.60246,-0.79807,0.01106,-0.00195,-0.22339,0.98486,-0.05834,
1494021806202536448,3.31173,-2.26620,0.35489,0.60313,-0.79762,0.00615,0.00057,-0.27490,1.01855,0.04178,
1494021806302536448,3.28680,-2.16437,0.36343,0.60107,-0.79909,0.01175,0.00589,-0.26920,0.92557,0.05451,
1494021806402536448,3.26168,-2.07914,0.36531,0.59889,-0.80053,0.01718,0.01393,-0.19133,0.85974,0.01440,
1494021806502536192,3.24080,-1.99410,0.36538,0.59722,-0.80117,0.03031,0.02326,-0.21066,0.86658,-0.00146,
1494021806602536448,3.21985,-1.90255,0.36290,0.59827,-0.80049,0.02235,0.02799,-0.21274,0.93097,-0.06204,
1494021806702536448,3.20143,-1.80127,0.35697,0.60106,-0.79839,0.01479,0.03281,-0.16019,0.98161,-0.02052,
1494021806802536448,3.18953,-1.70519,0.35830,0.60087,-0.79849,-0.00268,0.03691,-0.09988,0.93844,0.03339,
1494021806902536448,3.18206,-1.61203,0.36669,0.59721,-0.80087,-0.00288,0.04392,-0.10417,0.86449,0.05746,
1494021807002536192,3.17054,-1.52710,0.36908,0.59524,-0.80198,-0.01605,0.04760,-0.13987,0.84236,0.00464,
1494021807135869696,3.14744,-1.40743,0.36485,0.59683,-0.80053,-0.02346,0.04899,-0.22947,0.92200,-0.08855,
1494021807202536448,3.13441,-1.34865,0.36248,0.60002,-0.79820,-0.01892,0.04990,-0.21472,1.00031,-0.06362,
1494021807302536448,3.10989,-1.24842,0.35882,0.60282,-0.79626,-0.01207,0.04934,-0.27830,1.04463,-0.00371,
1494021807402536448,3.08282,-1.14434,0.35978,0.60226,-0.79688,0.00270,0.04760,-0.22005,1.03080,0.05063,
1494021807502536192,3.06026,-1.04235,0.36963,0.59955,-0.79864,0.02677,0.04463,-0.24613,0.99617,0.05669,
1494021807602536448,3.04127,-0.94355,0.37587,0.59610,-0.80022,0.05083,0.04153,-0.13433,0.95633,0.08641,
1494021807702536448,3.02943,-0.85124,0.37826,0.59544,-0.80067,0.05600,0.03513,-0.09310,0.96356,-0.05299,
1494021807802536448,3.02062,-0.74861,0.36952,0.59937,-0.79686,0.06907,0.03160,-0.05362,1.04555,-0.09756,
1494021807902536448,3.01753,-0.64117,0.36597,0.60243,-0.79489,0.06660,0.02827,0.01736,1.07767,0.04600,
1494021808035869696,3.02039,-0.50385,0.37860,0.59769,-0.79830,0.06933,0.02598,0.04218,0.98319,0.13399,
1494021808102536448,3.02172,-0.44542,0.38380,0.59663,-0.79978,0.06168,0.02406,-0.00718,0.89472,0.02238,
1494021808202536448,3.02290,-0.36103,0.38540,0.59532,-0.80076,0.06210,0.02268,0.00441,0.85874,0.00009,
1494021808302536448,3.01930,-0.27131,0.38001,0.59771,-0.79956,0.05536,0.01939,-0.05628,0.92260,-0.07934,
1494021808402536448,3.01156,-0.17842,0.37174,0.60303,-0.79601,0.05033,0.01416,-0.11624,1.04410,-0.08409,
1494021808502536192,3.00073,-0.07441,0.36976,0.60576,-0.79319,0.06169,0.00978,-0.12529,1.10801,0.04121,
1494021808602536448,2.99214,0.03239,0.37664,0.60377,-0.79351,0.07591,0.00631,-0.07007,1.06786,0.10915,
1494021808702536448,2.98746,0.12836,0.38468,0.60121,-0.79386,0.09115,0.00423,-0.04841,0.96397,0.06385,
1494021808802536448,2.98702,0.22197,0.39026,0.59907,-0.79401,0.10318,0.00266,0.00330,0.88785,-0.01238,
1494021808902536448,2.98704,0.31594,0.38559,0.60027,-0.79173,0.11332,0.00137,0.00287,0.93184,-0.08018,
1494021809002536192,2.98713,0.41423,0.37675,0.60494,-0.78801,0.11436,0.00037,0.03566,1.00523,-0.06667,
1494021809102536448,2.99546,0.50709,0.37501,0.60665,-0.78666,0.11462,0.00144,0.11127,0.97206,0.05222,
1494021809202536448,3.00701,0.60215,0.38750,0.60130,-0.78998,0.11977,0.00545,0.11614,0.87865,0.15292,
1494021809302536448,3.01250,0.68745,0.39662,0.59828,-0.79686,0.08403,0.00331,0.05409,0.78842,0.05842,
1494021809402536448,3.02130,0.76460,0.39974,0.59660,-0.79821,0.08304,0.00588,0.07055,0.76894,-0.00646,
1494021809502536192,3.02256,0.84155,0.39515,0.59913,-0.79746,0.07127,0.00454,-0.01773,0.81600,-0.08235,
1494021809602536448,3.02118,0.92867,0.38769,0.60323,-0.79482,0.06605,0.00231,-0.01739,0.92248,-0.06578,
1494021809702536448,3.01996,1.02262,0.38732,0.60442,-0.79441,0.05981,0.00060,-0.01763,0.99108,0.05131,
1494021809802536448,3.02120,1.11824,0.39780,0.60135,-0.79711,0.05467,-0.00042,0.01507,0.95325,0.13100,
1494021809902536448,3.02095,1.21078,0.40419,0.59795,-0.79929,0.05988,0.00064,0.01314,0.85712,0.02989,
1494021810002536192,3.02538,1.29256,0.40822,0.59521,-0.79981,0.07760,0.00414,0.02657,0.84773,0.01964,
1494021810102536448,3.02894,1.38036,0.40612,0.59627,-0.79930,0.07439,0.00670,0.04854,0.94303,-0.04113,
1494021810202536448,3.03605,1.47971,0.40073,0.59932,-0.79720,0.07164,0.01278,0.10037,1.01974,-0.03082,
1494021810302536448,3.04804,1.58255,0.40133,0.59976,-0.79666,0.07100,0.02413,0.13661,1.00042,0.05705,
1494021810402536448,3.06109,1.67961,0.41211,0.59580,-0.80025,0.05821,0.03497,0.09126,0.87836,0.09018,
1494021810502536192,3.06669,1.76709,0.41680,0.59282,-0.80323,0.03791,0.04421,0.07332,0.79551,0.03827,
1494021810602536448,3.07220,1.83653,0.41799,0.59092,-0.80428,0.03405,0.05283,0.00518,0.75562,-0.00894,
1494021810702536448,3.06815,1.91718,0.41328,0.59354,-0.80282,0.01015,0.05563,-0.09148,0.81295,-0.06035,
1494021810802536448,3.05669,2.00113,0.40701,0.59773,-0.79964,-0.00369,0.05729,-0.15513,0.88417,-0.03560,
1494021810902536448,3.03979,2.09758,0.40570,0.59950,-0.79811,-0.01237,0.05880,-0.18150,0.88775,0.02102,
1494021811002536192,3.02278,2.18000,0.40972,0.59842,-0.79879,-0.01687,0.05949,-0.21453,0.83206,0.07661,
1494021811102536448,3.00295,2.26315,0.41403,0.59607,-0.80041,-0.01477,0.06183,-0.17067,0.74579,0.05878,
1494021811202536448,2.98685,2.33723,0.41829,0.59391,-0.80184,-0.01143,0.06469,-0.17594,0.71320,-0.01599,
1494021811302536448,2.96872,2.40912,0.41565,0.59488,-0.80062,-0.02550,0.06694,-0.20388,0.74326,-0.02448,
1494021811402536448,2.94923,2.49119,0.41482,0.59637,-0.79816,-0.04717,0.07113,-0.18506,0.81080,-0.01852,
1494021811502536192,2.93203,2.57418,0.41720,0.59577,-0.79652,-0.06250,0.08187,-0.13906,0.81510,0.02236,
1494021811602536448,2.91642,2.65737,0.42270,0.59018,-0.79918,-0.05614,0.09923,-0.15690,0.76966,0.09161,
1494021811702536448,2.89674,2.72450,0.43025,0.58654,-0.79680,-0.09491,0.10988,-0.23822,0.64049,0.02912,
1494021811802536448,2.87276,2.78937,0.43390,0.58214,-0.79552,-0.11426,0.12332,-0.24079,0.59810,0.02155,
1494021811902536448,2.84228,2.84901,0.43342,0.58032,-0.79262,-0.12784,0.13656,-0.38566,0.60373,-0.02081,
1494021812002536192,2.79872,2.91367,0.43081,0.58157,-0.78451,-0.15862,0.14547,-0.46226,0.63405,-0.06247,
1494021812102536448,2.74973,2.98114,0.42465,0.58165,-0.78332,-0.15130,0.15874,-0.56598,0.69314,-0.00691,
1494021812202536448,2.69182,3.05406,0.43014,0.58017,-0.78077,-0.16294,0.16508,-0.57733,0.72754,0.11176,
1494021812302536448,2.63604,3.12358,0.43555,0.57818,-0.77876,-0.17470,0.16946,-0.49902,0.65130,-0.00989,
1494021812402536448,2.59201,3.18276,0.43810,0.57412,-0.78325,-0.16020,0.17678,-0.40710,0.57241,0.05082,
1494021812535869696,2.53529,3.25720,0.43675,0.57263,-0.78214,-0.16442,0.18254,-0.42614,0.57901,-0.02636,
1494021812602536448,2.50546,3.29761,0.43646,0.57246,-0.77730,-0.18499,0.18405,-0.47048,0.65133,0.03431,
1494021812702536448,2.45979,3.36576,0.43618,0.57136,-0.77412,-0.19425,0.19119,-0.49359,0.69107,-0.03970,
1494021812802536448,2.41383,3.43294,0.43698,0.56609,-0.77555,-0.19273,0.20229,-0.48523,0.66322,0.08475,
1494021812902536448,2.36903,3.49156,0.45061,0.56050,-0.76995,-0.22007,0.21113,-0.46130,0.51286,0.06171,
1494021813002536192,2.32489,3.53816,0.45405,0.55192,-0.76578,-0.24264,0.22378,-0.40818,0.48221,0.05389,
1494021813102536448,2.27591,3.58149,0.45365,0.54687,-0.75975,-0.26008,0.23677,-0.56132,0.42777,-0.03780,
1494021813202536448,2.21753,3.62063,0.44781,0.54322,-0.75242,-0.27639,0.24979,-0.62279,0.41311,-0.02802,
1494021813302536448,2.15076,3.65940,0.44208,0.54084,-0.74471,-0.29009,0.26219,-0.71551,0.37609,-0.05979,
1494021813402536448,2.07851,3.69551,0.43930,0.53716,-0.73832,-0.30345,0.27252,-0.72808,0.35398,0.02042,
1494021813502536192,2.00647,3.72892,0.44626,0.53132,-0.73516,-0.31453,0.27984,-0.73536,0.26883,0.10201,
1494021813602536448,1.93500,3.75210,0.45012,0.52603,-0.72821,-0.33318,0.28635,-0.63053,0.22516,0.03276,
1494021813702536448,1.87694,3.77086,0.45459,0.51773,-0.73016,-0.33340,0.29608,-0.56890,0.15303,0.05940,
1494021813802536448,1.81758,3.78363,0.45551,0.51178,-0.72097,-0.35409,0.30482,-0.63500,0.09450,0.01653,
1494021813902536448,1.75193,3.79924,0.45562,0.50584,-0.70659,-0.37964,0.31738,-0.62690,0.16438,-0.02220,
1494021814002536192,1.68788,3.81715,0.45377,-0.49477,0.69337,0.40135,-0.33670,-0.66673,0.17580,-0.03767,
1494021814102536448,1.62077,3.83211,0.45601,-0.47911,0.67902,0.42391,-0.36012,-0.68650,0.10918,0.05137,
1494021814202536448,1.56042,3.83588,0.46217,-0.45797,0.65621,0.46159,-0.38288,-0.53505,0.01019,0.06246,
1494021814302536448,1.50896,3.82853,0.46447,-0.43263,0.63345,0.49570,-0.40726,-0.53183,-0.07462,0.06171,
1494021814402536448,1.45718,3.81492,0.46681,-0.40658,0.60793,0.52787,-0.43181,-0.51081,-0.18012,-0.00605,
1494021814502536192,1.40535,3.79252,0.46383,-0.38091,0.58721,0.54882,-0.45704,-0.54346,-0.26922,-0.03864,
1494021814602536448,1.35103,3.76294,0.45908,-0.35591,0.56772,0.56672,-0.47942,-0.54717,-0.31973,-0.05453,
1494021814702536448,1.29446,3.72612,0.45644,-0.33474,0.53688,0.59359,-0.49734,-0.57198,-0.41946,-0.01365,
1494021814802536448,1.23701,3.68519,0.45986,-0.31504,0.51070,0.61540,-0.51109,-0.56853,-0.40658,0.07344,
1494021814902536448,1.19108,3.64432,0.46436,-0.29382,0.48318,0.63887,-0.52159,-0.43305,-0.31871,0.00941,
1494021815002536192,1.15011,3.60699,0.46862,-0.27353,0.46870,0.65160,-0.53002,-0.39284,-0.42412,0.06069,
1494021815102536448,1.11009,3.56557,0.46817,-0.25799,0.44466,0.66760,-0.53855,-0.41410,-0.40026,-0.02849,
1494021815202536448,1.06448,3.52342,0.46500,-0.24246,0.42019,0.68071,-0.54890,-0.44240,-0.46965,-0.06065,
1494021815302536448,1.01395,3.47494,0.46402,-0.22471,0.39340,0.69438,-0.55909,-0.50946,-0.48207,0.01078,
1494021815402536448,0.96406,3.42796,0.46676,-0.20074,0.37454,0.70527,-0.56747,-0.47499,-0.48417,0.03922,
1494021815535869696,0.91115,3.36134,0.47407,-0.16879,0.33776,0.72637,-0.57429,-0.29298,-0.49440,0.03532,
1494021815602536448,0.89366,3.32859,0.47778,-0.15428,0.32024,0.73566,-0.57658,-0.26743,-0.53143,0.06752,
1494021815702536448,0.87227,3.27100,0.47797,-0.13623,0.28803,0.74823,-0.58193,-0.18727,-0.62120,-0.06096,
1494021815802536448,0.85821,3.20374,0.47148,-0.12323,0.26227,0.75455,-0.58880,-0.17248,-0.75290,-0.03730,
1494021815902536448,0.84250,3.12045,0.46839,-0.11461,0.25092,0.75582,-0.59383,-0.17119,-0.88541,0.00152,
1494021816035869696,0.82907,2.99492,0.47411,-0.10785,0.25315,0.75650,-0.59328,-0.08943,-0.89785,0.15203,
1494021816102536448,0.82372,2.93665,0.48201,-0.10935,0.24636,0.75851,-0.59331,-0.07032,-0.87952,0.04863,
1494021816202536448,0.81833,2.85225,0.48254,-0.10658,0.25944,0.75663,-0.59064,-0.10298,-0.79816,0.04464,
1494021816302536448,0.81016,2.77588,0.48599,-0.10803,0.25678,0.75775,-0.59009,-0.07239,-0.74720,-0.00637,
1494021816402536448,0.80157,2.69626,0.48135,-0.11040,0.25338,0.75746,-0.59149,-0.09447,-0.80556,-0.07561,
1494021816502536192,0.79288,2.61141,0.48044,-0.11265,0.25625,0.75488,-0.59313,-0.13390,-0.92745,0.04004,
1494021816602536448,0.77762,2.51683,0.48359,-0.11201,0.25699,0.75527,-0.59244,-0.14123,-0.93290,0.08501,
1494021816702536448,0.76800,2.42788,0.49111,-0.10793,0.25913,0.75830,-0.58837,-0.12376,-0.85479,0.12128,
1494021816835869696,0.75483,2.31680,0.50198,-0.10413,0.24296,0.76661,-0.58518,-0.04478,-0.80625,0.07103,
1494021816902536448,0.75414,2.26497,0.50404,-0.10273,0.24200,0.76630,-0.58623,0.01292,-0.80938,-0.02653,
1494021817002536192,0.75249,2.18924,0.49794,-0.10301,0.24273,0.76462,-0.58807,-0.03639,-0.84025,-0.07027,
1494021817135869696,0.75389,2.06374,0.49154,-0.11190,0.26246,0.75492,-0.59050,0.04720,-0.96011,-0.05532,
1494021817202536448,0.75720,2.00267,0.49019,-0.12163,0.26371,0.75255,-0.59105,0.02783,-0.97795,0.05618,
1494021817302536448,0.75423,1.92291,0.49756,-0.13322,0.28197,0.74870,-0.58497,-0.04729,-0.86952,0.14884,
1494021817402536448,0.75115,1.83565,0.50393,-0.14644,0.29612,0.74575,-0.57855,-0.05072,-0.79536,0.01800,
1494021817502536192,0.73932,1.76215,0.50730,-0.15683,0.32980,0.73326,-0.57355,-0.06111,-0.76807,0.01644,
1494021817602536448,0.72839,1.67777,0.50275,-0.17399,0.32805,0.73238,-0.57073,-0.08047,-0.78295,-0.06034,
1494021817702536448,0.71128,1.59652,0.50026,-0.18847,0.34268,0.72361,-0.56871,-0.14597,-0.81794,-0.00648,
1494021817835869696,0.68814,1.47335,0.50215,-0.20698,0.36322,0.71415,-0.56145,-0.15572,-0.80877,0.05763,
1494021817902536448,0.67811,1.41636,0.50698,-0.21393,0.37399,0.71097,-0.55577,-0.15855,-0.74812,0.11846,
1494021818002536192,0.66492,1.34357,0.51599,-0.22525,0.38501,0.70826,-0.54718,-0.13215,-0.67582,0.05849,
1494021818102536448,0.65374,1.27412,0.51804,-0.23542,0.40207,0.70023,-0.54092,-0.12689,-0.64672,0.01464,
1494021818202536448,0.64701,1.19781,0.51176,-0.25032,0.41343,0.69174,-0.53657,-0.06570,-0.70599,-0.09100,
1494021818302536448,0.63914,1.11750,0.50607,-0.27316,0.42247,0.68229,-0.53046,-0.11885,-0.76748,0.01386,
1494021818402536448,0.62881,1.03704,0.50831,-0.29952,0.44459,0.66741,-0.51690,-0.10521,-0.83221,0.04452,
1494021818502536192,0.62222,0.95137,0.51372,-0.32528,0.47545,0.64932,-0.49652,-0.10089,-0.72018,0.11690,
1494021818602536448,0.61323,0.87696,0.51679,-0.34726,0.52391,0.61381,-0.47767,-0.09545,-0.66092,0.00365,
1494021818735869696,0.59664,0.79826,0.51998,-0.37651,0.54231,0.59881,-0.45339,-0.14091,-0.58129,-0.02850,
1494021818802536448,0.58636,0.76139,0.51474,-0.38913,0.54753,0.59270,-0.44440,-0.20564,-0.56342,-0.07331,
1494021818902536448,0.56135,0.70841,0.51134,-0.40666,0.56871,0.57000,-0.43161,-0.31328,-0.54903,0.00312,
1494021819002536192,0.52989,0.65209,0.51326,-0.42317,0.59243,0.54549,-0.41521,-0.29848,-0.52642,0.01339,
1494021819102536448,0.50374,0.59619,0.51657,-0.43571,0.62147,0.51588,-0.39724,-0.25107,-0.49422,0.08116,
1494021819235869696,0.47408,0.53413,0.52738,-0.45092,0.66221,0.47081,-0.36943,-0.20855,-0.46666,0.06680,
1494021819302536448,0.46157,0.49967,0.53126,-0.45993,0.67173,0.46010,-0.35433,-0.21181,-0.44668,0.04755,
1494021819402536448,0.43981,0.45127,0.53270,-0.47620,0.68389,0.44176,-0.33223,-0.23780,-0.42658,-0.02611,
1494021819502536192,0.41658,0.40181,0.52914,-0.49417,0.70074,0.41008,-0.31078,-0.23621,-0.46017,-0.04234,
1494021819602536448,0.39435,0.34849,0.52138,0.51345,-0.71600,-0.37705,0.28556,-0.20665,-0.50020,-0.10514,
1494021819735869696,0.36435,0.28211,0.51057,0.53751,-0.73903,-0.32020,0.24977,-0.25543,-0.42618,-0.05467,
1494021819802536448,0.34738,0.25590,0.50596,0.54666,-0.75072,-0.28863,0.23299,-0.26989,-0.38716,-0.07530,
1494021819902536448,0.31798,0.21944,0.50115,0.55952,-0.76855,-0.23141,0.20666,-0.27843,-0.29895,-0.01361,
1494021820035869696,0.28241,0.18462,0.49443,0.57377,-0.78172,-0.17456,0.17097,-0.25923,-0.16744,-0.03371,
1494021820102536448,0.26325,0.17524,0.49343,0.57809,-0.78917,-0.13512,0.15734,-0.30502,-0.13044,0.00750,
1494021820202536448,0.22887,0.16318,0.49319,0.58370,-0.79383,-0.10925,0.13110,-0.29168,-0.09164,0.02207,
1494021820302536448,0.20257,0.15667,0.49887,0.58503,-0.80059,-0.06889,0.10983,-0.26376,-0.05851,0.05764,
1494021820402536448,0.17804,0.15334,0.50447,0.58453,-0.80519,-0.04261,0.09048,-0.22923,-0.01404,0.06408,
1494021820502536192,0.15619,0.14806,0.50935,0.58592,-0.80687,-0.02329,0.07162,-0.22379,-0.07930,-0.01477,
1494021820602536448,0.14032,0.13746,0.50534,0.58956,-0.80594,-0.00886,0.05283,-0.15492,-0.08909,-0.07312,
1494021820702536448,0.12603,0.12873,0.50167,0.59286,-0.80446,0.01259,0.03476,-0.13925,-0.03896,-0.01650,
1494021820802536448,0.11391,0.12385,0.50039,0.59543,-0.80164,0.05077,0.01615,-0.10177,-0.02943,-0.01276,
1494021820902536448,0.10345,0.11547,0.49504,0.59691,-0.79568,0.10283,-0.00389,-0.05924,-0.10380,-0.05100,
1494021821002536192,0.09889,0.10260,0.48737,0.59783,-0.79036,0.13108,-0.02732,0.00740,-0.09955,-0.07464,
1494021821102536448,0.10108,0.09103,0.47994,0.60013,-0.78916,0.11926,-0.05329,0.09311,-0.06845,-0.04113,
1494021821202536448,0.10645,0.08665,0.47452,0.59980,-0.78617,0.13265,-0.06764,0.10713,-0.02183,-0.01234,
1494021821302536448,0.11214,0.08583,0.47230,0.59896,-0.78850,0.11552,-0.07855,0.07639,-0.01649,-0.01485,
1494021821402536448,0.11447,0.08451,0.47243,0.59890,-0.78829,0.11902,-0.07584,-0.01355,-0.00643,0.00130,
1494021821535869696,0.11558,0.08798,0.47311,0.60009,-0.79026,0.10945,-0.05822,0.00768,0.05926,0.00067,
1494021821602536448,0.11895,0.09404,0.47481,0.60046,-0.79167,0.10332,-0.04512,0.09510,0.10129,0.05190,
1494021821702536448,0.13170,0.10780,0.48056,0.59680,-0.79068,0.13485,-0.02181,0.11221,0.05528,0.04264,
1494021821802536448,0.13837,0.11425,0.48174,0.59322,-0.79092,0.14999,-0.00551,0.00448,0.00262,-0.01777,
1494021821902536448,0.13753,0.11541,0.48369,0.59373,-0.79817,0.10170,-0.00834,0.04433,0.04884,0.06514,
1494021822002536192,0.14111,0.12875,0.49137,0.58864,-0.80158,0.10458,-0.00630,0.05907,0.07836,0.11694,
1494021822135869696,0.13981,0.14023,0.49931,0.58714,-0.80339,0.09879,-0.00887,0.01735,-0.02396,-0.00774,
1494021822202536448,0.13619,0.14012,0.49695,0.58373,-0.80431,0.11056,-0.01094,-0.11105,0.00396,-0.01921,
1494021822302536448,0.12880,0.14009,0.49748,0.58578,-0.80573,0.08634,-0.01461,-0.12535,-0.05198,-0.06090,
1494021822402536448,0.13030,0.13397,0.49345,0.59076,-0.80599,0.03090,-0.02048,0.01115,-0.08400,-0.08772,
1494021822502536192,0.11462,0.12183,0.48167,0.59028,-0.80671,0.00517,-0.02749,-0.13312,-0.05979,-0.07101,
1494021822602536448,0.10965,0.12682,0.48103,0.59374,-0.80404,0.00788,-0.03031,-0.01027,-0.01119,-0.02379,
1494021822702536448,0.11094,0.13323,0.47793,0.59232,-0.80493,-0.01124,-0.03359,-0.00608,0.02164,0.01259,
1494021822802536448,0.10898,0.13705,0.47862,0.59141,-0.80406,-0.04680,-0.03911,-0.01654,0.02737,-0.03110,
1494021822935869696,0.10816,0.14301,0.47666,0.59219,-0.80387,-0.03991,-0.03889,0.01657,0.05719,-0.01187,
1494021823002536192,0.10927,0.15240,0.47542,0.59290,-0.80354,-0.03594,-0.03873,0.01035,0.07280,-0.03813,
1494021823102536448,0.10944,0.15788,0.47436,0.59357,-0.80314,-0.03369,-0.03874,-0.00174,0.03855,-0.00757,
1494021823235869696,0.10848,0.16270,0.47422,0.59292,-0.80292,-0.04615,-0.04034,-0.00517,0.02608,-0.00625,
1494021823302536448,0.10890,0.16432,0.47369,0.59262,-0.80283,-0.05110,-0.04060,0.01952,0.04397,-0.02121,
1494021823402536448,0.10693,0.16931,0.47326,0.59299,-0.80186,-0.05896,-0.04366,-0.05565,0.06093,-0.02580,
1494021823502536192,0.10283,0.17334,0.46956,0.59420,-0.80093,-0.05810,-0.04540,-0.02595,0.03463,-0.05459,
1494021823602536448,0.10239,0.17860,0.46924,0.59439,-0.80044,-0.06358,-0.04413,0.06604,0.07295,0.01698,
1494021823702536448,0.10533,0.18398,0.47084,0.59344,-0.79966,-0.07805,-0.04769,-0.04562,0.05208,-0.03976,
1494021823802536448,0.10158,0.18649,0.47184,0.59566,-0.79941,-0.06227,-0.04754,0.02474,0.02627,-0.01659,
1494021823902536448,0.10322,0.18805,0.47194,0.59600,-0.80082,-0.03838,-0.04473,0.01435,0.04356,0.02742,
1494021824002536192,0.10436,0.19174,0.47401,0.59629,-0.80007,-0.04738,-0.04563,0.00374,0.01994,-0.01209,
1494021824102536448,0.10370,0.19507,0.47176,0.59620,-0.80030,-0.04449,-0.04561,-0.00755,0.04673,0.00844,
1494021824202536448,0.10416,0.20006,0.47175,0.59730,-0.80009,-0.03388,-0.04404,0.04019,0.03776,-0.00857,
1494021824335869696,0.10647,0.20197,0.47152,0.59865,-0.79983,-0.01254,-0.04170,-0.00176,0.00017,-0.02473,
1494021824402536448,0.10795,0.20002,0.47080,0.59859,-0.79977,-0.01573,-0.04259,-0.02585,0.00630,0.00106,
1494021824502536192,0.10630,0.19902,0.47188,0.59819,-0.79970,-0.02864,-0.04267,0.04564,-0.00678,0.00541,
1494021824635869696,0.10786,0.20675,0.48394,0.59353,-0.80379,0.00185,-0.04042,0.03263,0.07334,0.14226,
1494021824702536448,0.10708,0.20685,0.49254,0.59133,-0.80532,0.01649,-0.03892,-0.03342,-0.07701,0.08477,
1494021824802536448,0.10980,0.19028,0.50004,0.58539,-0.80972,-0.00696,-0.04015,0.02596,-0.21347,0.08616,
1494021824902536448,0.11570,0.17219,0.51247,0.57745,-0.81442,0.04899,-0.02963,0.05056,-0.13191,0.19243,
1494021825002536192,0.11697,0.15802,0.52966,0.56775,-0.82154,0.04223,-0.03068,-0.03393,-0.15529,0.18674,
1494021825135869696,0.12403,0.13950,0.55205,0.55595,-0.82907,0.05081,-0.03144,0.11510,-0.09944,0.07051,
1494021825202536448,0.12928,0.13105,0.55275,0.55296,-0.82830,0.08535,-0.02950,0.02324,-0.07017,-0.01831,
1494021825302536448,0.13599,0.13027,0.55065,0.55409,-0.82373,0.11748,-0.02539,0.08104,0.00303,-0.02365,
1494021825402536448,0.14192,0.12684,0.54602,0.55780,-0.82349,0.09986,-0.02733,-0.05943,-0.06275,-0.08379,
1494021825502536192,0.13050,0.12164,0.53714,0.56157,-0.82613,0.02874,-0.03640,-0.12010,-0.02183,-0.05467,
1494021825602536448,0.12062,0.12025,0.53369,0.56178,-0.82587,-0.02491,-0.04149,-0.04717,-0.01237,-0.02358,
1494021825702536448,0.12058,0.12115,0.53240,0.56107,-0.82494,-0.05122,-0.04528,-0.03342,0.01288,-0.00698,
1494021825802536448,0.11745,0.12177,0.52954,0.56039,-0.82371,-0.07204,-0.04769,-0.04163,0.00147,-0.03331,
1494021825902536448,0.11334,0.12380,0.52564,0.56014,-0.82085,-0.09911,-0.05128,-0.04477,0.02286,-0.05416,
1494021826035869696,0.10637,0.12630,0.51589,0.55999,-0.81582,-0.13240,-0.05754,-0.09465,0.02254,-0.02472,
1494021826102536448,0.10039,0.12963,0.51333,0.56276,-0.81308,-0.13778,-0.05673,0.02008,-0.00329,-0.06889,
1494021826202536448,0.11679,0.13774,0.51859,0.56992,-0.81841,-0.05496,-0.04872,-0.05398,0.12601,0.03190,
1494021826302536448,0.11120,0.13903,0.51085,0.57257,-0.81828,-0.02171,-0.04598,0.11976,-0.02268,-0.07585,
1494021826402536448,0.12903,0.14508,0.51474,0.57426,-0.81600,0.05521,-0.03639,0.05577,0.10210,0.08127,
1494021826502536192,0.13126,0.14952,0.51199,0.57406,-0.81236,0.09720,-0.03274,-0.04523,-0.03904,-0.06351,
1494021826602536448,0.12010,0.15230,0.51267,0.57554,-0.81568,0.04401,-0.03849,-0.05926,0.03114,0.01519,
1494021826702536448,0.11850,0.15325,0.51148,0.57417,-0.81749,0.02131,-0.03984,0.00563,0.00190,-0.00542,
1494021826835869696,0.11719,0.15759,0.51282,0.57450,-0.81663,0.04036,-0.03791,-0.01598,0.01827,-0.00849,
1494021826902536448,0.11563,0.15892,0.51212,0.57438,-0.81686,0.03673,-0.03844,-0.02054,0.02261,0.00059,
1494021827002536192,0.11449,0.16048,0.51204,0.57420,-0.81727,0.02887,-0.03901,-0.00949,0.00659,-0.00448,
1494021827102536448,0.11685,0.16214,0.51318,0.57382,-0.81638,0.05436,-0.03608,0.03020,0.02586,0.01931,
1494021827202536448,0.11698,0.16314,0.51408,0.57368,-0.81559,0.06685,-0.03500,-0.04837,0.01094,-0.00644,
1494021827302536448,0.11464,0.16386,0.51332,0.57394,-0.81663,0.04847,-0.03691,-0.01557,0.00433,-0.00628,
1494021827402536448,0.11459,0.16395,0.51255,0.57405,-0.81663,0.04698,-0.03720,-0.01136,0.00692,-0.00503,
1494021827502536192,0.11404,0.16414,0.51238,0.57424,-0.81658,0.04500,-0.03756,-0.01504,0.00499,-0.00437,
1494021827602536448,0.11411,0.16415,0.51229,0.57471,-0.81645,0.04116,-0.03778,-0.00469,-0.00176,-0.01220,
1494021827702536448,0.11341,0.16342,0.51130,0.57460,-0.81682,0.03396,-0.03848,-0.01940,0.00257,-0.00204,
1494021827835869696,0.11412,0.16286,0.51081,0.57514,-0.81615,0.04105,-0.03782,-0.00239,-0.01562,-0.00662,
1494021827902536448,0.11470,0.16332,0.50913,0.57540,-0.81594,0.04197,-0.03731,-0.00910,0.00697,0.00171,
1494021828002536192,0.11511,0.16347,0.50912,0.57561,-0.81567,0.04445,-0.03718,0.00241,0.00217,-0.00364,
1494021828135869696,0.11574,0.16300,0.50999,0.57540,-0.81564,0.04851,-0.03593,0.03541,0.01440,0.01074,
1494021828202536448,0.11882,0.16382,0.51106,0.57522,-0.81460,0.06634,-0.03386,0.03665,0.01247,0.00897,
1494021828302536448,0.12252,0.16031,0.51647,0.57410,-0.81249,0.09708,-0.02914,0.03947,0.01828,0.01961,
1494021828402536448,0.12708,0.16354,0.51419,0.57371,-0.81131,0.10893,-0.02778,-0.02517,-0.00497,-0.01240,
1494021828502536192,0.12800,0.16041,0.51406,0.57418,-0.81223,0.09892,-0.02855,0.01309,0.00631,0.00482,
1494021828602536448,0.12921,0.15778,0.51390,0.57409,-0.81148,0.10546,-0.02824,-0.01090,-0.00589,-0.00540,
