1499117964.096144 -0.0630000 0.0010000 -0.0180000 0.0000000 0.0000000 0.0000000 1.0000000 -0.0467615 -0.0318319 0.0192591 -0.0036145 0.0211079 0.0041676 0.0918112 0.0246481 -0.0714820 
1499117964.996144 -0.0330646 -0.0004178 0.0156675 -0.0055074 0.0454314 -0.0151611 0.9988372 0.0875318 0.0235480 0.0219431 -0.0036145 0.0211079 0.0041676 0.0918112 0.0246481 -0.0714820 
1499117965.362810 -0.0120253 -0.0022976 0.0324512 -0.0067575 0.0508943 -0.0135269 0.9985896 0.0835262 -0.0061744 -0.0007127 -0.0036145 0.0211079 0.0041676 0.0918112 0.0246481 -0.0714820 
1499117965.762810 -0.0042694 -0.0055455 0.0466933 0.0045661 -0.0326638 -0.0228632 0.9991944 -0.0086601 -0.0353985 0.0877855 -0.0036145 0.0211079 0.0041676 0.0918112 0.0246481 -0.0714820 
1499117967.696144 -0.0331027 -0.0342974 0.1477958 -0.0095301 0.0695735 0.0281750 0.9971333 0.0465401 -0.0077947 0.0023374 -0.0036145 0.0211079 0.0041676 0.0918112 0.0246481 -0.0714820 
1499117969.996144 -0.0102442 -0.0152507 0.1539626 0.0156839 0.0060230 -0.0117855 0.9997894 0.2270580 0.0537765 -0.0373071 -0.0036145 0.0211079 0.0041676 0.0918112 0.0246481 -0.0714820 
1499117972.296144 0.0107885 -0.0091659 0.1581803 0.0190029 -0.0178946 -0.0451182 0.9986406 -0.0141013 -0.0166090 0.0258458 -0.0036145 0.0211079 0.0041676 0.0918112 0.0246481 -0.0714820 
1499117972.796144 0.0212820 -0.0183489 0.1849568 0.0386062 -0.1406966 -0.0434484 0.9883452 0.0930928 0.0204814 0.0636157 -0.0036145 0.0211079 0.0041676 0.0918112 0.0246481 -0.0714820 
1499117973.762810 0.0746471 -0.0361505 0.3183572 0.0750716 -0.3627779 -0.0963144 0.9238398 -0.0046771 -0.0061996 -0.0156389 -0.0036145 0.0211079 0.0041676 0.0918112 0.0246481 -0.0714820 
1499117974.062810 0.0675760 -0.0376488 0.3218853 0.0810520 -0.3786505 -0.0922170 0.9173606 0.0005479 0.0154406 -0.0066058 -0.0036145 0.0211079 0.0041676 0.0918112 0.0246481 -0.0714820 
1499117974.129477 0.0665170 -0.0378519 0.3230806 0.0823543 -0.3831590 -0.0915552 0.9154368 -0.0101576 0.0260095 -0.0368702 -0.0036145 0.0211079 0.0041676 0.0918112 0.0246481 -0.0714820 
1499117974.362810 0.0589862 -0.0433002 0.3292780 0.0723021 -0.3925941 -0.0741186 0.9138647 -0.0327132 -0.0643651 0.0463763 -0.0036145 0.0211079 0.0041676 0.0918112 0.0246481 -0.0714820 
1499117974.829477 0.0413717 -0.0510988 0.3455302 0.0636230 -0.3681915 -0.0603703 0.9256039 -0.1225695 0.0276949 0.0771807 -0.0036145 0.0211079 0.0041676 0.0918112 0.0246481 -0.0714820 
1499117975.262810 0.0175919 -0.0647745 0.3642734 0.0343697 -0.2736414 0.0046058 0.9612065 -0.0820978 -0.0129715 -0.1028042 -0.0036145 0.0211079 0.0041676 0.0918112 0.0246481 -0.0714820 
1499117975.696144 0.0104708 -0.0625752 0.3795657 0.0573363 -0.2765611 -0.0275546 0.9588886 0.0193670 -0.0276864 0.1443734 -0.0036145 0.0211079 0.0041676 0.0918112 0.0246481 -0.0714820 
1499117976.096144 0.0023206 -0.0737905 0.3966899 0.0357012 -0.2544900 0.0071238 0.9663899 0.0678458 0.0605467 0.0302592 -0.0036145 0.0211079 0.0041676 0.0918112 0.0246481 -0.0714820 
1499117976.562810 -0.0100495 -0.0747227 0.4174708 0.0446477 -0.2294135 -0.0284198 0.9718891 -0.0882032 -0.0823064 0.0408095 -0.0036145 0.0211079 0.0041676 0.0918112 0.0246481 -0.0714820 
1499117976.962810 -0.0179259 -0.0742997 0.4353495 0.0586909 -0.2180849 -0.0615803 0.9722151 -0.0169793 0.0590697 0.0223440 -0.0036145 0.0211079 0.0041676 0.0918112 0.0246481 -0.0714820 
1499117977.062810 -0.0190945 -0.0739163 0.4402661 0.0621233 -0.2178318 -0.0704556 0.9714556 0.0229833 -0.0300579 0.1542337 -0.0036145 0.0211079 0.0041676 0.0918112 0.0246481 -0.0714820 
1499117977.529477 -0.0285922 -0.0833866 0.4609308 0.0477089 -0.2141546 -0.0613121 0.9737056 0.0481934 0.0465766 0.0740103 -0.0036145 0.0211079 0.0041676 0.0918112 0.0246481 -0.0714820 
1499117977.862810 -0.0390675 -0.0860382 0.4722284 0.0548904 -0.2300789 -0.0694678 0.9691362 -0.0538909 -0.0395162 0.0494826 -0.0036145 0.0211079 0.0041676 0.0918112 0.0246481 -0.0714820 
1499117977.962810 -0.0419346 -0.0881314 0.4743764 0.0527405 -0.2363397 -0.0632068 0.9681771 -0.0201108 -0.0739141 0.0266820 -0.0036145 0.0211079 0.0041676 0.0918112 0.0246481 -0.0714820 
1499117978.162810 -0.0472522 -0.0901243 0.4788285 0.0579912 -0.2584078 -0.0607619 0.9623775 -0.0572520 0.0940112 -0.0757655 -0.0036145 0.0211079 0.0041676 0.0918112 0.0246481 -0.0714820 
1499117978.629477 -0.0537913 -0.0925219 0.4905902 0.0752650 -0.3417819 -0.0769386 0.9335956 0.0129336 -0.0556694 0.0800479 -0.0036145 0.0211079 0.0041676 0.0918112 0.0246481 -0.0714820 
1499117978.896144 -0.0571076 -0.0951465 0.4979331 0.0784188 -0.3787766 -0.0871314 0.9180343 0.0080267 0.0671159 0.0399228 -0.0036145 0.0211079 0.0041676 0.0918112 0.0246481 -0.0714820 
1499117979.262810 -0.0672801 -0.0982851 0.5112677 0.0828631 -0.3935969 -0.1008860 0.9099655 -0.0818686 -0.0413009 0.0630427 -0.0036145 0.0211079 0.0041676 0.0918112 0.0246481 -0.0714820 
1499117979.362810 -0.0716487 -0.1009510 0.5151219 0.0779405 -0.3833302 -0.0930493 0.9156009 -0.0668613 -0.0646232 0.0473163 -0.0036145 0.0211079 0.0041676 0.0918112 0.0246481 -0.0714820 
1499117979.429477 -0.0747844 -0.1028708 0.5180853 0.0741748 -0.3741700 -0.0841275 0.9205528 -0.0368598 -0.0501481 0.0494033 -0.0036145 0.0211079 0.0041676 0.0918112 0.0246481 -0.0714820 
1499117979.596144 -0.0797980 -0.1029025 0.5250401 0.0827287 -0.3667732 -0.0901005 0.9222338 -0.0202985 0.0568751 -0.0035399 -0.0036145 0.0211079 0.0041676 0.0918112 0.0246481 -0.0714820 
1499117979.729477 -0.0834769 -0.1033128 0.5315515 0.0888622 -0.3606955 -0.0910839 0.9239621 -0.0623803 -0.0263999 0.0649367 -0.0036145 0.0211079 0.0041676 0.0918112 0.0246481 -0.0714820 
1499117979.796144 -0.0866094 -0.1055580 0.5355378 0.0859903 -0.3509634 -0.0798393 0.9290081 -0.0264450 0.0156893 0.0732973 -0.0036145 0.0211079 0.0041676 0.0918112 0.0246481 -0.0714820 
1499117979.862810 -0.0884423 -0.1067818 0.5387090 0.0839660 -0.3474144 -0.0804662 0.9304720 -0.0284671 -0.0247891 0.0508696 -0.0036145 0.0211079 0.0041676 0.0918112 0.0246481 -0.0714820 
1499117979.929477 -0.0892960 -0.1078967 0.5421869 0.0811534 -0.3418518 -0.0791136 0.9328947 -0.0672951 -0.0449473 0.0624163 -0.0036145 0.0211079 0.0041676 0.0918112 0.0246481 -0.0714820 
1499117979.996144 -0.0925570 -0.1105282 0.5469464 0.0752753 -0.3311951 -0.0687982 0.9380353 -0.0390523 -0.0251794 0.0695687 0.0042204 0.0089556 -0.0152196 -0.0069535 0.0962793 -0.0862783 
1499117980.062810 -0.0943119 -0.1122747 0.5506647 0.0718728 -0.3244306 -0.0695648 0.9406061 -0.0257746 -0.0250658 0.0483161 0.0042917 0.0088528 -0.0154573 -0.0077433 0.0967120 -0.0861298 
1499117980.129477 -0.0957163 -0.1133215 0.5521604 0.0695251 -0.3154556 -0.0677577 0.9439613 -0.0182248 0.0147878 0.0233471 0.0043656 0.0087942 -0.0157052 -0.0080475 0.0963085 -0.0857986 
1499117980.329477 -0.1006718 -0.1124170 0.5621023 0.0757782 -0.2936401 -0.0852203 0.9490894 -0.0110166 0.0097918 0.0929220 0.0081549 0.0081081 -0.0223894 0.0127997 0.0798248 -0.0769308 
1499117980.529477 -0.1081620 -0.1105105 0.5794368 0.0760042 -0.2668365 -0.0993919 0.9555851 -0.0515081 -0.0525512 0.0334627 0.0164011 0.0092959 -0.0376564 0.1186392 0.1214843 -0.0632054 
1499117980.596144 -0.1126372 -0.1158147 0.5794001 0.0747455 -0.2656344 -0.1132722 0.9544741 -0.0653900 -0.0782579 -0.0144894 0.0164491 0.0093099 -0.0377715 0.1196372 0.1218740 -0.0630589 
1499117980.662810 -0.1149281 -0.1192916 0.5787637 0.0698185 -0.2579855 -0.1092113 0.9574141 0.0051541 -0.0314795 -0.0122566 0.0164824 0.0093225 -0.0378682 0.1206038 0.1221679 -0.0628871 
1499117981.362810 -0.1271503 -0.1280470 0.5953842 0.0709757 -0.3170777 -0.0895376 0.9414920 0.0007849 -0.0503413 0.0727903 0.0044038 -0.0018470 -0.0025409 1.3059578 -0.3360192 0.3814677 
1499118079.596144 -0.0905790 0.0102272 0.2868859 0.0478551 0.0460305 0.0020221 0.9977911 -0.1196260 -0.0722121 0.0700116 0.0271265 -0.0012532 0.0037341 0.1618736 0.1258432 -0.7228305 
1499118080.296144 -0.1223542 -0.0112067 0.2891661 0.0481029 -0.0208462 -0.0078501 0.9985940 0.0546980 -0.0002464 -0.0222892 0.0250765 -0.0023733 0.0038827 0.1817989 0.1041406 -0.7298884 
1499118081.696144 -0.0959402 -0.0420975 0.3040742 0.0224999 0.0286008 0.0048525 0.9993259 -0.1577587 -0.0420772 -0.0099920 0.0043393 0.0027485 -0.0002647 0.1875178 0.0390407 -0.4152497 
1499118082.396144 -0.1118615 -0.0462057 0.2930158 0.0223927 0.0170126 0.0193850 0.9994165 0.0596585 0.0519821 -0.0759258 -0.0002941 -0.0026655 -0.0000947 0.1695304 0.0700093 -0.2570694 
1499118083.096144 -0.0808243 -0.0367331 0.2849420 0.0239873 0.0397409 0.0365522 0.9982531 0.1263160 -0.0537993 0.0222419 0.0022347 -0.0004208 -0.0008207 0.1528112 0.0517292 -0.2445240 
1499118083.796144 -0.0552548 -0.0388450 0.2881848 0.0253365 0.0367484 0.0812620 0.9956928 -0.0260699 -0.0218106 0.0614918 0.0037490 -0.0013302 -0.0004723 0.1608279 0.0505316 -0.2466981 
1499118084.496144 -0.0715225 -0.0442034 0.2952280 0.0210823 0.0295099 0.0371924 0.9986498 -0.0068379 -0.0055574 0.0063010 0.0031803 0.0007321 0.0002338 0.1863950 0.0489812 -0.2448972 
1499118084.896144 -0.0741696 -0.0443317 0.2936819 0.0205187 0.0292908 0.0333467 0.9988038 0.0026925 -0.0003106 -0.0040041 0.0030010 0.0007091 0.0003374 0.1849613 0.0471094 -0.2434818 
1499118085.296144 -0.0739348 -0.0444606 0.2928670 0.0206976 0.0297162 0.0351029 0.9987274 -0.0041708 -0.0006635 0.0000727 0.0030164 0.0005703 0.0004412 0.1839129 0.0459437 -0.2427244 
1499118085.662810 -0.0717524 -0.0464692 0.2948933 0.0198963 0.0346175 0.0461642 0.9981356 -0.0024326 -0.0009819 0.0070143 0.0030164 0.0005703 0.0004412 0.1839129 0.0459437 -0.2427244 
