0.880569
45.3085
4.54843
5.41263
8.04681
5.51756
14.5663
5.44574
8.82878
5.5449
7.1467
4.70445
8.90095
6.49264
8.73593
6.33144
16.2047
14.2466
14.6269
10.8086
5.15273
18.2993
6.40317
8.49848
19.931
16.8486
17.3443
27.9009
17.459
13.9891
15.1784
14.8791
18.7532
17.9655
17.4238
18.4092
24.0785
20.0569
16.9692
17.9653
16.1802
19.2762
17.5173
17.0518
16.2639
22.159
19.3144
27.5352
16.8482
18.5603
16.3572
16.0276
16.0257
17.6011
18.8605
16.237
17.5572
24.457
17.2117
25.1634
18.4933
17.7441
17.5529
30.2121
18.7406
20.3108
22.7312
15.3391
20.528
21.4644
19.6579
18.6147
19.2818
19.4776
18.1612
22.7811
22.6552
22.6662
17.4609
20.7122
19.0502
16.4051
19.9883
21.6899
15.949
27.6939
15.4454
20.5347
16.3515
6.28831
17.4376
18.664
24.3335
23.7716
15.5638
24.15
18.9342
17.0266
18.1977
17.4727
20.1025
19.1003
20.4493
21.537
15.0165
18.8463
21.6506
18.869
18.7475
18.3435
16.907
24.5659
28.5589
17.1222
20.9686
18.0281
17.0586
21.0679
23.1634
23.2062
18.4579
22.3512
20.9598
18.4665
16.2601
19.4644
20.426
21.4033
15.1794
18.6417
19.8107
18.1518
23.8095
23.0586
17.547
21.3324
26.3341
24.434
15.0017
18.3221
14.9904
31.6956
28.9315
20.4029
23.4214
17.0763
23.8453
22.924
17.3765
15.4578
29.8936
23.1506
19.2602
19.2101
21.8462
14.7365
23.7304
19.5342
17.6986
20.5106
18.8313
18.228
18.473
20.0338
20.2424
15.9501
15.8514
17.5882
20.1546
17.1029
16.5988
18.7693
19.0546
22.3274
16.9543
16.6262
21.7246
19.7963
19.5498
14.7486
22.1513
18.0911
16.6997
16.2615
17.7361
19.8974
22.5562
26.4654
22.4527
16.904
18.7114
16.391
18.3403
19.9621
16.6309
22.529
18.5616
22.8884
17.595
24.0244
20.8566
16.9231
17.319
19.3066
26.5534
20.8031
21.3879
17.6351
27.2924
20.5723
15.6745
19.5279
16.8009
28.3615
16.257
18.3731
17.2807
19.2885
14.5504
30.51
21.8299
24.8626
22.4486
19.7744
18.121
21.3892
17.0856
20.3375
28.8078
15.2077
21.2582
15.8046
15.8987
22.9267
19.8439
20.4666
18.3945
17.0273
20.7598
20.7333
17.4797
20.0873
18.5386
22.9938
30.4438
24.9238
19.9329
22.3919
20.1196
18.8557
17.4634
16.1868
19.6678
17.3233
18.2209
19.7141
17.5256
24.2411
19.4361
18.2173
22.1067
14.7885
25.3902
19.4866
24.34
18.9033
17.5729
17.4774
21.3167
15.7177
26.6871
16.5094
21.2663
18.3607
17.3759
18.7277
17.472
18.4874
17.5101
16.6152
15.8256
24.6385
20.6516
17.6029
19.8798
23.2375
18.1891
18.3394
16.0884
17.9218
16.4871
15.8396
17.5469
16.8721
17.0842
19.0141
21.7011
18.7504
17.8947
23.6159
16.1405
19.4699
21.7135
22.9227
20.8348
17.298
21.4472
20.9893
18.2332
17.3111
22.7213
18.6761
15.5032
18.1318
22.5092
25.5658
17.7145
21.9414
18.2716
18.3895
20.1388
26.5059
21.9701
14.8395
13.6182
18.5374
16.8672
24.6803
25.2283
16.5665
18.2553
18.5557
22.6638
21.8702
24.8761
19.2903
20.9726
19.971
19.4608
25.495
15.2036
16.6954
15.7209
19.4268
18.8166
23.1383
23.2035
21.2462
15.583
17.5703
24.6395
16.9998
19.9524
24.3731
16.0922
19.5496
21.1308
18.2031
20.8443
18.0449
19.3386
16.699
12.8059
19.6088
17.3151
22.1394
17.9974
18.8331
21.1806
18.8994
17.5927
27.1251
25.0883
21.0511
18.5908
16.8797
15.3881
19.7033
18.8734
18.4503
17.1195
18.643
23.2588
14.6284
21.3124
18.2251
17.194
23.7954
24.9869
14.5136
16.6402
14.4073
17.3177
19.3038
15.4811
19.6038
20.4694
20.5536
19.9271
19.917
15.0312
16.8902
22.1605
19.4373
22.8842
22.818
13.7362
16.6207
20.2773
14.9847
17.7162
17.7426
22.558
15.5271
15.7875
20.8224
21.934
20.151
19.7227
20.3921
15.3497
17.2102
16.0238
22.7137
25.2523
23.1808
15.279
20.7507
18.4328
21.6678
27.421
17.2561
16.3152
23.662
26.1187
17.6174
21.7235
21.2699
16.7543
17.0795
27.3338
20.1214
21.4257
23.1317
16.3033
20.5385
20.396
20.9446
22.0141
15.6821
27.1744
17.1113
16.6923
30.1661
17.5842
19.0169
16.7929
21.3614
16.776
19.7461
19.5569
21.3571
23.2834
23.022
17.5892
19.9352
23.8022
15.7655
18.8028
20.1504
18.7517
23.4899
25.3052
19.2889
16.1233
19.7701
17.2307
19.4218
18.835
16.954
19.4132
22.5068
19.5291
18.6314
16.8638
18.9659
19.6923
15.5673
19.5613
20.5362
28.0243
17.6052
17.7775
15.7469
17.39
16.9481
23.5564
19.0049
17.1132
20.7311
19.8494
20.9174
23.1096
19.6919
19.5099
21.9869
17.8599
22.8388
21.3433
20.4327
15.7476
16.2638
21.1721
16.4286
16.3882
16.625
24.364
23.7505
19.9264
18.809
17.2301
24.3557
18.956
17.7925
24.3452
14.757
23.4144
20.2199
22.1742
25.5472
16.5437
15.1365
17.5473
20.9894
15.8613
29.6041
22.4969
20.5943
16.8972
16.9864
22.0008
24.3434
21.496
21.2327
15.7273
21.9057
16.0401
16.9693
20.8729
22.9774
19.2627
17.6931
21.3143
17.3834
18.7167
21.4774
20.5039
17.8321
17.1054
16.6345
18.242
24.7244
22.789
20.8357
19.316
21.5833
19.8654
27.0612
23.1265
17.3686
25.1294
16.3006
19.9189
21.1395
19.1523
19.0325
18.8736
17.5441
17.1495
19.2792
15.6812
19.6304
19.09
24.1183
17.9408
18.098
19.1213
17.254
26.6799
17.4451
19.0294
20.0474
26.5908
22.1044
20.8878
20.1972
17.1094
26.9
22.1299
29.6637
26.753
16.77
15.9554
17.0104
22.9045
26.928
20.3372
24.0554
18.5179
19.3925
17.4126
22.4755
18.2259
16.9646
19.6944
18.4199
16.8342
19.5047
28.314
20.0636
23.3394
22.2901
18.1686
18.2377
21.9525
19.5385
16.1851
19.9352
19.4139
16.6851
21.9491
22.6377
19.3198
17.5037
29.3925
21.4387
21.1374
20.3666
22.8851
20.6296
23.4181
21.5398
31.98
23.3417
18.2078
17.432
17.1353
15.5226
18.8666
18.4673
16.2644
19.6482
16.6524
16.4822
17.9611
21.6291
21.2562
21.7514
16.3746
18.9877
25.4206
16.5138
17.181
19.0035
16.1452
19.882
18.2171
21.1462
19.8675
18.1804
17.9504
15.9674
24.9058
20.882
15.8793
20.2326
25.4813
16.3732
18.0459
19.6286
25.2317
18.1283
18.1009
16.4177
19.8209
23.5358
16.6141
17.5819
16.3176
15.7797
17.7677
13.7747
23.4372
20.6469
21.9092
18.8799
22.0691
19.717
15.9544
18.6132
16.53
20.7768
16.0646
18.8707
19.556
19.2162
27.0732
18.2672
17.9427
15.2442
18.9537
19.5003
20.2913
17.7758
19.5726
27.596
18.1621
18.9425
20.8046
17.972
16.7168
19.0244
16.4996
22.0879
23.5635
25.1421
22.2794
15.2741
22.1902
19.7171
18.9554
20.5779
18.9597
19.0518
17.8169
22.8518
19.512
23.7464
19.9762
26.013
17.5164
16.6587
19.3019
22.7693
22.5838
16.1015
22.3497
22.0508
21.7575
19.6162
19.9144
17.6418
25.2765
31.5823
22.7508
19.0023
21.436
19.1468
17.8516
18.962
21.6455
25.1088
15.1762
19.6341
17.4636
16.3274
21.0054
25.6755
16.0054
21.2382
19.4434
21.737
19.351
22.0474
17.7165
18.3663
14.9897
17.8192
17.8002
22.974
24.2073
21.7781
14.7987
17.5133
19.5367
20.9635
17.1726
14.3097
16.8893
19.1337
18.1681
27.4533
20.1145
15.4217
21.4142
18.0967
18.4189
21.7911
15.3569
16.1541
24.6087
14.7441
16.4852
19.4264
14.8755
19.5861
19.1226
25.5094
21.9045
22.6948
16.5641
21.307
22.8473
23.613
22.5793
16.3083
17.2726
16.6562
16.329
19.8097
26.1176
23.9064
16.2886
18.5494
17.0851
21.1903
19.1453
26.9194
21.7985
15.5822
22.4443
19.3995
12.9332
19.628
14.6999
31.5271
28.2736
18.9717
25.6797
23.1922
17.6683
16.7882
21.166
19.2622
19.0761
20.6802
17.5498
21.504
18.7745
22.5097
19.5037
20.1845
19.1736
18.1296
22.676
17.8194
20.1181
22.1446
19.4556
18.9505
17.0703
23.8141
21.3166
16.0599
21.8248
18.59
17.2837
21.5316
23.8715
20.7426
20.1056
16.7577
20.2207
18.5277
20.5276
17.6636
25.9718
23.2973
18.3763
22.2654
19.8396
20.98
18.5639
20.02
8.73866
20.0097
24.211
17.7248
16.8505
18.1859
21.1489
19.3128
16.7605
25.8295
25.4071
16.7288
21.353
24.6935
22.3447
24.8763
17.5445
25.0001
19.3352
20.8138
17.483
19.1622
19.8879
18.7384
21.4288
16.7141
18.8299
23.5257
21.497
25.9116
22.0735
25.0122
16.7365
19.2647
18.7008
17.5715
20.8444
23.9439
29.1601
24.4434
19.4002
18.2987
30.6724
20.0112
25.9805
19.4253
5.72668
22.336
27.9196
19.0508
20.1445
25.9431
21.0772
25.7273
21.913
21.4965
18.0329
5.36626
10.6421
9.98462
12.3415
5.27599
11.1267
19.3138
6.08431
4.89501
6.6174
8.86538
8.99788
15.3957
25.1877
22.5664
7.86244
9.31873
25.2729
23.4077
7.06005
5.38074
28.9819
26.4233
10.8968
6.28686
8.30451
6.25024
