28.9846
1.89513
2.65526
1.93576
1.83626
1.489
1.26375
1.56119
1.56507
1.54432
1.20331
1.19975
2.21652
2.429
1.4634
1.49796
1.99564
1.36996
2.27771
1.48739
1.84272
1.72246
1.39433
1.6695
2.04278
1.38057
2.18164
2.12881
3.18902
1.3946
1.16286
1.3535
1.68375
2.82279
1.28887
1.45624
2.10561
1.35662
21.4125
1.34787
1.25885
1.87895
1.83691
1.62711
1.32841
26.1366
1.38732
2.76107
2.78838
2.20657
1.443
1.4067
1.6214
1.89954
2.01727
1.89861
1.60187
1.51351
2.04501
1.9191
1.03879
0.9391
1.06442
2.42484
1.27341
1.5291
2.66956
2.15292
1.35984
2.37564
1.85968
1.25887
1.89216
1.51093
1.37013
2.68064
1.39025
1.36741
2.52881
1.44479
1.19457
25.7114
1.14197
1.08921
1.32742
1.78035
1.53981
2.10836
1.66175
1.52484
2.48942
1.32478
1.64715
6.73201
1.72539
1.00202
1.73386
1.61274
1.59263
1.30769
2.73919
1.66271
1.71891
1.65512
1.53616
1.35666
1.62656
1.48473
1.21024
1.31699
2.27671
2.92915
1.92355
1.95378
2.24571
2.40671
2.84704
2.6873
1.7475
2.22676
1.2126
1.9453
1.68685
1.52996
1.78217
1.88725
1.51936
1.61384
1.71556
1.53812
21.6798
1.4749
1.35176
4.16035
1.57804
1.51989
1.37146
1.06539
1.6565
2.68472
3.3763
1.9628
1.68137
3.30848
2.21981
1.73464
3.15002
1.56724
1.48701
1.17694
1.62204
1.26206
1.64497
1.38138
1.59696
2.41545
2.343
2.33887
1.14062
1.15931
1.24719
1.40836
1.06346
1.386
28.9547
0.958875
1.00484
28.3744
1.55763
1.35557
34.5173
1.39801
1.32734
1.67178
3.04214
27.1358
1.90095
1.35147
1.21593
2.27368
1.87827
1.42564
1.43425
2.30734
1.21675
1.43865
1.54489
1.23099
1.68312
1.08734
1.71837
1.03079
1.28886
1.45639
1.51565
1.92939
1.40491
1.66954
1.95651
1.00784
1.21463
1.86722
1.02402
1.12264
29.4162
1.03146
0.918312
27.1453
1.8576
2.34879
1.56933
2.02781
1.68879
1.64205
3.0533
4.36417
1.6706
1.4461
1.38531
1.51164
1.53561
1.68974
1.27491
1.1166
2.23617
1.30663
2.54391
1.17916
1.11437
1.34914
1.03251
1.00759
1.63784
1.70636
1.27157
0.913237
1.07431
1.79105
1.11526
1.1137
1.2619
1.17863
1.30265
1.46161
1.23594
1.1418
1.32601
1.81119
1.4153
2.2089
1.28671
1.73981
1.38339
39.0389
1.5278
1.2181
34.6464
1.37689
1.70306
1.20675
1.25209
1.50846
1.44517
1.49511
1.2645
1.37729
1.50399
1.4037
1.21429
1.21189
1.47691
1.55621
1.291
1.47999
1.40419
2.88156
1.51015
1.2069
1.42931
1.25659
1.37041
1.39791
1.32506
1.20848
1.60804
1.49509
1.35048
1.39544
1.42148
1.79149
1.56993
1.27346
1.55234
1.53131
1.33529
1.39286
1.41051
1.38676
1.41041
1.41106
1.41896
1.46345
1.29473
1.34065
1.42879
1.27833
32.7632
1.22771
3.15566
2.22443
2.39127
1.32256
26.5386
1.69234
1.62065
30.9383
1.48518
1.54245
1.56693
2.30261
1.16791
1.07993
1.1539
1.21499
2.9514
1.00177
1.15341
2.12707
2.48014
1.42971
1.52841
1.21901
1.72445
1.23013
1.32904
1.60546
2.19395
1.26216
0.902788
2.33732
1.55573
1.38451
1.4803
2.10541
2.11604
1.96657
1.39993
1.93564
1.22511
2.18368
1.8248
2.02203
1.24336
1.21269
1.57536
1.89075
2.09465
2.14466
1.38122
3.23366
2.21644
1.30207
1.60689
1.23408
1.054
1.08794
1.07285
1.51205
1.74866
1.85615
2.3041
2.5394
1.09736
2.32661
31.3145
1.30357
1.96732
3.07825
1.69781
1.41991
1.94205
1.39316
1.8085
1.57745
2.20801
1.00733
1.24469
1.40856
1.58341
1.30364
1.05309
1.21013
1.14144
1.01369
1.06557
1.23062
1.30504
1.20403
1.00995
1.07433
1.56801
1.49999
1.68529
1.47145
1.33446
1.96466
1.58069
1.8914
1.7116
1.678
1.67541
3.27589
1.70771
4.50566
1.46736
1.19201
1.39016
1.64935
2.3888
1.01654
5.23741
1.91295
1.92324
1.70808
2.21418
2.34634
1.55981
1.72222
1.17749
1.46777
2.03379
1.20198
1.21823
1.45047
2.82599
1.14077
1.37518
1.82412
1.36957
1.10512
1.38912
1.13074
1.57807
1.44238
1.21562
27.9724
33.244
1.6039
1.56301
1.17275
31.78
43.43
1.49479
2.60584
1.62319
1.33116
1.29915
1.54041
1.41691
1.59345
1.54389
1.66763
1.85
1.33324
1.49935
1.88106
2.5874
2.02287
2.22209
1.4497
4.16859
1.06838
1.74394
1.47674
2.13635
1.51799
1.27744
2.00127
1.84113
1.42397
2.16091
1.62725
1.11479
1.55048
1.28458
1.30155
1.96007
1.33261
1.12064
2.1527
1.80927
1.64489
19.9962
1.70791
1.74805
2.57651
2.23001
2.24051
28.5912
1.30419
2.3368
1.87069
1.53605
1.44626
1.05313
1.25933
1.62816
1.56546
2.18561
1.52444
1.45273
2.07346
1.21215
0.984612
2.40008
1.35574
1.12746
1.27826
1.75036
1.38244
1.27353
2.67972
1.54721
3.04746
2.11152
1.46695
1.98849
1.63079
1.60419
4.55598
1.92615
2.07133
2.29032
1.37382
1.82102
2.06194
1.2619
1.57816
1.31401
1.37576
1.40945
1.36761
2.27279
0.938788
1.12134
1.3491
1.03982
1.96198
1.80811
1.9802
1.3934
1.98425
2.13741
1.31714
1.66414
2.59354
1.6943
2.31447
1.99752
1.30842
2.13144
2.2301
1.37496
24.5487
1.74859
1.63415
22.9455
1.3777
2.41565
5.77556
2.68859
28.7314
1.3255
34.1886
1.4363
1.62507
1.94081
2.06195
30.6705
1.20461
27.4192
34.311
1.45582
1.62673
2.75333
1.24836
1.42976
1.42749
1.29622
1.42436
1.63016
1.89431
1.21851
2.53019
1.17659
2.26043
2.32406
1.60809
2.01716
2.55397
1.66495
1.53755
2.33436
1.29422
1.37306
1.78295
1.66256
1.66972
2.45982
3.90214
1.88235
1.77836
1.54973
1.72748
1.33085
2.06022
5.59534
1.66535
1.62538
1.48279
2.37054
1.14606
1.47651
1.57837
1.81022
0.967262
1.33025
1.53634
1.08078
1.60584
2.00864
1.60126
1.68179
2.58315
1.60841
1.58031
2.2802
2.20176
1.16101
1.50634
1.41324
1.17614
2.66015
1.81819
1.71403
1.60021
1.8968
1.22839
1.45921
1.68625
1.39762
4.1357
1.45655
1.67486
3.40049
2.44934
1.52775
2.04535
1.33009
1.70471
1.60491
1.48494
2.02906
1.02727
1.10213
1.63643
1.87945
2.32093
2.27691
2.05021
1.91738
1.97562
1.7368
2.03503
1.24529
1.56165
3.50761
1.35525
1.46676
1.63928
1.20866
1.4708
2.93571
1.2796
1.52763
1.49349
1.79555
1.28661
1.46732
2.14279
1.35995
1.24134
1.81855
1.36417
1.31658
1.9365
1.54068
1.26836
1.516
2.31716
1.58413
1.61198
1.92786
1.1964
1.345
1.74484
1.63616
1.389
1.69912
1.68246
1.42392
1.68483
1.28448
2.07475
27.2548
35.8928
34.4227
38.4573
1.21067
2.03376
2.17839
2.10554
1.85224
2.4491
1.46821
1.7839
1.15134
1.21646
1.40275
1.28277
1.77717
2.02731
2.04926
2.05981
2.46715
1.61245
1.97606
2.31948
1.50848
1.53939
1.55167
2.26954
1.61709
1.38265
1.55488
1.26418
1.50143
1.13815
1.69548
2.05882
2.31347
1.39956
2.77256
1.68236
2.05081
3.04661
1.91492
1.8112
1.55746
3.0729
1.77609
1.7528
2.34623
2.24804
2.39606
2.25717
1.75044
3.55688
1.79232
2.12606
2.1432
2.05211
2.31975
1.53875
1.46904
2.1409
1.8575
1.91311
1.44516
1.62664
1.49757
1.57375
1.20976
1.23179
1.28504
1.253
2.18176
1.83646
2.03943
1.68519
1.57963
2.67788
2.10093
1.10561
1.4354
2.36015
1.3153
1.38619
1.46654
1.65858
1.40145
1.11796
1.43071
1.25562
26.8827
1.41166
1.21651
2.0514
1.4425
1.29789
1.58683
1.33591
1.5222
1.63009
1.39029
1.30375
1.31332
2.17671
1.95044
1.94081
2.47319
1.83395
1.2712
1.22305
1.06299
1.19791
2.03471
1.5431
1.5053
3.66913
1.68096
1.06367
2.53664
1.49346
2.49781
6.19939
1.59161
1.92283
1.54121
2.30669
1.93149
1.91423
1.39833
2.32269
4.50931
1.47086
2.43766
1.88375
1.63233
4.8811
1.02669
1.44626
2.50915
1.0997
5.43728
1.36804
1.01277
3.95685
2.19724
1.43266
1.53751
1.64131
1.56245
1.79375
2.2841
1.26969
2.14415
1.69485
1.13324
1.81876
2.1569
1.10161
1.90047
1.07782
1.35941
2.4851
0.919738
1.2666
1.14917
2.08365
1.15844
1.83967
1.38099
2.09942
1.19539
1.28236
1.2282
1.06641
1.3758
1.09536
2.53607
1.90666
2.72944
1.28612
1.31764
2.14714
1.74657
1.50659
1.30101
1.54513
3.14584
1.65849
2.23037
1.10051
1.59574
2.11506
2.35177
1.02303
1.96709
1.4141
1.53301
1.57454
1.94591
2.03421
1.88454
1.89787
1.85908
1.35108
1.92195
1.45005
2.1181
3.30805
1.55029
1.28869
1.45857
1.4257
1.67429
1.73075
1.67989
1.53309
2.13124
1.37185
2.39516
1.38604
1.82289
1.28986
1.41339
1.78384
1.43565
1.8855
1.80743
1.11665
1.38949
1.08656
2.00875
2.01326
1.7565
1.92728
1.38886
2.43626
1.44762
1.49518
1.53411
1.04976
2.26848
1.69025
2.03485
1.25138
31.0511
1.42107
1.01147
2.5853
1.17288
1.89316
1.26414
1.53789
1.66267
1.68636
1.79611
2.13996
1.5194
1.50951
1.51244
1.55378
1.54121
1.16227
1.59171
33.4522
1.3583
29.3754
1.80814
28.7937
38.3185
36.1685
37.9546
35.9813
1.64887
3.40252
1.5701
1.96079
2.21917
1.13746
25.5227
0.960937
1.09552
1.55824
1.42441
1.42139
24.1197
1.41899
1.40624
1.42694
1.47626
1.59105
25.9684
1.4348
1.39773
2.59669
1.22954
1.56834
2.26662
1.73687
2.3304
1.17336
1.59628
1.39102
2.17937
2.58534
1.0381
1.0954
1.11538
1.21609
1.69251
1.36239
1.43053
1.49399
1.65755
1.51894
1.4632
2.8098
1.41548
1.27514
1.18956
1.42575
1.17951
1.39685
1.69277
1.05399
1.50179
1.79608
1.97459
1.69427
1.72497
2.71663
2.14158
3.56725
1.31037
4.00215
3.46961
1.44564
1.45705
2.42105
1.36746
1.52756
1.42685
1.45297
1.20844
1.4308
1.41653
1.43628
1.19386
1.4236
1.21949
1.25859
1.36001
2.03205
1.40617
1.21189
2.65598
1.30501
1.28484
1.19819
1.29186
1.41331
1.25477
1.18824
1.07755
1.39643
1.12787
0.923825
1.13966
1.41504
