376.161
299.338
57.9096
332.795
56.7367
46.8134
323.407
76.2693
47.0077
59.4614
280.186
58.5237
58.6506
265.605
78.7379
60.9656
291.071
72.3136
57.6126
60.8022
319.075
67.8641
265.689
70.6796
60.2392
266.682
71.3068
272.718
74.934
204.601
75.6042
58.1213
61.1999
131.111
80.7881
57.4952
56.7357
226.525
72.3102
164.835
60.341
57.8665
191.915
59.5637
50.0458
60.7555
247.887
68.6357
54.5474
211.496
72.1988
277.317
80.3826
62.2731
248.828
60.209
193.978
79.3951
172.368
74.5729
60.4737
218.462
68.7868
62.2545
59.214
243.249
64.793
60.4449
176.051
70.5863
238.716
64.4606
53.8306
57.6768
220.858
62.9265
142.362
72.7838
169.175
243.941
60.217
58.8077
159.449
68.3458
131.913
70.196
47.406
167.082
69.5905
204.781
57.8758
61.9373
199.891
65.1506
54.7144
270.27
70.6708
249.413
269.362
66.9167
56.1402
148.61
65.1288
51.623
146.633
72.3378
53.128
189.528
66.4562
164.846
65.9557
52.4873
121.004
69.5306
144.917
75.5904
61.7154
223.652
64.9569
174.23
62.5719
62.4696
126.612
71.1618
149.284
69.3689
58.2613
49.84
198.049
68.8849
60.0448
230.826
183.836
68.7828
54.7799
211.816
69.0681
52.1055
142.327
67.3043
54.0153
153.245
74.4299
181.571
64.062
208.042
69.3551
161.506
66.8273
188.048
69.3452
197.874
59.1486
149.434
63.6109
62.0894
203.845
71.9653
60.7068
189.322
77.0899
156.139
70.7506
59.2914
221.375
77.5118
213.534
70.7043
246.718
66.6533
58.2342
264.286
76.4447
71.2085
58.7399
245.404
214.94
60.9027
173.495
59.2326
55.019
221.972
67.0257
235.144
68.6948
172.485
72.0479
61.2626
149.876
72.2823
63.2885
190.312
70.7506
50.217
170.201
72.926
244.15
69.2451
58.1938
200.235
81.3326
210.565
73.1318
61.5847
244.914
68.8655
59.991
225.393
80.5864
211.388
76.2051
59.6954
230.449
67.7842
60.1397
210.584
55.8698
54.6379
54.4479
190.933
66.7253
67.0394
179.615
83.7149
189.796
77.6975
58.9959
155.554
72.9156
58.7386
56.083
150.417
74.6928
204.607
70.7216
56.4317
216.672
212.214
175.554
73.3523
63.06
179.611
65.5009
55.8537
256.461
68.6436
56.9915
221.057
68.9637
167.903
68.1277
57.2521
179.905
72.1626
53.5363
155.801
68.1608
57.9268
191.836
66.0084
57.0183
165.003
74.837
53.5283
119.034
65.8359
196.889
71.4551
62.2046
245.588
66.2253
54.8706
59.8564
55.2216
190.43
71.946
59.3024
55.7821
67.9767
140.403
64.1064
61.0755
64.3427
63.899
60.3455
61.7519
60.3669
63.7278
66.3339
61.1749
53.8364
60.0824
62.8397
58.4694
61.878
63.346
200.1
74.5158
61.6079
63.196
65.0927
