346.847
190.521
64.8749
277.545
66.3763
58.0101
58.5143
345.21
63.1906
57.9661
53.6387
320.532
63.2484
301.675
62.6855
50.4739
280.628
64.8397
54.6687
50.5167
245.518
72.8309
49.7529
379.978
63.2108
268.972
68.6478
56.4374
257.336
69.6302
190.952
62.743
190.582
60.7248
51.3672
245.73
57.5908
52.6185
54.4977
231.947
78.4853
61.988
178.896
82.9778
238.653
64.4758
65.2413
50.5043
235.86
72.0066
151.46
65.1455
177.637
235.208
69.8067
56.6514
163.804
61.2961
138.777
65.4785
51.9087
194.54
65.3382
212.062
71.1002
52.177
194.689
72.7529
52.6148
272.57
76.5056
258.547
288.214
60.2026
50.033
157.896
65.9115
60.0985
170.849
59.643
60.0635
180.314
70.905
188.529
74.123
59.3801
129.047
59.8161
149.231
61.231
51.0086
216.279
57.4173
173.499
59.3924
60.8183
132.8
60.5765
169.572
63.0358
52.85
50.7969
199.474
60.7725
65.0702
220.133
184.609
80.6151
55.7088
227.248
76.9613
49.9912
154.126
64.8259
51.0105
161.708
74.0994
195.462
60.3935
193.952
62.1659
173.681
67.2521
215.254
61.6741
198.64
62.7486
157.387
67.5527
54.3666
226.479
62.1505
52.3559
176.409
66.1821
163.901
68.5029
56.472
227.551
75.0326
222.982
65.1655
256.936
62.1708
53.3121
276.903
61.1715
52.4937
52.6618
232.92
204.131
63.2364
204.387
60.2602
67.1752
226.941
62.7242
248.15
61.2124
182.708
63.325
50.6209
160.239
65.6029
49.7522
197.39
62.7173
58.6055
166.189
70.5196
224
61.4446
52.6455
208.762
62.747
210.71
64.1653
52.1562
235.283
69.4927
53.0055
229.818
71.3677
222.012
61.9653
55.939
246.801
63.697
63.98
214.413
57.902
53.6643
51.4336
187.173
58.4665
56.0101
203.183
65.2133
207.466
59.8929
49.7432
190.264
65.912
50.518
49.048
176.424
60.026
211.863
66.5366
60.4087
229.346
214.68
187.295
63.4237
50.35
171.722
69.3252
52.8872
249.353
70.5088
63.0812
220.431
66.072
169.24
75.7444
63.0122
180.746
61.4798
51.7697
174.644
61.3632
54.2948
196.87
75.5419
62.8919
176.846
67.673
65.294
131.137
68.1073
205.86
70.3074
54.1352
209.246
63.0417
53.7155
65.0405
51.2478
206.616
65.2912
64.4012
67.8299
55.6127
146.188
76.5575
51.4992
58.6364
54.4074
52.5258
49.7782
54.2148
57.3942
58.2434
52.3745
57.0232
59.0294
58.2874
54.9979
58.8528
55.8118
206.719
65.4641
58.3267
53.2165
54.1104
