1498879045.293203 -0.0630000 0.0010000 -0.0180000 0.0000000 0.0000000 0.0000000 1.0000000 -0.0089176 0.0073590 -0.0000995 -0.0001925 0.0005766 0.0003982 -0.0216582 -0.0378281 0.2018516 
1498879049.159869 0.0090809 -0.0468519 0.0098144 -0.0293660 -0.0150383 0.0417873 0.9985816 -0.0334468 -0.0575180 0.0202280 -0.0001925 0.0005766 0.0003982 -0.0216582 -0.0378281 0.2018516 
1498879049.659869 -0.0162744 -0.0713294 0.0199088 -0.0422167 0.0224460 0.0776801 0.9958312 -0.0392864 0.0041944 -0.0006516 -0.0001925 0.0005766 0.0003982 -0.0216582 -0.0378281 0.2018516 
1498879051.293203 -0.0646645 -0.0952759 0.0327609 -0.0439881 0.0074936 0.0860087 0.9952946 -0.0745719 0.0039049 0.0192939 -0.0001925 0.0005766 0.0003982 -0.0216582 -0.0378281 0.2018516 
1498879051.759869 -0.0965416 -0.0907771 0.0433134 -0.0298692 -0.0709861 0.0736388 0.9943069 -0.1453969 0.0171699 -0.0274390 -0.0001925 0.0005766 0.0003982 -0.0216582 -0.0378281 0.2018516 
1498879052.226536 -0.1560439 -0.0882606 0.0471284 -0.0325480 -0.0124383 0.0525312 0.9980112 -0.0843904 -0.0555844 0.0329325 -0.0001925 0.0005766 0.0003982 -0.0216582 -0.0378281 0.2018516 
1498879052.693203 -0.1640651 -0.0935225 0.0532992 -0.0582320 0.1264347 0.0424310 0.9893548 0.0564190 -0.0148861 0.0495645 -0.0001925 0.0005766 0.0003982 -0.0216582 -0.0378281 0.2018516 
1498879054.126536 -0.1883433 -0.1361964 0.1939159 -0.0352767 -0.0020942 0.0607439 0.9975276 0.0247747 0.0047754 0.0834371 -0.0001925 0.0005766 0.0003982 -0.0216582 -0.0378281 0.2018516 
1498879054.559870 -0.1685982 -0.1208347 0.2372731 -0.0285562 -0.0190019 0.0271158 0.9990436 0.0736338 -0.0149033 0.0942064 -0.0001925 0.0005766 0.0003982 -0.0216582 -0.0378281 0.2018516 
1498879055.526536 -0.2800381 -0.1858376 0.3547434 -0.0540928 0.0535607 0.0169494 0.9969543 -0.1948707 -0.0724180 0.2062023 -0.0001925 0.0005766 0.0003982 -0.0216582 -0.0378281 0.2018516 
1498879055.926536 -0.3442532 -0.2139384 0.4362483 -0.0437490 0.0367742 0.0554585 0.9968240 -0.1435238 -0.0925308 0.2516090 -0.0001925 0.0005766 0.0003982 -0.0216582 -0.0378281 0.2018516 
1498879055.993203 -0.3544217 -0.2216928 0.4513155 -0.0428291 0.0192011 0.0447998 0.9978928 -0.1932222 0.0427494 0.1990128 -0.0001925 0.0005766 0.0003982 -0.0216582 -0.0378281 0.2018516 
1498879056.093203 -0.3727586 -0.2198583 0.4710924 -0.0355237 -0.0067426 0.0283971 0.9989425 -0.1387300 -0.0473342 0.2327154 -0.0001925 0.0005766 0.0003982 -0.0216582 -0.0378281 0.2018516 
1498879056.226536 -0.3909913 -0.2286592 0.5056642 -0.0293617 -0.0359881 0.0252269 0.9986022 -0.1803282 -0.0051144 0.2363011 -0.0001925 0.0005766 0.0003982 -0.0216582 -0.0378281 0.2018516 
1498879056.293203 -0.4029711 -0.2305247 0.5210665 -0.0247068 -0.0499847 0.0230154 0.9981790 -0.1206979 -0.0863147 0.2792609 -0.0001925 0.0005766 0.0003982 -0.0216582 -0.0378281 0.2018516 
1498879056.359869 -0.4102740 -0.2352091 0.5408181 -0.0227697 -0.0637892 0.0243778 0.9974057 -0.0806074 -0.0707369 0.2974651 -0.0001925 0.0005766 0.0003982 -0.0216582 -0.0378281 0.2018516 
1498879056.393203 -0.4132556 -0.2380746 0.5508665 -0.0215758 -0.0729669 0.0222879 0.9968518 -0.1360734 -0.0393192 0.2697296 -0.0001925 0.0005766 0.0003982 -0.0216582 -0.0378281 0.2018516 
1498879056.626536 -0.4331394 -0.2555154 0.6099129 -0.0115780 -0.1338856 0.0026399 0.9909256 -0.0570517 -0.0538784 0.2511716 -0.0001925 0.0005766 0.0003982 -0.0216582 -0.0378281 0.2018516 
1498879060.093203 -0.8532329 -0.4565001 1.1642603 0.0591412 -0.5075726 -0.1043396 0.8532208 0.0212071 -0.0333841 0.1709558 -0.0001925 0.0005766 0.0003982 -0.0216582 -0.0378281 0.2018516 
1498879061.626536 -0.9640284 -0.5376008 1.5101389 0.0437341 -0.4127393 -0.0881526 0.9055179 -0.0714057 -0.0290989 0.2220561 -0.0001925 0.0005766 0.0003982 -0.0216582 -0.0378281 0.2018516 
1498879061.826536 -0.9799359 -0.5466730 1.5447820 0.0424149 -0.4056946 -0.0832195 0.9092235 -0.1195556 -0.0254515 0.1453952 -0.0001925 0.0005766 0.0003982 -0.0216582 -0.0378281 0.2018516 
1498879061.959869 -0.9977155 -0.5493249 1.5636300 0.0424849 -0.3968200 -0.0841185 0.9130460 -0.0840204 -0.0331837 0.1933524 -0.0001925 0.0005766 0.0003982 -0.0216582 -0.0378281 0.2018516 
1498879062.193203 -1.0304415 -0.5658036 1.6056333 0.0402575 -0.3755429 -0.0866199 0.9218698 -0.1926721 -0.0745072 0.1705086 -0.0001925 0.0005766 0.0003982 -0.0216582 -0.0378281 0.2018516 
1498879063.359869 -1.2892399 -0.6442216 1.7714460 0.0454743 -0.3737424 -0.1112974 0.9197073 -0.1818053 -0.0480926 0.1624743 -0.0001925 0.0005766 0.0003982 -0.0216582 -0.0378281 0.2018516 
1498879064.559870 -1.5097397 -0.6983896 1.8325893 0.0714517 -0.5196222 -0.1245245 0.8422476 -0.2726242 -0.0376446 -0.0014822 -0.0002243 0.0006437 0.0003693 -0.0222296 -0.0381419 0.2020657 
1498879065.859869 -1.7929784 -0.7710319 1.9299352 0.0692712 -0.6067023 -0.1158539 0.7833847 -0.1996346 -0.1096857 0.2558902 -0.0003176 0.0007010 0.0003312 -0.0230985 -0.0382525 0.2027971 
1498879066.226536 -1.8487106 -0.7921471 1.9915393 0.0690963 -0.6301150 -0.1147652 0.7648593 -0.1294416 -0.0180408 0.0893454 -0.0003266 0.0006978 0.0003076 -0.0232658 -0.0384489 0.2028886 
1498879066.659869 -1.9352176 -0.8071804 2.0333705 0.0753766 -0.6264673 -0.1147278 0.7672643 -0.3065897 -0.0999591 0.0985056 -0.0003315 0.0006963 0.0002722 -0.0234603 -0.0386246 0.2029644 
1498879067.093203 -2.0521198 -0.8477054 2.0790567 0.0693249 -0.5756124 -0.1141579 0.8067418 -0.1948202 -0.0665996 0.1144882 -0.0003341 0.0006973 0.0002381 -0.0236493 -0.0388005 0.2030035 
1498879067.893203 -2.1875430 -0.8993930 2.2381492 0.0725472 -0.5589015 -0.1163081 0.8178254 -0.2398724 -0.0714828 0.3347264 -0.0003105 0.0006926 0.0001328 -0.0241399 -0.0392551 0.2029474 
1498879068.193203 -2.2552707 -0.9258798 2.3237799 0.0827501 -0.5654293 -0.1316758 0.8100022 -0.2350581 -0.0629204 0.2151587 -0.0002948 0.0006973 0.0000961 -0.0243499 -0.0394194 0.2028681 
1498879068.326536 -2.2867349 -0.9362244 2.3479591 0.0838596 -0.5630364 -0.1327061 0.8113857 -0.2329462 -0.0749340 0.1304163 -0.0002897 0.0007003 0.0000847 -0.0244349 -0.0394222 0.2028650 
1498879068.726536 -2.3947945 -0.9613552 2.3787612 0.0935111 -0.5596762 -0.1440988 0.8107119 -0.3424763 -0.1090702 0.0141215 -0.0002849 0.0007113 0.0000563 -0.0246584 -0.0394240 0.2028404 
1498879068.926536 -2.4693140 -0.9799404 2.3752104 0.0889800 -0.5603925 -0.1449407 0.8105770 -0.3683512 -0.0454979 -0.0343939 -0.0002830 0.0007197 0.0000375 -0.0247923 -0.0394513 0.2028282 
1498879069.293203 -2.5875317 -0.9931981 2.3426169 0.0989878 -0.5752663 -0.1552083 0.7969821 -0.2395881 -0.0505717 -0.0883784 -0.0002874 0.0007332 0.0000127 -0.0250170 -0.0395440 0.2028210 
1498879069.659869 -2.6564034 -1.0142896 2.3259979 0.1071811 -0.6195196 -0.1654956 0.7598151 -0.1402182 -0.0764946 -0.0015535 -0.0002971 0.0007421 -0.0000048 -0.0251978 -0.0396729 0.2028858 
1498879070.026536 -2.7138770 -1.0273997 2.3443002 0.1181368 -0.6850207 -0.1750794 0.6972356 -0.1695786 -0.0101310 0.0399900 -0.0003110 0.0007452 -0.0000027 -0.0252311 -0.0398202 0.2030017 
1498879070.359869 -2.7800183 -1.0345261 2.3461198 0.1234846 -0.7306477 -0.1745509 0.6484115 -0.2319386 -0.0295235 -0.0318853 -0.0003164 0.0007466 0.0000055 -0.0251728 -0.0399130 0.2030742 
1498879070.593203 -2.8421038 -1.0394786 2.3308342 0.1274478 -0.7506617 -0.1756036 0.6240412 -0.3095127 -0.0234158 -0.0900839 -0.0003204 0.0007493 0.0000122 -0.0250880 -0.0399622 0.2031151 
1498879070.726536 -2.8881030 -1.0431082 2.3174684 0.1273877 -0.7589117 -0.1734415 0.6146084 -0.3839747 -0.0300395 -0.0952884 -0.0003242 0.0007509 0.0000175 -0.0250233 -0.0399688 0.2031370 
1498879070.859869 -2.9381074 -1.0517971 2.2997407 0.1293753 -0.7649967 -0.1782789 0.6051932 -0.3810496 -0.0944805 -0.1489540 -0.0003327 0.0007512 0.0000269 -0.0249465 -0.0399225 0.2031664 
1498879070.959869 -2.9778841 -1.0600373 2.2876727 0.1287921 -0.7685170 -0.1789081 0.6006547 -0.3860725 -0.0589526 -0.1162856 -0.0003367 0.0007508 0.0000366 -0.0248822 -0.0398715 0.2031930 
1498879071.459869 -3.1223340 -1.0785702 2.2248536 0.1274158 -0.7953657 -0.1810652 0.5642464 -0.2630108 -0.0193102 -0.1047357 -0.0003749 0.0007623 0.0000494 -0.0247515 -0.0396087 0.2032974 
1498879071.593203 -3.1600713 -1.0834977 2.2137371 0.1261485 -0.8078948 -0.1798943 0.5468369 -0.3087439 -0.0372377 -0.0588370 -0.0003830 0.0007657 0.0000525 -0.0247246 -0.0395281 0.2033267 
1498879071.959869 -3.2969836 -1.1101017 2.2092675 -0.1356387 0.8505026 0.1889368 -0.4717524 -0.3887136 -0.0934728 0.0090374 -0.0004029 0.0007686 0.0000635 -0.0246656 -0.0393052 0.2033908 
1498879072.459869 -3.4465534 -1.1431163 2.1887566 -0.1316710 0.8909734 0.1930486 -0.3893088 -0.2563341 -0.0563277 -0.1075324 -0.0004234 0.0007373 0.0001309 -0.0244140 -0.0390182 0.2035626 
1498879072.693203 -3.5109602 -1.1439565 2.1577445 -0.1398814 0.8974231 0.1959105 -0.3697082 -0.3028724 -0.0601613 -0.1572289 -0.0004368 0.0007194 0.0001648 -0.0242451 -0.0389086 0.2036556 
1498879073.026536 -3.6323142 -1.1570978 2.0913728 -0.1520479 0.8963485 0.2067777 -0.3615021 -0.4195071 -0.0423682 -0.2338324 -0.0004513 0.0006939 0.0002075 -0.0239682 -0.0387919 0.2037745 
1498879073.226536 -3.7190721 -1.1659004 2.0493365 -0.1575686 0.8880724 0.2084298 -0.3782281 -0.4230743 -0.0431995 -0.1826205 -0.0004579 0.0006763 0.0002373 -0.0237671 -0.0387430 0.2038287 
1498879074.026536 -4.0401403 -1.2073634 2.0229566 -0.1593810 0.8541268 0.2037160 -0.4511816 -0.5041429 -0.1228074 -0.0300371 -0.0004759 0.0006257 0.0003154 -0.0229598 -0.0387098 0.2039086 
1498879074.326536 -4.2000943 -1.2415455 2.0148123 -0.1515452 0.8594951 0.2012789 -0.4447348 -0.5059855 -0.0963797 -0.0388039 -0.0004908 0.0006202 0.0003449 -0.0226632 -0.0387732 0.2039431 
1498879075.326536 -4.5325192 -1.2583024 1.7742167 -0.1839210 0.8485387 0.2202844 -0.4445558 -0.2588846 0.0102027 -0.4288769 -0.0005262 0.0006363 0.0004540 -0.0217602 -0.0390467 0.2039354 
1498879075.559870 -4.5827515 -1.2522252 1.6876904 -0.1827921 0.8490145 0.2189284 -0.4447829 -0.1835469 0.0661298 -0.3137632 -0.0005301 0.0006499 0.0004696 -0.0216071 -0.0391146 0.2039147 
1498879075.693203 -4.6052286 -1.2505281 1.6475126 -0.1860207 0.8503917 0.2209716 -0.4397748 -0.1871094 -0.0041280 -0.2682368 -0.0005291 0.0006616 0.0004681 -0.0215578 -0.0391515 0.2038980 
1498879077.159869 -4.8607824 -1.2297548 1.3137938 -0.1647925 0.9394432 0.2106976 -0.2142347 -0.0595040 0.0425641 -0.2743694 -0.0005009 0.0007689 0.0003749 -0.0218114 -0.0397951 0.2034296 
1498879077.593203 -4.9073944 -1.2301884 1.1831627 -0.1380179 0.9486557 0.2029794 -0.1995065 -0.2018048 0.0121189 -0.3222414 -0.0004798 0.0007454 0.0004246 -0.0217969 -0.0398223 0.2032391 
1498879077.926536 -4.9726197 -1.2216243 1.0547335 -0.1254180 0.9489387 0.2037572 -0.2055935 -0.2080318 0.0086004 -0.3553055 -0.0004639 0.0007203 0.0004636 -0.0217084 -0.0398487 0.2030916 
1498879078.259869 -5.0380938 -1.2091586 0.9545267 -0.1201086 0.9481337 0.2051303 -0.2110402 -0.2505169 0.0477290 -0.2828962 -0.0004536 0.0006948 0.0004974 -0.0215529 -0.0398526 0.2029734 
1498879078.659869 -5.1686633 -1.2076160 0.8433115 -0.1150643 0.9535431 0.2043097 -0.1891385 -0.4073107 -0.0476413 -0.2693746 -0.0004431 0.0006788 0.0005392 -0.0212766 -0.0397940 0.2028770 
1498879079.526536 -5.4657224 -1.2093972 0.6254515 -0.1360903 0.9493456 0.2054963 -0.1949197 -0.2034841 0.0561147 -0.3968405 -0.0004416 0.0006958 0.0005847 -0.0207877 -0.0396484 0.2027332 
1498879079.993203 -5.4869329 -1.1913790 0.4437682 -0.1590185 0.9445466 0.2159454 -0.1895057 0.0819521 0.1070943 -0.3415188 -0.0004409 0.0007174 0.0005964 -0.0206821 -0.0395515 0.2026708 
1498879080.359869 -5.4533869 -1.1698430 0.3442157 -0.1622150 0.9521858 0.2199442 -0.1365761 0.1030291 0.0725450 -0.2384986 -0.0004437 0.0007341 0.0006030 -0.0206564 -0.0394783 0.2026180 
1498879080.693203 -5.4236146 -1.1500456 0.2660744 -0.1778455 0.9576275 0.2217869 -0.0461644 0.0544231 -0.0182417 -0.2385546 -0.0004467 0.0007471 0.0006104 -0.0206437 -0.0394140 0.2025710 
1498879080.893203 -5.4234462 -1.1429260 0.2299838 -0.1715347 0.9594188 0.2237797 0.0037415 -0.0044424 0.0635911 -0.1552905 -0.0004476 0.0007544 0.0006170 -0.0206273 -0.0393521 0.2025407 
1498879081.059870 -5.4263455 -1.1337092 0.2019105 -0.1713350 0.9582582 0.2228753 0.0520785 -0.0079539 0.0608185 -0.1758346 -0.0004428 0.0007638 0.0006316 -0.0205727 -0.0392461 0.2024933 
1498879081.259869 -5.4287221 -1.1223929 0.1663920 -0.1631263 0.9563120 0.2208630 0.1003825 0.0005638 0.0361725 -0.1790289 -0.0004333 0.0007774 0.0006502 -0.0204964 -0.0391052 0.2024157 
1498879081.393203 -5.4277859 -1.1170853 0.1420039 -0.1596894 0.9530640 0.2209495 0.1317181 0.0238762 0.0353267 -0.1886997 -0.0004193 0.0007830 0.0006650 -0.0204464 -0.0390093 0.2023448 
1498879081.659869 -5.4168292 -1.1044406 0.0910542 -0.1439601 0.9491852 0.2233584 0.1686240 0.0606742 0.0441441 -0.2007353 -0.0003892 0.0007870 0.0007001 -0.0203144 -0.0388224 0.2022173 
1498879081.959869 -5.3907844 -1.0878892 0.0202704 -0.1458379 0.9406298 0.2245668 0.2086063 0.0982160 0.0364914 -0.2834084 -0.0003552 0.0007801 0.0007492 -0.0201070 -0.0386589 0.2020649 
1498879082.159869 -5.3699740 -1.0780507 -0.0380697 -0.1375756 0.9391727 0.2291983 0.2156287 0.1176723 0.0531245 -0.2628866 -0.0003324 0.0007684 0.0007876 -0.0199372 -0.0386100 0.2019580 
1498879082.626536 -5.3619137 -1.0578879 -0.1495281 -0.1563466 0.9323496 0.2259723 0.2349819 -0.0465656 0.0433623 -0.2480425 -0.0001775 0.0006548 0.0010343 -0.0185104 -0.0382679 0.2011624 
1498879082.959869 -5.3959105 -1.0419256 -0.2495473 -0.1524966 0.9363706 0.2242030 0.2229078 -0.1654229 0.0462603 -0.3772965 -0.0001529 0.0006422 0.0010647 -0.0182693 -0.0382455 0.2009997 
1498879083.226536 -5.4468551 -1.0325645 -0.3529433 -0.1568058 0.9326435 0.2221468 0.2371474 -0.1865950 0.0431395 -0.3423991 -0.0001394 0.0006409 0.0010759 -0.0181130 -0.0382819 0.2008747 
1498879083.926536 -5.4910915 -0.9974974 -0.5608484 -0.1688443 0.9290984 0.2163902 0.2478772 0.0938643 0.0799884 -0.3190984 -0.0001201 0.0006947 0.0010743 -0.0179098 -0.0385981 0.2006076 
1498879084.226536 -5.4383561 -0.9749350 -0.6590099 -0.1821559 0.9247927 0.2157506 0.2550086 0.2346836 0.0777833 -0.3284213 -0.0001220 0.0007320 0.0010776 -0.0178888 -0.0386993 0.2005189 
1498879084.726536 -5.3342669 -0.9337597 -0.7788755 -0.1841261 0.9215058 0.2151554 0.2657683 0.1783411 0.0856362 -0.1720306 -0.0001304 0.0007936 0.0010893 -0.0179461 -0.0388353 0.2004154 
1498879085.059870 -5.2742710 -0.9067990 -0.8426981 -0.1769641 0.9102268 0.2121505 0.3084851 0.1676830 0.0823934 -0.2357683 -0.0001381 0.0008296 0.0011069 -0.0179380 -0.0389296 0.2003492 
1498879085.226536 -5.2496119 -0.8947471 -0.8862119 -0.1748267 0.8992871 0.2112628 0.3407147 0.1387193 0.0479644 -0.2827313 -0.0001425 0.0008469 0.0011154 -0.0179407 -0.0389317 0.2003220 
1498879085.593203 -5.2142664 -0.8748041 -0.9988807 -0.1683676 0.8659077 0.2085655 0.4223230 0.0715415 0.0626134 -0.2762665 -0.0001508 0.0008745 0.0011285 -0.0179047 -0.0390013 0.2002785 
1498879085.759869 -5.1996418 -0.8605286 -1.0333137 -0.1722812 0.8520158 0.2023757 0.4510347 0.1100593 0.0610998 -0.1599953 -0.0001581 0.0008889 0.0011330 -0.0179153 -0.0389793 0.2002689 
1498879085.893203 -5.1842154 -0.8535270 -1.0529815 -0.1585122 0.8519802 0.2062271 0.4543941 0.1234192 0.0765769 -0.1383500 -0.0001659 0.0008994 0.0011376 -0.0178879 -0.0390014 0.2002751 
1498879085.993203 -5.1706037 -0.8434920 -1.0667411 -0.1626770 0.8452746 0.2031583 0.4666624 0.1785394 0.0775029 -0.1388573 -0.0001802 0.0009087 0.0011384 -0.0178777 -0.0390448 0.2003106 
1498879086.126536 -5.1473368 -0.8337650 -1.0874783 -0.1635576 0.8378857 0.1990755 0.4812124 0.2012874 0.0785684 -0.1769169 -0.0002062 0.0009211 0.0011376 -0.0178749 -0.0391094 0.2003815 
1498879086.493203 -5.0389422 -0.8058646 -1.1565190 -0.1587871 0.8230347 0.2001707 0.5072792 0.3775984 0.0522952 -0.1709724 -0.0002593 0.0009481 0.0011329 -0.0178950 -0.0392895 0.2005503 
1498879086.659869 -4.9788668 -0.7952287 -1.1809930 -0.1556921 0.8163562 0.2010576 0.5185542 0.3440188 0.0640236 -0.1153855 -0.0002820 0.0009602 0.0011291 -0.0179182 -0.0393780 0.2006292 
1498879087.259869 -4.8735508 -0.7728031 -1.2477231 -0.1655287 0.7684148 0.1851985 0.5897801 0.1305434 0.0516481 -0.2576060 -0.0003455 0.0009847 0.0011130 -0.0180368 -0.0397403 0.2008576 
1498879087.359869 -4.8584674 -0.7674920 -1.2766999 -0.1624026 0.7587209 0.1848904 0.6031447 0.1592658 0.0635158 -0.2992825 -0.0003544 0.0009880 0.0011112 -0.0180522 -0.0397983 0.2008908 
1498879087.593203 -4.8210500 -0.7447149 -1.3397853 -0.1483354 0.7463094 0.1896828 0.6205154 0.1903297 0.0969475 -0.2654778 -0.0003774 0.0009922 0.0011159 -0.0180605 -0.0399151 0.2009811 
1498879088.126536 -4.7046142 -0.6986916 -1.4629345 -0.1228247 0.7320119 0.2036180 0.6384453 0.2007863 0.0867513 -0.1389403 -0.0004184 0.0009883 0.0011160 -0.0181228 -0.0401548 0.2011711 
1498879088.426536 -4.6446139 -0.6715410 -1.5159083 -0.1353074 0.7445405 0.1937863 0.6243382 0.2244180 0.0756527 -0.2399200 -0.0004331 0.0009813 0.0011133 -0.0181725 -0.0401926 0.2012690 
1498879088.493203 -4.6294443 -0.6665145 -1.5341639 -0.1360710 0.7534682 0.1967630 0.6124170 0.2351374 0.0671091 -0.2988217 -0.0004370 0.0009803 0.0011118 -0.0181889 -0.0401998 0.2012930 
1498879088.726536 -4.5800518 -0.6475283 -1.5983429 -0.1514560 0.7840461 0.1979622 0.5684573 0.1899798 0.0914087 -0.2499155 -0.0004477 0.0009753 0.0010989 -0.0182836 -0.0402117 0.2013816 
1498879088.993203 -4.5406606 -0.6210711 -1.6651764 -0.1552575 0.8224893 0.2027229 0.5082419 0.1107636 0.0699883 -0.2737064 -0.0004562 0.0009678 0.0010770 -0.0184221 -0.0402152 0.2014598 
1498879089.126536 -4.5275418 -0.6094413 -1.7021991 -0.1553053 0.8332928 0.2045133 0.4895688 0.0883223 0.1087969 -0.2802135 -0.0004618 0.0009649 0.0010597 -0.0185135 -0.0402218 0.2014996 
1498879089.459869 -4.4939908 -0.5751743 -1.8117174 -0.1530472 0.8453598 0.2060423 0.4684976 0.1047483 0.1069426 -0.3955712 -0.0003615 0.0009529 0.0009629 -0.0189193 -0.0404462 0.2010670 
1498879089.659869 -4.4689828 -0.5565954 -1.8985136 -0.1562382 0.8445747 0.2053723 0.4691540 0.1246957 0.0966951 -0.4633504 -0.0003334 0.0009480 0.0009368 -0.0190269 -0.0405119 0.2009339 
1498879089.959869 -4.4370985 -0.5254198 -2.0286996 -0.1652963 0.8419741 0.2007305 0.4727199 0.1099166 0.1178040 -0.3792235 -0.0002965 0.0009387 0.0009027 -0.0191650 -0.0406195 0.2007292 
1498879090.226536 -4.3936385 -0.4979773 -2.1169990 -0.1652467 0.8511052 0.2019084 0.4555727 0.2113570 0.1200495 -0.3099443 -0.0002653 0.0009279 0.0008784 -0.0192696 -0.0407245 0.2005542 
1498879091.026536 -4.1613289 -0.4182896 -2.3441355 -0.1752099 0.8807856 0.2069643 0.3881804 0.1764385 0.0794518 -0.2277731 -0.0001869 0.0009051 0.0008336 -0.0194578 -0.0409395 0.2001332 
1498879091.393203 -4.1010490 -0.3791810 -2.4433455 -0.1724203 0.8810995 0.2039869 0.3902874 0.1629862 0.1377052 -0.3571123 -0.0001585 0.0009043 0.0008200 -0.0195221 -0.0409274 0.2000133 
1498879093.559870 -3.5863304 -0.2051335 -2.8336404 -0.1871457 0.8079822 0.1802148 0.5288326 0.2541828 0.0539301 -0.0450990 -0.0001753 0.0009776 0.0007666 -0.0202391 -0.0400708 0.2000065 
1498879093.759869 -3.5407324 -0.1950072 -2.8470682 -0.1769754 0.7906132 0.1768972 0.5588540 0.1984074 0.0070502 -0.0831661 -0.0001881 0.0009821 0.0007587 -0.0203803 -0.0399994 0.2000228 
1498879093.959869 -3.5042583 -0.1840616 -2.8712643 -0.1706343 0.7604045 0.1763280 0.6013130 0.1855912 0.0579899 -0.1443404 -0.0002039 0.0009836 0.0007528 -0.0205130 -0.0399656 0.2000536 
1498879094.093203 -3.4804916 -0.1780201 -2.8939893 -0.1550236 0.7451575 0.1831727 0.6222184 0.1653836 0.0577271 -0.1843569 -0.0002064 0.0009838 0.0007459 -0.0206012 -0.0399519 0.2000373 
1498879094.359869 -3.4422282 -0.1576124 -2.9336544 -0.1424694 0.7078669 0.1803567 0.6679060 0.1482415 0.0291198 -0.1449857 -0.0002054 0.0009804 0.0007347 -0.0207407 -0.0399736 0.1999878 
1498879094.426536 -3.4323231 -0.1555103 -2.9440210 -0.1316656 0.7088261 0.1895185 0.6665677 0.1462705 0.0420804 -0.1481634 -0.0002039 0.0009793 0.0007314 -0.0207733 -0.0399804 0.1999642 
1498879094.826536 -3.3644387 -0.1232519 -3.0138033 -0.1350548 0.7024946 0.1804048 0.6750671 0.2297467 0.1018902 -0.2161978 -0.0001807 0.0009674 0.0007290 -0.0208127 -0.0399320 0.1998188 
1498879095.093203 -3.2985079 -0.1027919 -3.0773781 -0.1569665 0.7160593 0.1713110 0.6582349 0.2542072 0.0403150 -0.2744495 -0.0001662 0.0009583 0.0007317 -0.0207899 -0.0398578 0.1997137 
1498879095.226536 -3.2665459 -0.0936799 -3.1101429 -0.1598113 0.7290462 0.1755425 0.6419788 0.2289923 0.0678615 -0.1947992 -0.0001600 0.0009561 0.0007295 -0.0207912 -0.0398321 0.1996528 
1498879095.659869 -3.1858757 -0.0627759 -3.1883170 -0.1663335 0.7627330 0.1801864 0.5984183 0.1528383 0.0697316 -0.1790225 -0.0001651 0.0009603 0.0007013 -0.0209349 -0.0397267 0.1996423 
1498879095.993203 -3.1261809 -0.0298637 -3.2699917 -0.1652266 0.7698832 0.1782879 0.5900792 0.1927957 0.0996302 -0.3060207 -0.0001774 0.0009636 0.0006823 -0.0210499 -0.0397200 0.1996493 
1498879096.693203 -2.9615332 0.0213185 -3.4399381 -0.1767710 0.7176385 0.1593324 0.6544923 0.2486657 0.0712046 -0.0476784 -0.0001864 0.0009564 0.0006558 -0.0212850 -0.0399749 0.1997406 
1498879097.126536 -2.8307694 0.0474316 -3.4241606 -0.1664505 0.6951121 0.1549708 0.6819805 0.3839691 0.0291304 0.0383130 -0.0001831 0.0009477 0.0006489 -0.0213857 -0.0400756 0.1998057 
1498879097.226536 -2.7920301 0.0494399 -3.4177429 -0.1659315 0.6897495 0.1553559 0.6874423 0.3817279 0.0143919 0.1041914 -0.0001856 0.0009457 0.0006503 -0.0213647 -0.0401320 0.1998298 
1498879097.326536 -2.7533179 0.0529194 -3.4055410 -0.1718637 0.6772596 0.1486564 0.6997740 0.3843224 0.0369174 0.1355294 -0.0001884 0.0009446 0.0006536 -0.0213267 -0.0401741 0.1998541 
1498879097.426536 -2.7160608 0.0560689 -3.3894351 -0.1716884 0.6706956 0.1477803 0.7062942 0.3603107 0.0095519 0.1894334 -0.0001924 0.0009437 0.0006578 -0.0212794 -0.0401988 0.1998854 
1498879097.659869 -2.6490830 0.0621076 -3.3502101 -0.1668473 0.6588208 0.1472757 0.7186285 0.2051130 0.0325438 0.1626489 -0.0001998 0.0009439 0.0006695 -0.0211369 -0.0402644 0.1999412 
1498879097.726536 -2.6351026 0.0616461 -3.3388724 -0.1707931 0.6471342 0.1380815 0.7300552 0.2055055 -0.0038201 0.1649901 -0.0002024 0.0009441 0.0006726 -0.0210946 -0.0402863 0.1999589 
1498879098.026536 -2.5703824 0.0705461 -3.2950594 -0.1677421 0.6068198 0.1238362 0.7670052 0.2429883 0.0460481 0.1519912 -0.0002114 0.0009531 0.0006827 -0.0209322 -0.0403913 0.2000113 
1498879098.159869 -2.5328990 0.0772973 -3.2749103 -0.1667973 0.5833767 0.1119848 0.7869623 0.3237800 0.0653112 0.1088706 -0.0002142 0.0009577 0.0006856 -0.0208721 -0.0404356 0.2000334 
1498879098.859869 -2.3154332 0.1086790 -3.2188730 -0.1300254 0.4624857 0.0965274 0.8717126 0.2158098 0.0416260 0.1038629 -0.0002404 0.0009495 0.0007362 -0.0204638 -0.0406218 0.2001955 
1498879099.093203 -2.2685728 0.1129039 -3.1863011 -0.1211893 0.4362427 0.0937142 0.8866922 0.1758209 -0.0124742 0.1820590 -0.0002464 0.0009461 0.0007508 -0.0203231 -0.0406815 0.2002231 
1498879099.159869 -2.2583415 0.1135522 -3.1739518 -0.1218106 0.4278706 0.0880557 0.8912548 0.1663425 0.0189513 0.1832426 -0.0002474 0.0009451 0.0007554 -0.0202815 -0.0406931 0.2002299 
1498879099.659869 -2.1584927 0.1028498 -3.0348036 -0.1223914 0.3726198 0.0613502 0.9178295 0.1556605 -0.0228376 0.3456048 -0.0002510 0.0009453 0.0007787 -0.0200105 -0.0407548 0.2001952 
1498879099.726536 -2.1483373 0.0997480 -3.0115570 -0.1224759 0.3623711 0.0557411 0.9222688 0.1553263 -0.0620145 0.3409052 -0.0002517 0.0009454 0.0007824 -0.0199706 -0.0407587 0.2001914 
1498879100.226536 -2.1011499 0.0830895 -2.8590395 -0.0992347 0.2881612 0.0523303 0.9509875 0.0831896 -0.0174320 0.2836005 -0.0001387 -0.0002386 0.0010640 -0.0167996 -0.0401531 0.2001276 
1498879100.359869 -2.0895319 0.0816035 -2.8211931 -0.0923443 0.2638659 0.0491418 0.9588704 0.1041691 -0.0042597 0.2905347 -0.0001544 -0.0002507 0.0010695 -0.0166828 -0.0401366 0.2001324 
1498879100.693203 -2.0276120 0.0827613 -2.7279167 -0.0719966 0.1944323 0.0530135 0.9768327 0.2127037 0.0469383 0.2903591 -0.0003676 -0.0002871 0.0013138 -0.0148187 -0.0390636 0.1989971 
1498879100.759869 -2.0138815 0.0841396 -2.7097460 -0.0693042 0.1765507 0.0457879 0.9807804 0.1951888 0.0020937 0.2575810 -0.0003794 -0.0002885 0.0013096 -0.0147732 -0.0390478 0.1989856 
1498879101.093203 -1.9431886 0.0924029 -2.6383012 -0.0553233 0.1095512 0.0362772 0.9917771 0.1559753 0.0236942 0.2031344 -0.0009657 0.0001929 0.0010807 -0.0134114 -0.0387908 0.1981958 
1498879101.293203 -1.9222247 0.0947051 -2.5999064 -0.0501361 0.0846192 0.0312158 0.9946615 0.0628873 0.0470132 0.1878033 -0.0009982 0.0002221 0.0010530 -0.0133301 -0.0387759 0.1981662 
1498879101.393203 -1.9164568 0.0967877 -2.5816294 -0.0476173 0.0775779 0.0331254 0.9952974 0.0544703 0.0135336 0.1905848 -0.0010121 0.0002322 0.0010311 -0.0132955 -0.0387715 0.1981605 
1498879101.526536 -1.9096251 0.0949851 -2.5510004 -0.0463037 0.0655653 0.0277524 0.9963870 0.0512876 -0.0287496 0.2714427 -0.0010290 0.0002396 0.0009952 -0.0132589 -0.0387736 0.1981554 
1498879101.593203 -1.9066658 0.0929467 -2.5307943 -0.0458512 0.0608589 0.0263777 0.9967437 0.0480122 -0.0284801 0.3306539 -0.0010358 0.0002382 0.0009782 -0.0132482 -0.0387732 0.1981497 
1498879123.193203 -6.1385030 -0.6194097 -1.7383664 -0.1719622 0.8962287 0.1890513 -0.3625780 0.6583712 0.0842990 0.6482412 -0.0006074 -0.0044033 0.0006300 -0.0337470 0.0007492 0.1467196 
1498879125.393203 -4.4647944 -0.6320630 0.2340414 -0.1916520 0.9218189 0.2018451 -0.2697739 0.4698166 -0.2851756 1.3983432 -0.0001095 -0.0026597 -0.0005791 -0.0326778 0.0066261 0.1421501 
1498879126.093203 -4.1291300 -0.7327827 0.3640757 -0.2094314 0.9149511 0.2095727 -0.2740115 -0.0957995 0.1217588 -2.3101664 -0.0000796 -0.0026025 -0.0006305 -0.0326225 0.0069259 0.1420474 
1498879133.059870 -3.7670815 -0.3057492 -1.9692755 -0.1660951 0.9271296 0.2048180 0.2662569 0.2406954 0.1185830 -0.2858119 0.0006611 -0.0024419 -0.0000138 -0.0307815 0.0135989 0.1371222 
1498879134.626536 -3.7525971 -0.2274046 -2.4636285 -0.1989766 0.9329470 0.1986999 0.2248034 0.1455840 0.0260430 -0.1478440 0.0006933 -0.0024314 0.0000406 -0.0303510 0.0137943 0.1367547 
1498879134.826536 -3.7139956 -0.2202564 -2.4923737 -0.2076491 0.9300940 0.2000693 0.2275507 0.2362785 0.0197234 -0.1475628 0.0006951 -0.0024285 0.0000467 -0.0302770 0.0137954 0.1367442 
1498879134.926536 -3.6916810 -0.2155015 -2.5053173 -0.2057353 0.9300109 0.2011838 0.2286435 0.2351821 0.0603184 -0.1017352 0.0006939 -0.0024269 0.0000483 -0.0302692 0.0138346 0.1367410 
1498879135.093203 -3.6542028 -0.2112786 -2.5166784 -0.2010169 0.9290440 0.2017580 0.2361421 0.1992287 0.0358343 -0.0351972 0.0006918 -0.0024255 0.0000507 -0.0302551 0.0138791 0.1367363 
1498879135.593203 -3.5829918 -0.2147834 -2.5099396 -0.2033915 0.9023465 0.1884103 0.3300063 0.1151759 -0.0649072 -0.0255566 0.0006906 -0.0024219 0.0000525 -0.0302339 0.0138982 0.1367268 
1498879135.659869 -3.5750024 -0.2169384 -2.5122548 -0.1949305 0.9005522 0.1903390 0.3387903 0.1222515 -0.0220659 -0.0373630 0.0006906 -0.0024216 0.0000527 -0.0302326 0.0138996 0.1367255 
1498879135.759869 -3.5637142 -0.2193421 -2.5164129 -0.1920255 0.8925108 0.1888742 0.3617697 0.1024776 -0.0821103 -0.0395938 0.0006907 -0.0024212 0.0000528 -0.0302318 0.0139010 0.1367244 
1498879135.859869 -3.5568844 -0.2306215 -2.5227672 -0.1843026 0.8878786 0.1893470 0.3766322 0.0038949 -0.0715031 -0.0575449 0.0006908 -0.0024211 0.0000530 -0.0302309 0.0139041 0.1367230 
1498879135.926536 -3.5560239 -0.2369660 -2.5249801 -0.1762720 0.8854800 0.1903395 0.3855182 0.0002322 -0.0757760 0.0011446 0.0006911 -0.0024210 0.0000531 -0.0302304 0.0139065 0.1367212 
1498879135.993203 -3.5577461 -0.2409558 -2.5240850 -0.1770563 0.8779447 0.1911538 0.4016521 -0.0365785 -0.0747234 0.0215934 0.0006915 -0.0024210 0.0000533 -0.0302301 0.0139067 0.1367191 
1498879136.059870 -3.5613451 -0.2460410 -2.5220683 -0.1757673 0.8706166 0.1894593 0.4186141 -0.0698487 -0.0765154 0.0378876 0.0006985 -0.0024184 0.0000532 -0.0302418 0.0139115 0.1366578 
1498879136.159869 -3.5670704 -0.2536588 -2.5171525 -0.1717771 0.8592186 0.1875656 0.4439090 -0.0475178 -0.0611582 0.0633446 0.0007042 -0.0024103 0.0000537 -0.0302484 0.0139146 0.1365960 
1498879136.226536 -3.5697886 -0.2577482 -2.5111773 -0.1745231 0.8488114 0.1836072 0.4640575 -0.0347062 -0.0760638 0.1077097 0.0007080 -0.0024087 0.0000553 -0.0302496 0.0139229 0.1365548 
1498879136.359869 -3.5726333 -0.2704284 -2.4912449 -0.1762653 0.8317583 0.1779562 0.4954192 -0.0217766 -0.1074048 0.1681315 0.0007133 -0.0024080 0.0000602 -0.0302460 0.0139181 0.1364679 
1498879136.493203 -3.5776268 -0.2817384 -2.4644535 -0.1711336 0.8209823 0.1768172 0.5152058 -0.0368305 -0.0850077 0.2319313 0.0007184 -0.0024084 0.0000655 -0.0302412 0.0139113 0.1363913 
1498879136.626536 -3.5815979 -0.2937721 -2.4358099 -0.1715411 0.8101184 0.1715003 0.5337317 -0.0166382 -0.0876875 0.1944713 0.0007224 -0.0024093 0.0000704 -0.0302300 0.0139030 0.1363251 
1498879136.693203 -3.5820154 -0.2997404 -2.4233522 -0.1730761 0.8054891 0.1682017 0.5412394 -0.0019549 -0.0966163 0.1690079 0.0007239 -0.0024097 0.0000727 -0.0302225 0.0138992 0.1362943 
1498879136.759869 -3.5819878 -0.3073419 -2.4129835 -0.1740106 0.8030710 0.1678717 0.5446250 0.0098203 -0.1383027 0.1408762 0.0007254 -0.0024099 0.0000749 -0.0302127 0.0138937 0.1362664 
1498879136.826536 -3.5810797 -0.3165228 -2.4036873 -0.1775718 0.8006483 0.1657253 0.5476912 0.0097380 -0.1234985 0.1263529 0.0007268 -0.0024108 0.0000770 -0.0302016 0.0138881 0.1362440 
1498879137.859869 -3.2457308 -0.2040570 -2.7323224 -0.1774228 0.7720663 0.1591132 0.5891671 0.5689419 0.2894860 -0.5670696 0.0007248 -0.0024089 0.0000897 -0.0299209 0.0138059 0.1362401 
1498879138.626536 -2.7754001 -0.0156113 -2.9272103 -0.1552629 0.6725981 0.1400368 0.7098555 0.6843878 0.1924807 -0.0264929 0.0007166 -0.0023973 0.0000934 -0.0297392 0.0138004 0.1363401 
1498879138.993203 -2.5160421 0.0410820 -2.9084115 -0.1613318 0.6335184 0.1281859 0.7457847 0.6837302 0.1276355 0.1250718 0.0007129 -0.0023902 0.0000935 -0.0296837 0.0138125 0.1363768 
1498879139.093203 -2.4493585 0.0545093 -2.8946585 -0.1601116 0.6237518 0.1259626 0.7546068 0.6452663 0.1438985 0.1493510 0.0007122 -0.0023873 0.0000941 -0.0296605 0.0138071 0.1363866 
1498879139.259869 -2.3481814 0.0768950 -2.8648856 -0.1617317 0.6020337 0.1155363 0.7733367 0.5861607 0.1076215 0.1917233 0.0007112 -0.0023830 0.0000950 -0.0296262 0.0138008 0.1363981 
1498879139.393203 -2.2712036 0.0919962 -2.8362513 -0.1573346 0.5876443 0.1114853 0.7858060 0.5918137 0.1076160 0.2337385 0.0007105 -0.0023796 0.0000957 -0.0296028 0.0137971 0.1364047 
1498879139.526536 -2.1922004 0.1066518 -2.8046447 -0.1511250 0.5757523 0.1117813 0.7957232 0.5922972 0.1015091 0.2412700 0.0007102 -0.0023764 0.0000961 -0.0295834 0.0137889 0.1364072 
1498879139.593203 -2.1530933 0.1125307 -2.7875252 -0.1477910 0.5663672 0.1123734 0.8029684 0.5871624 0.0694350 0.2665619 0.0007100 -0.0023743 0.0000962 -0.0295723 0.0137840 0.1364082 
1498879139.659869 -2.1135179 0.1176514 -2.7700159 -0.1441865 0.5546424 0.1113462 0.8119015 0.6001778 0.0850244 0.2649996 0.0007092 -0.0023719 0.0000965 -0.0295608 0.0137819 0.1364102 
1498879139.726536 -2.0727714 0.1233257 -2.7520979 -0.1384683 0.5409496 0.1117423 0.8220181 0.6223065 0.0925560 0.2698653 0.0007088 -0.0023694 0.0000968 -0.0295503 0.0137760 0.1364114 
1498879139.793203 -2.0308598 0.1298948 -2.7331975 -0.1361154 0.5211469 0.1074291 0.8356659 0.6380773 0.0860328 0.2942914 0.0007088 -0.0023665 0.0000973 -0.0295368 0.0137656 0.1364126 
1498879139.859869 -1.9869283 0.1348524 -2.7139908 -0.1334529 0.4993865 0.1009886 0.8500616 0.6695208 0.0707023 0.2869514 0.0007095 -0.0023621 0.0000985 -0.0295041 0.0137440 0.1364131 
1498879139.993203 -1.8979424 0.1443064 -2.6737962 -0.1229071 0.4616913 0.1008636 0.8726749 0.6582737 0.0678488 0.2973163 0.0007118 -0.0023535 0.0000997 -0.0294607 0.0137052 0.1364084 
1498879140.059870 -1.8554166 0.1490197 -2.6534538 -0.1155057 0.4457205 0.1046996 0.8814929 0.6306766 0.0797009 0.2990669 0.0007131 -0.0023490 0.0001003 -0.0294429 0.0136901 0.1364061 
1498879140.293203 -1.7290744 0.1613425 -2.5770646 -0.1066878 0.3846671 0.0884407 0.9125937 0.4832378 0.0258343 0.3742444 0.0007186 -0.0023353 0.0001006 -0.0294172 0.0136562 0.1363991 
1498879140.359869 -1.6978676 0.1613719 -2.5501730 -0.1064323 0.3687391 0.0793560 0.9200034 0.4579564 -0.0144296 0.4320100 0.0007196 -0.0023314 0.0001006 -0.0294139 0.0136515 0.1363986 
1498879140.426536 -1.6667325 0.1621305 -2.5207966 -0.1034399 0.3614410 0.0823527 0.9229727 0.4613714 0.0139206 0.4598220 0.0007201 -0.0023280 0.0001004 -0.0294129 0.0136407 0.1363999 
1498879140.826536 -1.4864270 0.1549209 -2.2779317 -0.0943692 0.3076190 0.0641722 0.9446412 0.4765289 -0.0656061 0.7449944 0.0007206 -0.0023386 0.0000966 -0.0295363 0.0136422 0.1364158 
1498879140.893203 -1.4542456 0.1491465 -2.2267308 -0.0938863 0.2991134 0.0602477 0.9476744 0.4920256 -0.0951825 0.7820333 0.0007215 -0.0023413 0.0000959 -0.0295574 0.0136373 0.1364170 
1498879140.993203 -1.4052040 0.1362068 -2.1462629 -0.0946858 0.2889220 0.0576701 0.9509116 0.5065346 -0.1307696 0.8184565 0.0007239 -0.0023464 0.0000951 -0.0295882 0.0136231 0.1364171 
1498879141.159869 -1.3247883 0.1194515 -2.0074822 -0.0940488 0.2748621 0.0584425 0.9550864 0.4246816 -0.1247726 0.8541626 0.0007295 -0.0023554 0.0000945 -0.0296284 0.0136032 0.1364176 
1498879141.226536 -1.2988297 0.1134561 -1.9519265 -0.0943342 0.2693296 0.0586743 0.9566190 0.3649201 -0.0848596 0.8186448 0.0007324 -0.0023589 0.0000944 -0.0296434 0.0135881 0.1364162 
1498879141.626536 -1.1542711 0.0834475 -1.6263916 -0.0846926 0.2430413 0.0667560 0.9640030 0.3952341 -0.0678837 0.8441493 0.0007479 -0.0023695 0.0000964 -0.0296668 0.0135341 0.1364115 
1498879141.759869 -1.0975187 0.0738158 -1.5127685 -0.0812340 0.2259010 0.0652082 0.9685647 0.4597831 -0.0571337 0.8737210 0.0007480 -0.0023710 0.0000966 -0.0296682 0.0135420 0.1364153 
1498879141.826536 -1.0653160 0.0726929 -1.4525430 -0.0767103 0.2173730 0.0686598 0.9706443 0.4949217 -0.0032519 0.9230818 0.0007503 -0.0023720 0.0000969 -0.0296699 0.0135308 0.1364134 
1498879141.959869 -0.9954089 0.0665715 -1.3298284 -0.0727215 0.1939623 0.0632868 0.9762607 0.5583975 -0.0518140 0.9437040 0.0007531 -0.0023738 0.0000970 -0.0296755 0.0135208 0.1364117 
1498879142.026536 -0.9575994 0.0639488 -1.2659807 -0.0713301 0.1808650 0.0587858 0.9791548 0.5795010 -0.0326253 0.9614925 0.0007467 -0.0023774 0.0000950 -0.0296806 0.0134992 0.1364645 
1498879142.126536 -0.8988579 0.0588369 -1.1699186 -0.0708052 0.1671687 0.0578315 0.9816806 0.5915253 -0.0816942 0.9681309 0.0007378 -0.0023809 0.0000935 -0.0296896 0.0134706 0.1365251 
1498879142.459869 -0.7097084 0.0383933 -0.8387847 -0.0696961 0.1494307 0.0470518 0.9851899 0.5130305 -0.0744872 1.0177192 0.0007081 -0.0023944 0.0000894 -0.0296749 0.0132552 0.1367073 
1498879142.526536 -0.6757611 0.0329518 -0.7696641 -0.0711102 0.1561148 0.0513382 0.9838373 0.4970682 -0.0750278 1.0594387 0.0007023 -0.0023960 0.0000884 -0.0296733 0.0132128 0.1367493 
1498879142.693203 -0.5939688 0.0224981 -0.5853357 -0.0723349 0.1613462 0.0407897 0.9833978 0.5031027 -0.0625029 1.1653130 0.0006880 -0.0023993 0.0000856 -0.0296711 0.0131095 0.1368317 
1498879142.759869 -0.5595315 0.0183206 -0.5064136 -0.0717808 0.1654824 0.0382702 0.9828522 0.5324164 -0.0843743 1.2112910 0.0006824 -0.0024000 0.0000843 -0.0296710 0.0130681 0.1368651 
1498879142.826536 -0.5234561 0.0145940 -0.4222603 -0.0762437 0.1682582 0.0325394 0.9822511 0.5483491 -0.0688868 1.2883826 0.0006771 -0.0024004 0.0000831 -0.0296709 0.0130269 0.1368972 
1498879142.893203 -0.4867365 0.0086551 -0.3337133 -0.0779875 0.1715677 0.0278271 0.9816864 0.5509460 -0.1173452 1.3540533 0.0006722 -0.0024008 0.0000820 -0.0296707 0.0129861 0.1369281 
1498879142.959869 -0.4499193 -0.0011000 -0.2424183 -0.0816120 0.1790457 0.0265088 0.9800915 0.5566058 -0.1640343 1.3785790 0.0006676 -0.0024010 0.0000809 -0.0296705 0.0129456 0.1369578 
1498879148.459869 -0.0163258 -0.0136094 -0.0330532 -0.0383981 0.1399237 0.0083593 0.9893822 -0.0097371 0.1102334 0.0017479 0.0003481 -0.0023646 0.0008918 -0.0276219 -0.0357008 0.1502297 
1498879149.226536 -0.0160180 0.0068211 -0.0236875 -0.0238727 0.1287074 -0.0035894 0.9913887 -0.0043186 0.0008112 0.0017985 0.0003692 -0.0023588 0.0008941 -0.0276478 -0.0358622 0.1503617 
1498879149.626536 -0.0171659 0.0066763 -0.0231301 -0.0238574 0.1295024 -0.0030887 0.9912873 -0.0018750 0.0021219 0.0031886 0.0003777 -0.0023574 0.0008941 -0.0276773 -0.0358710 0.1504158 
1498879150.059870 -0.0186381 0.0067583 -0.0226813 -0.0240242 0.1289336 -0.0054562 0.9913472 -0.0031890 0.0002439 0.0026012 0.0003824 -0.0023569 0.0008938 -0.0277102 -0.0358592 0.1504439 
1498879150.493203 -0.0197736 0.0069271 -0.0205078 -0.0242214 0.1281687 -0.0079431 0.9914247 -0.0018565 -0.0015197 0.0062492 0.0003850 -0.0023587 0.0008939 -0.0277252 -0.0358564 0.1504493 
1498879150.893203 -0.0212680 0.0067317 -0.0166535 -0.0243721 0.1278319 -0.0092527 0.9914532 -0.0061271 -0.0014993 0.0102733 0.0003850 -0.0023587 0.0008939 -0.0277252 -0.0358564 0.1504493 
