1540581311.935440810,0.000000,0.000000,0.000000,0.600868,-0.798370,-0.039544,0.000000
1540581311.968056047,0.000047,-0.000026,-0.000016,0.600795,-0.798393,-0.040170,0.000214
1540581312.003411495,0.000495,-0.000157,-0.000104,0.600885,-0.798309,-0.040486,0.000974
1540581312.034913394,0.001494,-0.000343,-0.000255,0.600800,-0.798364,-0.040635,0.001661
1540581312.068851330,0.001076,-0.000721,-0.000612,0.600711,-0.798434,-0.040518,0.002745
1540581312.119904666,0.000631,-0.003535,0.001258,0.599064,-0.799207,-0.048451,-0.006576
1540581312.171529626,-0.000136,-0.004850,0.001262,0.599039,-0.799158,-0.049606,-0.006133
1540581312.220749550,-0.001096,-0.005993,0.001024,0.598993,-0.799082,-0.051432,-0.005566
1540581312.288130684,-0.002845,-0.007690,0.000315,0.598814,-0.799086,-0.053480,-0.004904
1540581312.320004258,-0.003098,-0.007732,-0.000055,0.598696,-0.799149,-0.053876,-0.004685
1540581312.352327832,-0.001584,-0.005572,-0.000454,0.598705,-0.799158,-0.053678,-0.004166
1540581312.385755668,-0.002019,-0.006180,-0.000824,0.598735,-0.799139,-0.053665,-0.003608
1540581312.419245104,-0.002359,-0.006810,-0.001359,0.598572,-0.799215,-0.054374,-0.003311
1540581312.452350291,-0.003016,-0.007468,-0.001888,0.598449,-0.799223,-0.055605,-0.003185
1540581312.485873552,-0.002691,-0.008374,-0.002240,0.598426,-0.799136,-0.057078,-0.003045
1540581312.520507788,-0.000050,-0.008154,-0.003484,0.598333,-0.799076,-0.058854,-0.003366
1540581312.552821512,-0.000010,-0.008894,-0.004595,0.598216,-0.799054,-0.060316,-0.003504
1540581312.585983136,0.005440,-0.012681,-0.005721,0.598030,-0.799074,-0.061829,-0.004141
1540581312.619204134,0.026354,-0.053023,0.002176,0.598454,-0.798873,-0.060416,-0.002149
1540581312.653433308,0.026616,-0.056123,0.001932,0.598346,-0.798939,-0.060619,-0.001885
1540581312.685907594,0.033622,-0.057676,0.005564,0.593380,-0.803042,-0.054346,0.008366
1540581312.720008230,0.032931,-0.055945,0.004865,0.593330,-0.803085,-0.054266,0.008296
1540581312.752996292,0.053966,-0.033886,0.007961,0.584649,-0.809386,-0.055027,0.007148
1540581312.787281153,0.118797,-0.025632,0.008544,0.598597,-0.799223,-0.053242,0.009446
1540581312.819635552,0.126880,-0.030180,0.009235,0.602499,-0.796385,-0.050982,0.012902
1540581312.852947288,0.152143,-0.037363,0.005280,0.609491,-0.791053,-0.051190,0.011667
1540581312.886577187,0.186557,-0.020607,0.001863,0.598133,-0.799690,-0.050805,0.012278
1540581312.920173573,0.163586,-0.061547,0.018124,0.582640,-0.811028,-0.051235,0.011793
1540581312.953934972,0.157694,-0.052480,0.019687,0.579456,-0.813325,-0.050909,0.011898
1540581312.986534670,0.188554,-0.062076,0.020974,0.581850,-0.811618,-0.050776,0.012176
1540581313.020064857,0.211090,-0.073285,0.023002,0.583851,-0.810202,-0.050188,0.013100
1540581313.053946230,0.233177,-0.074182,0.019554,0.591301,-0.804841,-0.048729,0.014836
1540581313.087021441,0.234326,-0.093740,0.020054,0.598429,-0.799513,-0.049852,0.013280
1540581313.119366953,0.230446,-0.078928,0.022112,0.597667,-0.800017,-0.051415,0.011132
1540581313.152768926,0.227881,-0.075362,0.021377,0.597210,-0.800394,-0.050449,0.012806
1540581313.186089225,0.228100,-0.060547,0.021474,0.596086,-0.801325,-0.048113,0.015653
1540581313.220594599,0.227732,-0.054085,0.023668,0.595316,-0.801931,-0.047105,0.016938
1540581313.252924723,0.233332,-0.034771,0.020103,0.599887,-0.798426,-0.049045,0.015662
1540581313.286524909,0.274056,-0.035766,0.020372,0.600686,-0.797764,-0.049907,0.016034
1540581313.319565283,0.265241,-0.035162,0.026189,0.599639,-0.798383,-0.053261,0.013459
1540581313.353289531,0.262710,-0.024956,0.024413,0.598701,-0.799018,-0.054144,0.013976
1540581313.386596380,0.237415,-0.015644,0.018042,0.598237,-0.799138,-0.057687,0.012753
1540581313.419536941,0.236414,-0.018928,0.018333,0.598004,-0.799145,-0.059867,0.013189
1540581313.452860403,0.241553,-0.018187,0.017029,0.598014,-0.798950,-0.062212,0.013685
1540581313.486504801,0.244452,-0.017928,0.024296,0.596807,-0.799757,-0.062789,0.016330
1540581313.519927187,0.233297,-0.025685,0.030880,0.594708,-0.801047,-0.066647,0.014305
1540581313.552885036,0.167056,-0.023043,0.026611,0.591247,-0.803529,-0.067015,0.016639
1540581313.587262447,0.163540,-0.018857,0.025326,0.590292,-0.804046,-0.069064,0.017198
1540581313.620185159,0.147395,-0.018354,0.025768,0.588766,-0.804971,-0.070992,0.018340
1540581313.653785782,0.170805,-0.014200,0.026754,0.588839,-0.804753,-0.072623,0.019184
1540581313.686644319,0.192036,-0.011199,0.031856,0.588929,-0.804566,-0.073339,0.021404
1540581313.719801317,0.204397,-0.010251,0.032388,0.588918,-0.804403,-0.074629,0.023291
1540581313.754206066,0.235394,-0.006257,0.033543,0.589527,-0.803836,-0.075431,0.024831
1540581313.786569515,0.310785,-0.008843,0.030941,0.592613,-0.801575,-0.073953,0.028618
1540581313.819939889,0.333437,-0.009008,0.027108,0.591002,-0.802638,-0.074988,0.029426
1540581313.855247812,0.306158,-0.019639,0.025699,0.587877,-0.804739,-0.077183,0.028948
1540581313.887887461,0.330881,-0.035767,0.028078,0.587894,-0.804568,-0.078589,0.029579
1540581313.921654260,0.354943,-0.052091,0.030739,0.587591,-0.804522,-0.081455,0.029101
1540581313.954838708,0.398672,-0.039499,0.025327,0.588760,-0.803520,-0.082843,0.029225
1540581313.990173857,0.419083,-0.043744,0.023807,0.588350,-0.803830,-0.082980,0.028562
1540581314.020227981,0.458470,-0.055083,0.021238,0.589126,-0.803695,-0.078640,0.028637
1540581314.056036554,0.497708,-0.083558,0.027554,0.593247,-0.800817,-0.076098,0.030982
1540581314.088675028,0.515963,-0.062205,0.022450,0.595754,-0.799173,-0.072562,0.033692
1540581314.120644140,0.515679,-0.067831,0.026785,0.596169,-0.799005,-0.071367,0.032882
1540581314.153652426,0.506489,-0.056665,0.028508,0.595841,-0.799440,-0.069411,0.032422
1540581314.188880212,0.475429,-0.064106,0.030723,0.594674,-0.800473,-0.067911,0.031531
1540581314.222446986,0.482132,-0.059527,0.030756,0.594501,-0.800724,-0.066946,0.030456
1540581314.256738284,0.480572,-0.049897,0.032561,0.596177,-0.799300,-0.071879,0.022927
1540581314.287429421,0.503066,-0.027125,0.034059,0.596423,-0.799011,-0.073645,0.020937
1540581314.320861269,0.501016,-0.021501,0.031327,0.596695,-0.798765,-0.074652,0.018904
1540581314.357697668,0.511271,0.007963,0.035916,0.595854,-0.799198,-0.078005,0.012490
1540581314.389410579,0.506639,0.015551,0.030120,0.597224,-0.798026,-0.080034,0.008488
1540581314.421919516,0.532817,0.045101,0.031849,0.597045,-0.798021,-0.081690,0.005128
1540581314.457235139,0.553456,0.065827,0.040600,0.599274,-0.796658,-0.078480,0.006877
1540581314.488391901,0.573861,0.101636,0.039770,0.598709,-0.796989,-0.079590,0.004682
1540581314.521437149,0.603283,0.135335,0.042752,0.597202,-0.797996,-0.080940,0.000598
1540581314.554625985,0.650396,0.181050,0.046957,0.596628,-0.798815,-0.076975,-0.002032
1540581314.590323847,0.640787,0.185566,0.046567,0.596715,-0.799356,-0.070368,-0.003144
1540581314.622295645,0.665930,0.208627,0.056337,0.596226,-0.800091,-0.065897,-0.005229
1540581314.656887719,0.714069,0.241279,0.066500,0.595975,-0.800958,-0.056960,-0.005972
1540581314.689161593,0.759284,0.294523,0.073454,0.596037,-0.801383,-0.049836,-0.006398
1540581314.723614717,0.764583,0.320660,0.074745,0.596051,-0.801390,-0.049204,-0.008749
1540581314.757336340,0.716603,0.306919,0.064505,0.596543,-0.800618,-0.054967,-0.011253
1540581314.790607864,0.653095,0.269877,0.064674,0.594680,-0.801403,-0.062440,-0.014481
1540581314.824409900,0.659901,0.284755,0.065652,0.594598,-0.801070,-0.066953,-0.016037
1540581314.858013574,0.667219,0.300158,0.066836,0.594784,-0.801037,-0.065937,-0.014968
1540581314.891280610,0.674781,0.315554,0.067913,0.594287,-0.801709,-0.062597,-0.012900
1540581314.924398834,0.684175,0.328960,0.072210,0.594476,-0.801797,-0.060011,-0.010919
1540581314.958675370,0.683863,0.343427,0.085600,0.594752,-0.801722,-0.058587,-0.008918
1540581314.992387219,0.692099,0.362530,0.086407,0.593696,-0.802312,-0.061338,-0.007610
1540581315.026567730,0.698317,0.381094,0.086775,0.593378,-0.802520,-0.061956,-0.004983
1540581315.059073729,0.703900,0.399876,0.087779,0.594522,-0.801713,-0.061633,-0.001417
1540581315.093578377,0.709494,0.420283,0.088615,0.594929,-0.801399,-0.061713,0.003305
1540581315.126694314,0.712362,0.441546,0.089687,0.594466,-0.801796,-0.060543,0.008182
1540581315.160617575,0.679562,0.458610,0.082081,0.595003,-0.801565,-0.056255,0.017353
1540581315.193526874,0.658190,0.420760,0.074586,0.595832,-0.800881,-0.054884,0.023695
1540581315.226962272,0.621878,0.342146,0.059052,0.584614,-0.808987,-0.056457,0.024065
1540581315.260937771,0.624521,0.378089,0.056452,0.584831,-0.808770,-0.052912,0.032634
1540581315.294549832,0.610300,0.373990,0.057965,0.584609,-0.808634,-0.053799,0.038060
1540581315.328600193,0.607428,0.407643,0.056124,0.584046,-0.808485,-0.057770,0.043644
1540581315.361951980,0.576073,0.427119,0.045438,0.584237,-0.807983,-0.061026,0.045887
1540581315.394917528,0.543113,0.418548,0.043320,0.584119,-0.807498,-0.067010,0.047552
1540581315.428610065,0.533903,0.416203,0.046526,0.581882,-0.808358,-0.071976,0.052816
1540581315.462604213,0.485453,0.360360,0.050015,0.580422,-0.809049,-0.075460,0.053438
1540581315.498571649,0.462207,0.348333,0.047905,0.579990,-0.809140,-0.075938,0.056015
1540581315.530451586,0.450149,0.396883,0.049741,0.578502,-0.810006,-0.074619,0.060477
1540581315.563643584,0.452516,0.454757,0.055487,0.577214,-0.810487,-0.074545,0.066170
1540581315.596596721,0.446923,0.534759,0.060411,0.575329,-0.811187,-0.078724,0.069101
1540581315.630922769,0.450704,0.569719,0.060973,0.575411,-0.810359,-0.082912,0.073113
1540581315.665918106,0.453015,0.616602,0.063140,0.575686,-0.809490,-0.085929,0.076996
1540581315.697612867,0.454969,0.654693,0.066270,0.574975,-0.809719,-0.085279,0.080536
1540581315.732274266,0.451490,0.676088,0.065754,0.574331,-0.810184,-0.081136,0.084629
1540581315.764597627,0.440493,0.698776,0.065011,0.574149,-0.810129,-0.082305,0.085260
1540581315.799097076,0.425519,0.717667,0.060108,0.574657,-0.809164,-0.088416,0.084883
1540581315.832328687,0.434115,0.732111,0.055846,0.574948,-0.808109,-0.094348,0.086567
1540581315.865967160,0.437413,0.739089,0.052436,0.575938,-0.807000,-0.097135,0.087246
1540581315.899031647,0.445416,0.749366,0.051894,0.576431,-0.806478,-0.097588,0.088297
1540581315.933441008,0.466236,0.673887,0.053667,0.576514,-0.806208,-0.097266,0.090553
1540581315.966820532,0.466655,0.720167,0.053365,0.577491,-0.805502,-0.098074,0.089736
1540581315.999841593,0.461714,0.748025,0.050065,0.579017,-0.804146,-0.102412,0.087182
1540581316.033910217,0.461280,0.769982,0.044495,0.580518,-0.802680,-0.108408,0.083375
1540581316.067354603,0.459175,0.768948,0.038793,0.582939,-0.800828,-0.112058,0.079374
1540581316.101385389,0.459430,0.780471,0.035377,0.584946,-0.799133,-0.116387,0.075361
1540581316.134653450,0.472480,0.746846,0.031095,0.585912,-0.798093,-0.120775,0.071896
1540581316.167845074,0.484164,0.719934,0.029730,0.586216,-0.798099,-0.121338,0.068315
1540581316.202759435,0.500874,0.736665,0.034105,0.585209,-0.799137,-0.120794,0.065724
1540581316.234954221,0.517296,0.722213,0.042009,0.583334,-0.801140,-0.117942,0.063125
1540581316.270011708,0.547295,0.699049,0.052122,0.582152,-0.802714,-0.113443,0.062287
1540581316.304424431,0.574031,0.859339,0.075750,0.580294,-0.804766,-0.110538,0.058241
1540581316.336251955,0.580244,0.936240,0.078396,0.580254,-0.805980,-0.103392,0.054869
1540581316.369723504,0.571164,0.767850,0.082372,0.584046,-0.804550,-0.092045,0.055832
1540581316.402958627,0.618162,0.607076,0.069518,0.584726,-0.804821,-0.080533,0.062241
1540581316.436871839,0.672680,0.675893,0.083498,0.583743,-0.805520,-0.081536,0.061096
1540581316.471403375,0.720394,0.766395,0.094474,0.582991,-0.806001,-0.084328,0.058067
1540581316.503771511,0.731020,0.852777,0.093793,0.584142,-0.805518,-0.084665,0.052442
1540581316.540562035,0.706457,0.891387,0.088760,0.585790,-0.805085,-0.082168,0.044018
1540581316.571586059,0.666092,0.877868,0.074878,0.587572,-0.804835,-0.075035,0.036995
1540581316.640694318,0.683205,0.890631,0.087747,0.589159,-0.804418,-0.069974,0.030106
1540581316.672020417,0.692131,0.885401,0.086689,0.589995,-0.804041,-0.068579,0.026834
1540581316.705445203,0.706455,0.910758,0.089394,0.590197,-0.804012,-0.068754,0.022478
1540581316.739773602,0.730568,0.941668,0.098911,0.590189,-0.803979,-0.070104,0.019496
1540581316.789433925,0.800866,0.944166,0.114340,0.590688,-0.803337,-0.073982,0.016225
1540581316.821902374,0.807314,0.918253,0.121985,0.591335,-0.803035,-0.072861,0.012248
1540581316.855407910,0.811133,0.921129,0.119387,0.592671,-0.802331,-0.070012,0.010239
1540581316.889296584,0.797807,0.902376,0.119902,0.593460,-0.801840,-0.069149,0.008725
1540581316.921964208,0.783358,0.924120,0.114613,0.593337,-0.801706,-0.071803,0.007941
1540581316.955364219,0.793092,0.927445,0.111110,0.594262,-0.800754,-0.074730,0.007829
1540581316.988979630,0.815678,0.886366,0.115988,0.594740,-0.800348,-0.075315,0.007447
1540581317.022021879,0.829933,0.877015,0.128116,0.594046,-0.801083,-0.072640,0.009892
1540581317.055545303,0.839943,0.846041,0.132494,0.593364,-0.801634,-0.071876,0.011672
1540581317.088831289,0.836596,0.865579,0.134829,0.592858,-0.801714,-0.074577,0.014589
1540581317.122481900,0.821435,0.773932,0.134456,0.594205,-0.800065,-0.081348,0.014069
1540581317.155305549,0.819381,0.821246,0.135533,0.598862,-0.796373,-0.082298,0.019544
1540581317.188983272,0.831521,0.859407,0.130740,0.598538,-0.796269,-0.084488,0.023873
1540581317.222093521,0.849449,0.944040,0.126149,0.595956,-0.797798,-0.085579,0.032131
1540581317.255457270,0.847677,0.946733,0.132848,0.595314,-0.797495,-0.091043,0.036247
1540581317.289375069,0.848417,0.967356,0.126487,0.593279,-0.798226,-0.095355,0.041994
1540581317.322737642,0.841101,0.973893,0.118080,0.593118,-0.797586,-0.099883,0.045729
1540581317.355801041,0.831934,0.976595,0.110098,0.593565,-0.796495,-0.104189,0.049203
1540581317.389720252,0.822992,0.988041,0.109043,0.592845,-0.796170,-0.109089,0.052426
1540581317.422986614,0.819177,1.013043,0.115464,0.591498,-0.796330,-0.113178,0.056386
1540581317.455861737,0.820615,1.003967,0.120800,0.590892,-0.796200,-0.114158,0.062291
1540581317.489693649,0.825594,1.029347,0.117201,0.590345,-0.796145,-0.114539,0.067275
1540581317.522936422,0.814833,1.030982,0.110398,0.590092,-0.795959,-0.115535,0.069942
1540581317.556321796,0.805840,1.043138,0.101951,0.590589,-0.794638,-0.120292,0.072698
1540581317.589184707,0.801586,1.097703,0.086274,0.592080,-0.792045,-0.126201,0.078603
1540581317.623828556,0.801073,1.201695,0.076447,0.592138,-0.790923,-0.130570,0.082248
1540581317.655700142,0.804532,1.270372,0.070592,0.591898,-0.790525,-0.130372,0.087918
1540581317.688931778,0.802091,1.306727,0.066272,0.591653,-0.790595,-0.127515,0.092978
1540581317.722438390,0.801675,1.335110,0.064597,0.590787,-0.791100,-0.124120,0.098621
1540581317.755506888,0.802043,1.356166,0.063248,0.589868,-0.791084,-0.124889,0.103175
1540581317.789133225,0.800080,1.372108,0.060265,0.590195,-0.789598,-0.130783,0.105359
1540581317.822576448,0.798132,1.377988,0.054891,0.590523,-0.787987,-0.137686,0.106780
1540581317.855735722,0.798953,1.383849,0.036624,0.591341,-0.786548,-0.141427,0.107964
1540581317.888989771,0.799677,1.424518,0.016634,0.592453,-0.785028,-0.143910,0.109632
1540581317.922187045,0.796300,1.456666,0.011314,0.592427,-0.784308,-0.146502,0.111482
1540581317.955824431,0.785800,1.470765,0.014431,0.592806,-0.783584,-0.144435,0.117115
1540581317.988848692,0.781740,1.473083,0.016590,0.592212,-0.783262,-0.147700,0.118196
1540581318.023209653,0.777091,1.498741,0.015670,0.591744,-0.782686,-0.152554,0.118188
1540581318.055956339,0.772855,1.524000,0.014666,0.590606,-0.782986,-0.155537,0.118007
1540581318.090244463,0.768158,1.550054,0.013841,0.589858,-0.783258,-0.156756,0.118333
1540581318.122843612,0.764239,1.574196,0.012790,0.589372,-0.783275,-0.158705,0.118044
1540581318.156144486,0.784927,1.524000,0.018279,0.589617,-0.782565,-0.159781,0.120056
1540581318.190779784,0.790261,1.499191,0.024926,0.589116,-0.783514,-0.155398,0.122066
1540581318.222799196,0.794559,1.474395,0.028621,0.589243,-0.784323,-0.149621,0.123465
1540581318.256948182,0.800550,1.480191,0.028645,0.588670,-0.785600,-0.144889,0.123722
1540581318.290097018,0.799521,1.573698,0.010809,0.589011,-0.786383,-0.140787,0.121847
1540581318.323013592,0.793609,1.631834,0.005840,0.588732,-0.787122,-0.139550,0.119832
1540581318.357110903,0.797146,1.650633,0.003537,0.589265,-0.786676,-0.141724,0.117570
1540581318.389670202,0.800934,1.667495,0.001461,0.589775,-0.786419,-0.142973,0.115195
1540581318.423189988,0.805277,1.680122,-0.000040,0.590069,-0.786822,-0.140871,0.113513
1540581318.456562737,0.811767,1.673622,0.002893,0.590109,-0.787717,-0.136467,0.112474
1540581318.491059573,0.808369,1.684211,0.009237,0.590600,-0.788460,-0.131528,0.110558
1540581318.522745884,0.813844,1.762237,0.035286,0.588752,-0.788771,-0.135524,0.113336
1540581318.555992695,0.816458,1.826930,0.032336,0.589617,-0.788248,-0.136634,0.111122
1540581318.590308432,0.816027,1.925015,0.030262,0.590438,-0.787958,-0.137046,0.108274
1540581318.623735530,0.821702,1.950453,0.026772,0.591210,-0.787850,-0.135267,0.107084
1540581318.658157216,0.831983,1.975164,0.024020,0.592126,-0.787632,-0.133022,0.106435
1540581318.690928215,0.858561,1.955516,0.043329,0.591697,-0.788727,-0.129617,0.104894
1540581318.724635301,0.868001,1.979979,0.041623,0.592040,-0.789299,-0.124320,0.105072
1540581318.756331825,0.892714,1.968786,0.061286,0.590923,-0.790780,-0.120566,0.104598
1540581318.794464161,0.899064,2.017156,0.058556,0.592012,-0.790911,-0.116299,0.102253
1540581318.824148910,0.911398,2.041725,0.060580,0.591963,-0.791287,-0.114143,0.102058
1540581318.858924109,0.912495,2.063103,0.061262,0.592362,-0.791360,-0.113963,0.099338
1540581318.890470458,0.916447,2.060087,0.060291,0.592615,-0.791104,-0.116010,0.097482
1540581318.923955331,0.913381,2.047532,0.064146,0.592143,-0.791380,-0.116838,0.097121
1540581318.957878580,0.923357,2.076886,0.064876,0.591188,-0.791861,-0.118888,0.096532
1540581318.993626316,0.931026,2.098406,0.070694,0.589885,-0.793121,-0.117963,0.095284
1540581319.026167815,0.932333,2.108263,0.075389,0.589063,-0.794135,-0.114595,0.096034
1540581319.061529326,0.913185,2.116790,0.081022,0.587961,-0.795868,-0.109761,0.094071
1540581319.092611712,0.913806,2.132834,0.082018,0.586868,-0.796552,-0.111353,0.093225
1540581319.124438924,0.931315,2.151244,0.085740,0.586569,-0.796065,-0.115503,0.094215
1540581319.158311697,0.929181,2.258052,0.080598,0.585619,-0.797281,-0.115150,0.090190
1540581319.191543309,0.943424,2.305110,0.081370,0.585258,-0.797378,-0.115799,0.090841
1540581319.225424107,0.956624,2.343349,0.090129,0.584432,-0.798269,-0.113605,0.091099
1540581319.259095519,0.958895,2.352325,0.097172,0.585369,-0.798317,-0.110145,0.088893
1540581319.294023617,0.960428,2.357891,0.100531,0.584826,-0.798926,-0.108740,0.088725
1540581319.327967103,0.957795,2.386319,0.104491,0.584106,-0.800388,-0.101365,0.089018
1540581319.359935340,0.956539,2.408779,0.102002,0.584430,-0.800906,-0.094024,0.090285
1540581319.393850001,0.989143,2.349434,0.094770,0.584924,-0.800280,-0.096936,0.089547
1540581319.427581200,0.976874,2.159852,0.088519,0.586390,-0.798954,-0.102785,0.085169
1540581319.461985136,0.909635,1.787591,0.103490,0.586896,-0.798585,-0.105738,0.081459
1540581319.494764485,0.884589,1.778519,0.110500,0.586588,-0.798656,-0.108596,0.079186
1540581319.527694521,0.825450,1.827721,0.117557,0.586650,-0.799454,-0.104344,0.076337
1540581319.562403969,0.796945,1.880966,0.120148,0.587861,-0.798816,-0.101639,0.077348
1540581319.595212893,0.799953,1.872003,0.120978,0.587761,-0.798372,-0.104402,0.078984
1540581319.628765379,0.794188,1.879916,0.121339,0.587546,-0.797999,-0.107029,0.080824
1540581319.662700503,0.795008,1.867264,0.122328,0.587201,-0.797474,-0.111261,0.082772
1540581319.696489189,0.786862,1.883139,0.121879,0.588007,-0.796291,-0.114000,0.084690
1540581319.729395226,0.758783,1.944662,0.112835,0.588353,-0.795976,-0.113890,0.085392
1540581319.762709487,0.697417,2.011020,0.115508,0.588393,-0.796876,-0.107945,0.084438
1540581319.796489461,0.665829,2.052540,0.111283,0.588497,-0.797021,-0.105310,0.085669
1540581319.830364759,0.656596,2.057863,0.108465,0.587810,-0.797357,-0.105838,0.086598
1540581319.865499708,0.647947,2.065998,0.112920,0.586476,-0.798212,-0.105341,0.088363
1540581319.898601132,0.638751,2.066511,0.113642,0.585600,-0.798720,-0.105071,0.089879
1540581319.931386168,0.615747,2.114256,0.108872,0.585043,-0.799012,-0.105904,0.089941
1540581319.965392079,0.608295,2.134220,0.111104,0.583308,-0.800472,-0.103173,0.091384
1540581319.998566778,0.601312,2.156182,0.113771,0.583079,-0.800936,-0.098805,0.093589
1540581320.032724752,0.605661,2.169589,0.117914,0.583393,-0.800784,-0.097637,0.094156
1540581320.065620375,0.610874,2.155405,0.118053,0.583367,-0.800850,-0.096438,0.094980
1540581320.099122386,0.609714,2.144764,0.113323,0.582670,-0.801078,-0.097226,0.096527
1540581320.132239960,0.605012,2.164586,0.111493,0.582809,-0.800336,-0.103556,0.095242
1540581320.166409709,0.595910,2.180030,0.110415,0.583070,-0.799675,-0.107769,0.094523
1540581320.200100583,0.575728,2.210216,0.107687,0.582946,-0.799623,-0.108538,0.094853
1540581320.233372406,0.556564,2.235506,0.106934,0.582419,-0.800009,-0.109808,0.093365
1540581320.266957193,0.544437,2.254261,0.104262,0.583971,-0.798624,-0.111894,0.093047
1540581320.301478391,0.540578,2.266183,0.101961,0.584114,-0.797841,-0.116841,0.092787
1540581320.334631502,0.537943,2.277141,0.099653,0.584538,-0.797185,-0.120485,0.091074
1540581320.368014414,0.537036,2.290924,0.098565,0.585159,-0.797266,-0.116538,0.091511
1540581320.401751137,0.551634,2.295118,0.113444,0.585276,-0.797923,-0.109217,0.094037
1540581320.435502024,0.555025,2.305821,0.113347,0.585645,-0.797994,-0.106880,0.093813
1540581320.471503047,0.562954,2.275762,0.117105,0.586061,-0.798210,-0.103786,0.092857
1540581320.502999271,0.564162,2.267199,0.116961,0.586828,-0.798331,-0.098566,0.092655
1540581320.536547232,0.570412,2.239932,0.119958,0.587447,-0.798725,-0.092460,0.091633
1540581320.571049181,0.560387,2.310556,0.118560,0.588056,-0.799010,-0.087500,0.090092
1540581320.605162542,0.558317,2.369629,0.115191,0.588889,-0.798687,-0.085897,0.089052
1540581320.637479466,0.562787,2.387980,0.115742,0.589745,-0.798047,-0.088939,0.086092
1540581320.671169640,0.569689,2.401136,0.117304,0.589985,-0.797379,-0.096567,0.082334
1540581320.703421726,0.572626,2.409914,0.118348,0.590196,-0.796487,-0.105429,0.078494
1540581320.737808475,0.572750,2.386060,0.120762,0.589470,-0.796612,-0.111245,0.074553
1540581320.771248048,0.578850,2.385561,0.120566,0.589318,-0.796600,-0.113092,0.073094
1540581320.804586222,0.581308,2.384353,0.123711,0.588141,-0.797521,-0.113708,0.071564
1540581320.839105596,0.582067,2.391288,0.125793,0.587262,-0.798354,-0.113923,0.069106
1540581320.872300994,0.584551,2.407612,0.126739,0.587605,-0.798298,-0.113535,0.067448
1540581320.905502881,0.589678,2.416179,0.127484,0.587417,-0.798660,-0.112961,0.065747
1540581320.939420042,0.592856,2.426318,0.132844,0.589353,-0.797382,-0.113307,0.063297
1540581320.972886966,0.598108,2.425687,0.134570,0.589648,-0.797401,-0.112682,0.061398
1540581321.007237777,0.599386,2.438310,0.134994,0.589743,-0.797676,-0.111326,0.059354
1540581321.039745913,0.597342,2.458367,0.137080,0.590112,-0.797819,-0.109634,0.056861
1540581321.073665987,0.597161,2.471662,0.138255,0.590534,-0.798013,-0.106498,0.055697
1540581321.107071886,0.596786,2.484776,0.140041,0.590123,-0.798807,-0.103396,0.054512
1540581321.140668609,0.595645,2.493011,0.139048,0.591080,-0.798429,-0.101455,0.053305
1540581321.175394783,0.598388,2.494161,0.136985,0.592012,-0.798216,-0.097467,0.053605
1540581321.225930231,0.600372,2.498715,0.132324,0.592107,-0.798428,-0.094686,0.054373
1540581321.258003930,0.598898,2.495440,0.130532,0.594940,-0.795860,-0.098621,0.054106
1540581321.291834941,0.597194,2.489311,0.128674,0.595946,-0.794362,-0.104504,0.054001
1540581321.324647190,0.590760,2.509124,0.127903,0.596126,-0.793685,-0.108641,0.053806
1540581321.358175226,0.583193,2.525604,0.126443,0.596270,-0.793500,-0.108660,0.054882
1540581321.392023800,0.577927,2.533241,0.125790,0.596515,-0.793096,-0.109292,0.056781
1540581321.425436873,0.571522,2.538297,0.123862,0.597026,-0.792216,-0.112740,0.056949
1540581321.458051722,0.561772,2.541718,0.121341,0.597060,-0.791912,-0.114640,0.057033
1540581321.491612171,0.552238,2.555288,0.120266,0.597343,-0.791440,-0.115665,0.058524
1540581321.525128907,0.536802,2.596039,0.118741,0.596835,-0.791709,-0.116088,0.059222
1540581321.558024968,0.527333,2.618238,0.119302,0.595876,-0.792404,-0.115428,0.060861
1540581321.591254142,0.516237,2.651759,0.121461,0.594991,-0.793223,-0.113250,0.062904
1540581321.624946878,0.502804,2.693057,0.122667,0.593837,-0.794193,-0.111026,0.065485
1540581321.659302327,0.494115,2.716916,0.123833,0.592366,-0.795359,-0.108744,0.068425
1540581321.692145263,0.485132,2.739073,0.125365,0.591020,-0.796434,-0.106830,0.070529
1540581321.725148874,0.475979,2.763837,0.127312,0.590174,-0.797001,-0.105883,0.072618
1540581321.758744248,0.476169,2.762027,0.128044,0.590291,-0.796736,-0.105623,0.074914
1540581321.792026897,0.465087,2.782119,0.127620,0.589714,-0.797215,-0.103198,0.077688
1540581321.824681083,0.451061,2.804214,0.125334,0.589294,-0.797854,-0.098592,0.080255
1540581321.858403394,0.441394,2.821934,0.124101,0.588235,-0.798920,-0.093431,0.083535
1540581321.892187281,0.444765,2.813808,0.128760,0.586433,-0.800008,-0.093084,0.086128
1540581321.924678367,0.438981,2.818898,0.128339,0.586474,-0.799505,-0.096105,0.087204
1540581321.958335791,0.434818,2.829782,0.129937,0.585705,-0.799444,-0.100159,0.088355
1540581321.991576914,0.426123,2.867748,0.127300,0.585735,-0.798536,-0.104277,0.091548
1540581322.025498400,0.421257,2.880234,0.127318,0.585334,-0.798582,-0.104049,0.093942
1540581322.058322287,0.419487,2.880897,0.125892,0.585179,-0.798471,-0.103370,0.096562
1540581322.092542148,0.414850,2.887631,0.124008,0.585052,-0.798123,-0.104372,0.099097
1540581322.126027559,0.414381,2.891004,0.124749,0.585837,-0.796812,-0.107869,0.101243
1540581322.158491658,0.410188,2.900953,0.123792,0.585652,-0.796126,-0.112174,0.103014
1540581322.191503744,0.402919,2.914303,0.121647,0.585952,-0.795505,-0.113270,0.104890
1540581322.225687068,0.398927,2.930622,0.121666,0.585834,-0.795308,-0.111371,0.108998
1540581322.259101854,0.396048,2.941792,0.121678,0.585388,-0.795429,-0.108586,0.113241
1540581322.291983265,0.388017,2.952374,0.124528,0.585594,-0.795383,-0.105204,0.115658
1540581322.324889927,0.380118,2.977122,0.125807,0.585364,-0.795344,-0.102537,0.119427
1540581322.358592113,0.374489,2.992103,0.122973,0.585406,-0.794798,-0.102659,0.122710
1540581322.392791174,0.374133,3.007070,0.122418,0.585182,-0.794187,-0.106134,0.124760
1540581322.425875460,0.376757,3.012560,0.121828,0.585248,-0.793243,-0.110686,0.126483
1540581322.458982471,0.374906,3.028149,0.119925,0.585103,-0.792534,-0.115075,0.127681
1540581322.491750870,0.363580,3.056678,0.118364,0.584923,-0.792358,-0.116465,0.128336
1540581322.525679544,0.363760,3.062643,0.119331,0.584036,-0.792860,-0.116564,0.129180
1540581322.558714605,0.369608,3.055395,0.120968,0.582436,-0.794265,-0.113771,0.130257
1540581322.592522341,0.369256,3.084263,0.125981,0.580772,-0.795804,-0.108772,0.132545
1540581322.625302190,0.374530,3.116769,0.131190,0.579453,-0.796421,-0.108844,0.134543
1540581322.658705376,0.372689,3.155682,0.135846,0.577378,-0.797418,-0.113810,0.133440
1540581322.692930388,0.362051,3.201495,0.133343,0.576780,-0.797274,-0.119978,0.131470
1540581322.725857336,0.362747,3.218054,0.130811,0.576708,-0.797064,-0.123685,0.129607
1540581322.759025623,0.367113,3.229513,0.129200,0.576880,-0.797158,-0.123117,0.128804
1540581322.792418696,0.371951,3.235582,0.128200,0.576778,-0.797738,-0.120855,0.127807
1540581322.825934295,0.374467,3.241474,0.128343,0.577416,-0.797789,-0.119824,0.125558
1540581322.858966844,0.376481,3.245976,0.127523,0.578036,-0.797988,-0.118301,0.122857
1540581322.893557217,0.382571,3.236537,0.128947,0.578891,-0.798277,-0.113210,0.121745
1540581322.925616841,0.382470,3.245644,0.129494,0.578494,-0.799649,-0.106992,0.120243
1540581322.959289590,0.386587,3.257583,0.130124,0.578820,-0.800255,-0.102181,0.118821
1540581322.993177876,0.393564,3.253451,0.131755,0.579772,-0.800089,-0.100445,0.116759
1540581323.026744837,0.399166,3.255693,0.135036,0.581045,-0.799482,-0.101658,0.113496
1540581323.059119761,0.399811,3.251176,0.133337,0.582132,-0.798972,-0.103257,0.110017
1540581323.092176160,0.402421,3.266571,0.133494,0.583516,-0.798051,-0.105658,0.107052
1540581323.125460271,0.409313,3.269664,0.133885,0.584893,-0.797173,-0.107747,0.103950
1540581323.159020332,0.412828,3.279894,0.134464,0.585732,-0.796763,-0.108865,0.101168
1540581323.192402581,0.409104,3.301356,0.132605,0.586518,-0.796363,-0.110261,0.098211
1540581323.225873967,0.408354,3.316660,0.132822,0.588137,-0.795283,-0.112230,0.094995
1540581323.259996091,0.407973,3.320695,0.134250,0.589043,-0.794839,-0.113711,0.091262
1540581323.292995865,0.413773,3.338469,0.140664,0.589557,-0.794868,-0.112564,0.089086
1540581323.326483363,0.418824,3.344037,0.143723,0.590460,-0.794786,-0.110179,0.086791
1540581323.361404012,0.417787,3.353958,0.142146,0.591244,-0.794646,-0.109055,0.084113
1540581323.395712323,0.413487,3.360693,0.141746,0.590938,-0.795262,-0.108523,0.081081
1540581323.429182084,0.410032,3.378717,0.142937,0.591251,-0.795298,-0.108406,0.078560
1540581323.460057196,0.405045,3.394726,0.143718,0.591018,-0.795764,-0.108491,0.075418
1540581323.493769344,0.399131,3.413338,0.147297,0.590329,-0.796679,-0.107492,0.072519
1540581323.527885268,0.396295,3.430080,0.150251,0.589719,-0.797253,-0.108211,0.070066
1540581323.560553942,0.395797,3.438020,0.158795,0.589465,-0.797641,-0.107618,0.068687
1540581323.594749903,0.396559,3.461741,0.168526,0.589047,-0.798454,-0.104904,0.067010
1540581323.628277064,0.390484,3.467184,0.172365,0.588368,-0.799566,-0.101034,0.065646
1540581323.660537951,0.381607,3.478865,0.173409,0.588594,-0.799944,-0.096962,0.065149
1540581323.696802812,0.376914,3.497735,0.177870,0.588257,-0.800842,-0.090903,0.065887
1540581323.730188373,0.372066,3.496999,0.177903,0.587546,-0.801844,-0.085859,0.066820
1540581323.762817847,0.371050,3.483722,0.175543,0.587686,-0.801845,-0.083687,0.068313
1540581323.796473220,0.366096,3.485307,0.175615,0.587409,-0.801883,-0.083765,0.070125
1540581323.830157207,0.349543,3.475488,0.159492,0.588205,-0.800976,-0.085146,0.072128
1540581323.862052180,0.359767,3.464434,0.167025,0.587879,-0.800939,-0.086181,0.073945
1540581323.895710804,0.358011,3.459012,0.163640,0.587671,-0.800489,-0.089757,0.076187
1540581323.932332290,0.340300,3.480364,0.154122,0.587500,-0.799790,-0.094969,0.078491
1540581323.962801927,0.334681,3.489791,0.153986,0.587544,-0.799192,-0.098268,0.080172
1540581323.996687888,0.330015,3.495576,0.151952,0.588119,-0.798093,-0.101723,0.082558
1540581324.030605299,0.325229,3.501052,0.149828,0.588187,-0.797208,-0.106088,0.085095
1540581324.063803210,0.320442,3.506855,0.147867,0.588282,-0.796414,-0.109534,0.087472
1540581324.097601721,0.312209,3.515418,0.145673,0.588464,-0.795773,-0.110966,0.090239
1540581324.131455245,0.298023,3.528497,0.144770,0.588656,-0.795430,-0.110039,0.093101
1540581324.164771869,0.283662,3.551259,0.141518,0.588132,-0.795710,-0.107452,0.096950
1540581324.199505343,0.274244,3.572350,0.137885,0.588340,-0.795323,-0.105600,0.100824
1540581324.231694704,0.263541,3.591188,0.136031,0.587987,-0.795244,-0.104120,0.104963
1540581324.264911240,0.260070,3.604015,0.135906,0.587735,-0.794797,-0.104016,0.109759
1540581324.298926801,0.250641,3.621313,0.130079,0.587816,-0.793909,-0.106617,0.113196
1540581324.333135812,0.246019,3.635626,0.130064,0.587058,-0.793380,-0.110572,0.116983
1540581324.366451136,0.247872,3.634107,0.129915,0.586656,-0.792678,-0.114452,0.119988
1540581324.400103797,0.244675,3.642937,0.130867,0.586840,-0.791443,-0.118765,0.123011
1540581324.433896646,0.217460,3.702822,0.118751,0.584638,-0.791293,-0.127292,0.125894
1540581324.467321145,0.198676,3.736463,0.111424,0.583120,-0.791642,-0.129829,0.128132
1540581324.500581169,0.203019,3.737677,0.112783,0.582519,-0.791424,-0.130558,0.131430
1540581324.533939830,0.202042,3.747817,0.112745,0.581447,-0.791644,-0.131649,0.133744
1540581324.567615404,0.201079,3.760623,0.108407,0.580298,-0.791775,-0.134724,0.134889
1540581324.601981990,0.208483,3.756743,0.112163,0.580661,-0.790925,-0.137626,0.135382
1540581324.634954076,0.210462,3.763150,0.114829,0.581155,-0.789803,-0.141888,0.135419
1540581324.668258462,0.219522,3.776957,0.109952,0.581221,-0.789268,-0.145578,0.134332
1540581324.702104248,0.220897,3.784698,0.110224,0.581758,-0.788878,-0.146864,0.132896
1540581324.735558022,0.218955,3.811941,0.108295,0.581958,-0.788534,-0.148302,0.132461
1540581324.769684908,0.222304,3.825783,0.107875,0.581490,-0.789118,-0.147018,0.132467
1540581324.803392307,0.228594,3.820529,0.111208,0.581332,-0.790322,-0.141524,0.131962
1540581324.836693556,0.231212,3.822609,0.111139,0.581038,-0.791429,-0.136636,0.131780
1540581324.870570467,0.233103,3.815486,0.113861,0.581909,-0.790799,-0.137484,0.130835
1540581324.903520203,0.227662,3.829432,0.114655,0.582968,-0.789584,-0.143154,0.127326
1540581324.937419377,0.229529,3.832504,0.114595,0.584281,-0.788201,-0.148372,0.123859
1540581324.970876476,0.228542,3.836636,0.113585,0.585486,-0.787238,-0.150170,0.122111
1540581325.004582174,0.231270,3.835730,0.115751,0.586401,-0.787008,-0.149734,0.119717
1540581325.037847661,0.237254,3.835246,0.118584,0.586850,-0.787489,-0.147347,0.117288
1540581325.072045872,0.237531,3.843605,0.118677,0.587623,-0.787745,-0.144366,0.115391
1540581325.105554195,0.242299,3.847341,0.121867,0.588673,-0.787369,-0.144096,0.112914
1540581325.138904169,0.241029,3.858438,0.121406,0.589681,-0.787392,-0.142387,0.109617
1540581325.173141430,0.239303,3.870402,0.120958,0.590412,-0.788014,-0.137731,0.107137
1540581325.205956942,0.236838,3.882301,0.120496,0.591544,-0.788226,-0.133388,0.104800
1540581325.239711478,0.269219,3.853898,0.140200,0.592268,-0.788411,-0.131859,0.101193
1540581325.272982577,0.272370,3.858878,0.142896,0.593093,-0.788431,-0.131606,0.096422
1540581325.307180113,0.272831,3.866101,0.145010,0.593214,-0.788949,-0.131334,0.091691
1540581325.344760599,0.274663,3.873546,0.152630,0.592834,-0.789847,-0.132264,0.084827
1540581325.373963485,0.276871,3.877717,0.154589,0.592728,-0.790680,-0.130994,0.079620
1540581325.407700746,0.280116,3.884744,0.158699,0.592497,-0.792006,-0.126785,0.074822
1540581325.441824595,0.281452,3.886529,0.162628,0.592249,-0.792997,-0.125101,0.068897
1540581325.474984769,0.278444,3.893379,0.155082,0.592477,-0.793742,-0.122209,0.063321
1540581325.509956030,0.287146,3.894826,0.166395,0.593289,-0.794934,-0.110724,0.061869
1540581325.542701154,0.293510,3.893211,0.168815,0.592813,-0.797249,-0.096595,0.060307
1540581325.575721653,0.304677,3.890838,0.171252,0.592540,-0.799043,-0.083510,0.058752
1540581325.609145614,0.299992,3.900350,0.170761,0.592801,-0.799669,-0.076762,0.056786
1540581325.643109225,0.297058,3.906524,0.174449,0.592405,-0.800179,-0.077182,0.053036
1540581325.677921261,0.291013,3.923270,0.174481,0.592729,-0.799938,-0.079958,0.048766
1540581325.746662221,0.292521,3.939154,0.181980,0.591700,-0.801505,-0.073267,0.045960
1540581325.779496332,0.292882,3.941499,0.188830,0.591969,-0.801681,-0.069757,0.044885
1540581325.828860443,0.290174,3.956200,0.187416,0.593076,-0.800980,-0.069118,0.043758
1540581325.860699229,0.281966,3.972111,0.184474,0.593396,-0.800436,-0.073858,0.041563
1540581325.894124178,0.265559,4.007121,0.176297,0.594011,-0.799650,-0.078075,0.040182
1540581325.927358539,0.245047,4.051163,0.168803,0.594440,-0.799249,-0.078832,0.040341
1540581325.960942650,0.220270,4.093107,0.163976,0.594883,-0.799117,-0.076077,0.041694
1540581325.994413549,0.212606,4.105889,0.161941,0.594334,-0.799650,-0.073530,0.043821
1540581326.027389298,0.210860,4.117253,0.162175,0.594732,-0.799534,-0.069415,0.047124
1540581326.060705709,0.209120,4.129972,0.161949,0.595030,-0.799300,-0.067096,0.050564
1540581326.094420683,0.207232,4.142891,0.161121,0.595495,-0.798609,-0.068314,0.054244
1540581326.127723719,0.205749,4.160948,0.160662,0.595557,-0.798134,-0.070254,0.057952
1540581326.161004218,0.204597,4.166107,0.159471,0.595367,-0.797963,-0.070298,0.062059
1540581326.194763316,0.203245,4.184277,0.159744,0.595614,-0.797180,-0.072823,0.066668
1540581326.227719228,0.201364,4.198782,0.159762,0.595078,-0.796767,-0.078151,0.070263
1540581326.260793564,0.202394,4.218690,0.158535,0.594622,-0.796180,-0.083499,0.074494
1540581326.294433788,0.198492,4.245700,0.159317,0.593595,-0.796030,-0.088305,0.078636
1540581326.327697274,0.196234,4.252302,0.157509,0.592794,-0.795781,-0.091567,0.083328
1540581326.362043385,0.147548,4.250412,0.153513,0.592061,-0.796242,-0.088443,0.087407
1540581326.395524621,0.132904,4.271175,0.151667,0.590340,-0.797190,-0.086290,0.092417
1540581326.427622370,0.123595,4.295447,0.147431,0.588794,-0.797821,-0.086704,0.096360
1540581326.461242331,0.111389,4.323517,0.143710,0.588277,-0.797408,-0.090333,0.099556
1540581326.494720642,0.097687,4.351558,0.137624,0.588149,-0.796540,-0.095644,0.102256
1540581326.528407566,0.089862,4.368926,0.132957,0.587385,-0.796134,-0.100734,0.104897
1540581326.561829515,0.081853,4.390086,0.129027,0.586713,-0.795590,-0.106449,0.107111
1540581326.594962651,0.080133,4.395165,0.127025,0.586707,-0.794494,-0.112520,0.109057
1540581326.628568087,0.078150,4.397904,0.123368,0.586178,-0.794133,-0.115368,0.111528
1540581326.661235386,0.071054,4.417873,0.119104,0.585238,-0.794542,-0.113961,0.114945
1540581326.695168922,0.067045,4.435048,0.117463,0.584011,-0.795425,-0.109745,0.119106
1540581326.730704108,0.077654,4.407395,0.121969,0.583073,-0.795852,-0.107809,0.122567
1540581326.762023170,0.071396,4.420657,0.119759,0.582999,-0.795139,-0.111145,0.124554
1540581326.795053606,0.062581,4.440818,0.115246,0.583572,-0.793432,-0.118953,0.125539
1540581326.828295155,0.044081,4.502199,0.115535,0.583945,-0.791669,-0.128654,0.125368
1540581326.861848728,0.037831,4.517583,0.109628,0.584493,-0.790042,-0.135111,0.126284
1540581326.894684502,0.054385,4.473556,0.111093,0.584508,-0.789283,-0.137310,0.128564
1540581326.929237163,0.044269,4.499528,0.108941,0.584461,-0.789121,-0.136392,0.130729
1540581326.962130150,0.047398,4.493985,0.110236,0.584242,-0.789330,-0.133939,0.132968
1540581326.994951386,0.045195,4.501426,0.109981,0.584146,-0.789219,-0.132989,0.134981
1540581327.028320122,0.040980,4.511776,0.109022,0.584795,-0.788443,-0.135274,0.134434
1540581327.062740333,0.036981,4.526171,0.105992,0.585480,-0.787950,-0.136114,0.133491
1540581327.095474220,0.035015,4.581493,0.090498,0.584077,-0.789259,-0.136605,0.131391
1540581327.129485206,-0.032818,4.623499,0.075790,0.584581,-0.789024,-0.137881,0.129206
1540581327.162663017,-0.029428,4.632332,0.070546,0.584511,-0.789509,-0.138077,0.126325
1540581327.195252466,-0.048078,4.667080,0.074691,0.584496,-0.789751,-0.139538,0.123240
1540581327.228822189,-0.072644,4.643776,0.100912,0.584177,-0.789799,-0.144567,0.118557
1540581327.262295101,0.005810,4.624640,0.135801,0.584342,-0.789787,-0.148115,0.113325
1540581327.295116724,0.032300,4.637433,0.142120,0.584260,-0.790228,-0.149392,0.108918
1540581327.328679836,0.035146,4.642033,0.145694,0.584116,-0.791285,-0.147695,0.104227
1540581327.362435284,0.048055,4.640110,0.149679,0.584198,-0.792904,-0.140795,0.100961
1540581327.395649021,0.055863,4.634489,0.149676,0.584275,-0.794661,-0.131736,0.098906
1540581327.428981394,0.077249,4.618866,0.147951,0.584286,-0.796300,-0.123453,0.096311
1540581327.462010018,0.097916,4.578915,0.179835,0.584306,-0.797531,-0.117810,0.093013
1540581327.495008129,0.110665,4.558811,0.181554,0.585227,-0.797418,-0.116382,0.089938
1540581327.528702466,0.111494,4.562460,0.186058,0.585568,-0.797376,-0.118197,0.085621
1540581327.561987252,0.109114,4.570277,0.190048,0.585814,-0.797616,-0.118457,0.081226
1540581327.595839000,0.116522,4.564681,0.187623,0.586202,-0.797926,-0.116708,0.077851
1540581327.628145924,0.118309,4.566925,0.187445,0.586307,-0.798561,-0.113360,0.075452
1540581327.662050048,0.115623,4.590050,0.195280,0.587153,-0.798577,-0.111170,0.071885
1540581327.694925522,0.115578,4.620602,0.196699,0.587915,-0.798495,-0.109816,0.068576
1540581327.730147945,0.114419,4.630717,0.197980,0.589170,-0.797680,-0.111036,0.065236
1540581327.763561832,0.114434,4.633883,0.196030,0.590311,-0.796698,-0.114392,0.060986
1540581327.798909255,0.118971,4.634116,0.187638,0.591088,-0.796316,-0.114586,0.058013
1540581327.828638479,0.127175,4.649462,0.181962,0.591801,-0.796356,-0.110970,0.057225
1540581327.863481065,0.134113,4.669086,0.188627,0.593126,-0.796530,-0.100783,0.059868
1540581327.900038051,0.132586,4.717652,0.196825,0.593352,-0.797515,-0.090468,0.060985
1540581327.930548325,0.133527,4.736000,0.203228,0.593603,-0.797891,-0.084123,0.062681
1540581327.965274361,0.137326,4.756319,0.207059,0.594007,-0.797684,-0.082507,0.063622
1540581327.997589035,0.135916,4.785231,0.214799,0.594275,-0.797217,-0.084023,0.064983
1540581328.030889559,0.127453,4.829146,0.216952,0.594431,-0.796891,-0.084425,0.066996
1540581328.063978433,0.088866,4.759144,0.183486,0.594616,-0.796357,-0.087164,0.068190
1540581328.096502306,0.087220,4.724693,0.182595,0.594602,-0.795721,-0.091472,0.070070
1540581328.130777918,0.079862,4.747508,0.184199,0.593657,-0.795697,-0.095286,0.073199
1540581328.164493804,0.060992,4.842262,0.176459,0.592311,-0.796117,-0.096934,0.077262
1540581328.199587977,0.044439,4.888067,0.177310,0.590713,-0.796863,-0.096515,0.082173
1540581328.230228426,0.032669,4.896597,0.174463,0.588927,-0.797931,-0.093594,0.087816
1540581328.263674100,0.024700,4.910580,0.170840,0.587745,-0.798531,-0.090754,0.093098
1540581328.297203149,0.017360,4.933945,0.170493,0.586176,-0.799075,-0.092509,0.096536
1540581328.330925135,0.007599,4.935630,0.166130,0.585425,-0.798652,-0.098442,0.098701
1540581328.364794121,0.003203,4.948405,0.165288,0.585691,-0.797113,-0.105957,0.101735
1540581328.397764870,-0.000992,4.959747,0.163591,0.585525,-0.796088,-0.112501,0.103677
1540581328.431306181,-0.005406,4.940084,0.157830,0.584498,-0.795937,-0.115982,0.106747
1540581328.465337692,-0.009714,4.946769,0.156337,0.584096,-0.795404,-0.119160,0.109385
1540581328.499610704,0.000578,4.933657,0.150778,0.585032,-0.794163,-0.120901,0.111467
1540581328.532330852,0.005494,4.927020,0.150476,0.584566,-0.794409,-0.117869,0.115345
1540581328.566455738,-0.003296,4.948657,0.148509,0.583567,-0.794967,-0.116157,0.118258
1540581328.599555575,-0.005409,4.933592,0.149214,0.583096,-0.794728,-0.118549,0.119801
1540581328.634472548,-0.019940,4.955645,0.148178,0.583513,-0.793256,-0.124252,0.121734
1540581328.666509010,-0.014571,4.959951,0.146619,0.583843,-0.791654,-0.131878,0.122557
1540581328.700520583,-0.013682,4.979671,0.141934,0.583800,-0.790700,-0.135906,0.124500
1540581328.737577932,-0.016369,5.003891,0.137870,0.583186,-0.790514,-0.136370,0.128001
1540581328.767904681,-0.021572,5.055761,0.134194,0.583237,-0.789932,-0.137258,0.130393
1540581328.802651579,-0.024490,5.057256,0.132466,0.583130,-0.789398,-0.138368,0.132908
1540581328.835127766,-0.026652,5.065035,0.131032,0.582523,-0.788983,-0.142106,0.134085
1540581328.869320939,-0.037971,5.084947,0.125795,0.581499,-0.788599,-0.146226,0.136337
1540581328.903413688,-0.047344,5.102733,0.123741,0.582297,-0.786795,-0.151570,0.137516
1540581328.935623937,-0.062727,5.141195,0.117043,0.582306,-0.786048,-0.155303,0.137582
1540581328.969199986,-0.075772,5.182599,0.111291,0.582005,-0.785969,-0.155773,0.138772
1540581329.003455447,-0.095834,5.233751,0.105203,0.582190,-0.785571,-0.156486,0.139443
1540581329.036329471,-0.108229,5.283772,0.101767,0.581256,-0.786031,-0.158391,0.138600
1540581329.070258469,-0.125759,5.361279,0.097812,0.580587,-0.786273,-0.160971,0.137044
1540581329.103696943,-0.129867,5.418795,0.094480,0.580419,-0.786282,-0.163848,0.134267
1540581329.138145067,-0.160432,5.488401,0.090261,0.579527,-0.787285,-0.164940,0.130866
1540581329.171074165,-0.187511,5.542416,0.087883,0.578467,-0.788748,-0.163793,0.128159
1540581329.204477352,-0.194155,5.553262,0.088905,0.578637,-0.789411,-0.162644,0.124726
1540581329.238566050,-0.195328,5.549143,0.092838,0.578901,-0.790413,-0.160215,0.120216
1540581329.272153962,-0.199955,5.559163,0.097268,0.579287,-0.791716,-0.154045,0.117830
1540581329.305939973,-0.201526,5.552063,0.103515,0.579417,-0.793807,-0.143729,0.116136
1540581329.339025821,-0.211779,5.509468,0.112102,0.579114,-0.796319,-0.132641,0.113619
1540581329.372377045,-0.177589,5.348315,0.131020,0.578840,-0.798131,-0.123961,0.112091
1540581329.406190194,-0.130184,5.326498,0.142687,0.577681,-0.800188,-0.117807,0.110029
1540581329.439768518,-0.100691,5.298264,0.151159,0.578062,-0.800578,-0.116666,0.106338
1540581329.474471191,-0.095524,5.278227,0.154825,0.578980,-0.800594,-0.116311,0.101503
1540581329.507492153,-0.066178,5.238529,0.162931,0.579889,-0.800556,-0.115814,0.097090
1540581329.540372126,-0.059364,5.240688,0.162957,0.581384,-0.799844,-0.116495,0.093125
1540581329.573954138,-0.060132,5.248306,0.167731,0.582650,-0.799387,-0.116607,0.088900
1540581329.607776374,-0.052972,5.277872,0.181941,0.584027,-0.798774,-0.117150,0.084552
1540581329.642158710,-0.052277,5.283985,0.191093,0.585676,-0.797853,-0.118209,0.080252
1540581329.674691796,-0.050390,5.291426,0.190220,0.586978,-0.797161,-0.118889,0.076530
1540581329.709160270,-0.048182,5.300005,0.189500,0.587793,-0.797207,-0.116457,0.073471
1540581329.741711019,-0.046038,5.308758,0.189736,0.589185,-0.796992,-0.111919,0.071689
1540581329.775655080,-0.036457,5.291031,0.207053,0.590407,-0.796931,-0.107021,0.069769
1540581329.809769629,-0.027737,5.276062,0.219742,0.590725,-0.797460,-0.101818,0.068813
1540581329.843515952,-0.031853,5.288651,0.225668,0.591539,-0.797391,-0.098255,0.067788
1540581329.879953751,-0.036854,5.313336,0.224740,0.592741,-0.796798,-0.096831,0.066296
1540581329.910504075,-0.042025,5.350544,0.218474,0.592367,-0.797221,-0.096028,0.065712
1540581329.944687473,-0.048941,5.369256,0.220440,0.592393,-0.797209,-0.096141,0.065463
1540581329.977266322,-0.056565,5.401341,0.218374,0.593217,-0.796293,-0.099006,0.064875
1540581330.011875183,-0.060339,5.467114,0.210632,0.592960,-0.796230,-0.100464,0.065745
1540581330.044224532,-0.066345,5.489013,0.215340,0.591611,-0.797335,-0.098372,0.067648
1540581330.078323343,-0.066540,5.516558,0.215298,0.590545,-0.798317,-0.094371,0.070994
1540581330.111707817,-0.066044,5.544747,0.212906,0.589226,-0.799527,-0.088977,0.075182
1540581330.146015278,-0.074722,5.568420,0.216322,0.587581,-0.800782,-0.084801,0.079411
1540581330.179440489,-0.077664,5.568595,0.214151,0.586578,-0.801168,-0.084962,0.082691
1540581330.212653863,-0.103774,5.579170,0.215781,0.586481,-0.800892,-0.086262,0.084682
1540581330.246154937,-0.115329,5.607436,0.211454,0.586480,-0.800200,-0.089386,0.087927
1540581330.280684611,-0.125775,5.649384,0.204462,0.585672,-0.800076,-0.093902,0.089718
1540581330.312849434,-0.125210,5.579597,0.192214,0.585276,-0.799642,-0.098432,0.091298
1540581330.348653120,-0.131430,5.626984,0.189438,0.584923,-0.799266,-0.100758,0.094270
1540581330.417506393,-0.146254,5.682065,0.190019,0.582981,-0.800612,-0.091452,0.103871
1540581330.448890392,-0.154988,5.660011,0.186191,0.582130,-0.801102,-0.088439,0.107421
1540581330.497640190,-0.162944,5.647211,0.180678,0.582081,-0.799753,-0.096168,0.111031
1540581330.531355114,-0.170407,5.628261,0.180629,0.583034,-0.797678,-0.105696,0.112292
1540581330.563421712,-0.173314,5.650910,0.176471,0.583181,-0.796416,-0.112012,0.114343
1540581330.596761461,-0.156509,5.567468,0.172751,0.582809,-0.795906,-0.113450,0.118312
1540581330.630317897,-0.158507,5.585361,0.168796,0.582780,-0.795402,-0.112720,0.122464
1540581330.664220796,-0.166217,5.611286,0.165277,0.582748,-0.794741,-0.113693,0.125959
1540581330.696943357,-0.172055,5.636024,0.161977,0.582204,-0.794186,-0.117634,0.128331
1540581330.730282031,-0.180120,5.650626,0.160236,0.582522,-0.792846,-0.122560,0.130541
1540581330.763715955,-0.187436,5.676400,0.159557,0.582766,-0.791763,-0.125812,0.132919
1540581330.797305316,-0.196914,5.703034,0.156832,0.582101,-0.791792,-0.126344,0.135136
1540581330.830242877,-0.210519,5.727035,0.157501,0.581139,-0.791953,-0.126822,0.137855
1540581330.863667238,-0.223079,5.744437,0.156956,0.580114,-0.791986,-0.128620,0.140294
1540581330.897334962,-0.246384,5.807331,0.150314,0.578720,-0.792008,-0.133433,0.141430
1540581330.930673636,-0.265267,5.850821,0.151609,0.577696,-0.791948,-0.139297,0.140294
1540581330.964137685,-0.272496,5.872173,0.157363,0.576584,-0.792167,-0.142130,0.140790
1540581330.997164708,-0.268122,5.881927,0.162775,0.575325,-0.792869,-0.142673,0.141434
1540581331.031001119,-0.275118,5.920902,0.168159,0.574680,-0.793260,-0.142755,0.141783
1540581331.063691556,-0.289049,5.949103,0.169160,0.574641,-0.793420,-0.142562,0.141238
1540581331.097416892,-0.302584,5.973039,0.168052,0.575452,-0.793159,-0.142317,0.139644
1540581331.133767303,-0.316273,6.001420,0.169068,0.575696,-0.793282,-0.141294,0.138975
1540581331.199566576,-0.327807,6.028558,0.172168,0.575136,-0.794669,-0.136670,0.137987
1540581331.230631624,-0.334357,6.059832,0.173802,0.574795,-0.795497,-0.132697,0.138516
1540581331.264798536,-0.330190,6.063716,0.176611,0.574852,-0.795908,-0.130112,0.138367
1540581331.298117709,-0.337364,6.086715,0.178308,0.574882,-0.796246,-0.129172,0.137175
1540581331.331406895,-0.345268,6.103713,0.179507,0.575701,-0.796075,-0.126700,0.137041
1540581331.364794594,-0.356083,6.131821,0.181765,0.576555,-0.795963,-0.124468,0.136146
1540581331.397547718,-0.359721,6.150894,0.179115,0.577585,-0.795494,-0.123901,0.135029
1540581331.431120179,-0.365221,6.171767,0.178603,0.578685,-0.794727,-0.124651,0.134148
1540581331.464409690,-0.372169,6.204536,0.174645,0.580220,-0.793388,-0.126925,0.133308
1540581331.498059152,-0.369397,6.201921,0.171899,0.581641,-0.792128,-0.129742,0.131887
1540581331.531717713,-0.362590,6.191226,0.171004,0.582461,-0.791757,-0.128502,0.131709
1540581331.564499112,-0.356195,6.178127,0.169972,0.582592,-0.792494,-0.121964,0.132908
1540581331.598229123,-0.361343,6.194840,0.171359,0.582502,-0.793479,-0.112567,0.135686
1540581331.631570059,-0.357257,6.190065,0.176157,0.581766,-0.794779,-0.105303,0.137063
1540581331.665371395,-0.355663,6.206833,0.178511,0.581247,-0.795442,-0.103196,0.137020
1540581331.698350669,-0.370225,6.280015,0.185379,0.581292,-0.795204,-0.105497,0.136460
1540581331.731129105,-0.390121,6.372165,0.188649,0.580084,-0.795315,-0.114106,0.134004
1540581331.765259791,-0.384171,6.355019,0.186833,0.579267,-0.795618,-0.118717,0.131709
1540581331.798766065,-0.340219,6.210495,0.186892,0.578608,-0.796614,-0.115776,0.131206
1540581331.831239076,-0.335305,6.197038,0.185888,0.577697,-0.797951,-0.110922,0.131287
1540581331.865133088,-0.356203,6.276676,0.188534,0.576420,-0.799654,-0.107266,0.129568
1540581331.898599461,-0.365318,6.310644,0.184838,0.576682,-0.799843,-0.106295,0.128030
1540581331.931193885,-0.369500,6.341168,0.187744,0.577660,-0.799054,-0.109616,0.125720
1540581331.964473321,-0.352232,6.304566,0.186191,0.579105,-0.797801,-0.114476,0.122662
1540581331.998353895,-0.332346,6.254048,0.185051,0.579739,-0.797835,-0.114252,0.119618
1540581332.031798306,-0.321716,6.224792,0.183585,0.580314,-0.798334,-0.108528,0.118828
1540581332.065319317,-0.317034,6.221500,0.183354,0.580901,-0.798762,-0.102499,0.118438
1540581332.100914791,-0.315594,6.231684,0.185887,0.580969,-0.799392,-0.099955,0.115997
1540581332.131568690,-0.327418,6.290142,0.187467,0.581537,-0.799046,-0.102431,0.113352
1540581332.164945551,-0.337040,6.341009,0.190310,0.583480,-0.797296,-0.108303,0.110186
1540581332.198109612,-0.345421,6.395525,0.191801,0.585284,-0.795484,-0.115299,0.106557
1540581332.231752886,-0.347883,6.399339,0.188159,0.586437,-0.794818,-0.117269,0.102977
1540581332.265514822,-0.323973,6.375711,0.202022,0.586913,-0.794891,-0.113940,0.103438
1540581332.299913259,-0.326122,6.394884,0.199684,0.587931,-0.794392,-0.112876,0.102654
1540581332.332438245,-0.330948,6.411171,0.201087,0.588860,-0.793763,-0.114394,0.100493
1540581332.367616018,-0.336589,6.432482,0.201334,0.589275,-0.793390,-0.115489,0.099746
1540581332.401546755,-0.329482,6.483409,0.205846,0.589895,-0.792512,-0.118912,0.099040
1540581332.432216379,-0.333895,6.494872,0.204753,0.590690,-0.791767,-0.121188,0.097486
1540581332.465333540,-0.341582,6.525558,0.205993,0.590924,-0.791584,-0.121571,0.097074
1540581332.499113451,-0.352715,6.562861,0.207980,0.590112,-0.792457,-0.119840,0.097042
1540581332.532620362,-0.365406,6.588811,0.209985,0.589413,-0.793616,-0.114956,0.097729
1540581332.566261811,-0.378923,6.604219,0.207750,0.588305,-0.795081,-0.108949,0.099363
1540581332.600728585,-0.400641,6.607193,0.199924,0.586590,-0.797050,-0.102893,0.100182
1540581332.632924096,-0.403845,6.602268,0.202281,0.585351,-0.798210,-0.100203,0.100915
1540581332.666573220,-0.403474,6.586692,0.204095,0.584724,-0.798755,-0.098861,0.101567
1540581332.701149656,-0.415178,6.619136,0.208085,0.584464,-0.799040,-0.098446,0.101215
1540581332.734276617,-0.422887,6.626246,0.207826,0.584747,-0.798918,-0.097619,0.101346
1540581332.766982391,-0.439089,6.650417,0.203682,0.584366,-0.799406,-0.095163,0.102035
1540581332.801103289,-0.450016,6.676871,0.204867,0.584342,-0.799589,-0.093635,0.102151
1540581332.835752651,-0.456471,6.682885,0.203588,0.584327,-0.799616,-0.093022,0.102583
1540581332.869293487,-0.460920,6.679255,0.202778,0.583958,-0.799746,-0.093244,0.103465
1540581332.902037386,-0.461673,6.664792,0.201999,0.583631,-0.799743,-0.094595,0.104104
1540581332.935411859,-0.471485,6.682567,0.199769,0.582904,-0.799949,-0.096028,0.105276
1540581332.969215121,-0.475877,6.679265,0.196756,0.582479,-0.799861,-0.097327,0.107084
1540581333.002931882,-0.490949,6.715468,0.195784,0.582252,-0.799800,-0.097239,0.108843
1540581333.034805831,-0.498178,6.726336,0.193775,0.582359,-0.799524,-0.096449,0.110980
1540581333.068322929,-0.502605,6.733859,0.192129,0.583002,-0.798608,-0.097301,0.113433
1540581333.102512028,-0.509848,6.741567,0.189923,0.583283,-0.797761,-0.100722,0.114950
1540581333.135725902,-0.513679,6.733884,0.188309,0.583661,-0.796953,-0.102735,0.116840
1540581333.169405225,-0.516671,6.739693,0.186478,0.583697,-0.796621,-0.100442,0.120846
1540581333.204403049,-0.523818,6.747430,0.183770,0.583177,-0.797344,-0.092017,0.125218
1540581333.237159485,-0.550117,6.822340,0.184123,0.581812,-0.798510,-0.082207,0.130836
1540581333.269828247,-0.572168,6.891334,0.186189,0.580544,-0.799221,-0.075941,0.135824
1540581333.303432783,-0.595818,6.959231,0.186309,0.579886,-0.799193,-0.074433,0.139580
1540581333.338543231,-0.601322,6.973809,0.186149,0.578672,-0.799227,-0.077634,0.142648
1540581333.371337418,-0.582450,6.938193,0.187328,0.577978,-0.798396,-0.084355,0.146249
1540581333.405561929,-0.580233,6.941350,0.187407,0.576920,-0.797874,-0.094951,0.146777
1540581333.438244178,-0.580899,6.941983,0.189402,0.575167,-0.797785,-0.103176,0.148582
1540581333.471869914,-0.580869,6.945663,0.192151,0.573591,-0.797790,-0.106943,0.151944
1540581333.505787125,-0.581259,6.949893,0.193887,0.572037,-0.798074,-0.108372,0.155265
1540581333.540507011,-0.581218,6.966114,0.195946,0.569695,-0.798757,-0.109821,0.159293
1540581333.572199560,-0.587731,6.996434,0.197083,0.568715,-0.798515,-0.112172,0.162339
1540581333.606982721,-0.593861,7.015518,0.194242,0.568413,-0.797644,-0.116783,0.164416
1540581333.639870607,-0.585078,7.010954,0.194866,0.568698,-0.795956,-0.124309,0.166083
1540581333.673676044,-0.589071,7.022977,0.193588,0.568939,-0.794560,-0.131201,0.166641
1540581333.706841542,-0.592652,7.034203,0.193351,0.569092,-0.793781,-0.135054,0.166754
1540581333.740696629,-0.596394,7.045777,0.194058,0.568699,-0.794030,-0.134139,0.167642
1540581333.774922365,-0.604224,7.075145,0.194298,0.568079,-0.794516,-0.131939,0.169182
1540581333.807331664,-0.606414,7.087196,0.192251,0.567684,-0.794535,-0.134537,0.168373
1540581333.842121775,-0.607677,7.084482,0.191590,0.569395,-0.792702,-0.140797,0.166098
1540581333.874876623,-0.611493,7.099091,0.190365,0.570772,-0.790865,-0.147214,0.164558
1540581333.908638822,-0.614671,7.118453,0.192551,0.571866,-0.789701,-0.151606,0.162348
1540581333.943042858,-0.624899,7.149928,0.188149,0.572640,-0.789579,-0.150938,0.160831
1540581333.975796145,-0.623692,7.153407,0.186961,0.573336,-0.789521,-0.149508,0.159967
1540581334.009381081,-0.623061,7.157817,0.187372,0.574629,-0.788810,-0.150493,0.157900
1540581334.042843330,-0.626910,7.176942,0.187739,0.575707,-0.788017,-0.152913,0.155588
1540581334.076257441,-0.617539,7.170910,0.189931,0.576924,-0.787256,-0.154446,0.153403
1540581334.110152264,-0.623718,7.187386,0.186996,0.577151,-0.787571,-0.153886,0.151483
1540581334.144796763,-0.628484,7.194076,0.182642,0.578634,-0.787036,-0.153911,0.148551
1540581334.177917574,-0.642257,7.221054,0.179357,0.579570,-0.786848,-0.154882,0.144845
1540581334.211708011,-0.652986,7.240106,0.178226,0.580787,-0.786295,-0.156770,0.140893
1540581334.243964284,-0.656744,7.250536,0.179459,0.581314,-0.786224,-0.158633,0.136969
1540581334.278881771,-0.663320,7.278714,0.182668,0.581371,-0.786332,-0.161839,0.132277
1540581334.311999457,-0.659906,7.292335,0.190968,0.580823,-0.787064,-0.163835,0.127799
1540581334.347317268,-0.668154,7.329732,0.197341,0.580964,-0.787966,-0.161645,0.124343
1540581334.379335517,-0.677848,7.368569,0.200215,0.580283,-0.789681,-0.158099,0.121160
1540581334.411955915,-0.682445,7.374387,0.206045,0.580863,-0.790470,-0.155202,0.116907
1540581334.445720814,-0.693659,7.402500,0.204414,0.581864,-0.790326,-0.155079,0.113003
1540581334.479329813,-0.706226,7.439300,0.204254,0.582118,-0.791164,-0.152028,0.109935
1540581334.512705149,-0.717995,7.462415,0.204665,0.581992,-0.793004,-0.144442,0.107548
1540581334.546701773,-0.730318,7.486329,0.201189,0.582063,-0.794284,-0.137736,0.106509
1540581334.580389184,-0.730263,7.485497,0.202966,0.581687,-0.795311,-0.135275,0.104026
1540581334.614912158,-0.739150,7.498948,0.202088,0.581974,-0.795828,-0.132743,0.101698
1540581334.647391194,-0.750642,7.526055,0.200877,0.581810,-0.796730,-0.128064,0.101582
1540581334.681483243,-0.757589,7.585920,0.200918,0.580870,-0.798102,-0.123614,0.101702
1540581334.714960766,-0.769673,7.607215,0.197832,0.581182,-0.798435,-0.120894,0.100569
1540581334.748404928,-0.744449,7.546936,0.203523,0.582122,-0.798048,-0.119037,0.100417
1540581334.782063214,-0.733401,7.526810,0.203966,0.583749,-0.796515,-0.121309,0.100424
1540581334.816061938,-0.737378,7.540006,0.203760,0.584674,-0.795432,-0.124885,0.099232
1540581334.849342311,-0.746722,7.570417,0.201456,0.585354,-0.794783,-0.125528,0.099616
1540581334.883320647,-0.753038,7.597006,0.201775,0.585734,-0.794622,-0.124148,0.100390
1540581334.916056996,-0.758944,7.621926,0.205442,0.586122,-0.794663,-0.120925,0.101727
1540581334.950398145,-0.776774,7.663570,0.204306,0.586378,-0.794544,-0.117971,0.104609
1540581334.983363481,-0.788435,7.695232,0.204667,0.586289,-0.794434,-0.117266,0.106723
1540581335.016945892,-0.803101,7.727849,0.204059,0.586000,-0.794501,-0.115821,0.109351
1540581335.067909890,-0.814169,7.773739,0.206413,0.583805,-0.795134,-0.117663,0.114409
1540581335.120581801,-0.833020,7.844599,0.206262,0.581585,-0.795331,-0.123343,0.118291
1540581335.168828349,-0.834970,7.872306,0.212481,0.579043,-0.796205,-0.124575,0.123483
1540581335.220693985,-0.849324,7.903170,0.210328,0.576881,-0.797059,-0.125590,0.127015
1540581335.269203570,-0.857481,7.952460,0.213203,0.575345,-0.797860,-0.123761,0.130693
1540581335.300406432,-0.864072,7.975816,0.211983,0.574904,-0.797349,-0.127535,0.132119
1540581335.333906493,-0.873990,7.987170,0.204155,0.575729,-0.795853,-0.134414,0.130715
1540581335.366692204,-0.888847,8.019226,0.201387,0.575636,-0.795524,-0.136847,0.130602
1540581335.400409703,-0.897497,8.028629,0.197548,0.575095,-0.795788,-0.136584,0.131648
1540581335.434101014,-0.905848,8.045697,0.198917,0.575397,-0.795699,-0.135380,0.132113
1540581335.467226325,-0.911753,8.059590,0.199013,0.575175,-0.795810,-0.134879,0.132924
1540581335.500621986,-0.919060,8.070693,0.194968,0.575158,-0.795686,-0.135996,0.132597
1540581335.535167248,-0.914983,8.063768,0.193571,0.575763,-0.795076,-0.137838,0.131726
1540581335.567168171,-0.918585,8.071390,0.189751,0.576331,-0.794588,-0.138537,0.131455
1540581335.601226745,-0.916786,8.062783,0.187162,0.577231,-0.793747,-0.140882,0.130083
1540581335.635331044,-0.924339,8.079564,0.185012,0.577763,-0.793168,-0.143245,0.128667
1540581335.666880630,-0.931845,8.095196,0.183602,0.578788,-0.792198,-0.145884,0.127061
1540581335.701329929,-0.940576,8.112546,0.181844,0.579798,-0.791228,-0.149436,0.124345
1540581335.733585515,-0.947722,8.128263,0.180816,0.580325,-0.790905,-0.151320,0.121633
1540581335.766650289,-0.927165,8.093206,0.184675,0.581873,-0.790375,-0.150218,0.119015
1540581335.800761388,-0.937994,8.133958,0.184397,0.582840,-0.790453,-0.147284,0.117424
1540581335.834053161,-0.938182,8.140860,0.184678,0.583009,-0.791241,-0.144021,0.115306
1540581335.867491622,-0.943429,8.144321,0.184204,0.584865,-0.790607,-0.142300,0.112355
1540581335.900719971,-0.941043,8.133317,0.185055,0.585340,-0.790267,-0.145501,0.108095
1540581335.933633482,-0.948762,8.146492,0.188237,0.585025,-0.790250,-0.151048,0.102153
1540581335.967180231,-0.969925,8.208642,0.192372,0.585002,-0.790119,-0.155476,0.096497
1540581336.001354042,-0.996061,8.289131,0.196528,0.584948,-0.790681,-0.155711,0.091728
1540581336.033744066,-1.012361,8.342599,0.199782,0.584249,-0.792600,-0.150391,0.088435
1540581336.067450015,-1.020432,8.373563,0.202680,0.584566,-0.793921,-0.143930,0.085179
1540581336.101234726,-1.026671,8.410161,0.205181,0.585363,-0.794639,-0.138448,0.082038
1540581336.134836137,-1.029888,8.427723,0.204022,0.585508,-0.796081,-0.130524,0.079991
1540581336.167030761,-1.016681,8.397870,0.206911,0.584950,-0.797639,-0.124402,0.078290
1540581336.201451072,-1.012803,8.393294,0.208701,0.584881,-0.798080,-0.123373,0.075914
1540581336.234387058,-1.010073,8.383115,0.211998,0.585602,-0.797744,-0.123725,0.073265
1540581336.267708245,-1.018953,8.412157,0.214071,0.585466,-0.798058,-0.123146,0.071889
1540581336.301935031,-1.043848,8.479931,0.212438,0.585231,-0.798601,-0.121406,0.070721
1540581336.334274080,-1.046008,8.493475,0.214822,0.585821,-0.798469,-0.119272,0.070950
1540581336.367636253,-1.050131,8.518538,0.212930,0.585802,-0.798633,-0.117757,0.071791
1540581336.400368165,-1.055428,8.534854,0.211260,0.585883,-0.798583,-0.117619,0.071921
1540581336.434610726,-1.044941,8.505343,0.207232,0.586669,-0.797910,-0.117977,0.072398
1540581336.467256050,-1.050536,8.523379,0.204882,0.587568,-0.796795,-0.120619,0.073023
1540581336.501159211,-1.056500,8.540857,0.202688,0.588081,-0.795667,-0.125563,0.072852
1540581336.534453285,-1.062784,8.559203,0.200796,0.588662,-0.794868,-0.127238,0.073981
1540581336.567704021,-1.068909,8.577518,0.199082,0.589182,-0.794499,-0.125978,0.075934
1540581336.601678819,-1.032750,8.459746,0.204847,0.590698,-0.793438,-0.123501,0.079235
1540581336.635889656,-1.036884,8.464567,0.206723,0.590723,-0.793346,-0.121865,0.082451
1540581336.667547279,-1.045713,8.483272,0.205361,0.590182,-0.793341,-0.122379,0.085550
1540581336.701357603,-1.057627,8.510761,0.203683,0.590570,-0.792108,-0.126980,0.087568
1540581336.735575589,-1.067319,8.538781,0.200131,0.589972,-0.791267,-0.133370,0.089677
1540581336.770016888,-1.083823,8.573837,0.194893,0.589020,-0.790788,-0.138499,0.092347
1540581336.801751849,-1.095607,8.607228,0.191952,0.588047,-0.790340,-0.143356,0.094932
1540581336.834083961,-1.090983,8.614287,0.190408,0.586480,-0.790432,-0.146992,0.098238
1540581336.868159609,-1.108170,8.640660,0.189827,0.584607,-0.791346,-0.146632,0.102496
1540581336.901339508,-1.103318,8.635577,0.182482,0.584411,-0.791176,-0.144908,0.107265
1540581336.935295269,-1.117899,8.657961,0.175699,0.583180,-0.791353,-0.146135,0.110934
1540581336.967847805,-1.127509,8.661027,0.173617,0.582405,-0.791236,-0.147487,0.114008
1540581337.002038754,-1.135603,8.676496,0.169695,0.582805,-0.789748,-0.151319,0.117213
1540581337.034555540,-1.142967,8.691070,0.165526,0.582727,-0.788013,-0.159186,0.118848
1540581337.068838127,-1.143939,8.694130,0.162025,0.581083,-0.787587,-0.166421,0.119805
1540581337.101589763,-1.157762,8.736151,0.158439,0.580980,-0.787112,-0.166921,0.122697
1540581337.137989311,-1.160411,8.739748,0.154425,0.580894,-0.787269,-0.162285,0.128193
1540581337.169573098,-1.163487,8.747412,0.152061,0.579838,-0.788248,-0.158844,0.131227
1540581337.202711097,-1.167242,8.752631,0.149661,0.578669,-0.789069,-0.156691,0.134016
1540581337.236383195,-1.177114,8.775298,0.147880,0.579299,-0.788013,-0.157995,0.135964
1540581337.270512231,-1.185461,8.788629,0.143189,0.580106,-0.786521,-0.161157,0.137438
1540581337.302866830,-1.192966,8.810205,0.141499,0.580297,-0.785681,-0.163499,0.138665
1540581337.337946316,-1.209062,8.853397,0.138267,0.581004,-0.784754,-0.164929,0.139263
1540581337.369498878,-1.215366,8.867269,0.137150,0.581325,-0.784317,-0.164725,0.140618
1540581337.403725101,-1.232263,8.925016,0.140269,0.580371,-0.784815,-0.165188,0.141237
1540581337.437844563,-1.241995,8.950425,0.142656,0.580745,-0.784588,-0.166316,0.139631
1540581337.470486049,-1.250214,8.972121,0.144529,0.581643,-0.783954,-0.166839,0.138826
1540581337.504389560,-1.258704,8.993020,0.146082,0.581702,-0.783860,-0.168732,0.136808
1540581337.539081496,-1.270156,9.017267,0.148041,0.582075,-0.783621,-0.171915,0.132560
1540581337.571062770,-1.273572,9.024086,0.153130,0.581601,-0.784379,-0.172590,0.129235
1540581337.604293394,-1.276457,9.034102,0.162658,0.581238,-0.784947,-0.173641,0.125973
1540581337.639068817,-1.285791,9.047406,0.171644,0.580936,-0.786165,-0.171889,0.122119
1540581337.671101554,-1.289197,9.073464,0.177051,0.581081,-0.787842,-0.165408,0.119542
1540581337.705215090,-1.291441,9.099039,0.181957,0.581495,-0.789295,-0.159113,0.116447
1540581337.738629714,-1.317994,9.109301,0.174170,0.580552,-0.792138,-0.150465,0.113300
1540581337.772001375,-1.319700,9.123833,0.176351,0.580502,-0.794581,-0.138402,0.111817
1540581337.806059011,-1.299538,9.149295,0.182690,0.581154,-0.795862,-0.129312,0.110192
1540581337.839882935,-1.300977,9.181610,0.187036,0.580750,-0.797275,-0.124965,0.107080
1540581337.873363696,-1.294206,9.168562,0.190864,0.580612,-0.798464,-0.120720,0.103788
1540581337.906843257,-1.293661,9.177159,0.189598,0.581442,-0.798895,-0.115543,0.101693
1540581337.940967793,-1.285236,9.176898,0.191031,0.581818,-0.799593,-0.111374,0.098658
1540581337.974360055,-1.258965,9.196415,0.194634,0.582129,-0.800147,-0.108048,0.096003
1540581338.007628528,-1.258571,9.214148,0.193485,0.584310,-0.798896,-0.107920,0.093274
1540581338.041683315,-1.258385,9.232352,0.191210,0.584863,-0.798415,-0.112252,0.088695
1540581338.074451838,-1.257571,9.249271,0.188916,0.586352,-0.797410,-0.114896,0.084426
1540581338.108408674,-1.249863,9.263159,0.188111,0.587720,-0.796879,-0.113284,0.082070
1540581338.141979036,-1.214602,9.248398,0.189397,0.588444,-0.796781,-0.110746,0.081290
1540581338.175447522,-1.200801,9.248160,0.189708,0.589235,-0.797150,-0.104161,0.080651
1540581338.209763108,-1.187786,9.211500,0.189003,0.589083,-0.798651,-0.091979,0.081718
1540581338.243174932,-1.204620,9.262924,0.184216,0.589529,-0.799276,-0.081679,0.083325
1540581338.276182281,-1.217713,9.329856,0.180161,0.589398,-0.799570,-0.079779,0.083270
1540581338.311480354,-1.214268,9.372437,0.189440,0.589851,-0.798751,-0.083806,0.083963
1540581338.343465141,-1.235357,9.438860,0.199689,0.590402,-0.797788,-0.088323,0.084611
1540581338.376890064,-1.253469,9.469227,0.203906,0.590304,-0.797258,-0.092339,0.085990
1540581338.412445588,-1.262823,9.525499,0.213482,0.588389,-0.797994,-0.097458,0.086636
1540581338.443941237,-1.279584,9.591109,0.214781,0.588069,-0.797383,-0.102714,0.088351
1540581338.477564260,-1.292384,9.641893,0.216146,0.587273,-0.797012,-0.108377,0.090203
1540581338.514197471,-1.307196,9.699702,0.217264,0.586032,-0.797217,-0.111499,0.092626
1540581338.544742158,-1.329737,9.736705,0.217520,0.584830,-0.797695,-0.111977,0.095490
1540581338.578823069,-1.372296,9.685604,0.207833,0.584106,-0.797579,-0.114775,0.097538
1540581338.612862243,-1.391569,9.709720,0.206721,0.583888,-0.797111,-0.117276,0.099677
1540581338.646782016,-1.406495,9.709945,0.202343,0.584018,-0.796110,-0.121555,0.101767
1540581338.679534603,-1.410942,9.664375,0.192763,0.584759,-0.794295,-0.128631,0.102990
1540581338.713995964,-1.423236,9.696905,0.193902,0.583941,-0.793923,-0.133851,0.103845
1540581338.746252400,-1.427279,9.766649,0.199732,0.583403,-0.794280,-0.131154,0.107517
1540581338.780592486,-1.428787,9.800916,0.202101,0.583022,-0.794940,-0.124475,0.112528
1540581338.813784560,-1.423648,9.779367,0.203695,0.581631,-0.795928,-0.121809,0.115612
1540581338.848575246,-1.423564,9.747167,0.202683,0.581140,-0.795606,-0.123522,0.118445
1540581338.880834645,-1.424706,9.703317,0.196450,0.581942,-0.794061,-0.127819,0.120307
1540581338.915564169,-1.445378,9.752073,0.196196,0.582380,-0.792671,-0.132839,0.121899
1540581338.948005992,-1.465281,9.814881,0.196146,0.581963,-0.792370,-0.133645,0.124933
1540581338.981864454,-1.474655,9.857322,0.197131,0.582093,-0.791812,-0.133460,0.128021
1540581339.015663015,-1.460074,9.852896,0.201324,0.581676,-0.791614,-0.133882,0.130675
1540581339.049360664,-1.453176,9.839868,0.201855,0.581022,-0.791611,-0.134013,0.133440
1540581339.083241575,-1.450643,9.841636,0.202991,0.581010,-0.791043,-0.134575,0.136262
1540581339.116377499,-1.453887,9.848080,0.203860,0.581990,-0.789936,-0.136527,0.136560
1540581339.150261335,-1.464053,9.887673,0.203160,0.581414,-0.790080,-0.137691,0.137010
1540581339.183628333,-1.477660,9.909666,0.202028,0.580779,-0.790383,-0.138379,0.137263
1540581339.217681695,-1.481616,9.965717,0.205301,0.580503,-0.790230,-0.141188,0.136453
1540581339.252292531,-1.496548,9.990120,0.205848,0.579705,-0.790464,-0.144820,0.134673
1540581339.321161953,-1.522398,10.042517,0.211906,0.578886,-0.790987,-0.148742,0.130796
1540581339.351933127,-1.528917,10.072567,0.214543,0.578080,-0.791646,-0.150723,0.128072
1540581339.385747626,-1.535860,10.121221,0.218496,0.577643,-0.792318,-0.151449,0.124996
1540581339.419619999,-1.529359,10.127213,0.224021,0.577973,-0.792483,-0.151217,0.122685
1540581339.489143272,-1.544758,10.173710,0.224567,0.579036,-0.793180,-0.147650,0.117401
1540581339.557546357,-1.562449,10.227064,0.225062,0.579074,-0.794926,-0.140903,0.113628
1540581339.603612967,-1.574422,10.255390,0.226209,0.579723,-0.795283,-0.138854,0.110298
1540581339.657213190,-1.577522,10.295573,0.231341,0.579646,-0.796724,-0.132040,0.108661
1540581339.705150339,-1.589595,10.324165,0.229778,0.580187,-0.797361,-0.128009,0.105887
1540581339.736238587,-1.593554,10.342312,0.227685,0.581161,-0.797157,-0.125383,0.105223
1540581339.769413899,-1.597494,10.366533,0.225861,0.581943,-0.796752,-0.125697,0.103583
1540581339.803040097,-1.601638,10.372378,0.221054,0.583336,-0.795793,-0.127256,0.101185
1540581339.836614484,-1.591019,10.343468,0.215105,0.584084,-0.795536,-0.125933,0.100543
1540581339.870460132,-1.592653,10.352158,0.211779,0.585443,-0.794846,-0.124641,0.099704
1540581339.902674381,-1.589624,10.354980,0.208322,0.586321,-0.794677,-0.122085,0.099056
1540581339.936786717,-1.590755,10.373365,0.206143,0.586898,-0.794783,-0.117964,0.099776
1540581339.970923716,-1.589583,10.402690,0.206074,0.588009,-0.794305,-0.114650,0.100895
1540581340.003178240,-1.593307,10.426774,0.205015,0.588074,-0.794511,-0.112244,0.101600
1540581340.037431601,-1.599700,10.453685,0.203579,0.588589,-0.794170,-0.110167,0.103533
1540581340.070446950,-1.596694,10.516347,0.221832,0.588089,-0.794053,-0.112063,0.105227
1540581340.102999736,-1.581779,10.489498,0.223679,0.588691,-0.792896,-0.117271,0.104908
1540581340.135953685,-1.581916,10.496601,0.231881,0.588744,-0.791987,-0.121592,0.106550
1540581340.170524096,-1.592906,10.536086,0.234180,0.587486,-0.792152,-0.124447,0.108937
1540581340.202993345,-1.607589,10.582310,0.236597,0.585323,-0.793250,-0.125974,0.110825
1540581340.236794193,-1.618837,10.623553,0.239987,0.583239,-0.794494,-0.124675,0.114314
1540581340.269895530,-1.634032,10.671312,0.241403,0.582145,-0.794868,-0.123923,0.118051
1540581340.303192278,-1.648038,10.688713,0.231036,0.579961,-0.795884,-0.125656,0.120099
1540581340.336390052,-1.659105,10.711891,0.227685,0.578934,-0.796075,-0.126924,0.122430
1540581340.369678976,-1.667497,10.729357,0.226752,0.578662,-0.795477,-0.129616,0.124765
1540581340.403251912,-1.678434,10.742165,0.220838,0.578990,-0.794021,-0.136492,0.125189
1540581340.437322086,-1.676934,10.685297,0.203123,0.579250,-0.792760,-0.142465,0.125317
1540581340.469942509,-1.678251,10.690005,0.201287,0.578882,-0.792709,-0.142070,0.127763
1540581340.504141621,-1.683432,10.707915,0.200318,0.578331,-0.793513,-0.136420,0.131379
1540581340.536717869,-1.687950,10.722449,0.199018,0.576936,-0.794897,-0.130738,0.134876
1540581340.570216131,-1.698486,10.755201,0.200109,0.575971,-0.795464,-0.128847,0.137450
1540581340.603301542,-1.706813,10.768911,0.199780,0.576797,-0.793885,-0.132792,0.139348
1540581340.636951153,-1.713334,10.780411,0.196416,0.576218,-0.793077,-0.138423,0.140855
1540581340.670345664,-1.723464,10.798830,0.192341,0.576211,-0.792309,-0.141203,0.142441
1540581340.703201788,-1.732504,10.818772,0.190198,0.576767,-0.791268,-0.141666,0.145486
1540581340.737166537,-1.738395,10.827429,0.187870,0.576415,-0.790703,-0.143706,0.147933
1540581340.770491648,-1.743692,10.837102,0.184795,0.575987,-0.790214,-0.146468,0.149493
1540581340.803825359,-1.757972,10.869759,0.182162,0.575960,-0.789306,-0.148952,0.151919
1540581340.836876958,-1.769062,10.891503,0.179578,0.576272,-0.787987,-0.153190,0.153365
1540581340.870473382,-1.778410,10.908014,0.177292,0.576604,-0.786797,-0.158082,0.153260
1540581340.903669880,-1.789800,10.928585,0.177440,0.576789,-0.785987,-0.160879,0.153807
1540581340.936913329,-1.801851,10.947341,0.176085,0.577177,-0.785144,-0.163842,0.153529
1540581340.970271353,-1.817785,10.984575,0.174767,0.577308,-0.784750,-0.166699,0.151971
1540581341.003575514,-1.828806,10.996994,0.174892,0.576537,-0.785103,-0.168802,0.150745
1540581341.036674088,-1.838894,11.007461,0.174298,0.576317,-0.785075,-0.171123,0.149108
1540581341.070421711,-1.853432,11.040113,0.173208,0.575003,-0.786461,-0.171905,0.145940
1540581341.104718373,-1.866390,11.109746,0.169549,0.574683,-0.787388,-0.170385,0.143972
1540581341.136911346,-1.874156,11.130415,0.168727,0.573404,-0.789002,-0.169310,0.141482
1540581341.170594383,-1.888006,11.153826,0.168954,0.573569,-0.789632,-0.168486,0.138248
1540581341.203767794,-1.903421,11.183405,0.171069,0.573575,-0.791236,-0.162645,0.136031
1540581341.237883205,-1.914482,11.209413,0.173835,0.574046,-0.792926,-0.152961,0.135434
1540581341.270789441,-1.914509,11.225847,0.184141,0.573900,-0.794756,-0.144503,0.134613
1540581341.303536765,-1.918327,11.241510,0.186131,0.573712,-0.796073,-0.140453,0.131893
1540581341.339321964,-1.924707,11.252155,0.189044,0.574635,-0.795454,-0.143946,0.127782
1540581341.370203500,-1.927712,11.250992,0.194416,0.575626,-0.794212,-0.150530,0.123379
1540581341.404374874,-1.915296,11.234066,0.196094,0.576484,-0.793615,-0.153883,0.119000
1540581341.436807398,-1.884584,11.173441,0.200570,0.577397,-0.794001,-0.150345,0.116495
1540581341.470631109,-1.872193,11.158902,0.203809,0.578093,-0.794780,-0.145134,0.114317
1540581341.503652832,-1.873093,11.173229,0.203452,0.579032,-0.794960,-0.142493,0.111609
1540581341.538037894,-1.888806,11.206092,0.204873,0.579889,-0.794866,-0.142385,0.107902
1540581341.570279880,-1.896533,11.220539,0.206041,0.581297,-0.794008,-0.144032,0.104405
1540581341.604233891,-1.885128,11.189183,0.205993,0.582829,-0.793159,-0.144849,0.101131
1540581341.636995477,-1.866966,11.152020,0.206727,0.583469,-0.793709,-0.140290,0.099547
1540581341.671246314,-1.855432,11.137066,0.208812,0.583823,-0.795045,-0.131129,0.099298
1540581341.705647187,-1.849761,11.140243,0.211791,0.584609,-0.795670,-0.123291,0.099707
1540581341.738347986,-1.868443,11.196893,0.215654,0.585206,-0.795985,-0.118343,0.099683
1540581341.770929797,-1.894645,11.256686,0.219431,0.585267,-0.796319,-0.116022,0.099387
1540581341.804840321,-1.918219,11.304645,0.220058,0.586280,-0.795475,-0.117570,0.098347
1540581341.838241270,-1.917595,11.311268,0.219637,0.587338,-0.794343,-0.120418,0.097738
1540581341.871430031,-1.919142,11.322270,0.216041,0.587349,-0.793990,-0.122077,0.098480
1540581341.905534117,-1.929974,11.353326,0.212302,0.586702,-0.794131,-0.123613,0.099282
1540581341.939038741,-1.940577,11.389491,0.212095,0.586857,-0.793467,-0.126041,0.100610
1540581341.972838327,-1.951590,11.421953,0.211427,0.585454,-0.793913,-0.128981,0.101532
1540581342.006174988,-1.951508,11.428009,0.215709,0.583804,-0.794926,-0.128869,0.103241
1540581342.039103237,-1.959934,11.456714,0.217817,0.582770,-0.795859,-0.124123,0.107613
1540581342.072909611,-1.954079,11.462426,0.216934,0.580584,-0.797363,-0.121460,0.111273
1540581342.106026359,-1.938054,11.447316,0.220539,0.579006,-0.798212,-0.120551,0.114356
1540581342.140100458,-1.940442,11.462643,0.219506,0.578701,-0.798053,-0.119037,0.118519
1540581342.173941544,-1.954580,11.508638,0.217510,0.578183,-0.797824,-0.119728,0.121844
1540581342.208152831,-1.950638,11.507372,0.216788,0.576981,-0.798388,-0.119003,0.124529
1540581342.240475504,-1.955480,11.521127,0.217334,0.576319,-0.798624,-0.117130,0.127818
1540581342.274646716,-1.959307,11.538523,0.217995,0.576666,-0.797778,-0.118400,0.130337
1540581342.307962077,-1.951661,11.533715,0.225381,0.576764,-0.797422,-0.118412,0.132061
1540581342.341910200,-1.962727,11.559662,0.222641,0.575407,-0.798680,-0.112930,0.135145
1540581342.375618537,-1.972028,11.575435,0.220298,0.575072,-0.798893,-0.109648,0.137986
1540581342.408993035,-1.977100,11.577057,0.219738,0.575032,-0.798280,-0.113622,0.138481
1540581342.442095234,-1.995441,11.616879,0.219924,0.574819,-0.797617,-0.118646,0.138974
1540581342.476228283,-2.007450,11.643763,0.219041,0.575761,-0.796180,-0.121723,0.140638
1540581342.510076294,-2.014337,11.659458,0.214176,0.576232,-0.795306,-0.123337,0.142245
1540581342.544196555,-2.032366,11.706920,0.210020,0.575890,-0.795205,-0.123364,0.144158
1540581342.577959954,-2.029236,11.690972,0.209189,0.576400,-0.794413,-0.123705,0.146177
1540581342.610842215,-2.025594,11.699180,0.213135,0.576881,-0.793338,-0.127370,0.146969
1540581342.644290826,-2.032585,11.704669,0.210959,0.576696,-0.792808,-0.131023,0.147347
1540581342.678886375,-2.040730,11.711070,0.208437,0.577153,-0.791943,-0.133417,0.148055
1540581342.711875911,-2.056757,11.752250,0.205555,0.577418,-0.791303,-0.135319,0.148719
1540581342.744891060,-2.085970,11.849775,0.212960,0.576903,-0.791409,-0.137279,0.148357
1540581342.781049659,-2.098875,11.882229,0.214024,0.576246,-0.791841,-0.138215,0.147737
1540581342.811798645,-2.098358,11.871019,0.216612,0.575836,-0.791809,-0.141442,0.146442
1540581342.846015681,-2.105937,11.878419,0.217932,0.575399,-0.791429,-0.148908,0.142768
1540581342.879206430,-2.138346,11.957136,0.220123,0.574984,-0.791263,-0.154044,0.139883
1540581342.913945979,-2.176204,12.053358,0.217191,0.575112,-0.791235,-0.155583,0.137794
1540581342.946623690,-2.211055,12.144982,0.214013,0.575046,-0.791976,-0.153699,0.135912
1540581342.980033239,-2.245267,12.231859,0.210735,0.575154,-0.793321,-0.146758,0.135285
1540581343.014120312,-2.259243,12.267498,0.211750,0.574601,-0.795135,-0.139506,0.134656
1540581343.047386361,-2.266681,12.286943,0.213523,0.574508,-0.796111,-0.135778,0.133082
1540581343.080953685,-2.255359,12.257539,0.223772,0.574875,-0.796253,-0.135319,0.131105
1540581343.114734283,-2.253368,12.235156,0.217738,0.573705,-0.797307,-0.136603,0.128468
1540581343.147846070,-2.246474,12.222600,0.219403,0.574207,-0.797195,-0.138426,0.124920
1540581343.183470893,-2.251522,12.231508,0.222223,0.575686,-0.796662,-0.137732,0.122254
1540581343.215344755,-2.246076,12.239702,0.224982,0.576137,-0.796827,-0.136470,0.120454
1540581343.249319516,-2.240244,12.243173,0.230305,0.577126,-0.796779,-0.134934,0.117732
1540581343.283611715,-2.255810,12.286822,0.233398,0.578662,-0.796257,-0.133408,0.115439
1540581343.316531276,-2.254379,12.289600,0.231399,0.580338,-0.795338,-0.133453,0.113295
1540581343.349494025,-2.231235,12.236599,0.226634,0.580846,-0.795566,-0.132322,0.110376
1540581343.384203736,-2.216314,12.209246,0.224263,0.582469,-0.795266,-0.127966,0.109120
1540581343.416894522,-2.223346,12.250508,0.225873,0.582990,-0.795807,-0.122716,0.108420
1540581343.451693458,-2.239281,12.312758,0.228721,0.583284,-0.796743,-0.116044,0.107306
1540581343.484231232,-2.251691,12.355862,0.232208,0.583513,-0.797606,-0.108970,0.107061
1540581343.517565756,-2.257784,12.392167,0.235555,0.583843,-0.798105,-0.103458,0.107016
1540581343.552206942,-2.252406,12.404250,0.241327,0.583498,-0.798812,-0.100170,0.106748
1540581343.587945453,-2.259358,12.451649,0.247984,0.584157,-0.798521,-0.098944,0.106466
1540581343.620402077,-2.277316,12.522992,0.253418,0.585610,-0.797175,-0.101477,0.106189
1540581343.652087488,-2.311006,12.623207,0.255551,0.585026,-0.796959,-0.109093,0.103437
1540581343.686242287,-2.306187,12.620064,0.252399,0.585658,-0.795612,-0.117683,0.100780
1540581343.718972760,-2.310344,12.648999,0.249400,0.585301,-0.795497,-0.120785,0.100093
1540581343.753365597,-2.311642,12.663311,0.249685,0.584589,-0.796293,-0.118698,0.100418
1540581343.786670458,-2.318052,12.704510,0.249950,0.583968,-0.796932,-0.117408,0.100477
1540581343.819956119,-2.327868,12.752315,0.250975,0.583913,-0.796864,-0.117767,0.100921
1540581343.853729743,-2.335653,12.788148,0.254169,0.583695,-0.796673,-0.120418,0.100558
1540581343.887582029,-2.351261,12.847327,0.257660,0.583826,-0.795971,-0.124699,0.100137
1540581343.920990240,-2.357331,12.864537,0.251927,0.584530,-0.794692,-0.129944,0.099517
1540581343.954737476,-2.354106,12.856716,0.245510,0.584745,-0.794009,-0.133146,0.099473
1540581343.988123625,-2.355645,12.842941,0.254277,0.584251,-0.794195,-0.134176,0.099504
1540581344.021866274,-2.350217,12.818455,0.248728,0.584567,-0.793960,-0.133185,0.100850
1540581344.056570598,-2.347537,12.806742,0.249369,0.583942,-0.794536,-0.130544,0.103357
1540581344.107904696,-2.354412,12.828105,0.250238,0.583343,-0.794780,-0.129304,0.106375
1540581344.159163219,-2.354627,12.800627,0.243231,0.582902,-0.794070,-0.134213,0.108001
1540581344.206252692,-2.336021,12.703954,0.227212,0.584449,-0.791800,-0.138779,0.110513
1540581344.241859690,-2.338424,12.699134,0.226869,0.584072,-0.791818,-0.138945,0.112154
1540581344.272422314,-2.348465,12.716443,0.228934,0.583568,-0.792242,-0.137093,0.114042
1540581344.307005188,-2.356240,12.735708,0.230023,0.582777,-0.792966,-0.134831,0.115748
1540581344.338877812,-2.366255,12.752551,0.227883,0.582739,-0.793114,-0.133249,0.116750
1540581344.372929060,-2.395728,12.788468,0.220849,0.582796,-0.793276,-0.130962,0.117945
1540581344.406360222,-2.403630,12.797723,0.220781,0.582537,-0.793601,-0.129374,0.118785
1540581344.439953920,-2.406882,12.791795,0.221851,0.583367,-0.792948,-0.130488,0.117851
1540581344.473225882,-2.411380,12.791602,0.222625,0.583498,-0.792429,-0.133767,0.117014
1540581344.505498530,-2.417925,12.793887,0.221993,0.583232,-0.792235,-0.137949,0.114775
1540581344.539871404,-2.427436,12.805825,0.222867,0.584586,-0.790944,-0.142419,0.111278
1540581344.572634228,-2.436142,12.814113,0.222093,0.584733,-0.790652,-0.145529,0.108524
1540581344.606635564,-2.445598,12.823674,0.221219,0.584494,-0.791218,-0.145366,0.105869
1540581344.639532525,-2.454646,12.840339,0.220303,0.585023,-0.791731,-0.141689,0.104088
1540581344.673665662,-2.452016,12.835153,0.224593,0.584929,-0.792450,-0.139646,0.101880
1540581344.706598735,-2.458298,12.846468,0.227381,0.584559,-0.793277,-0.138252,0.099442
1540581344.739607772,-2.465261,12.859337,0.229806,0.584966,-0.793684,-0.136188,0.096608
1540581344.773162783,-2.441577,12.827787,0.233914,0.585641,-0.794086,-0.132553,0.094249
1540581344.806139956,-2.442242,12.834488,0.233387,0.585387,-0.795276,-0.126912,0.093554
1540581344.839840405,-2.445973,12.846623,0.231937,0.585821,-0.795627,-0.124625,0.090887
1540581344.873377691,-2.450416,12.852014,0.231852,0.587532,-0.794602,-0.125683,0.087285
1540581344.906534440,-2.442897,12.835994,0.230559,0.587697,-0.794313,-0.127357,0.086366
1540581344.939187126,-2.433256,12.824234,0.230504,0.587322,-0.794223,-0.131415,0.083622
1540581344.972620638,-2.429133,12.822817,0.230068,0.588082,-0.793442,-0.134471,0.080789
1540581345.005940674,-2.431563,12.831315,0.232331,0.588573,-0.792659,-0.136998,0.080651
1540581345.039867698,-2.434790,12.848198,0.227518,0.588959,-0.791615,-0.142763,0.078044
1540581345.072999009,-2.437266,12.855371,0.224701,0.589359,-0.790683,-0.147340,0.075940
1540581345.106957482,-2.432630,12.853313,0.225539,0.589178,-0.790255,-0.150363,0.075876
1540581345.139765331,-2.424841,12.851374,0.228342,0.589219,-0.790065,-0.151431,0.075415
1540581345.172836780,-2.422302,12.856573,0.228528,0.589261,-0.790994,-0.145586,0.076833
1540581345.206839504,-2.418264,12.860227,0.231389,0.588626,-0.792851,-0.135842,0.080335
1540581345.239730265,-2.418357,12.867126,0.232065,0.588227,-0.793730,-0.131381,0.081985
1540581345.273317126,-2.416173,12.867680,0.233710,0.588155,-0.793505,-0.132972,0.082102
1540581345.306583112,-2.417100,12.873325,0.233579,0.588476,-0.792561,-0.137502,0.081465
1540581345.340388061,-2.417918,12.876205,0.231766,0.589383,-0.790977,-0.143050,0.080751
1540581345.373350597,-2.418188,12.875911,0.229503,0.589047,-0.790663,-0.145879,0.081206
1540581345.406511171,-2.418668,12.875846,0.228873,0.588879,-0.790575,-0.146788,0.081649
1540581345.440601320,-2.419483,12.876510,0.227179,0.589653,-0.789655,-0.148521,0.081828
1540581345.472833044,-2.417957,12.876108,0.225214,0.589771,-0.788967,-0.151577,0.082005
1540581345.506528180,-2.415825,12.874640,0.224657,0.589725,-0.788424,-0.154666,0.081791
1540581345.539765116,-2.414782,12.873870,0.225015,0.590273,-0.787695,-0.156311,0.081739
1540581345.573535390,-2.412984,12.871380,0.225873,0.590254,-0.787805,-0.155416,0.082520
1540581345.606258451,-2.413105,12.873486,0.226143,0.589805,-0.788545,-0.152823,0.083496
1540581345.639462100,-2.412500,12.874268,0.227555,0.589544,-0.789386,-0.149159,0.084019
1540581345.673568798,-2.413738,12.876243,0.227452,0.589467,-0.789833,-0.146553,0.084942
1540581345.706843947,-2.414554,12.875480,0.227698,0.589083,-0.790200,-0.145936,0.085251
1540581345.739441471,-2.414864,12.875915,0.227435,0.588993,-0.790098,-0.147032,0.084929
1540581345.772919545,-2.415092,12.876293,0.226933,0.589187,-0.789692,-0.148587,0.084658
1540581345.806423418,-2.415149,12.876353,0.226302,0.589213,-0.789346,-0.150542,0.084245
1540581345.839679730,-2.414982,12.876649,0.225758,0.589163,-0.789166,-0.151725,0.084161
1540581345.873198328,-2.414860,12.876662,0.225451,0.589279,-0.788893,-0.152496,0.084511
1540581345.907027552,-2.414542,12.876900,0.225253,0.589380,-0.788582,-0.153747,0.084451
1540581345.940404051,-2.414281,12.877140,0.225022,0.589072,-0.788601,-0.154725,0.084631
1540581345.973338412,-2.414196,12.877626,0.225122,0.588886,-0.788511,-0.155611,0.085140
1540581346.006121236,-2.414187,12.877850,0.225665,0.589004,-0.788342,-0.155854,0.085446
1540581346.039798897,-2.414064,12.878181,0.226297,0.588665,-0.788957,-0.153625,0.086139
1540581346.073004208,-2.414114,12.878494,0.226922,0.588517,-0.789418,-0.151595,0.086522
1540581346.106852519,-2.414690,12.876970,0.227535,0.588675,-0.789359,-0.151759,0.085690
1540581346.139911068,-2.415440,12.852953,0.229524,0.588602,-0.789234,-0.153310,0.084580
1540581346.173657642,-2.416991,12.855038,0.227576,0.588833,-0.788776,-0.155738,0.082792
1540581346.208087065,-2.417560,12.856811,0.226254,0.589229,-0.788453,-0.156907,0.080817
1540581346.243443902,-2.417479,12.858014,0.225774,0.589355,-0.788553,-0.156407,0.079887
1540581346.277554500,-2.417696,12.859280,0.225629,0.589392,-0.788863,-0.154604,0.080059
