1540581001.702913707,0.000000,0.000000,0.000000,0.601479,-0.798254,-0.031838,0.000000
1540581001.737337056,0.000026,0.000003,-0.000067,0.600927,-0.798589,-0.033794,-0.000275
1540581001.772527442,0.000272,0.000033,-0.000302,0.600867,-0.798557,-0.035574,-0.000255
1540581001.841122240,0.002320,0.000616,-0.001945,0.600870,-0.798457,-0.037705,0.000025
1540581001.886972488,0.004103,0.001357,-0.002674,0.600957,-0.798377,-0.038017,0.000519
1540581001.941394161,0.006333,0.002320,-0.003931,0.600875,-0.798349,-0.039845,0.000718
1540581001.986856009,0.008353,0.003396,-0.005055,0.600760,-0.798311,-0.042264,0.000761
1540581002.022784283,0.010429,0.004621,-0.005987,0.600783,-0.798201,-0.043970,0.000932
1540581002.089011355,0.015154,0.007025,-0.007985,0.600967,-0.797961,-0.045771,0.001508
1540581002.120592316,0.021083,0.011372,-0.009477,0.600706,-0.798106,-0.046665,0.001004
1540581002.154190403,0.025801,0.018705,-0.009714,0.599795,-0.798702,-0.048174,-0.000251
1540581002.187537889,0.020654,0.019882,-0.001643,0.599945,-0.798587,-0.048218,0.000255
1540581002.221639625,0.020531,0.023461,-0.001835,0.599784,-0.798700,-0.048354,0.000329
1540581002.254423899,0.058273,0.029313,-0.002071,0.601580,-0.797364,-0.048014,0.002651
1540581002.287476310,0.070139,0.032642,-0.001129,0.601579,-0.797390,-0.047362,0.005324
1540581002.321891896,0.104714,0.041184,-0.000623,0.599741,-0.798719,-0.048197,0.005916
1540581002.355063682,0.113574,0.045213,-0.001172,0.601216,-0.797536,-0.049439,0.005579
1540581002.388534031,0.069102,-0.032197,0.007699,0.622234,-0.781003,-0.053461,-0.000893
1540581002.420328080,0.078963,-0.035364,0.006249,0.622949,-0.780565,-0.051513,0.000324
1540581002.454947954,0.091635,-0.036128,0.004092,0.623743,-0.780024,-0.050052,0.001324
1540581002.487958527,0.170432,-0.059255,0.008486,0.620333,-0.782847,-0.048209,0.003795
1540581002.520941989,0.183382,-0.059654,0.009574,0.618720,-0.784125,-0.048047,0.005029
1540581002.554761725,0.219731,-0.073757,0.013663,0.615234,-0.786802,-0.048900,0.006214
1540581002.587455936,0.210332,-0.056968,0.019633,0.612000,-0.789229,-0.050138,0.007669
1540581002.621370610,0.194327,-0.041370,0.017985,0.606105,-0.793711,-0.050597,0.009996
1540581002.655442471,0.204779,-0.035299,0.019558,0.607076,-0.792915,-0.051462,0.009812
1540581002.688235682,0.217189,-0.031509,0.014054,0.608658,-0.791732,-0.050672,0.011308
1540581002.721086968,0.260195,-0.014526,0.007183,0.607879,-0.792375,-0.049181,0.014365
1540581002.754280742,0.274936,-0.011819,0.005817,0.607256,-0.792794,-0.049688,0.015769
1540581002.788057678,0.259809,-0.008834,0.009092,0.607530,-0.792475,-0.051083,0.016777
1540581002.821100052,0.243644,0.008007,0.003765,0.606778,-0.793019,-0.049642,0.021855
1540581002.855397901,0.272947,0.013478,0.007052,0.606869,-0.792790,-0.051260,0.023801
1540581002.887480762,0.300990,0.029014,0.009784,0.606596,-0.792740,-0.054832,0.024463
1540581002.921171136,0.313231,0.078568,0.015326,0.606099,-0.792786,-0.058639,0.026388
1540581002.954237897,0.322592,0.085307,0.017167,0.606235,-0.792410,-0.061738,0.027453
1540581002.988361696,0.307174,0.094572,0.019469,0.606742,-0.791910,-0.061912,0.030176
1540581003.021002607,0.314481,0.099685,0.018260,0.606984,-0.791723,-0.060248,0.033394
1540581003.054540881,0.345745,0.111273,0.011260,0.606606,-0.791980,-0.055250,0.041762
1540581003.088656504,0.363344,0.124567,0.010215,0.601657,-0.795405,-0.056660,0.046144
1540581003.125155028,0.376562,0.141368,-0.009748,0.602965,-0.793772,-0.062278,0.049811
1540581003.155460439,0.347965,0.180854,-0.003092,0.602661,-0.793276,-0.076048,0.041593
1540581003.188579151,0.373296,0.118919,0.016256,0.601189,-0.793963,-0.081584,0.039220
1540581003.221940037,0.393495,0.109293,0.016876,0.601922,-0.793473,-0.079922,0.041257
1540581003.255033598,0.405578,0.096429,0.027467,0.601732,-0.793963,-0.074382,0.044822
1540581003.289251484,0.399367,0.097855,0.027836,0.601414,-0.794276,-0.072118,0.047184
1540581003.321918958,0.408854,0.099822,0.020932,0.601958,-0.793745,-0.073706,0.046723
1540581003.356338707,0.426109,0.105097,0.021678,0.602305,-0.793315,-0.075195,0.047177
1540581003.388155856,0.431859,0.129848,0.032514,0.601940,-0.793355,-0.077058,0.048141
1540581003.421548529,0.451150,0.135482,0.030168,0.602331,-0.792930,-0.078465,0.047998
1540581003.454726903,0.469929,0.137762,0.031297,0.602370,-0.792944,-0.078695,0.046883
1540581003.488212964,0.489040,0.142390,0.025401,0.603271,-0.792238,-0.079550,0.045764
1540581003.522083025,0.540383,0.170767,0.031144,0.603736,-0.791766,-0.081069,0.045130
1540581003.554822612,0.498948,0.261134,0.025072,0.603372,-0.792199,-0.080668,0.043079
1540581003.588113285,0.529191,0.290761,0.016786,0.603510,-0.792301,-0.080269,0.039898
1540581003.621715647,0.496980,0.298245,0.015666,0.601522,-0.794050,-0.078883,0.037863
1540581003.654536508,0.493806,0.312615,0.007850,0.599816,-0.795661,-0.074184,0.040518
1540581003.687758732,0.506354,0.333968,0.000753,0.599764,-0.795996,-0.073506,0.035656
1540581003.722505543,0.508322,0.356913,0.000245,0.596784,-0.798559,-0.072428,0.030122
1540581003.754614342,0.522200,0.371264,0.001441,0.596581,-0.798733,-0.073918,0.025525
1540581003.788606340,0.512966,0.406232,0.002862,0.594978,-0.800024,-0.074862,0.018908
1540581003.822119451,0.518204,0.463711,-0.001920,0.594912,-0.800472,-0.071713,0.013472
1540581003.857254325,0.534721,0.509628,-0.004668,0.594887,-0.801008,-0.066331,0.009755
1540581003.890536511,0.536097,0.527975,0.003912,0.594411,-0.801886,-0.060023,0.007214
1540581003.924176148,0.574731,0.452146,0.001840,0.594369,-0.802505,-0.051803,0.005302
1540581003.956797109,0.566736,0.356320,-0.002377,0.595314,-0.802372,-0.042276,0.003457
1540581003.992097645,0.597537,0.394724,-0.017968,0.595730,-0.802602,-0.030467,0.002651
1540581004.023290481,0.585296,0.364336,-0.015532,0.595349,-0.803206,-0.020298,0.002616
1540581004.057659067,0.608102,0.378202,-0.019973,0.595666,-0.803154,-0.011062,0.001991
1540581004.092633091,0.614690,0.397042,-0.024740,0.596586,-0.802539,-0.003475,0.002003
1540581004.127089702,0.606961,0.393259,-0.029342,0.596654,-0.802497,0.000394,0.001695
1540581004.157468664,0.632750,0.403550,-0.035747,0.599433,-0.800423,0.000674,0.001438
1540581004.191360550,0.612645,0.340756,-0.024967,0.599893,-0.800074,-0.003129,0.000065
1540581004.223385099,0.562423,0.280086,-0.008586,0.603360,-0.797385,-0.010766,-0.004224
1540581004.256911922,0.542260,0.294856,-0.005669,0.600155,-0.799690,-0.016287,-0.006678
1540581004.290758121,0.544694,0.285927,-0.005443,0.600685,-0.799256,-0.018320,-0.005665
1540581004.326064832,0.540676,0.294533,-0.003659,0.600910,-0.799055,-0.020192,-0.003353
1540581004.358098394,0.533722,0.307119,0.001700,0.600101,-0.799685,-0.019482,0.001636
1540581004.391383842,0.535267,0.309579,0.003838,0.600133,-0.799640,-0.019944,0.004290
1540581004.425195791,0.541887,0.299105,0.005971,0.599755,-0.799880,-0.020564,0.007958
1540581004.458251615,0.539308,0.291607,0.007217,0.599499,-0.799959,-0.022608,0.012500
1540581004.493736901,0.537151,0.282920,0.007338,0.599486,-0.799699,-0.029081,0.015856
1540581004.526515737,0.534695,0.281088,0.007165,0.599775,-0.799199,-0.034266,0.019414
1540581004.559398886,0.533794,0.276483,0.007296,0.599266,-0.799310,-0.037751,0.023613
1540581004.592635722,0.531736,0.274325,0.007020,0.599071,-0.799107,-0.042646,0.026880
1540581004.627221521,0.535852,0.264717,0.009170,0.599163,-0.798366,-0.052742,0.028869
1540581004.660615069,0.538354,0.255221,0.010671,0.598612,-0.798135,-0.059844,0.032586
1540581004.693592518,0.538307,0.255516,0.009565,0.598771,-0.797613,-0.062290,0.037499
1540581004.727909167,0.539459,0.252636,0.012105,0.598285,-0.797455,-0.066650,0.040968
1540581004.761348516,0.543295,0.243371,0.015437,0.597281,-0.797612,-0.071885,0.043618
1540581004.805703614,0.538478,0.243677,0.016067,0.595749,-0.797711,-0.081003,0.046668
1540581004.863854737,0.562393,0.210247,0.024796,0.595721,-0.796562,-0.091758,0.046756
1540581004.896426785,0.573303,0.191749,0.031654,0.595104,-0.796825,-0.093768,0.046135
1540581004.929520159,0.597924,0.149108,0.042492,0.594264,-0.797315,-0.095486,0.044949
1540581004.962736520,0.602096,0.128190,0.046222,0.592780,-0.798266,-0.096730,0.045024
1540581004.996574269,0.614566,0.112458,0.050255,0.591706,-0.798805,-0.099348,0.043866
1540581005.030073968,0.610942,0.119738,0.051602,0.591237,-0.799256,-0.099607,0.041307
1540581005.064083067,0.614983,0.118109,0.052702,0.591279,-0.799246,-0.100327,0.039106
1540581005.097621553,0.608497,0.132887,0.051852,0.590943,-0.799711,-0.100188,0.034804
1540581005.132739801,0.615911,0.128258,0.054790,0.591364,-0.799647,-0.098643,0.033497
1540581005.165352913,0.611472,0.143668,0.053485,0.591158,-0.800177,-0.096476,0.030694
1540581005.197876524,0.616698,0.142850,0.053744,0.591840,-0.799957,-0.094862,0.028195
1540581005.231754398,0.621631,0.141260,0.054006,0.592248,-0.799980,-0.092592,0.026492
1540581005.265879046,0.629590,0.143190,0.056203,0.591326,-0.800997,-0.089931,0.025496
1540581005.298413670,0.639655,0.144597,0.059211,0.590772,-0.801942,-0.085229,0.024768
1540581005.331972131,0.674164,0.113316,0.069522,0.591251,-0.801998,-0.081213,0.025031
1540581005.366659943,0.679947,0.118342,0.067831,0.591748,-0.801863,-0.079504,0.022974
1540581005.399253066,0.678255,0.134571,0.059510,0.593313,-0.800957,-0.077371,0.021480
1540581005.433456590,0.692847,0.116611,0.044089,0.595725,-0.799736,-0.071312,0.021181
1540581005.466287114,0.685241,0.135912,0.040081,0.596221,-0.799670,-0.068291,0.019605
1540581005.499635800,0.699452,0.136522,0.042607,0.595592,-0.800252,-0.066994,0.019460
1540581005.533766386,0.707626,0.141662,0.044663,0.595365,-0.800556,-0.065515,0.018922
1540581005.566998160,0.703516,0.152589,0.045494,0.595907,-0.800168,-0.065670,0.017692
1540581005.601546959,0.708899,0.158533,0.045577,0.596663,-0.799854,-0.062549,0.017742
1540581005.634880632,0.707905,0.157377,0.039482,0.598570,-0.798497,-0.061354,0.018768
1540581005.668359544,0.718915,0.165798,0.039994,0.598544,-0.798710,-0.058236,0.020391
1540581005.701822605,0.717585,0.166436,0.039652,0.599435,-0.798099,-0.057111,0.021280
1540581005.737658816,0.716909,0.163517,0.039280,0.599367,-0.798252,-0.054899,0.023235
1540581005.805580813,0.714977,0.180564,0.038090,0.600072,-0.797769,-0.051957,0.027913
1540581005.836474737,0.718464,0.176711,0.040924,0.599570,-0.797912,-0.054301,0.030046
1540581005.869665836,0.723045,0.178904,0.045161,0.600349,-0.796987,-0.057345,0.033229
1540581005.903991597,0.727256,0.191744,0.046616,0.600818,-0.796194,-0.062094,0.035158
1540581005.937799221,0.737047,0.176974,0.048349,0.600272,-0.796258,-0.065307,0.037167
1540581005.970635370,0.744029,0.181008,0.052122,0.600478,-0.795952,-0.065753,0.039550
1540581006.006851131,0.752684,0.184553,0.055517,0.600337,-0.795890,-0.064781,0.044258
1540581006.072555078,0.758346,0.191507,0.058564,0.599276,-0.796229,-0.065968,0.050361
1540581006.106185514,0.759819,0.185801,0.057112,0.599706,-0.795287,-0.071036,0.053150
1540581006.140640751,0.762258,0.184286,0.053606,0.599683,-0.794462,-0.078329,0.055455
1540581006.208975298,0.769666,0.162816,0.053787,0.600513,-0.792404,-0.089560,0.058816
1540581006.239620222,0.774995,0.143124,0.054803,0.600454,-0.792005,-0.091663,0.061490
1540581006.310899694,0.770679,0.157834,0.059738,0.599538,-0.791550,-0.098461,0.065645
1540581006.376392992,0.783175,0.162237,0.064273,0.598078,-0.791162,-0.107257,0.069730
1540581006.426058902,0.786963,0.182447,0.067585,0.596747,-0.791226,-0.111981,0.072903
1540581006.476634088,0.788701,0.180384,0.074263,0.593876,-0.792447,-0.116874,0.075366
1540581006.508755524,0.789986,0.178818,0.078567,0.592764,-0.792464,-0.121809,0.076116
1540581006.559572722,0.796598,0.186272,0.088282,0.590150,-0.792775,-0.131824,0.076506
1540581006.590649433,0.797628,0.181542,0.089280,0.590205,-0.792061,-0.136409,0.075431
1540581006.623484820,0.804693,0.162842,0.096269,0.590481,-0.791772,-0.138357,0.072709
1540581006.656978131,0.802257,0.165967,0.096844,0.589768,-0.792218,-0.138802,0.072786
1540581006.690394230,0.800596,0.173299,0.097160,0.589588,-0.792719,-0.136295,0.073523
1540581006.725168103,0.755167,0.195693,0.089624,0.590387,-0.793717,-0.128355,0.070579
1540581006.756838977,0.717378,0.221348,0.081185,0.590696,-0.794655,-0.121890,0.068882
1540581006.789992676,0.679435,0.255825,0.077481,0.597857,-0.790368,-0.111967,0.073133
1540581006.823133975,0.667429,0.280779,0.076543,0.597646,-0.791082,-0.108200,0.072805
1540581006.856817736,0.666586,0.291531,0.074829,0.597896,-0.791558,-0.103465,0.072464
1540581006.890180009,0.679390,0.275594,0.073192,0.596610,-0.793159,-0.098984,0.071819
1540581006.923128171,0.679612,0.283684,0.073232,0.596281,-0.794158,-0.093464,0.070899
1540581006.956906782,0.679607,0.287530,0.069727,0.597449,-0.793811,-0.090007,0.069408
1540581006.990013593,0.677212,0.301792,0.072628,0.597697,-0.793924,-0.089434,0.066667
1540581007.023285304,0.675654,0.318859,0.074017,0.597582,-0.794268,-0.089281,0.063739
1540581007.057010478,0.677211,0.334719,0.077300,0.597971,-0.794285,-0.088447,0.060980
1540581007.090162939,0.679579,0.346590,0.078728,0.598739,-0.794137,-0.085750,0.059206
1540581007.123734763,0.681374,0.370151,0.078164,0.598979,-0.794447,-0.082504,0.057201
1540581007.157555224,0.684430,0.379614,0.083810,0.599377,-0.794525,-0.080743,0.054382
1540581007.190238510,0.698876,0.406648,0.097101,0.597552,-0.796120,-0.079291,0.053265
1540581007.223370759,0.729095,0.471875,0.115451,0.595465,-0.797614,-0.078960,0.054755
1540581007.256821008,0.781223,0.529929,0.123244,0.591413,-0.800094,-0.082351,0.057430
1540581007.290333182,0.810824,0.580116,0.124120,0.591636,-0.799589,-0.083963,0.059792
1540581007.325328980,0.824835,0.617007,0.124502,0.591375,-0.799616,-0.085361,0.060029
1540581007.356930379,0.830901,0.640635,0.124660,0.591259,-0.799469,-0.087894,0.059464
1540581007.391341678,0.832813,0.657119,0.126137,0.590934,-0.799398,-0.091590,0.058065
1540581007.424546477,0.843816,0.668557,0.134222,0.590086,-0.799863,-0.093571,0.057108
1540581007.458042113,0.851607,0.661944,0.137041,0.589546,-0.800609,-0.090722,0.056837
1540581007.490546762,0.857727,0.712185,0.124211,0.590640,-0.799959,-0.088066,0.058775
1540581007.524101223,0.855464,0.742117,0.125526,0.590278,-0.800468,-0.084314,0.060940
1540581007.558058709,0.875519,0.736937,0.128568,0.589394,-0.800996,-0.083681,0.063385
1540581007.590501370,0.879512,0.734474,0.126221,0.589555,-0.800552,-0.086161,0.064173
1540581007.624353169,0.883887,0.726847,0.124263,0.589871,-0.799711,-0.091998,0.063650
1540581007.657935280,0.884460,0.701450,0.122201,0.590650,-0.798196,-0.099696,0.063853
1540581007.690733429,0.879715,0.681415,0.121223,0.590649,-0.797585,-0.104277,0.064173
1540581007.724449515,0.876627,0.673867,0.122548,0.590725,-0.797450,-0.103688,0.066075
1540581007.757807376,0.866997,0.684605,0.122157,0.590572,-0.797946,-0.099505,0.067856
1540581007.791376013,0.866900,0.712072,0.121973,0.589901,-0.798761,-0.095193,0.070260
1540581007.824189886,0.868707,0.752062,0.120905,0.590002,-0.798447,-0.095628,0.072353
1540581007.857477948,0.867125,0.769560,0.118539,0.591462,-0.796604,-0.100548,0.074064
1540581007.890566934,0.879033,0.743673,0.119833,0.591768,-0.795282,-0.107869,0.075504
1540581007.924334245,0.875877,0.752840,0.121128,0.591601,-0.794544,-0.113696,0.076038
1540581007.957748506,0.871563,0.770954,0.120369,0.592205,-0.793496,-0.116926,0.077362
1540581007.990738392,0.861062,0.789521,0.119687,0.592092,-0.793279,-0.117569,0.079460
1540581008.023915154,0.853970,0.806116,0.117775,0.591897,-0.793285,-0.117090,0.081525
1540581008.057436202,0.838791,0.839538,0.112057,0.592361,-0.792951,-0.116759,0.081887
1540581008.090925764,0.824687,0.867776,0.107585,0.593783,-0.791539,-0.119350,0.081510
1540581008.124202225,0.818583,0.931483,0.105230,0.594914,-0.789931,-0.124312,0.081437
1540581008.158084699,0.811416,1.004155,0.101458,0.595423,-0.789187,-0.127621,0.079801
1540581008.191537210,0.805689,1.075289,0.097165,0.595521,-0.788867,-0.128912,0.080162
1540581008.224244959,0.797133,1.112751,0.097713,0.595312,-0.789160,-0.127526,0.081044
1540581008.257945895,0.788442,1.158382,0.097832,0.593918,-0.790455,-0.125914,0.081172
1540581008.291281668,0.783416,1.211535,0.101438,0.592243,-0.791911,-0.123771,0.082497
1540581008.326428580,0.778643,1.257395,0.105403,0.591219,-0.793016,-0.120519,0.084031
1540581008.364347941,0.768078,1.296281,0.106987,0.590030,-0.794015,-0.120084,0.083574
1540581008.392858527,0.762394,1.312619,0.108346,0.588986,-0.794552,-0.122038,0.083009
1540581008.426710326,0.749285,1.308735,0.109092,0.588605,-0.794739,-0.122810,0.082777
1540581008.459171037,0.745198,1.326130,0.107775,0.588893,-0.794520,-0.122030,0.083971
1540581008.491366173,0.737194,1.344405,0.107121,0.587872,-0.795775,-0.116534,0.086995
1540581008.528519122,0.731236,1.367555,0.106884,0.587182,-0.796589,-0.112483,0.089502
1540581008.560719983,0.727414,1.377921,0.107057,0.587357,-0.796317,-0.111967,0.091403
1540581008.594235019,0.726719,1.394914,0.105813,0.586892,-0.796103,-0.113864,0.093877
1540581008.625951781,0.732306,1.401204,0.101446,0.587618,-0.794684,-0.119174,0.094761
1540581008.660848942,0.727478,1.417585,0.098847,0.587913,-0.793876,-0.122937,0.094900
1540581008.694728266,0.722369,1.432346,0.097471,0.588649,-0.792955,-0.124473,0.096027
1540581008.726257964,0.719175,1.460438,0.097208,0.589125,-0.792474,-0.124805,0.096648
1540581008.758901301,0.715307,1.484585,0.094003,0.589789,-0.791991,-0.124004,0.097578
1540581008.792653787,0.703753,1.523431,0.090827,0.590629,-0.791268,-0.123999,0.098372
1540581008.826266036,0.701017,1.572122,0.087221,0.591760,-0.790059,-0.125745,0.099068
1540581008.860178059,0.691373,1.632227,0.085087,0.592749,-0.789211,-0.126258,0.099262
1540581008.893439983,0.685333,1.666736,0.085002,0.593081,-0.789305,-0.123535,0.099954
1540581008.926915857,0.683269,1.689257,0.085479,0.593516,-0.789868,-0.116875,0.100933
1540581008.960904193,0.681963,1.711951,0.085266,0.593766,-0.790752,-0.107961,0.102457
1540581008.994572342,0.712025,1.684005,0.095036,0.593086,-0.791846,-0.099930,0.106030
1540581009.029478878,0.712433,1.702561,0.097081,0.593286,-0.792136,-0.096323,0.106082
1540581009.061267039,0.700090,1.702426,0.101641,0.593225,-0.792448,-0.096602,0.103815
1540581009.094789113,0.712458,1.730447,0.104500,0.592931,-0.792065,-0.103424,0.101828
1540581009.130908949,0.703987,1.767352,0.108291,0.592390,-0.792239,-0.107675,0.099187
1540581009.162710723,0.700808,1.816579,0.106277,0.592030,-0.792427,-0.109364,0.097980
1540581009.196116509,0.709939,1.848176,0.108300,0.589788,-0.793757,-0.113134,0.096442
1540581009.230069608,0.696913,1.878231,0.104665,0.589652,-0.793991,-0.114764,0.093368
1540581009.264301869,0.694881,1.911576,0.104309,0.589958,-0.793670,-0.117790,0.090348
1540581009.296661443,0.702591,1.926856,0.103220,0.591193,-0.792554,-0.121125,0.087626
1540581009.330592404,0.703701,1.953888,0.100705,0.591238,-0.792329,-0.124980,0.083853
1540581009.364789553,0.711124,1.954896,0.097839,0.591145,-0.792110,-0.129418,0.079749
1540581009.397687414,0.710852,1.957381,0.092377,0.592730,-0.790699,-0.133182,0.075682
1540581009.431188475,0.726948,1.976449,0.095879,0.592623,-0.790535,-0.136678,0.071915
1540581009.464443999,0.736130,2.064927,0.098028,0.591775,-0.791984,-0.132745,0.070307
1540581009.498389685,0.746926,2.117186,0.100559,0.591437,-0.793449,-0.125800,0.069394
1540581009.532658746,0.756706,2.154853,0.099566,0.590194,-0.795097,-0.121031,0.069592
1540581009.565859407,0.761523,2.176694,0.098662,0.590104,-0.795577,-0.119437,0.067589
1540581009.599260431,0.763293,2.179504,0.097146,0.590651,-0.795464,-0.118316,0.066110
1540581009.633190455,0.764994,2.222351,0.096803,0.590786,-0.795668,-0.117019,0.064738
1540581009.666645779,0.767067,2.264567,0.095338,0.591236,-0.795752,-0.114573,0.063963
1540581009.700041902,0.764584,2.291017,0.093762,0.591684,-0.795779,-0.112457,0.063241
1540581009.733866726,0.746802,2.272412,0.083079,0.593076,-0.794867,-0.112339,0.061865
1540581009.766790225,0.733407,2.207058,0.077886,0.594150,-0.793757,-0.115389,0.060181
1540581009.801975748,0.727850,2.254622,0.075202,0.594712,-0.793057,-0.117939,0.058891
1540581009.834612997,0.724562,2.263695,0.074705,0.594919,-0.792603,-0.120430,0.057867
1540581009.868211008,0.721111,2.306814,0.081922,0.594592,-0.792658,-0.121749,0.057709
1540581009.902644595,0.721399,2.305943,0.085644,0.593915,-0.793062,-0.121955,0.058700
1540581009.934948506,0.710903,2.350068,0.085995,0.593234,-0.793609,-0.121399,0.059327
1540581009.969205904,0.719914,2.424613,0.092984,0.591476,-0.794695,-0.122199,0.060689
1540581010.002554366,0.689645,2.464702,0.091792,0.590133,-0.796072,-0.119303,0.061474
1540581010.036093952,0.684120,2.465224,0.096837,0.588176,-0.797853,-0.116485,0.062543
1540581010.071153238,0.669398,2.490869,0.097684,0.586676,-0.799606,-0.111509,0.063300
1540581010.103454124,0.671377,2.439212,0.098653,0.588016,-0.798881,-0.109376,0.063742
1540581010.138318898,0.660677,2.428080,0.092937,0.588310,-0.798206,-0.113389,0.062461
1540581010.170826734,0.653391,2.383785,0.090734,0.588311,-0.797847,-0.116772,0.060793
1540581010.203991021,0.646348,2.358686,0.092859,0.592549,-0.794819,-0.115755,0.061233
1540581010.237244794,0.644821,2.373261,0.093765,0.592775,-0.795072,-0.111688,0.063280
1540581010.270902330,0.645055,2.389709,0.095754,0.591842,-0.796132,-0.107096,0.066541
1540581010.304867392,0.641904,2.397814,0.096282,0.591531,-0.796449,-0.104655,0.069333
1540581010.338879303,0.640053,2.411985,0.094054,0.591117,-0.796184,-0.107300,0.071824
1540581010.371943127,0.638245,2.370213,0.092001,0.591413,-0.795199,-0.112172,0.072844
1540581010.405567813,0.620401,2.291881,0.093565,0.591832,-0.794509,-0.115886,0.071146
1540581010.439487987,0.608811,2.285691,0.093903,0.592015,-0.793341,-0.121938,0.072521
1540581010.473497660,0.571044,2.330616,0.108033,0.595175,-0.789337,-0.130959,0.074585
1540581010.506803946,0.560920,2.301246,0.108431,0.595881,-0.787583,-0.137452,0.075800
1540581010.539795833,0.552725,2.305343,0.109168,0.595663,-0.786326,-0.143885,0.078575
1540581010.574026069,0.545548,2.314561,0.109673,0.596556,-0.784774,-0.146827,0.081812
1540581010.607650418,0.536064,2.328592,0.109785,0.596840,-0.784279,-0.146030,0.085814
1540581010.641150566,0.527798,2.338085,0.112543,0.596458,-0.784739,-0.142125,0.090676
1540581010.674929428,0.522642,2.348138,0.114727,0.596854,-0.784737,-0.137289,0.095415
1540581010.708925301,0.528500,2.339057,0.116384,0.597931,-0.784213,-0.131673,0.100749
1540581010.742226850,0.523333,2.350527,0.115508,0.597599,-0.784560,-0.128136,0.104510
1540581010.775659024,0.516302,2.366605,0.114329,0.597912,-0.783891,-0.129126,0.106502
1540581010.808924735,0.506850,2.383324,0.113545,0.597883,-0.783113,-0.133757,0.106672
1540581010.842333446,0.497662,2.401000,0.113436,0.598243,-0.781674,-0.140617,0.106382
1540581010.875769295,0.492491,2.412565,0.113706,0.598100,-0.780683,-0.147295,0.105431
1540581010.910119206,0.491985,2.421127,0.114847,0.597353,-0.780413,-0.152538,0.104196
1540581010.943570080,0.495264,2.420159,0.116559,0.596674,-0.781049,-0.151971,0.104148
1540581010.994283865,0.494651,2.436723,0.117981,0.595101,-0.783143,-0.145447,0.106712
1540581011.027726327,0.497385,2.443700,0.117624,0.593959,-0.784456,-0.141672,0.108486
1540581011.095651487,0.496572,2.465427,0.116377,0.594234,-0.784915,-0.137870,0.108563
1540581011.126460148,0.499796,2.475397,0.113128,0.593898,-0.785276,-0.136941,0.108970
1540581011.160177497,0.498073,2.490378,0.111221,0.594160,-0.785201,-0.136837,0.108212
1540581011.192798720,0.496831,2.502481,0.110698,0.594435,-0.784593,-0.140748,0.106069
1540581011.226681494,0.499338,2.512843,0.109879,0.594583,-0.783494,-0.148215,0.103149
1540581011.260021205,0.502038,2.527816,0.108218,0.594527,-0.782851,-0.153130,0.101161
1540581011.293323679,0.505039,2.542179,0.106007,0.594790,-0.782818,-0.152611,0.100651
1540581011.326746128,0.503914,2.557137,0.105223,0.594297,-0.784139,-0.148492,0.099439
1540581011.359739114,0.503048,2.569188,0.103872,0.594532,-0.784549,-0.146322,0.098006
1540581011.393123363,0.501825,2.580373,0.102674,0.595652,-0.783734,-0.148086,0.095030
1540581011.426289536,0.500633,2.602662,0.100674,0.596573,-0.782855,-0.151204,0.091519
1540581011.459770598,0.499346,2.613165,0.099161,0.597158,-0.782450,-0.153090,0.087969
1540581011.493578359,0.495779,2.624358,0.099174,0.598520,-0.781498,-0.154459,0.084716
1540581011.527116145,0.492696,2.628743,0.098303,0.599227,-0.781425,-0.153853,0.081433
1540581011.559715381,0.489414,2.638689,0.098174,0.600077,-0.781204,-0.153098,0.078665
1540581011.593327843,0.486980,2.656637,0.096898,0.601174,-0.780549,-0.153606,0.075751
1540581011.626628379,0.483950,2.674236,0.094186,0.602221,-0.779972,-0.154469,0.071500
1540581011.660249377,0.483361,2.682395,0.094609,0.602691,-0.779930,-0.154114,0.068718
1540581011.693388126,0.480465,2.693842,0.093839,0.603469,-0.780506,-0.148902,0.066811
1540581011.726634262,0.474117,2.713322,0.094493,0.603025,-0.782675,-0.139738,0.065224
1540581011.759888874,0.468975,2.736234,0.096110,0.602712,-0.784891,-0.128366,0.064853
1540581011.793808435,0.465478,2.757765,0.097206,0.601346,-0.787998,-0.115115,0.064732
1540581011.826744121,0.461120,2.780133,0.099584,0.600274,-0.790300,-0.104640,0.064398
1540581011.860543807,0.459967,2.824812,0.096585,0.598754,-0.792358,-0.097216,0.064889
1540581011.893798681,0.461605,2.833735,0.093834,0.597636,-0.793619,-0.094421,0.063910
1540581011.927041367,0.462507,2.819757,0.092479,0.597800,-0.793356,-0.097525,0.060911
1540581011.960103079,0.464474,2.802780,0.089735,0.597695,-0.792972,-0.102985,0.057878
1540581011.993603102,0.461006,2.828706,0.085502,0.597397,-0.793000,-0.105274,0.056437
1540581012.027524676,0.458557,2.840349,0.084064,0.597003,-0.793977,-0.099052,0.058112
1540581012.060167550,0.456679,2.842998,0.082965,0.596243,-0.795456,-0.089285,0.061420
1540581012.094016848,0.450614,2.864928,0.084208,0.594684,-0.797364,-0.080065,0.064438
1540581012.127102760,0.445770,2.878727,0.084701,0.593999,-0.798017,-0.075996,0.067522
1540581012.160636958,0.444777,2.877901,0.083770,0.593446,-0.797904,-0.079994,0.069077
1540581012.194244895,0.445146,2.870382,0.084265,0.593758,-0.796728,-0.088486,0.069613
1540581012.227356868,0.445831,2.870978,0.080863,0.594503,-0.795170,-0.096145,0.070905
1540581012.260874317,0.444722,2.874381,0.081241,0.594432,-0.794221,-0.102224,0.073585
1540581012.293607703,0.441874,2.888484,0.081244,0.595026,-0.793086,-0.105666,0.076116
1540581012.327301602,0.442027,2.918572,0.077039,0.595408,-0.792055,-0.108356,0.079979
1540581012.360531626,0.444039,2.925734,0.078082,0.595280,-0.791512,-0.109208,0.084995
1540581012.393908174,0.437106,2.908260,0.084591,0.595581,-0.791668,-0.103912,0.088013
1540581012.428351023,0.428482,2.915795,0.086345,0.595680,-0.791984,-0.096889,0.092407
1540581012.460187772,0.412569,2.909325,0.095084,0.595710,-0.792472,-0.088988,0.095905
1540581012.494205408,0.397292,2.921422,0.102654,0.595598,-0.792838,-0.082628,0.099212
1540581012.526744469,0.388458,2.932136,0.105225,0.595407,-0.793037,-0.077627,0.102750
1540581012.560346906,0.381370,2.948897,0.106041,0.594871,-0.793072,-0.076621,0.106276
1540581012.594295142,0.378130,2.957425,0.106019,0.594706,-0.792415,-0.083346,0.107035
1540581012.627228128,0.371937,2.974328,0.106341,0.595038,-0.790916,-0.095727,0.105920
1540581012.660948752,0.364238,3.008066,0.111451,0.594602,-0.789392,-0.110353,0.105502
1540581012.693881801,0.338685,3.063766,0.121948,0.593199,-0.788612,-0.123070,0.105164
1540581012.727019712,0.335537,3.084497,0.122289,0.592302,-0.788206,-0.128315,0.106980
1540581012.761720748,0.329428,3.076406,0.126586,0.590495,-0.790130,-0.122817,0.109209
1540581012.794662072,0.344628,3.042857,0.128772,0.590699,-0.790255,-0.116063,0.114458
1540581012.827934183,0.350802,3.039281,0.127688,0.589823,-0.791602,-0.107611,0.117875
1540581012.861521382,0.355192,3.047826,0.128052,0.588831,-0.792909,-0.098813,0.121697
1540581012.894958268,0.349717,3.077144,0.126244,0.588438,-0.792973,-0.098016,0.123800
1540581012.931345941,0.344486,3.111638,0.125462,0.589807,-0.790846,-0.110557,0.120280
1540581012.966360665,0.341897,3.125926,0.122463,0.591027,-0.787900,-0.128688,0.115499
1540581012.995632389,0.338324,3.130939,0.118391,0.592331,-0.785101,-0.142420,0.111705
1540581013.027896638,0.330444,3.157363,0.117659,0.593000,-0.783403,-0.152297,0.106941
1540581013.063959086,0.327888,3.165221,0.116523,0.592918,-0.783454,-0.154392,0.103976
1540581013.095735398,0.328488,3.177833,0.114789,0.593115,-0.784066,-0.151000,0.103217
1540581013.129733384,0.333405,3.203778,0.112896,0.593743,-0.784192,-0.147709,0.103412
1540581013.165445795,0.332053,3.232147,0.112998,0.593972,-0.784756,-0.144657,0.102126
1540581013.197446669,0.326882,3.267032,0.112379,0.594481,-0.784448,-0.145641,0.100113
1540581013.228702318,0.332209,3.258818,0.105255,0.594449,-0.783929,-0.150679,0.096855
1540581013.262209829,0.330538,3.264274,0.102519,0.595635,-0.781898,-0.159340,0.092006
1540581013.295928165,0.326121,3.279531,0.099807,0.596638,-0.779905,-0.168038,0.086808
1540581013.331539276,0.320748,3.296522,0.097702,0.597719,-0.778187,-0.174479,0.081939
1540581013.364298437,0.311129,3.326414,0.099235,0.598579,-0.777705,-0.175500,0.077964
1540581013.396938836,0.305883,3.341961,0.098490,0.599223,-0.778087,-0.172654,0.075515
1540581013.431384472,0.301412,3.370430,0.100924,0.599138,-0.779608,-0.166846,0.073531
1540581013.464129584,0.298167,3.393974,0.102016,0.599014,-0.781082,-0.161211,0.071439
1540581013.497933332,0.295394,3.408897,0.102354,0.598416,-0.782710,-0.156399,0.069302
1540581013.530874894,0.296935,3.425072,0.103954,0.596582,-0.785077,-0.151991,0.068140
1540581013.565323105,0.294130,3.445145,0.106199,0.596046,-0.786958,-0.144844,0.066674
1540581013.597909491,0.293510,3.464730,0.106411,0.596067,-0.788159,-0.138089,0.066643
1540581013.631217302,0.281514,3.513794,0.101473,0.594619,-0.789581,-0.137603,0.063684
1540581013.664854089,0.274429,3.530636,0.097886,0.594070,-0.789233,-0.143875,0.059095
1540581013.698908862,0.267151,3.548327,0.094025,0.594353,-0.787641,-0.153093,0.054116
1540581013.732744336,0.256610,3.571553,0.091731,0.594446,-0.786798,-0.158108,0.050846
1540581013.765271935,0.247024,3.593607,0.093358,0.593693,-0.787701,-0.156854,0.049531
1540581013.798929346,0.235069,3.625222,0.095764,0.593133,-0.789357,-0.150059,0.050906
1540581013.832804507,0.229597,3.661227,0.096494,0.592394,-0.791506,-0.140033,0.054574
1540581013.866234381,0.226320,3.688054,0.097494,0.592030,-0.793340,-0.129378,0.058079
1540581013.899692067,0.227355,3.700933,0.096038,0.591432,-0.794917,-0.120473,0.061653
1540581013.933629691,0.222864,3.718888,0.094099,0.591639,-0.795138,-0.116435,0.064518
1540581013.966798164,0.218518,3.730746,0.090933,0.592062,-0.794504,-0.117721,0.066093
1540581014.001006038,0.210550,3.746729,0.088127,0.592600,-0.793211,-0.123083,0.067031
1540581014.035341487,0.205602,3.750389,0.085917,0.593386,-0.791256,-0.131307,0.067572
1540581014.067894623,0.212043,3.724420,0.083582,0.594045,-0.789445,-0.139219,0.067112
1540581014.101418572,0.205861,3.714606,0.084118,0.594757,-0.788202,-0.142532,0.068453
1540581014.135047271,0.193630,3.720650,0.087835,0.595076,-0.787996,-0.140902,0.071369
1540581014.168430594,0.167681,3.771821,0.093445,0.595069,-0.788388,-0.136391,0.075722
1540581014.202337893,0.157084,3.796438,0.096792,0.594834,-0.789200,-0.128931,0.081933
1540581014.235852542,0.145166,3.829448,0.099226,0.594339,-0.789788,-0.123790,0.087597
1540581014.269482203,0.131354,3.865305,0.099692,0.594329,-0.789403,-0.123240,0.091804
1540581014.303245914,0.121496,3.888545,0.100474,0.594681,-0.788134,-0.126657,0.095693
1540581014.336708225,0.109181,3.919592,0.100585,0.594310,-0.786752,-0.134999,0.097939
1540581014.370809237,0.097071,3.956523,0.101417,0.593878,-0.784791,-0.146494,0.099757
1540581014.403880160,0.070178,3.999809,0.101650,0.593174,-0.782531,-0.160210,0.100612
1540581014.437269947,0.050139,4.018342,0.104890,0.592019,-0.780822,-0.171071,0.102790
1540581014.471149495,0.041211,4.031208,0.109563,0.590102,-0.781106,-0.173706,0.107139
1540581014.504433594,0.033976,4.040903,0.114686,0.588344,-0.782934,-0.167736,0.112833
1540581014.538659993,0.035984,4.023367,0.120042,0.586794,-0.785246,-0.158030,0.118693
1540581014.572884716,0.032943,4.039956,0.127003,0.585502,-0.786730,-0.150508,0.124861
1540581014.605914403,0.029632,4.055852,0.131752,0.584807,-0.786861,-0.149835,0.128063
1540581014.639113289,0.032798,4.100534,0.129662,0.584685,-0.785013,-0.158766,0.129194
1540581014.672614538,0.030666,4.129941,0.127515,0.585006,-0.781397,-0.175927,0.127421
1540581014.706667211,0.045705,4.075342,0.123885,0.586392,-0.776178,-0.195763,0.123971
1540581014.739586848,0.044451,4.065710,0.125283,0.586862,-0.773828,-0.204963,0.121549
1540581014.773958571,0.035805,4.084047,0.126771,0.586851,-0.774546,-0.202461,0.121218
1540581014.807385932,0.027202,4.114736,0.124971,0.586020,-0.777565,-0.191883,0.123106
1540581014.840707831,0.013748,4.184596,0.122825,0.585369,-0.780004,-0.181869,0.125939
1540581014.874742142,0.010696,4.216269,0.119128,0.586020,-0.780759,-0.176046,0.126506
1540581014.907533991,0.029567,4.206355,0.118174,0.586705,-0.780579,-0.175483,0.125215
1540581014.941428340,0.031908,4.217811,0.113148,0.587246,-0.779616,-0.179465,0.123015
1540581014.975292276,0.030623,4.232352,0.108806,0.588745,-0.777660,-0.184980,0.120026
1540581015.008820537,0.021895,4.271728,0.105606,0.589908,-0.776038,-0.189542,0.117677
1540581015.042764898,0.014589,4.309296,0.102986,0.590269,-0.775514,-0.192208,0.114963
1540581015.077485835,0.005835,4.331030,0.100783,0.591931,-0.774038,-0.194873,0.111839
1540581015.109823521,-0.001177,4.354171,0.097107,0.593131,-0.772770,-0.198122,0.108492
1540581015.144277420,-0.008108,4.370009,0.093078,0.593845,-0.771537,-0.202908,0.104436
1540581015.177702356,-0.018080,4.392082,0.090472,0.594801,-0.769745,-0.208913,0.100298
1540581015.211354967,-0.005046,4.427001,0.093552,0.595345,-0.768587,-0.213518,0.096166
1540581015.244061891,0.002510,4.452676,0.095883,0.595205,-0.768641,-0.215250,0.092678
1540581015.278507264,0.007044,4.453448,0.089539,0.594783,-0.769712,-0.213795,0.089826
1540581015.311003201,-0.001080,4.497336,0.088086,0.594098,-0.771014,-0.212120,0.087119
1540581015.344144224,-0.009610,4.539447,0.090371,0.592846,-0.773095,-0.209001,0.084713
1540581015.378537786,-0.016835,4.574938,0.089666,0.591965,-0.774975,-0.205205,0.082957
1540581015.450140770,-0.032975,4.656440,0.089230,0.591558,-0.777085,-0.200586,0.077216
1540581015.497166106,-0.050596,4.696090,0.092731,0.591695,-0.776637,-0.203975,0.071597
1540581015.546804242,-0.064503,4.749805,0.090367,0.592036,-0.775032,-0.210892,0.065909
1540581015.598327165,-0.059806,4.747497,0.080330,0.590770,-0.776959,-0.207843,0.064243
1540581015.628932464,-0.061471,4.757306,0.079511,0.590482,-0.779007,-0.200575,0.065177
1540581015.662314437,-0.069951,4.783656,0.077565,0.590339,-0.781861,-0.188624,0.067930
1540581015.695798774,-0.073089,4.799311,0.078814,0.589892,-0.785026,-0.175051,0.071546
1540581015.729571597,-0.075411,4.820725,0.079657,0.589796,-0.787050,-0.164434,0.075198
1540581015.762348508,-0.085938,4.860635,0.080255,0.589634,-0.788115,-0.158457,0.078091
1540581015.795457232,-0.089573,4.861177,0.078940,0.590105,-0.787844,-0.157221,0.079746
1540581015.829464468,-0.053260,4.743261,0.079484,0.591032,-0.786237,-0.161145,0.080897
1540581015.862278892,-0.058592,4.770097,0.077602,0.591459,-0.784439,-0.168223,0.080821
1540581015.896080428,-0.060635,4.783064,0.075252,0.592003,-0.782374,-0.175807,0.080716
1540581015.930341840,-0.062456,4.791137,0.073145,0.593207,-0.779842,-0.182950,0.080507
1540581015.962317013,-0.059438,4.777883,0.077416,0.594824,-0.777875,-0.185853,0.080960
1540581015.996203337,-0.064761,4.796899,0.076005,0.594975,-0.778201,-0.182640,0.083967
1540581016.030504536,-0.070361,4.805684,0.080301,0.595394,-0.779248,-0.174435,0.088600
1540581016.063534072,-0.071634,4.802202,0.084066,0.596960,-0.779508,-0.165511,0.092805
1540581016.096087446,-0.075390,4.815142,0.083104,0.596843,-0.780656,-0.157584,0.097582
1540581016.130459782,-0.084355,4.822601,0.081678,0.596874,-0.780459,-0.156380,0.100848
1540581016.162585606,-0.088206,4.837116,0.083661,0.596709,-0.779202,-0.162405,0.102015
1540581016.196184704,-0.090725,4.853308,0.086373,0.596178,-0.777126,-0.173955,0.101913
1540581016.229537778,-0.097648,4.861797,0.089062,0.595152,-0.775005,-0.186693,0.101527
1540581016.263483739,-0.104341,4.891043,0.089111,0.594203,-0.773649,-0.194516,0.102731
1540581016.296722926,-0.109668,4.897754,0.091902,0.593903,-0.773366,-0.194617,0.106340
1540581016.329865537,-0.118304,4.910087,0.094055,0.592132,-0.775726,-0.187559,0.111581
1540581016.363631573,-0.122988,4.925033,0.093924,0.590770,-0.777932,-0.179055,0.117267
1540581016.396574609,-0.129944,4.946099,0.093483,0.590608,-0.778501,-0.174350,0.121332
1540581016.429883746,-0.134744,4.972620,0.093606,0.590325,-0.778295,-0.174023,0.124456
1540581016.463019844,-0.140691,4.994849,0.090420,0.590076,-0.777183,-0.179114,0.125360
1540581016.496585830,-0.144253,5.019729,0.086698,0.590361,-0.774479,-0.190985,0.123213
1540581016.529803729,-0.147271,5.023890,0.088959,0.590939,-0.770461,-0.207236,0.119304
1540581016.562843103,-0.154518,5.037481,0.087164,0.591194,-0.766707,-0.221741,0.116110
1540581016.596149727,-0.159606,5.056036,0.088368,0.591619,-0.764936,-0.227679,0.114115
1540581016.629914088,-0.179604,5.074197,0.088033,0.591023,-0.766812,-0.222442,0.114937
1540581016.663178849,-0.186223,5.091383,0.088068,0.590247,-0.769898,-0.212263,0.117516
1540581016.696976160,-0.193483,5.109915,0.088440,0.590659,-0.771643,-0.203854,0.118880
1540581016.730348809,-0.201129,5.128117,0.088094,0.591611,-0.772015,-0.199502,0.119114
1540581016.763172570,-0.208928,5.146218,0.086334,0.591765,-0.772020,-0.199864,0.117698
1540581016.797432294,-0.217428,5.165894,0.084251,0.592882,-0.770402,-0.204571,0.114555
1540581016.830188230,-0.225112,5.186869,0.082314,0.594573,-0.768020,-0.210655,0.110690
1540581016.862897617,-0.227603,5.220217,0.086192,0.595433,-0.766453,-0.215888,0.106777
1540581016.897698140,-0.238559,5.242222,0.083934,0.596133,-0.765537,-0.218860,0.103341
1540581016.930178126,-0.258663,5.277543,0.081992,0.597182,-0.765275,-0.218165,0.100660
1540581016.963046275,-0.269583,5.304595,0.080508,0.597907,-0.765383,-0.216808,0.098442
1540581016.997210349,-0.279012,5.326734,0.079293,0.597339,-0.766123,-0.217421,0.094706
1540581017.030846210,-0.288410,5.342928,0.081953,0.596545,-0.765947,-0.222410,0.089405
1540581017.063280734,-0.295890,5.375851,0.084433,0.596042,-0.764749,-0.229553,0.084844
1540581017.097475245,-0.321588,5.423620,0.085797,0.595208,-0.764370,-0.234691,0.079922
1540581017.130096381,-0.337888,5.438624,0.086799,0.594233,-0.766246,-0.231721,0.077841
1540581017.164299205,-0.349454,5.462616,0.087764,0.594321,-0.768995,-0.222244,0.077700
1540581017.196510529,-0.351818,5.464695,0.081935,0.594082,-0.772638,-0.209185,0.079614
1540581017.229979390,-0.359497,5.497297,0.079191,0.593767,-0.776221,-0.195649,0.081507
1540581017.264630601,-0.354963,5.507133,0.079641,0.593422,-0.778716,-0.185972,0.082864
1540581017.297245825,-0.353599,5.520263,0.077390,0.592742,-0.779949,-0.182425,0.084011
1540581017.332468011,-0.355768,5.535731,0.075678,0.592130,-0.780883,-0.180332,0.084170
1540581017.366023497,-0.375142,5.574853,0.074682,0.591772,-0.781815,-0.176708,0.085708
1540581017.399157709,-0.373086,5.568855,0.073819,0.591546,-0.782940,-0.171623,0.087314
1540581017.433703007,-0.373293,5.574059,0.070449,0.592021,-0.783238,-0.167421,0.089550
1540581017.463235469,-0.378888,5.592536,0.068642,0.592054,-0.783518,-0.164868,0.091591
1540581017.496908167,-0.388312,5.632439,0.067959,0.592426,-0.782936,-0.164847,0.094173
1540581017.530615929,-0.399254,5.664959,0.070436,0.593255,-0.781162,-0.169471,0.095472
1540581017.563792377,-0.379180,5.662110,0.073677,0.593974,-0.778853,-0.176350,0.097386
1540581017.597251951,-0.381212,5.698287,0.072700,0.593725,-0.777297,-0.182791,0.099439
1540581017.632111737,-0.384767,5.727876,0.073864,0.594329,-0.775212,-0.188027,0.102296
1540581017.666457023,-0.391368,5.763043,0.074139,0.594527,-0.774110,-0.189826,0.106105
1540581017.699825272,-0.399877,5.793706,0.073980,0.593479,-0.774414,-0.188869,0.111329
1540581017.732599083,-0.415182,5.824714,0.074241,0.592688,-0.774603,-0.187404,0.116582
1540581017.767396995,-0.430223,5.821162,0.077534,0.592109,-0.773917,-0.189071,0.121295
1540581017.799486668,-0.450533,5.851500,0.080880,0.590763,-0.774211,-0.189355,0.125461
1540581017.836225417,-0.448499,5.870797,0.085858,0.587565,-0.775589,-0.190276,0.130477
1540581017.867818016,-0.452058,5.889400,0.089434,0.585940,-0.775611,-0.192766,0.133954
1540581017.899001827,-0.449405,5.901252,0.092742,0.584509,-0.775839,-0.193784,0.137373
1540581017.932421013,-0.454820,5.929847,0.094615,0.581685,-0.777961,-0.190754,0.141535
1540581017.966793412,-0.459039,5.958089,0.094537,0.580255,-0.779449,-0.186495,0.144854
1540581017.999987648,-0.465944,5.988297,0.092266,0.580058,-0.779834,-0.183084,0.147892
1540581018.032917009,-0.477761,6.018592,0.085373,0.579480,-0.779383,-0.185860,0.149068
1540581018.067285021,-0.493524,6.052014,0.084821,0.580154,-0.776617,-0.197759,0.145528
1540581018.100159282,-0.508169,6.080387,0.084091,0.581612,-0.773091,-0.209740,0.141655
1540581018.133964356,-0.511551,6.121311,0.083832,0.582267,-0.771673,-0.214849,0.139020
1540581018.167637642,-0.518931,6.148617,0.082381,0.581834,-0.773231,-0.211517,0.137272
1540581018.201213865,-0.523861,6.172709,0.080782,0.581547,-0.775918,-0.201913,0.137787
1540581018.235435827,-0.521255,6.191003,0.077561,0.581719,-0.777901,-0.193143,0.138454
1540581018.267704213,-0.497672,6.159417,0.082472,0.582213,-0.778612,-0.189683,0.137157
1540581018.301885924,-0.495665,6.161297,0.078490,0.582528,-0.778675,-0.189501,0.135704
1540581018.335057748,-0.500600,6.176236,0.076907,0.583541,-0.777767,-0.192166,0.132781
1540581018.369650034,-0.503210,6.186930,0.074417,0.585038,-0.776262,-0.195981,0.129383
1540581018.402896770,-0.507485,6.206837,0.071851,0.586158,-0.775409,-0.197600,0.126940
1540581018.435834844,-0.515485,6.236221,0.071897,0.586785,-0.775454,-0.197319,0.124178
1540581018.469187630,-0.522803,6.257864,0.067353,0.587741,-0.775506,-0.195634,0.121973
1540581018.504144079,-0.532623,6.290916,0.067374,0.588319,-0.776230,-0.191965,0.120402
1540581018.538620090,-0.544230,6.324723,0.065868,0.588800,-0.777255,-0.187476,0.118501
1540581018.570096301,-0.554350,6.359194,0.064312,0.589078,-0.778593,-0.181410,0.117770
1540581018.605205950,-0.565662,6.396351,0.063562,0.588398,-0.780634,-0.175312,0.116892
1540581018.638282674,-0.577394,6.434918,0.061401,0.586984,-0.782553,-0.173195,0.114295
1540581018.670955310,-0.589075,6.466369,0.059830,0.586563,-0.783313,-0.172800,0.111828
1540581018.704796134,-0.599591,6.496665,0.061964,0.585869,-0.784338,-0.172070,0.109376
1540581018.738532870,-0.618969,6.584884,0.057372,0.585113,-0.785608,-0.170279,0.107090
1540581018.771810144,-0.631073,6.614758,0.056244,0.585078,-0.786145,-0.169242,0.104959
1540581018.805977067,-0.631620,6.632416,0.047460,0.584709,-0.786472,-0.170332,0.102781
1540581018.839197016,-0.637610,6.646673,0.043666,0.584883,-0.786615,-0.170253,0.100813
1540581018.873353802,-0.643025,6.668114,0.039463,0.584325,-0.787580,-0.167575,0.100998
1540581018.907688376,-0.644089,6.677374,0.039632,0.583914,-0.788372,-0.165210,0.101092
1540581018.939988612,-0.651129,6.696637,0.041132,0.583481,-0.789165,-0.162751,0.101394
1540581018.974404048,-0.658921,6.715983,0.039870,0.583243,-0.789870,-0.159358,0.102660
1540581019.008510160,-0.665026,6.730135,0.038988,0.583260,-0.790009,-0.157709,0.104025
1540581019.044579471,-0.670165,6.751473,0.038314,0.583540,-0.789461,-0.159039,0.104590
1540581019.074344495,-0.676050,6.761353,0.038218,0.584499,-0.788082,-0.162101,0.104935
1540581019.108533318,-0.683509,6.774727,0.037401,0.585272,-0.786388,-0.167350,0.105095
1540581019.141507792,-0.687831,6.783180,0.036464,0.586019,-0.784660,-0.172639,0.105295
1540581019.175114753,-0.686692,6.781232,0.035846,0.586865,-0.783032,-0.176720,0.105925
1540581019.210035839,-0.692898,6.808782,0.037503,0.587342,-0.782400,-0.176613,0.108107
1540581019.242870988,-0.696605,6.835931,0.038995,0.587348,-0.783070,-0.171361,0.111620
1540581019.275433712,-0.699579,6.862666,0.041040,0.586825,-0.784594,-0.162874,0.116279
1540581019.309516923,-0.709285,6.896654,0.043048,0.586205,-0.786256,-0.153223,0.121194
1540581019.343114334,-0.726042,6.949162,0.044749,0.585585,-0.787355,-0.145969,0.125916
1540581019.376916983,-0.750125,7.019177,0.044060,0.584379,-0.788438,-0.141270,0.130037
1540581019.410189869,-0.772748,7.076163,0.042332,0.583473,-0.788716,-0.141314,0.132347
1540581019.444306356,-0.790856,7.129210,0.041683,0.582750,-0.787695,-0.148576,0.133658
1540581019.477740229,-0.797785,7.155820,0.045608,0.582116,-0.785371,-0.163468,0.132708
1540581019.511673140,-0.807344,7.165604,0.048131,0.581863,-0.782380,-0.178793,0.131718
1540581019.544983489,-0.793366,7.188020,0.058964,0.581055,-0.780551,-0.188243,0.132962
1540581019.578537975,-0.783122,7.204427,0.070641,0.580392,-0.779146,-0.195519,0.133598
1540581019.611666299,-0.810197,7.236121,0.066121,0.579346,-0.778729,-0.198039,0.136821
1540581019.645803073,-0.819568,7.266261,0.067353,0.578750,-0.778355,-0.198639,0.140551
1540581019.679411097,-0.839744,7.300182,0.063789,0.578620,-0.777431,-0.201257,0.142465
1540581019.713872358,-0.853209,7.337420,0.061169,0.578340,-0.776388,-0.205366,0.143417
1540581019.746597419,-0.870353,7.365931,0.060266,0.578203,-0.775021,-0.210229,0.144321
1540581019.779591018,-0.884568,7.403657,0.058139,0.578066,-0.773174,-0.217199,0.144452
1540581019.813550904,-0.860831,7.440405,0.074503,0.577884,-0.772562,-0.220172,0.143951
1540581019.846745090,-0.848890,7.464468,0.077856,0.577624,-0.772755,-0.218964,0.145793
1540581019.882361976,-0.860356,7.478905,0.077735,0.577765,-0.773574,-0.214476,0.147548
1540581019.914935075,-0.863662,7.493102,0.078988,0.577967,-0.774829,-0.208530,0.148695
1540581019.948035211,-0.869421,7.499282,0.087562,0.578605,-0.775472,-0.203482,0.149848
1540581019.981443035,-0.866723,7.485267,0.089006,0.579492,-0.775315,-0.201370,0.150086
1540581020.015184309,-0.894163,7.496376,0.082981,0.580578,-0.774668,-0.201863,0.148562
1540581020.048553332,-0.892508,7.509855,0.080309,0.581640,-0.773429,-0.205004,0.146549
1540581020.084593994,-0.899456,7.526553,0.071095,0.583063,-0.771807,-0.209129,0.143584
1540581020.115752330,-0.899700,7.554747,0.069382,0.584367,-0.770616,-0.211995,0.140443
1540581020.166964003,-0.916308,7.591850,0.062075,0.586639,-0.768882,-0.215681,0.134746
1540581020.198675527,-0.931622,7.614536,0.060421,0.587671,-0.768004,-0.218320,0.130953
1540581020.231811751,-0.939345,7.637016,0.060263,0.588388,-0.766782,-0.223619,0.125857
1540581020.265612012,-0.953854,7.665469,0.068131,0.588411,-0.765959,-0.230109,0.118867
1540581020.299147898,-0.952735,7.698893,0.073719,0.588139,-0.765053,-0.236479,0.113424
1540581020.331755472,-0.966964,7.720971,0.075588,0.587586,-0.765239,-0.239744,0.108044
1540581020.365197570,-0.993806,7.726441,0.072287,0.587246,-0.766545,-0.238828,0.102530
1540581020.398700457,-1.008898,7.736034,0.071414,0.586980,-0.768909,-0.233303,0.099009
1540581020.432101568,-1.018470,7.764522,0.067032,0.587109,-0.771008,-0.226767,0.097090
1540581020.465472554,-1.032236,7.791445,0.058157,0.587551,-0.773333,-0.218265,0.095396
1540581020.498713078,-1.033919,7.830288,0.056522,0.587942,-0.776220,-0.206533,0.095664
1540581020.532116764,-1.037187,7.861454,0.055952,0.587742,-0.779198,-0.195256,0.096356
1540581020.566575488,-1.047132,7.949789,0.045280,0.587110,-0.781484,-0.187212,0.097651
1540581020.598770187,-1.059822,8.002131,0.046135,0.586888,-0.783625,-0.178243,0.098616
1540581020.632208498,-1.073145,8.081342,0.039892,0.586096,-0.785644,-0.170705,0.100573
1540581020.665310734,-1.082675,8.144917,0.042560,0.585408,-0.787224,-0.165556,0.100825
1540581020.698523945,-1.091089,8.201583,0.042409,0.586083,-0.786960,-0.164156,0.101259
1540581020.731872494,-1.102906,8.249134,0.041821,0.586903,-0.786017,-0.165696,0.101325
1540581020.765770493,-1.129987,8.311458,0.045770,0.587543,-0.784973,-0.168970,0.100296
1540581020.798850066,-1.143266,8.359108,0.037941,0.588387,-0.783085,-0.174506,0.100631
1540581020.832104490,-1.161062,8.398393,0.036863,0.589666,-0.780520,-0.181573,0.100566
1540581020.866006239,-1.178343,8.431992,0.033623,0.590986,-0.777614,-0.189607,0.100505
1540581020.898788938,-1.201039,8.481071,0.032165,0.591151,-0.775710,-0.196174,0.101640
1540581020.932491936,-1.223262,8.517055,0.024444,0.591144,-0.773682,-0.203460,0.102803
1540581020.965882435,-1.241290,8.552850,0.018766,0.590443,-0.771840,-0.211626,0.104188
1540581021.001139109,-1.254330,8.578561,0.010247,0.589359,-0.770527,-0.218028,0.106809
1540581021.032339145,-1.257329,8.612405,0.015531,0.587925,-0.770551,-0.220614,0.109200
1540581021.065743306,-1.258155,8.613870,0.012453,0.584964,-0.772262,-0.220953,0.112282
1540581021.099589680,-1.271428,8.644047,0.018716,0.582235,-0.774223,-0.219421,0.115909
1540581021.132250116,-1.295539,8.692286,0.026339,0.580573,-0.775852,-0.215546,0.120536
1540581021.165462877,-1.312850,8.751692,0.029268,0.579060,-0.777427,-0.210657,0.126179
1540581021.199093389,-1.325556,8.800530,0.033829,0.576755,-0.779750,-0.205092,0.131454
1540581021.232158625,-1.344205,8.847392,0.034497,0.575299,-0.781551,-0.198598,0.136997
1540581021.265842311,-1.363555,8.893245,0.034061,0.574838,-0.782053,-0.194365,0.142045
1540581021.299428197,-1.375452,8.931427,0.034035,0.574465,-0.781347,-0.196015,0.145140
1540581021.333848958,-1.399926,8.968378,0.035658,0.574045,-0.779703,-0.202620,0.146563
1540581021.366034795,-1.414111,8.999206,0.035486,0.574064,-0.777209,-0.211043,0.147843
1540581021.400101581,-1.423627,9.000204,0.033913,0.574397,-0.774444,-0.219451,0.148816
1540581021.432396017,-1.451807,9.002827,0.029469,0.574575,-0.773231,-0.223200,0.148863
1540581021.466844566,-1.474383,9.003359,0.036446,0.574366,-0.773343,-0.222216,0.150548
1540581021.499899777,-1.488248,9.006359,0.039115,0.574091,-0.773984,-0.218083,0.154302
1540581021.532882501,-1.504022,9.030130,0.036299,0.574412,-0.774520,-0.212758,0.157806
1540581021.565960312,-1.519812,9.049596,0.033006,0.574256,-0.775892,-0.205710,0.160948
1540581021.599418136,-1.521941,8.942375,0.035947,0.574755,-0.776181,-0.202034,0.162424
1540581021.632549272,-1.483147,8.791947,0.048895,0.576887,-0.773569,-0.205540,0.162927
1540581021.665899283,-1.496329,8.819327,0.046801,0.578019,-0.771169,-0.212360,0.161544
1540581021.699327757,-1.512289,8.849519,0.044421,0.578603,-0.769387,-0.218510,0.159735
1540581021.733718131,-1.558252,8.925698,0.042046,0.579679,-0.767653,-0.223493,0.157265
1540581021.765764117,-1.591690,8.990714,0.040244,0.580334,-0.766670,-0.226199,0.155770
1540581021.799364128,-1.622629,9.038998,0.038841,0.581025,-0.766455,-0.226643,0.153589
1540581021.832845164,-1.635914,9.063587,0.038431,0.581157,-0.766530,-0.227919,0.150801
1540581021.866526038,-1.649241,9.084830,0.037624,0.581620,-0.765480,-0.232853,0.146762
1540581021.899454962,-1.663213,9.099324,0.035095,0.581693,-0.763970,-0.240545,0.141849
1540581021.934603598,-1.685800,9.128757,0.033586,0.581728,-0.762408,-0.248576,0.136148
1540581021.967842984,-1.717774,9.185615,0.034830,0.581448,-0.761937,-0.253248,0.131287
1540581022.002588070,-1.742087,9.230086,0.035931,0.581741,-0.761916,-0.254709,0.127216
1540581022.033255844,-1.768688,9.283074,0.036026,0.582204,-0.762690,-0.252673,0.124497
1540581022.067106468,-1.784245,9.329873,0.036681,0.582182,-0.764429,-0.248350,0.122616
1540581022.101421717,-1.794680,9.364988,0.036750,0.582674,-0.766304,-0.241961,0.121343
1540581022.134929165,-1.792567,9.384580,0.036330,0.582971,-0.768183,-0.235329,0.121077
1540581022.171238114,-1.801316,9.419396,0.035680,0.582704,-0.769801,-0.231104,0.120225
1540581022.201887363,-1.807449,9.465997,0.028268,0.581809,-0.771174,-0.229013,0.119754
1540581022.235098099,-1.803953,9.516996,0.019419,0.581848,-0.771033,-0.229467,0.119603
1540581022.270509248,-1.803809,9.556757,0.015272,0.581622,-0.770971,-0.230256,0.119588
1540581022.302703872,-1.800833,9.587703,0.012236,0.581963,-0.770397,-0.231073,0.120049
1540581022.335849533,-1.791221,9.574965,0.011615,0.582777,-0.770181,-0.229832,0.119872
1540581022.368314407,-1.779027,9.541624,0.012572,0.583177,-0.770649,-0.227185,0.119966
1540581022.402709680,-1.779259,9.547517,0.009569,0.584073,-0.770691,-0.224707,0.120007
1540581022.438648541,-1.800174,9.597712,0.005649,0.585351,-0.769872,-0.224457,0.119503
1540581022.469935828,-1.809534,9.614713,0.002732,0.586351,-0.769025,-0.224823,0.119361
1540581022.503730214,-1.806181,9.606635,0.003421,0.587193,-0.768405,-0.224519,0.119792
1540581022.537521738,-1.794472,9.586266,0.003088,0.588062,-0.767821,-0.223979,0.120280
1540581022.569677899,-1.799343,9.598030,0.005942,0.588898,-0.767752,-0.221337,0.121514
1540581022.604915760,-1.805750,9.615937,0.009492,0.589106,-0.769685,-0.211500,0.125724
1540581022.635895234,-1.800654,9.602996,0.013390,0.588077,-0.773044,-0.199244,0.129883
1540581022.670840495,-1.793297,9.601589,0.017361,0.586051,-0.776868,-0.186683,0.134799
1540581022.703733869,-1.807036,9.662846,0.011901,0.584374,-0.778540,-0.182453,0.138176
1540581022.737763367,-1.833866,9.725963,0.012173,0.582951,-0.778871,-0.184786,0.139219
1540581022.770822741,-1.861809,9.789777,0.012484,0.581929,-0.778016,-0.191597,0.139073
1540581022.806004040,-1.866800,9.830115,0.012789,0.582236,-0.775180,-0.201637,0.139428
1540581022.837720451,-1.877859,9.872117,0.009672,0.582546,-0.772299,-0.211788,0.139070
1540581022.871072937,-1.907573,9.937875,0.006280,0.582175,-0.769596,-0.222223,0.139327
1540581022.905009486,-1.937031,9.983928,0.006448,0.581899,-0.766907,-0.232299,0.138871
1540581022.938097647,-1.954816,10.007481,0.006563,0.581499,-0.765381,-0.237702,0.139818
1540581022.972616358,-1.973281,10.019027,0.010126,0.580555,-0.765729,-0.237501,0.142156
1540581023.005658570,-1.998107,10.053985,0.011922,0.579416,-0.766980,-0.234451,0.145093
1540581023.038673931,-2.016495,10.073117,0.013430,0.578542,-0.768512,-0.229929,0.147688
1540581023.072008055,-2.033172,10.063627,0.019554,0.577713,-0.769169,-0.228046,0.150404
1540581023.106583166,-2.038255,10.057987,0.020787,0.577953,-0.768190,-0.229508,0.152252
1540581023.143707377,-2.025009,10.011245,0.020537,0.577953,-0.766743,-0.234116,0.152533
1540581023.175929313,-1.995793,9.935226,0.019004,0.579059,-0.763952,-0.240477,0.152441
1540581023.207859162,-1.965213,9.852886,0.019090,0.579891,-0.761394,-0.246554,0.152370
1540581023.240977223,-1.966984,9.845400,0.016345,0.580067,-0.759853,-0.251264,0.151700
1540581023.273994872,-2.000401,9.888754,0.017644,0.579764,-0.759479,-0.252876,0.152053
1540581023.308605183,-2.124629,10.082394,0.019990,0.580570,-0.759341,-0.249654,0.154958
1540581023.342958819,-2.153012,10.118392,0.021651,0.580534,-0.761249,-0.242832,0.156563
1540581023.375083781,-2.157301,10.135892,0.021752,0.579455,-0.763766,-0.236674,0.157727
1540581023.408318829,-2.173201,10.172532,0.019582,0.579356,-0.764633,-0.233497,0.158627
1540581023.442240341,-2.188591,10.204836,0.014789,0.579607,-0.763866,-0.236324,0.157212
1540581023.475862077,-2.146811,10.173102,0.014252,0.578741,-0.762517,-0.244550,0.154341
1540581023.509940575,-2.155665,10.182699,0.014876,0.578281,-0.760180,-0.255713,0.149430
1540581023.542688924,-2.164316,10.183415,0.015930,0.577978,-0.758010,-0.265174,0.145071
1540581023.578194260,-2.177879,10.222190,0.015296,0.578610,-0.756147,-0.270798,0.141846
1540581023.610350197,-2.179671,10.237179,0.011670,0.579075,-0.757151,-0.267538,0.140775
1540581023.644459933,-2.194155,10.266486,0.011940,0.579025,-0.760739,-0.257106,0.141078
1540581023.678097444,-2.208124,10.295085,0.011364,0.579001,-0.764906,-0.243833,0.142205
1540581023.711666568,-2.197130,10.308950,0.015527,0.578792,-0.768877,-0.230672,0.143591
1540581023.744501854,-2.181168,10.317789,0.017206,0.577900,-0.772367,-0.221011,0.143649
1540581023.778314078,-2.190050,10.353112,0.016431,0.577734,-0.774665,-0.213518,0.143273
1540581023.812550839,-2.187651,10.369325,0.015738,0.577610,-0.776855,-0.205855,0.143129
1540581023.845708388,-2.184409,10.371224,0.010177,0.577124,-0.778893,-0.199639,0.142819
1540581023.879270749,-2.196126,10.402009,0.006569,0.577775,-0.779411,-0.196657,0.141491
1540581023.912570723,-2.216707,10.439598,0.003571,0.579195,-0.778406,-0.197754,0.139681
1540581023.946290984,-2.229585,10.473039,-0.001020,0.580272,-0.776975,-0.202314,0.136612
1540581023.979770533,-2.235486,10.498699,-0.002399,0.581619,-0.775299,-0.207472,0.132613
1540581024.013264519,-2.237278,10.518070,-0.002778,0.583289,-0.773579,-0.211080,0.129590
1540581024.046962780,-2.251545,10.540625,-0.007971,0.584577,-0.772816,-0.211631,0.127425
1540581024.080186579,-2.261304,10.532834,-0.014478,0.586291,-0.772701,-0.208400,0.125564
1540581024.114057052,-2.264721,10.562741,-0.017538,0.587599,-0.773272,-0.202617,0.125397
1540581024.148158514,-2.281306,10.602076,-0.020438,0.589166,-0.773340,-0.197829,0.125270
1540581024.182059162,-2.281355,10.594088,-0.017320,0.590283,-0.773197,-0.195852,0.123994
1540581024.215385049,-2.299797,10.633929,-0.018354,0.591216,-0.773189,-0.193101,0.123913
1540581024.248246260,-2.315080,10.663613,-0.019108,0.591309,-0.774106,-0.188094,0.125435
1540581024.282598446,-2.330818,10.697820,-0.019432,0.590973,-0.775533,-0.182357,0.126669
1540581024.315960682,-2.336096,10.720480,-0.018453,0.590059,-0.776990,-0.177635,0.128697
1540581024.350297531,-2.352034,10.761934,-0.019807,0.589839,-0.777107,-0.176584,0.130435
1540581024.382730480,-2.370826,10.807046,-0.022246,0.588606,-0.776931,-0.181578,0.130195
1540581024.416362441,-2.386104,10.844645,-0.024152,0.587389,-0.775899,-0.189697,0.130265
1540581024.450879215,-2.396822,10.861586,-0.020048,0.586583,-0.774598,-0.197020,0.130772
1540581024.483899776,-2.407494,10.888534,-0.019588,0.585615,-0.774178,-0.200856,0.131761
1540581024.517650562,-2.417686,10.914520,-0.020486,0.584596,-0.774418,-0.201606,0.133715
1540581024.550766473,-2.427564,10.939751,-0.021924,0.584589,-0.773948,-0.201806,0.136144
1540581024.585904022,-2.438213,10.965358,-0.024133,0.584147,-0.773276,-0.204650,0.137607
1540581024.617823658,-2.442941,10.944249,-0.021822,0.583272,-0.772132,-0.211407,0.137523
1540581024.651588157,-2.452602,10.964222,-0.022045,0.583512,-0.769472,-0.220136,0.137720
1540581024.685349106,-2.463844,10.963352,-0.017438,0.583375,-0.768119,-0.225190,0.137682
1540581024.735583891,-2.476684,10.979252,-0.020726,0.582066,-0.769309,-0.221924,0.141822
1540581024.770120215,-2.475215,10.970525,-0.019708,0.581389,-0.770169,-0.218695,0.144909
1540581024.836643287,-2.497263,11.014194,-0.022107,0.581526,-0.769714,-0.217339,0.148767
1540581024.867971336,-2.513898,11.044433,-0.021542,0.581383,-0.769114,-0.219208,0.149689
1540581024.901443685,-2.528364,11.054999,-0.021637,0.581567,-0.767901,-0.223184,0.149319
1540581024.934544359,-2.536120,11.054130,-0.023059,0.582529,-0.766241,-0.226575,0.148992
1540581024.968431907,-2.543102,11.044509,-0.021713,0.582768,-0.765421,-0.228976,0.148601
1540581025.001424094,-2.560385,11.062313,-0.023640,0.583190,-0.764316,-0.231764,0.148308
1540581025.034635230,-2.572743,11.082243,-0.025787,0.584032,-0.762750,-0.235125,0.147768
1540581025.067888554,-2.585589,11.097670,-0.028272,0.584777,-0.761207,-0.238785,0.146908
1540581025.101454690,-2.596502,11.127565,-0.033517,0.584679,-0.759823,-0.243932,0.146002
1540581025.134659513,-2.602657,11.133313,-0.032999,0.584630,-0.758390,-0.248821,0.145395
1540581025.168549962,-2.630872,11.159933,-0.031129,0.583903,-0.757452,-0.253733,0.144722
1540581025.201314223,-2.648626,11.186283,-0.030750,0.582155,-0.757480,-0.258575,0.143035
1540581025.234824697,-2.661578,11.197109,-0.029274,0.580858,-0.757298,-0.262559,0.142010
1540581025.267934221,-2.676447,11.211557,-0.026691,0.580244,-0.757012,-0.264798,0.141888
1540581025.301626295,-2.690976,11.228432,-0.027327,0.579926,-0.757539,-0.264006,0.141853
1540581025.334845856,-2.705270,11.249659,-0.028516,0.579516,-0.759439,-0.258903,0.142773
1540581025.368691355,-2.712530,11.266686,-0.028336,0.579729,-0.761171,-0.252704,0.143783
1540581025.402314991,-2.723458,11.292611,-0.030786,0.580496,-0.762141,-0.247758,0.144158
1540581025.435036415,-2.733120,11.308759,-0.031901,0.580562,-0.763428,-0.243896,0.143667
1540581025.468335351,-2.741052,11.326110,-0.032031,0.580450,-0.764855,-0.240122,0.142886
1540581025.502130124,-2.749294,11.348937,-0.034839,0.580911,-0.765794,-0.236521,0.141985
1540581025.535371748,-2.756194,11.360878,-0.034177,0.580881,-0.766988,-0.233505,0.140651
1540581025.568436034,-2.751721,11.363976,-0.034773,0.581288,-0.767957,-0.230548,0.138541
1540581025.601783208,-2.750791,11.376943,-0.036668,0.582304,-0.768215,-0.227463,0.137944
1540581025.635099769,-2.761441,11.390738,-0.038619,0.583373,-0.767978,-0.226787,0.135841
1540581025.668282368,-2.774492,11.417537,-0.039902,0.584289,-0.766959,-0.229541,0.133009
1540581025.703111479,-2.786825,11.438750,-0.043075,0.585735,-0.765314,-0.233139,0.129830
1540581025.734747066,-2.783356,11.440853,-0.041328,0.587097,-0.764099,-0.234997,0.127463
1540581025.768230452,-2.778021,11.437932,-0.044937,0.588123,-0.764028,-0.233588,0.125734
1540581025.801763151,-2.789658,11.465821,-0.047059,0.588772,-0.765323,-0.227477,0.126028
1540581025.835290549,-2.785406,11.469033,-0.048085,0.589441,-0.767116,-0.218851,0.127267
1540581025.868908398,-2.802705,11.506994,-0.050833,0.589442,-0.769342,-0.210270,0.128285
1540581025.902172322,-2.798536,11.507844,-0.048205,0.589107,-0.771005,-0.204304,0.129476
1540581025.935263720,-2.785295,11.490425,-0.046552,0.588673,-0.772307,-0.200560,0.129543
1540581025.968651482,-2.788174,11.506022,-0.046045,0.588178,-0.773552,-0.197634,0.128858
1540581026.001945755,-2.793799,11.533188,-0.043191,0.588095,-0.774243,-0.194695,0.129563
1540581026.035560342,-2.784496,11.526438,-0.041521,0.586956,-0.775369,-0.194186,0.128751
1540581026.069829628,-2.803755,11.561648,-0.042173,0.586115,-0.776116,-0.193436,0.129214
1540581026.102223039,-2.835160,11.618750,-0.045991,0.585576,-0.776996,-0.190807,0.130272
1540581026.135170488,-2.851490,11.657826,-0.045472,0.584878,-0.778197,-0.187408,0.131167
1540581026.170055886,-2.860072,11.678464,-0.046987,0.584089,-0.779204,-0.184118,0.133348
1540581026.202664973,-2.860608,11.694253,-0.048302,0.584185,-0.778704,-0.184783,0.134922
1540581026.235604146,-2.872210,11.718085,-0.051287,0.584288,-0.777354,-0.190045,0.134952
1540581026.268607083,-2.872467,11.725983,-0.052826,0.584235,-0.775932,-0.195418,0.135687
1540581026.302783169,-2.865722,11.716855,-0.049753,0.584336,-0.774902,-0.198567,0.136566
1540581026.335895355,-2.874620,11.733455,-0.047842,0.584038,-0.774619,-0.199679,0.137821
1540581026.368733604,-2.877349,11.743660,-0.048646,0.583506,-0.774756,-0.199459,0.139607
1540581026.402509565,-2.885748,11.756647,-0.046562,0.583047,-0.774729,-0.199094,0.142168
1540581026.436339151,-2.881676,11.746191,-0.041209,0.583047,-0.774109,-0.199778,0.144571
1540581026.468782988,-2.874243,11.739979,-0.040145,0.582850,-0.773671,-0.200571,0.146596
1540581026.502565761,-2.875229,11.746981,-0.038746,0.582659,-0.773414,-0.200490,0.148806
1540581026.535224235,-2.878355,11.755827,-0.039029,0.583281,-0.772579,-0.200112,0.151199
1540581026.569405121,-2.881486,11.768420,-0.038657,0.583782,-0.771460,-0.201790,0.152739
1540581026.605440682,-2.882647,11.775031,-0.038424,0.584455,-0.769667,-0.206921,0.152344
1540581026.636336469,-2.885152,11.777528,-0.038474,0.585870,-0.766465,-0.215422,0.151267
1540581026.670358317,-2.894234,11.786261,-0.038183,0.587153,-0.762335,-0.228105,0.148544
1540581026.703523504,-2.913062,11.829191,-0.042733,0.587607,-0.759012,-0.240190,0.144665
1540581026.737589840,-2.940009,11.860485,-0.043497,0.588489,-0.755891,-0.249800,0.141103
1540581026.770430214,-2.953315,11.867273,-0.037741,0.588350,-0.754848,-0.254900,0.138112
1540581026.805639275,-2.965728,11.877566,-0.032054,0.586824,-0.755657,-0.257200,0.135897
1540581026.838707398,-2.986334,11.902221,-0.025792,0.585598,-0.756855,-0.256778,0.135317
1540581026.872284097,-3.005644,11.927437,-0.022769,0.585131,-0.757965,-0.254727,0.135000
1540581026.903549596,-3.010519,11.929843,-0.020261,0.584658,-0.759760,-0.250681,0.134534
1540581026.937768895,-3.004170,11.910557,-0.018615,0.584580,-0.761943,-0.243965,0.134874
1540581026.971652068,-3.002607,11.919009,-0.023472,0.584334,-0.763672,-0.238113,0.136603
1540581027.006340805,-3.001902,11.913161,-0.020713,0.584963,-0.764557,-0.233692,0.136594
1540581027.037577228,-3.026220,11.939566,-0.018086,0.585027,-0.764981,-0.232832,0.135417
1540581027.073155777,-3.039361,11.963617,-0.016174,0.584706,-0.764968,-0.234203,0.134505
1540581027.108388538,-3.056993,11.983463,-0.014917,0.585098,-0.764347,-0.236273,0.132702
1540581027.138654112,-3.069263,12.000760,-0.016283,0.585207,-0.764481,-0.236273,0.131443
1540581027.172678123,-3.078616,12.017456,-0.018240,0.585597,-0.764584,-0.235365,0.130730
1540581027.204739160,-3.090300,12.034541,-0.021455,0.586425,-0.764252,-0.234508,0.130501
1540581027.239099308,-3.112011,12.067828,-0.025217,0.587287,-0.763512,-0.235225,0.129665
1540581027.271947207,-3.125702,12.084443,-0.028882,0.588347,-0.762389,-0.236959,0.128302
1540581027.306843318,-3.127225,12.086836,-0.028337,0.589550,-0.761005,-0.239087,0.127043
1540581027.342107204,-3.134434,12.103924,-0.030832,0.590384,-0.759778,-0.241547,0.125853
1540581027.374374253,-3.145246,12.133547,-0.032362,0.591143,-0.758829,-0.243249,0.124735
1540581027.407716689,-3.154554,12.152193,-0.030624,0.592031,-0.758681,-0.241524,0.124775
1540581027.441748613,-3.157964,12.164232,-0.028969,0.592128,-0.760409,-0.234461,0.127244
1540581027.474191187,-3.156141,12.177887,-0.025329,0.591534,-0.763108,-0.225279,0.130397
1540581027.507697798,-3.165548,12.202476,-0.023473,0.590797,-0.765769,-0.216087,0.133654
1540581027.542369022,-3.175648,12.234902,-0.026463,0.589139,-0.767653,-0.212470,0.135944
1540581027.575387620,-3.187856,12.258397,-0.023899,0.588082,-0.767548,-0.216601,0.134587
1540581027.610217294,-3.198066,12.280183,-0.021221,0.587327,-0.765433,-0.226732,0.133239
1540581027.642258843,-3.205428,12.311192,-0.018263,0.586572,-0.763611,-0.235194,0.132346
1540581027.675477429,-3.215405,12.342299,-0.017890,0.585576,-0.763200,-0.239366,0.131648
1540581027.709561265,-3.220029,12.365088,-0.016936,0.584883,-0.763992,-0.237680,0.133179
1540581027.743860439,-3.222680,12.386129,-0.017249,0.584805,-0.765193,-0.232059,0.136498
1540581027.776392050,-3.221224,12.402173,-0.018000,0.584644,-0.766448,-0.226740,0.139062
1540581027.810232836,-3.229676,12.416618,-0.021461,0.584005,-0.767662,-0.223177,0.140802
1540581027.846719798,-3.238896,12.436494,-0.021212,0.583954,-0.767438,-0.223744,0.141336
1540581027.877264659,-3.249367,12.454730,-0.020735,0.584257,-0.766993,-0.224122,0.141895
1540581027.910904283,-3.260012,12.478929,-0.021468,0.584133,-0.767634,-0.222016,0.142252
1540581027.945598494,-3.269311,12.496140,-0.020045,0.583551,-0.769164,-0.217216,0.143779
1540581027.978890880,-3.275832,12.514927,-0.019176,0.583452,-0.770228,-0.211699,0.146682
1540581028.011496154,-3.289470,12.528538,-0.018683,0.583247,-0.771168,-0.207406,0.148678
1540581028.044901502,-3.296406,12.547372,-0.016983,0.583140,-0.771557,-0.204768,0.150723
1540581028.079277151,-3.303034,12.552807,-0.017557,0.583722,-0.770667,-0.205173,0.152463
1540581028.112130950,-3.312120,12.560788,-0.020296,0.584207,-0.769193,-0.208587,0.153413
1540581028.146313299,-3.326208,12.582269,-0.022786,0.585205,-0.766790,-0.214031,0.154138
1540581028.179743897,-3.340268,12.602939,-0.023416,0.585805,-0.764865,-0.218854,0.154651
1540581028.213616959,-3.352214,12.622011,-0.025091,0.586251,-0.763073,-0.223468,0.155215
1540581028.248028682,-3.361711,12.637792,-0.026563,0.586688,-0.761100,-0.229170,0.154937
1540581028.280308581,-3.369857,12.643453,-0.027536,0.586157,-0.759689,-0.235696,0.154076
1540581028.314234055,-3.383004,12.649019,-0.029277,0.585801,-0.757593,-0.244126,0.152621
1540581028.347850178,-3.396223,12.649129,-0.028899,0.584793,-0.756162,-0.252184,0.150467
1540581028.381186440,-3.422205,12.688034,-0.027790,0.583105,-0.756152,-0.256896,0.149091
1540581028.414501938,-3.438866,12.716129,-0.023701,0.581766,-0.757310,-0.256114,0.149783
1540581028.448153525,-3.454962,12.747061,-0.023489,0.581040,-0.759190,-0.251244,0.151325
1540581028.482215136,-3.463105,12.760202,-0.024444,0.579712,-0.761797,-0.245179,0.153252
1540581028.515336360,-3.476821,12.781490,-0.026248,0.579158,-0.763201,-0.241117,0.154797
1540581028.548928583,-3.500239,12.808460,-0.026020,0.579455,-0.763110,-0.240329,0.155361
1540581028.582858207,-3.522852,12.840599,-0.023952,0.578784,-0.762975,-0.242092,0.155790
1540581028.615995981,-3.535628,12.858748,-0.023312,0.578073,-0.762473,-0.245146,0.156111
1540581028.649879929,-3.545896,12.866017,-0.021733,0.577733,-0.762234,-0.246775,0.155966
1540581028.683710803,-3.559248,12.886899,-0.021375,0.577466,-0.762695,-0.245082,0.157366
1540581028.717552264,-3.567249,12.898511,-0.021652,0.576590,-0.764609,-0.239718,0.159537
1540581028.750702438,-3.580656,12.923175,-0.021993,0.577024,-0.765790,-0.233764,0.161131
1540581028.784096012,-3.597044,12.956044,-0.019708,0.577552,-0.766573,-0.228561,0.162975
1540581028.818260548,-3.610515,12.979139,-0.022631,0.578392,-0.766387,-0.226263,0.164069
1540581028.851427222,-3.627101,13.010285,-0.025681,0.579869,-0.764858,-0.227945,0.163662
1540581028.885782270,-3.636384,13.024384,-0.028136,0.581301,-0.762816,-0.232113,0.162248
1540581028.919176857,-3.643389,13.040551,-0.030936,0.582429,-0.760569,-0.238051,0.160136
1540581028.951996780,-3.646180,13.052390,-0.030945,0.583977,-0.757954,-0.243761,0.158296
1540581028.986674404,-3.649300,13.059113,-0.034683,0.585299,-0.756729,-0.244826,0.157628
1540581029.057234739,-3.640802,13.077090,-0.032157,0.582859,-0.763158,-0.226725,0.162668
1540581029.088670975,-3.636908,13.096220,-0.029975,0.582095,-0.765080,-0.220494,0.164926
1540581029.120426436,-3.666064,13.157444,-0.028698,0.580976,-0.766423,-0.218641,0.165100
1540581029.154916785,-3.699386,13.226338,-0.025421,0.579796,-0.767025,-0.218938,0.166059
1540581029.206767021,-3.724346,13.282576,-0.022984,0.578977,-0.767370,-0.220904,0.164711
1540581029.273403856,-3.714843,13.301103,-0.026693,0.578524,-0.766158,-0.227686,0.162699
1540581029.325296254,-3.738190,13.349559,-0.028236,0.580565,-0.759417,-0.250097,0.153886
1540581029.371567239,-3.748947,13.375318,-0.029010,0.581899,-0.755170,-0.263600,0.147061
1540581029.404415738,-3.764887,13.403876,-0.030024,0.582145,-0.755571,-0.263668,0.143872
1540581029.437981349,-3.799657,13.462223,-0.032046,0.582582,-0.757716,-0.257075,0.142749
1540581029.470839736,-3.811277,13.500996,-0.033414,0.582496,-0.760784,-0.247740,0.143288
1540581029.504408484,-3.813210,13.521712,-0.034814,0.582773,-0.763938,-0.236068,0.145073
1540581029.538278458,-3.803208,13.524637,-0.034697,0.582806,-0.768069,-0.220463,0.147663
1540581029.571840919,-3.790666,13.527359,-0.033075,0.582106,-0.772506,-0.204079,0.150793
1540581029.604527980,-3.762722,13.501842,-0.026416,0.582218,-0.775035,-0.191967,0.153268
1540581029.638356354,-3.744866,13.478925,-0.028080,0.582862,-0.775911,-0.185835,0.153946
1540581029.671015665,-3.750984,13.495123,-0.031267,0.583561,-0.775316,-0.187525,0.152237
1540581029.704552289,-3.767762,13.530941,-0.035124,0.585088,-0.772596,-0.196051,0.149435
1540581029.737851713,-3.820808,13.637869,-0.042437,0.586854,-0.768493,-0.209912,0.144772
1540581029.770895637,-3.838977,13.668092,-0.047860,0.588248,-0.764116,-0.224245,0.140732
1540581029.804352048,-3.829805,13.638240,-0.044398,0.588815,-0.760416,-0.237413,0.136745
1540581029.837828459,-3.815901,13.586218,-0.039042,0.588902,-0.757420,-0.248195,0.133823
1540581029.871081983,-3.828272,13.599145,-0.036336,0.587436,-0.757102,-0.253006,0.133058
1540581029.904468969,-3.829231,13.585593,-0.032598,0.585652,-0.758510,-0.252518,0.133820
1540581029.937861530,-3.843381,13.601667,-0.030117,0.583628,-0.761513,-0.247167,0.135592
1540581029.971426204,-3.858474,13.617025,-0.026569,0.581850,-0.765246,-0.238330,0.138014
1540581030.004973665,-3.879736,13.648118,-0.024219,0.580929,-0.767589,-0.231565,0.140380
1540581030.038279876,-3.907756,13.687682,-0.024013,0.581176,-0.768054,-0.229401,0.140367
1540581030.071360363,-3.908892,13.679086,-0.030615,0.581276,-0.767632,-0.230591,0.140308
1540581030.104569511,-3.918500,13.685223,-0.032398,0.581055,-0.767035,-0.233206,0.140169
1540581030.137599098,-3.933394,13.700760,-0.033734,0.580817,-0.765680,-0.238753,0.139220
1540581030.171323934,-3.952051,13.723199,-0.034051,0.580056,-0.764924,-0.242961,0.139270
1540581030.205593158,-3.963234,13.734131,-0.033432,0.579284,-0.764978,-0.243803,0.140706
1540581030.238486469,-3.972525,13.746357,-0.034758,0.578364,-0.765665,-0.242689,0.142670
1540581030.271445668,-3.984022,13.758521,-0.036010,0.577899,-0.766088,-0.241401,0.144454
1540581030.305291541,-3.988192,13.761859,-0.037265,0.578054,-0.765698,-0.240534,0.147321
1540581030.338117115,-3.993037,13.763978,-0.039836,0.578356,-0.764938,-0.241118,0.149121
1540581030.371762839,-3.990015,13.769340,-0.042101,0.578646,-0.763095,-0.244848,0.151343
1540581030.405125650,-3.991261,13.771531,-0.043699,0.579018,-0.761058,-0.248894,0.153559
1540581030.438685936,-4.004138,13.787331,-0.046286,0.579687,-0.758615,-0.253849,0.155002
1540581030.473512910,-4.005104,13.792554,-0.045032,0.580426,-0.756302,-0.258059,0.156583
1540581030.504972771,-4.010734,13.797828,-0.046499,0.580735,-0.755474,-0.258234,0.159124
1540581030.538270857,-4.027297,13.825688,-0.048053,0.580430,-0.755367,-0.256859,0.162927
1540581030.571317744,-4.037325,13.844889,-0.049614,0.580020,-0.755086,-0.256606,0.166058
1540581030.605265692,-4.048028,13.865851,-0.050375,0.579941,-0.754104,-0.257504,0.169374
1540581030.638534704,-4.052317,13.878892,-0.050305,0.579548,-0.753198,-0.259036,0.172387
1540581030.671648677,-4.056995,13.893328,-0.049593,0.578440,-0.752952,-0.260567,0.174857
1540581030.704994901,-4.058806,13.908200,-0.048325,0.576565,-0.752647,-0.264121,0.177017
1540581030.738790937,-4.065926,13.946863,-0.047525,0.574669,-0.751131,-0.270964,0.179266
1540581030.771362498,-4.067166,13.957659,-0.045140,0.573021,-0.751256,-0.272711,0.181357
1540581030.804979247,-4.057747,13.951208,-0.040926,0.571466,-0.753107,-0.269331,0.183622
1540581030.839527883,-4.055646,13.953807,-0.038802,0.569974,-0.756614,-0.260304,0.186832
1540581030.872055820,-4.060717,13.964965,-0.039917,0.568994,-0.759985,-0.249877,0.190343
1540581030.905502531,-4.079822,14.003118,-0.042393,0.569766,-0.760443,-0.244538,0.193119
1540581030.939747330,-4.098736,14.032788,-0.043638,0.570135,-0.759574,-0.247285,0.191946
1540581030.973302941,-4.098737,14.036701,-0.042656,0.571025,-0.756590,-0.256702,0.188696
1540581031.005607715,-4.108043,14.048758,-0.040175,0.571999,-0.753637,-0.265594,0.185225
1540581031.039825363,-4.110216,14.053786,-0.032812,0.572836,-0.752232,-0.269477,0.182723
1540581031.072234349,-4.112124,14.066569,-0.033911,0.572553,-0.753589,-0.266648,0.182169
1540581031.108263348,-4.111661,14.070803,-0.032944,0.571869,-0.757197,-0.257239,0.182887
1540581031.139327722,-4.119039,14.084876,-0.034287,0.571748,-0.760235,-0.247097,0.184635
1540581031.171410233,-4.139649,14.118182,-0.034863,0.571963,-0.762824,-0.237612,0.185737
1540581031.204704969,-4.152352,14.138466,-0.036231,0.571903,-0.764939,-0.231082,0.185461
1540581031.238480793,-4.168617,14.161403,-0.037901,0.572945,-0.764662,-0.230310,0.184343
1540581031.271392042,-4.176005,14.170918,-0.037329,0.574459,-0.763186,-0.233264,0.182020
1540581031.304981566,-4.195438,14.197688,-0.038108,0.575497,-0.762107,-0.236543,0.179009
1540581031.340827064,-4.217148,14.229780,-0.039080,0.576392,-0.761173,-0.239138,0.176636
1540581031.374461750,-4.223131,14.236551,-0.039947,0.577628,-0.760177,-0.240675,0.174792
1540581031.407168087,-4.235784,14.256380,-0.042208,0.578342,-0.759340,-0.242818,0.173099
1540581031.441663298,-4.250973,14.276677,-0.043220,0.579129,-0.758219,-0.246522,0.170115
1540581031.475212734,-4.256000,14.276711,-0.043056,0.579864,-0.756652,-0.251845,0.166763
1540581031.509092183,-4.258474,14.276683,-0.042268,0.579968,-0.754889,-0.259366,0.162818
1540581031.541221794,-4.276548,14.297632,-0.038970,0.579682,-0.754057,-0.265174,0.158274
1540581031.576549980,-4.308722,14.343825,-0.036070,0.579062,-0.754838,-0.265901,0.155576
1540581031.611513204,-4.338054,14.390801,-0.034011,0.578665,-0.757162,-0.260155,0.155475
1540581031.641107640,-4.327876,14.379419,-0.032986,0.578071,-0.760751,-0.250347,0.156264
1540581031.674246727,-4.321127,14.373472,-0.033314,0.577320,-0.764904,-0.238110,0.157886
1540581031.707315238,-4.291181,14.317058,-0.037477,0.578044,-0.766441,-0.231103,0.158193
1540581031.741538449,-4.237064,14.248652,-0.044840,0.577763,-0.766467,-0.232167,0.157533
1540581031.774918973,-4.137099,14.091291,-0.044186,0.576483,-0.766232,-0.236562,0.156822
1540581031.808796559,-4.191629,14.167968,-0.045254,0.577024,-0.765115,-0.239988,0.155074
1540581031.842140733,-4.233843,14.238131,-0.046531,0.576114,-0.765260,-0.241239,0.155801
1540581031.876049469,-4.244412,14.259028,-0.046298,0.574354,-0.767414,-0.237480,0.157473
1540581031.909299430,-4.247990,14.259830,-0.045145,0.574774,-0.767917,-0.233018,0.160127
1540581031.943244491,-4.249057,14.249723,-0.044310,0.574661,-0.768925,-0.227587,0.163474
1540581031.976172665,-4.270502,14.275147,-0.044650,0.573519,-0.770251,-0.224093,0.166043
1540581032.010110676,-4.254400,14.258241,-0.043829,0.574294,-0.768194,-0.226693,0.169335
1540581032.043929112,-4.262467,14.265609,-0.044864,0.575281,-0.765419,-0.232075,0.171249
1540581032.077853486,-4.268330,14.275289,-0.047552,0.575386,-0.762393,-0.240876,0.172242
1540581032.110410185,-4.276276,14.288570,-0.049406,0.575947,-0.758823,-0.250143,0.172918
1540581032.145188634,-4.295064,14.319117,-0.049951,0.576894,-0.755091,-0.257899,0.174697
1540581032.178869120,-4.307340,14.339117,-0.050931,0.576489,-0.753624,-0.261175,0.177478
1540581032.211663556,-4.345430,14.388651,-0.051412,0.575531,-0.753863,-0.259864,0.181453
1540581032.246353555,-4.372978,14.432292,-0.054345,0.574729,-0.754762,-0.255797,0.185981
1540581032.278731028,-4.380159,14.444220,-0.053626,0.573629,-0.755725,-0.252501,0.189929
1540581032.312516377,-4.406525,14.483427,-0.053406,0.572219,-0.755855,-0.253579,0.192215
1540581032.347084126,-4.476247,14.585938,-0.053299,0.570682,-0.753977,-0.262386,0.192339
1540581032.380457225,-4.485638,14.602634,-0.049553,0.569670,-0.752534,-0.267436,0.194025
1540581032.415141611,-4.476799,14.597888,-0.044607,0.568805,-0.752489,-0.267826,0.196188
1540581032.447078197,-4.488505,14.626310,-0.043872,0.567573,-0.754545,-0.263081,0.198272
1540581032.481419083,-4.487879,14.629211,-0.044390,0.566401,-0.756972,-0.256310,0.201217
1540581032.514062557,-4.498949,14.643906,-0.045711,0.566774,-0.755883,-0.257822,0.202326
1540581032.548649381,-4.525256,14.673928,-0.045712,0.568179,-0.751815,-0.268460,0.199688
1540581032.581473979,-4.518771,14.664885,-0.045175,0.569328,-0.746944,-0.281949,0.196076
1540581032.615902203,-4.520424,14.671458,-0.047252,0.570240,-0.743172,-0.291209,0.194215
1540581032.649914477,-4.531739,14.696135,-0.044724,0.570310,-0.743784,-0.289863,0.193676
1540581032.682723263,-4.529703,14.696733,-0.044060,0.569624,-0.747574,-0.280545,0.194826
1540581032.716414037,-4.516714,14.674676,-0.042071,0.568556,-0.751915,-0.269282,0.197118
1540581032.748777236,-4.536879,14.710725,-0.040618,0.568113,-0.754165,-0.263611,0.197461
1540581032.782833609,-4.541562,14.717135,-0.040701,0.569316,-0.753275,-0.265163,0.195307
1540581032.816324383,-4.546840,14.723272,-0.040804,0.569798,-0.751795,-0.269328,0.193900
1540581032.850034519,-4.551615,14.727865,-0.041088,0.569945,-0.750307,-0.275278,0.190849
1540581032.883071230,-4.566213,14.744583,-0.042884,0.570660,-0.748896,-0.278856,0.189053
1540581032.917295617,-4.593055,14.788634,-0.044832,0.570377,-0.749631,-0.277950,0.188329
1540581032.950386290,-4.609940,14.813076,-0.044684,0.570071,-0.751474,-0.274349,0.187184
1540581032.984462527,-4.617344,14.819779,-0.042198,0.569758,-0.753593,-0.269325,0.186918
1540581033.017538775,-4.621750,14.823693,-0.042519,0.570026,-0.753924,-0.268982,0.185249
1540581033.051575174,-4.620630,14.816313,-0.041312,0.570693,-0.753318,-0.271381,0.182138
1540581033.085305723,-4.625052,14.814395,-0.041345,0.571259,-0.753468,-0.271174,0.180036
1540581033.118699096,-4.649272,14.849948,-0.043097,0.571438,-0.754390,-0.269264,0.178470
1540581033.151663308,-4.652249,14.862907,-0.050800,0.570280,-0.756493,-0.267118,0.176483
1540581033.185910594,-4.654222,14.852705,-0.050548,0.570823,-0.757436,-0.264609,0.174454
1540581033.220265680,-4.637951,14.834732,-0.053318,0.571788,-0.756897,-0.266048,0.171417
1540581033.252904341,-4.626247,14.823267,-0.054717,0.572761,-0.755215,-0.270742,0.168207
1540581033.287810202,-4.627514,14.817329,-0.056315,0.573390,-0.752940,-0.277701,0.164883
1540581033.321009364,-4.637961,14.821210,-0.056955,0.574253,-0.750348,-0.285320,0.160636
1540581033.354678062,-4.637272,14.811519,-0.056327,0.574768,-0.748037,-0.292292,0.156996
1540581033.387140686,-4.636042,14.801973,-0.055891,0.574895,-0.745757,-0.298918,0.154891
1540581033.421596572,-4.643817,14.806902,-0.057762,0.575066,-0.742604,-0.307729,0.152120
1540581033.456054496,-4.655151,14.803336,-0.057596,0.575540,-0.740098,-0.313917,0.149880
1540581033.488122982,-4.663871,14.805217,-0.059411,0.575921,-0.738452,-0.317507,0.148976
1540581033.523487981,-4.669996,14.805591,-0.060265,0.575157,-0.737894,-0.320287,0.148739
1540581033.555789905,-4.673152,14.806390,-0.059663,0.575448,-0.737307,-0.320702,0.149626
1540581033.594231191,-4.675858,14.807401,-0.059624,0.576385,-0.736238,-0.320583,0.151529
1540581033.660745188,-4.675025,14.800689,-0.062094,0.574553,-0.736747,-0.321834,0.153351
1540581033.691660687,-4.675224,14.804647,-0.062946,0.574765,-0.735965,-0.322666,0.154558
1540581033.742121260,-4.677469,14.803643,-0.063051,0.575521,-0.735241,-0.323681,0.153056
1540581033.773514221,-4.676418,14.799636,-0.062657,0.575500,-0.734901,-0.325104,0.151750
1540581033.806789170,-4.676421,14.797310,-0.063419,0.575851,-0.734072,-0.326804,0.150777
1540581033.840274819,-4.675406,14.794738,-0.063190,0.575894,-0.734304,-0.326339,0.150486
1540581033.874051355,-4.674463,14.795120,-0.063089,0.575635,-0.735135,-0.324717,0.150927
1540581033.906999216,-4.672439,14.794864,-0.061984,0.576052,-0.735752,-0.322422,0.151251
1540581033.975596639,-4.670977,14.794896,-0.060693,0.576081,-0.737104,-0.318711,0.152418
1540581034.006755550,-4.668076,14.789917,-0.058778,0.576245,-0.737702,-0.317276,0.151899
1540581034.041160874,-4.667956,14.790090,-0.058637,0.576629,-0.738585,-0.314476,0.151973
1540581034.073744485,-4.667892,14.790059,-0.058621,0.576875,-0.740277,-0.309618,0.152778
1540581034.107239709,-4.667907,14.790808,-0.059077,0.576861,-0.742471,-0.303465,0.154526
1540581034.139966357,-4.667724,14.791377,-0.059543,0.576737,-0.744427,-0.298061,0.156086
1540581034.173779144,-4.667545,14.791895,-0.059933,0.576591,-0.746022,-0.293345,0.157932
1540581034.206723380,-4.667529,14.792416,-0.060190,0.576354,-0.747170,-0.289630,0.160208
1540581034.240508929,-4.667094,14.792740,-0.060112,0.576459,-0.747469,-0.288010,0.161356
1540581034.274178877,-4.666927,14.793671,-0.060642,0.576735,-0.747022,-0.288235,0.162036
1540581034.306881889,-4.667090,14.794282,-0.061278,0.576637,-0.746086,-0.290862,0.162003
1540581034.340174437,-4.667435,14.794637,-0.061310,0.576893,-0.744332,-0.295450,0.160852
1540581034.374398499,-4.668119,14.795141,-0.060630,0.577042,-0.743333,-0.297987,0.160258
1540581034.407664597,-4.668783,14.796014,-0.059660,0.577074,-0.744189,-0.295830,0.160168
1540581034.441750408,-4.669488,14.796792,-0.058592,0.576992,-0.746771,-0.288791,0.161286
1540581034.473844807,-4.669723,14.795771,-0.057351,0.576796,-0.749111,-0.282756,0.161827
1540581034.507305356,-4.670908,14.795290,-0.056825,0.576685,-0.749956,-0.281443,0.160591
1540581034.540859930,-4.672158,14.792621,-0.056089,0.576844,-0.749802,-0.282720,0.158482
1540581034.574220291,-4.673956,14.788618,-0.055566,0.578063,-0.749073,-0.283193,0.156632
1540581034.607333140,-4.676805,14.785779,-0.055898,0.579143,-0.748885,-0.282393,0.154980
1540581034.641457026,-4.679378,14.787238,-0.057627,0.578811,-0.749638,-0.281508,0.154191
1540581034.674809087,-4.681245,14.786419,-0.058123,0.578888,-0.750003,-0.280695,0.153607
1540581034.707456436,-4.683524,14.785773,-0.058808,0.579278,-0.749470,-0.281817,0.152678
1540581034.740965185,-4.684619,14.785514,-0.059673,0.579290,-0.749127,-0.283196,0.151763
1540581034.774789871,-4.686496,14.785564,-0.060408,0.579416,-0.749090,-0.283275,0.151314
1540581034.807587119,-4.687288,14.785439,-0.060547,0.579727,-0.749018,-0.283063,0.150877
1540581034.841268256,-4.688047,14.785680,-0.060440,0.579668,-0.749508,-0.281915,0.150818
1540581034.876222167,-4.688853,14.786119,-0.060311,0.579702,-0.749946,-0.280763,0.150665
1540581034.907653653,-4.689641,14.786474,-0.060251,0.579962,-0.749885,-0.280635,0.150200
1540581034.942013189,-4.690507,14.786537,-0.060364,0.580066,-0.749597,-0.281382,0.149838
1540581034.974465038,-4.691227,14.786454,-0.060657,0.580017,-0.749384,-0.282274,0.149417
1540581035.007706974,-4.691725,14.786509,-0.060882,0.580079,-0.749263,-0.282667,0.149042
1540581035.041746386,-4.692043,14.786819,-0.061002,0.580198,-0.749322,-0.282247,0.149076
1540581035.074298122,-4.692123,14.787325,-0.061040,0.580317,-0.749348,-0.282106,0.148749
1540581035.109003783,-4.692263,14.787910,-0.061030,0.580357,-0.749551,-0.281491,0.148733
1540581035.141162032,-4.692464,14.788453,-0.061000,0.580466,-0.749732,-0.280654,0.148977
1540581035.175984718,-4.692682,14.788993,-0.061131,0.580426,-0.749963,-0.280144,0.148933
1540581035.208029779,-4.692934,14.789691,-0.061221,0.580308,-0.750241,-0.279480,0.149239
1540581035.241450240,-4.693194,14.790542,-0.061157,0.580534,-0.750279,-0.278906,0.149243
1540581035.276341764,-4.693416,14.791346,-0.061043,0.580569,-0.750667,-0.277755,0.149303
1540581035.307991750,-4.693655,14.791601,-0.061038,0.580451,-0.751184,-0.276530,0.149431
1540581035.341553349,-4.693846,14.792130,-0.060979,0.580499,-0.751488,-0.275564,0.149505
1540581035.375100335,-4.694040,14.792494,-0.061097,0.580530,-0.751534,-0.275534,0.149206
1540581035.408408659,-4.694369,14.792754,-0.061299,0.580557,-0.751182,-0.276691,0.148735
1540581035.441770445,-4.694829,14.792856,-0.061583,0.580697,-0.750640,-0.278018,0.148447
1540581035.474980282,-4.695092,14.793178,-0.061846,0.580758,-0.750332,-0.278813,0.148271
1540581035.507654818,-4.695228,14.793558,-0.062035,0.580758,-0.750356,-0.278752,0.148271
1540581035.541627229,-4.695306,14.794027,-0.062179,0.580747,-0.750463,-0.278386,0.148453
1540581035.574889165,-4.695074,14.793991,-0.062417,0.580913,-0.750151,-0.279026,0.148183
