1540581198.713383292,0.000000,0.000000,0.000000,0.599078,-0.800241,0.026805,0.000000
1540581198.751420178,-0.000005,-0.000104,0.000086,0.599027,-0.800259,0.027416,0.000735
1540581198.781283027,0.000003,-0.000625,0.000311,0.599325,-0.800031,0.027521,0.001947
1540581198.813160126,0.000094,-0.001388,0.000328,0.599312,-0.800063,0.026784,0.002629
1540581198.847345449,0.000925,-0.002403,-0.000731,0.599007,-0.800326,0.025651,0.003221
1540581198.884486260,0.003729,-0.003103,-0.001500,0.598736,-0.800460,0.027537,0.004563
1540581198.914092934,-0.002188,-0.004130,-0.002570,0.599080,-0.800345,0.023300,-0.002945
1540581198.947687821,-0.002177,-0.004053,-0.002772,0.599212,-0.800184,0.025457,-0.001563
1540581198.983878557,-0.002754,-0.005781,-0.002176,0.599055,-0.800295,0.025625,-0.001999
1540581199.014410755,-0.003372,-0.005904,-0.001579,0.598930,-0.800350,0.026748,-0.002551
1540581199.047851554,-0.004389,-0.005854,-0.001185,0.598595,-0.800469,0.030479,-0.002231
1540581199.081376365,-0.004675,-0.003515,-0.002103,0.598216,-0.800622,0.033795,-0.000485
1540581199.114303377,-0.003578,-0.005806,-0.002541,0.597876,-0.800787,0.035835,0.000266
1540581199.148182725,-0.003910,-0.007336,-0.002515,0.597183,-0.801123,0.039670,0.000265
1540581199.182443737,-0.004623,-0.008507,-0.002337,0.596348,-0.801434,0.045496,0.001591
1540581199.215742248,-0.005057,-0.009325,-0.001975,0.596577,-0.800957,0.050568,0.002756
1540581199.250664096,-0.005592,-0.009934,-0.002140,0.596597,-0.800689,0.054390,0.003379
1540581199.282628670,-0.006221,-0.011378,-0.002632,0.595694,-0.801114,0.057858,0.004104
1540581199.317154731,-0.006681,-0.013355,-0.002977,0.595633,-0.800557,0.065502,0.006335
1540581199.349576230,-0.006806,-0.015611,-0.004047,0.595347,-0.799973,0.074303,0.009162
1540581199.383705191,-0.007153,-0.018585,-0.006016,0.594607,-0.799886,0.080622,0.011204
1540581199.417343840,-0.007761,-0.021903,-0.008251,0.595555,-0.798969,0.082495,0.012539
1540581199.450501451,-0.007414,-0.025612,-0.010909,0.596183,-0.798847,0.079153,0.012017
1540581199.487271637,-0.004840,-0.030738,-0.014144,0.595819,-0.799918,0.071083,0.008834
1540581199.517966861,0.001067,-0.032336,-0.016295,0.596545,-0.799828,0.066021,0.007108
1540581199.553971410,0.064561,-0.027812,-0.011046,0.597882,-0.799080,0.063164,0.004170
1540581199.585544371,0.038126,-0.011459,0.000124,0.595419,-0.800249,0.070455,0.010629
1540581199.619542020,0.028428,-0.010220,0.001118,0.593956,-0.800927,0.074578,0.013060
1540581199.652657044,0.031521,-0.011161,0.002380,0.593653,-0.800673,0.079143,0.015350
1540581199.687554492,0.042406,-0.011050,0.006608,0.588613,-0.803980,0.082836,0.017030
1540581199.719629391,0.062396,-0.021530,0.011622,0.587833,-0.804837,0.080564,0.014099
1540581199.754606990,0.060890,-0.020572,0.011686,0.588034,-0.805099,0.076492,0.013412
1540581199.786981051,0.060046,-0.019516,0.011187,0.587892,-0.805851,0.069681,0.011456
1540581199.820506287,0.059885,-0.014613,0.010216,0.587814,-0.806471,0.063164,0.009506
1540581199.855198198,0.096510,-0.004363,0.007487,0.590045,-0.805202,0.058346,0.009602
1540581199.887840560,0.119475,-0.005914,0.006230,0.591181,-0.804581,0.055062,0.011035
1540581199.922180233,0.127279,-0.014788,0.006482,0.594337,-0.802463,0.051946,0.010876
1540581199.955661532,0.163410,-0.058618,0.018404,0.595942,-0.801387,0.049882,0.012005
1540581199.988488881,0.173720,-0.058619,0.017643,0.594518,-0.802513,0.048739,0.012076
1540581200.024458729,0.224271,-0.072395,0.024873,0.579857,-0.813112,0.049423,0.013093
1540581200.055296178,0.228370,-0.078064,0.021262,0.579170,-0.813745,0.047207,0.012338
1540581200.089249839,0.188227,-0.107412,0.030783,0.574492,-0.817347,0.042219,0.010958
1540581200.123297226,0.172503,-0.114084,0.034814,0.574531,-0.817543,0.037613,0.011075
1540581200.157273049,0.170643,-0.044931,0.009228,0.584569,-0.810455,0.035220,0.014165
1540581200.190994186,0.152316,-0.034985,0.008660,0.588060,-0.807654,0.038891,0.019173
1540581200.224223484,0.167448,-0.060842,0.011229,0.589953,-0.806022,0.042082,0.022653
1540581200.257519258,0.196576,-0.068861,0.013750,0.588304,-0.807078,0.044039,0.024161
1540581200.291303382,0.223733,-0.094652,0.025033,0.584867,-0.809716,0.041686,0.023535
1540581200.324039356,0.194447,-0.100479,0.029726,0.582782,-0.811499,0.035249,0.024329
1540581200.359585942,0.188112,-0.072992,0.025894,0.582378,-0.811835,0.031398,0.027819
1540581200.391267928,0.168257,-0.062731,0.025384,0.581666,-0.812412,0.026386,0.030903
1540581200.425791589,0.147659,-0.051618,0.022859,0.583146,-0.811157,0.025814,0.036049
1540581200.458559000,0.166511,-0.074100,0.033561,0.581989,-0.811955,0.024043,0.037947
1540581200.492319462,0.188654,-0.106246,0.032004,0.583432,-0.810797,0.021006,0.042109
1540581200.525607323,0.214198,-0.149353,0.044882,0.581418,-0.812177,0.018016,0.044691
1540581200.563165134,0.213873,-0.157906,0.043135,0.581665,-0.812021,0.010897,0.046576
1540581200.593219383,0.178208,-0.071079,0.030825,0.580044,-0.813119,0.002388,0.048801
1540581200.626569119,0.184944,-0.055250,0.036238,0.579342,-0.813574,-0.006046,0.049237
1540581200.660277068,0.185969,-0.044366,0.034846,0.579573,-0.813254,-0.011640,0.050769
1540581200.694602279,0.187669,-0.032090,0.033632,0.579121,-0.813337,-0.012551,0.054268
1540581200.728028465,0.224481,-0.021170,0.038079,0.579144,-0.813026,-0.009998,0.058999
1540581200.761962201,0.231491,-0.008214,0.036565,0.579257,-0.812781,-0.011417,0.060967
1540581200.795142863,0.268671,0.007576,0.029808,0.580129,-0.811841,-0.010400,0.065240
1540581200.830105249,0.277872,0.030307,0.032761,0.579300,-0.812338,-0.009144,0.066604
1540581200.862644347,0.293348,0.055410,0.036183,0.578493,-0.812921,-0.007036,0.066749
1540581200.895780796,0.308247,0.083616,0.037386,0.577371,-0.813750,-0.005292,0.066534
1540581200.929340107,0.324844,0.109987,0.038929,0.577020,-0.814061,-0.004710,0.065808
1540581200.963444181,0.369714,0.144010,0.039849,0.576819,-0.814189,-0.005750,0.065902
1540581200.997166605,0.424162,0.244685,0.028951,0.579686,-0.811687,-0.005194,0.071425
1540581201.067890215,0.495873,0.287970,0.031141,0.585376,-0.806783,0.005278,0.080049
1540581201.097518551,0.547983,0.337931,0.028834,0.584358,-0.808194,0.002774,0.073077
1540581201.132802675,0.574010,0.362938,0.031197,0.582598,-0.809456,0.005186,0.073028
1540581201.197967272,0.554712,0.319603,0.037800,0.582356,-0.809964,0.006049,0.069160
1540581201.231187971,0.529570,0.272544,0.045930,0.584029,-0.808779,0.008168,0.068708
1540581201.280715857,0.577663,0.365749,0.052123,0.583960,-0.809316,0.004589,0.063064
1540581201.314859580,0.611548,0.422796,0.061094,0.583426,-0.810082,0.000519,0.058144
1540581201.348816529,0.614726,0.425397,0.068307,0.583557,-0.810314,-0.000917,0.053403
1540581201.400504552,0.512626,0.244370,0.054410,0.582307,-0.811564,0.003288,0.047674
1540581201.449466088,0.587032,0.349209,0.067145,0.582292,-0.811890,0.008787,0.041155
1540581201.482553561,0.617790,0.390477,0.069162,0.583000,-0.811608,0.008936,0.036373
1540581201.514910335,0.650216,0.427328,0.074111,0.582622,-0.812092,0.009285,0.031181
1540581201.549389434,0.626776,0.391783,0.067785,0.582371,-0.812385,0.011910,0.027069
1540581201.581570908,0.638540,0.403778,0.065813,0.582814,-0.812136,0.014327,0.023609
1540581201.615436969,0.688527,0.468594,0.070951,0.582192,-0.812641,0.016541,0.019844
1540581201.648676592,0.704363,0.486374,0.068784,0.582179,-0.812708,0.018129,0.015643
1540581201.683748591,0.749482,0.542945,0.068220,0.583185,-0.812029,0.019371,0.011349
1540581201.714962540,0.785063,0.588507,0.068452,0.583047,-0.812135,0.020733,0.008005
1540581201.747723389,0.812968,0.628818,0.068230,0.583060,-0.812174,0.019989,0.003726
1540581201.781620362,0.836588,0.664811,0.065695,0.583682,-0.811762,0.018922,-0.000056
1540581201.814445161,0.863125,0.703976,0.072843,0.582871,-0.812393,0.013460,-0.009865
1540581201.847543722,0.862512,0.713772,0.069706,0.582677,-0.812507,0.011395,-0.013785
1540581201.881750796,0.853283,0.698402,0.064337,0.582914,-0.812293,0.011216,-0.016321
1540581201.915339495,0.855685,0.702424,0.059698,0.583463,-0.811838,0.012989,-0.017950
1540581201.948437031,0.872836,0.724719,0.053763,0.584262,-0.811172,0.016770,-0.018887
1540581201.982740542,0.893386,0.749074,0.054347,0.584872,-0.810602,0.022457,-0.018574
1540581202.015411504,0.914437,0.774363,0.053186,0.585498,-0.810009,0.027955,-0.017223
1540581202.048524452,0.933413,0.797655,0.053574,0.586062,-0.809456,0.032648,-0.015741
1540581202.081465826,0.947779,0.834782,0.065177,0.586066,-0.809372,0.034543,-0.015809
1540581202.115221512,0.963056,0.862365,0.066595,0.586829,-0.808852,0.034212,-0.014850
1540581202.148701786,0.955733,0.877279,0.064708,0.587725,-0.808303,0.032411,-0.013203
1540581202.181434360,0.957382,0.906943,0.043579,0.589143,-0.807424,0.029511,-0.010270
1540581202.214700008,0.971446,0.932949,0.042086,0.589576,-0.807295,0.023573,-0.010891
1540581202.248420470,0.947347,0.942127,0.028453,0.590030,-0.807122,0.017160,-0.011096
1540581202.281417793,0.777359,0.681778,0.026730,0.590290,-0.807071,0.012060,-0.007022
1540581202.315294780,0.738154,0.653592,0.030335,0.588981,-0.808066,0.009902,-0.005743
1540581202.348008703,0.730902,0.652102,0.042624,0.590705,-0.806863,0.003751,-0.005120
1540581202.382190602,0.735081,0.684799,0.046611,0.589918,-0.807455,0.003678,0.000138
1540581202.414621913,0.736143,0.711284,0.052084,0.588958,-0.808140,0.003322,0.005185
1540581202.447913387,0.731543,0.731771,0.024307,0.590461,-0.806980,0.003099,0.011361
1540581202.482499898,0.771617,0.893286,-0.011923,0.595203,-0.803397,-0.000428,0.016935
1540581202.517966072,0.817784,1.097718,-0.038752,0.595273,-0.803185,-0.005277,0.022722
1540581202.548320121,0.834088,1.159510,-0.050838,0.595461,-0.802882,-0.010063,0.026558
1540581202.582517069,0.844235,1.201194,-0.060573,0.595373,-0.802700,-0.014062,0.031701
1540581202.618131181,0.854764,1.260798,-0.071162,0.595843,-0.802051,-0.018592,0.036603
1540581202.648390379,0.855551,1.320949,-0.086712,0.593581,-0.803353,-0.020137,0.043362
1540581202.681714941,0.860734,1.347897,-0.093092,0.592915,-0.803537,-0.024365,0.046760
1540581202.715214839,0.855134,1.383275,-0.101687,0.591104,-0.804504,-0.022428,0.053536
1540581202.750519600,0.869992,1.437755,-0.115113,0.591580,-0.803827,-0.020502,0.058954
1540581202.783396687,0.875037,1.479122,-0.120936,0.590152,-0.804649,-0.018931,0.062477
1540581202.815798723,0.884724,1.521764,-0.127068,0.590616,-0.804141,-0.021419,0.063799
1540581202.850045122,0.900837,1.603512,-0.134467,0.591696,-0.802992,-0.026585,0.066282
1540581202.883187445,0.901656,1.645786,-0.137825,0.591817,-0.802511,-0.034037,0.067603
1540581202.920373531,0.911556,1.699242,-0.144583,0.592021,-0.802064,-0.040046,0.067834
1540581202.948403205,0.914061,1.756989,-0.153638,0.593222,-0.801028,-0.039208,0.070029
1540581202.981925092,0.923993,1.793642,-0.147482,0.592543,-0.801254,-0.037923,0.073809
1540581203.015981328,0.931013,1.835834,-0.145356,0.592843,-0.800957,-0.036719,0.075206
1540581203.048424889,0.942299,1.873581,-0.146567,0.592660,-0.801027,-0.035023,0.076706
1540581203.082139113,0.952341,1.915370,-0.147950,0.592607,-0.801016,-0.033077,0.078078
1540581203.114936187,0.956086,1.952584,-0.157047,0.593789,-0.800184,-0.031091,0.078448
1540581203.153867810,0.963488,1.987548,-0.159229,0.593852,-0.800149,-0.031128,0.078304
1540581203.183422309,0.971547,2.017346,-0.143044,0.592346,-0.801336,-0.031252,0.077528
1540581203.215649570,0.974306,2.031230,-0.144978,0.592596,-0.801238,-0.030955,0.076740
1540581203.249871269,0.982259,2.070963,-0.150226,0.592503,-0.801358,-0.032913,0.075388
1540581203.282548130,0.988923,2.107963,-0.154969,0.592143,-0.801750,-0.036523,0.072319
1540581203.315630391,0.994789,2.144020,-0.153169,0.591693,-0.802247,-0.040497,0.068255
1540581203.348931078,0.997156,2.163595,-0.151002,0.592093,-0.802239,-0.039671,0.065305
1540581203.384122351,0.984292,2.093712,-0.140903,0.592499,-0.802388,-0.036185,0.061709
1540581203.416952975,0.986758,2.080018,-0.149514,0.594082,-0.801533,-0.034774,0.058333
1540581203.449633199,0.996806,2.133200,-0.153551,0.594407,-0.801685,-0.031729,0.054543
1540581203.483489310,0.984332,2.065676,-0.147860,0.595939,-0.800911,-0.022158,0.053921
1540581203.518084609,0.989818,1.994019,-0.122720,0.595054,-0.801888,-0.012368,0.052283
1540581203.551542970,1.027729,1.938960,-0.057615,0.589922,-0.805752,-0.009726,0.051582
1540581203.583966131,1.014376,1.888364,-0.054845,0.589760,-0.806124,-0.009690,0.047478
1540581203.618148905,1.079624,1.979362,-0.036965,0.587818,-0.807809,-0.010649,0.042447
1540581203.651354854,1.092768,2.007234,-0.045117,0.588012,-0.807818,-0.006525,0.040371
1540581203.684400777,1.125132,2.074066,-0.040366,0.586983,-0.808676,-0.000454,0.038652
1540581203.718239051,1.149403,2.114698,-0.034453,0.587933,-0.808077,0.003691,0.036521
1540581203.751360987,1.183585,2.208535,-0.028662,0.588493,-0.807763,0.004673,0.034247
1540581203.784610924,1.209689,2.290467,-0.026833,0.588854,-0.807616,0.003115,0.031572
1540581203.818934035,1.221216,2.357130,-0.016935,0.590044,-0.806893,-0.000006,0.027785
1540581203.851990671,1.238525,2.401885,-0.017584,0.591336,-0.805991,-0.001305,0.026424
1540581203.888537245,1.256576,2.440705,-0.021079,0.592172,-0.805398,0.000895,0.025801
1540581203.919092556,1.272627,2.468755,-0.027456,0.593843,-0.804207,0.002607,0.024405
1540581203.954644417,1.292644,2.516794,-0.035601,0.595280,-0.803119,0.004970,0.024824
1540581203.987494116,1.313397,2.588263,-0.038540,0.596647,-0.802104,0.004767,0.024879
1540581204.019936715,1.330382,2.595341,-0.029510,0.597437,-0.801610,0.000892,0.022139
1540581204.054007701,1.329752,2.605045,-0.032551,0.597808,-0.801300,0.000125,0.023320
1540581204.088108224,1.325457,2.655569,-0.048428,0.598586,-0.800666,-0.000208,0.025056
1540581204.120879273,1.313970,2.705026,-0.068417,0.599388,-0.800025,-0.001790,0.026292
1540581204.156018234,1.305317,2.758268,-0.073427,0.598980,-0.800249,-0.005506,0.028180
1540581204.188867371,1.313031,2.863441,-0.091722,0.598747,-0.800290,-0.008620,0.031035
1540581204.222788482,1.337224,2.945456,-0.090158,0.597794,-0.800812,-0.009122,0.035486
1540581204.255781456,1.354032,2.999645,-0.096686,0.596272,-0.801744,-0.009484,0.039690
1540581204.288678229,1.329188,2.999173,-0.103465,0.595572,-0.802243,-0.014932,0.038440
1540581204.322494353,1.330916,3.015141,-0.100125,0.594988,-0.802459,-0.016267,0.042239
1540581204.356496902,1.331165,3.045444,-0.093342,0.594081,-0.802846,-0.018682,0.046444
1540581204.391933313,1.286526,3.061334,-0.085202,0.592562,-0.803766,-0.020529,0.049078
1540581204.423007062,1.283386,3.073852,-0.074765,0.591698,-0.804098,-0.022989,0.052845
1540581204.456769698,1.287719,3.080763,-0.088374,0.592297,-0.803135,-0.028075,0.058055
1540581204.490834547,1.293683,3.103778,-0.098901,0.591298,-0.803448,-0.032094,0.061698
1540581204.524749608,1.325161,3.185205,-0.095102,0.590244,-0.803884,-0.029860,0.067010
1540581204.558749319,1.359667,3.309266,-0.112743,0.589598,-0.803990,-0.023429,0.073659
1540581204.591809055,1.368961,3.369352,-0.129554,0.587766,-0.804980,-0.018531,0.078702
1540581204.625228554,1.366753,3.406531,-0.130659,0.586988,-0.805215,-0.016755,0.082424
1540581204.658336515,1.323211,3.443422,-0.120465,0.587416,-0.804541,-0.018692,0.085478
1540581204.692357589,1.237516,3.460428,-0.137706,0.588416,-0.803387,-0.023919,0.088110
1540581204.725952238,1.211342,3.510105,-0.151971,0.587924,-0.803214,-0.028273,0.091613
1540581204.759787386,1.185699,3.587247,-0.159547,0.587629,-0.802970,-0.026555,0.096054
1540581204.792815548,1.179133,3.646737,-0.163106,0.587057,-0.802793,-0.025423,0.101202
1540581204.827037309,1.183827,3.708806,-0.167560,0.585810,-0.803186,-0.027083,0.104811
1540581204.861658082,1.183115,3.798527,-0.172643,0.585360,-0.803017,-0.030304,0.107702
1540581204.893872244,1.181941,3.847860,-0.175522,0.585732,-0.802287,-0.035836,0.109406
1540581204.928500367,1.196107,3.903801,-0.184150,0.587006,-0.800713,-0.044501,0.110913
1540581204.960919654,1.198355,3.967761,-0.194340,0.588295,-0.799368,-0.051300,0.110851
1540581204.994961402,1.176670,3.991642,-0.164285,0.588130,-0.799086,-0.060276,0.109230
1540581205.029658214,1.208182,3.966346,-0.168033,0.588527,-0.798354,-0.067735,0.108074
1540581205.063948175,1.224491,4.024395,-0.210385,0.588997,-0.797359,-0.072504,0.109748
1540581205.095355649,1.213176,4.125402,-0.220561,0.587870,-0.797462,-0.071642,0.115455
1540581205.128994060,1.216976,4.233975,-0.230601,0.587131,-0.797657,-0.075854,0.115179
1540581205.163074633,1.220670,4.329158,-0.237149,0.586147,-0.798195,-0.079236,0.114180
1540581205.196227257,1.220940,4.374723,-0.239300,0.585277,-0.798958,-0.079581,0.113070
1540581205.229980843,1.220919,4.421428,-0.241010,0.585001,-0.799180,-0.079662,0.112869
1540581205.264654405,1.221379,4.468804,-0.243516,0.585980,-0.798536,-0.082058,0.110607
1540581205.297427741,1.223264,4.513246,-0.247388,0.586404,-0.798409,-0.081770,0.109486
1540581205.330666740,1.226329,4.559623,-0.236901,0.585491,-0.799325,-0.075486,0.112167
1540581205.364316038,1.234145,4.604675,-0.234293,0.585863,-0.799241,-0.070157,0.114263
1540581205.397986412,1.277632,4.693800,-0.254359,0.585506,-0.800301,-0.064575,0.111939
1540581205.435375261,1.304539,4.749926,-0.265569,0.586337,-0.800007,-0.064642,0.109634
1540581205.465718134,1.310140,4.788214,-0.268547,0.587179,-0.799498,-0.065323,0.108427
1540581205.498835196,1.318027,4.829171,-0.273616,0.586818,-0.799967,-0.065678,0.106695
1540581205.532408532,1.298713,4.872408,-0.273398,0.587850,-0.799503,-0.063597,0.105749
1540581205.566994831,1.305818,4.977496,-0.277472,0.588963,-0.799156,-0.062336,0.102889
1540581205.601610092,1.321533,5.034942,-0.275944,0.589380,-0.799138,-0.063125,0.100123
1540581205.633699053,1.332233,5.077800,-0.281412,0.590295,-0.798746,-0.064233,0.097112
1540581205.669954802,1.344369,5.127611,-0.287253,0.591340,-0.798284,-0.063290,0.095151
1540581205.735437549,1.368698,5.219716,-0.295568,0.591994,-0.798647,-0.056508,0.092270
1540581205.785430585,1.366457,5.336706,-0.298999,0.593109,-0.798673,-0.043060,0.092130
1540581205.818662358,1.382182,5.383871,-0.302209,0.592516,-0.799484,-0.034237,0.092619
1540581205.851137995,1.404548,5.431251,-0.304190,0.592892,-0.799441,-0.028589,0.092497
1540581205.884930781,1.386431,5.470270,-0.302055,0.594271,-0.798837,-0.025671,0.089679
1540581205.917470917,1.411133,5.511575,-0.308271,0.593541,-0.799614,-0.025073,0.087730
1540581205.950717916,1.429132,5.559747,-0.308058,0.593665,-0.799604,-0.023439,0.087445
1540581205.984245952,1.456282,5.601263,-0.305234,0.592852,-0.800245,-0.021711,0.087540
1540581206.018146726,1.488219,5.648845,-0.300881,0.590637,-0.801850,-0.019660,0.088309
1540581206.084885036,1.553306,5.738249,-0.288219,0.587895,-0.803710,-0.015701,0.090460
1540581206.117548322,1.730257,5.729541,-0.194272,0.582650,-0.807620,-0.013664,0.089905
1540581206.150934983,1.794139,5.751986,-0.154549,0.581268,-0.808544,-0.009135,0.091110
1540581206.184344007,1.834382,5.773351,-0.153830,0.580574,-0.808919,-0.004103,0.092552
1540581206.219286481,1.922772,5.733662,-0.140982,0.579629,-0.809550,-0.001725,0.093038
1540581206.251657929,1.987925,5.763612,-0.105405,0.576959,-0.811454,-0.000768,0.093058
1540581206.284034078,2.069187,5.763207,-0.017967,0.577150,-0.811544,-0.003296,0.091009
1540581206.317684052,2.101959,5.795496,-0.022294,0.578113,-0.811138,-0.005760,0.088354
1540581206.350702688,2.129473,5.819198,-0.012471,0.577987,-0.811354,-0.003643,0.087312
1540581206.384563437,2.166334,5.775729,0.012177,0.578062,-0.811267,0.000138,0.087695
1540581206.417440748,2.157540,5.797810,-0.006609,0.578048,-0.811389,0.000549,0.086648
1540581206.450929784,2.140040,5.833290,-0.020306,0.578358,-0.811313,-0.002434,0.085250
1540581206.484944396,2.124692,5.886527,-0.032637,0.579309,-0.810835,-0.007303,0.083033
1540581206.518748282,2.112304,5.937416,-0.049998,0.580254,-0.810279,-0.013355,0.081085
1540581206.551577468,2.094934,5.991880,-0.062456,0.580751,-0.810000,-0.016167,0.079795
1540581206.584856854,2.079324,6.047866,-0.075331,0.581010,-0.809808,-0.015409,0.080011
1540581206.617614415,2.074710,6.096718,-0.078494,0.581110,-0.809729,-0.014287,0.080288
1540581206.651077439,2.048829,6.157725,-0.089187,0.581590,-0.809373,-0.015621,0.080149
1540581206.684923650,2.032610,6.211993,-0.106084,0.582567,-0.808517,-0.017459,0.081306
1540581206.718289262,2.016644,6.255061,-0.119494,0.582592,-0.808415,-0.019754,0.081617
1540581206.751524448,2.001417,6.304484,-0.124783,0.583356,-0.807776,-0.022216,0.081855
1540581206.784270947,1.958765,6.342515,-0.174646,0.584758,-0.806577,-0.024756,0.082937
1540581206.818217070,1.899288,6.355014,-0.236090,0.586512,-0.805035,-0.029994,0.083802
1540581206.852573144,1.838873,6.281515,-0.292096,0.588485,-0.803403,-0.035445,0.083503
1540581206.892726680,1.794383,6.106156,-0.289204,0.589060,-0.802526,-0.040105,0.085739
1540581206.952037278,1.758808,6.073194,-0.287094,0.587711,-0.803209,-0.042326,0.087522
1540581206.984977389,1.703991,5.846697,-0.267779,0.586860,-0.803687,-0.043488,0.088271
1540581207.018989575,1.666035,5.725439,-0.255124,0.585960,-0.804158,-0.045181,0.089103
1540581207.051311199,1.663507,5.731218,-0.249038,0.584279,-0.805203,-0.047375,0.089568
1540581207.084273760,1.592492,5.537727,-0.203958,0.586076,-0.803671,-0.052006,0.089010
1540581207.119144896,1.533708,5.426619,-0.189420,0.585732,-0.803842,-0.053473,0.088865
1540581207.151864170,1.500187,5.382109,-0.185329,0.585296,-0.804112,-0.055367,0.088130
1540581207.184413281,1.493564,5.394208,-0.184679,0.584956,-0.804191,-0.056233,0.089110
1540581207.219655080,1.485894,5.404800,-0.185124,0.585255,-0.803664,-0.058175,0.090647
1540581207.251891954,1.481235,5.415973,-0.186587,0.585045,-0.803564,-0.060035,0.091668
1540581207.284488640,1.477805,5.426922,-0.188028,0.584741,-0.803586,-0.058641,0.094281
1540581207.317958051,1.475248,5.437149,-0.189247,0.583938,-0.803927,-0.058036,0.096699
1540581207.351293612,1.473015,5.446522,-0.189811,0.583647,-0.803767,-0.060007,0.098560
1540581207.384841924,1.455587,5.351624,-0.197696,0.584412,-0.803209,-0.062303,0.097140
1540581207.418333322,1.436737,5.342368,-0.198554,0.584993,-0.802625,-0.066655,0.095568
1540581207.452409546,1.401776,5.356114,-0.202437,0.585630,-0.802719,-0.066139,0.091136
1540581207.486370095,1.386169,5.376485,-0.205785,0.585603,-0.802698,-0.064672,0.092530
1540581207.519161669,1.382096,5.383621,-0.207945,0.586149,-0.802107,-0.064587,0.094247
1540581207.553270980,1.378189,5.390494,-0.210452,0.586199,-0.801901,-0.064126,0.095980
1540581207.586426666,1.374398,5.396521,-0.212035,0.586292,-0.801557,-0.063365,0.098753
1540581207.619209927,1.371943,5.404632,-0.214541,0.586683,-0.801038,-0.064641,0.099811
1540581207.652255551,1.369508,5.408668,-0.215809,0.586855,-0.800843,-0.062352,0.101806
1540581207.684671212,1.349227,5.417942,-0.214804,0.586526,-0.801382,-0.054879,0.103747
1540581207.718614611,1.347711,5.434458,-0.217779,0.586533,-0.801162,-0.052088,0.106794
1540581207.752194972,1.345999,5.455850,-0.220505,0.586781,-0.800792,-0.051789,0.108348
1540581207.788351283,1.342330,5.490306,-0.222366,0.586785,-0.800484,-0.051680,0.110622
1540581207.821382507,1.337786,5.537120,-0.222738,0.586845,-0.800191,-0.053896,0.111366
1540581207.853862906,1.330722,5.569658,-0.225009,0.587121,-0.799733,-0.057810,0.111235
1540581207.888017367,1.318604,5.596260,-0.222822,0.586286,-0.799899,-0.064048,0.111027
1540581207.922055266,1.303201,5.599133,-0.220895,0.586532,-0.799271,-0.070174,0.110552
1540581207.957283127,1.298574,5.561148,-0.216459,0.585362,-0.799822,-0.072037,0.111566
1540581207.988652676,1.289799,5.523897,-0.208870,0.583626,-0.801100,-0.067613,0.114223
1540581208.019456074,1.272951,5.526512,-0.210552,0.581786,-0.802793,-0.061124,0.115382
1540581208.053667536,1.260955,5.554405,-0.210772,0.580267,-0.804067,-0.054494,0.117460
1540581208.087056022,1.240656,5.610700,-0.207291,0.578796,-0.805331,-0.049398,0.118310
1540581208.119718758,1.136571,5.867519,-0.176308,0.576838,-0.806942,-0.044958,0.118662
1540581208.153526944,1.117071,6.005376,-0.176037,0.578807,-0.805197,-0.048799,0.119409
1540581208.189402043,1.137933,5.955563,-0.173581,0.579782,-0.804206,-0.051698,0.120140
1540581208.220016492,1.140357,5.961823,-0.174103,0.579318,-0.804805,-0.050233,0.118977
1540581208.255538865,1.143128,5.967280,-0.172634,0.579550,-0.804939,-0.044044,0.119395
1540581208.288482039,1.138957,5.987528,-0.171530,0.579528,-0.805352,-0.041565,0.117592
1540581208.320796163,1.139330,6.000859,-0.171775,0.580089,-0.805241,-0.042892,0.115083
1540581208.355104124,1.138533,6.055264,-0.146966,0.581724,-0.804264,-0.047131,0.111959
1540581208.388024398,1.137105,6.085585,-0.141999,0.583427,-0.803213,-0.051050,0.108885
1540581208.421674184,1.155477,6.074681,-0.128002,0.584019,-0.803013,-0.052506,0.106464
1540581208.456100908,1.164390,6.074676,-0.126016,0.584466,-0.802887,-0.050136,0.106107
1540581208.490394807,1.171051,6.079909,-0.123366,0.585208,-0.802559,-0.048241,0.105370
1540581208.526337893,1.178912,6.096376,-0.118536,0.586123,-0.802105,-0.050389,0.102701
1540581208.556704741,1.183029,6.110660,-0.115035,0.587003,-0.801584,-0.052317,0.100770
1540581208.590358503,1.184991,6.131854,-0.110499,0.587986,-0.801058,-0.053964,0.098312
1540581208.624323139,1.188051,6.151113,-0.106343,0.588936,-0.800542,-0.054867,0.096311
1540581208.656536938,1.177897,6.178235,-0.109708,0.590049,-0.800091,-0.053705,0.093874
1540581208.691826161,1.169254,6.208245,-0.109261,0.590679,-0.800044,-0.052459,0.090973
1540581208.723900610,1.164226,6.229206,-0.110090,0.591086,-0.800070,-0.051323,0.088721
1540581208.757549421,1.156154,6.260913,-0.109474,0.590634,-0.800860,-0.046646,0.087169
1540581208.791198170,1.155537,6.278780,-0.105280,0.589478,-0.802130,-0.040542,0.086370
1540581208.824770056,1.156779,6.303297,-0.098087,0.589032,-0.802697,-0.036937,0.085760
1540581208.858837180,1.156765,6.325183,-0.091686,0.588193,-0.803527,-0.035743,0.084233
1540581208.892228591,1.155309,6.344375,-0.086739,0.586625,-0.804992,-0.033843,0.081937
1540581208.925678927,1.154542,6.365435,-0.081774,0.586435,-0.805396,-0.028977,0.081183
1540581208.959618864,1.158789,6.397559,-0.074518,0.586053,-0.805773,-0.025912,0.081250
1540581208.993740875,1.172813,6.416481,-0.069677,0.585483,-0.806146,-0.026248,0.081541
1540581209.027028199,1.177223,6.428436,-0.068908,0.585521,-0.806214,-0.027805,0.080075
1540581209.059769947,1.168177,6.420903,-0.073027,0.586597,-0.805566,-0.029027,0.078264
1540581209.094202496,1.159013,6.421795,-0.075039,0.587347,-0.805108,-0.034822,0.074914
1540581209.127651582,1.147136,6.459857,-0.074955,0.587386,-0.805153,-0.035873,0.073615
1540581209.161635243,1.139704,6.472342,-0.075553,0.587542,-0.805107,-0.033997,0.073765
1540581209.194355355,1.122274,6.480032,-0.078327,0.587381,-0.805345,-0.032465,0.073131
1540581209.228247566,1.111933,6.487187,-0.078901,0.587923,-0.804972,-0.033618,0.072358
1540581209.261929315,1.088989,6.519214,-0.088047,0.590561,-0.802859,-0.039002,0.071649
1540581209.295435526,1.081444,6.528567,-0.082052,0.592540,-0.801157,-0.046325,0.069979
1540581209.328877812,1.069934,6.550007,-0.085246,0.593120,-0.800468,-0.051345,0.069459
1540581209.362736811,1.058733,6.579134,-0.089669,0.593978,-0.799575,-0.053753,0.070575
1540581209.396149634,1.050821,6.598300,-0.091212,0.594492,-0.799020,-0.054768,0.071742
1540581209.430504546,1.043506,6.612808,-0.097031,0.595189,-0.798369,-0.053707,0.073979
1540581209.463240607,1.040353,6.626383,-0.099618,0.595217,-0.798216,-0.051712,0.076767
1540581209.496634706,1.030333,6.655395,-0.101215,0.595493,-0.797852,-0.049321,0.079919
1540581209.530518392,1.022571,6.683519,-0.103176,0.595669,-0.797514,-0.047482,0.083037
1540581209.563886978,1.017653,6.701681,-0.103424,0.595008,-0.797740,-0.045380,0.086702
1540581209.598117802,1.012334,6.722004,-0.103441,0.595094,-0.797309,-0.044760,0.090323
1540581209.630904888,1.007551,6.741866,-0.103695,0.594928,-0.796986,-0.047282,0.092946
1540581209.664596862,1.002963,6.761777,-0.103244,0.594037,-0.797124,-0.050251,0.095859
1540581209.698387060,1.039835,6.684686,-0.087274,0.593769,-0.796739,-0.052063,0.099671
1540581209.733208009,1.043653,6.685222,-0.085976,0.591905,-0.797529,-0.055497,0.102545
1540581209.766060683,1.036532,6.713940,-0.080404,0.589917,-0.798522,-0.056299,0.105787
1540581209.799026169,1.025073,6.761168,-0.078065,0.588485,-0.798932,-0.055626,0.110901
1540581209.832836655,1.013431,6.816937,-0.074823,0.586577,-0.799624,-0.059602,0.113912
1540581209.866538392,1.007858,6.823989,-0.076227,0.584770,-0.800265,-0.065551,0.115425
1540581209.900623515,1.015441,6.782858,-0.084100,0.584691,-0.799531,-0.068798,0.118967
1540581209.935011201,1.011562,6.801111,-0.084425,0.584137,-0.799149,-0.072127,0.122236
1540581209.967140800,1.009105,6.813840,-0.085610,0.583040,-0.799416,-0.075453,0.123715
1540581210.000388724,1.006472,6.831423,-0.086129,0.582927,-0.798960,-0.077404,0.125966
1540581210.035335235,1.003250,6.842170,-0.086530,0.583626,-0.797722,-0.080822,0.128408
1540581210.068515609,1.000245,6.851684,-0.087224,0.583151,-0.797686,-0.084936,0.128132
1540581210.101484270,0.997938,6.863927,-0.087213,0.582290,-0.798342,-0.082492,0.129551
1540581210.136055081,1.029096,6.975887,-0.063948,0.581141,-0.798167,-0.082387,0.135710
1540581210.204818416,1.009627,7.039694,-0.068667,0.581922,-0.797500,-0.087876,0.132806
1540581210.239657702,1.005399,7.059879,-0.066674,0.582344,-0.797302,-0.088366,0.131821
1540581210.269742989,1.003664,7.072964,-0.066820,0.582937,-0.796838,-0.089863,0.130991
1540581210.303452000,1.002186,7.088370,-0.066614,0.582906,-0.797112,-0.087697,0.130929
1540581210.338853923,1.000578,7.104570,-0.066010,0.582847,-0.797603,-0.082102,0.131826
1540581210.386899759,0.997967,7.127484,-0.065636,0.583201,-0.797693,-0.079769,0.131148
1540581210.420226195,0.995337,7.144873,-0.065765,0.584119,-0.797130,-0.081517,0.129397
1540581210.453148957,0.992892,7.163171,-0.066792,0.584183,-0.797228,-0.082465,0.127900
1540581210.486671743,1.002838,7.092605,-0.068935,0.584233,-0.797529,-0.082177,0.125961
1540581210.520738204,0.999673,7.113422,-0.068934,0.585406,-0.797013,-0.081210,0.124401
1540581210.553128965,0.997468,7.129763,-0.068222,0.585927,-0.796915,-0.082525,0.121677
1540581210.586318927,0.992900,7.160802,-0.068311,0.586306,-0.796927,-0.084293,0.118524
1540581210.619782038,0.990315,7.170632,-0.067116,0.586718,-0.796917,-0.086804,0.114677
1540581210.653972511,0.986729,7.202190,-0.063480,0.586900,-0.797050,-0.089879,0.110368
1540581210.686480173,0.979164,7.230351,-0.064647,0.586724,-0.797623,-0.090046,0.106982
1540581210.720793584,0.972521,7.252368,-0.067134,0.586584,-0.798427,-0.087429,0.103875
1540581210.753391620,0.968838,7.270535,-0.067256,0.586798,-0.799028,-0.084127,0.100723
1540581210.786908306,0.963059,7.291448,-0.069682,0.587821,-0.798763,-0.084507,0.096450
1540581210.820012693,0.957364,7.324468,-0.070895,0.588196,-0.798944,-0.084060,0.092999
1540581210.853241504,0.950981,7.367819,-0.065157,0.588208,-0.799824,-0.078794,0.089912
1540581210.887049378,0.948064,7.388424,-0.065932,0.588692,-0.800140,-0.075519,0.086681
1540581210.921803914,0.945638,7.398116,-0.070032,0.589048,-0.800217,-0.075651,0.083374
1540581210.953370875,0.940340,7.420614,-0.074149,0.589370,-0.800255,-0.076404,0.079992
1540581210.986707286,0.935555,7.443966,-0.078679,0.589953,-0.800079,-0.076957,0.076853
1540581211.020721522,0.934173,7.461596,-0.079792,0.589758,-0.800579,-0.076483,0.073546
1540581211.053366446,0.933378,7.479449,-0.080841,0.589951,-0.800818,-0.075276,0.070583
1540581211.087194582,0.932287,7.502189,-0.081450,0.591021,-0.800406,-0.073601,0.068026
1540581211.121401006,0.933003,7.515461,-0.079718,0.591964,-0.800023,-0.072259,0.065728
1540581211.159088580,0.933746,7.532915,-0.081662,0.591459,-0.800501,-0.073774,0.062699
1540581211.222867427,0.931751,7.573520,-0.079964,0.594197,-0.798212,-0.079214,0.059268
1540581211.256397951,0.931730,7.598897,-0.078741,0.594456,-0.797785,-0.082716,0.057609
1540581211.287370725,0.934164,7.618479,-0.079889,0.595192,-0.797070,-0.084762,0.056931
1540581211.320337836,0.945866,7.645745,-0.072268,0.596310,-0.796153,-0.086040,0.056139
1540581211.354424372,0.950928,7.664251,-0.070413,0.596774,-0.795802,-0.085782,0.056579
1540581211.387272221,0.956084,7.680419,-0.068634,0.596999,-0.795726,-0.083853,0.058138
1540581211.420976220,0.962335,7.694790,-0.065574,0.597643,-0.795361,-0.081494,0.059852
1540581211.454580193,0.978023,7.681014,-0.058013,0.597952,-0.795058,-0.080765,0.061745
1540581211.487113867,0.976931,7.680163,-0.058913,0.597342,-0.795177,-0.083151,0.062948
1540581211.521198541,0.959646,7.714813,-0.064687,0.597051,-0.794913,-0.086474,0.064549
1540581211.554339790,0.952020,7.734956,-0.065698,0.596890,-0.794574,-0.089312,0.066318
1540581211.587278251,0.947095,7.757625,-0.064064,0.596012,-0.794772,-0.091281,0.069102
1540581211.620984787,0.942889,7.784754,-0.062426,0.594933,-0.795060,-0.093077,0.072602
1540581211.653859523,0.943552,7.805298,-0.059850,0.594446,-0.794692,-0.096830,0.075649
1540581211.687292010,0.936605,7.830516,-0.060965,0.593880,-0.794045,-0.103230,0.078371
1540581211.722071883,0.938813,7.822509,-0.060329,0.593489,-0.793276,-0.108559,0.081843
1540581211.753816920,0.939973,7.825385,-0.057344,0.593202,-0.792498,-0.113109,0.085234
1540581211.787073768,0.935631,7.741684,-0.056354,0.590219,-0.793387,-0.120037,0.088141
1540581211.820656229,0.932030,7.742025,-0.056630,0.589825,-0.792473,-0.126109,0.090496
1540581211.857099403,0.928293,7.777807,-0.056283,0.589520,-0.791332,-0.132921,0.092692
1540581211.887170164,0.914204,7.816375,-0.065762,0.589312,-0.790695,-0.135910,0.095088
1540581211.920945826,0.891038,7.852737,-0.070004,0.588321,-0.791214,-0.135037,0.098106
1540581211.954520712,0.880738,7.901644,-0.073454,0.587189,-0.792076,-0.132434,0.101420
1540581211.987564186,0.879093,7.854341,-0.074418,0.586694,-0.792149,-0.131706,0.104611
1540581212.021170497,0.870608,7.862951,-0.076528,0.586783,-0.791251,-0.135709,0.105786
1540581212.054292196,0.869334,7.881936,-0.077112,0.586839,-0.790082,-0.141420,0.106729
1540581212.087505969,0.865088,7.913007,-0.080141,0.586993,-0.789168,-0.144443,0.108583
1540581212.120592918,0.859298,7.993456,-0.090738,0.586996,-0.788492,-0.145960,0.111410
1540581212.154595617,0.850186,8.071940,-0.094317,0.587016,-0.788093,-0.145294,0.114943
1540581212.187745128,0.846081,8.109262,-0.093876,0.585868,-0.788896,-0.143159,0.117927
1540581212.221733727,0.838738,8.153840,-0.090152,0.585251,-0.788962,-0.142405,0.121414
1540581212.254203538,0.831037,8.178307,-0.089016,0.584992,-0.788704,-0.143221,0.123361
1540581212.287935787,0.825620,8.209419,-0.088650,0.584952,-0.788509,-0.142586,0.125513
1540581212.321606785,0.823688,8.243494,-0.088839,0.584490,-0.788586,-0.141686,0.128174
1540581212.355232759,0.822493,8.261398,-0.090162,0.583898,-0.788910,-0.141413,0.129177
1540581212.387917620,0.823976,8.225805,-0.089222,0.584009,-0.788575,-0.143247,0.128698
1540581212.422166469,0.821785,8.232537,-0.088135,0.583863,-0.787874,-0.149193,0.126883
1540581212.456702130,0.811949,8.279921,-0.089793,0.583622,-0.787119,-0.156028,0.124435
1540581212.488812566,0.802929,8.335555,-0.091953,0.583507,-0.786600,-0.160606,0.122415
1540581212.524225190,0.792613,8.409110,-0.094883,0.582657,-0.787077,-0.163257,0.119864
1540581212.555679051,0.783880,8.473106,-0.099508,0.582377,-0.787782,-0.162351,0.117808
1540581212.593315725,0.781105,8.503531,-0.099563,0.582055,-0.789592,-0.155939,0.115925
1540581212.622671461,0.775947,8.531175,-0.099443,0.582280,-0.790780,-0.149325,0.115410
1540581212.655966698,0.783156,8.532210,-0.099650,0.581952,-0.792577,-0.141570,0.114500
1540581212.689435021,0.807291,8.517246,-0.094386,0.581745,-0.794235,-0.134929,0.112065
1540581212.722947195,0.790962,8.531268,-0.093529,0.582771,-0.794945,-0.128748,0.108919
1540581212.755981231,0.785132,8.570411,-0.097859,0.581050,-0.796427,-0.128461,0.107625
1540581212.789782342,0.794423,8.545709,-0.094361,0.581586,-0.796417,-0.130483,0.102237
1540581212.829785791,0.813479,8.475478,-0.092039,0.582452,-0.796496,-0.130078,0.097073
1540581212.861483827,0.839154,8.404315,-0.090993,0.583084,-0.796751,-0.127571,0.094479
1540581212.892616339,0.848579,8.412159,-0.090748,0.582738,-0.798007,-0.123310,0.091627
1540581212.923641837,0.858797,8.425324,-0.092375,0.583332,-0.798931,-0.116137,0.089140
1540581212.959005061,0.863948,8.490861,-0.087974,0.583525,-0.800007,-0.109184,0.086984
1540581212.992150972,0.846327,8.658807,-0.082972,0.583889,-0.800684,-0.104892,0.083523
1540581213.024451421,0.828774,8.716437,-0.081098,0.584680,-0.800877,-0.102164,0.079426
1540581213.059306970,0.831328,8.737776,-0.078977,0.585683,-0.800651,-0.100672,0.076154
1540581213.091725168,0.831653,8.740322,-0.077150,0.586248,-0.800801,-0.098427,0.073101
1540581213.125531417,0.833155,8.727407,-0.077698,0.587307,-0.800736,-0.094286,0.070726
1540581213.158961128,0.834311,8.759249,-0.077045,0.587774,-0.801050,-0.089737,0.069189
1540581213.192453402,0.821908,8.881285,-0.073859,0.588539,-0.801015,-0.086347,0.067396
1540581213.226142913,0.815650,8.940571,-0.075365,0.589038,-0.800907,-0.085448,0.065430
1540581213.260163275,0.810504,8.959229,-0.078568,0.590063,-0.800311,-0.085623,0.063223
1540581213.293505898,0.811850,8.982516,-0.080327,0.590831,-0.799850,-0.085550,0.061974
1540581213.327855034,0.812882,9.007211,-0.081934,0.591246,-0.799626,-0.084843,0.061877
1540581213.360821658,0.813720,9.031549,-0.083054,0.591123,-0.799521,-0.086998,0.061412
1540581213.394862107,0.814762,9.057305,-0.083144,0.591278,-0.798902,-0.092170,0.060422
1540581213.428307268,0.777547,9.085955,-0.084545,0.591063,-0.798305,-0.098282,0.060782
1540581213.462320192,0.771973,9.107375,-0.087961,0.590363,-0.798366,-0.101565,0.061377
1540581213.494614941,0.766374,9.118886,-0.090191,0.589757,-0.798693,-0.101463,0.063096
1540581213.530128627,0.762426,9.133114,-0.089665,0.588924,-0.799223,-0.100087,0.066282
1540581213.563452463,0.750341,9.140205,-0.082586,0.587719,-0.799675,-0.102133,0.068372
1540581213.595789599,0.751837,9.144472,-0.077322,0.586672,-0.799397,-0.108148,0.071306
1540581213.629482285,0.737319,9.157551,-0.073282,0.586503,-0.798644,-0.113177,0.073298
1540581213.663438559,0.711097,9.172522,-0.074664,0.586082,-0.798082,-0.117845,0.075400
1540581213.697214933,0.707588,9.194442,-0.074897,0.585543,-0.797523,-0.122558,0.077945
1540581213.730508407,0.704098,9.215557,-0.075837,0.585523,-0.796688,-0.126099,0.080931
1540581213.763966193,0.700185,9.236571,-0.077262,0.585666,-0.795721,-0.129062,0.084656
1540581213.797903629,0.684714,9.251855,-0.085629,0.585209,-0.795425,-0.130900,0.087725
1540581213.830699790,0.661754,9.255685,-0.099834,0.584979,-0.795469,-0.129349,0.091092
1540581213.865499989,0.655232,9.271400,-0.101709,0.585313,-0.795059,-0.126332,0.096594
1540581213.898601013,0.661577,9.284691,-0.106696,0.583954,-0.795645,-0.125105,0.101469
1540581213.931479661,0.649098,9.275796,-0.108359,0.583047,-0.795689,-0.126907,0.104070
1540581213.965213723,0.657948,9.240761,-0.100426,0.582633,-0.794624,-0.132109,0.107971
1540581213.999301621,0.670683,9.222998,-0.094576,0.582670,-0.792440,-0.142363,0.110758
1540581214.033524583,0.666993,9.217106,-0.100117,0.582333,-0.790918,-0.150676,0.112398
1540581214.066106019,0.656143,9.275920,-0.108136,0.581799,-0.790349,-0.153488,0.115329
1540581214.103311167,0.672840,9.293122,-0.104037,0.581270,-0.789678,-0.155517,0.119789
1540581214.133797629,0.668167,9.256556,-0.107644,0.580779,-0.789519,-0.156141,0.122377
1540581214.167510190,0.684211,9.192546,-0.102741,0.579996,-0.789029,-0.159207,0.125264
1540581214.200759789,0.712251,9.119043,-0.096822,0.579989,-0.787781,-0.163568,0.127510
1540581214.234218787,0.714612,9.099988,-0.096901,0.580196,-0.786426,-0.167432,0.129898
1540581214.267711661,0.710578,9.109903,-0.101056,0.579809,-0.785656,-0.170608,0.132134
1540581214.301444022,0.709078,9.130146,-0.104486,0.579274,-0.785116,-0.173553,0.133844
1540581214.334707146,0.707041,9.121466,-0.104567,0.579427,-0.784628,-0.174943,0.134230
1540581214.368568707,0.701837,9.134421,-0.104184,0.578425,-0.784745,-0.176834,0.135383
1540581214.402123406,0.670947,9.191916,-0.108394,0.577743,-0.785891,-0.174768,0.134330
1540581214.435493217,0.620806,9.287855,-0.103582,0.576299,-0.787099,-0.173131,0.135574
1540581214.469569691,0.612439,9.371723,-0.105646,0.574048,-0.788346,-0.173184,0.137791
1540581214.503120315,0.608746,9.395091,-0.105818,0.572472,-0.789534,-0.174098,0.136387
1540581214.536621788,0.603922,9.407451,-0.109583,0.572488,-0.789233,-0.175871,0.135789
1540581214.570636100,0.596441,9.411418,-0.110158,0.572071,-0.789307,-0.177404,0.135120
1540581214.604188598,0.589803,9.433640,-0.109711,0.571850,-0.790012,-0.176625,0.132937
1540581214.637889559,0.581708,9.471666,-0.109726,0.572804,-0.790662,-0.171731,0.131365
1540581214.671250058,0.562371,9.562862,-0.112047,0.572341,-0.792305,-0.166370,0.130385
1540581214.705289657,0.553621,9.608520,-0.115506,0.572728,-0.793426,-0.160829,0.128809
1540581214.738425281,0.553848,9.615386,-0.115843,0.573282,-0.793859,-0.158057,0.127095
1540581214.771948267,0.550902,9.626411,-0.116142,0.573981,-0.793596,-0.158698,0.124765
1540581214.805573453,0.547693,9.642458,-0.117202,0.574295,-0.793786,-0.159566,0.120945
1540581214.855819651,0.548225,9.666376,-0.114783,0.575554,-0.794516,-0.153681,0.117748
1540581214.908912162,0.556567,9.696525,-0.106889,0.576349,-0.795957,-0.145778,0.114122
1540581214.940671873,0.564474,9.726486,-0.109858,0.577663,-0.796203,-0.141121,0.111583
1540581214.990907234,0.569141,9.763502,-0.111324,0.578990,-0.795336,-0.143191,0.108204
1540581215.059379556,0.587165,9.811599,-0.111527,0.580314,-0.794935,-0.142878,0.104400
1540581215.107616942,0.602425,9.856302,-0.104689,0.581042,-0.795340,-0.138144,0.103635
1540581215.157780827,0.603463,9.937429,-0.094562,0.581299,-0.796202,-0.132759,0.102608
1540581215.191093338,0.630041,9.952389,-0.086513,0.581819,-0.795850,-0.132316,0.102966
1540581215.259222261,0.676979,9.894742,-0.071928,0.581620,-0.796624,-0.128558,0.102870
1540581215.289768147,0.689965,9.836888,-0.065119,0.581790,-0.797148,-0.123394,0.104164
1540581215.323132558,0.706450,9.809605,-0.061607,0.582369,-0.797392,-0.118499,0.104736
1540581215.356796507,0.700305,9.845159,-0.061372,0.581745,-0.798269,-0.115180,0.105222
1540581215.391569806,0.703891,9.916274,-0.058875,0.581141,-0.798912,-0.113813,0.105174
1540581215.423229680,0.695159,9.990814,-0.064988,0.581323,-0.798489,-0.115620,0.105412
1540581215.457372716,0.686840,10.029406,-0.059737,0.579970,-0.798755,-0.120877,0.104946
1540581215.490204639,0.677094,10.086001,-0.053236,0.579318,-0.798537,-0.125172,0.105177
1540581215.523424301,0.669142,10.174322,-0.059492,0.578499,-0.798253,-0.130437,0.105440
1540581215.556687024,0.662227,10.234456,-0.060460,0.577161,-0.798383,-0.134866,0.106216
1540581215.589793161,0.656071,10.284951,-0.063753,0.576506,-0.798343,-0.136220,0.108319
1540581215.623029622,0.639580,10.322157,-0.069318,0.576131,-0.798232,-0.136511,0.110741
1540581215.657608021,0.623383,10.347151,-0.075485,0.575303,-0.798442,-0.136512,0.113498
1540581215.691831569,0.616912,10.336987,-0.077429,0.574745,-0.798338,-0.137419,0.115934
1540581215.723134943,0.607018,10.339925,-0.078992,0.575024,-0.797506,-0.139637,0.117613
1540581215.757241929,0.595731,10.362023,-0.077698,0.574859,-0.796863,-0.142127,0.119777
1540581215.790114278,0.590065,10.382041,-0.070441,0.574035,-0.796918,-0.142863,0.122457
1540581215.823815014,0.595183,10.396539,-0.067045,0.573037,-0.797339,-0.141214,0.126245
1540581215.856909150,0.579255,10.352754,-0.070001,0.572540,-0.797250,-0.140898,0.129377
1540581215.890334524,0.562706,10.359958,-0.078264,0.571912,-0.796726,-0.143986,0.131958
1540581215.923805373,0.553382,10.343225,-0.082750,0.571728,-0.795604,-0.149080,0.133850
1540581215.957616122,0.534207,10.347213,-0.082491,0.571865,-0.794227,-0.153791,0.136096
1540581215.990509508,0.513817,10.389239,-0.079207,0.571453,-0.793373,-0.157201,0.138882
1540581216.024312394,0.490736,10.496904,-0.082112,0.570804,-0.793093,-0.157805,0.142418
1540581216.056781430,0.489627,10.546866,-0.097711,0.569951,-0.793349,-0.155359,0.147026
1540581216.090738542,0.488360,10.543221,-0.100767,0.568950,-0.793834,-0.152917,0.150800
1540581216.124001328,0.501179,10.451506,-0.097965,0.568449,-0.793393,-0.155159,0.152702
1540581216.157359189,0.505680,10.388535,-0.097272,0.568750,-0.791812,-0.160721,0.154029
1540581216.190542088,0.495615,10.372387,-0.098319,0.569351,-0.790091,-0.166535,0.154475
1540581216.224155974,0.483884,10.429880,-0.111008,0.569821,-0.788350,-0.173642,0.153811
1540581216.257263148,0.460173,10.552327,-0.122336,0.570304,-0.786893,-0.177627,0.154926
1540581216.290205596,0.453612,10.602634,-0.125994,0.570154,-0.786661,-0.178832,0.155265
1540581216.323484695,0.446692,10.640691,-0.126822,0.569468,-0.786953,-0.180401,0.154488
1540581216.356983456,0.439322,10.666008,-0.125954,0.568682,-0.788050,-0.178840,0.153608
1540581216.392083343,0.431192,10.690647,-0.125537,0.568803,-0.788487,-0.176925,0.153129
1540581216.425051291,0.431487,10.722626,-0.123436,0.567433,-0.789638,-0.177292,0.151852
1540581216.457003190,0.447900,10.675931,-0.120078,0.566326,-0.790952,-0.175733,0.150959
1540581216.491615151,0.447517,10.690862,-0.118287,0.566339,-0.791536,-0.174529,0.149233
1540581216.523912013,0.443617,10.725093,-0.116444,0.566494,-0.791859,-0.174645,0.146773
1540581216.557209949,0.436349,10.807354,-0.114405,0.566073,-0.793216,-0.172836,0.143168
1540581216.590592935,0.431651,10.883297,-0.111867,0.566480,-0.793954,-0.169470,0.141481
1540581216.624058871,0.430418,10.929301,-0.111140,0.567662,-0.794221,-0.166138,0.139182
1540581216.656973370,0.425862,10.947357,-0.112053,0.568187,-0.795149,-0.162287,0.136251
1540581216.691197944,0.417020,10.961418,-0.105771,0.568387,-0.796010,-0.160174,0.132847
1540581216.724011192,0.425148,10.935201,-0.104213,0.569567,-0.795452,-0.161508,0.129479
1540581216.757765416,0.435975,10.951571,-0.106567,0.570276,-0.795076,-0.162821,0.127000
1540581216.790527977,0.449074,10.959703,-0.107893,0.570116,-0.795977,-0.160302,0.125270
1540581216.824286439,0.454554,10.971283,-0.103128,0.570330,-0.797317,-0.154624,0.122884
1540581216.858433012,0.457432,11.002764,-0.099161,0.570918,-0.798157,-0.149698,0.120783
1540581216.891594974,0.458819,11.048573,-0.101006,0.571589,-0.798611,-0.146885,0.118031
1540581216.924390972,0.459881,11.068221,-0.100054,0.572510,-0.798521,-0.146351,0.114797
1540581216.961521208,0.463740,11.086273,-0.099893,0.573879,-0.798188,-0.145029,0.111921
1540581216.990546207,0.467468,11.077544,-0.101355,0.574759,-0.798255,-0.143020,0.109483
1540581217.024750443,0.477118,11.056573,-0.092813,0.575718,-0.798540,-0.139213,0.107250
1540581217.059296792,0.479102,11.048193,-0.085650,0.576996,-0.798519,-0.135203,0.105652
1540581217.094087491,0.478066,11.015178,-0.083292,0.578088,-0.798587,-0.131406,0.103951
1540581217.127204090,0.478854,11.038983,-0.084387,0.579111,-0.798554,-0.127887,0.102896
1540581217.159618526,0.478173,11.064903,-0.085108,0.580064,-0.798499,-0.124219,0.102441
1540581217.193732800,0.480484,11.096055,-0.086389,0.580767,-0.798403,-0.121339,0.102657
1540581217.226136298,0.474367,11.144517,-0.093254,0.581092,-0.798179,-0.121238,0.102688
1540581217.260612084,0.470694,11.180123,-0.094096,0.581242,-0.797712,-0.124466,0.101598
1540581217.293649821,0.456597,11.223799,-0.094457,0.581005,-0.797542,-0.127283,0.100798
1540581217.325974894,0.441555,11.315984,-0.108100,0.580691,-0.797398,-0.129051,0.101487
1540581217.359525931,0.438996,11.370613,-0.107814,0.579564,-0.797965,-0.130026,0.102224
1540581217.393346792,0.433687,11.425686,-0.105523,0.577851,-0.799216,-0.129644,0.102641
1540581217.426572616,0.408075,11.563742,-0.111672,0.577357,-0.799550,-0.129178,0.103406
1540581217.459993327,0.388186,11.691009,-0.117921,0.576532,-0.799598,-0.132195,0.103816
1540581217.493466526,0.386466,11.737516,-0.119434,0.575503,-0.799628,-0.134936,0.105751
1540581217.528331012,0.360453,11.784252,-0.129407,0.575568,-0.799161,-0.135634,0.108012
1540581217.561750873,0.324337,11.774473,-0.143426,0.575630,-0.798432,-0.138341,0.109631
1540581217.594939222,0.306838,11.794028,-0.153431,0.573789,-0.799043,-0.141258,0.111097
1540581217.628499108,0.270650,11.774896,-0.160134,0.571933,-0.800447,-0.138628,0.113837
1540581217.661828132,0.256012,11.745120,-0.158614,0.570737,-0.801583,-0.132905,0.118577
1540581217.695881880,0.245223,11.739456,-0.158645,0.569546,-0.802638,-0.127180,0.123349
1540581217.729601479,0.236577,11.709892,-0.160234,0.568475,-0.802926,-0.126070,0.127488
1540581217.763895640,0.234209,11.612054,-0.158753,0.568250,-0.801885,-0.130637,0.130408
1540581217.795753989,0.251386,11.372905,-0.156217,0.569054,-0.800251,-0.135394,0.132077
1540581217.830991175,0.249698,11.318838,-0.153898,0.569096,-0.798625,-0.141176,0.135636
1540581217.863609499,0.236689,11.336892,-0.156048,0.568701,-0.797583,-0.145231,0.139100
1540581217.896638248,0.220758,11.364123,-0.159581,0.568150,-0.796859,-0.147059,0.143512
1540581217.930967821,0.210028,11.385715,-0.161042,0.567057,-0.796455,-0.148825,0.148178
1540581217.963981508,0.190719,11.420115,-0.163357,0.566667,-0.795516,-0.151921,0.151538
1540581217.997667219,0.180287,11.438288,-0.166321,0.566609,-0.794133,-0.155576,0.155249
1540581218.031197330,0.179091,11.440054,-0.167798,0.566302,-0.792875,-0.159683,0.158598
1540581218.064704016,0.171640,11.454897,-0.168176,0.566556,-0.791159,-0.164584,0.161226
1540581218.099447565,0.158048,11.487234,-0.171552,0.566225,-0.789868,-0.169637,0.163465
1540581218.131676301,0.144984,11.513719,-0.172939,0.565353,-0.789239,-0.173379,0.165584
1540581218.165544950,0.126863,11.552648,-0.176292,0.563967,-0.789324,-0.175812,0.167328
1540581218.199533711,0.113686,11.578367,-0.181673,0.563010,-0.789290,-0.177895,0.168508
1540581218.232441135,0.097472,11.609261,-0.182480,0.562044,-0.789174,-0.180716,0.169270
1540581218.265991246,0.077559,11.635077,-0.180898,0.560893,-0.789357,-0.183804,0.168912
1540581218.301933845,0.063318,11.660486,-0.177792,0.560171,-0.788999,-0.187681,0.168716
1540581218.333950569,0.046517,11.688529,-0.176294,0.559857,-0.788895,-0.189365,0.168366
1540581218.367336792,0.021308,11.726193,-0.174544,0.559957,-0.789256,-0.187785,0.168107
1540581218.400658891,0.010703,11.762931,-0.175405,0.559366,-0.790546,-0.183659,0.168574
1540581218.434530852,0.006117,11.782295,-0.182507,0.559226,-0.791765,-0.177291,0.170126
1540581218.468071201,-0.006066,11.805134,-0.185785,0.558852,-0.792665,-0.175134,0.169395
1540581218.501564937,0.024431,11.773064,-0.172652,0.559285,-0.792329,-0.176831,0.167767
1540581218.536885773,0.023101,11.779009,-0.168104,0.559579,-0.792126,-0.177687,0.166839
1540581218.568403935,0.016484,11.793630,-0.167861,0.560093,-0.792101,-0.176948,0.166019
1540581218.602601821,0.082786,11.709541,-0.159887,0.559894,-0.793215,-0.173303,0.165209
1540581218.635982194,0.080262,11.724341,-0.159907,0.559652,-0.794743,-0.166754,0.165430
1540581218.670443931,0.068938,11.756047,-0.159641,0.560543,-0.795082,-0.163002,0.164516
1540581218.702727229,0.055404,11.789009,-0.159880,0.561451,-0.794778,-0.162956,0.162930
1540581218.736079653,0.046378,11.820538,-0.164021,0.562436,-0.794195,-0.164097,0.161219
1540581218.770534789,0.036143,11.847991,-0.168882,0.563804,-0.793820,-0.163040,0.159350
1540581218.806910750,0.030680,11.870536,-0.170124,0.564283,-0.794537,-0.158788,0.158373
1540581218.872185698,0.019313,11.918060,-0.173246,0.565902,-0.795151,-0.151064,0.157065
1540581218.904527809,0.010708,11.949336,-0.173900,0.566685,-0.795021,-0.149645,0.156255
1540581218.940116658,-0.026943,12.031156,-0.166563,0.567658,-0.794538,-0.149983,0.154853
1540581218.972312844,-0.012904,12.025757,-0.159993,0.568126,-0.794066,-0.151452,0.154124
1540581219.005630780,-0.009002,12.029870,-0.158206,0.569140,-0.793410,-0.151815,0.153405
1540581219.039280167,-0.023904,12.080548,-0.157960,0.569110,-0.793467,-0.153117,0.151920
1540581219.072749728,-0.044538,12.143789,-0.158340,0.568998,-0.793378,-0.155111,0.150778
1540581219.106102602,-0.035001,12.128735,-0.157562,0.568070,-0.793722,-0.157928,0.149535
1540581219.139623975,-0.022398,12.114063,-0.154959,0.567087,-0.794393,-0.159135,0.148420
1540581219.174942261,-0.016117,12.127703,-0.149052,0.566722,-0.794693,-0.160046,0.147224
1540581219.241011446,-0.004309,12.151149,-0.139947,0.566502,-0.794968,-0.162225,0.144168
1540581219.274343533,0.001241,12.159615,-0.136540,0.567377,-0.794752,-0.161048,0.143233
1540581219.308499081,0.002326,12.170716,-0.138374,0.567328,-0.795317,-0.159002,0.142576
1540581219.341795118,0.013983,12.169352,-0.135385,0.567983,-0.795224,-0.158939,0.140542
1540581219.376096354,0.015538,12.181997,-0.134166,0.569144,-0.794658,-0.159488,0.138409
1540581219.408716603,0.040836,12.164727,-0.120984,0.569758,-0.794091,-0.161023,0.137359
1540581219.442679076,0.064903,12.152360,-0.104254,0.570282,-0.793844,-0.161424,0.136132
1540581219.476068450,0.058965,12.164268,-0.104362,0.570852,-0.793688,-0.161084,0.135052
1540581219.510457061,0.054673,12.175011,-0.105437,0.570846,-0.793500,-0.163206,0.133624
1540581219.561388959,0.032754,12.198619,-0.108523,0.573045,-0.790964,-0.169834,0.130960
1540581219.592387408,0.030373,12.210234,-0.108806,0.574150,-0.789464,-0.172950,0.131101
1540581219.626052894,0.026127,12.222444,-0.112091,0.573738,-0.789772,-0.172212,0.132017
1540581219.659466880,0.015896,12.230780,-0.116908,0.574095,-0.790096,-0.168160,0.133736
1540581219.692285467,0.007964,12.233822,-0.120774,0.574414,-0.789921,-0.165686,0.136460
1540581219.725769578,-0.002082,12.222955,-0.128112,0.574451,-0.789339,-0.167128,0.137909
1540581219.759087052,-0.015203,12.231385,-0.130709,0.574414,-0.788615,-0.169863,0.138859
1540581219.792332888,-0.032005,12.253429,-0.131104,0.574981,-0.787746,-0.170715,0.140394
1540581219.826682862,-0.061832,12.297697,-0.136331,0.574926,-0.787627,-0.170224,0.141868
1540581219.858900335,-0.102982,12.370507,-0.141631,0.573962,-0.788666,-0.167707,0.142992
1540581219.892363909,-0.121767,12.392920,-0.142594,0.572594,-0.790132,-0.163646,0.145079
1540581219.925992720,-0.140433,12.416957,-0.142022,0.571103,-0.791739,-0.159637,0.146652
1540581219.958779394,-0.161599,12.453088,-0.139583,0.569044,-0.793804,-0.156030,0.147370
1540581219.992436968,-0.173546,12.454818,-0.134669,0.567489,-0.795920,-0.150655,0.147544
1540581220.026569229,-0.191105,12.470889,-0.135656,0.566187,-0.797248,-0.146876,0.149184
1540581220.059101503,-0.207434,12.489808,-0.136080,0.565527,-0.798167,-0.144175,0.149404
1540581220.093526976,-0.224792,12.513662,-0.136253,0.565175,-0.798763,-0.141998,0.149638
1540581220.126188288,-0.238204,12.527417,-0.136687,0.564957,-0.799224,-0.139857,0.150018
1540581220.159216524,-0.247748,12.536659,-0.136322,0.565195,-0.799201,-0.139048,0.149993
1540581220.192387798,-0.235236,12.485708,-0.123713,0.568245,-0.796958,-0.140450,0.149093
1540581220.226110546,-0.244167,12.487723,-0.123606,0.567630,-0.797107,-0.141533,0.149617
1540581220.261459395,-0.256645,12.500790,-0.125342,0.567495,-0.797067,-0.141510,0.150361
1540581220.294015381,-0.266508,12.512476,-0.129302,0.567230,-0.797189,-0.141030,0.151162
1540581220.326309630,-0.269981,12.520146,-0.129470,0.567055,-0.796960,-0.141197,0.152863
1540581220.359951516,-0.282774,12.547359,-0.133095,0.568205,-0.795103,-0.147030,0.152760
1540581220.393900340,-0.275294,12.531523,-0.131148,0.569524,-0.792761,-0.156060,0.151053
1540581220.426610376,-0.286299,12.547201,-0.135251,0.570933,-0.790327,-0.164140,0.149919
1540581220.459933337,-0.297225,12.559961,-0.141011,0.572002,-0.788799,-0.168082,0.149530
1540581220.493540561,-0.300832,12.568818,-0.143290,0.573029,-0.788136,-0.167976,0.149210
1540581220.526527872,-0.314887,12.599862,-0.144935,0.573370,-0.789266,-0.161245,0.149354
1540581220.561185109,-0.326962,12.631837,-0.147003,0.573571,-0.790384,-0.152534,0.151799
1540581220.592890070,-0.330548,12.667682,-0.146971,0.573132,-0.791347,-0.148400,0.152532
1540581220.626932131,-0.331799,12.683080,-0.151856,0.574660,-0.790657,-0.145372,0.153276
1540581220.659838442,-0.335985,12.703478,-0.149768,0.574635,-0.791221,-0.139975,0.155471
1540581220.692797904,-0.331867,12.715765,-0.145996,0.574709,-0.791592,-0.135548,0.157220
1540581220.726018827,-0.342404,12.749227,-0.143961,0.574795,-0.791982,-0.133779,0.156457
1540581220.759813713,-0.364200,12.814005,-0.142261,0.575721,-0.790943,-0.135357,0.156952
1540581220.793786675,-0.381313,12.855552,-0.141925,0.576089,-0.789543,-0.144648,0.154338
1540581220.826801636,-0.397891,12.905597,-0.152101,0.575230,-0.788104,-0.157407,0.152397
1540581220.860381210,-0.403588,12.924118,-0.151596,0.575046,-0.787638,-0.161086,0.151660
1540581220.893598133,-0.418848,12.969552,-0.152747,0.573075,-0.788793,-0.162742,0.151347
1540581220.927257745,-0.413919,12.977683,-0.150931,0.572070,-0.789574,-0.163113,0.150673
1540581220.959647543,-0.406369,12.984958,-0.144931,0.571797,-0.789916,-0.162598,0.150477
1540581220.998849992,-0.396726,13.008170,-0.137835,0.571793,-0.789499,-0.165197,0.149850
1540581221.026503028,-0.391556,13.014490,-0.136153,0.572232,-0.788955,-0.167885,0.148039
1540581221.059459840,-0.388040,13.026127,-0.135560,0.573019,-0.788138,-0.170568,0.146268
1540581221.092824101,-0.384152,13.037916,-0.136966,0.573891,-0.787310,-0.172827,0.144648
1540581221.126873862,-0.379772,13.046989,-0.136856,0.574192,-0.787394,-0.173311,0.142399
1540581221.159653498,-0.375297,13.050058,-0.133969,0.574380,-0.788126,-0.169670,0.141977
1540581221.193401597,-0.371150,13.052176,-0.132118,0.574546,-0.788867,-0.165571,0.142027
1540581221.226609346,-0.372533,13.063661,-0.132152,0.574723,-0.789281,-0.164403,0.140360
1540581221.259957282,-0.381638,13.082958,-0.134756,0.575419,-0.789044,-0.164993,0.138130
1540581221.294166556,-0.385739,13.100956,-0.136642,0.576581,-0.787934,-0.167682,0.136373
1540581221.327063454,-0.390602,13.104461,-0.139507,0.578007,-0.786452,-0.171818,0.133716
1540581221.360585128,-0.400210,13.136383,-0.140445,0.578622,-0.785818,-0.174170,0.131728
1540581221.394483464,-0.415014,13.192649,-0.138251,0.578776,-0.785779,-0.173810,0.131757
1540581221.427325438,-0.423573,13.232969,-0.144042,0.578943,-0.785304,-0.173708,0.133971
1540581221.459987762,-0.425525,13.229097,-0.141370,0.579270,-0.785183,-0.173065,0.134100
1540581221.493559885,-0.435855,13.239482,-0.142238,0.579778,-0.784562,-0.173515,0.134956
1540581221.528626497,-0.442143,13.254773,-0.142070,0.580429,-0.783523,-0.174961,0.136320
1540581221.560914058,-0.456625,13.285357,-0.142545,0.580297,-0.783531,-0.175308,0.136386
1540581221.594162244,-0.471075,13.306977,-0.142955,0.579881,-0.783928,-0.174584,0.136805
1540581221.627944593,-0.477127,13.311467,-0.140556,0.579411,-0.784144,-0.174337,0.137869
1540581221.661097667,-0.488164,13.320231,-0.138980,0.578133,-0.784773,-0.175490,0.138188
1540581221.695221240,-0.503991,13.331006,-0.134710,0.577364,-0.785439,-0.174979,0.138276
1540581221.728804252,-0.526985,13.351636,-0.136792,0.575824,-0.787167,-0.171801,0.138848
1540581221.763651438,-0.538916,13.349284,-0.134821,0.574117,-0.788743,-0.169857,0.139365
1540581221.797304024,-0.552564,13.357022,-0.133745,0.573486,-0.789262,-0.169244,0.139768
1540581221.828624123,-0.560659,13.372515,-0.131468,0.572800,-0.789510,-0.169482,0.140888
1540581221.862060359,-0.570930,13.384994,-0.130015,0.572839,-0.789511,-0.168961,0.141350
1540581221.897758770,-0.581264,13.399699,-0.130330,0.572538,-0.789746,-0.168061,0.142328
1540581221.929458631,-0.585067,13.410042,-0.128922,0.572285,-0.789932,-0.167073,0.143470
1540581221.961817805,-0.593224,13.414139,-0.130671,0.572501,-0.789576,-0.167226,0.144389
1540581221.995903691,-0.598514,13.403195,-0.135412,0.571659,-0.789654,-0.169292,0.144892
1540581222.030139015,-0.610629,13.429188,-0.133542,0.570548,-0.790117,-0.170361,0.145492
1540581222.062988926,-0.622485,13.447944,-0.132240,0.570205,-0.790527,-0.168870,0.146341
1540581222.097431325,-0.628545,13.459695,-0.131147,0.569659,-0.791051,-0.167433,0.147283
1540581222.131008174,-0.626653,13.451942,-0.132594,0.569760,-0.790533,-0.169949,0.146792
1540581222.163602197,-0.636541,13.456254,-0.135970,0.571021,-0.788523,-0.175687,0.145947
1540581222.197274834,-0.646589,13.464773,-0.138755,0.571877,-0.786331,-0.183326,0.145024
1540581222.230866795,-0.658661,13.484648,-0.138816,0.572568,-0.784706,-0.188973,0.143842
1540581222.266570568,-0.669278,13.503666,-0.138189,0.572499,-0.784703,-0.188276,0.145043
1540581222.297785805,-0.675315,13.518399,-0.137039,0.572325,-0.785494,-0.184009,0.146915
1540581222.331155891,-0.690275,13.537929,-0.140493,0.572754,-0.785856,-0.180779,0.147319
1540581222.366112640,-0.705439,13.562396,-0.143228,0.572976,-0.785990,-0.179730,0.147020
1540581222.399262551,-0.720674,13.596997,-0.143810,0.573337,-0.785701,-0.179539,0.147394
1540581222.434348400,-0.742535,13.634545,-0.147926,0.574248,-0.785194,-0.178668,0.147602
1540581222.466336423,-0.757836,13.677342,-0.142618,0.574009,-0.786223,-0.174467,0.148085
1540581222.499811647,-0.733664,13.650083,-0.137931,0.574522,-0.786748,-0.168809,0.149850
1540581222.533838446,-0.749268,13.696284,-0.136735,0.574095,-0.786816,-0.168033,0.151988
1540581222.566933470,-0.764436,13.733727,-0.135707,0.573568,-0.786463,-0.171628,0.151787
1540581222.600555256,-0.774627,13.766389,-0.136626,0.572017,-0.786588,-0.177376,0.150374
1540581222.634523017,-0.772241,13.773837,-0.132136,0.570794,-0.787116,-0.180004,0.149132
1540581222.667981653,-0.771886,13.786808,-0.129909,0.569785,-0.787929,-0.179047,0.149850
1540581222.701374339,-0.768046,13.798000,-0.127896,0.568444,-0.789113,-0.178607,0.149233
1540581222.734915501,-0.756185,13.795757,-0.125725,0.567954,-0.789890,-0.177350,0.148488
1540581222.768472974,-0.746489,13.797452,-0.124081,0.568407,-0.789948,-0.176158,0.147865
1540581222.802144898,-0.740537,13.802084,-0.125514,0.569211,-0.789672,-0.176000,0.146429
1540581222.835988822,-0.742888,13.820450,-0.126200,0.569592,-0.789709,-0.176144,0.144560
1540581222.869635233,-0.757453,13.858590,-0.127722,0.570547,-0.789453,-0.175299,0.143214
1540581222.902824457,-0.756480,13.867528,-0.128549,0.571402,-0.789634,-0.172702,0.141954
1540581222.940042718,-0.747372,13.860984,-0.127865,0.571769,-0.790864,-0.166563,0.140967
1540581222.970488629,-0.742715,13.861115,-0.126946,0.571999,-0.792039,-0.160577,0.140383
1540581223.004078615,-0.744626,13.874688,-0.127177,0.572979,-0.792162,-0.157116,0.139604
1540581223.038021802,-0.737346,13.885261,-0.126017,0.573948,-0.790883,-0.160931,0.138526
1540581223.072355138,-0.744937,13.910801,-0.125928,0.575214,-0.789319,-0.166550,0.135520
1540581223.104427712,-0.725127,13.894697,-0.125821,0.576885,-0.786937,-0.172067,0.135381
1540581223.139289123,-0.736994,13.913178,-0.127877,0.577796,-0.786179,-0.173000,0.134702
1540581223.171810571,-0.757053,13.955290,-0.127634,0.577718,-0.786741,-0.170123,0.135421
1540581223.207941508,-0.762178,13.962393,-0.129700,0.578216,-0.786569,-0.167719,0.137279
1540581223.238658381,-0.790299,14.004662,-0.134455,0.577878,-0.786273,-0.170345,0.137164
1540581223.272392105,-0.796942,14.023088,-0.135919,0.578549,-0.785065,-0.173614,0.137157
1540581223.307471091,-0.806893,14.044904,-0.137924,0.578751,-0.784368,-0.174879,0.138677
1540581223.340817115,-0.817518,14.066386,-0.139095,0.577957,-0.784845,-0.173435,0.141080
1540581223.378502539,-0.838284,14.098008,-0.138005,0.576971,-0.786099,-0.169143,0.143329
1540581223.441976486,-0.863393,14.145914,-0.131443,0.572804,-0.790435,-0.158982,0.147759
1540581223.474070697,-0.874029,14.163900,-0.124293,0.570864,-0.792512,-0.154634,0.148755
1540581223.507161196,-0.884934,14.185533,-0.118438,0.568586,-0.794966,-0.148450,0.150669
1540581223.541995070,-0.893355,14.198781,-0.114935,0.566232,-0.797535,-0.142572,0.151636
1540581223.574916481,-0.894089,14.207616,-0.111102,0.565118,-0.799084,-0.137621,0.152207
1540581223.613848867,-0.903175,14.221498,-0.108335,0.564831,-0.799772,-0.133097,0.153676
1540581223.676748465,-0.925713,14.238299,-0.108468,0.564864,-0.799558,-0.136249,0.151896
1540581223.713972001,-0.931095,14.220893,-0.109963,0.565836,-0.797806,-0.143217,0.151074
1540581223.776184598,-0.952083,14.246689,-0.109637,0.566650,-0.795362,-0.157290,0.146858
1540581223.809991847,-0.963505,14.248498,-0.112294,0.567069,-0.794687,-0.159624,0.146372
1540581223.845123596,-0.977675,14.240512,-0.119315,0.567624,-0.793761,-0.161749,0.146912
1540581223.912850631,-1.018808,14.285542,-0.124947,0.569460,-0.790109,-0.175575,0.143583
1540581223.948435704,-1.030998,14.291222,-0.126791,0.570594,-0.788165,-0.181368,0.142564
1540581223.994688815,-1.013278,14.272125,-0.127095,0.571976,-0.787518,-0.181154,0.140866
1540581224.047281813,-0.994940,14.266490,-0.127248,0.572509,-0.788833,-0.169393,0.145881
1540581224.095279349,-0.980468,14.287978,-0.124876,0.572285,-0.789907,-0.162188,0.149099
1540581224.128453447,-0.982781,14.303490,-0.125840,0.572544,-0.789943,-0.158852,0.151492
1540581224.162273971,-0.993150,14.400786,-0.130672,0.572149,-0.790070,-0.157124,0.154101
1540581224.195490270,-0.984572,14.403259,-0.130873,0.571910,-0.790274,-0.153582,0.157474
1540581224.228792719,-0.988752,14.421370,-0.131540,0.571237,-0.791139,-0.147858,0.161013
1540581224.261441580,-0.998830,14.454503,-0.130415,0.570810,-0.791623,-0.144216,0.163434
1540581224.295071066,-0.998382,14.470050,-0.130254,0.570280,-0.791795,-0.143210,0.165326
1540581224.329668477,-1.000230,14.467872,-0.128159,0.569422,-0.792006,-0.144918,0.165782
1540581224.361632876,-0.998602,14.474903,-0.124971,0.569232,-0.791681,-0.148262,0.165030
1540581224.395141500,-1.002406,14.497787,-0.121305,0.569104,-0.791629,-0.148065,0.165894
1540581224.428404349,-1.016547,14.533674,-0.120969,0.567582,-0.792914,-0.146022,0.166783
1540581224.471774534,-1.019354,14.550778,-0.120877,0.566289,-0.793232,-0.151794,0.164493
1540581224.530763182,-1.027837,14.580207,-0.120180,0.567332,-0.791417,-0.159427,0.162408
1540581224.568045168,-1.039868,14.613644,-0.121555,0.567007,-0.791913,-0.159501,0.161047
1540581224.596569130,-1.034815,14.616503,-0.121529,0.566925,-0.791945,-0.159600,0.161080
1540581224.628554466,-1.040239,14.632082,-0.122172,0.568227,-0.791054,-0.161183,0.159287
1540581224.662205540,-1.044752,14.647124,-0.123721,0.569627,-0.790092,-0.163087,0.157105
1540581224.695603651,-1.044048,14.657582,-0.124893,0.570048,-0.790083,-0.164038,0.154615
1540581224.731109687,-1.039090,14.658745,-0.125097,0.571481,-0.789860,-0.160944,0.153714
1540581224.762249761,-1.036743,14.668058,-0.126033,0.572171,-0.790210,-0.157466,0.152947
1540581224.795136035,-1.039513,14.687003,-0.127262,0.572958,-0.790451,-0.154524,0.151753
1540581224.828717671,-1.045935,14.701026,-0.128009,0.573206,-0.790677,-0.153160,0.151019
1540581224.862037682,-1.054219,14.715291,-0.128254,0.574282,-0.789534,-0.156132,0.149864
1540581224.895247643,-1.071341,14.751805,-0.128977,0.575640,-0.787890,-0.160630,0.148547
1540581224.930107054,-1.076652,14.767925,-0.130641,0.575347,-0.787503,-0.163698,0.148385
1540581224.963743078,-1.082841,14.785951,-0.131697,0.576023,-0.786606,-0.164991,0.149087
1540581224.997055902,-1.085043,14.797154,-0.133441,0.576429,-0.785713,-0.165950,0.151147
1540581225.029289401,-1.091570,14.816369,-0.134853,0.575654,-0.785846,-0.166014,0.153323
1540581225.062324012,-1.099371,14.838687,-0.135318,0.575408,-0.785677,-0.165582,0.155561
1540581225.096183198,-1.110676,14.875513,-0.133919,0.575263,-0.785377,-0.164822,0.158393
1540581225.128967584,-1.120631,14.909107,-0.133876,0.574140,-0.785918,-0.163006,0.161632
1540581225.162602833,-1.125348,14.913069,-0.132508,0.572200,-0.787501,-0.159532,0.164249
1540581225.195775194,-1.128300,14.900054,-0.128499,0.570803,-0.788638,-0.155257,0.167718
1540581225.229458518,-1.142072,14.911134,-0.125843,0.568933,-0.789857,-0.153481,0.169954
1540581225.262144629,-1.160133,14.899289,-0.120136,0.567269,-0.790989,-0.154142,0.169653
1540581225.295427553,-1.172316,14.871195,-0.115736,0.567194,-0.790803,-0.154521,0.170423
1540581225.334124151,-1.193015,14.881215,-0.114585,0.566981,-0.790483,-0.155903,0.171359
1540581225.363056275,-1.217499,14.921121,-0.115184,0.565998,-0.790895,-0.157892,0.170883
1540581225.396234099,-1.214753,14.900910,-0.117285,0.566286,-0.790390,-0.159310,0.170951
1540581225.430384248,-1.216963,14.894784,-0.118862,0.566960,-0.789286,-0.161840,0.171442
1540581225.462764259,-1.223054,14.908411,-0.118436,0.566815,-0.788783,-0.166127,0.170128
1540581225.495786745,-1.241043,14.936245,-0.116555,0.566763,-0.788665,-0.167151,0.169845
1540581225.530191081,-1.256787,14.965761,-0.113981,0.565881,-0.789386,-0.164499,0.172016
1540581225.563490843,-1.266856,14.991696,-0.111705,0.564933,-0.790408,-0.162695,0.172150
1540581225.596650329,-1.277264,15.018409,-0.110397,0.564515,-0.791272,-0.158404,0.173552
1540581225.629773815,-1.290444,15.045150,-0.110635,0.563670,-0.792015,-0.154433,0.176465
1540581225.662988739,-1.296336,15.053896,-0.110773,0.564247,-0.790972,-0.157066,0.176973
1540581225.696600425,-1.285516,15.063409,-0.109653,0.565511,-0.788183,-0.166026,0.177203
1540581225.729688236,-1.298085,15.078016,-0.110580,0.565876,-0.786556,-0.173240,0.176360
1540581225.763450998,-1.306310,15.088578,-0.110505,0.566751,-0.785486,-0.174443,0.177128
1540581225.795827171,-1.314563,15.097056,-0.111803,0.566636,-0.785995,-0.170628,0.178945
1540581225.829163658,-1.317286,15.118935,-0.111268,0.565511,-0.787624,-0.164210,0.181331
1540581225.862572069,-1.314851,15.146840,-0.119204,0.564290,-0.789038,-0.156958,0.185365
1540581225.896119518,-1.308389,15.193305,-0.135810,0.562543,-0.790345,-0.149526,0.191158
1540581225.929891316,-1.313820,15.244140,-0.138760,0.560555,-0.792056,-0.144232,0.193964
1540581225.963426040,-1.340578,15.342421,-0.141665,0.559587,-0.792242,-0.146033,0.194651
1540581225.996427351,-1.373374,15.408646,-0.139510,0.559379,-0.791270,-0.152310,0.194391
1540581226.029359737,-1.389703,15.430412,-0.136711,0.559068,-0.790441,-0.159703,0.192722
1540581226.063297049,-1.402222,15.491965,-0.147552,0.557455,-0.790864,-0.163220,0.192713
1540581226.096404072,-1.407979,15.522310,-0.148624,0.555480,-0.792592,-0.160489,0.193603
1540581226.131508734,-1.412232,15.540398,-0.148674,0.555167,-0.793556,-0.157412,0.193082
1540581226.164033295,-1.425148,15.581053,-0.149690,0.555409,-0.793576,-0.158205,0.191648
1540581226.197606619,-1.444806,15.631340,-0.148060,0.556252,-0.792541,-0.163985,0.188604
1540581226.230220655,-1.443140,15.656404,-0.145231,0.557940,-0.790500,-0.171566,0.185413
1540581226.265231916,-1.437932,15.683007,-0.144300,0.559461,-0.789394,-0.174815,0.182484
1540581226.298183390,-1.420559,15.664257,-0.145095,0.560179,-0.789867,-0.172024,0.180877
1540581226.331626388,-1.402525,15.647160,-0.145276,0.560831,-0.790782,-0.166919,0.179639
1540581226.365900050,-1.399684,15.649644,-0.142480,0.561374,-0.791665,-0.161984,0.178570
1540581226.399782236,-1.395815,15.666898,-0.140513,0.561938,-0.791970,-0.160348,0.176910
1540581226.433534372,-1.400950,15.694360,-0.137386,0.563371,-0.791218,-0.160383,0.175684
1540581226.465893071,-1.402401,15.717273,-0.137233,0.564236,-0.790841,-0.160717,0.174293
1540581226.500397457,-1.402002,15.737007,-0.136968,0.564937,-0.790868,-0.159480,0.173033
1540581226.532851656,-1.407266,15.756117,-0.136452,0.565925,-0.790607,-0.158237,0.172136
1540581226.566737242,-1.414984,15.779567,-0.135102,0.566695,-0.790130,-0.158803,0.171267
1540581226.598733641,-1.427710,15.817408,-0.136926,0.567964,-0.788881,-0.161277,0.170510
1540581226.632841589,-1.446157,15.847365,-0.138423,0.568363,-0.788323,-0.164939,0.168241
1540581226.665981213,-1.467382,15.876908,-0.134553,0.569903,-0.786800,-0.168797,0.166323
1540581226.699685124,-1.488742,15.889639,-0.139803,0.571747,-0.784487,-0.175334,0.164145
1540581226.732866048,-1.477221,15.855636,-0.141869,0.572178,-0.782722,-0.182806,0.162914
1540581226.767248109,-1.488506,15.862407,-0.141535,0.572957,-0.781631,-0.186428,0.161303
1540581226.799880008,-1.498764,15.897480,-0.142322,0.574142,-0.780346,-0.188882,0.160454
1540581226.833871107,-1.505905,15.928411,-0.143876,0.573007,-0.781411,-0.188946,0.159247
1540581226.867419680,-1.504977,15.906661,-0.143458,0.572266,-0.782494,-0.187388,0.158431
1540581226.901289679,-1.499678,15.842617,-0.138969,0.572119,-0.782717,-0.188293,0.156780
1540581226.934775065,-1.510824,15.860275,-0.137394,0.571615,-0.782657,-0.192087,0.154296
1540581226.968786089,-1.525976,15.882613,-0.133816,0.571342,-0.782483,-0.195702,0.151625
1540581227.004214175,-1.526341,15.875212,-0.131421,0.573171,-0.780766,-0.198759,0.149578
1540581227.035533574,-1.544313,15.922846,-0.131064,0.572815,-0.781219,-0.198978,0.148283
1540581227.069351560,-1.566871,16.032973,-0.129419,0.572872,-0.781875,-0.195683,0.148985
1540581227.102883946,-1.583156,16.068750,-0.131741,0.572777,-0.782954,-0.190803,0.150012
1540581227.136440445,-1.589103,16.079035,-0.135348,0.572555,-0.783798,-0.187129,0.151076
1540581227.170500544,-1.591431,16.050383,-0.133796,0.571962,-0.784538,-0.185499,0.151493
1540581227.205012818,-1.589786,16.018807,-0.132386,0.572030,-0.784011,-0.187064,0.152038
1540581227.238020329,-1.591150,15.980632,-0.127910,0.572027,-0.783108,-0.191220,0.151529
1540581227.270678278,-1.619487,15.996077,-0.124043,0.571488,-0.782665,-0.194816,0.151274
1540581227.303929014,-1.640416,16.007200,-0.132102,0.571640,-0.781596,-0.198280,0.151727
1540581227.339190862,-1.646044,16.007303,-0.135347,0.571894,-0.780089,-0.203273,0.151916
1540581227.371918999,-1.657198,16.011678,-0.136446,0.572520,-0.778202,-0.208883,0.151624
1540581227.404928535,-1.670101,16.015328,-0.135750,0.573659,-0.775772,-0.214988,0.151239
1540581227.440057546,-1.681251,16.020587,-0.138491,0.574506,-0.773318,-0.221183,0.151658
1540581227.472337857,-1.686783,16.029670,-0.141560,0.574806,-0.771845,-0.224929,0.152512
1540581227.505721594,-1.698889,16.055835,-0.147375,0.574907,-0.771588,-0.224172,0.154534
1540581227.539603380,-1.712985,16.085983,-0.154486,0.574249,-0.773009,-0.217725,0.159031
1540581227.573279666,-1.723214,16.146065,-0.161461,0.572809,-0.775157,-0.209648,0.164525
1540581227.606682152,-1.731634,16.181717,-0.162424,0.571802,-0.776798,-0.202533,0.169138
1540581227.641519176,-1.752066,16.216025,-0.160128,0.570552,-0.778149,-0.196719,0.173946
1540581227.674422462,-1.770153,16.234003,-0.157962,0.569500,-0.778824,-0.192892,0.178591
1540581227.707230086,-1.782537,16.255796,-0.157543,0.567995,-0.779515,-0.191146,0.182210
1540581227.741610447,-1.803979,16.273297,-0.158776,0.566649,-0.779820,-0.190375,0.185868
1540581227.774912183,-1.821408,16.298699,-0.160387,0.565447,-0.779292,-0.192835,0.189176
1540581227.808989295,-1.847286,16.328429,-0.160017,0.564383,-0.778060,-0.199195,0.190828
1540581227.842788018,-1.862239,16.331351,-0.161846,0.562717,-0.777105,-0.205853,0.192565
1540581227.875430130,-1.860589,16.352346,-0.162359,0.560317,-0.777196,-0.209724,0.195006
1540581227.909610541,-1.862973,16.379955,-0.165920,0.558130,-0.778262,-0.207826,0.199018
1540581227.943171202,-1.862808,16.398237,-0.170107,0.554612,-0.780941,-0.204503,0.201780
1540581227.977487838,-1.872470,16.430195,-0.170791,0.552890,-0.782318,-0.200973,0.204698
1540581228.009986987,-1.883913,16.454848,-0.169027,0.552119,-0.782698,-0.199640,0.206622
1540581228.044072773,-1.883438,16.457134,-0.165093,0.551620,-0.782665,-0.199726,0.207989
1540581228.078088134,-1.875665,16.450279,-0.163872,0.550933,-0.783352,-0.198959,0.207960
1540581228.111581046,-1.869535,16.445804,-0.161293,0.551315,-0.783689,-0.196885,0.207652
1540581228.144285057,-1.874175,16.465022,-0.162501,0.551779,-0.783598,-0.196672,0.206962
1540581228.177954230,-1.868429,16.453884,-0.160711,0.552247,-0.783914,-0.196008,0.205142
1540581228.212144217,-1.839237,16.402487,-0.154023,0.552566,-0.784803,-0.192230,0.204459
1540581228.246557315,-1.823665,16.381526,-0.152411,0.552999,-0.786044,-0.186654,0.203684
1540581228.278817077,-1.811011,16.367524,-0.147706,0.553050,-0.787385,-0.182382,0.202232
1540581228.313555125,-1.798291,16.364135,-0.144951,0.554053,-0.787636,-0.180094,0.200550
1540581228.345550874,-1.799284,16.367777,-0.142738,0.555159,-0.787648,-0.178365,0.198984
1540581228.379911835,-1.798218,16.366258,-0.138613,0.556051,-0.787840,-0.177146,0.196813
1540581228.414076859,-1.796220,16.367595,-0.136758,0.557488,-0.787431,-0.176146,0.195275
1540581228.482545931,-1.846375,16.432666,-0.139044,0.559966,-0.786391,-0.179536,0.189193
1540581228.513603405,-1.860588,16.455732,-0.136596,0.561606,-0.784516,-0.185869,0.185975
1540581228.547481854,-1.864984,16.461814,-0.136826,0.563709,-0.782170,-0.192810,0.182391
1540581228.581733903,-1.834383,16.394130,-0.138382,0.566098,-0.780062,-0.197046,0.179468
1540581228.615682776,-1.845158,16.407781,-0.138874,0.566802,-0.780111,-0.196802,0.177286
1540581228.683566249,-1.856648,16.431089,-0.141572,0.568444,-0.780601,-0.191707,0.175448
1540581228.715506172,-1.853456,16.420729,-0.141372,0.568301,-0.781519,-0.189343,0.174389
1540581228.749871384,-1.845687,16.401173,-0.138408,0.568400,-0.781583,-0.190437,0.172580
1540581228.799661882,-1.853783,16.405687,-0.135347,0.568403,-0.780786,-0.196756,0.169050
1540581228.831728831,-1.888270,16.458709,-0.134823,0.567654,-0.780983,-0.200331,0.166442
1540581228.864876229,-1.904329,16.483250,-0.133762,0.567608,-0.780918,-0.202928,0.163732
1540581228.899049903,-1.893542,16.461011,-0.132469,0.567276,-0.781621,-0.202273,0.162332
1540581228.931233289,-1.900319,16.464836,-0.132526,0.567156,-0.782451,-0.200570,0.160860
1540581228.965897488,-1.906745,16.472337,-0.133146,0.567258,-0.782881,-0.199857,0.159290
1540581228.998424924,-1.904295,16.454976,-0.135890,0.567784,-0.783236,-0.197128,0.159070
1540581229.032338348,-1.906287,16.449591,-0.136192,0.567163,-0.784464,-0.193771,0.159359
1540581229.065450922,-1.920573,16.470594,-0.134660,0.566383,-0.785267,-0.192311,0.159947
1540581229.099627558,-1.933339,16.482958,-0.134268,0.566543,-0.784739,-0.193159,0.160942
1540581229.131560094,-1.933916,16.487679,-0.133603,0.566171,-0.783827,-0.196470,0.162680
1540581229.166344818,-1.921179,16.482464,-0.134833,0.564931,-0.782898,-0.201588,0.165187
1540581229.198457467,-1.936661,16.525419,-0.132320,0.564828,-0.781229,-0.205903,0.168093
1540581229.232384953,-1.947943,16.549601,-0.133816,0.565060,-0.779414,-0.209240,0.171579
1540581229.265947864,-1.964076,16.568815,-0.135914,0.564218,-0.779149,-0.210367,0.174158
1540581229.299567863,-1.980391,16.592887,-0.136580,0.563646,-0.779019,-0.209428,0.177686
1540581229.331992836,-1.983521,16.601999,-0.138676,0.564143,-0.778036,-0.208350,0.181639
1540581229.365760585,-1.993054,16.610314,-0.139123,0.563789,-0.778200,-0.206276,0.184384
1540581229.398542809,-1.999929,16.629388,-0.138452,0.563436,-0.778195,-0.204661,0.187260
1540581229.432814870,-2.015526,16.651213,-0.139185,0.562512,-0.778518,-0.201956,0.191583
1540581229.465266719,-2.062709,16.710822,-0.145302,0.561945,-0.777859,-0.202740,0.195063
1540581229.498670280,-2.077018,16.731807,-0.146964,0.561038,-0.777545,-0.203622,0.197985
1540581229.531992354,-2.093309,16.756623,-0.148037,0.560151,-0.777184,-0.203900,0.201594
1540581229.565540353,-2.110300,16.781241,-0.149806,0.559579,-0.776436,-0.205434,0.204487
1540581229.598715151,-2.140027,16.821674,-0.154115,0.558389,-0.775733,-0.208665,0.207120
1540581229.632034113,-2.159990,16.849154,-0.155598,0.557193,-0.774497,-0.214189,0.209314
1540581229.666452436,-2.174307,16.872618,-0.155270,0.556153,-0.772598,-0.223134,0.209756
1540581229.698606785,-2.177957,16.883575,-0.154315,0.554785,-0.771614,-0.228808,0.210885
1540581229.733265809,-2.189689,16.909868,-0.154881,0.552726,-0.771917,-0.230476,0.213354
1540581229.765705782,-2.176726,16.899560,-0.153944,0.551826,-0.771570,-0.232727,0.214487
1540581229.798298819,-2.188771,16.919908,-0.157493,0.550717,-0.771487,-0.235556,0.214553
1540581229.832507992,-2.196109,16.939498,-0.164212,0.550028,-0.770718,-0.238785,0.215508
1540581229.865582041,-2.206303,16.958237,-0.166736,0.550591,-0.769363,-0.241588,0.215790
1540581229.905441490,-2.212543,16.972671,-0.169926,0.550721,-0.768226,-0.246085,0.214424
1540581229.931985589,-2.216362,16.982356,-0.171718,0.550950,-0.767516,-0.248685,0.213375
1540581229.970428537,-2.222053,16.995919,-0.173126,0.552298,-0.766350,-0.250532,0.211915
1540581230.033760522,-2.229201,17.015628,-0.174069,0.552172,-0.768596,-0.244370,0.211306
1540581230.065362133,-2.222056,17.012301,-0.173351,0.552321,-0.770127,-0.239207,0.211247
1540581230.098817320,-2.188313,16.982322,-0.164667,0.553300,-0.770449,-0.235579,0.211591
1540581230.132932956,-2.208223,17.023840,-0.163306,0.553684,-0.770450,-0.236450,0.209601
1540581230.165791892,-2.206983,17.019575,-0.164715,0.555189,-0.769550,-0.236360,0.209027
1540581230.205682028,-2.211840,17.031979,-0.165995,0.556919,-0.768953,-0.234890,0.208277
1540581230.266781076,-2.220416,17.058179,-0.165988,0.557229,-0.771031,-0.228735,0.206608
1540581230.303878899,-2.224284,17.067431,-0.164702,0.558698,-0.771032,-0.225615,0.206066
1540581230.332588486,-2.226563,17.076582,-0.165249,0.559548,-0.770722,-0.225876,0.204629
1540581230.366045272,-2.233990,17.093266,-0.165587,0.560497,-0.770572,-0.227503,0.200757
1540581230.398828971,-2.240006,17.107273,-0.164964,0.562029,-0.770414,-0.226210,0.198530
1540581230.432620482,-2.252019,17.134086,-0.164772,0.562788,-0.770932,-0.224509,0.196288
1540581230.465655218,-2.267843,17.168920,-0.161544,0.563805,-0.771461,-0.224241,0.191541
1540581230.498848354,-2.262924,17.163108,-0.158687,0.565146,-0.771467,-0.224490,0.187223
1540581230.536367391,-2.270199,17.177522,-0.157604,0.566307,-0.771350,-0.225979,0.182343
1540581230.570925002,-2.279879,17.197659,-0.154812,0.567112,-0.771540,-0.228155,0.176227
1540581230.599905826,-2.283340,17.202982,-0.151526,0.568342,-0.771365,-0.228997,0.171886
1540581230.635327837,-2.297548,17.225704,-0.149666,0.569789,-0.771068,-0.230001,0.167015
1540581230.668918148,-2.293474,17.226258,-0.146235,0.570835,-0.770628,-0.232831,0.161460
1540581230.704423834,-2.303537,17.243035,-0.145258,0.573250,-0.769311,-0.235169,0.155691
1540581230.734756458,-2.318332,17.273798,-0.144764,0.575119,-0.768403,-0.236144,0.151761
1540581230.769962707,-2.325021,17.296639,-0.145760,0.576122,-0.768948,-0.234120,0.148292
1540581230.800591468,-2.330149,17.317358,-0.145376,0.576797,-0.770419,-0.229126,0.145814
1540581230.833804129,-2.349717,17.359102,-0.141775,0.576568,-0.772951,-0.222275,0.143912
1540581230.868263528,-2.370500,17.352212,-0.161477,0.577416,-0.773306,-0.219964,0.142142
1540581230.903532489,-2.370250,17.342135,-0.161956,0.577478,-0.773303,-0.221670,0.139226
1540581230.939166225,-2.371498,17.344265,-0.160846,0.577723,-0.772625,-0.224407,0.137584
1540581230.970112649,-2.361693,17.324080,-0.155787,0.577989,-0.772303,-0.225193,0.136985
1540581231.000357610,-2.364356,17.330969,-0.152580,0.577863,-0.772565,-0.224478,0.137213
1540581231.034890534,-2.367354,17.350696,-0.143898,0.577088,-0.773410,-0.222977,0.138155
1540581231.070599233,-2.370557,17.348180,-0.147854,0.577560,-0.772195,-0.224810,0.140003
1540581231.100899369,-2.365455,17.334131,-0.153098,0.577367,-0.771091,-0.228579,0.140776
1540581231.134588705,-2.370553,17.332976,-0.156091,0.577049,-0.770023,-0.232059,0.142223
1540581231.168049604,-2.380223,17.346056,-0.154780,0.576531,-0.769366,-0.234538,0.143805
1540581231.204085203,-2.387588,17.355972,-0.153737,0.576147,-0.768755,-0.236287,0.145735
1540581231.235409351,-2.393655,17.357816,-0.151820,0.575550,-0.768813,-0.235525,0.148987
1540581231.270246825,-2.401658,17.370651,-0.149576,0.574678,-0.769165,-0.234331,0.152377
1540581231.303308574,-2.405671,17.376521,-0.148162,0.573668,-0.769546,-0.234108,0.154588
1540581231.336561085,-2.407226,17.375555,-0.148338,0.572824,-0.769940,-0.232314,0.158415
1540581231.370672034,-2.405250,17.370559,-0.148909,0.571294,-0.770570,-0.231291,0.162325
1540581231.403741382,-2.413304,17.378782,-0.149022,0.570492,-0.769576,-0.235538,0.163749
1540581231.437234956,-2.418291,17.384728,-0.148865,0.569656,-0.768189,-0.240476,0.165977
1540581231.471224980,-2.426190,17.395854,-0.149288,0.568962,-0.766858,-0.244597,0.168475
1540581231.505446579,-2.424023,17.395831,-0.150941,0.567706,-0.766154,-0.248535,0.170143
1540581231.537734465,-2.422453,17.394465,-0.150384,0.566321,-0.765910,-0.251392,0.171652
1540581231.571057189,-2.435075,17.411547,-0.151178,0.565959,-0.764870,-0.254576,0.172786
1540581231.605325475,-2.439748,17.419567,-0.151463,0.565695,-0.764226,-0.256524,0.173620
1540581231.638874498,-2.432923,17.417262,-0.148841,0.565033,-0.764360,-0.256755,0.174842
1540581231.674097322,-2.414698,17.398109,-0.147236,0.564895,-0.764469,-0.255889,0.176074
1540581231.706454521,-2.424100,17.412540,-0.147058,0.564083,-0.765036,-0.255087,0.177372
1540581231.739696857,-2.424521,17.414350,-0.147094,0.563959,-0.764424,-0.256850,0.177862
1540581231.772942406,-2.424556,17.415336,-0.146703,0.564066,-0.763554,-0.259129,0.177951
1540581231.807176217,-2.424416,17.415958,-0.145950,0.563500,-0.763731,-0.259783,0.178033
1540581231.840454453,-2.424347,17.416503,-0.144835,0.563216,-0.764325,-0.258696,0.177965
1540581231.875537064,-2.429322,17.431775,-0.144907,0.562828,-0.765774,-0.254933,0.178395
1540581231.908228488,-2.428305,17.435464,-0.143418,0.562496,-0.767305,-0.251164,0.178209
1540581231.941190112,-2.425811,17.436038,-0.143369,0.562677,-0.768143,-0.248562,0.177672
1540581231.975024523,-2.426507,17.437969,-0.143707,0.562553,-0.769263,-0.245700,0.177200
1540581232.008666834,-2.427239,17.438368,-0.143190,0.562558,-0.769470,-0.246037,0.175813
1540581232.043697496,-2.428130,17.438354,-0.141192,0.563289,-0.768858,-0.246897,0.174942
1540581232.075609882,-2.428451,17.439155,-0.139156,0.563625,-0.769556,-0.243603,0.175410
1540581232.109619531,-2.427167,17.439332,-0.138594,0.563018,-0.771587,-0.238329,0.175681
1540581232.143115804,-2.425870,17.439274,-0.139179,0.562860,-0.772175,-0.237136,0.175215
1540581232.175810365,-2.432989,17.446332,-0.141224,0.563133,-0.770786,-0.241645,0.174293
1540581232.209646989,-2.436254,17.449532,-0.142125,0.563380,-0.769088,-0.247863,0.172254
1540581232.243722575,-2.442915,17.459363,-0.138272,0.563601,-0.768831,-0.248512,0.171741
1540581232.276553487,-2.442396,17.458700,-0.136989,0.564016,-0.768988,-0.246567,0.172474
1540581232.311310935,-2.441452,17.457077,-0.135891,0.564376,-0.768990,-0.245875,0.172277
1540581232.344772559,-2.438162,17.456132,-0.134156,0.564027,-0.769076,-0.246719,0.171829
1540581232.379236195,-2.435952,17.455713,-0.134782,0.564118,-0.768137,-0.249870,0.171178
1540581232.412021831,-2.434330,17.455004,-0.137343,0.564162,-0.766883,-0.254065,0.170477
1540581232.447208855,-2.433907,17.455519,-0.137800,0.564295,-0.766363,-0.255686,0.169951
1540581232.479442816,-2.433119,17.453555,-0.137611,0.564452,-0.766356,-0.255229,0.170148
1540581232.513165165,-2.432154,17.450737,-0.137188,0.564657,-0.765996,-0.256151,0.169700
1540581232.546837639,-2.432310,17.451338,-0.136705,0.564742,-0.765475,-0.257629,0.169533
1540581232.579429075,-2.433267,17.452165,-0.137054,0.564386,-0.765658,-0.257837,0.169579
1540581232.613163886,-2.432560,17.452327,-0.137013,0.564317,-0.765824,-0.257530,0.169522
1540581232.646811073,-2.432216,17.452926,-0.136868,0.564566,-0.765612,-0.257354,0.169919
1540581232.680658934,-2.432086,17.452970,-0.136304,0.564839,-0.765206,-0.257836,0.170108
1540581232.713763507,-2.431395,17.452300,-0.135972,0.564962,-0.764841,-0.258784,0.169903
1540581232.747038806,-2.430927,17.452163,-0.136215,0.564884,-0.764692,-0.259400,0.169895
1540581232.780769855,-2.430340,17.451991,-0.136679,0.565029,-0.764225,-0.260694,0.169532
1540581232.815154604,-2.429911,17.451843,-0.137019,0.565678,-0.762908,-0.263772,0.168536
1540581232.848130315,-2.430269,17.451707,-0.137308,0.566152,-0.761446,-0.267553,0.167594
1540581232.882349814,-2.430337,17.451733,-0.137108,0.566296,-0.760535,-0.270437,0.166613
1540581232.916846325,-2.430469,17.452243,-0.136497,0.566353,-0.760265,-0.271109,0.166558
1540581232.949809373,-2.430371,17.452858,-0.135785,0.566394,-0.760299,-0.270686,0.166948
1540581232.983526022,-2.429023,17.452796,-0.134966,0.566272,-0.760618,-0.269790,0.167359
1540581233.016307583,-2.428292,17.453373,-0.134482,0.566117,-0.760947,-0.269016,0.167636
1540581233.049925470,-2.424788,17.451734,-0.133721,0.565994,-0.761112,-0.268781,0.167678
1540581233.083507543,-2.421120,17.450095,-0.133211,0.565973,-0.760937,-0.269367,0.167603
1540581233.116824967,-2.420477,17.450588,-0.132849,0.565989,-0.760563,-0.270463,0.167481
1540581233.150890653,-2.419876,17.451088,-0.132402,0.566032,-0.760076,-0.271879,0.167254
1540581233.185307527,-2.419257,17.451560,-0.131869,0.566113,-0.759559,-0.273300,0.167016
1540581233.233741513,-2.417644,17.451936,-0.131157,0.566066,-0.758981,-0.275061,0.166906
1540581233.284767761,-2.407731,17.448890,-0.130314,0.565834,-0.758687,-0.276164,0.167209
1540581233.334205834,-2.399049,17.448267,-0.130194,0.565478,-0.759012,-0.275495,0.168042
1540581233.367728308,-2.389672,17.447098,-0.130628,0.565412,-0.759208,-0.274776,0.168552
1540581233.401320956,-2.386250,17.446288,-0.129741,0.565379,-0.759381,-0.274139,0.168926
1540581233.434402805,-2.384827,17.447915,-0.129775,0.565256,-0.759622,-0.273500,0.169287
1540581233.467786579,-2.384703,17.450448,-0.130217,0.565126,-0.759757,-0.273324,0.169400
1540581233.501100177,-2.384627,17.456616,-0.131606,0.564993,-0.759856,-0.273103,0.169753
1540581233.534249526,-2.382933,17.458288,-0.131329,0.564906,-0.760001,-0.272654,0.170113
1540581233.568859125,-2.381182,17.464726,-0.133307,0.564861,-0.760203,-0.271907,0.170556
1540581233.601633961,-2.377409,17.464066,-0.133214,0.564682,-0.760533,-0.271237,0.170746
1540581233.635007722,-2.381184,17.466349,-0.133122,0.564538,-0.760673,-0.271100,0.170817
1540581233.667680671,-2.380954,17.463849,-0.131467,0.564518,-0.760657,-0.271104,0.170944
1540581233.700947170,-2.382683,17.467760,-0.132290,0.564456,-0.760514,-0.271621,0.170971
1540581233.734837706,-2.382443,17.469992,-0.131963,0.564373,-0.760361,-0.272244,0.170933
1540581233.768368905,-2.378420,17.468671,-0.130279,0.564397,-0.760284,-0.272344,0.171035
1540581233.801273266,-2.377666,17.470735,-0.129741,0.564309,-0.760326,-0.272271,0.171255
1540581233.834233190,-2.376683,17.472774,-0.129140,0.564176,-0.760517,-0.271863,0.171490
1540581233.867463501,-2.366609,17.467270,-0.127078,0.564114,-0.760870,-0.270776,0.171848
