1540589235.717343933,0.000000,0.000000,0.000000,0.604228,-0.796338,-0.027455,0.000000
1540589235.751078507,-0.000059,0.000003,-0.000148,0.604536,-0.796088,-0.027921,-0.001149
1540589235.784903643,-0.000100,0.000280,0.000091,0.604394,-0.796181,-0.028326,-0.001265
1540589235.818142442,-0.000738,0.000131,0.000580,0.604478,-0.796075,-0.029484,-0.001495
1540589235.852017628,-0.000920,0.000749,0.000275,0.604739,-0.795755,-0.032347,-0.004243
1540589235.885775377,-0.004628,0.001359,0.001084,0.604751,-0.795695,-0.033546,-0.004513
1540589235.919051413,-0.004528,-0.000190,-0.002025,0.604773,-0.795565,-0.035948,-0.005911
1540589235.953025787,-0.001937,-0.002387,-0.001717,0.604793,-0.795508,-0.036960,-0.005123
1540589235.986515311,0.001985,0.010911,-0.001169,0.604488,-0.795992,-0.031088,0.004944
1540589236.020540409,-0.001110,0.001534,-0.000578,0.606658,-0.794085,-0.037352,-0.000294
1540589236.055199146,0.001472,-0.008585,0.000970,0.615595,-0.787077,-0.039414,0.000103
1540589236.086921507,0.002403,-0.011262,0.001308,0.616666,-0.786150,-0.041114,0.000165
1540589236.120902381,0.001342,-0.038126,0.001515,0.605674,-0.794541,-0.043180,0.000501
1540589236.154201429,-0.000600,-0.036381,0.002075,0.603094,-0.796497,-0.043195,0.002276
1540589236.188773340,0.001454,-0.000693,-0.000946,0.602629,-0.796849,-0.043115,0.003213
1540589236.222176639,0.002990,0.001895,-0.001480,0.602692,-0.796804,-0.042995,0.004113
1540589236.254740650,0.003315,0.016162,-0.002889,0.596323,-0.801656,-0.041223,0.006836
1540589236.288848574,0.005566,0.022142,-0.003186,0.596382,-0.801649,-0.040256,0.008204
1540589236.322145573,0.008069,0.028505,-0.003391,0.596462,-0.801611,-0.039559,0.009354
1540589236.356082722,0.010646,0.035435,-0.003640,0.596451,-0.801627,-0.039076,0.010661
1540589236.389807220,0.009612,0.036793,-0.007151,0.595905,-0.802038,-0.038670,0.011705
1540589236.423501481,0.013935,0.052052,-0.002741,0.596716,-0.801379,-0.039604,0.012406
1540589236.456601555,0.017598,0.066255,-0.003664,0.596507,-0.801480,-0.040343,0.013466
1540589236.490526441,0.021368,0.081778,-0.004589,0.596235,-0.801588,-0.041863,0.014418
1540589236.525957753,0.025029,0.097887,-0.008563,0.598605,-0.799651,-0.044764,0.015089
1540589236.557377514,0.026732,0.108284,-0.010222,0.599143,-0.799115,-0.046788,0.015938
1540589236.590941038,0.026096,0.117910,-0.008841,0.598584,-0.799513,-0.046160,0.018582
1540589236.624717536,0.028955,0.128010,-0.010502,0.598675,-0.799412,-0.045719,0.020948
1540589236.658746597,0.034214,0.134929,-0.007688,0.598984,-0.799076,-0.046531,0.023043
1540589236.693144946,0.041656,0.152444,-0.007805,0.599151,-0.798830,-0.046957,0.026141
1540589236.725869470,0.053885,0.157590,-0.008526,0.598596,-0.799152,-0.047032,0.028743
1540589236.762600619,0.057719,0.163793,-0.011515,0.598413,-0.799199,-0.048170,0.029360
1540589236.800341680,0.038359,0.119551,-0.019396,0.599969,-0.797893,-0.050705,0.028848
1540589236.860322840,0.037863,0.143480,-0.027044,0.599850,-0.797843,-0.053264,0.028105
1540589236.893427576,0.039717,0.158852,-0.029531,0.599724,-0.797943,-0.053237,0.028019
1540589236.926866950,0.041078,0.174639,-0.032147,0.599778,-0.797938,-0.053137,0.027161
1540589236.962398486,0.046735,0.203704,-0.038038,0.598141,-0.799351,-0.050274,0.027155
1540589237.031603483,0.059310,0.233714,-0.050474,0.599153,-0.798746,-0.049316,0.024258
1540589237.065607757,0.077756,0.255120,-0.043314,0.599918,-0.798049,-0.052216,0.022141
1540589237.095178243,0.084122,0.274981,-0.044936,0.600092,-0.797878,-0.053433,0.020643
1540589237.131067229,0.110127,0.311123,-0.056226,0.600928,-0.797340,-0.053183,0.017483
1540589237.199416739,0.133715,0.385793,-0.073016,0.601365,-0.797448,-0.047520,0.013364
1540589237.266925474,0.139184,0.429126,-0.079188,0.601666,-0.797233,-0.048871,0.005475
1540589237.313825947,0.134318,0.446778,-0.078842,0.601847,-0.797059,-0.049780,-0.000394
1540589237.346558734,0.112614,0.508302,-0.059247,0.600532,-0.797937,-0.051309,-0.005010
1540589237.379258282,0.112264,0.563306,-0.059411,0.599723,-0.798514,-0.051306,-0.008689
1540589237.412783231,0.112707,0.588956,-0.059431,0.599107,-0.798988,-0.050306,-0.012611
1540589237.445710130,0.111173,0.612685,-0.058366,0.598431,-0.799595,-0.047465,-0.016560
1540589237.479397816,0.110605,0.633547,-0.056988,0.597615,-0.800496,-0.040953,-0.019615
1540589237.512957402,0.111202,0.636682,-0.056355,0.596992,-0.801284,-0.032757,-0.021693
1540589237.546441426,0.108797,0.654618,-0.061489,0.596261,-0.802006,-0.026083,-0.024068
1540589237.581576800,0.108682,0.683364,-0.063502,0.595684,-0.802464,-0.021022,-0.027733
1540589237.614524311,0.108384,0.705688,-0.064100,0.595461,-0.802576,-0.018009,-0.031204
1540589237.681429533,0.108625,0.760265,-0.068493,0.595212,-0.802656,-0.009716,-0.037033
1540589237.712945370,0.109450,0.785504,-0.069711,0.594651,-0.803039,-0.004837,-0.038680
1540589237.746841081,0.103258,0.801784,-0.063948,0.592985,-0.804099,-0.001689,-0.042328
1540589237.780020192,0.100782,0.824046,-0.062364,0.592880,-0.804065,0.000903,-0.044401
1540589237.813471903,0.094806,0.853538,-0.063514,0.592516,-0.804227,0.002964,-0.046212
1540589237.846724402,0.090456,0.879979,-0.064703,0.592424,-0.804194,0.003971,-0.047850
1540589237.880491213,0.090604,0.911159,-0.067140,0.592709,-0.803925,0.004057,-0.048833
1540589237.912950825,0.087197,0.964304,-0.063669,0.592352,-0.804179,0.005390,-0.048853
1540589237.946727073,0.090214,1.004481,-0.065019,0.592005,-0.804437,0.006019,-0.048727
1540589237.979668422,0.094583,1.043538,-0.070181,0.592888,-0.803857,0.004249,-0.047749
1540589238.013103558,0.088108,1.098163,-0.072095,0.593578,-0.803361,0.000841,-0.047704
1540589238.046237557,0.089140,1.142034,-0.071326,0.593773,-0.803246,-0.002085,-0.047170
1540589238.079576031,0.092650,1.184297,-0.073003,0.594708,-0.802682,-0.003351,-0.044869
1540589238.112950742,0.087417,1.227310,-0.075106,0.595734,-0.802018,-0.005417,-0.042873
1540589238.146460128,0.089046,1.266776,-0.079558,0.596148,-0.801797,-0.008157,-0.040770
1540589238.179346152,0.081734,1.301819,-0.085918,0.597132,-0.801160,-0.009379,-0.038564
1540589238.213159376,0.080605,1.339278,-0.089795,0.597558,-0.801020,-0.008953,-0.034804
1540589238.247464699,0.086507,1.386677,-0.087406,0.597148,-0.801506,-0.008052,-0.030623
1540589238.279981886,0.083295,1.412097,-0.086383,0.597187,-0.801605,-0.008926,-0.026800
1540589238.315354484,0.084218,1.456333,-0.084479,0.596771,-0.801965,-0.012988,-0.023405
1540589238.346904471,0.084553,1.498005,-0.084628,0.596410,-0.802218,-0.018482,-0.019967
1540589238.380107432,0.084542,1.545444,-0.090381,0.596581,-0.802048,-0.023337,-0.016319
1540589238.413184081,0.084769,1.592222,-0.087928,0.596319,-0.802277,-0.024846,-0.011710
1540589238.446401517,0.082224,1.622421,-0.085740,0.596164,-0.802415,-0.025907,-0.006962
1540589238.479712216,0.072733,1.663587,-0.088455,0.597000,-0.801753,-0.027822,-0.002917
1540589238.513474614,0.068191,1.701158,-0.094119,0.597459,-0.801305,-0.030843,0.000804
1540589238.546304300,0.063272,1.738647,-0.100229,0.597922,-0.800771,-0.035189,0.004246
1540589238.579753324,0.060081,1.769655,-0.110399,0.598814,-0.799821,-0.040699,0.007237
1540589238.613440723,0.064555,1.807795,-0.114769,0.598941,-0.799373,-0.046660,0.009781
1540589238.647390484,0.075172,1.841299,-0.116309,0.598482,-0.799464,-0.049544,0.014887
1540589238.680140308,0.074778,1.881149,-0.115125,0.598131,-0.799763,-0.047391,0.019307
1540589238.713579794,0.070939,1.917928,-0.104360,0.597699,-0.800151,-0.043957,0.024133
1540589238.748076680,0.070615,1.949716,-0.112509,0.597695,-0.800178,-0.041717,0.027105
1540589238.779902429,0.067114,1.986828,-0.113984,0.597767,-0.800053,-0.041222,0.029842
1540589238.813409628,0.064869,2.027307,-0.115403,0.598040,-0.799723,-0.041890,0.032187
1540589238.847228602,0.063830,2.068151,-0.114949,0.598065,-0.799551,-0.042754,0.034759
1540589238.880925488,0.072118,2.080849,-0.115026,0.598509,-0.798946,-0.045076,0.037943
1540589238.913392099,0.070853,2.112251,-0.128185,0.599113,-0.798151,-0.050390,0.038474
1540589238.947247060,0.061932,2.116882,-0.140385,0.599400,-0.797596,-0.055151,0.038965
1540589238.980877509,0.054933,2.156548,-0.143069,0.599311,-0.797505,-0.056778,0.039851
1540589239.013813095,0.052481,2.197998,-0.142731,0.599086,-0.797697,-0.056216,0.040193
1540589239.047441569,0.056723,2.240942,-0.141620,0.599133,-0.797741,-0.055773,0.039220
1540589239.081126955,0.040427,2.281808,-0.149686,0.599645,-0.797425,-0.055887,0.037640
1540589239.113194491,0.011852,2.321948,-0.150748,0.599809,-0.797404,-0.055466,0.036054
1540589239.148308378,-0.030333,2.363764,-0.148875,0.599920,-0.797562,-0.053755,0.033180
1540589239.182997951,-0.050946,2.397542,-0.152629,0.599960,-0.797757,-0.052401,0.029776
1540589239.214217638,-0.090348,2.390698,-0.171936,0.601240,-0.797041,-0.050687,0.025829
1540589239.249849674,-0.082159,2.382226,-0.170504,0.600403,-0.797868,-0.049454,0.021852
1540589239.283200897,-0.108325,2.399121,-0.173068,0.601110,-0.797469,-0.049396,0.016421
1540589239.313716121,-0.115622,2.425201,-0.163784,0.600423,-0.798266,-0.045539,0.013759
1540589239.348616782,-0.137725,2.451266,-0.143717,0.599365,-0.799438,-0.039008,0.011784
1540589239.387562281,-0.180274,2.458349,-0.122364,0.598711,-0.800221,-0.033375,0.008790
1540589239.419097630,-0.213715,2.458376,-0.091872,0.597382,-0.801223,-0.033844,0.005502
1540589239.450342653,-0.200622,2.447557,-0.082052,0.596969,-0.801515,-0.034649,-0.001009
1540589239.481767065,-0.165592,2.518652,-0.083706,0.597751,-0.800971,-0.033113,-0.006548
1540589239.515000289,-0.145966,2.549688,-0.078595,0.597309,-0.801439,-0.028981,-0.008766
1540589239.549638425,-0.153568,2.609256,-0.077044,0.597478,-0.801248,-0.029228,-0.012941
1540589239.583005736,-0.158522,2.659460,-0.077332,0.597253,-0.801236,-0.032063,-0.016799
1540589239.617879185,-0.143394,2.684883,-0.063627,0.596907,-0.801381,-0.033163,-0.019785
1540589239.649955833,-0.131171,2.696178,-0.067066,0.597030,-0.801339,-0.030343,-0.022122
1540589239.682982682,-0.123790,2.708148,-0.069145,0.597335,-0.801225,-0.025580,-0.023966
1540589239.716304056,-0.131202,2.766646,-0.074034,0.597488,-0.801162,-0.021360,-0.026294
1540589239.749701205,-0.136044,2.847956,-0.080875,0.597986,-0.800748,-0.019420,-0.028935
1540589239.787138803,-0.139919,2.896355,-0.079377,0.598070,-0.800475,-0.020535,-0.033608
1540589239.816914565,-0.141570,2.928338,-0.083113,0.598226,-0.800316,-0.019012,-0.035475
1540589239.851422426,-0.137751,2.960464,-0.082853,0.598586,-0.800065,-0.014863,-0.037012
1540589239.884530362,-0.135202,2.989231,-0.082437,0.598825,-0.799917,-0.009442,-0.038120
1540589239.917457386,-0.133473,3.029813,-0.075224,0.599082,-0.799733,-0.004953,-0.038780
1540589239.951105297,-0.127911,3.071184,-0.059238,0.599391,-0.799423,-0.005292,-0.040315
1540589239.984775771,-0.130428,3.119763,-0.050907,0.599493,-0.799181,-0.007828,-0.043086
1540589240.017880394,-0.127583,3.161580,-0.042379,0.599694,-0.798929,-0.011135,-0.044214
1540589240.053088293,-0.123348,3.204576,-0.045339,0.599798,-0.798728,-0.014298,-0.045510
1540589240.086068442,-0.143709,3.259691,-0.074196,0.600656,-0.797984,-0.015993,-0.046670
1540589240.119027353,-0.146807,3.324196,-0.108241,0.601920,-0.797025,-0.017199,-0.046338
1540589240.153296852,-0.151316,3.400475,-0.123218,0.602473,-0.796599,-0.018072,-0.046159
1540589240.186920375,-0.148980,3.459377,-0.126823,0.602194,-0.796751,-0.020081,-0.046343
1540589240.220875949,-0.153959,3.527569,-0.125364,0.601452,-0.797095,-0.024727,-0.047777
1540589240.253707173,-0.157280,3.591303,-0.125841,0.601496,-0.797076,-0.026130,-0.046793
1540589240.287668709,-0.156284,3.642874,-0.123667,0.600893,-0.797644,-0.025429,-0.045217
1540589240.320856633,-0.163773,3.691629,-0.122234,0.600435,-0.798197,-0.022618,-0.042990
1540589240.354121457,-0.167884,3.752280,-0.127493,0.599610,-0.799158,-0.018829,-0.038213
1540589240.388461355,-0.170038,3.824406,-0.135411,0.599994,-0.798934,-0.019113,-0.036709
1540589240.422324679,-0.175849,3.883599,-0.131006,0.600000,-0.799031,-0.017971,-0.035014
1540589240.454900240,-0.141809,3.940010,-0.125635,0.600107,-0.799103,-0.017722,-0.031487
1540589240.489062289,-0.132956,3.994616,-0.127719,0.600533,-0.798737,-0.021455,-0.030308
1540589240.522104688,-0.040360,4.017445,-0.117626,0.600516,-0.798766,-0.025808,-0.026202
1540589240.556095849,-0.024716,4.022956,-0.120751,0.599930,-0.799143,-0.028985,-0.024786
1540589240.589627398,-0.035146,4.077970,-0.122123,0.600244,-0.799033,-0.027242,-0.022628
1540589240.623346584,-0.029720,4.146585,-0.131531,0.600912,-0.798686,-0.023895,-0.020855
1540589240.656776495,-0.029652,4.200722,-0.138885,0.601306,-0.798509,-0.021389,-0.018893
1540589240.690065306,-0.025080,4.244254,-0.145914,0.601498,-0.798356,-0.022218,-0.018312
1540589240.724116405,-0.022950,4.238534,-0.147520,0.601913,-0.797909,-0.026251,-0.018802
1540589240.757848679,-0.021349,4.265000,-0.136011,0.601573,-0.798000,-0.030748,-0.018974
1540589240.792297677,-0.021779,4.326527,-0.144463,0.601537,-0.797909,-0.033327,-0.019580
1540589240.824477326,-0.042211,4.324418,-0.131541,0.603750,-0.796491,-0.029459,-0.014826
1540589240.858082575,-0.045476,4.317163,-0.141648,0.604119,-0.796144,-0.031414,-0.014443
1540589240.892882923,-0.056296,4.303705,-0.150541,0.603643,-0.796389,-0.033973,-0.014993
1540589240.925853810,-0.090427,4.252590,-0.151275,0.603898,-0.796177,-0.034688,-0.014335
1540589240.959696333,-0.140599,4.223314,-0.150652,0.604411,-0.795769,-0.035256,-0.014036
1540589240.993433520,-0.147485,4.190406,-0.145103,0.604383,-0.795770,-0.035924,-0.013406
1540589241.028135031,-0.168464,4.157461,-0.134393,0.604157,-0.796012,-0.034913,-0.011872
1540589241.060939080,-0.186235,4.181376,-0.129416,0.604188,-0.796104,-0.032751,-0.010098
1540589241.093857703,-0.187748,4.091254,-0.124698,0.603697,-0.796486,-0.032608,-0.009827
1540589241.126898552,-0.193854,3.955803,-0.121380,0.603542,-0.796553,-0.034014,-0.009156
1540589241.160711476,-0.201775,3.871835,-0.114978,0.604278,-0.795854,-0.037033,-0.009668
1540589241.194246974,-0.196672,3.790744,-0.117915,0.603908,-0.795854,-0.042459,-0.010423
1540589241.227657711,-0.208505,3.730966,-0.119162,0.602818,-0.796327,-0.048342,-0.011703
1540589241.262609459,-0.210243,3.691332,-0.117978,0.602253,-0.796231,-0.056092,-0.012719
1540589241.294872983,-0.222532,3.702653,-0.117575,0.601449,-0.796427,-0.061333,-0.014199
1540589241.329643869,-0.231485,3.712985,-0.125190,0.601631,-0.796392,-0.060073,-0.013834
1540589241.364479168,-0.236566,3.748185,-0.120808,0.601271,-0.797032,-0.055452,-0.011764
1540589241.396778654,-0.240663,3.796330,-0.117359,0.600784,-0.797690,-0.051564,-0.009463
1540589241.429762153,-0.250385,3.849777,-0.110271,0.600783,-0.797891,-0.048630,-0.007987
1540589241.463033989,-0.259794,3.871602,-0.103689,0.601373,-0.797531,-0.047440,-0.006709
1540589241.497231088,-0.270704,3.895741,-0.106597,0.601176,-0.797550,-0.049642,-0.006119
1540589241.531300849,-0.267391,3.877379,-0.105348,0.601285,-0.797234,-0.053326,-0.005459
1540589241.565159248,-0.259054,3.849284,-0.105755,0.601133,-0.797362,-0.053336,-0.003009
1540589241.597750534,-0.256852,3.824353,-0.104202,0.601183,-0.797548,-0.049952,-0.000762
1540589241.631351220,-0.250126,3.828752,-0.099812,0.601323,-0.797572,-0.047826,0.001543
1540589241.665431881,-0.256830,3.863172,-0.098548,0.601300,-0.797691,-0.045994,0.003486
1540589241.699064043,-0.272675,3.949012,-0.091291,0.601825,-0.797302,-0.045586,0.006176
1540589241.732445429,-0.286358,4.031304,-0.088522,0.602175,-0.797042,-0.045299,0.007514
1540589241.765498778,-0.293718,4.075612,-0.093644,0.602677,-0.796649,-0.045290,0.008859
1540589241.815976988,-0.284656,4.095970,-0.096307,0.603077,-0.796194,-0.047713,0.009830
1540589241.849012812,-0.280374,4.087183,-0.097892,0.604180,-0.795257,-0.049399,0.009626
1540589241.882144661,-0.285365,4.100623,-0.102554,0.604278,-0.795066,-0.051243,0.009650
1540589241.915063597,-0.279400,4.114219,-0.105286,0.604938,-0.794494,-0.052277,0.009810
1540589241.948863208,-0.263317,4.074711,-0.110275,0.605724,-0.794083,-0.049123,0.010833
1540589241.981799282,-0.262893,4.095632,-0.114667,0.605439,-0.794504,-0.045309,0.012418
1540589242.015082843,-0.262956,4.134036,-0.124554,0.605843,-0.794203,-0.045069,0.012868
1540589242.048986792,-0.258870,4.162323,-0.125005,0.605035,-0.794579,-0.049516,0.011209
1540589242.082176366,-0.251342,4.168374,-0.125447,0.604359,-0.794601,-0.057422,0.007863
1540589242.115938939,-0.242501,4.180944,-0.124145,0.604471,-0.794130,-0.062663,0.006683
1540589242.149183551,-0.235848,4.197653,-0.124860,0.603707,-0.794652,-0.063520,0.005575
1540589242.182253512,-0.222229,4.196183,-0.125174,0.603168,-0.795160,-0.062362,0.004442
1540589242.216769373,-0.216170,4.199093,-0.126053,0.603459,-0.794946,-0.062316,0.003905
1540589242.249530997,-0.206145,4.179450,-0.125507,0.603771,-0.794548,-0.064409,0.002166
1540589242.283766470,-0.201216,4.188194,-0.126212,0.603639,-0.794556,-0.065572,-0.000378
1540589242.315276044,-0.194419,4.199192,-0.124769,0.603293,-0.794820,-0.065531,-0.001914
1540589242.348592155,-0.189338,4.207371,-0.124052,0.603745,-0.794440,-0.065885,-0.003962
1540589242.382638517,-0.188669,4.212292,-0.122209,0.603340,-0.794941,-0.063425,-0.005159
1540589242.415541153,-0.186226,4.220149,-0.120692,0.603289,-0.795223,-0.060233,-0.005806
1540589242.449319102,-0.181475,4.224690,-0.122544,0.603820,-0.794772,-0.060665,-0.007635
1540589242.483356150,-0.178567,4.237338,-0.124609,0.603636,-0.794773,-0.062183,-0.009642
1540589242.518429324,-0.174810,4.262613,-0.125488,0.604426,-0.794122,-0.062577,-0.011121
1540589242.548924410,-0.172811,4.298418,-0.127771,0.604995,-0.793750,-0.061581,-0.012244
1540589242.583023209,-0.172935,4.290845,-0.130542,0.605141,-0.793831,-0.058779,-0.013445
1540589242.617282658,-0.172577,4.305756,-0.131964,0.605842,-0.793530,-0.055405,-0.014009
1540589242.648989919,-0.172817,4.319966,-0.132911,0.606623,-0.793052,-0.053471,-0.014766
1540589242.682119830,-0.173451,4.335393,-0.134021,0.606873,-0.792966,-0.051607,-0.015691
1540589242.715807966,-0.174294,4.352199,-0.134789,0.607292,-0.792896,-0.047611,-0.015661
1540589242.749802728,-0.161742,4.400876,-0.131267,0.607899,-0.792630,-0.044258,-0.015415
1540589242.782835939,-0.160992,4.425012,-0.131837,0.607804,-0.792711,-0.043803,-0.016270
1540589242.816449900,-0.162980,4.442345,-0.132064,0.607593,-0.792675,-0.046642,-0.017941
1540589242.850548586,-0.165191,4.459642,-0.131711,0.606802,-0.792995,-0.050451,-0.020130
1540589242.883000923,-0.168185,4.477627,-0.131158,0.606144,-0.793388,-0.051708,-0.021244
1540589242.915982759,-0.175817,4.525282,-0.133753,0.605665,-0.793808,-0.050490,-0.022102
1540589242.948998695,-0.183043,4.575209,-0.135489,0.605062,-0.794328,-0.049058,-0.023163
1540589242.982579506,-0.189197,4.567782,-0.134715,0.604583,-0.794718,-0.047754,-0.024932
1540589243.016593605,-0.192167,4.586337,-0.134490,0.604632,-0.794754,-0.046127,-0.025641
1540589243.050098404,-0.195543,4.604846,-0.134582,0.604096,-0.795246,-0.044281,-0.026288
1540589243.082687615,-0.198672,4.622739,-0.134642,0.603797,-0.795569,-0.042092,-0.026958
1540589243.115740114,-0.197284,4.646995,-0.134028,0.603756,-0.795721,-0.039733,-0.026981
1540589243.149684425,-0.204595,4.681081,-0.136454,0.604079,-0.795641,-0.036384,-0.026846
1540589243.182534636,-0.208318,4.699147,-0.136695,0.603993,-0.795881,-0.032522,-0.026627
1540589243.218095560,-0.210736,4.720577,-0.137156,0.604165,-0.795872,-0.029735,-0.026224
1540589243.249596871,-0.212374,4.739841,-0.138720,0.603823,-0.796081,-0.031028,-0.026247
1540589243.283015507,-0.211920,4.758463,-0.138425,0.603677,-0.796085,-0.033551,-0.026398
1540589243.316376519,-0.214501,4.772477,-0.136332,0.603920,-0.795999,-0.032115,-0.025173
1540589243.349626092,-0.226358,4.789535,-0.135928,0.603612,-0.796441,-0.027614,-0.023923
1540589243.383393003,-0.237019,4.831236,-0.137464,0.603921,-0.796361,-0.024176,-0.022430
1540589243.416746277,-0.237400,4.869533,-0.139933,0.604775,-0.795749,-0.024779,-0.020417
1540589243.449990113,-0.235622,4.885100,-0.143939,0.605492,-0.795164,-0.027398,-0.018532
1540589243.483929937,-0.234598,4.898288,-0.146419,0.605683,-0.794999,-0.029021,-0.016812
1540589243.517998748,-0.235165,4.915566,-0.144255,0.606352,-0.794449,-0.031328,-0.014361
1540589243.549416410,-0.243240,4.949869,-0.145468,0.607256,-0.793734,-0.032796,-0.012304
1540589243.583183921,-0.247505,4.990686,-0.147688,0.608000,-0.793099,-0.034907,-0.010590
1540589243.617168307,-0.256295,5.038586,-0.147963,0.607985,-0.793101,-0.035697,-0.008410
1540589243.650523718,-0.267635,5.056749,-0.145636,0.608420,-0.793020,-0.030377,-0.004696
1540589243.683517330,-0.271721,5.054533,-0.143382,0.608438,-0.793291,-0.022174,0.000141
1540589243.716573453,-0.280490,5.093278,-0.142921,0.608028,-0.793764,-0.014969,0.004151
1540589243.749953814,-0.279492,5.124365,-0.140455,0.608616,-0.793276,-0.016071,0.006402
1540589243.784041413,-0.280462,5.146287,-0.140656,0.607999,-0.793578,-0.022851,0.006949
1540589243.818405174,-0.281976,5.166818,-0.141131,0.607296,-0.793833,-0.031106,0.007279
1540589243.850504386,-0.282640,5.188206,-0.141810,0.607949,-0.792971,-0.039269,0.007273
1540589243.885106397,-0.263111,5.225018,-0.155633,0.608138,-0.792166,-0.050741,0.008210
1540589243.917645808,-0.266101,5.231289,-0.149800,0.607293,-0.792681,-0.052637,0.008999
1540589243.952637569,-0.268560,5.238354,-0.147290,0.607798,-0.792538,-0.048381,0.011117
1540589243.984728968,-0.269720,5.259216,-0.146601,0.608091,-0.792514,-0.044421,0.013190
1540589244.020016004,-0.279966,5.330321,-0.144140,0.607753,-0.792949,-0.040826,0.014166
1540589244.053465228,-0.274350,5.375282,-0.145523,0.607831,-0.792807,-0.042303,0.014456
1540589244.084888452,-0.266673,5.407089,-0.148838,0.608032,-0.792418,-0.046833,0.013310
1540589244.117516475,-0.247996,5.431402,-0.155199,0.608303,-0.791847,-0.053015,0.011658
1540589244.152007387,-0.238435,5.456237,-0.155518,0.608140,-0.791775,-0.056154,0.010229
1540589244.185099685,-0.233535,5.457955,-0.155240,0.608400,-0.791666,-0.055068,0.008998
1540589244.218956659,-0.236735,5.443399,-0.155943,0.608456,-0.791937,-0.050641,0.007215
1540589244.251702595,-0.243831,5.428363,-0.153773,0.608258,-0.792359,-0.046506,0.005192
1540589244.286419107,-0.240800,5.431067,-0.152775,0.608551,-0.792205,-0.045487,0.002893
1540589244.320791418,-0.242465,5.354573,-0.150088,0.611531,-0.789951,-0.044775,0.001411
1540589244.352818891,-0.236589,5.370745,-0.150177,0.611215,-0.790266,-0.043532,-0.000615
1540589244.386855053,-0.221401,5.365176,-0.148553,0.611286,-0.790378,-0.040326,-0.002207
1540589244.419712001,-0.211435,5.351131,-0.147371,0.611324,-0.790542,-0.036216,-0.003840
1540589244.455014163,-0.198805,5.334296,-0.144011,0.612173,-0.790033,-0.032720,-0.004534
1540589244.487429136,-0.194056,5.358962,-0.143033,0.612054,-0.790109,-0.032618,-0.007340
1540589244.523397172,-0.190668,5.378484,-0.144133,0.612205,-0.789923,-0.033149,-0.011313
1540589244.554430396,-0.187835,5.399482,-0.145734,0.612445,-0.789756,-0.031656,-0.013943
1540589244.587538033,-0.182750,5.427282,-0.146306,0.612435,-0.789814,-0.028849,-0.016874
1540589244.622229456,-0.182673,5.400772,-0.145576,0.612240,-0.790024,-0.025004,-0.019948
1540589244.655240942,-0.186040,5.385699,-0.143021,0.611747,-0.790517,-0.019115,-0.021992
1540589244.688968666,-0.187722,5.362491,-0.140257,0.610951,-0.791151,-0.014783,-0.024503
1540589244.721921615,-0.190610,5.333737,-0.140824,0.609943,-0.791826,-0.014148,-0.027955
1540589244.755660226,-0.187981,5.332873,-0.142797,0.608957,-0.792406,-0.016226,-0.031647
1540589244.789381300,-0.181423,5.366755,-0.145054,0.608031,-0.792901,-0.018170,-0.035718
1540589244.825213411,-0.169857,5.448554,-0.146720,0.607662,-0.793015,-0.017195,-0.039736
1540589244.857633622,-0.164561,5.499750,-0.148151,0.607126,-0.793372,-0.013354,-0.042196
1540589244.890179683,-0.164108,5.522864,-0.147082,0.606471,-0.793832,-0.007481,-0.044364
1540589244.923769845,-0.173010,5.477020,-0.143975,0.606235,-0.793925,-0.002665,-0.046427
1540589244.957669993,-0.170669,5.466510,-0.146127,0.606101,-0.793894,-0.001082,-0.048718
1540589244.990680042,-0.168414,5.480130,-0.145091,0.605710,-0.794061,-0.000848,-0.050806
1540589245.024803228,-0.156707,5.544578,-0.145403,0.605306,-0.794281,-0.001410,-0.052159
1540589245.058282515,-0.148204,5.598583,-0.146974,0.605073,-0.794337,-0.003580,-0.053876
1540589245.092471188,-0.115588,5.715233,-0.156015,0.602318,-0.796324,-0.005609,-0.055219
1540589245.124940737,-0.108105,5.737390,-0.159299,0.602490,-0.796208,-0.005466,-0.055036
1540589245.159233398,-0.124880,5.625082,-0.159952,0.603378,-0.795386,-0.004713,-0.057208
1540589245.192658347,-0.129448,5.638062,-0.160545,0.603052,-0.795609,-0.001508,-0.057731
1540589245.225949521,-0.128911,5.655689,-0.162036,0.603254,-0.795508,0.000131,-0.057017
1540589245.259755644,-0.133711,5.648208,-0.160009,0.603822,-0.795153,-0.000361,-0.055952
1540589245.294254143,-0.141919,5.638027,-0.157445,0.603999,-0.795060,0.000431,-0.055356
1540589245.327215342,-0.149592,5.639313,-0.154912,0.604018,-0.795129,0.002685,-0.054079
1540589245.362088553,-0.154131,5.645254,-0.153383,0.604632,-0.794769,0.004235,-0.052381
1540589245.394125714,-0.158968,5.642945,-0.151961,0.605190,-0.794427,0.004910,-0.051058
1540589245.427622175,-0.163484,5.624828,-0.151236,0.605842,-0.794064,0.004922,-0.048925
1540589245.462037587,-0.169767,5.579156,-0.147757,0.606509,-0.793714,0.002035,-0.046485
1540589245.495260160,-0.173321,5.587992,-0.147530,0.607122,-0.793341,-0.001113,-0.044846
1540589245.528697234,-0.175831,5.600802,-0.147112,0.607793,-0.792993,-0.000828,-0.041827
1540589245.562636545,-0.181594,5.622349,-0.144628,0.608524,-0.792656,0.001727,-0.037306
1540589245.596168232,-0.184714,5.593018,-0.141057,0.608459,-0.792878,0.002169,-0.033432
1540589245.629997218,-0.182855,5.605516,-0.141638,0.608407,-0.793064,-0.001449,-0.029809
1540589245.663261716,-0.179660,5.611407,-0.142370,0.607644,-0.793680,-0.009690,-0.027319
1540589245.697024553,-0.187110,5.595919,-0.135742,0.606425,-0.794449,-0.019484,-0.026841
1540589245.730745089,-0.194823,5.601278,-0.129879,0.605899,-0.794780,-0.025250,-0.023962
1540589245.764381000,-0.200233,5.603669,-0.125640,0.604928,-0.795554,-0.026664,-0.021076
1540589245.798321824,-0.204379,5.617861,-0.123447,0.604798,-0.795763,-0.025900,-0.017604
1540589245.830730798,-0.200906,5.629033,-0.125052,0.605013,-0.795717,-0.024860,-0.013280
1540589245.864447984,-0.201071,5.646340,-0.127677,0.605088,-0.795691,-0.025607,-0.009386
1540589245.898460608,-0.199056,5.649273,-0.130373,0.605260,-0.795464,-0.029108,-0.007085
1540589245.931982756,-0.197163,5.649360,-0.133288,0.605579,-0.795032,-0.034223,-0.005136
1540589245.966797642,-0.195001,5.645307,-0.136017,0.605429,-0.794838,-0.040973,-0.003181
1540589246.001677341,-0.202405,5.670705,-0.136218,0.604672,-0.795012,-0.048175,-0.002749
1540589246.037689802,-0.212642,5.714730,-0.134677,0.604824,-0.794602,-0.052847,-0.001211
1540589246.104097825,-0.233642,5.798223,-0.131376,0.603878,-0.795469,-0.050450,0.003829
1540589246.133296174,-0.239060,5.835091,-0.131103,0.603634,-0.795864,-0.046728,0.006553
1540589246.167776122,-0.243454,5.838895,-0.131632,0.603759,-0.795867,-0.044572,0.009176
1540589246.201248808,-0.248195,5.842800,-0.132774,0.603675,-0.795913,-0.044353,0.011481
1540589246.234724132,-0.233427,5.776080,-0.139075,0.604256,-0.795306,-0.046766,0.013268
1540589246.269040456,-0.234867,5.793161,-0.140411,0.605057,-0.794439,-0.050496,0.014891
1540589246.301940442,-0.242024,5.839048,-0.140166,0.605046,-0.794326,-0.052000,0.016197
1540589246.353177378,-0.256183,5.871457,-0.131475,0.606797,-0.792991,-0.050624,0.019997
1540589246.384544114,-0.260849,5.901263,-0.131290,0.607242,-0.792490,-0.052790,0.020705
1540589246.418478438,-0.265668,5.919452,-0.131286,0.607350,-0.792203,-0.055714,0.020881
1540589246.452913861,-0.271850,5.933106,-0.132015,0.607467,-0.791901,-0.058558,0.021142
1540589246.520372084,-0.291222,5.983333,-0.132844,0.607133,-0.791537,-0.067101,0.018870
1540589246.551474295,-0.303808,6.010863,-0.126197,0.606278,-0.792102,-0.068311,0.018301
1540589246.585327281,-0.315062,6.033647,-0.120733,0.605519,-0.792727,-0.068203,0.016702
1540589246.618901730,-0.318439,6.066967,-0.115913,0.604709,-0.793563,-0.065538,0.017009
1540589246.651983929,-0.323357,6.104020,-0.111352,0.603645,-0.794680,-0.061441,0.017944
1540589246.685318340,-0.330706,6.133032,-0.107789,0.602149,-0.796066,-0.058210,0.017541
1540589246.718267876,-0.333711,6.180446,-0.104697,0.600875,-0.797263,-0.054970,0.017314
1540589246.752554375,-0.335206,6.207034,-0.102874,0.600079,-0.798244,-0.049008,0.017602
1540589246.785159586,-0.319838,6.234975,-0.093770,0.599568,-0.798921,-0.043715,0.018238
1540589246.819081760,-0.315086,6.249948,-0.092788,0.599368,-0.799378,-0.037714,0.018185
1540589246.852399159,-0.313708,6.267987,-0.099181,0.598836,-0.800021,-0.032149,0.018123
1540589246.886006520,-0.308316,6.268882,-0.099499,0.598506,-0.800438,-0.027901,0.017628
1540589246.918814681,-0.304796,6.275748,-0.102375,0.597984,-0.800876,-0.027630,0.015799
1540589246.953528530,-0.303110,6.290283,-0.097748,0.597794,-0.800929,-0.031223,0.013426
1540589246.984946466,-0.304212,6.309791,-0.094788,0.597918,-0.800781,-0.033247,0.011737
1540589247.018923090,-0.301926,6.292140,-0.099820,0.597886,-0.800952,-0.029692,0.011250
1540589247.051957276,-0.292837,6.229775,-0.106444,0.598003,-0.801061,-0.023369,0.012106
1540589247.085175075,-0.278020,6.172441,-0.110860,0.598427,-0.800823,-0.020176,0.012662
1540589247.118672761,-0.274940,6.138686,-0.113851,0.598799,-0.800577,-0.019537,0.011632
1540589247.151715797,-0.268528,6.153094,-0.114524,0.599433,-0.800087,-0.020552,0.010879
1540589247.185076296,-0.262450,6.163793,-0.115042,0.600115,-0.799539,-0.022538,0.009607
1540589247.218781595,-0.258249,6.173574,-0.115287,0.601023,-0.798794,-0.025076,0.008413
1540589247.252198581,-0.261941,6.200118,-0.115845,0.601762,-0.798206,-0.026400,0.007280
1540589247.285465905,-0.261858,6.208426,-0.117640,0.602453,-0.797679,-0.026785,0.006384
1540589247.319569878,-0.260739,6.213972,-0.120002,0.603389,-0.796946,-0.027714,0.005587
1540589247.352423440,-0.257033,6.221831,-0.122838,0.604315,-0.796208,-0.028774,0.005372
1540589247.385533313,-0.256532,6.233119,-0.124042,0.604959,-0.795698,-0.029462,0.004619
1540589247.419140862,-0.240849,6.292368,-0.130918,0.604248,-0.796164,-0.031276,0.005354
1540589247.451954261,-0.234957,6.327813,-0.133445,0.605531,-0.795085,-0.033896,0.004897
1540589247.485277647,-0.240268,6.400811,-0.134911,0.604638,-0.795633,-0.036974,0.003698
1540589247.518610696,-0.239531,6.445781,-0.134007,0.604365,-0.795862,-0.036508,0.003757
1540589247.552856132,-0.236301,6.476189,-0.131211,0.603669,-0.796535,-0.032989,0.005190
1540589247.585467543,-0.232058,6.510584,-0.129697,0.603185,-0.797010,-0.030128,0.005922
1540589247.619066517,-0.226595,6.548431,-0.128372,0.602772,-0.797347,-0.029351,0.006419
1540589247.653023078,-0.217457,6.568479,-0.128829,0.602691,-0.797352,-0.030956,0.005926
1540589247.685639989,-0.215807,6.584970,-0.128828,0.602331,-0.797588,-0.032103,0.004436
1540589247.718881576,-0.209941,6.609336,-0.129406,0.602601,-0.797372,-0.032472,0.003909
1540589247.752427249,-0.202383,6.636053,-0.129180,0.602876,-0.797204,-0.031526,0.003374
1540589247.785415786,-0.199507,6.654031,-0.131562,0.603105,-0.797062,-0.030892,0.001780
1540589247.819129109,-0.194250,6.667798,-0.134364,0.603352,-0.796790,-0.033038,-0.000696
1540589247.852137620,-0.192244,6.685329,-0.135740,0.603098,-0.796813,-0.036737,-0.003495
1540589247.885576694,-0.191930,6.707215,-0.137792,0.603305,-0.796453,-0.040550,-0.006391
1540589247.919764105,-0.188736,6.741526,-0.138125,0.603042,-0.796587,-0.041439,-0.008453
1540589247.953156754,-0.188533,6.766071,-0.138301,0.602723,-0.796894,-0.039911,-0.009567
1540589247.985671578,-0.186116,6.788083,-0.138840,0.603234,-0.796549,-0.038837,-0.010490
1540589248.020467064,-0.183342,6.789678,-0.140663,0.603813,-0.796177,-0.037171,-0.011377
1540589248.053114775,-0.181836,6.798279,-0.142327,0.604189,-0.795925,-0.036381,-0.011673
1540589248.087295412,-0.182242,6.787302,-0.145030,0.604890,-0.795329,-0.037491,-0.012419
1540589248.121682735,-0.185743,6.800251,-0.145656,0.605196,-0.795004,-0.039136,-0.013232
1540589248.152336834,-0.219027,6.695556,-0.144556,0.605879,-0.794449,-0.038958,-0.015581
1540589248.185887883,-0.224545,6.697292,-0.145723,0.606366,-0.794101,-0.038447,-0.015674
1540589248.220185656,-0.238561,6.611344,-0.144114,0.608006,-0.792822,-0.039426,-0.014430
1540589248.252447318,-0.249120,6.579825,-0.144703,0.608776,-0.792144,-0.041042,-0.014682
1540589248.286140116,-0.248945,6.599417,-0.145436,0.608917,-0.791847,-0.044536,-0.014636
1540589248.320223578,-0.256047,6.612570,-0.146267,0.608883,-0.791721,-0.047044,-0.015053
1540589248.352724214,-0.260312,6.625003,-0.145091,0.609093,-0.791477,-0.048452,-0.014895
1540589248.387191888,-0.269807,6.644763,-0.144644,0.608765,-0.791713,-0.048871,-0.014423
1540589248.422010999,-0.273367,6.669001,-0.142638,0.608203,-0.792322,-0.046293,-0.013096
1540589248.453153160,-0.274780,6.700440,-0.141416,0.607726,-0.792887,-0.043070,-0.012053
1540589248.488371109,-0.275731,6.717145,-0.140292,0.606256,-0.794055,-0.042504,-0.011126
1540589248.524047670,-0.270890,6.721953,-0.135958,0.605531,-0.794398,-0.046358,-0.010747
1540589248.556057856,-0.273451,6.724573,-0.135301,0.605355,-0.794252,-0.050819,-0.011199
1540589248.588919292,-0.281358,6.744917,-0.134877,0.605123,-0.794416,-0.051044,-0.011100
1540589248.621640154,-0.291114,6.773160,-0.134364,0.604520,-0.795286,-0.044681,-0.008869
1540589248.653800340,-0.299440,6.823470,-0.132352,0.604796,-0.795527,-0.036418,-0.005586
1540589248.687608651,-0.310864,6.887664,-0.131620,0.603979,-0.796326,-0.032608,-0.003227
1540589248.721193587,-0.309033,6.891710,-0.131785,0.603327,-0.796718,-0.035092,-0.002402
1540589248.754630124,-0.309620,6.886140,-0.131242,0.603165,-0.796582,-0.040576,-0.001933
1540589248.787241522,-0.313636,6.906460,-0.129235,0.603029,-0.796506,-0.043957,-0.001411
1540589248.821949421,-0.316201,6.914823,-0.129012,0.602935,-0.796629,-0.043028,-0.000113
1540589248.854837195,-0.320485,6.927310,-0.126319,0.602820,-0.796913,-0.039182,0.001831
1540589248.889099406,-0.316033,6.923915,-0.123955,0.603182,-0.796804,-0.035478,0.004167
1540589248.922317730,-0.310325,6.906517,-0.125220,0.604044,-0.796175,-0.034665,0.005885
1540589248.955711741,-0.313806,6.916529,-0.126756,0.604391,-0.795842,-0.036050,0.006931
1540589248.992424839,-0.318640,6.938741,-0.125989,0.604727,-0.795468,-0.038378,0.007928
1540589249.023247313,-0.330186,6.967835,-0.128533,0.605066,-0.795175,-0.039010,0.008350
1540589249.056516700,-0.332503,6.988595,-0.126088,0.605483,-0.794877,-0.038359,0.009524
1540589249.092750223,-0.331424,6.981203,-0.127249,0.606140,-0.794349,-0.038519,0.010961
1540589249.124433559,-0.333498,7.000999,-0.127567,0.606914,-0.793713,-0.039223,0.011713
1540589249.158988746,-0.328825,6.992605,-0.126333,0.608009,-0.792858,-0.039252,0.012685
1540589249.190691619,-0.328153,7.003368,-0.126172,0.608288,-0.792650,-0.038658,0.014049
1540589249.224796631,-0.330135,7.031020,-0.127372,0.608972,-0.792107,-0.038521,0.015354
1540589249.258972429,-0.333033,7.049540,-0.130034,0.608756,-0.792264,-0.038612,0.015574
1540589249.295173428,-0.337073,7.073579,-0.130391,0.608666,-0.792382,-0.037053,0.016831
1540589249.325199102,-0.331929,7.085583,-0.129410,0.608584,-0.792449,-0.036429,0.017996
1540589249.359118113,-0.325627,7.106429,-0.127804,0.607990,-0.792819,-0.038251,0.017964
1540589249.393131837,-0.319821,7.138414,-0.126015,0.606967,-0.793469,-0.040774,0.018307
1540589249.425841773,-0.315988,7.170265,-0.127816,0.606121,-0.794058,-0.041628,0.018881
1540589249.460224247,-0.314874,7.215192,-0.130419,0.605429,-0.794571,-0.041881,0.018963
1540589249.493300695,-0.311357,7.242062,-0.131129,0.604444,-0.795182,-0.044611,0.018538
1540589249.526811419,-0.317185,7.290650,-0.137160,0.603565,-0.795583,-0.049707,0.016900
1540589249.560237530,-0.318574,7.297801,-0.137680,0.603817,-0.795193,-0.053386,0.014906
1540589249.593773654,-0.312838,7.299425,-0.135393,0.604001,-0.795182,-0.051520,0.014669
1540589249.627414178,-0.307946,7.284202,-0.134821,0.604074,-0.795447,-0.046166,0.015084
1540589249.662172964,-0.301997,7.270286,-0.134971,0.604380,-0.795349,-0.043977,0.014522
1540589249.694650425,-0.294850,7.262364,-0.137209,0.605512,-0.794333,-0.047236,0.012583
1540589249.729110299,-0.294597,7.232948,-0.140158,0.606571,-0.793248,-0.052130,0.010541
1540589249.762228598,-0.285766,7.258022,-0.139289,0.607190,-0.792635,-0.054551,0.008633
1540589249.795418446,-0.285149,7.282127,-0.140915,0.607342,-0.792534,-0.054571,0.006966
1540589249.829481820,-0.280924,7.302023,-0.141682,0.607283,-0.792662,-0.053460,0.006022
1540589249.863252869,-0.275476,7.313596,-0.141247,0.607654,-0.792402,-0.053251,0.004492
1540589249.896803442,-0.270529,7.338107,-0.141264,0.607973,-0.792191,-0.052835,0.003153
1540589249.930014841,-0.271261,7.365095,-0.142487,0.608342,-0.792183,-0.048568,0.002676
1540589249.964520802,-0.263763,7.387857,-0.140767,0.608608,-0.792368,-0.041753,0.002278
1540589249.997396589,-0.260002,7.392709,-0.139912,0.608645,-0.792625,-0.035971,0.001801
1540589250.030481587,-0.246845,7.383862,-0.135207,0.608945,-0.792525,-0.032974,0.001594
1540589250.064905449,-0.244111,7.391501,-0.134273,0.609205,-0.792350,-0.032421,0.000250
1540589250.098150360,-0.248521,7.374381,-0.134215,0.609742,-0.791925,-0.032660,-0.001892
1540589250.131770709,-0.252651,7.363698,-0.133556,0.610015,-0.791677,-0.033380,-0.003850
1540589250.165640307,-0.252614,7.372287,-0.129634,0.610451,-0.791228,-0.035597,-0.006369
1540589250.199213118,-0.253607,7.386343,-0.131453,0.610762,-0.790816,-0.038518,-0.009806
1540589250.233280867,-0.251220,7.404095,-0.131315,0.610423,-0.790896,-0.041470,-0.012150
1540589250.266459816,-0.250635,7.421082,-0.131180,0.609356,-0.791522,-0.044178,-0.015047
1540589250.299654565,-0.251916,7.456648,-0.128987,0.609017,-0.791708,-0.044541,-0.017661
1540589250.333633838,-0.253734,7.492566,-0.127385,0.607528,-0.792941,-0.042198,-0.019299
1540589250.367182850,-0.254487,7.532105,-0.126330,0.606502,-0.793906,-0.038104,-0.020409
1540589250.401755048,-0.257293,7.544151,-0.123724,0.606062,-0.794353,-0.035074,-0.021502
1540589250.433793385,-0.254901,7.550915,-0.125418,0.605332,-0.794895,-0.034739,-0.022573
1540589250.467702983,-0.257821,7.555544,-0.124207,0.604929,-0.795168,-0.034675,-0.023824
1540589250.501315357,-0.265674,7.557841,-0.125093,0.604891,-0.795171,-0.034908,-0.024312
1540589250.535177218,-0.264353,7.578086,-0.126717,0.604354,-0.795493,-0.036238,-0.025159
1540589250.569011792,-0.266511,7.596503,-0.126564,0.604283,-0.795485,-0.037130,-0.025820
1540589250.601959478,-0.268750,7.608995,-0.126424,0.603849,-0.795710,-0.039445,-0.025627
1540589250.636154477,-0.270780,7.621783,-0.125604,0.603419,-0.795911,-0.041874,-0.025661
1540589250.669491026,-0.272801,7.633541,-0.124695,0.603584,-0.795925,-0.039986,-0.024296
1540589250.702688599,-0.277848,7.645335,-0.125309,0.603283,-0.796507,-0.034265,-0.021278
1540589250.737557248,-0.288128,7.660489,-0.127891,0.603455,-0.796681,-0.028223,-0.018554
1540589250.769777297,-0.289737,7.674521,-0.128049,0.603860,-0.796539,-0.024970,-0.015999
1540589250.805224445,-0.293390,7.678747,-0.124442,0.604495,-0.796126,-0.024064,-0.013777
1540589250.855300556,-0.285560,7.630068,-0.127705,0.604882,-0.795635,-0.031215,-0.010408
1540589250.908728729,-0.274062,7.642203,-0.122628,0.605857,-0.794630,-0.038321,-0.005705
1540589250.976489101,-0.274887,7.668435,-0.124218,0.607233,-0.793597,-0.038327,0.001808
1540589251.022955475,-0.280392,7.676503,-0.127355,0.608266,-0.792755,-0.038879,0.006346
1540589251.074811048,-0.281571,7.701729,-0.127866,0.608133,-0.792715,-0.040330,0.012290
1540589251.123526996,-0.280773,7.728118,-0.126132,0.608214,-0.792503,-0.041111,0.017993
1540589251.154670045,-0.279755,7.744580,-0.123921,0.607121,-0.793330,-0.039007,0.022569
1540589251.188229906,-0.279186,7.760856,-0.120315,0.605805,-0.794263,-0.037699,0.026930
1540589251.221284929,-0.295100,7.764348,-0.120931,0.605393,-0.794499,-0.036697,0.030387
1540589251.254759741,-0.300076,7.770898,-0.118641,0.603860,-0.795479,-0.037802,0.033721
1540589251.287648602,-0.307667,7.772169,-0.117508,0.602509,-0.796201,-0.042214,0.035574
1540589251.322827313,-0.306771,7.784521,-0.118270,0.602966,-0.795456,-0.047969,0.037160
1540589251.354238049,-0.306933,7.795782,-0.119687,0.603161,-0.794949,-0.052562,0.038614
1540589251.387941273,-0.308691,7.804270,-0.122852,0.602713,-0.794993,-0.055843,0.040055
1540589251.420941859,-0.312234,7.804803,-0.128561,0.602631,-0.794930,-0.057219,0.040601
1540589251.455555621,-0.319533,7.798121,-0.129168,0.602921,-0.794609,-0.058740,0.040396
1540589251.487746194,-0.321825,7.788852,-0.128562,0.602738,-0.794612,-0.060225,0.040893
1540589251.521278543,-0.322051,7.793914,-0.132473,0.602530,-0.794800,-0.059988,0.040647
1540589251.554850429,-0.317714,7.806740,-0.134655,0.602879,-0.794596,-0.059205,0.040606
1540589251.590032315,-0.317325,7.819448,-0.136063,0.603147,-0.794372,-0.059726,0.040244
1540589251.622003089,-0.317141,7.840803,-0.135173,0.603492,-0.794092,-0.060835,0.038922
1540589251.654836350,-0.318162,7.846696,-0.134016,0.603713,-0.793954,-0.060987,0.038047
1540589251.689302437,-0.316987,7.858143,-0.132874,0.603787,-0.794139,-0.057430,0.038558
1540589251.721732523,-0.313465,7.868314,-0.133811,0.603551,-0.794705,-0.051570,0.038872
1540589251.756363059,-0.310627,7.882250,-0.134237,0.602911,-0.795604,-0.044118,0.039582
1540589251.788609120,-0.302239,7.902090,-0.137017,0.602863,-0.795900,-0.037671,0.040992
1540589251.822815557,-0.318636,7.934277,-0.140052,0.604150,-0.795264,-0.032089,0.039095
1540589251.857738430,-0.338092,7.968377,-0.130899,0.604130,-0.795392,-0.031591,0.037159
1540589251.890028716,-0.343595,7.987697,-0.128049,0.604293,-0.795336,-0.032305,0.035026
1540589251.921938528,-0.334777,8.022379,-0.122891,0.604675,-0.794968,-0.035854,0.033281
1540589251.955085026,-0.329370,8.055488,-0.121660,0.604900,-0.794779,-0.038302,0.030920
1540589251.989756188,-0.322071,8.110617,-0.125761,0.603900,-0.795536,-0.040429,0.028159
1540589252.022378899,-0.325763,8.130873,-0.126687,0.602787,-0.796334,-0.043311,0.024964
1540589252.054706085,-0.314928,8.150043,-0.128280,0.602681,-0.796415,-0.045058,0.021631
1540589252.089116246,-0.316783,8.166546,-0.129641,0.601840,-0.797382,-0.040310,0.018589
1540589252.122257758,-0.312170,8.184282,-0.129094,0.600875,-0.798488,-0.032950,0.016738
1540589252.155292931,-0.315840,8.196260,-0.130894,0.600885,-0.798750,-0.027315,0.013748
1540589252.189045755,-0.317347,8.209987,-0.130823,0.601020,-0.798840,-0.022791,0.010533
1540589252.222238879,-0.318488,8.222982,-0.131097,0.600613,-0.799306,-0.017453,0.008295
1540589252.258238427,-0.319215,8.236201,-0.131297,0.600268,-0.799640,-0.015162,0.004886
1540589252.289227439,-0.319248,8.247377,-0.131118,0.600244,-0.799635,-0.017038,0.001164
1540589252.321828587,-0.318705,8.258882,-0.130828,0.599926,-0.799864,-0.017387,-0.001815
1540589252.355068974,-0.300716,8.266522,-0.126245,0.600088,-0.799838,-0.012109,-0.002697
1540589252.388140447,-0.289911,8.275186,-0.130117,0.600148,-0.799868,-0.005260,-0.002566
1540589252.421611746,-0.284800,8.287559,-0.131917,0.600142,-0.799886,-0.000103,-0.003468
1540589252.455533232,-0.283198,8.326510,-0.131109,0.599920,-0.800041,0.000400,-0.005503
1540589252.489388469,-0.260459,8.382830,-0.127539,0.600853,-0.799303,-0.004849,-0.008149
1540589252.522257155,-0.252383,8.402190,-0.131710,0.601253,-0.798899,-0.010959,-0.011589
1540589252.555059479,-0.254999,8.455206,-0.133157,0.601621,-0.798543,-0.012971,-0.014600
1540589252.588749427,-0.252713,8.476383,-0.132379,0.602348,-0.798024,-0.009292,-0.015772
1540589252.622044939,-0.245973,8.495640,-0.130292,0.602865,-0.797680,-0.003111,-0.015805
1540589252.655358625,-0.247603,8.526156,-0.131742,0.603098,-0.797502,0.001452,-0.016173
1540589252.688987398,-0.256632,8.539620,-0.137647,0.604043,-0.796767,0.003302,-0.016842
1540589252.722335185,-0.266363,8.519613,-0.132970,0.604593,-0.796328,0.003628,-0.017791
1540589252.755221608,-0.271735,8.503687,-0.134504,0.604983,-0.796040,0.004006,-0.017338
1540589252.788951070,-0.271350,8.531112,-0.136749,0.604677,-0.796304,0.002502,-0.016109
1540589252.822046281,-0.270281,8.559163,-0.137779,0.604842,-0.796209,-0.000703,-0.014728
1540589252.855544917,-0.268577,8.591903,-0.137784,0.604542,-0.796453,-0.004504,-0.013089
1540589252.888831953,-0.271501,8.628857,-0.138131,0.603223,-0.797459,-0.007715,-0.011074
1540589252.922513627,-0.275211,8.660707,-0.136357,0.603122,-0.797556,-0.009625,-0.007528
1540589252.958231138,-0.275677,8.672168,-0.134424,0.602707,-0.797890,-0.010163,-0.003596
1540589252.992788287,-0.278170,8.692586,-0.133669,0.601727,-0.798609,-0.012145,-0.000332
1540589253.024904736,-0.274159,8.726035,-0.129576,0.601943,-0.798399,-0.014610,0.003163
1540589253.059956009,-0.274092,8.758520,-0.130363,0.602625,-0.797819,-0.016907,0.006511
1540589253.091222071,-0.274720,8.778515,-0.131793,0.602220,-0.798029,-0.020165,0.008605
1540589253.123011819,-0.276731,8.797299,-0.132985,0.602339,-0.797739,-0.026676,0.009447
1540589253.157223256,-0.300526,8.782214,-0.133320,0.602812,-0.796957,-0.037428,0.008778
1540589253.191949229,-0.310959,8.806998,-0.132391,0.602698,-0.796535,-0.047201,0.007652
1540589253.224690228,-0.316722,8.842834,-0.133428,0.602594,-0.796311,-0.052122,0.007245
1540589253.261151989,-0.333784,8.873380,-0.137608,0.603385,-0.795683,-0.052483,0.007764
1540589253.294793775,-0.340710,8.884913,-0.139389,0.603256,-0.795750,-0.052832,0.008501
1540589253.327013674,-0.353123,8.884505,-0.139064,0.603497,-0.795522,-0.053564,0.008186
1540589253.361724998,-0.358004,8.892891,-0.141575,0.604597,-0.794586,-0.055014,0.008291
1540589253.391786572,-0.369497,8.852453,-0.146074,0.604953,-0.794194,-0.056898,0.007158
1540589253.424491970,-0.374743,8.875947,-0.145972,0.605407,-0.793804,-0.057405,0.007919
1540589253.458163519,-0.373037,8.914984,-0.151664,0.606285,-0.792934,-0.060007,0.008600
1540589253.491414405,-0.379340,8.936605,-0.153493,0.606706,-0.792417,-0.062532,0.008505
1540589253.525003492,-0.385764,8.959575,-0.155044,0.607039,-0.792062,-0.063742,0.008797
1540589253.558955528,-0.388498,8.991802,-0.154326,0.607831,-0.791470,-0.063483,0.009317
1540589253.592643389,-0.389490,9.068015,-0.152385,0.608192,-0.791272,-0.062520,0.009130
1540589253.627106825,-0.404170,9.115604,-0.154158,0.607248,-0.792150,-0.060643,0.008345
1540589253.660120574,-0.411165,9.143513,-0.154186,0.606055,-0.793147,-0.059710,0.007104
1540589253.693733485,-0.420714,9.193681,-0.155475,0.604650,-0.794316,-0.058556,0.005599
1540589253.726776021,-0.426446,9.239803,-0.151767,0.603692,-0.795329,-0.054639,0.004648
1540589253.760263870,-0.447518,9.306018,-0.151784,0.602519,-0.796694,-0.047227,0.004423
1540589253.793803131,-0.464771,9.364159,-0.139644,0.601507,-0.798057,-0.035725,0.004380
1540589253.827981968,-0.434931,9.406191,-0.118741,0.601321,-0.798633,-0.023726,0.005905
1540589253.861380829,-0.413295,9.433003,-0.112587,0.601600,-0.798576,-0.018154,0.004929
1540589253.895310127,-0.410637,9.451833,-0.117253,0.601134,-0.798914,-0.019301,0.001554
1540589253.929017026,-0.410398,9.470634,-0.120756,0.600893,-0.798973,-0.023778,-0.002092
1540589253.962294300,-0.415393,9.502750,-0.121338,0.601060,-0.798696,-0.027942,-0.005550
1540589253.995466861,-0.412558,9.529582,-0.123024,0.600865,-0.798705,-0.031023,-0.008381
1540589254.029609710,-0.409454,9.559934,-0.125315,0.600650,-0.798780,-0.032457,-0.010841
1540589254.063176121,-0.409884,9.584961,-0.126607,0.601180,-0.798244,-0.034796,-0.013388
1540589254.096783920,-0.410331,9.610299,-0.128017,0.601696,-0.797599,-0.039120,-0.016361
1540589254.130243056,-0.410384,9.635880,-0.129279,0.601841,-0.797329,-0.041389,-0.018457
1540589254.164585280,-0.409942,9.662766,-0.130288,0.602407,-0.797000,-0.039081,-0.019248
1540589254.197858628,-0.408942,9.689478,-0.131009,0.602965,-0.796830,-0.033580,-0.019181
1540589254.230777965,-0.397889,9.711606,-0.130058,0.603650,-0.796588,-0.026626,-0.018571
1540589254.265697251,-0.333433,9.698527,-0.139468,0.604391,-0.796185,-0.022891,-0.016652
1540589254.299364975,-0.329266,9.725147,-0.139340,0.605389,-0.795484,-0.020719,-0.016735
1540589254.331378586,-0.317429,9.753586,-0.142328,0.606294,-0.794812,-0.020491,-0.016163
1540589254.365584910,-0.306276,9.701960,-0.143319,0.606916,-0.794395,-0.018082,-0.016186
1540589254.398937158,-0.304295,9.731837,-0.145132,0.607148,-0.794238,-0.017029,-0.016347
1540589254.432543807,-0.304082,9.813820,-0.147400,0.607177,-0.794175,-0.018501,-0.016718
1540589254.465906793,-0.297847,9.871313,-0.150021,0.607003,-0.794172,-0.023724,-0.016593
1540589254.499283079,-0.298951,9.947284,-0.153410,0.605709,-0.794859,-0.031649,-0.017694
1540589254.533611328,-0.304191,9.982245,-0.149786,0.605177,-0.794956,-0.038236,-0.018529
1540589254.566796402,-0.299885,9.981419,-0.148791,0.605730,-0.794532,-0.038970,-0.017074
1540589254.602704325,-0.287868,9.992196,-0.145648,0.604290,-0.795991,-0.032305,-0.013742
1540589254.635552337,-0.285149,10.035681,-0.140231,0.603482,-0.796952,-0.024081,-0.009920
1540589254.667574161,-0.289106,10.124404,-0.141240,0.604290,-0.796375,-0.023499,-0.008258
1540589254.701266922,-0.294882,10.177570,-0.145225,0.603616,-0.796585,-0.031823,-0.009352
1540589254.735116120,-0.303086,10.253979,-0.153358,0.602995,-0.796336,-0.045920,-0.011688
1540589254.771555182,-0.307230,10.283330,-0.165267,0.603564,-0.794922,-0.060142,-0.013866
1540589254.801808880,-0.308548,10.309241,-0.162978,0.603806,-0.794478,-0.063721,-0.012727
1540589254.836903467,-0.316189,10.323296,-0.152880,0.603684,-0.795004,-0.058671,-0.009577
1540589254.869335903,-0.317350,10.308527,-0.150060,0.603711,-0.795439,-0.052639,-0.006221
1540589254.903311752,-0.328337,10.304424,-0.148397,0.604095,-0.795407,-0.048819,-0.003670
1540589254.936784188,-0.340901,10.308374,-0.145244,0.603905,-0.795507,-0.049628,-0.002319
1540589254.969829099,-0.360390,10.308415,-0.145776,0.603889,-0.795402,-0.051504,-0.000172
1540589255.004764260,-0.388137,10.292601,-0.141388,0.603853,-0.795511,-0.050179,0.002287
1540589255.037357909,-0.403016,10.303237,-0.141237,0.604602,-0.795158,-0.046358,0.005528
1540589255.072928895,-0.414288,10.314776,-0.141795,0.604693,-0.795320,-0.041510,0.009425
1540589255.104107019,-0.427033,10.304057,-0.143460,0.604661,-0.795436,-0.038907,0.012338
1540589255.137992443,-0.440224,10.293508,-0.146954,0.604745,-0.795337,-0.038895,0.014476
1540589255.171563554,-0.448375,10.224591,-0.152608,0.605399,-0.794720,-0.040579,0.016297
1540589255.204914253,-0.454898,10.245421,-0.154897,0.605582,-0.794529,-0.040739,0.018292
1540589255.238440664,-0.461391,10.269827,-0.156106,0.605293,-0.794794,-0.038831,0.020369
1540589255.272786712,-0.468418,10.291999,-0.156252,0.604950,-0.795027,-0.038490,0.022074
1540589255.306347399,-0.457475,10.207994,-0.161983,0.603865,-0.795679,-0.040892,0.023882
1540589255.339304110,-0.468288,10.248801,-0.160107,0.602470,-0.796646,-0.042239,0.024524
1540589255.372842584,-0.475865,10.275204,-0.156689,0.601813,-0.797164,-0.041236,0.025510
1540589255.407238070,-0.490108,10.386188,-0.158155,0.600495,-0.798194,-0.039509,0.027038
1540589255.476646080,-0.509469,10.488914,-0.155153,0.599245,-0.799262,-0.036269,0.027751
1540589255.524585778,-0.518544,10.539215,-0.154487,0.598689,-0.799799,-0.032233,0.029241
1540589255.576993238,-0.534785,10.592609,-0.153242,0.598191,-0.800543,-0.015188,0.032667
1540589255.612007624,-0.536388,10.649220,-0.147874,0.597380,-0.801107,-0.000167,0.036941
1540589255.658786860,-0.538201,10.699005,-0.143075,0.596736,-0.801336,0.013029,0.039958
1540589255.690658021,-0.541591,10.727513,-0.143565,0.597503,-0.800917,0.008525,0.038076
1540589255.723961895,-0.545913,10.754438,-0.145217,0.598419,-0.800451,-0.007753,0.033368
1540589255.757271769,-0.530480,10.716974,-0.147379,0.599739,-0.799251,-0.027372,0.027610
1540589255.791292568,-0.522999,10.635803,-0.154441,0.600738,-0.798121,-0.040170,0.022435
1540589255.826149566,-0.533821,10.673767,-0.160566,0.601291,-0.797634,-0.042530,0.020522
1540589255.891539826,-0.528088,10.706015,-0.161820,0.601722,-0.798000,-0.024561,0.022876
1540589255.923665638,-0.494348,10.664359,-0.161697,0.602560,-0.797411,-0.021680,0.024241
1540589255.957422936,-0.490119,10.741482,-0.163586,0.603365,-0.796724,-0.026452,0.021954
1540589255.990758235,-0.498423,10.873629,-0.167238,0.603939,-0.796042,-0.035353,0.018032
1540589256.023821709,-0.492561,10.804225,-0.163960,0.605434,-0.794827,-0.038320,0.015198
1540589256.057532207,-0.466506,10.681826,-0.164078,0.605540,-0.794854,-0.036000,0.015245
1540589256.090540644,-0.455848,10.649874,-0.164198,0.605426,-0.795155,-0.030350,0.016332
1540589256.124137830,-0.440320,10.629478,-0.163366,0.605411,-0.795213,-0.028752,0.016939
1540589256.158081204,-0.432383,10.683558,-0.165429,0.604614,-0.795695,-0.032548,0.015834
1540589256.190704965,-0.428168,10.722388,-0.167175,0.603681,-0.796246,-0.036857,0.014284
1540589256.225149651,-0.425637,10.724468,-0.164167,0.603042,-0.796668,-0.038900,0.012157
1540589256.257419687,-0.420451,10.711627,-0.163242,0.602726,-0.796844,-0.040539,0.010856
1540589256.290904574,-0.413931,10.691868,-0.163543,0.601401,-0.797846,-0.040771,0.009775
1540589256.324615735,-0.410614,10.678318,-0.161301,0.600960,-0.798279,-0.038990,0.008837
1540589256.357570334,-0.401771,10.681432,-0.160442,0.601654,-0.797899,-0.036085,0.008192
1540589256.391124207,-0.396745,10.681403,-0.160206,0.601173,-0.798438,-0.032088,0.007567
1540589256.424305106,-0.385666,10.694737,-0.160701,0.601384,-0.798315,-0.031488,0.006242
1540589256.457677442,-0.373548,10.726857,-0.162004,0.601669,-0.797891,-0.036830,0.002675
1540589256.490784328,-0.368701,10.753224,-0.165641,0.601781,-0.797409,-0.044659,-0.001975
1540589256.525399527,-0.368969,10.750979,-0.168898,0.601505,-0.797239,-0.050567,-0.006588
1540589256.557778476,-0.365678,10.783231,-0.171461,0.601187,-0.797266,-0.053274,-0.010125
1540589256.591377187,-0.363302,10.810159,-0.173630,0.601563,-0.797024,-0.052102,-0.012639
1540589256.625546348,-0.362661,10.824236,-0.173911,0.602482,-0.796609,-0.047219,-0.014098
1540589256.657984597,-0.361256,10.813915,-0.173661,0.602701,-0.796966,-0.037419,-0.014016
1540589256.691178371,-0.355117,10.824708,-0.173194,0.603020,-0.797149,-0.027664,-0.012431
1540589256.724991357,-0.355341,10.828075,-0.172216,0.603538,-0.796927,-0.022160,-0.012566
1540589256.757919306,-0.347266,10.830786,-0.174054,0.603653,-0.796862,-0.021361,-0.012583
1540589256.791372604,-0.348569,10.845866,-0.175238,0.604072,-0.796488,-0.022836,-0.013502
1540589256.825677878,-0.354725,10.865462,-0.176314,0.604371,-0.796118,-0.026220,-0.015620
1540589256.857567914,-0.356738,10.873819,-0.176462,0.605111,-0.795456,-0.028483,-0.016687
1540589256.890827151,-0.358908,10.892343,-0.177100,0.605296,-0.795346,-0.027784,-0.016400
1540589256.924623849,-0.361458,10.910313,-0.176285,0.605733,-0.795151,-0.024623,-0.014719
1540589256.958044498,-0.375066,10.911836,-0.170842,0.605256,-0.795620,-0.021448,-0.013918
1540589256.991421922,-0.379197,10.933147,-0.170530,0.604236,-0.796518,-0.017492,-0.012321
1540589257.025765221,-0.384559,10.947409,-0.169149,0.603400,-0.797256,-0.013454,-0.010474
1540589257.057950657,-0.387964,10.946045,-0.169333,0.602661,-0.797826,-0.013196,-0.009973
1540589257.091703893,-0.394575,10.950360,-0.169375,0.601134,-0.798933,-0.015169,-0.010659
1540589257.124682329,-0.401170,10.959856,-0.168507,0.602015,-0.798257,-0.016043,-0.010291
1540589257.158103365,-0.424027,11.028117,-0.167943,0.602318,-0.798085,-0.013497,-0.009565
1540589257.190921364,-0.434724,11.058122,-0.168253,0.601528,-0.798759,-0.009101,-0.008098
1540589257.224524800,-0.443349,11.078956,-0.168539,0.601183,-0.799064,-0.005995,-0.006355
1540589257.257828699,-0.447605,11.071637,-0.167036,0.600964,-0.799219,-0.007817,-0.005460
1540589257.291799298,-0.448726,11.059957,-0.166813,0.600558,-0.799469,-0.012496,-0.004801
1540589257.324847247,-0.453955,11.071292,-0.167091,0.600269,-0.799633,-0.015808,-0.003723
1540589257.357823845,-0.457968,11.080379,-0.167867,0.600579,-0.799349,-0.018488,-0.002286
1540589257.391437282,-0.462171,11.090270,-0.169447,0.600921,-0.799013,-0.021711,-0.000347
1540589257.425001005,-0.452239,11.034178,-0.167476,0.601274,-0.798625,-0.025786,0.001670
1540589257.457951604,-0.459974,11.042091,-0.168668,0.602553,-0.797534,-0.029282,0.003495
1540589257.491160640,-0.466661,11.056178,-0.170585,0.603515,-0.796692,-0.031823,0.006217
1540589257.525071389,-0.482565,11.080085,-0.169430,0.604155,-0.796165,-0.032069,0.009448
1540589257.559512988,-0.499230,11.105880,-0.169978,0.604949,-0.795549,-0.031130,0.013032
1540589257.592740599,-0.513017,11.135862,-0.170427,0.605389,-0.795134,-0.031377,0.016761
1540589257.626209760,-0.519715,11.157826,-0.171296,0.606364,-0.794266,-0.032572,0.020083
1540589257.661268309,-0.517954,11.155768,-0.170886,0.606970,-0.793714,-0.031954,0.024176
1540589257.692337483,-0.519174,11.168131,-0.170198,0.607271,-0.793388,-0.031264,0.027929
1540589257.728961844,-0.524244,11.193399,-0.171839,0.607536,-0.793016,-0.032043,0.031612
1540589257.761389405,-0.526246,11.211347,-0.172223,0.607851,-0.792579,-0.033778,0.034572
1540589257.795628829,-0.534412,11.245521,-0.174434,0.607637,-0.792500,-0.036271,0.037485
1540589257.827620565,-0.541404,11.271535,-0.175604,0.606730,-0.792892,-0.041188,0.038790
1540589257.861278339,-0.542437,11.276725,-0.174198,0.605598,-0.793331,-0.048161,0.039467
1540589257.894932137,-0.531909,11.263411,-0.171231,0.605370,-0.793259,-0.051124,0.040649
1540589257.928789974,-0.524406,11.264325,-0.171520,0.604418,-0.794076,-0.048477,0.042097
1540589257.963681960,-0.527147,11.299622,-0.173415,0.603032,-0.795215,-0.045318,0.043941
1540589257.995066821,-0.528195,11.324811,-0.172742,0.602867,-0.795279,-0.045958,0.044381
1540589258.027662432,-0.529216,11.335947,-0.175076,0.603241,-0.794874,-0.048695,0.043636
1540589258.061746406,-0.523717,11.337791,-0.176572,0.603020,-0.794979,-0.050300,0.042955
1540589258.095092755,-0.520060,11.342507,-0.176376,0.603193,-0.794808,-0.052095,0.041519
1540589258.128115266,-0.517446,11.347917,-0.176956,0.603202,-0.794830,-0.052932,0.039871
1540589258.161775377,-0.512885,11.332397,-0.175669,0.602924,-0.795232,-0.051003,0.038559
1540589258.196842001,-0.506266,11.327886,-0.174328,0.603202,-0.795231,-0.048824,0.037030
1540589258.228767237,-0.505675,11.336671,-0.174900,0.603388,-0.795193,-0.048637,0.035013
1540589258.263113286,-0.491596,11.299971,-0.173083,0.603683,-0.795080,-0.048081,0.033208
1540589258.296901660,-0.489422,11.306313,-0.173544,0.604684,-0.794584,-0.044588,0.031713
1540589258.329268858,-0.482144,11.297250,-0.173002,0.605210,-0.794403,-0.041732,0.030051
1540589258.363632157,-0.478534,11.298763,-0.172621,0.605005,-0.794720,-0.040198,0.027792
1540589258.397129581,-0.478246,11.308112,-0.173567,0.605993,-0.794095,-0.039566,0.024895
1540589258.430761967,-0.478462,11.317940,-0.174316,0.606754,-0.793657,-0.038691,0.021486
1540589258.464125503,-0.474476,11.317617,-0.173332,0.607010,-0.793636,-0.036459,0.018763
1540589258.498833652,-0.473208,11.316129,-0.173721,0.607516,-0.793461,-0.033247,0.015469
1540589258.531060413,-0.471437,11.322681,-0.174583,0.608222,-0.793053,-0.031370,0.012198
1540589258.565465924,-0.472135,11.332691,-0.175441,0.608081,-0.793205,-0.031796,0.007252
1540589258.598946786,-0.472639,11.341865,-0.175249,0.607587,-0.793534,-0.033733,0.002023
1540589258.632776822,-0.460488,11.361005,-0.173830,0.606654,-0.794052,-0.038070,-0.001733
1540589258.666330395,-0.458341,11.402243,-0.173010,0.605834,-0.794521,-0.040682,-0.006859
1540589258.700024607,-0.436807,11.506520,-0.175956,0.602977,-0.796705,-0.039803,-0.009800
1540589258.735550693,-0.440037,11.523651,-0.173692,0.601159,-0.798249,-0.034763,-0.014093
1540589258.766707504,-0.441269,11.537381,-0.172619,0.600609,-0.798800,-0.029856,-0.017179
1540589258.800299278,-0.430566,11.606344,-0.176868,0.599609,-0.799758,-0.021822,-0.019493
1540589258.833942002,-0.426555,11.611671,-0.175685,0.599152,-0.800328,-0.009075,-0.020235
1540589258.867681688,-0.421754,11.625941,-0.175499,0.598680,-0.800722,0.002004,-0.020554
1540589258.901281286,-0.418487,11.654243,-0.176582,0.598065,-0.801111,0.006457,-0.022313
1540589258.934068073,-0.424522,11.693156,-0.178855,0.596999,-0.801842,0.005326,-0.024762
1540589258.967745621,-0.447246,11.750382,-0.187913,0.596368,-0.802219,0.004277,-0.027798
1540589259.002655120,-0.446449,11.766047,-0.189681,0.597078,-0.801620,0.005230,-0.029590
1540589259.035597844,-0.445281,11.778242,-0.189951,0.596924,-0.801723,0.008927,-0.029035
1540589259.069141118,-0.444608,11.790244,-0.190955,0.597208,-0.801507,0.012330,-0.027860
1540589259.102400654,-0.444632,11.803192,-0.192119,0.597020,-0.801645,0.015181,-0.026512
1540589259.136413678,-0.444969,11.818667,-0.193486,0.597836,-0.801049,0.016722,-0.025151
1540589259.169614139,-0.476216,11.878758,-0.187480,0.598575,-0.800468,0.019042,-0.024407
1540589259.203181437,-0.477583,11.893439,-0.189548,0.599188,-0.800096,0.018591,-0.021782
1540589259.236956324,-0.481537,11.902106,-0.192196,0.600034,-0.799588,0.015306,-0.019588
1540589259.270524847,-0.482906,11.919861,-0.194931,0.601168,-0.798851,0.011449,-0.017409
1540589259.304922921,-0.484461,11.936219,-0.197170,0.602420,-0.798014,0.007185,-0.014582
1540589259.337801370,-0.496014,11.884504,-0.194364,0.603496,-0.797282,0.001078,-0.011523
1540589259.371060669,-0.502943,11.861109,-0.191775,0.603642,-0.797169,-0.006751,-0.009671
1540589259.404977330,-0.502119,11.803595,-0.189778,0.604575,-0.796410,-0.013420,-0.006379
1540589259.438884191,-0.510230,11.815905,-0.189561,0.604367,-0.796558,-0.015250,-0.001960
1540589259.472169652,-0.516697,11.837593,-0.190219,0.603247,-0.797444,-0.012908,0.003094
1540589259.505802588,-0.517624,11.850971,-0.187105,0.602092,-0.798311,-0.010934,0.008116
1540589259.539007262,-0.528327,11.887343,-0.184090,0.601553,-0.798661,-0.010650,0.012682
1540589259.572659111,-0.534202,11.922604,-0.181747,0.600119,-0.799658,-0.008854,0.018034
1540589259.606587572,-0.533542,11.956194,-0.178295,0.599333,-0.800132,-0.006324,0.023414
1540589259.640700833,-0.538943,11.986255,-0.179079,0.598890,-0.800355,-0.004567,0.027221
1540589259.673897657,-0.536760,11.996818,-0.180769,0.598729,-0.800337,-0.006326,0.030737
1540589259.707305281,-0.542586,12.014941,-0.181520,0.599141,-0.799878,-0.012020,0.032881
1540589259.741189817,-0.541926,12.023329,-0.181631,0.599670,-0.799322,-0.020398,0.032616
1540589259.774775178,-0.524625,12.021208,-0.174592,0.599249,-0.799429,-0.026647,0.033217
1540589259.808074952,-0.541479,12.011258,-0.167344,0.600110,-0.798785,-0.026815,0.033026
1540589259.841962876,-0.550820,11.993782,-0.164001,0.600114,-0.798828,-0.023294,0.034570
1540589259.876150862,-0.537270,12.007281,-0.168630,0.599719,-0.799214,-0.018382,0.035426
1540589259.945065047,-0.524817,12.019535,-0.174517,0.599643,-0.799470,-0.015399,0.032238
1540589259.976412145,-0.521170,12.039738,-0.172770,0.600387,-0.799037,-0.013447,0.029907
1540589260.009790507,-0.510389,12.034839,-0.172784,0.600776,-0.798853,-0.010579,0.028101
1540589260.044220718,-0.510648,12.047419,-0.172602,0.601335,-0.798543,-0.003966,0.026649
1540589260.095664416,-0.510184,12.066542,-0.173534,0.601815,-0.798215,0.007860,0.024700
1540589260.145534677,-0.510772,12.085440,-0.170908,0.602850,-0.797569,0.007136,0.020118
1540589260.194127525,-0.508130,12.076557,-0.172953,0.604541,-0.796468,-0.003075,0.012628
1540589260.226732636,-0.509789,12.082282,-0.174073,0.604962,-0.796149,-0.010888,0.007066
1540589260.260186660,-0.510808,12.089918,-0.174766,0.605127,-0.795964,-0.016087,0.002145
1540589260.293555771,-0.510063,12.098608,-0.174258,0.604831,-0.796150,-0.017968,-0.001401
1540589260.327221445,-0.511384,12.112730,-0.173616,0.604036,-0.796757,-0.017313,-0.004455
1540589260.360070081,-0.512472,12.127867,-0.171871,0.603050,-0.797549,-0.014049,-0.006906
1540589260.394576955,-0.515696,12.143762,-0.170980,0.602468,-0.798042,-0.009312,-0.008633
1540589260.426645753,-0.514940,12.148386,-0.169402,0.601653,-0.798653,-0.007263,-0.010675
1540589260.460141465,-0.516243,12.162460,-0.168821,0.601215,-0.798951,-0.006321,-0.013357
1540589260.495064138,-0.517190,12.171592,-0.168901,0.600919,-0.799145,-0.004695,-0.015579
1540589260.526968062,-0.517640,12.179371,-0.169204,0.600992,-0.799068,-0.002174,-0.017143
1540589260.561082748,-0.518107,12.187182,-0.169267,0.600661,-0.799282,0.001334,-0.018791
1540589260.594111484,-0.518082,12.194018,-0.168910,0.600009,-0.799732,0.004056,-0.020014
1540589260.627117083,-0.517910,12.201070,-0.167914,0.599646,-0.799964,0.004442,-0.021513
1540589260.661508594,-0.518259,12.253253,-0.174450,0.599284,-0.800180,0.005300,-0.023282
1540589260.693666568,-0.517748,12.258860,-0.174938,0.598710,-0.800576,0.007365,-0.023854
1540589260.727101292,-0.515769,12.261328,-0.173344,0.598945,-0.800366,0.008726,-0.024543
1540589260.760750416,-0.516299,12.269058,-0.174030,0.599404,-0.800020,0.008627,-0.024670
1540589260.794000139,-0.518262,12.288636,-0.175152,0.599422,-0.800010,0.007348,-0.024964
1540589260.827258026,-0.520678,12.309191,-0.176460,0.599555,-0.799921,0.007588,-0.024541
1540589260.861212424,-0.522724,12.328038,-0.176064,0.600620,-0.799161,0.008011,-0.023114
1540589260.893533311,-0.527069,12.342159,-0.176009,0.601170,-0.798778,0.008962,-0.021621
1540589260.927250547,-0.528030,12.336435,-0.174744,0.601910,-0.798257,0.011228,-0.019075
1540589260.960918808,-0.527366,12.343335,-0.174370,0.602954,-0.797522,0.012932,-0.015411
1540589260.993890557,-0.527198,12.350245,-0.174622,0.604007,-0.796777,0.013575,-0.011713
1540589261.027265830,-0.526814,12.361323,-0.175031,0.604640,-0.796344,0.013189,-0.008578
1540589261.060919379,-0.527667,12.373736,-0.175166,0.605368,-0.795813,0.013832,-0.004472
1540589261.093642353,-0.530026,12.383658,-0.171638,0.606068,-0.795282,0.014400,-0.000011
1540589261.127185139,-0.531967,12.385843,-0.169208,0.606625,-0.794861,0.013590,0.004235
1540589261.160745575,-0.531554,12.393479,-0.170432,0.606637,-0.794871,0.010308,0.008084
1540589261.193738949,-0.534588,12.399310,-0.169532,0.606449,-0.795024,0.004687,0.011578
1540589261.227417673,-0.538376,12.398089,-0.168261,0.606115,-0.795238,-0.002622,0.014652
1540589261.260508622,-0.542263,12.376720,-0.166375,0.605099,-0.795913,-0.007093,0.018073
1540589261.294073308,-0.541369,12.376925,-0.164842,0.604346,-0.796345,-0.007158,0.023448
1540589261.327358131,-0.538690,12.392994,-0.164117,0.603903,-0.796510,-0.003572,0.029319
1540589261.361899068,-0.538808,12.488944,-0.166529,0.602544,-0.797306,0.000132,0.035280
1540589261.394013916,-0.539359,12.480500,-0.167142,0.601640,-0.797778,-0.000420,0.039738
1540589261.427538878,-0.539083,12.430562,-0.169501,0.602170,-0.797223,-0.005787,0.042340
1540589261.461148639,-0.541725,12.440717,-0.171917,0.601066,-0.797965,-0.015615,0.041570
1540589261.494534025,-0.544003,12.442196,-0.172472,0.600660,-0.798064,-0.023452,0.041857
1540589261.527677586,-0.546307,12.461767,-0.171747,0.601010,-0.797675,-0.026385,0.042486
1540589261.560689123,-0.552861,12.476941,-0.170813,0.600849,-0.797782,-0.025900,0.043051
1540589261.596006421,-0.558066,12.471801,-0.171855,0.600689,-0.797905,-0.023876,0.044158
1540589261.627435295,-0.555466,12.464500,-0.173816,0.600583,-0.797983,-0.023122,0.044593
1540589261.660918731,-0.564939,12.526728,-0.162740,0.600394,-0.798079,-0.025429,0.044162
1540589261.696325205,-0.567661,12.544618,-0.166460,0.600931,-0.797660,-0.028488,0.042528
1540589261.729423329,-0.566706,12.586588,-0.167408,0.601433,-0.797311,-0.029968,0.040935
1540589261.762396652,-0.566804,12.596606,-0.168156,0.601736,-0.797189,-0.028289,0.040045
1540589261.796464251,-0.567088,12.606923,-0.168691,0.602117,-0.797046,-0.025201,0.039225
1540589261.827217200,-0.567056,12.616578,-0.169117,0.602341,-0.797031,-0.022923,0.037439
1540589261.861162299,-0.566035,12.627918,-0.169391,0.602498,-0.797078,-0.021127,0.034892
1540589261.893937572,-0.557581,12.651435,-0.170732,0.603215,-0.796661,-0.020308,0.032421
1540589261.927512871,-0.547768,12.687029,-0.172509,0.603710,-0.796394,-0.021437,0.028837
1540589261.961080595,-0.546611,12.697703,-0.173986,0.603960,-0.796314,-0.022059,0.025094
1540589261.994119981,-0.542406,12.680110,-0.171466,0.603636,-0.796646,-0.021934,0.022295
1540589262.028390167,-0.541010,12.686589,-0.171046,0.603544,-0.796782,-0.023531,0.017884
1540589262.064694453,-0.541390,12.697252,-0.169029,0.603071,-0.797093,-0.028134,0.012477
1540589262.094472640,-0.542220,12.718208,-0.167802,0.602439,-0.797527,-0.030943,0.007818
1540589262.128292151,-0.539888,12.733136,-0.168994,0.602532,-0.797512,-0.030350,0.003038
1540589262.161940575,-0.535607,12.749060,-0.165592,0.601447,-0.798458,-0.026927,-0.000930
1540589262.195345673,-0.541588,12.766109,-0.165314,0.599878,-0.799819,-0.020325,-0.004728
1540589262.229952422,-0.537616,12.774123,-0.161273,0.599938,-0.799914,-0.012652,-0.007252
1540589262.262257508,-0.531190,12.778709,-0.154342,0.599678,-0.800170,-0.004962,-0.009449
1540589262.296126582,-0.528637,12.783472,-0.150832,0.598963,-0.800687,0.002936,-0.011598
1540589262.328903918,-0.529628,12.800166,-0.150804,0.599236,-0.800409,0.008943,-0.013506
1540589262.362564192,-0.533415,12.827026,-0.152423,0.599088,-0.800451,0.010314,-0.016296
1540589262.398126828,-0.533137,12.801327,-0.151462,0.598249,-0.801003,0.008283,-0.020579
1540589262.430124977,-0.535703,12.815283,-0.151580,0.598727,-0.800591,0.006724,-0.023135
1540589262.463250288,-0.536103,12.823877,-0.150346,0.598667,-0.800586,0.007441,-0.024604
1540589262.499828437,-0.541238,12.823785,-0.153427,0.598145,-0.800885,0.012125,-0.025666
1540589262.532786535,-0.537786,12.834973,-0.151345,0.598456,-0.800577,0.017209,-0.025091
1540589262.564504709,-0.540575,12.850402,-0.149928,0.599057,-0.800053,0.020648,-0.024885
1540589262.597498133,-0.543874,12.864064,-0.147814,0.599447,-0.799726,0.021742,-0.025069
1540589262.633584494,-0.548957,12.873748,-0.148803,0.600018,-0.799338,0.019860,-0.025366
1540589262.665341868,-0.549573,12.882634,-0.150469,0.601083,-0.798596,0.016416,-0.025964
1540589262.697588829,-0.550061,12.893067,-0.152218,0.601636,-0.798232,0.013437,-0.026074
1540589262.731757365,-0.550180,12.904950,-0.154002,0.602476,-0.797642,0.011817,-0.025507
1540589262.765721802,-0.550319,12.919027,-0.155567,0.603545,-0.796886,0.011711,-0.023845
1540589262.798507925,-0.550408,12.933683,-0.157098,0.604510,-0.796216,0.010395,-0.022359
1540589262.831822187,-0.550350,12.949152,-0.158767,0.605084,-0.795850,0.008067,-0.020743
1540589262.866248873,-0.549881,12.966255,-0.159625,0.605579,-0.795554,0.006156,-0.018186
1540589262.899380159,-0.549459,12.996139,-0.158506,0.605868,-0.795415,0.004388,-0.014822
1540589262.932880270,-0.551015,13.026947,-0.156822,0.605682,-0.795620,0.003932,-0.011101
1540589262.967511006,-0.557333,13.066262,-0.153942,0.604985,-0.796196,0.004458,-0.006709
1540589263.001284255,-0.562812,13.082881,-0.152721,0.604073,-0.796920,0.002027,-0.003219
1540589263.034080241,-0.573353,13.080362,-0.148904,0.603525,-0.797333,-0.004094,-0.000916
1540589263.069812290,-0.576550,13.076375,-0.149445,0.602878,-0.797727,-0.012985,0.001217
1540589263.101217751,-0.577313,13.110194,-0.150025,0.602156,-0.798092,-0.021224,0.002693
1540589263.135552800,-0.575964,13.127148,-0.155169,0.601782,-0.798169,-0.027589,0.004737
1540589263.168575649,-0.565494,13.141002,-0.161622,0.602299,-0.797707,-0.028746,0.008491
1540589263.202188922,-0.560883,13.156640,-0.163229,0.602086,-0.797883,-0.026486,0.013147
1540589263.235257271,-0.561926,13.171486,-0.164306,0.602221,-0.797741,-0.025963,0.016288
1540589263.269230445,-0.564018,13.185642,-0.165395,0.602487,-0.797359,-0.030002,0.018141
1540589263.302328256,-0.567207,13.196619,-0.165829,0.602690,-0.797000,-0.034485,0.019126
1540589263.338167492,-0.566245,13.207210,-0.167263,0.602598,-0.797035,-0.033412,0.022226
1540589263.369525591,-0.567074,13.219213,-0.167428,0.602628,-0.797104,-0.028951,0.025031
1540589263.403213565,-0.552298,13.210158,-0.172652,0.602510,-0.797304,-0.024310,0.026411
1540589263.437444901,-0.550587,13.207657,-0.173207,0.602564,-0.797266,-0.024080,0.026529
1540589263.470263900,-0.555347,13.221046,-0.176405,0.602233,-0.797453,-0.026667,0.025947
1540589263.504416973,-0.557203,13.241285,-0.177471,0.602444,-0.797354,-0.026489,0.024207
1540589263.537960622,-0.556656,13.311794,-0.175084,0.602870,-0.797162,-0.023482,0.022991
1540589263.570937958,-0.552487,13.341481,-0.174446,0.603416,-0.796901,-0.019353,0.021536
1540589263.606085482,-0.541870,13.349142,-0.177215,0.603410,-0.797040,-0.015124,0.019883
1540589263.638225306,-0.541412,13.351063,-0.177219,0.603582,-0.797023,-0.012073,0.017261
1540589263.672619917,-0.543215,13.356085,-0.178290,0.604306,-0.796552,-0.011441,0.013709
1540589263.706268828,-0.546949,13.393729,-0.176643,0.604842,-0.796195,-0.012166,0.009599
1540589263.739575027,-0.548764,13.414597,-0.176997,0.605110,-0.796018,-0.013065,0.005171
1540589263.772545488,-0.550367,13.436753,-0.176042,0.605336,-0.795858,-0.013233,0.001725
1540589263.806548537,-0.546633,13.456602,-0.176267,0.605257,-0.795917,-0.013216,-0.002248
1540589263.840414248,-0.545923,13.475298,-0.176084,0.604827,-0.796245,-0.012164,-0.005489
1540589263.873598609,-0.545223,13.472383,-0.173346,0.603958,-0.796890,-0.011708,-0.008021
1540589263.907040458,-0.547087,13.465612,-0.172512,0.602730,-0.797711,-0.014876,-0.012325
1540589263.940866132,-0.544741,13.461125,-0.169604,0.601668,-0.798253,-0.021960,-0.017515
1540589263.974674093,-0.546282,13.482620,-0.168910,0.600589,-0.798796,-0.026979,-0.022162
1540589264.009126129,-0.547811,13.534416,-0.168663,0.599916,-0.799105,-0.028298,-0.027038
1540589264.042406540,-0.543902,13.568151,-0.168750,0.599829,-0.799226,-0.023489,-0.029864
1540589264.075416627,-0.546108,13.586610,-0.169101,0.599902,-0.799299,-0.015657,-0.031531
1540589264.108959988,-0.547744,13.586912,-0.167041,0.599756,-0.799353,-0.012165,-0.034342
1540589264.142992187,-0.548708,13.601496,-0.166961,0.599008,-0.799783,-0.011784,-0.037377
1540589264.175754035,-0.549948,13.615816,-0.168158,0.598329,-0.800228,-0.012127,-0.038617
1540589264.209401334,-0.551762,13.640801,-0.170144,0.598106,-0.800328,-0.011980,-0.040003
1540589264.243050695,-0.555399,13.643425,-0.172267,0.598026,-0.800409,-0.009087,-0.040348
1540589264.276864494,-0.557313,13.660403,-0.173479,0.597995,-0.800524,-0.005316,-0.039182
1540589264.310265655,-0.559766,13.692882,-0.172883,0.598438,-0.800278,-0.002699,-0.037675
1540589264.345220091,-0.565421,13.722460,-0.174075,0.599708,-0.799397,-0.000908,-0.036248
1540589264.377885503,-0.569330,13.703941,-0.176355,0.600105,-0.799176,-0.000151,-0.034523
1540589264.412158814,-0.569363,13.732886,-0.177723,0.600062,-0.799261,-0.000595,-0.033263
1540589264.445315150,-0.569389,13.790192,-0.175738,0.601027,-0.798613,-0.000587,-0.031354
1540589264.478337274,-0.566426,13.802354,-0.177807,0.601881,-0.798069,0.000605,-0.028711
1540589264.512535260,-0.563876,13.814428,-0.176412,0.602670,-0.797594,0.002928,-0.024985
1540589264.546519209,-0.564544,13.835193,-0.177298,0.603598,-0.796989,0.007138,-0.020637
1540589264.579321295,-0.564868,13.855983,-0.178590,0.604536,-0.796343,0.010295,-0.016383
1540589264.612923256,-0.565126,13.877162,-0.180091,0.604624,-0.796312,0.013021,-0.012104
1540589264.646371692,-0.579193,13.857452,-0.175680,0.605332,-0.795821,0.012883,-0.008687
1540589264.680496591,-0.580923,13.860380,-0.176757,0.605310,-0.795934,0.007050,-0.006218
1540589264.750345538,-0.583189,13.887223,-0.174094,0.604296,-0.796738,-0.005781,-0.001318
1540589264.796880962,-0.578955,13.879606,-0.172165,0.603424,-0.797304,-0.013467,0.002124
1540589264.830792710,-0.582259,13.897612,-0.171014,0.602608,-0.797928,-0.011978,0.005550
1540589264.897926070,-0.566221,13.718202,-0.168524,0.603231,-0.797365,-0.015118,0.009675
1540589264.931169931,-0.561588,13.684187,-0.170103,0.603275,-0.797140,-0.022424,0.011101
1540589264.962868418,-0.563291,13.697809,-0.170873,0.603301,-0.796927,-0.028214,0.011816
1540589264.996519604,-0.564531,13.705543,-0.171059,0.603005,-0.797025,-0.031513,0.011970
1540589265.029952840,-0.568526,13.713224,-0.169889,0.602815,-0.797205,-0.029927,0.013492
1540589265.063407564,-0.573387,13.718396,-0.168265,0.602585,-0.797494,-0.025254,0.016027
1540589265.097164325,-0.573635,13.718076,-0.167856,0.602020,-0.798008,-0.020663,0.018126
1540589265.129967199,-0.573425,13.728529,-0.168047,0.601644,-0.798363,-0.016131,0.019539
1540589265.163111010,-0.574517,13.737184,-0.168851,0.601867,-0.798226,-0.013073,0.020492
1540589265.196771046,-0.574228,13.752091,-0.169881,0.603078,-0.797330,-0.012800,0.019959
1540589265.229934308,-0.569312,13.783699,-0.171525,0.603309,-0.797170,-0.012931,0.019283
1540589265.263379556,-0.565400,13.803338,-0.172254,0.603288,-0.797213,-0.011296,0.019160
1540589265.296433218,-0.563964,13.828879,-0.171860,0.603388,-0.797194,-0.009284,0.017846
1540589265.329652041,-0.562153,13.842944,-0.171482,0.603720,-0.796996,-0.009332,0.015266
1540589265.363081465,-0.561089,13.856193,-0.172210,0.604103,-0.796735,-0.010679,0.012614
1540589265.396298014,-0.560668,13.881355,-0.173773,0.604388,-0.796542,-0.012839,0.008409
1540589265.429941837,-0.561469,13.894169,-0.175025,0.604745,-0.796280,-0.014427,0.003814
1540589265.463224986,-0.563168,13.906625,-0.176068,0.605412,-0.795776,-0.014685,0.000593
1540589265.496736922,-0.565004,13.920329,-0.177334,0.605600,-0.795604,-0.015787,-0.003708
1540589265.529696371,-0.566477,13.935589,-0.178128,0.605804,-0.795388,-0.016939,-0.008534
1540589265.564504507,-0.568361,13.952252,-0.178166,0.605474,-0.795604,-0.016377,-0.012178
1540589265.597082244,-0.569591,13.974033,-0.177105,0.604822,-0.796046,-0.015916,-0.015720
1540589265.630192392,-0.557977,14.075052,-0.177775,0.603757,-0.796795,-0.015235,-0.019039
1540589265.665234966,-0.542271,14.148587,-0.176738,0.602570,-0.797653,-0.014051,-0.021491
1540589265.696686040,-0.544373,14.204676,-0.178230,0.601725,-0.798207,-0.013848,-0.024513
1540589265.729996714,-0.538961,14.261005,-0.176610,0.599700,-0.799658,-0.012552,-0.027392
1540589265.763201562,-0.542315,14.298151,-0.177672,0.599145,-0.800058,-0.009569,-0.028988
1540589265.796999948,-0.543219,14.320218,-0.181082,0.598987,-0.800183,-0.005537,-0.029853
1540589265.832368260,-0.541797,14.342303,-0.186720,0.599028,-0.800149,-0.001575,-0.030406
1540589265.864023858,-0.543592,14.357694,-0.187882,0.598968,-0.800175,0.000265,-0.030936
1540589265.897594945,-0.544734,14.369537,-0.189238,0.598568,-0.800455,-0.000888,-0.031430
1540589265.930307731,-0.547133,14.367304,-0.188688,0.598108,-0.800777,-0.004623,-0.031650
1540589265.963483730,-0.550463,14.360211,-0.187686,0.597958,-0.800873,-0.007599,-0.031480
1540589265.997459278,-0.551760,14.316063,-0.185908,0.598065,-0.800879,-0.006124,-0.029560
1540589266.030841865,-0.555525,14.330982,-0.185284,0.597952,-0.801066,-0.003660,-0.027090
1540589266.063460563,-0.561316,14.330671,-0.184361,0.598812,-0.800499,-0.003129,-0.024814
1540589266.098738112,-0.561922,14.343794,-0.185374,0.599202,-0.800291,-0.003677,-0.021854
1540589266.130508236,-0.563775,14.324935,-0.184657,0.599812,-0.799887,-0.005078,-0.019475
1540589266.163691934,-0.565559,14.313489,-0.184817,0.600870,-0.799130,-0.007629,-0.016956
1540589266.196923271,-0.573760,14.324211,-0.186164,0.601315,-0.798827,-0.008561,-0.014925
1540589266.230607944,-0.588706,14.356164,-0.187764,0.602206,-0.798191,-0.008402,-0.012982
1540589266.263317268,-0.593456,14.367792,-0.188530,0.603287,-0.797411,-0.008797,-0.010184
1540589266.296801504,-0.597822,14.373984,-0.189824,0.604241,-0.796709,-0.009709,-0.007295
1540589266.330407978,-0.595996,14.409450,-0.190821,0.604767,-0.796340,-0.009486,-0.003102
1540589266.364303927,-0.599310,14.425146,-0.192372,0.605845,-0.795533,-0.008849,0.000647
1540589266.397503426,-0.604476,14.443444,-0.194037,0.606232,-0.795217,-0.009871,0.003834
1540589266.430208012,-0.606561,14.463661,-0.194873,0.605967,-0.795374,-0.011456,0.007249
1540589266.463671823,-0.609881,14.492019,-0.193499,0.605500,-0.795680,-0.011740,0.011191
1540589266.497358547,-0.612836,14.508314,-0.192237,0.604590,-0.796307,-0.012006,0.014875
1540589266.530861258,-0.617930,14.530983,-0.190505,0.603044,-0.797388,-0.013403,0.018179
1540589266.563264694,-0.620500,14.489313,-0.189934,0.602548,-0.797674,-0.014202,0.021227
1540589266.598085218,-0.612400,14.489251,-0.186526,0.601850,-0.798053,-0.016070,0.025089
1540589266.630473242,-0.618855,14.553462,-0.188451,0.601169,-0.798409,-0.020937,0.026472
1540589266.664817265,-0.623482,14.583671,-0.189599,0.601242,-0.798083,-0.028899,0.027131
1540589266.699535477,-0.625023,14.601467,-0.192163,0.602211,-0.796972,-0.037687,0.027522
1540589266.734746275,-0.627124,14.617659,-0.195685,0.602330,-0.796546,-0.044390,0.027251
1540589266.766143049,-0.640540,14.637809,-0.199751,0.602123,-0.796524,-0.047724,0.026832
1540589266.800576448,-0.666844,14.687570,-0.192101,0.602276,-0.796222,-0.050653,0.026972
1540589266.832742284,-0.667338,14.685223,-0.187001,0.602009,-0.796277,-0.052200,0.028340
1540589266.869372033,-0.664649,14.698300,-0.186223,0.601518,-0.796803,-0.049376,0.029051
1540589266.900669006,-0.654704,14.693470,-0.185358,0.601692,-0.796824,-0.046697,0.029278
1540589266.934051080,-0.634733,14.532725,-0.176418,0.601416,-0.797043,-0.046370,0.029498
1540589266.968239191,-0.629168,14.534158,-0.176885,0.601556,-0.796912,-0.047458,0.028443
1540589267.000222528,-0.618576,14.491766,-0.176491,0.602217,-0.796497,-0.046684,0.027350
1540589267.034065576,-0.613050,14.490038,-0.175491,0.602409,-0.796447,-0.045463,0.026620
1540589267.069961487,-0.612831,14.478118,-0.176472,0.602895,-0.796191,-0.044843,0.024225
1540589267.100230061,-0.613864,14.482825,-0.176743,0.602948,-0.796223,-0.044787,0.021830
1540589267.133920197,-0.613662,14.498163,-0.177289,0.602812,-0.796415,-0.044158,0.019739
1540589267.167762846,-0.615173,14.510750,-0.178546,0.603032,-0.796332,-0.043859,0.016851
1540589267.200563145,-0.614390,14.514780,-0.178548,0.603286,-0.796236,-0.043390,0.013077
1540589267.234110706,-0.614845,14.525445,-0.178670,0.603986,-0.795830,-0.041943,0.009794
1540589267.267608280,-0.616461,14.538940,-0.178997,0.603840,-0.796056,-0.040401,0.006302
1540589267.300997579,-0.616368,14.538326,-0.178945,0.603575,-0.796333,-0.039317,0.001975
1540589267.334507427,-0.618384,14.549596,-0.177999,0.603404,-0.796494,-0.038700,-0.001485
1540589267.368284189,-0.620333,14.560006,-0.176424,0.602847,-0.796951,-0.037676,-0.004912
1540589267.401312662,-0.621836,14.570981,-0.174637,0.601473,-0.797989,-0.037003,-0.008637
1540589267.434721848,-0.618969,14.585039,-0.174957,0.600256,-0.798811,-0.037932,-0.012469
1540589267.469382635,-0.621933,14.609851,-0.174576,0.599283,-0.799384,-0.039661,-0.016485
1540589267.502734758,-0.626159,14.670144,-0.176413,0.598309,-0.800074,-0.038762,-0.020151
1540589267.537414057,-0.596564,14.949493,-0.203228,0.596175,-0.801787,-0.034277,-0.023175
1540589267.569819818,-0.601331,14.983082,-0.204756,0.596458,-0.801727,-0.028296,-0.025904
1540589267.602672217,-0.604788,15.019077,-0.208896,0.596621,-0.801740,-0.022124,-0.027709
1540589267.636289003,-0.609465,15.032047,-0.209747,0.595960,-0.802301,-0.015957,-0.029852
1540589267.670702227,-0.613811,15.027811,-0.208994,0.596460,-0.801902,-0.012697,-0.032040
1540589267.704219288,-0.617437,14.995009,-0.211230,0.596236,-0.801951,-0.013943,-0.034379
1540589267.737497262,-0.620118,14.966601,-0.209751,0.595320,-0.802464,-0.017753,-0.036488
1540589267.772458223,-0.625144,14.982958,-0.209823,0.595342,-0.802307,-0.020808,-0.037914
1540589267.807909259,-0.629364,15.006034,-0.212551,0.595418,-0.802188,-0.022482,-0.038281
1540589267.838054358,-0.631754,15.011913,-0.213473,0.595105,-0.802419,-0.021824,-0.038694
1540589267.872432919,-0.635319,15.021354,-0.214158,0.595738,-0.802005,-0.020105,-0.038455
1540589267.906602568,-0.641356,15.021359,-0.215228,0.596275,-0.801597,-0.020930,-0.038214
1540589267.938827404,-0.643407,15.023511,-0.215670,0.596308,-0.801502,-0.023960,-0.037910
1540589267.973298478,-0.645410,15.028057,-0.215376,0.596687,-0.801105,-0.027459,-0.037965
1540589268.007098277,-0.644835,15.026612,-0.215739,0.597083,-0.800718,-0.030868,-0.037277
1540589268.041302075,-0.641285,14.998687,-0.213765,0.597209,-0.800638,-0.032007,-0.035999
1540589268.073878912,-0.642000,14.998270,-0.213409,0.597834,-0.800307,-0.030095,-0.034612
1540589268.107416960,-0.644538,15.019942,-0.213542,0.598696,-0.799885,-0.027255,-0.031687
1540589268.141452759,-0.642777,14.992201,-0.211775,0.599775,-0.799191,-0.026612,-0.029254
1540589268.174518983,-0.643644,14.994559,-0.211833,0.600214,-0.798916,-0.026923,-0.027397
1540589268.209687206,-0.646051,15.006765,-0.211441,0.601098,-0.798343,-0.026855,-0.024660
1540589268.241035205,-0.649490,15.018033,-0.211972,0.601609,-0.798016,-0.027164,-0.022345
1540589268.276262454,-0.648032,15.019510,-0.212378,0.601992,-0.797676,-0.030169,-0.020186
1540589268.308855278,-0.650650,15.037027,-0.213304,0.602284,-0.797321,-0.034667,-0.018173
1540589268.342281026,-0.651832,15.040922,-0.212057,0.602904,-0.796697,-0.039210,-0.015594
1540589268.376466850,-0.650045,15.008330,-0.209452,0.603061,-0.796398,-0.043662,-0.012686
1540589268.409966461,-0.659265,15.041891,-0.211138,0.602974,-0.796137,-0.049552,-0.011508
1540589268.443486910,-0.664146,15.060486,-0.209969,0.602917,-0.796014,-0.052636,-0.009100
1540589268.477134509,-0.668388,15.067882,-0.207996,0.602959,-0.796042,-0.052219,-0.005569
1540589268.510745620,-0.666161,15.068821,-0.207584,0.601860,-0.797163,-0.047874,-0.001889
1540589268.546222106,-0.665843,15.077944,-0.203763,0.601489,-0.797913,-0.039206,0.002941
1540589268.577907880,-0.677266,15.133520,-0.205372,0.601714,-0.797882,-0.035844,0.006365
1540589268.610898129,-0.678857,15.143955,-0.205061,0.601252,-0.798077,-0.038916,0.007399
1540589268.644677852,-0.686524,15.194376,-0.200334,0.600664,-0.798299,-0.042942,0.008824
1540589268.679070776,-0.673290,15.223759,-0.193758,0.601016,-0.797909,-0.044550,0.011644
1540589268.712235950,-0.666798,15.205864,-0.195437,0.600861,-0.798155,-0.041716,0.013196
1540589268.745574011,-0.664120,15.199904,-0.196130,0.600847,-0.798262,-0.039256,0.014804
1540589268.778895910,-0.660826,15.196710,-0.196726,0.601244,-0.797832,-0.041878,0.014678
1540589268.812639533,-0.661151,15.174122,-0.199442,0.601529,-0.797437,-0.045461,0.013774
1540589268.846351282,-0.660120,15.177914,-0.199576,0.601121,-0.797663,-0.046827,0.013964
1540589268.881325743,-0.659979,15.180338,-0.196992,0.601857,-0.797168,-0.045639,0.014476
1540589268.913849192,-0.659642,15.184783,-0.195997,0.601986,-0.797130,-0.044328,0.015243
1540589268.946700653,-0.659844,15.185590,-0.193993,0.600911,-0.797906,-0.044809,0.015626
1540589268.980694252,-0.659738,15.188725,-0.193663,0.600833,-0.797894,-0.046337,0.014756
1540589269.013918513,-0.659787,15.192317,-0.193123,0.600891,-0.797833,-0.046629,0.014751
1540589269.047775737,-0.659691,15.196549,-0.192452,0.600949,-0.797831,-0.046011,0.014483
1540589269.081606561,-0.659558,15.227301,-0.193052,0.600993,-0.797898,-0.044336,0.014149
1540589269.115636872,-0.660151,15.225466,-0.193602,0.600598,-0.798254,-0.043148,0.014531
1540589269.148668096,-0.660811,15.228772,-0.193765,0.600658,-0.798169,-0.044096,0.013845
1540589269.182030719,-0.661741,15.231575,-0.193784,0.600911,-0.797920,-0.045451,0.012780
1540589269.219811005,-0.662821,15.234933,-0.193742,0.600877,-0.798027,-0.044100,0.012444
1540589269.249448279,-0.663198,15.238264,-0.195489,0.600946,-0.798098,-0.042026,0.011749
1540589269.300915765,-0.665791,15.240973,-0.197215,0.600901,-0.798182,-0.041577,0.009743
1540589269.332182089,-0.667118,15.241408,-0.198559,0.601008,-0.798030,-0.043101,0.008933
1540589269.365951362,-0.668382,15.249613,-0.199294,0.600938,-0.798042,-0.044061,0.007744
1540589269.399479624,-0.670071,15.250356,-0.199131,0.600689,-0.798218,-0.044450,0.006707
1540589269.432974872,-0.671773,15.248845,-0.199705,0.600808,-0.798039,-0.046154,0.005749
1540589269.465921071,-0.673839,15.247542,-0.198550,0.600987,-0.797792,-0.048135,0.004955
1540589269.499190995,-0.675296,15.247664,-0.197913,0.600931,-0.797828,-0.048254,0.004883
1540589269.532697106,-0.676511,15.248346,-0.196724,0.600939,-0.797884,-0.047194,0.005174
1540589269.565866967,-0.678216,15.249645,-0.195728,0.600874,-0.797996,-0.046041,0.005647
1540589269.601770091,-0.679831,15.250052,-0.194803,0.600803,-0.798051,-0.046027,0.005578
1540589269.633546502,-0.680800,15.247290,-0.193828,0.600713,-0.798090,-0.046646,0.004497
1540589269.666781613,-0.680982,15.247941,-0.194544,0.600656,-0.798165,-0.046146,0.004027
1540589269.699527012,-0.681676,15.247764,-0.194948,0.600732,-0.798143,-0.045511,0.004169
1540589269.732847948,-0.682210,15.247284,-0.195664,0.600823,-0.798058,-0.045850,0.003602
1540589269.766028647,-0.682542,15.246696,-0.196472,0.600842,-0.798044,-0.045905,0.002634
1540589269.799399458,-0.683041,15.246201,-0.197073,0.600899,-0.798012,-0.045726,0.002350
1540589269.832822057,-0.683635,15.246158,-0.197345,0.601035,-0.797901,-0.045887,0.002165
1540589269.865885118,-0.683965,15.246431,-0.197330,0.601106,-0.797873,-0.045449,0.002067
1540589269.900058242,-0.684117,15.248053,-0.197416,0.601079,-0.797907,-0.045226,0.001892
1540589269.933070266,-0.684234,15.249363,-0.197352,0.601065,-0.797930,-0.045011,0.001622
1540589269.965998039,-0.684272,15.250141,-0.197246,0.601050,-0.797933,-0.045168,0.001227
1540589269.999262426,-0.684274,15.250752,-0.197404,0.601100,-0.797839,-0.046158,0.000598
1540589270.033062424,-0.684373,15.251025,-0.197598,0.600984,-0.797874,-0.047072,0.000197
1540589270.066315323,-0.684435,15.251333,-0.197732,0.601061,-0.797790,-0.047495,-0.000066
1540589270.100767359,-0.684420,15.251732,-0.197841,0.601121,-0.797755,-0.047332,-0.000388
1540589270.133403296,-0.684521,15.252125,-0.197926,0.601049,-0.797850,-0.046642,-0.000533
1540589270.166461819,-0.684927,15.252632,-0.197945,0.601081,-0.797828,-0.046597,-0.000503
1540589270.200017618,-0.685422,15.253218,-0.197869,0.601107,-0.797762,-0.047380,-0.000770
1540589270.232915954,-0.685667,15.253955,-0.197690,0.601028,-0.797815,-0.047479,-0.001303
1540589270.266395140,-0.685706,15.254326,-0.197222,0.601074,-0.797877,-0.045831,-0.001077
1540589270.300224289,-0.685801,15.254770,-0.197172,0.601091,-0.797936,-0.044593,-0.000417
1540589270.332589038,-0.685902,15.255822,-0.197206,0.601031,-0.797987,-0.044482,-0.000486
1540589270.367964774,-0.685948,15.256898,-0.197314,0.601057,-0.797934,-0.045062,-0.000912
1540589270.399629910,-0.685850,15.257852,-0.197427,0.601030,-0.797931,-0.045471,-0.001085
1540589270.433821509,-0.685673,15.258633,-0.197534,0.600915,-0.798018,-0.045481,-0.001076
1540589270.467136583,-0.685387,15.258184,-0.197507,0.601206,-0.797820,-0.045092,-0.001042
1540589270.500561444,-0.685050,15.257766,-0.197506,0.601246,-0.797806,-0.044814,-0.001107
1540589270.533239318,-0.684758,15.257532,-0.197540,0.601137,-0.797888,-0.044806,-0.001153
1540589270.566209029,-0.684475,15.257884,-0.197536,0.601341,-0.797721,-0.045034,-0.001494
1540589270.601040690,-0.684166,15.258423,-0.197641,0.601458,-0.797658,-0.044577,-0.001487
1540589270.633242901,-0.684062,15.259087,-0.197793,0.601265,-0.797854,-0.043688,-0.000956
1540589270.667203313,-0.683891,15.259722,-0.197947,0.601411,-0.797770,-0.043205,-0.000584
1540589270.700442236,-0.683559,15.260495,-0.198244,0.601501,-0.797689,-0.043459,-0.000694
1540589270.733574910,-0.683162,15.260814,-0.198619,0.601361,-0.797790,-0.043550,-0.000592
1540589270.767057559,-0.682702,15.259120,-0.199242,0.601523,-0.797643,-0.044004,-0.000368
1540589270.800653370,-0.681947,15.257900,-0.199477,0.601575,-0.797560,-0.044782,-0.000413
1540589270.833905844,-0.681567,15.257990,-0.199539,0.601532,-0.797595,-0.044729,-0.000397
1540589270.866242505,-0.681205,15.255174,-0.199409,0.601578,-0.797582,-0.044348,-0.000358
1540589270.900736404,-0.681023,15.255397,-0.199334,0.601496,-0.797657,-0.044109,-0.000218
1540589270.934274152,-0.681030,15.255243,-0.199310,0.601466,-0.797703,-0.043693,0.000115
1540589270.966499489,-0.681184,15.255162,-0.199272,0.601451,-0.797747,-0.043080,0.000319
1540589270.999829762,-0.682091,15.255224,-0.199325,0.601541,-0.797724,-0.042246,0.000229
1540589271.033047949,-0.682008,15.255183,-0.199284,0.601572,-0.797754,-0.041232,0.000464
