1540581254.588759273,0.000000,0.000000,0.000000,0.596898,-0.801865,0.026930,0.000000
1540581254.622692772,-0.000002,0.000003,-0.000008,0.596876,-0.801907,0.026142,0.000233
1540581254.654649570,-0.000029,0.000020,0.000004,0.596938,-0.801892,0.025182,0.000406
1540581254.687178194,-0.000051,0.000006,-0.000016,0.597030,-0.801851,0.024284,0.000667
1540581254.721549155,0.000024,-0.000128,-0.000197,0.597063,-0.801849,0.023507,0.000999
1540581254.754911704,0.000652,-0.000463,-0.000646,0.597023,-0.801876,0.023556,0.001691
1540581254.789148965,0.001155,-0.000862,-0.001135,0.596899,-0.801963,0.023706,0.002264
1540581254.822318052,0.001894,-0.001087,-0.001407,0.596755,-0.802064,0.023842,0.002805
1540581254.855798463,0.002334,-0.001817,-0.001203,0.597446,-0.801538,0.024144,0.003625
1540581254.890159736,0.002575,-0.002943,-0.000544,0.597936,-0.801174,0.023968,0.004276
1540581254.922913260,0.003116,-0.003748,-0.000877,0.597974,-0.801152,0.023674,0.004725
1540581254.956284746,0.003374,-0.001995,-0.001281,0.598025,-0.801120,0.023337,0.005328
1540581254.990184395,0.004110,-0.002721,-0.001784,0.597988,-0.801159,0.022845,0.005707
1540581255.023183731,0.005247,-0.003670,-0.002308,0.598145,-0.801041,0.022770,0.006136
1540581255.059417480,0.006565,-0.004969,-0.002946,0.598199,-0.801003,0.022593,0.006475
1540581255.090787379,0.008479,-0.007517,-0.003330,0.598324,-0.800913,0.022403,0.006711
1540581255.125353990,0.010513,-0.010088,-0.003979,0.598779,-0.800569,0.022340,0.007312
1540581255.158692951,0.015018,-0.015388,-0.004317,0.598653,-0.800678,0.021701,0.007609
1540581255.193614087,0.016845,-0.017913,-0.005096,0.598767,-0.800620,0.020617,0.007790
1540581255.226054711,0.020206,-0.021489,-0.005942,0.598961,-0.800504,0.019383,0.007901
1540581255.259501297,0.070661,-0.028124,0.000496,0.595937,-0.802731,0.019623,0.009801
1540581255.293161221,0.083880,-0.038425,0.009385,0.594307,-0.803884,0.020511,0.012212
1540581255.326352507,0.087051,-0.062174,0.008831,0.596738,-0.802181,0.017876,0.009539
1540581255.360023344,0.096796,-0.079039,0.008450,0.596616,-0.802328,0.016030,0.007920
1540581255.394302717,0.099606,-0.082803,0.007654,0.597414,-0.801778,0.014313,0.006654
1540581255.427645628,0.099419,-0.083074,0.008496,0.596774,-0.802213,0.015151,0.009204
1540581255.460316202,0.106858,-0.073997,0.008308,0.596383,-0.802513,0.014441,0.009562
1540581255.494359826,0.111359,-0.080599,0.010238,0.589785,-0.807367,0.014645,0.009905
1540581255.529079137,0.118526,-0.084666,0.009180,0.597141,-0.801971,0.013436,0.009181
1540581255.561455461,0.091152,-0.062830,0.009633,0.596409,-0.802574,0.011186,0.006782
1540581255.595966985,0.106428,-0.065063,0.008616,0.595455,-0.803235,0.012745,0.009166
1540581255.629787271,0.124775,-0.049147,0.013810,0.584826,-0.810963,0.014013,0.011021
1540581255.662050770,0.139852,-0.070738,0.012255,0.587393,-0.809068,0.014788,0.012621
1540581255.695704306,0.154660,-0.096602,0.006762,0.598005,-0.801324,0.012464,0.010731
1540581255.728685392,0.186716,-0.118948,0.007244,0.596152,-0.802682,0.012710,0.011960
1540581255.763209503,0.201787,-0.135517,0.002491,0.601380,-0.798766,0.012527,0.012572
1540581255.796197752,0.194303,-0.126462,0.002972,0.596582,-0.802371,0.012006,0.012076
1540581255.832864326,0.198040,-0.121899,0.000223,0.596129,-0.802672,0.012648,0.013714
1540581255.899448598,0.206859,-0.110076,0.005929,0.594886,-0.803610,0.011905,0.013421
1540581255.931591272,0.197263,-0.095377,0.008697,0.595633,-0.803063,0.010972,0.013847
1540581255.965756120,0.206976,-0.101111,0.007868,0.594133,-0.804166,0.010877,0.014344
1540581255.998418482,0.192889,-0.098540,0.004240,0.591858,-0.805836,0.010514,0.014934
1540581256.031176368,0.203196,-0.110095,-0.004007,0.594472,-0.803913,0.009995,0.015080
1540581256.064828779,0.226327,-0.121990,-0.007912,0.595200,-0.803322,0.010779,0.017171
1540581256.099594728,0.246376,-0.118386,-0.005216,0.594730,-0.803681,0.009931,0.017165
1540581256.174299288,0.238724,-0.139046,-0.008207,0.597483,-0.801617,0.009153,0.018455
1540581256.215393673,0.238327,-0.119949,-0.006396,0.595555,-0.803085,0.008322,0.017296
1540581256.248625210,0.221751,-0.114459,-0.006779,0.593785,-0.804312,0.011034,0.019509
1540581256.281427621,0.211988,-0.105972,-0.002227,0.593294,-0.804591,0.012930,0.021620
1540581256.314627820,0.213334,-0.090439,-0.005498,0.594143,-0.803840,0.015614,0.024301
1540581256.348037768,0.202959,-0.077596,0.006130,0.591219,-0.806013,0.015026,0.024024
1540581256.381509855,0.182707,-0.057306,0.013898,0.589382,-0.807330,0.014698,0.025124
1540581256.415405328,0.189631,-0.056496,0.010121,0.590188,-0.806720,0.014386,0.025958
1540581256.449440415,0.225733,-0.073074,0.010149,0.592862,-0.804684,0.013734,0.028434
1540581256.482594976,0.243996,-0.064860,0.006814,0.593428,-0.804218,0.013068,0.030110
1540581256.515363799,0.247353,-0.066269,0.005639,0.593464,-0.804150,0.011675,0.031743
1540581256.548628923,0.249782,-0.075117,0.003059,0.593723,-0.803964,0.008200,0.032682
1540581256.582832497,0.263422,-0.068968,0.001909,0.594080,-0.803610,0.003933,0.035561
1540581256.615236971,0.275573,-0.056123,0.003621,0.594781,-0.803054,-0.004360,0.036358
1540581256.648321469,0.286838,-0.051116,0.005587,0.595177,-0.802609,-0.009646,0.038593
1540581256.682548856,0.296846,-0.048829,0.012007,0.595105,-0.802466,-0.014694,0.041018
1540581256.715414667,0.305251,-0.034300,0.018017,0.593782,-0.803232,-0.019217,0.043271
1540581256.749711266,0.325834,0.008259,0.005706,0.595227,-0.801871,-0.022809,0.046780
1540581256.782561902,0.332817,0.006614,0.006665,0.595275,-0.801606,-0.025829,0.049066
1540581256.815522426,0.353740,0.031718,0.009362,0.595112,-0.801500,-0.024720,0.053178
1540581256.848966487,0.353840,0.031061,0.020037,0.592971,-0.802906,-0.027602,0.054452
1540581256.882084873,0.375856,0.006910,0.012328,0.594809,-0.801123,-0.026827,0.060695
1540581256.915457184,0.386117,0.009608,0.009570,0.594568,-0.801001,-0.027182,0.064405
1540581256.948678245,0.390201,-0.019584,0.017173,0.594556,-0.801055,-0.028239,0.063376
1540581256.982585182,0.413283,-0.022506,0.046177,0.588737,-0.805308,-0.030536,0.062730
1540581257.015146955,0.389064,0.002338,0.054138,0.584557,-0.808231,-0.030206,0.064370
1540581257.049647604,0.412165,-0.012278,0.053514,0.586204,-0.806951,-0.031489,0.064834
1540581257.082064603,0.443724,-0.001560,0.035681,0.589541,-0.804300,-0.029183,0.068500
1540581257.115536477,0.450983,0.009803,0.052190,0.585904,-0.806886,-0.024510,0.071070
1540581257.148825750,0.457476,0.010518,0.040653,0.584786,-0.807429,-0.016498,0.076230
1540581257.182196849,0.399906,-0.042345,0.034602,0.584161,-0.807938,-0.016165,0.075700
1540581257.215738285,0.364329,-0.031862,0.034915,0.584783,-0.807425,-0.016584,0.076276
1540581257.248872559,0.370176,-0.024076,0.038762,0.583356,-0.808423,-0.013734,0.077194
1540581257.282178208,0.393047,-0.026719,0.028852,0.586434,-0.805848,-0.009129,0.081365
1540581257.315777569,0.398906,-0.026673,0.025574,0.587045,-0.805338,-0.005971,0.082301
1540581257.348846118,0.399100,-0.028409,0.030660,0.586823,-0.805600,-0.005525,0.081340
1540581257.383625079,0.369878,-0.023414,0.036212,0.586670,-0.805941,-0.010354,0.078551
1540581257.418697003,0.376516,-0.027149,0.025831,0.588959,-0.804267,-0.012707,0.078229
1540581257.448814214,0.383925,-0.021231,0.029169,0.587759,-0.805126,-0.009721,0.078848
1540581257.482560013,0.392356,-0.019583,0.033867,0.586803,-0.805983,-0.006953,0.077497
1540581257.515626774,0.398478,-0.009170,0.035579,0.584635,-0.807816,-0.004111,0.074949
1540581257.549292573,0.410056,-0.014109,0.030673,0.589814,-0.804326,-0.005168,0.071776
1540581257.582672296,0.438429,-0.005157,0.039757,0.585747,-0.807881,-0.007479,0.064596
1540581257.615903595,0.448384,0.012200,0.050014,0.582763,-0.810386,-0.009128,0.059824
1540581257.649511169,0.407398,0.108709,-0.004694,0.586537,-0.807764,-0.019590,0.055743
1540581257.682438892,0.427170,0.146726,-0.030708,0.588667,-0.806438,-0.020508,0.052046
1540581257.715954966,0.468926,0.126109,-0.030276,0.588660,-0.806698,-0.016443,0.049480
1540581257.750841077,0.518250,0.127153,-0.016930,0.584454,-0.810159,-0.014405,0.043003
1540581257.782599401,0.506775,0.101866,-0.020224,0.587507,-0.808157,-0.010585,0.040061
1540581257.816357425,0.536799,0.028951,0.015410,0.583107,-0.811658,-0.005704,0.034127
1540581257.850557924,0.526913,-0.007522,0.030374,0.580576,-0.813699,-0.002432,0.028645
1540581257.882777322,0.502145,0.025400,0.022944,0.580090,-0.814187,0.002031,0.024299
1540581257.915699196,0.488557,0.164731,-0.009624,0.585480,-0.810366,0.006756,0.021772
1540581257.949506907,0.471487,0.180537,-0.023447,0.592226,-0.805577,0.005949,0.016700
1540581257.984046381,0.482254,0.231524,-0.032472,0.588544,-0.808377,0.005166,0.010719
1540581258.015867055,0.518553,0.218436,-0.002077,0.585492,-0.810620,0.005236,0.008241
1540581258.050515816,0.528591,0.221799,-0.006777,0.588241,-0.808650,0.004080,0.006444
1540581258.084547790,0.560326,0.239573,-0.008903,0.586344,-0.810026,0.005278,0.005500
1540581258.115803401,0.568028,0.269801,-0.003437,0.584372,-0.811415,0.008722,0.006245
1540581258.149981975,0.553978,0.306090,-0.011599,0.585518,-0.810542,0.012295,0.006225
1540581258.183417461,0.560494,0.294836,-0.012164,0.591648,-0.806062,0.013596,0.005589
1540581258.217289322,0.521923,0.315701,-0.045854,0.593990,-0.804319,0.013443,0.008173
1540581258.252010408,0.529176,0.278354,-0.047910,0.595830,-0.803016,0.009271,0.008139
1540581258.285818369,0.540265,0.263439,-0.034472,0.598005,-0.801416,0.005604,0.009510
1540581258.318050068,0.512994,0.199061,-0.022469,0.602617,-0.797894,0.003538,0.014336
1540581258.352188279,0.520091,0.185651,-0.020144,0.600781,-0.799266,0.001350,0.015276
1540581258.384695466,0.523556,0.176734,-0.019289,0.600655,-0.799336,-0.001533,0.016535
1540581258.420049339,0.526641,0.167094,-0.018450,0.600913,-0.799077,-0.003509,0.019136
1540581258.451937251,0.528184,0.158148,-0.018322,0.600569,-0.799256,-0.007055,0.021376
1540581258.485636162,0.530798,0.148627,-0.017617,0.600178,-0.799471,-0.009817,0.023141
1540581258.518337111,0.533297,0.139532,-0.015948,0.600132,-0.799405,-0.009529,0.026508
1540581258.552750097,0.536042,0.129227,-0.015009,0.599543,-0.799718,-0.011109,0.029602
1540581258.586314383,0.539015,0.119233,-0.014133,0.598974,-0.800017,-0.013826,0.031794
1540581258.619259757,0.542175,0.109625,-0.013052,0.599216,-0.799684,-0.015830,0.034565
1540581258.652426355,0.546012,0.099918,-0.012257,0.598996,-0.799676,-0.020497,0.036080
1540581258.686817842,0.550327,0.089993,-0.011981,0.598441,-0.799880,-0.024890,0.037962
1540581258.719502940,0.546300,0.109264,-0.015024,0.596497,-0.801096,-0.028933,0.039998
1540581258.752517927,0.548783,0.109601,-0.023485,0.597726,-0.800007,-0.030125,0.042482
1540581258.790052313,0.495697,0.119018,-0.026270,0.596313,-0.800906,-0.031570,0.044308
1540581258.820470874,0.473542,0.117006,-0.029584,0.599664,-0.798239,-0.035508,0.044236
1540581258.853761823,0.451277,0.137009,-0.023537,0.597736,-0.799565,-0.040434,0.042092
1540581258.888788809,0.448411,0.141746,0.004744,0.586766,-0.807591,-0.043270,0.040387
1540581258.921476170,0.434303,0.111608,0.006027,0.584404,-0.809416,-0.042059,0.039341
1540581258.955164894,0.445219,0.126857,-0.005025,0.583636,-0.810235,-0.034380,0.041300
1540581258.988544830,0.493836,0.118946,-0.007699,0.586764,-0.808186,-0.031294,0.039544
1540581259.022150329,0.495444,0.128364,-0.006276,0.585459,-0.809189,-0.033199,0.036727
1540581259.056348478,0.502506,0.136032,-0.017681,0.586555,-0.808482,-0.033815,0.034167
1540581259.090086976,0.509399,0.160354,-0.005023,0.588646,-0.806786,-0.040053,0.031449
1540581259.122911500,0.512177,0.163503,-0.002673,0.589126,-0.806222,-0.045575,0.029327
1540581259.156684536,0.516730,0.183148,0.017485,0.585077,-0.809094,-0.049194,0.025145
1540581259.189971660,0.579030,0.156658,0.005660,0.586077,-0.808381,-0.048755,0.025633
1540581259.223364221,0.616917,0.174348,0.000862,0.587643,-0.807230,-0.049306,0.024979
1540581259.257131845,0.602147,0.194439,0.003327,0.587750,-0.806988,-0.052230,0.024353
1540581259.291009069,0.584589,0.192338,0.013749,0.586974,-0.807394,-0.055779,0.021563
1540581259.324472380,0.584791,0.194617,0.019067,0.586912,-0.807277,-0.058619,0.020054
1540581259.358119379,0.607807,0.192586,0.001580,0.589957,-0.804992,-0.058977,0.021453
1540581259.391111402,0.625497,0.161678,0.032309,0.586401,-0.808338,-0.049734,0.015854
1540581259.425849088,0.662600,-0.020291,0.132200,0.581688,-0.811699,-0.050696,0.014645
1540581259.458421212,0.664381,-0.004185,0.140100,0.582854,-0.810699,-0.052558,0.016925
1540581259.492158761,0.667247,-0.022654,0.133641,0.585593,-0.808528,-0.055599,0.016471
1540581259.526938635,0.668827,-0.020447,0.131694,0.585346,-0.808323,-0.060266,0.018762
1540581259.559134446,0.674819,-0.008925,0.112938,0.586656,-0.806726,-0.067085,0.022941
1540581259.593220632,0.681530,-0.003492,0.099217,0.587271,-0.805907,-0.069775,0.027520
1540581259.626891668,0.685176,-0.001290,0.097359,0.586854,-0.805777,-0.073224,0.031043
1540581259.660498442,0.686366,0.002486,0.087465,0.587432,-0.805131,-0.073652,0.035545
1540581259.695215703,0.691499,0.008257,0.094056,0.585943,-0.805988,-0.073763,0.040159
1540581259.728629264,0.690519,0.020904,0.109613,0.583938,-0.807318,-0.073649,0.042767
1540581259.761654038,0.694864,0.049080,0.118929,0.583465,-0.807528,-0.073927,0.044740
1540581259.796070299,0.692252,0.069240,0.123910,0.581500,-0.808658,-0.075390,0.047395
1540581259.827984761,0.721512,0.166449,0.085812,0.583410,-0.806686,-0.078545,0.052165
1540581259.862872934,0.690884,0.264477,-0.011073,0.593629,-0.798697,-0.081890,0.054609
1540581259.895098171,0.676128,0.238264,0.014743,0.590326,-0.800819,-0.085760,0.053378
1540581259.929488432,0.699745,0.222962,0.001876,0.590883,-0.800169,-0.087419,0.054270
1540581259.962316031,0.705752,0.236205,0.007629,0.587083,-0.803179,-0.085408,0.054245
1540581259.996618592,0.715205,0.223651,-0.008208,0.590161,-0.800846,-0.085319,0.055460
1540581260.030079028,0.734775,0.200091,-0.018621,0.592785,-0.798740,-0.088756,0.052382
1540581260.063698752,0.745509,0.199986,-0.028018,0.594262,-0.797746,-0.087384,0.053075
1540581260.096839338,0.726374,0.242637,0.001581,0.589487,-0.801503,-0.086228,0.051604
1540581260.130866449,0.701147,0.270189,0.040052,0.582212,-0.804924,-0.097894,0.059529
1540581260.165610098,0.697416,0.292272,-0.011154,0.588254,-0.800796,-0.095616,0.059496
1540581260.198530884,0.702250,0.302838,-0.039041,0.593176,-0.797817,-0.090606,0.058492
1540581260.232094820,0.676322,0.237546,-0.081412,0.601632,-0.791383,-0.090078,0.060304
1540581260.265463581,0.659389,0.261867,-0.057762,0.598742,-0.793557,-0.091552,0.058258
1540581260.299453180,0.575809,0.242098,-0.034208,0.596598,-0.795726,-0.088547,0.055221
1540581260.331927654,0.564783,0.274636,-0.028553,0.595212,-0.796793,-0.087488,0.056469
1540581260.366010453,0.564565,0.288045,-0.029797,0.595125,-0.796837,-0.086983,0.057548
1540581260.399301526,0.564180,0.301717,-0.030585,0.595453,-0.796752,-0.084634,0.058820
1540581260.433573000,0.567347,0.308473,-0.031109,0.595057,-0.796961,-0.083383,0.061703
1540581260.466986124,0.572007,0.317066,-0.021325,0.593801,-0.797884,-0.083077,0.062280
1540581260.503395085,0.577353,0.327181,-0.016289,0.592486,-0.798770,-0.082361,0.064371
1540581260.568749520,0.594650,0.354454,-0.007043,0.589791,-0.800526,-0.084844,0.064083
1540581260.602189581,0.600689,0.369611,-0.005980,0.589383,-0.801017,-0.084337,0.062340
1540581260.634963780,0.597065,0.383492,-0.007664,0.589412,-0.800738,-0.086968,0.062031
1540581260.686686215,0.576163,0.393769,-0.011936,0.589672,-0.800193,-0.092317,0.058781
1540581260.718504527,0.592156,0.413044,-0.011765,0.590347,-0.800339,-0.088823,0.055292
1540581260.751978263,0.659866,0.477928,-0.012023,0.590418,-0.800870,-0.086436,0.050427
1540581260.784745562,0.726556,0.519995,-0.013906,0.590133,-0.800365,-0.092689,0.050666
1540581260.818128123,0.741386,0.544366,-0.015843,0.590199,-0.800620,-0.091544,0.047892
1540581260.851560134,0.773075,0.582252,-0.010036,0.589681,-0.801291,-0.089675,0.046565
1540581260.885288570,0.806170,0.615467,0.002205,0.589063,-0.802078,-0.086372,0.047077
1540581260.918172732,0.843586,0.659100,0.017558,0.587988,-0.803826,-0.078160,0.044996
1540581260.951880068,0.942106,0.777869,0.043649,0.586283,-0.805699,-0.072218,0.043664
1540581260.985176504,0.956348,0.820755,0.032930,0.586591,-0.804326,-0.079839,0.050947
1540581261.018727865,0.962785,0.866249,0.031508,0.586733,-0.804916,-0.074869,0.047423
1540581261.051136514,0.975059,0.894301,0.035820,0.586766,-0.805269,-0.072480,0.044645
1540581261.085145513,1.015980,0.978033,0.092828,0.585335,-0.808140,-0.057006,0.032287
1540581261.118053411,1.135030,1.073215,0.116923,0.583643,-0.808968,-0.060267,0.036052
1540581261.151104335,1.168830,1.125136,0.116105,0.584286,-0.807350,-0.069303,0.044638
1540581261.184888246,1.184425,1.150078,0.115021,0.581333,-0.809464,-0.070761,0.042583
1540581261.219740520,1.195463,1.223527,0.110381,0.581720,-0.809316,-0.068429,0.043888
1540581261.252241519,1.200762,1.250830,0.116909,0.581553,-0.809581,-0.066316,0.044460
1540581261.285128868,1.212259,1.271374,0.123969,0.580846,-0.810131,-0.065273,0.045210
1540581261.318596454,1.218403,1.290662,0.124838,0.580692,-0.810060,-0.066902,0.046091
1540581261.353624102,1.228132,1.324072,0.123434,0.580257,-0.809702,-0.074190,0.046706
1540581261.384814439,1.246738,1.402614,0.117229,0.579891,-0.809231,-0.081756,0.046778
1540581261.418399162,1.264398,1.449157,0.119515,0.579536,-0.809091,-0.084605,0.048495
1540581261.451534074,1.263835,1.559796,0.119684,0.578271,-0.810060,-0.082629,0.050776
1540581261.485590847,1.277440,1.625573,0.122653,0.576290,-0.811544,-0.079640,0.054260
1540581261.518382296,1.282715,1.667607,0.127653,0.574900,-0.812695,-0.076028,0.056898
1540581261.552533220,1.289637,1.698821,0.131307,0.574859,-0.812502,-0.076380,0.059528
1540581261.585664981,1.303814,1.717182,0.131213,0.574239,-0.812326,-0.081313,0.061349
1540581261.618576692,1.324427,1.736826,0.133497,0.573558,-0.812177,-0.086812,0.062156
1540581261.652222716,1.323610,1.758191,0.126711,0.574332,-0.810781,-0.093294,0.063828
1540581261.686548540,1.300490,1.784001,0.111936,0.574881,-0.809695,-0.098775,0.064417
1540581261.718208526,1.345874,1.805114,0.122630,0.573868,-0.809993,-0.101153,0.065985
1540581261.751333700,1.370697,1.837708,0.136858,0.573100,-0.810450,-0.099394,0.069624
1540581261.786187586,1.389583,1.864628,0.142730,0.573619,-0.809683,-0.099595,0.073860
1540581261.818433272,1.412815,1.882649,0.140661,0.572877,-0.809623,-0.101857,0.077118
1540581261.851879196,1.428728,1.899799,0.121709,0.574026,-0.808164,-0.103733,0.081270
1540581261.885873332,1.451483,1.889803,0.121479,0.574132,-0.807034,-0.109769,0.083777
1540581261.918402718,1.473046,1.751817,0.132737,0.573793,-0.806257,-0.115356,0.086045
1540581261.952399442,1.448705,1.624383,0.145784,0.573569,-0.805956,-0.115938,0.089508
1540581261.985210878,1.443079,1.517126,0.160160,0.572523,-0.806061,-0.119182,0.090993
1540581262.018715827,1.443748,1.532943,0.161896,0.572727,-0.805231,-0.122423,0.092734
1540581262.051951501,1.441924,1.547901,0.163657,0.571995,-0.805120,-0.123915,0.096170
1540581262.085972674,1.424187,1.508658,0.165514,0.571566,-0.804586,-0.128124,0.097666
1540581262.118881398,1.428552,1.371402,0.173444,0.571094,-0.804280,-0.130791,0.099392
1540581262.152111059,1.408145,1.345427,0.181191,0.570220,-0.804755,-0.130442,0.101011
1540581262.185575371,1.390070,1.289268,0.180183,0.569878,-0.804502,-0.132336,0.102484
1540581262.218793444,1.395484,1.319585,0.179471,0.569962,-0.804136,-0.133189,0.103775
1540581262.252364468,1.395774,1.366335,0.180689,0.569156,-0.804706,-0.132400,0.104782
1540581262.286791429,1.401405,1.410632,0.181414,0.568922,-0.804711,-0.132841,0.105461
1540581262.318795441,1.401487,1.435727,0.174469,0.569285,-0.803790,-0.136960,0.105253
1540581262.351892589,1.441620,1.481871,0.193739,0.570816,-0.802399,-0.141286,0.101798
1540581262.385754776,1.443257,1.519579,0.189243,0.570637,-0.802048,-0.144577,0.100946
1540581262.418662962,1.432304,1.558472,0.182599,0.570393,-0.801803,-0.148098,0.099148
1540581262.452589411,1.421055,1.612087,0.181324,0.570029,-0.802036,-0.149128,0.097803
1540581262.486496684,1.419313,1.698029,0.188135,0.569746,-0.802810,-0.146379,0.097254
1540581262.521244695,1.407864,1.733127,0.195692,0.569981,-0.803355,-0.144066,0.094801
1540581262.552732169,1.385642,1.732053,0.226977,0.567830,-0.805401,-0.143879,0.090540
1540581262.587234593,1.370982,1.742294,0.222233,0.567896,-0.805560,-0.143448,0.089384
1540581262.621894104,1.366218,1.725268,0.208639,0.568132,-0.805732,-0.141317,0.089732
1540581262.656283853,1.359098,1.740879,0.200030,0.568394,-0.806411,-0.137181,0.088376
1540581262.687680314,1.327487,1.512094,0.166517,0.568606,-0.806443,-0.133768,0.091888
1540581262.721271025,1.297052,1.597592,0.151263,0.572956,-0.803653,-0.131541,0.092524
1540581262.754825599,1.290175,1.660245,0.148673,0.572891,-0.804209,-0.129263,0.091296
1540581262.787834823,1.292050,1.685901,0.148293,0.572554,-0.805214,-0.125749,0.089437
1540581262.822031121,1.311359,1.703732,0.150881,0.572925,-0.805625,-0.121792,0.088835
1540581262.852997508,1.318166,1.747136,0.148813,0.573850,-0.805309,-0.120250,0.087831
1540581262.888000594,1.316737,1.793379,0.143854,0.574556,-0.804922,-0.120510,0.086395
1540581262.920181630,1.334812,1.791017,0.148586,0.575070,-0.804870,-0.119645,0.084633
1540581262.954095841,1.340059,1.804617,0.148916,0.575562,-0.804946,-0.117352,0.083783
1540581262.991370465,1.353355,1.814706,0.154912,0.575478,-0.805363,-0.115591,0.082791
1540581263.022595864,1.356088,1.830190,0.155754,0.575863,-0.805545,-0.113671,0.080983
1540581263.055553913,1.358424,1.852658,0.155468,0.576463,-0.805355,-0.112425,0.080334
1540581263.088242899,1.364553,1.869931,0.155606,0.576592,-0.805436,-0.111533,0.079844
1540581263.120736323,1.371799,1.883513,0.153852,0.577005,-0.805305,-0.111264,0.078541
1540581263.154571721,1.372877,1.904586,0.156398,0.578210,-0.804556,-0.114927,0.071795
1540581263.187860895,1.374726,1.982235,0.150685,0.578633,-0.804114,-0.117545,0.069051
1540581263.221321056,1.372678,2.020765,0.147839,0.578293,-0.804221,-0.118791,0.068521
1540581263.255468142,1.372646,2.058602,0.145861,0.578293,-0.804365,-0.117959,0.068268
1540581263.289530666,1.372789,2.098782,0.145987,0.578110,-0.804659,-0.116373,0.069069
1540581263.322260277,1.376574,2.157567,0.141306,0.578324,-0.804379,-0.116710,0.069956
1540581263.357876063,1.384180,2.191626,0.145251,0.577248,-0.805232,-0.115559,0.070938
1540581263.389974312,1.385299,2.209279,0.145798,0.575084,-0.807072,-0.109472,0.076996
1540581263.423125961,1.390844,2.271384,0.147230,0.573482,-0.808335,-0.108021,0.077742
1540581263.457439522,1.389795,2.325847,0.148190,0.573079,-0.808726,-0.106354,0.078940
1540581263.490474258,1.385675,2.303166,0.146915,0.572928,-0.808570,-0.107332,0.080300
1540581263.525175782,1.380002,2.266273,0.144059,0.572893,-0.807725,-0.113550,0.080498
1540581263.557910968,1.375291,2.327299,0.142031,0.572664,-0.807151,-0.118903,0.080163
1540581263.591725467,1.372039,2.454814,0.139806,0.572861,-0.806788,-0.119505,0.081495
1540581263.626076691,1.366070,2.518439,0.141934,0.572495,-0.807277,-0.116284,0.083856
1540581263.659371827,1.376377,2.544943,0.141615,0.572392,-0.807643,-0.112591,0.086048
1540581263.692912688,1.374827,2.514917,0.137798,0.571869,-0.808197,-0.109413,0.088382
1540581263.725992049,1.370582,2.430860,0.140959,0.574165,-0.806098,-0.112307,0.089040
1540581263.760040411,1.365353,2.159870,0.142562,0.575658,-0.804358,-0.117029,0.089053
1540581263.794315109,1.359502,2.232148,0.140016,0.576820,-0.803080,-0.119730,0.089475
1540581263.827517221,1.359036,2.292285,0.137646,0.577374,-0.802442,-0.120957,0.089976
1540581263.859954869,1.362292,2.387397,0.135600,0.578195,-0.801840,-0.119869,0.091513
1540581263.894701405,1.359701,2.367924,0.134492,0.577983,-0.801977,-0.118114,0.093902
1540581263.928316317,1.356612,2.323551,0.134257,0.578584,-0.801478,-0.118169,0.094385
1540581263.960398515,1.352715,2.324532,0.134181,0.578976,-0.800823,-0.120342,0.094797
1540581263.994698464,1.346652,2.328258,0.134190,0.579821,-0.799815,-0.122609,0.095243
1540581264.027953788,1.348799,2.362143,0.131308,0.580056,-0.798764,-0.127352,0.096400
1540581264.061996599,1.334980,2.419701,0.126696,0.580779,-0.797974,-0.129428,0.095819
1540581264.095225698,1.328118,2.435314,0.125825,0.580495,-0.798223,-0.128659,0.096502
1540581264.129484084,1.319227,2.495425,0.127120,0.580034,-0.798740,-0.127503,0.096531
1540581264.162449833,1.307025,2.546685,0.126840,0.580138,-0.799154,-0.125091,0.095629
1540581264.195671169,1.288926,2.632613,0.124868,0.579362,-0.800214,-0.121402,0.096226
1540581264.230550268,1.267212,2.731783,0.123562,0.577840,-0.801885,-0.117616,0.096164
1540581264.263747254,1.243385,2.753474,0.124384,0.577106,-0.803307,-0.112988,0.094235
1540581264.297503640,1.229602,2.893164,0.127272,0.578991,-0.801938,-0.109163,0.098732
1540581264.331069001,1.207737,3.028667,0.125086,0.578288,-0.802610,-0.107649,0.099054
1540581264.364372775,1.197084,3.075435,0.124810,0.578053,-0.802852,-0.108583,0.097435
1540581264.399346611,1.184197,3.113817,0.122019,0.579002,-0.802348,-0.107736,0.096894
1540581264.431937160,1.185540,3.154968,0.119910,0.578383,-0.802811,-0.107082,0.097472
1540581264.465397234,1.186586,3.177562,0.118038,0.578321,-0.802973,-0.106166,0.097508
1540581264.499237895,1.146093,3.346858,0.108273,0.576488,-0.804026,-0.106202,0.099625
1540581264.532354519,1.119242,3.466623,0.106444,0.576861,-0.803772,-0.106904,0.098762
1540581264.566033930,1.131034,3.428136,0.109545,0.576894,-0.803883,-0.106582,0.098007
1540581264.599722529,1.144104,3.365657,0.112555,0.576171,-0.804940,-0.102800,0.097623
1540581264.632539765,1.173963,3.256942,0.117871,0.576456,-0.805351,-0.098119,0.097371
1540581264.666970189,1.163123,3.332601,0.108412,0.571250,-0.809165,-0.094453,0.100024
1540581264.700321550,1.149298,3.405644,0.103632,0.571730,-0.809034,-0.094343,0.098429
1540581264.734460373,1.134268,3.495530,0.097356,0.573095,-0.808252,-0.094761,0.096492
1540581264.767501185,1.118469,3.594575,0.086394,0.574297,-0.807560,-0.095505,0.094390
1540581264.802525158,1.122503,3.592563,0.083703,0.575299,-0.807065,-0.095544,0.092456
1540581264.835399032,1.106473,3.628192,0.082990,0.575915,-0.807122,-0.092366,0.091353
1540581264.868720843,1.109359,3.645472,0.084272,0.576717,-0.807108,-0.087291,0.091402
1540581264.901964080,1.150421,3.605500,0.080469,0.572913,-0.810147,-0.084127,0.091407
1540581264.935598478,1.166192,3.577347,0.083147,0.572971,-0.810659,-0.077415,0.092431
1540581264.971162639,1.164663,3.637675,0.076109,0.573528,-0.810393,-0.077592,0.091148
1540581265.006501688,1.147528,3.657209,0.075800,0.578893,-0.806285,-0.088324,0.083585
1540581265.038219874,1.130046,3.717681,0.069064,0.579652,-0.804831,-0.098581,0.080826
1540581265.069580386,1.109797,3.778763,0.059370,0.579713,-0.803737,-0.109519,0.077099
1540581265.103461959,1.095623,3.857832,0.057629,0.579298,-0.803101,-0.117878,0.074488
1540581265.136826508,1.099852,3.892940,0.058109,0.578333,-0.803176,-0.121867,0.074751
1540581265.172940094,1.103859,3.930936,0.062322,0.577713,-0.803481,-0.121678,0.076554
1540581265.204812356,1.104048,3.967524,0.073408,0.577004,-0.804033,-0.120737,0.077583
1540581265.237979879,1.104192,4.021979,0.077078,0.576514,-0.804490,-0.118870,0.079355
1540581265.271927040,1.091517,4.078331,0.075979,0.576024,-0.804902,-0.117149,0.081279
1540581265.321533989,1.099737,4.042717,0.078716,0.581325,-0.800617,-0.119458,0.082480
1540581265.354038112,1.116045,3.968911,0.078681,0.583472,-0.798398,-0.122151,0.084852
1540581265.387755061,1.108669,3.974306,0.080167,0.582840,-0.798894,-0.121311,0.085730
1540581265.421230672,1.103176,3.988198,0.083035,0.583031,-0.799213,-0.116202,0.088489
1540581265.454156584,1.100085,3.992207,0.083227,0.582197,-0.800134,-0.111473,0.091689
1540581265.487562295,1.095004,4.024481,0.083182,0.580879,-0.801114,-0.109490,0.093851
1540581265.521914693,1.090711,4.011136,0.079433,0.581583,-0.800198,-0.110746,0.095809
1540581265.555034017,1.091469,3.983941,0.079946,0.582303,-0.798838,-0.115235,0.097483
1540581265.587853566,1.087091,3.917181,0.078333,0.582057,-0.798339,-0.118711,0.098853
1540581265.621341515,1.071020,3.846324,0.083096,0.582097,-0.798176,-0.118234,0.100493
1540581265.655205013,1.080831,3.896397,0.086911,0.584247,-0.795279,-0.122625,0.105596
1540581265.687671887,1.075554,4.020969,0.084143,0.581479,-0.796094,-0.126354,0.110236
1540581265.721318311,1.065344,4.010745,0.084921,0.581300,-0.795544,-0.128148,0.113039
1540581265.755370835,1.055801,4.016258,0.088567,0.581776,-0.794428,-0.130891,0.115277
1540581265.788720321,1.040141,3.998150,0.087981,0.582684,-0.793006,-0.134803,0.115970
1540581265.820950082,1.028137,4.002699,0.087052,0.582631,-0.792256,-0.138443,0.117073
1540581265.854354743,1.016942,4.022024,0.087396,0.582579,-0.791739,-0.140399,0.118485
1540581265.888327904,1.020009,3.984296,0.095835,0.584159,-0.790017,-0.142109,0.120154
1540581265.921736691,1.012104,4.021591,0.101175,0.583225,-0.790693,-0.140981,0.121562
1540581265.954661914,0.998709,4.046414,0.102669,0.582361,-0.791634,-0.138711,0.122189
1540581265.987350213,0.981224,4.085414,0.101180,0.581510,-0.792407,-0.138098,0.121923
1540581266.021527712,0.962945,4.124859,0.099708,0.580898,-0.792732,-0.139761,0.120834
1540581266.054720561,0.932707,4.159354,0.099646,0.580772,-0.792788,-0.142458,0.117885
1540581266.087467597,0.915230,4.200566,0.098049,0.581395,-0.792032,-0.145252,0.116478
1540581266.122745621,0.896528,4.254709,0.095820,0.581570,-0.791798,-0.147075,0.114894
1540581266.154626532,0.878439,4.306187,0.094116,0.582083,-0.791977,-0.144568,0.114242
1540581266.188008168,0.865860,4.341926,0.091170,0.582168,-0.792875,-0.139565,0.113802
1540581266.221342729,0.852892,4.382555,0.087120,0.582046,-0.793400,-0.138785,0.111704
1540581266.255582290,0.843439,4.409032,0.086384,0.581943,-0.793108,-0.143369,0.108478
1540581266.287968114,0.833608,4.445902,0.084013,0.583024,-0.791938,-0.147280,0.105956
1540581266.322141775,0.814276,4.481068,0.078297,0.582630,-0.792994,-0.144646,0.103830
1540581266.357095312,0.835711,4.431481,0.077049,0.582594,-0.794483,-0.137229,0.102709
1540581266.388397610,0.844226,4.408249,0.078199,0.582683,-0.795483,-0.131725,0.101667
1540581266.421687872,0.841086,4.440961,0.077123,0.583172,-0.795396,-0.131281,0.100107
1540581266.454405833,0.841372,4.468211,0.076003,0.583637,-0.794949,-0.133453,0.098047
1540581266.487694832,0.881949,4.358617,0.075407,0.584622,-0.794728,-0.131886,0.096073
1540581266.521478293,0.886337,4.367413,0.073069,0.585127,-0.794884,-0.128773,0.095930
1540581266.554288192,0.896423,4.318415,0.076871,0.585575,-0.795661,-0.122753,0.094641
1540581266.587810628,0.902677,4.304255,0.076947,0.586136,-0.796222,-0.116534,0.094318
1540581266.621238576,0.923007,4.280249,0.072567,0.585648,-0.797203,-0.110600,0.096186
1540581266.654989425,0.921589,4.296150,0.072041,0.586101,-0.797673,-0.105240,0.095545
1540581266.689451199,0.921591,4.313867,0.070125,0.586592,-0.798000,-0.100548,0.094844
1540581266.721721060,0.917387,4.356012,0.066273,0.586834,-0.798051,-0.098933,0.094618
1540581266.755048159,0.913096,4.391841,0.064310,0.586834,-0.797977,-0.100428,0.093659
1540581266.788198258,0.900369,4.468107,0.058688,0.587215,-0.797364,-0.103606,0.093031
1540581266.821565606,0.885655,4.536889,0.054630,0.587021,-0.797577,-0.103585,0.092456
1540581266.855113243,0.875887,4.590023,0.054368,0.586063,-0.798289,-0.103511,0.092470
1540581266.888281341,0.874686,4.606028,0.056442,0.585460,-0.798848,-0.102369,0.092734
1540581266.922029865,0.869611,4.627274,0.058998,0.584874,-0.799485,-0.100351,0.093147
1540581266.955028976,0.863954,4.700763,0.053985,0.584428,-0.799364,-0.102819,0.094286
1540581266.988435075,0.861869,4.729140,0.052374,0.584319,-0.799182,-0.105896,0.093091
1540581267.021968311,0.861118,4.765619,0.048255,0.584976,-0.798079,-0.110971,0.092510
1540581267.055830885,0.859284,4.789630,0.042072,0.585176,-0.797223,-0.116838,0.091398
1540581267.089361459,0.850081,4.824665,0.041050,0.585636,-0.796415,-0.121140,0.089885
1540581267.122068282,0.835454,4.888334,0.040971,0.585748,-0.796219,-0.121934,0.089810
1540581267.156019331,0.829299,4.919659,0.044398,0.585376,-0.796816,-0.119314,0.090458
1540581267.188077255,0.824424,4.932451,0.047524,0.585632,-0.797186,-0.114565,0.091674
1540581267.221598566,0.823086,4.931030,0.051738,0.585344,-0.797602,-0.112502,0.092448
1540581267.255323302,0.834321,4.861432,0.056387,0.584998,-0.797775,-0.113520,0.091902
1540581267.288750939,0.831128,4.849817,0.057752,0.586062,-0.796597,-0.116929,0.091059
1540581267.322539237,0.810007,4.908284,0.056058,0.586749,-0.795579,-0.120800,0.090480
1540581267.355780561,0.806485,5.026350,0.045512,0.586982,-0.794427,-0.126986,0.090619
1540581267.390361772,0.800540,5.038777,0.045211,0.587585,-0.793566,-0.128922,0.091519
1540581267.426285158,0.804844,4.949242,0.049204,0.588792,-0.792565,-0.129521,0.091588
1540581267.457442070,0.790522,4.948213,0.051071,0.589178,-0.792248,-0.130033,0.091127
1540581267.490455631,0.780340,4.964659,0.049813,0.589426,-0.791630,-0.133962,0.089180
1540581267.524702667,0.770966,4.968678,0.049104,0.590424,-0.790365,-0.137375,0.088602
1540581267.559428816,0.762582,4.964804,0.046754,0.590753,-0.789775,-0.139677,0.088072
1540581267.591151627,0.749252,4.972076,0.046968,0.590062,-0.790234,-0.140867,0.086678
1540581267.625449151,0.734067,4.983935,0.047542,0.589944,-0.790395,-0.141335,0.085244
1540581267.660343374,0.715536,5.004026,0.049999,0.589093,-0.791364,-0.140086,0.084197
1540581267.690444698,0.690182,5.074908,0.054593,0.588888,-0.791815,-0.138114,0.084644
1540581267.723567872,0.671342,5.102998,0.057060,0.587741,-0.793602,-0.133504,0.083263
1540581267.757720458,0.650609,5.148234,0.060414,0.586351,-0.795456,-0.128712,0.082923
1540581267.791048144,0.628280,5.205839,0.062810,0.585751,-0.796724,-0.123941,0.082253
1540581267.824493056,0.611676,5.246280,0.064003,0.585602,-0.797901,-0.116777,0.082389
1540581267.858879654,0.598918,5.289530,0.061673,0.586015,-0.798510,-0.109440,0.083612
1540581267.891946903,0.590645,5.320932,0.055615,0.585697,-0.799465,-0.104045,0.083598
1540581267.927106327,0.592290,5.333312,0.048667,0.585658,-0.799296,-0.105970,0.083076
1540581267.959934775,0.592607,5.333222,0.046895,0.585717,-0.798430,-0.112671,0.082166
1540581267.992744599,0.589607,5.326182,0.047785,0.586109,-0.797760,-0.116321,0.080775
1540581268.026384873,0.595050,5.311160,0.046561,0.586053,-0.798251,-0.112732,0.081415
1540581268.061615159,0.571604,5.350926,0.050912,0.586122,-0.799499,-0.101866,0.082979
1540581268.093308620,0.574600,5.350373,0.049064,0.586016,-0.800068,-0.094111,0.087297
1540581268.127645894,0.565267,5.380584,0.046041,0.586446,-0.800037,-0.090570,0.088428
1540581268.160633693,0.563742,5.368866,0.046017,0.587054,-0.799526,-0.091206,0.088361
1540581268.194601504,0.555988,5.407442,0.044108,0.587952,-0.798301,-0.096620,0.087705
1540581268.227869528,0.557612,5.400332,0.042888,0.588827,-0.797615,-0.096086,0.088662
1540581268.261565039,0.561699,5.395135,0.042507,0.589351,-0.797508,-0.091205,0.091259
1540581268.295596613,0.570334,5.388470,0.040829,0.589517,-0.797789,-0.084546,0.094097
1540581268.329128011,0.568861,5.407788,0.042600,0.588974,-0.798621,-0.074111,0.099102
1540581268.362845610,0.569051,5.434610,0.040734,0.588368,-0.799571,-0.062735,0.102827
1540581268.395900271,0.562362,5.475236,0.038548,0.587621,-0.800157,-0.058957,0.104758
1540581268.429331845,0.550709,5.549394,0.038871,0.587171,-0.800050,-0.062566,0.106003
1540581268.464422231,0.547390,5.606672,0.036440,0.586630,-0.799877,-0.070988,0.104991
1540581268.496905455,0.549324,5.628182,0.036397,0.586009,-0.799993,-0.076958,0.103358
1540581268.530565516,0.550940,5.656976,0.037806,0.585325,-0.800211,-0.078043,0.104721
1540581268.564924315,0.552306,5.692318,0.036780,0.584851,-0.800349,-0.079337,0.105337
1540581268.598429301,0.546898,5.728461,0.036243,0.584237,-0.800535,-0.084379,0.103398
1540581268.631068137,0.536156,5.759971,0.035865,0.584976,-0.799442,-0.092365,0.100822
1540581268.664869811,0.522748,5.775484,0.036902,0.586447,-0.797750,-0.101874,0.096420
1540581268.699330372,0.510737,5.792088,0.037493,0.587672,-0.796311,-0.109441,0.092478
1540581268.731965758,0.503419,5.811549,0.038121,0.588242,-0.795270,-0.116169,0.089562
1540581268.766267257,0.507571,5.832353,0.030912,0.588907,-0.793928,-0.123723,0.086940
1540581268.800474281,0.506624,5.852680,0.029638,0.589451,-0.793154,-0.127155,0.085355
1540581268.832621355,0.505333,5.873106,0.031311,0.589469,-0.793297,-0.126459,0.084932
1540581268.866290653,0.508480,5.886055,0.030843,0.589526,-0.793666,-0.123065,0.086064
1540581268.899688452,0.506720,5.899446,0.030450,0.589593,-0.793717,-0.122106,0.086507
1540581268.933855813,0.517889,5.872591,0.021137,0.590394,-0.791515,-0.129938,0.089746
1540581268.966941087,0.509686,5.855489,0.020457,0.590648,-0.790123,-0.137144,0.089623
1540581269.000661286,0.497393,5.882403,0.018401,0.591307,-0.788428,-0.143832,0.089718
1540581269.034218322,0.470200,5.949978,0.017081,0.591371,-0.787531,-0.147890,0.090573
1540581269.068535008,0.458218,5.959485,0.024327,0.591295,-0.787179,-0.148441,0.093187
1540581269.102454394,0.436709,5.962450,0.031958,0.591364,-0.786860,-0.148250,0.095721
1540581269.135128518,0.422552,5.972095,0.038733,0.591127,-0.786604,-0.148808,0.098389
1540581269.168624067,0.410318,5.988439,0.040836,0.590400,-0.786589,-0.149899,0.101178
1540581269.202118966,0.390233,6.021066,0.044584,0.590480,-0.786317,-0.149769,0.102995
1540581269.236331339,0.359012,6.019308,0.050517,0.591104,-0.786516,-0.145802,0.103591
1540581269.269858913,0.338823,6.053532,0.051567,0.590404,-0.787502,-0.141777,0.105653
1540581269.303206724,0.316565,6.098973,0.052973,0.589520,-0.788751,-0.137011,0.107544
1540581269.336487973,0.310141,6.122532,0.051614,0.588589,-0.789878,-0.133027,0.109358
1540581269.370677134,0.310024,6.133490,0.051231,0.587737,-0.790427,-0.132561,0.110533
1540581269.404539983,0.310024,6.135685,0.050219,0.586469,-0.790826,-0.136113,0.110098
1540581269.437961332,0.302799,6.137866,0.052652,0.586409,-0.790215,-0.140808,0.108894
1540581269.472299043,0.366841,6.016880,0.050710,0.587637,-0.788661,-0.144786,0.108320
1540581269.504786804,0.356952,6.025074,0.050790,0.587726,-0.788536,-0.145433,0.107876
1540581269.538454603,0.341159,6.046205,0.051047,0.587985,-0.788268,-0.145449,0.108402
1540581269.573005039,0.296626,6.117954,0.054080,0.588533,-0.787708,-0.145857,0.108958
1540581269.605792975,0.283311,6.141336,0.052016,0.588515,-0.787699,-0.146163,0.108702
1540581269.639529611,0.275637,6.152410,0.051983,0.588158,-0.787605,-0.148085,0.108719
1540581269.709497246,0.239441,6.201038,0.055671,0.588732,-0.786465,-0.152228,0.108145
1540581269.757410094,0.215432,6.237364,0.056926,0.587660,-0.787959,-0.147537,0.109588
1540581269.808389805,0.182007,6.289608,0.058750,0.588360,-0.787431,-0.146346,0.111209
1540581269.842270354,0.157755,6.334461,0.058268,0.588632,-0.786846,-0.147515,0.112366
1540581269.891744714,0.163343,6.333475,0.053776,0.589341,-0.785754,-0.150175,0.112761
1540581269.959902424,0.184664,6.315293,0.049027,0.590347,-0.784809,-0.148710,0.115979
1540581269.990178685,0.153511,6.366504,0.048969,0.590561,-0.784801,-0.147633,0.116315
1540581270.024848459,0.135845,6.401010,0.050263,0.591229,-0.784265,-0.146086,0.118471
1540581270.057971508,0.122112,6.431906,0.049818,0.591604,-0.783931,-0.145457,0.119579
1540581270.090689457,0.127152,6.432018,0.048559,0.591460,-0.784590,-0.141489,0.120724
1540581270.123631805,0.146970,6.425148,0.046221,0.590487,-0.785839,-0.134861,0.124880
1540581270.157981154,0.152892,6.439457,0.044391,0.589334,-0.786674,-0.132227,0.127850
1540581270.190572628,0.137668,6.471445,0.046242,0.588870,-0.786851,-0.134059,0.126988
1540581270.223630939,0.130820,6.497506,0.050104,0.588061,-0.786662,-0.139347,0.126215
1540581270.257511300,0.125404,6.518184,0.054316,0.587539,-0.786373,-0.143671,0.125598
1540581270.290817387,0.120824,6.541759,0.057774,0.587062,-0.786338,-0.145230,0.126250
1540581270.323789235,0.113599,6.574315,0.058158,0.585909,-0.786754,-0.147462,0.126428
1540581270.357565446,0.108189,6.609645,0.056250,0.584962,-0.786382,-0.153794,0.125580
1540581270.390480283,0.101776,6.634727,0.056030,0.586050,-0.784202,-0.161513,0.124444
1540581270.424329719,0.095159,6.657798,0.055591,0.586767,-0.782477,-0.168172,0.123093
1540581270.457732380,0.089857,6.677807,0.054291,0.586540,-0.782096,-0.171611,0.121847
1540581270.490360579,0.084930,6.695611,0.053374,0.587088,-0.781506,-0.173088,0.120897
1540581270.523886440,0.079893,6.712692,0.053084,0.587887,-0.780820,-0.174435,0.119501
1540581270.557674664,0.074786,6.728712,0.053051,0.588362,-0.780964,-0.173102,0.118157
1540581270.590434888,0.069200,6.744235,0.052855,0.589085,-0.781133,-0.170415,0.117344
1540581270.624076599,0.063431,6.759743,0.051835,0.589322,-0.781403,-0.169577,0.115550
1540581270.657936510,0.058025,6.778385,0.049560,0.589670,-0.781426,-0.169781,0.113301
1540581270.690525396,0.057697,6.799753,0.046094,0.590563,-0.781109,-0.168174,0.113232
1540581270.724750420,0.062330,6.817732,0.042489,0.590580,-0.781801,-0.164519,0.113739
1540581270.759332119,0.076753,6.823075,0.037161,0.590706,-0.782316,-0.160535,0.115224
1540581270.790716717,0.078715,6.830110,0.035766,0.591136,-0.782768,-0.155787,0.116458
1540581270.825589016,0.082264,6.827292,0.033889,0.591609,-0.782607,-0.154682,0.116614
1540581270.857656940,0.076678,6.842813,0.032211,0.592105,-0.781731,-0.158299,0.115105
1540581270.891478389,0.070062,6.858896,0.030626,0.592467,-0.780737,-0.162541,0.114073
1540581270.923981712,0.064796,6.873092,0.029947,0.592681,-0.780186,-0.164268,0.114262
1540581270.958565124,0.057241,6.891656,0.030022,0.592530,-0.780694,-0.162352,0.114315
1540581270.990851347,0.051450,6.907575,0.031370,0.591484,-0.782423,-0.156947,0.115454
1540581271.024594684,0.043745,6.924957,0.034047,0.591147,-0.783440,-0.151663,0.117326
1540581271.057456995,0.050077,6.924665,0.036063,0.590427,-0.784171,-0.150658,0.117361
1540581271.091677743,0.040921,6.941812,0.038101,0.588913,-0.785342,-0.151376,0.116210
1540581271.124769480,0.028406,6.970853,0.034774,0.588450,-0.785626,-0.152056,0.115746
1540581271.157433016,0.023473,6.976855,0.033153,0.586894,-0.786874,-0.151685,0.115652
1540581271.191258427,0.023919,6.979464,0.032641,0.586713,-0.787337,-0.150053,0.115555
1540581271.224046813,0.017657,6.991284,0.031027,0.586748,-0.787673,-0.147748,0.116056
1540581271.259011137,-0.003172,7.023860,0.028903,0.586718,-0.788223,-0.144607,0.116421
1540581271.290816861,-0.010391,7.036960,0.028062,0.586599,-0.788478,-0.143390,0.116806
1540581271.324544310,-0.015880,7.048049,0.026819,0.586901,-0.788001,-0.144873,0.116675
1540581271.357416396,-0.023498,7.064717,0.026277,0.586296,-0.788198,-0.146579,0.116253
1540581271.391461045,-0.017758,7.072821,0.028272,0.585779,-0.788824,-0.144804,0.116844
1540581271.424143256,-0.021547,7.085625,0.028217,0.585725,-0.789501,-0.139941,0.118448
1540581271.457683479,-0.021954,7.091602,0.028078,0.585427,-0.790238,-0.135299,0.120391
1540581271.491595228,-0.031265,7.111700,0.028019,0.585256,-0.790267,-0.134736,0.121654
1540581271.524881752,-0.009200,7.092018,0.030580,0.585804,-0.789364,-0.137601,0.121672
1540581271.557588088,-0.014174,7.095699,0.030000,0.587042,-0.787342,-0.144037,0.121361
1540581271.590978912,-0.008841,7.101640,0.025851,0.588125,-0.784575,-0.153401,0.122550
1540581271.624800423,-0.010118,7.104663,0.023852,0.589005,-0.783034,-0.157663,0.122769
1540581271.657953584,-0.013365,7.113581,0.026237,0.589532,-0.782118,-0.160039,0.123005
1540581271.691810083,-0.017043,7.130322,0.028079,0.591485,-0.780475,-0.159157,0.125192
1540581271.726030457,-0.019993,7.150082,0.029990,0.591513,-0.781096,-0.152559,0.129330
1540581271.759629118,-0.024695,7.168701,0.030076,0.590340,-0.782942,-0.143363,0.133967
1540581271.796636679,-0.029714,7.196962,0.030834,0.589247,-0.784269,-0.136528,0.138095
1540581271.829634503,-0.015295,7.211747,0.037336,0.588448,-0.784233,-0.136885,0.141315
1540581271.859261439,-0.024509,7.222926,0.039698,0.587503,-0.784326,-0.140376,0.141308
1540581271.892461238,-0.031445,7.241984,0.042614,0.585914,-0.784321,-0.146856,0.141347
1540581271.926944849,-0.047211,7.281685,0.047505,0.585131,-0.783720,-0.152602,0.141835
1540581271.960528010,-0.066232,7.325906,0.050988,0.583698,-0.783807,-0.157569,0.141829
1540581271.993980447,-0.066108,7.342209,0.054800,0.581940,-0.784450,-0.160246,0.142500
1540581272.026411758,-0.063560,7.340103,0.062243,0.581188,-0.784768,-0.160184,0.143877
1540581272.060112332,-0.065065,7.356391,0.061054,0.580824,-0.784611,-0.161638,0.144577
1540581272.093749993,-0.066069,7.354489,0.057191,0.580812,-0.783911,-0.165118,0.144485
1540581272.127039291,-0.067578,7.371455,0.054040,0.580918,-0.783628,-0.166452,0.144069
1540581272.163275878,-0.076993,7.395771,0.052005,0.580651,-0.783975,-0.165950,0.143831
1540581272.193647951,-0.085785,7.410113,0.049722,0.580661,-0.784247,-0.164533,0.143937
1540581272.226718550,-0.085765,7.388437,0.043264,0.580332,-0.784598,-0.164674,0.143190
1540581272.260832186,-0.087391,7.399600,0.043654,0.580731,-0.784042,-0.166981,0.141943
1540581272.296173910,-0.095391,7.413749,0.038332,0.581250,-0.783070,-0.171399,0.139903
1540581272.327851296,-0.101501,7.415295,0.036821,0.582503,-0.781675,-0.175175,0.137798
1540581272.360313745,-0.105193,7.424760,0.036731,0.583519,-0.780686,-0.176724,0.137124
1540581272.394241006,-0.110971,7.443388,0.036092,0.583777,-0.780620,-0.176806,0.136298
1540581272.427819717,-0.118252,7.465034,0.037016,0.584218,-0.780476,-0.176747,0.135304
1540581272.461452216,-0.122663,7.479529,0.036735,0.584843,-0.779941,-0.177740,0.134381
1540581272.495114352,-0.117336,7.482947,0.039236,0.585443,-0.779357,-0.179201,0.133215
1540581272.528583814,-0.127480,7.507236,0.038779,0.585760,-0.779600,-0.178326,0.131566
1540581272.562473112,-0.136698,7.531338,0.036926,0.586041,-0.780070,-0.175927,0.130755
1540581272.595714311,-0.147891,7.572314,0.034105,0.586910,-0.780000,-0.173959,0.129901
1540581272.629938097,-0.154388,7.593669,0.032753,0.587129,-0.780467,-0.172961,0.127415
1540581272.662918946,-0.151381,7.589722,0.033779,0.587295,-0.780796,-0.172545,0.125183
1540581272.697349807,-0.156424,7.600786,0.032247,0.587789,-0.780642,-0.173286,0.122777
1540581272.730616568,-0.163249,7.619175,0.031268,0.587400,-0.781275,-0.174504,0.118822
1540581272.764309480,-0.168942,7.629902,0.031530,0.587073,-0.782053,-0.174790,0.114835
1540581272.797903766,-0.170351,7.629366,0.030970,0.587428,-0.781870,-0.176425,0.111720
1540581272.830552915,-0.181259,7.664761,0.028491,0.587057,-0.782290,-0.178486,0.107371
1540581272.864900376,-0.194222,7.696312,0.027801,0.584994,-0.785022,-0.175127,0.104183
1540581272.898438450,-0.195548,7.740612,0.028858,0.585245,-0.786313,-0.168673,0.103684
1540581272.932003786,-0.204947,7.764542,0.028660,0.585037,-0.788126,-0.161420,0.102630
1540581272.966074859,-0.219261,7.796697,0.025511,0.584124,-0.789842,-0.157003,0.101479
1540581272.999787771,-0.228406,7.820295,0.021591,0.582836,-0.791686,-0.152910,0.100765
1540581273.032539294,-0.231308,7.837033,0.021177,0.582501,-0.792595,-0.149100,0.101267
1540581273.066726831,-0.229309,7.841963,0.019749,0.581553,-0.794081,-0.143418,0.103259
1540581273.101751217,-0.229829,7.848597,0.020408,0.580400,-0.795583,-0.138572,0.104794
1540581273.133359853,-0.233248,7.859275,0.020551,0.580274,-0.795518,-0.138096,0.106596
1540581273.167243452,-0.237366,7.851180,0.019602,0.579985,-0.795239,-0.139273,0.108699
1540581273.200482038,-0.231056,7.848940,0.019654,0.579839,-0.794983,-0.140455,0.109820
1540581273.234522862,-0.234224,7.858549,0.020167,0.580249,-0.794316,-0.140874,0.111926
1540581273.268493860,-0.231073,7.846960,0.020245,0.580680,-0.793124,-0.143705,0.114514
1540581273.301566484,-0.225010,7.830558,0.021112,0.580620,-0.792294,-0.147348,0.115925
1540581273.335210720,-0.223937,7.821497,0.022100,0.581181,-0.791539,-0.147386,0.118200
1540581273.369680744,-0.232013,7.855954,0.023710,0.581513,-0.791048,-0.144984,0.122744
1540581273.401966155,-0.221439,7.844334,0.027699,0.581598,-0.790653,-0.144133,0.125849
1540581273.436559754,-0.227640,7.859715,0.030078,0.581608,-0.790499,-0.142786,0.128278
1540581273.469787103,-0.236460,7.873255,0.031236,0.581651,-0.790592,-0.138604,0.132040
1540581273.504932564,-0.239050,7.900112,0.034402,0.581009,-0.791434,-0.132149,0.136371
1540581273.536503825,-0.244619,7.920098,0.033619,0.579720,-0.792923,-0.124429,0.140412
1540581273.570289961,-0.251287,7.946866,0.032566,0.577835,-0.794822,-0.116437,0.144246
1540581273.605174010,-0.266680,8.001405,0.033637,0.577310,-0.795104,-0.113681,0.146966
1540581273.638032634,-0.282796,8.023753,0.032678,0.577125,-0.794514,-0.119038,0.146642
1540581273.671049295,-0.274549,7.996765,0.033145,0.576543,-0.793882,-0.127141,0.145548
1540581273.704906281,-0.299765,8.083496,0.053160,0.576537,-0.793370,-0.130512,0.145382
1540581273.740475942,-0.330503,8.209760,0.070729,0.575372,-0.792660,-0.137135,0.147753
1540581273.772313654,-0.329521,8.236855,0.071394,0.574773,-0.791653,-0.147084,0.145907
1540581273.805671890,-0.345397,8.264400,0.077051,0.575456,-0.789724,-0.156329,0.144042
1540581273.840282301,-0.370442,8.296040,0.073120,0.576419,-0.787673,-0.163523,0.143432
1540581273.872978862,-0.405744,8.325791,0.064192,0.576150,-0.786827,-0.169324,0.142421
1540581273.908812773,-0.406437,8.341834,0.068590,0.576094,-0.786040,-0.174350,0.140921
1540581273.941767372,-0.400245,8.346867,0.066022,0.577099,-0.784780,-0.177202,0.140274
1540581274.008759932,-0.401746,8.387407,0.066452,0.576868,-0.784989,-0.177659,0.139473
1540581274.045814568,-0.412358,8.415749,0.068156,0.576952,-0.785549,-0.175077,0.139240
1540581274.110269591,-0.425466,8.437594,0.060201,0.577030,-0.786033,-0.173992,0.137533
1540581274.142132340,-0.425846,8.437245,0.063215,0.576942,-0.786308,-0.173731,0.136655
1540581274.175864438,-0.438480,8.450635,0.061812,0.577637,-0.786343,-0.171629,0.136177
1540581274.208366537,-0.444433,8.460012,0.054243,0.577831,-0.786961,-0.168296,0.135945
1540581274.242216161,-0.436061,8.442753,0.053604,0.577861,-0.787635,-0.165395,0.135473
1540581274.312108058,-0.423978,8.399884,0.045626,0.580019,-0.785505,-0.170533,0.132209
1540581274.344608807,-0.419940,8.432598,0.041619,0.580231,-0.784442,-0.174699,0.132148
1540581274.414156642,-0.451151,8.555247,0.039211,0.580899,-0.785336,-0.168382,0.132103
1540581274.481722539,-0.503328,8.654955,0.031129,0.580260,-0.787511,-0.162574,0.129210
1540581274.527605637,-0.526654,8.688813,0.030804,0.579641,-0.788156,-0.165771,0.123877
1540581274.562593711,-0.546002,8.715456,0.033039,0.578874,-0.789209,-0.166481,0.119740
1540581274.593408310,-0.558794,8.739146,0.030905,0.577458,-0.791825,-0.159464,0.118859
1540581274.626986184,-0.600165,8.812779,0.030682,0.576862,-0.794988,-0.144693,0.119534
1540581274.660026882,-0.632960,8.886922,0.020956,0.575877,-0.797663,-0.132846,0.120215
1540581274.692829069,-0.649322,8.940037,0.010384,0.575870,-0.798778,-0.127076,0.119076
1540581274.726535730,-0.658806,8.968756,0.000498,0.575789,-0.798795,-0.129255,0.116994
1540581274.759765616,-0.659562,8.971451,-0.009270,0.576330,-0.797191,-0.139682,0.113223
1540581274.793367527,-0.660025,8.964647,-0.008135,0.577149,-0.794862,-0.152818,0.108347
1540581274.827034676,-0.667541,8.988119,-0.005497,0.577694,-0.793303,-0.160044,0.106423
1540581274.860555387,-0.663450,8.978772,-0.004665,0.577075,-0.793826,-0.159474,0.106738
1540581274.893546473,-0.665055,8.984485,-0.004819,0.576361,-0.795068,-0.155099,0.107789
1540581274.926413885,-0.670802,8.992948,-0.008539,0.576946,-0.795193,-0.150812,0.109800
1540581274.960431296,-0.666553,8.985447,-0.014422,0.577063,-0.794647,-0.151565,0.112081
1540581274.993244420,-0.683326,9.017510,-0.016497,0.577032,-0.793651,-0.156456,0.112576
1540581275.026534368,-0.697432,9.038879,-0.016163,0.577930,-0.792006,-0.160716,0.113553
1540581275.060331292,-0.704536,9.061111,-0.013827,0.578666,-0.790460,-0.164204,0.115568
1540581275.093065103,-0.713977,9.077774,-0.012085,0.578662,-0.790331,-0.163637,0.117260
1540581275.126742902,-0.730707,9.108156,-0.008662,0.578390,-0.791122,-0.157842,0.121146
1540581275.160231188,-0.738778,9.129085,-0.005923,0.578613,-0.791509,-0.151434,0.125653
1540581275.193719562,-0.745710,9.147925,-0.004213,0.578075,-0.792195,-0.147162,0.128840
1540581275.227045073,-0.750939,9.157384,-0.001508,0.578446,-0.791844,-0.144713,0.132065
1540581275.260258122,-0.756006,9.169996,-0.002488,0.579023,-0.790628,-0.146292,0.135051
1540581275.293662571,-0.793550,9.247708,-0.004766,0.579486,-0.788756,-0.153377,0.136146
1540581275.327158369,-0.811765,9.278733,-0.013815,0.578728,-0.787428,-0.162617,0.136334
1540581275.360224456,-0.825884,9.315474,-0.017594,0.579045,-0.785014,-0.172091,0.137280
1540581275.394138979,-0.829635,9.329657,-0.013931,0.579040,-0.783169,-0.180627,0.136868
1540581275.426617703,-0.807065,9.299828,-0.005356,0.577879,-0.783336,-0.181723,0.139345
1540581275.460154389,-0.803439,9.292862,0.001666,0.576196,-0.785116,-0.175936,0.143657
1540581275.493679113,-0.803017,9.319209,0.005504,0.574414,-0.786738,-0.173272,0.145152
1540581275.526805049,-0.819437,9.347356,0.011291,0.573454,-0.787876,-0.171106,0.145341
1540581275.560327835,-0.848379,9.371950,0.018372,0.573198,-0.788380,-0.169966,0.144955
1540581275.594018009,-0.856458,9.396263,0.019689,0.573271,-0.787902,-0.172307,0.144501
1540581275.627073920,-0.867020,9.420171,0.021245,0.572802,-0.788731,-0.170389,0.144112
1540581275.660787744,-0.880808,9.443283,0.021013,0.572503,-0.789535,-0.167225,0.144605
1540581275.693699030,-0.891843,9.468137,0.019332,0.573321,-0.789126,-0.168088,0.142581
1540581275.727026667,-0.902180,9.490602,0.018486,0.573820,-0.788685,-0.171420,0.139006
1540581275.761197190,-0.915396,9.514636,0.018982,0.573861,-0.789215,-0.170934,0.136401
1540581275.793976514,-0.933522,9.543206,0.017897,0.575091,-0.789643,-0.165860,0.135000
1540581275.826886775,-0.955669,9.573107,0.016361,0.574643,-0.791831,-0.159284,0.131977
1540581275.860795237,-0.942863,9.608894,0.017393,0.575209,-0.792351,-0.154913,0.131593
1540581275.893893323,-0.945920,9.617010,0.012455,0.576569,-0.792165,-0.151383,0.130863
1540581275.928097834,-0.941158,9.603423,0.006412,0.577284,-0.792079,-0.150954,0.128712
1540581275.960534295,-0.947742,9.623018,0.002823,0.577350,-0.792481,-0.149549,0.127579
1540581275.994322669,-0.962399,9.649850,-0.001163,0.578268,-0.792684,-0.145144,0.127244
1540581276.027623405,-0.972478,9.672689,-0.002755,0.579238,-0.792627,-0.142458,0.126219
1540581276.061215191,-0.979075,9.693087,-0.005418,0.579533,-0.792681,-0.142133,0.124890
1540581276.093967028,-0.979888,9.684496,-0.011056,0.580568,-0.791808,-0.144258,0.123167
1540581276.127438826,-0.982960,9.665432,-0.012979,0.582055,-0.790519,-0.147480,0.120586
1540581276.161536138,-0.975716,9.634712,-0.017928,0.582699,-0.789651,-0.151349,0.118350
1540581276.193942849,-0.983294,9.656854,-0.017954,0.582507,-0.789599,-0.153266,0.117171
1540581276.227593573,-0.997388,9.688117,-0.018247,0.582183,-0.789960,-0.152862,0.116875
1540581276.260726884,-1.006021,9.709507,-0.017352,0.581374,-0.790632,-0.152761,0.116490
1540581276.294849395,-1.010864,9.731848,-0.017942,0.580007,-0.791353,-0.154296,0.116384
1540581276.327494694,-1.020783,9.755149,-0.018590,0.579497,-0.791669,-0.154468,0.116547
1540581276.360559142,-1.036905,9.798899,-0.021157,0.579188,-0.791866,-0.154192,0.117107
1540581276.394065979,-1.053506,9.826979,-0.021326,0.578547,-0.792317,-0.153875,0.117642
1540581276.427701927,-1.079567,9.883840,-0.021399,0.578478,-0.792729,-0.151481,0.118308
1540581276.462394776,-1.089693,9.907594,-0.022216,0.578231,-0.793331,-0.148816,0.118866
1540581276.495782075,-1.088144,9.889434,-0.025425,0.578186,-0.793551,-0.147078,0.119772
1540581276.528292249,-1.094725,9.896428,-0.024055,0.577660,-0.794242,-0.144753,0.120560
1540581276.562829885,-1.136335,9.975980,-0.022533,0.576734,-0.795164,-0.142295,0.121833
1540581276.595328771,-1.147187,10.006743,-0.023836,0.576055,-0.795733,-0.139683,0.124334
1540581276.628700095,-1.140017,10.002800,-0.024191,0.575657,-0.795949,-0.137695,0.126979
1540581276.662467593,-1.130155,9.978765,-0.025246,0.575458,-0.795704,-0.138408,0.128632
1540581276.695624117,-1.072479,9.856532,-0.021419,0.576950,-0.793132,-0.144567,0.131036
1540581276.728851141,-1.070460,9.807393,-0.018940,0.577725,-0.792128,-0.148434,0.129359
1540581276.762559815,-1.050487,9.750910,-0.017244,0.579123,-0.789775,-0.155823,0.128805
1540581276.795983038,-1.065247,9.754735,-0.016335,0.579801,-0.788231,-0.160616,0.129323
1540581276.829354075,-1.071779,9.752668,-0.015465,0.580217,-0.786580,-0.166585,0.129959
1540581276.862704286,-1.080077,9.765757,-0.014269,0.581637,-0.784605,-0.170944,0.129889
1540581276.896142835,-1.085239,9.768464,-0.012132,0.582062,-0.784346,-0.168091,0.133235
1540581276.930443833,-1.093812,9.763064,-0.006935,0.581657,-0.785453,-0.161837,0.136191
1540581276.963427844,-1.139018,9.752394,0.004384,0.582433,-0.786944,-0.152176,0.135401
1540581276.998792368,-1.190268,9.845408,0.005052,0.581599,-0.787958,-0.146476,0.139318
1540581277.031293779,-1.201129,9.872328,0.003677,0.580587,-0.788288,-0.146661,0.141460
1540581277.065125841,-1.211507,9.894207,0.003694,0.580600,-0.787536,-0.150240,0.141838
1540581277.098048902,-1.198137,9.874497,0.004879,0.579899,-0.787635,-0.150592,0.143771
1540581277.133535213,-1.154626,9.795372,0.007452,0.578267,-0.789037,-0.147251,0.146099
1540581277.165516799,-1.149534,9.764170,0.027145,0.576444,-0.790832,-0.141626,0.149127
1540581277.199474823,-1.190557,9.846044,0.027916,0.575360,-0.791843,-0.139148,0.150276
1540581277.232587222,-1.233746,9.933192,0.025099,0.574794,-0.791988,-0.141330,0.149645
1540581277.266361195,-1.236888,9.969407,0.020114,0.574605,-0.790816,-0.149036,0.149088
1540581277.299661507,-1.236254,9.982614,0.016580,0.575370,-0.788889,-0.157104,0.148062
1540581277.334110243,-1.228081,9.980562,0.010339,0.576094,-0.786642,-0.166917,0.146453
1540581277.367596079,-1.239702,9.990119,0.009695,0.576898,-0.784887,-0.175231,0.142950
1540581277.400980015,-1.237164,9.999218,0.006845,0.577891,-0.782970,-0.181715,0.141351
1540581277.434985976,-1.234976,9.992242,0.007119,0.578174,-0.782832,-0.181392,0.141369
1540581277.467739375,-1.235085,9.992149,0.007577,0.578272,-0.783582,-0.178985,0.139874
1540581277.501878774,-1.250512,10.012060,0.010282,0.578704,-0.783861,-0.177884,0.137920
1540581277.534904510,-1.245128,10.011602,0.009790,0.579046,-0.783652,-0.177630,0.137996
1540581277.568489434,-1.250253,10.021385,0.008324,0.579748,-0.783163,-0.178683,0.136454
1540581277.602383295,-1.254607,10.037733,0.006822,0.580260,-0.782950,-0.179400,0.134544
1540581277.636252131,-1.255090,10.055129,0.004733,0.580143,-0.783327,-0.177995,0.134721
1540581277.670070043,-1.258316,10.074897,0.003017,0.580871,-0.782797,-0.178080,0.134556
1540581277.703043441,-1.257833,10.081082,0.001648,0.581645,-0.782045,-0.179796,0.133299
1540581277.736985477,-1.270669,10.113132,0.000288,0.582115,-0.781703,-0.180331,0.132524
1540581277.770417851,-1.280473,10.131239,-0.002581,0.583275,-0.780971,-0.181024,0.130787
1540581277.805774650,-1.289957,10.148176,-0.004085,0.584332,-0.779855,-0.183600,0.129123
1540581277.838109899,-1.299173,10.164050,-0.005167,0.584217,-0.779575,-0.185975,0.127934
1540581277.871361760,-1.308489,10.178383,-0.005912,0.583381,-0.779887,-0.188714,0.125819
1540581277.904989259,-1.327307,10.214772,-0.003931,0.583496,-0.778659,-0.193174,0.126123
1540581277.938230395,-1.340207,10.236889,-0.005098,0.582539,-0.777977,-0.200068,0.123987
1540581277.971606669,-1.357959,10.264328,-0.005491,0.580824,-0.778140,-0.205861,0.121503
1540581278.005519267,-1.384988,10.307746,-0.006944,0.580774,-0.777912,-0.207421,0.120541
1540581278.039784241,-1.399078,10.319982,-0.005502,0.580779,-0.778155,-0.206902,0.119840
1540581278.073302290,-1.392501,10.296261,-0.004578,0.580382,-0.777810,-0.209920,0.118748
1540581278.107644051,-1.399288,10.291875,-0.003777,0.581147,-0.776724,-0.212209,0.118052
1540581278.139721162,-1.391736,10.268702,-0.006973,0.583399,-0.774368,-0.215209,0.116981
1540581278.173789861,-1.374858,10.228741,-0.007354,0.583442,-0.772708,-0.221732,0.115555
1540581278.207061497,-1.364958,10.191478,-0.002587,0.583091,-0.771255,-0.227977,0.114881
1540581278.240342733,-1.373678,10.190079,0.001054,0.583329,-0.770053,-0.231479,0.114729
1540581278.274981232,-1.385030,10.194414,0.004636,0.582899,-0.771175,-0.228326,0.115693
1540581278.308049706,-1.421560,10.232410,0.009578,0.582153,-0.774033,-0.219150,0.118081
1540581278.342361654,-1.431260,10.248967,0.011507,0.582364,-0.774336,-0.215083,0.122454
1540581278.376596641,-1.444674,10.269218,0.009262,0.582285,-0.773395,-0.217604,0.124309
1540581278.409809614,-1.445357,10.265530,0.008704,0.582393,-0.771750,-0.222688,0.125023
1540581278.443143563,-1.442255,10.261529,0.008106,0.582566,-0.769688,-0.228377,0.126653
1540581278.475835949,-1.426933,10.245551,0.011496,0.583378,-0.767789,-0.232792,0.126402
1540581278.510306798,-1.424719,10.234262,0.013583,0.583561,-0.768686,-0.228106,0.128631
1540581278.543425559,-1.434838,10.241614,0.015380,0.583375,-0.770533,-0.219639,0.133080
1540581278.576505820,-1.445904,10.259382,0.015611,0.582142,-0.772144,-0.214446,0.137542
1540581278.611804832,-1.454558,10.274345,0.016389,0.581841,-0.773516,-0.207663,0.141454
1540581278.643604255,-1.470460,10.297880,0.017379,0.581166,-0.774711,-0.202280,0.145438
1540581278.677390192,-1.486489,10.325745,0.017935,0.580660,-0.774904,-0.201512,0.147481
1540581278.710824803,-1.494100,10.346445,0.016840,0.579945,-0.774227,-0.205380,0.148514
1540581278.745256064,-1.516299,10.387404,0.015432,0.579042,-0.773749,-0.209155,0.149255
1540581278.781906400,-1.526819,10.407280,0.016718,0.577787,-0.774244,-0.210957,0.149013
1540581278.811830236,-1.523310,10.403507,0.020279,0.576940,-0.775339,-0.209322,0.148909
1540581278.845560485,-1.542446,10.441858,0.022866,0.575682,-0.776155,-0.207198,0.152457
1540581278.878969984,-1.566935,10.482873,0.023660,0.574396,-0.776440,-0.210237,0.151695
1540581278.912945795,-1.570862,10.504894,0.020994,0.573883,-0.776238,-0.212978,0.150843
1540581278.965100606,-1.570246,10.512116,0.017113,0.576065,-0.773263,-0.218899,0.149320
1540581279.015701691,-1.591144,10.554464,0.015003,0.576455,-0.770932,-0.228388,0.145612
1540581279.065279052,-1.581418,10.540572,0.013691,0.577684,-0.769632,-0.231420,0.142801
1540581279.131943524,-1.573037,10.525921,0.015890,0.576990,-0.774271,-0.217533,0.142360
1540581279.162700573,-1.547455,10.493824,0.016547,0.577385,-0.776192,-0.209289,0.142653
1540581279.196650509,-1.551176,10.513896,0.011551,0.579163,-0.776184,-0.203958,0.143209
1540581279.229414008,-1.561357,10.537473,0.009792,0.579390,-0.776514,-0.203658,0.140913
1540581279.263134794,-1.569961,10.559408,0.008363,0.580729,-0.775956,-0.203430,0.138790
1540581279.296048943,-1.577153,10.567684,0.007608,0.582099,-0.775443,-0.202871,0.136716
1540581279.329404404,-1.584757,10.585756,0.005619,0.582779,-0.775179,-0.203342,0.134607
1540581279.362899415,-1.593627,10.610602,0.002989,0.583634,-0.774436,-0.204271,0.133764
1540581279.396773089,-1.612797,10.644877,0.001391,0.585097,-0.773197,-0.205507,0.132643
1540581279.430239400,-1.620720,10.655485,0.000182,0.585691,-0.772850,-0.206351,0.130724
1540581279.462860399,-1.636261,10.681465,-0.001113,0.586500,-0.772588,-0.205433,0.130089
1540581279.496735073,-1.644665,10.692136,-0.002398,0.587047,-0.772132,-0.205940,0.129522
1540581279.529405022,-1.659174,10.717181,-0.002091,0.587072,-0.771601,-0.209027,0.127617
1540581279.562867458,-1.669458,10.730438,-0.000660,0.586978,-0.771327,-0.210647,0.127040
1540581279.596342844,-1.689407,10.761518,0.002364,0.586202,-0.771555,-0.212093,0.126836
1540581279.630734655,-1.716268,10.814880,0.004003,0.584602,-0.772478,-0.213173,0.126788
1540581279.664848916,-1.731312,10.842223,0.006038,0.583113,-0.774274,-0.209902,0.128139
1540581279.695979728,-1.731748,10.867676,-0.000607,0.579902,-0.776741,-0.208766,0.129629
1540581279.730224376,-1.738887,10.882658,-0.002181,0.579045,-0.777717,-0.207234,0.130070
1540581279.763292050,-1.753602,10.913982,-0.005188,0.578793,-0.777820,-0.207211,0.130606
1540581279.796399224,-1.767540,10.943186,-0.007014,0.579260,-0.777434,-0.206887,0.131344
1540581279.830438323,-1.780648,10.967479,-0.006924,0.579254,-0.777573,-0.205625,0.132526
1540581279.862966009,-1.779955,10.959962,-0.007446,0.578730,-0.777943,-0.204794,0.133927
1540581279.896302808,-1.787778,10.969223,-0.007198,0.578249,-0.778144,-0.204350,0.135503
1540581279.930233794,-1.788342,10.971923,-0.007372,0.577451,-0.778352,-0.203926,0.138321
1540581279.962806105,-1.792235,10.969186,-0.007949,0.576944,-0.778581,-0.203794,0.139339
1540581279.996288441,-1.801287,10.983511,-0.007747,0.576521,-0.778731,-0.203910,0.140081
1540581280.029920652,-1.811199,10.990784,-0.008823,0.576811,-0.778906,-0.201614,0.141234
1540581280.063993714,-1.808613,10.996592,-0.008984,0.576602,-0.778587,-0.202057,0.143198
1540581280.097449762,-1.810076,11.001563,-0.009987,0.576858,-0.777778,-0.204292,0.143391
1540581280.130593149,-1.817529,11.014815,-0.010817,0.577903,-0.776458,-0.206261,0.143516
1540581280.163216235,-1.822743,11.027238,-0.011890,0.578432,-0.775577,-0.207131,0.144892
1540581280.196784834,-1.830584,11.034422,-0.012248,0.578570,-0.775972,-0.204958,0.145318
1540581280.230630157,-1.839976,11.048448,-0.011597,0.578951,-0.776638,-0.200111,0.146986
1540581280.265276569,-1.844773,11.065459,-0.011977,0.579262,-0.777336,-0.194057,0.150156
1540581280.296394767,-1.854300,11.084082,-0.011955,0.579412,-0.778109,-0.189857,0.150940
1540581280.330228041,-1.868655,11.113585,-0.011480,0.579456,-0.778847,-0.185944,0.151832
1540581280.363493515,-1.893572,11.153199,-0.012277,0.579458,-0.779249,-0.183741,0.152445
1540581280.396240601,-1.910874,11.183063,-0.013373,0.579805,-0.778496,-0.186379,0.151767
1540581280.431227925,-1.923817,11.211685,-0.015064,0.579552,-0.777786,-0.190953,0.150682
1540581280.463287186,-1.914710,11.202831,-0.014659,0.579322,-0.776990,-0.195632,0.149668
1540581280.497883835,-1.927518,11.223392,-0.012184,0.579110,-0.776365,-0.200289,0.147561
1540581280.530429333,-1.936158,11.241999,-0.011255,0.578706,-0.776088,-0.203123,0.146724
1540581280.563436907,-1.938283,11.252144,-0.010239,0.577891,-0.776535,-0.204703,0.145368
1540581280.596235268,-1.954173,11.280743,-0.011548,0.577941,-0.776597,-0.204939,0.144501
1540581280.629769942,-1.961788,11.299358,-0.012025,0.578020,-0.776432,-0.206558,0.142761
1540581280.663232466,-1.978743,11.337427,-0.013957,0.578287,-0.775822,-0.209672,0.140435
1540581280.696324452,-1.974040,11.333690,-0.015358,0.578866,-0.775288,-0.211437,0.138333
1540581280.730136976,-1.969078,11.333719,-0.015443,0.579521,-0.775234,-0.211072,0.136442
1540581280.763495837,-1.959376,11.323159,-0.016058,0.579412,-0.776623,-0.206445,0.136086
1540581280.796833198,-1.958473,11.331047,-0.016466,0.579226,-0.778163,-0.201107,0.136070
1540581280.830102409,-1.973821,11.363004,-0.017291,0.579586,-0.779011,-0.197326,0.135219
1540581280.863976258,-1.980748,11.383694,-0.018174,0.579726,-0.779747,-0.194485,0.134495
1540581280.899286494,-1.991849,11.425683,-0.020473,0.579414,-0.780165,-0.192691,0.135988
1540581280.932164981,-1.989961,11.433901,-0.023926,0.579483,-0.780108,-0.191861,0.137184
1540581280.966440479,-2.000358,11.454018,-0.025010,0.579605,-0.780258,-0.191175,0.136776
1540581280.999205578,-2.007279,11.467459,-0.025669,0.580319,-0.779482,-0.192578,0.136204
1540581281.030735564,-2.020599,11.488046,-0.027229,0.580943,-0.778409,-0.195673,0.135264
1540581281.064331288,-2.038211,11.508910,-0.029280,0.581316,-0.777446,-0.199448,0.133680
1540581281.098257399,-2.044057,11.510524,-0.029640,0.582497,-0.775693,-0.203285,0.132941
1540581281.131466610,-2.028980,11.472477,-0.030517,0.582722,-0.774194,-0.208125,0.133201
1540581281.167715422,-2.040564,11.488058,-0.032096,0.583079,-0.773498,-0.210128,0.132540
1540581281.200566195,-2.044356,11.487813,-0.036373,0.582532,-0.773293,-0.211917,0.133292
1540581281.234398357,-2.056675,11.507517,-0.034949,0.582153,-0.773256,-0.213016,0.133406
1540581281.266763355,-2.077405,11.541406,-0.033453,0.581140,-0.773953,-0.213105,0.133637
1540581281.300309367,-2.093513,11.559117,-0.030767,0.580044,-0.775124,-0.211586,0.134026
1540581281.332452728,-2.099912,11.557336,-0.028216,0.578287,-0.777053,-0.209006,0.134500
1540581281.365328439,-2.107659,11.569727,-0.026948,0.577435,-0.778003,-0.207107,0.135600
1540581281.400003925,-2.121220,11.585847,-0.026555,0.576676,-0.778778,-0.205830,0.136323
1540581281.433432224,-2.120583,11.587645,-0.029371,0.576351,-0.778872,-0.205876,0.137086
1540581281.465847273,-2.132248,11.602038,-0.029760,0.576094,-0.778750,-0.206509,0.137903
1540581281.499772221,-2.142743,11.612564,-0.032193,0.576403,-0.778021,-0.207971,0.138528
1540581281.533845758,-2.169507,11.633295,-0.028727,0.576460,-0.777478,-0.209407,0.139175
1540581281.567755394,-2.179890,11.646993,-0.030212,0.576064,-0.777118,-0.211445,0.139749
1540581281.600181105,-2.192802,11.671778,-0.031393,0.575040,-0.777049,-0.213669,0.140957
1540581281.634527516,-2.194837,11.674336,-0.031364,0.574824,-0.776723,-0.215139,0.141399
1540581281.669118740,-2.203784,11.685956,-0.031992,0.574092,-0.777007,-0.215318,0.142539
1540581281.705176264,-2.212907,11.698495,-0.033684,0.573972,-0.776537,-0.216453,0.143855
1540581281.735128800,-2.220385,11.709546,-0.035746,0.574348,-0.775725,-0.217865,0.144602
1540581281.769419811,-2.235884,11.741947,-0.034057,0.574708,-0.774778,-0.219460,0.145834
1540581281.802191260,-2.245689,11.756635,-0.033103,0.574778,-0.774439,-0.220038,0.146484
1540581281.836207846,-2.256072,11.764298,-0.029502,0.575369,-0.774288,-0.218452,0.147334
1540581281.869428507,-2.257846,11.767264,-0.027350,0.575761,-0.774860,-0.214131,0.149129
1540581281.903010694,-2.259215,11.771692,-0.023995,0.575598,-0.776340,-0.207696,0.151148
1540581281.936880867,-2.257285,11.803563,-0.026799,0.576307,-0.776925,-0.201477,0.153836
1540581281.970847603,-2.272783,11.845010,-0.028985,0.576206,-0.777482,-0.198343,0.155460
1540581282.003695677,-2.292808,11.887868,-0.030531,0.576628,-0.776693,-0.199849,0.155909
1540581282.037243913,-2.302861,11.904861,-0.032359,0.577737,-0.775279,-0.202333,0.155641
1540581282.071552937,-2.297600,11.896662,-0.034461,0.578437,-0.774232,-0.205296,0.154367
1540581282.104434086,-2.302624,11.909975,-0.034507,0.578255,-0.774527,-0.205328,0.153522
1540581282.138767322,-2.314340,11.937622,-0.035217,0.578348,-0.774589,-0.205405,0.152757
1540581282.172654846,-2.339167,11.988280,-0.035517,0.578004,-0.774159,-0.209437,0.150750
1540581282.205707369,-2.349011,12.012076,-0.032281,0.576888,-0.774616,-0.212310,0.148640
1540581282.239100256,-2.340054,12.004581,-0.027652,0.576484,-0.775230,-0.211754,0.147799
1540581282.272860792,-2.345149,12.026623,-0.026117,0.575947,-0.776316,-0.209537,0.147355
1540581282.306736016,-2.344704,12.045655,-0.024315,0.574968,-0.778083,-0.206066,0.146750
1540581282.339708664,-2.358403,12.076585,-0.024565,0.574877,-0.778926,-0.203474,0.146251
1540581282.373651026,-2.364712,12.089797,-0.027352,0.575619,-0.778030,-0.204964,0.146019
1540581282.407191174,-2.380943,12.118879,-0.028230,0.575650,-0.777410,-0.208952,0.143530
1540581282.440639561,-2.377380,12.122573,-0.033343,0.575541,-0.777331,-0.210607,0.141963
1540581282.473885334,-2.373389,12.126298,-0.031430,0.576191,-0.777680,-0.206761,0.143064
1540581282.507797483,-2.384669,12.142177,-0.029262,0.575955,-0.778952,-0.202301,0.143473
1540581282.540981782,-2.389300,12.157690,-0.030168,0.575864,-0.779733,-0.200128,0.142642
1540581282.577744343,-2.398540,12.170710,-0.030243,0.576298,-0.779368,-0.200561,0.142269
1540581282.609514317,-2.412738,12.186918,-0.029477,0.578145,-0.776077,-0.209342,0.140101
1540581282.642546915,-2.409389,12.189237,-0.028228,0.579725,-0.772564,-0.219736,0.137037
1540581282.676328652,-2.419947,12.223345,-0.028788,0.579956,-0.772147,-0.220184,0.137690
1540581282.710437800,-2.422300,12.229162,-0.028755,0.581037,-0.772051,-0.216611,0.139334
1540581282.743061624,-2.427175,12.237857,-0.031443,0.581727,-0.771855,-0.215322,0.139536
1540581282.776476910,-2.435531,12.244257,-0.033418,0.581510,-0.771829,-0.215256,0.140684
1540581282.810424284,-2.449294,12.260343,-0.034386,0.582254,-0.770447,-0.217954,0.141021
1540581282.843502708,-2.456811,12.271327,-0.035876,0.582635,-0.769313,-0.220962,0.140964
1540581282.877987144,-2.477662,12.304089,-0.032804,0.581997,-0.769682,-0.221177,0.141246
1540581282.910737543,-2.469535,12.295820,-0.035893,0.581519,-0.769226,-0.223092,0.142676
1540581282.944413829,-2.478096,12.304454,-0.036018,0.580703,-0.769116,-0.225572,0.142693
1540581282.979671277,-2.481583,12.297746,-0.033428,0.579109,-0.768899,-0.231069,0.141539
1540581283.011513239,-2.493913,12.306449,-0.031881,0.578349,-0.768416,-0.235184,0.140493
1540581283.048742787,-2.525946,12.359462,-0.026939,0.577499,-0.768920,-0.235673,0.140412
1540581283.078991011,-2.548012,12.397825,-0.024382,0.576496,-0.770171,-0.233505,0.141293
1540581283.112675972,-2.566467,12.421033,-0.023347,0.576356,-0.770893,-0.230532,0.142802
1540581283.146259634,-2.572116,12.434672,-0.024932,0.576885,-0.770645,-0.229219,0.144115
1540581283.180808482,-2.572509,12.414314,-0.030158,0.577029,-0.770133,-0.230261,0.144611
1540581283.213616694,-2.581146,12.420969,-0.030560,0.576417,-0.769770,-0.232487,0.145418
1540581283.251833330,-2.595334,12.448511,-0.028287,0.576203,-0.769337,-0.233335,0.147195
1540581283.316034827,-2.631706,12.514743,-0.023577,0.574074,-0.773083,-0.222790,0.152139
1540581283.350833288,-2.638266,12.520524,-0.021584,0.573549,-0.774648,-0.216865,0.154698
1540581283.382511025,-2.643466,12.530170,-0.023323,0.573573,-0.774515,-0.216059,0.156391
1540581283.416892836,-2.630591,12.505258,-0.024850,0.573950,-0.772760,-0.220955,0.156849
1540581283.448287222,-2.618573,12.470442,-0.026954,0.575050,-0.769902,-0.228945,0.155407
1540581283.482413971,-2.625410,12.478436,-0.029261,0.576404,-0.766704,-0.236915,0.154254
1540581283.515619257,-2.635652,12.492717,-0.030631,0.577006,-0.764968,-0.241475,0.153551
1540581283.549969043,-2.637319,12.510784,-0.032095,0.577878,-0.763855,-0.242943,0.153499
1540581283.599470729,-2.660855,12.531789,-0.032994,0.578822,-0.765462,-0.234821,0.154567
1540581283.634989215,-2.676638,12.563384,-0.031762,0.578945,-0.766991,-0.228432,0.156098
1540581283.665765851,-2.692804,12.593838,-0.029814,0.578863,-0.768523,-0.222845,0.156941
1540581283.699850675,-2.704081,12.640987,-0.024960,0.578631,-0.769266,-0.218736,0.159907
1540581283.731875324,-2.712479,12.676343,-0.019778,0.577926,-0.770308,-0.216301,0.160748
1540581283.765997085,-2.733071,12.720578,-0.018364,0.577583,-0.770712,-0.215734,0.160812
1540581283.799244334,-2.721872,12.736692,-0.011028,0.576999,-0.770129,-0.219724,0.160296
1540581283.832653207,-2.729799,12.762231,-0.008737,0.576295,-0.769496,-0.224681,0.158992
1540581283.865733731,-2.748880,12.804208,-0.011818,0.575771,-0.769250,-0.227239,0.158444
1540581283.899376530,-2.786201,12.869298,-0.015282,0.575400,-0.769461,-0.227769,0.158005
1540581283.932149554,-2.802313,12.895197,-0.013798,0.574980,-0.769735,-0.228480,0.157172
1540581283.965755765,-2.819457,12.921222,-0.014606,0.575446,-0.768971,-0.230979,0.155547
1540581283.999295826,-2.818736,12.947859,-0.016501,0.576312,-0.766806,-0.236490,0.154741
1540581284.032450037,-2.804582,12.944892,-0.017429,0.576993,-0.764981,-0.241861,0.152928
1540581284.066282099,-2.801150,12.942868,-0.018147,0.578145,-0.762592,-0.248638,0.149601
1540581284.099307347,-2.804747,12.964430,-0.016939,0.578722,-0.760855,-0.253707,0.147692
1540581284.132852671,-2.808684,13.009747,-0.015505,0.577639,-0.761851,-0.253004,0.148003
1540581284.165829220,-2.804997,13.023164,-0.011625,0.578143,-0.763493,-0.245700,0.149871
1540581284.200075343,-2.803553,13.033014,-0.009566,0.576566,-0.767526,-0.235340,0.151959
1540581284.233205442,-2.849404,13.082991,-0.016601,0.576488,-0.770727,-0.223981,0.153213
1540581284.266130378,-2.864731,13.110655,-0.018822,0.576997,-0.773444,-0.209950,0.157419
1540581284.298885990,-2.874451,13.144791,-0.024493,0.574926,-0.776716,-0.199882,0.161924
1540581284.332884501,-2.888341,13.176336,-0.024980,0.574322,-0.778348,-0.193180,0.164348
1540581284.366911612,-2.896749,13.195537,-0.025951,0.575258,-0.777416,-0.193270,0.165379
1540581284.399289136,-2.903792,13.211519,-0.026411,0.575927,-0.775079,-0.201277,0.164464
1540581284.435021397,-2.907355,13.236649,-0.025530,0.576907,-0.771203,-0.214517,0.162504
1540581284.466833971,-2.905050,13.226875,-0.027150,0.578316,-0.767589,-0.224518,0.161090
1540581284.499766844,-2.908322,13.213729,-0.030689,0.578892,-0.765284,-0.231470,0.160146
1540581284.533260856,-2.920284,13.226831,-0.031826,0.578910,-0.764779,-0.232407,0.161131
1540581284.566005017,-2.936890,13.245976,-0.032333,0.578271,-0.765667,-0.229730,0.163038
1540581284.599617891,-2.955723,13.277905,-0.030793,0.577107,-0.766778,-0.228498,0.163671
1540581284.633412014,-2.969557,13.299291,-0.028217,0.575727,-0.767556,-0.228977,0.164216
1540581284.666392026,-2.969254,13.275356,-0.026601,0.574795,-0.767408,-0.232077,0.163819
1540581284.699452974,-2.977521,13.279666,-0.024785,0.573470,-0.767273,-0.236347,0.162984
1540581284.734316386,-2.995420,13.300498,-0.022914,0.572438,-0.767619,-0.238098,0.162434
1540581284.766281847,-3.019087,13.336493,-0.022303,0.571744,-0.768428,-0.236691,0.163108
1540581284.799576446,-3.039855,13.363394,-0.022182,0.571559,-0.768580,-0.236542,0.163256
1540581284.833871807,-3.035679,13.341295,-0.024632,0.571855,-0.767584,-0.239884,0.162028
1540581284.866426518,-3.022825,13.297910,-0.026920,0.572054,-0.766262,-0.244321,0.160944
1540581284.900404379,-3.028905,13.295884,-0.027797,0.572200,-0.764596,-0.249666,0.160145
1540581284.933212853,-3.055331,13.334800,-0.027064,0.571472,-0.764026,-0.253229,0.159872
1540581284.966655177,-3.077298,13.371266,-0.026817,0.570496,-0.764855,-0.252522,0.160515
1540581285.002355225,-3.090187,13.380965,-0.022321,0.570635,-0.766028,-0.247078,0.162876
1540581285.034971337,-3.107473,13.402587,-0.021870,0.570291,-0.767631,-0.241444,0.164971
1540581285.066040835,-3.114779,13.411249,-0.023211,0.570050,-0.768357,-0.238622,0.166520
1540581285.099705309,-3.152786,13.449631,-0.026487,0.570215,-0.768143,-0.238321,0.167373
1540581285.134186908,-3.192826,13.493899,-0.028788,0.571038,-0.766943,-0.240060,0.167586
1540581285.167581557,-3.210551,13.542061,-0.034394,0.571209,-0.765291,-0.243679,0.169322
1540581285.200393018,-3.236764,13.583401,-0.034261,0.571541,-0.764800,-0.243966,0.170011
1540581285.233298554,-3.250214,13.614075,-0.034911,0.572376,-0.764230,-0.242628,0.171664
1540581285.266989503,-3.252026,13.627100,-0.036188,0.573008,-0.764269,-0.239243,0.174118
1540581285.300041126,-3.246597,13.633085,-0.037321,0.573109,-0.764756,-0.236399,0.175530
1540581285.333212250,-3.251226,13.661334,-0.037951,0.573348,-0.765141,-0.233511,0.176929
1540581285.366537711,-3.267962,13.700287,-0.039348,0.574379,-0.764770,-0.231061,0.178400
1540581285.399595623,-3.273075,13.772614,-0.037762,0.573902,-0.764400,-0.232736,0.179341
1540581285.433537771,-3.297155,13.845600,-0.036156,0.572617,-0.764510,-0.236552,0.177980
1540581285.466252745,-3.314679,13.880613,-0.038581,0.572904,-0.763182,-0.241264,0.176425
1540581285.500115719,-3.316233,13.891486,-0.036580,0.572641,-0.762604,-0.244981,0.174650
1540581285.536701355,-3.319663,13.904717,-0.034361,0.571946,-0.763413,-0.244920,0.173470
1540581285.567356729,-3.304985,13.894761,-0.030480,0.570973,-0.765354,-0.241085,0.173496
1540581285.599690140,-3.304210,13.911422,-0.027715,0.570220,-0.767629,-0.235395,0.173738
1540581285.635336276,-3.314351,13.940569,-0.026448,0.569218,-0.770145,-0.229896,0.173248
1540581285.671317600,-3.313795,13.940781,-0.025338,0.570995,-0.769491,-0.228020,0.172787
1540581285.703147199,-3.334069,13.988769,-0.027335,0.572041,-0.768387,-0.231241,0.169935
1540581285.737249272,-3.348258,14.015743,-0.032359,0.571947,-0.767632,-0.237059,0.165592
1540581285.768899196,-3.367873,14.065527,-0.034148,0.573166,-0.765962,-0.241724,0.162333
1540581285.802704845,-3.375078,14.087223,-0.032414,0.574015,-0.765779,-0.241791,0.160084
1540581285.836446743,-3.363086,14.073495,-0.029369,0.573311,-0.768532,-0.234890,0.159684
1540581285.870406480,-3.340245,14.067849,-0.027491,0.572796,-0.771540,-0.225299,0.160847
1540581285.902929878,-3.348702,14.090321,-0.030621,0.572904,-0.773340,-0.218322,0.161437
1540581285.935756077,-3.349032,14.084022,-0.032481,0.573397,-0.773440,-0.217231,0.160675
1540581285.970094988,-3.361892,14.069907,-0.034687,0.574362,-0.772428,-0.220086,0.158197
1540581286.003533500,-3.360853,14.055620,-0.034222,0.576168,-0.770135,-0.224457,0.156657
1540581286.035553023,-3.391817,14.138755,-0.031530,0.576900,-0.768961,-0.226619,0.156618
1540581286.069742572,-3.399188,14.153174,-0.030771,0.576792,-0.769126,-0.225896,0.157247
1540581286.102826208,-3.387905,14.111991,-0.031444,0.576767,-0.769217,-0.224496,0.158892
1540581286.136353557,-3.370884,14.057541,-0.034184,0.576859,-0.768313,-0.226224,0.160472
1540581286.169945868,-3.376097,14.054490,-0.034130,0.577025,-0.766836,-0.230287,0.161158
1540581286.203403604,-3.387044,14.063198,-0.034737,0.577092,-0.765724,-0.233116,0.162139
1540581286.238217766,-3.398438,14.073434,-0.035642,0.576701,-0.765378,-0.233739,0.164254
1540581286.271036364,-3.419528,14.114618,-0.034589,0.575388,-0.766083,-0.232928,0.166701
1540581286.304293738,-3.432923,14.129944,-0.034950,0.573902,-0.767222,-0.231369,0.168747
1540581286.337486687,-3.438986,14.134757,-0.032467,0.572281,-0.767883,-0.232425,0.169791
1540581286.371285436,-3.446755,14.136614,-0.029655,0.570502,-0.768191,-0.235722,0.169839
1540581286.405590922,-3.459761,14.140433,-0.028915,0.569778,-0.767823,-0.238978,0.169381
1540581286.438605758,-3.468738,14.147704,-0.028377,0.569637,-0.767111,-0.241801,0.169075
1540581286.472638382,-3.480305,14.155825,-0.030024,0.569571,-0.766528,-0.244261,0.168402
1540581286.506557205,-3.483869,14.145644,-0.031700,0.570244,-0.765018,-0.247866,0.167726
1540581286.539676167,-3.498257,14.160870,-0.034456,0.570536,-0.763842,-0.251424,0.166795
1540581286.573775753,-3.518493,14.178187,-0.036165,0.570648,-0.764002,-0.251701,0.165253
1540581286.608621089,-3.541433,14.202910,-0.034465,0.569855,-0.765637,-0.247697,0.166469
1540581286.639999063,-3.548786,14.229712,-0.032613,0.568703,-0.767565,-0.242631,0.168970
1540581286.674210524,-3.549914,14.256816,-0.032056,0.567460,-0.770041,-0.235695,0.171677
1540581286.707607610,-3.553274,14.249230,-0.030619,0.566344,-0.772695,-0.228248,0.173492
1540581286.741699421,-3.558992,14.260173,-0.029353,0.567859,-0.771590,-0.226494,0.175743
1540581286.775035070,-3.558296,14.232628,-0.031035,0.568929,-0.770042,-0.229602,0.175036
1540581286.808336819,-3.549138,14.213233,-0.033670,0.569288,-0.767912,-0.236046,0.174656
1540581286.842053530,-3.569701,14.240031,-0.035340,0.570464,-0.765423,-0.241386,0.174445
1540581286.875261166,-3.630820,14.328774,-0.037737,0.571488,-0.763442,-0.244657,0.175218
1540581286.909395390,-3.633027,14.337391,-0.038586,0.571566,-0.763490,-0.243099,0.176916
1540581286.942857501,-3.638871,14.345030,-0.038577,0.571686,-0.764586,-0.237440,0.179457
1540581286.978253237,-3.681584,14.403086,-0.038665,0.571382,-0.765789,-0.232161,0.182182
1540581287.010464049,-3.691468,14.415606,-0.038928,0.572174,-0.765152,-0.230547,0.184410
1540581287.043151572,-3.719083,14.454349,-0.040830,0.572292,-0.764318,-0.232434,0.185131
1540581287.078756734,-3.725503,14.467898,-0.040517,0.572909,-0.762912,-0.234884,0.185927
1540581287.111042820,-3.724911,14.479807,-0.041477,0.573001,-0.761957,-0.237166,0.186666
1540581287.143755819,-3.701388,14.457627,-0.041948,0.572240,-0.762237,-0.237340,0.187631
1540581287.180820505,-3.714578,14.492302,-0.041722,0.571480,-0.762917,-0.236392,0.188380
1540581287.211538004,-3.733520,14.529827,-0.042198,0.570590,-0.763349,-0.237725,0.187650
1540581287.245324977,-3.741016,14.559973,-0.040272,0.569236,-0.764398,-0.237611,0.187637
1540581287.279168501,-3.729866,14.558171,-0.036925,0.568260,-0.765939,-0.235231,0.187310
1540581287.312489287,-3.736509,14.578628,-0.035956,0.567249,-0.767740,-0.232659,0.186209
1540581287.345724948,-3.742090,14.591519,-0.034161,0.566244,-0.768925,-0.232056,0.185128
1540581287.379418022,-3.742367,14.597700,-0.034895,0.567583,-0.767881,-0.233647,0.183353
1540581287.412823333,-3.741601,14.599373,-0.035666,0.568272,-0.767657,-0.234535,0.181008
1540581287.446900557,-3.756130,14.623417,-0.036930,0.567980,-0.768246,-0.234763,0.179117
1540581287.480277331,-3.764928,14.641327,-0.036955,0.569109,-0.767535,-0.236182,0.176702
1540581287.515460229,-3.772125,14.659826,-0.037613,0.569893,-0.767223,-0.237128,0.174245
1540581287.547268241,-3.782457,14.677441,-0.040494,0.570192,-0.767699,-0.236230,0.172380
1540581287.580763452,-3.789941,14.698060,-0.042322,0.570910,-0.768071,-0.234681,0.170449
1540581287.614859488,-3.801413,14.724056,-0.046833,0.571652,-0.768174,-0.233834,0.168656
1540581287.648451349,-3.818002,14.757664,-0.049926,0.572490,-0.767722,-0.234415,0.167057
1540581287.681954723,-3.825001,14.771839,-0.052443,0.574165,-0.766430,-0.235909,0.165128
1540581287.716072359,-3.829276,14.773094,-0.054567,0.574870,-0.766092,-0.236358,0.163591
1540581287.749341908,-3.838834,14.782555,-0.055050,0.575474,-0.766288,-0.234774,0.162832
1540581287.782690407,-3.858122,14.815938,-0.056532,0.575892,-0.766886,-0.231867,0.162703
1540581287.817953893,-3.867505,14.826038,-0.057584,0.576017,-0.767847,-0.228643,0.162289
1540581287.850222954,-3.860557,14.817696,-0.057272,0.576593,-0.767554,-0.228466,0.161879
1540581287.883401315,-3.817691,14.729515,-0.057314,0.576870,-0.766166,-0.232834,0.161243
1540581287.921296076,-3.818703,14.720285,-0.059140,0.577934,-0.764473,-0.237028,0.159345
1540581287.986443899,-3.848091,14.756466,-0.062322,0.578729,-0.762928,-0.241681,0.156858
1540581288.018885510,-3.868458,14.779178,-0.062046,0.578352,-0.763249,-0.242103,0.156030
1540581288.090686395,-3.915835,14.848271,-0.059844,0.576471,-0.764893,-0.241881,0.155288
1540581288.153916568,-3.944169,14.883602,-0.057501,0.574726,-0.766169,-0.242119,0.155096
1540581288.202300216,-3.948001,14.877149,-0.057505,0.574564,-0.766073,-0.243423,0.154125
1540581288.253910239,-3.918712,14.812525,-0.058350,0.575645,-0.763655,-0.248562,0.153885
1540581288.303141487,-3.941747,14.844053,-0.062460,0.576866,-0.759422,-0.260018,0.151312
1540581288.334886086,-3.939195,14.842032,-0.058550,0.578228,-0.756903,-0.264460,0.151033
1540581288.368274209,-3.933958,14.823507,-0.055384,0.578409,-0.756098,-0.265291,0.152904
1540581288.402349221,-3.942148,14.822447,-0.051387,0.578253,-0.756470,-0.264199,0.153546
1540581288.434917057,-3.945367,14.821969,-0.049914,0.577003,-0.758985,-0.258422,0.155654
1540581288.468199756,-3.933802,14.811039,-0.048925,0.575818,-0.761870,-0.249089,0.161064
1540581288.502111779,-3.942716,14.825131,-0.049097,0.574877,-0.763722,-0.243088,0.164784
1540581288.534955578,-3.950634,14.843912,-0.051500,0.574240,-0.763773,-0.242950,0.166957
1540581288.568559439,-3.952453,14.848620,-0.052571,0.573828,-0.762859,-0.245162,0.169302
1540581288.602344763,-3.957006,14.862747,-0.053295,0.574239,-0.761142,-0.248451,0.170838
1540581288.634871987,-3.967967,14.882683,-0.052576,0.573600,-0.760639,-0.250122,0.172772
1540581288.668405323,-3.974015,14.890651,-0.052130,0.573214,-0.760397,-0.249641,0.175789
1540581288.701984197,-3.979416,14.902265,-0.053354,0.573658,-0.759400,-0.249639,0.178629
1540581288.735538545,-3.987047,14.915371,-0.054566,0.572778,-0.759312,-0.249840,0.181521
1540581288.768672357,-3.995034,14.930021,-0.055205,0.572496,-0.758456,-0.250506,0.185041
1540581288.802689730,-4.005671,14.947464,-0.055501,0.572448,-0.757294,-0.252057,0.187819
1540581288.835200667,-4.012916,14.957390,-0.054877,0.571862,-0.756950,-0.252716,0.190093
1540581288.868516940,-4.021387,14.964974,-0.053034,0.570640,-0.757499,-0.251731,0.192864
1540581288.902104902,-4.029329,14.975112,-0.051019,0.570345,-0.756367,-0.255106,0.193742
1540581288.935328788,-4.034687,14.968564,-0.048584,0.569609,-0.754750,-0.262219,0.192717
1540581288.968947174,-4.033833,14.966273,-0.046162,0.568215,-0.753881,-0.267853,0.192482
1540581289.002395935,-4.034996,14.969842,-0.044736,0.568056,-0.753076,-0.270558,0.192321
1540581289.036458596,-4.022335,14.958013,-0.043311,0.567427,-0.752738,-0.273554,0.191262
1540581289.069675133,-4.025523,14.966182,-0.043484,0.567135,-0.752290,-0.275625,0.190916
1540581289.102426031,-4.031983,14.977856,-0.043704,0.567934,-0.751414,-0.276810,0.190273
1540581289.135942868,-4.036532,14.986779,-0.044544,0.568210,-0.750777,-0.278822,0.189023
1540581289.169925379,-4.073513,15.043648,-0.042919,0.568604,-0.749572,-0.282037,0.187847
1540581289.202126053,-4.083743,15.061613,-0.042664,0.568621,-0.749224,-0.283879,0.186403
1540581289.235627001,-4.096091,15.083830,-0.041213,0.568633,-0.749538,-0.284112,0.184744
1540581289.269139625,-4.107462,15.102197,-0.039618,0.568998,-0.750358,-0.281854,0.183747
1540581289.302375636,-4.119875,15.121915,-0.038577,0.569234,-0.751203,-0.279916,0.182522
1540581289.335448873,-4.173566,15.222146,-0.040349,0.569194,-0.751795,-0.279467,0.180887
1540581289.369007896,-4.191138,15.254418,-0.042716,0.569642,-0.751747,-0.280079,0.178717
1540581289.402447207,-4.205152,15.273580,-0.043971,0.570911,-0.750882,-0.281876,0.175452
1540581289.435487894,-4.215397,15.286681,-0.044403,0.571525,-0.751017,-0.281397,0.173634
1540581289.468940642,-4.230530,15.309427,-0.043850,0.571611,-0.752748,-0.277250,0.172522
1540581289.502471616,-4.246692,15.330931,-0.042575,0.571911,-0.755383,-0.270439,0.170813
1540581289.535529552,-4.266039,15.347555,-0.043778,0.572613,-0.757313,-0.264532,0.169156
1540581289.569214614,-4.274214,15.351145,-0.045886,0.572695,-0.757719,-0.264650,0.166859
1540581289.604480600,-4.290497,15.366737,-0.051202,0.573375,-0.757236,-0.266948,0.163013
1540581289.637653073,-4.295911,15.370035,-0.055672,0.574573,-0.756126,-0.268769,0.160943
1540581289.669259447,-4.305323,15.374178,-0.058528,0.575001,-0.755751,-0.269806,0.159430
1540581289.702607346,-4.320763,15.376273,-0.058448,0.575447,-0.755662,-0.270277,0.157435
1540581289.736757270,-4.338040,15.391344,-0.059459,0.575899,-0.755558,-0.269958,0.156830
1540581289.769532368,-4.341067,15.388980,-0.058530,0.576036,-0.755679,-0.269274,0.156917
1540581289.802743130,-4.333664,15.375465,-0.056332,0.575911,-0.755958,-0.268381,0.157566
1540581289.835857853,-4.349238,15.395746,-0.057302,0.575540,-0.756621,-0.266766,0.158478
1540581289.869241940,-4.357385,15.406362,-0.058760,0.575443,-0.756870,-0.265833,0.159204
1540581289.905324538,-4.370964,15.427874,-0.061493,0.575343,-0.756315,-0.267485,0.159435
1540581289.937630787,-4.380199,15.438738,-0.063192,0.575280,-0.755836,-0.269131,0.159165
1540581289.969260136,-4.392306,15.454095,-0.064849,0.575285,-0.755309,-0.270688,0.159006
1540581290.002495747,-4.390619,15.446157,-0.069890,0.575347,-0.754905,-0.271675,0.159018
1540581290.036237708,-4.395043,15.447207,-0.070398,0.575063,-0.754085,-0.274340,0.159358
1540581290.070125569,-4.396124,15.442561,-0.069563,0.574795,-0.753818,-0.275876,0.158940
1540581290.102944481,-4.406667,15.435818,-0.067253,0.574725,-0.754142,-0.275179,0.158862
1540581290.137349729,-4.406343,15.423132,-0.065496,0.574557,-0.754277,-0.274785,0.159509
1540581290.170200766,-4.408980,15.419036,-0.063594,0.574331,-0.754045,-0.275763,0.159734
1540581290.203334089,-4.412501,15.414872,-0.061736,0.574603,-0.752920,-0.278417,0.159456
1540581290.237008688,-4.408067,15.406705,-0.062118,0.574851,-0.751814,-0.280688,0.159802
1540581290.269941624,-4.398953,15.389948,-0.061996,0.574369,-0.751393,-0.282247,0.160765
1540581290.304795448,-4.403417,15.392367,-0.063722,0.573812,-0.750932,-0.284241,0.161396
1540581290.337833922,-4.407351,15.394485,-0.064896,0.573846,-0.750236,-0.285667,0.161988
1540581290.370979671,-4.410178,15.396051,-0.065962,0.573794,-0.749826,-0.286525,0.162555
1540581290.404062682,-4.412236,15.397237,-0.066915,0.573738,-0.749419,-0.287726,0.162512
1540581290.438172418,-4.413470,15.399514,-0.067450,0.573884,-0.749267,-0.287779,0.162599
1540581290.470316942,-4.414050,15.401691,-0.067597,0.573864,-0.749882,-0.285900,0.163153
1540581290.504092728,-4.415784,15.404525,-0.067905,0.573790,-0.750473,-0.284348,0.163404
1540581290.537472427,-4.418016,15.407342,-0.068378,0.573747,-0.750518,-0.284471,0.163138
1540581290.571099800,-4.418083,15.407595,-0.068881,0.573985,-0.750002,-0.285690,0.162539
1540581290.605165474,-4.323246,15.308806,-0.068360,0.574341,-0.749101,-0.287443,0.162348
1540581290.638847948,-4.322920,15.307801,-0.068424,0.574123,-0.749133,-0.287822,0.162300
1540581290.672006459,-4.323126,15.307871,-0.068556,0.574037,-0.749362,-0.287178,0.162685
1540581290.706183883,-4.323324,15.308103,-0.068674,0.574060,-0.749490,-0.286502,0.163207
1540581290.739407031,-4.323535,15.308410,-0.068890,0.573968,-0.749226,-0.287400,0.163166
1540581290.773060568,-4.323650,15.308770,-0.068959,0.574138,-0.748710,-0.288565,0.162877
1540581290.807849479,-4.323621,15.309103,-0.068831,0.574005,-0.749060,-0.287746,0.163185
1540581290.840142440,-4.322559,15.308180,-0.068189,0.573647,-0.749842,-0.285976,0.163962
1540581290.874008664,-4.321996,15.307809,-0.067606,0.573682,-0.750171,-0.284877,0.164248
1540581290.909172650,-4.321344,15.307550,-0.067090,0.573643,-0.750662,-0.283484,0.164550
1540581290.941576549,-4.319635,15.305314,-0.066181,0.573294,-0.751491,-0.281625,0.165177
1540581290.977555347,-4.318477,15.304017,-0.065415,0.573376,-0.751687,-0.280805,0.165395
1540581291.008200409,-4.318192,15.302780,-0.064972,0.573257,-0.752166,-0.279749,0.165420
1540581291.042388207,-4.318196,15.303115,-0.064619,0.572768,-0.753212,-0.277291,0.166488
1540581291.075527331,-4.318261,15.303247,-0.064325,0.572853,-0.753586,-0.275931,0.166762
1540581291.110325180,-4.318220,15.302252,-0.064043,0.572638,-0.754318,-0.274152,0.167125
1540581291.142513779,-4.318179,15.300594,-0.063704,0.572425,-0.754849,-0.272799,0.167670
1540581291.175685577,-4.318306,15.300968,-0.063462,0.572686,-0.754610,-0.273113,0.167343
1540581291.210406601,-4.318419,15.301267,-0.063245,0.572469,-0.755160,-0.271717,0.167875
1540581291.243465700,-4.318639,15.301589,-0.063103,0.572099,-0.755763,-0.270287,0.168728
1540581291.276627223,-4.318776,15.301716,-0.063060,0.572238,-0.755700,-0.270208,0.168669
1540581291.310879260,-4.318919,15.301877,-0.063158,0.572177,-0.755844,-0.269670,0.169091
1540581291.344167758,-4.319253,15.301466,-0.063431,0.572214,-0.755646,-0.270058,0.169230
1540581291.377636595,-4.319214,15.301686,-0.063607,0.572245,-0.755458,-0.270458,0.169327
1540581291.412173281,-4.319343,15.301762,-0.063897,0.572078,-0.755593,-0.270044,0.169947
1540581291.445850705,-4.319386,15.301936,-0.064141,0.572192,-0.755264,-0.270815,0.169798
1540581291.478861978,-4.319505,15.302131,-0.064220,0.572186,-0.755386,-0.270413,0.169919
