1540581060.887405412,0.000000,0.000000,0.000000,0.592687,-0.805430,-0.002078,0.000000
1540581060.920880136,0.000041,-0.000084,0.000159,0.592622,-0.805448,-0.006789,0.002723
1540581060.954409385,0.000045,0.000020,0.000508,0.592779,-0.805269,-0.011263,0.005275
1540581060.989667171,-0.000165,0.000503,0.000467,0.592860,-0.805123,-0.015095,0.008125
1540581061.022424157,-0.000771,0.001133,-0.000233,0.592965,-0.804926,-0.019690,0.010000
1540581061.057413031,-0.001524,0.002629,-0.001469,0.593069,-0.804652,-0.025507,0.012397
1540581061.089277042,-0.002726,0.004018,-0.002520,0.593210,-0.804272,-0.033132,0.012249
1540581061.123242291,0.002214,0.002068,0.001697,0.593941,-0.803558,-0.028346,0.026941
1540581061.156690052,0.003103,0.004624,0.002473,0.594425,-0.803117,-0.030467,0.027078
1540581061.189850401,0.005600,0.012046,0.001604,0.594106,-0.803420,-0.029447,0.026198
1540581061.225420999,0.006547,0.017716,0.001902,0.593378,-0.804075,-0.024137,0.027994
1540581061.258003660,0.007614,0.023587,0.002236,0.593488,-0.804103,-0.020206,0.027985
1540581061.292466747,0.009239,0.030837,0.002281,0.593898,-0.803906,-0.017003,0.027032
1540581061.362981906,0.013641,0.048622,0.000252,0.594124,-0.803873,-0.016160,0.023324
1540581061.429264079,0.019459,0.067916,-0.001821,0.595076,-0.803332,-0.015121,0.017723
1540581061.476399977,0.062775,0.049097,-0.002726,0.594899,-0.803614,-0.015773,0.007119
1540581061.525773950,0.162882,0.071101,-0.004361,0.596554,-0.802429,-0.015078,-0.001783
1540581061.575315786,0.175541,0.087117,-0.004452,0.597455,-0.801773,-0.013036,-0.006057
1540581061.609136085,0.188187,0.096929,-0.004548,0.597973,-0.801362,-0.012430,-0.009653
1540581061.642687571,0.235134,0.102149,-0.005552,0.599693,-0.800025,-0.011704,-0.013840
1540581061.675233832,0.243984,0.112905,-0.010590,0.599941,-0.799783,-0.011150,-0.017129
1540581061.709161081,0.254155,0.118530,-0.013503,0.600112,-0.799524,-0.011780,-0.022095
1540581061.743648254,0.252068,0.161034,-0.019262,0.602739,-0.797560,-0.008515,-0.023048
1540581061.811229252,0.219211,0.143091,-0.015880,0.600695,-0.798745,-0.008308,-0.033219
1540581061.843292988,0.237598,0.153682,-0.015692,0.600951,-0.798461,-0.005355,-0.035917
1540581061.876154362,0.233213,0.168843,-0.017313,0.601136,-0.798190,-0.002516,-0.039009
1540581061.909229173,0.251789,0.169326,-0.018349,0.601769,-0.797542,0.000316,-0.042448
1540581061.942342834,0.256930,0.175701,-0.018403,0.602027,-0.797177,0.006368,-0.045078
1540581061.975767471,0.269710,0.174944,-0.017191,0.602542,-0.796598,0.015376,-0.046238
1540581062.010649719,0.234952,0.170703,-0.012547,0.601682,-0.796988,0.024109,-0.046995
1540581062.043551031,0.093747,0.068996,-0.004266,0.601625,-0.796780,0.033264,-0.045628
1540581062.075715204,0.103112,0.075801,-0.005420,0.601667,-0.796370,0.040370,-0.046485
1540581062.109508040,0.108050,0.080338,-0.005344,0.601291,-0.796347,0.045874,-0.046642
1540581062.142438514,0.110971,0.083090,-0.006125,0.600632,-0.796701,0.048341,-0.046606
1540581062.176606863,0.114316,0.085750,-0.007000,0.600417,-0.796850,0.047709,-0.047465
1540581062.210467662,0.116898,0.088558,-0.007918,0.600429,-0.796915,0.046543,-0.047377
1540581062.242854485,0.118766,0.089923,-0.008446,0.600236,-0.797254,0.044181,-0.046386
1540581062.275946034,0.089915,0.048326,-0.003415,0.601161,-0.796839,0.040705,-0.044675
1540581062.309571308,0.090305,0.051361,-0.003920,0.601861,-0.796527,0.037342,-0.043746
1540581062.342447069,0.092012,0.055662,-0.005106,0.602887,-0.795998,0.034254,-0.041731
1540581062.375772668,0.092546,0.059087,-0.006485,0.603131,-0.796087,0.030785,-0.039120
1540581062.410003517,0.093853,0.062435,-0.006981,0.603853,-0.795832,0.025850,-0.036675
1540581062.442799915,0.109686,0.084978,-0.007574,0.604986,-0.795165,0.023690,-0.033805
1540581062.476250752,0.110915,0.086561,-0.007431,0.604970,-0.795394,0.020541,-0.030620
1540581062.509954200,0.112472,0.088119,-0.007291,0.605285,-0.795359,0.016980,-0.027309
1540581062.543783236,0.114378,0.092062,-0.007267,0.605801,-0.795161,0.014620,-0.022609
1540581062.576889748,0.118888,0.094829,-0.008115,0.605732,-0.795361,0.012200,-0.018429
1540581062.610025871,0.196819,0.130077,-0.001188,0.604296,-0.796582,0.010355,-0.013262
1540581062.643730395,0.202480,0.135878,-0.001540,0.605039,-0.796066,0.012296,-0.007439
1540581062.676041244,0.210547,0.142704,-0.001153,0.605066,-0.796064,0.012983,-0.002765
1540581062.709998730,0.217483,0.150410,-0.001338,0.605023,-0.796098,0.013180,0.001150
1540581062.742856604,0.225469,0.159880,-0.001190,0.605473,-0.795746,0.012965,0.004761
1540581062.776193728,0.241523,0.171796,0.001308,0.605113,-0.796021,0.010778,0.008512
1540581062.809483176,0.285248,0.195405,0.010783,0.604144,-0.796762,0.006101,0.011977
1540581062.842826325,0.313262,0.222872,0.013676,0.603849,-0.796949,0.003870,0.014939
1540581062.876575299,0.318273,0.254373,0.017265,0.604727,-0.796273,-0.002038,0.015846
1540581062.910169710,0.343406,0.271562,0.021963,0.602666,-0.797817,-0.004966,0.016026
1540581062.943277946,0.389303,0.316271,0.020513,0.602443,-0.797970,-0.003999,0.017031
1540581062.976652820,0.426295,0.347901,0.022898,0.600466,-0.799444,-0.003629,0.017798
1540581063.009707431,0.449520,0.381735,0.020658,0.599322,-0.800266,-0.004005,0.019283
1540581063.043637855,0.476104,0.426450,0.021494,0.599011,-0.800479,-0.005131,0.019852
1540581063.076959766,0.490051,0.450978,0.022984,0.598741,-0.800644,-0.007369,0.020602
1540581063.109732102,0.506572,0.477692,0.022559,0.598909,-0.800482,-0.011108,0.020310
1540581063.144004951,0.526801,0.508390,0.018210,0.598510,-0.800731,-0.015829,0.019131
1540581063.176591312,0.545289,0.535166,0.016826,0.598013,-0.801008,-0.020402,0.018713
1540581063.209954499,0.602046,0.594710,0.025173,0.596032,-0.802401,-0.023918,0.018062
1540581063.243811047,0.627159,0.627704,0.024970,0.596049,-0.802440,-0.023318,0.016494
1540581063.278855096,0.657552,0.662643,0.030973,0.595482,-0.802919,-0.019987,0.017948
1540581063.309906045,0.617773,0.702196,0.009079,0.596533,-0.802319,-0.013322,0.016006
1540581063.343257068,0.643867,0.719294,0.006145,0.597098,-0.801884,-0.014730,0.015481
1540581063.376421767,0.661075,0.732067,0.006766,0.597037,-0.801936,-0.014635,0.015175
1540581063.410332791,0.638446,0.679401,0.003700,0.597814,-0.801396,-0.012904,0.014703
1540581063.443393015,0.633349,0.649420,0.004466,0.598349,-0.801051,-0.010676,0.013513
1540581063.479199188,0.633649,0.633929,0.001952,0.599164,-0.800478,-0.008461,0.012905
1540581063.511683800,0.639928,0.642967,-0.003420,0.599271,-0.800421,-0.007479,0.011988
1540581063.545783711,0.641937,0.649876,-0.006383,0.599921,-0.799955,-0.007451,0.010556
1540581063.580004009,0.649549,0.660431,-0.005846,0.600452,-0.799573,-0.006138,0.010124
1540581063.614914733,0.650514,0.665609,-0.008478,0.600764,-0.799355,-0.003374,0.010151
1540581063.645865632,0.658554,0.675096,-0.005277,0.601013,-0.799180,-0.000879,0.009712
1540581063.680600356,0.670175,0.685699,-0.006726,0.601636,-0.798716,0.001266,0.009249
1540581063.713701954,0.672897,0.697334,-0.010711,0.602481,-0.798080,0.003014,0.008685
1540581063.748487853,0.665764,0.703340,-0.017103,0.603824,-0.797070,0.004068,0.007742
1540581063.782091402,0.669571,0.716681,-0.021034,0.604517,-0.796529,0.006200,0.007909
1540581063.812980451,0.673436,0.742886,-0.024176,0.604423,-0.796544,0.010733,0.008676
1540581063.848436699,0.679733,0.768458,-0.026735,0.604767,-0.796211,0.014569,0.009653
1540581063.885483023,0.685437,0.802557,-0.030353,0.604845,-0.796048,0.018775,0.010847
1540581063.912036497,0.688948,0.834297,-0.038371,0.604545,-0.796198,0.021671,0.011126
1540581063.945582233,0.698054,0.896054,-0.052523,0.604604,-0.796049,0.025221,0.011119
1540581063.979263682,0.757624,1.028115,-0.077625,0.605558,-0.795232,0.026539,0.014198
1540581064.014105518,0.747323,1.097619,-0.075613,0.603834,-0.796401,0.030424,0.014313
1540581064.045818004,0.744636,1.138727,-0.074999,0.602628,-0.797132,0.034700,0.014716
1540581064.079725753,0.761998,1.184496,-0.074710,0.602340,-0.797293,0.035415,0.015999
1540581064.113239739,0.777992,1.208941,-0.025624,0.601759,-0.797944,0.029859,0.016733
1540581064.148962763,0.783090,1.233234,-0.023591,0.601326,-0.798452,0.024717,0.016446
1540581064.181457049,0.785984,1.251077,-0.018856,0.601387,-0.798561,0.019265,0.016203
1540581064.214144410,0.715013,1.211226,-0.024327,0.602263,-0.797699,0.025095,0.018064
1540581064.247352309,0.707948,1.227435,-0.029530,0.602426,-0.797250,0.031493,0.021992
1540581064.280987545,0.707274,1.117021,-0.000850,0.604514,-0.795672,0.028367,0.025776
1540581064.314797256,0.723146,1.168439,-0.002191,0.604288,-0.795722,0.029048,0.028614
1540581064.348846393,0.735097,1.246378,-0.012962,0.604835,-0.795266,0.028896,0.029855
1540581064.384371941,0.755168,1.312406,-0.015287,0.604731,-0.795362,0.026754,0.031373
1540581064.415535503,0.757228,1.315063,-0.020983,0.605044,-0.794995,0.025373,0.035507
1540581064.449385589,0.768852,1.327344,-0.014828,0.604554,-0.795487,0.018003,0.037302
1540581064.487317837,0.782031,1.351577,-0.014507,0.604460,-0.795870,0.004814,0.034569
1540581064.516052736,0.786029,1.368775,-0.016071,0.605412,-0.795127,-0.002866,0.035228
1540581064.550376322,0.792617,1.390017,-0.018935,0.605761,-0.794766,-0.009732,0.036128
1540581064.583139184,0.798789,1.411585,-0.020671,0.606036,-0.794407,-0.010899,0.038976
1540581064.616921345,0.764193,1.340581,-0.020371,0.606206,-0.794047,-0.006542,0.044290
1540581064.651270794,0.771563,1.367784,-0.027024,0.606595,-0.793543,-0.002668,0.048223
1540581064.684689755,0.788673,1.392982,-0.034277,0.606448,-0.793554,-0.000292,0.049931
1540581064.718460978,0.797005,1.415661,-0.041110,0.606939,-0.793016,-0.000341,0.052450
1540581064.751855577,0.805758,1.452303,-0.045243,0.607024,-0.792862,-0.002345,0.053724
1540581064.786316288,0.815597,1.479031,-0.049232,0.607839,-0.792129,-0.005245,0.055099
1540581064.819275737,0.838067,1.528356,-0.057528,0.607879,-0.791965,-0.011434,0.056078
1540581064.852648698,0.842562,1.586151,-0.049015,0.605879,-0.793414,-0.018220,0.055429
1540581064.885962110,0.847726,1.606022,-0.056345,0.605851,-0.793358,-0.022880,0.054815
1540581064.919451483,0.824481,1.562153,-0.040206,0.604559,-0.794324,-0.023977,0.054617
1540581064.953211920,0.824339,1.540571,-0.038545,0.604205,-0.794528,-0.023922,0.055579
1540581064.988564318,0.825407,1.561579,-0.041968,0.603507,-0.795166,-0.023347,0.054267
1540581065.020881567,0.832405,1.587671,-0.046034,0.603674,-0.795100,-0.022019,0.053942
1540581065.054214653,0.842696,1.611926,-0.050253,0.604247,-0.794746,-0.019551,0.053684
1540581065.087277439,0.852946,1.630513,-0.057533,0.604915,-0.794379,-0.017782,0.052196
1540581065.122222551,0.861073,1.655315,-0.062009,0.605166,-0.794365,-0.014788,0.050390
1540581065.155355512,0.881102,1.700715,-0.072598,0.606636,-0.793340,-0.015290,0.048687
1540581065.188748036,0.905824,1.769353,-0.083597,0.607302,-0.792933,-0.016209,0.046664
1540581065.222960084,0.931313,1.849436,-0.086566,0.607386,-0.792946,-0.016574,0.045213
1540581065.255481883,0.951251,1.928302,-0.070937,0.606743,-0.793506,-0.014902,0.044602
1540581065.289246057,0.954924,1.942921,-0.067556,0.606894,-0.793503,-0.012825,0.043215
1540581065.323402255,0.961020,1.962913,-0.068004,0.607932,-0.792785,-0.009468,0.042672
1540581065.356562379,0.983435,1.997384,-0.063221,0.608121,-0.792643,-0.006771,0.043128
1540581065.389968903,1.004025,2.048652,-0.063832,0.608490,-0.792394,-0.004958,0.042744
1540581065.423551277,0.997647,2.030533,-0.060455,0.609276,-0.791939,-0.004648,0.039933
1540581065.458240413,0.995137,2.022731,-0.064086,0.609751,-0.791650,-0.002888,0.038548
1540581065.490738824,1.002872,2.048302,-0.063789,0.609904,-0.791580,0.000640,0.037659
1540581065.524405023,1.007863,2.071794,-0.065101,0.610637,-0.791035,0.004277,0.036990
1540581065.558036271,0.994028,2.038582,-0.067296,0.611399,-0.790529,0.004792,0.035111
1540581065.591806770,0.994951,2.058802,-0.063670,0.611393,-0.790657,0.003366,0.032399
1540581065.625219619,0.974345,2.070782,-0.039750,0.610807,-0.791211,0.004500,0.029661
1540581065.659141068,0.969252,2.091588,-0.033456,0.611333,-0.790867,0.004079,0.028034
1540581065.693212241,0.992559,2.141149,-0.035519,0.610785,-0.791314,0.003157,0.027453
1540581065.726104865,1.001397,2.171872,-0.039833,0.610601,-0.791504,0.001877,0.026161
1540581065.759257551,1.006007,2.169180,-0.041450,0.610733,-0.791424,-0.002898,0.025403
1540581065.793452637,1.003071,2.192698,-0.039558,0.610115,-0.791951,-0.003699,0.023664
1540581065.826675936,0.997712,2.246217,-0.030836,0.608547,-0.793183,-0.000322,0.023063
1540581065.860248747,1.014676,2.313005,-0.035056,0.608278,-0.793363,0.001549,0.023869
1540581065.894559934,1.035307,2.349971,-0.041558,0.608391,-0.793276,0.001871,0.023868
1540581065.927630270,1.041227,2.373277,-0.043195,0.608447,-0.793237,0.004102,0.023449
1540581065.960609431,1.048524,2.385140,-0.044999,0.608541,-0.793159,0.002431,0.023876
1540581065.994471217,1.068022,2.451496,-0.043193,0.608475,-0.793221,-0.000823,0.023646
1540581066.028608528,1.076013,2.484679,-0.053400,0.608613,-0.793132,-0.000767,0.023048
1540581066.064012902,1.096423,2.551175,-0.059135,0.608086,-0.793477,0.003164,0.024797
1540581066.147042999,1.110794,2.591131,-0.057784,0.607205,-0.793887,0.010693,0.030501
1540581066.178244248,1.101753,2.616169,-0.059459,0.606840,-0.794084,0.012623,0.031880
1540581066.211722947,1.124829,2.648298,-0.064537,0.607051,-0.793870,0.006479,0.034894
1540581066.245654358,1.141040,2.675657,-0.066129,0.607735,-0.793287,-0.003142,0.036665
1540581066.278522844,1.162407,2.722598,-0.071573,0.608155,-0.792735,-0.016666,0.037965
1540581066.312509280,1.182800,2.750458,-0.085738,0.609265,-0.791436,-0.030159,0.038933
1540581066.378216403,1.209448,2.851542,-0.103080,0.610844,-0.789395,-0.043738,0.042568
1540581066.413723926,1.209352,2.878114,-0.113393,0.611539,-0.788740,-0.041360,0.046886
1540581066.445887388,1.176952,2.899886,-0.132181,0.611863,-0.788558,-0.034981,0.050756
1540581066.478846549,1.159275,2.927669,-0.137890,0.611989,-0.788362,-0.029148,0.055716
1540581066.512174235,1.157364,2.949297,-0.138566,0.611552,-0.788423,-0.026729,0.060645
1540581066.545387771,1.120990,2.973250,-0.123439,0.609700,-0.789542,-0.026337,0.064781
1540581066.579131395,1.127328,3.009400,-0.095278,0.608593,-0.789825,-0.031943,0.069075
1540581066.612041606,1.120034,3.069645,-0.095050,0.607769,-0.790176,-0.034671,0.070970
1540581066.646068817,1.108610,3.117600,-0.093333,0.606021,-0.791333,-0.032866,0.073834
1540581066.679908829,1.112025,3.166554,-0.091389,0.604109,-0.792630,-0.029660,0.076878
1540581066.711872477,1.127792,3.208320,-0.094942,0.603557,-0.792795,-0.026860,0.080462
1540581066.745638464,1.151316,3.264458,-0.100767,0.602442,-0.793371,-0.025355,0.083564
1540581066.779216762,1.165125,3.345661,-0.118898,0.602917,-0.792783,-0.027722,0.084958
1540581066.812505799,1.174376,3.383457,-0.126106,0.603302,-0.792427,-0.031847,0.084091
1540581066.846797547,1.198982,3.438008,-0.133222,0.603553,-0.792125,-0.036224,0.083361
1540581066.878540146,1.210248,3.469053,-0.147899,0.602585,-0.792905,-0.036837,0.082680
1540581066.911863932,1.222394,3.508342,-0.142514,0.601640,-0.793820,-0.033062,0.082377
1540581066.945149931,1.265425,3.553561,-0.143501,0.601081,-0.794222,-0.027449,0.084616
1540581066.978809117,1.315049,3.576630,-0.136816,0.600369,-0.794641,-0.024478,0.086622
1540581067.018881266,1.339567,3.593085,-0.161878,0.602699,-0.792918,-0.025091,0.086048
1540581067.046662602,1.314866,3.590694,-0.167855,0.603627,-0.792664,-0.023156,0.082354
1540581067.078814501,1.294302,3.609001,-0.168746,0.604283,-0.792489,-0.022754,0.079279
1540581067.112948800,1.301557,3.633488,-0.169151,0.605012,-0.792049,-0.022959,0.078046
1540581067.148397811,1.310155,3.654002,-0.174482,0.605866,-0.791519,-0.021671,0.077162
1540581067.178661235,1.315504,3.669804,-0.170752,0.605953,-0.791539,-0.021628,0.076284
1540581067.212594133,1.329499,3.686472,-0.159576,0.605569,-0.791953,-0.022426,0.074787
1540581067.246293382,1.327153,3.708776,-0.150421,0.605913,-0.791922,-0.021279,0.072635
1540581067.279174493,1.326234,3.733220,-0.151906,0.606963,-0.791349,-0.021764,0.069924
1540581067.312434842,1.338390,3.745176,-0.158555,0.608232,-0.790621,-0.023561,0.066468
1540581067.346001216,1.333604,3.767880,-0.155237,0.608795,-0.790473,-0.022525,0.063356
1540581067.379176889,1.315841,3.782488,-0.150184,0.609329,-0.790473,-0.021310,0.058449
1540581067.412547876,1.308900,3.780024,-0.140262,0.608803,-0.791143,-0.021364,0.054728
1540581067.445825049,1.293677,3.783820,-0.123597,0.608034,-0.792058,-0.017410,0.051342
1540581067.479510411,1.282400,3.799488,-0.123783,0.608318,-0.792128,-0.015765,0.047259
1540581067.512881409,1.301277,3.800513,-0.119139,0.607607,-0.792797,-0.018622,0.044038
1540581067.545827683,1.313326,3.791785,-0.130318,0.607830,-0.792790,-0.019831,0.040427
1540581067.579059157,1.320217,3.753908,-0.136370,0.607648,-0.793001,-0.023063,0.037160
1540581067.612918843,1.319428,3.738971,-0.130625,0.606882,-0.793728,-0.024014,0.033363
1540581067.646031604,1.307119,3.752139,-0.124227,0.606487,-0.794323,-0.019391,0.029145
1540581067.679361041,1.300931,3.770998,-0.119776,0.606250,-0.794731,-0.013585,0.026056
1540581067.712596652,1.245017,3.793850,-0.097314,0.605399,-0.795664,-0.002743,0.020065
1540581067.746648150,1.219858,3.802508,-0.091011,0.604937,-0.796085,0.005010,0.016569
1540581067.779723012,1.213224,3.814506,-0.080724,0.603864,-0.796836,0.012422,0.015669
1540581067.814156285,0.983681,3.802060,-0.006723,0.600967,-0.798460,0.035791,0.004320
1540581067.847496659,0.966473,3.804645,0.002987,0.600458,-0.798739,0.038201,0.002773
1540581067.879946108,0.949684,3.807394,0.012065,0.600343,-0.798837,0.038054,0.000494
1540581067.914576294,0.962350,3.763486,-0.004577,0.601103,-0.798315,0.036980,0.000724
1540581067.947823268,0.984267,3.773242,0.019219,0.601039,-0.798352,0.037112,0.002822
1540581067.979682804,0.938393,3.773813,0.039833,0.600865,-0.798370,0.039542,0.001485
1540581068.013866065,0.932293,3.779093,0.038706,0.601535,-0.797947,0.037873,0.001340
1540581068.046531014,0.924941,3.785841,0.032600,0.602017,-0.797648,0.036493,0.001500
1540581068.081523450,0.919114,3.791147,0.025361,0.602722,-0.797239,0.033655,0.002007
1540581068.114462261,0.920173,3.769086,0.022830,0.603781,-0.796636,0.028493,0.002758
1540581068.146450598,0.920006,3.784368,0.021383,0.604395,-0.796337,0.023313,0.003322
1540581068.180855021,0.922319,3.801846,0.017186,0.604914,-0.796055,0.018867,0.004377
1540581068.214108495,0.927330,3.818256,0.015463,0.606030,-0.795197,0.018355,0.007258
1540581068.247895994,0.927841,3.837666,0.011143,0.607372,-0.794101,0.019268,0.011484
1540581068.281195268,0.931015,3.859449,0.009718,0.607188,-0.794223,0.018257,0.014109
1540581068.316466441,0.933880,3.883422,0.009994,0.607667,-0.793831,0.016302,0.017552
1540581068.348000865,0.937403,3.905214,0.010720,0.607898,-0.793701,0.011054,0.019381
1540581068.381955001,0.942080,3.928553,0.012441,0.607311,-0.794166,0.004062,0.021392
1540581068.415188950,0.966666,3.937925,0.018134,0.605320,-0.795569,-0.005064,0.025166
1540581068.449945149,0.944858,3.810416,-0.007777,0.606703,-0.794431,-0.010256,0.026176
1540581068.483468397,0.829899,3.644270,-0.044586,0.608342,-0.793348,-0.007290,0.021582
1540581068.517466184,0.805722,3.576908,-0.050646,0.607382,-0.793963,-0.007092,0.025687
1540581068.549657157,0.809356,3.604743,-0.058349,0.606838,-0.794211,-0.008035,0.030208
1540581068.582122406,0.814704,3.626188,-0.063521,0.605975,-0.794675,-0.011473,0.033981
1540581068.617331730,0.813595,3.581159,-0.065146,0.605713,-0.794601,-0.017917,0.037412
1540581068.650006603,0.807576,3.492901,-0.063881,0.605849,-0.794191,-0.024575,0.040040
1540581068.683233102,0.801594,3.394522,-0.060351,0.605613,-0.794072,-0.029228,0.042759
1540581068.716371988,0.796435,3.378403,-0.061873,0.605150,-0.794127,-0.033064,0.045427
1540581068.750215975,0.784559,3.378497,-0.061668,0.604934,-0.794025,-0.036287,0.047558
1540581068.783533036,0.782130,3.393589,-0.065374,0.604737,-0.793860,-0.041057,0.048928
1540581068.817685197,0.770220,3.480648,-0.071078,0.604857,-0.793549,-0.042600,0.051119
1540581068.851061008,0.755919,3.597329,-0.070581,0.604798,-0.793582,-0.039810,0.053493
1540581068.884599370,0.753496,3.691035,-0.074212,0.604347,-0.793932,-0.035321,0.056477
1540581068.917684606,0.760909,3.766967,-0.082381,0.604060,-0.794149,-0.032268,0.058295
1540581068.952199292,0.748731,3.764379,-0.082160,0.603285,-0.794656,-0.031722,0.059693
1540581068.985622966,0.749388,3.775052,-0.083067,0.603767,-0.794187,-0.035068,0.059186
1540581069.019489427,0.740180,3.780741,-0.078286,0.603897,-0.794006,-0.037585,0.058739
1540581069.055497663,0.706697,3.813795,-0.064174,0.603677,-0.794219,-0.035585,0.059353
1540581069.086718262,0.689218,3.831158,-0.057841,0.604249,-0.793905,-0.031398,0.060103
1540581069.119267248,0.687184,3.845504,-0.058762,0.604482,-0.793798,-0.029279,0.060241
1540581069.153620047,0.685051,3.861002,-0.060195,0.604637,-0.793790,-0.030842,0.057960
1540581069.187036196,0.683052,3.876807,-0.061174,0.605760,-0.793073,-0.034030,0.054147
1540581069.221240919,0.680756,3.893983,-0.061934,0.607054,-0.792183,-0.035488,0.051699
1540581069.255841443,0.678171,3.911995,-0.063225,0.607284,-0.792188,-0.035929,0.048518
1540581069.287861404,0.676244,3.929215,-0.064032,0.607524,-0.792307,-0.032994,0.045554
1540581069.322426578,0.673741,3.948161,-0.063203,0.607799,-0.792391,-0.028203,0.043614
1540581069.354793877,0.667524,3.940339,-0.038007,0.607436,-0.792915,-0.023598,0.041834
1540581069.388937125,0.612342,3.844868,-0.003088,0.606866,-0.793597,-0.021423,0.038188
1540581069.422312612,0.613427,3.797282,-0.001175,0.606745,-0.793884,-0.021208,0.034046
1540581069.455091660,0.614061,3.836827,0.000987,0.606556,-0.794160,-0.020572,0.031244
1540581069.489902809,0.618327,3.870425,0.002650,0.605070,-0.795441,-0.020191,0.027501
1540581069.522588420,0.623169,3.880584,0.002191,0.605200,-0.795439,-0.020237,0.024515
1540581069.557175031,0.629382,3.893324,0.004095,0.605921,-0.794921,-0.021509,0.022307
1540581069.590246693,0.627693,3.908404,0.005107,0.605022,-0.795712,-0.020570,0.019187
1540581069.624146579,0.625243,3.923337,0.005355,0.604916,-0.795886,-0.018941,0.016830
1540581069.657464378,0.622825,3.937285,0.005864,0.605461,-0.795505,-0.019396,0.014558
1540581069.691388564,0.618555,3.949108,0.007486,0.605438,-0.795594,-0.018052,0.012206
1540581069.724819637,0.610732,3.962145,0.010316,0.605147,-0.795909,-0.013966,0.011417
1540581069.758441849,0.608187,3.975334,0.012833,0.605171,-0.795948,-0.009702,0.011879
1540581069.791918597,0.602206,3.986210,0.013157,0.604127,-0.796762,-0.007658,0.011915
1540581069.824486596,0.600809,3.998895,0.015374,0.603497,-0.797260,-0.002341,0.012736
1540581069.859346582,0.600927,4.011855,0.015482,0.603479,-0.797256,0.001364,0.013941
1540581069.891950006,0.601131,4.023339,0.015170,0.603928,-0.796913,0.000640,0.014146
1540581069.926289005,0.605279,4.033463,0.016232,0.604168,-0.796719,-0.004110,0.014247
1540581069.960394754,0.606273,4.045832,0.015421,0.604546,-0.796395,-0.009360,0.013809
1540581069.993157115,0.599059,3.919965,-0.002175,0.603742,-0.796837,-0.017502,0.015499
1540581070.027260138,0.591553,3.787900,-0.016744,0.603426,-0.797035,-0.019538,0.015193
1540581070.060203225,0.600531,3.905870,-0.010256,0.603780,-0.796641,-0.024509,0.014570
1540581070.094474286,0.592781,3.943479,-0.016088,0.604899,-0.795734,-0.025170,0.016466
1540581070.129813560,0.584616,3.983580,-0.017766,0.606177,-0.794704,-0.025004,0.019224
1540581070.161418058,0.572282,4.045266,-0.020268,0.606613,-0.794320,-0.025348,0.020835
1540581070.195208545,0.564519,4.082206,-0.025100,0.607685,-0.793440,-0.025023,0.023377
1540581070.230436356,0.559766,4.112351,-0.028179,0.608343,-0.792856,-0.023934,0.026938
1540581070.262420592,0.553756,4.143351,-0.032326,0.608282,-0.792797,-0.024084,0.029778
1540581070.296183528,0.545215,4.182769,-0.035631,0.608127,-0.792703,-0.028330,0.031641
1540581070.329605339,0.541627,4.209093,-0.033210,0.607517,-0.792839,-0.034907,0.033322
1540581070.365587126,0.547244,4.182758,-0.027996,0.606879,-0.793083,-0.037316,0.036402
1540581070.396077987,0.557053,4.164394,-0.021900,0.605584,-0.794051,-0.033503,0.040371
1540581070.430904973,0.564830,4.173205,-0.014557,0.603579,-0.795536,-0.025316,0.046637
1540581070.463275772,0.568507,4.211816,-0.009341,0.602671,-0.796013,-0.020674,0.052185
1540581070.496752558,0.581028,4.236138,0.000344,0.601911,-0.796347,-0.021268,0.055514
1540581070.530572007,0.573628,4.313146,0.001550,0.601474,-0.796448,-0.023281,0.057946
1540581070.563671843,0.574911,4.334815,0.002524,0.601457,-0.796180,-0.026350,0.060441
1540581070.597745154,0.575349,4.328807,0.001201,0.601344,-0.795969,-0.032880,0.061135
1540581070.631325665,0.574281,4.342115,0.000265,0.601165,-0.795824,-0.038389,0.061568
1540581070.666086077,0.582120,4.358887,0.001681,0.600855,-0.795836,-0.040379,0.063148
1540581070.716387800,0.591220,4.358877,0.003804,0.600899,-0.795727,-0.040757,0.063859
1540581070.748020661,0.598013,4.370806,0.004546,0.600609,-0.795922,-0.041531,0.063657
1540581070.781731810,0.597983,4.390817,0.004057,0.600377,-0.796149,-0.040771,0.063493
1540581070.814419808,0.598175,4.415595,0.004485,0.600045,-0.796517,-0.038554,0.063407
1540581070.849692745,0.596554,4.434066,0.002100,0.599921,-0.796782,-0.034812,0.063419
1540581070.918775317,0.598232,4.463754,0.000840,0.600583,-0.796534,-0.032907,0.061238
1540581070.949230453,0.602932,4.465465,0.001798,0.601295,-0.796058,-0.035461,0.058974
1540581070.981646927,0.605815,4.433028,0.002459,0.601442,-0.796018,-0.036969,0.057059
1540581071.016641613,0.609868,4.418397,0.005176,0.602261,-0.795518,-0.036652,0.055587
1540581071.047777925,0.609280,4.435155,0.004448,0.603071,-0.795021,-0.035551,0.054616
1540581071.082065686,0.608612,4.454168,0.003021,0.603314,-0.795020,-0.034774,0.052395
1540581071.114959247,0.607666,4.473180,0.002125,0.604434,-0.794336,-0.035178,0.049517
1540581071.148250183,0.606027,4.493334,0.001202,0.605581,-0.793590,-0.036403,0.046490
1540581071.181954407,0.603985,4.514149,-0.000110,0.605889,-0.793484,-0.037511,0.043285
1540581071.216224468,0.601636,4.535846,-0.001362,0.606303,-0.793327,-0.038435,0.039396
1540581071.248427529,0.600173,4.556033,-0.004593,0.606798,-0.793058,-0.039735,0.035727
1540581071.282564991,0.591419,4.571622,-0.008365,0.606380,-0.793418,-0.043463,0.030037
1540581071.314810339,0.587406,4.596354,-0.007317,0.606099,-0.793567,-0.047689,0.024938
1540581071.349144926,0.586576,4.610101,-0.003101,0.605255,-0.794194,-0.049889,0.020821
1540581071.381835024,0.581353,4.639667,-0.001934,0.604359,-0.794894,-0.051087,0.016844
1540581071.415685773,0.586784,4.645287,0.002433,0.603012,-0.796136,-0.048358,0.014310
1540581071.448808122,0.586596,4.665684,0.007038,0.602735,-0.796711,-0.042288,0.013157
1540581071.482577820,0.599257,4.700132,0.017560,0.602630,-0.796959,-0.039428,0.011795
1540581071.515196857,0.590709,4.719468,0.008263,0.601528,-0.797908,-0.037381,0.010436
1540581071.548873093,0.595689,4.758422,0.012130,0.601633,-0.797984,-0.034367,0.008817
1540581071.582287279,0.599144,4.777178,0.014470,0.601887,-0.797919,-0.031507,0.008033
1540581071.614853678,0.593875,4.770285,0.009145,0.601452,-0.798299,-0.030540,0.006453
1540581071.648338952,0.591590,4.771663,0.015088,0.600932,-0.798787,-0.027912,0.006370
1540581071.682835338,0.591683,4.752011,0.020157,0.600745,-0.799045,-0.024130,0.007036
1540581071.715557049,0.594254,4.755412,0.026278,0.600332,-0.799462,-0.019882,0.008117
1540581071.748325585,0.591893,4.777168,0.034614,0.600608,-0.799340,-0.015170,0.009800
1540581071.782011734,0.585800,4.802183,0.032456,0.601184,-0.798925,-0.012442,0.011930
1540581071.815606320,0.595134,4.776501,0.045544,0.604496,-0.796390,-0.013239,0.013105
1540581071.849149694,0.594277,4.798198,0.048922,0.605195,-0.795794,-0.015421,0.014571
1540581071.882463643,0.590516,4.827383,0.049572,0.605841,-0.795205,-0.017760,0.017004
1540581071.915220291,0.587130,4.860555,0.050468,0.606546,-0.794585,-0.019520,0.018837
1540581071.949524353,0.580415,4.899922,0.051107,0.606996,-0.794165,-0.020100,0.021289
1540581071.982663476,0.574759,4.927679,0.052003,0.607082,-0.794027,-0.018966,0.024754
1540581072.016063675,0.566610,4.957885,0.047640,0.607456,-0.793665,-0.017039,0.028329
1540581072.049450699,0.557077,4.990539,0.042879,0.607795,-0.793323,-0.015414,0.031408
1540581072.082208848,0.552504,5.033056,0.041158,0.607731,-0.793237,-0.016460,0.034164
1540581072.115388471,0.554369,5.062303,0.045538,0.607663,-0.793105,-0.020600,0.036130
1540581072.149285633,0.550246,5.089514,0.043009,0.607437,-0.793037,-0.026304,0.037707
1540581072.183249969,0.541229,5.135168,0.038361,0.606896,-0.793213,-0.030426,0.039562
1540581072.215986842,0.532933,5.175446,0.035662,0.605489,-0.794118,-0.031359,0.042145
1540581072.249605416,0.533163,5.200349,0.039277,0.604401,-0.794778,-0.031230,0.045304
1540581072.282205527,0.531257,5.231751,0.040690,0.603430,-0.795293,-0.032603,0.048150
1540581072.315699526,0.525626,5.284742,0.042475,0.603009,-0.795341,-0.036421,0.049866
1540581072.349271212,0.524365,5.306469,0.033923,0.602569,-0.795390,-0.040472,0.051254
1540581072.382624236,0.508825,5.321959,0.017237,0.601505,-0.795940,-0.043663,0.052580
1540581072.415806772,0.506120,5.344037,0.012410,0.601197,-0.795956,-0.047094,0.052906
1540581072.449351796,0.501387,5.375330,0.008092,0.601543,-0.795481,-0.050270,0.053188
1540581072.483416195,0.499098,5.401254,0.007144,0.601199,-0.795706,-0.049598,0.054325
1540581072.516167906,0.497092,5.423318,0.006921,0.600489,-0.796446,-0.043728,0.056340
1540581072.549408042,0.503067,5.436830,0.004392,0.600269,-0.796793,-0.035806,0.059287
1540581072.582741078,0.518010,5.437044,0.011905,0.599983,-0.797111,-0.031823,0.060181
1540581072.615448502,0.517710,5.431782,0.003264,0.599513,-0.797445,-0.033947,0.059274
1540581072.649345851,0.512098,5.439722,-0.007848,0.601052,-0.796173,-0.038534,0.057966
1540581072.682565137,0.527097,5.442319,0.004273,0.602571,-0.794946,-0.042039,0.056594
1540581072.716198098,0.543033,5.429881,0.010092,0.603765,-0.794134,-0.041246,0.055845
1540581072.752016060,0.536208,5.458856,0.009602,0.604565,-0.793690,-0.037874,0.055883
1540581072.783813646,0.546302,5.461414,0.014922,0.605196,-0.793317,-0.036232,0.055429
1540581072.818480494,0.545741,5.478891,0.013273,0.605802,-0.792947,-0.037826,0.052988
1540581072.850859768,0.544972,5.501520,0.011659,0.606689,-0.792262,-0.041890,0.049938
1540581072.886685354,0.553816,5.508887,0.009295,0.608120,-0.791021,-0.047772,0.046845
1540581072.918231341,0.550473,5.528170,0.008899,0.609264,-0.789995,-0.053462,0.042985
1540581072.952072202,0.536541,5.565146,0.005769,0.610077,-0.789296,-0.057296,0.039176
1540581072.986372701,0.541949,5.584891,0.006049,0.609703,-0.789795,-0.055853,0.036957
1540581073.019706812,0.544257,5.604880,0.009449,0.609376,-0.790426,-0.051096,0.035741
1540581073.052610198,0.544338,5.628896,0.011916,0.608669,-0.791291,-0.047420,0.033646
1540581073.085380197,0.547167,5.642677,0.017474,0.607692,-0.792273,-0.045329,0.030963
1540581073.120187420,0.535856,5.680698,0.026758,0.606846,-0.793176,-0.042670,0.028105
1540581073.151961607,0.538968,5.693849,0.032356,0.605859,-0.794215,-0.038576,0.025869
1540581073.187464855,0.546991,5.703929,0.039504,0.605819,-0.794556,-0.033641,0.023096
1540581073.219116729,0.548108,5.727704,0.038131,0.605345,-0.795126,-0.030062,0.020712
1540581073.252824128,0.554434,5.732960,0.041334,0.604986,-0.795587,-0.026353,0.018387
1540581073.287228039,0.556898,5.751871,0.041206,0.605132,-0.795685,-0.020530,0.016680
1540581073.319262613,0.564689,5.765193,0.041792,0.604365,-0.796435,-0.013324,0.016008
1540581073.353434287,0.570537,5.775200,0.043082,0.603840,-0.796914,-0.009184,0.014868
1540581073.387104985,0.575957,5.795331,0.047187,0.603697,-0.797067,-0.007808,0.013148
1540581073.419939372,0.581127,5.820430,0.049373,0.603853,-0.796982,-0.006506,0.011777
1540581073.454992133,0.581710,5.832965,0.048635,0.603150,-0.797536,-0.004586,0.011177
1540581073.487216006,0.589110,5.845116,0.047393,0.603011,-0.797657,-0.002222,0.010819
1540581073.521720605,0.586054,5.865146,0.047998,0.604199,-0.796763,0.000208,0.010610
1540581073.555642816,0.599476,5.930382,0.049040,0.603470,-0.797313,-0.000238,0.010803
1540581073.588668865,0.596868,5.965019,0.052735,0.603964,-0.796952,-0.001938,0.009559
1540581073.621979126,0.589646,5.989438,0.050112,0.604698,-0.796392,-0.005178,0.008591
1540581073.655304525,0.591695,6.012036,0.048857,0.605637,-0.795645,-0.009719,0.007633
1540581073.689394674,0.575628,6.073239,0.038200,0.605476,-0.795704,-0.014588,0.006498
1540581073.724162760,0.580177,6.106804,0.032349,0.606380,-0.794976,-0.016423,0.006833
1540581073.756130446,0.581575,6.114106,0.023895,0.607178,-0.794363,-0.015637,0.008813
1540581073.789829907,0.585038,6.136495,0.021658,0.607709,-0.793966,-0.013680,0.011011
1540581073.824144594,0.588900,6.163183,0.019926,0.608211,-0.793572,-0.012033,0.013307
1540581073.856981567,0.592375,6.188584,0.017903,0.608933,-0.792964,-0.011996,0.016281
1540581073.891498029,0.590028,6.164441,0.003507,0.609371,-0.792521,-0.016214,0.017749
1540581073.923933002,0.592103,6.185589,0.002008,0.610304,-0.791642,-0.021379,0.019332
1540581073.957495539,0.593822,6.221598,-0.000828,0.609846,-0.791778,-0.027299,0.020750
1540581073.991338000,0.596449,6.255180,-0.002931,0.608983,-0.792138,-0.034216,0.022059
1540581074.026685261,0.594382,6.280485,-0.006238,0.608254,-0.792382,-0.039599,0.024278
1540581074.059214997,0.558968,6.352307,-0.000891,0.607320,-0.792967,-0.040361,0.027146
1540581074.092087571,0.555902,6.404235,-0.000390,0.606100,-0.793848,-0.038909,0.030565
1540581074.126240432,0.553289,6.439198,0.000353,0.605241,-0.794376,-0.038334,0.034375
1540581074.159207731,0.538891,6.467414,0.002313,0.605041,-0.794274,-0.040727,0.037356
1540581074.193286755,0.525453,6.494759,0.002694,0.604629,-0.794182,-0.046620,0.039056
1540581074.226936628,0.514148,6.520742,0.002782,0.604196,-0.793986,-0.053905,0.040329
1540581074.260567327,0.504019,6.543140,-0.004785,0.603843,-0.793757,-0.059897,0.041653
1540581074.295270976,0.495309,6.586140,-0.009863,0.603574,-0.793803,-0.060629,0.043587
1540581074.328076537,0.480706,6.673387,-0.012249,0.602600,-0.794716,-0.055769,0.046792
1540581074.361941361,0.476123,6.708733,-0.015425,0.602101,-0.795425,-0.047054,0.050585
1540581074.395737734,0.470152,6.728484,-0.012329,0.601445,-0.796032,-0.041040,0.053970
1540581074.428169096,0.471110,6.736919,-0.011670,0.601249,-0.796062,-0.041430,0.055390
1540581074.463440382,0.468846,6.759015,-0.011139,0.602315,-0.795001,-0.047048,0.054550
1540581074.495487606,0.464840,6.776861,-0.011688,0.602830,-0.794321,-0.052541,0.053749
1540581074.528822517,0.465338,6.770486,-0.013428,0.603501,-0.793694,-0.055194,0.052818
1540581074.563368203,0.461579,6.796901,-0.012993,0.604179,-0.793237,-0.054461,0.052699
1540581074.596059502,0.456810,6.827464,-0.015778,0.604737,-0.793003,-0.051970,0.052332
1540581074.630554588,0.457112,6.865782,-0.016922,0.605146,-0.792818,-0.050777,0.051582
1540581074.663592724,0.455308,6.902107,-0.014734,0.605785,-0.792314,-0.053188,0.049337
1540581074.697253660,0.449297,6.938059,-0.016505,0.606925,-0.791373,-0.056992,0.046082
1540581074.731050859,0.445361,6.971267,-0.016321,0.607271,-0.790945,-0.061526,0.042922
1540581074.764581108,0.438372,7.010329,-0.021787,0.606759,-0.791168,-0.066586,0.038255
1540581074.797852581,0.431793,7.049720,-0.024482,0.606510,-0.791258,-0.069466,0.035079
1540581074.831808530,0.429599,7.114184,-0.025437,0.605013,-0.792384,-0.071012,0.032313
1540581074.865929004,0.417551,7.184616,-0.026383,0.603992,-0.793347,-0.069910,0.030115
1540581074.898942665,0.408440,7.235801,-0.023617,0.602612,-0.794795,-0.065823,0.028757
1540581074.931818239,0.402814,7.276858,-0.021857,0.600861,-0.796719,-0.058157,0.028676
1540581074.967291713,0.403193,7.287316,-0.016730,0.599976,-0.798005,-0.048777,0.028928
1540581074.999516761,0.416457,7.282693,-0.007646,0.599980,-0.798397,-0.041814,0.028940
1540581075.033939472,0.428053,7.262108,0.002389,0.599949,-0.798672,-0.037026,0.028514
1540581075.066765584,0.432116,7.274379,0.004484,0.599125,-0.799497,-0.032525,0.028197
1540581075.100684932,0.429311,7.298703,0.006066,0.599328,-0.799504,-0.029303,0.027229
1540581075.133475269,0.421330,7.320801,0.005478,0.599474,-0.799420,-0.029971,0.025697
1540581075.167646255,0.424020,7.343395,0.005721,0.598633,-0.800046,-0.031135,0.024410
1540581075.219990978,0.420618,7.345192,0.006808,0.598782,-0.800019,-0.029916,0.023121
1540581075.270442401,0.426368,7.349981,0.008408,0.598491,-0.800390,-0.025089,0.023563
1540581075.318850187,0.435971,7.374084,0.011525,0.599691,-0.799540,-0.023515,0.023552
1540581075.350675623,0.429002,7.393264,0.008077,0.600771,-0.798646,-0.027005,0.022571
1540581075.384042884,0.423673,7.392332,0.002810,0.601356,-0.798024,-0.033333,0.020448
1540581075.418327570,0.412776,7.436621,-0.004419,0.601672,-0.797544,-0.039410,0.019019
1540581075.450744069,0.399162,7.501073,-0.010018,0.602888,-0.796522,-0.041426,0.019067
1540581075.483957868,0.392059,7.534528,-0.012784,0.603207,-0.796315,-0.040221,0.020147
1540581075.517135179,0.393434,7.564846,-0.016023,0.603510,-0.796220,-0.035628,0.023228
1540581075.550846240,0.394460,7.578746,-0.016510,0.604263,-0.795750,-0.030479,0.026807
1540581075.584519626,0.390971,7.601128,-0.019949,0.604874,-0.795251,-0.029329,0.029017
1540581075.618043075,0.390200,7.623011,-0.021304,0.605275,-0.794807,-0.031114,0.030928
1540581075.651016149,0.381267,7.659598,-0.021432,0.605863,-0.794130,-0.035006,0.032596
1540581075.684346860,0.362947,7.714099,-0.029862,0.605823,-0.793834,-0.041362,0.033096
1540581075.717594596,0.358941,7.740119,-0.035049,0.605215,-0.793866,-0.049407,0.032409
1540581075.751512583,0.349336,7.777705,-0.041406,0.605194,-0.793463,-0.054494,0.034464
1540581075.785172681,0.343357,7.815855,-0.041894,0.604055,-0.794098,-0.055953,0.037359
1540581075.817664480,0.338524,7.862131,-0.038697,0.602465,-0.795267,-0.053863,0.041053
1540581075.851708354,0.337500,7.904661,-0.035333,0.601227,-0.796307,-0.048696,0.045283
1540581075.884475640,0.333773,7.971627,-0.032659,0.600029,-0.797214,-0.044311,0.049514
1540581075.917591951,0.327869,8.025127,-0.035260,0.598752,-0.797946,-0.044825,0.052620
1540581075.951721737,0.320409,8.067062,-0.038888,0.598568,-0.797813,-0.048654,0.053316
1540581075.984554111,0.311463,8.137996,-0.041355,0.598719,-0.797427,-0.051554,0.054668
1540581076.017725260,0.301813,8.187134,-0.049276,0.598033,-0.797657,-0.053445,0.056948
1540581076.053240784,0.296667,8.239642,-0.055373,0.597693,-0.797579,-0.057909,0.057241
1540581076.085415957,0.294635,8.306474,-0.050389,0.597542,-0.797347,-0.062122,0.057637
1540581076.118411456,0.289019,8.339759,-0.049644,0.597217,-0.797517,-0.061041,0.059765
1540581076.150841005,0.280931,8.369600,-0.050400,0.596507,-0.798313,-0.054844,0.062197
1540581076.184690279,0.273897,8.395539,-0.043968,0.595342,-0.799490,-0.045887,0.065406
1540581076.218321965,0.277550,8.404795,-0.038344,0.594473,-0.800251,-0.039463,0.068135
1540581076.251517451,0.276856,8.418110,-0.039085,0.594377,-0.800360,-0.038115,0.068468
1540581076.284500800,0.286715,8.388735,-0.043367,0.593781,-0.800777,-0.039567,0.067933
1540581076.320051736,0.288898,8.362029,-0.045551,0.594595,-0.800099,-0.040270,0.068380
1540581076.351454372,0.289224,8.369706,-0.044400,0.594550,-0.800230,-0.037769,0.068669
1540581076.385620996,0.292989,8.369114,-0.039565,0.594846,-0.800153,-0.031727,0.070049
1540581076.418264820,0.308330,8.360243,-0.026649,0.595077,-0.800031,-0.027794,0.071143
1540581076.453459318,0.305037,8.360916,-0.029948,0.595764,-0.799585,-0.029490,0.069711
1540581076.485306817,0.306894,8.360900,-0.030627,0.596733,-0.798852,-0.034014,0.067733
1540581076.518607903,0.302108,8.388676,-0.032426,0.597514,-0.798266,-0.038280,0.065446
1540581076.551603440,0.296606,8.397047,-0.043288,0.598250,-0.797762,-0.040060,0.063782
1540581076.584993851,0.302016,8.403769,-0.044101,0.598276,-0.797844,-0.039827,0.062647
1540581076.618710200,0.298443,8.410319,-0.043585,0.598235,-0.797983,-0.039650,0.061358
1540581076.651353198,0.301452,8.425578,-0.038054,0.598249,-0.797995,-0.042011,0.059469
1540581076.685445209,0.298061,8.453243,-0.036257,0.597414,-0.798566,-0.046786,0.056567
1540581076.718529971,0.292089,8.476545,-0.039560,0.597087,-0.798731,-0.050875,0.054102
1540581076.752434844,0.285301,8.498734,-0.044149,0.596843,-0.798891,-0.053166,0.052205
1540581076.785458643,0.279298,8.518834,-0.042789,0.596447,-0.799418,-0.050460,0.051338
1540581076.817948292,0.275243,8.545769,-0.040267,0.596391,-0.799815,-0.044051,0.051700
1540581076.852080041,0.269669,8.573946,-0.035334,0.596233,-0.800229,-0.037588,0.052213
1540581076.885532614,0.266515,8.599630,-0.030384,0.596101,-0.800520,-0.033687,0.051930
1540581076.918975526,0.266113,8.622243,-0.019157,0.596067,-0.800680,-0.033268,0.050096
1540581076.951444424,0.269087,8.635400,-0.012557,0.596280,-0.800572,-0.033373,0.049207
1540581076.985648423,0.272381,8.638220,-0.009475,0.596007,-0.800854,-0.032948,0.048200
1540581077.018464672,0.283788,8.656548,-0.004174,0.596196,-0.800750,-0.031514,0.048542
1540581077.051772208,0.313271,8.674267,0.012512,0.596669,-0.800357,-0.030238,0.050000
1540581077.085193769,0.314787,8.696450,0.011582,0.597208,-0.799987,-0.030246,0.049490
1540581077.118175368,0.314460,8.683373,0.014365,0.598723,-0.798795,-0.033417,0.048386
1540581077.151780329,0.311801,8.679988,0.011796,0.599771,-0.797816,-0.039786,0.046709
1540581077.185520840,0.304647,8.696626,0.005527,0.600539,-0.796995,-0.046929,0.044155
1540581077.218358152,0.301788,8.710003,-0.000638,0.602028,-0.795592,-0.052114,0.043358
1540581077.252281625,0.302525,8.733862,-0.002294,0.602726,-0.794859,-0.055086,0.043431
1540581077.286121874,0.307600,8.757013,-0.007611,0.602973,-0.794604,-0.054858,0.044916
1540581077.319790910,0.310193,8.783514,-0.009719,0.603393,-0.794414,-0.050736,0.047428
1540581077.354943709,0.315423,8.811288,-0.013055,0.603836,-0.794151,-0.045883,0.051011
1540581077.386438658,0.327947,8.834644,-0.016005,0.603870,-0.794087,-0.042928,0.054080
1540581077.422341419,0.344830,8.778393,-0.020013,0.604041,-0.793872,-0.040585,0.057052
1540581077.457170893,0.339541,8.757028,-0.018676,0.603998,-0.793627,-0.045352,0.057317
1540581077.486060579,0.326686,8.791216,-0.013764,0.603570,-0.793367,-0.055896,0.056103
1540581077.520006890,0.310301,8.892710,-0.012878,0.602827,-0.792876,-0.070980,0.053930
1540581077.553824501,0.291156,8.995481,-0.021008,0.601974,-0.792468,-0.082696,0.052751
1540581077.588014200,0.279840,9.096017,-0.026509,0.601297,-0.792391,-0.087076,0.054551
1540581077.620124849,0.274841,9.157600,-0.037805,0.600236,-0.792803,-0.089382,0.056494
1540581077.655279310,0.276968,9.195669,-0.044372,0.599782,-0.793004,-0.089039,0.058976
1540581077.687615559,0.263124,9.228860,-0.048303,0.599334,-0.793601,-0.084115,0.062614
1540581077.723688657,0.257829,9.291051,-0.051516,0.598859,-0.794002,-0.080777,0.066369
1540581077.757951144,0.249440,9.330796,-0.052176,0.598309,-0.794311,-0.081463,0.066787
1540581077.791137780,0.241196,9.388874,-0.053774,0.598182,-0.793952,-0.086145,0.066318
1540581077.822269216,0.251463,9.420739,-0.052646,0.598225,-0.793557,-0.089096,0.066754
1540581077.855688827,0.260485,9.446850,-0.053505,0.597908,-0.794153,-0.084353,0.068643
1540581077.888675664,0.263045,9.447525,-0.050239,0.596918,-0.795820,-0.072087,0.071852
1540581077.923243025,0.277331,9.387924,-0.042039,0.596313,-0.797087,-0.057906,0.075570
1540581077.955735761,0.290716,9.329318,-0.027002,0.596221,-0.797608,-0.048725,0.077258
1540581077.989618410,0.282938,9.331943,-0.021241,0.596585,-0.797506,-0.045582,0.077406
1540581078.024199796,0.295485,9.337550,-0.016630,0.597258,-0.796932,-0.048542,0.076321
1540581078.059299057,0.293780,9.363984,-0.018065,0.597891,-0.796401,-0.051766,0.074777
1540581078.092896331,0.292083,9.389875,-0.019081,0.598767,-0.795759,-0.051843,0.074552
1540581078.123762242,0.290769,9.413851,-0.020366,0.599002,-0.795717,-0.050860,0.073782
1540581078.158014403,0.290437,9.441332,-0.022036,0.598937,-0.795908,-0.049910,0.072890
1540581078.191319590,0.288160,9.468513,-0.023648,0.599875,-0.795190,-0.051710,0.071756
1540581078.225265588,0.285528,9.496817,-0.025518,0.601239,-0.794071,-0.057357,0.068358
1540581078.258714974,0.283686,9.525586,-0.027172,0.601976,-0.793353,-0.063447,0.064736
1540581078.292153836,0.310018,9.543047,-0.016855,0.602804,-0.792617,-0.068617,0.060641
1540581078.325683484,0.303198,9.567924,-0.022689,0.603363,-0.792057,-0.073376,0.056699
1540581078.360206771,0.291989,9.613970,-0.024406,0.603098,-0.792357,-0.074841,0.053315
1540581078.392554857,0.289346,9.656569,-0.028338,0.602601,-0.792914,-0.074532,0.051032
1540581078.426441143,0.282248,9.692731,-0.027148,0.602271,-0.793563,-0.072162,0.048161
1540581078.460143167,0.274886,9.719904,-0.020393,0.601351,-0.794849,-0.067002,0.045853
1540581078.493770240,0.273744,9.724059,-0.009459,0.600648,-0.796031,-0.059966,0.044276
1540581078.527743052,0.272106,9.721335,-0.002119,0.601037,-0.796190,-0.055571,0.041803
1540581078.560663075,0.276211,9.746146,0.004062,0.600804,-0.796538,-0.055382,0.038666
1540581078.594719199,0.279521,9.775680,0.005461,0.600384,-0.797068,-0.054070,0.036025
1540581078.628132910,0.279896,9.802540,-0.000884,0.601091,-0.796863,-0.049745,0.034984
1540581078.661794034,0.282084,9.827362,-0.000183,0.601148,-0.797362,-0.040710,0.034328
1540581078.695418858,0.287223,9.819282,0.003578,0.600180,-0.798543,-0.030598,0.034304
1540581078.728612019,0.290974,9.790717,0.009613,0.599999,-0.798938,-0.022865,0.034302
1540581078.762534030,0.302441,9.803385,0.018186,0.600260,-0.798851,-0.017689,0.034807
1540581078.796032229,0.319217,9.811502,0.024025,0.599579,-0.799432,-0.014224,0.034800
1540581078.829665128,0.331187,9.822879,0.026822,0.600052,-0.799125,-0.012725,0.034273
1540581078.863094801,0.356014,9.807953,0.030699,0.600799,-0.798546,-0.014367,0.034030
1540581078.897407025,0.361950,9.685027,0.030361,0.601289,-0.798164,-0.017477,0.032858
1540581078.930936849,0.357038,9.679006,0.031439,0.601955,-0.797639,-0.020113,0.031887
1540581078.964445060,0.351555,9.674792,0.027963,0.603037,-0.796764,-0.022973,0.031403
1540581078.998197784,0.347627,9.689159,0.026139,0.603665,-0.796206,-0.026061,0.031072
1540581079.032116370,0.339376,9.721943,0.022781,0.604396,-0.795580,-0.028596,0.030654
1540581079.065586531,0.336095,9.773098,0.021616,0.605470,-0.794663,-0.030269,0.031629
1540581079.098464517,0.336773,9.796211,0.019826,0.606258,-0.793971,-0.031020,0.033149
1540581079.131958816,0.337186,9.820329,0.018221,0.607006,-0.793300,-0.031884,0.034667
1540581079.165484977,0.337152,9.845971,0.016435,0.608140,-0.792244,-0.034341,0.036558
1540581079.201341163,0.327674,9.873759,0.010585,0.608749,-0.791510,-0.038824,0.037815
1540581079.233718900,0.307462,9.906605,0.000702,0.608733,-0.791252,-0.043834,0.037986
1540581079.266306186,0.297956,9.940496,-0.001381,0.608812,-0.790865,-0.048798,0.038708
1540581079.299641872,0.292420,9.979596,0.003713,0.608984,-0.790283,-0.055163,0.039363
1540581079.333350233,0.289849,10.024769,0.004705,0.607740,-0.790768,-0.061020,0.040172
1540581079.367016707,0.281120,10.078225,0.004848,0.607030,-0.790980,-0.064698,0.040969
1540581079.400627631,0.264816,10.132663,0.000659,0.606571,-0.791220,-0.064293,0.043694
1540581079.434194367,0.260955,10.204357,0.001422,0.605454,-0.792132,-0.061620,0.046428
1540581079.468147778,0.258977,10.246909,0.002712,0.604923,-0.792549,-0.058953,0.049590
1540581079.501157802,0.258952,10.276518,0.002539,0.604578,-0.792656,-0.058617,0.052398
1540581079.535168163,0.269420,10.308199,0.001634,0.603999,-0.792850,-0.060218,0.054298
1540581079.568524962,0.279490,10.337933,-0.002183,0.604055,-0.792576,-0.062265,0.055349
1540581079.603244323,0.278588,10.367185,-0.004988,0.603656,-0.792486,-0.066974,0.055499
1540581079.635868447,0.278838,10.395351,-0.006167,0.603293,-0.792509,-0.069508,0.055995
1540581079.670256221,0.262910,10.468784,-0.008827,0.603545,-0.792659,-0.063774,0.057946
1540581079.702802832,0.261837,10.496691,-0.010400,0.603136,-0.793417,-0.055238,0.060546
1540581079.737900756,0.267060,10.533342,-0.008217,0.602644,-0.794047,-0.049662,0.061997
1540581079.770967392,0.267595,10.564412,-0.008023,0.603266,-0.793520,-0.050186,0.062270
1540581079.821973165,0.268930,10.607914,-0.008299,0.603167,-0.793590,-0.052239,0.060631
1540581079.853152839,0.268712,10.630952,-0.003878,0.602906,-0.794130,-0.045340,0.061700
1540581079.886444137,0.271966,10.667298,0.003979,0.603021,-0.794544,-0.031098,0.064025
1540581079.919859336,0.284954,10.706843,0.008914,0.602251,-0.795358,-0.017893,0.066181
1540581079.953905672,0.290385,10.757813,0.012092,0.601824,-0.795777,-0.010380,0.066628
1540581079.988956696,0.289398,10.802745,0.007943,0.603381,-0.794756,-0.012149,0.064399
1540581080.020443495,0.287295,10.816753,0.004554,0.604555,-0.794036,-0.019598,0.060303
1540581080.054347531,0.281503,10.844162,0.001851,0.605284,-0.793600,-0.026910,0.055742
1540581080.088549530,0.271919,10.861860,-0.001125,0.605811,-0.793289,-0.030687,0.052387
1540581080.121276103,0.270481,10.880537,0.001882,0.605929,-0.793373,-0.031514,0.049150
1540581080.154220302,0.268927,10.900487,0.004945,0.605898,-0.793591,-0.030024,0.046895
1540581080.186925301,0.274023,10.937318,0.009073,0.604800,-0.794612,-0.029417,0.044085
1540581080.220965012,0.274344,11.009080,0.014018,0.603910,-0.795448,-0.031798,0.039286
1540581080.254310248,0.281782,11.056064,0.026537,0.602897,-0.796313,-0.033705,0.035575
1540581080.287160997,0.277424,11.083577,0.028560,0.602401,-0.796865,-0.033069,0.032017
1540581080.320183496,0.276080,11.116201,0.032117,0.602275,-0.797240,-0.028081,0.029753
1540581080.354038020,0.276976,11.156390,0.038730,0.602474,-0.797257,-0.023985,0.028825
1540581080.387556393,0.270827,11.256259,0.041828,0.601951,-0.797787,-0.021925,0.026654
1540581080.420746354,0.270127,11.354879,0.046447,0.601707,-0.798144,-0.015228,0.026149
1540581080.454995478,0.270735,11.425109,0.050637,0.601934,-0.798037,-0.008461,0.027207
1540581080.487850902,0.268908,11.464224,0.055148,0.601338,-0.798528,-0.006208,0.026579
1540581080.522060276,0.276553,11.505214,0.052405,0.600922,-0.798869,-0.005098,0.025974
1540581080.553986774,0.270601,11.550111,0.051279,0.601192,-0.798676,-0.005202,0.025666
1540581080.587000986,0.261839,11.573059,0.046746,0.600763,-0.799015,-0.007850,0.024443
1540581080.620450222,0.252648,11.563178,0.039755,0.601561,-0.798396,-0.011639,0.023505
1540581080.655183483,0.243386,11.572000,0.034810,0.602625,-0.797547,-0.016359,0.022234
1540581080.687775682,0.234978,11.507642,0.026426,0.603421,-0.796888,-0.020503,0.020806
1540581080.720919943,0.233295,11.402203,0.017292,0.604560,-0.795939,-0.024088,0.020194
1540581080.754394217,0.225140,11.383650,0.013432,0.605330,-0.795293,-0.026915,0.018987
1540581080.787398503,0.217344,11.390312,0.008722,0.606143,-0.794599,-0.029677,0.017966
1540581080.820335802,0.211255,11.388139,0.005172,0.607061,-0.793832,-0.031078,0.018511
1540581080.853830300,0.203337,11.388020,0.004302,0.607608,-0.793440,-0.030436,0.018446
1540581080.888274749,0.197572,11.401342,0.003678,0.608355,-0.792956,-0.027241,0.019550
1540581080.920815523,0.192500,11.408672,0.001918,0.609025,-0.792534,-0.022165,0.022081
1540581080.954376359,0.190908,11.431421,0.001380,0.609381,-0.792284,-0.018961,0.024107
1540581080.987801045,0.189855,11.466493,-0.000846,0.609868,-0.791848,-0.019277,0.025807
1540581081.021562069,0.187969,11.497123,-0.004056,0.609910,-0.791661,-0.023438,0.027082
1540581081.054568593,0.190585,11.520382,-0.005018,0.609656,-0.791587,-0.030487,0.027926
1540581081.088899904,0.179888,11.539359,-0.003835,0.608866,-0.792018,-0.034540,0.028225
1540581081.123499165,0.176686,11.568855,0.000268,0.607445,-0.793028,-0.033346,0.031706
1540581081.154749364,0.172980,11.588067,-0.004908,0.606648,-0.793716,-0.026829,0.035677
1540581081.187778638,0.166887,11.614723,-0.001800,0.605190,-0.794900,-0.017209,0.039777
1540581081.221389399,0.164417,11.643238,0.001672,0.603532,-0.796028,-0.010289,0.044524
1540581081.254721985,0.158908,11.667244,0.004106,0.603076,-0.796242,-0.009056,0.047087
1540581081.287909009,0.152200,11.693980,0.003479,0.603893,-0.795498,-0.016400,0.047201
1540581081.321702995,0.145318,11.709366,-0.003720,0.604062,-0.795118,-0.030345,0.044459
1540581081.354376344,0.140149,11.713139,-0.007226,0.604312,-0.794445,-0.044341,0.041216
1540581081.387589030,0.124991,11.732912,-0.009185,0.605222,-0.793217,-0.054766,0.038915
1540581081.422906054,0.112300,11.758246,-0.010421,0.605352,-0.792977,-0.056109,0.039862
1540581081.456922690,0.118346,11.797935,-0.011018,0.604182,-0.794087,-0.050321,0.043100
1540581081.490132339,0.101881,11.845874,-0.008562,0.604026,-0.794408,-0.042646,0.047434
1540581081.524732400,0.098844,11.880410,-0.006391,0.603354,-0.794864,-0.041417,0.049398
1540581081.554860711,0.099560,11.896337,-0.008051,0.603851,-0.794301,-0.045158,0.049097
1540581081.589426372,0.092804,11.922142,-0.008894,0.604011,-0.793950,-0.049346,0.048768
1540581081.622164571,0.085248,11.962218,-0.008278,0.604064,-0.793843,-0.049304,0.049886
1540581081.656471357,0.083185,11.993546,-0.009033,0.604011,-0.793920,-0.046215,0.052206
1540581081.690168856,0.079412,12.028459,-0.009060,0.604087,-0.793885,-0.044680,0.053191
1540581081.724004880,0.079033,12.050396,-0.011243,0.604731,-0.793338,-0.045771,0.053104
1540581081.758938578,0.075278,12.077352,-0.012359,0.605407,-0.792619,-0.049235,0.053049
1540581081.790290890,0.073456,12.102456,-0.012922,0.605947,-0.792049,-0.052795,0.051961
1540581081.822723013,0.070251,12.127773,-0.015544,0.606572,-0.791521,-0.054334,0.051104
1540581081.855253150,0.060496,12.157681,-0.016983,0.606941,-0.791233,-0.054504,0.051015
1540581081.889224248,0.057469,12.195490,-0.018725,0.607359,-0.790866,-0.056501,0.049535
1540581081.922787547,0.046109,12.235194,-0.019524,0.606912,-0.791206,-0.058307,0.047452
1540581081.957126008,0.033376,12.303878,-0.018551,0.606689,-0.791382,-0.060018,0.045177
1540581081.989187632,0.029119,12.346015,-0.015760,0.605840,-0.792103,-0.061258,0.042163
1540581082.022729856,0.013874,12.378252,-0.014993,0.604671,-0.793147,-0.060875,0.039813
1540581082.058127955,0.007412,12.405417,-0.012332,0.603852,-0.793889,-0.060756,0.037586
1540581082.090678316,-0.004239,12.441042,-0.013567,0.603514,-0.794220,-0.061441,0.034796
1540581082.126196414,-0.018096,12.510794,-0.013189,0.603245,-0.794599,-0.060606,0.032182
1540581082.157286076,-0.024265,12.558417,-0.012417,0.603495,-0.794657,-0.058048,0.030728
1540581082.190505312,-0.016484,12.590089,-0.007780,0.603692,-0.794825,-0.054083,0.029740
1540581082.222853211,-0.012176,12.614810,-0.006365,0.603352,-0.795425,-0.049140,0.029175
1540581082.259470009,-0.002052,12.589423,-0.008485,0.602258,-0.796483,-0.045666,0.028550
1540581082.290281533,-0.007371,12.609334,-0.008797,0.602255,-0.796544,-0.045212,0.027614
1540581082.323607132,-0.006375,12.615941,-0.007911,0.602034,-0.796868,-0.042703,0.027070
1540581082.357466193,0.003323,12.564397,-0.007816,0.601416,-0.797602,-0.037031,0.027541
1540581082.391549704,0.012078,12.549592,-0.008363,0.601508,-0.797713,-0.031980,0.028608
1540581082.424520478,0.019692,12.546757,-0.008859,0.602228,-0.797232,-0.029753,0.029277
1540581082.458506327,0.021973,12.562161,-0.010296,0.602513,-0.797050,-0.028967,0.029165
1540581082.492377925,0.020812,12.609508,-0.011256,0.603487,-0.796289,-0.030161,0.028600
1540581082.526055387,0.022544,12.624864,-0.011977,0.604806,-0.795221,-0.032490,0.027884
1540581082.559430048,0.021981,12.643803,-0.015214,0.605323,-0.794757,-0.034738,0.027181
1540581082.592700284,0.021429,12.662264,-0.017701,0.605903,-0.794343,-0.034256,0.026990
1540581082.625921708,0.015422,12.695018,-0.019784,0.606753,-0.793752,-0.032203,0.027756
1540581082.659717682,0.016751,12.705254,-0.018509,0.607058,-0.793613,-0.028227,0.029347
1540581082.694384255,0.020473,12.715166,-0.014590,0.607041,-0.793713,-0.021428,0.032591
1540581082.727375729,0.023373,12.733641,-0.014045,0.606867,-0.793838,-0.016745,0.035419
1540581082.760527378,0.031764,12.782131,-0.010915,0.606379,-0.794129,-0.016752,0.037182
1540581082.794123489,0.025653,12.873757,-0.009858,0.605328,-0.794790,-0.022732,0.037003
1540581082.827379725,0.014527,12.916966,-0.012486,0.604363,-0.795222,-0.033368,0.035413
1540581082.861612261,0.006900,12.909767,-0.013093,0.603374,-0.795600,-0.041473,0.035223
1540581082.895483885,0.005031,12.905328,-0.011513,0.602220,-0.796374,-0.041876,0.036966
1540581082.928777484,0.008167,12.878743,-0.009200,0.601063,-0.797379,-0.035989,0.040182
1540581082.962523295,0.015867,12.892226,-0.004426,0.600386,-0.797868,-0.030699,0.044737
1540581082.995726194,0.015149,12.926167,-0.005558,0.600391,-0.797727,-0.031609,0.046509
1540581083.030013305,0.032448,12.802904,-0.000790,0.601316,-0.796746,-0.038756,0.045972
1540581083.063303916,0.036442,12.764707,-0.000875,0.601338,-0.796362,-0.045910,0.045742
1540581083.097346177,0.026065,12.835567,0.000162,0.601294,-0.796218,-0.048089,0.046575
1540581083.130624339,0.012031,12.903928,-0.000949,0.600395,-0.796944,-0.045750,0.048091
1540581083.163852837,0.009973,12.908608,-0.002884,0.600405,-0.796949,-0.042304,0.050949
1540581083.197493599,0.013475,12.859089,-0.004377,0.599977,-0.797210,-0.042118,0.052049
1540581083.230760435,0.017964,12.786486,-0.006675,0.600685,-0.796403,-0.046693,0.052341
1540581083.264611533,0.027800,12.669515,-0.009923,0.601371,-0.795465,-0.053412,0.052297
1540581083.298328795,0.021928,12.694355,-0.011044,0.601354,-0.795202,-0.057867,0.051759
1540581083.331495656,0.017807,12.709618,-0.012347,0.601839,-0.794656,-0.059272,0.052905
1540581083.365712217,0.012739,12.726909,-0.013754,0.602238,-0.794194,-0.060038,0.054414
1540581083.399697078,0.007533,12.743455,-0.015557,0.602647,-0.793698,-0.062078,0.054824
1540581083.432370177,0.002690,12.758130,-0.016183,0.603222,-0.793015,-0.065158,0.054814
1540581083.465989663,-0.001238,12.758436,-0.018541,0.604249,-0.791756,-0.070866,0.054625
1540581083.499579450,-0.002190,12.761471,-0.018410,0.604573,-0.790888,-0.077983,0.053907
1540581083.533678761,-0.010471,12.786471,-0.019877,0.604639,-0.790366,-0.083820,0.052039
1540581083.566974684,-0.018953,12.806943,-0.020654,0.604577,-0.790186,-0.086704,0.050749
1540581083.603573146,-0.026819,12.818277,-0.018106,0.603469,-0.791190,-0.085396,0.050504
1540581083.634837257,-0.040161,12.896534,-0.014864,0.603031,-0.791889,-0.082287,0.049938
1540581083.667662868,-0.063867,13.014294,-0.014582,0.602065,-0.793058,-0.078277,0.049497
1540581083.702391292,-0.076389,13.059815,-0.012684,0.601496,-0.793903,-0.074621,0.048504
1540581083.735558128,-0.090718,13.129619,-0.011535,0.601451,-0.794277,-0.071790,0.047189
1540581083.769471777,-0.091261,13.176483,-0.010584,0.601838,-0.794286,-0.068915,0.046383
1540581083.802862963,-0.101492,13.217860,-0.011760,0.602740,-0.793896,-0.065991,0.045606
1540581083.836091924,-0.108982,13.254682,-0.012051,0.603046,-0.793908,-0.063835,0.044383
1540581083.870303173,-0.114205,13.273901,-0.012539,0.602844,-0.794178,-0.063784,0.042335
1540581083.902993584,-0.119716,13.299884,-0.010593,0.602876,-0.794222,-0.063736,0.041095
1540581083.937012420,-0.098918,13.301399,-0.011223,0.603243,-0.793925,-0.063278,0.042151
1540581083.972424131,-0.100724,13.317440,-0.011624,0.602697,-0.794505,-0.062316,0.040444
1540581084.007347993,-0.098966,13.357297,-0.011097,0.603327,-0.794071,-0.062196,0.039744
1540581084.037529254,-0.085607,13.370120,-0.011195,0.603942,-0.793601,-0.062614,0.039121
1540581084.072083765,-0.075976,13.379147,-0.003803,0.603612,-0.793878,-0.062797,0.038312
1540581084.104621464,-0.079529,13.404413,-0.005642,0.604025,-0.793743,-0.060597,0.038142
1540581084.138530988,-0.089470,13.422420,-0.011074,0.604862,-0.793300,-0.057648,0.038646
1540581084.172217699,-0.091372,13.442279,-0.012653,0.605411,-0.792892,-0.057767,0.038237
1540581084.205919348,-0.093140,13.463381,-0.014189,0.606107,-0.792267,-0.059481,0.037536
1540581084.239816921,-0.094622,13.485702,-0.015408,0.606841,-0.791728,-0.058953,0.037889
1540581084.274286495,-0.095767,13.508899,-0.016211,0.607870,-0.791054,-0.056578,0.039079
1540581084.326205193,-0.097693,13.545522,-0.016813,0.607917,-0.791170,-0.053298,0.040575
1540581084.374623129,-0.091265,13.564459,-0.014305,0.608038,-0.791002,-0.052794,0.042649
1540581084.407228240,-0.088244,13.579121,-0.013520,0.607472,-0.791377,-0.052887,0.043624
1540581084.458613575,-0.079229,13.606221,-0.010043,0.605342,-0.792721,-0.054639,0.046574
1540581084.489941062,-0.074893,13.575360,-0.006455,0.605037,-0.792586,-0.059511,0.046867
1540581084.522928823,-0.080382,13.601788,-0.005394,0.604546,-0.792637,-0.062538,0.048367
1540581084.555966797,-0.095145,13.653671,-0.005869,0.604162,-0.792782,-0.062349,0.050964
1540581084.589787245,-0.098997,13.676206,-0.003971,0.603460,-0.793183,-0.062601,0.052706
1540581084.623601569,-0.104639,13.714226,-0.002662,0.602820,-0.793532,-0.061536,0.055929
1540581084.656721255,-0.104306,13.723551,-0.001223,0.602507,-0.793518,-0.062681,0.058184
1540581084.690581454,-0.108933,13.739327,-0.000307,0.602091,-0.793268,-0.069733,0.057882
1540581084.723029965,-0.116829,13.746006,-0.001769,0.602021,-0.792499,-0.079487,0.056551
1540581084.756220052,-0.123904,13.765878,-0.001810,0.602076,-0.791733,-0.086663,0.056147
1540581084.790157638,-0.136042,13.812692,-0.002386,0.601628,-0.791938,-0.086931,0.057619
1540581084.823011687,-0.145618,13.857373,-0.004846,0.601201,-0.792621,-0.081560,0.060476
1540581084.856773560,-0.152319,13.898212,-0.006252,0.600984,-0.793083,-0.076520,0.063104
1540581084.890028809,-0.155616,13.930306,-0.006768,0.601040,-0.793071,-0.074758,0.064809
1540581084.923516070,-0.161622,13.978091,-0.009213,0.601614,-0.792490,-0.075609,0.065604
1540581084.956615481,-0.165211,13.996508,-0.010483,0.601939,-0.792068,-0.077109,0.065975
1540581084.990243618,-0.162984,13.986984,-0.009551,0.602382,-0.791591,-0.077757,0.066887
1540581085.023031629,-0.167613,13.994318,-0.008808,0.602798,-0.791142,-0.078340,0.067769
1540581085.056879153,-0.174206,13.998800,-0.011039,0.603407,-0.790729,-0.077682,0.067921
1540581085.089779551,-0.178013,14.006319,-0.012079,0.603657,-0.790627,-0.075726,0.069079
1540581085.123634075,-0.186193,14.036984,-0.013880,0.604352,-0.789929,-0.077193,0.069366
1540581085.156942949,-0.195059,14.092009,-0.016582,0.604341,-0.789611,-0.082260,0.067223
1540581085.191741747,-0.198639,14.105692,-0.016123,0.604638,-0.789193,-0.085311,0.065649
1540581085.224474259,-0.199675,14.104890,-0.015616,0.604869,-0.789093,-0.085267,0.064774
1540581085.257521295,-0.203919,14.103841,-0.014190,0.603930,-0.790123,-0.083437,0.063351
1540581085.291622656,-0.211370,14.109642,-0.008473,0.602807,-0.791373,-0.080977,0.061607
1540581085.323568767,-0.216592,14.107586,-0.000583,0.602400,-0.791918,-0.080307,0.059429
1540581085.357279441,-0.222790,14.128064,0.002446,0.601388,-0.792822,-0.081188,0.056344
1540581085.390663615,-0.224060,14.146923,0.004406,0.601048,-0.793234,-0.081609,0.053490
1540581085.423812801,-0.223974,14.128911,0.003372,0.601811,-0.792764,-0.081860,0.051456
1540581085.457761975,-0.224084,14.126468,0.001010,0.601693,-0.793175,-0.080073,0.049270
1540581085.490428174,-0.223062,14.139006,0.001160,0.601870,-0.793613,-0.074460,0.048849
1540581085.523567635,-0.231290,14.162800,-0.000614,0.601844,-0.794238,-0.067068,0.049707
1540581085.557277484,-0.235111,14.193772,-0.001122,0.601194,-0.795124,-0.062161,0.049790
1540581085.590891745,-0.241932,14.238061,0.001857,0.601200,-0.795452,-0.057587,0.049985
1540581085.623524006,-0.239853,14.238757,-0.001073,0.600331,-0.796294,-0.054417,0.050563
1540581085.657290330,-0.233671,14.241353,-0.000188,0.600120,-0.796549,-0.053821,0.049692
1540581085.691163616,-0.236077,14.254187,-0.000870,0.601105,-0.795796,-0.054739,0.048849
1540581085.724053927,-0.239736,14.278871,-0.001459,0.602206,-0.794909,-0.056382,0.047842
1540581085.757178013,-0.238595,14.281031,-0.003396,0.602720,-0.794545,-0.057036,0.046629
1540581085.790880612,-0.245780,14.305255,-0.005124,0.603137,-0.794267,-0.057438,0.045465
1540581085.824159398,-0.253067,14.325565,-0.006888,0.604626,-0.793121,-0.058446,0.044392
1540581085.857554210,-0.265322,14.370495,-0.007633,0.605595,-0.792352,-0.060122,0.042641
1540581085.890440096,-0.266654,14.385391,-0.009377,0.606358,-0.791716,-0.061175,0.042109
1540581085.923952457,-0.263006,14.396295,-0.009337,0.607482,-0.790866,-0.061086,0.042013
1540581085.957432531,-0.235831,14.336733,-0.009814,0.608960,-0.789760,-0.060162,0.042742
1540581085.990607355,-0.230133,14.358661,-0.009975,0.609439,-0.789406,-0.059348,0.043594
1540581086.024650866,-0.218669,14.375077,-0.009683,0.610132,-0.788751,-0.060263,0.044480
1540581086.056984039,-0.222614,14.414035,-0.009941,0.610636,-0.788267,-0.060371,0.045980
1540581086.090790301,-0.222953,14.436970,-0.009311,0.610167,-0.788341,-0.063343,0.046918
1540581086.123997849,-0.221839,14.460831,-0.009238,0.609162,-0.788626,-0.069573,0.046373
1540581086.157266686,-0.233537,14.539295,-0.008087,0.608781,-0.788225,-0.076763,0.046850
1540581086.190597997,-0.235263,14.564695,-0.007090,0.607768,-0.788438,-0.082737,0.046248
1540581086.223852558,-0.237312,14.656040,-0.006734,0.606632,-0.789086,-0.083961,0.047867
1540581086.259624569,-0.234902,14.716383,-0.005177,0.605192,-0.790554,-0.078300,0.051348
1540581086.294500018,-0.243695,14.692777,-0.006067,0.603232,-0.792465,-0.071788,0.054387
1540581086.327521942,-0.244478,14.730120,-0.004399,0.602912,-0.793017,-0.065765,0.057408
1540581086.359396828,-0.251396,14.724428,-0.006833,0.603352,-0.792682,-0.063464,0.059943
1540581086.392463164,-0.255150,14.748590,-0.007932,0.602491,-0.793056,-0.066658,0.060201
1540581086.426096713,-0.253946,14.769957,-0.008014,0.602696,-0.792370,-0.073179,0.059604
1540581086.458293974,-0.257488,14.770182,-0.007586,0.603893,-0.790856,-0.079690,0.059236
1540581086.491826973,-0.258609,14.770150,-0.007821,0.604391,-0.790308,-0.080508,0.060354
1540581086.526313609,-0.259544,14.794741,-0.008948,0.603277,-0.791531,-0.074843,0.062723
1540581086.561938145,-0.265442,14.802282,-0.008221,0.603342,-0.791790,-0.068034,0.066472
1540581086.593759044,-0.270520,14.821512,-0.007461,0.603134,-0.791937,-0.066185,0.068441
1540581086.628399880,-0.272760,14.842829,-0.006998,0.603204,-0.791662,-0.067988,0.069238
1540581086.660597304,-0.277535,14.851342,-0.007613,0.603988,-0.790794,-0.070747,0.069549
1540581086.693894340,-0.281305,14.875398,-0.008889,0.604442,-0.790273,-0.071944,0.070300
1540581086.728813851,-0.284220,14.892018,-0.009932,0.604469,-0.790167,-0.072152,0.071048
1540581086.761299638,-0.291024,14.910020,-0.011472,0.604981,-0.789677,-0.072742,0.071525
1540581086.794317811,-0.297137,14.921124,-0.012271,0.605781,-0.788854,-0.075193,0.071300
1540581086.828236860,-0.306790,14.942266,-0.013387,0.606274,-0.788216,-0.078367,0.070752
1540581086.860686221,-0.314751,14.971334,-0.013411,0.606534,-0.787830,-0.080282,0.070678
1540581086.892691708,-0.318831,14.996352,-0.013926,0.606616,-0.787716,-0.081336,0.070037
1540581086.926770631,-0.322215,15.015604,-0.012928,0.606328,-0.787899,-0.081856,0.069869
1540581086.960379368,-0.320640,15.036806,-0.011599,0.605210,-0.788539,-0.085204,0.068318
1540581086.995097629,-0.323557,15.034357,-0.010692,0.604457,-0.788713,-0.090897,0.065584
1540581087.027721590,-0.333895,15.073589,-0.008837,0.603960,-0.788738,-0.095319,0.063555
1540581087.062756851,-0.341859,15.093665,-0.009259,0.602613,-0.789737,-0.097115,0.061172
1540581087.095311175,-0.348872,15.116992,-0.007538,0.602009,-0.790482,-0.095584,0.059892
1540581087.130687174,-0.355260,15.150347,-0.007459,0.602151,-0.790742,-0.093001,0.059091
1540581087.162237410,-0.359856,15.179249,-0.008186,0.602641,-0.790769,-0.090482,0.057628
1540581087.196294784,-0.360942,15.198731,-0.008955,0.602373,-0.791535,-0.085926,0.056889
1540581087.230394220,-0.365189,15.215891,-0.009067,0.602109,-0.792107,-0.083163,0.055811
1540581087.263837431,-0.367182,15.222546,-0.007124,0.601936,-0.792420,-0.082588,0.054066
1540581087.296099542,-0.366697,15.211475,-0.003474,0.601482,-0.793016,-0.080656,0.053290
1540581087.330382391,-0.373311,15.220619,-0.001420,0.601463,-0.793296,-0.078808,0.052094
1540581087.364161815,-0.373759,15.232066,-0.000584,0.601732,-0.793171,-0.079003,0.050555
1540581087.397880313,-0.381980,15.246138,0.001025,0.601796,-0.793079,-0.080604,0.048680
1540581087.431194612,-0.372796,15.241187,0.000433,0.602658,-0.792294,-0.082683,0.047294
1540581087.464905436,-0.367162,15.243905,-0.001301,0.603221,-0.791808,-0.083626,0.046593
1540581087.498614309,-0.361750,15.238168,-0.003379,0.603583,-0.791589,-0.083625,0.045612
1540581087.532359883,-0.359414,15.248659,-0.004722,0.604501,-0.791140,-0.080902,0.046164
1540581087.564993382,-0.352949,15.253278,-0.006117,0.604651,-0.791491,-0.075366,0.047529
1540581087.599184368,-0.341702,15.233424,-0.006874,0.605287,-0.791680,-0.066819,0.049038
1540581087.632483604,-0.345120,15.264785,-0.002396,0.605899,-0.791818,-0.056860,0.051740
1540581087.666422328,-0.354702,15.321859,0.000978,0.606619,-0.791514,-0.050878,0.054126
1540581087.699665952,-0.360669,15.359952,0.002997,0.606835,-0.791379,-0.050481,0.054060
1540581087.733708313,-0.372883,15.415923,0.005916,0.607890,-0.790454,-0.052378,0.053931
1540581087.767043224,-0.373880,15.430495,0.004848,0.608178,-0.790066,-0.053303,0.055442
1540581087.800550535,-0.379230,15.470250,0.004268,0.607729,-0.790382,-0.053217,0.055939
1540581087.834331322,-0.380815,15.505301,0.008379,0.606866,-0.790980,-0.052963,0.057094
1540581087.867679395,-0.382562,15.527961,0.011470,0.605930,-0.791403,-0.056512,0.057767
1540581087.901872794,-0.392355,15.584843,0.014945,0.605101,-0.791664,-0.060278,0.059054
1540581087.935054105,-0.392974,15.625923,0.013385,0.604517,-0.791950,-0.059514,0.061903
1540581087.968917729,-0.402871,15.731012,0.015040,0.601913,-0.793913,-0.056990,0.064461
1540581088.002388303,-0.410919,15.772724,0.016739,0.600841,-0.794577,-0.055834,0.067227
1540581088.035738864,-0.410620,15.814500,0.017291,0.601392,-0.793686,-0.059628,0.069532
1540581088.069612813,-0.416473,15.859666,0.017384,0.601201,-0.793149,-0.067273,0.070330
1540581088.103080286,-0.424067,15.903910,0.015389,0.600460,-0.793010,-0.075195,0.070199
1540581088.136543085,-0.434745,15.978598,0.006817,0.600537,-0.792278,-0.081542,0.070726
1540581088.169913521,-0.437749,15.990149,0.000861,0.599546,-0.792545,-0.084898,0.072172
1540581088.204562883,-0.441632,16.008003,-0.001098,0.598869,-0.793073,-0.082995,0.074190
1540581088.237747844,-0.446229,16.018389,-0.002887,0.598328,-0.793652,-0.078797,0.076882
1540581088.271207918,-0.449813,16.017869,-0.003132,0.598025,-0.793782,-0.077995,0.078690
1540581088.304569479,-0.458367,16.016622,-0.003274,0.598048,-0.793481,-0.080658,0.078876
1540581088.338991002,-0.468579,16.027043,-0.005106,0.598642,-0.792644,-0.084031,0.079265
1540581088.371954114,-0.475283,16.059930,-0.010156,0.598896,-0.792132,-0.086138,0.080197
1540581088.405485525,-0.489892,16.117203,-0.015853,0.599070,-0.791884,-0.086374,0.081085
1540581088.439031136,-0.491615,16.126760,-0.017617,0.599199,-0.791749,-0.085766,0.082093
1540581088.473207360,-0.482583,16.114739,-0.023021,0.599703,-0.791128,-0.086814,0.083284
1540581088.506376459,-0.483790,16.120943,-0.025272,0.599956,-0.790677,-0.089196,0.083232
1540581088.539977895,-0.488090,16.141959,-0.024335,0.599818,-0.790767,-0.089199,0.083369
1540581088.573637268,-0.493667,16.149392,-0.024152,0.600071,-0.790728,-0.086580,0.084669
1540581088.607316355,-0.510856,16.165660,-0.021444,0.599839,-0.791136,-0.084405,0.084694
1540581088.641943216,-0.506466,16.088948,-0.025091,0.600167,-0.790880,-0.084664,0.084503
1540581088.674404940,-0.505765,16.061860,-0.023935,0.600249,-0.790523,-0.088859,0.082942
1540581088.707663638,-0.510041,16.071951,-0.023527,0.600006,-0.790111,-0.096414,0.080133
1540581088.741848675,-0.523838,16.111505,-0.025403,0.599031,-0.790305,-0.103820,0.076172
1540581088.775121898,-0.546724,16.206057,-0.024522,0.598437,-0.790599,-0.106775,0.073657
1540581088.808441435,-0.579651,16.300821,-0.035075,0.597919,-0.791156,-0.106386,0.072437
1540581088.842536783,-0.585474,16.357111,-0.038926,0.597018,-0.792133,-0.105661,0.070215
1540581088.913591555,-0.609879,16.459804,-0.039069,0.598123,-0.791777,-0.104591,0.066319
1540581088.943436704,-0.616433,16.497698,-0.037650,0.597991,-0.792573,-0.099775,0.065424
1540581088.994024665,-0.630266,16.533237,-0.035930,0.597716,-0.793846,-0.091112,0.065137
1540581089.045199563,-0.633835,16.548188,-0.031030,0.597570,-0.794127,-0.091616,0.062281
1540581089.094824486,-0.635678,16.539728,-0.030620,0.597777,-0.794099,-0.092460,0.059340
1540581089.127309185,-0.627152,16.499223,-0.028196,0.597415,-0.794611,-0.091072,0.058255
1540581089.194848620,-0.625595,16.506253,-0.028926,0.599080,-0.793955,-0.087431,0.055617
1540581089.226103294,-0.610389,16.449052,-0.026778,0.599262,-0.794045,-0.086044,0.054537
1540581089.259763955,-0.595281,16.397854,-0.027494,0.599753,-0.793896,-0.084765,0.053303
1540581089.293244129,-0.602983,16.436346,-0.027609,0.600395,-0.793720,-0.082241,0.052647
1540581089.327152015,-0.591923,16.408594,-0.025817,0.601125,-0.793455,-0.079665,0.052263
1540581089.359245638,-0.586948,16.399079,-0.024138,0.601726,-0.793376,-0.076234,0.051660
1540581089.393180287,-0.582635,16.403737,-0.023017,0.602608,-0.793033,-0.072738,0.051689
1540581089.426151898,-0.575925,16.388978,-0.022024,0.603770,-0.792445,-0.069554,0.051523
1540581089.460033710,-0.578632,16.402744,-0.021825,0.603949,-0.792595,-0.066819,0.050740
1540581089.493762983,-0.576920,16.409793,-0.022494,0.604838,-0.791990,-0.065695,0.051065
1540581089.527012520,-0.562653,16.356559,-0.020838,0.605619,-0.791458,-0.064427,0.051662
1540581089.559644893,-0.561754,16.369112,-0.020822,0.605795,-0.791344,-0.064278,0.051534
1540581089.593489705,-0.557522,16.380995,-0.019185,0.605913,-0.791138,-0.066156,0.050925
1540581089.627699766,-0.558879,16.401841,-0.017734,0.605415,-0.791351,-0.068282,0.050741
1540581089.659796927,-0.558179,16.405608,-0.016055,0.605386,-0.791110,-0.071388,0.050554
1540581089.693566726,-0.558730,16.414022,-0.015507,0.604367,-0.791705,-0.073708,0.050115
1540581089.726713787,-0.553868,16.404762,-0.015927,0.604006,-0.792125,-0.070688,0.052135
1540581089.760930486,-0.547932,16.370805,-0.015400,0.603729,-0.792671,-0.064449,0.055044
1540581089.792847547,-0.525990,16.248984,-0.015694,0.602367,-0.793980,-0.059272,0.056898
1540581089.827773521,-0.513968,16.198049,-0.015477,0.602165,-0.794083,-0.057607,0.059253
1540581089.859440694,-0.511382,16.192290,-0.014533,0.602717,-0.793215,-0.063569,0.059167
1540581089.893132068,-0.505442,16.228258,-0.002256,0.603658,-0.791583,-0.074550,0.058612
1540581089.926338754,-0.522329,16.357150,0.000941,0.603286,-0.791059,-0.083581,0.057326
1540581089.959865866,-0.527293,16.461121,0.016028,0.603875,-0.790069,-0.088122,0.057972
1540581089.993360564,-0.537003,16.533828,0.016943,0.602890,-0.791081,-0.083880,0.060657
1540581090.026406738,-0.539319,16.568208,0.017498,0.602224,-0.792081,-0.076945,0.063351
1540581090.060215574,-0.537145,16.578222,0.021650,0.602065,-0.792428,-0.072940,0.065237
1540581090.093353935,-0.543448,16.603674,0.021372,0.602170,-0.792147,-0.075228,0.065075
1540581090.126665684,-0.545810,16.600121,0.019579,0.602418,-0.791612,-0.080306,0.063193
1540581090.159868870,-0.550861,16.591579,0.016463,0.603375,-0.790642,-0.083177,0.062496
1540581090.193491519,-0.551255,16.586284,0.012944,0.603378,-0.790559,-0.083353,0.063271
1540581090.227182830,-0.557647,16.607335,0.010631,0.603471,-0.790608,-0.081803,0.063799
1540581090.260588492,-0.565271,16.651278,0.011204,0.604190,-0.789998,-0.081526,0.064901
1540581090.294267865,-0.567990,16.656290,0.010308,0.604546,-0.789377,-0.084753,0.065000
1540581090.327004252,-0.570510,16.648840,0.008990,0.605244,-0.788460,-0.088879,0.064122
1540581090.360559263,-0.572276,16.638002,0.006750,0.606361,-0.787262,-0.092070,0.063773
1540581090.394010149,-0.576125,16.642535,0.003442,0.605253,-0.787841,-0.095466,0.062136
1540581090.426886873,-0.573590,16.629233,0.001697,0.605299,-0.787414,-0.099469,0.060822
1540581090.460448434,-0.581054,16.655980,0.000756,0.605251,-0.786823,-0.105267,0.059155
1540581090.494366495,-0.585266,16.678796,-0.001802,0.604026,-0.786946,-0.112479,0.056726
1540581090.526884544,-0.593883,16.705409,-0.000645,0.603034,-0.787223,-0.116975,0.054280
1540581090.560218505,-0.607181,16.754061,0.001541,0.602047,-0.787956,-0.117617,0.053210
1540581090.593455904,-0.618034,16.781318,0.002919,0.601548,-0.788686,-0.115345,0.053003
1540581090.627140740,-0.628484,16.828159,0.003977,0.601047,-0.789445,-0.112807,0.052855
1540581090.660279676,-0.639979,16.861390,0.003141,0.600628,-0.789909,-0.112375,0.051602
1540581090.693833325,-0.650964,16.887324,0.003447,0.600963,-0.789416,-0.114602,0.050328
1540581090.727099674,-0.661375,16.913238,0.002889,0.601493,-0.788825,-0.116480,0.048921
1540581090.760474210,-0.673100,16.944900,0.002765,0.601704,-0.789203,-0.112714,0.049057
1540581090.793683971,-0.678255,16.971960,0.004760,0.601752,-0.790015,-0.105859,0.050652
1540581090.827168995,-0.686824,17.006077,0.004730,0.601679,-0.790598,-0.101271,0.051777
1540581090.861673644,-0.695586,17.036701,0.005778,0.601265,-0.791138,-0.099841,0.051110
1540581090.893829330,-0.708361,17.061301,0.001327,0.602592,-0.790155,-0.099431,0.051491
1540581090.927369179,-0.710911,17.068412,0.001213,0.602612,-0.790227,-0.099026,0.050931
1540581090.960819740,-0.707431,17.062051,0.003327,0.602590,-0.790613,-0.096298,0.050440
1540581090.994334651,-0.710109,17.077360,0.003703,0.602895,-0.790762,-0.093047,0.050544
1540581091.027752362,-0.714160,17.111456,0.004388,0.603344,-0.790452,-0.092869,0.050380
1540581091.062182786,-0.720633,17.134393,0.003473,0.603039,-0.790636,-0.094375,0.048293
1540581091.095300460,-0.718365,17.131635,0.002892,0.603929,-0.789889,-0.095324,0.047517
1540581091.129832033,-0.714934,17.136780,0.002811,0.604528,-0.789376,-0.096175,0.046708
1540581091.162397007,-0.712795,17.135520,0.002909,0.604761,-0.789403,-0.094970,0.045702
1540581091.195788431,-0.709669,17.141422,0.002596,0.605367,-0.789210,-0.092382,0.046304
1540581091.228726592,-0.713214,17.166291,0.003086,0.605499,-0.789323,-0.090614,0.046152
1540581091.265604541,-0.713111,17.177511,0.003191,0.606187,-0.788812,-0.090630,0.045804
1540581091.298594702,-0.713816,17.195584,0.004055,0.606411,-0.788570,-0.091022,0.046247
1540581091.328286401,-0.708793,17.187478,0.004189,0.606769,-0.788358,-0.090171,0.046831
1540581091.363565162,-0.710644,17.212305,0.001209,0.606841,-0.788324,-0.089481,0.047769
1540581091.395825423,-0.714815,17.235511,-0.001332,0.605909,-0.788629,-0.093594,0.046678
1540581091.430020147,-0.720210,17.262738,-0.002033,0.605581,-0.788082,-0.100873,0.044978
1540581091.463158958,-0.720273,17.269669,-0.001359,0.605453,-0.787757,-0.104311,0.044546
1540581091.496052519,-0.711680,17.256499,0.001487,0.604847,-0.788588,-0.101172,0.045321
1540581091.530487706,-0.710630,17.265293,0.001897,0.603918,-0.789953,-0.094887,0.047481
1540581091.563444117,-0.706912,17.264643,0.003506,0.603548,-0.790662,-0.089959,0.049904
1540581091.597899653,-0.704263,17.271170,0.005861,0.603534,-0.790962,-0.086622,0.051207
1540581091.630728727,-0.702312,17.276200,0.006948,0.603125,-0.791499,-0.083488,0.052909
1540581091.664382426,-0.703098,17.290296,0.009015,0.602852,-0.791697,-0.082508,0.054571
1540581091.698315862,-0.702186,17.298898,0.010035,0.602718,-0.791619,-0.083762,0.055272
1540581091.731868098,-0.702383,17.296155,0.010468,0.602017,-0.791948,-0.085571,0.055419
1540581091.765793609,-0.702816,17.294336,0.011553,0.601480,-0.791966,-0.089244,0.055204
1540581091.799764195,-0.702756,17.297513,0.014173,0.601412,-0.791682,-0.092519,0.054616
1540581091.832659319,-0.708524,17.319497,0.013779,0.600814,-0.792105,-0.092642,0.054853
1540581091.865965843,-0.709392,17.300306,0.011559,0.600431,-0.792454,-0.091782,0.055455
1540581091.899611867,-0.709184,17.277432,0.009491,0.600257,-0.792568,-0.091636,0.055952
1540581091.934101840,-0.710092,17.271198,0.008645,0.600171,-0.792308,-0.094597,0.055622
1540581091.967017464,-0.716706,17.280282,0.009778,0.600270,-0.792021,-0.096164,0.055963
1540581092.000175125,-0.722716,17.290344,0.010069,0.600089,-0.792029,-0.096292,0.057539
1540581092.034468011,-0.720930,17.284130,0.012412,0.599436,-0.792444,-0.096082,0.058968
1540581092.067336510,-0.722714,17.284737,0.012105,0.600464,-0.791745,-0.096129,0.057811
1540581092.102080234,-0.723641,17.274957,0.010530,0.600713,-0.791313,-0.098376,0.057358
1540581092.135279983,-0.725199,17.271837,0.009255,0.599963,-0.791263,-0.103633,0.056631
1540581092.168569619,-0.728161,17.273647,0.008683,0.600735,-0.790148,-0.108956,0.053969
1540581092.202380305,-0.729338,17.275223,0.008965,0.601641,-0.789515,-0.109165,0.052695
1540581092.235465691,-0.734341,17.282189,0.007906,0.601286,-0.790333,-0.104959,0.053036
1540581092.269826190,-0.734395,17.278141,0.008205,0.601185,-0.790729,-0.102442,0.053198
1540581092.304514951,-0.736196,17.276369,0.007258,0.601271,-0.790375,-0.105180,0.052126
1540581092.339580300,-0.737757,17.273521,0.006324,0.601195,-0.789694,-0.111376,0.050433
1540581092.370128899,-0.735808,17.268983,0.006400,0.601387,-0.788883,-0.116484,0.049283
1540581092.403405260,-0.738157,17.269618,0.004978,0.601471,-0.788733,-0.117602,0.047983
1540581092.436894959,-0.740907,17.272343,0.005677,0.601143,-0.789683,-0.112463,0.048782
1540581092.471270607,-0.743572,17.279963,0.006455,0.601018,-0.790649,-0.105261,0.050721
1540581092.504504881,-0.746652,17.287108,0.007301,0.600876,-0.791400,-0.100087,0.051156
1540581092.538067580,-0.748255,17.290634,0.009263,0.600914,-0.791767,-0.096664,0.051610
1540581092.571585366,-0.748774,17.291350,0.009563,0.600981,-0.791736,-0.096600,0.051419
1540581092.605574927,-0.749671,17.291727,0.009062,0.600956,-0.791563,-0.098601,0.050565
1540581092.639893488,-0.750398,17.292247,0.008429,0.601122,-0.791309,-0.099860,0.050100
1540581092.672453950,-0.750767,17.292751,0.007977,0.601053,-0.791314,-0.100434,0.049699
1540581092.706214723,-0.750953,17.292890,0.007912,0.600847,-0.791482,-0.100265,0.049862
1540581092.739727472,-0.746945,17.280997,0.008839,0.601080,-0.791300,-0.100116,0.050239
1540581092.773408008,-0.743516,17.274105,0.009815,0.601222,-0.791196,-0.100090,0.050239
1540581092.807347569,-0.743273,17.274565,0.010216,0.601150,-0.791308,-0.099608,0.050287
1540581092.841107493,-0.743757,17.276263,0.010345,0.601074,-0.791481,-0.098632,0.050390
1540581092.874691479,-0.744381,17.277747,0.010097,0.601062,-0.791569,-0.098049,0.050281
1540581092.907706203,-0.744655,17.272703,0.011094,0.601060,-0.791709,-0.096930,0.050282
1540581092.941370477,-0.743916,17.269078,0.012120,0.601216,-0.791724,-0.095660,0.050620
1540581092.975542088,-0.744065,17.268515,0.011850,0.601235,-0.791817,-0.094666,0.050788
1540581093.008569662,-0.743796,17.268550,0.012093,0.601237,-0.791783,-0.094969,0.050740
1540581093.041770673,-0.743525,17.268588,0.012303,0.601180,-0.791780,-0.095457,0.050542
1540581093.075992759,-0.743236,17.268793,0.012575,0.601134,-0.791830,-0.095303,0.050595
1540581093.109596333,-0.743056,17.269523,0.012862,0.600977,-0.791954,-0.095235,0.050649
1540581093.144776044,-0.743210,17.269031,0.013026,0.601176,-0.791906,-0.094304,0.050793
1540581093.176446930,-0.743730,17.270073,0.013050,0.601149,-0.792095,-0.092686,0.051131
1540581093.212417629,-0.743674,17.270893,0.013074,0.600840,-0.792471,-0.091277,0.051478
1540581093.243583640,-0.743966,17.263023,0.014377,0.600591,-0.792924,-0.088841,0.051668
1540581093.276937614,-0.741549,17.261026,0.014640,0.600479,-0.793215,-0.086414,0.052605
1540581093.310717500,-0.742133,17.272216,0.015868,0.600471,-0.793386,-0.084374,0.053421
1540581093.345544999,-0.738156,17.270387,0.016684,0.600456,-0.793500,-0.082808,0.054334
1540581093.416043184,-0.735059,17.270071,0.016803,0.600330,-0.793805,-0.079726,0.055873
1540581093.463315644,-0.740646,17.272381,0.015172,0.600933,-0.793504,-0.077991,0.056119
1540581093.515812055,-0.739422,17.272776,0.014576,0.600969,-0.793475,-0.077912,0.056247
1540581093.563526716,-0.740485,17.275618,0.015050,0.601113,-0.793366,-0.077603,0.056671
1540581093.617214826,-0.740599,17.277300,0.014896,0.601056,-0.793362,-0.078141,0.056591
1540581093.664546899,-0.740408,17.278938,0.015035,0.601079,-0.793324,-0.078247,0.056731
