1499119086.516853 -0.0630000 0.0010000 -0.0180000 0.0000000 0.0000000 0.0000000 1.0000000 -0.0392011 0.0101893 0.0651601 -0.0010289 -0.0035434 0.0001809 0.0798804 0.1933412 -0.9915667 
1499119087.750186 -0.0821313 -0.0001242 -0.0023001 -0.0017105 0.0524647 -0.0126104 0.9985417 0.0983811 0.0243019 -0.0075407 -0.0010289 -0.0035434 0.0001809 0.0798804 0.1933412 -0.9915667 
1499119090.350186 -0.0568443 0.0045655 -0.0415634 -0.0060342 0.1066517 -0.0219948 0.9940348 0.0823069 0.0067811 -0.0201026 -0.0010289 -0.0035434 0.0001809 0.0798804 0.1933412 -0.9915667 
1499119091.783519 -0.0790864 -0.0014736 -0.0262840 0.0068580 -0.0509438 -0.0339690 0.9981001 -0.0503255 0.0275126 -0.1027228 -0.0010289 -0.0035434 0.0001809 0.0798804 0.1933412 -0.9915667 
1499119093.616853 -0.0557958 0.0151647 -0.0286585 0.0239235 -0.1490876 -0.0569349 0.9868936 0.0773374 0.0040515 -0.0058527 -0.0010289 -0.0035434 0.0001809 0.0798804 0.1933412 -0.9915667 
1499119094.183519 -0.0584185 0.0207222 0.0449263 0.0474167 -0.2731997 -0.1109417 0.9543613 0.1315079 0.0777687 0.3035440 -0.0010289 -0.0035434 0.0001809 0.0798804 0.1933412 -0.9915667 
1499119094.316853 -0.0495926 0.0283102 0.0849690 0.0604933 -0.3052462 -0.1261248 0.9419436 -0.0484032 0.0182533 0.0610128 -0.0010289 -0.0035434 0.0001809 0.0798804 0.1933412 -0.9915667 
1499119094.383519 -0.0546709 0.0292850 0.0878814 0.0635769 -0.3108761 -0.1355109 0.9385898 0.0000122 0.0250601 0.0636536 -0.0010289 -0.0035434 0.0001809 0.0798804 0.1933412 -0.9915667 
1499119094.483519 -0.0578206 0.0296913 0.0913515 0.0679663 -0.3193138 -0.1529402 0.9327532 -0.0310288 -0.0026175 0.0388764 -0.0010289 -0.0035434 0.0001809 0.0798804 0.1933412 -0.9915667 
1499119094.750186 -0.0693867 0.0288582 0.0994996 0.0736739 -0.3279376 -0.1686013 0.9266082 -0.0009195 0.0126628 0.0456773 -0.0010289 -0.0035434 0.0001809 0.0798804 0.1933412 -0.9915667 
1499119094.883519 -0.0745388 0.0281657 0.1060207 0.0776515 -0.3333403 -0.1730066 0.9235384 -0.0241436 -0.0128365 0.0478778 -0.0010289 -0.0035434 0.0001809 0.0798804 0.1933412 -0.9915667 
1499119094.983519 -0.0790981 0.0294268 0.1115846 0.0837558 -0.3391964 -0.1841942 0.9186965 0.0176357 0.0529586 0.0641532 -0.0010289 -0.0035434 0.0001809 0.0798804 0.1933412 -0.9915667 
1499119095.283519 -0.0891382 0.0232927 0.1302837 0.0861572 -0.3489739 -0.1817006 0.9153027 -0.0003864 -0.0897827 0.1434007 -0.0010289 -0.0035434 0.0001809 0.0798804 0.1933412 -0.9915667 
1499119095.483519 -0.0996669 0.0160255 0.1425915 0.0743620 -0.3413882 -0.1532056 0.9243660 0.0251180 -0.0251007 0.1284144 -0.0010289 -0.0035434 0.0001809 0.0798804 0.1933412 -0.9915667 
1499119095.683519 -0.1093829 0.0096656 0.1550819 0.0665391 -0.3304232 -0.1295845 0.9325240 -0.0307947 -0.0419683 0.0778774 -0.0010289 -0.0035434 0.0001809 0.0798804 0.1933412 -0.9915667 
1499119095.783519 -0.1156491 0.0058383 0.1618957 0.0611403 -0.3189060 -0.1116893 0.9391945 -0.0853712 -0.0824777 0.0967508 -0.0010289 -0.0035434 0.0001809 0.0798804 0.1933412 -0.9915667 
1499119095.916852 -0.1268726 -0.0027240 0.1722299 0.0460684 -0.2849716 -0.0538767 0.9559112 -0.0586485 -0.0206905 0.1076797 -0.0010289 -0.0035434 0.0001809 0.0798804 0.1933412 -0.9915667 
1499119095.983519 -0.1320903 -0.0043320 0.1762433 0.0434020 -0.2760268 -0.0477045 0.9589837 -0.0228525 -0.0431096 0.1115085 -0.0010289 -0.0035434 0.0001809 0.0798804 0.1933412 -0.9915667 
1499119096.183519 -0.1428507 -0.0089200 0.1869941 0.0372799 -0.2606256 -0.0411949 0.9638400 -0.0687079 -0.0357044 0.0626100 -0.0010289 -0.0035434 0.0001809 0.0798804 0.1933412 -0.9915667 
1499119096.283519 -0.1483526 -0.0126281 0.1920453 0.0313343 -0.2480205 -0.0247374 0.9679318 0.0313292 -0.0004534 0.0314238 -0.0010289 -0.0035434 0.0001809 0.0798804 0.1933412 -0.9915667 
1499119096.616853 -0.1602931 -0.0121186 0.2082577 0.0476552 -0.2710942 -0.0601134 0.9594912 0.1066757 0.0175215 0.1606151 -0.0010289 -0.0035434 0.0001809 0.0798804 0.1933412 -0.9915667 
1499119097.083519 -0.1779020 -0.0230942 0.2333881 0.0398366 -0.3353401 -0.0455814 0.9401502 -0.0203364 -0.0225091 0.0834272 -0.0010289 -0.0035434 0.0001809 0.0798804 0.1933412 -0.9915667 
1499119097.150186 -0.1803079 -0.0243832 0.2368190 0.0385362 -0.3489506 -0.0444420 0.9352932 -0.0072343 -0.0612657 0.0621205 -0.0010289 -0.0035434 0.0001809 0.0798804 0.1933412 -0.9915667 
1499119097.216852 -0.1828441 -0.0269742 0.2389486 0.0336360 -0.3579655 -0.0362598 0.9324240 -0.0071638 -0.0258213 0.0720914 -0.0010289 -0.0035434 0.0001809 0.0798804 0.1933412 -0.9915667 
1499119097.316853 -0.1875543 -0.0290670 0.2433939 0.0292836 -0.3706586 -0.0258636 0.9279471 0.0852191 0.0054497 0.0811128 -0.0010289 -0.0035434 0.0001809 0.0798804 0.1933412 -0.9915667 
1499119097.583519 -0.2037118 -0.0335622 0.2551465 0.0245814 -0.4065348 -0.0198823 0.9130881 -0.0246447 0.0009943 0.1549656 -0.0010289 -0.0035434 0.0001809 0.0798804 0.1933412 -0.9915667 
1499119097.916852 -0.2223701 -0.0420662 0.2738043 0.0139370 -0.4272634 -0.0223203 0.9037442 -0.0178470 -0.0515339 0.0580829 -0.0010289 -0.0035434 0.0001809 0.0798804 0.1933412 -0.9915667 
1499119098.016853 -0.2264631 -0.0419015 0.2789164 0.0209066 -0.4339344 -0.0312654 0.9001591 -0.0091444 0.0219428 0.0707203 -0.0010289 -0.0035434 0.0001809 0.0798804 0.1933412 -0.9915667 
1499119098.083519 -0.2284012 -0.0416726 0.2845687 0.0270129 -0.4378341 -0.0358919 0.8979328 -0.0148843 0.0063855 0.0682686 -0.0010289 -0.0035434 0.0001809 0.0798804 0.1933412 -0.9915667 
1499119098.183519 -0.2339605 -0.0430157 0.2935855 0.0303923 -0.4329600 -0.0326744 0.9003079 -0.0127724 0.0073223 0.0795212 -0.0010289 -0.0035434 0.0001809 0.0798804 0.1933412 -0.9915667 
1499119098.250186 -0.2368547 -0.0433544 0.2997860 0.0357717 -0.4308574 -0.0373413 0.9009372 -0.0619589 -0.0209697 0.0966619 -0.0010289 -0.0035434 0.0001809 0.0798804 0.1933412 -0.9915667 
1499119098.316853 -0.2407851 -0.0447626 0.3069804 0.0361672 -0.4227613 -0.0333881 0.9049034 -0.0219460 0.0554743 0.1505170 -0.0010289 -0.0035434 0.0001809 0.0798804 0.1933412 -0.9915667 
1499119098.450186 -0.2475188 -0.0477928 0.3208197 0.0391472 -0.4143310 -0.0432561 0.9082545 -0.0516224 -0.0639979 0.1370953 -0.0010289 -0.0035434 0.0001809 0.0798804 0.1933412 -0.9915667 
1499119098.516853 -0.2516896 -0.0511506 0.3286984 0.0357941 -0.4047786 -0.0373374 0.9129507 -0.0184299 -0.0532307 0.1282799 -0.0010289 -0.0035434 0.0001809 0.0798804 0.1933412 -0.9915667 
1499119098.583519 -0.2545448 -0.0520073 0.3337857 0.0373518 -0.3984038 -0.0420746 0.9154829 -0.0168833 -0.0157666 0.1515854 -0.0010289 -0.0035434 0.0001809 0.0798804 0.1933412 -0.9915667 
1499119098.683519 -0.2588003 -0.0531251 0.3432642 0.0426629 -0.3907810 -0.0528097 0.9179767 -0.0031974 -0.0104831 0.1377045 -0.0010289 -0.0035434 0.0001809 0.0798804 0.1933412 -0.9915667 
1499119098.783519 -0.2633186 -0.0531027 0.3521061 0.0493720 -0.3821707 -0.0634994 0.9205845 0.0099531 -0.0060776 0.0905926 -0.0010289 -0.0035434 0.0001809 0.0798804 0.1933412 -0.9915667 
1499119098.850186 -0.2659090 -0.0550029 0.3577833 0.0500816 -0.3720216 -0.0614026 0.9248359 -0.0346703 -0.0163555 0.1300427 -0.0010289 -0.0035434 0.0001809 0.0798804 0.1933412 -0.9915667 
1499119098.916852 -0.2715611 -0.0565896 0.3640012 0.0501147 -0.3576744 -0.0554750 0.9308491 -0.0257965 -0.0167596 0.1190047 -0.0010289 -0.0035434 0.0001809 0.0798804 0.1933412 -0.9915667 
1499119099.016853 -0.2790735 -0.0579937 0.3729498 0.0536447 -0.3399452 -0.0574302 0.9371560 -0.0331181 0.0151902 0.1331699 -0.0010289 -0.0035434 0.0001809 0.0798804 0.1933412 -0.9915667 
1499119099.216852 -0.2940187 -0.0613928 0.3892226 0.0564183 -0.3073960 -0.0691229 0.9473894 -0.1221285 -0.0502055 0.1204577 -0.0010289 -0.0035434 0.0001809 0.0798804 0.1933412 -0.9915667 
1499119099.316853 -0.3030587 -0.0655902 0.3972095 0.0505924 -0.2841464 -0.0528409 0.9559859 -0.0630598 -0.0624942 0.1157734 -0.0010289 -0.0035434 0.0001809 0.0798804 0.1933412 -0.9915667 
1499119099.450186 -0.3127958 -0.0705412 0.4054236 0.0447039 -0.2687345 -0.0396496 0.9613590 -0.0009682 -0.0337824 0.0466151 -0.0010289 -0.0035434 0.0001809 0.0798804 0.1933412 -0.9915667 
1499119099.616853 -0.3227681 -0.0731730 0.4147884 0.0476938 -0.2744236 -0.0399211 0.9595954 -0.0163827 0.0173321 0.0414260 -0.0010289 -0.0035434 0.0001809 0.0798804 0.1933412 -0.9915667 
1499119099.716852 -0.3288915 -0.0750569 0.4209057 0.0496338 -0.2861444 -0.0417866 0.9559873 -0.0487340 0.0015235 0.1017474 -0.0010289 -0.0035434 0.0001809 0.0798804 0.1933412 -0.9915667 
1499119099.883519 -0.3392512 -0.0798510 0.4296454 0.0434944 -0.3061238 -0.0347518 0.9503625 -0.0006524 -0.0822148 0.1247481 -0.0010289 -0.0035434 0.0001809 0.0798804 0.1933412 -0.9915667 
1499119100.083519 -0.3505007 -0.0843386 0.4400220 0.0385549 -0.3430316 -0.0413959 0.9376189 0.0138359 -0.0573362 0.0760961 -0.0010289 -0.0035434 0.0001809 0.0798804 0.1933412 -0.9915667 
1499119100.483519 -0.3766296 -0.0877651 0.4579991 0.0447425 -0.3965998 -0.0534418 0.9153419 -0.0507308 0.0465423 0.0953207 -0.0010289 -0.0035434 0.0001809 0.0798804 0.1933412 -0.9915667 
1499119102.950186 -0.6007772 -0.1675139 0.6405341 0.0344407 -0.3723587 -0.0308730 0.9269357 -0.2232003 -0.1708528 0.1643952 -0.0032162 -0.0079515 -0.0110241 0.3677179 -0.1327449 -1.1087354 
1499119103.016853 -0.6187329 -0.1759544 0.6494106 0.0339321 -0.3704535 -0.0331898 0.9276374 -0.3046066 -0.1191409 0.0854379 -0.0032233 -0.0079363 -0.0110055 0.3687170 -0.1331800 -1.1087998 
1499119103.083519 -0.6394728 -0.1821082 0.6524921 0.0345793 -0.3704641 -0.0376866 0.9274375 -0.3153318 -0.0586987 0.0240928 -0.0032271 -0.0079126 -0.0109741 0.3697183 -0.1336363 -1.1088627 
1499119244.783519 -0.0617996 0.0176277 -0.0957134 0.0123643 -0.0257180 -0.0221267 0.9993478 -0.3228317 -0.0333708 0.0544638 0.0035412 -0.0308951 0.0007530 -0.0204553 0.0970757 -0.7752676 
1499119246.383519 -0.0425791 0.0092631 -0.0792576 0.0041727 0.0263150 -0.0516676 0.9983089 -0.0669327 -0.0019434 -0.0230705 0.0022728 -0.0100687 -0.0067288 0.1269647 0.1238467 -0.7976458 
1499119249.316853 -0.0536657 0.0074203 -0.1613358 -0.0013816 0.0299875 -0.0227634 0.9992901 0.0312239 0.0000460 0.0164273 -0.0023600 0.0043247 -0.0017486 0.2013622 0.1272152 -0.7957126 
1499119249.683519 -0.0691150 0.0053345 -0.1481291 0.0021783 0.0068312 -0.0197326 0.9997796 -0.1104603 -0.0055056 0.0697722 -0.0035975 0.0067805 -0.0034294 0.1789341 0.1142820 -0.7829446 
1499119249.883519 -0.0939891 0.0013853 -0.1289431 0.0037305 -0.0055712 -0.0120441 0.9999050 -0.1162814 -0.0154838 0.1089258 -0.0037440 0.0069327 -0.0037390 0.1722397 0.1117416 -0.7795608 
1499119250.083519 -0.1170533 -0.0034344 -0.1086426 0.0042859 -0.0187922 -0.0200031 0.9996141 -0.0999755 -0.0148922 0.0962663 -0.0037512 0.0068689 -0.0037994 0.1682203 0.1105029 -0.7776886 
1499119250.383519 -0.1334592 -0.0142683 -0.0711429 0.0016626 0.0023471 0.0159822 0.9998681 -0.0454344 -0.0080117 0.1370882 -0.0029551 0.0019186 -0.0035752 0.1251043 0.1012826 -0.7642370 
1499119250.650186 -0.1492589 -0.0188636 -0.0334644 0.0029854 -0.0057797 0.0060337 0.9999606 -0.0572827 0.0001358 0.1714423 -0.0029752 0.0006625 -0.0036484 0.1102457 0.0960469 -0.7583426 
1499119250.916852 -0.1685864 -0.0231384 0.0070518 0.0046877 -0.0030091 0.0095730 0.9999387 -0.0604100 -0.0267954 0.1303026 -0.0051271 -0.0023938 -0.0017145 0.0533638 0.0772035 -0.6605206 
1499119251.116853 -0.1785574 -0.0259601 0.0289334 0.0045253 -0.0025213 0.0099001 0.9999376 -0.0385044 -0.0153847 0.1045715 -0.0052239 -0.0020987 -0.0016360 0.0524543 0.0769060 -0.6566640 
1499119251.216852 -0.1831560 -0.0277604 0.0393304 0.0040626 -0.0062037 0.0021954 0.9999701 -0.0582993 -0.0225650 0.1055651 -0.0052834 -0.0019590 -0.0015971 0.0516528 0.0767997 -0.6542315 
1499119251.583519 -0.1956862 -0.0361639 0.0730656 0.0011646 0.0035994 0.0134022 0.9999030 -0.0237811 -0.0176874 0.0782562 -0.0050534 0.0072029 0.0008353 0.0724390 0.0882033 -0.6196587 
1499119251.816853 -0.2013458 -0.0353325 0.0856182 0.0011503 -0.0012116 0.0005694 0.9999984 -0.0246115 0.0116766 0.0365719 -0.0049999 0.0077470 0.0009435 0.0743316 0.0887541 -0.6196201 
1499119252.183519 -0.1953557 -0.0324095 0.0914065 0.0016284 -0.0027726 -0.0044817 0.9999848 0.0636755 0.0102984 -0.0073642 -0.0045426 0.0080296 0.0009958 0.0782183 0.0898794 -0.6222259 
1499119252.650186 -0.1716569 -0.0282291 0.0755335 0.0012755 -0.0013935 -0.0020770 0.9999961 0.0773708 0.0138003 -0.0639007 -0.0000751 0.0072201 0.0016234 0.1625855 0.1178042 -0.7171105 
1499119253.150186 -0.1326519 -0.0139776 0.0323616 0.0029426 -0.0026206 0.0012518 0.9999915 0.0818422 0.0284161 -0.0977571 0.0014375 0.0004984 0.0014668 0.1889477 0.1247663 -0.7902780 
1499119253.483519 -0.1116062 -0.0058451 0.0014397 0.0040517 -0.0064798 -0.0036023 0.9999643 0.0535883 0.0167492 -0.0846957 0.0015242 -0.0005565 0.0014505 0.1886054 0.1246698 -0.7956354 
1499119253.883519 -0.0893329 -0.0016248 -0.0281684 0.0048151 -0.0094739 -0.0036745 0.9999368 0.0394237 0.0081235 -0.0656185 0.0015518 -0.0012446 0.0014118 0.1865065 0.1238441 -0.7977645 
1499119254.183519 -0.0822479 -0.0018118 -0.0440655 0.0049808 -0.0083971 -0.0006699 0.9999521 0.0144617 0.0025602 -0.0474808 0.0016793 -0.0017989 0.0014092 0.1855399 0.1234183 -0.7981703 
1499119254.483519 -0.0785437 -0.0027912 -0.0551499 0.0052376 -0.0106121 -0.0019007 0.9999282 0.0063184 -0.0152827 -0.0222402 0.0016793 -0.0017989 0.0014092 0.1855399 0.1234183 -0.7981703 
