1540581254.622692823,0.001692,-0.001094,0.000373,-0.594554,0.803657,-0.025304,-0.000316
1540581254.654649496,0.003452,0.001077,-0.000543,-0.594816,0.803481,-0.024736,-0.000417
1540581254.687178135,0.004374,0.000232,-0.001916,-0.597197,0.801756,-0.023280,0.000685
1540581254.721549273,0.004609,-0.001160,-0.004675,-0.597740,0.801292,-0.025178,-0.001933
1540581254.754911661,0.005178,-0.001903,-0.005873,-0.594898,0.803306,-0.027790,-0.004842
1540581254.789149046,0.005280,-0.004773,-0.004949,-0.605477,0.795294,-0.029379,-0.006468
1540581254.822318077,0.008047,-0.006579,-0.003506,-0.607745,0.793599,-0.028536,-0.005755
1540581254.855798483,0.009798,-0.007198,-0.002634,-0.605406,0.795447,-0.027066,-0.003834
1540581254.890159845,0.010367,-0.007252,-0.002753,-0.600476,0.799236,-0.025451,-0.001561
1540581254.922913313,0.010461,-0.006878,-0.003084,-0.596289,0.802377,-0.025119,-0.000906
1540581254.956284761,0.009388,-0.006283,-0.003089,-0.594137,0.803970,-0.025168,-0.000604
1540581254.990184307,0.008848,-0.006060,-0.001634,-0.593201,0.804647,-0.025599,-0.000820
1540581255.023183823,0.009342,-0.006526,-0.001487,-0.593564,0.804358,-0.026259,-0.001228
1540581255.059417486,0.009507,-0.006649,-0.001918,-0.593800,0.804174,-0.026547,-0.001003
1540581255.090787411,0.008443,-0.006014,-0.001246,-0.593430,0.804429,-0.027091,-0.000807
1540581255.125354052,0.008560,-0.006169,-0.002425,-0.593781,0.804166,-0.027200,-0.000733
1540581255.158692837,0.009668,-0.006346,-0.003574,-0.593899,0.804098,-0.026648,-0.000753
1540581255.193614006,0.013753,-0.007285,-0.005779,-0.594216,0.803903,-0.025386,-0.001318
1540581255.226054668,0.015026,-0.007050,-0.006237,-0.593991,0.804098,-0.024469,-0.001408
1540581255.259501219,0.016724,-0.007000,-0.006915,-0.593936,0.804158,-0.023815,-0.001728
1540581255.293161154,0.018791,-0.007897,-0.008648,-0.594311,0.803887,-0.023577,-0.002253
1540581255.326352596,0.020820,-0.008881,-0.010918,-0.594646,0.803643,-0.023408,-0.002673
1540581255.360023260,0.021796,-0.008725,-0.011260,-0.594714,0.803593,-0.023352,-0.002847
1540581255.394302607,0.022520,-0.008815,-0.012743,-0.595027,0.803367,-0.023134,-0.002918
1540581255.427645683,0.024782,-0.009894,-0.015207,-0.595649,0.802919,-0.022638,-0.003261
1540581255.460316181,0.025451,-0.009991,-0.015811,-0.595705,0.802880,-0.022535,-0.003380
1540581255.494359732,0.025024,-0.009981,-0.016024,-0.595676,0.802893,-0.022857,-0.003371
1540581255.529079199,0.026374,-0.010420,-0.017001,-0.595871,0.802745,-0.022912,-0.003617
1540581255.561455488,0.027959,-0.011078,-0.018394,-0.596135,0.802544,-0.023007,-0.003953
1540581255.595967054,0.030663,-0.011937,-0.020187,-0.596574,0.802213,-0.023126,-0.004483
1540581255.629787207,0.031467,-0.012345,-0.020598,-0.596657,0.802141,-0.023418,-0.004643
1540581255.662050724,0.033686,-0.012989,-0.020757,-0.596666,0.802129,-0.023509,-0.005104
1540581255.695704222,0.035563,-0.013714,-0.021823,-0.596721,0.802091,-0.023362,-0.005336
1540581255.728685379,0.037582,-0.014208,-0.021529,-0.596729,0.802091,-0.023072,-0.005661
1540581255.763209581,0.038597,-0.014649,-0.021698,-0.596761,0.802069,-0.022977,-0.005811
1540581255.796197653,0.038579,-0.015046,-0.021876,-0.596770,0.802059,-0.023072,-0.005820
1540581255.832864285,0.040882,-0.015768,-0.021883,-0.596748,0.802078,-0.022885,-0.006257
1540581255.899448633,0.044457,-0.017363,-0.023451,-0.597007,0.801878,-0.022905,-0.006975
1540581255.931591272,0.044990,-0.017949,-0.023786,-0.597077,0.801830,-0.022759,-0.007033
1540581255.965756178,0.045672,-0.018423,-0.023870,-0.597135,0.801797,-0.022372,-0.007083
1540581255.998418570,0.044744,-0.018230,-0.022904,-0.597044,0.801869,-0.022288,-0.006927
1540581256.031176329,0.045210,-0.018721,-0.023041,-0.597076,0.801854,-0.021978,-0.006954
1540581256.064828873,0.045680,-0.019155,-0.022814,-0.597062,0.801867,-0.021825,-0.007045
1540581256.099594831,0.045832,-0.019269,-0.022262,-0.597021,0.801897,-0.021827,-0.007137
1540581256.174299240,0.044805,-0.020314,-0.022054,-0.597074,0.801846,-0.022174,-0.007293
1540581256.215393782,0.042913,-0.023161,-0.025379,-0.597569,0.801428,-0.023693,-0.007885
1540581256.248625278,0.043560,-0.023587,-0.026999,-0.597837,0.801147,-0.025882,-0.009188
1540581256.281427622,0.042682,-0.022934,-0.025655,-0.597699,0.801174,-0.027875,-0.009987
1540581256.314627886,0.042452,-0.022589,-0.025423,-0.597621,0.801162,-0.029455,-0.011028
1540581256.348037720,0.043340,-0.020725,-0.025691,-0.597830,0.800922,-0.031032,-0.012669
1540581256.381509781,0.046805,-0.019381,-0.027924,-0.598275,0.800525,-0.031851,-0.014611
1540581256.415405273,0.050398,-0.017958,-0.029830,-0.598413,0.800397,-0.031619,-0.016327
1540581256.449440479,0.053682,-0.015051,-0.033537,-0.598701,0.800154,-0.031428,-0.017989
1540581256.482594967,0.053852,-0.010969,-0.035676,-0.598798,0.800063,-0.031223,-0.019106
1540581256.515363693,0.056921,-0.007259,-0.041713,-0.599326,0.799689,-0.029703,-0.020591
1540581256.548628807,0.056995,-0.004641,-0.044091,-0.599462,0.799646,-0.027142,-0.021780
1540581256.582832575,0.058758,-0.004610,-0.048038,-0.599977,0.799370,-0.022217,-0.023267
1540581256.615236998,0.059385,-0.004333,-0.052214,-0.600543,0.799061,-0.016077,-0.024326
1540581256.648321390,0.059095,-0.005144,-0.055359,-0.601071,0.798729,-0.010630,-0.025161
1540581256.682548761,0.059329,-0.005095,-0.057821,-0.601454,0.798446,-0.005645,-0.026560
1540581256.715414762,0.060128,-0.006230,-0.061096,-0.602008,0.797989,-0.000828,-0.028276
1540581256.749711275,0.061039,-0.007059,-0.063961,-0.602545,0.797524,0.002987,-0.029764
1540581256.782562017,0.059738,-0.008020,-0.069740,-0.603418,0.796796,0.004254,-0.031390
1540581256.815522432,0.063207,-0.008957,-0.075021,-0.604108,0.796143,0.004092,-0.034538
1540581256.848966599,0.064659,-0.008528,-0.071824,-0.603639,0.796396,0.005267,-0.036675
1540581256.882084846,0.068016,-0.009072,-0.068597,-0.602545,0.797094,0.006993,-0.039125
1540581256.915457249,0.080120,-0.009567,-0.064014,-0.601250,0.797882,0.009038,-0.042444
1540581256.948678255,0.087069,-0.008558,-0.061416,-0.600215,0.798565,0.010606,-0.043867
1540581256.982585192,0.090902,-0.008726,-0.058058,-0.598800,0.799545,0.010956,-0.045235
1540581257.015146971,0.096907,-0.011574,-0.056958,-0.598071,0.799990,0.012168,-0.046678
1540581257.049647570,0.098836,-0.008850,-0.058084,-0.597507,0.800387,0.012816,-0.046922
1540581257.082064629,0.097038,-0.007295,-0.061024,-0.596915,0.800828,0.010524,-0.047511
1540581257.115536451,0.094984,-0.007912,-0.063515,-0.596378,0.801175,0.004813,-0.049286
1540581257.148825645,0.096656,-0.011922,-0.062911,-0.595953,0.801307,-0.001416,-0.052386
1540581257.182196856,0.096894,-0.015867,-0.060142,-0.595206,0.801739,-0.005094,-0.054017
1540581257.215738297,0.094411,-0.015496,-0.063117,-0.594838,0.802034,-0.006543,-0.053543
1540581257.248872519,0.093664,-0.017527,-0.067061,-0.594629,0.802065,-0.009472,-0.054942
1540581257.282178164,0.091901,-0.024128,-0.069864,-0.594723,0.801856,-0.013056,-0.056228
1540581257.315777540,0.087042,-0.018837,-0.071696,-0.594619,0.801859,-0.016052,-0.056496
1540581257.348846197,0.083905,-0.032006,-0.069065,-0.594249,0.802124,-0.017304,-0.056267
1540581257.383625031,0.081402,-0.039371,-0.073046,-0.594819,0.802027,-0.013907,-0.052427
1540581257.418697119,0.085704,-0.030262,-0.078938,-0.594608,0.802363,-0.010612,-0.050424
1540581257.448814154,0.072333,-0.052444,-0.078409,-0.594880,0.802240,-0.015369,-0.047879
1540581257.482559919,0.063719,-0.061716,-0.079977,-0.595930,0.801637,-0.019075,-0.043385
1540581257.515626669,0.057907,-0.067865,-0.080484,-0.595641,0.801841,-0.023366,-0.041440
1540581257.549292564,0.039386,-0.084827,-0.077506,-0.595097,0.802402,-0.026023,-0.036507
1540581257.582672358,0.017378,-0.100620,-0.076622,-0.595450,0.802365,-0.028252,-0.029174
1540581257.615903616,-0.006942,-0.121468,-0.075401,-0.596529,0.801734,-0.029813,-0.022081
1540581257.649511099,-0.012430,-0.129158,-0.079197,-0.596581,0.802008,-0.025721,-0.014603
1540581257.682438850,-0.023671,-0.136038,-0.079688,-0.595969,0.802546,-0.026365,-0.006807
1540581257.715955019,-0.035485,-0.150773,-0.086609,-0.596587,0.801950,-0.030996,0.000389
1540581257.750841141,-0.048704,-0.167391,-0.094918,-0.596683,0.801621,-0.035981,0.008824
1540581257.782599449,-0.053901,-0.179233,-0.104811,-0.596981,0.801017,-0.041810,0.015387
1540581257.816357374,-0.043827,-0.186238,-0.112245,-0.597138,0.800518,-0.046990,0.019730
1540581257.850558043,-0.047289,-0.196113,-0.119975,-0.597266,0.799904,-0.052759,0.025356
1540581257.882777214,-0.053924,-0.187945,-0.119174,-0.596952,0.799596,-0.057907,0.030691
1540581257.915699244,-0.065427,-0.192309,-0.121572,-0.597626,0.798400,-0.064310,0.035551
1540581257.949506998,-0.068782,-0.195699,-0.122851,-0.597636,0.797978,-0.066887,0.039846
1540581257.984046459,-0.081512,-0.200475,-0.120363,-0.596715,0.798222,-0.068879,0.045046
1540581258.015866995,-0.091767,-0.207980,-0.120693,-0.596985,0.797740,-0.069871,0.048357
1540581258.050515890,-0.099591,-0.214519,-0.120410,-0.596740,0.797757,-0.069721,0.051235
1540581258.084547758,-0.116257,-0.221340,-0.119542,-0.595860,0.798024,-0.071046,0.055332
1540581258.115803480,-0.128670,-0.225278,-0.118357,-0.595582,0.797734,-0.075586,0.056478
1540581258.149981976,-0.130241,-0.232298,-0.120503,-0.596101,0.797040,-0.079603,0.055261
1540581258.183417559,-0.131781,-0.240155,-0.122451,-0.596131,0.796887,-0.081647,0.054148
1540581258.217289209,-0.134791,-0.252187,-0.126608,-0.596377,0.796814,-0.081748,0.052336
1540581258.252010345,-0.146790,-0.261621,-0.130738,-0.596090,0.797319,-0.078818,0.052410
1540581258.285818338,-0.163895,-0.259904,-0.129398,-0.594320,0.798878,-0.075669,0.053412
1540581258.318050146,-0.179992,-0.258772,-0.128306,-0.592972,0.800118,-0.073172,0.053303
1540581258.352188349,-0.196533,-0.267045,-0.132048,-0.592739,0.800609,-0.069923,0.052887
1540581258.384695530,-0.211756,-0.273966,-0.135166,-0.592124,0.801266,-0.067989,0.052343
1540581258.420049429,-0.230412,-0.285971,-0.140320,-0.592676,0.801047,-0.067240,0.050367
1540581258.451937199,-0.246222,-0.301978,-0.147216,-0.593098,0.801038,-0.064832,0.048683
1540581258.485636234,-0.261351,-0.320776,-0.155733,-0.593497,0.801001,-0.062846,0.047000
1540581258.518337011,-0.277589,-0.334152,-0.160717,-0.594121,0.800598,-0.064148,0.044134
1540581258.552750111,-0.290383,-0.348100,-0.165193,-0.594563,0.800501,-0.063074,0.041413
1540581258.586314440,-0.302829,-0.363532,-0.170180,-0.594417,0.800883,-0.060618,0.039751
1540581258.619259834,-0.315231,-0.374558,-0.172599,-0.595643,0.800194,-0.058951,0.037733
1540581258.652426243,-0.327264,-0.387174,-0.175562,-0.595930,0.800316,-0.054861,0.036766
1540581258.686817884,-0.334963,-0.401628,-0.179001,-0.597264,0.799651,-0.050617,0.035670
1540581258.719502926,-0.341592,-0.414238,-0.181164,-0.599186,0.798466,-0.046407,0.035693
1540581258.752517939,-0.350699,-0.424197,-0.182158,-0.599865,0.798050,-0.045461,0.034800
1540581258.790052414,-0.355557,-0.432646,-0.182898,-0.600516,0.797674,-0.044863,0.032915
1540581258.820470810,-0.358794,-0.440119,-0.183104,-0.601430,0.797132,-0.041187,0.034148
1540581258.853761911,-0.361905,-0.447390,-0.182648,-0.602300,0.796585,-0.038525,0.034699
1540581258.888788700,-0.356215,-0.444831,-0.177864,-0.603579,0.795651,-0.037116,0.035408
1540581258.921476126,-0.354928,-0.443946,-0.173637,-0.604004,0.795139,-0.039297,0.037265
1540581258.955164909,-0.329435,-0.420375,-0.159042,-0.606524,0.792898,-0.046925,0.035216
1540581258.988544941,-0.291581,-0.398223,-0.144274,-0.609144,0.790741,-0.051536,0.031893
1540581259.022150278,-0.265841,-0.391349,-0.136584,-0.609574,0.790420,-0.051887,0.031040
1540581259.056348562,-0.225154,-0.381605,-0.126276,-0.609629,0.790511,-0.050842,0.029305
1540581259.090086937,-0.194601,-0.384914,-0.121694,-0.609513,0.790902,-0.045682,0.029670
1540581259.122911453,-0.172829,-0.391875,-0.119918,-0.609307,0.791347,-0.039542,0.030849
1540581259.156684637,-0.153615,-0.394202,-0.115890,-0.608897,0.791813,-0.034757,0.032686
1540581259.189971685,-0.142021,-0.393951,-0.110700,-0.608629,0.791988,-0.033176,0.034993
1540581259.223364115,-0.132851,-0.401600,-0.109002,-0.608453,0.792083,-0.032749,0.036295
1540581259.257131815,-0.118254,-0.409157,-0.106917,-0.607929,0.792526,-0.030961,0.036959
1540581259.291009188,-0.104220,-0.419358,-0.105628,-0.607694,0.792778,-0.028009,0.037769
1540581259.324472427,-0.097008,-0.430824,-0.105610,-0.607854,0.792730,-0.024671,0.038517
1540581259.358119488,-0.107469,-0.443254,-0.108355,-0.607781,0.792770,-0.023367,0.039643
1540581259.391111374,-0.108304,-0.454855,-0.110336,-0.607240,0.793219,-0.023381,0.038943
1540581259.425849199,-0.101871,-0.466849,-0.111126,-0.607071,0.793422,-0.021981,0.038244
1540581259.458421230,-0.100983,-0.481099,-0.112003,-0.607231,0.793393,-0.019929,0.037431
1540581259.492158651,-0.097212,-0.495283,-0.112680,-0.607492,0.793359,-0.016470,0.035536
1540581259.526938677,-0.091561,-0.507448,-0.113370,-0.607871,0.793196,-0.011644,0.034592
1540581259.559134483,-0.097851,-0.518021,-0.115471,-0.608253,0.792954,-0.008550,0.034339
1540581259.593220711,-0.102070,-0.527692,-0.116832,-0.608352,0.792989,-0.006355,0.032171
1540581259.626891613,-0.097573,-0.535801,-0.116807,-0.608748,0.792759,-0.002590,0.030858
1540581259.660498381,-0.105092,-0.538563,-0.116779,-0.609523,0.792196,-0.001292,0.030093
1540581259.695215702,-0.103985,-0.542347,-0.115966,-0.609554,0.792285,-0.002451,0.026853
1540581259.728629351,-0.098169,-0.549755,-0.115137,-0.609996,0.792003,-0.002537,0.025081
1540581259.761654139,-0.097223,-0.554725,-0.113454,-0.610870,0.791408,-0.002896,0.022415
1540581259.796070337,-0.082146,-0.564664,-0.112602,-0.610737,0.791615,-0.001824,0.018538
1540581259.827984810,-0.071488,-0.573657,-0.112577,-0.610652,0.791674,0.001367,0.018834
1540581259.862872839,-0.071461,-0.578178,-0.114324,-0.612258,0.790445,0.003260,0.018060
1540581259.895098209,-0.062994,-0.585296,-0.114190,-0.612327,0.790411,0.007670,0.015723
1540581259.929488420,-0.060869,-0.590055,-0.109686,-0.610647,0.791636,0.011045,0.017311
1540581259.962316036,-0.063612,-0.588855,-0.107665,-0.611046,0.791343,0.008868,0.017924
1540581259.996618509,-0.056798,-0.593722,-0.106180,-0.611470,0.791062,0.009205,0.015494
1540581260.030079126,-0.054228,-0.594448,-0.102777,-0.610196,0.792014,0.011667,0.015448
1540581260.063698769,-0.055742,-0.595984,-0.100799,-0.609426,0.792608,0.010229,0.016368
1540581260.096839428,-0.051870,-0.599061,-0.100497,-0.610107,0.792125,0.008630,0.015249
1540581260.130866528,-0.049130,-0.599758,-0.099686,-0.609473,0.792611,0.009326,0.014961
1540581260.165610075,-0.051601,-0.597715,-0.097847,-0.608925,0.793019,0.008442,0.016132
1540581260.198530912,-0.054817,-0.593112,-0.097665,-0.609911,0.792307,0.005070,0.015252
1540581260.232094765,-0.048233,-0.594689,-0.097282,-0.609376,0.792758,0.003915,0.013448
1540581260.265463591,-0.045676,-0.592389,-0.096324,-0.609342,0.792768,0.005212,0.013917
1540581260.299453259,-0.053190,-0.585021,-0.098124,-0.610621,0.791787,0.004624,0.013952
1540581260.331927538,-0.059368,-0.577069,-0.098577,-0.611009,0.791522,0.003103,0.012306
1540581260.366010427,-0.067180,-0.567712,-0.098416,-0.610931,0.791591,0.001104,0.012058
1540581260.399301529,-0.077070,-0.556761,-0.099170,-0.611399,0.791239,-0.002958,0.011060
1540581260.433573008,-0.073695,-0.554810,-0.096989,-0.610142,0.792212,-0.005717,0.009720
1540581260.466986179,-0.077694,-0.549495,-0.096043,-0.609873,0.792396,-0.008207,0.009794
1540581260.503395081,-0.078129,-0.545091,-0.093604,-0.608841,0.793179,-0.010880,0.007792
1540581260.568749428,-0.078373,-0.545008,-0.086450,-0.605954,0.795396,-0.010090,0.008027
1540581260.602189541,-0.080398,-0.541903,-0.085134,-0.605354,0.795856,-0.009786,0.007927
1540581260.634963751,-0.076480,-0.544295,-0.082070,-0.603854,0.797027,-0.006839,0.007799
1540581260.686686277,-0.088545,-0.539668,-0.085207,-0.604018,0.796874,-0.003273,0.011938
1540581260.718504429,-0.095116,-0.534456,-0.087153,-0.604743,0.796314,-0.003383,0.012615
1540581260.751978159,-0.101187,-0.534012,-0.088691,-0.604999,0.796093,-0.001440,0.014509
1540581260.784745455,-0.107596,-0.533408,-0.091197,-0.605323,0.795796,0.000748,0.017105
1540581260.818128109,-0.108712,-0.534089,-0.091756,-0.604872,0.796123,0.000846,0.017803
1540581260.851560116,-0.106075,-0.535230,-0.090191,-0.604349,0.796504,-0.000683,0.018518
1540581260.885288477,-0.101525,-0.535491,-0.088525,-0.604090,0.796691,-0.005213,0.018219
1540581260.918172836,-0.096920,-0.531794,-0.087646,-0.603069,0.797413,-0.010913,0.017919
1540581260.951879978,-0.090940,-0.527232,-0.087125,-0.602326,0.797882,-0.015847,0.018338
1540581260.985176563,-0.090484,-0.523311,-0.087869,-0.602258,0.797827,-0.019292,0.019616
1540581261.018727779,-0.088629,-0.518964,-0.087979,-0.601861,0.798048,-0.021121,0.020897
1540581261.051136494,-0.088258,-0.515528,-0.087373,-0.601722,0.798071,-0.022180,0.022833
1540581261.085145473,-0.084696,-0.515921,-0.088489,-0.602007,0.797808,-0.023227,0.023469
1540581261.118053436,-0.077761,-0.514407,-0.087589,-0.601577,0.798066,-0.025517,0.023324
1540581261.151104450,-0.069406,-0.511666,-0.086343,-0.601560,0.797989,-0.028142,0.023382
1540581261.184888363,-0.064432,-0.510725,-0.085732,-0.601144,0.798188,-0.030776,0.023982
1540581261.219740629,-0.059636,-0.508805,-0.084757,-0.601293,0.797967,-0.033845,0.023447
1540581261.252241611,-0.048559,-0.506310,-0.083303,-0.601320,0.797891,-0.035836,0.022359
1540581261.285128832,-0.038020,-0.504331,-0.081451,-0.600882,0.798161,-0.037443,0.021857
1540581261.318596363,-0.031767,-0.503056,-0.080279,-0.600852,0.798244,-0.036316,0.021559
1540581261.353624105,-0.028502,-0.500364,-0.077546,-0.600181,0.798991,-0.029879,0.022459
1540581261.384814501,-0.019948,-0.499974,-0.076990,-0.599815,0.799474,-0.022820,0.023283
1540581261.418399096,-0.007347,-0.500474,-0.075462,-0.600087,0.799375,-0.020461,0.021833
1540581261.451534033,0.004313,-0.502345,-0.071924,-0.599456,0.799902,-0.021080,0.019090
1540581261.485590935,0.021393,-0.500632,-0.067543,-0.597980,0.801015,-0.023814,0.015094
1540581261.518382311,0.037224,-0.499187,-0.062716,-0.597360,0.801437,-0.026728,0.012085
1540581261.552533150,0.046421,-0.501547,-0.060187,-0.597729,0.801216,-0.026099,0.009600
1540581261.585664988,0.052944,-0.505115,-0.060089,-0.597327,0.801652,-0.021959,0.008450
1540581261.618576765,0.056809,-0.509867,-0.061524,-0.597029,0.801983,-0.017609,0.008327
1540581261.652222633,0.056223,-0.514318,-0.063859,-0.598043,0.801337,-0.011905,0.007891
1540581261.686548471,0.054495,-0.518975,-0.065967,-0.598203,0.801286,-0.005730,0.007811
1540581261.718208551,0.053616,-0.522813,-0.066784,-0.598075,0.801395,-0.004320,0.007344
1540581261.751333714,0.052608,-0.526625,-0.065268,-0.598733,0.800911,-0.006313,0.004505
1540581261.786187649,0.051708,-0.530053,-0.064198,-0.598908,0.800791,-0.006405,0.001326
1540581261.818433285,0.048653,-0.533073,-0.063887,-0.598770,0.800902,-0.005545,-0.000464
1540581261.851879120,0.045986,-0.534808,-0.064007,-0.599476,0.800372,-0.004492,-0.003526
1540581261.885873318,0.041215,-0.537696,-0.065448,-0.599923,0.800039,-0.000171,-0.005417
1540581261.918402672,0.033453,-0.538848,-0.067253,-0.600444,0.799628,0.003363,-0.007101
1540581261.952399492,0.029528,-0.541695,-0.067320,-0.601279,0.798949,0.004266,-0.011203
1540581261.985210896,0.028233,-0.548427,-0.067038,-0.601041,0.799075,0.008062,-0.012851
1540581262.018715858,0.020357,-0.548193,-0.068208,-0.601806,0.798446,0.010674,-0.014139
1540581262.051951408,0.015494,-0.551278,-0.069118,-0.601811,0.798360,0.011843,-0.017445
1540581262.085972786,0.010512,-0.555497,-0.069859,-0.601866,0.798211,0.016315,-0.018727
1540581262.118881464,0.004093,-0.556873,-0.071039,-0.602289,0.797808,0.018666,-0.020042
1540581262.152111053,0.001319,-0.560076,-0.070437,-0.602032,0.797925,0.019500,-0.022194
1540581262.185575485,-0.001107,-0.562157,-0.070152,-0.602015,0.797860,0.021513,-0.023141
1540581262.218793392,-0.006974,-0.561944,-0.071027,-0.602067,0.797778,0.022438,-0.023725
1540581262.252364397,-0.009701,-0.562845,-0.069822,-0.600867,0.798684,0.021577,-0.024452
1540581262.286791325,-0.007827,-0.564373,-0.066804,-0.599849,0.799432,0.021906,-0.024712
1540581262.318795443,-0.008847,-0.564013,-0.065021,-0.599451,0.799673,0.025087,-0.023490
1540581262.351892471,-0.012533,-0.563175,-0.064206,-0.598822,0.800069,0.028644,-0.021943
1540581262.385754824,-0.014437,-0.563126,-0.062265,-0.597659,0.800877,0.031164,-0.020695
1540581262.418663025,-0.019600,-0.562170,-0.058890,-0.596338,0.801789,0.034413,-0.018199
1540581262.452589512,-0.024836,-0.561286,-0.055583,-0.595408,0.802468,0.035531,-0.016459
1540581262.486496687,-0.025271,-0.560391,-0.051157,-0.594175,0.803499,0.033018,-0.015950
1540581262.521244764,-0.026668,-0.560727,-0.050229,-0.593788,0.803871,0.031691,-0.014280
1540581262.552732229,-0.027292,-0.560791,-0.050805,-0.593373,0.804218,0.031195,-0.012995
1540581262.587234497,-0.021328,-0.560168,-0.046208,-0.591648,0.805541,0.030540,-0.011179
1540581262.621894121,-0.023113,-0.563923,-0.048686,-0.591880,0.805508,0.027297,-0.009459
1540581262.656283855,-0.017690,-0.564401,-0.046226,-0.590126,0.806913,0.023989,-0.008201
1540581262.687680244,-0.013210,-0.564073,-0.042538,-0.589174,0.807668,0.022588,-0.006000
1540581262.721271038,-0.012406,-0.565624,-0.040970,-0.588952,0.807883,0.021127,-0.003867
1540581262.754825592,-0.008887,-0.565535,-0.039191,-0.587938,0.808690,0.018550,-0.002443
1540581262.787834883,-0.005524,-0.565106,-0.036960,-0.586353,0.809923,0.014698,-0.000158
1540581262.822031021,-0.001528,-0.565882,-0.036421,-0.586328,0.810008,0.010169,0.001661
1540581262.852997541,0.003090,-0.567244,-0.037462,-0.587103,0.809464,0.008315,0.002933
1540581262.888000488,0.008866,-0.567127,-0.037350,-0.586787,0.809683,0.008155,0.005261
1540581262.920181513,0.011264,-0.566223,-0.037571,-0.587247,0.809346,0.006493,0.007526
1540581262.954095840,0.012359,-0.565525,-0.039478,-0.587964,0.808825,0.003647,0.009337
1540581262.991370440,0.017330,-0.563871,-0.040845,-0.588186,0.808652,0.001407,0.010797
1540581263.022595882,0.020949,-0.561400,-0.041139,-0.588366,0.808493,0.000233,0.012802
1540581263.055553913,0.022629,-0.560338,-0.043068,-0.589142,0.807903,-0.001453,0.014262
1540581263.088243008,0.026094,-0.559567,-0.043281,-0.589059,0.807936,-0.002924,0.015532
1540581263.120736361,0.027731,-0.558295,-0.045303,-0.590183,0.807082,-0.004236,0.016885
1540581263.154571772,0.031213,-0.556919,-0.047592,-0.590736,0.806653,-0.005256,0.017692
1540581263.187860966,0.035418,-0.554034,-0.050331,-0.591171,0.806322,-0.004519,0.018462
1540581263.221321106,0.038846,-0.549784,-0.049703,-0.590583,0.806731,-0.003792,0.019534
1540581263.255468130,0.040543,-0.547039,-0.048781,-0.590605,0.806683,-0.005339,0.020492
1540581263.289530754,0.047326,-0.542376,-0.047627,-0.590393,0.806845,-0.006743,0.019789
1540581263.322260380,0.053424,-0.538629,-0.045897,-0.589219,0.807699,-0.005881,0.020235
1540581263.357876062,0.058483,-0.535769,-0.041271,-0.588200,0.808432,-0.007975,0.019871
1540581263.389974356,0.063854,-0.534127,-0.038803,-0.588322,0.808352,-0.011078,0.017918
1540581263.423125982,0.071631,-0.530483,-0.036084,-0.586711,0.809520,-0.012524,0.017069
1540581263.457439423,0.077848,-0.529869,-0.034465,-0.586553,0.809633,-0.014224,0.015720
1540581263.490474224,0.081158,-0.532501,-0.035344,-0.586722,0.809549,-0.013427,0.014398
1540581263.525175810,0.084432,-0.534913,-0.037775,-0.586635,0.809686,-0.007639,0.014489
1540581263.557910919,0.087323,-0.538412,-0.040401,-0.586501,0.809804,-0.002340,0.015123
1540581263.591725349,0.087156,-0.542491,-0.040875,-0.586894,0.809539,-0.002041,0.014095
1540581263.626076698,0.088692,-0.546719,-0.039840,-0.587001,0.809485,-0.005035,0.011738
1540581263.659371853,0.090189,-0.549572,-0.038786,-0.587289,0.809269,-0.009063,0.009641
1540581263.692912579,0.095246,-0.553858,-0.038174,-0.586949,0.809506,-0.012061,0.006736
1540581263.725991964,0.101136,-0.558885,-0.038154,-0.587228,0.809344,-0.009778,0.005508
1540581263.760040522,0.104045,-0.560450,-0.041402,-0.588859,0.808206,-0.004877,0.004991
1540581263.794315100,0.106639,-0.562958,-0.044286,-0.588384,0.808568,-0.001062,0.004569
1540581263.827517271,0.107273,-0.563708,-0.045517,-0.588698,0.808341,0.000101,0.004449
1540581263.859954834,0.106723,-0.561590,-0.045910,-0.589409,0.807827,-0.001242,0.003278
1540581263.894701481,0.109766,-0.561385,-0.045350,-0.589044,0.808096,-0.002668,0.000886
1540581263.928316355,0.112354,-0.560538,-0.046118,-0.589552,0.807728,-0.002010,-0.000079
1540581263.960398436,0.112626,-0.557350,-0.047807,-0.589804,0.807546,0.000013,-0.000490
1540581263.994698524,0.113858,-0.554346,-0.049471,-0.589571,0.807709,0.002940,-0.001630
1540581264.027953863,0.113621,-0.550389,-0.050349,-0.589794,0.807523,0.006807,-0.001631
1540581264.061996698,0.111144,-0.542131,-0.052225,-0.589959,0.807381,0.009136,-0.001320
1540581264.095225811,0.109393,-0.534748,-0.052089,-0.589387,0.807801,0.008658,-0.002187
1540581264.129484177,0.107294,-0.528734,-0.049827,-0.588664,0.808337,0.007884,-0.002072
1540581264.162449837,0.098664,-0.521463,-0.046801,-0.588076,0.808780,0.006297,-0.001383
1540581264.195671082,0.090815,-0.515980,-0.043637,-0.587147,0.809473,0.002533,-0.002406
1540581264.230550289,0.087366,-0.510588,-0.038450,-0.585257,0.810843,-0.001154,-0.002474
1540581264.263747215,0.080225,-0.505449,-0.034501,-0.584178,0.811608,-0.005203,-0.001016
1540581264.297503710,0.074604,-0.501679,-0.030859,-0.583175,0.812284,-0.009989,-0.001509
1540581264.331068993,0.071183,-0.497783,-0.028019,-0.582490,0.812749,-0.011959,-0.001294
1540581264.364372730,0.064856,-0.495417,-0.026440,-0.581897,0.813173,-0.011992,0.001030
1540581264.399346590,0.056160,-0.492900,-0.027600,-0.582855,0.812467,-0.013159,0.001977
1540581264.431937218,0.050463,-0.491402,-0.027662,-0.582228,0.812890,-0.014641,0.002570
1540581264.465397120,0.045534,-0.490935,-0.027587,-0.582026,0.813000,-0.016235,0.003659
1540581264.499237776,0.043494,-0.490130,-0.025222,-0.581560,0.813312,-0.017178,0.004023
1540581264.532354593,0.041310,-0.487908,-0.022253,-0.581513,0.813357,-0.016435,0.004870
1540581264.566033840,0.035772,-0.486949,-0.021038,-0.581394,0.813416,-0.017240,0.006173
1540581264.599722624,0.033098,-0.484290,-0.018766,-0.580514,0.813938,-0.021496,0.006823
1540581264.632539749,0.031678,-0.481427,-0.016966,-0.580803,0.813589,-0.026149,0.007528
1540581264.666970253,0.032134,-0.478204,-0.016579,-0.581294,0.813134,-0.029063,0.008155
1540581264.700321436,0.034472,-0.473613,-0.016491,-0.581315,0.813086,-0.029489,0.009692
1540581264.734460354,0.038822,-0.468568,-0.017274,-0.582282,0.812373,-0.029465,0.011353
1540581264.767501116,0.041609,-0.464878,-0.018313,-0.582808,0.811996,-0.028655,0.013299
1540581264.802525043,0.042599,-0.457136,-0.018834,-0.583462,0.811474,-0.029106,0.015360
1540581264.835399151,0.041895,-0.452556,-0.018244,-0.583847,0.811053,-0.032371,0.016361
1540581264.868720770,0.039897,-0.447296,-0.017629,-0.584641,0.810245,-0.037602,0.016855
1540581264.901964188,0.039962,-0.441238,-0.016603,-0.584768,0.809783,-0.044953,0.016612
1540581264.935598373,0.046885,-0.433046,-0.015920,-0.585220,0.809068,-0.051830,0.015533
1540581264.971162558,0.054473,-0.424797,-0.015951,-0.585252,0.809044,-0.051443,0.016757
1540581265.006501675,0.058120,-0.416863,-0.016945,-0.585210,0.809488,-0.043342,0.019502
1540581265.038219929,0.063300,-0.408386,-0.017264,-0.585414,0.809782,-0.032722,0.021747
1540581265.069580317,0.066701,-0.400805,-0.017749,-0.584741,0.810532,-0.022041,0.025098
1540581265.103461981,0.065675,-0.394605,-0.017954,-0.584197,0.811018,-0.014109,0.027668
1540581265.136826515,0.063746,-0.387059,-0.016235,-0.583404,0.811620,-0.011225,0.028048
1540581265.172940016,0.065596,-0.377368,-0.015081,-0.583517,0.811577,-0.011864,0.026659
1540581265.204812288,0.067053,-0.369766,-0.015520,-0.583523,0.811591,-0.012782,0.025647
1540581265.237979889,0.070018,-0.362064,-0.016117,-0.583400,0.811713,-0.014451,0.023629
1540581265.271927118,0.079482,-0.353447,-0.017498,-0.583483,0.811707,-0.015539,0.020929
1540581265.321533918,0.083324,-0.343963,-0.018505,-0.584237,0.811237,-0.013070,0.019762
1540581265.354038000,0.085692,-0.339391,-0.018918,-0.583602,0.811751,-0.011333,0.018470
1540581265.387755156,0.090110,-0.335104,-0.018311,-0.583248,0.812036,-0.011781,0.016730
1540581265.421230555,0.093693,-0.331168,-0.015938,-0.583697,0.811687,-0.016685,0.013540
1540581265.454156637,0.092772,-0.329412,-0.014148,-0.583319,0.811886,-0.021734,0.010403
1540581265.487562180,0.093619,-0.324970,-0.014329,-0.582252,0.812617,-0.023923,0.007995
1540581265.521914721,0.091940,-0.319682,-0.015030,-0.583343,0.811879,-0.022941,0.006034
1540581265.555033922,0.088867,-0.314039,-0.015673,-0.584151,0.811415,-0.018794,0.004493
1540581265.587853670,0.086524,-0.308912,-0.016454,-0.583467,0.811989,-0.015265,0.002553
1540581265.621341467,0.085314,-0.303232,-0.016319,-0.583578,0.811930,-0.014319,-0.000842
1540581265.655205011,0.082532,-0.297580,-0.016536,-0.584287,0.811437,-0.012758,-0.004084
1540581265.687671900,0.078946,-0.290968,-0.017147,-0.584267,0.811469,-0.010346,-0.006530
1540581265.721318245,0.075355,-0.283041,-0.017619,-0.584428,0.811345,-0.008671,-0.009393
1540581265.755370855,0.070576,-0.273870,-0.017721,-0.585014,0.810921,-0.005659,-0.011527
1540581265.788720369,0.064459,-0.262517,-0.018289,-0.585746,0.810398,-0.001335,-0.012433
1540581265.820950031,0.058815,-0.250007,-0.018615,-0.585575,0.810502,0.001796,-0.013641
1540581265.854354858,0.054292,-0.234705,-0.017817,-0.585566,0.810476,0.003177,-0.015173
1540581265.888327837,0.051833,-0.219894,-0.015534,-0.585014,0.810849,0.003149,-0.016500
1540581265.921736717,0.050244,-0.204602,-0.012764,-0.584339,0.811304,0.001283,-0.018197
1540581265.954661846,0.048941,-0.188956,-0.009916,-0.583396,0.811954,-0.001018,-0.019466
1540581265.987350225,0.047870,-0.173300,-0.007354,-0.582321,0.812721,-0.001487,-0.019586
1540581266.021527767,0.044327,-0.157876,-0.005230,-0.581495,0.813338,-0.000084,-0.018590
1540581266.054720640,0.041166,-0.143503,-0.002432,-0.580508,0.814085,0.002976,-0.016359
1540581266.087467670,0.038434,-0.128965,-0.000961,-0.580642,0.814012,0.005184,-0.014569
1540581266.122745514,0.036691,-0.114544,-0.000585,-0.580218,0.814344,0.006071,-0.012437
1540581266.154626608,0.036627,-0.102451,-0.002100,-0.580656,0.814067,0.002763,-0.011237
1540581266.188008070,0.037327,-0.090815,-0.005430,-0.580478,0.814206,-0.002271,-0.010386
1540581266.221342802,0.036431,-0.079216,-0.007046,-0.579980,0.814586,-0.002896,-0.008069
1540581266.255582333,0.034992,-0.068225,-0.005779,-0.579372,0.815050,0.001320,-0.004463
1540581266.287968159,0.033473,-0.056592,-0.004962,-0.579839,0.814718,0.004499,-0.001306
1540581266.322141886,0.032127,-0.044391,-0.003715,-0.578884,0.815407,0.001785,0.000658
1540581266.357095242,0.031428,-0.029956,-0.002605,-0.578390,0.815742,-0.005204,0.001826
1540581266.388397694,0.030130,-0.015244,-0.002186,-0.578350,0.815725,-0.009798,0.002918
1540581266.421687841,0.029283,-0.000129,-0.002559,-0.578518,0.815591,-0.010164,0.004996
1540581266.454405785,0.028718,0.014622,-0.003014,-0.578569,0.815549,-0.008655,0.007892
1540581266.487694740,0.029653,0.028659,-0.003683,-0.578900,0.815285,-0.009532,0.009698
1540581266.521478176,0.031347,0.043833,-0.003966,-0.579146,0.815045,-0.013401,0.010582
1540581266.554288149,0.034352,0.058053,-0.004194,-0.579427,0.814733,-0.018560,0.011413
1540581266.587810516,0.036231,0.074431,-0.004721,-0.579927,0.814208,-0.024646,0.011945
1540581266.621238470,0.039625,0.091496,-0.004682,-0.579764,0.814113,-0.030613,0.012516
1540581266.654989481,0.042921,0.109677,-0.004657,-0.580144,0.813602,-0.036132,0.013388
1540581266.689451218,0.045965,0.129022,-0.005242,-0.580511,0.813108,-0.040695,0.014330
1540581266.721721172,0.049781,0.147565,-0.005827,-0.580371,0.813070,-0.043056,0.015263
1540581266.755048275,0.054348,0.168617,-0.005773,-0.580142,0.813266,-0.041863,0.016797
1540581266.788198233,0.060058,0.190333,-0.005886,-0.580121,0.813345,-0.039849,0.018465
1540581266.821565628,0.066424,0.214095,-0.005473,-0.579858,0.813533,-0.039594,0.018979
1540581266.855113268,0.074505,0.239237,-0.003119,-0.578526,0.814475,-0.039771,0.018869
1540581266.888281345,0.082772,0.263281,-0.000114,-0.577758,0.814979,-0.040832,0.018373
1540581266.922029972,0.090706,0.288831,0.003125,-0.576914,0.815520,-0.042294,0.017573
1540581266.955029011,0.098636,0.312646,0.004769,-0.576027,0.816204,-0.041113,0.017712
1540581266.988435030,0.105453,0.335159,0.005497,-0.575489,0.816707,-0.037945,0.019023
1540581267.021968365,0.110020,0.356812,0.004570,-0.575817,0.816628,-0.033633,0.020527
1540581267.055830956,0.114041,0.376604,0.002156,-0.575541,0.816999,-0.027920,0.022037
1540581267.089361429,0.117071,0.394823,-0.000245,-0.575959,0.816809,-0.023173,0.023625
1540581267.122068167,0.119062,0.411403,-0.002223,-0.576499,0.816433,-0.022345,0.024236
1540581267.156019449,0.121087,0.428312,-0.003369,-0.576704,0.816210,-0.025291,0.023969
1540581267.188077211,0.122776,0.442714,-0.003176,-0.577260,0.815695,-0.030003,0.022649
1540581267.221598625,0.123435,0.456764,-0.003640,-0.577219,0.815669,-0.032038,0.021817
1540581267.255323410,0.124143,0.471401,-0.003781,-0.576518,0.816209,-0.030834,0.021888
1540581267.288750887,0.122752,0.484196,-0.005028,-0.577404,0.815692,-0.026942,0.022917
1540581267.322539330,0.119248,0.498326,-0.006759,-0.577819,0.815500,-0.022621,0.023955
1540581267.355780602,0.113959,0.512346,-0.008822,-0.578384,0.815147,-0.020038,0.024617
1540581267.390361786,0.108866,0.525970,-0.010030,-0.579038,0.814714,-0.018701,0.024644
1540581267.426285267,0.101092,0.540423,-0.011070,-0.580162,0.813950,-0.017215,0.024507
1540581267.457442045,0.095826,0.551734,-0.011300,-0.580379,0.813836,-0.015160,0.024527
1540581267.490455627,0.091650,0.567511,-0.010191,-0.580348,0.813902,-0.012003,0.024813
1540581267.524702549,0.084115,0.581713,-0.009709,-0.581024,0.813435,-0.008379,0.025759
1540581267.559428930,0.075521,0.599158,-0.009123,-0.580760,0.813630,-0.005731,0.026276
1540581267.591151714,0.069687,0.618374,-0.007159,-0.579672,0.814387,-0.003744,0.027193
1540581267.625449181,0.061704,0.640000,-0.004255,-0.579123,0.814747,-0.002895,0.028222
1540581267.660343409,0.053748,0.664578,-0.000186,-0.578068,0.815482,-0.004151,0.028467
1540581267.690444708,0.047280,0.687861,0.003356,-0.576604,0.816478,-0.006741,0.029078
1540581267.723567963,0.041585,0.713429,0.007371,-0.575500,0.817209,-0.010844,0.029189
1540581267.757720470,0.037361,0.739906,0.010874,-0.574445,0.817879,-0.015765,0.028974
1540581267.791048050,0.033252,0.766356,0.013154,-0.574139,0.817959,-0.021014,0.029434
1540581267.824493170,0.029802,0.792118,0.014116,-0.574404,0.817567,-0.028459,0.028887
1540581267.858879566,0.026804,0.815285,0.013497,-0.575093,0.816815,-0.036087,0.027901
1540581267.891946793,0.026846,0.837585,0.012044,-0.574380,0.817121,-0.040599,0.027451
1540581267.927106380,0.025271,0.860270,0.011556,-0.573925,0.817478,-0.038959,0.028666
1540581267.959934711,0.024322,0.882171,0.012741,-0.573425,0.818049,-0.032797,0.030062
1540581267.992744684,0.020351,0.896808,0.013283,-0.573594,0.817987,-0.029689,0.031711
1540581268.026384830,0.016903,0.908575,0.013143,-0.574159,0.817382,-0.034868,0.031799
1540581268.061615229,0.016635,0.923282,0.013331,-0.574884,0.816476,-0.044545,0.029855
1540581268.093308687,0.018831,0.930148,0.010259,-0.576233,0.815235,-0.050171,0.028808
1540581268.127645969,0.018462,0.959743,0.009979,-0.575974,0.815280,-0.053169,0.027308
1540581268.160633802,0.019862,0.988262,0.009558,-0.575744,0.815577,-0.051393,0.026703
1540581268.194601536,0.019750,1.012457,0.008257,-0.576187,0.815475,-0.047246,0.027879
1540581268.227869511,0.017371,1.032762,0.007279,-0.577282,0.814648,-0.048474,0.027289
1540581268.261564970,0.017628,1.055784,0.006714,-0.578524,0.813528,-0.053353,0.025211
1540581268.295596600,0.018624,1.078724,0.006766,-0.579893,0.812101,-0.060632,0.023243
1540581268.329128027,0.020912,1.103299,0.007394,-0.581062,0.810420,-0.072155,0.019516
1540581268.362845659,0.026023,1.128840,0.007512,-0.580899,0.809637,-0.082472,0.015578
1540581268.395900249,0.031849,1.153584,0.007500,-0.579722,0.810137,-0.086147,0.013388
1540581268.429331779,0.034006,1.183850,0.009094,-0.579079,0.810939,-0.082979,0.012628
1540581268.464422226,0.038514,1.210328,0.010657,-0.578292,0.812240,-0.075163,0.013960
1540581268.496905565,0.044025,1.231627,0.012757,-0.577360,0.813316,-0.070317,0.015083
1540581268.530565500,0.049802,1.254282,0.016307,-0.577233,0.813402,-0.070550,0.014202
1540581268.564924240,0.055466,1.278147,0.019099,-0.576833,0.813762,-0.069674,0.014132
1540581268.598429203,0.060928,1.302134,0.020093,-0.575914,0.814791,-0.064695,0.015927
1540581268.631068230,0.067050,1.324031,0.020507,-0.576120,0.815224,-0.056293,0.018085
1540581268.664869785,0.071906,1.342028,0.019114,-0.577272,0.814983,-0.045702,0.021709
1540581268.699330330,0.076303,1.359996,0.016155,-0.577950,0.814817,-0.037577,0.025189
1540581268.731965780,0.081001,1.376621,0.012974,-0.578400,0.814674,-0.031075,0.028171
1540581268.766267300,0.084902,1.393020,0.009548,-0.579241,0.814155,-0.025447,0.031379
1540581268.800474167,0.087691,1.407871,0.007023,-0.579861,0.813693,-0.022949,0.033730
1540581268.832621336,0.089032,1.421597,0.005746,-0.580262,0.813296,-0.024753,0.035114
1540581268.866290569,0.089298,1.438189,0.005580,-0.580604,0.812911,-0.029103,0.035045
1540581268.899688482,0.085425,1.457368,0.004958,-0.580249,0.813112,-0.030126,0.035383
1540581268.933855772,0.080423,1.475468,0.003344,-0.580062,0.813361,-0.026368,0.035734
1540581268.966941118,0.075961,1.491078,0.001876,-0.580028,0.813563,-0.019410,0.036135
1540581269.000661373,0.074048,1.506095,-0.001248,-0.580565,0.813301,-0.012743,0.036375
1540581269.034218311,0.072341,1.519633,-0.004391,-0.581237,0.812906,-0.009513,0.035463
1540581269.068535089,0.069898,1.536872,-0.006158,-0.581742,0.812666,-0.008686,0.032792
1540581269.102454424,0.066405,1.555528,-0.007368,-0.582381,0.812329,-0.008096,0.029808
1540581269.135128498,0.063050,1.575980,-0.006769,-0.582525,0.812337,-0.007092,0.026867
1540581269.168624163,0.058385,1.599379,-0.005577,-0.582297,0.812595,-0.006198,0.024100
1540581269.202118874,0.052495,1.623121,-0.002907,-0.582731,0.812340,-0.006060,0.022181
1540581269.236331224,0.046271,1.648055,0.000009,-0.583277,0.811984,-0.008137,0.020102
1540581269.269858837,0.040181,1.674094,0.003385,-0.582920,0.812248,-0.011941,0.017752
1540581269.303206682,0.035185,1.700471,0.006876,-0.582437,0.812558,-0.016630,0.015521
1540581269.336488008,0.033280,1.725285,0.008135,-0.581860,0.812919,-0.020457,0.013521
1540581269.370677233,0.033312,1.748142,0.006764,-0.581617,0.813095,-0.021016,0.012490
1540581269.404540062,0.030414,1.765677,0.006391,-0.580402,0.814037,-0.017589,0.012953
1540581269.437961340,0.025062,1.784721,0.008378,-0.580155,0.814288,-0.012476,0.014105
1540581269.472299099,0.018731,1.812673,0.010458,-0.580073,0.814368,-0.008779,0.015611
1540581269.504786730,0.010495,1.831632,0.013547,-0.579719,0.814617,-0.008064,0.016135
1540581269.538454533,0.004331,1.855465,0.014637,-0.580036,0.814408,-0.007733,0.015430
1540581269.573004961,-0.000384,1.883208,0.014566,-0.580031,0.814415,-0.007434,0.015408
1540581269.605792999,-0.005878,1.903316,0.014185,-0.579931,0.814481,-0.007217,0.015771
1540581269.639529705,-0.013860,1.919986,0.016233,-0.579637,0.814703,-0.005139,0.015940
1540581269.709497213,-0.024851,1.969850,0.019826,-0.579822,0.814568,-0.001677,0.016780
1540581269.757410049,-0.031765,1.996732,0.020320,-0.579241,0.814992,-0.006289,0.015109
1540581269.808389902,-0.040426,2.018686,0.021864,-0.580181,0.814342,-0.007216,0.013640
1540581269.842270374,-0.042610,2.037257,0.020347,-0.580851,0.813892,-0.006052,0.012475
1540581269.891744614,-0.043065,2.050459,0.016925,-0.581647,0.813339,-0.003746,0.012312
1540581269.959902525,-0.046614,2.086965,0.014427,-0.583196,0.812260,-0.005009,0.009564
1540581269.990178585,-0.049501,2.110691,0.013886,-0.583680,0.811910,-0.006002,0.009123
1540581270.024848461,-0.051924,2.138106,0.013531,-0.584794,0.811116,-0.007479,0.007154
1540581270.057971478,-0.052849,2.164605,0.013345,-0.585323,0.810737,-0.007953,0.006296
1540581270.090689421,-0.051963,2.188947,0.012582,-0.585426,0.810621,-0.012023,0.004949
1540581270.123631716,-0.049770,2.218880,0.011971,-0.585515,0.810420,-0.019702,0.001669
1540581270.157981157,-0.047046,2.245010,0.013244,-0.584951,0.810748,-0.022795,-0.000669
1540581270.190572739,-0.043202,2.269617,0.014914,-0.584089,0.811446,-0.019864,-0.000619
1540581270.223630905,-0.038065,2.296443,0.017265,-0.583021,0.812323,-0.014779,0.000129
1540581270.257511377,-0.031397,2.320215,0.020160,-0.582334,0.812880,-0.010626,0.000484
1540581270.290817499,-0.025247,2.343425,0.022404,-0.582003,0.813131,-0.009505,-0.000067
1540581270.323789120,-0.019278,2.366754,0.022610,-0.581063,0.813822,-0.007708,-0.000086
1540581270.357565403,-0.013165,2.395669,0.022329,-0.579800,0.814754,-0.002274,0.001424
1540581270.390480280,-0.008597,2.425128,0.022583,-0.580651,0.814130,0.005132,0.003245
1540581270.424329758,-0.004159,2.445104,0.022082,-0.580886,0.813893,0.011231,0.004927
1540581270.457732439,0.001239,2.461714,0.020925,-0.580439,0.814157,0.014216,0.006095
1540581270.490360498,0.007198,2.476970,0.019740,-0.580876,0.813811,0.015588,0.007111
1540581270.523886442,0.014605,2.477352,0.017735,-0.581445,0.813369,0.016700,0.008572
1540581270.557674646,0.020849,2.474613,0.016224,-0.581928,0.813043,0.014885,0.009998
1540581270.590434790,0.024949,2.470158,0.013978,-0.582778,0.812468,0.012037,0.010984
1540581270.624076605,0.027557,2.480413,0.012755,-0.582816,0.812426,0.010991,0.012970
1540581270.657936573,0.027584,2.494909,0.011468,-0.583063,0.812210,0.010356,0.015685
1540581270.690525293,0.029710,2.496671,0.009485,-0.584278,0.811350,0.007166,0.016673
1540581270.724750519,0.033103,2.503120,0.007271,-0.584678,0.811078,0.001616,0.017368
1540581270.759332180,0.033259,2.524834,0.005730,-0.585081,0.810766,-0.004838,0.017735
1540581270.790716648,0.030971,2.566156,0.005016,-0.585891,0.810141,-0.010055,0.017366
1540581270.825588942,0.031892,2.599424,0.003684,-0.586054,0.810002,-0.011120,0.017732
1540581270.857656956,0.032182,2.629160,0.001514,-0.586174,0.809912,-0.007528,0.019657
1540581270.891478300,0.032596,2.654195,0.000019,-0.586503,0.809669,-0.003722,0.020892
1540581270.923981667,0.033188,2.679843,-0.000781,-0.586539,0.809644,-0.002582,0.021003
1540581270.958565235,0.034435,2.706845,-0.001088,-0.586478,0.809668,-0.005264,0.021279
1540581270.990851402,0.034093,2.732560,0.000396,-0.585783,0.810129,-0.011595,0.020363
1540581271.024594784,0.029502,2.750346,-0.000006,-0.586570,0.809482,-0.017128,0.019515
1540581271.057456970,0.029092,2.779335,0.000909,-0.585725,0.810058,-0.018480,0.019781
1540581271.091677666,0.027489,2.808780,0.002304,-0.583812,0.811418,-0.018291,0.020749
1540581271.124769449,0.024861,2.835906,0.004093,-0.583349,0.811737,-0.018041,0.021470
1540581271.157433033,0.022190,2.861588,0.005215,-0.583077,0.811911,-0.018250,0.022114
1540581271.191258430,0.018745,2.885954,0.006014,-0.582894,0.811991,-0.020194,0.022313
1540581271.224046707,0.016544,2.910612,0.005407,-0.583074,0.811799,-0.022786,0.022101
1540581271.259011030,0.013908,2.932927,0.004188,-0.583311,0.811544,-0.025891,0.021779
1540581271.290816784,0.010736,2.952644,0.004018,-0.583271,0.811536,-0.027145,0.021614
1540581271.324544191,0.007149,2.969553,0.003655,-0.583565,0.811375,-0.025360,0.021889
1540581271.357416391,0.003441,2.989381,0.004423,-0.582878,0.811908,-0.023845,0.022140
1540581271.391461134,-0.000527,3.011716,0.006663,-0.582532,0.812094,-0.026215,0.021755
1540581271.424143314,-0.004701,3.030364,0.007316,-0.582998,0.811610,-0.031375,0.020459
1540581271.457683563,-0.009196,3.048651,0.006777,-0.583188,0.811334,-0.035805,0.018598
1540581271.491595268,-0.012800,3.068046,0.005251,-0.583306,0.811266,-0.035987,0.017503
1540581271.524881840,-0.017582,3.083963,0.004443,-0.583844,0.811043,-0.032092,0.017483
1540581271.557588100,-0.021815,3.101570,0.004520,-0.584908,0.810503,-0.025171,0.018242
1540581271.590978861,-0.026108,3.116782,0.004681,-0.586146,0.809766,-0.018234,0.019479
1540581271.624800444,-0.029123,3.135743,0.002471,-0.587021,0.809217,-0.013937,0.019488
1540581271.657953501,-0.032379,3.169869,0.002317,-0.587438,0.808962,-0.011184,0.019291
1540581271.691810131,-0.036624,3.194094,0.003030,-0.589151,0.807722,-0.011656,0.018735
1540581271.726030350,-0.039993,3.220144,0.003208,-0.590010,0.807021,-0.019305,0.015245
1540581271.759629011,-0.042357,3.250901,0.003646,-0.590050,0.806765,-0.029112,0.011111
1540581271.796636581,-0.041833,3.285486,0.002285,-0.590032,0.806539,-0.036141,0.007179
1540581271.829634428,-0.037699,3.316035,0.001012,-0.590098,0.806476,-0.036859,0.004739
1540581271.859261513,-0.033504,3.344039,-0.000135,-0.589076,0.807405,-0.032738,0.003982
1540581271.892461300,-0.030239,3.366359,0.002211,-0.587411,0.808851,-0.026398,0.003423
1540581271.926944733,-0.026232,3.392077,0.005034,-0.586802,0.809459,-0.020818,0.002381
1540581271.960527897,-0.021459,3.414271,0.007291,-0.585154,0.810759,-0.016128,0.001897
1540581271.993980408,-0.018305,3.435823,0.010180,-0.584060,0.811581,-0.014453,0.001193
1540581272.026411772,-0.014444,3.456816,0.011691,-0.583744,0.811800,-0.014975,-0.000075
1540581272.060112238,-0.010085,3.480273,0.011206,-0.583508,0.811993,-0.013634,-0.000563
1540581272.093750000,-0.005150,3.499886,0.010428,-0.583267,0.812203,-0.011212,-0.000131
1540581272.127039194,-0.000181,3.519704,0.009888,-0.583270,0.812210,-0.010508,0.000598
1540581272.163275957,0.004279,3.541525,0.010590,-0.583002,0.812387,-0.011614,0.001003
1540581272.193647861,0.008769,3.559653,0.010864,-0.583140,0.812260,-0.013452,0.001090
1540581272.226718664,0.012864,3.579828,0.010588,-0.583012,0.812341,-0.013970,0.001717
1540581272.260832071,0.015802,3.602457,0.008271,-0.583124,0.812293,-0.011668,0.003217
1540581272.296173811,0.019268,3.624312,0.006086,-0.583074,0.812366,-0.007435,0.005539
1540581272.327851295,0.021749,3.646429,0.004474,-0.583550,0.812030,-0.004600,0.007443
1540581272.360313654,0.023863,3.669228,0.002456,-0.584073,0.811646,-0.003849,0.008660
1540581272.394241095,0.027080,3.694224,0.000798,-0.584109,0.811607,-0.004091,0.009734
1540581272.427819729,0.029065,3.719905,0.000267,-0.584344,0.811422,-0.004181,0.010897
1540581272.461452246,0.030633,3.745421,-0.000965,-0.584637,0.811198,-0.003172,0.012134
1540581272.495114326,0.032677,3.770570,-0.003280,-0.584970,0.810934,-0.002243,0.013817
1540581272.528583765,0.035966,3.796324,-0.004631,-0.584939,0.810918,-0.003684,0.015655
1540581272.562473059,0.039110,3.823556,-0.004704,-0.585006,0.810824,-0.006775,0.016921
1540581272.595714331,0.042642,3.850864,-0.006568,-0.585706,0.810264,-0.009048,0.018403
1540581272.629938126,0.044644,3.881730,-0.008828,-0.585330,0.810458,-0.010228,0.021029
1540581272.662919044,0.045664,3.911516,-0.009996,-0.584932,0.810678,-0.010693,0.023275
1540581272.697349787,0.047881,3.944114,-0.011563,-0.584764,0.810737,-0.009867,0.025692
1540581272.730616570,0.051669,3.977233,-0.012862,-0.583393,0.811607,-0.009052,0.029420
1540581272.764309406,0.053668,4.010026,-0.012604,-0.582065,0.812419,-0.009022,0.033089
1540581272.797903776,0.054878,4.043729,-0.013622,-0.581687,0.812561,-0.007683,0.036426
1540581272.830552816,0.055916,4.076508,-0.014430,-0.580225,0.813387,-0.006766,0.041167
1540581272.864900351,0.056995,4.108814,-0.014952,-0.579349,0.813764,-0.011082,0.044947
1540581272.898438454,0.054899,4.138398,-0.015918,-0.579609,0.813323,-0.019285,0.046771
1540581272.932003736,0.050475,4.176139,-0.018361,-0.578972,0.813507,-0.026573,0.047869
1540581272.966074944,0.048302,4.212275,-0.020691,-0.577817,0.814085,-0.031433,0.049046
1540581272.999787807,0.046643,4.248406,-0.021619,-0.577262,0.814273,-0.035758,0.049497
1540581273.032539368,0.043479,4.289760,-0.021259,-0.576903,0.814348,-0.040039,0.049165
1540581273.066726923,0.042884,4.338610,-0.022548,-0.576261,0.814576,-0.046414,0.047275
1540581273.101751328,0.042398,4.389911,-0.026393,-0.575382,0.815019,-0.051127,0.045444
1540581273.133359909,0.040448,4.442250,-0.032056,-0.575443,0.815014,-0.051715,0.044075
1540581273.167243481,0.039592,4.485312,-0.037600,-0.575409,0.815187,-0.050852,0.042280
1540581273.200482130,0.039903,4.521438,-0.042494,-0.575846,0.814995,-0.050003,0.041051
1540581273.234522820,0.038219,4.576292,-0.047062,-0.576533,0.814644,-0.049350,0.039104
1540581273.268493891,0.039407,4.617596,-0.054347,-0.577269,0.814396,-0.046425,0.036929
1540581273.301566601,0.040724,4.650368,-0.058526,-0.577351,0.814577,-0.043022,0.035761
1540581273.335210800,0.041120,4.675587,-0.062338,-0.578473,0.813849,-0.043330,0.033780
1540581273.369680643,0.041754,4.707671,-0.067856,-0.579878,0.812869,-0.045788,0.029827
1540581273.401966095,0.042260,4.737642,-0.071978,-0.580639,0.812347,-0.046915,0.027393
1540581273.436559677,0.042575,4.767067,-0.075599,-0.581194,0.811911,-0.048714,0.025319
1540581273.469787121,0.041591,4.796732,-0.076507,-0.582220,0.811023,-0.052857,0.021608
1540581273.504932642,0.040116,4.818814,-0.074338,-0.582929,0.810134,-0.059732,0.017586
1540581273.536503792,0.037350,4.832748,-0.070994,-0.582807,0.809630,-0.068122,0.013969
1540581273.570289850,0.039338,4.877482,-0.074471,-0.581728,0.809766,-0.076007,0.009741
1540581273.605174065,0.039774,4.914249,-0.077389,-0.581925,0.809507,-0.077568,0.006648
1540581273.638032675,0.041467,4.945503,-0.078817,-0.581378,0.810494,-0.071116,0.006434
1540581273.671049356,0.040351,4.982264,-0.077343,-0.580189,0.811992,-0.063223,0.007259
1540581273.704906225,0.041435,5.015509,-0.075265,-0.580097,0.812346,-0.059585,0.005586
1540581273.740475893,0.047230,5.047754,-0.076538,-0.579908,0.812935,-0.053120,0.004654
1540581273.772313595,0.053899,5.078773,-0.077550,-0.578844,0.814264,-0.043292,0.006253
1540581273.805671930,0.054363,5.110306,-0.073685,-0.578883,0.814673,-0.033753,0.007962
1540581273.840282202,0.055257,5.146058,-0.072778,-0.579563,0.814451,-0.026506,0.008624
1540581273.872978926,0.056532,5.174311,-0.074505,-0.578924,0.815059,-0.020856,0.009515
1540581273.908812761,0.058897,5.212859,-0.073673,-0.578476,0.815466,-0.016101,0.011012
1540581273.941767454,0.060351,5.248974,-0.073827,-0.579237,0.814958,-0.013511,0.012040
1540581274.008759975,0.060755,5.315523,-0.073768,-0.578730,0.815292,-0.014079,0.013137
1540581274.045814514,0.062528,5.353311,-0.073460,-0.579023,0.815026,-0.016887,0.013397
1540581274.110269547,0.063576,5.410895,-0.077513,-0.578684,0.815201,-0.018151,0.015574
1540581274.142132282,0.064297,5.444091,-0.077524,-0.578435,0.815352,-0.018670,0.016284
1540581274.175864458,0.063278,5.479953,-0.076805,-0.579097,0.814814,-0.020910,0.016961
1540581274.208366632,0.063191,5.515697,-0.076660,-0.579125,0.814684,-0.024504,0.017438
1540581274.242216110,0.064897,5.543423,-0.079801,-0.579083,0.814601,-0.027533,0.018187
1540581274.312108040,0.065059,5.604466,-0.084265,-0.580405,0.813714,-0.022246,0.022464
1540581274.344608784,0.063542,5.641231,-0.086521,-0.580371,0.813701,-0.021053,0.024840
1540581274.414156675,0.061857,5.716840,-0.089747,-0.581162,0.812816,-0.029364,0.026802
1540581274.481722593,0.066002,5.786826,-0.091843,-0.580083,0.813197,-0.035984,0.030333
1540581274.527605534,0.068208,5.834703,-0.089190,-0.578065,0.814569,-0.032774,0.035275
1540581274.562593699,0.066599,5.869649,-0.085108,-0.576226,0.815728,-0.032459,0.038713
1540581274.593408346,0.066446,5.908717,-0.081971,-0.574918,0.816252,-0.040736,0.039279
1540581274.626986265,0.067250,5.957666,-0.080414,-0.574845,0.815473,-0.055525,0.038396
1540581274.660026789,0.065713,5.996409,-0.082795,-0.574017,0.815115,-0.067916,0.038455
1540581274.692829132,0.067494,6.040310,-0.086981,-0.573969,0.814501,-0.074261,0.040408
1540581274.726535797,0.068522,6.081093,-0.091778,-0.574610,0.813994,-0.073119,0.043474
1540581274.759765625,0.071153,6.134260,-0.096114,-0.574027,0.815044,-0.062821,0.047429
1540581274.793367624,0.064070,6.138968,-0.097510,-0.573796,0.815800,-0.049886,0.052336
1540581274.827034712,0.058067,6.149873,-0.095874,-0.573748,0.816063,-0.043321,0.054564
1540581274.860555410,0.054760,6.160298,-0.097080,-0.573269,0.816352,-0.044556,0.054284
1540581274.893546581,0.053923,6.181080,-0.098943,-0.573054,0.816303,-0.049264,0.053222
1540581274.926413774,0.052435,6.204808,-0.102254,-0.574119,0.815413,-0.053193,0.051570
1540581274.960431337,0.056260,6.206675,-0.106817,-0.574863,0.815026,-0.052452,0.050139
1540581274.993244410,0.060119,6.233471,-0.110577,-0.575084,0.815167,-0.047976,0.049794
1540581275.026534319,0.060557,6.266526,-0.113935,-0.576196,0.814680,-0.043569,0.048949
1540581275.060331345,0.059938,6.301535,-0.117284,-0.577407,0.814049,-0.040610,0.047707
1540581275.093065023,0.055267,6.325768,-0.120064,-0.577775,0.813865,-0.041237,0.045816
1540581275.126742840,0.055439,6.361191,-0.122849,-0.578803,0.813009,-0.047361,0.041970
1540581275.160231113,0.053328,6.394240,-0.125423,-0.580155,0.811864,-0.053544,0.037824
1540581275.193719625,0.050926,6.428515,-0.128061,-0.580468,0.811490,-0.057748,0.034732
1540581275.227045059,0.047564,6.468804,-0.131256,-0.581651,0.810613,-0.059839,0.031759
1540581275.260258198,0.046969,6.510226,-0.134547,-0.582822,0.809993,-0.058042,0.029329
1540581275.293662548,0.048549,6.546401,-0.137187,-0.583520,0.809967,-0.051225,0.028871
1540581275.327158451,0.049899,6.592291,-0.136990,-0.583452,0.810522,-0.042892,0.028266
1540581275.360224485,0.053177,6.643403,-0.134660,-0.583960,0.810609,-0.033676,0.027735
1540581275.394139051,0.054007,6.684479,-0.130320,-0.583432,0.811286,-0.025261,0.027988
1540581275.426617622,0.051207,6.704346,-0.124339,-0.583017,0.811661,-0.025403,0.025537
1540581275.460154295,0.048780,6.700730,-0.118129,-0.582652,0.811847,-0.031249,0.021072
1540581275.493679047,0.055378,6.709454,-0.114380,-0.581421,0.812674,-0.033762,0.019253
1540581275.526805162,0.058496,6.728546,-0.111822,-0.580870,0.813082,-0.034375,0.017481
1540581275.560327768,0.065227,6.737189,-0.109062,-0.580767,0.813249,-0.032940,0.015820
1540581275.594017982,0.074231,6.746043,-0.107329,-0.580831,0.813295,-0.030444,0.016120
1540581275.627074003,0.077565,6.777945,-0.106718,-0.580363,0.813568,-0.032186,0.015818
1540581275.660787821,0.084920,6.808144,-0.107611,-0.580457,0.813414,-0.034741,0.014860
1540581275.693699121,0.096055,6.832656,-0.111616,-0.580896,0.813166,-0.032473,0.016307
1540581275.727026701,0.103237,6.857880,-0.115235,-0.580631,0.813412,-0.029142,0.019455
1540581275.761197090,0.107610,6.897747,-0.113779,-0.579911,0.813857,-0.029677,0.021453
1540581275.793976545,0.114464,6.933688,-0.116413,-0.581126,0.812817,-0.033610,0.022172
1540581275.826886892,0.120827,6.969432,-0.116935,-0.580187,0.813182,-0.039286,0.023971
1540581275.860795259,0.124955,7.024721,-0.117917,-0.579813,0.813081,-0.045545,0.025341
1540581275.893893242,0.125988,7.082998,-0.119801,-0.580900,0.812051,-0.049132,0.026712
1540581275.928097725,0.127888,7.136319,-0.123348,-0.580814,0.811985,-0.049843,0.029176
1540581275.960534334,0.132697,7.187572,-0.126436,-0.580579,0.811940,-0.052322,0.030705
1540581275.994322777,0.136041,7.238893,-0.128719,-0.581475,0.810994,-0.056573,0.031233
1540581276.027623415,0.137314,7.290324,-0.131758,-0.582108,0.810334,-0.058829,0.032380
1540581276.061215162,0.140667,7.331481,-0.134970,-0.582009,0.810314,-0.059223,0.033906
1540581276.093966961,0.142544,7.368888,-0.137057,-0.582490,0.810028,-0.057117,0.036031
1540581276.127438784,0.144681,7.397721,-0.139451,-0.583120,0.809768,-0.052833,0.038151
1540581276.161536217,0.145986,7.426741,-0.143064,-0.583129,0.809893,-0.048960,0.040456
1540581276.193942785,0.147920,7.463801,-0.144795,-0.582681,0.810205,-0.047842,0.041969
1540581276.227593660,0.146985,7.498689,-0.145420,-0.582331,0.810393,-0.048474,0.042474
1540581276.260726929,0.144860,7.529161,-0.145205,-0.581474,0.810969,-0.048778,0.042875
1540581276.294849396,0.143642,7.566480,-0.143049,-0.579998,0.812009,-0.048615,0.043356
1540581276.327494621,0.140921,7.598160,-0.141585,-0.579541,0.812297,-0.048951,0.043703
1540581276.360559225,0.138016,7.629044,-0.142589,-0.579364,0.812365,-0.049919,0.043685
1540581276.394066095,0.134198,7.659982,-0.143687,-0.578863,0.812654,-0.051090,0.043599
1540581276.427701950,0.130857,7.688135,-0.146232,-0.579069,0.812381,-0.053372,0.043214
1540581276.462394714,0.128281,7.706899,-0.150076,-0.579008,0.812253,-0.056172,0.042893
1540581276.495782137,0.127207,7.721118,-0.153758,-0.579018,0.812094,-0.058570,0.042548
1540581276.528292179,0.123853,7.732738,-0.155675,-0.578769,0.812153,-0.060842,0.041619
1540581276.562829971,0.119108,7.767691,-0.154306,-0.578254,0.812364,-0.063663,0.040416
1540581276.595328808,0.114724,7.788229,-0.154935,-0.578184,0.812167,-0.067650,0.038883
1540581276.628700018,0.110295,7.780378,-0.158922,-0.578400,0.811848,-0.070532,0.037157
1540581276.662467480,0.101797,7.755066,-0.163508,-0.578441,0.811931,-0.069776,0.036121
1540581276.695624113,0.097580,7.772270,-0.169274,-0.579404,0.811606,-0.066034,0.035010
1540581276.728851080,0.091039,7.771166,-0.171199,-0.579848,0.811824,-0.059193,0.034838
1540581276.762559891,0.083846,7.760277,-0.170113,-0.580849,0.811652,-0.050743,0.035500
1540581276.795983076,0.077512,7.737644,-0.170444,-0.581984,0.811282,-0.044157,0.034150
1540581276.829354048,0.074803,7.778975,-0.168776,-0.582392,0.811363,-0.037416,0.033313
1540581276.862704277,0.074302,7.832802,-0.167129,-0.583669,0.810653,-0.032599,0.033319
1540581276.896142721,0.070973,7.879308,-0.162957,-0.584924,0.809790,-0.035083,0.029565
1540581276.930443764,0.066872,7.934909,-0.155860,-0.585358,0.809392,-0.039873,0.025487
1540581276.963427782,0.061552,7.979703,-0.152965,-0.586095,0.808692,-0.044625,0.022779
1540581276.998792410,0.062458,8.018408,-0.157841,-0.586151,0.808468,-0.049710,0.018290
1540581277.031293869,0.069427,8.030187,-0.162080,-0.585690,0.808887,-0.049174,0.015848
1540581277.065125942,0.069939,8.059842,-0.162145,-0.585675,0.809108,-0.045730,0.015419
1540581277.098048925,0.069058,8.094363,-0.159442,-0.585496,0.809262,-0.045892,0.013519
1540581277.133535147,0.071341,8.108662,-0.152871,-0.584602,0.809740,-0.049466,0.010687
1540581277.165516853,0.075756,8.126094,-0.149972,-0.584393,0.809603,-0.054377,0.008395
1540581277.199474812,0.088209,8.132520,-0.151820,-0.583671,0.809994,-0.056519,0.006601
1540581277.232587337,0.094695,8.155016,-0.154054,-0.582963,0.810668,-0.054100,0.006743
1540581277.266361237,0.097964,8.178526,-0.154634,-0.583277,0.810794,-0.048332,0.008131
1540581277.299661398,0.096671,8.202087,-0.154035,-0.583690,0.810882,-0.040940,0.009975
1540581277.334110260,0.096083,8.224513,-0.155443,-0.583832,0.811155,-0.031841,0.012383
1540581277.367596149,0.099491,8.250696,-0.156405,-0.583735,0.811472,-0.022934,0.015527
1540581277.400979996,0.101392,8.268927,-0.158959,-0.584404,0.811074,-0.017781,0.017731
1540581277.434985876,0.103982,8.288292,-0.162672,-0.584696,0.810850,-0.018337,0.017786
1540581277.467739344,0.109634,8.311492,-0.165665,-0.584504,0.810923,-0.020015,0.018929
1540581277.501878738,0.110457,8.340213,-0.166758,-0.584421,0.810922,-0.020787,0.020619
1540581277.534904480,0.112104,8.377386,-0.167604,-0.584737,0.810672,-0.021355,0.020939
1540581277.568489552,0.116510,8.405902,-0.170458,-0.585002,0.810465,-0.020158,0.022637
1540581277.602383375,0.117272,8.432649,-0.173647,-0.585037,0.810361,-0.020303,0.025193
1540581277.636252165,0.117223,8.489318,-0.174513,-0.584894,0.810367,-0.023122,0.025896
1540581277.670069933,0.120527,8.538654,-0.177112,-0.585611,0.809782,-0.023884,0.027253
1540581277.703043461,0.121477,8.583200,-0.179614,-0.585928,0.809492,-0.023243,0.029505
1540581277.736985445,0.121798,8.619602,-0.181037,-0.586217,0.809222,-0.023297,0.031073
1540581277.770417929,0.121926,8.652350,-0.182219,-0.586919,0.808663,-0.022166,0.033145
1540581277.805774689,0.123549,8.687445,-0.183567,-0.587487,0.808229,-0.019652,0.035200
1540581277.838109970,0.126859,8.718594,-0.187162,-0.587079,0.808521,-0.017481,0.036425
1540581277.871361732,0.126480,8.755972,-0.185291,-0.585835,0.809385,-0.014960,0.038339
1540581277.904989243,0.124597,8.789350,-0.181479,-0.585969,0.809254,-0.010402,0.040509
1540581277.938230276,0.120861,8.815791,-0.178528,-0.584482,0.810287,-0.003691,0.042465
1540581277.971606731,0.117430,8.843121,-0.175710,-0.582025,0.811941,0.001221,0.044681
1540581278.005519152,0.113318,8.870878,-0.170905,-0.581885,0.811959,0.001999,0.046130
1540581278.039784193,0.109463,8.881817,-0.168236,-0.581807,0.811980,0.001894,0.046741
1540581278.073302269,0.105027,8.883314,-0.165766,-0.581228,0.812306,0.004800,0.048062
1540581278.107644081,0.098815,8.885939,-0.163175,-0.582100,0.811616,0.007695,0.048784
1540581278.139721155,0.094210,8.877548,-0.161320,-0.582967,0.810898,0.011526,0.049601
1540581278.173789978,0.085178,8.850999,-0.154878,-0.582753,0.810839,0.018692,0.050889
1540581278.207061529,0.077140,8.830895,-0.146556,-0.582570,0.810773,0.025760,0.050949
1540581278.240342617,0.072024,8.800978,-0.141581,-0.582773,0.810494,0.029928,0.050791
1540581278.274981260,0.070336,8.825723,-0.137860,-0.582409,0.810962,0.026798,0.049217
1540581278.308049679,0.068117,8.772314,-0.133138,-0.582634,0.811230,0.018818,0.045697
1540581278.342361689,0.052437,8.800122,-0.129139,-0.583991,0.810513,0.014529,0.042569
1540581278.376596689,0.040177,8.812298,-0.127350,-0.584585,0.810105,0.017152,0.041193
1540581278.409809589,0.027803,8.815290,-0.122943,-0.585157,0.809586,0.022422,0.040744
1540581278.443143606,0.015967,8.803692,-0.116635,-0.586091,0.808786,0.027947,0.039773
1540581278.475836039,0.012851,8.785367,-0.118751,-0.586623,0.808370,0.030709,0.038312
1540581278.510306835,0.009303,8.811490,-0.118066,-0.587416,0.808077,0.026357,0.035500
1540581278.543425560,0.003609,8.787343,-0.116311,-0.588481,0.807725,0.018408,0.030520
1540581278.576505899,0.000619,8.798411,-0.115249,-0.588912,0.807659,0.012378,0.026751
1540581278.611804724,-0.007221,8.833123,-0.114364,-0.589660,0.807310,0.005424,0.022828
1540581278.643604279,-0.002266,8.897886,-0.115869,-0.590022,0.807157,0.000009,0.019263
1540581278.677390099,0.006668,8.974554,-0.119840,-0.590153,0.807105,-0.000297,0.017366
1540581278.710824728,0.013418,9.040893,-0.120397,-0.589779,0.807390,0.003246,0.016503
1540581278.745255947,0.018858,9.082335,-0.126441,-0.588762,0.808126,0.006770,0.015705
1540581278.781906366,0.016989,9.091407,-0.134548,-0.587024,0.809383,0.008090,0.015356
1540581278.811830282,0.015488,9.091468,-0.131272,-0.586096,0.810075,0.006846,0.014896
1540581278.845560551,0.018917,9.136920,-0.129979,-0.585699,0.810393,0.006210,0.013464
1540581278.878969908,0.027909,9.144740,-0.138203,-0.583864,0.811681,0.009318,0.013775
1540581278.912945747,0.039959,9.128128,-0.148377,-0.583073,0.812206,0.011475,0.014672
1540581278.965100527,0.054400,9.165846,-0.155120,-0.584472,0.811034,0.018103,0.016975
1540581279.015701771,0.062476,9.036422,-0.175186,-0.584000,0.811058,0.027261,0.019645
1540581279.065279007,0.068729,8.985263,-0.179790,-0.584434,0.810580,0.030241,0.021962
1540581279.131943464,0.072130,8.921459,-0.186895,-0.583960,0.811363,0.015731,0.020809
1540581279.162700653,0.074954,8.978297,-0.193098,-0.584107,0.811384,0.007746,0.020385
1540581279.196650505,0.084249,9.044068,-0.199782,-0.583377,0.811902,0.003381,0.021770
1540581279.229413986,0.093916,9.113146,-0.209176,-0.582589,0.812403,0.002762,0.024150
1540581279.263134718,0.102163,9.178871,-0.220412,-0.582972,0.812057,0.002590,0.026477
1540581279.296048880,0.106349,9.237954,-0.230558,-0.583453,0.811646,0.002375,0.028409
1540581279.329404354,0.109974,9.293244,-0.240084,-0.583307,0.811670,0.002651,0.030605
1540581279.362899303,0.110087,9.335335,-0.245154,-0.583872,0.811206,0.002924,0.032085
1540581279.396773100,0.110996,9.364352,-0.248987,-0.584882,0.810415,0.004354,0.033502
1540581279.430239439,0.112167,9.375528,-0.247833,-0.585094,0.810174,0.005238,0.035446
1540581279.462860346,0.110055,9.370909,-0.247391,-0.585997,0.809503,0.004557,0.035950
1540581279.496735096,0.112683,9.362093,-0.246361,-0.586504,0.809096,0.005432,0.036720
1540581279.529405117,0.115987,9.342358,-0.242278,-0.586280,0.809132,0.008504,0.038843
1540581279.562867403,0.116765,9.322655,-0.234587,-0.586378,0.809010,0.009629,0.039642
1540581279.596342802,0.116710,9.314506,-0.225751,-0.585797,0.809401,0.010858,0.039925
1540581279.630734682,0.112727,9.324181,-0.215435,-0.584525,0.810315,0.010534,0.040118
1540581279.664848804,0.105055,9.358322,-0.209160,-0.583666,0.811048,0.006435,0.038658
1540581279.695979834,0.098574,9.384066,-0.205891,-0.583649,0.811145,0.002556,0.037297
1540581279.730224371,0.092092,9.397394,-0.204679,-0.583122,0.811542,0.000356,0.036976
1540581279.763292074,0.088154,9.400739,-0.205981,-0.582928,0.811703,-0.000316,0.036516
1540581279.796399117,0.083564,9.426047,-0.207810,-0.583585,0.811247,-0.000693,0.036140
1540581279.830438375,0.079656,9.450555,-0.209480,-0.584070,0.810937,-0.002354,0.035195
1540581279.862966061,0.076561,9.473988,-0.209750,-0.583886,0.811119,-0.003467,0.033935
1540581279.896302700,0.071764,9.493472,-0.208762,-0.583872,0.811185,-0.004257,0.032486
1540581279.930233717,0.065447,9.509446,-0.207632,-0.583969,0.811198,-0.005449,0.030125
1540581279.962805986,0.058771,9.523817,-0.207088,-0.583778,0.811388,-0.005087,0.028750
1540581279.996288538,0.053722,9.542765,-0.207198,-0.583655,0.811507,-0.004948,0.027914
1540581280.029920578,0.049824,9.560678,-0.207894,-0.584374,0.811035,-0.006495,0.026209
1540581280.063993692,0.046101,9.585117,-0.209498,-0.584780,0.810792,-0.006973,0.024508
1540581280.097449780,0.045295,9.615030,-0.211358,-0.585035,0.810618,-0.004737,0.024716
1540581280.130593061,0.043577,9.631484,-0.212469,-0.586157,0.809818,-0.002466,0.024697
1540581280.163216352,0.042947,9.641970,-0.214376,-0.587135,0.809140,-0.002025,0.023703
1540581280.196784735,0.042852,9.658295,-0.216852,-0.587395,0.808967,-0.003938,0.022911
1540581280.230630159,0.039688,9.681463,-0.218180,-0.588375,0.808259,-0.008945,0.021244
1540581280.265276670,0.037491,9.710629,-0.219761,-0.589510,0.807399,-0.015304,0.018720
1540581280.296394825,0.037525,9.738120,-0.221352,-0.589921,0.807023,-0.019444,0.018159
1540581280.330228090,0.037594,9.774306,-0.222296,-0.590258,0.806690,-0.023392,0.017299
1540581280.363493443,0.037549,9.805533,-0.222691,-0.590469,0.806522,-0.024579,0.016249
1540581280.396240711,0.039525,9.840059,-0.224789,-0.590573,0.806524,-0.021452,0.016783
1540581280.431227922,0.044841,9.872386,-0.226625,-0.589994,0.807021,-0.017446,0.017909
1540581280.463287115,0.050376,9.898092,-0.227215,-0.589314,0.807581,-0.013022,0.018804
1540581280.497883797,0.059802,9.914371,-0.228476,-0.588263,0.808385,-0.009160,0.019403
1540581280.530429363,0.068709,9.924310,-0.231398,-0.587599,0.808878,-0.006688,0.019975
1540581280.563436985,0.078950,9.927519,-0.232587,-0.586454,0.809694,-0.005500,0.020910
1540581280.596235275,0.086309,9.942748,-0.234817,-0.586370,0.809747,-0.005003,0.021318
1540581280.629770041,0.093468,9.959573,-0.239074,-0.585916,0.810051,-0.002866,0.022620
1540581280.663232565,0.101476,9.968702,-0.242762,-0.585642,0.810193,0.000206,0.024738
1540581280.696324348,0.113776,9.963087,-0.247743,-0.585691,0.810096,0.002050,0.026571
1540581280.730136871,0.125070,9.950161,-0.252525,-0.585756,0.809995,0.001207,0.028234
1540581280.763495922,0.133862,9.936439,-0.255028,-0.585612,0.810089,-0.003931,0.028267
1540581280.796833277,0.137260,9.933912,-0.254487,-0.585514,0.810109,-0.009538,0.028396
1540581280.830102444,0.137507,9.940902,-0.253460,-0.585765,0.809842,-0.013245,0.029339
1540581280.863976240,0.135652,9.963253,-0.253081,-0.585812,0.809723,-0.016083,0.030236
1540581280.899286509,0.134544,9.987429,-0.253348,-0.586165,0.809383,-0.019016,0.030793
1540581280.932164907,0.132697,10.011715,-0.254272,-0.586834,0.808830,-0.021310,0.031066
1540581280.966440439,0.131309,10.041081,-0.253765,-0.586820,0.808795,-0.022000,0.031760
1540581280.999205589,0.128704,10.067978,-0.252843,-0.587361,0.808398,-0.020416,0.032890
1540581281.030735493,0.126561,10.092513,-0.253969,-0.587731,0.808151,-0.017303,0.034115
1540581281.064331293,0.125700,10.111233,-0.251864,-0.587695,0.808182,-0.013234,0.035792
1540581281.098257303,0.128425,10.115503,-0.251177,-0.588677,0.807467,-0.009322,0.036996
1540581281.131466627,0.128821,10.122759,-0.254101,-0.589306,0.807013,-0.006244,0.037548
1540581281.167715311,0.130146,10.129724,-0.257033,-0.589486,0.806863,-0.004173,0.038211
1540581281.200566292,0.131824,10.140154,-0.257143,-0.589363,0.806945,-0.003124,0.038488
1540581281.234398365,0.132971,10.146258,-0.255542,-0.588910,0.807275,-0.002500,0.038560
1540581281.266763449,0.133243,10.154522,-0.254036,-0.588075,0.807901,-0.002675,0.038181
1540581281.300309420,0.130640,10.161162,-0.250326,-0.587216,0.808565,-0.004197,0.037184
1540581281.332452774,0.126881,10.162962,-0.244863,-0.585792,0.809643,-0.006416,0.035848
1540581281.365328550,0.123942,10.182363,-0.242048,-0.585355,0.809990,-0.008392,0.034704
1540581281.400003910,0.115970,10.179553,-0.239302,-0.584856,0.810375,-0.009608,0.033820
1540581281.433432341,0.110653,10.186740,-0.242354,-0.584565,0.810608,-0.009689,0.033240
1540581281.465847254,0.104073,10.184668,-0.244581,-0.584648,0.810591,-0.008821,0.032429
1540581281.499772310,0.099738,10.191550,-0.247068,-0.585123,0.810283,-0.007207,0.031951
1540581281.533845663,0.094988,10.200249,-0.246912,-0.584836,0.810505,-0.005348,0.031923
1540581281.567755461,0.086367,10.199170,-0.244197,-0.584678,0.810650,-0.003270,0.031408
1540581281.600181103,0.080660,10.209339,-0.239943,-0.584359,0.810912,-0.001833,0.030695
1540581281.634527445,0.076044,10.214773,-0.236726,-0.584391,0.810900,-0.000757,0.030454
1540581281.669118643,0.071113,10.219482,-0.235167,-0.584011,0.811215,-0.000818,0.029334
1540581281.705176353,0.068672,10.218835,-0.234100,-0.584518,0.810887,0.000342,0.028308
1540581281.735128880,0.062064,10.231282,-0.232523,-0.585027,0.810532,0.001940,0.027883
1540581281.769419909,0.060824,10.250182,-0.234201,-0.585634,0.810111,0.003216,0.027261
1540581281.802191257,0.060669,10.278781,-0.232985,-0.585941,0.809895,0.003684,0.026999
1540581281.836207867,0.061390,10.290939,-0.231341,-0.586806,0.809299,0.002166,0.026243
1540581281.869428396,0.063685,10.288879,-0.228487,-0.587752,0.808666,-0.002213,0.024526
1540581281.903010607,0.062289,10.292018,-0.223504,-0.588369,0.808222,-0.008991,0.022759
1540581281.936880827,0.064984,10.315216,-0.223986,-0.589757,0.807166,-0.015454,0.020745
1540581281.970847607,0.064594,10.350747,-0.227641,-0.590205,0.806800,-0.018565,0.019681
1540581282.003695726,0.064197,10.385292,-0.229708,-0.590657,0.806492,-0.017228,0.019952
1540581282.037243843,0.067009,10.415136,-0.230658,-0.591465,0.805944,-0.014242,0.020495
1540581282.071552992,0.070022,10.443670,-0.233365,-0.591286,0.806085,-0.011786,0.021657
1540581282.104434013,0.076047,10.456754,-0.234376,-0.590845,0.806380,-0.012180,0.022476
1540581282.138767242,0.078778,10.479407,-0.233739,-0.590647,0.806510,-0.011790,0.023223
1540581282.172654867,0.077365,10.507393,-0.233303,-0.589672,0.807208,-0.007824,0.025317
1540581282.205707312,0.084827,10.519600,-0.232451,-0.587979,0.808402,-0.005801,0.027077
1540581282.239100218,0.091032,10.536797,-0.229726,-0.587410,0.808780,-0.006995,0.027843
1540581282.272860765,0.097448,10.570300,-0.227697,-0.586769,0.809199,-0.009935,0.028295
1540581282.306735992,0.105196,10.573930,-0.225368,-0.585683,0.809913,-0.013950,0.028667
1540581282.339708567,0.107949,10.584738,-0.223859,-0.585655,0.809874,-0.016229,0.029132
1540581282.373651028,0.109466,10.609181,-0.225149,-0.585994,0.809635,-0.014249,0.029990
1540581282.407191277,0.114370,10.632219,-0.227314,-0.585234,0.810158,-0.010171,0.032261
1540581282.440639496,0.124751,10.652129,-0.227386,-0.584935,0.810298,-0.009729,0.034255
1540581282.473885298,0.133443,10.670919,-0.225794,-0.585839,0.809608,-0.014228,0.033546
1540581282.507797480,0.139919,10.692093,-0.225049,-0.585639,0.809675,-0.018771,0.033172
1540581282.540981770,0.141067,10.711629,-0.227388,-0.585436,0.809736,-0.020994,0.033928
1540581282.577744246,0.136251,10.733995,-0.229975,-0.585775,0.809513,-0.019590,0.034245
1540581282.609514236,0.130235,10.741057,-0.232249,-0.587007,0.808686,-0.009409,0.036888
1540581282.642546892,0.136877,10.743225,-0.239976,-0.587528,0.808196,0.000479,0.040367
1540581282.676328659,0.150006,10.771171,-0.242071,-0.587989,0.807867,-0.000419,0.040248
1540581282.710437775,0.154189,10.793330,-0.243937,-0.589703,0.806658,-0.003891,0.039230
1540581282.743061543,0.152952,10.804580,-0.248551,-0.590406,0.806133,-0.005102,0.039300
1540581282.776476860,0.148711,10.822897,-0.250851,-0.590543,0.806086,-0.005116,0.038189
1540581282.810424328,0.146247,10.844392,-0.251398,-0.591275,0.805555,-0.002135,0.038341
1540581282.843502760,0.144334,10.862207,-0.253292,-0.591611,0.805299,0.000467,0.038597
1540581282.877987146,0.143323,10.884961,-0.252724,-0.591080,0.805720,0.000657,0.037945
1540581282.910737514,0.139265,10.907254,-0.252567,-0.590815,0.805947,0.000835,0.037236
1540581282.944413900,0.134346,10.929822,-0.252156,-0.589932,0.806601,0.003424,0.036920
1540581282.979671240,0.129000,10.952703,-0.248306,-0.587982,0.807955,0.008862,0.037519
1540581283.011513233,0.126745,10.969584,-0.244100,-0.587010,0.808576,0.012838,0.038209
1540581283.048742771,0.124847,10.994811,-0.241465,-0.586245,0.809145,0.012880,0.037868
1540581283.078990936,0.120535,11.008014,-0.239261,-0.585625,0.809683,0.010361,0.036743
1540581283.112675905,0.116581,11.025965,-0.238462,-0.586096,0.809437,0.007523,0.035304
1540581283.146259546,0.112508,11.044037,-0.241397,-0.587000,0.808833,0.006248,0.034368
1540581283.180808544,0.106600,11.056153,-0.246175,-0.587214,0.808693,0.007605,0.033712
1540581283.213616610,0.101019,11.067180,-0.245736,-0.586807,0.809002,0.009835,0.032823
1540581283.251833439,0.097586,11.083884,-0.243245,-0.587290,0.808709,0.010354,0.031200
1540581283.316034794,0.094925,11.118413,-0.237157,-0.586802,0.809311,-0.001501,0.026035
1540581283.350833178,0.091161,11.135551,-0.237222,-0.587196,0.809077,-0.007057,0.023338
1540581283.382511139,0.085557,11.148826,-0.239296,-0.587635,0.808797,-0.007392,0.021843
1540581283.416892767,0.079043,11.164649,-0.240998,-0.588076,0.808507,-0.001935,0.021877
1540581283.448287249,0.072564,11.178509,-0.239897,-0.588698,0.807980,0.006718,0.023633
1540581283.482414007,0.069831,11.198927,-0.243121,-0.589610,0.807162,0.014964,0.025021
1540581283.515619278,0.075904,11.220649,-0.248462,-0.589900,0.806822,0.019372,0.026116
1540581283.549968958,0.084252,11.235271,-0.253878,-0.590618,0.806251,0.019915,0.027089
1540581283.599470615,0.078044,11.274240,-0.257215,-0.591936,0.805500,0.013182,0.024645
1540581283.634989262,0.074421,11.301874,-0.259357,-0.592500,0.805213,0.007004,0.022933
1540581283.665765762,0.075762,11.318478,-0.258064,-0.592598,0.805202,0.001455,0.021810
1540581283.699850559,0.078250,11.334400,-0.256287,-0.592610,0.805230,-0.004182,0.019997
1540581283.731875420,0.085032,11.346400,-0.252650,-0.592292,0.805458,-0.007158,0.019404
1540581283.765997171,0.094639,11.360084,-0.249780,-0.592014,0.805662,-0.007675,0.019216
1540581283.799244404,0.105535,11.374214,-0.248871,-0.591225,0.806241,-0.004338,0.020235
1540581283.832653284,0.116737,11.388690,-0.248490,-0.590069,0.807069,0.000014,0.021426
1540581283.865733624,0.125046,11.405095,-0.248537,-0.589465,0.807494,0.001908,0.021926
1540581283.899376631,0.131992,11.427219,-0.248638,-0.589037,0.807799,0.002159,0.022180
1540581283.932149649,0.138502,11.449375,-0.250825,-0.588484,0.808189,0.003050,0.022552
1540581283.965755701,0.144164,11.468204,-0.253629,-0.588365,0.808220,0.006238,0.023832
1540581283.999295712,0.148353,11.490137,-0.257615,-0.588837,0.807770,0.010886,0.025679
1540581284.032449961,0.154821,11.511954,-0.262729,-0.588829,0.807613,0.015986,0.028041
1540581284.066282034,0.161247,11.528918,-0.267837,-0.588906,0.807258,0.023195,0.031404
1540581284.099307299,0.162354,11.544967,-0.269225,-0.588838,0.807087,0.027743,0.033315
1540581284.132852554,0.160057,11.560494,-0.268106,-0.589265,0.806824,0.025801,0.033704
1540581284.165829182,0.158551,11.578235,-0.270291,-0.590133,0.806480,0.017989,0.031764
1540581284.200075388,0.159986,11.595445,-0.273826,-0.589452,0.807242,0.006966,0.029308
1540581284.233205557,0.160566,11.604785,-0.276716,-0.590561,0.806522,-0.003894,0.027284
1540581284.266130447,0.161309,11.626988,-0.281167,-0.592290,0.805198,-0.017795,0.023056
1540581284.298886061,0.159056,11.649291,-0.282378,-0.591780,0.805316,-0.029718,0.019472
1540581284.332884550,0.156551,11.672565,-0.280309,-0.591877,0.805021,-0.036359,0.017345
1540581284.366911650,0.157880,11.694675,-0.278895,-0.593256,0.804040,-0.035763,0.016983
1540581284.399289131,0.161236,11.710124,-0.278912,-0.593387,0.804236,-0.027407,0.018585
1540581284.435021400,0.169975,11.726300,-0.280507,-0.593712,0.804256,-0.014467,0.021649
1540581284.466834068,0.173248,11.729678,-0.277573,-0.594739,0.803569,-0.004070,0.023354
1540581284.499766827,0.173489,11.727263,-0.270581,-0.595141,0.803247,0.003043,0.024323
1540581284.533260822,0.171065,11.721783,-0.264995,-0.595641,0.802904,0.003854,0.023290
1540581284.566004992,0.164891,11.725812,-0.262072,-0.595830,0.802834,0.001568,0.020993
1540581284.599617958,0.161387,11.739760,-0.258391,-0.594947,0.803513,0.000319,0.020140
1540581284.633412123,0.158536,11.757765,-0.254373,-0.593737,0.804423,0.000379,0.019499
1540581284.666392088,0.154115,11.776412,-0.250523,-0.592724,0.805160,0.003606,0.019555
1540581284.699452877,0.150176,11.792510,-0.245776,-0.591083,0.806324,0.007339,0.020199
1540581284.734316349,0.144300,11.808566,-0.242028,-0.590024,0.807080,0.008382,0.020590
1540581284.766281843,0.137907,11.822684,-0.240366,-0.589621,0.807410,0.006732,0.019761
1540581284.799576521,0.133479,11.846665,-0.241464,-0.589558,0.807461,0.006791,0.019557
1540581284.833871841,0.130086,11.867021,-0.243453,-0.589424,0.807486,0.010291,0.020983
1540581284.866426468,0.124129,11.882780,-0.244095,-0.589240,0.807521,0.015005,0.021937
1540581284.900404453,0.117334,11.896621,-0.241037,-0.589019,0.807534,0.020764,0.022685
1540581284.933212757,0.112782,11.911608,-0.238879,-0.588162,0.808069,0.024031,0.022652
1540581284.966655254,0.107461,11.925062,-0.235631,-0.587525,0.808593,0.022728,0.021810
1540581285.002355337,0.101711,11.939371,-0.233424,-0.587566,0.808764,0.017117,0.019355
1540581285.034971237,0.101552,11.957210,-0.233978,-0.587916,0.808657,0.011879,0.016955
1540581285.066040754,0.100862,11.973830,-0.235937,-0.588053,0.808625,0.009190,0.015329
1540581285.099705219,0.098506,11.990603,-0.237171,-0.588639,0.808213,0.009591,0.014276
1540581285.134186983,0.096931,12.008365,-0.237602,-0.589483,0.807568,0.012245,0.013887
1540581285.167581558,0.095934,12.025140,-0.241076,-0.590326,0.806923,0.014805,0.013109
1540581285.200392962,0.096705,12.042295,-0.240357,-0.590751,0.806613,0.015067,0.012702
1540581285.233298540,0.097373,12.060619,-0.238316,-0.592229,0.805573,0.013414,0.011718
1540581285.266989470,0.100841,12.074030,-0.242486,-0.593571,0.804662,0.009959,0.009634
1540581285.300041199,0.103948,12.088024,-0.247035,-0.594047,0.804357,0.006677,0.008559
1540581285.333212137,0.105310,12.107922,-0.248187,-0.594759,0.803861,0.003265,0.007686
1540581285.366537809,0.106095,12.126263,-0.252962,-0.596121,0.802867,0.001173,0.006531
1540581285.399595737,0.104367,12.143936,-0.260334,-0.596122,0.802866,0.001938,0.006378
1540581285.433537722,0.105363,12.162084,-0.266412,-0.595428,0.803356,0.005481,0.007366
1540581285.466252804,0.108425,12.179002,-0.271960,-0.595162,0.803491,0.010268,0.008841
1540581285.500115633,0.116768,12.191213,-0.273815,-0.594260,0.804091,0.013553,0.010441
1540581285.536701441,0.128360,12.204812,-0.274012,-0.593227,0.804857,0.012499,0.011400
1540581285.567356825,0.138653,12.210155,-0.273078,-0.592349,0.805567,0.007739,0.011135
1540581285.599690199,0.146687,12.222597,-0.271097,-0.591618,0.806145,0.001451,0.010765
1540581285.635336161,0.148083,12.248481,-0.268777,-0.590554,0.806912,-0.004222,0.010979
1540581285.671317577,0.146130,12.278583,-0.267276,-0.590818,0.806692,-0.005217,0.012436
1540581285.703147173,0.143706,12.299344,-0.269132,-0.590858,0.806625,-0.001450,0.015550
1540581285.737249374,0.145798,12.316340,-0.271090,-0.589826,0.807279,0.004228,0.019702
1540581285.768899202,0.151660,12.330530,-0.273375,-0.589971,0.807038,0.008693,0.023436
1540581285.802704811,0.160669,12.341508,-0.277974,-0.590049,0.806916,0.008006,0.025783
1540581285.836446762,0.170838,12.350498,-0.277872,-0.589164,0.807588,-0.000367,0.026224
1540581285.870406389,0.174081,12.364605,-0.275924,-0.589108,0.807561,-0.011375,0.025833
1540581285.902929783,0.171687,12.382062,-0.274335,-0.589261,0.807326,-0.018189,0.025805
1540581285.935755968,0.166258,12.398933,-0.275277,-0.589344,0.807209,-0.018889,0.027044
1540581285.970094919,0.160177,12.411732,-0.274315,-0.589518,0.807086,-0.014913,0.029313
1540581286.003533602,0.158048,12.421704,-0.271456,-0.590187,0.806606,-0.010573,0.030876
1540581286.035552979,0.161740,12.432400,-0.271271,-0.590894,0.806087,-0.008729,0.031499
1540581286.069742680,0.162781,12.441332,-0.268969,-0.591054,0.805967,-0.010009,0.031165
1540581286.102826118,0.158776,12.445261,-0.268543,-0.591619,0.805587,-0.011278,0.029817
1540581286.136353493,0.150829,12.446264,-0.269646,-0.592190,0.805241,-0.009120,0.028533
1540581286.169945955,0.146095,12.450945,-0.269299,-0.592675,0.804942,-0.004813,0.027971
1540581286.203403711,0.142447,12.454138,-0.267306,-0.593125,0.804653,-0.001860,0.027071
1540581286.238217831,0.142881,12.466213,-0.266677,-0.593345,0.804560,-0.001343,0.024969
1540581286.271036386,0.140681,12.482722,-0.265233,-0.592864,0.804985,-0.002749,0.022441
1540581286.304293633,0.137158,12.501005,-0.264783,-0.592054,0.805635,-0.004456,0.020114
1540581286.337486744,0.132800,12.519631,-0.266063,-0.590716,0.806657,-0.003400,0.018666
1540581286.371285439,0.125083,12.537725,-0.264149,-0.589166,0.807813,-0.000140,0.017926
1540581286.405591011,0.120212,12.559965,-0.261658,-0.588280,0.808453,0.003341,0.017872
1540581286.438605785,0.118633,12.587886,-0.262368,-0.587939,0.808676,0.005823,0.018330
1540581286.472638369,0.111345,12.604888,-0.263603,-0.587623,0.808868,0.008649,0.018864
1540581286.506557226,0.106336,12.623926,-0.265154,-0.587929,0.808577,0.012981,0.019341
1540581286.539676189,0.102439,12.648833,-0.268090,-0.587900,0.808506,0.016703,0.020286
1540581286.573775768,0.101797,12.668724,-0.267678,-0.587525,0.808747,0.017438,0.020952
1540581286.608621120,0.100018,12.685326,-0.263744,-0.587236,0.809079,0.013175,0.019254
1540581286.639999151,0.100921,12.701993,-0.258655,-0.586856,0.809480,0.006783,0.017218
1540581286.674210548,0.101692,12.720893,-0.255603,-0.586414,0.809870,-0.001713,0.015066
1540581286.707607508,0.098727,12.736052,-0.256812,-0.585941,0.810212,-0.008610,0.012477
1540581286.741699457,0.093535,12.755940,-0.261201,-0.586105,0.810101,-0.009578,0.011204
1540581286.775035143,0.087751,12.778283,-0.263638,-0.586897,0.809568,-0.004823,0.011314
1540581286.808336735,0.082360,12.799179,-0.262970,-0.587031,0.809475,0.002037,0.011852
1540581286.842053413,0.082436,12.819109,-0.262987,-0.588112,0.808649,0.007842,0.012193
1540581286.875261068,0.083636,12.836224,-0.264119,-0.588910,0.808049,0.010090,0.011786
1540581286.909395456,0.087680,12.854775,-0.264506,-0.589472,0.807683,0.008006,0.010348
1540581286.942857504,0.089115,12.868878,-0.264742,-0.590313,0.807135,0.002718,0.007535
1540581286.978253126,0.086889,12.891445,-0.267219,-0.590973,0.806674,-0.002285,0.004769
1540581287.010463953,0.085285,12.917456,-0.270299,-0.591699,0.806146,-0.003366,0.003136
1540581287.043151617,0.084914,12.947335,-0.272150,-0.592017,0.805920,-0.001120,0.002529
1540581287.078756809,0.088220,12.970192,-0.273622,-0.592767,0.805370,0.001759,0.001757
1540581287.111042738,0.091816,12.988532,-0.275431,-0.593037,0.805166,0.003576,0.001384
1540581287.143755913,0.096164,13.002355,-0.276701,-0.592550,0.805527,0.003118,0.000380
1540581287.180820465,0.101822,13.027981,-0.276860,-0.592054,0.805895,0.002168,-0.000561
1540581287.211538076,0.106694,13.036931,-0.275661,-0.590970,0.806687,0.003180,-0.000117
1540581287.245325089,0.110495,13.047727,-0.272990,-0.590228,0.807233,0.002242,-0.000014
1540581287.279168606,0.115825,13.059976,-0.270678,-0.589145,0.808027,-0.000802,0.000305
1540581287.312489271,0.118499,13.077418,-0.270000,-0.587802,0.808995,-0.003879,0.001185
1540581287.345725060,0.121859,13.091710,-0.268641,-0.586702,0.809786,-0.004776,0.002009
1540581287.379418135,0.125884,13.107723,-0.269257,-0.587380,0.809295,-0.003057,0.004262
1540581287.412823439,0.131024,13.122408,-0.272614,-0.587329,0.809318,-0.002275,0.006594
1540581287.446900606,0.136348,13.137094,-0.274529,-0.586504,0.809901,-0.002340,0.008291
1540581287.480277300,0.140298,13.150957,-0.276344,-0.586876,0.809603,-0.000602,0.010932
1540581287.515460253,0.146605,13.162677,-0.277961,-0.586869,0.809570,0.000200,0.013453
1540581287.547268152,0.153703,13.172448,-0.278519,-0.586526,0.809785,-0.000949,0.015325
1540581287.580763340,0.158180,13.185366,-0.279449,-0.586662,0.809638,-0.002498,0.017538
1540581287.614859581,0.159740,13.200608,-0.280030,-0.586862,0.809443,-0.003338,0.019576
1540581287.648451328,0.160982,13.216560,-0.279853,-0.587288,0.809085,-0.002659,0.021596
1540581287.681954622,0.161793,13.229222,-0.281936,-0.588188,0.808365,-0.000945,0.024086
1540581287.716072321,0.164538,13.242922,-0.283399,-0.588406,0.808155,-0.000582,0.025767
1540581287.749341965,0.170027,13.257028,-0.283605,-0.588749,0.807874,-0.002244,0.026644
1540581287.782690525,0.173152,13.270309,-0.283727,-0.589133,0.807562,-0.005418,0.027144
1540581287.817953825,0.171953,13.283771,-0.283930,-0.589185,0.807485,-0.008439,0.027520
1540581287.850223064,0.169482,13.293902,-0.284908,-0.589497,0.807237,-0.008332,0.028170
1540581287.883401394,0.165039,13.302780,-0.285562,-0.589843,0.806962,-0.005200,0.029512
1540581287.921296120,0.164971,13.318500,-0.287743,-0.590227,0.806624,-0.000646,0.031450
1540581287.986443996,0.164335,13.346976,-0.290353,-0.590201,0.806541,0.004500,0.033682
1540581288.018885612,0.163561,13.363105,-0.289567,-0.589636,0.806937,0.005176,0.033992
1540581288.090686321,0.161581,13.407445,-0.284478,-0.587469,0.808511,0.004408,0.034216
1540581288.153916597,0.157766,13.440346,-0.281030,-0.585691,0.809813,0.004116,0.033932
1540581288.202300310,0.156727,13.480574,-0.281661,-0.585187,0.810141,0.005689,0.034576
1540581288.253910303,0.146046,13.495722,-0.285499,-0.585983,0.809489,0.012455,0.034585
1540581288.303141594,0.159282,13.532314,-0.294593,-0.586139,0.808975,0.024067,0.037689
1540581288.334886074,0.160754,13.550900,-0.296031,-0.585343,0.809395,0.028278,0.038112
1540581288.368274212,0.154788,13.569229,-0.295630,-0.586120,0.808879,0.029693,0.036015
1540581288.402349234,0.147139,13.589401,-0.295374,-0.586174,0.808918,0.029577,0.034310
1540581288.434916973,0.133557,13.609119,-0.300108,-0.585511,0.809719,0.023575,0.031231
1540581288.468199730,0.121956,13.630653,-0.309757,-0.585925,0.809827,0.013862,0.026084
1540581288.502111673,0.117171,13.652583,-0.316477,-0.586331,0.809712,0.008191,0.022688
1540581288.534955502,0.117619,13.668356,-0.315604,-0.586346,0.809752,0.007595,0.021018
1540581288.568559408,0.118181,13.684507,-0.316370,-0.586566,0.809619,0.009375,0.019241
1540581288.602344751,0.119105,13.704087,-0.318912,-0.587421,0.808978,0.012600,0.018212
1540581288.634871960,0.119246,13.724809,-0.321485,-0.587421,0.809005,0.013642,0.016171
1540581288.668405294,0.117921,13.745702,-0.325166,-0.587873,0.808738,0.013334,0.013058
1540581288.701984167,0.119604,13.770527,-0.328561,-0.588955,0.807989,0.013234,0.010554
1540581288.735538483,0.120659,13.798079,-0.332096,-0.589017,0.807981,0.012952,0.007623
1540581288.768672466,0.122793,13.824171,-0.335730,-0.589743,0.807464,0.013685,0.004251
1540581288.802689791,0.125901,13.850743,-0.339764,-0.590465,0.806916,0.015338,0.001556
1540581288.835200548,0.128289,13.878345,-0.343577,-0.590356,0.806986,0.015920,-0.001081
1540581288.868516922,0.129542,13.906997,-0.347086,-0.589963,0.807276,0.015127,-0.004443
1540581288.902104855,0.131609,13.930610,-0.346505,-0.589730,0.807351,0.019273,-0.005575
1540581288.935328722,0.132767,13.952038,-0.345285,-0.588635,0.807926,0.027039,-0.005722
1540581288.968947172,0.134243,13.974778,-0.344688,-0.587063,0.808891,0.031872,-0.005968
1540581289.002395868,0.132011,13.997779,-0.345463,-0.586818,0.808966,0.034415,-0.005944
1540581289.036458492,0.132427,14.017217,-0.347570,-0.585696,0.809695,0.036306,-0.006009
1540581289.069675207,0.132635,14.033269,-0.352691,-0.585186,0.809975,0.038262,-0.005837
1540581289.102426052,0.132362,14.048654,-0.357820,-0.585685,0.809550,0.039696,-0.005205
1540581289.135942936,0.137210,14.064211,-0.362375,-0.585465,0.809607,0.041871,-0.003790
1540581289.169925451,0.141255,14.080153,-0.366428,-0.585586,0.809372,0.044738,-0.001898
1540581289.202126026,0.144868,14.092713,-0.370921,-0.585662,0.809226,0.046399,-0.000169
1540581289.235626936,0.146187,14.103835,-0.375281,-0.585169,0.809595,0.046162,0.001458
1540581289.269139528,0.145176,14.113512,-0.376720,-0.585245,0.809674,0.043702,0.002485
1540581289.302375555,0.145067,14.121458,-0.376192,-0.585188,0.809818,0.041658,0.003906
1540581289.335448980,0.144402,14.128113,-0.373925,-0.585016,0.809971,0.040826,0.006034
1540581289.369007826,0.145076,14.136870,-0.372455,-0.584891,0.810009,0.041394,0.008659
1540581289.402447224,0.144592,14.140648,-0.369899,-0.585343,0.809534,0.043345,0.012248
1540581289.435487986,0.145782,14.144007,-0.373336,-0.585409,0.809513,0.042265,0.014110
1540581289.468940735,0.150426,14.159129,-0.385933,-0.584958,0.810059,0.037365,0.015217
1540581289.502471685,0.149466,14.160820,-0.380472,-0.584884,0.810371,0.030340,0.016965
1540581289.535529613,0.148689,14.170014,-0.375899,-0.585110,0.810346,0.025499,0.018303
1540581289.569214582,0.150129,14.178822,-0.374202,-0.584406,0.810781,0.025942,0.020766
1540581289.604480505,0.151095,14.185131,-0.373158,-0.583961,0.810904,0.028462,0.024795
1540581289.637653112,0.150500,14.185463,-0.370224,-0.584571,0.810322,0.029984,0.027485
1540581289.669259548,0.148413,14.187354,-0.369360,-0.584514,0.810262,0.031211,0.029055
1540581289.702607393,0.146832,14.191219,-0.369413,-0.584424,0.810232,0.031921,0.030890
1540581289.736757278,0.144757,14.195011,-0.367760,-0.584688,0.810019,0.031713,0.031691
1540581289.769532442,0.141985,14.197124,-0.365126,-0.584889,0.809895,0.031221,0.031621
1540581289.802743196,0.141583,14.199529,-0.363734,-0.585012,0.809870,0.029909,0.031251
1540581289.835857868,0.138701,14.199873,-0.360249,-0.585023,0.809956,0.027964,0.030622
1540581289.869241953,0.132131,14.199329,-0.354941,-0.585254,0.809833,0.027403,0.029960
1540581289.905324459,0.128570,14.197510,-0.351828,-0.585322,0.809724,0.029124,0.029940
1540581289.937630892,0.126965,14.170032,-0.334804,-0.585751,0.809344,0.030164,0.030781
1540581289.969260216,0.123040,14.167332,-0.332775,-0.585844,0.809210,0.031508,0.031194
1540581290.002495766,0.117113,14.166026,-0.331709,-0.585856,0.809151,0.033065,0.030894
1540581290.036237717,0.113830,14.165638,-0.331862,-0.585707,0.809157,0.035583,0.030739
1540581290.070125580,0.111776,14.166540,-0.331976,-0.585266,0.809400,0.037254,0.030791
1540581290.102944374,0.108435,14.167139,-0.331343,-0.585194,0.809481,0.037142,0.030136
1540581290.137349844,0.103483,14.168133,-0.330936,-0.585201,0.809516,0.037205,0.028961
1540581290.170200825,0.097145,14.169220,-0.330679,-0.585024,0.809591,0.038708,0.028471
1540581290.203334093,0.091085,14.170536,-0.329598,-0.585261,0.809263,0.041658,0.028761
1540581290.237008572,0.085882,14.174913,-0.328749,-0.585552,0.808950,0.043978,0.028194
1540581290.269941568,0.078029,14.175960,-0.328636,-0.585334,0.809051,0.045825,0.026848
1540581290.304795504,0.073803,14.173926,-0.329558,-0.585298,0.808971,0.048114,0.026005
1540581290.337833881,0.069126,14.172748,-0.330213,-0.585528,0.808725,0.049833,0.025223
1540581290.370979786,0.063977,14.171041,-0.331989,-0.585626,0.808608,0.050986,0.024409
1540581290.404062748,0.062385,14.167513,-0.334409,-0.585498,0.808613,0.052388,0.024346
1540581290.438172340,0.067470,14.162050,-0.337377,-0.585594,0.808564,0.052071,0.024347
1540581290.470316887,0.073863,14.160493,-0.338219,-0.585751,0.808616,0.049588,0.023996
1540581290.504092693,0.073525,14.164252,-0.336944,-0.585822,0.808669,0.047965,0.023802
1540581290.537472486,0.070015,14.167857,-0.335264,-0.585778,0.808673,0.048318,0.024035
1540581290.571099758,0.066078,14.171103,-0.332956,-0.585913,0.808465,0.049834,0.024613
1540581290.605165482,0.063124,14.173330,-0.332137,-0.585986,0.808327,0.051151,0.024747
1540581290.638848066,0.064521,14.172590,-0.333264,-0.585721,0.808509,0.051315,0.024711
1540581290.672006369,0.066651,14.171903,-0.333211,-0.585783,0.808526,0.050468,0.024429
1540581290.706183910,0.062815,14.174365,-0.331525,-0.586013,0.808409,0.049963,0.023809
1540581290.739407063,0.058952,14.175208,-0.331903,-0.585918,0.808407,0.051144,0.023713
1540581290.773060560,0.061738,14.175302,-0.334612,-0.585929,0.808327,0.052119,0.024056
1540581290.807849407,0.065313,14.175407,-0.335143,-0.585851,0.808479,0.050774,0.023716
1540581290.840142488,0.067274,14.174555,-0.335449,-0.585739,0.808699,0.048861,0.022989
1540581290.874008656,0.069968,14.175444,-0.335606,-0.585869,0.808685,0.047603,0.022790
1540581290.909172535,0.072046,14.178889,-0.334181,-0.585949,0.808738,0.045892,0.022397
1540581290.941576481,0.071367,14.179942,-0.332985,-0.585848,0.808933,0.044089,0.021579
1540581290.977555275,0.072540,14.182269,-0.332199,-0.586008,0.808865,0.043315,0.021341
1540581291.008200407,0.077259,14.183730,-0.330944,-0.585877,0.809038,0.041907,0.021198
1540581291.042388201,0.076930,14.184021,-0.330901,-0.585769,0.809275,0.039330,0.020051
1540581291.075527430,0.080493,14.185304,-0.329583,-0.585942,0.809222,0.037871,0.019923
1540581291.110325098,0.080998,14.186528,-0.326557,-0.585879,0.809365,0.036052,0.019348
1540581291.142513752,0.077484,14.186907,-0.326245,-0.585843,0.809447,0.035186,0.018572
1540581291.175685644,0.080107,14.188274,-0.325768,-0.586004,0.809311,0.035391,0.019013
1540581291.210406542,0.082039,14.189346,-0.324521,-0.585973,0.809423,0.033638,0.018366
1540581291.243465662,0.081339,14.189795,-0.324388,-0.585908,0.809545,0.032282,0.017508
1540581291.276627302,0.082460,14.190128,-0.323734,-0.586037,0.809452,0.032220,0.017631
1540581291.310879230,0.080949,14.190645,-0.323140,-0.586133,0.809412,0.031761,0.017098
1540581291.344167709,0.079442,14.190724,-0.323241,-0.586194,0.809344,0.032438,0.016901
1540581291.377636671,0.080040,14.190621,-0.323086,-0.586265,0.809285,0.032710,0.016779
1540581291.412173271,0.076625,14.191049,-0.323962,-0.586303,0.809281,0.032496,0.016041
1540581291.445850611,0.077228,14.191423,-0.324694,-0.586348,0.809210,0.033321,0.016255
