1540589486.133692741,-0.000008,0.000011,-0.000021,-0.604148,0.795298,0.050068,0.000151
1540589486.167477131,0.000628,0.000051,-0.001204,-0.604116,0.795333,0.049894,0.000121
1540589486.203789473,0.000964,0.002098,-0.000126,-0.603343,0.795809,0.051554,0.002748
1540589486.267737865,0.004235,0.000901,0.003458,-0.606809,0.793029,0.053494,0.005132
1540589486.301508427,0.006856,0.001561,0.004502,-0.605173,0.794144,0.055344,0.006161
1540589486.335477114,0.005346,0.001487,0.006427,-0.600668,0.797884,0.050789,-0.000245
1540589486.370670080,0.002817,0.001272,0.006227,-0.600911,0.797837,0.048567,-0.001866
1540589486.441401243,0.002123,0.001926,0.006992,-0.601865,0.797062,0.049500,0.000541
1540589486.470180511,0.003070,0.001629,0.004477,-0.605155,0.794496,0.050596,0.001662
1540589486.504041433,0.004988,0.001407,0.003187,-0.605867,0.793878,0.051764,0.001759
1540589486.537703991,0.006840,0.001427,0.003457,-0.605142,0.794373,0.052666,0.001443
1540589486.570995569,0.008659,0.001849,0.003650,-0.604136,0.795118,0.052980,0.000719
1540589486.604930401,0.008425,0.001796,0.003732,-0.603400,0.795723,0.052272,-0.000048
1540589486.638523579,0.009447,0.002297,0.003896,-0.602484,0.796445,0.051835,-0.000798
1540589486.672368526,0.008245,0.002470,0.003761,-0.602283,0.796655,0.050934,-0.000939
1540589486.740484238,0.007828,0.003148,0.003625,-0.602978,0.796135,0.050848,-0.000552
1540589486.771981001,0.006717,0.002903,0.004109,-0.603254,0.795917,0.050989,-0.000179
1540589486.820936680,0.007892,0.002954,0.003325,-0.603389,0.795792,0.051342,-0.000414
1540589486.854974508,0.007167,0.002847,0.003170,-0.603399,0.795793,0.051217,-0.000321
1540589486.891105890,0.005999,0.003091,0.003768,-0.603217,0.795958,0.050785,-0.000177
1540589486.955589056,0.005306,0.002761,0.002783,-0.603544,0.795776,0.049752,-0.000305
1540589486.992868185,0.006479,0.001872,0.000768,-0.603981,0.795413,0.050249,-0.000406
1540589487.054754734,0.005947,0.000761,-0.000647,-0.604481,0.794924,0.051953,0.000239
1540589487.088117599,0.004972,-0.000022,-0.001771,-0.604638,0.794770,0.052470,0.000614
1540589487.121052265,0.004491,-0.000455,-0.002011,-0.604702,0.794717,0.052539,0.000673
1540589487.154347658,0.006491,-0.000609,-0.002923,-0.604854,0.794569,0.053018,0.000461
1540589487.189722061,0.009708,-0.000557,-0.003437,-0.604863,0.794504,0.053882,0.000037
1540589487.221141100,0.008999,-0.001362,-0.004456,-0.605063,0.794319,0.054376,0.000282
1540589487.254692316,0.008210,-0.001963,-0.005775,-0.605203,0.794167,0.055029,0.000659
1540589487.288353443,0.007061,-0.002119,-0.006044,-0.605202,0.794150,0.055265,0.000931
1540589487.321399689,0.007517,-0.001814,-0.005822,-0.605189,0.794147,0.055459,0.000918
1540589487.357116461,0.006008,-0.001456,-0.004535,-0.604955,0.794353,0.055055,0.001154
1540589487.387960196,0.005842,-0.000893,-0.002858,-0.604707,0.794558,0.054826,0.001117
1540589487.421282053,0.005363,-0.001527,-0.003396,-0.604812,0.794471,0.054921,0.001282
1540589487.454609632,0.005586,-0.001949,-0.004292,-0.604883,0.794371,0.055581,0.001435
1540589487.489640951,0.007923,-0.001057,-0.002954,-0.604624,0.794502,0.056519,0.001252
1540589487.521372080,0.009283,-0.000561,-0.002341,-0.604564,0.794503,0.057146,0.001144
1540589487.555412769,0.009230,-0.000382,-0.001614,-0.604497,0.794496,0.057947,0.001363
1540589487.588565826,0.008436,-0.000779,-0.001744,-0.604553,0.794400,0.058663,0.001734
1540589487.622899532,0.010130,-0.000758,-0.001728,-0.604565,0.794321,0.059603,0.001654
1540589487.655373335,0.011084,-0.001232,-0.002893,-0.604685,0.794161,0.060510,0.001764
1540589487.689034939,0.012312,-0.000749,-0.002417,-0.604544,0.794223,0.061106,0.001663
1540589487.722741127,0.012498,0.000737,0.000101,-0.604201,0.794497,0.060937,0.001603
1540589487.755260468,0.011432,0.001382,0.001489,-0.604084,0.794655,0.060028,0.001600
1540589487.789161205,0.009328,0.001868,0.002541,-0.603951,0.794847,0.058815,0.001709
1540589487.821875334,0.008395,0.002682,0.003772,-0.603748,0.795070,0.057873,0.001615
1540589487.855202436,0.009430,0.003492,0.004522,-0.603627,0.795195,0.057419,0.001310
1540589487.889002562,0.009696,0.004261,0.005614,-0.603500,0.795361,0.056467,0.001014
1540589487.922150373,0.008997,0.004958,0.006561,-0.603369,0.795560,0.055038,0.000710
1540589487.955171108,0.006186,0.004796,0.006870,-0.603164,0.795778,0.054126,0.001138
1540589487.988381624,0.004591,0.004309,0.006149,-0.603253,0.795725,0.053903,0.001364
1540589488.021737576,0.003435,0.004174,0.005840,-0.603365,0.795639,0.053905,0.001561
1540589488.056172371,0.002277,0.004027,0.005718,-0.603307,0.795689,0.053817,0.001806
1540589488.088949442,0.001460,0.003807,0.005445,-0.603318,0.795698,0.053565,0.001825
1540589488.122525692,0.000172,0.003976,0.006046,-0.603218,0.795801,0.053157,0.001983
1540589488.155375719,-0.000658,0.003843,0.005643,-0.603295,0.795765,0.052816,0.002036
1540589488.189993620,-0.001731,0.003359,0.004693,-0.603434,0.795651,0.052940,0.002296
1540589488.222200155,-0.001800,0.002844,0.003754,-0.603448,0.795606,0.053440,0.002389
1540589488.255919218,-0.001594,0.002570,0.003247,-0.603509,0.795527,0.053914,0.002430
1540589488.291741371,-0.000125,0.002832,0.002839,-0.603584,0.795424,0.054602,0.002316
1540589488.323073149,0.001086,0.003504,0.002993,-0.603487,0.795481,0.054856,0.002141
1540589488.356745243,0.001530,0.004067,0.003335,-0.603469,0.795502,0.054746,0.002032
1540589488.389304638,0.002463,0.004830,0.003520,-0.603493,0.795487,0.054703,0.001875
1540589488.422084093,0.002263,0.005287,0.003645,-0.603429,0.795554,0.054444,0.001870
1540589488.456087828,0.003004,0.005661,0.003374,-0.603493,0.795508,0.054412,0.001705
1540589488.490891218,0.004254,0.007138,0.003849,-0.603453,0.795534,0.054467,0.001563
1540589488.522407532,0.004159,0.008242,0.004253,-0.603455,0.795567,0.053980,0.001456
1540589488.555719614,0.004527,0.009968,0.005265,-0.603353,0.795682,0.053416,0.001235
1540589488.589448452,0.004754,0.011326,0.005569,-0.603346,0.795722,0.052911,0.001216
1540589488.622411966,0.005220,0.012187,0.005133,-0.603406,0.795689,0.052714,0.001293
1540589488.655583620,0.006002,0.012973,0.004408,-0.603533,0.795583,0.052857,0.001380
1540589488.688925505,0.006968,0.013752,0.003725,-0.603621,0.795494,0.053187,0.001535
1540589488.722724915,0.006216,0.013791,0.002704,-0.603704,0.795418,0.053354,0.002088
1540589488.756816626,0.004896,0.013195,0.001236,-0.603977,0.795212,0.053337,0.002232
1540589488.790084600,0.004868,0.012687,-0.000006,-0.604078,0.795114,0.053648,0.002206
1540589488.823767900,0.004298,0.011748,-0.001294,-0.604148,0.795055,0.053734,0.002218
1540589488.857276917,0.004817,0.010115,-0.003132,-0.604417,0.794801,0.054481,0.001994
1540589488.891636848,0.005466,0.008343,-0.005049,-0.604551,0.794610,0.055749,0.002050
1540589488.925654173,0.006413,0.008131,-0.005298,-0.604417,0.794647,0.056677,0.002045
1540589488.960171223,0.006435,0.009014,-0.004416,-0.604214,0.794775,0.057031,0.002293
1540589488.992351532,0.005607,0.011170,-0.002658,-0.603862,0.795090,0.056348,0.002550
1540589489.026887655,0.004183,0.013057,-0.000225,-0.603428,0.795531,0.054752,0.002678
1540589489.060035706,0.003570,0.014646,0.002163,-0.603013,0.795959,0.053083,0.002534
1540589489.092700958,0.004102,0.016170,0.004228,-0.602741,0.796286,0.051247,0.002160
1540589489.125125885,0.004230,0.017370,0.006547,-0.602472,0.796640,0.048874,0.001771
1540589489.161492825,0.004911,0.018609,0.008182,-0.602134,0.797062,0.046098,0.001124
1540589489.191320896,0.006116,0.019517,0.010222,-0.601839,0.797423,0.043659,0.000246
1540589489.225643873,0.008724,0.021046,0.010833,-0.601730,0.797643,0.041061,-0.000794
1540589489.258581638,0.011643,0.021861,0.010311,-0.601854,0.797666,0.038702,-0.001574
1540589489.291743040,0.013502,0.022064,0.008770,-0.601901,0.797699,0.037240,-0.002075
1540589489.326612473,0.016458,0.021660,0.006940,-0.601852,0.797708,0.037829,-0.002422
1540589489.359491110,0.021634,0.020332,0.005495,-0.602046,0.797469,0.039694,-0.002889
1540589489.393157244,0.025451,0.019158,0.003941,-0.602435,0.797103,0.041118,-0.002864
1540589489.427024603,0.025212,0.017391,0.002288,-0.602506,0.797033,0.041471,-0.002250
1540589489.460539818,0.025504,0.015707,0.001613,-0.602393,0.797125,0.041351,-0.001986
1540589489.494735241,0.027527,0.014989,0.001360,-0.602409,0.797102,0.041584,-0.001650
1540589489.529297113,0.027370,0.016431,0.002222,-0.602159,0.797302,0.041380,-0.000740
1540589489.561656713,0.026178,0.020849,0.004181,-0.601926,0.797570,0.039586,0.000154
1540589489.594935656,0.013436,0.024712,0.006872,-0.601929,0.797824,0.033938,0.002615
1540589489.629319429,0.006212,0.028052,0.010718,-0.601705,0.798311,0.025356,0.002819
1540589489.661690235,0.009350,0.031973,0.013626,-0.600855,0.799136,0.018830,0.000714
1540589489.697114468,-0.004647,0.036720,0.014700,-0.599832,0.799981,0.014852,0.003180
1540589489.730361938,-0.014038,0.040202,0.013444,-0.599396,0.800274,0.015864,0.005816
1540589489.762461185,-0.007164,0.039531,0.010761,-0.599220,0.800309,0.020201,0.005699
1540589489.796315432,-0.003164,0.036317,0.008304,-0.599402,0.800112,0.022409,0.006028
1540589489.830374479,-0.012179,0.034777,0.008350,-0.599669,0.799973,0.019737,0.007193
1540589489.863163233,-0.019344,0.034314,0.008508,-0.599673,0.800053,0.015943,0.007262
1540589489.897391558,-0.006804,0.032474,0.005313,-0.599558,0.800133,0.017274,0.004468
1540589489.930948257,0.005404,0.029487,0.003090,-0.599365,0.800188,0.021370,0.002178
1540589489.964493036,0.005787,0.026389,0.002373,-0.599364,0.800090,0.024741,0.002313
1540589489.997867346,-0.003299,0.023714,0.002051,-0.599336,0.800051,0.026437,0.003962
1540589490.031793833,-0.012608,0.023968,0.002589,-0.599199,0.800147,0.026447,0.005116
1540589490.065953016,-0.021428,0.026223,0.004013,-0.598960,0.800363,0.025166,0.005727
1540589490.098980665,-0.030445,0.029929,0.005857,-0.598864,0.800493,0.023163,0.006025
1540589490.132588863,-0.039479,0.034102,0.007326,-0.598791,0.800621,0.020478,0.006003
1540589490.165487528,-0.036505,0.037469,0.006238,-0.598947,0.800526,0.020060,0.004309
1540589490.199574709,-0.029341,0.040071,0.004117,-0.599091,0.800337,0.023275,0.003046
1540589490.233702421,-0.037019,0.044900,0.004262,-0.598891,0.800373,0.026677,0.004638
1540589490.267066479,-0.050465,0.050794,0.006315,-0.598408,0.800692,0.027633,0.006096
1540589490.300549984,-0.060354,0.056501,0.008742,-0.598381,0.800762,0.026089,0.006271
1540589490.335558891,-0.058266,0.062438,0.009382,-0.599041,0.800322,0.024698,0.004931
1540589490.367156267,-0.046777,0.068759,0.007968,-0.599125,0.800201,0.026730,0.003551
1540589490.400935650,-0.036685,0.079797,0.007464,-0.598565,0.800433,0.031907,0.002916
1540589490.434381008,-0.022383,0.089641,0.006437,-0.598628,0.800098,0.038544,0.001478
1540589490.468585730,-0.027173,0.097440,0.004233,-0.599430,0.799269,0.042856,0.003965
1540589490.501489162,-0.042988,0.104197,0.003886,-0.599842,0.798953,0.042520,0.007498
1540589490.536662340,-0.054485,0.105998,0.001852,-0.601552,0.797823,0.039015,0.009565
1540589490.569694996,-0.065692,0.112086,0.002221,-0.602694,0.797158,0.033913,0.012188
1540589490.602734566,-0.067181,0.120360,0.002812,-0.603548,0.796737,0.028174,0.012113
1540589490.637056828,-0.053189,0.130772,0.002461,-0.603475,0.796954,0.024241,0.009727
1540589490.670288563,-0.045286,0.142946,0.003084,-0.603476,0.797056,0.020715,0.009507
1540589490.703029156,-0.018561,0.155494,0.003272,-0.602531,0.797792,0.021081,0.006380
1540589490.736777306,-0.004108,0.167584,0.004949,-0.601466,0.798533,0.023082,0.007194
1540589490.770358324,-0.007120,0.180341,0.007638,-0.600619,0.799168,0.022085,0.009991
1540589490.804913998,-0.007401,0.191198,0.009720,-0.599598,0.799980,0.019061,0.012288
1540589490.838287830,0.001587,0.198703,0.010919,-0.598539,0.800809,0.015948,0.014200
1540589490.871502876,0.012301,0.208217,0.012775,-0.598064,0.801179,0.013822,0.015493
1540589490.905319691,0.011750,0.218647,0.014339,-0.597115,0.801844,0.011770,0.019004
1540589490.938772440,0.015241,0.227878,0.015537,-0.596004,0.802662,0.008163,0.021117
1540589490.972084999,0.019855,0.236524,0.017241,-0.595726,0.802863,0.003434,0.022585
1540589491.005409241,0.022599,0.245972,0.019177,-0.595289,0.803127,-0.001903,0.024797
1540589491.038938522,0.025718,0.254648,0.019943,-0.594183,0.803866,-0.008453,0.025959
1540589491.073080301,0.029273,0.263570,0.020344,-0.593394,0.804360,-0.015500,0.025481
1540589491.106346607,0.032192,0.271108,0.019475,-0.593419,0.804191,-0.021427,0.025928
1540589491.141974926,0.034884,0.275958,0.014362,-0.592301,0.804836,-0.027932,0.025254
1540589491.212192297,0.048888,0.298080,0.012810,-0.592473,0.804772,-0.027963,0.023141
1540589491.276623249,0.034862,0.313606,0.009745,-0.590821,0.806109,-0.022359,0.024893
1540589491.325033665,0.023574,0.323025,0.008231,-0.589096,0.807270,-0.027444,0.022964
1540589491.358939171,0.018179,0.329387,0.006482,-0.588975,0.807286,-0.031109,0.020722
1540589491.425824642,0.013042,0.349305,0.005516,-0.589072,0.807407,-0.028276,0.016961
1540589491.457015753,0.003033,0.351443,0.003433,-0.588539,0.807891,-0.025974,0.016074
1540589491.490770102,-0.005830,0.360433,0.002904,-0.588047,0.808302,-0.026043,0.013068
1540589491.524399519,-0.013428,0.369887,0.002358,-0.588311,0.808169,-0.025326,0.010567
1540589491.557304382,-0.017636,0.379364,0.000654,-0.588745,0.808016,-0.020282,0.008814
1540589491.590520382,-0.023174,0.390517,-0.001264,-0.588843,0.808086,-0.014618,0.006873
1540589491.623775244,-0.031100,0.403279,-0.001837,-0.589163,0.807928,-0.010197,0.005913
1540589491.657357216,-0.039696,0.416397,-0.002308,-0.590060,0.807318,-0.006556,0.004858
1540589491.690975428,-0.047520,0.434186,-0.001542,-0.590172,0.807255,-0.005537,0.002573
1540589491.724312067,-0.053860,0.454867,0.001299,-0.590245,0.807193,-0.007048,0.000954
1540589491.757832289,-0.057208,0.474787,0.004032,-0.590233,0.807207,-0.006483,0.000069
1540589491.790575981,-0.058965,0.491147,0.005001,-0.589780,0.807563,-0.000734,0.000818
1540589491.824385881,-0.069937,0.509531,0.004353,-0.589521,0.807689,0.009268,0.004159
1540589491.857288837,-0.082388,0.527769,0.002408,-0.588565,0.808249,0.016502,0.007205
1540589491.890815258,-0.089650,0.547944,0.003301,-0.587588,0.808951,0.016034,0.009080
1540589491.925378561,-0.096904,0.572218,0.009612,-0.587527,0.809111,0.007697,0.009640
1540589491.957374096,-0.101946,0.600688,0.020377,-0.586562,0.809869,-0.003389,0.006754
1540589491.991367817,-0.105276,0.626871,0.028951,-0.586977,0.809496,-0.011995,0.005606
1540589492.024642706,-0.106994,0.648190,0.034444,-0.587083,0.809283,-0.018972,0.005873
1540589492.057780981,-0.105842,0.667318,0.037800,-0.587149,0.809088,-0.024581,0.005245
1540589492.091021061,-0.102228,0.682798,0.040656,-0.587584,0.808687,-0.027134,0.005845
1540589492.124822617,-0.099436,0.694031,0.042254,-0.588633,0.807918,-0.026638,0.008412
1540589492.157873154,-0.091371,0.699262,0.042864,-0.589352,0.807383,-0.025905,0.011232
1540589492.192955256,-0.089786,0.705211,0.042254,-0.590358,0.806572,-0.025879,0.015794
1540589492.224659443,-0.087824,0.709489,0.041735,-0.591217,0.805822,-0.027264,0.019238
1540589492.258042097,-0.080493,0.715353,0.042267,-0.592130,0.805012,-0.029473,0.021651
1540589492.292949438,-0.078840,0.725437,0.041626,-0.593155,0.804119,-0.029444,0.026323
1540589492.324438095,-0.075869,0.734679,0.040661,-0.593203,0.803965,-0.029163,0.030013
1540589492.357614040,-0.072310,0.742226,0.039521,-0.594178,0.803156,-0.027971,0.033319
1540589492.391235113,-0.071037,0.753251,0.037837,-0.594274,0.802905,-0.027255,0.037943
1540589492.425072432,-0.074341,0.767758,0.035533,-0.594532,0.802448,-0.029238,0.041881
1540589492.458200932,-0.075146,0.782601,0.033477,-0.594524,0.802162,-0.033208,0.044427
1540589492.491360188,-0.071557,0.799600,0.031402,-0.595007,0.801534,-0.037517,0.045856
1540589492.524806738,-0.065718,0.824269,0.026753,-0.595056,0.801419,-0.039340,0.045710
1540589492.559266567,-0.060025,0.846294,0.023143,-0.594293,0.802020,-0.037079,0.046958
1540589492.591441393,-0.055987,0.864332,0.020918,-0.594065,0.802184,-0.034383,0.049045
1540589492.624433994,-0.055732,0.885708,0.019459,-0.594595,0.801700,-0.034488,0.050439
1540589492.658978701,-0.053467,0.906827,0.019053,-0.594397,0.801644,-0.038769,0.050562
1540589492.692312002,-0.049049,0.931928,0.016429,-0.593451,0.802076,-0.045729,0.048985
1540589492.727641582,-0.037132,0.955432,0.007835,-0.592537,0.802727,-0.050889,0.044036
1540589492.758885145,-0.027807,0.974786,0.001409,-0.591017,0.803913,-0.052079,0.041366
1540589492.791399717,-0.020822,0.993150,-0.002503,-0.589168,0.805382,-0.051350,0.040049
1540589492.825118780,-0.015889,1.012497,-0.006749,-0.587451,0.806841,-0.049903,0.037676
1540589492.858195305,-0.013393,1.031421,-0.009165,-0.586328,0.807844,-0.048011,0.036093
1540589492.891515732,-0.013694,1.050608,-0.011940,-0.584323,0.809426,-0.046821,0.034688
1540589492.924954414,-0.011177,1.065265,-0.016452,-0.582473,0.810979,-0.045255,0.031475
1540589492.958274126,-0.009743,1.078294,-0.020057,-0.581420,0.812005,-0.042147,0.028684
1540589492.992182970,-0.010210,1.090865,-0.023803,-0.580374,0.813028,-0.038167,0.026371
1540589493.025353909,-0.008603,1.108385,-0.026646,-0.579974,0.813637,-0.033203,0.022853
1540589493.059092522,-0.008677,1.124920,-0.029108,-0.579408,0.814393,-0.025138,0.020461
1540589493.092214346,-0.010252,1.139409,-0.029688,-0.578561,0.815242,-0.017921,0.018058
1540589493.126318932,-0.017849,1.140066,-0.030768,-0.577288,0.816273,-0.014163,0.015372
1540589493.161049366,-0.023410,1.155668,-0.028258,-0.577340,0.816255,-0.016631,0.011399
1540589493.193255186,-0.027287,1.168668,-0.028324,-0.577035,0.816379,-0.022662,0.006503
1540589493.228178501,-0.033056,1.171969,-0.036607,-0.575666,0.817252,-0.026562,0.001490
1540589493.261798620,-0.037272,1.173992,-0.042249,-0.576142,0.817019,-0.023198,-0.001049
1540589493.295735836,-0.041995,1.181046,-0.045325,-0.576163,0.817164,-0.016452,-0.002961
1540589493.326452732,-0.047015,1.194250,-0.046750,-0.576327,0.817127,-0.011371,-0.004556
1540589493.359312057,-0.051073,1.214837,-0.048070,-0.576827,0.816787,-0.009238,-0.006656
1540589493.392270088,-0.054857,1.239360,-0.048924,-0.576587,0.816922,-0.009853,-0.009429
1540589493.425663233,-0.058005,1.264861,-0.049711,-0.576671,0.816823,-0.010867,-0.011511
1540589493.459104300,-0.062989,1.283755,-0.050968,-0.576877,0.816633,-0.011844,-0.013515
1540589493.493211508,-0.067335,1.302652,-0.052476,-0.577189,0.816422,-0.009722,-0.014592
1540589493.527454376,-0.072194,1.324779,-0.054312,-0.577106,0.816529,-0.005714,-0.014016
1540589493.563667774,-0.074280,1.355029,-0.059190,-0.576060,0.817287,-0.002985,-0.013729
1540589493.595756769,-0.074881,1.382936,-0.064455,-0.574863,0.818158,-0.001603,-0.012158
1540589493.629458189,-0.077101,1.413349,-0.069005,-0.573361,0.819236,-0.002095,-0.010230
1540589493.660111427,-0.081674,1.433736,-0.069087,-0.571645,0.820444,-0.004726,-0.008467
1540589493.693449497,-0.086492,1.453237,-0.066679,-0.570312,0.821335,-0.010587,-0.006425
1540589493.726913452,-0.085063,1.470912,-0.065997,-0.568035,0.822845,-0.015291,-0.005257
1540589493.761461020,-0.074802,1.503512,-0.068301,-0.564620,0.825221,-0.014463,-0.002487
1540589493.795489311,-0.067384,1.524833,-0.070521,-0.562584,0.826675,-0.010217,0.001735
1540589493.828174591,-0.070489,1.534394,-0.075361,-0.562256,0.826895,-0.008531,0.006342
1540589493.861727953,-0.077493,1.552465,-0.074244,-0.563253,0.826143,-0.011068,0.010591
1540589493.897658348,-0.084723,1.567366,-0.073935,-0.564185,0.825232,-0.022183,0.013967
1540589493.932440519,-0.079980,1.580712,-0.075379,-0.563432,0.825478,-0.029885,0.015408
1540589493.962350130,-0.073811,1.597753,-0.075992,-0.561760,0.826542,-0.030376,0.018215
1540589493.996223688,-0.061963,1.629052,-0.080855,-0.559952,0.827841,-0.025890,0.021507
1540589494.029746294,-0.063024,1.652877,-0.080562,-0.560429,0.827562,-0.019284,0.026223
1540589494.063138008,-0.087704,1.698092,-0.068156,-0.562338,0.826133,-0.015895,0.032063
1540589494.097509861,-0.080626,1.695957,-0.071772,-0.562449,0.825884,-0.018966,0.034743
1540589494.130247355,-0.083037,1.702039,-0.071570,-0.564405,0.824168,-0.027821,0.037676
1540589494.164298773,-0.089080,1.727796,-0.068435,-0.566102,0.822666,-0.034104,0.039834
1540589494.197977304,-0.092796,1.758901,-0.067854,-0.565955,0.822584,-0.036838,0.041142
1540589494.231269598,-0.095180,1.787892,-0.066814,-0.566861,0.821856,-0.037597,0.042511
1540589494.266652346,-0.094372,1.809582,-0.063646,-0.569342,0.820041,-0.038538,0.043557
1540589494.298156500,-0.091915,1.830537,-0.062940,-0.570088,0.819418,-0.039962,0.044236
1540589494.333003044,-0.089064,1.854282,-0.061428,-0.571701,0.818156,-0.042884,0.044044
1540589494.365444660,-0.086476,1.879239,-0.060196,-0.573314,0.816951,-0.046079,0.042178
1540589494.400270700,-0.077536,1.906191,-0.055620,-0.575489,0.815325,-0.049165,0.040508
1540589494.433378935,-0.071544,1.938371,-0.055604,-0.575832,0.815076,-0.051270,0.037954
1540589494.466170311,-0.060856,1.963044,-0.058985,-0.575187,0.815795,-0.049635,0.034266
1540589494.499692202,-0.054318,1.992562,-0.058524,-0.574796,0.816561,-0.042102,0.032652
1540589494.533737183,-0.052448,2.028924,-0.053937,-0.573243,0.818172,-0.031844,0.031179
1540589494.567482710,-0.058096,2.063388,-0.048126,-0.572022,0.819377,-0.025853,0.027254
1540589494.600693464,-0.059574,2.087570,-0.043153,-0.571929,0.819620,-0.023962,0.023345
1540589494.635071278,-0.061245,2.109664,-0.039656,-0.571290,0.820184,-0.024077,0.018586
1540589494.668134928,-0.061657,2.127962,-0.041957,-0.570846,0.820574,-0.024500,0.013867
1540589494.701963425,-0.064196,2.146465,-0.046967,-0.570055,0.821246,-0.022336,0.009685
1540589494.735775232,-0.065483,2.162256,-0.048122,-0.570960,0.820783,-0.016580,0.006745
1540589494.769516706,-0.068633,2.180751,-0.048098,-0.570469,0.821238,-0.010965,0.003594
1540589494.803074837,-0.072953,2.212777,-0.045416,-0.569786,0.821740,-0.009385,-0.000110
1540589494.837677956,-0.077323,2.236103,-0.041733,-0.570017,0.821511,-0.013030,-0.005457
1540589494.869748831,-0.084695,2.225868,-0.045185,-0.570248,0.821270,-0.015621,-0.009476
1540589494.904693365,-0.089931,2.232564,-0.048395,-0.570614,0.821047,-0.012002,-0.011760
1540589494.936974525,-0.098457,2.232464,-0.046881,-0.571435,0.820533,-0.005015,-0.012723
1540589494.970776796,-0.109047,2.224349,-0.045364,-0.572979,0.819447,0.001696,-0.014062
1540589495.004089594,-0.109936,2.265230,-0.051368,-0.572672,0.819616,0.006828,-0.015180
1540589495.037894487,-0.108918,2.315618,-0.058344,-0.571322,0.820518,0.010060,-0.015480
1540589495.070959568,-0.110624,2.358542,-0.062473,-0.570704,0.820929,0.009317,-0.016916
1540589495.104786158,-0.113073,2.400956,-0.065225,-0.569899,0.821484,0.006764,-0.018271
1540589495.139706850,-0.116810,2.433320,-0.068034,-0.569570,0.821749,0.005429,-0.017029
1540589495.172122002,-0.121127,2.460410,-0.070696,-0.569470,0.821849,0.005028,-0.015577
1540589495.205554485,-0.124947,2.491089,-0.075408,-0.568841,0.822319,0.005508,-0.013493
1540589495.239022017,-0.130760,2.520013,-0.084693,-0.568658,0.822479,0.008437,-0.009191
1540589495.273041725,-0.136608,2.544302,-0.099720,-0.567355,0.823404,0.009169,-0.005492
1540589495.306137323,-0.138582,2.568157,-0.111487,-0.565315,0.824845,0.006623,-0.002633
1540589495.340008497,-0.139851,2.593158,-0.119094,-0.563399,0.826177,0.003490,0.000973
1540589495.373738527,-0.138751,2.620179,-0.124987,-0.560954,0.827835,0.000463,0.004406
1540589495.407002449,-0.132137,2.642652,-0.131521,-0.558010,0.829795,-0.002315,0.007755
1540589495.441094160,-0.128735,2.664276,-0.134710,-0.556529,0.830719,-0.007448,0.011203
1540589495.474319935,-0.124830,2.693032,-0.133648,-0.555553,0.831261,-0.012921,0.014130
1540589495.508677006,-0.120731,2.716140,-0.135931,-0.554284,0.831968,-0.016780,0.017801
1540589495.541388512,-0.116338,2.732166,-0.138522,-0.554685,0.831514,-0.021867,0.020738
1540589495.577594280,-0.113144,2.760310,-0.136785,-0.555465,0.830707,-0.028345,0.024109
1540589495.608638763,-0.109002,2.789258,-0.135810,-0.554328,0.831211,-0.032470,0.027485
1540589495.642471790,-0.108213,2.830001,-0.132978,-0.553837,0.831345,-0.033809,0.031411
1540589495.676026106,-0.111652,2.867744,-0.127714,-0.554357,0.830877,-0.033430,0.034849
1540589495.711068392,-0.113258,2.891467,-0.125028,-0.554811,0.830392,-0.035177,0.037376
1540589495.781555653,-0.113123,2.955249,-0.125439,-0.555494,0.829414,-0.042932,0.040683
1540589495.847328424,-0.115900,3.023716,-0.126238,-0.556917,0.828369,-0.041832,0.043573
1540589495.894425392,-0.120549,3.059323,-0.122924,-0.559076,0.827050,-0.037304,0.045078
1540589495.927344799,-0.123065,3.075151,-0.120732,-0.560653,0.825950,-0.037842,0.045197
1540589495.961328030,-0.121743,3.094439,-0.121466,-0.561880,0.824988,-0.042150,0.043698
1540589495.994559050,-0.118712,3.116307,-0.122330,-0.563967,0.823465,-0.046288,0.041271
1540589496.028332233,-0.115141,3.139820,-0.123552,-0.565034,0.822683,-0.049282,0.038735
1540589496.060298920,-0.112220,3.165035,-0.125822,-0.565707,0.822195,-0.051955,0.035667
1540589496.095026731,-0.107779,3.190911,-0.127203,-0.567058,0.821346,-0.053150,0.031787
1540589496.161534071,-0.102455,3.240594,-0.130647,-0.566942,0.821717,-0.052584,0.024361
1540589496.193689108,-0.101186,3.262195,-0.130794,-0.566883,0.822016,-0.049952,0.020921
1540589496.226829052,-0.101144,3.290010,-0.128547,-0.566016,0.823020,-0.043802,0.018591
1540589496.260596991,-0.103648,3.319089,-0.124052,-0.565475,0.823696,-0.038910,0.015768
1540589496.293500185,-0.104988,3.346633,-0.122257,-0.564892,0.824192,-0.038243,0.011922
1540589496.326979876,-0.106321,3.373178,-0.121376,-0.564429,0.824531,-0.038627,0.008672
1540589496.360205412,-0.107757,3.397153,-0.122754,-0.563552,0.825214,-0.037430,0.005495
1540589496.393741846,-0.115043,3.416802,-0.122804,-0.563941,0.825075,-0.034882,0.002202
1540589496.426735878,-0.115933,3.438132,-0.124596,-0.564204,0.825077,-0.030358,-0.000162
1540589496.460510492,-0.116907,3.460731,-0.126922,-0.564685,0.824949,-0.024222,-0.001934
1540589496.493614912,-0.120791,3.475333,-0.127003,-0.565028,0.824861,-0.018290,-0.003591
1540589496.527128458,-0.121638,3.505032,-0.127427,-0.564735,0.825187,-0.011031,-0.004329
1540589496.560355186,-0.123290,3.527722,-0.127545,-0.565116,0.824970,-0.006563,-0.005034
1540589496.593574286,-0.125568,3.553351,-0.127737,-0.565003,0.825036,-0.006705,-0.006429
1540589496.626885176,-0.127525,3.577498,-0.129624,-0.564966,0.825056,-0.006553,-0.007274
1540589496.660383224,-0.128297,3.603452,-0.132293,-0.564698,0.825257,-0.003915,-0.007205
1540589496.693770647,-0.129621,3.631073,-0.134815,-0.564884,0.825139,-0.001175,-0.007125
1540589496.727202177,-0.129065,3.670275,-0.140087,-0.564710,0.825264,0.000689,-0.006457
1540589496.760589361,-0.129165,3.706633,-0.145357,-0.564203,0.825621,0.001151,-0.004921
1540589496.794641972,-0.129386,3.745558,-0.148550,-0.564075,0.825706,-0.001643,-0.005103
1540589496.827234507,-0.126356,3.794668,-0.151323,-0.563368,0.826178,-0.005109,-0.004608
1540589496.860606670,-0.125772,3.832697,-0.154131,-0.562753,0.826572,-0.008834,-0.003125
1540589496.893750429,-0.125082,3.865695,-0.156937,-0.562739,0.826568,-0.010500,-0.000985
1540589496.927265644,-0.123259,3.899535,-0.159255,-0.562400,0.826820,-0.008344,0.002556
1540589496.960861206,-0.118958,3.935669,-0.167773,-0.561710,0.827290,-0.005177,0.006799
1540589496.993959188,-0.121217,3.976703,-0.176530,-0.561871,0.827132,-0.005161,0.011302
1540589497.027566433,-0.124124,4.013037,-0.185516,-0.560901,0.827705,-0.007635,0.015362
1540589497.061428785,-0.120671,4.051960,-0.189356,-0.559205,0.828729,-0.011023,0.019413
1540589497.094076872,-0.119046,4.088809,-0.190337,-0.558479,0.829090,-0.012473,0.023595
1540589497.127333879,-0.120281,4.126631,-0.190579,-0.557497,0.829601,-0.012569,0.028292
1540589497.160849333,-0.122509,4.163867,-0.193015,-0.555874,0.830526,-0.012641,0.032733
1540589497.194207907,-0.120920,4.197921,-0.197051,-0.554414,0.831322,-0.013731,0.036601
1540589497.230280161,-0.124086,4.247632,-0.195598,-0.554401,0.831047,-0.018618,0.040663
1540589497.260930777,-0.120483,4.296502,-0.193191,-0.554147,0.830911,-0.026887,0.042255
1540589497.294614077,-0.115530,4.343097,-0.190388,-0.553737,0.830756,-0.036599,0.043358
1540589497.327599525,-0.111058,4.360178,-0.187303,-0.554201,0.829987,-0.045733,0.043485
1540589497.361063957,-0.101285,4.390749,-0.188998,-0.554117,0.829615,-0.052479,0.044038
1540589497.394153357,-0.096864,4.417619,-0.190546,-0.553043,0.830189,-0.053257,0.045746
1540589497.427756310,-0.102949,4.454715,-0.186370,-0.554110,0.829485,-0.051268,0.047832
1540589497.460984230,-0.113008,4.486238,-0.178444,-0.554171,0.829549,-0.048360,0.049043
1540589497.494347095,-0.121492,4.515485,-0.174548,-0.554044,0.829764,-0.045201,0.049838
1540589497.527751446,-0.131273,4.527565,-0.168739,-0.555518,0.828856,-0.043997,0.049610
1540589497.561089039,-0.140677,4.524019,-0.162361,-0.557491,0.827600,-0.044057,0.048387
1540589497.595077991,-0.148823,4.527803,-0.162733,-0.557999,0.827381,-0.042920,0.047274
1540589497.627761602,-0.150392,4.554676,-0.167262,-0.558632,0.827178,-0.040333,0.045601
1540589497.660951138,-0.153280,4.573779,-0.170454,-0.560072,0.826510,-0.036079,0.043567
1540589497.695953608,-0.153912,4.598518,-0.174586,-0.560607,0.826431,-0.031392,0.041801
1540589497.729129314,-0.154069,4.621744,-0.178779,-0.560812,0.826496,-0.029542,0.039002
1540589497.761000156,-0.155211,4.647759,-0.182588,-0.561794,0.825976,-0.029883,0.035477
1540589497.794931650,-0.153931,4.673882,-0.186309,-0.563212,0.825109,-0.032310,0.030710
1540589497.827728271,-0.153360,4.701049,-0.194973,-0.563197,0.825208,-0.034514,0.025488
1540589497.861939907,-0.154727,4.727126,-0.204306,-0.563749,0.824980,-0.034223,0.020599
1540589497.895143747,-0.153040,4.753161,-0.211179,-0.564494,0.824636,-0.032655,0.016001
1540589497.928620338,-0.146624,4.787758,-0.218301,-0.564345,0.824895,-0.030584,0.011278
1540589497.962093115,-0.146692,4.821550,-0.226395,-0.563291,0.825793,-0.026596,0.007848
1540589497.996894121,-0.144212,4.861153,-0.229309,-0.563436,0.825896,-0.020242,0.005058
1540589498.029533148,-0.142333,4.898231,-0.229473,-0.562744,0.826521,-0.013371,0.002043
1540589498.062567234,-0.138660,4.933252,-0.230374,-0.561697,0.827299,-0.008589,0.000056
1540589498.100798130,-0.135086,4.973260,-0.229267,-0.561231,0.827592,-0.009945,-0.003655
1540589498.132581234,-0.133113,5.010918,-0.229444,-0.560111,0.828272,-0.013412,-0.007801
1540589498.163027287,-0.129765,5.049634,-0.231891,-0.559047,0.828918,-0.015654,-0.010771
1540589498.195789576,-0.127076,5.110747,-0.236922,-0.558361,0.829367,-0.014745,-0.012874
1540589498.230350256,-0.124593,5.182546,-0.240671,-0.558102,0.829579,-0.010254,-0.014674
1540589498.262668610,-0.120825,5.218062,-0.245143,-0.558190,0.829558,-0.004951,-0.015268
1540589498.296734095,-0.117330,5.227558,-0.250009,-0.558567,0.829336,-0.000670,-0.014285
1540589498.330259562,-0.114757,5.228423,-0.254627,-0.558552,0.829366,0.002069,-0.012958
1540589498.363724232,-0.109033,5.232917,-0.260120,-0.558647,0.829318,0.003252,-0.011598
1540589498.398076296,-0.103461,5.247301,-0.265718,-0.558905,0.829164,0.003543,-0.009944
1540589498.431357384,-0.100754,5.268203,-0.270055,-0.558872,0.829209,0.003101,-0.008033
1540589498.464743614,-0.096597,5.297457,-0.274474,-0.558946,0.829173,0.002935,-0.006585
1540589498.498146057,-0.088459,5.330510,-0.280486,-0.559153,0.829044,0.003937,-0.004277
1540589498.531720877,-0.086999,5.355956,-0.285439,-0.560231,0.828320,0.004975,-0.001813
1540589498.566756964,-0.081825,5.393741,-0.290947,-0.560140,0.828382,0.005160,0.000477
1540589498.598905325,-0.077685,5.427228,-0.296113,-0.560606,0.828063,0.005109,0.002423
1540589498.632187605,-0.073946,5.455096,-0.301535,-0.560947,0.827832,0.004180,0.003920
1540589498.668410063,-0.069086,5.498024,-0.307060,-0.561203,0.827655,0.002209,0.005760
1540589498.699435472,-0.064206,5.531341,-0.311773,-0.561666,0.827329,0.001321,0.007522
1540589498.733236074,-0.057066,5.574057,-0.316790,-0.561849,0.827176,0.001318,0.010202
1540589498.768245697,-0.051623,5.624271,-0.317750,-0.562655,0.826575,0.002530,0.013641
1540589498.804378271,-0.051198,5.670218,-0.314871,-0.563504,0.825920,0.005168,0.017115
1540589498.834305286,-0.047624,5.706164,-0.318428,-0.563026,0.826137,0.008533,0.020681
1540589498.868167877,-0.054207,5.735068,-0.324945,-0.562883,0.826102,0.011049,0.024420
1540589498.901871443,-0.054956,5.776015,-0.328264,-0.561823,0.826714,0.011220,0.027792
1540589498.935303211,-0.057340,5.811003,-0.332194,-0.561032,0.827131,0.011439,0.031081
1540589498.969529629,-0.063470,5.855808,-0.334510,-0.560143,0.827600,0.010578,0.034724
1540589499.002062559,-0.064380,5.908684,-0.338946,-0.558543,0.828578,0.007899,0.037758
1540589499.035585642,-0.065143,5.964616,-0.343814,-0.557801,0.828958,0.004307,0.040837
1540589499.069173813,-0.071117,6.009992,-0.342159,-0.558526,0.828385,-0.000532,0.042733
1540589499.103647709,-0.070935,6.064138,-0.336801,-0.558612,0.828275,-0.009210,0.042769
1540589499.137893677,-0.079173,6.097966,-0.347477,-0.558735,0.828001,-0.019670,0.042934
1540589499.169879436,-0.085107,6.121103,-0.355927,-0.559490,0.827323,-0.026233,0.042666
1540589499.203429222,-0.092889,6.147227,-0.360740,-0.559037,0.827607,-0.027655,0.042180
1540589499.237942696,-0.102319,6.172486,-0.361391,-0.558951,0.827767,-0.024797,0.041959
1540589499.270603895,-0.107089,6.192573,-0.360561,-0.559656,0.827424,-0.020617,0.041587
1540589499.304738283,-0.118984,6.213491,-0.361124,-0.559957,0.827356,-0.018426,0.039895
1540589499.338304281,-0.129426,6.247252,-0.365348,-0.560507,0.827067,-0.020810,0.036857
1540589499.373016596,-0.137538,6.276845,-0.369366,-0.562250,0.825972,-0.023165,0.033310
1540589499.405534267,-0.144685,6.296975,-0.371021,-0.563447,0.825261,-0.023408,0.030406
1540589499.438947678,-0.153154,6.330935,-0.376866,-0.564123,0.824929,-0.022836,0.027121
1540589499.472915888,-0.159106,6.360098,-0.381312,-0.565606,0.824056,-0.021043,0.024065
1540589499.507154465,-0.164773,6.380736,-0.381513,-0.566659,0.823451,-0.019574,0.021034
1540589499.540158510,-0.168684,6.410920,-0.384198,-0.567698,0.822823,-0.020077,0.016678
1540589499.573443413,-0.176527,6.443700,-0.384932,-0.568503,0.822279,-0.022233,0.012911
1540589499.606548071,-0.172165,6.464913,-0.383787,-0.570393,0.820914,-0.026387,0.007530
1540589499.640754461,-0.170031,6.498150,-0.387637,-0.570358,0.820847,-0.029983,0.001640
1540589499.674527645,-0.175726,6.531637,-0.392511,-0.569810,0.821196,-0.030744,-0.002946
1540589499.708564281,-0.177050,6.583636,-0.397610,-0.569357,0.821601,-0.027358,-0.007456
1540589499.741225958,-0.191690,6.604093,-0.392564,-0.568465,0.822470,-0.016820,-0.010358
1540589499.775117874,-0.207886,6.626941,-0.382800,-0.568524,0.822569,-0.002420,-0.012467
1540589499.810400724,-0.216394,6.653142,-0.373392,-0.567681,0.823084,0.009989,-0.013124
1540589499.841947317,-0.220417,6.669069,-0.366115,-0.566881,0.823496,0.017062,-0.014442
1540589499.877457857,-0.216960,6.725842,-0.367431,-0.567083,0.823239,0.019523,-0.017695
1540589499.916920662,-0.217177,6.760591,-0.362258,-0.566756,0.823390,0.020778,-0.019636
1540589499.943783998,-0.228015,6.771886,-0.354525,-0.566420,0.823568,0.020975,-0.021544
1540589499.978102684,-0.224630,6.835804,-0.358151,-0.566106,0.823717,0.020764,-0.024149
1540589500.010183573,-0.216118,6.926829,-0.362571,-0.565319,0.824280,0.019172,-0.024677
1540589500.043780565,-0.209390,7.014120,-0.364728,-0.564289,0.825063,0.014388,-0.025340
1540589500.077346087,-0.194172,7.087752,-0.370717,-0.563263,0.825765,0.008846,-0.027708
1540589500.111408472,-0.193431,7.142922,-0.378361,-0.563083,0.825876,0.007539,-0.028438
1540589500.144377947,-0.192681,7.197259,-0.387044,-0.563449,0.825605,0.011177,-0.027865
1540589500.178589344,-0.187209,7.258205,-0.399289,-0.563472,0.825567,0.016243,-0.025992
1540589500.212208033,-0.180008,7.318395,-0.408663,-0.563641,0.825520,0.017557,-0.022745
1540589500.245218515,-0.173877,7.378211,-0.415997,-0.564081,0.825345,0.013409,-0.020944
1540589500.279127836,-0.165255,7.444629,-0.422985,-0.563827,0.825631,0.005872,-0.019942
1540589500.348154545,-0.161653,7.531504,-0.433022,-0.563111,0.826159,-0.005554,-0.018319
1540589500.384893656,-0.164562,7.570881,-0.436324,-0.563994,0.825597,-0.005520,-0.016422
1540589500.413888931,-0.161972,7.607987,-0.441148,-0.563688,0.825852,-0.005586,-0.013915
1540589500.464709997,-0.164551,7.668400,-0.440388,-0.563296,0.826161,-0.006943,-0.010333
1540589500.517176628,-0.151805,7.654446,-0.445277,-0.562541,0.826716,-0.007280,-0.005900
1540589500.564195633,-0.154597,7.746130,-0.440975,-0.561286,0.827612,-0.003933,0.000777
1540589500.596277475,-0.154109,7.791879,-0.441538,-0.560212,0.828321,0.002339,0.006367
1540589500.630472660,-0.152344,7.833015,-0.446764,-0.559484,0.828673,0.010278,0.013200
1540589500.663048029,-0.151518,7.878809,-0.451618,-0.558828,0.828938,0.013444,0.019798
1540589500.696567059,-0.149603,7.927212,-0.456808,-0.558302,0.829225,0.008964,0.024583
1540589500.729409218,-0.146660,7.975292,-0.459994,-0.558587,0.828968,0.000351,0.028150
1540589500.762916088,-0.141444,8.025302,-0.459975,-0.558623,0.828782,-0.010041,0.030984
1540589500.796096087,-0.136181,8.070627,-0.461177,-0.558352,0.828739,-0.016516,0.034088
1540589500.829850674,-0.135695,8.093922,-0.462203,-0.558136,0.828693,-0.018008,0.037802
1540589500.863079548,-0.138708,8.085842,-0.460063,-0.557807,0.828814,-0.016266,0.040665
1540589500.896497250,-0.142294,8.123050,-0.461574,-0.557769,0.828740,-0.009342,0.044680
1540589500.930227995,-0.145531,8.164385,-0.458734,-0.557967,0.828442,-0.001577,0.048522
1540589500.963729620,-0.148415,8.204818,-0.454603,-0.558824,0.827796,0.001215,0.049675
1540589500.997367144,-0.150504,8.245033,-0.451263,-0.560242,0.826872,-0.000143,0.049106
1540589501.029980898,-0.152934,8.276167,-0.448097,-0.562014,0.825747,-0.002246,0.047712
1540589501.063571692,-0.165119,8.073176,-0.422911,-0.564911,0.823946,-0.004503,0.044372
1540589501.098028898,-0.168886,8.079810,-0.417503,-0.566884,0.822712,-0.002616,0.042209
1540589501.129981756,-0.176287,8.070017,-0.409360,-0.568255,0.821872,0.000021,0.040165
1540589501.163963079,-0.187524,8.040092,-0.400127,-0.570053,0.820793,0.000359,0.036579
1540589501.197113514,-0.198276,8.058981,-0.400715,-0.571715,0.819811,-0.000533,0.032419
1540589501.231125832,-0.219762,7.776633,-0.382169,-0.574711,0.817895,-0.001599,0.027454
1540589501.263799906,-0.239386,7.684378,-0.374832,-0.575798,0.817270,-0.001703,0.022884
1540589501.297242880,-0.250052,7.634869,-0.372927,-0.577207,0.816420,-0.001410,0.016987
1540589501.330648184,-0.255995,7.628928,-0.373076,-0.577719,0.816129,-0.000267,0.013155
1540589501.364211082,-0.273070,7.575673,-0.367048,-0.577573,0.816291,0.000227,0.008844
1540589501.396797180,-0.290244,7.514331,-0.360568,-0.577801,0.816167,0.002030,0.003773
1540589501.430313826,-0.289323,7.514815,-0.360209,-0.577746,0.816184,0.007129,0.001467
1540589501.463445663,-0.294761,7.582998,-0.359042,-0.576591,0.816933,0.012765,0.001193
1540589501.497665644,-0.294953,7.719852,-0.363137,-0.575098,0.817998,0.011842,-0.001140
1540589501.530485868,-0.296841,7.839143,-0.367100,-0.574276,0.818613,0.007917,-0.004104
1540589501.563470602,-0.297671,7.892239,-0.371200,-0.573139,0.819404,0.006720,-0.006543
1540589501.596888304,-0.295346,7.943978,-0.378648,-0.572774,0.819632,0.008726,-0.007564
1540589501.630538225,-0.295463,7.974020,-0.383713,-0.573648,0.818969,0.012820,-0.007340
1540589501.664039135,-0.295265,8.017908,-0.393180,-0.573158,0.819215,0.018426,-0.006092
1540589501.696970224,-0.288131,8.108265,-0.406649,-0.572425,0.819649,0.022156,-0.003666
1540589501.730194807,-0.282378,8.191957,-0.420273,-0.572529,0.819597,0.021634,-0.001718
1540589501.763817549,-0.276157,8.213642,-0.425127,-0.572382,0.819806,0.017220,-0.000325
1540589501.797322035,-0.269790,8.232707,-0.427298,-0.571689,0.820377,0.012306,0.001281
1540589501.829988241,-0.266655,8.250344,-0.428972,-0.571872,0.820278,0.009985,0.002663
1540589501.863592386,-0.260997,8.263884,-0.433761,-0.572098,0.820106,0.010202,0.005074
1540589501.896922827,-0.257363,8.279851,-0.437679,-0.572074,0.820109,0.009413,0.008005
1540589501.930817127,-0.253822,8.293074,-0.440764,-0.572616,0.819730,0.007448,0.009864
1540589501.964863300,-0.250221,8.297550,-0.445109,-0.573334,0.819207,0.006147,0.012271
1540589501.997154951,-0.244499,8.307976,-0.449100,-0.573601,0.818990,0.003629,0.014953
1540589502.030360699,-0.241503,8.317844,-0.452023,-0.574213,0.818532,0.000732,0.016856
1540589502.064100027,-0.243594,8.344919,-0.456106,-0.575371,0.817666,-0.000167,0.019249
1540589502.097838402,-0.250060,8.385328,-0.459139,-0.575696,0.817372,0.000882,0.021838
1540589502.130207062,-0.256406,8.422624,-0.461448,-0.576256,0.816885,0.004311,0.024678
1540589502.164124727,-0.265000,8.460674,-0.462010,-0.576734,0.816390,0.010045,0.028000
1540589502.197756767,-0.275538,8.495984,-0.461448,-0.576700,0.816187,0.016709,0.031243
1540589502.230526209,-0.283464,8.539701,-0.455677,-0.575796,0.816558,0.022986,0.034108
1540589502.265990019,-0.292648,8.583149,-0.450717,-0.575005,0.816854,0.028609,0.036052
1540589502.301477432,-0.301723,8.629823,-0.447075,-0.573106,0.817961,0.032846,0.037560
1540589502.330836058,-0.311978,8.650851,-0.438777,-0.571522,0.818989,0.034006,0.038243
1540589502.365705490,-0.318866,8.678157,-0.431990,-0.570948,0.819547,0.031268,0.037194
1540589502.400736809,-0.323217,8.701218,-0.423507,-0.570534,0.820218,0.022326,0.035133
1540589502.433219433,-0.340042,8.712838,-0.415745,-0.570719,0.820496,0.008920,0.031418
1540589502.464468479,-0.351072,8.730146,-0.417518,-0.571281,0.820326,-0.005528,0.025919
1540589502.498947144,-0.342169,8.791441,-0.418615,-0.571092,0.820453,-0.016902,0.020647
1540589502.533713341,-0.339294,8.849736,-0.420719,-0.570153,0.821150,-0.017830,0.017880
1540589502.566867113,-0.348321,8.888155,-0.417826,-0.570348,0.821142,-0.012490,0.016510
1540589502.600347996,-0.355992,8.921559,-0.415032,-0.570856,0.820859,-0.010992,0.013899
1540589502.632522106,-0.361156,8.951321,-0.414678,-0.570530,0.821101,-0.013334,0.010500
1540589502.667141199,-0.367324,8.978042,-0.414364,-0.570901,0.820841,-0.015447,0.007295
1540589502.700388670,-0.368238,9.018744,-0.418272,-0.571889,0.820161,-0.016327,0.003480
1540589502.734557629,-0.367459,9.053687,-0.424773,-0.572404,0.819839,-0.014728,0.000925
1540589502.769684792,-0.371713,9.098395,-0.425033,-0.573373,0.819203,-0.012269,-0.000050
1540589502.802435398,-0.412846,9.119111,-0.434909,-0.574625,0.818328,-0.010475,-0.005930
1540589502.833076715,-0.405211,9.133086,-0.436474,-0.575125,0.817790,-0.019126,-0.009194
1540589502.866727591,-0.414840,9.181258,-0.446109,-0.575358,0.817195,-0.031092,-0.013695
1540589502.900420427,-0.412702,9.190698,-0.446596,-0.576207,0.816194,-0.038547,-0.018073
1540589502.934211016,-0.409992,9.198360,-0.447783,-0.577452,0.815390,-0.036106,-0.019610
1540589502.967695236,-0.409760,9.212933,-0.449971,-0.577866,0.815444,-0.028183,-0.018108
1540589503.000920534,-0.406378,9.222339,-0.451622,-0.576815,0.816401,-0.021581,-0.017560
1540589503.035215378,-0.409909,9.214683,-0.455610,-0.575630,0.817385,-0.014545,-0.017915
1540589503.068134546,-0.397398,9.188229,-0.455721,-0.574441,0.818256,-0.013386,-0.017201
1540589503.101958036,-0.375283,9.130332,-0.449991,-0.572724,0.819356,-0.017838,-0.018043
1540589503.136681080,-0.361095,9.072452,-0.442672,-0.571343,0.820228,-0.021177,-0.018580
1540589503.168744564,-0.355044,9.036480,-0.437357,-0.570703,0.820706,-0.020207,-0.018219
1540589503.202188730,-0.344630,9.001082,-0.431806,-0.570519,0.820994,-0.014560,-0.016284
1540589503.235887289,-0.324888,8.954545,-0.429488,-0.570777,0.820980,-0.006685,-0.012703
1540589503.269408464,-0.312966,8.952321,-0.436591,-0.571314,0.820675,-0.002910,-0.009167
1540589503.303765059,-0.296487,8.958142,-0.441985,-0.570897,0.820987,-0.003841,-0.006561
1540589503.338548660,-0.286955,8.988727,-0.444651,-0.571285,0.820700,-0.007711,-0.004968
1540589503.370184422,-0.287893,9.019243,-0.448086,-0.571824,0.820290,-0.011118,-0.004222
1540589503.404090643,-0.295431,9.051606,-0.450215,-0.571803,0.820304,-0.011608,-0.002773
1540589503.437394142,-0.308249,9.134575,-0.454655,-0.572341,0.819965,-0.008994,-0.001394
1540589503.471547365,-0.316594,9.188255,-0.456581,-0.572996,0.819550,-0.003606,-0.000389
1540589503.504955292,-0.322361,9.142517,-0.447604,-0.573998,0.818857,0.000290,-0.000314
1540589503.539213181,-0.327855,9.154343,-0.445093,-0.575256,0.817969,0.002067,-0.001758
1540589503.571695328,-0.331958,9.170654,-0.443135,-0.576170,0.817314,0.003632,-0.003410
1540589503.605653286,-0.336547,9.190261,-0.442294,-0.577226,0.816554,0.004341,-0.005512
1540589503.638558865,-0.343540,9.194636,-0.441518,-0.577809,0.816119,0.004773,-0.007956
1540589503.672432423,-0.351607,9.200243,-0.439666,-0.578156,0.815838,0.005449,-0.010716
1540589503.706977367,-0.358339,9.204764,-0.439081,-0.578609,0.815473,0.006340,-0.013218
1540589503.739258528,-0.354634,9.234554,-0.441839,-0.578232,0.815716,0.005323,-0.015068
1540589503.773946047,-0.351189,9.260687,-0.441342,-0.576749,0.816735,0.001066,-0.017449
1540589503.806979895,-0.355899,9.277847,-0.438267,-0.575106,0.817821,-0.003093,-0.020311
1540589503.839973211,-0.352094,9.328080,-0.435864,-0.573569,0.818837,-0.006637,-0.021925
1540589503.873559713,-0.355889,9.414341,-0.438454,-0.571683,0.820068,-0.011260,-0.023240
1540589503.907712936,-0.363742,9.460283,-0.434393,-0.569615,0.821252,-0.020767,-0.025537
1540589503.942058563,-0.367197,9.481654,-0.431373,-0.568572,0.821628,-0.030146,-0.027290
1540589503.974605083,-0.365688,9.514234,-0.432405,-0.568366,0.821628,-0.033760,-0.027351
1540589504.009058237,-0.366216,9.547518,-0.435865,-0.567703,0.822098,-0.034391,-0.026176
1540589504.042814255,-0.369892,9.565567,-0.435275,-0.567056,0.822523,-0.035699,-0.025055
1540589504.075359583,-0.373788,9.583156,-0.433312,-0.566203,0.823070,-0.037234,-0.024145
1540589504.109268188,-0.379737,9.602989,-0.429965,-0.565093,0.823765,-0.038851,-0.023912
1540589504.143404722,-0.385368,9.620164,-0.427094,-0.564941,0.823818,-0.040311,-0.023263
1540589504.176528454,-0.391814,9.637499,-0.427374,-0.564981,0.823817,-0.040210,-0.022462
1540589504.210770607,-0.398754,9.644706,-0.419587,-0.565038,0.823971,-0.036671,-0.021424
1540589504.243790865,-0.407535,9.641611,-0.408317,-0.566445,0.823360,-0.029145,-0.019216
1540589504.278188944,-0.414530,9.635166,-0.406697,-0.568113,0.822514,-0.020673,-0.017047
1540589504.310807467,-0.420757,9.613174,-0.416496,-0.569325,0.821877,-0.013525,-0.014327
1540589504.344429970,-0.423668,9.584209,-0.420429,-0.569851,0.821579,-0.011000,-0.012486
1540589504.377825737,-0.425999,9.554463,-0.418909,-0.570850,0.820825,-0.014689,-0.012721
1540589504.411504269,-0.419917,9.572184,-0.426842,-0.571610,0.820157,-0.020738,-0.013220
1540589504.445441723,-0.415521,9.559962,-0.429592,-0.572339,0.819465,-0.026956,-0.013398
1540589504.479176283,-0.412417,9.551254,-0.432482,-0.572802,0.818850,-0.034379,-0.014123
1540589504.512752295,-0.414522,9.588030,-0.436276,-0.572986,0.818425,-0.040352,-0.015471
1540589504.546458006,-0.419686,9.645247,-0.438859,-0.573503,0.817976,-0.041833,-0.016124
1540589504.579812527,-0.418163,9.677564,-0.442937,-0.574434,0.817349,-0.041163,-0.016467
1540589504.613344908,-0.412803,9.694044,-0.447404,-0.574299,0.817527,-0.039530,-0.016379
1540589504.646669626,-0.410619,9.751929,-0.450677,-0.573568,0.818271,-0.035147,-0.014756
1540589504.680282116,-0.407548,9.808692,-0.450075,-0.573272,0.818793,-0.027696,-0.013053
1540589504.714620590,-0.406963,9.862617,-0.449046,-0.572857,0.819433,-0.016439,-0.009743
1540589504.747680187,-0.403746,9.888470,-0.447480,-0.571905,0.820272,-0.005921,-0.006622
1540589504.781965017,-0.393101,9.877600,-0.446364,-0.571345,0.820694,-0.000159,-0.005060
1540589504.815690756,-0.390217,9.878804,-0.445189,-0.570942,0.820981,0.001693,-0.003718
1540589504.849092960,-0.383743,9.849606,-0.439541,-0.570167,0.821517,-0.000436,-0.004427
1540589504.881989956,-0.380487,9.858445,-0.433004,-0.570366,0.821342,-0.006698,-0.005922
1540589504.916190863,-0.368902,9.872106,-0.438960,-0.571172,0.820665,-0.015091,-0.006646
1540589504.949599266,-0.345241,9.810046,-0.439270,-0.570511,0.820938,-0.023020,-0.006940
1540589504.982928514,-0.344152,9.837388,-0.438192,-0.570092,0.821170,-0.025184,-0.006399
1540589505.016989231,-0.345156,9.876206,-0.441734,-0.571305,0.820481,-0.020162,-0.003943
1540589505.050986052,-0.344970,9.883463,-0.446090,-0.571588,0.820396,-0.015290,-0.001879
1540589505.101659775,-0.349422,9.924018,-0.448472,-0.571684,0.820294,-0.017149,-0.000827
1540589505.133227110,-0.351192,9.942567,-0.451106,-0.573101,0.819248,-0.019622,-0.001305
1540589505.166255713,-0.350040,9.945082,-0.455843,-0.574372,0.818351,-0.019922,-0.001596
1540589505.199193001,-0.350133,9.965652,-0.459632,-0.574859,0.818075,-0.017021,-0.000660
1540589505.233171701,-0.351351,9.981978,-0.460143,-0.576365,0.817087,-0.013146,-0.000329
1540589505.265659809,-0.354223,9.986187,-0.460704,-0.577740,0.816165,-0.009515,-0.000381
1540589505.299563408,-0.356226,9.996171,-0.462032,-0.578504,0.815651,-0.006811,-0.000236
1540589505.333127975,-0.359349,10.007404,-0.461882,-0.579165,0.815186,-0.006176,-0.001197
1540589505.366347313,-0.362759,10.021220,-0.463189,-0.580155,0.814484,-0.005573,-0.002155
1540589505.399506092,-0.367081,10.029977,-0.464736,-0.580495,0.814250,-0.004067,-0.002555
1540589505.433843613,-0.372712,10.036525,-0.464899,-0.580368,0.814345,-0.002114,-0.003214
1540589505.466124058,-0.379560,10.046421,-0.463668,-0.580021,0.814592,0.002574,-0.003147
1540589505.500373602,-0.383545,10.069038,-0.462407,-0.578909,0.815353,0.007714,-0.002096
1540589505.533230543,-0.384476,10.087807,-0.459787,-0.577255,0.816509,0.009420,-0.001143
1540589505.566437721,-0.389600,10.099393,-0.454408,-0.575440,0.817802,0.008264,-0.000858
1540589505.600372314,-0.399094,10.102468,-0.447478,-0.574302,0.818630,0.004522,-0.001102
1540589505.633126497,-0.404652,10.148863,-0.445163,-0.573100,0.819480,-0.002306,-0.001921
1540589505.667134285,-0.412466,10.210809,-0.444980,-0.571772,0.820336,-0.010793,-0.002959
1540589505.700390100,-0.418073,10.261406,-0.446482,-0.571180,0.820638,-0.017133,-0.003585
1540589505.735209942,-0.426352,10.301028,-0.449991,-0.571199,0.820491,-0.022483,-0.004574
1540589505.766188145,-0.428851,10.343284,-0.454970,-0.570675,0.820713,-0.027010,-0.005526
1540589505.800365686,-0.435909,10.370872,-0.457159,-0.569886,0.821166,-0.029622,-0.006229
1540589505.833236217,-0.444504,10.384807,-0.456485,-0.569800,0.821184,-0.030576,-0.007116
1540589505.867003441,-0.450154,10.398086,-0.458496,-0.569722,0.821209,-0.031054,-0.008223
1540589505.899787188,-0.455885,10.401929,-0.458291,-0.569365,0.821441,-0.031307,-0.008807
1540589505.934015274,-0.467197,10.391704,-0.453697,-0.569741,0.821157,-0.031380,-0.010537
1540589505.966640472,-0.475944,10.369581,-0.452941,-0.570745,0.820556,-0.028324,-0.011633
1540589505.999884605,-0.484055,10.353390,-0.449117,-0.570862,0.820634,-0.023132,-0.011881
1540589506.033747435,-0.489866,10.348141,-0.444479,-0.571900,0.820044,-0.017571,-0.012246
1540589506.066322088,-0.493487,10.349158,-0.445080,-0.573458,0.819067,-0.011442,-0.011995
1540589506.099769115,-0.491515,10.374565,-0.450090,-0.574286,0.818555,-0.006883,-0.010787
1540589506.133204937,-0.493485,10.398407,-0.452057,-0.574877,0.818142,-0.005113,-0.011560
1540589506.167137384,-0.493944,10.411434,-0.460581,-0.576107,0.817296,-0.001362,-0.011225
1540589506.199691534,-0.488311,10.429464,-0.467045,-0.576883,0.816772,0.001488,-0.009362
1540589506.233827353,-0.482946,10.441948,-0.469963,-0.577329,0.816453,-0.000809,-0.009748
1540589506.266483545,-0.481573,10.440274,-0.470297,-0.578102,0.815889,-0.003954,-0.010377
1540589506.300349712,-0.482235,10.448750,-0.471984,-0.578767,0.815409,-0.006136,-0.009945
1540589506.333459616,-0.485209,10.467055,-0.474782,-0.579066,0.815184,-0.007549,-0.010000
1540589506.366926670,-0.492487,10.510796,-0.476787,-0.579073,0.815215,-0.005138,-0.008499
1540589506.400381327,-0.500428,10.565412,-0.473972,-0.578985,0.815317,0.002116,-0.005486
1540589506.434052467,-0.503730,10.594271,-0.472184,-0.579047,0.815208,0.011693,-0.002067
1540589506.468008518,-0.498309,10.589070,-0.483418,-0.577900,0.815876,0.019361,0.001817
1540589506.499821901,-0.484223,10.611441,-0.486099,-0.576486,0.816870,0.019404,0.003433
1540589506.533879757,-0.467496,10.629926,-0.483768,-0.575920,0.817432,0.010651,0.002794
1540589506.566872597,-0.444342,10.617425,-0.476880,-0.575128,0.818052,-0.004348,0.000940
1540589506.601686954,-0.445907,10.681261,-0.480231,-0.573926,0.818633,-0.021034,-0.002589
1540589506.633667231,-0.458359,10.753231,-0.487267,-0.573545,0.818527,-0.032155,-0.005102
1540589506.666916847,-0.467715,10.798017,-0.492910,-0.573965,0.818064,-0.036062,-0.005823
1540589506.701282263,-0.464480,10.813262,-0.491369,-0.573948,0.818213,-0.033043,-0.004300
1540589506.734205246,-0.461306,10.791768,-0.486248,-0.574166,0.818405,-0.023325,-0.001295
1540589506.768094778,-0.454245,10.743863,-0.478704,-0.575003,0.818084,-0.009971,0.003253
1540589506.801751375,-0.467946,10.734065,-0.465059,-0.576169,0.817300,0.002748,0.006544
1540589506.835777521,-0.462228,10.771015,-0.475581,-0.576378,0.817049,0.010213,0.010765
1540589506.867586136,-0.457016,10.817518,-0.480955,-0.576084,0.817166,0.013269,0.013781
1540589506.901447058,-0.453366,10.852507,-0.483726,-0.576891,0.816563,0.013933,0.015073
1540589506.936495304,-0.445731,10.913301,-0.492323,-0.577616,0.816053,0.012007,0.016527
1540589506.969686508,-0.437505,10.967044,-0.493722,-0.577462,0.816245,0.004728,0.016090
1540589507.002967834,-0.438101,10.987581,-0.501250,-0.578133,0.815837,-0.004128,0.012479
1540589507.037011862,-0.438898,11.023696,-0.517476,-0.579074,0.815177,-0.009093,0.008805
1540589507.068117619,-0.441777,11.051226,-0.528888,-0.579192,0.815094,-0.011286,0.005489
1540589507.103011131,-0.440024,11.070684,-0.534529,-0.579413,0.814955,-0.010999,0.002766
1540589507.136044502,-0.440524,11.098723,-0.538838,-0.580437,0.814279,-0.006243,0.001691
1540589507.170231342,-0.443015,11.128793,-0.544288,-0.580488,0.814264,0.002268,0.001493
1540589507.203112841,-0.445545,11.145909,-0.541584,-0.580067,0.814496,0.010693,0.001714
1540589507.236843109,-0.474963,11.175582,-0.532060,-0.580243,0.814226,0.018840,-0.000217
1540589507.270155430,-0.462374,11.128807,-0.524254,-0.579439,0.814739,0.021204,-0.001031
1540589507.303128004,-0.457001,11.135141,-0.520050,-0.577702,0.815981,0.020856,-0.000795
1540589507.337241173,-0.459249,11.152074,-0.513788,-0.576274,0.817048,0.018362,-0.001748
1540589507.371708393,-0.458793,11.165706,-0.507447,-0.574973,0.818032,0.014744,-0.003609
1540589507.402345657,-0.455489,11.184255,-0.503712,-0.573939,0.818816,0.011088,-0.003459
1540589507.436565399,-0.470863,11.163576,-0.491381,-0.573822,0.818950,0.005087,-0.004850
1540589507.468945742,-0.471309,11.171445,-0.487902,-0.573257,0.819346,-0.002687,-0.006473
1540589507.502347231,-0.467282,11.193657,-0.486490,-0.573303,0.819209,-0.012251,-0.008379
1540589507.536784172,-0.461322,11.207795,-0.491924,-0.573219,0.819041,-0.021747,-0.010876
1540589507.569650412,-0.461107,11.208428,-0.491394,-0.572166,0.819556,-0.027974,-0.013130
1540589507.603317976,-0.464722,11.222943,-0.490672,-0.572075,0.819634,-0.027010,-0.014186
1540589507.637654781,-0.466503,11.236115,-0.489738,-0.571781,0.820060,-0.019516,-0.013709
1540589507.670612812,-0.468059,11.260154,-0.499874,-0.571822,0.820239,-0.009041,-0.012062
1540589507.703947544,-0.468049,11.279013,-0.493022,-0.572239,0.820017,-0.001152,-0.010683
1540589507.738562822,-0.459913,11.295531,-0.491892,-0.572818,0.819609,0.002533,-0.010649
1540589507.772070885,-0.440092,11.303911,-0.495690,-0.573678,0.819014,0.003472,-0.009870
1540589507.805517435,-0.421689,11.288617,-0.497405,-0.573838,0.818908,0.001279,-0.009938
1540589507.839074850,-0.412423,11.281438,-0.503476,-0.574017,0.818769,-0.002234,-0.010815
1540589507.873182297,-0.392832,11.280711,-0.504633,-0.574788,0.818215,-0.007278,-0.009530
1540589507.906319380,-0.385596,11.292601,-0.503541,-0.575538,0.817621,-0.012370,-0.010004
1540589507.941853046,-0.378040,11.306252,-0.504651,-0.576547,0.816858,-0.015909,-0.009149
1540589507.974647760,-0.369282,11.317943,-0.506806,-0.577063,0.816455,-0.018688,-0.007077
1540589508.006793976,-0.363445,11.334300,-0.507195,-0.577461,0.816131,-0.020994,-0.005317
1540589508.041585922,-0.362728,11.359613,-0.505917,-0.578028,0.815753,-0.020579,-0.002735
1540589508.074020624,-0.364419,11.378752,-0.504069,-0.578011,0.815852,-0.016956,0.001259
1540589508.108252048,-0.367030,11.410119,-0.500384,-0.577750,0.816114,-0.011099,0.006390
1540589508.141706228,-0.370573,11.430633,-0.495143,-0.576794,0.816807,-0.002319,0.011332
1540589508.175135612,-0.370092,11.448215,-0.499084,-0.575717,0.817448,0.007334,0.016591
1540589508.209194899,-0.362947,11.481995,-0.502676,-0.575035,0.817767,0.012593,0.020808
1540589508.242227554,-0.359009,11.528656,-0.509519,-0.574132,0.818424,0.007604,0.022299
1540589508.275618076,-0.351009,11.567610,-0.515860,-0.573666,0.818785,-0.005364,0.021651
1540589508.309612513,-0.342167,11.593011,-0.517958,-0.573562,0.818681,-0.019593,0.020135
1540589508.343283653,-0.349567,11.629993,-0.516427,-0.574191,0.817935,-0.030894,0.018237
1540589508.377123833,-0.342224,11.630951,-0.517611,-0.574711,0.817477,-0.033366,0.018066
1540589508.410453796,-0.339137,11.658988,-0.520535,-0.574937,0.817675,-0.020428,0.020934
1540589508.443802357,-0.342882,11.686135,-0.516366,-0.574609,0.818039,0.000857,0.025217
1540589508.477794886,-0.349972,11.703865,-0.510610,-0.575282,0.817328,0.016648,0.027334
1540589508.511317492,-0.348704,11.722865,-0.506112,-0.575928,0.816890,0.018309,0.025748
1540589508.546297312,-0.345304,11.744101,-0.506352,-0.576165,0.817075,0.005643,0.019737
1540589508.577959299,-0.350153,11.767867,-0.518145,-0.576604,0.816870,-0.007639,0.013880
1540589508.613235950,-0.348538,11.787372,-0.522388,-0.577698,0.816043,-0.016209,0.008721
1540589508.645514488,-0.362330,11.794252,-0.543956,-0.577843,0.816005,-0.014543,0.004678
1540589508.679049253,-0.378891,11.808044,-0.552701,-0.578098,0.815930,-0.007198,0.002912
1540589508.713424921,-0.394159,11.822630,-0.554810,-0.579163,0.815209,0.001733,0.001235
1540589508.745556831,-0.410329,11.836158,-0.555010,-0.579697,0.814778,0.009447,-0.000383
1540589508.779654264,-0.405436,11.854846,-0.557881,-0.579831,0.814604,0.014677,-0.001026
1540589508.813323021,-0.399167,11.874600,-0.560506,-0.580580,0.814050,0.015525,-0.002929
1540589508.846490145,-0.395812,11.894798,-0.563723,-0.580761,0.813927,0.014559,-0.005290
1540589508.880383015,-0.401547,11.912086,-0.564799,-0.580126,0.814352,0.015492,-0.006699
1540589508.915772676,-0.404653,11.933641,-0.566760,-0.579735,0.814525,0.020183,-0.006991
1540589508.949840546,-0.409049,11.956990,-0.567888,-0.578806,0.814960,0.028174,-0.005549
1540589508.981864452,-0.416147,11.973584,-0.563242,-0.576979,0.815932,0.036483,-0.004416
1540589509.015515566,-0.411355,11.992382,-0.568778,-0.575611,0.816447,0.045612,-0.002264
1540589509.050930023,-0.401607,12.012744,-0.577762,-0.574720,0.816890,0.048862,-0.000546
1540589509.082613230,-0.404635,12.033050,-0.578957,-0.574025,0.817673,0.043631,-0.001494
1540589509.116085291,-0.405250,12.049604,-0.583381,-0.573968,0.818253,0.031792,-0.003501
1540589509.150053740,-0.386496,12.071663,-0.580656,-0.573741,0.818867,0.015713,-0.005614
1540589509.182856798,-0.389054,12.088303,-0.578308,-0.573121,0.819420,0.006195,-0.006687
1540589509.217432976,-0.401068,12.107139,-0.578228,-0.572605,0.819798,0.003071,-0.006662
1540589509.250139236,-0.405758,12.125921,-0.578886,-0.572618,0.819797,0.001900,-0.006171
1540589509.283787727,-0.401818,12.141282,-0.582166,-0.572555,0.819854,0.001137,-0.004375
1540589509.317347765,-0.396059,12.154261,-0.585238,-0.571928,0.820300,-0.001180,-0.002469
1540589509.350702763,-0.394792,12.168840,-0.587647,-0.572145,0.820140,-0.004129,-0.001674
1540589509.386915207,-0.394280,12.185734,-0.589365,-0.572829,0.819649,-0.006455,-0.000337
1540589509.418520927,-0.387437,12.195791,-0.593109,-0.573564,0.819110,-0.009075,0.001247
1540589509.455227375,-0.389599,12.213819,-0.594830,-0.573730,0.818952,-0.012090,0.002351
1540589509.502512932,-0.400207,12.249228,-0.593813,-0.575487,0.817697,-0.013140,0.003699
1540589509.553564310,-0.398649,12.275765,-0.595660,-0.576725,0.816828,-0.012129,0.005696
1540589509.604143620,-0.394520,12.303877,-0.598631,-0.577995,0.815941,-0.010494,0.007253
1540589509.639018774,-0.384202,12.320488,-0.600732,-0.578439,0.815645,-0.005199,0.010184
1540589509.704133987,-0.373644,12.353327,-0.600443,-0.577110,0.816485,0.008623,0.014895
1540589509.738419771,-0.374767,12.373588,-0.595512,-0.576543,0.816799,0.013354,0.016103
1540589509.804222584,-0.371850,12.413316,-0.592304,-0.573930,0.818822,-0.000265,0.011567
1540589509.835625648,-0.372430,12.430746,-0.590492,-0.574330,0.818558,-0.002411,0.010087
1540589509.869066954,-0.369346,12.449580,-0.590414,-0.574004,0.818805,-0.001475,0.008698
1540589509.903024673,-0.367317,12.468715,-0.591139,-0.573590,0.819113,-0.001530,0.006798
1540589509.935707569,-0.361962,12.487555,-0.590595,-0.574269,0.818649,0.001393,0.005219
1540589509.969649553,-0.355568,12.505069,-0.588719,-0.573923,0.818858,0.007894,0.004594
1540589510.002438545,-0.359281,12.519813,-0.585194,-0.573806,0.818923,0.010301,0.002510
1540589510.036715269,-0.364406,12.537260,-0.584312,-0.573989,0.818835,0.006564,-0.001588
1540589510.069417953,-0.370100,12.552690,-0.586114,-0.573799,0.818974,0.001606,-0.005689
1540589510.101922989,-0.378318,12.566361,-0.586925,-0.573601,0.819080,-0.001928,-0.009286
1540589510.136020184,-0.383605,12.581063,-0.587172,-0.574217,0.818600,-0.002240,-0.012764
1540589510.168838501,-0.386699,12.595186,-0.586475,-0.574679,0.818239,0.000264,-0.015146
1540589510.202239513,-0.390016,12.609875,-0.587316,-0.575203,0.817826,0.003730,-0.016985
1540589510.236127853,-0.393069,12.624576,-0.586103,-0.575997,0.817203,0.007112,-0.018844
1540589510.269129515,-0.396948,12.640817,-0.587486,-0.576935,0.816447,0.011145,-0.020901
1540589510.302286625,-0.399846,12.660308,-0.591489,-0.576973,0.816309,0.016067,-0.021992
1540589510.335527658,-0.406827,12.677376,-0.596243,-0.576675,0.816394,0.021677,-0.021865
1540589510.369400501,-0.413800,12.697489,-0.601204,-0.576376,0.816482,0.026067,-0.021643
1540589510.402037382,-0.416535,12.722819,-0.611589,-0.574816,0.817487,0.029588,-0.020644
1540589510.435624838,-0.416514,12.746840,-0.621278,-0.572871,0.818843,0.031375,-0.018162
1540589510.469484568,-0.416525,12.771176,-0.630856,-0.570780,0.820393,0.030180,-0.015923
1540589510.502413988,-0.413158,12.788177,-0.641280,-0.568448,0.822125,0.028525,-0.012795
1540589510.537080050,-0.403959,12.799582,-0.651204,-0.566509,0.823622,0.025114,-0.009131
1540589510.569571257,-0.391961,12.809960,-0.663342,-0.565075,0.824791,0.019272,-0.006221
1540589510.603461027,-0.384117,12.828950,-0.668858,-0.564429,0.825402,0.011019,-0.003168
1540589510.636605978,-0.380118,12.852931,-0.670567,-0.564466,0.825455,0.001024,-0.000452
1540589510.669240952,-0.383546,12.870236,-0.672751,-0.564244,0.825578,-0.006895,0.001489
1540589510.702763319,-0.393581,12.889430,-0.672756,-0.563879,0.825800,-0.008427,0.004872
1540589510.736140728,-0.403875,12.905747,-0.669571,-0.564262,0.825525,-0.006058,0.008970
1540589510.769324780,-0.408622,12.921002,-0.668909,-0.564159,0.825559,-0.004206,0.012588
1540589510.802630424,-0.405118,12.935758,-0.671132,-0.563789,0.825735,-0.002366,0.017258
1540589510.836888313,-0.400521,12.951429,-0.673291,-0.564224,0.825323,-0.000525,0.022181
1540589510.869725466,-0.397256,12.966179,-0.676142,-0.565097,0.824617,0.000540,0.025920
1540589510.903380394,-0.391944,12.981406,-0.680230,-0.565476,0.824206,0.002151,0.030260
1540589510.937142134,-0.384271,12.998171,-0.683646,-0.565834,0.823791,0.003218,0.034501
1540589510.971003771,-0.372765,13.012551,-0.688667,-0.567124,0.822738,0.002695,0.038293
1540589511.002707005,-0.351686,13.023662,-0.693782,-0.567988,0.822013,-0.002183,0.040967
1540589511.036504984,-0.332292,13.038884,-0.694717,-0.568635,0.821411,-0.012268,0.042284
1540589511.069773912,-0.325082,13.057338,-0.694135,-0.569883,0.820301,-0.023090,0.042499
1540589511.103129387,-0.336532,13.080479,-0.699998,-0.570397,0.819751,-0.030714,0.041387
1540589511.136568785,-0.352415,13.101982,-0.707943,-0.570749,0.819465,-0.032582,0.040757
1540589511.169906616,-0.371032,13.125315,-0.714769,-0.571243,0.819233,-0.029587,0.040778
1540589511.203188896,-0.380857,13.141037,-0.720483,-0.571630,0.819157,-0.025088,0.039899
1540589511.236361742,-0.381772,13.154478,-0.726272,-0.571657,0.819285,-0.021554,0.038942
1540589511.270433903,-0.380532,13.168547,-0.732198,-0.571805,0.819346,-0.019473,0.036494
1540589511.303275108,-0.380251,13.179702,-0.738052,-0.571158,0.819950,-0.017125,0.034181
1540589511.339519978,-0.377544,13.195142,-0.741391,-0.570666,0.820435,-0.014793,0.031746
1540589511.370635509,-0.381378,13.205902,-0.745545,-0.570605,0.820612,-0.013147,0.028875
1540589511.402911663,-0.383590,13.221600,-0.748777,-0.570963,0.820507,-0.011900,0.025080
1540589511.438380718,-0.384837,13.240623,-0.750865,-0.569845,0.821400,-0.010952,0.021430
1540589511.471630335,-0.392793,13.253755,-0.756077,-0.569876,0.821470,-0.010067,0.018074
1540589511.504637957,-0.397581,13.267612,-0.759511,-0.570437,0.821177,-0.007987,0.014333
1540589511.538005114,-0.404760,13.285395,-0.760307,-0.569505,0.821889,-0.004128,0.012026
1540589511.571900129,-0.410863,13.301996,-0.760411,-0.569255,0.822104,-0.002184,0.009429
1540589511.606364012,-0.415812,13.321113,-0.759999,-0.569910,0.821685,-0.001693,0.005817
1540589511.639022350,-0.422841,13.337991,-0.761892,-0.569698,0.821849,-0.000030,0.002933
1540589511.671575546,-0.436536,13.351151,-0.765750,-0.569260,0.822153,0.002761,-0.000101
1540589511.705371857,-0.448283,13.364371,-0.768376,-0.569495,0.821963,0.006412,-0.003229
1540589511.737233400,-0.454868,13.380333,-0.769354,-0.570242,0.821392,0.010119,-0.006001
1540589511.771736383,-0.459046,13.399164,-0.769959,-0.570006,0.821495,0.012553,-0.009102
1540589511.806032658,-0.465263,13.416379,-0.771910,-0.570059,0.821397,0.013906,-0.012097
1540589511.838943481,-0.465157,13.436706,-0.771898,-0.571440,0.820377,0.015036,-0.014544
1540589511.872241020,-0.467322,13.457289,-0.773531,-0.571667,0.820169,0.015008,-0.017155
1540589511.906337500,-0.476744,13.477825,-0.778037,-0.571958,0.819909,0.016245,-0.018681
1540589511.937918425,-0.486859,13.497438,-0.779820,-0.573349,0.818827,0.020926,-0.018857
1540589511.971141577,-0.493319,13.522723,-0.781802,-0.573691,0.818417,0.027597,-0.017619
1540589512.005103111,-0.492153,13.552800,-0.789715,-0.573389,0.818495,0.032283,-0.015765
1540589512.040940523,-0.487902,13.585813,-0.797115,-0.572910,0.818852,0.032412,-0.014330
1540589512.075721979,-0.484984,13.613835,-0.798433,-0.571990,0.819632,0.029498,-0.012658
1540589512.105720758,-0.478476,13.637947,-0.796871,-0.570615,0.820774,0.024732,-0.010769
1540589512.139724255,-0.458715,13.662794,-0.800357,-0.569022,0.822051,0.019713,-0.007606
1540589512.172532558,-0.450508,13.678181,-0.807377,-0.567717,0.822976,0.019928,-0.003169
1540589512.206645966,-0.442361,13.703357,-0.811111,-0.566427,0.823832,0.021254,0.003222
1540589512.240486622,-0.422354,13.727713,-0.816292,-0.565241,0.824670,0.018350,0.009185
1540589512.274040937,-0.419151,13.750362,-0.815674,-0.564748,0.825079,0.010293,0.014102
1540589512.308048487,-0.398755,13.771721,-0.814031,-0.564913,0.824928,-0.006791,0.017885
1540589512.342024565,-0.372109,13.791641,-0.805843,-0.564267,0.824887,-0.027993,0.019523
1540589512.374318123,-0.360887,13.812212,-0.800608,-0.563754,0.824558,-0.042963,0.020967
1540589512.408013582,-0.381923,13.830272,-0.802612,-0.563502,0.824352,-0.049076,0.022366
1540589512.443786144,-0.390605,13.848404,-0.800697,-0.563028,0.824590,-0.049430,0.024655
1540589512.475425005,-0.392840,13.862471,-0.802455,-0.562737,0.825028,-0.043203,0.028092
1540589512.509480715,-0.422936,13.883954,-0.795489,-0.563223,0.825150,-0.030339,0.031418
1540589512.542987347,-0.459233,13.909410,-0.777704,-0.564077,0.824861,-0.018199,0.033012
1540589512.577018023,-0.478440,13.929822,-0.766668,-0.564692,0.824531,-0.010190,0.034178
1540589512.610186338,-0.466677,13.944933,-0.766069,-0.565336,0.824074,-0.008772,0.034940
1540589512.643537283,-0.462369,13.959951,-0.767076,-0.566804,0.823113,-0.010667,0.033242
1540589512.677273512,-0.463296,13.974814,-0.769688,-0.568167,0.822235,-0.011707,0.031297
1540589512.710992098,-0.465327,13.989150,-0.773581,-0.569432,0.821441,-0.012695,0.028657
1540589512.746038198,-0.476315,14.012502,-0.778930,-0.570619,0.820721,-0.014820,0.024302
1540589512.778233290,-0.486704,14.031199,-0.785131,-0.572433,0.819547,-0.015413,0.020637
1540589512.811300278,-0.491936,14.048542,-0.792232,-0.573797,0.818695,-0.015076,0.016392
1540589512.845229149,-0.505150,14.070341,-0.799952,-0.574410,0.818376,-0.013526,0.011486
1540589512.878523588,-0.511173,14.091575,-0.803526,-0.575623,0.817609,-0.010973,0.007292
1540589512.913372040,-0.500513,14.114534,-0.800739,-0.576054,0.817335,-0.010958,0.002262
1540589512.945764303,-0.500317,14.136913,-0.799087,-0.574546,0.818348,-0.013982,-0.002818
1540589512.980010271,-0.503862,14.160588,-0.796806,-0.573737,0.818824,-0.017066,-0.007896
1540589513.013537407,-0.505721,14.187476,-0.793601,-0.572670,0.819452,-0.019484,-0.012951
1540589513.047199011,-0.506867,14.215706,-0.791217,-0.571297,0.820269,-0.021660,-0.017586
1540589513.080710173,-0.513975,14.237466,-0.792462,-0.570235,0.820876,-0.023063,-0.021531
1540589513.114582300,-0.518066,14.260688,-0.795200,-0.569886,0.821045,-0.021860,-0.025238
1540589513.148224354,-0.522336,14.283751,-0.798956,-0.569742,0.821163,-0.017891,-0.027661
1540589513.181953907,-0.525479,14.302046,-0.802998,-0.569930,0.821104,-0.011056,-0.029088
1540589513.214773178,-0.530657,14.319367,-0.804127,-0.570364,0.820897,0.000157,-0.028494
1540589513.249034643,-0.535985,14.343311,-0.804903,-0.570273,0.820916,0.010310,-0.027938
1540589513.281888723,-0.531872,14.367982,-0.810433,-0.569889,0.821108,0.013554,-0.028717
1540589513.315146685,-0.524021,14.392000,-0.814841,-0.570005,0.821056,0.012510,-0.028364
1540589513.349171162,-0.521023,14.409501,-0.818961,-0.569419,0.821467,0.008928,-0.029563
1540589513.385167122,-0.518158,14.431872,-0.823069,-0.569274,0.821549,0.008726,-0.030146
1540589513.416533232,-0.516583,14.451257,-0.828738,-0.570060,0.821023,0.012608,-0.028186
1540589513.450011969,-0.510726,14.464837,-0.838436,-0.570821,0.820505,0.015644,-0.026283
1540589513.483623981,-0.507529,14.478028,-0.844723,-0.571120,0.820347,0.016055,-0.024406
1540589513.519212484,-0.506855,14.496440,-0.850759,-0.571490,0.820240,0.011234,-0.021896
1540589513.550217390,-0.502456,14.500002,-0.855130,-0.571700,0.820174,0.003224,-0.021539
1540589513.585189581,-0.495466,14.504559,-0.856362,-0.571676,0.820213,-0.005248,-0.020240
1540589513.618104458,-0.478138,14.498883,-0.858935,-0.571713,0.820190,-0.010985,-0.017634
1540589513.653570652,-0.458908,14.506950,-0.863597,-0.572028,0.820002,-0.014131,-0.013458
1540589513.685076237,-0.463423,14.510929,-0.873255,-0.571555,0.820414,-0.012314,-0.009721
1540589513.719254494,-0.472058,14.528601,-0.872527,-0.570633,0.821155,-0.007405,-0.005145
1540589513.752713680,-0.480672,14.552221,-0.872153,-0.569988,0.821652,-0.001436,0.000093
1540589513.786599159,-0.485659,14.583699,-0.871004,-0.568814,0.822441,0.003337,0.005527
1540589513.821035624,-0.475017,14.610995,-0.871453,-0.567162,0.823518,0.005599,0.010674
1540589513.853202105,-0.466396,14.633457,-0.871385,-0.566334,0.824031,0.005053,0.014604
1540589513.886955023,-0.459145,14.664600,-0.874387,-0.566261,0.824031,-0.000334,0.017927
1540589513.921687365,-0.453177,14.690613,-0.878806,-0.565921,0.824166,-0.009561,0.019819
1540589513.990741014,-0.442864,14.734369,-0.882215,-0.566170,0.823614,-0.022946,0.024213
1540589514.021170855,-0.449561,14.752949,-0.882841,-0.565633,0.823904,-0.023791,0.025995
1540589514.055570841,-0.449600,14.769856,-0.882991,-0.565592,0.823861,-0.024079,0.027900
1540589514.088687181,-0.445463,14.786525,-0.882346,-0.565687,0.823695,-0.025692,0.029420
1540589514.122547626,-0.438330,14.798917,-0.882735,-0.565876,0.823422,-0.029542,0.029801
1540589514.173603296,-0.454532,14.831227,-0.889366,-0.566212,0.823022,-0.035803,0.027505
1540589514.205711126,-0.461270,14.849468,-0.893166,-0.567603,0.822052,-0.037651,0.025291
1540589514.238482714,-0.464211,14.863986,-0.896687,-0.568203,0.821696,-0.037133,0.024145
1540589514.272175312,-0.466931,14.884267,-0.901191,-0.569060,0.821177,-0.036649,0.022259
1540589514.304786682,-0.466201,14.901483,-0.905042,-0.570528,0.820321,-0.033944,0.020476
1540589514.338767290,-0.463836,14.918657,-0.908860,-0.571532,0.819849,-0.028772,0.019270
1540589514.372374296,-0.462890,14.936438,-0.912612,-0.572661,0.819231,-0.025159,0.016920
1540589514.404989481,-0.464469,14.954411,-0.916395,-0.574014,0.818393,-0.023668,0.013412
1540589514.438817263,-0.464501,14.971637,-0.920193,-0.574953,0.817793,-0.023507,0.009543
1540589514.471550226,-0.464143,14.987588,-0.924757,-0.575590,0.817369,-0.023946,0.005530
1540589514.505345345,-0.466297,15.009520,-0.928772,-0.575397,0.817506,-0.024522,0.000509
1540589514.538522243,-0.463945,15.030488,-0.930285,-0.575508,0.817500,-0.021799,-0.002965
1540589514.571956635,-0.462553,15.052478,-0.930545,-0.574743,0.818135,-0.017107,-0.005761
1540589514.605816126,-0.461651,15.071447,-0.929408,-0.573137,0.819326,-0.012344,-0.008165
1540589514.638820410,-0.469111,15.081158,-0.926013,-0.571804,0.820271,-0.008892,-0.010799
1540589514.672589064,-0.477438,15.102114,-0.922665,-0.571749,0.820232,-0.009659,-0.015149
1540589514.705367804,-0.480230,15.130811,-0.923909,-0.570435,0.821018,-0.012926,-0.019148
1540589514.738520622,-0.483435,15.148946,-0.924815,-0.568997,0.821891,-0.014853,-0.022729
1540589514.771666527,-0.478495,15.168862,-0.925874,-0.569546,0.821510,-0.010947,-0.024867
1540589514.805401802,-0.473062,15.189585,-0.929207,-0.569948,0.821334,0.000293,-0.023879
1540589514.838425636,-0.473545,15.216723,-0.931990,-0.569153,0.821843,0.009357,-0.023486
1540589514.872274876,-0.469047,15.240709,-0.932817,-0.569168,0.821817,0.008554,-0.024325
1540589514.905307055,-0.457248,15.259486,-0.933833,-0.569013,0.821913,-0.001778,-0.026101
1540589514.938889742,-0.446116,15.277381,-0.924977,-0.567282,0.822805,-0.018019,-0.029294
1540589514.971754551,-0.446523,15.296955,-0.916767,-0.567115,0.822485,-0.030437,-0.031190
1540589515.005350113,-0.452105,15.313797,-0.914953,-0.567950,0.821843,-0.033042,-0.030255
1540589515.038505554,-0.458021,15.337476,-0.914611,-0.568736,0.821594,-0.027951,-0.027232
1540589515.074610949,-0.460905,15.348280,-0.920400,-0.570261,0.820851,-0.022409,-0.022428
1540589515.105471849,-0.455949,15.357497,-0.929834,-0.571324,0.820233,-0.021558,-0.018504
1540589515.140089512,-0.451275,15.374267,-0.935815,-0.571515,0.820124,-0.023521,-0.014612
1540589515.172793388,-0.448466,15.397499,-0.939587,-0.572106,0.819703,-0.025768,-0.010801
1540589515.205369711,-0.450996,15.416439,-0.943494,-0.573223,0.818971,-0.025663,-0.006636
1540589515.238638878,-0.453969,15.436524,-0.945796,-0.573476,0.818896,-0.023051,-0.001872
1540589515.272965670,-0.458273,15.457510,-0.946691,-0.573771,0.818811,-0.018024,0.003316
1540589515.305826187,-0.464081,15.476922,-0.948943,-0.573789,0.818868,-0.011930,0.008935
1540589515.339043856,-0.466259,15.497805,-0.952924,-0.572852,0.819509,-0.006545,0.014264
1540589515.373585463,-0.468402,15.522204,-0.954686,-0.571679,0.820254,-0.002375,0.018990
1540589515.405936718,-0.475770,15.544056,-0.953370,-0.570464,0.820987,0.002528,0.023335
1540589515.438649416,-0.476800,15.562890,-0.953463,-0.568835,0.821948,0.008055,0.027635
1540589515.472652912,-0.476072,15.579827,-0.956604,-0.567922,0.822424,0.011221,0.030942
1540589515.505721569,-0.462979,15.605916,-0.963700,-0.567030,0.822963,0.009353,0.033474
1540589515.538947821,-0.452149,15.632973,-0.968151,-0.566783,0.823156,0.001823,0.034192
1540589515.573395014,-0.450268,15.655695,-0.969912,-0.566277,0.823493,-0.008755,0.033356
1540589515.607425690,-0.461979,15.667658,-0.972865,-0.566319,0.823422,-0.015078,0.032132
1540589515.639283419,-0.479543,15.660527,-0.972060,-0.566115,0.823590,-0.013961,0.031899
1540589515.672106028,-0.500168,15.653283,-0.968684,-0.565751,0.823911,-0.009191,0.031823
1540589515.705753326,-0.510824,15.655994,-0.966837,-0.565986,0.823799,-0.005370,0.031391
1540589515.739473343,-0.516379,15.675001,-0.968416,-0.565829,0.823956,-0.003259,0.030389
1540589515.773643732,-0.520129,15.690184,-0.970805,-0.565956,0.823935,-0.002423,0.028619
1540589515.808582783,-0.521494,15.709675,-0.974086,-0.566868,0.823383,-0.001681,0.026419
1540589515.841034889,-0.525155,15.724970,-0.977142,-0.567698,0.822870,-0.001150,0.024530
1540589515.873012781,-0.531927,15.725499,-0.980170,-0.568567,0.822338,0.000064,0.022167
1540589515.905981779,-0.539025,15.729519,-0.983365,-0.569564,0.821682,0.004575,0.020372
1540589515.938892126,-0.539544,15.751125,-0.986958,-0.570103,0.821304,0.008930,0.019031
1540589515.973913670,-0.540321,15.784612,-0.990220,-0.570940,0.820790,0.009037,0.015778
1540589516.005424023,-0.536976,15.811446,-0.991368,-0.571983,0.820156,0.006251,0.011833
1540589516.039071560,-0.532796,15.837028,-0.992934,-0.572645,0.819763,0.002484,0.007698
1540589516.072352171,-0.525673,15.854561,-0.992842,-0.573655,0.819090,-0.001097,0.003365
1540589516.106501341,-0.515321,15.870482,-0.993894,-0.574503,0.818496,-0.002996,-0.001242
1540589516.141657352,-0.509207,15.890879,-0.996351,-0.574138,0.818747,-0.000303,-0.004406
1540589516.173582077,-0.508974,15.909982,-0.998971,-0.573438,0.819214,0.002603,-0.007080
1540589516.205710888,-0.514763,15.932294,-0.997956,-0.573254,0.819292,0.006079,-0.010176
1540589516.239325285,-0.523611,15.959610,-0.995722,-0.571989,0.820056,0.013423,-0.012513
1540589516.273525476,-0.532081,15.988739,-0.997883,-0.570702,0.820806,0.018503,-0.015301
1540589516.308626413,-0.538591,16.020691,-0.999735,-0.569908,0.821276,0.018822,-0.018872
1540589516.343621731,-0.548467,16.047710,-1.003870,-0.568798,0.821959,0.018689,-0.022413
1540589516.375490665,-0.560420,16.065694,-1.008934,-0.567925,0.822488,0.017471,-0.025864
1540589516.408726454,-0.555398,16.086068,-1.008805,-0.568224,0.822215,0.016200,-0.028678
1540589516.441668034,-0.552953,16.105282,-1.007090,-0.567594,0.822551,0.019168,-0.029660
1540589516.476368904,-0.550251,16.127228,-1.010196,-0.567035,0.822819,0.020906,-0.031666
1540589516.509063959,-0.545628,16.149129,-1.015625,-0.566816,0.822895,0.021264,-0.033340
1540589516.541173220,-0.544259,16.171586,-1.018967,-0.566183,0.823298,0.021712,-0.033842
1540589516.574505806,-0.543961,16.192736,-1.020691,-0.565365,0.823805,0.021300,-0.035418
1540589516.608203888,-0.542654,16.213053,-1.025793,-0.565664,0.823541,0.021060,-0.036884
1540589516.641789436,-0.542684,16.233526,-1.031035,-0.565473,0.823655,0.020402,-0.037644
1540589516.675702572,-0.541653,16.251828,-1.040491,-0.565051,0.823925,0.018180,-0.039165
1540589516.708636045,-0.541676,16.268962,-1.050552,-0.564745,0.824160,0.014137,-0.040295
1540589516.742398500,-0.543206,16.302991,-1.043788,-0.565279,0.823819,0.010041,-0.040992
1540589516.776637316,-0.543542,16.342665,-1.037248,-0.565257,0.823870,0.009677,-0.040355
1540589516.809969664,-0.543418,16.368125,-1.032857,-0.566365,0.823169,0.012553,-0.038283
1540589516.845058680,-0.544480,16.394791,-1.030582,-0.567307,0.822539,0.018269,-0.035480
1540589516.880537033,-0.543229,16.420503,-1.051958,-0.567756,0.822230,0.024447,-0.031517
1540589516.910359621,-0.540044,16.440464,-1.076435,-0.567623,0.822378,0.026860,-0.027897
1540589516.945099354,-0.540952,16.455720,-1.090100,-0.567914,0.822279,0.027168,-0.024356
1540589516.978173256,-0.544735,16.469020,-1.102216,-0.567381,0.822740,0.027223,-0.020901
1540589517.011486530,-0.548704,16.473395,-1.123934,-0.566435,0.823476,0.027147,-0.017368
1540589517.044835329,-0.553978,16.498906,-1.125276,-0.565847,0.824002,0.025448,-0.013788
1540589517.078110695,-0.561653,16.543164,-1.110916,-0.565440,0.824377,0.024032,-0.010124
1540589517.112559319,-0.566517,16.577363,-1.101830,-0.563743,0.825544,0.025364,-0.005278
1540589517.145600319,-0.568282,16.594339,-1.104683,-0.562446,0.826375,0.027549,-0.000263
1540589517.180333614,-0.577931,16.613927,-1.109080,-0.562309,0.826510,0.026060,0.003188
1540589517.219618320,-0.588559,16.643049,-1.102794,-0.561827,0.827049,0.017574,0.005615
1540589517.283674002,-0.595807,16.701669,-1.087215,-0.562636,0.826670,-0.002865,0.006988
1540589517.315129042,-0.599936,16.722834,-1.087083,-0.562154,0.826973,-0.005140,0.008507
1540589517.347435713,-0.608210,16.743275,-1.085517,-0.562239,0.826892,-0.000827,0.011695
1540589517.383239031,-0.613990,16.761035,-1.081816,-0.562084,0.826947,0.004238,0.014207
1540589517.415294170,-0.615973,16.775456,-1.080659,-0.561718,0.827138,0.007529,0.016101
1540589517.448557615,-0.618236,16.786582,-1.076075,-0.562082,0.826839,0.009336,0.017740
1540589517.482314587,-0.621817,16.801436,-1.073671,-0.562319,0.826681,0.008292,0.018095
1540589517.516005278,-0.630000,16.821013,-1.072068,-0.563038,0.826207,0.006611,0.018038
1540589517.552618742,-0.639877,16.844293,-1.072268,-0.563719,0.825750,0.006399,0.017816
1540589517.582108021,-0.643778,16.867759,-1.077357,-0.564353,0.825311,0.007027,0.017854
1540589517.616997957,-0.644648,16.886495,-1.077250,-0.565555,0.824491,0.006712,0.017792
1540589517.650263786,-0.647871,16.911520,-1.081402,-0.566261,0.824044,0.004804,0.016658
1540589517.683004856,-0.650201,16.931882,-1.085433,-0.567347,0.823310,0.005704,0.015645
1540589517.717427731,-0.647977,16.952228,-1.091881,-0.567872,0.822911,0.008853,0.016132
1540589517.750515223,-0.646056,16.967190,-1.095434,-0.568964,0.822168,0.009147,0.015331
1540589517.784623146,-0.643711,16.985054,-1.096358,-0.570300,0.821287,0.007681,0.013654
1540589517.818590403,-0.642413,17.010586,-1.101177,-0.570799,0.820977,0.005901,0.012255
1540589517.850983143,-0.640143,17.040481,-1.107130,-0.571109,0.820777,0.005762,0.011225
1540589517.885377407,-0.636932,17.072061,-1.108875,-0.571706,0.820362,0.007699,0.009993
1540589517.918690920,-0.636000,17.105569,-1.110189,-0.571374,0.820573,0.010167,0.009374
1540589517.953016996,-0.638019,17.131894,-1.111253,-0.570705,0.820982,0.014108,0.009211
1540589517.985989571,-0.642310,17.163584,-1.109325,-0.570443,0.821072,0.018917,0.008803
1540589518.019489288,-0.646884,17.204281,-1.107420,-0.570002,0.821301,0.022033,0.008780
1540589518.052987099,-0.646548,17.232315,-1.107289,-0.569829,0.821467,0.020613,0.007832
1540589518.086255550,-0.643204,17.267514,-1.109297,-0.569388,0.821842,0.018316,0.006143
1540589518.120602846,-0.649497,17.300749,-1.108481,-0.568868,0.822146,0.020658,0.006182
1540589518.153304338,-0.652620,17.322156,-1.108554,-0.568643,0.822172,0.025182,0.006721
1540589518.186983585,-0.652026,17.343874,-1.108804,-0.568092,0.822489,0.027245,0.006450
1540589518.220861435,-0.650637,17.368627,-1.110349,-0.567981,0.822683,0.023736,0.005222
1540589518.254371166,-0.652479,17.382152,-1.110845,-0.567804,0.822964,0.017812,0.003464
1540589518.288429260,-0.656389,17.394996,-1.111360,-0.567671,0.823147,0.013299,0.001401
1540589518.321445227,-0.660789,17.413245,-1.113250,-0.567512,0.823220,0.015379,0.001535
1540589518.356858253,-0.668944,17.428553,-1.110053,-0.567966,0.822735,0.022624,0.003130
1540589518.389371157,-0.673216,17.441678,-1.108102,-0.568135,0.822443,0.028217,0.003829
1540589518.422748566,-0.670246,17.453834,-1.109507,-0.568134,0.822326,0.031407,0.004297
1540589518.455829382,-0.665161,17.466363,-1.111462,-0.568230,0.822221,0.032249,0.005192
1540589518.489886999,-0.664380,17.480939,-1.111681,-0.568504,0.822064,0.031423,0.005154
1540589518.523608208,-0.664621,17.489117,-1.112394,-0.568476,0.822100,0.030983,0.005190
1540589518.556949377,-0.661656,17.498340,-1.114697,-0.568257,0.822275,0.030137,0.006234
1540589518.590297222,-0.657149,17.506610,-1.118147,-0.568686,0.822127,0.025894,0.005663
1540589518.624222279,-0.650416,17.515666,-1.119449,-0.568666,0.822318,0.019674,0.005021
1540589518.657798290,-0.650865,17.534171,-1.120146,-0.567872,0.822978,0.014059,0.005571
1540589518.691512823,-0.657318,17.553207,-1.119431,-0.567119,0.823565,0.009324,0.005524
1540589518.741900444,-0.665779,17.555938,-1.112392,-0.566581,0.823974,0.004005,0.006105
1540589518.793711185,-0.668609,17.580823,-1.111760,-0.565414,0.824768,0.000699,0.008057
1540589518.843588352,-0.673096,17.586153,-1.111443,-0.565698,0.824527,0.003507,0.011389
1540589518.877517700,-0.675682,17.585639,-1.110832,-0.565585,0.824552,0.005820,0.013908
1540589518.908327103,-0.680947,17.588744,-1.112130,-0.565618,0.824495,0.006710,0.015492
1540589518.941339493,-0.684178,17.589395,-1.113370,-0.565915,0.824232,0.006905,0.018283
1540589518.974106073,-0.682827,17.586912,-1.114061,-0.566589,0.823753,0.003882,0.019816
1540589519.007625103,-0.684210,17.596827,-1.116734,-0.566459,0.823830,-0.000953,0.020684
1540589519.041224957,-0.685598,17.605381,-1.117684,-0.566449,0.823784,-0.004813,0.022187
1540589519.076307058,-0.685799,17.612448,-1.116568,-0.566692,0.823572,-0.007997,0.022895
1540589519.108149767,-0.682745,17.617391,-1.114978,-0.566150,0.823896,-0.009807,0.023959
1540589519.140934944,-0.681005,17.624571,-1.114025,-0.565607,0.824213,-0.012120,0.024819
1540589519.174233913,-0.683454,17.640324,-1.113941,-0.565482,0.824261,-0.014023,0.025028
1540589519.208028316,-0.687398,17.652544,-1.113733,-0.565577,0.824197,-0.012724,0.025701
1540589519.241113901,-0.694981,17.664824,-1.112815,-0.565791,0.824080,-0.008362,0.026503
1540589519.275066853,-0.701061,17.669003,-1.118560,-0.564042,0.825236,0.001818,0.028961
1540589519.308312416,-0.704187,17.666864,-1.119729,-0.564074,0.825015,0.013978,0.031223
1540589519.341149807,-0.699019,17.661793,-1.115124,-0.564266,0.824588,0.023501,0.033262
1540589519.375533819,-0.693006,17.667564,-1.115353,-0.563798,0.824750,0.027106,0.034405
1540589519.409034729,-0.694791,17.694097,-1.122765,-0.563896,0.824659,0.027250,0.034868
1540589519.441538572,-0.697846,17.717321,-1.129776,-0.563643,0.824784,0.028440,0.035066
1540589519.474370718,-0.700839,17.727831,-1.137023,-0.562810,0.825176,0.032227,0.035920
1540589519.511082649,-0.697697,17.732899,-1.142347,-0.562492,0.825141,0.036725,0.037369
1540589519.541930437,-0.693674,17.738848,-1.145195,-0.562535,0.825035,0.037846,0.037948
1540589519.575180531,-0.689625,17.745864,-1.145313,-0.562392,0.825184,0.036965,0.037676
1540589519.607968092,-0.684748,17.748803,-1.143456,-0.562455,0.825199,0.035878,0.037463
1540589519.641731977,-0.678499,17.753722,-1.140596,-0.562565,0.825193,0.034402,0.037330
1540589519.674850941,-0.676153,17.758150,-1.138741,-0.562652,0.825295,0.031556,0.036256
1540589519.708193541,-0.670736,17.762421,-1.136692,-0.562746,0.825377,0.028625,0.035351
1540589519.741426229,-0.667140,17.766324,-1.134461,-0.562909,0.825352,0.026787,0.034774
1540589519.774777412,-0.666969,17.771333,-1.135072,-0.562885,0.825437,0.025469,0.034134
1540589519.808451414,-0.665119,17.777675,-1.135966,-0.563081,0.825306,0.025354,0.034162
1540589519.841807127,-0.657608,17.783368,-1.136991,-0.563046,0.825293,0.025778,0.034743
1540589519.874880791,-0.646789,17.787807,-1.140366,-0.562863,0.825406,0.025554,0.035167
1540589519.908057213,-0.633135,17.791140,-1.146775,-0.562731,0.825488,0.024820,0.035866
1540589519.941615820,-0.620381,17.795061,-1.152025,-0.562600,0.825566,0.023965,0.036717
1540589519.975656509,-0.610592,17.806938,-1.150669,-0.562633,0.825583,0.022149,0.036947
1540589520.008616209,-0.603477,17.820246,-1.145441,-0.562724,0.825588,0.020012,0.036695
1540589520.041498661,-0.598938,17.834446,-1.136979,-0.562868,0.825528,0.018663,0.036538
1540589520.074934006,-0.597922,17.847529,-1.127885,-0.563001,0.825473,0.017577,0.036271
1540589520.108195305,-0.603184,17.861139,-1.116586,-0.563240,0.825352,0.016987,0.035584
1540589520.141425371,-0.608449,17.874164,-1.104602,-0.563540,0.825174,0.016823,0.035041
1540589520.174787521,-0.614094,17.885482,-1.094450,-0.563778,0.825012,0.017259,0.034791
1540589520.209199667,-0.620951,17.899118,-1.082865,-0.564170,0.824765,0.017295,0.034292
1540589520.244119167,-0.622264,17.904841,-1.083845,-0.564111,0.824781,0.017727,0.034659
1540589520.276427031,-0.623320,17.910570,-1.084861,-0.564029,0.824803,0.018377,0.035128
