1540581311.935440779,0.004702,-0.003057,0.000928,-0.598191,0.800034,0.045956,-0.001303
1540581311.968055964,0.006324,-0.002547,0.000570,-0.596057,0.801599,0.046390,-0.001600
1540581312.003411531,0.008186,-0.002020,0.001083,-0.592869,0.803964,0.046272,-0.002701
1540581312.034913301,0.008285,-0.002026,0.001707,-0.597427,0.800622,0.045556,-0.003266
1540581312.068851233,0.009737,-0.001923,0.003236,-0.596791,0.801080,0.045857,-0.002976
1540581312.119904757,0.011079,-0.000753,0.006350,-0.592615,0.804094,0.047325,-0.001122
1540581312.171529531,0.014087,0.000349,0.009010,-0.594258,0.802813,0.048457,-0.000991
1540581312.220749617,0.011293,0.001027,0.009125,-0.595474,0.801973,0.047379,-0.002355
1540581312.288130760,0.007881,0.001715,0.008550,-0.593032,0.803671,0.049243,-0.000272
1540581312.320004225,0.003727,0.001724,0.005294,-0.593571,0.803298,0.048843,0.000994
1540581312.352327824,0.004050,0.001286,0.004428,-0.594716,0.802500,0.048029,0.000666
1540581312.385755777,0.006417,0.000731,0.004385,-0.596396,0.801287,0.047444,-0.000288
1540581312.419245005,0.008931,0.000520,0.004927,-0.597141,0.800719,0.047643,-0.001013
1540581312.452350378,0.008916,0.000859,0.006099,-0.596922,0.800852,0.048158,-0.000979
1540581312.485873461,0.007250,0.001296,0.007266,-0.596664,0.800998,0.048922,-0.000359
1540581312.520507813,0.006196,0.002574,0.010590,-0.596165,0.801329,0.049583,0.000034
1540581312.552821398,0.004855,0.003689,0.012489,-0.595977,0.801436,0.050110,0.000493
1540581312.585983038,0.003362,0.004575,0.014144,-0.595746,0.801591,0.050376,0.000962
1540581312.619204044,0.002984,0.005460,0.015869,-0.595447,0.801802,0.050547,0.001269
1540581312.653433323,0.003178,0.006292,0.017064,-0.595260,0.801958,0.050264,0.001418
1540581312.685907602,0.004263,0.006824,0.017270,-0.595289,0.801985,0.049490,0.001137
1540581312.720008135,0.005697,0.006806,0.017279,-0.595459,0.801902,0.048805,0.000826
1540581312.752996206,0.004896,0.006218,0.014667,-0.595881,0.801654,0.047709,0.000680
1540581312.787281036,0.005326,0.005255,0.011812,-0.596443,0.801269,0.047143,0.000380
1540581312.819635630,0.006508,0.005282,0.012464,-0.596606,0.801182,0.046567,0.000006
1540581312.852947235,0.004923,0.005419,0.012850,-0.596859,0.801095,0.044785,-0.000213
1540581312.886577129,0.003076,0.004040,0.009310,-0.597512,0.800711,0.042908,-0.000405
1540581312.920173645,0.006242,0.003874,0.010467,-0.597338,0.800893,0.041917,-0.001339
1540581312.953934908,0.010673,0.004174,0.014162,-0.597023,0.801155,0.041337,-0.002464
1540581312.986534595,0.013406,0.004523,0.016455,-0.596682,0.801412,0.041238,-0.002976
1540581313.020064831,0.013041,0.003647,0.014945,-0.596898,0.801301,0.040238,-0.003021
1540581313.053946257,0.015670,0.003599,0.016969,-0.596701,0.801501,0.039123,-0.003800
1540581313.087021351,0.017942,0.003388,0.018785,-0.596428,0.801729,0.038538,-0.004358
1540581313.119366884,0.021134,0.003955,0.021698,-0.596000,0.802057,0.038234,-0.005093
1540581313.152768850,0.023009,0.003895,0.022659,-0.595953,0.802120,0.037570,-0.005645
1540581313.186089277,0.025231,0.004080,0.024150,-0.595850,0.802239,0.036535,-0.006296
1540581313.220594645,0.027969,0.004924,0.027046,-0.595283,0.802676,0.036089,-0.006755
1540581313.252924681,0.028028,0.005630,0.028736,-0.594924,0.802943,0.036104,-0.006656
1540581313.286525011,0.026732,0.005824,0.029435,-0.594927,0.802942,0.036077,-0.006652
1540581313.319565296,0.027575,0.005866,0.030797,-0.594609,0.803128,0.037161,-0.006692
1540581313.353289604,0.026966,0.005702,0.031303,-0.594301,0.803325,0.037866,-0.006507
1540581313.386596441,0.030290,0.007364,0.035261,-0.593880,0.803539,0.039788,-0.006968
1540581313.419536829,0.033643,0.008436,0.037645,-0.593437,0.803720,0.042614,-0.007173
1540581313.452860355,0.040046,0.011856,0.044555,-0.592317,0.804372,0.045642,-0.007945
1540581313.486504793,0.045844,0.013981,0.047945,-0.591996,0.804427,0.048718,-0.007990
1540581313.519927263,0.048357,0.016624,0.051359,-0.591406,0.804750,0.050527,-0.007980
1540581313.552885056,0.052083,0.018886,0.054332,-0.590715,0.805166,0.051817,-0.008857
1540581313.587262392,0.057842,0.021939,0.058986,-0.590181,0.805407,0.053982,-0.009615
1540581313.620185137,0.066192,0.023826,0.062624,-0.589849,0.805476,0.056357,-0.010521
1540581313.653785706,0.075582,0.026382,0.068431,-0.589195,0.805809,0.058051,-0.012279
1540581313.686644316,0.087763,0.028077,0.073191,-0.588796,0.805961,0.059416,-0.014664
1540581313.719801426,0.098066,0.027869,0.075322,-0.588599,0.806002,0.060313,-0.016552
1540581313.754206181,0.104750,0.027576,0.075243,-0.588622,0.805909,0.060953,-0.017889
1540581313.786569595,0.108465,0.026718,0.073296,-0.588905,0.805724,0.060364,-0.018855
1540581313.819939852,0.122645,0.031596,0.075601,-0.588592,0.805828,0.061314,-0.021024
1540581313.855247736,0.133031,0.037619,0.076130,-0.588423,0.805804,0.062963,-0.021795
1540581313.887887478,0.140443,0.042364,0.074770,-0.588460,0.805613,0.064945,-0.022014
1540581313.921654224,0.147430,0.048762,0.075501,-0.588450,0.805386,0.067857,-0.021808
1540581313.954838753,0.151084,0.054622,0.073799,-0.588313,0.805331,0.069909,-0.021035
1540581313.990173817,0.151898,0.061374,0.070498,-0.588338,0.805407,0.069181,-0.019811
1540581314.020227909,0.148929,0.066560,0.065666,-0.588456,0.805638,0.065686,-0.018764
1540581314.056036472,0.146610,0.071340,0.060218,-0.588637,0.805874,0.061261,-0.017904
1540581314.088675022,0.136973,0.072404,0.053190,-0.589062,0.805981,0.056237,-0.015441
1540581314.120644093,0.125107,0.072212,0.046986,-0.589384,0.806187,0.050245,-0.012845
1540581314.153652430,0.121166,0.077567,0.044332,-0.589540,0.806327,0.046427,-0.011162
1540581314.188880205,0.116558,0.083108,0.040831,-0.590034,0.806188,0.042878,-0.009038
1540581314.222446918,0.110188,0.088492,0.036276,-0.590354,0.806124,0.040034,-0.006564
1540581314.256738186,0.094748,0.081236,0.025315,-0.592285,0.804931,0.035779,-0.001973
1540581314.287429333,0.089008,0.087589,0.022328,-0.592684,0.804651,0.035511,0.001386
1540581314.320861340,0.081004,0.096142,0.019674,-0.592822,0.804589,0.034258,0.005043
1540581314.357697725,0.079842,0.104410,0.017172,-0.594060,0.803684,0.033594,0.007480
1540581314.389410496,0.082899,0.119072,0.017354,-0.593969,0.803706,0.034169,0.009507
1540581314.421919584,0.079160,0.133199,0.018076,-0.593421,0.804048,0.034136,0.013902
1540581314.457235098,0.074759,0.146318,0.018421,-0.593600,0.803890,0.033206,0.017233
1540581314.488391876,0.075882,0.162819,0.020155,-0.593012,0.804236,0.033884,0.019843
1540581314.521437168,0.070869,0.178009,0.021192,-0.591565,0.805192,0.033044,0.025015
1540581314.554625988,0.059787,0.189112,0.024548,-0.590803,0.805845,0.026415,0.029447
1540581314.590323925,0.058495,0.202576,0.028254,-0.590622,0.806103,0.019583,0.031309
1540581314.622295618,0.055777,0.216181,0.034290,-0.590300,0.806331,0.013246,0.034656
1540581314.656887770,0.056029,0.229776,0.037964,-0.589902,0.806674,0.003155,0.035825
1540581314.689161539,0.055256,0.247247,0.039110,-0.589627,0.806871,-0.004743,0.035717
1540581314.723614693,0.055249,0.265145,0.038264,-0.588737,0.807439,-0.004373,0.037565
1540581314.757336378,0.054858,0.279041,0.036569,-0.587287,0.808398,0.001655,0.039802
1540581314.790607929,0.051600,0.290947,0.037390,-0.584316,0.810361,0.008645,0.042614
1540581314.824409962,0.045118,0.306806,0.039948,-0.582336,0.811639,0.011874,0.044566
1540581314.858013630,0.038489,0.323774,0.039794,-0.581081,0.812608,0.009562,0.043844
1540581314.891280651,0.034970,0.341166,0.038854,-0.579012,0.814219,0.005745,0.041933
1540581314.924398899,0.031817,0.359130,0.036656,-0.577765,0.815186,0.003696,0.040567
1540581314.958675385,0.028356,0.378914,0.030669,-0.575530,0.816837,0.004152,0.039050
1540581314.992387295,0.024767,0.397545,0.026212,-0.573394,0.818439,0.005896,0.036647
1540581315.026567698,0.017256,0.419668,0.021799,-0.570858,0.820308,0.006025,0.034359
1540581315.059073687,0.012153,0.442083,0.016386,-0.569474,0.821395,0.005943,0.031208
1540581315.093578339,0.012261,0.465890,0.010396,-0.567990,0.822587,0.005409,0.026637
1540581315.126694202,0.010365,0.485890,0.007027,-0.566442,0.823783,0.003768,0.022601
1540581315.160617590,0.009671,0.506926,0.001644,-0.566068,0.824175,0.001188,0.017326
1540581315.193526983,0.013787,0.527541,-0.002442,-0.566207,0.824172,0.000084,0.012279
1540581315.226962328,0.012863,0.551441,-0.006544,-0.564588,0.825344,-0.002646,0.006449
1540581315.260937691,0.014713,0.572799,-0.011702,-0.564738,0.825256,-0.004865,-0.000425
1540581315.294549942,0.016284,0.593878,-0.016632,-0.564628,0.825320,-0.002789,-0.005865
1540581315.328600168,0.016571,0.617429,-0.019842,-0.562869,0.826472,0.002662,-0.010790
1540581315.361952066,0.014733,0.640459,-0.019667,-0.559493,0.828617,0.010813,-0.015628
1540581315.394917488,0.015994,0.657738,-0.018565,-0.558784,0.828852,0.019449,-0.019688
1540581315.428610086,0.016542,0.677386,-0.016547,-0.557574,0.829388,0.025120,-0.024406
1540581315.462604284,0.018335,0.698325,-0.014515,-0.557109,0.829374,0.030121,-0.029325
1540581315.498571634,0.021136,0.716761,-0.012811,-0.557852,0.828603,0.032905,-0.033704
1540581315.530451536,0.022587,0.733019,-0.011742,-0.557470,0.828680,0.031427,-0.039101
1540581315.563643694,0.027269,0.748793,-0.012318,-0.558377,0.827820,0.031165,-0.044252
1540581315.596596718,0.028300,0.765953,-0.014358,-0.558085,0.827704,0.034524,-0.047487
1540581315.630922794,0.028751,0.781231,-0.016390,-0.559177,0.826621,0.038916,-0.050046
1540581315.665918112,0.032152,0.790379,-0.018420,-0.560468,0.825459,0.041970,-0.052265
1540581315.697612762,0.037465,0.792495,-0.019866,-0.560889,0.825040,0.041576,-0.054622
1540581315.732274294,0.042412,0.799673,-0.020708,-0.560939,0.824909,0.039178,-0.057768
1540581315.764597654,0.043498,0.813557,-0.021788,-0.561526,0.824291,0.041400,-0.059316
1540581315.799097061,0.040102,0.825627,-0.022177,-0.563200,0.822774,0.049332,-0.058436
1540581315.832328796,0.040692,0.846491,-0.024313,-0.561953,0.823206,0.055753,-0.058587
1540581315.865967274,0.042929,0.857373,-0.029120,-0.562022,0.822967,0.059155,-0.057944
1540581315.899031639,0.045938,0.858839,-0.034074,-0.562750,0.822475,0.060565,-0.056380
1540581315.933440924,0.046587,0.867990,-0.039394,-0.562155,0.822997,0.059942,-0.055358
1540581315.966820478,0.047363,0.882188,-0.043334,-0.562990,0.822474,0.059894,-0.054702
1540581315.999841690,0.051673,0.885576,-0.046638,-0.564398,0.821273,0.065161,-0.052144
1540581316.033910275,0.055224,0.894030,-0.054496,-0.564562,0.820885,0.071558,-0.047935
1540581316.067354679,0.057461,0.911500,-0.060769,-0.565719,0.819913,0.076268,-0.043453
1540581316.101385355,0.054970,0.918379,-0.067212,-0.567833,0.818175,0.081686,-0.038506
1540581316.134653568,0.053460,0.926195,-0.077106,-0.567317,0.818289,0.086254,-0.033386
1540581316.167845011,0.047868,0.948845,-0.083104,-0.566570,0.818918,0.087373,-0.027165
1540581316.202759504,0.044507,0.980372,-0.086348,-0.565234,0.820373,0.083888,-0.021480
1540581316.234954119,0.043955,1.009878,-0.086963,-0.564080,0.821978,0.076385,-0.018202
1540581316.270011663,0.046343,1.034234,-0.085623,-0.563427,0.823261,0.067609,-0.014858
1540581316.304424524,0.049363,1.051358,-0.085155,-0.563140,0.823993,0.061590,-0.010758
1540581316.336251974,0.055192,1.073419,-0.085640,-0.562239,0.825078,0.055555,-0.006856
1540581316.369723558,0.061474,1.090318,-0.086824,-0.561592,0.826137,0.045826,-0.003484
1540581316.402958632,0.068186,1.102403,-0.087069,-0.561902,0.826468,0.034879,-0.000493
1540581316.436871767,0.072497,1.114760,-0.087421,-0.562612,0.826294,0.026414,0.002915
1540581316.471403360,0.078834,1.122666,-0.088322,-0.563046,0.826047,0.024027,0.006920
1540581316.503771544,0.084659,1.125064,-0.088784,-0.563735,0.825481,0.025390,0.011795
1540581316.540562153,0.087159,1.126647,-0.089510,-0.564698,0.824725,0.025895,0.016578
1540581316.571586132,0.094961,1.109580,-0.093078,-0.565491,0.824189,0.023571,0.019410
1540581316.640694380,0.110985,1.133552,-0.097663,-0.566165,0.823677,0.015880,0.027602
1540581316.672020435,0.120567,1.125716,-0.100187,-0.566647,0.823277,0.013388,0.030774
1540581316.705445290,0.127533,1.136077,-0.102812,-0.566345,0.823341,0.011804,0.034988
1540581316.739773512,0.134000,1.148551,-0.105667,-0.566514,0.823095,0.009745,0.038482
1540581316.789433956,0.138150,1.192120,-0.111142,-0.566799,0.822708,0.006386,0.043004
1540581316.821902275,0.143079,1.216742,-0.114697,-0.566519,0.822817,0.002867,0.044944
1540581316.855407953,0.149679,1.237732,-0.117615,-0.566855,0.822503,-0.000992,0.046505
1540581316.889296532,0.158485,1.253417,-0.121309,-0.567972,0.821702,-0.002392,0.046989
1540581316.921964169,0.163915,1.269281,-0.124510,-0.567638,0.821887,-0.000528,0.047841
1540581316.955364227,0.170069,1.298606,-0.128192,-0.567024,0.822281,0.001209,0.048334
1540581316.988979578,0.175087,1.323927,-0.132057,-0.567424,0.822108,0.000241,0.046557
1540581317.022021770,0.180714,1.344479,-0.136219,-0.566366,0.823003,-0.002024,0.043485
1540581317.055545330,0.185689,1.360512,-0.139275,-0.565894,0.823488,-0.003989,0.040198
1540581317.088831186,0.187758,1.373877,-0.141237,-0.566162,0.823461,-0.001859,0.037017
1540581317.122481823,0.186422,1.388476,-0.143685,-0.565850,0.823825,0.002377,0.033476
1540581317.155305624,0.182845,1.400488,-0.146846,-0.564828,0.824687,0.003562,0.029121
1540581317.188983202,0.178643,1.412135,-0.150402,-0.564105,0.825324,0.004402,0.024618
1540581317.222093582,0.171093,1.417767,-0.153984,-0.563515,0.825826,0.007018,0.020330
1540581317.255457163,0.161019,1.419383,-0.157647,-0.563503,0.825885,0.011152,0.015920
1540581317.289375067,0.156203,1.424110,-0.159693,-0.563285,0.826013,0.016402,0.011972
1540581317.322737694,0.150423,1.426099,-0.162267,-0.563258,0.825978,0.020932,0.007898
1540581317.355801105,0.144731,1.428332,-0.165325,-0.563871,0.825454,0.025670,0.003920
1540581317.389720201,0.137902,1.429676,-0.168410,-0.563704,0.825408,0.030645,0.000228
1540581317.422986507,0.129085,1.427855,-0.170330,-0.563324,0.825524,0.034131,-0.003442
1540581317.455861807,0.120976,1.427042,-0.172618,-0.564219,0.824867,0.034371,-0.008381
1540581317.489693642,0.113097,1.431607,-0.175650,-0.563878,0.825039,0.034485,-0.012776
1540581317.522936344,0.104815,1.438719,-0.178214,-0.563643,0.825080,0.036032,-0.015853
1540581317.556321859,0.095054,1.446098,-0.180804,-0.563677,0.824773,0.040791,-0.018815
1540581317.589184761,0.085042,1.451004,-0.182094,-0.564307,0.823909,0.047961,-0.020796
1540581317.623828650,0.075298,1.457152,-0.183834,-0.564506,0.823465,0.051594,-0.024003
1540581317.655700207,0.067558,1.464205,-0.186141,-0.564746,0.823232,0.050527,-0.028251
1540581317.688931704,0.063148,1.477943,-0.188740,-0.564908,0.823143,0.047339,-0.032772
1540581317.722438335,0.058453,1.498072,-0.190067,-0.564144,0.823667,0.043271,-0.037970
1540581317.755506992,0.050878,1.517653,-0.191961,-0.563215,0.824101,0.043306,-0.042069
1540581317.789133310,0.043465,1.534349,-0.195216,-0.563542,0.823450,0.048844,-0.044314
1540581317.822576523,0.034985,1.548351,-0.197066,-0.563617,0.822888,0.055439,-0.046027
1540581317.855735779,0.028178,1.563726,-0.197063,-0.563655,0.822420,0.059854,-0.048333
1540581317.888989687,0.021975,1.582068,-0.198460,-0.564117,0.821772,0.062520,-0.050548
1540581317.922187090,0.016781,1.603391,-0.200413,-0.563907,0.821627,0.064833,-0.052289
1540581317.955824375,0.009960,1.622273,-0.202228,-0.563048,0.821980,0.066437,-0.053971
1540581317.988848686,0.002766,1.640208,-0.203073,-0.562244,0.822207,0.069436,-0.055106
1540581318.023209572,-0.004259,1.661034,-0.204016,-0.561532,0.822292,0.074146,-0.054951
1540581318.055956364,-0.011433,1.678634,-0.203287,-0.560104,0.823058,0.076642,-0.054636
1540581318.090244532,-0.020133,1.695462,-0.203532,-0.559099,0.823649,0.077469,-0.054852
1540581318.122843504,-0.027736,1.714338,-0.205453,-0.558203,0.824131,0.079059,-0.054472
1540581318.156144381,-0.035166,1.731815,-0.208132,-0.557047,0.824970,0.079162,-0.053438
1540581318.190779686,-0.042424,1.747954,-0.208498,-0.556634,0.825706,0.074093,-0.053648
1540581318.222799301,-0.047347,1.765332,-0.208215,-0.556524,0.826298,0.067720,-0.054095
1540581318.256948233,-0.051633,1.781241,-0.208466,-0.555387,0.827526,0.062046,-0.053815
1540581318.290096998,-0.052422,1.794663,-0.209071,-0.554965,0.828187,0.057505,-0.053044
1540581318.323013544,-0.055014,1.805515,-0.209820,-0.553906,0.829096,0.056202,-0.051270
1540581318.357110977,-0.056277,1.816184,-0.211179,-0.553700,0.829264,0.058043,-0.048665
1540581318.389670134,-0.055375,1.825318,-0.213445,-0.553455,0.829531,0.058775,-0.045942
1540581318.423189878,-0.051542,1.830816,-0.216344,-0.552951,0.830148,0.056237,-0.044012
1540581318.456562757,-0.046091,1.830358,-0.217973,-0.552181,0.831075,0.050988,-0.042547
1540581318.491059542,-0.043437,1.836213,-0.218603,-0.552257,0.831410,0.045922,-0.040746
1540581318.522745848,-0.038467,1.837090,-0.220575,-0.552671,0.831345,0.043520,-0.039062
1540581318.555992603,-0.031150,1.834304,-0.223541,-0.552583,0.831522,0.043366,-0.036648
1540581318.590308428,-0.027031,1.841731,-0.225260,-0.553076,0.831353,0.042635,-0.033783
1540581318.623735428,-0.023459,1.851616,-0.225885,-0.553443,0.831290,0.040250,-0.032206
1540581318.658157110,-0.017219,1.852676,-0.227725,-0.554135,0.830991,0.037830,-0.030936
1540581318.690928221,-0.009489,1.847666,-0.228394,-0.554289,0.831108,0.033344,-0.030180
1540581318.724635363,-0.001486,1.844859,-0.228037,-0.554261,0.831358,0.027040,-0.030110
1540581318.756331921,0.006624,1.842129,-0.227540,-0.554586,0.831298,0.022415,-0.029584
1540581318.794464111,0.012301,1.864532,-0.229110,-0.555265,0.830982,0.019420,-0.027776
1540581318.824148893,0.017810,1.880584,-0.230224,-0.554980,0.831252,0.017576,-0.026623
1540581318.858924150,0.023134,1.905265,-0.231261,-0.555032,0.831279,0.019213,-0.023352
1540581318.890470505,0.025972,1.933635,-0.230962,-0.555155,0.831239,0.020489,-0.020626
1540581318.923955441,0.029306,1.961759,-0.229707,-0.554989,0.831367,0.021115,-0.019251
1540581318.957878590,0.032761,1.987713,-0.228321,-0.554354,0.831782,0.023080,-0.017234
1540581318.993626356,0.037209,2.014779,-0.225144,-0.553379,0.832461,0.023080,-0.015766
1540581319.026167870,0.043201,2.039406,-0.223298,-0.552973,0.832798,0.020619,-0.015603
1540581319.061529398,0.050575,2.063089,-0.223271,-0.552113,0.833407,0.019630,-0.014810
1540581319.092611790,0.057003,2.083789,-0.224251,-0.551082,0.834081,0.020838,-0.013561
1540581319.124439001,0.063393,2.108307,-0.223994,-0.551472,0.833768,0.023467,-0.012574
1540581319.158311605,0.067050,2.129986,-0.225174,-0.552122,0.833264,0.026627,-0.011105
1540581319.191543341,0.072586,2.145850,-0.226878,-0.552041,0.833334,0.026434,-0.010259
1540581319.225424051,0.077509,2.163628,-0.229011,-0.551651,0.833679,0.023676,-0.009957
1540581319.259095430,0.081720,2.179085,-0.229973,-0.552508,0.833154,0.022296,-0.009589
1540581319.294023514,0.087682,2.192050,-0.229445,-0.552154,0.833441,0.020595,-0.008892
1540581319.327967167,0.090016,2.204992,-0.229325,-0.551346,0.834113,0.013368,-0.009749
1540581319.359935284,0.091636,2.219452,-0.229904,-0.551770,0.833900,0.006404,-0.010968
1540581319.393850088,0.090298,2.232757,-0.234151,-0.551478,0.834105,0.004966,-0.010774
1540581319.427581310,0.088656,2.242274,-0.236906,-0.551295,0.834209,0.007375,-0.010704
1540581319.461985111,0.082071,2.250323,-0.239502,-0.552385,0.833426,0.012687,-0.010508
1540581319.494764566,0.074061,2.255922,-0.240517,-0.552825,0.833023,0.019083,-0.009679
1540581319.527694464,0.066623,2.270656,-0.240712,-0.552643,0.833091,0.020924,-0.010355
1540581319.562403917,0.058114,2.278155,-0.244007,-0.553826,0.832282,0.020892,-0.012148
1540581319.595212936,0.047992,2.281941,-0.247770,-0.554359,0.831865,0.022435,-0.013549
1540581319.628765345,0.037506,2.286559,-0.251688,-0.554812,0.831472,0.024744,-0.015055
1540581319.662700415,0.025329,2.289495,-0.255411,-0.555163,0.831135,0.026981,-0.016765
1540581319.696489096,0.016743,2.301649,-0.257851,-0.556550,0.830082,0.029672,-0.018310
1540581319.729395151,0.010252,2.321688,-0.260030,-0.556423,0.830092,0.030986,-0.019510
1540581319.762709379,0.001400,2.338663,-0.262168,-0.555958,0.830404,0.029780,-0.021272
1540581319.796489477,-0.005141,2.358337,-0.262301,-0.555473,0.830701,0.028843,-0.023524
1540581319.830364704,-0.014017,2.377858,-0.260944,-0.554547,0.831268,0.029358,-0.024681
1540581319.865499735,-0.022768,2.398737,-0.258590,-0.553276,0.832090,0.028447,-0.026519
1540581319.898601055,-0.026083,2.425745,-0.255458,-0.552521,0.832523,0.028859,-0.028153
1540581319.931386232,-0.032891,2.451596,-0.255016,-0.551770,0.832992,0.029981,-0.027845
1540581319.965392113,-0.041644,2.474743,-0.254593,-0.550462,0.833935,0.026388,-0.029110
1540581319.998566866,-0.050631,2.496277,-0.254026,-0.550563,0.833923,0.021732,-0.031312
1540581320.032724857,-0.056634,2.517002,-0.253978,-0.551096,0.833600,0.019788,-0.031813
1540581320.065620422,-0.062106,2.530818,-0.256382,-0.551221,0.833538,0.018189,-0.032231
1540581320.099122286,-0.067519,2.542197,-0.258235,-0.550654,0.833842,0.019171,-0.033483
1540581320.132240057,-0.074859,2.554941,-0.256428,-0.550457,0.833861,0.024961,-0.032406
1540581320.166409731,-0.081770,2.570315,-0.255250,-0.550265,0.833868,0.028943,-0.032184
1540581320.200100660,-0.085412,2.586957,-0.255463,-0.549933,0.833996,0.030982,-0.032613
1540581320.233372450,-0.085849,2.604184,-0.255437,-0.548812,0.834674,0.033060,-0.032130
1540581320.266957283,-0.091807,2.620323,-0.255310,-0.550569,0.833371,0.036405,-0.032274
1540581320.301478386,-0.091913,2.639815,-0.257191,-0.550368,0.833260,0.041734,-0.032116
1540581320.334631443,-0.089481,2.650278,-0.262539,-0.550796,0.832867,0.045036,-0.030469
1540581320.368014336,-0.085738,2.654659,-0.263142,-0.551797,0.832428,0.039926,-0.031453
1540581320.401751041,-0.082343,2.657038,-0.259587,-0.553014,0.831827,0.033001,-0.033919
1540581320.435502052,-0.077924,2.657541,-0.257172,-0.553729,0.831424,0.030928,-0.034080
1540581320.471503019,-0.074117,2.662805,-0.255990,-0.554184,0.831239,0.027861,-0.033840
1540581320.502999306,-0.072105,2.675590,-0.252912,-0.554627,0.831094,0.022868,-0.033897
1540581320.536547184,-0.068046,2.688602,-0.250349,-0.555723,0.830539,0.017615,-0.032658
1540581320.571049213,-0.065263,2.705525,-0.251219,-0.555882,0.830568,0.012403,-0.031577
1540581320.605162621,-0.061250,2.721190,-0.252635,-0.556503,0.830227,0.010579,-0.030264
1540581320.637479544,-0.057302,2.735316,-0.253873,-0.557474,0.829618,0.014172,-0.027501
1540581320.671169758,-0.053361,2.753472,-0.253023,-0.557541,0.829522,0.021742,-0.023855
1540581320.703421831,-0.050171,2.747970,-0.254256,-0.557889,0.829088,0.030229,-0.021425
1540581320.737808466,-0.044900,2.766229,-0.255449,-0.556691,0.829719,0.036418,-0.018302
1540581320.771248102,-0.042868,2.787250,-0.254862,-0.556070,0.830096,0.038183,-0.016421
1540581320.804586172,-0.037791,2.806469,-0.253623,-0.555151,0.830693,0.039169,-0.014905
1540581320.839105606,-0.029732,2.824523,-0.252499,-0.554135,0.831373,0.039791,-0.013051
1540581320.872301102,-0.022826,2.840569,-0.251775,-0.554552,0.831126,0.039578,-0.011627
1540581320.905502796,-0.014672,2.855516,-0.251002,-0.554171,0.831417,0.039218,-0.010138
1540581320.939419985,-0.007479,2.869215,-0.251035,-0.554189,0.831422,0.039298,-0.008225
1540581320.972887039,-0.001504,2.882413,-0.251428,-0.554416,0.831317,0.038647,-0.006356
1540581321.007237673,0.004793,2.894329,-0.251387,-0.554292,0.831468,0.037442,-0.004505
1540581321.039745808,0.010843,2.904058,-0.250761,-0.554436,0.831453,0.035780,-0.002628
1540581321.073666096,0.016935,2.914189,-0.250013,-0.554776,0.831357,0.032653,-0.001700
1540581321.107071877,0.020866,2.927041,-0.249340,-0.554338,0.831776,0.029284,-0.000838
1540581321.140668631,0.024644,2.936679,-0.250005,-0.555073,0.831350,0.027407,0.000065
1540581321.175394773,0.028513,2.947991,-0.252481,-0.555647,0.831097,0.023128,-0.000074
1540581321.225930214,0.028644,2.958176,-0.260498,-0.555603,0.831196,0.020440,-0.000292
1540581321.258003950,0.027843,2.962483,-0.263027,-0.556585,0.830457,0.023542,0.000168
1540581321.291834831,0.024479,2.969565,-0.263732,-0.557689,0.829546,0.028929,0.000310
1540581321.324647188,0.021770,2.980137,-0.263833,-0.557983,0.829211,0.032626,0.000245
1540581321.358175278,0.018847,2.992691,-0.264551,-0.558432,0.828916,0.032412,-0.001188
1540581321.392023802,0.015726,3.006260,-0.265490,-0.558973,0.828520,0.033094,-0.002847
1540581321.425436974,0.011089,3.020764,-0.266079,-0.559568,0.827974,0.036519,-0.003036
1540581321.458051682,0.004104,3.031786,-0.266010,-0.559607,0.827860,0.038417,-0.003564
1540581321.491612196,-0.002583,3.047918,-0.265815,-0.559953,0.827572,0.039397,-0.005098
1540581321.525128841,-0.009652,3.064443,-0.265228,-0.559483,0.827844,0.040180,-0.006193
1540581321.558024883,-0.016856,3.079487,-0.264073,-0.558669,0.828434,0.039055,-0.007784
1540581321.591254234,-0.024654,3.093974,-0.262110,-0.557874,0.829040,0.037067,-0.009755
1540581321.624946833,-0.030834,3.112308,-0.258655,-0.556807,0.829829,0.034631,-0.012278
1540581321.659302235,-0.034210,3.133626,-0.255365,-0.555629,0.830694,0.031611,-0.014956
1540581321.692145348,-0.038491,3.153809,-0.252759,-0.554590,0.831419,0.029734,-0.016999
1540581321.725148916,-0.042996,3.173490,-0.250936,-0.554144,0.831732,0.028215,-0.018737
1540581321.758744240,-0.047453,3.191734,-0.250323,-0.553939,0.831868,0.026569,-0.021024
1540581321.792026997,-0.051283,3.208376,-0.250717,-0.553821,0.831945,0.024040,-0.023921
1540581321.824681044,-0.053031,3.223156,-0.252311,-0.553778,0.831997,0.019753,-0.026863
1540581321.858403444,-0.054942,3.236401,-0.253703,-0.553185,0.832390,0.014682,-0.029978
1540581321.892187357,-0.059288,3.247742,-0.253864,-0.553016,0.832449,0.013916,-0.031746
1540581321.924678326,-0.065916,3.256886,-0.254773,-0.553398,0.832102,0.016948,-0.032707
1540581321.958335876,-0.073007,3.266765,-0.255452,-0.552962,0.832260,0.020656,-0.033908
1540581321.991576910,-0.078759,3.277216,-0.256249,-0.553118,0.832044,0.022590,-0.035401
1540581322.025498390,-0.082979,3.287674,-0.257785,-0.553146,0.831934,0.022163,-0.037746
1540581322.058322191,-0.086615,3.297538,-0.259734,-0.553328,0.831696,0.021725,-0.040471
1540581322.092542171,-0.090187,3.308242,-0.262032,-0.553487,0.831438,0.022714,-0.042987
1540581322.126027584,-0.095035,3.319319,-0.264999,-0.554478,0.830579,0.026228,-0.044784
1540581322.158491611,-0.100059,3.330935,-0.267635,-0.554658,0.830225,0.030316,-0.046499
1540581322.191503763,-0.103462,3.342787,-0.269518,-0.555198,0.829684,0.031685,-0.048743
1540581322.225687027,-0.105812,3.356244,-0.272445,-0.555505,0.829316,0.029473,-0.052722
1540581322.259101868,-0.108488,3.369402,-0.275729,-0.555506,0.829153,0.026572,-0.056670
1540581322.291983366,-0.110902,3.383039,-0.279320,-0.555951,0.828733,0.024086,-0.059505
1540581322.324889898,-0.113775,3.399149,-0.283292,-0.556171,0.828395,0.021323,-0.063102
1540581322.358592033,-0.117606,3.416383,-0.286734,-0.556539,0.827921,0.021541,-0.065939
1540581322.392791271,-0.121359,3.437054,-0.290323,-0.556744,0.827582,0.024565,-0.067390
1540581322.425875425,-0.125806,3.458271,-0.292847,-0.557184,0.827054,0.028870,-0.068512
1540581322.458982468,-0.130734,3.479660,-0.294594,-0.557091,0.826883,0.033023,-0.069451
1540581322.491750956,-0.133132,3.503049,-0.294599,-0.557113,0.826671,0.035445,-0.070598
1540581322.525679588,-0.133702,3.527094,-0.294798,-0.556185,0.827161,0.036418,-0.071675
1540581322.558714628,-0.132918,3.551413,-0.295683,-0.554760,0.828102,0.034324,-0.072870
1540581322.592522383,-0.129966,3.576050,-0.297158,-0.553171,0.829192,0.029291,-0.074732
1540581322.625302076,-0.127717,3.598578,-0.297099,-0.552157,0.829856,0.028246,-0.075264
1540581322.658705473,-0.127834,3.621002,-0.296975,-0.551350,0.830345,0.032895,-0.073877
1540581322.692930460,-0.129371,3.643001,-0.298016,-0.551775,0.829956,0.039271,-0.071939
1540581322.725857258,-0.127718,3.661756,-0.299917,-0.551663,0.830038,0.042451,-0.070018
1540581322.759025574,-0.124753,3.679432,-0.302414,-0.551698,0.830158,0.041346,-0.068977
1540581322.792418718,-0.119927,3.695163,-0.305221,-0.551361,0.830562,0.038945,-0.068202
1540581322.825934410,-0.114112,3.710279,-0.307995,-0.551616,0.830575,0.037922,-0.066539
1540581322.858966827,-0.108399,3.724841,-0.310226,-0.551691,0.830759,0.036297,-0.064495
1540581322.893557310,-0.103543,3.739125,-0.311616,-0.551734,0.831027,0.030997,-0.063428
1540581322.925616741,-0.098678,3.750543,-0.311841,-0.551043,0.831752,0.024755,-0.062666
1540581322.959289551,-0.094407,3.763108,-0.311209,-0.551041,0.831976,0.019476,-0.061573
1540581322.993177891,-0.088488,3.776732,-0.312157,-0.551528,0.831835,0.017906,-0.059554
1540581323.026744843,-0.082023,3.791333,-0.314661,-0.552356,0.831458,0.019347,-0.056616
1540581323.059119701,-0.077382,3.805454,-0.315935,-0.553084,0.831117,0.021161,-0.053813
1540581323.092176199,-0.073311,3.819862,-0.317983,-0.554300,0.830432,0.023548,-0.050783
1540581323.125460386,-0.070132,3.835481,-0.320165,-0.555310,0.829897,0.025543,-0.047427
1540581323.159020424,-0.067286,3.851529,-0.322290,-0.555907,0.829627,0.026565,-0.044516
1540581323.192402601,-0.063159,3.867949,-0.323003,-0.556541,0.829300,0.027883,-0.041779
1540581323.225873947,-0.060385,3.885768,-0.325576,-0.557746,0.828567,0.030362,-0.038392
1540581323.259996176,-0.056977,3.905281,-0.330091,-0.558209,0.828354,0.032176,-0.034592
1540581323.292995930,-0.052982,3.925762,-0.334774,-0.558287,0.828455,0.030814,-0.032082
1540581323.326483250,-0.050844,3.947534,-0.337528,-0.558950,0.828178,0.028535,-0.029700
1540581323.361403942,-0.048472,3.968878,-0.340624,-0.559257,0.828109,0.027874,-0.026270
1540581323.395712376,-0.048247,3.990308,-0.342509,-0.558809,0.828514,0.027302,-0.023489
1540581323.429182053,-0.047923,4.012072,-0.343405,-0.558916,0.828516,0.027213,-0.020824
1540581323.460057259,-0.049020,4.034135,-0.344911,-0.558275,0.829012,0.027549,-0.017592
1540581323.493769407,-0.052510,4.057020,-0.344917,-0.557381,0.829681,0.026983,-0.015129
1540581323.527885199,-0.056551,4.079944,-0.344064,-0.556636,0.830191,0.027860,-0.012781
1540581323.560554028,-0.062447,4.102751,-0.343597,-0.556210,0.830497,0.028366,-0.010056
1540581323.594749928,-0.068097,4.127328,-0.344377,-0.555486,0.831082,0.025838,-0.008417
1540581323.628277063,-0.075921,4.146384,-0.345138,-0.554728,0.831702,0.022121,-0.007714
1540581323.660537958,-0.082424,4.164250,-0.347300,-0.555110,0.831550,0.018007,-0.007354
1540581323.696802855,-0.083785,4.181866,-0.352273,-0.555003,0.831723,0.012223,-0.007708
1540581323.730188370,-0.090036,4.193238,-0.357753,-0.554374,0.832193,0.007054,-0.008596
1540581323.762817860,-0.098371,4.198418,-0.363868,-0.554242,0.832286,0.004441,-0.009832
1540581323.796473265,-0.106058,4.200700,-0.367498,-0.554315,0.832218,0.004320,-0.011373
1540581323.830157280,-0.114617,4.203252,-0.369241,-0.553948,0.832435,0.004268,-0.013227
1540581323.862052202,-0.124559,4.201572,-0.371444,-0.554056,0.832332,0.005145,-0.014790
1540581323.895710707,-0.135862,4.196816,-0.374312,-0.554351,0.832077,0.008348,-0.016532
1540581323.932332277,-0.145691,4.199836,-0.377276,-0.554608,0.831805,0.013068,-0.018447
1540581323.962801933,-0.156348,4.201859,-0.378349,-0.554950,0.831479,0.016264,-0.020185
1540581323.996687889,-0.165984,4.205773,-0.380200,-0.555851,0.830741,0.019755,-0.022566
1540581324.030605316,-0.173425,4.214297,-0.382792,-0.556173,0.830344,0.024025,-0.024982
1540581324.063803196,-0.180431,4.228764,-0.384121,-0.556408,0.830011,0.027258,-0.027372
1540581324.097601652,-0.186097,4.246430,-0.385159,-0.556918,0.829530,0.028471,-0.030193
1540581324.131455183,-0.190436,4.264407,-0.385684,-0.557290,0.829184,0.027692,-0.033380
1540581324.164771795,-0.196639,4.284761,-0.383911,-0.557246,0.829119,0.025000,-0.037591
1540581324.199505329,-0.200726,4.302523,-0.384075,-0.557850,0.828596,0.023047,-0.041241
1540581324.231694698,-0.204629,4.319510,-0.387033,-0.557856,0.828422,0.021613,-0.045251
1540581324.264911175,-0.208731,4.335555,-0.390203,-0.558172,0.827947,0.021598,-0.049813
1540581324.298926830,-0.211490,4.353500,-0.394353,-0.558522,0.827424,0.024481,-0.053132
1540581324.333135843,-0.215026,4.372424,-0.397072,-0.557976,0.827421,0.028116,-0.056978
1540581324.366451025,-0.219102,4.393431,-0.398782,-0.557944,0.827054,0.032265,-0.060329
1540581324.400103807,-0.222237,4.413265,-0.400958,-0.558358,0.826350,0.036998,-0.063351
1540581324.433896542,-0.226011,4.432501,-0.403237,-0.557061,0.826807,0.041415,-0.066019
1540581324.467321157,-0.229273,4.451992,-0.403583,-0.555787,0.827336,0.043677,-0.068621
1540581324.500581264,-0.230746,4.473836,-0.404586,-0.555416,0.827295,0.044454,-0.071560
1540581324.533939838,-0.230950,4.492091,-0.406864,-0.554434,0.827635,0.046386,-0.073972
1540581324.567615509,-0.231790,4.510420,-0.408939,-0.553412,0.828069,0.049173,-0.074955
1540581324.601981878,-0.233708,4.529541,-0.410172,-0.554050,0.827322,0.053017,-0.075872
1540581324.634953976,-0.234608,4.543702,-0.414684,-0.554451,0.826689,0.058081,-0.076136
1540581324.668258429,-0.233609,4.557942,-0.422742,-0.554280,0.826610,0.062067,-0.075077
1540581324.702104330,-0.231946,4.572922,-0.428838,-0.554592,0.826375,0.063837,-0.073870
1540581324.735558033,-0.229613,4.587600,-0.435414,-0.554907,0.826186,0.064637,-0.072921
1540581324.769684792,-0.223432,4.601778,-0.441359,-0.554064,0.826983,0.062221,-0.072400
1540581324.803392410,-0.217716,4.609564,-0.441416,-0.553628,0.827709,0.056377,-0.072217
1540581324.836693525,-0.216745,4.618260,-0.440526,-0.553360,0.828213,0.051405,-0.072204
1540581324.870570421,-0.218842,4.628826,-0.437711,-0.553777,0.827949,0.052591,-0.071175
1540581324.903520107,-0.217636,4.639991,-0.436557,-0.554639,0.827248,0.058490,-0.067939
1540581324.937419415,-0.214228,4.651510,-0.439433,-0.555670,0.826468,0.063284,-0.064628
1540581324.970876455,-0.209513,4.663142,-0.445850,-0.556300,0.826083,0.064594,-0.062804
1540581325.004582167,-0.203133,4.673771,-0.454582,-0.556639,0.826087,0.063923,-0.060392
1540581325.037847757,-0.196427,4.684880,-0.461111,-0.556453,0.826584,0.061152,-0.058134
1540581325.072045803,-0.192967,4.699423,-0.463572,-0.556818,0.826664,0.058316,-0.056378
1540581325.105554104,-0.189087,4.713464,-0.468933,-0.557345,0.826550,0.057740,-0.053371
1540581325.138904095,-0.184249,4.726510,-0.476590,-0.557611,0.826736,0.055561,-0.049905
1540581325.173141479,-0.182097,4.741352,-0.483160,-0.557781,0.827117,0.050422,-0.047066
1540581325.205956936,-0.180000,4.756410,-0.489291,-0.558218,0.827226,0.046191,-0.044236
1540581325.239711523,-0.179005,4.773710,-0.494449,-0.558216,0.827557,0.044168,-0.039928
1540581325.272982597,-0.178280,4.791683,-0.496893,-0.558480,0.827611,0.043866,-0.035148
1540581325.307180166,-0.178853,4.810971,-0.498763,-0.557981,0.828141,0.043753,-0.030416
1540581325.344760656,-0.180244,4.829660,-0.494954,-0.557133,0.828890,0.044479,-0.023803
1540581325.373963594,-0.183668,4.845166,-0.497120,-0.556390,0.829597,0.042843,-0.019050
1540581325.407700777,-0.188078,4.863082,-0.496281,-0.555706,0.830361,0.038501,-0.014485
1540581325.441824675,-0.193278,4.880403,-0.495361,-0.554791,0.831130,0.036814,-0.008678
1540581325.474984884,-0.199943,4.899164,-0.496794,-0.554562,0.831485,0.032922,-0.003114
1540581325.509956121,-0.202722,4.918426,-0.497838,-0.553665,0.832448,0.022038,0.000572
1540581325.542701244,-0.195984,4.932006,-0.491754,-0.553189,0.833019,0.007401,0.002496
1540581325.575721741,-0.188885,4.941331,-0.482582,-0.552876,0.833230,-0.005934,0.004528
1540581325.609145641,-0.177250,4.956162,-0.478076,-0.552999,0.833061,-0.012149,0.007304
1540581325.643109322,-0.176835,4.974365,-0.478148,-0.551837,0.833808,-0.010535,0.011368
1540581325.677921295,-0.180247,4.992284,-0.478470,-0.551649,0.833891,-0.007871,0.015728
1540581325.746662140,-0.181340,5.021610,-0.481507,-0.550585,0.834436,-0.014775,0.018847
1540581325.779496431,-0.184157,5.037986,-0.486127,-0.551017,0.834045,-0.018188,0.020442
1540581325.828860521,-0.186954,5.057448,-0.493445,-0.551838,0.833451,-0.018362,0.022292
1540581325.860699177,-0.191027,5.068458,-0.499080,-0.551808,0.833489,-0.013816,0.024769
1540581325.894124269,-0.196769,5.078323,-0.504051,-0.551961,0.833397,-0.009685,0.026367
1540581325.927358627,-0.203645,5.085828,-0.511162,-0.552171,0.833264,-0.008852,0.026454
1540581325.960942745,-0.210054,5.093376,-0.521926,-0.552412,0.833118,-0.011084,0.025146
1540581325.994413614,-0.211356,5.104837,-0.527586,-0.553253,0.832571,-0.014917,0.022659
1540581326.027389288,-0.211593,5.117462,-0.531283,-0.554117,0.831978,-0.019191,0.019969
1540581326.060705662,-0.213447,5.130976,-0.533409,-0.554906,0.831459,-0.021578,0.016993
1540581326.094420671,-0.216341,5.145684,-0.534931,-0.555855,0.830910,-0.020567,0.013798
1540581326.127723694,-0.219428,5.160398,-0.540874,-0.556120,0.830813,-0.019201,0.010579
1540581326.161004305,-0.223174,5.172966,-0.551179,-0.556146,0.830836,-0.019138,0.006878
1540581326.194763422,-0.226549,5.189710,-0.553495,-0.556830,0.830452,-0.016825,0.002743
1540581326.227719307,-0.230674,5.204930,-0.557055,-0.556576,0.830713,-0.011828,-0.000655
1540581326.260793447,-0.235274,5.218420,-0.561484,-0.556332,0.830918,-0.007116,-0.004329
1540581326.294433832,-0.239890,5.233977,-0.564662,-0.555582,0.831417,-0.002948,-0.008103
1540581326.327697277,-0.245394,5.249957,-0.570423,-0.554531,0.832076,-0.000665,-0.012043
1540581326.362043381,-0.248298,5.270003,-0.577270,-0.553656,0.832557,-0.002473,-0.017527
1540581326.395524502,-0.249634,5.289318,-0.579039,-0.552430,0.833241,-0.004521,-0.022573
1540581326.427622318,-0.252727,5.307015,-0.578451,-0.551479,0.833752,-0.004270,-0.026664
1540581326.461242437,-0.257530,5.325012,-0.578311,-0.551567,0.833595,-0.000713,-0.029894
1540581326.494720697,-0.263010,5.342565,-0.579962,-0.551761,0.833349,0.004333,-0.032734
1540581326.528407574,-0.268453,5.358258,-0.582554,-0.551331,0.833473,0.009216,-0.035660
1540581326.561829567,-0.273720,5.372311,-0.585366,-0.550937,0.833549,0.014770,-0.038023
1540581326.594962597,-0.279032,5.386476,-0.586599,-0.551324,0.833085,0.020271,-0.039993
1540581326.628568172,-0.283546,5.401577,-0.586659,-0.550987,0.833110,0.022561,-0.042790
1540581326.661235332,-0.287336,5.416369,-0.587586,-0.550429,0.833346,0.020685,-0.046199
1540581326.695168972,-0.288932,5.431647,-0.587960,-0.549834,0.833602,0.016256,-0.050257
1540581326.730704069,-0.290837,5.442330,-0.582784,-0.549563,0.833584,0.014406,-0.053960
1540581326.762023211,-0.293558,5.451656,-0.582878,-0.550053,0.833067,0.017885,-0.055868
1540581326.795053720,-0.297485,5.463916,-0.587747,-0.550939,0.832212,0.025705,-0.056810
1540581326.828295231,-0.303986,5.479550,-0.590084,-0.551367,0.831555,0.035500,-0.057012
1540581326.861848831,-0.310413,5.498018,-0.591104,-0.551987,0.830779,0.041529,-0.058242
1540581326.894684553,-0.315369,5.514883,-0.593249,-0.552276,0.830335,0.043281,-0.060513
1540581326.929237127,-0.317837,5.532277,-0.594029,-0.552520,0.830030,0.042468,-0.062994
1540581326.962130070,-0.320808,5.549349,-0.595481,-0.552693,0.829847,0.039933,-0.065501
1540581326.994951487,-0.323258,5.566009,-0.595551,-0.552901,0.829575,0.039126,-0.067640
1540581327.028320074,-0.326036,5.583998,-0.598121,-0.553677,0.828969,0.041656,-0.067208
1540581327.062740326,-0.330256,5.600596,-0.601266,-0.554170,0.828647,0.042412,-0.066632
1540581327.095474243,-0.335393,5.616763,-0.604283,-0.554096,0.828753,0.041962,-0.066218
1540581327.129485130,-0.341368,5.634109,-0.608652,-0.554112,0.828853,0.043075,-0.064093
1540581327.162662983,-0.346615,5.649595,-0.611737,-0.553713,0.829310,0.042850,-0.061734
1540581327.195252419,-0.351460,5.667064,-0.615355,-0.553285,0.829728,0.044513,-0.058691
1540581327.228822231,-0.356290,5.681237,-0.619258,-0.552430,0.830374,0.049035,-0.053817
1540581327.262295008,-0.363383,5.693409,-0.622273,-0.552122,0.830659,0.052516,-0.049087
1540581327.295116663,-0.371400,5.711440,-0.628747,-0.551242,0.831392,0.053922,-0.044863
1540581327.328679800,-0.378536,5.726440,-0.634084,-0.550590,0.832191,0.051843,-0.040264
1540581327.362435341,-0.384563,5.740319,-0.635280,-0.550477,0.832850,0.044451,-0.036879
1540581327.395648956,-0.387140,5.751623,-0.635661,-0.550009,0.833686,0.035409,-0.034686
1540581327.428981304,-0.387479,5.742426,-0.633515,-0.549923,0.834147,0.027208,-0.032287
1540581327.462009907,-0.386982,5.748389,-0.634314,-0.549632,0.834627,0.021745,-0.028785
1540581327.495008230,-0.382921,5.723337,-0.628549,-0.549644,0.834757,0.020438,-0.025589
1540581327.528702497,-0.377759,5.702004,-0.624319,-0.549701,0.834787,0.021907,-0.021926
1540581327.561987162,-0.373264,5.690443,-0.621077,-0.549654,0.834908,0.022019,-0.017997
1540581327.595839024,-0.371679,5.689615,-0.619272,-0.549787,0.834939,0.019967,-0.014595
1540581327.628145933,-0.367311,5.688214,-0.617497,-0.549640,0.835147,0.016622,-0.012175
1540581327.662050009,-0.363419,5.695057,-0.617486,-0.550131,0.834902,0.014884,-0.008568
1540581327.694925547,-0.363105,5.716831,-0.620136,-0.550251,0.834865,0.013997,-0.005278
1540581327.730147839,-0.363732,5.743746,-0.624185,-0.550917,0.834405,0.015998,-0.001833
1540581327.763561726,-0.364544,5.768201,-0.627472,-0.551324,0.834055,0.019735,0.002359
1540581327.798909187,-0.365024,5.779782,-0.629725,-0.551723,0.833773,0.019923,0.005318
1540581327.828638554,-0.361478,5.779126,-0.629894,-0.552592,0.833280,0.015532,0.006660
1540581327.863481045,-0.357509,5.784336,-0.630470,-0.553253,0.832960,0.006500,0.006820
1540581327.900038004,-0.357618,5.804389,-0.636105,-0.553436,0.832862,-0.003558,0.006040
1540581327.930548429,-0.356748,5.821072,-0.637581,-0.554104,0.832377,-0.009607,0.004979
1540581327.965274334,-0.356609,5.845613,-0.643976,-0.554796,0.831901,-0.010951,0.004743
1540581327.997589111,-0.356540,5.866950,-0.649239,-0.555126,0.831696,-0.010057,0.003924
1540581328.030889511,-0.356506,5.888041,-0.654033,-0.555689,0.831327,-0.009991,0.002226
1540581328.063978434,-0.357011,5.907188,-0.657741,-0.555855,0.831237,-0.008368,0.000199
1540581328.096502304,-0.359487,5.923040,-0.658041,-0.556057,0.831133,-0.003893,-0.001828
1540581328.130777836,-0.362055,5.938227,-0.656923,-0.555703,0.831366,-0.000551,-0.005014
1540581328.164493799,-0.362682,5.953255,-0.655751,-0.554902,0.831869,0.000496,-0.008866
1540581328.199588060,-0.363279,5.970154,-0.654776,-0.553978,0.832421,-0.000829,-0.013552
1540581328.230228424,-0.363924,5.984683,-0.655677,-0.552843,0.833059,-0.004541,-0.018902
1540581328.263674021,-0.362729,6.003508,-0.658613,-0.552218,0.833319,-0.007052,-0.024195
1540581328.297203064,-0.363914,6.016850,-0.663389,-0.550994,0.834035,-0.005261,-0.027635
1540581328.330925226,-0.367882,6.026465,-0.666085,-0.550782,0.834059,-0.000139,-0.031370
1540581328.364794016,-0.370319,6.043086,-0.668478,-0.551511,0.833416,0.007398,-0.034628
1540581328.397764921,-0.372179,6.060053,-0.671561,-0.551374,0.833335,0.013559,-0.036819
1540581328.431306124,-0.374485,6.075125,-0.674850,-0.550837,0.833489,0.016431,-0.040067
1540581328.465337753,-0.376234,6.091502,-0.677047,-0.550837,0.833304,0.019051,-0.042661
1540581328.499610662,-0.377892,6.107738,-0.677653,-0.550527,0.833358,0.019633,-0.045264
1540581328.532330751,-0.378757,6.125088,-0.677332,-0.550489,0.833231,0.016439,-0.049179
1540581328.566455841,-0.380658,6.141140,-0.678679,-0.549832,0.833514,0.014895,-0.052126
1540581328.599555492,-0.386679,6.150039,-0.681593,-0.549518,0.833559,0.017519,-0.053867
1540581328.634472609,-0.391328,6.163512,-0.684182,-0.550302,0.832760,0.023402,-0.055951
1540581328.666508913,-0.394933,6.177872,-0.686636,-0.550714,0.832218,0.030314,-0.056643
1540581328.700520515,-0.399197,6.193265,-0.690534,-0.550913,0.831843,0.033473,-0.058414
1540581328.737577915,-0.402859,6.211062,-0.693618,-0.550794,0.831698,0.033208,-0.061653
1540581328.767904758,-0.407370,6.224306,-0.694426,-0.551102,0.831285,0.033898,-0.064062
1540581328.802651644,-0.410272,6.242037,-0.697085,-0.551153,0.830957,0.035613,-0.066878
1540581328.835127831,-0.415083,6.255653,-0.698314,-0.550929,0.830826,0.039370,-0.068229
1540581328.869320869,-0.419956,6.271147,-0.698807,-0.551211,0.830287,0.043441,-0.070019
1540581328.903413773,-0.424970,6.293764,-0.703102,-0.552120,0.829313,0.048754,-0.070905
1540581328.935623884,-0.428549,6.312755,-0.706136,-0.552016,0.829178,0.051970,-0.071000
1540581328.969199896,-0.432594,6.332179,-0.708842,-0.551989,0.829096,0.052017,-0.072132
1540581329.003455400,-0.436939,6.353947,-0.712698,-0.551896,0.829067,0.052858,-0.072565
1540581329.036329508,-0.441371,6.373992,-0.715660,-0.550828,0.829735,0.054605,-0.071740
1540581329.070258379,-0.446354,6.393247,-0.717312,-0.550106,0.830192,0.056904,-0.070188
1540581329.103697062,-0.452120,6.413161,-0.718588,-0.549330,0.830719,0.059954,-0.067442
1540581329.138144970,-0.459135,6.433784,-0.721617,-0.547893,0.831834,0.060978,-0.064406
1540581329.171074152,-0.465547,6.447669,-0.723805,-0.546594,0.833011,0.059276,-0.061759
1540581329.204477310,-0.471169,6.465819,-0.728395,-0.546201,0.833598,0.058123,-0.058320
1540581329.238566160,-0.477226,6.479120,-0.734059,-0.545827,0.834286,0.055722,-0.054175
1540581329.272153854,-0.483128,6.490449,-0.739286,-0.545740,0.834943,0.048726,-0.051615
1540581329.305939913,-0.486983,6.497662,-0.742995,-0.545649,0.835675,0.037992,-0.049708
1540581329.339025736,-0.489996,6.498930,-0.744630,-0.544758,0.836834,0.026688,-0.047276
1540581329.372377157,-0.494594,6.513300,-0.743717,-0.543988,0.837733,0.016816,-0.044697
1540581329.406190157,-0.497687,6.526140,-0.741716,-0.543595,0.838233,0.011178,-0.041779
1540581329.439768553,-0.497278,6.535341,-0.739703,-0.543431,0.838561,0.009746,-0.037467
1540581329.474471092,-0.496360,6.544124,-0.738831,-0.543804,0.838514,0.009855,-0.032769
1540581329.507492065,-0.493618,6.552970,-0.737545,-0.543957,0.838566,0.010438,-0.028437
1540581329.540372133,-0.490029,6.556078,-0.738447,-0.544972,0.838032,0.011101,-0.024174
1540581329.573954105,-0.486855,6.561993,-0.739909,-0.545817,0.837589,0.011518,-0.019912
1540581329.607776403,-0.484325,6.570078,-0.741272,-0.546376,0.837301,0.012532,-0.015563
1540581329.642158747,-0.480930,6.577746,-0.742528,-0.547615,0.836536,0.014008,-0.011363
1540581329.674691677,-0.477134,6.580786,-0.745330,-0.548553,0.835957,0.014535,-0.007419
1540581329.709160328,-0.473606,6.587195,-0.746997,-0.549018,0.835717,0.011815,-0.004140
1540581329.741710901,-0.468532,6.589976,-0.747762,-0.550381,0.834880,0.007278,-0.001767
1540581329.775655031,-0.462893,6.595040,-0.748597,-0.551430,0.834218,0.002313,0.000753
1540581329.809769630,-0.459075,6.607542,-0.750708,-0.551387,0.834242,-0.002445,0.002603
1540581329.843515873,-0.457895,6.628363,-0.753962,-0.551966,0.833838,-0.005567,0.004014
1540581329.879953861,-0.455478,6.650520,-0.758588,-0.552935,0.833176,-0.006585,0.006030
1540581329.910504103,-0.454031,6.670734,-0.763069,-0.552438,0.833493,-0.007412,0.006852
1540581329.944687366,-0.453008,6.693628,-0.768348,-0.552412,0.833510,-0.006945,0.007365
1540581329.977266312,-0.453525,6.719350,-0.771595,-0.553384,0.832874,-0.003850,0.008562
1540581330.011875153,-0.451455,6.744759,-0.770100,-0.552949,0.833177,-0.002463,0.007594
1540581330.044224501,-0.447587,6.767375,-0.768873,-0.551852,0.833911,-0.004692,0.005380
1540581330.078323364,-0.440764,6.794411,-0.767316,-0.551153,0.834351,-0.009138,0.002367
1540581330.111707926,-0.433298,6.819239,-0.767789,-0.550215,0.834894,-0.014594,-0.001624
1540581330.146015167,-0.426931,6.839768,-0.770097,-0.549005,0.835590,-0.018712,-0.005704
1540581330.179440498,-0.425013,6.856503,-0.775266,-0.548498,0.835890,-0.019205,-0.008295
1540581330.212653875,-0.426036,6.871451,-0.781636,-0.548553,0.835870,-0.017212,-0.010663
1540581330.246155024,-0.427557,6.887602,-0.786501,-0.548891,0.835663,-0.014037,-0.013748
1540581330.280684710,-0.430294,6.900795,-0.791494,-0.548299,0.836081,-0.009486,-0.015711
1540581330.312849522,-0.433749,6.912773,-0.795409,-0.548283,0.836086,-0.005638,-0.017749
1540581330.348653078,-0.436193,6.927615,-0.796526,-0.548312,0.836008,-0.003948,-0.020685
1540581330.417506456,-0.437506,6.953841,-0.795412,-0.547716,0.836007,-0.014252,-0.029940
1540581330.448890448,-0.442869,6.961651,-0.800554,-0.547120,0.836211,-0.016713,-0.033627
1540581330.497640133,-0.442998,6.986202,-0.801230,-0.547810,0.835716,-0.009018,-0.037440
1540581330.531355143,-0.435937,7.016882,-0.798910,-0.548966,0.834929,-0.000596,-0.039114
1540581330.563421726,-0.439536,7.029062,-0.800601,-0.549429,0.834499,0.005110,-0.041398
1540581330.596761465,-0.447072,7.038678,-0.804269,-0.549364,0.834320,0.006200,-0.045506
1540581330.630317926,-0.453453,7.048009,-0.808036,-0.549902,0.833737,0.005747,-0.049575
1540581330.664220810,-0.458361,7.062089,-0.809583,-0.550322,0.833230,0.006957,-0.053159
1540581330.696943283,-0.464223,7.076261,-0.811406,-0.550031,0.833232,0.010629,-0.055469
1540581330.730282068,-0.471768,7.087802,-0.813642,-0.550845,0.832483,0.015395,-0.057489
1540581330.763715982,-0.479554,7.100206,-0.814965,-0.551427,0.831837,0.018767,-0.060197
1540581330.797305346,-0.486533,7.114647,-0.816301,-0.551013,0.831854,0.019949,-0.063284
1540581330.830242872,-0.494043,7.128582,-0.818023,-0.550335,0.832082,0.020436,-0.065972
1540581330.863667250,-0.502351,7.144155,-0.818979,-0.549565,0.832348,0.022251,-0.068416
1540581330.897335052,-0.510071,7.160401,-0.817514,-0.548331,0.832924,0.026960,-0.069597
1540581330.930673599,-0.519716,7.175246,-0.814609,-0.547086,0.833537,0.031825,-0.069995
1540581330.964137793,-0.531520,7.190971,-0.811670,-0.546006,0.834078,0.034587,-0.070674
1540581330.997164726,-0.543229,7.205857,-0.810081,-0.544984,0.834698,0.034758,-0.071162
1540581331.031001091,-0.553854,7.222447,-0.810722,-0.544561,0.835000,0.034347,-0.071051
1540581331.063691616,-0.562628,7.239607,-0.813524,-0.544609,0.835035,0.034321,-0.070283
1540581331.097416878,-0.571252,7.255595,-0.816296,-0.545241,0.834748,0.034324,-0.068779
1540581331.133767366,-0.579023,7.272400,-0.817931,-0.545255,0.834831,0.033397,-0.068114
1540581331.199566603,-0.589808,7.301052,-0.817692,-0.544512,0.835569,0.028378,-0.067270
1540581331.230631590,-0.591091,7.315125,-0.817059,-0.544152,0.835911,0.024149,-0.067589
1540581331.264798641,-0.590386,7.329476,-0.818381,-0.544225,0.835986,0.021431,-0.066994
1540581331.298117638,-0.590716,7.345262,-0.819255,-0.544138,0.836151,0.020271,-0.065983
1540581331.331406832,-0.588254,7.354848,-0.821574,-0.544831,0.835743,0.018234,-0.066039
1540581331.364794493,-0.585870,7.362975,-0.824554,-0.545675,0.835284,0.016568,-0.065305
1540581331.397547722,-0.583353,7.373654,-0.827464,-0.546591,0.834793,0.015920,-0.064072
1540581331.431120157,-0.580740,7.385356,-0.830970,-0.547539,0.834246,0.016513,-0.062936
1540581331.464409590,-0.578346,7.397567,-0.834569,-0.549262,0.833149,0.018748,-0.061824
1540581331.498059034,-0.574185,7.407849,-0.838469,-0.550248,0.832530,0.021603,-0.060447
1540581331.531717777,-0.571911,7.418787,-0.842187,-0.551030,0.832065,0.020329,-0.060180
1540581331.564499140,-0.570677,7.431697,-0.842490,-0.551268,0.831939,0.013785,-0.061580
1540581331.598229170,-0.565730,7.437402,-0.841557,-0.551362,0.831783,0.004640,-0.064149
1540581331.631570101,-0.559469,7.451675,-0.842429,-0.550890,0.832029,-0.002027,-0.065138
1540581331.665371418,-0.554419,7.475573,-0.842451,-0.550266,0.832469,-0.004283,-0.064682
1540581331.698350668,-0.550511,7.500576,-0.844042,-0.550379,0.832468,-0.001531,-0.063850
1540581331.731129169,-0.550351,7.526580,-0.841338,-0.548951,0.833582,0.006775,-0.061224
1540581331.765259743,-0.552922,7.555034,-0.840321,-0.547672,0.834528,0.011455,-0.059056
1540581331.798766136,-0.553504,7.583451,-0.841216,-0.546567,0.835348,0.008847,-0.058133
1540581331.831238985,-0.548884,7.606620,-0.844794,-0.545335,0.836212,0.004464,-0.057777
1540581331.865133047,-0.542554,7.623086,-0.846803,-0.543916,0.837244,0.001556,-0.056359
1540581331.898599386,-0.538469,7.641584,-0.850364,-0.544598,0.836943,0.002118,-0.054180
1540581331.931193829,-0.534654,7.658563,-0.853856,-0.545237,0.836663,0.005859,-0.051745
1540581331.964473248,-0.530421,7.672849,-0.861052,-0.545988,0.836345,0.010888,-0.048012
1540581331.998353958,-0.524039,7.679925,-0.863473,-0.546267,0.836319,0.010412,-0.045325
1540581332.031798363,-0.517928,7.683621,-0.861550,-0.546787,0.836073,0.004181,-0.044591
1540581332.065319300,-0.510112,7.687174,-0.860032,-0.547410,0.835720,-0.001608,-0.043728
1540581332.100914717,-0.505158,7.699218,-0.861931,-0.547140,0.836019,-0.003506,-0.041200
1540581332.131568670,-0.504216,7.715472,-0.863484,-0.547417,0.835974,-0.001112,-0.038479
1540581332.164945602,-0.502065,7.733610,-0.864453,-0.548870,0.835139,0.005383,-0.035434
1540581332.198109627,-0.496553,7.750821,-0.868134,-0.550213,0.834331,0.012598,-0.031587
1540581332.231752872,-0.492253,7.762333,-0.870245,-0.551010,0.833890,0.014354,-0.028434
1540581332.265514851,-0.491512,7.774528,-0.871476,-0.551362,0.833722,0.010867,-0.028111
1540581332.299913168,-0.490525,7.788750,-0.873187,-0.552289,0.833154,0.010171,-0.026958
1540581332.332438231,-0.490492,7.802052,-0.875974,-0.553057,0.832689,0.012041,-0.024736
1540581332.367615938,-0.491473,7.816306,-0.878654,-0.553249,0.832575,0.012979,-0.023786
1540581332.401546717,-0.491979,7.830235,-0.881037,-0.553886,0.832155,0.015170,-0.022325
1540581332.432216406,-0.492222,7.842507,-0.882229,-0.554458,0.831771,0.017307,-0.020814
1540581332.465333462,-0.493432,7.857738,-0.885389,-0.554629,0.831669,0.017590,-0.020106
1540581332.499113560,-0.494985,7.878457,-0.887469,-0.553880,0.832205,0.015804,-0.020042
1540581332.532620430,-0.497024,7.900717,-0.886527,-0.553386,0.832589,0.010999,-0.020932
1540581332.566261768,-0.495842,7.923360,-0.885702,-0.552313,0.833322,0.004942,-0.022346
1540581332.600728512,-0.495255,7.942070,-0.884610,-0.550534,0.834482,-0.000420,-0.023514
1540581332.632924080,-0.495547,7.954200,-0.883698,-0.549511,0.835136,-0.003497,-0.023952
1540581332.666573286,-0.497677,7.970149,-0.883187,-0.548803,0.835582,-0.005066,-0.024341
1540581332.701149702,-0.502142,7.987173,-0.883704,-0.548450,0.835825,-0.005544,-0.023860
1540581332.734276533,-0.507876,8.003320,-0.885573,-0.548804,0.835584,-0.006751,-0.023857
1540581332.766982317,-0.513114,8.025747,-0.887833,-0.548409,0.835791,-0.009018,-0.024882
1540581332.801103354,-0.519055,8.044456,-0.889437,-0.548358,0.835805,-0.010536,-0.024953
1540581332.835752726,-0.525294,8.057188,-0.890895,-0.548356,0.835786,-0.011390,-0.025263
1540581332.869293451,-0.531756,8.068065,-0.891883,-0.548024,0.835980,-0.011109,-0.026172
1540581332.902037382,-0.538101,8.081512,-0.893110,-0.547660,0.836209,-0.009802,-0.026951
1540581332.935411930,-0.544726,8.097966,-0.894391,-0.546962,0.836638,-0.008897,-0.028097
1540581332.969215155,-0.548313,8.114154,-0.894661,-0.546791,0.836689,-0.008549,-0.029970
1540581333.002931833,-0.550903,8.130273,-0.894893,-0.546878,0.836557,-0.008760,-0.031936
1540581333.034805775,-0.555536,8.145865,-0.898192,-0.547323,0.836174,-0.009670,-0.034030
1540581333.068322897,-0.560719,8.162587,-0.905290,-0.548074,0.835598,-0.008469,-0.036327
1540581333.102512121,-0.564659,8.180097,-0.908100,-0.548622,0.835176,-0.004793,-0.038379
1540581333.135725975,-0.567473,8.195888,-0.906488,-0.549062,0.834778,-0.002983,-0.040837
1540581333.169405222,-0.570356,8.207284,-0.901246,-0.550003,0.833935,-0.006134,-0.044843
1540581333.204403162,-0.573380,8.217760,-0.894086,-0.550271,0.833373,-0.014464,-0.049816
1540581333.237159491,-0.574751,8.232629,-0.892317,-0.549915,0.833013,-0.024695,-0.055431
1540581333.269828320,-0.575512,8.255794,-0.896885,-0.549187,0.832956,-0.030828,-0.060231
1540581333.303432703,-0.573322,8.283215,-0.905393,-0.548740,0.832952,-0.031694,-0.063809
1540581333.338543177,-0.575903,8.315926,-0.911383,-0.547583,0.833580,-0.028903,-0.066803
1540581333.371337414,-0.579168,8.347010,-0.917204,-0.547497,0.833611,-0.022770,-0.069431
1540581333.405561924,-0.585780,8.372751,-0.919378,-0.546987,0.833986,-0.013138,-0.071410
1540581333.438244104,-0.592595,8.391090,-0.918306,-0.545267,0.835009,-0.005786,-0.073559
1540581333.471869946,-0.600011,8.412630,-0.918256,-0.544075,0.835518,-0.002469,-0.076719
1540581333.505787134,-0.605088,8.437531,-0.920585,-0.542610,0.836174,-0.000584,-0.079920
1540581333.540507078,-0.607619,8.461599,-0.923815,-0.540868,0.836938,0.000540,-0.083648
1540581333.572199583,-0.610036,8.482842,-0.928999,-0.540126,0.837144,0.003243,-0.086275
1540581333.606982708,-0.611447,8.501412,-0.934584,-0.540024,0.836960,0.008257,-0.088338
1540581333.639870644,-0.611614,8.515686,-0.938557,-0.539921,0.836771,0.014949,-0.089869
1540581333.673676014,-0.609585,8.533550,-0.942020,-0.540198,0.836358,0.021634,-0.090682
1540581333.706841469,-0.604592,8.554466,-0.945318,-0.540292,0.836181,0.024784,-0.090945
1540581333.740696669,-0.603143,8.571174,-0.946659,-0.539977,0.836333,0.023252,-0.091825
1540581333.774922371,-0.604782,8.583477,-0.948602,-0.539964,0.836226,0.021591,-0.093269
1540581333.807331562,-0.608312,8.591852,-0.948719,-0.539543,0.836494,0.024411,-0.092603
1540581333.842121840,-0.610671,8.598983,-0.947369,-0.541289,0.835341,0.031075,-0.090809
1540581333.874876738,-0.607657,8.616342,-0.952121,-0.542327,0.834557,0.037566,-0.089352
1540581333.908638716,-0.600595,8.638359,-0.961800,-0.542943,0.834210,0.041649,-0.087018
1540581333.943042755,-0.597642,8.653855,-0.965810,-0.543625,0.833919,0.041027,-0.085834
1540581333.975796223,-0.597110,8.667908,-0.965212,-0.544411,0.833541,0.039783,-0.085114
1540581334.009381056,-0.596534,8.682833,-0.962811,-0.545684,0.832810,0.041098,-0.083468
1540581334.042843342,-0.595309,8.700561,-0.963684,-0.546565,0.832351,0.043329,-0.081121
1540581334.076257467,-0.593018,8.719109,-0.967752,-0.547505,0.831917,0.044403,-0.078625
1540581334.110152245,-0.591699,8.737690,-0.970044,-0.548513,0.831490,0.044500,-0.076010
1540581334.144796848,-0.592049,8.758432,-0.967811,-0.549757,0.830887,0.044713,-0.073447
1540581334.177917480,-0.592902,8.779556,-0.963762,-0.550494,0.830583,0.046152,-0.070413
1540581334.211708069,-0.595307,8.801055,-0.959212,-0.551416,0.830122,0.048423,-0.067028
1540581334.243964195,-0.596639,8.820417,-0.959276,-0.551462,0.830239,0.050753,-0.063387
1540581334.278881788,-0.599866,8.842153,-0.956653,-0.550926,0.830743,0.053896,-0.058668
1540581334.311999559,-0.603218,8.865673,-0.958700,-0.550334,0.831364,0.054915,-0.054329
1540581334.347317219,-0.607771,8.895319,-0.963795,-0.549595,0.832201,0.053091,-0.050682
1540581334.379335403,-0.608671,8.928663,-0.978305,-0.547868,0.833795,0.049633,-0.046506
1540581334.411955833,-0.611608,8.949737,-0.978135,-0.548114,0.833971,0.047640,-0.042342
1540581334.445720911,-0.615127,8.978816,-0.985188,-0.548213,0.834076,0.048173,-0.038197
1540581334.479329824,-0.615907,9.014076,-1.001396,-0.547454,0.834922,0.044977,-0.034298
1540581334.512705088,-0.615779,9.042442,-1.010880,-0.546598,0.835956,0.037559,-0.031594
1540581334.546701670,-0.617422,9.063672,-1.012163,-0.546721,0.836192,0.031179,-0.030102
1540581334.580389261,-0.620330,9.083175,-1.012503,-0.545978,0.836833,0.029181,-0.027705
1540581334.614912271,-0.622867,9.101995,-1.011420,-0.546101,0.836906,0.026659,-0.025517
1540581334.647391081,-0.622200,9.120808,-1.010385,-0.545968,0.837148,0.021679,-0.025143
1540581334.681483269,-0.622826,9.139995,-1.010737,-0.545882,0.837324,0.016993,-0.024750
1540581334.714960814,-0.624999,9.160154,-1.011114,-0.546159,0.837228,0.014408,-0.023480
1540581334.748404980,-0.629333,9.181005,-1.010506,-0.546682,0.836900,0.013809,-0.023367
1540581334.782063246,-0.633176,9.197709,-1.008872,-0.547940,0.836039,0.016581,-0.022917
1540581334.816061974,-0.636152,9.214961,-1.007515,-0.548975,0.835316,0.020026,-0.021712
1540581334.849342346,-0.637757,9.231995,-1.009099,-0.549938,0.834673,0.020273,-0.021874
1540581334.883320570,-0.637881,9.255628,-1.012791,-0.550514,0.834321,0.018538,-0.022362
1540581334.916057110,-0.639978,9.282787,-1.013458,-0.551044,0.834007,0.015148,-0.023516
1540581334.950398207,-0.641307,9.308706,-1.015437,-0.551804,0.833470,0.012344,-0.026220
1540581334.983363390,-0.641875,9.334663,-1.017314,-0.551897,0.833357,0.011419,-0.028205
1540581335.016945839,-0.641020,9.361566,-1.018881,-0.552124,0.833135,0.009765,-0.030822
1540581335.067909956,-0.636035,9.403256,-1.020873,-0.551527,0.833291,0.011153,-0.036333
1540581335.120581865,-0.635663,9.450044,-1.018867,-0.549918,0.834080,0.016375,-0.040391
1540581335.168828249,-0.632883,9.486073,-1.016213,-0.547823,0.835142,0.017100,-0.046209
1540581335.220694065,-0.634400,9.531495,-1.013929,-0.546186,0.835988,0.018133,-0.049760
1540581335.269203663,-0.635111,9.564569,-1.016290,-0.545172,0.836456,0.016109,-0.053566
1540581335.300406456,-0.638077,9.591801,-1.016788,-0.544891,0.836451,0.020400,-0.055032
1540581335.333906412,-0.644770,9.605538,-1.018490,-0.545656,0.835829,0.027397,-0.053845
1540581335.366692305,-0.651560,9.603742,-1.018709,-0.545780,0.835645,0.029679,-0.054228
1540581335.400409698,-0.658405,9.602916,-1.018364,-0.545617,0.835700,0.029198,-0.055262
1540581335.434101105,-0.663870,9.611323,-1.018511,-0.546027,0.835433,0.028193,-0.055777
1540581335.467226267,-0.666053,9.634460,-1.019301,-0.545701,0.835608,0.027833,-0.056530
1540581335.500622034,-0.669133,9.655565,-1.021164,-0.545659,0.835595,0.029406,-0.056324
1540581335.535167217,-0.673231,9.673799,-1.022912,-0.546167,0.835255,0.031122,-0.055520
1540581335.567168236,-0.675415,9.694799,-1.024872,-0.546623,0.834929,0.032140,-0.055356
1540581335.601226807,-0.677526,9.717289,-1.027791,-0.547107,0.834591,0.034774,-0.054069
1540581335.635331154,-0.680669,9.738691,-1.029796,-0.547502,0.834305,0.037260,-0.052812
1540581335.666880608,-0.684520,9.757605,-1.030988,-0.548285,0.833753,0.040218,-0.051209
1540581335.701329947,-0.688876,9.778837,-1.032811,-0.548866,0.833329,0.044077,-0.048649
1540581335.733585596,-0.693755,9.803451,-1.035022,-0.548941,0.833307,0.046175,-0.046166
1540581335.766650200,-0.698674,9.830369,-1.035750,-0.549992,0.832763,0.045781,-0.043803
1540581335.800761461,-0.702912,9.854949,-1.035294,-0.550780,0.832486,0.042840,-0.042111
1540581335.834053278,-0.705244,9.875350,-1.035145,-0.550565,0.832896,0.039575,-0.039944
1540581335.867491722,-0.706957,9.897480,-1.036225,-0.551287,0.832629,0.038072,-0.036910
1540581335.900719881,-0.708570,9.917765,-1.036283,-0.551318,0.832619,0.041639,-0.032566
1540581335.933633566,-0.710166,9.939676,-1.034874,-0.550233,0.833188,0.047934,-0.027273
1540581335.967180252,-0.711268,9.965605,-1.033775,-0.549562,0.833520,0.052455,-0.021781
1540581336.001353979,-0.713441,9.992717,-1.031030,-0.549034,0.833966,0.052579,-0.017268
1540581336.033744097,-0.715122,10.012584,-1.029964,-0.547804,0.835149,0.047298,-0.014153
1540581336.067450047,-0.716501,10.032120,-1.030086,-0.547646,0.835612,0.041473,-0.010757
1540581336.101234674,-0.718244,10.052455,-1.029881,-0.548079,0.835619,0.036021,-0.007310
1540581336.134836197,-0.721229,10.075834,-1.031691,-0.547885,0.836075,0.027894,-0.004865
1540581336.167030811,-0.725825,10.102248,-1.034871,-0.546709,0.837035,0.021792,-0.002512
1540581336.201451063,-0.729561,10.126758,-1.036183,-0.546662,0.837087,0.021115,0.000742
1540581336.234387159,-0.732372,10.147448,-1.035692,-0.547001,0.836845,0.021671,0.003338
1540581336.267708302,-0.734573,10.166588,-1.035602,-0.546799,0.836991,0.020871,0.004690
1540581336.301934958,-0.737230,10.188908,-1.037407,-0.546532,0.837194,0.019416,0.005674
1540581336.334274054,-0.740074,10.214797,-1.040496,-0.547196,0.836811,0.017001,0.005901
1540581336.367636204,-0.740362,10.232307,-1.042133,-0.548457,0.836020,0.015471,0.005167
1540581336.400368214,-0.741366,10.251807,-1.045214,-0.548551,0.835961,0.015336,0.005077
1540581336.434610844,-0.743629,10.276047,-1.050655,-0.549303,0.835461,0.015723,0.004994
1540581336.467256069,-0.746332,10.289840,-1.054331,-0.550513,0.834604,0.018750,0.004461
1540581336.501159191,-0.750049,10.307180,-1.058096,-0.551130,0.834073,0.023612,0.004578
1540581336.534453392,-0.754564,10.332262,-1.061184,-0.551802,0.833595,0.024953,0.003352
1540581336.567703962,-0.758270,10.359887,-1.065071,-0.552726,0.833031,0.023459,0.001578
1540581336.601678848,-0.760592,10.386187,-1.068524,-0.553615,0.832514,0.020736,-0.001169
1540581336.635889769,-0.760982,10.408096,-1.072598,-0.554200,0.832156,0.018982,-0.004358
1540581336.667547226,-0.762594,10.429510,-1.078500,-0.554182,0.832139,0.019346,-0.007313
1540581336.701357603,-0.764584,10.451918,-1.081644,-0.554934,0.831488,0.024151,-0.009626
1540581336.735575676,-0.767192,10.476842,-1.081881,-0.554663,0.831436,0.030255,-0.012152
1540581336.770016909,-0.770439,10.504026,-1.080103,-0.554250,0.831469,0.035033,-0.015467
1540581336.801751852,-0.775855,10.530750,-1.076270,-0.553853,0.831469,0.039515,-0.018570
1540581336.834084034,-0.783119,10.559812,-1.071623,-0.552628,0.832065,0.042188,-0.022153
1540581336.868159533,-0.789054,10.588020,-1.068060,-0.551332,0.832863,0.040734,-0.026711
1540581336.901339531,-0.790481,10.622814,-1.066087,-0.550984,0.833018,0.038478,-0.031906
1540581336.935295343,-0.793134,10.652576,-1.065486,-0.550030,0.833432,0.039532,-0.035981
1540581336.967847824,-0.796462,10.678569,-1.069400,-0.549735,0.833410,0.040772,-0.039463
1540581337.002038717,-0.801723,10.703794,-1.073029,-0.550572,0.832448,0.045220,-0.043087
1540581337.034555435,-0.805373,10.723708,-1.074131,-0.550932,0.831595,0.053307,-0.045625
1540581337.068838120,-0.807657,10.756491,-1.079084,-0.549431,0.832080,0.059753,-0.046889
1540581337.101589680,-0.809120,10.788754,-1.081227,-0.549975,0.831584,0.059231,-0.049871
1540581337.137989283,-0.810275,10.808949,-1.080888,-0.550030,0.831587,0.054272,-0.054621
1540581337.169573069,-0.811451,10.844009,-1.083483,-0.549273,0.832125,0.050632,-0.057478
1540581337.202711105,-0.819056,10.869738,-1.089362,-0.548474,0.832576,0.048490,-0.060348
1540581337.236383200,-0.827679,10.890670,-1.093166,-0.549588,0.831583,0.050387,-0.062318
1540581337.270512342,-0.832773,10.915506,-1.097377,-0.550360,0.830754,0.053697,-0.063789
1540581337.302866936,-0.836822,10.946786,-1.103355,-0.550777,0.830234,0.055992,-0.064972
1540581337.337946415,-0.839312,10.972821,-1.110144,-0.551507,0.829618,0.057298,-0.065509
1540581337.369498968,-0.842786,10.999861,-1.115677,-0.552109,0.829157,0.056806,-0.066687
1540581337.403725147,-0.846217,11.034632,-1.124855,-0.551880,0.829259,0.057105,-0.067063
1540581337.437844515,-0.851378,11.065635,-1.130600,-0.552055,0.829178,0.058491,-0.065407
1540581337.470486164,-0.857631,11.094133,-1.135253,-0.552920,0.828630,0.058997,-0.064586
1540581337.504389524,-0.863859,11.125792,-1.141713,-0.552639,0.828800,0.061345,-0.062585
1540581337.539081573,-0.871963,11.159509,-1.150337,-0.552363,0.829035,0.064606,-0.058496
1540581337.571062803,-0.879114,11.190598,-1.154263,-0.551535,0.829747,0.065275,-0.055396
1540581337.604293346,-0.888069,11.224976,-1.160139,-0.550694,0.830427,0.066338,-0.052222
1540581337.639068842,-0.896956,11.262653,-1.166077,-0.549857,0.831381,0.064158,-0.048454
1540581337.671101570,-0.904140,11.294817,-1.168519,-0.549811,0.832039,0.057742,-0.045649
1540581337.705214977,-0.911706,11.329092,-1.172481,-0.549503,0.832799,0.051841,-0.042484
1540581337.738629818,-0.917767,11.361864,-1.177505,-0.548011,0.834440,0.042933,-0.039382
1540581337.772001266,-0.927574,11.403912,-1.181425,-0.547764,0.835235,0.030837,-0.037243
1540581337.806059122,-0.936374,11.443288,-1.183789,-0.548196,0.835321,0.022479,-0.034863
1540581337.839882851,-0.942722,11.479375,-1.186072,-0.547272,0.836163,0.018325,-0.031455
1540581337.873363733,-0.949629,11.519293,-1.187022,-0.546960,0.836566,0.014277,-0.028096
1540581337.906843185,-0.950654,11.542007,-1.188389,-0.546961,0.836701,0.009647,-0.025905
1540581337.940967798,-0.950315,11.565193,-1.190668,-0.547111,0.836730,0.005701,-0.022780
1540581337.974359989,-0.950404,11.596250,-1.192530,-0.547325,0.836690,0.003002,-0.019398
1540581338.007628441,-0.948343,11.615774,-1.194308,-0.549215,0.835513,0.003558,-0.016382
1540581338.041683197,-0.944126,11.635968,-1.198725,-0.549208,0.835559,0.008262,-0.011950
1540581338.074451923,-0.940357,11.652521,-1.206240,-0.550008,0.835056,0.010763,-0.007621
1540581338.108408689,-0.936643,11.673064,-1.211577,-0.551260,0.834271,0.008814,-0.005064
1540581338.141978979,-0.932557,11.691280,-1.214101,-0.551945,0.833860,0.004984,-0.003251
1540581338.175447464,-0.928307,11.701998,-1.213057,-0.552807,0.833303,-0.002490,-0.002095
1540581338.209763050,-0.923315,11.727349,-1.211783,-0.552966,0.833060,-0.015259,-0.002584
1540581338.243175030,-0.920449,11.754794,-1.211894,-0.553625,0.832381,-0.025016,-0.003825
1540581338.276182175,-0.922172,11.799035,-1.221278,-0.553480,0.832450,-0.025955,-0.003600
1540581338.311480284,-0.923110,11.838995,-1.226092,-0.553831,0.832354,-0.021112,-0.003435
1540581338.343465090,-0.923649,11.875857,-1.230547,-0.554521,0.831989,-0.016919,-0.003978
1540581338.376890182,-0.922525,11.908900,-1.235091,-0.554440,0.832102,-0.013178,-0.005372
1540581338.412445545,-0.921585,11.948620,-1.239308,-0.553317,0.832896,-0.008654,-0.007039
1540581338.443941355,-0.920943,11.981577,-1.240146,-0.553205,0.832991,-0.003465,-0.008898
1540581338.477564335,-0.920700,12.015994,-1.239293,-0.552488,0.833444,0.001980,-0.011197
1540581338.514197588,-0.922819,12.057454,-1.239660,-0.551560,0.834004,0.004732,-0.014010
1540581338.544742107,-0.924670,12.088051,-1.241456,-0.550957,0.834336,0.005046,-0.017478
1540581338.578823090,-0.924355,12.126030,-1.243103,-0.550565,0.834502,0.006567,-0.021033
1540581338.612862349,-0.925558,12.158340,-1.247689,-0.550723,0.834311,0.009071,-0.023386
1540581338.646781921,-0.928130,12.175983,-1.252421,-0.551229,0.833845,0.013602,-0.025751
1540581338.679534674,-0.930118,12.197202,-1.256205,-0.552042,0.833106,0.020989,-0.027275
1540581338.713995934,-0.933412,12.229200,-1.261555,-0.551315,0.833427,0.025354,-0.028437
1540581338.746252298,-0.934148,12.264321,-1.257210,-0.551331,0.833385,0.021740,-0.032099
1540581338.780592442,-0.932166,12.298685,-1.252814,-0.551555,0.833193,0.015117,-0.036717
1540581338.813784599,-0.939203,12.317169,-1.259412,-0.550558,0.833756,0.012524,-0.039748
1540581338.848575354,-0.950641,12.324875,-1.268746,-0.550383,0.833697,0.014413,-0.042659
1540581338.880834579,-0.958148,12.326268,-1.274789,-0.551412,0.832823,0.019184,-0.044527
1540581338.915564060,-0.961040,12.346104,-1.279132,-0.552090,0.832154,0.023857,-0.046329
1540581338.948005915,-0.961511,12.374123,-1.282492,-0.552033,0.832010,0.024226,-0.049321
1540581338.981864452,-0.960956,12.405162,-1.284940,-0.552664,0.831439,0.023594,-0.052098
1540581339.015662909,-0.961710,12.436419,-1.287757,-0.552534,0.831379,0.023429,-0.054456
1540581339.049360752,-0.966234,12.464736,-1.290749,-0.552314,0.831349,0.023259,-0.057157
1540581339.083241463,-0.969260,12.496348,-1.293332,-0.552678,0.830935,0.023388,-0.059558
1540581339.116377592,-0.971780,12.532872,-1.295732,-0.553076,0.830586,0.025320,-0.059936
1540581339.150261402,-0.976333,12.571460,-1.299856,-0.552359,0.830994,0.026171,-0.060533
1540581339.183628321,-0.985054,12.607679,-1.304654,-0.551905,0.831242,0.027055,-0.060879
1540581339.217681646,-0.993532,12.644602,-1.308410,-0.551804,0.831265,0.030241,-0.059967
1540581339.252292633,-0.999505,12.680610,-1.310578,-0.550647,0.831994,0.033962,-0.058477
1540581339.321161985,-1.016314,12.751311,-1.314241,-0.549304,0.832965,0.037733,-0.054868
1540581339.351933241,-1.023513,12.784020,-1.316734,-0.548013,0.833883,0.039799,-0.052319
1540581339.385747671,-1.033353,12.819759,-1.321083,-0.547290,0.834498,0.040558,-0.049424
1540581339.419620037,-1.043994,12.853498,-1.326286,-0.547307,0.834642,0.040256,-0.046980
1540581339.489143372,-1.062647,12.931533,-1.337940,-0.547605,0.834903,0.036641,-0.041501
1540581339.557546377,-1.075441,12.994233,-1.345000,-0.547068,0.835714,0.030200,-0.037227
1540581339.603612900,-1.090358,13.037622,-1.349686,-0.547223,0.835831,0.028212,-0.033722
1540581339.657213211,-1.088814,13.080464,-1.349104,-0.546961,0.836286,0.021241,-0.031770
1540581339.705150366,-1.097103,13.125140,-1.355556,-0.547105,0.836396,0.017310,-0.028619
1540581339.736238480,-1.096012,13.148267,-1.358248,-0.548132,0.835805,0.014658,-0.027697
1540581339.769413948,-1.092957,13.162027,-1.360771,-0.548673,0.835503,0.015009,-0.025838
1540581339.803040028,-1.090650,13.181950,-1.364929,-0.549940,0.834711,0.016573,-0.023421
1540581339.836614370,-1.089746,13.203258,-1.368405,-0.550712,0.834237,0.015901,-0.022641
1540581339.870460033,-1.089332,13.223448,-1.371882,-0.552100,0.833364,0.014858,-0.021642
1540581339.902674437,-1.089955,13.246632,-1.374800,-0.552875,0.832907,0.012398,-0.020996
1540581339.936786652,-1.090956,13.270145,-1.378643,-0.553693,0.832401,0.008414,-0.021519
1540581339.970923662,-1.090658,13.286031,-1.382841,-0.554922,0.831589,0.005218,-0.022231
1540581340.003178358,-1.091034,13.309193,-1.385587,-0.555153,0.831428,0.002736,-0.022911
1540581340.037431717,-1.090413,13.334840,-1.387334,-0.555880,0.830891,0.000943,-0.024828
1540581340.070446968,-1.085314,13.353792,-1.390687,-0.555918,0.830820,0.002518,-0.026223
1540581340.102999687,-1.082873,13.386317,-1.392840,-0.555473,0.831079,0.008021,-0.026339
1540581340.135953665,-1.081969,13.422112,-1.393435,-0.555706,0.830813,0.011925,-0.028251
1540581340.170524120,-1.080807,13.455493,-1.392918,-0.554800,0.831278,0.014479,-0.031065
1540581340.202993393,-1.083034,13.495650,-1.393725,-0.553039,0.832337,0.015448,-0.033542
1540581340.236794233,-1.088002,13.543919,-1.396228,-0.551346,0.833336,0.013594,-0.037200
1540581340.269895554,-1.087714,13.582287,-1.397383,-0.550761,0.833557,0.012847,-0.040987
1540581340.303192377,-1.088850,13.622974,-1.400465,-0.549521,0.834232,0.014361,-0.043320
1540581340.336390018,-1.092181,13.665558,-1.406171,-0.548853,0.834520,0.015455,-0.045802
1540581340.369678974,-1.095035,13.703427,-1.412413,-0.548890,0.834298,0.018496,-0.048207
1540581340.403251886,-1.099710,13.738617,-1.419545,-0.549303,0.833792,0.025722,-0.048943
1540581340.437322140,-1.105516,13.778438,-1.423368,-0.548562,0.834043,0.031265,-0.049746
1540581340.469942570,-1.112461,13.817360,-1.428060,-0.548538,0.833958,0.030212,-0.052038
1540581340.504141569,-1.117675,13.846950,-1.433727,-0.548508,0.833954,0.024201,-0.055447
1540581340.536717892,-1.121803,13.872615,-1.438773,-0.547412,0.834595,0.018467,-0.058740
1540581340.570216179,-1.128077,13.897253,-1.443214,-0.546981,0.834740,0.016907,-0.061112
1540581340.603301525,-1.130687,13.925469,-1.449391,-0.548281,0.833651,0.021003,-0.063035
1540581340.636951208,-1.135136,13.959204,-1.455998,-0.547650,0.833777,0.026490,-0.064762
1540581340.670345545,-1.140397,13.995249,-1.463097,-0.548024,0.833310,0.029109,-0.066459
1540581340.703201771,-1.145936,14.025106,-1.468921,-0.548555,0.832704,0.029334,-0.069508
1540581340.737166643,-1.150879,14.052122,-1.474233,-0.548513,0.832448,0.031505,-0.071910
1540581340.770491600,-1.157820,14.081107,-1.478686,-0.548249,0.832361,0.034352,-0.073606
1540581340.803825378,-1.166613,14.109110,-1.481218,-0.548815,0.831651,0.036872,-0.076148
1540581340.836876869,-1.173082,14.138567,-1.484694,-0.549354,0.830964,0.041272,-0.077498
1540581340.870473385,-1.180316,14.167170,-1.488346,-0.549792,0.830428,0.046120,-0.077402
1540581340.903669834,-1.187756,14.197411,-1.491078,-0.550096,0.830010,0.048733,-0.078119
1540581340.936913252,-1.197134,14.230870,-1.495855,-0.550399,0.829651,0.051948,-0.077723
1540581340.970271349,-1.211213,14.262413,-1.500768,-0.550362,0.829601,0.055063,-0.076366
1540581341.003575563,-1.223241,14.290756,-1.501388,-0.549476,0.830123,0.057222,-0.075479
1540581341.036674023,-1.237986,14.333681,-1.506874,-0.548841,0.830490,0.059840,-0.074018
1540581341.070421696,-1.255478,14.376724,-1.511220,-0.547103,0.831817,0.060643,-0.071280
1540581341.104718447,-1.266725,14.405056,-1.509013,-0.546653,0.832451,0.058729,-0.068895
1540581341.136911392,-1.275056,14.423073,-1.505365,-0.546231,0.833035,0.057854,-0.065859
1540581341.170594454,-1.284691,14.450233,-1.504284,-0.545902,0.833561,0.056983,-0.062605
1540581341.203767776,-1.292196,14.471252,-1.502233,-0.545769,0.834232,0.050678,-0.060208
1540581341.237883091,-1.299817,14.497199,-1.502028,-0.546234,0.834550,0.040662,-0.059167
1540581341.270789385,-1.303791,14.511400,-1.506211,-0.545823,0.835274,0.032467,-0.057788
1540581341.303536654,-1.308997,14.525132,-1.507962,-0.545377,0.835886,0.029027,-0.054920
1540581341.339321852,-1.315617,14.563605,-1.505195,-0.545865,0.835678,0.033121,-0.050756
1540581341.370203495,-1.317540,14.592469,-1.505254,-0.546173,0.835427,0.039887,-0.046542
1540581341.404374838,-1.317495,14.596186,-1.510345,-0.546447,0.835327,0.043005,-0.042136
1540581341.436807394,-1.317662,14.609013,-1.514659,-0.546653,0.835497,0.039577,-0.039354
1540581341.470631123,-1.318640,14.626658,-1.518165,-0.547081,0.835560,0.034492,-0.036771
1540581341.503652811,-1.319800,14.638625,-1.523780,-0.547600,0.835445,0.032198,-0.033584
1540581341.538037777,-1.322775,14.660086,-1.528397,-0.548205,0.835180,0.032464,-0.029863
1540581341.570279837,-1.318591,14.656632,-1.529375,-0.549276,0.834517,0.034299,-0.026452
1540581341.604233980,-1.315262,14.656746,-1.532748,-0.550398,0.833839,0.035167,-0.023206
1540581341.636995554,-1.313112,14.658511,-1.537466,-0.550768,0.833825,0.030423,-0.021568
1540581341.671246290,-1.310914,14.675689,-1.540489,-0.551062,0.833934,0.021110,-0.020986
1540581341.705647230,-1.308012,14.695255,-1.544329,-0.552039,0.833459,0.013154,-0.020621
1540581341.738348007,-1.302773,14.713571,-1.543172,-0.552871,0.832982,0.008204,-0.020174
1540581341.770929813,-1.303963,14.735969,-1.549623,-0.552919,0.832975,0.006181,-0.019864
1540581341.804840326,-1.304247,14.771177,-1.555749,-0.554009,0.832258,0.008037,-0.018853
1540581341.838241339,-1.304684,14.800949,-1.560475,-0.554856,0.831674,0.011027,-0.018214
1540581341.871429920,-1.304270,14.825711,-1.565900,-0.555102,0.831474,0.012325,-0.018968
1540581341.905534029,-1.304404,14.867829,-1.568668,-0.554452,0.831870,0.013600,-0.019778
1540581341.939038754,-1.303770,14.896206,-1.571731,-0.554885,0.831502,0.016015,-0.021231
1540581341.972838402,-1.298270,14.905645,-1.571239,-0.553588,0.832274,0.018785,-0.022545
1540581342.006175041,-1.296443,14.934193,-1.566770,-0.552085,0.833232,0.017909,-0.024631
1540581342.039103270,-1.293870,14.960323,-1.565212,-0.551764,0.833387,0.013064,-0.029172
1540581342.072909594,-1.289044,14.983926,-1.564542,-0.549846,0.834558,0.010172,-0.032840
1540581342.106026411,-1.290312,15.003783,-1.563001,-0.548845,0.835122,0.008425,-0.035638
1540581342.140100479,-1.290000,15.028496,-1.564609,-0.549170,0.834737,0.006698,-0.039758
1540581342.173941612,-1.285222,15.057073,-1.567726,-0.549058,0.834647,0.007043,-0.043018
1540581342.208152771,-1.282056,15.081245,-1.569933,-0.548226,0.835057,0.005918,-0.045750
1540581342.240475416,-1.283895,15.109310,-1.573434,-0.548018,0.835020,0.003840,-0.049029
1540581342.274646759,-1.282743,15.131197,-1.574809,-0.548842,0.834328,0.005088,-0.051421
1540581342.307962179,-1.281116,15.153073,-1.573375,-0.548316,0.834553,0.004418,-0.053393
1540581342.341910124,-1.285409,15.182554,-1.577244,-0.547433,0.834941,-0.001406,-0.056464
1540581342.375618458,-1.292471,15.209877,-1.585960,-0.547430,0.834760,-0.004354,-0.058973
1540581342.408993006,-1.300300,15.227614,-1.595272,-0.547589,0.834628,-0.000047,-0.059521
1540581342.442095280,-1.307830,15.257829,-1.601690,-0.547456,0.834633,0.005041,-0.060443
1540581342.476228237,-1.313625,15.285425,-1.607847,-0.548662,0.833708,0.008035,-0.061947
1540581342.510076284,-1.317774,15.309563,-1.613995,-0.549319,0.833129,0.009730,-0.063645
1540581342.544196606,-1.322145,15.336979,-1.619199,-0.549256,0.833011,0.009923,-0.065665
1540581342.577960014,-1.327686,15.359490,-1.624962,-0.550074,0.832323,0.010349,-0.067453
1540581342.610842228,-1.333765,15.379398,-1.630558,-0.550484,0.831930,0.013171,-0.068454
1540581342.644290924,-1.340298,15.406936,-1.635165,-0.550314,0.831925,0.016659,-0.069127
1540581342.678886414,-1.345575,15.431565,-1.637376,-0.550797,0.831489,0.019194,-0.069855
1540581342.711875916,-1.352144,15.460526,-1.641572,-0.551158,0.831170,0.021011,-0.070281
1540581342.744891167,-1.359891,15.490449,-1.645071,-0.550590,0.831533,0.022440,-0.069995
1540581342.781049728,-1.369008,15.515577,-1.646238,-0.549729,0.832127,0.023367,-0.069397
1540581342.811798573,-1.377269,15.527966,-1.644334,-0.549289,0.832405,0.026989,-0.068238
1540581342.846015692,-1.385755,15.540251,-1.639634,-0.548146,0.833117,0.034811,-0.065121
1540581342.879206419,-1.393203,15.566633,-1.637610,-0.547446,0.833520,0.040025,-0.062805
1540581342.913945913,-1.401505,15.606453,-1.638967,-0.547358,0.833645,0.041467,-0.060949
1540581342.946623802,-1.409000,15.645916,-1.642403,-0.547017,0.834101,0.039436,-0.059105
1540581342.980033159,-1.415740,15.682079,-1.648151,-0.547058,0.834425,0.032831,-0.058179
1540581343.014120340,-1.421167,15.698660,-1.649419,-0.546618,0.835025,0.025459,-0.057393
1540581343.047386408,-1.425887,15.702508,-1.648991,-0.546151,0.835560,0.022182,-0.055376
1540581343.080953598,-1.429922,15.707097,-1.647509,-0.546376,0.835565,0.021621,-0.053263
1540581343.114734173,-1.431618,15.714145,-1.643488,-0.545789,0.836075,0.022853,-0.050704
1540581343.147845984,-1.431118,15.725370,-1.640978,-0.545888,0.836186,0.024434,-0.046923
1540581343.183470964,-1.431778,15.733510,-1.641757,-0.547188,0.835493,0.023863,-0.044358
1540581343.215344667,-1.427853,15.736637,-1.642706,-0.547309,0.835562,0.022618,-0.042163
1540581343.249319553,-1.422374,15.725562,-1.642244,-0.548251,0.835134,0.021027,-0.039118
1540581343.283611774,-1.419134,15.722352,-1.641087,-0.549611,0.834382,0.019630,-0.036740
1540581343.316531181,-1.413400,15.712800,-1.644939,-0.551027,0.833545,0.019950,-0.034263
1540581343.349493980,-1.407676,15.739563,-1.650762,-0.551045,0.833686,0.018724,-0.031095
1540581343.384203672,-1.401927,15.753736,-1.655943,-0.552557,0.832839,0.014152,-0.029302
1540581343.416894436,-1.391734,15.747858,-1.655583,-0.553024,0.832640,0.008881,-0.028228
1540581343.451693535,-1.381617,15.740628,-1.653344,-0.553379,0.832493,0.002020,-0.026892
1540581343.484231234,-1.378557,15.753699,-1.650509,-0.553665,0.832299,-0.005126,-0.026588
1540581343.517565727,-1.374565,15.760833,-1.648640,-0.553927,0.832084,-0.010543,-0.026255
1540581343.552206993,-1.374925,15.778440,-1.650826,-0.553854,0.832102,-0.014295,-0.025451
1540581343.587945461,-1.376469,15.810922,-1.656787,-0.554426,0.831719,-0.015531,-0.024774
1540581343.620402098,-1.372591,15.844126,-1.663588,-0.554945,0.831465,-0.012027,-0.023606
1540581343.652087450,-1.365460,15.866148,-1.664423,-0.554131,0.832147,-0.004218,-0.021273
1540581343.686242342,-1.361665,15.900185,-1.667279,-0.554277,0.832105,0.004210,-0.018977
1540581343.718972683,-1.355332,15.912192,-1.668236,-0.553754,0.832440,0.006898,-0.018779
1540581343.753365517,-1.346935,15.921099,-1.664489,-0.553184,0.832815,0.004915,-0.019553
1540581343.786670446,-1.342134,15.946251,-1.665015,-0.552612,0.833200,0.003523,-0.019625
1540581343.819956064,-1.339713,15.973470,-1.669841,-0.552759,0.833090,0.004149,-0.020050
1540581343.853729725,-1.338188,16.005561,-1.675051,-0.552539,0.833226,0.006694,-0.019746
1540581343.887582064,-1.337521,16.027142,-1.682902,-0.553893,0.832281,0.010959,-0.019751
1540581343.920990229,-1.336569,16.036537,-1.691311,-0.554444,0.831846,0.016199,-0.019049
1540581343.954737425,-1.335615,16.041108,-1.697725,-0.554533,0.831720,0.019297,-0.019034
1540581343.988123655,-1.335274,16.040098,-1.697755,-0.554661,0.831605,0.020221,-0.019368
1540581344.021866322,-1.334333,16.017209,-1.699433,-0.555105,0.831307,0.019056,-0.020587
1540581344.056570530,-1.334892,16.001803,-1.698600,-0.554700,0.831574,0.016223,-0.023003
1540581344.107904673,-1.331662,16.013360,-1.690606,-0.554857,0.831407,0.014940,-0.025923
1540581344.159163237,-1.342873,15.970383,-1.688145,-0.554612,0.831408,0.019858,-0.027781
1540581344.206252575,-1.344376,15.983203,-1.690215,-0.554976,0.831013,0.023036,-0.029809
1540581344.241859674,-1.350224,15.974109,-1.690413,-0.554870,0.831016,0.023112,-0.031582
1540581344.272422314,-1.357351,15.959502,-1.690695,-0.554553,0.831196,0.021308,-0.033624
1540581344.307005167,-1.363673,15.953779,-1.690613,-0.554101,0.831487,0.019147,-0.035140
1540581344.338877916,-1.368266,15.954264,-1.689925,-0.554217,0.831405,0.017513,-0.036103
1540581344.372929096,-1.374944,15.954626,-1.690055,-0.553699,0.831721,0.015517,-0.037631
1540581344.406360149,-1.380982,15.956968,-1.691196,-0.553590,0.831793,0.013977,-0.038249
1540581344.439953804,-1.380593,15.962245,-1.690865,-0.554326,0.831333,0.015241,-0.037092
1540581344.473225832,-1.381285,15.969264,-1.691384,-0.554231,0.831373,0.018343,-0.036186
1540581344.505498648,-1.386532,15.967912,-1.689116,-0.553844,0.831613,0.022679,-0.034092
1540581344.539871454,-1.391230,15.969240,-1.687408,-0.554778,0.830979,0.027439,-0.030686
1540581344.572634220,-1.396841,15.971424,-1.685606,-0.554460,0.831168,0.030597,-0.028230
1540581344.606635571,-1.409957,15.976440,-1.683617,-0.553826,0.831656,0.030835,-0.025972
1540581344.639532566,-1.422484,15.983494,-1.683572,-0.554147,0.831610,0.027576,-0.024215
1540581344.673665762,-1.427585,15.992650,-1.680715,-0.553703,0.832040,0.025571,-0.021641
1540581344.706598759,-1.432091,16.001981,-1.677388,-0.553088,0.832554,0.024035,-0.019236
1540581344.739607811,-1.436626,16.011869,-1.672781,-0.553256,0.832559,0.022036,-0.016379
1540581344.773162842,-1.441013,16.020828,-1.669389,-0.553525,0.832516,0.018483,-0.013642
1540581344.806139946,-1.441086,16.023560,-1.663753,-0.553292,0.832795,0.012506,-0.012794
1540581344.839840412,-1.431744,16.011707,-1.653403,-0.553716,0.832585,0.010201,-0.009796
1540581344.873377800,-1.424140,16.005385,-1.653283,-0.555032,0.831733,0.011107,-0.006111
1540581344.906534433,-1.414137,15.988136,-1.652216,-0.555040,0.831714,0.012463,-0.005162
1540581344.939187050,-1.406133,15.971047,-1.649826,-0.554436,0.832061,0.016410,-0.002464
1540581344.972620726,-1.400610,15.971042,-1.651968,-0.554915,0.831685,0.019195,0.000383
1540581345.005940676,-1.395069,15.965429,-1.650230,-0.555402,0.831291,0.021959,0.000833
1540581345.039867640,-1.389206,15.954170,-1.646333,-0.555559,0.831007,0.027797,0.003001
1540581345.072999001,-1.389410,15.962335,-1.647103,-0.555642,0.830774,0.032453,0.004723
1540581345.106957436,-1.389011,15.960471,-1.644476,-0.555491,0.830750,0.035557,0.004464
1540581345.139765263,-1.384368,15.962687,-1.643765,-0.555548,0.830674,0.036369,0.004887
1540581345.172836781,-1.372632,15.954413,-1.640088,-0.555867,0.830735,0.029622,0.003640
1540581345.206839561,-1.360858,15.945732,-1.629999,-0.555817,0.831081,0.019275,0.000734
1540581345.239730358,-1.354108,15.935058,-1.616624,-0.555716,0.831239,0.014861,-0.000590
1540581345.273317099,-1.353103,15.932537,-1.612693,-0.555676,0.831236,0.016416,-0.000670
1540581345.306583166,-1.357085,15.936181,-1.613246,-0.555942,0.830949,0.021289,-0.000106
1540581345.340388060,-1.363087,15.940643,-1.613548,-0.556711,0.830264,0.027112,0.000303
1540581345.373350620,-1.369035,15.942142,-1.614458,-0.556367,0.830395,0.029997,-0.000542
1540581345.406511068,-1.374436,15.942829,-1.615500,-0.556344,0.830360,0.031350,-0.001270
1540581345.440601349,-1.380485,15.943520,-1.617170,-0.557167,0.829709,0.033827,-0.001685
1540581345.472833157,-1.388169,15.944780,-1.617698,-0.557224,0.829520,0.037315,-0.002206
1540581345.506528139,-1.388379,15.944604,-1.617806,-0.557162,0.829408,0.040593,-0.002212
1540581345.539765120,-1.387697,15.944146,-1.618291,-0.557742,0.828932,0.042311,-0.002247
1540581345.573535442,-1.386098,15.943811,-1.617706,-0.557787,0.828949,0.041328,-0.003179
1540581345.606258392,-1.383139,15.943569,-1.615350,-0.557509,0.829269,0.038467,-0.004067
1540581345.639461994,-1.380293,15.943621,-1.613445,-0.557691,0.829298,0.034959,-0.004906
1540581345.673568726,-1.379958,15.944333,-1.613452,-0.557713,0.829379,0.032470,-0.005782
1540581345.706843853,-1.382830,15.943150,-1.613939,-0.557339,0.829641,0.032125,-0.006146
1540581345.739441395,-1.386566,15.941276,-1.614723,-0.557203,0.829678,0.033530,-0.005920
1540581345.772919655,-1.391452,15.939199,-1.615032,-0.557343,0.829505,0.035429,-0.005847
1540581345.806423426,-1.393400,15.937808,-1.615770,-0.557311,0.829437,0.037538,-0.005548
1540581345.839679718,-1.393744,15.936139,-1.616345,-0.557255,0.829420,0.038700,-0.005544
1540581345.873198271,-1.395283,15.934680,-1.616557,-0.557438,0.829251,0.039631,-0.005933
1540581345.907027483,-1.396200,15.934937,-1.617041,-0.557566,0.829102,0.040915,-0.005956
1540581345.940403938,-1.396887,15.933469,-1.617179,-0.557258,0.829257,0.041920,-0.006237
1540581345.973338366,-1.397391,15.931116,-1.616848,-0.557149,0.829276,0.042904,-0.006765
1540581346.006121159,-1.395509,15.931313,-1.616427,-0.557324,0.829156,0.042911,-0.007073
1540581346.039798975,-1.393022,15.931572,-1.615426,-0.557074,0.829449,0.040291,-0.007741
1540581346.073004246,-1.393193,15.930089,-1.614346,-0.556996,0.829587,0.038422,-0.007994
1540581346.106852531,-1.395526,15.928596,-1.613719,-0.557019,0.829556,0.038905,-0.007244
1540581346.139911175,-1.399030,15.926867,-1.613275,-0.556714,0.829675,0.040841,-0.006407
1540581346.173657656,-1.398654,15.924083,-1.614196,-0.556653,0.829590,0.043526,-0.004736
1540581346.208086967,-1.395748,15.923246,-1.615408,-0.556830,0.829418,0.044703,-0.002800
1540581346.243443966,-1.392858,15.924689,-1.616559,-0.556780,0.829490,0.044022,-0.001831
1540581346.277554512,-1.389741,15.924117,-1.616762,-0.556838,0.829553,0.042060,-0.001899
