1540581198.751420259,0.002841,-0.000405,-0.012940,-0.607653,0.793943,-0.020082,-0.002992
1540581198.781283140,0.002938,-0.002103,0.000543,-0.610055,0.791946,-0.023925,-0.009112
1540581198.813160181,0.002716,-0.002251,-0.000790,-0.599240,0.800251,-0.021607,-0.006593
1540581198.847345352,-0.003616,-0.002007,-0.000638,-0.607360,0.792709,-0.040643,-0.032786
1540581198.884486198,-0.000499,-0.003630,0.001829,-0.609150,0.791871,-0.035766,-0.024443
1540581198.914093018,0.003101,-0.003814,0.003443,-0.600986,0.798082,-0.036975,-0.022643
1540581198.947687864,0.015922,-0.003817,0.001673,-0.584832,0.810256,-0.033351,-0.018577
1540581198.983878613,0.025895,-0.003484,0.004936,-0.586491,0.809117,-0.031943,-0.018365
1540581199.014410734,0.019360,-0.003545,0.005856,-0.603296,0.796534,-0.035600,-0.017350
1540581199.047851563,0.019265,-0.000788,0.012213,-0.604590,0.795591,-0.036681,-0.012651
1540581199.081376314,0.028506,0.000548,0.020610,-0.597841,0.800639,-0.037306,-0.013105
1540581199.114303350,0.022284,0.001324,0.021109,-0.602256,0.797129,-0.041556,-0.012090
1540581199.148182631,0.015264,0.002510,0.022400,-0.604753,0.794943,-0.047399,-0.009650
1540581199.182443619,0.031747,0.005208,0.027671,-0.598331,0.799415,-0.052502,-0.013376
1540581199.215742350,0.041749,0.008559,0.030153,-0.595363,0.801266,-0.057322,-0.015140
1540581199.250663996,0.044865,0.009112,0.033405,-0.594895,0.801408,-0.060399,-0.014047
1540581199.282628775,0.046866,0.009093,0.035541,-0.593992,0.801744,-0.064543,-0.014631
1540581199.317154646,0.047984,0.004438,0.037209,-0.594978,0.800275,-0.072594,-0.017069
1540581199.349576235,0.050508,0.000991,0.037735,-0.593341,0.800567,-0.081614,-0.019477
1540581199.383705139,0.062725,0.000781,0.037216,-0.588815,0.802994,-0.089872,-0.020521
1540581199.417343855,0.072211,-0.002154,0.034366,-0.589836,0.802022,-0.091745,-0.020900
1540581199.450501442,0.083929,-0.008076,0.031347,-0.590136,0.802640,-0.084219,-0.020382
1540581199.487271547,0.095805,-0.016131,0.026734,-0.590113,0.803885,-0.071943,-0.018988
1540581199.517966747,0.091428,-0.022579,0.022597,-0.590412,0.804148,-0.066880,-0.016948
1540581199.553971529,0.082318,-0.020573,0.029416,-0.590089,0.804185,-0.069708,-0.014874
1540581199.585544348,0.082276,-0.018535,0.035665,-0.588571,0.804974,-0.073469,-0.014268
1540581199.619542122,0.084690,-0.018855,0.038338,-0.588048,0.804905,-0.078008,-0.015557
1540581199.652657032,0.089487,-0.018340,0.042186,-0.587877,0.804523,-0.082740,-0.017231
1540581199.687554598,0.102274,-0.016889,0.044821,-0.586123,0.805638,-0.083882,-0.019263
1540581199.719629288,0.107464,-0.013872,0.041654,-0.584781,0.806818,-0.081570,-0.020537
1540581199.754606962,0.104619,-0.009703,0.041447,-0.584290,0.807659,-0.076887,-0.019511
1540581199.786981106,0.104026,-0.005748,0.043155,-0.583384,0.808982,-0.069991,-0.017664
1540581199.820506334,0.105588,-0.000458,0.047533,-0.582364,0.810275,-0.063507,-0.016562
1540581199.855198145,0.110150,0.003998,0.050523,-0.582106,0.810950,-0.057209,-0.015480
1540581199.887840509,0.113122,0.007136,0.051763,-0.582047,0.811289,-0.053042,-0.014769
1540581199.922180176,0.115622,0.010454,0.053621,-0.581916,0.811541,-0.050539,-0.014859
1540581199.955661535,0.119982,0.012722,0.055439,-0.581900,0.811701,-0.048077,-0.014923
1540581199.988488913,0.125747,0.014081,0.056837,-0.581966,0.811694,-0.047147,-0.015649
1540581200.024458647,0.128969,0.015953,0.058573,-0.581689,0.811898,-0.046865,-0.016248
1540581200.055296183,0.128375,0.017244,0.056872,-0.581494,0.812168,-0.044873,-0.015344
1540581200.089249849,0.125310,0.019220,0.054096,-0.581715,0.812145,-0.042581,-0.014678
1540581200.123297215,0.125346,0.021154,0.052970,-0.582013,0.812110,-0.038848,-0.015141
1540581200.157273054,0.133109,0.022785,0.054226,-0.581664,0.812423,-0.036395,-0.017631
1540581200.190994263,0.137447,0.022791,0.054142,-0.581988,0.811973,-0.039281,-0.021130
1540581200.224223375,0.136359,0.021144,0.051872,-0.582536,0.811249,-0.043889,-0.024493
1540581200.257519245,0.130256,0.025447,0.048754,-0.582065,0.811312,-0.047640,-0.026531
1540581200.291303396,0.126301,0.035935,0.047468,-0.581485,0.811637,-0.048570,-0.027577
1540581200.324039459,0.125275,0.045648,0.047172,-0.581690,0.811639,-0.045232,-0.028862
1540581200.359586000,0.131114,0.059527,0.050167,-0.580576,0.812638,-0.039530,-0.031446
1540581200.391268015,0.137070,0.072009,0.053662,-0.579768,0.813371,-0.034250,-0.033515
1540581200.425791502,0.140186,0.082112,0.053909,-0.579976,0.813222,-0.031140,-0.036437
1540581200.458559036,0.143342,0.091009,0.053629,-0.579974,0.813138,-0.029632,-0.039472
1540581200.492319345,0.147956,0.102012,0.053594,-0.579390,0.813471,-0.026961,-0.042952
1540581200.525607347,0.149068,0.113770,0.052812,-0.579377,0.813427,-0.024067,-0.045598
1540581200.563165188,0.154791,0.125502,0.051637,-0.579880,0.813054,-0.017872,-0.048619
1540581200.593219280,0.157987,0.133812,0.050712,-0.580547,0.812615,-0.009179,-0.050372
1540581200.626569033,0.163164,0.143871,0.049517,-0.580839,0.812366,0.000430,-0.051838
1540581200.660277128,0.171653,0.160135,0.050240,-0.579972,0.812827,0.004777,-0.054054
1540581200.694602251,0.178471,0.177579,0.050964,-0.578593,0.813544,0.004682,-0.057927
1540581200.728028536,0.187375,0.196209,0.051487,-0.577655,0.813936,0.004459,-0.061672
1540581200.761962175,0.190174,0.212759,0.050468,-0.577502,0.813930,0.005413,-0.063095
1540581200.795142889,0.190825,0.229081,0.049564,-0.577338,0.813925,0.005524,-0.064625
1540581200.830105305,0.195867,0.250343,0.050906,-0.576266,0.814504,0.004281,-0.066946
1540581200.862644434,0.202329,0.273389,0.052261,-0.575186,0.815171,0.002177,-0.068205
1540581200.895780802,0.205142,0.292889,0.051654,-0.574546,0.815595,0.000464,-0.068564
1540581200.929340124,0.208668,0.312962,0.051492,-0.574891,0.815332,0.000089,-0.068810
1540581200.963444233,0.215087,0.337084,0.051987,-0.574590,0.815523,0.000234,-0.069061
1540581200.997166634,0.220968,0.362850,0.052884,-0.573048,0.816642,-0.001251,-0.068623
1540581201.067890167,0.231493,0.416967,0.055994,-0.571831,0.817541,-0.009311,-0.067450
1540581201.097518444,0.236044,0.439499,0.057755,-0.570868,0.818249,-0.013352,-0.066337
1540581201.132802725,0.242487,0.467670,0.060522,-0.571002,0.818266,-0.015878,-0.064393
1540581201.197967291,0.248530,0.520750,0.059874,-0.569492,0.819563,-0.020120,-0.059923
1540581201.231188059,0.256925,0.549502,0.062388,-0.569174,0.819958,-0.021860,-0.056854
1540581201.280715942,0.269111,0.601867,0.072194,-0.570231,0.819708,-0.019302,-0.050425
1540581201.314859629,0.275310,0.634009,0.079765,-0.569855,0.820362,-0.016526,-0.044712
1540581201.348816633,0.280818,0.667142,0.087390,-0.570258,0.820348,-0.016976,-0.039326
1540581201.400504589,0.276841,0.704173,0.088230,-0.567643,0.822294,-0.024290,-0.032018
1540581201.449465990,0.284292,0.755131,0.093066,-0.567442,0.822391,-0.033480,-0.023683
1540581201.482553482,0.285188,0.787522,0.094092,-0.567692,0.822256,-0.036448,-0.017101
1540581201.514910221,0.284081,0.809200,0.089711,-0.566886,0.822739,-0.040138,-0.011421
1540581201.549389362,0.283820,0.842345,0.089900,-0.566638,0.822699,-0.045477,-0.004521
1540581201.581570864,0.281643,0.867964,0.090083,-0.566743,0.822331,-0.050723,0.000798
1540581201.615437031,0.282079,0.890484,0.089274,-0.565810,0.822628,-0.055739,0.005941
1540581201.648676634,0.280505,0.917437,0.089873,-0.565273,0.822664,-0.059424,0.012642
1540581201.683748484,0.281176,0.947992,0.090513,-0.565632,0.822031,-0.063260,0.018015
1540581201.714962482,0.282112,0.967965,0.087994,-0.565488,0.821753,-0.066703,0.022288
1540581201.747723341,0.280467,0.989142,0.084867,-0.565673,0.821345,-0.067961,0.028065
1540581201.781620264,0.288194,1.013746,0.083247,-0.566093,0.820860,-0.068568,0.032041
1540581201.814445257,0.293954,1.036548,0.080988,-0.566291,0.820595,-0.068130,0.036021
1540581201.847543716,0.299135,1.056955,0.077312,-0.566392,0.820415,-0.067017,0.040343
1540581201.881750822,0.305984,1.081435,0.074672,-0.566702,0.819982,-0.067981,0.043090
1540581201.915339470,0.314089,1.107855,0.072691,-0.566928,0.819553,-0.070308,0.044515
1540581201.948436975,0.324572,1.135638,0.071450,-0.567195,0.818949,-0.074741,0.045008
1540581201.982740641,0.338802,1.169786,0.069251,-0.567724,0.818038,-0.081048,0.043985
1540581202.015411615,0.353724,1.205557,0.066532,-0.567922,0.817365,-0.087210,0.042120
1540581202.048524380,0.369041,1.244085,0.061078,-0.568191,0.816802,-0.091636,0.039950
1540581202.081465721,0.382778,1.282454,0.053000,-0.568299,0.816634,-0.093359,0.037809
1540581202.115221500,0.393968,1.320963,0.040960,-0.568353,0.816784,-0.092545,0.035685
1540581202.148701668,0.402187,1.358186,0.027469,-0.567956,0.817416,-0.090301,0.033204
1540581202.181434393,0.413902,1.405731,0.021877,-0.566982,0.818507,-0.087068,0.031579
1540581202.214699984,0.420056,1.452003,0.015724,-0.565425,0.820038,-0.083114,0.030401
1540581202.248420477,0.426464,1.501149,0.010423,-0.564137,0.821403,-0.079215,0.027782
1540581202.281417847,0.429706,1.549828,0.004102,-0.562048,0.823311,-0.075173,0.024693
1540581202.315294743,0.425417,1.591101,-0.003236,-0.558528,0.826139,-0.071245,0.021543
1540581202.348008633,0.417624,1.628785,-0.011178,-0.556616,0.827739,-0.068733,0.017411
1540581202.382190704,0.407785,1.660945,-0.019176,-0.554467,0.829402,-0.067131,0.012309
1540581202.414621830,0.393225,1.677875,-0.027454,-0.552902,0.830634,-0.065447,0.007960
1540581202.447913408,0.376612,1.693891,-0.036913,-0.551286,0.831864,-0.063855,0.003017
1540581202.482499838,0.359878,1.709820,-0.047362,-0.549657,0.833198,-0.060423,-0.002728
1540581202.517966032,0.342863,1.750868,-0.058893,-0.547846,0.834587,-0.057034,-0.008723
1540581202.548320055,0.328964,1.765880,-0.066022,-0.547099,0.835353,-0.052166,-0.012134
1540581202.582517147,0.313798,1.783379,-0.074274,-0.546370,0.835971,-0.048444,-0.016909
1540581202.618131161,0.304833,1.811556,-0.081976,-0.546716,0.835870,-0.044440,-0.021177
1540581202.648390293,0.288924,1.823949,-0.090940,-0.546500,0.836129,-0.040425,-0.024331
1540581202.681715012,0.271604,1.839659,-0.095811,-0.545463,0.836870,-0.037185,-0.027148
1540581202.715214729,0.257774,1.857267,-0.096830,-0.545480,0.836793,-0.036490,-0.029964
1540581202.750519514,0.259192,1.905234,-0.095085,-0.545592,0.836440,-0.039417,-0.033838
1540581202.783396721,0.258067,1.939554,-0.097255,-0.543930,0.837333,-0.040608,-0.036931
1540581202.815798759,0.239286,1.936084,-0.104368,-0.543803,0.837508,-0.037019,-0.038579
1540581202.850045204,0.221059,1.937055,-0.110359,-0.544389,0.837227,-0.031297,-0.041382
1540581202.883187532,0.222545,1.982756,-0.114235,-0.545182,0.836868,-0.024679,-0.042648
1540581202.920373440,0.225239,2.036245,-0.117751,-0.544927,0.837221,-0.019813,-0.041507
1540581202.948403120,0.228627,2.084782,-0.118879,-0.545517,0.836729,-0.021026,-0.043050
1540581202.981925011,0.241172,2.153492,-0.119958,-0.546295,0.836070,-0.022618,-0.045124
1540581203.015981436,0.256644,2.224237,-0.122220,-0.547411,0.835229,-0.024256,-0.046317
1540581203.048424959,0.270698,2.294622,-0.123060,-0.547524,0.835044,-0.026620,-0.047015
1540581203.082139015,0.281469,2.360523,-0.124881,-0.547281,0.835094,-0.028820,-0.047660
1540581203.114936113,0.294879,2.426622,-0.126713,-0.548160,0.834436,-0.030257,-0.048192
1540581203.153867722,0.306338,2.498567,-0.130305,-0.548279,0.834398,-0.030360,-0.047424
1540581203.183422327,0.312989,2.551608,-0.133714,-0.547872,0.834669,-0.031480,-0.046622
1540581203.215649605,0.316886,2.607112,-0.136513,-0.547074,0.835210,-0.032594,-0.045512
1540581203.249871254,0.318969,2.664208,-0.139016,-0.546595,0.835682,-0.031396,-0.043408
1540581203.282548189,0.321197,2.718825,-0.142760,-0.545241,0.836844,-0.028303,-0.040049
1540581203.315630436,0.321107,2.772378,-0.151273,-0.543332,0.838369,-0.025676,-0.035617
1540581203.348931074,0.322672,2.822642,-0.156099,-0.542227,0.839198,-0.026864,-0.031864
1540581203.384122372,0.319710,2.867355,-0.160820,-0.541394,0.839771,-0.030084,-0.027775
1540581203.416953087,0.323112,2.911770,-0.166092,-0.541686,0.839665,-0.031211,-0.023779
1540581203.449633121,0.331027,2.962378,-0.172310,-0.541881,0.839522,-0.034340,-0.019731
1540581203.483489275,0.346118,3.020681,-0.175627,-0.541496,0.839457,-0.042699,-0.016448
1540581203.518084526,0.359230,3.080283,-0.174628,-0.541850,0.838738,-0.052263,-0.013653
1540581203.551542997,0.360244,3.123153,-0.175485,-0.542283,0.838297,-0.055604,-0.009755
1540581203.583966017,0.364152,3.168735,-0.176015,-0.542736,0.838054,-0.055410,-0.005747
1540581203.618148804,0.376061,3.219921,-0.176137,-0.542625,0.838054,-0.056758,-0.001484
1540581203.651354790,0.395784,3.271171,-0.173963,-0.542072,0.838004,-0.062496,0.001269
1540581203.684400797,0.409201,3.322965,-0.173827,-0.540655,0.838358,-0.069525,0.003656
1540581203.718239069,0.406231,3.377323,-0.174098,-0.541260,0.837549,-0.074194,0.006703
1540581203.751360893,0.401221,3.430776,-0.174513,-0.541615,0.837138,-0.075845,0.010060
1540581203.784610987,0.398352,3.484983,-0.176822,-0.541575,0.837175,-0.075184,0.013504
1540581203.818933964,0.400773,3.532637,-0.180583,-0.542622,0.836604,-0.073305,0.016788
1540581203.851990700,0.408857,3.555991,-0.184396,-0.544194,0.835605,-0.072670,0.018336
1540581203.888537169,0.420927,3.579740,-0.186924,-0.545211,0.834647,-0.075761,0.019228
1540581203.919092655,0.430349,3.608414,-0.189778,-0.546405,0.833485,-0.079865,0.019127
1540581203.954644442,0.437770,3.651266,-0.196088,-0.547141,0.832734,-0.082759,0.018462
1540581203.987494230,0.442883,3.688449,-0.202542,-0.548463,0.831864,-0.082856,0.018075
1540581204.019936800,0.451749,3.725174,-0.207587,-0.549569,0.831245,-0.081918,0.017186
1540581204.054007769,0.463395,3.766737,-0.213240,-0.550313,0.830785,-0.081932,0.015457
1540581204.088108301,0.476201,3.828658,-0.219418,-0.550762,0.830532,-0.081864,0.013268
1540581204.120879173,0.484594,3.909650,-0.226210,-0.550609,0.830769,-0.080756,0.011467
1540581204.156018257,0.494904,3.976746,-0.229836,-0.550004,0.831470,-0.077865,0.009496
1540581204.188867331,0.503844,4.049785,-0.229631,-0.549360,0.832117,-0.075732,0.007050
1540581204.222788572,0.513013,4.117023,-0.230103,-0.548734,0.832509,-0.076211,0.003357
1540581204.255781412,0.516406,4.174324,-0.234033,-0.547318,0.833406,-0.076667,-0.000244
1540581204.288678169,0.516067,4.234910,-0.239774,-0.545865,0.834371,-0.076447,-0.003474
1540581204.322494268,0.511702,4.304434,-0.245289,-0.545075,0.834902,-0.076085,-0.006615
1540581204.356496811,0.513201,4.371360,-0.248455,-0.544705,0.835262,-0.074347,-0.010321
1540581204.391933203,0.511948,4.433241,-0.252307,-0.543553,0.836137,-0.072413,-0.013495
1540581204.423007011,0.491056,4.467033,-0.260739,-0.543223,0.836346,-0.071981,-0.015881
1540581204.456769705,0.480424,4.523281,-0.265398,-0.542836,0.836815,-0.068770,-0.018436
1540581204.490834475,0.471062,4.590561,-0.267665,-0.542203,0.837389,-0.066135,-0.020541
1540581204.524749517,0.454516,4.642247,-0.270122,-0.541185,0.837664,-0.069848,-0.023634
1540581204.558749437,0.450247,4.692606,-0.275776,-0.540952,0.837075,-0.076611,-0.028402
1540581204.591809034,0.424756,4.704523,-0.290661,-0.539072,0.837690,-0.081639,-0.031824
1540581204.625228643,0.369078,4.672738,-0.311003,-0.538720,0.837604,-0.083919,-0.034010
1540581204.658336401,0.311861,4.634348,-0.327952,-0.539591,0.837131,-0.082068,-0.036297
1540581204.692357540,0.274740,4.623978,-0.336368,-0.540547,0.836920,-0.076609,-0.038778
1540581204.725952148,0.245187,4.645584,-0.340571,-0.539948,0.837493,-0.073821,-0.040150
1540581204.759787321,0.211131,4.652891,-0.344882,-0.540247,0.837011,-0.075748,-0.042526
1540581204.792815447,0.183534,4.653386,-0.351467,-0.540599,0.836486,-0.077136,-0.045756
1540581204.827037334,0.146099,4.643866,-0.358105,-0.540268,0.836659,-0.076427,-0.047668
1540581204.861658096,0.099739,4.617545,-0.365039,-0.540424,0.836632,-0.074619,-0.049198
1540581204.893872261,0.061084,4.601093,-0.369438,-0.541315,0.836383,-0.070080,-0.050302
1540581204.928500414,0.036418,4.627993,-0.371667,-0.542438,0.836188,-0.063144,-0.050626
1540581204.960919619,0.011699,4.655254,-0.373563,-0.542979,0.836299,-0.057029,-0.050255
1540581204.994961500,-0.012289,4.694011,-0.373181,-0.544717,0.835665,-0.049453,-0.050019
1540581205.029658318,-0.023822,4.760152,-0.375914,-0.545486,0.835555,-0.041835,-0.050432
1540581205.063948154,-0.038248,4.831769,-0.378197,-0.544948,0.836167,-0.037145,-0.049771
1540581205.095355749,-0.058246,4.875048,-0.378449,-0.544803,0.836398,-0.034330,-0.049502
1540581205.128993988,-0.064673,4.954148,-0.379586,-0.544089,0.837037,-0.030039,-0.049345
1540581205.163074732,-0.071965,5.037268,-0.381562,-0.542694,0.838126,-0.027264,-0.047787
1540581205.196227312,-0.088244,5.094631,-0.384550,-0.541311,0.839079,-0.028008,-0.046315
1540581205.229980946,-0.091575,5.169667,-0.387029,-0.540239,0.839774,-0.028616,-0.045858
1540581205.264654398,-0.097904,5.243586,-0.390855,-0.540453,0.839839,-0.026566,-0.043301
1540581205.297427654,-0.103679,5.319835,-0.394435,-0.540318,0.839962,-0.027783,-0.041813
1540581205.330666780,-0.102919,5.407731,-0.394410,-0.539252,0.840377,-0.034811,-0.041975
1540581205.364315987,-0.103502,5.451131,-0.393395,-0.539131,0.840130,-0.042200,-0.041689
1540581205.397986412,-0.107489,5.488069,-0.392213,-0.538177,0.840466,-0.047157,-0.041937
1540581205.435375214,-0.110881,5.567606,-0.389987,-0.537489,0.840928,-0.047848,-0.040703
1540581205.465718031,-0.110437,5.650694,-0.390481,-0.537521,0.840988,-0.047801,-0.039055
1540581205.498835087,-0.099578,5.772396,-0.392631,-0.535829,0.842119,-0.048542,-0.036966
1540581205.532408476,-0.086270,5.869079,-0.394753,-0.535114,0.842548,-0.050476,-0.034897
1540581205.566994905,-0.077469,5.940787,-0.396949,-0.535461,0.842304,-0.052386,-0.032577
1540581205.601610184,-0.068903,6.023614,-0.401936,-0.535649,0.842294,-0.052457,-0.029492
1540581205.633698940,-0.058808,6.134674,-0.409846,-0.535393,0.842584,-0.052343,-0.025804
1540581205.669954777,-0.054095,6.268425,-0.415947,-0.535630,0.842392,-0.054414,-0.022695
1540581205.735437632,-0.040313,6.404834,-0.416513,-0.535193,0.842178,-0.062980,-0.018418
1540581205.785430670,-0.023253,6.545439,-0.405232,-0.534736,0.841339,-0.076914,-0.017018
1540581205.818662405,-0.012153,6.639935,-0.390119,-0.533817,0.840925,-0.087358,-0.015891
1540581205.851137877,0.008513,6.694324,-0.384037,-0.534222,0.839883,-0.094977,-0.013503
1540581205.884930849,0.014517,6.702876,-0.375942,-0.535135,0.839010,-0.097909,-0.010364
1540581205.917470932,0.025723,6.709357,-0.372421,-0.535082,0.838888,-0.099500,-0.007332
1540581205.950717926,0.028501,6.760887,-0.371237,-0.535636,0.838191,-0.102455,-0.005691
1540581205.984246016,0.031388,6.816652,-0.370051,-0.535305,0.838012,-0.105663,-0.004358
1540581206.018146753,0.036513,6.876621,-0.368272,-0.533493,0.838603,-0.110082,-0.003451
1540581206.084885120,0.056057,6.910235,-0.359827,-0.532949,0.838074,-0.116570,-0.002879
1540581206.117548227,0.068843,6.919049,-0.351762,-0.532556,0.837924,-0.119423,-0.002286
1540581206.150934935,0.083418,6.910450,-0.339877,-0.533045,0.836859,-0.124611,-0.001639
1540581206.184344053,0.099844,6.899744,-0.325637,-0.533264,0.835852,-0.130297,-0.001886
1540581206.219286442,0.121520,6.877835,-0.314390,-0.533258,0.835399,-0.133203,-0.000946
1540581206.251657963,0.126688,6.929231,-0.312145,-0.533450,0.835193,-0.133729,0.001070
1540581206.284034014,0.136459,6.975951,-0.311784,-0.533682,0.835197,-0.132737,0.003370
1540581206.317683935,0.172249,6.884502,-0.308370,-0.535007,0.834645,-0.130779,0.005650
1540581206.350702763,0.184122,6.913356,-0.307481,-0.534626,0.834339,-0.134176,0.007014
1540581206.384563446,0.189167,6.977888,-0.304030,-0.534523,0.833696,-0.138511,0.007115
1540581206.417440653,0.195329,6.998765,-0.301520,-0.533995,0.833890,-0.139318,0.008243
1540581206.450929880,0.203236,7.032063,-0.299099,-0.533588,0.834476,-0.137267,0.009503
1540581206.484944344,0.206377,7.004822,-0.305781,-0.535179,0.834168,-0.132614,0.012684
1540581206.518748283,0.208507,6.968334,-0.308940,-0.536460,0.834236,-0.126564,0.015565
1540581206.551577568,0.211135,6.921029,-0.313473,-0.537525,0.833972,-0.123469,0.017699
1540581206.584856749,0.213783,6.878954,-0.321861,-0.538448,0.833264,-0.124083,0.018648
1540581206.617614508,0.216037,6.867625,-0.334530,-0.538882,0.832880,-0.124601,0.019791
1540581206.651077509,0.208339,6.856935,-0.351082,-0.539606,0.832594,-0.123004,0.021944
1540581206.684923649,0.195130,6.863199,-0.371772,-0.540938,0.831923,-0.121400,0.023493
1540581206.718289375,0.176591,6.874841,-0.395201,-0.541150,0.832007,-0.119448,0.025570
1540581206.751524448,0.147316,6.859687,-0.420062,-0.542672,0.831276,-0.116962,0.028413
1540581206.784271002,0.120766,6.757561,-0.443714,-0.544519,0.830270,-0.115001,0.030426
1540581206.818217039,0.097240,6.690496,-0.460415,-0.545774,0.829854,-0.111475,0.032332
1540581206.852573156,0.072074,6.644415,-0.473602,-0.546888,0.829394,-0.108977,0.033821
1540581206.892726660,0.047994,6.658301,-0.482349,-0.547670,0.829145,-0.106970,0.033673
1540581206.952037334,0.014277,6.783463,-0.495049,-0.546243,0.830188,-0.106355,0.033089
1540581206.984977484,-0.011346,6.884139,-0.506000,-0.545742,0.830461,-0.106796,0.033078
1540581207.018989563,-0.032969,6.983684,-0.513775,-0.544951,0.831074,-0.106167,0.032766
1540581207.051311255,-0.052482,7.095936,-0.518854,-0.543480,0.832126,-0.105550,0.032479
1540581207.084273815,-0.076855,7.206014,-0.525250,-0.542426,0.832972,-0.104297,0.032461
1540581207.119144917,-0.096464,7.290903,-0.528220,-0.542076,0.833596,-0.101185,0.032148
1540581207.151864052,-0.115102,7.396761,-0.530037,-0.541231,0.834474,-0.098524,0.031864
1540581207.184413195,-0.135834,7.481228,-0.534214,-0.540750,0.834911,-0.097864,0.030589
1540581207.219655037,-0.149857,7.504909,-0.532874,-0.541347,0.834849,-0.095626,0.028754
1540581207.251891851,-0.161629,7.530680,-0.529315,-0.541404,0.835014,-0.094307,0.027199
1540581207.284488678,-0.167549,7.524055,-0.527020,-0.541884,0.834608,-0.095910,0.024320
1540581207.317958117,-0.173041,7.518642,-0.533857,-0.541728,0.834765,-0.096008,0.021917
1540581207.351293564,-0.182986,7.523055,-0.545141,-0.541831,0.835122,-0.092753,0.019683
1540581207.384841919,-0.195093,7.538506,-0.552544,-0.541860,0.835784,-0.086891,0.017403
1540581207.418333292,-0.212983,7.604667,-0.554707,-0.542131,0.836295,-0.080081,0.017074
1540581207.452409506,-0.231761,7.664191,-0.558664,-0.542252,0.836600,-0.076105,0.016452
1540581207.486370087,-0.245280,7.724151,-0.558752,-0.542592,0.836253,-0.077928,0.014205
1540581207.519161701,-0.253556,7.752695,-0.555325,-0.543836,0.835330,-0.079331,0.013134
1540581207.553271055,-0.262752,7.788646,-0.557199,-0.544353,0.834900,-0.080532,0.011664
1540581207.586426735,-0.267344,7.810855,-0.553347,-0.545247,0.834170,-0.082334,0.009389
1540581207.619210005,-0.272615,7.832908,-0.549813,-0.546158,0.833571,-0.082404,0.009002
1540581207.652255535,-0.270683,7.830804,-0.539178,-0.547184,0.832487,-0.086580,0.007734
1540581207.684671164,-0.268000,7.840684,-0.527840,-0.548147,0.831168,-0.093111,0.005033
1540581207.718614578,-0.269596,7.863826,-0.520558,-0.549000,0.830095,-0.097635,0.002954
1540581207.752194881,-0.267766,7.874380,-0.514748,-0.549928,0.829215,-0.099892,0.001995
1540581207.788351297,-0.273319,7.925365,-0.519147,-0.550462,0.828799,-0.100416,-0.000247
1540581207.821382523,-0.281439,7.990579,-0.523906,-0.550798,0.828785,-0.098665,-0.001109
1540581207.853863001,-0.289528,8.056737,-0.527693,-0.550755,0.829224,-0.095151,-0.001441
1540581207.888017416,-0.294128,8.113176,-0.531298,-0.549949,0.830357,-0.089783,-0.001691
1540581207.922055244,-0.295142,8.126152,-0.534285,-0.550204,0.830752,-0.084407,-0.001560
1540581207.957283020,-0.289175,8.128537,-0.535328,-0.549376,0.831412,-0.083277,-0.002240
1540581207.988652706,-0.285834,8.135729,-0.532013,-0.548701,0.831471,-0.086951,-0.004776
1540581208.019456148,-0.281570,8.151459,-0.527228,-0.547578,0.831656,-0.091943,-0.007218
1540581208.053667545,-0.273853,8.139265,-0.518640,-0.547229,0.831150,-0.098167,-0.009653
1540581208.087055922,-0.268133,8.123750,-0.507848,-0.546774,0.830824,-0.103200,-0.010938
1540581208.119718790,-0.265026,8.116879,-0.500081,-0.546472,0.830663,-0.105992,-0.011520
1540581208.153527021,-0.261036,8.107571,-0.494456,-0.547037,0.830315,-0.105845,-0.011194
1540581208.189402103,-0.240162,8.029768,-0.493138,-0.547511,0.830013,-0.105941,-0.009287
1540581208.220016479,-0.210887,7.936431,-0.491256,-0.547004,0.829857,-0.109866,-0.007254
1540581208.255538940,-0.201306,7.917820,-0.481733,-0.547529,0.828556,-0.116864,-0.007109
1540581208.288481951,-0.193537,7.897171,-0.470938,-0.547378,0.828324,-0.119283,-0.005357
1540581208.320796251,-0.191035,7.897303,-0.463064,-0.547411,0.828560,-0.117571,-0.002725
1540581208.355104208,-0.181740,7.900779,-0.456368,-0.547992,0.828796,-0.113139,0.000746
1540581208.388024330,-0.162131,7.852107,-0.464737,-0.549150,0.828449,-0.109949,0.004159
1540581208.421674252,-0.130756,7.750688,-0.479349,-0.549571,0.828063,-0.110558,0.007714
1540581208.456100941,-0.100936,7.655514,-0.479777,-0.550259,0.826998,-0.114872,0.009697
1540581208.490394831,-0.080031,7.579462,-0.472703,-0.551243,0.826016,-0.117077,0.011015
1540581208.526337862,-0.068777,7.564033,-0.468236,-0.551504,0.826028,-0.115437,0.013973
1540581208.556704760,-0.056282,7.545982,-0.466311,-0.551957,0.825867,-0.114098,0.016389
1540581208.590358496,-0.040865,7.532262,-0.466638,-0.552663,0.825426,-0.113377,0.019514
1540581208.624323130,-0.029883,7.536989,-0.468271,-0.553219,0.824913,-0.113802,0.022720
1540581208.656537056,-0.024741,7.558650,-0.470234,-0.553621,0.824420,-0.114838,0.025448
1540581208.691826105,-0.020734,7.585575,-0.472002,-0.553640,0.824210,-0.115588,0.028281
1540581208.723900557,-0.013613,7.592789,-0.471358,-0.553724,0.823710,-0.117905,0.031479
1540581208.757549524,-0.005536,7.602491,-0.465662,-0.553155,0.823129,-0.123758,0.034099
1540581208.791198254,-0.004598,7.639073,-0.464533,-0.551821,0.822949,-0.130338,0.035506
1540581208.824769974,-0.010827,7.689270,-0.471929,-0.550656,0.823108,-0.133928,0.036531
1540581208.858837128,-0.016304,7.742260,-0.474702,-0.549234,0.823695,-0.135641,0.038358
1540581208.892228603,-0.016078,7.784165,-0.467299,-0.547063,0.824480,-0.138922,0.040690
1540581208.925678968,-0.020569,7.817985,-0.466063,-0.546704,0.823722,-0.144365,0.041897
1540581208.959618807,-0.030916,7.863611,-0.479366,-0.545954,0.823481,-0.148185,0.043064
1540581208.993740797,-0.037550,7.896688,-0.489911,-0.545131,0.823653,-0.149737,0.044793
1540581209.027028084,-0.045440,7.925851,-0.496511,-0.544543,0.823847,-0.150120,0.047053
1540581209.059769869,-0.054927,7.969323,-0.508071,-0.544689,0.823896,-0.148627,0.049182
1540581209.094202518,-0.061144,8.003235,-0.512195,-0.543497,0.825108,-0.145461,0.051468
1540581209.127651691,-0.064581,8.029848,-0.510851,-0.543367,0.825153,-0.145237,0.052734
1540581209.161635160,-0.068564,8.064039,-0.515310,-0.543459,0.824656,-0.147594,0.053019
1540581209.194355249,-0.076999,8.099436,-0.528357,-0.542850,0.824861,-0.148506,0.053525
1540581209.228247643,-0.090264,8.138302,-0.545816,-0.542716,0.825208,-0.146767,0.054319
1540581209.261929274,-0.099421,8.159690,-0.558168,-0.543307,0.825538,-0.142318,0.055225
1540581209.295435429,-0.106347,8.172853,-0.567776,-0.543708,0.826181,-0.136363,0.056662
1540581209.328877926,-0.113077,8.191270,-0.575200,-0.544107,0.826591,-0.131923,0.057379
1540581209.362736702,-0.118389,8.216209,-0.582185,-0.545341,0.826068,-0.130346,0.056783
1540581209.396149635,-0.119560,8.247998,-0.587586,-0.546166,0.825574,-0.130344,0.056041
1540581209.430504560,-0.111886,8.273804,-0.595740,-0.547305,0.824639,-0.132141,0.054469
1540581209.463240623,-0.104783,8.300585,-0.605192,-0.547874,0.823922,-0.135133,0.052209
1540581209.496634722,-0.098435,8.325694,-0.620190,-0.548638,0.823048,-0.138349,0.049478
1540581209.530518293,-0.080673,8.353230,-0.644174,-0.549166,0.822398,-0.141008,0.046850
1540581209.563886881,-0.074193,8.381665,-0.671426,-0.548622,0.822407,-0.144213,0.043168
1540581209.598117828,-0.067322,8.406464,-0.706803,-0.548693,0.822326,-0.145383,0.039748
1540581209.630904913,-0.055215,8.433374,-0.722504,-0.548792,0.822787,-0.142948,0.037613
1540581209.664596796,-0.048589,8.471096,-0.735704,-0.548401,0.823539,-0.140783,0.034934
1540581209.698387146,-0.031777,8.500927,-0.747475,-0.548790,0.823712,-0.139010,0.031690
1540581209.733207941,-0.018983,8.524034,-0.748050,-0.547818,0.824883,-0.136457,0.029037
1540581209.766060591,-0.012508,8.551381,-0.746620,-0.546767,0.825665,-0.136648,0.025516
1540581209.799026251,0.001073,8.588556,-0.760299,-0.546234,0.825905,-0.138117,0.020793
1540581209.832836628,0.007430,8.613223,-0.765312,-0.545001,0.827281,-0.135165,0.017624
1540581209.866538286,0.008753,8.633834,-0.765642,-0.543488,0.829083,-0.130399,0.015419
1540581209.900623560,0.012718,8.645664,-0.764819,-0.544384,0.828888,-0.128262,0.011789
1540581209.935011148,0.013623,8.674838,-0.767212,-0.544658,0.829171,-0.125489,0.008668
1540581209.967140913,0.014747,8.697685,-0.770113,-0.543892,0.830061,-0.122996,0.007200
1540581210.000388622,0.022879,8.682730,-0.769685,-0.544777,0.829586,-0.122387,0.005111
1540581210.035335302,0.022432,8.704116,-0.773128,-0.546035,0.829219,-0.119298,0.003201
1540581210.068515539,0.024611,8.683241,-0.774966,-0.546157,0.829609,-0.115963,0.003633
1540581210.101484299,0.028814,8.685592,-0.771483,-0.545935,0.829239,-0.119625,0.002773
1540581210.136054993,0.029855,8.699359,-0.771364,-0.547111,0.827862,-0.123740,0.001548
1540581210.204818487,0.036925,8.733490,-0.776912,-0.547369,0.828352,-0.119144,0.005019
1540581210.239657640,0.041684,8.741573,-0.779977,-0.548732,0.827614,-0.117943,0.006199
1540581210.269742966,0.050687,8.736473,-0.785234,-0.549190,0.827396,-0.117266,0.007426
1540581210.303452015,0.064152,8.723046,-0.786856,-0.549207,0.826918,-0.120467,0.008157
1540581210.338853836,0.067879,8.742485,-0.786747,-0.549466,0.825840,-0.126545,0.007901
1540581210.386899710,0.060995,8.802714,-0.791473,-0.549415,0.825489,-0.128943,0.009259
1540581210.420226097,0.060891,8.833791,-0.792274,-0.550033,0.825288,-0.127410,0.011417
1540581210.453148842,0.062348,8.865865,-0.794215,-0.550014,0.825330,-0.127057,0.013061
1540581210.486671686,0.064589,8.902277,-0.795191,-0.550048,0.825190,-0.127605,0.015026
1540581210.520738125,0.064755,8.930944,-0.795977,-0.550736,0.824549,-0.128530,0.016998
1540581210.553128958,0.069986,8.955995,-0.799551,-0.550383,0.824873,-0.127563,0.019775
1540581210.586318970,0.073797,8.981564,-0.803047,-0.549680,0.825501,-0.125981,0.023002
1540581210.619781971,0.081001,9.008156,-0.806323,-0.549012,0.826148,-0.123864,0.026890
1540581210.653972626,0.089736,9.036240,-0.809234,-0.548050,0.827033,-0.121216,0.031058
1540581210.686480284,0.095865,9.066497,-0.809444,-0.547048,0.827495,-0.121657,0.034496
1540581210.720793486,0.102044,9.096329,-0.806249,-0.546126,0.827436,-0.125136,0.037907
1540581210.753391504,0.108411,9.117933,-0.801474,-0.545412,0.827269,-0.128302,0.041105
1540581210.786908388,0.113748,9.142817,-0.803498,-0.545357,0.827143,-0.127816,0.045640
1540581210.820012808,0.119536,9.172227,-0.803491,-0.544860,0.827054,-0.129145,0.049305
1540581210.853241444,0.124013,9.198013,-0.797911,-0.544658,0.826315,-0.133469,0.052327
1540581210.887049437,0.126423,9.218570,-0.792336,-0.544558,0.825699,-0.136289,0.055706
1540581210.921803951,0.132325,9.239840,-0.787738,-0.543978,0.825797,-0.136505,0.059272
1540581210.953370810,0.141661,9.253492,-0.783783,-0.543478,0.825935,-0.136056,0.062872
1540581210.986707211,0.147166,9.267167,-0.779689,-0.543187,0.825785,-0.136267,0.066771
1540581211.020721436,0.150095,9.282318,-0.777646,-0.542773,0.825705,-0.136679,0.070203
1540581211.053366423,0.153237,9.293510,-0.774359,-0.542208,0.825645,-0.137768,0.073085
1540581211.087194681,0.153990,9.307429,-0.771625,-0.542706,0.824879,-0.138965,0.075721
1540581211.121401072,0.153096,9.321216,-0.771271,-0.543233,0.824326,-0.139265,0.077387
1540581211.159088612,0.154321,9.349829,-0.773693,-0.542393,0.824925,-0.137400,0.080190
1540581211.222867489,0.156854,9.384572,-0.776698,-0.544474,0.824162,-0.131574,0.083624
1540581211.256397963,0.157853,9.408435,-0.779534,-0.544314,0.824718,-0.127963,0.084777
1540581211.287370682,0.157080,9.427360,-0.782508,-0.545323,0.824397,-0.125521,0.085075
1540581211.320337772,0.156276,9.443447,-0.786161,-0.546471,0.823896,-0.123762,0.085136
1540581211.354424477,0.157537,9.465942,-0.793982,-0.546995,0.823637,-0.124023,0.083884
1540581211.387272120,0.158768,9.503320,-0.804128,-0.547556,0.823197,-0.125929,0.081671
1540581211.420976162,0.160636,9.539330,-0.817361,-0.548517,0.822436,-0.128066,0.079548
1540581211.454580307,0.166412,9.564554,-0.832395,-0.549096,0.822248,-0.128467,0.076798
1540581211.487113953,0.170780,9.592455,-0.846524,-0.548486,0.823194,-0.126025,0.075044
1540581211.521198511,0.176514,9.619952,-0.855755,-0.548414,0.823943,-0.122577,0.073036
1540581211.554339886,0.184140,9.647303,-0.862388,-0.548539,0.824488,-0.119728,0.070646
1540581211.587278366,0.192177,9.673187,-0.870830,-0.548085,0.825263,-0.118295,0.067455
1540581211.620984793,0.196871,9.689358,-0.880300,-0.547772,0.825980,-0.116803,0.063719
1540581211.653859615,0.197398,9.692887,-0.886360,-0.547943,0.826768,-0.112282,0.060047
1540581211.687292099,0.199940,9.696747,-0.887996,-0.548007,0.827834,-0.105672,0.056689
1540581211.722071886,0.201042,9.708548,-0.889598,-0.548700,0.828288,-0.100519,0.052575
1540581211.753816843,0.200057,9.711079,-0.891544,-0.549614,0.828458,-0.095970,0.048695
1540581211.787073851,0.198342,9.712453,-0.894302,-0.550091,0.828978,-0.090528,0.044718
1540581211.820656300,0.195781,9.708338,-0.894736,-0.550552,0.829516,-0.084230,0.041229
1540581211.857099295,0.197160,9.730525,-0.896065,-0.551000,0.829944,-0.078158,0.038500
1540581211.887170076,0.194443,9.733090,-0.895542,-0.551572,0.829939,-0.075691,0.035213
1540581211.920945883,0.201007,9.794658,-0.901135,-0.551194,0.830136,-0.078055,0.031104
1540581211.954520702,0.199541,9.793405,-0.906299,-0.550978,0.830122,-0.081036,0.027458
1540581211.987564087,0.190297,9.773920,-0.910784,-0.551328,0.829962,-0.081412,0.023927
1540581212.021170616,0.180664,9.751377,-0.910887,-0.551985,0.830046,-0.076430,0.022249
1540581212.054292202,0.174204,9.736225,-0.908839,-0.552619,0.830147,-0.070868,0.021088
1540581212.087506056,0.170811,9.731910,-0.910518,-0.553599,0.829748,-0.068434,0.019043
1540581212.120592833,0.167921,9.735676,-0.910920,-0.554455,0.829268,-0.067847,0.017072
1540581212.154595613,0.169745,9.743306,-0.918021,-0.555513,0.828435,-0.070030,0.014016
1540581212.187745094,0.162436,9.750517,-0.916864,-0.555337,0.828404,-0.072256,0.011263
1540581212.221733809,0.159049,9.764169,-0.918444,-0.555723,0.828061,-0.073584,0.008492
1540581212.254203558,0.157205,9.780542,-0.919541,-0.556184,0.827783,-0.073377,0.007138
1540581212.287935734,0.158227,9.797865,-0.924686,-0.556892,0.827185,-0.074889,0.005352
1540581212.321606874,0.156316,9.815737,-0.929419,-0.557120,0.826838,-0.077103,0.003454
1540581212.355232716,0.149465,9.834510,-0.924243,-0.556812,0.827049,-0.077079,0.003174
1540581212.387917519,0.144701,9.848908,-0.915464,-0.556944,0.827230,-0.074097,0.003705
1540581212.422166586,0.149026,9.877497,-0.909496,-0.556378,0.828149,-0.067640,0.006155
1540581212.456702232,0.147460,9.911393,-0.911700,-0.555706,0.829055,-0.061460,0.009072
1540581212.488812685,0.136843,9.945428,-0.920359,-0.555025,0.829756,-0.057699,0.011089
1540581212.524225235,0.129367,9.991562,-0.935160,-0.553671,0.830740,-0.055965,0.013689
1540581212.555679083,0.121394,10.041151,-0.955404,-0.552797,0.831168,-0.057751,0.015503
1540581212.593315840,0.120215,10.090344,-0.960072,-0.551600,0.831455,-0.064014,0.017952
1540581212.622671366,0.119646,10.135038,-0.969086,-0.551472,0.830932,-0.071110,0.019358
1540581212.655966759,0.122168,10.186109,-0.977395,-0.550310,0.830969,-0.078859,0.020758
1540581212.689435005,0.120261,10.236032,-0.973714,-0.548981,0.831161,-0.084803,0.024474
1540581212.722947121,0.108396,10.272785,-0.961155,-0.549124,0.830545,-0.088784,0.027852
1540581212.755981207,0.105957,10.303353,-0.948978,-0.548530,0.830895,-0.087956,0.031503
1540581212.789782286,0.115349,10.335400,-0.946115,-0.547261,0.831852,-0.084562,0.037118
1540581212.829785824,0.115291,10.369408,-0.934986,-0.546782,0.831910,-0.084457,0.042684
1540581212.861483812,0.119496,10.385627,-0.948574,-0.546317,0.831712,-0.087717,0.045811
1540581212.892616272,0.136545,10.401789,-0.967202,-0.544757,0.831887,-0.093355,0.049895
1540581212.923641920,0.157491,10.410313,-0.985686,-0.544252,0.831018,-0.101587,0.053649
1540581212.959005117,0.163406,10.416933,-0.990326,-0.543845,0.830165,-0.108752,0.056851
1540581212.992151022,0.164631,10.418575,-0.992382,-0.543370,0.829851,-0.111804,0.059967
1540581213.024451494,0.167725,10.427902,-0.990627,-0.543047,0.829645,-0.112849,0.063680
1540581213.059306860,0.170302,10.430756,-0.995259,-0.543221,0.829117,-0.114014,0.066901
1540581213.091725111,0.178446,10.437265,-1.001172,-0.542846,0.828811,-0.116061,0.070141
1540581213.125531435,0.185439,10.437112,-1.009510,-0.543207,0.827758,-0.120369,0.072492
1540581213.158961058,0.186909,10.446766,-1.012102,-0.543310,0.826910,-0.124654,0.074124
1540581213.192453384,0.182463,10.461369,-1.012350,-0.543948,0.826079,-0.126703,0.075241
1540581213.226142883,0.175137,10.479640,-1.009830,-0.544157,0.825950,-0.126051,0.076231
1540581213.260163307,0.175781,10.505068,-1.010998,-0.544581,0.825670,-0.124997,0.077948
1540581213.293505907,0.175840,10.540739,-1.009945,-0.545264,0.825059,-0.125354,0.079068
1540581213.327855110,0.169503,10.565919,-1.009444,-0.545799,0.824742,-0.125503,0.078437
1540581213.360821724,0.164781,10.592765,-1.003662,-0.545691,0.825420,-0.121540,0.078299
1540581213.394862175,0.167632,10.630055,-0.989649,-0.545762,0.826171,-0.115513,0.079008
1540581213.428307295,0.162527,10.667562,-0.973024,-0.545862,0.826861,-0.110559,0.078178
1540581213.462320089,0.169433,10.709095,-0.960709,-0.545413,0.827479,-0.108418,0.077770
1540581213.494614840,0.177534,10.745458,-0.951406,-0.545296,0.827552,-0.109408,0.076419
1540581213.530128717,0.177906,10.767461,-0.950502,-0.545343,0.827724,-0.110326,0.072815
1540581213.563452482,0.170978,10.772092,-0.948979,-0.544919,0.828660,-0.107313,0.069780
1540581213.595789671,0.163997,10.773197,-0.945890,-0.544871,0.829610,-0.101807,0.067067
1540581213.629482269,0.157234,10.776526,-0.941435,-0.545474,0.830145,-0.095952,0.064111
1540581213.663438559,0.151168,10.783645,-0.938315,-0.545807,0.830767,-0.090640,0.060873
1540581213.697214842,0.147981,10.792000,-0.936200,-0.546203,0.831178,-0.086181,0.058130
1540581213.730508327,0.142943,10.792954,-0.933098,-0.547155,0.831106,-0.082713,0.055155
1540581213.763966084,0.141456,10.807215,-0.936488,-0.548392,0.830752,-0.080515,0.051327
1540581213.797903538,0.145557,10.830478,-0.942192,-0.548732,0.830777,-0.079985,0.048005
1540581213.830699682,0.143891,10.835446,-0.941838,-0.549357,0.830350,-0.081980,0.044772
1540581213.865499973,0.145415,10.845795,-0.947927,-0.551182,0.829068,-0.085559,0.039044
1540581213.898601055,0.144857,10.857836,-0.956607,-0.550917,0.829314,-0.087067,0.033887
1540581213.931479692,0.124459,10.843225,-0.957368,-0.550671,0.829804,-0.085028,0.030944
1540581213.965213776,0.102209,10.820336,-0.952994,-0.551858,0.829624,-0.079962,0.027986
1540581213.999301672,0.090723,10.818702,-0.954340,-0.552934,0.829852,-0.070376,0.025620
1540581214.033524513,0.086036,10.843371,-0.964390,-0.552948,0.830452,-0.063451,0.023906
1540581214.066106081,0.085873,10.871085,-0.970967,-0.553286,0.830415,-0.061763,0.021693
1540581214.103311062,0.086018,10.904176,-0.981875,-0.554554,0.829608,-0.062345,0.018282
1540581214.133797646,0.080573,10.919450,-0.986784,-0.554755,0.829538,-0.062267,0.015403
1540581214.167510271,0.072473,10.931510,-0.987712,-0.554856,0.829668,-0.060080,0.013277
1540581214.200759888,0.066864,10.946358,-0.987012,-0.555560,0.829478,-0.056384,0.011803
1540581214.234218836,0.061288,10.963883,-0.989612,-0.556441,0.829139,-0.052961,0.009843
1540581214.267711639,0.060864,10.991110,-0.996226,-0.556416,0.829328,-0.050525,0.007958
1540581214.301444054,0.058091,11.015442,-0.995956,-0.556509,0.829421,-0.048098,0.006660
1540581214.334707260,0.055951,11.040486,-0.994507,-0.556471,0.829595,-0.045643,0.005338
1540581214.368568659,0.051904,11.068102,-0.996856,-0.555765,0.830169,-0.043951,0.003584
1540581214.402123451,0.048835,11.099921,-0.994737,-0.554701,0.830878,-0.044053,0.002745
1540581214.435493231,0.045164,11.128936,-0.998811,-0.554216,0.831072,-0.046506,0.000942
1540581214.469569683,0.045162,11.161068,-1.004214,-0.552366,0.832197,-0.048378,-0.000227
1540581214.503120422,0.045748,11.184273,-1.001702,-0.550394,0.833559,-0.047364,0.001632
1540581214.536621809,0.043435,11.206669,-0.998495,-0.550230,0.833726,-0.046255,0.003003
1540581214.570636034,0.042666,11.236878,-1.008868,-0.549480,0.834258,-0.045480,0.004017
1540581214.604188681,0.041965,11.263515,-1.014558,-0.548485,0.834828,-0.046717,0.006685
1540581214.637889624,0.039859,11.290087,-1.025958,-0.548703,0.834432,-0.050884,0.007656
1540581214.671250105,0.040011,11.311146,-1.038073,-0.547850,0.834637,-0.056277,0.008636
1540581214.705289602,0.037804,11.333900,-1.041270,-0.547449,0.834506,-0.061530,0.010628
1540581214.738425255,0.033425,11.369505,-1.031883,-0.547420,0.834322,-0.063701,0.013402
1540581214.771948338,0.037078,11.378314,-1.040596,-0.547001,0.834597,-0.063029,0.016275
1540581214.805573463,0.046591,11.381324,-1.055652,-0.546083,0.835115,-0.062876,0.020581
1540581214.855819702,0.030742,11.423822,-1.034427,-0.546775,0.834247,-0.067099,0.023803
1540581214.908912182,0.050377,11.423958,-1.056595,-0.546116,0.833765,-0.075936,0.028744
1540581214.940671921,0.065181,11.411476,-1.063163,-0.546311,0.833239,-0.079004,0.031865
1540581214.990907192,0.061868,11.429835,-1.060070,-0.546770,0.832877,-0.077618,0.036533
1540581215.059379578,0.060936,11.441393,-1.060840,-0.547024,0.832325,-0.079213,0.041529
1540581215.107616901,0.097766,11.398658,-1.093163,-0.547051,0.831288,-0.087698,0.044778
1540581215.157780886,0.087846,11.413971,-1.089569,-0.547305,0.830578,-0.092106,0.045985
1540581215.191093445,0.086906,11.419595,-1.089475,-0.547988,0.829948,-0.093372,0.046652
1540581215.259222269,0.087126,11.436864,-1.094883,-0.548507,0.829173,-0.097006,0.046921
1540581215.289768219,0.089218,11.436717,-1.098293,-0.548962,0.828333,-0.101990,0.045869
1540581215.323132515,0.090981,11.440046,-1.103989,-0.549615,0.827434,-0.106056,0.045033
1540581215.356796503,0.094872,11.453635,-1.108134,-0.548920,0.827551,-0.109017,0.044286
1540581215.391569853,0.101966,11.473877,-1.110341,-0.548607,0.827598,-0.110403,0.043848
1540581215.423229694,0.108107,11.487066,-1.114296,-0.548744,0.827842,-0.107971,0.043587
1540581215.457372665,0.121728,11.507095,-1.111480,-0.547127,0.829500,-0.103170,0.044014
1540581215.490204573,0.131654,11.525852,-1.106366,-0.546663,0.830371,-0.098718,0.043576
1540581215.523424387,0.141669,11.545834,-1.102006,-0.545701,0.831648,-0.093399,0.043003
1540581215.556687117,0.151950,11.570821,-1.094473,-0.544529,0.832894,-0.089451,0.042124
1540581215.589793205,0.156670,11.593536,-1.089856,-0.544391,0.833201,-0.088340,0.040129
1540581215.623029709,0.158266,11.609026,-1.090910,-0.544572,0.833200,-0.088377,0.037536
1540581215.657608032,0.157966,11.616808,-1.094076,-0.544414,0.833394,-0.088671,0.034726
1540581215.691831589,0.158057,11.626360,-1.097180,-0.544384,0.833599,-0.087812,0.032391
1540581215.723134995,0.156681,11.630794,-1.097313,-0.545228,0.833372,-0.085258,0.030790
1540581215.757241964,0.154979,11.636428,-1.097865,-0.545532,0.833479,-0.082978,0.028674
1540581215.790114164,0.151431,11.637239,-1.095755,-0.545585,0.833495,-0.083209,0.026449
1540581215.823815107,0.142629,11.631455,-1.096438,-0.545593,0.833349,-0.085555,0.023214
1540581215.856909037,0.133232,11.625540,-1.098129,-0.545938,0.833170,-0.085852,0.020218
1540581215.890334606,0.123353,11.618824,-1.098258,-0.546040,0.833470,-0.082782,0.017745
1540581215.923805475,0.115427,11.618961,-1.095155,-0.546514,0.833711,-0.077466,0.015726
1540581215.957616091,0.109248,11.621670,-1.093101,-0.547391,0.833621,-0.072548,0.013275
1540581215.990509510,0.103786,11.626387,-1.092727,-0.547939,0.833573,-0.069338,0.010565
1540581216.024312496,0.100650,11.634992,-1.093582,-0.548366,0.833299,-0.069654,0.007425
1540581216.056781530,0.096527,11.641812,-1.095059,-0.548623,0.832857,-0.073150,0.003392
1540581216.090738535,0.090640,11.646587,-1.097739,-0.548542,0.832732,-0.075229,-0.000431
1540581216.124001265,0.082216,11.648284,-1.098118,-0.548601,0.832919,-0.072642,-0.002415
1540581216.157359123,0.074865,11.651096,-1.095554,-0.549347,0.832890,-0.067097,-0.003316
1540581216.190541983,0.071382,11.662815,-1.098530,-0.550104,0.832883,-0.060624,-0.003941
1540581216.224155903,0.070404,11.677550,-1.101383,-0.550136,0.833325,-0.053966,-0.002733
1540581216.257263184,0.066992,11.696745,-1.105461,-0.550969,0.832934,-0.051449,-0.002699
1540581216.290205479,0.064197,11.720745,-1.111798,-0.550925,0.833012,-0.050646,-0.002668
1540581216.323484659,0.061973,11.749257,-1.118586,-0.549955,0.833670,-0.050408,-0.001574
1540581216.356983423,0.060811,11.773402,-1.120536,-0.549068,0.834162,-0.051937,-0.001052
1540581216.392083406,0.058838,11.806099,-1.124518,-0.548977,0.834119,-0.053573,-0.000782
1540581216.425051212,0.057808,11.838260,-1.130076,-0.546973,0.835350,-0.054872,0.000934
1540581216.457003117,0.056259,11.862733,-1.132740,-0.545438,0.836212,-0.056907,0.002907
1540581216.491615057,0.053320,11.886869,-1.134532,-0.544995,0.836414,-0.058035,0.004861
1540581216.523911953,0.050848,11.919762,-1.144864,-0.544278,0.836821,-0.058623,0.007455
1540581216.557209969,0.049544,11.948982,-1.156127,-0.542985,0.837453,-0.061007,0.010842
1540581216.590592861,0.049704,11.977960,-1.166063,-0.542878,0.837167,-0.065251,0.013287
1540581216.624058962,0.051253,12.005857,-1.177573,-0.543324,0.836520,-0.069100,0.016091
1540581216.656973362,0.055049,12.030567,-1.190094,-0.542793,0.836462,-0.073151,0.018871
1540581216.691197872,0.059299,12.053625,-1.196478,-0.542028,0.836718,-0.074910,0.022286
1540581216.724011183,0.065103,12.070586,-1.206371,-0.542094,0.836674,-0.073718,0.025988
1540581216.757765532,0.070534,12.082611,-1.222860,-0.541866,0.836673,-0.074195,0.029227
1540581216.790528059,0.081489,12.092559,-1.237166,-0.540995,0.836707,-0.078948,0.031815
1540581216.824286461,0.094980,12.100875,-1.244966,-0.540514,0.836252,-0.085642,0.034551
1540581216.858433008,0.105954,12.108511,-1.247498,-0.540488,0.835535,-0.091367,0.037493
1540581216.891594887,0.114877,12.112782,-1.248086,-0.540170,0.835252,-0.094462,0.040581
1540581216.924391031,0.124097,12.117114,-1.250869,-0.540302,0.834829,-0.095701,0.044437
1540581216.961521149,0.127873,12.118662,-1.253883,-0.540870,0.834027,-0.097771,0.047959
1540581216.990546227,0.139845,12.111992,-1.261448,-0.540862,0.833488,-0.100839,0.050974
1540581217.024750471,0.151384,12.111564,-1.264639,-0.541278,0.832472,-0.105364,0.053919
1540581217.059296846,0.157637,12.111509,-1.264579,-0.542179,0.831198,-0.109587,0.056055
1540581217.094087601,0.161559,12.118110,-1.263915,-0.542766,0.830193,-0.113213,0.058027
1540581217.127204180,0.166959,12.131551,-1.263912,-0.543290,0.829238,-0.116823,0.059609
1540581217.159618616,0.171407,12.145157,-1.264493,-0.544261,0.828016,-0.120431,0.060545
1540581217.193732738,0.168028,12.164078,-1.266046,-0.544990,0.827199,-0.122754,0.060488
1540581217.226136208,0.158166,12.177603,-1.265869,-0.545275,0.827217,-0.121691,0.059819
1540581217.260612011,0.157094,12.201139,-1.264948,-0.545112,0.827902,-0.117417,0.060377
1540581217.293649912,0.166287,12.230855,-1.262121,-0.544566,0.828664,-0.114328,0.060779
1540581217.325974941,0.170152,12.250146,-1.259661,-0.544432,0.829019,-0.112767,0.060045
1540581217.359525919,0.175539,12.272122,-1.257949,-0.543355,0.829761,-0.112841,0.059396
1540581217.393346786,0.173381,12.283531,-1.258577,-0.541762,0.830733,-0.113615,0.058898
1540581217.426572561,0.165165,12.287640,-1.260308,-0.541581,0.831132,-0.112579,0.056875
1540581217.459993362,0.161395,12.292471,-1.260971,-0.541012,0.831976,-0.109531,0.055906
1540581217.493466616,0.156387,12.293688,-1.262573,-0.540285,0.832712,-0.108142,0.054665
1540581217.528331041,0.145214,12.291038,-1.266403,-0.540987,0.832567,-0.106973,0.052181
1540581217.561750889,0.132471,12.283833,-1.270423,-0.541381,0.832909,-0.103389,0.049790
1540581217.594939232,0.126365,12.283165,-1.271339,-0.541150,0.833522,-0.100535,0.047856
1540581217.628499031,0.130024,12.295845,-1.270556,-0.541415,0.833225,-0.102982,0.044730
1540581217.661828041,0.131433,12.307563,-1.268745,-0.541492,0.832545,-0.109682,0.040298
1540581217.695881844,0.115169,12.294151,-1.283599,-0.541465,0.832083,-0.114927,0.035277
1540581217.729601383,0.087505,12.266298,-1.303597,-0.541300,0.832414,-0.114761,0.030204
1540581217.763895750,0.060028,12.241894,-1.312937,-0.541775,0.833015,-0.108936,0.026448
1540581217.795753956,0.040830,12.221755,-1.317491,-0.542820,0.833233,-0.102579,0.023359
1540581217.830991268,0.025130,12.207409,-1.320771,-0.543222,0.833737,-0.097031,0.019423
1540581217.863609552,0.011883,12.192804,-1.320898,-0.543672,0.833960,-0.093186,0.015730
1540581217.896638155,0.001512,12.183656,-1.322155,-0.544098,0.833892,-0.091958,0.011211
1540581217.930967808,-0.012168,12.173004,-1.325160,-0.544275,0.833994,-0.090429,0.006401
1540581217.963981390,-0.021964,12.179363,-1.326829,-0.544754,0.834031,-0.087339,0.002915
1540581217.997667313,-0.031458,12.200778,-1.328743,-0.545763,0.833761,-0.083571,-0.001055
1540581218.031197309,-0.041176,12.226322,-1.332010,-0.546293,0.833815,-0.079350,-0.004580
1540581218.064703941,-0.049284,12.251717,-1.335093,-0.546890,0.833830,-0.074762,-0.007022
1540581218.099447489,-0.056571,12.280049,-1.339353,-0.547210,0.834011,-0.070000,-0.009323
1540581218.131676197,-0.062072,12.306607,-1.341985,-0.546978,0.834381,-0.067000,-0.011550
1540581218.165544987,-0.066121,12.334012,-1.343769,-0.546024,0.835127,-0.065088,-0.013581
1540581218.199533701,-0.071767,12.359096,-1.342562,-0.545392,0.835651,-0.063341,-0.014947
1540581218.232441187,-0.078973,12.383470,-1.340439,-0.544620,0.836318,-0.060909,-0.015838
1540581218.265991211,-0.086146,12.403290,-1.338203,-0.543299,0.837393,-0.057775,-0.016166
1540581218.301933765,-0.090802,12.427680,-1.341104,-0.542692,0.838006,-0.054578,-0.015866
1540581218.333950520,-0.094333,12.449878,-1.345458,-0.542246,0.838379,-0.053349,-0.015637
1540581218.367336750,-0.096081,12.478279,-1.352625,-0.542006,0.838418,-0.055160,-0.015539
1540581218.400658846,-0.098082,12.496624,-1.355850,-0.541569,0.838332,-0.060549,-0.015399
1540581218.434530735,-0.098820,12.517009,-1.358062,-0.541636,0.837765,-0.067101,-0.016660
1540581218.468071222,-0.102604,12.531549,-1.360865,-0.540831,0.838155,-0.068852,-0.016066
1540581218.501564980,-0.105737,12.545436,-1.361761,-0.540451,0.838568,-0.067207,-0.014146
1540581218.536885738,-0.104852,12.559283,-1.364028,-0.540331,0.838712,-0.066600,-0.013024
1540581218.568403959,-0.099573,12.568887,-1.371129,-0.540496,0.838509,-0.068055,-0.011631
1540581218.602601767,-0.092628,12.579917,-1.377562,-0.539819,0.838547,-0.073045,-0.009950
1540581218.635982275,-0.089214,12.590896,-1.380526,-0.539499,0.838098,-0.080256,-0.009558
1540581218.670444012,-0.092184,12.605731,-1.380557,-0.539990,0.837490,-0.083399,-0.008132
1540581218.702727318,-0.090740,12.618070,-1.382770,-0.540339,0.837272,-0.083495,-0.006230
1540581218.736079693,-0.083331,12.625949,-1.390031,-0.540330,0.837340,-0.083014,-0.003725
1540581218.770534754,-0.074595,12.633987,-1.399698,-0.540949,0.836771,-0.084773,-0.001232
1540581218.806910753,-0.069310,12.648193,-1.403752,-0.541126,0.836171,-0.089448,0.000157
1540581218.872185707,-0.061805,12.678721,-1.408772,-0.542305,0.834534,-0.097224,0.002574
1540581218.904527903,-0.059689,12.696989,-1.409476,-0.542796,0.834088,-0.098263,0.003646
1540581218.940116644,-0.056094,12.719967,-1.409824,-0.543306,0.833883,-0.097129,0.004802
1540581218.972312927,-0.047930,12.735820,-1.413496,-0.543495,0.833898,-0.095886,0.005807
1540581219.005630732,-0.043325,12.753142,-1.416128,-0.544231,0.833505,-0.095066,0.006640
1540581219.039280176,-0.036968,12.778741,-1.414950,-0.543835,0.833900,-0.093736,0.008215
1540581219.072749615,-0.033227,12.808331,-1.409411,-0.543341,0.834475,-0.091368,0.009155
1540581219.106102705,-0.029535,12.832908,-1.405996,-0.542201,0.835514,-0.088520,0.009985
1540581219.139623880,-0.023872,12.855226,-1.403936,-0.540848,0.836481,-0.087556,0.010854
1540581219.174942255,-0.017530,12.882169,-1.399952,-0.539770,0.837238,-0.086802,0.012092
1540581219.241011381,0.001081,12.908891,-1.405852,-0.538600,0.838157,-0.084730,0.014939
1540581219.274343491,0.007823,12.929269,-1.407051,-0.539204,0.837632,-0.085859,0.016138
1540581219.308499098,0.013270,12.941877,-1.410663,-0.538882,0.837644,-0.087634,0.016673
1540581219.341795206,0.020100,12.952199,-1.415055,-0.538761,0.837712,-0.087319,0.018721
1540581219.376096249,0.024746,12.969616,-1.414957,-0.539394,0.837327,-0.086537,0.021176
1540581219.408716679,0.029937,12.984926,-1.416924,-0.539592,0.837255,-0.085551,0.022943
1540581219.442679167,0.033687,13.000525,-1.416842,-0.539972,0.836908,-0.085994,0.024914
1540581219.476068497,0.031817,13.014976,-1.413799,-0.540140,0.836696,-0.086561,0.026373
1540581219.510457039,0.023498,13.026820,-1.405134,-0.540077,0.836899,-0.084437,0.028066
1540581219.561388969,0.030070,13.056628,-1.409227,-0.541799,0.836243,-0.078447,0.031593
1540581219.592387438,0.030437,13.074805,-1.406950,-0.542705,0.835818,-0.076352,0.032399
1540581219.626052856,0.027100,13.090800,-1.407177,-0.542613,0.835816,-0.077395,0.031518
1540581219.659466982,0.022889,13.106011,-1.408946,-0.543570,0.834877,-0.081278,0.030111
1540581219.692285538,0.024279,13.124730,-1.410848,-0.544580,0.834009,-0.084051,0.028233
1540581219.725769520,0.026929,13.145314,-1.412374,-0.545013,0.833874,-0.082949,0.027101
1540581219.759087086,0.025827,13.165918,-1.413095,-0.545365,0.833903,-0.080558,0.026319
1540581219.792332888,0.022164,13.185668,-1.413513,-0.546610,0.833251,-0.079316,0.024868
1540581219.826682806,0.015608,13.205395,-1.414711,-0.546939,0.833081,-0.079353,0.023162
1540581219.858900309,0.008097,13.222467,-1.414925,-0.546133,0.833468,-0.081305,0.021427
1540581219.892364025,0.000440,13.240212,-1.414369,-0.545385,0.833588,-0.085527,0.019289
1540581219.925992727,-0.005894,13.259877,-1.412617,-0.544116,0.834044,-0.089453,0.017502
1540581219.958779335,-0.012951,13.279396,-1.409634,-0.542111,0.834974,-0.093102,0.016283
1540581219.992436886,-0.019189,13.298321,-1.407844,-0.540560,0.835477,-0.097675,0.015251
1540581220.026569128,-0.023939,13.319332,-1.407723,-0.539658,0.835583,-0.101879,0.013827
1540581220.059101582,-0.027263,13.341230,-1.409205,-0.539129,0.835675,-0.103975,0.013319
1540581220.093527079,-0.034049,13.362879,-1.412006,-0.538792,0.835687,-0.105687,0.012654
1540581220.126188278,-0.041345,13.381621,-1.415038,-0.538566,0.835635,-0.107329,0.011929
1540581220.159216642,-0.045286,13.400603,-1.417387,-0.538753,0.835471,-0.107665,0.011924
1540581220.192387819,-0.048587,13.420145,-1.417194,-0.538584,0.835779,-0.106077,0.012213
1540581220.226110458,-0.053940,13.435476,-1.418194,-0.538050,0.836271,-0.105011,0.011225
1540581220.261459351,-0.058214,13.448203,-1.420520,-0.538099,0.836287,-0.104731,0.010296
1540581220.294015408,-0.061410,13.462119,-1.421747,-0.537988,0.836273,-0.105472,0.009609
1540581220.326309681,-0.068450,13.474797,-1.424236,-0.538446,0.836007,-0.105367,0.008141
1540581220.359951496,-0.075349,13.483586,-1.430247,-0.539740,0.835903,-0.099377,0.008420
1540581220.393900394,-0.076890,13.489179,-1.441162,-0.540562,0.836407,-0.090103,0.009893
1540581220.426610470,-0.079779,13.490105,-1.449508,-0.541886,0.836367,-0.082045,0.010857
1540581220.459933281,-0.075132,13.505683,-1.455153,-0.542877,0.836089,-0.078159,0.011470
1540581220.493540525,-0.071185,13.522407,-1.459171,-0.543818,0.835394,-0.078880,0.012507
1540581220.526527882,-0.070288,13.538863,-1.459752,-0.544211,0.834489,-0.085487,0.012429
1540581220.561185122,-0.070164,13.558822,-1.462264,-0.544829,0.833201,-0.093933,0.010678
1540581220.592890024,-0.073683,13.573897,-1.459229,-0.544695,0.832747,-0.098628,0.010617
1540581220.626932144,-0.073516,13.591110,-1.457798,-0.544570,0.832429,-0.101877,0.011282
1540581220.659838438,-0.072037,13.611968,-1.457732,-0.545423,0.831105,-0.108079,0.009896
1540581220.692797899,-0.068530,13.633550,-1.456528,-0.545965,0.830115,-0.112903,0.009170
1540581220.726018906,-0.063647,13.657064,-1.459820,-0.545740,0.830022,-0.114593,0.010023
1540581220.759813786,-0.054627,13.688640,-1.463497,-0.546777,0.829541,-0.113109,0.010164
1540581220.793786764,-0.048999,13.713058,-1.464246,-0.546323,0.831103,-0.103208,0.012144
1540581220.826801538,-0.044468,13.732238,-1.465944,-0.545336,0.832877,-0.093311,0.014758
1540581220.860381126,-0.040690,13.752586,-1.464343,-0.545020,0.833387,-0.090462,0.015334
1540581220.893598080,-0.034618,13.773396,-1.461908,-0.543523,0.834413,-0.089889,0.016046
1540581220.927257776,-0.027015,13.795021,-1.459607,-0.542235,0.835224,-0.090028,0.016629
1540581220.959647655,-0.019848,13.813728,-1.458797,-0.542158,0.835225,-0.090456,0.016770
1540581220.998850107,-0.012146,13.835175,-1.460058,-0.542237,0.835408,-0.088020,0.018037
1540581221.026503086,-0.007574,13.845334,-1.461851,-0.542147,0.835758,-0.084878,0.019527
1540581221.059459925,0.000544,13.859572,-1.465682,-0.542442,0.835812,-0.082041,0.021099
1540581221.092823982,0.007350,13.872127,-1.469106,-0.542812,0.835749,-0.079716,0.022888
1540581221.126873970,0.018178,13.887681,-1.472461,-0.542554,0.835847,-0.079753,0.025179
1540581221.159653425,0.030250,13.904524,-1.471757,-0.542608,0.835365,-0.084096,0.025884
1540581221.193401575,0.036975,13.920681,-1.470494,-0.542692,0.834859,-0.088318,0.026354
1540581221.226609230,0.039080,13.934138,-1.470188,-0.542375,0.834888,-0.089416,0.028207
1540581221.259957314,0.039187,13.948276,-1.471334,-0.542383,0.834906,-0.088466,0.030448
1540581221.294166565,0.039343,13.962393,-1.471942,-0.543069,0.834708,-0.085352,0.032459
1540581221.327063560,0.040755,13.977284,-1.474396,-0.543706,0.834645,-0.080753,0.035075
1540581221.360585213,0.046171,13.995553,-1.480158,-0.543708,0.834761,-0.078622,0.037066
1540581221.394483566,0.052509,14.014800,-1.483865,-0.544070,0.834445,-0.079348,0.037315
1540581221.427325487,0.058202,14.033126,-1.487209,-0.544624,0.834012,-0.080152,0.037213
1540581221.459987879,0.062298,14.052857,-1.491843,-0.545034,0.833678,-0.080802,0.037281
1540581221.493559837,0.064977,14.075168,-1.497512,-0.545869,0.833200,-0.080248,0.036938
1540581221.528626442,0.072012,14.097887,-1.501134,-0.546880,0.832715,-0.078824,0.035984
1540581221.560914040,0.076594,14.120419,-1.503225,-0.546733,0.832828,-0.078734,0.035794
1540581221.594162226,0.080935,14.145621,-1.506144,-0.546405,0.832941,-0.079889,0.035615
1540581221.627944708,0.085514,14.168684,-1.507959,-0.546413,0.832966,-0.080014,0.034625
1540581221.661097765,0.085527,14.191923,-1.506558,-0.545264,0.833815,-0.079322,0.033876
1540581221.695221186,0.083909,14.220118,-1.503615,-0.543931,0.834593,-0.080639,0.033027
1540581221.728804350,0.083660,14.245183,-1.501486,-0.542491,0.835254,-0.083951,0.031728
1540581221.763651371,0.078404,14.265590,-1.501006,-0.540935,0.836091,-0.086009,0.030718
1540581221.797303915,0.074073,14.287067,-1.500490,-0.540456,0.836393,-0.086360,0.029952
1540581221.828624010,0.069706,14.306274,-1.500732,-0.540175,0.836559,-0.086802,0.029072
1540581221.862060308,0.064886,14.325952,-1.502664,-0.540386,0.836409,-0.087181,0.028342
1540581221.897758722,0.060538,14.345860,-1.506444,-0.540387,0.836328,-0.088248,0.027383
1540581221.929458618,0.054032,14.361125,-1.509233,-0.540542,0.836143,-0.089328,0.026433
1540581221.961817741,0.045384,14.371130,-1.510243,-0.541137,0.835849,-0.088778,0.025419
1540581221.995903730,0.039489,14.381971,-1.511236,-0.540375,0.836563,-0.086956,0.024432
1540581222.030138969,0.041018,14.396612,-1.513874,-0.539574,0.837148,-0.086519,0.023595
1540581222.062988997,0.041945,14.409155,-1.515284,-0.539472,0.837080,-0.088083,0.022559
1540581222.097431421,0.033208,14.417926,-1.518322,-0.539361,0.837069,-0.089196,0.021197
1540581222.131008148,0.018325,14.430041,-1.515781,-0.539402,0.837385,-0.085838,0.021513
1540581222.163602114,0.009867,14.444933,-1.506952,-0.540627,0.837245,-0.079068,0.022188
1540581222.197274923,0.007120,14.453628,-1.514136,-0.541262,0.837536,-0.071093,0.022675
1540581222.230866909,0.010441,14.464731,-1.534431,-0.541521,0.837764,-0.065904,0.023738
1540581222.266570568,0.020935,14.479496,-1.545581,-0.541759,0.837479,-0.067875,0.022790
1540581222.297785759,0.030012,14.488819,-1.546441,-0.542201,0.836854,-0.072430,0.021142
1540581222.331155777,0.033255,14.501211,-1.547452,-0.542607,0.836362,-0.075099,0.020861
1540581222.366112709,0.032597,14.524928,-1.551932,-0.542528,0.836367,-0.075513,0.021260
1540581222.399262667,0.029902,14.542877,-1.555226,-0.543032,0.836061,-0.075397,0.020819
1540581222.434348345,0.026299,14.557191,-1.557787,-0.543935,0.835383,-0.076417,0.020731
1540581222.466336489,0.028854,14.572103,-1.559504,-0.543828,0.835024,-0.081101,0.020215
1540581222.499811649,0.036074,14.595822,-1.566046,-0.543707,0.834484,-0.087546,0.018846
1540581222.533838511,0.040296,14.628621,-1.574732,-0.543292,0.834599,-0.089080,0.018533
1540581222.566933393,0.045581,14.658306,-1.573224,-0.542664,0.835386,-0.085421,0.018674
1540581222.600555182,0.049802,14.681135,-1.572183,-0.541100,0.836888,-0.080272,0.019655
1540581222.634522915,0.054975,14.706176,-1.569307,-0.539558,0.838066,-0.078179,0.020249
1540581222.667981625,0.057900,14.725690,-1.566068,-0.538859,0.838422,-0.079478,0.019067
1540581222.701374292,0.063958,14.746562,-1.564559,-0.537317,0.839340,-0.080216,0.019078
1540581222.734915495,0.072380,14.769686,-1.566416,-0.536653,0.839589,-0.081818,0.019987
1540581222.768472910,0.079720,14.792226,-1.568360,-0.536924,0.839282,-0.082920,0.021055
1540581222.802145004,0.086750,14.812176,-1.572158,-0.537076,0.839161,-0.082737,0.022631
1540581222.835988760,0.096654,14.834179,-1.579459,-0.536874,0.839239,-0.082695,0.024634
1540581222.869635344,0.106054,14.855200,-1.586105,-0.537482,0.838697,-0.083651,0.026504
1540581222.902824402,0.119613,14.872907,-1.592710,-0.537809,0.838163,-0.086371,0.027996
1540581222.940042734,0.131099,14.893754,-1.597624,-0.537751,0.837448,-0.092942,0.029435
1540581222.970488548,0.135696,14.911428,-1.601122,-0.537667,0.836791,-0.098841,0.030429
1540581223.004078627,0.121344,14.920228,-1.601902,-0.538472,0.835903,-0.101527,0.031719
1540581223.038021803,0.107158,14.928331,-1.595110,-0.538659,0.836060,-0.098406,0.034159
1540581223.072355032,0.108118,14.945826,-1.590829,-0.539118,0.836298,-0.092474,0.037500
1540581223.104427814,0.110669,14.965268,-1.597827,-0.540219,0.835945,-0.088471,0.039143
1540581223.139289141,0.113233,14.991394,-1.604110,-0.540337,0.835825,-0.088465,0.040080
1540581223.171810627,0.118819,15.014368,-1.610477,-0.540572,0.835234,-0.092487,0.040151
1540581223.207941532,0.126722,15.034331,-1.624269,-0.541903,0.834111,-0.095096,0.039453
1540581223.238658428,0.131184,15.052345,-1.628628,-0.542586,0.833907,-0.092898,0.039612
1540581223.272392035,0.138899,15.077862,-1.631365,-0.543260,0.833754,-0.090038,0.040213
1540581223.307471037,0.140554,15.102801,-1.633994,-0.543809,0.833572,-0.088986,0.038871
1540581223.340817213,0.128154,15.122214,-1.629761,-0.543768,0.833495,-0.090994,0.036362
1540581223.378502607,0.128988,15.151131,-1.626409,-0.543429,0.833226,-0.096143,0.034288
1540581223.441976547,0.142189,15.201574,-1.621596,-0.540588,0.833814,-0.107818,0.029901
1540581223.474070787,0.150027,15.229009,-1.616511,-0.539009,0.834238,-0.112692,0.028582
1540581223.507161140,0.158638,15.257472,-1.612183,-0.537252,0.834481,-0.119587,0.026464
1540581223.541995049,0.164059,15.282637,-1.611796,-0.535189,0.834848,-0.126282,0.025572
1540581223.574916363,0.162748,15.300389,-1.615226,-0.534193,0.834675,-0.131610,0.025196
1540581223.613848925,0.161422,15.319883,-1.619930,-0.534379,0.833794,-0.136490,0.024452
1540581223.676748514,0.151707,15.342251,-1.621158,-0.533646,0.834698,-0.133361,0.026755
1540581223.713972092,0.145796,15.356494,-1.621418,-0.534299,0.835377,-0.126169,0.027427
1540581223.776184559,0.144187,15.382170,-1.627071,-0.533836,0.837477,-0.112580,0.031243
1540581223.809991837,0.146406,15.396110,-1.629876,-0.534127,0.837534,-0.110669,0.031577
1540581223.845123529,0.144776,15.411140,-1.631927,-0.534764,0.837458,-0.108241,0.031214
1540581223.912850618,0.144216,15.439367,-1.637557,-0.535705,0.838405,-0.094354,0.034571
1540581223.948435783,0.141596,15.453442,-1.641440,-0.536768,0.838291,-0.088726,0.035718
1540581223.994688749,0.140467,15.475330,-1.642751,-0.537415,0.837745,-0.089678,0.036420
1540581224.047281742,0.154882,15.503751,-1.625985,-0.539359,0.835207,-0.102036,0.033304
1540581224.095279455,0.160609,15.529174,-1.627599,-0.540198,0.833802,-0.109541,0.031008
1540581224.128453493,0.167259,15.546972,-1.626525,-0.541195,0.832761,-0.112967,0.029234
1540581224.162273884,0.173999,15.565649,-1.626871,-0.541894,0.831975,-0.115789,0.027590
1540581224.195490360,0.180787,15.584103,-1.626281,-0.542632,0.830956,-0.120154,0.024995
1540581224.228792667,0.186908,15.603785,-1.627935,-0.542977,0.829916,-0.126236,0.021921
1540581224.261441469,0.193068,15.622848,-1.629730,-0.543324,0.829151,-0.130030,0.020003
1540581224.295071125,0.198483,15.641499,-1.629457,-0.543346,0.829020,-0.131037,0.018149
1540581224.329668522,0.203625,15.659426,-1.628999,-0.542739,0.829722,-0.129241,0.017138
1540581224.361632824,0.207413,15.676346,-1.627084,-0.542329,0.830496,-0.125901,0.017468
1540581224.395141602,0.209229,15.694278,-1.621876,-0.542537,0.830282,-0.126556,0.016396
1540581224.428404331,0.212676,15.711861,-1.616291,-0.541305,0.830810,-0.128506,0.015188
1540581224.471774578,0.217645,15.733051,-1.614149,-0.539752,0.832657,-0.122737,0.016898
1540581224.530763149,0.214215,15.762556,-1.607929,-0.540132,0.833503,-0.114875,0.018260
1540581224.568045139,0.210616,15.780725,-1.603566,-0.539640,0.833881,-0.114318,0.019022
1540581224.596569061,0.208733,15.793949,-1.599862,-0.539676,0.833908,-0.113776,0.020046
1540581224.628554583,0.210084,15.810392,-1.600744,-0.540403,0.833660,-0.111763,0.022019
1540581224.662205458,0.212542,15.826446,-1.601896,-0.541091,0.833457,-0.109429,0.024390
1540581224.695603609,0.217415,15.841936,-1.604013,-0.540699,0.833690,-0.108990,0.026969
1540581224.731109619,0.221106,15.858449,-1.603627,-0.541928,0.832440,-0.112014,0.028471
1540581224.762249708,0.225015,15.873230,-1.601434,-0.542446,0.831532,-0.115795,0.029982
1540581224.795135975,0.227476,15.888657,-1.601741,-0.542791,0.830788,-0.118994,0.031785
1540581224.828717709,0.228700,15.904027,-1.605655,-0.542712,0.830622,-0.120230,0.032795
1540581224.862037659,0.230876,15.919565,-1.609875,-0.543380,0.830576,-0.117078,0.034285
1540581224.895247698,0.232611,15.935879,-1.612767,-0.544333,0.830575,-0.112192,0.035492
1540581224.930107117,0.235335,15.954036,-1.616904,-0.543899,0.831184,-0.109731,0.035587
1540581224.963742971,0.238730,15.973869,-1.621768,-0.544888,0.830677,-0.108755,0.035294
1540581224.997056007,0.241715,15.994351,-1.625967,-0.545747,0.830243,-0.108210,0.033871
1540581225.029289484,0.244609,16.014913,-1.630759,-0.545591,0.830365,-0.108672,0.031849
1540581225.062324047,0.247060,16.036016,-1.635174,-0.546223,0.829915,-0.109496,0.029857
1540581225.096183300,0.250551,16.058886,-1.638298,-0.546923,0.829364,-0.110792,0.027499
1540581225.128967524,0.257183,16.084192,-1.639206,-0.546748,0.829235,-0.113256,0.024670
1540581225.162602901,0.261269,16.108320,-1.642642,-0.545676,0.829392,-0.117728,0.022059
1540581225.195775270,0.265898,16.132471,-1.645673,-0.545412,0.828970,-0.122406,0.018715
1540581225.229458570,0.274257,16.158861,-1.646312,-0.544226,0.829533,-0.124211,0.016253
1540581225.262144566,0.276277,16.180724,-1.648332,-0.542474,0.830798,-0.123506,0.015608
1540581225.295427561,0.277914,16.203271,-1.648597,-0.542825,0.830663,-0.122995,0.014561
1540581225.334124088,0.276008,16.235500,-1.648520,-0.542818,0.830953,-0.121190,0.013384
1540581225.363056183,0.275777,16.256854,-1.651001,-0.541723,0.831927,-0.119397,0.013368
1540581225.396234035,0.275882,16.275840,-1.654251,-0.542089,0.831852,-0.118240,0.013489
1540581225.430384159,0.274849,16.298206,-1.656955,-0.542945,0.831680,-0.115513,0.013270
1540581225.462764263,0.273848,16.317421,-1.658801,-0.542385,0.832579,-0.111466,0.014342
1540581225.495786667,0.270844,16.335434,-1.658927,-0.542289,0.832737,-0.110765,0.014259
1540581225.530191183,0.272039,16.357294,-1.657885,-0.542146,0.832501,-0.113482,0.011879
1540581225.563490868,0.273270,16.376533,-1.657420,-0.541248,0.832834,-0.115357,0.011420
1540581225.596650362,0.273654,16.394872,-1.658694,-0.541182,0.832228,-0.120085,0.009962
1540581225.629773855,0.275747,16.414589,-1.661813,-0.541282,0.831584,-0.124201,0.007476
1540581225.662988663,0.275425,16.434415,-1.664760,-0.542003,0.831522,-0.121453,0.007342
1540581225.696600437,0.277234,16.453982,-1.668214,-0.543410,0.831586,-0.114496,0.007821
1540581225.729688168,0.283265,16.475523,-1.669572,-0.543586,0.832388,-0.107604,0.008186
1540581225.763451099,0.285545,16.490317,-1.672271,-0.544785,0.831820,-0.105993,0.007164
1540581225.795827150,0.292440,16.502161,-1.672932,-0.545415,0.830944,-0.109663,0.005267
1540581225.829163551,0.301525,16.519027,-1.674430,-0.545044,0.830240,-0.116703,0.002871
1540581225.862571955,0.310960,16.544716,-1.676637,-0.544940,0.829078,-0.125179,-0.000163
1540581225.896119595,0.330316,16.568582,-1.676007,-0.544707,0.827730,-0.134690,-0.004085
1540581225.929891348,0.344081,16.594046,-1.680860,-0.543452,0.827569,-0.140535,-0.006230
1540581225.963426113,0.352390,16.625473,-1.686122,-0.542764,0.828231,-0.139269,-0.006732
1540581225.996427298,0.360854,16.652411,-1.685034,-0.542709,0.829340,-0.132714,-0.006969
1540581226.029359818,0.366364,16.678746,-1.683287,-0.541750,0.831104,-0.125458,-0.005861
1540581226.063297033,0.372110,16.707007,-1.682934,-0.540416,0.832190,-0.124024,-0.005334
1540581226.096404076,0.381983,16.733396,-1.682538,-0.539139,0.832460,-0.127693,-0.005797
1540581226.131508827,0.390330,16.760066,-1.683824,-0.538545,0.832399,-0.130598,-0.005065
1540581226.164033413,0.396241,16.783639,-1.685900,-0.538349,0.832704,-0.129511,-0.003464
1540581226.197606564,0.407364,16.800872,-1.688852,-0.537967,0.833891,-0.123358,-0.000661
1540581226.230220556,0.415237,16.817324,-1.693224,-0.539081,0.834173,-0.116346,0.003232
1540581226.265231848,0.427817,16.833661,-1.702482,-0.539614,0.834138,-0.113950,0.006833
1540581226.298183441,0.439926,16.844862,-1.710853,-0.539670,0.833625,-0.117240,0.008956
1540581226.331626415,0.450191,16.855322,-1.715544,-0.540008,0.832619,-0.122560,0.010756
1540581226.365900040,0.457594,16.868178,-1.718565,-0.540117,0.831811,-0.127342,0.012189
1540581226.399782181,0.456611,16.878708,-1.722533,-0.540003,0.831627,-0.128828,0.014068
1540581226.433534384,0.457750,16.889755,-1.725356,-0.541020,0.830965,-0.128614,0.015929
1540581226.465893030,0.462136,16.899295,-1.729002,-0.541413,0.830678,-0.128591,0.017614
1540581226.500397444,0.464951,16.908064,-1.732895,-0.541575,0.830311,-0.130056,0.019136
1540581226.532851696,0.463255,16.918865,-1.735961,-0.542243,0.829703,-0.130957,0.020384
1540581226.566737175,0.459050,16.930317,-1.738123,-0.542719,0.829501,-0.130132,0.021232
1540581226.598733664,0.456592,16.945589,-1.738895,-0.543686,0.829261,-0.127385,0.022476
1540581226.632841587,0.455230,16.958507,-1.740014,-0.543263,0.830034,-0.123738,0.024441
1540581226.665981293,0.453886,16.970625,-1.739099,-0.544323,0.829930,-0.119339,0.026211
1540581226.699685097,0.449508,16.989054,-1.736294,-0.545309,0.830240,-0.111936,0.028462
1540581226.732866049,0.452961,17.005616,-1.738260,-0.545255,0.831035,-0.105483,0.030844
1540581226.767248154,0.458816,17.022513,-1.741943,-0.545369,0.831342,-0.101990,0.032248
1540581226.799880028,0.459372,17.051533,-1.743300,-0.545704,0.831311,-0.099997,0.033621
1540581226.833871126,0.460390,17.076769,-1.745504,-0.544214,0.832142,-0.100837,0.034683
1540581226.867419720,0.456207,17.093923,-1.745688,-0.543061,0.832644,-0.102640,0.035393
1540581226.901289701,0.454090,17.116170,-1.743504,-0.542529,0.833085,-0.101327,0.036937
1540581226.934775114,0.452502,17.139895,-1.741929,-0.541108,0.834342,-0.097621,0.039318
1540581226.968786001,0.444526,17.154792,-1.740247,-0.540027,0.835333,-0.094029,0.041808
1540581227.004214287,0.441487,17.180452,-1.742627,-0.539788,0.835674,-0.091434,0.043795
1540581227.035533667,0.438787,17.203531,-1.749789,-0.539072,0.836021,-0.091846,0.045105
1540581227.069351673,0.438502,17.226941,-1.755817,-0.539412,0.835238,-0.096581,0.045649
1540581227.102884054,0.438286,17.245996,-1.758527,-0.539709,0.834458,-0.101802,0.045069
1540581227.136440516,0.438356,17.259744,-1.762372,-0.539794,0.833964,-0.105598,0.044445
1540581227.170500517,0.424610,17.270430,-1.765060,-0.539353,0.834075,-0.107146,0.044017
1540581227.205012798,0.409418,17.279554,-1.764041,-0.539710,0.834137,-0.105067,0.043474
1540581227.238020420,0.398665,17.287881,-1.762263,-0.539531,0.834808,-0.100490,0.043625
1540581227.270678282,0.390397,17.299545,-1.759127,-0.539415,0.835333,-0.096641,0.043707
1540581227.303929090,0.381830,17.309059,-1.758649,-0.540336,0.835156,-0.093375,0.042812
1540581227.339190960,0.376402,17.320007,-1.760682,-0.540700,0.835513,-0.088086,0.042448
1540581227.371918917,0.376318,17.334897,-1.762570,-0.541300,0.835693,-0.082334,0.042807
1540581227.404928446,0.380732,17.355435,-1.763190,-0.542363,0.835580,-0.075877,0.043481
1540581227.440057516,0.380636,17.371159,-1.767708,-0.543309,0.835529,-0.069638,0.043088
1540581227.472337961,0.382606,17.386851,-1.772711,-0.544041,0.835370,-0.066204,0.042357
1540581227.505721569,0.384693,17.405036,-1.775264,-0.544792,0.834836,-0.067746,0.040765
1540581227.539603472,0.398607,17.424415,-1.778068,-0.545734,0.833706,-0.075729,0.037068
1540581227.573279619,0.406057,17.439611,-1.778112,-0.546117,0.832733,-0.085164,0.032548
1540581227.606682062,0.411503,17.458138,-1.782655,-0.546756,0.831623,-0.092887,0.028854
1540581227.641519070,0.407707,17.480690,-1.781303,-0.547223,0.830746,-0.099045,0.024456
1540581227.674422503,0.407503,17.494574,-1.788911,-0.547788,0.830058,-0.102716,0.019560
1540581227.707230091,0.405196,17.513040,-1.796016,-0.547675,0.829974,-0.104620,0.015801
1540581227.741610527,0.399117,17.534551,-1.801810,-0.547647,0.830041,-0.104782,0.011614
1540581227.774912119,0.393416,17.552778,-1.805635,-0.547794,0.830366,-0.101752,0.007778
1540581227.808989286,0.389843,17.571512,-1.803694,-0.547669,0.831276,-0.094934,0.005194
1540581227.842787981,0.393990,17.591625,-1.800241,-0.546724,0.832614,-0.088545,0.002570
1540581227.875430107,0.401923,17.604968,-1.805225,-0.545715,0.833468,-0.086754,-0.000654
1540581227.909610510,0.409410,17.615909,-1.816334,-0.544792,0.833710,-0.090032,-0.004952
1540581227.943171263,0.418011,17.632258,-1.818775,-0.542147,0.834893,-0.094680,-0.008114
1540581227.977487803,0.418307,17.651117,-1.820323,-0.541555,0.834785,-0.098632,-0.011113
1540581228.009986877,0.420365,17.669977,-1.821019,-0.541627,0.834554,-0.099947,-0.013020
1540581228.044072866,0.428385,17.684832,-1.824823,-0.541448,0.834603,-0.100367,-0.014098
1540581228.078088045,0.435956,17.696480,-1.831138,-0.540691,0.834944,-0.101601,-0.014091
1540581228.111581087,0.439324,17.711078,-1.834123,-0.540861,0.834613,-0.103458,-0.013689
1540581228.144284964,0.441608,17.721530,-1.836871,-0.541048,0.834484,-0.103650,-0.012658
1540581228.177954197,0.446802,17.726345,-1.845196,-0.540688,0.834650,-0.104384,-0.010959
1540581228.212144136,0.453832,17.732551,-1.851659,-0.540102,0.834596,-0.107979,-0.008900
1540581228.246557236,0.457070,17.740658,-1.852744,-0.540107,0.833818,-0.113911,-0.007515
1540581228.278817177,0.455808,17.750000,-1.851653,-0.539594,0.833593,-0.118008,-0.005880
1540581228.313555241,0.451384,17.762564,-1.847147,-0.539983,0.833022,-0.120340,-0.003353
1540581228.345550776,0.448720,17.773255,-1.845199,-0.540519,0.832472,-0.121769,-0.001431
1540581228.379911900,0.447061,17.785399,-1.842638,-0.540595,0.832286,-0.122705,0.000821
1540581228.414076805,0.443108,17.796239,-1.839380,-0.541392,0.831656,-0.123428,0.002907
1540581228.482545853,0.435995,17.828787,-1.821620,-0.541836,0.832105,-0.118076,0.008605
1540581228.513603449,0.432131,17.846089,-1.806451,-0.542514,0.832592,-0.111040,0.011836
1540581228.547481775,0.437696,17.861113,-1.807323,-0.543132,0.833088,-0.103570,0.015645
1540581228.581733942,0.437763,17.882178,-1.815779,-0.543994,0.832980,-0.099198,0.019361
1540581228.615682840,0.446657,17.907860,-1.825528,-0.543727,0.833082,-0.099374,0.021454
1540581228.683566332,0.453471,17.960229,-1.828681,-0.544519,0.831814,-0.104739,0.024794
1540581228.715506077,0.456658,17.972295,-1.827812,-0.543969,0.831817,-0.107233,0.026063
1540581228.749871492,0.458983,17.974544,-1.822350,-0.543524,0.832177,-0.106198,0.028033
1540581228.799661875,0.458811,18.012892,-1.820948,-0.542179,0.833678,-0.100178,0.031424
1540581228.831728935,0.460396,18.023504,-1.819933,-0.540490,0.835063,-0.097014,0.033581
1540581228.864876270,0.459231,18.034481,-1.816838,-0.539549,0.835801,-0.094955,0.036162
1540581228.899049997,0.453152,18.042171,-1.813457,-0.538741,0.836150,-0.095936,0.037514
1540581228.931233406,0.449487,18.058390,-1.813648,-0.538022,0.836380,-0.097375,0.038978
1540581228.965897560,0.444148,18.070046,-1.814137,-0.537607,0.836424,-0.098521,0.040826
1540581228.998425007,0.441588,18.080436,-1.815392,-0.537934,0.835868,-0.101253,0.041224
1540581229.032338381,0.440560,18.091939,-1.817793,-0.537336,0.835847,-0.104656,0.040942
1540581229.065450907,0.440128,18.107180,-1.818653,-0.536811,0.835946,-0.106688,0.040576
1540581229.099627495,0.444696,18.125086,-1.819588,-0.537377,0.835699,-0.106010,0.039939
1540581229.131560087,0.444668,18.142201,-1.820273,-0.537464,0.836015,-0.103493,0.038737
1540581229.166344881,0.438744,18.165932,-1.819797,-0.537331,0.836608,-0.099938,0.037087
1540581229.198457479,0.433003,18.191954,-1.818254,-0.538382,0.836416,-0.096557,0.035081
1540581229.232384920,0.425971,18.208479,-1.821544,-0.539840,0.835940,-0.093462,0.032283
1540581229.265947819,0.415043,18.228699,-1.828456,-0.539975,0.836121,-0.092074,0.029159
1540581229.299567938,0.406283,18.257945,-1.836565,-0.540625,0.835697,-0.093110,0.025787
1540581229.331992865,0.401745,18.272203,-1.843119,-0.542384,0.834515,-0.094302,0.022601
1540581229.365760565,0.398248,18.286146,-1.849343,-0.542978,0.833990,-0.096156,0.019765
1540581229.398542881,0.403604,18.302802,-1.854185,-0.543562,0.833317,-0.099196,0.016857
1540581229.432814837,0.403738,18.320752,-1.858949,-0.544271,0.832592,-0.101952,0.012830
1540581229.465266705,0.409127,18.341566,-1.863180,-0.545117,0.832080,-0.101916,0.010193
1540581229.498670340,0.413519,18.364512,-1.866723,-0.545322,0.832022,-0.101530,0.007364
1540581229.531992435,0.419798,18.387954,-1.870270,-0.545703,0.831787,-0.101608,0.003925
1540581229.565540314,0.429201,18.413808,-1.872369,-0.546213,0.831630,-0.100205,0.001231
1540581229.598715067,0.439323,18.441133,-1.873274,-0.546071,0.832053,-0.097426,-0.001343
1540581229.632034063,0.449603,18.464637,-1.873895,-0.545798,0.832835,-0.092063,-0.003859
1540581229.666452408,0.461753,18.482036,-1.874411,-0.544780,0.834388,-0.083601,-0.004724
1540581229.698606730,0.471925,18.504675,-1.870886,-0.543843,0.835417,-0.079234,-0.006003
1540581229.733265877,0.481369,18.526092,-1.870719,-0.542684,0.836201,-0.078685,-0.008475
1540581229.765705824,0.487050,18.552568,-1.869925,-0.542078,0.836770,-0.076670,-0.009426
1540581229.798298836,0.496899,18.574933,-1.871580,-0.540972,0.837696,-0.074271,-0.009929
1540581229.832508087,0.503640,18.597944,-1.872658,-0.541624,0.837430,-0.072403,-0.010639
1540581229.865581989,0.508208,18.618969,-1.874677,-0.542253,0.837260,-0.069631,-0.010445
1540581229.905441523,0.511498,18.634986,-1.880539,-0.541857,0.837871,-0.065405,-0.009231
1540581229.931985617,0.518106,18.645690,-1.888399,-0.541832,0.838080,-0.063022,-0.008257
1540581229.970428467,0.521536,18.657440,-1.891887,-0.542541,0.837771,-0.061229,-0.006312
1540581230.033760548,0.529720,18.673969,-1.895794,-0.542107,0.837457,-0.068979,-0.005212
1540581230.065362215,0.532202,18.687264,-1.893396,-0.542324,0.836848,-0.074495,-0.004492
1540581230.098817348,0.532841,18.696266,-1.890106,-0.543436,0.835827,-0.077811,-0.003985
1540581230.132932901,0.535653,18.716460,-1.887237,-0.543242,0.836059,-0.076747,-0.001685
1540581230.165791988,0.539029,18.730408,-1.886598,-0.544149,0.835495,-0.076481,-0.000054
1540581230.205682039,0.540355,18.736541,-1.880182,-0.545738,0.834311,-0.078059,0.001498
1540581230.266781092,0.550716,18.760912,-1.883583,-0.545268,0.833959,-0.084737,0.003760
1540581230.303878784,0.551105,18.775864,-1.870899,-0.546855,0.832617,-0.087581,0.005221
1540581230.332588434,0.551995,18.782310,-1.874576,-0.547102,0.832519,-0.086859,0.006821
1540581230.366045237,0.560501,18.797892,-1.879930,-0.546497,0.833040,-0.085256,0.010766
1540581230.398828983,0.566751,18.816646,-1.879251,-0.547149,0.832429,-0.086623,0.013671
1540581230.432620525,0.568541,18.828493,-1.881046,-0.547531,0.831968,-0.088158,0.016357
1540581230.465655327,0.575698,18.844244,-1.881840,-0.546726,0.832421,-0.087869,0.021107
1540581230.498848438,0.585707,18.855192,-1.874197,-0.546475,0.832465,-0.087733,0.025897
1540581230.536367416,0.594093,18.866984,-1.868111,-0.545761,0.832880,-0.086492,0.031218
1540581230.570924997,0.611235,18.875429,-1.860784,-0.544327,0.833743,-0.084638,0.037655
1540581230.599905729,0.630768,18.889044,-1.859706,-0.543980,0.833818,-0.083839,0.042480
1540581230.635327816,0.644704,18.914399,-1.862918,-0.543462,0.834004,-0.082580,0.047617
1540581230.668918133,0.668555,18.932505,-1.864912,-0.542348,0.834554,-0.080391,0.054001
1540581230.704423904,0.689329,18.947803,-1.866363,-0.542602,0.834165,-0.077893,0.060704
1540581230.734756470,0.699123,18.966445,-1.874505,-0.542978,0.833678,-0.076872,0.065164
1540581230.769962788,0.702272,18.981762,-1.881431,-0.542757,0.833247,-0.079482,0.069260
1540581230.800591469,0.714061,18.992323,-1.881948,-0.542475,0.832618,-0.085066,0.072333
1540581230.833804131,0.717122,18.999789,-1.882098,-0.542358,0.831829,-0.091444,0.074477
1540581230.868263483,0.705274,19.000601,-1.887467,-0.542479,0.831316,-0.093483,0.076755
1540581230.903532505,0.690414,19.007399,-1.885205,-0.541348,0.832038,-0.091300,0.079501
1540581230.939166307,0.677335,19.019175,-1.881933,-0.541061,0.832351,-0.088533,0.081280
1540581230.970112562,0.671213,19.033030,-1.885374,-0.541072,0.832399,-0.087538,0.081792
1540581231.000357628,0.666932,19.046255,-1.893152,-0.540958,0.832410,-0.088460,0.081447
1540581231.034890652,0.651478,19.064093,-1.896448,-0.540586,0.832535,-0.090123,0.080811
1540581231.070599318,0.641766,19.073445,-1.895104,-0.541351,0.832255,-0.089204,0.079574
1540581231.100899458,0.633995,19.082555,-1.893775,-0.541677,0.832482,-0.085808,0.078722
1540581231.134588718,0.629837,19.097404,-1.894940,-0.541980,0.832761,-0.082484,0.077217
1540581231.168049574,0.628103,19.114830,-1.894633,-0.542123,0.833052,-0.080012,0.075664
1540581231.204085112,0.630091,19.132658,-1.892998,-0.542524,0.833090,-0.078597,0.073824
1540581231.235409260,0.629612,19.146555,-1.891507,-0.543087,0.832853,-0.079837,0.070983
1540581231.270246744,0.630033,19.158590,-1.890890,-0.543545,0.832698,-0.081269,0.067588
1540581231.303308487,0.633314,19.172748,-1.888928,-0.543456,0.832830,-0.082162,0.065574
1540581231.336561203,0.631100,19.185036,-1.892009,-0.544053,0.832527,-0.084223,0.061733
1540581231.370671988,0.621699,19.191288,-1.903527,-0.544142,0.832749,-0.084758,0.057058
1540581231.403741360,0.612051,19.203392,-1.909905,-0.544036,0.833427,-0.079876,0.055170
1540581231.437234879,0.607871,19.215053,-1.911007,-0.544207,0.833926,-0.075105,0.052595
1540581231.471225023,0.602272,19.216972,-1.912654,-0.544649,0.834154,-0.071337,0.049547
1540581231.505446672,0.603288,19.220804,-1.913315,-0.544112,0.834882,-0.068328,0.047385
1540581231.537734509,0.602233,19.227184,-1.914346,-0.543564,0.835568,-0.065669,0.045292
1540581231.571057081,0.607424,19.231974,-1.914047,-0.543868,0.835674,-0.062681,0.043906
1540581231.605325460,0.614303,19.233183,-1.911797,-0.544030,0.835751,-0.061098,0.042648
1540581231.638874531,0.623492,19.235258,-1.907932,-0.543994,0.835799,-0.061612,0.041421
1540581231.674097300,0.629963,19.233164,-1.905154,-0.544361,0.835509,-0.063082,0.040197
1540581231.706454515,0.627674,19.238205,-1.907162,-0.544120,0.835672,-0.063906,0.038746
1540581231.739696741,0.625850,19.244803,-1.907867,-0.544266,0.835757,-0.061775,0.038316
1540581231.772942305,0.631384,19.241908,-1.909001,-0.544420,0.835792,-0.059997,0.038204
1540581231.807176113,0.642662,19.239711,-1.910186,-0.543904,0.836108,-0.060304,0.038149
1540581231.840454340,0.656090,19.239196,-1.909863,-0.543627,0.836113,-0.062420,0.038578
1540581231.875537157,0.667103,19.233923,-1.908468,-0.543518,0.835819,-0.067107,0.038622
1540581231.908228397,0.673475,19.232666,-1.906399,-0.543175,0.835673,-0.071202,0.039260
1540581231.941190004,0.679553,19.230128,-1.905695,-0.543184,0.835332,-0.074449,0.040363
1540581231.975024462,0.673419,19.233589,-1.902790,-0.542840,0.835258,-0.077237,0.041271
1540581232.008666754,0.665417,19.249750,-1.893164,-0.542353,0.835567,-0.076219,0.043273
1540581232.043697596,0.677506,19.256761,-1.894574,-0.542717,0.835266,-0.075983,0.044905
1540581232.075609922,0.698474,19.258437,-1.902622,-0.543025,0.834571,-0.081140,0.045082
1540581232.109619617,0.697220,19.250565,-1.902548,-0.542550,0.834289,-0.086973,0.045145
1540581232.143115759,0.686489,19.258283,-1.899787,-0.542204,0.834425,-0.087478,0.045785
1540581232.175810337,0.667782,19.263932,-1.895521,-0.542142,0.834991,-0.081978,0.046392
1540581232.209646940,0.626432,19.252515,-1.874534,-0.541939,0.835806,-0.074113,0.047301
1540581232.243722677,0.638731,19.261717,-1.874943,-0.541889,0.835766,-0.074216,0.048409
1540581232.276553392,0.633364,19.261866,-1.874763,-0.542569,0.835204,-0.075877,0.047918
1540581232.311311007,0.624546,19.258914,-1.874401,-0.542837,0.834999,-0.076139,0.048033
1540581232.344772577,0.612327,19.257690,-1.871247,-0.542679,0.835207,-0.074786,0.048324
1540581232.379236221,0.596425,19.255619,-1.868270,-0.542633,0.835531,-0.071245,0.048590
1540581232.412021875,0.592354,19.253016,-1.869771,-0.542399,0.835925,-0.067735,0.049441
1540581232.447208881,0.597798,19.254196,-1.871290,-0.542291,0.836021,-0.066761,0.050317
1540581232.479442835,0.594003,19.253345,-1.870562,-0.542507,0.835850,-0.067180,0.050277
1540581232.513165236,0.589098,19.252071,-1.869103,-0.542549,0.835891,-0.065963,0.050761
1540581232.546837568,0.588274,19.250546,-1.868859,-0.542397,0.836044,-0.064962,0.051148
1540581232.579429150,0.586469,19.248977,-1.870033,-0.542069,0.836272,-0.064939,0.050926
1540581232.613163948,0.587347,19.251693,-1.869249,-0.541958,0.836276,-0.065458,0.051365
1540581232.646811008,0.584083,19.254110,-1.868074,-0.542371,0.836015,-0.065443,0.051283
1540581232.680658817,0.577182,19.252777,-1.866977,-0.542690,0.835885,-0.064603,0.051084
1540581232.713763475,0.571824,19.250521,-1.866154,-0.542772,0.835900,-0.063634,0.051195
1540581232.747038841,0.564172,19.247330,-1.865828,-0.542716,0.836002,-0.062916,0.051007
1540581232.780769825,0.553443,19.244831,-1.864046,-0.542758,0.836106,-0.060916,0.051275
1540581232.815154552,0.547188,19.244527,-1.860524,-0.543074,0.836099,-0.057184,0.052341
1540581232.848130226,0.540568,19.242365,-1.858628,-0.543202,0.836233,-0.053042,0.053211
1540581232.882349730,0.542074,19.241943,-1.860571,-0.542927,0.836496,-0.050578,0.054276
1540581232.916846275,0.545615,19.243387,-1.861351,-0.542937,0.836474,-0.050431,0.054659
1540581232.949809313,0.547631,19.244428,-1.862006,-0.543094,0.836326,-0.051261,0.054585
1540581232.983525991,0.548552,19.244837,-1.862316,-0.543129,0.836233,-0.052586,0.054408
1540581233.016307592,0.547555,19.244684,-1.862161,-0.543123,0.836185,-0.053569,0.054245
1540581233.049925566,0.545010,19.244925,-1.860671,-0.543095,0.836181,-0.053813,0.054342
1540581233.083507538,0.541171,19.246080,-1.857572,-0.543131,0.836183,-0.053142,0.054607
1540581233.116824865,0.537138,19.245638,-1.855015,-0.543170,0.836221,-0.051936,0.054806
1540581233.150890589,0.533849,19.244916,-1.852967,-0.543172,0.836288,-0.050460,0.055132
1540581233.185307503,0.531107,19.244093,-1.850853,-0.543204,0.836329,-0.049063,0.055461
1540581233.233741522,0.530979,19.243089,-1.852141,-0.543111,0.836445,-0.047739,0.055781
1540581233.284767866,0.530869,19.242312,-1.852512,-0.543059,0.836476,-0.047586,0.055943
1540581233.334205866,0.526316,19.242673,-1.849438,-0.543143,0.836370,-0.048870,0.055614
1540581233.367728233,0.524939,19.243264,-1.847890,-0.543239,0.836260,-0.049840,0.055466
1540581233.401320934,0.524222,19.244011,-1.846626,-0.543378,0.836134,-0.050609,0.055301
1540581233.434402704,0.523062,19.244227,-1.845742,-0.543425,0.836074,-0.051346,0.055080
1540581233.467786551,0.522771,19.244789,-1.844743,-0.543380,0.836085,-0.051622,0.055099
1540581233.501100063,0.521894,19.245272,-1.843144,-0.543414,0.836044,-0.052076,0.054954
1540581233.534249544,0.520302,19.245328,-1.841715,-0.543507,0.835957,-0.052695,0.054772
1540581233.568859100,0.518165,19.244596,-1.841027,-0.543607,0.835851,-0.053644,0.054474
1540581233.601634026,0.518053,19.243999,-1.841089,-0.543514,0.835866,-0.054464,0.054352
1540581233.635007620,0.518956,19.244950,-1.840317,-0.543475,0.835865,-0.054776,0.054450
1540581233.667680740,0.518283,19.245319,-1.838937,-0.543562,0.835810,-0.054762,0.054439
1540581233.700947285,0.516812,19.245307,-1.837385,-0.543547,0.835841,-0.054321,0.054551
1540581233.734837770,0.515820,19.245998,-1.835541,-0.543503,0.835889,-0.053824,0.054754
1540581233.768368959,0.514026,19.245934,-1.833834,-0.543551,0.835866,-0.053695,0.054746
1540581233.801273346,0.512349,19.245651,-1.832933,-0.543578,0.835839,-0.053934,0.054661
1540581233.834233284,0.511639,19.245797,-1.832445,-0.543566,0.835807,-0.054619,0.054582
1540581233.867463589,0.510951,19.245981,-1.832393,-0.543597,0.835723,-0.055825,0.054331
