1540581141653177856,-0.00476,0.02906,0.01696,0.58710,-0.80845,-0.02015,0.03614,0.02998,-0.01536,-0.01076,
1540581141753192704,0.01209,0.02768,0.01896,0.58186,-0.81253,-0.00424,0.03473,0.10218,-0.00759,-0.00348,
1540581141855233024,0.02676,0.02966,0.01548,0.57658,-0.81655,0.00173,0.02823,0.10223,-0.00632,-0.02566,
1540581141921224960,0.03580,0.03071,0.01326,0.56811,-0.82272,-0.00074,0.01941,0.13071,0.01599,-0.02412,
1540581142022025728,0.05050,0.03464,0.01444,0.56176,-0.82719,0.01104,0.00763,0.15994,0.06576,0.02189,
1540581142123597568,0.06174,0.04033,0.01608,0.55837,-0.82942,0.01646,-0.00418,0.13558,0.04716,-0.00567,
1540581142222967552,0.07332,0.04667,0.01679,0.55085,-0.83424,0.01963,-0.01495,0.10428,0.06241,0.02585,
1540581142324000256,0.07732,0.05712,0.02102,0.54742,-0.83614,0.02529,-0.02381,0.01253,0.10974,0.03380,
1540581142425505280,0.07007,0.06836,0.02373,0.54290,-0.83887,0.02466,-0.03088,-0.05607,0.10261,0.03232,
1540581142491894272,0.06553,0.07475,0.02559,0.54044,-0.84040,0.02461,-0.03233,-0.05257,0.12004,0.01667,
1540581142592655616,0.05783,0.08732,0.02541,0.53942,-0.84095,0.03219,-0.02804,-0.13043,0.11473,0.00430,
1540581142693511424,0.04396,0.09882,0.02705,0.53756,-0.84252,0.02544,-0.02313,-0.11629,0.14274,0.02134,
1540581142794648320,0.03080,0.11413,0.02947,0.53692,-0.84298,0.03029,-0.01383,-0.10925,0.18976,0.01325,
1540581142895101184,0.01786,0.13396,0.02770,0.53648,-0.84359,0.02145,-0.00954,-0.13907,0.23715,-0.01730,
1540581142996076032,0.01226,0.16423,0.02316,0.53739,-0.84300,0.02354,-0.00337,-0.05444,0.33147,-0.02972,
1540581143063382528,0.00805,0.19196,0.01449,0.53972,-0.84165,0.01737,-0.00394,0.01396,0.38232,-0.04817,
1540581143164498688,0.01976,0.23467,0.01146,0.54359,-0.83922,0.01477,-0.00293,0.07354,0.45242,-0.03341,
1540581143264848128,0.03600,0.28294,0.01159,0.54653,-0.83717,0.02122,-0.00045,0.14253,0.50282,-0.01148,
1540581143364964096,0.05655,0.33176,0.01476,0.54668,-0.83687,0.02789,0.00149,0.16902,0.47970,0.04201,
1540581143466573824,0.08672,0.38231,0.01225,0.55038,-0.83452,0.02552,0.00265,0.20276,0.44868,-0.00980,
1540581143535860224,0.10219,0.40652,0.01394,0.55179,-0.83366,0.02323,0.00260,0.17585,0.40394,-0.02628,
1540581143634300160,0.11734,0.43954,0.01123,0.55408,-0.83235,0.01347,-0.00171,0.10298,0.35248,-0.05763,
1540581143752620800,0.12456,0.47592,0.01163,0.55421,-0.83222,0.01522,-0.00578,0.05612,0.35077,0.00723,
1540581143850489856,0.14428,0.50499,0.01311,0.55937,-0.82861,0.02177,-0.00624,0.05243,0.37878,-0.02800,
1540581143918755328,0.14660,0.53192,0.01199,0.56083,-0.82770,0.01887,-0.00472,-0.01036,0.39988,-0.00895,
1540581144017515776,0.14237,0.57623,0.00991,0.56064,-0.82783,0.01939,0.00106,-0.07849,0.45861,0.00638,
1540581144118024704,0.13073,0.62564,0.00802,0.56009,-0.82811,0.02119,0.00876,-0.14269,0.48341,-0.02728,
1540581144218051072,0.12884,0.67474,0.00332,0.56157,-0.82728,0.00894,0.01273,-0.14982,0.48942,0.01905,
1540581144317313792,0.11145,0.72628,0.00696,0.55980,-0.82849,-0.00424,0.01468,-0.18058,0.51842,0.03331,
1540581144418036736,0.09387,0.77752,0.00996,0.55718,-0.83012,-0.01126,0.01812,-0.16235,0.48252,0.03020,
1540581144518377728,0.08973,0.82251,0.01197,0.55800,-0.82941,-0.01066,0.02462,-0.12977,0.43018,-0.00796,
1540581144584714752,0.08089,0.85072,0.01050,0.55704,-0.82989,-0.01066,0.02943,-0.12212,0.39824,-0.01968,
1540581144684519168,0.08112,0.90414,0.01005,0.55865,-0.82837,-0.02229,0.03492,-0.08588,0.39531,-0.00036,
1540581144784999936,0.07317,0.94560,0.00780,0.55804,-0.82848,-0.02162,0.04179,-0.06826,0.41032,-0.02752,
1540581144884425472,0.06646,0.98813,0.00417,0.55879,-0.82746,-0.03279,0.04454,-0.02007,0.45833,-0.03188,
1540581144984433920,0.07717,1.05638,-0.00266,0.56087,-0.82565,-0.03848,0.04748,0.02990,0.55433,-0.03204,
1540581145084858880,0.08392,1.11449,-0.00476,0.56164,-0.82489,-0.04120,0.04919,0.10991,0.61947,-0.00061,
1540581145184878848,0.09541,1.17234,-0.00567,0.56160,-0.82469,-0.04739,0.04744,0.12061,0.56804,-0.00102,
1540581145251922944,0.11318,1.21611,-0.00798,0.56107,-0.82424,-0.06319,0.04293,0.15256,0.54086,0.04512,
1540581145351116544,0.13253,1.26778,-0.00883,0.56091,-0.82463,-0.06208,0.03888,0.19081,0.54536,-0.02567,
1540581145451496192,0.14996,1.31801,-0.01325,0.56256,-0.82414,-0.05701,0.03268,0.15436,0.48430,-0.03111,
1540581145551409664,0.16367,1.36311,-0.01346,0.56352,-0.82452,-0.04468,0.02496,0.11324,0.44309,0.00234,
1540581145652929024,0.18698,1.39006,-0.01998,0.56510,-0.82388,-0.04166,0.01216,0.10046,0.43780,-0.02858,
1540581145753574144,0.19685,1.43196,-0.02245,0.56620,-0.82348,-0.03597,0.00316,0.09569,0.46066,-0.01661,
1540581145853845760,0.21328,1.47007,-0.02945,0.56701,-0.82332,-0.02521,-0.00416,0.03163,0.52066,-0.00611,
1540581145922071808,0.20987,1.50552,-0.02676,0.56801,-0.82284,-0.01579,-0.00691,-0.03572,0.54951,-0.01385,
1540581146020082176,0.20626,1.58062,-0.02918,0.56802,-0.82274,-0.01762,-0.01168,-0.11003,0.59450,-0.00959,
1540581146122500608,0.19240,1.64195,-0.02273,0.56590,-0.82410,-0.02079,-0.01369,-0.15095,0.59362,0.04408,
1540581146221486592,0.17426,1.69901,-0.01593,0.56327,-0.82577,-0.02545,-0.01376,-0.19556,0.56693,0.05237,
1540581146323521024,0.15136,1.74731,-0.01206,0.56278,-0.82624,-0.02198,-0.01116,-0.20866,0.47754,-0.01165,
1540581146422911744,0.12925,1.79552,-0.00912,0.56212,-0.82654,-0.02809,-0.00749,-0.17510,0.42166,0.04523,
1540581146490847232,0.12048,1.82390,-0.00677,0.56139,-0.82695,-0.03126,-0.00319,-0.14311,0.39388,0.02265,
1540581146591925760,0.10682,1.86200,-0.00821,0.56231,-0.82581,-0.04292,0.00099,-0.09159,0.38477,-0.04864,
1540581146691938816,0.08909,1.88544,-0.00724,0.56530,-0.82369,-0.04377,0.00800,-0.07586,0.43020,-0.00292,
1540581146792530432,0.08376,1.93363,-0.00761,0.56671,-0.82269,-0.04206,0.01607,-0.05884,0.47461,-0.01311,
1540581146894449152,0.07023,1.96192,-0.00767,0.56986,-0.82052,-0.03638,0.02609,-0.00646,0.57092,-0.02513,
1540581146994415872,0.07227,2.02600,-0.00733,0.57088,-0.81928,-0.03941,0.03633,0.02960,0.65572,-0.01160,
1540581147061889280,0.07506,2.07632,-0.00741,0.57071,-0.81874,-0.04817,0.04040,0.01866,0.67701,0.02577,
1540581147162700544,0.06948,2.11660,-0.00413,0.56993,-0.81865,-0.05435,0.04501,0.05170,0.67677,0.06939,
1540581147262845184,0.07712,2.18108,0.00283,0.56772,-0.82059,-0.04313,0.04967,0.06903,0.61959,0.06649,
1540581147363876608,0.08419,2.24030,0.00540,0.56704,-0.82109,-0.04522,0.04722,0.07617,0.53146,-0.00391,
1540581147464950528,0.09323,2.29542,0.00851,0.56783,-0.82115,-0.03883,0.04207,0.06646,0.50691,0.04400,
1540581147566229760,0.08920,2.32939,0.00853,0.56969,-0.82069,-0.02585,0.03535,0.05753,0.46487,0.00206,
1540581147632689408,0.09347,2.35628,0.00836,0.57145,-0.81970,-0.02872,0.02678,0.08903,0.46829,-0.02612,
1540581147734914304,0.08672,2.39540,0.00366,0.57437,-0.81786,-0.03184,0.01392,0.08065,0.51627,-0.00950,
1540581147834240000,0.09167,2.44669,0.00420,0.57616,-0.81701,-0.02308,0.00199,0.03739,0.58094,-0.01505,
1540581147936039936,0.09171,2.50551,0.00543,0.57742,-0.81606,-0.02113,-0.01364,-0.01542,0.60173,0.03896,
1540581148035521024,0.07405,2.53211,-0.00029,0.57496,-0.81771,-0.01025,-0.02576,-0.02966,0.62802,0.10620,
1540581148120956928,0.06961,2.58601,0.01082,0.57268,-0.81906,0.00895,-0.03316,-0.05785,0.59450,0.09453,
1540581148219716352,0.04458,2.59697,-0.00040,0.57191,-0.81901,0.02599,-0.03819,-0.13566,0.44291,0.00104,
1540581148322304256,0.02985,2.63204,0.00018,0.57027,-0.82002,0.02212,-0.04324,-0.12248,0.38076,0.06229,
1540581148420190208,0.00872,2.64484,-0.01657,0.56883,-0.82096,0.03413,-0.03593,-0.14028,0.34934,0.00251,
1540581148519959552,-0.00620,2.67934,-0.02004,0.57070,-0.82029,0.02104,-0.03123,-0.15928,0.36210,-0.05810,
1540581148586523136,-0.01559,2.70292,-0.02299,0.57201,-0.81972,0.01366,-0.02604,-0.14728,0.41999,-0.03303,
1540581148687464704,-0.03585,2.74659,-0.04073,0.57330,-0.81907,0.01820,-0.01144,-0.16024,0.50920,-0.01174,
1540581148786891776,-0.05094,2.80222,-0.04054,0.57452,-0.81828,0.01826,0.00249,-0.15807,0.58079,-0.00456,
1540581148887804416,-0.06996,2.86906,-0.05115,0.57356,-0.81890,0.01197,0.01670,-0.11899,0.61705,0.04584,
1540581148987348480,-0.08132,2.92792,-0.04684,0.57093,-0.82051,-0.00052,0.02831,-0.12032,0.54737,0.03425,
1540581149087713024,-0.09288,2.97903,-0.05237,0.56835,-0.82173,-0.01626,0.03837,-0.11130,0.51078,0.00037,
1540581149188026880,-0.10035,3.02913,-0.05218,0.56770,-0.82156,-0.02435,0.04647,-0.09035,0.48386,-0.03076,
1540581149254569728,-0.10767,3.07505,-0.05626,0.56717,-0.82174,-0.02419,0.04972,-0.09265,0.47198,0.00757,
1540581149354170112,-0.11663,3.11818,-0.05669,0.56661,-0.82214,-0.01579,0.05281,-0.09411,0.43883,-0.03554,
1540581149454562304,-0.12561,3.16147,-0.06137,0.56864,-0.82086,-0.02208,0.04844,-0.09737,0.44656,-0.04904,
1540581149555071232,-0.13550,3.20646,-0.06522,0.57072,-0.81968,-0.02572,0.04176,-0.11235,0.47507,-0.04280,
1540581149654201088,-0.14656,3.26267,-0.07233,0.57322,-0.81815,-0.03120,0.03290,-0.15335,0.54020,-0.05083,
1540581149755288576,-0.16462,3.32185,-0.07243,0.57256,-0.81901,-0.02865,0.02381,-0.16042,0.63212,0.05825,
1540581149854407168,-0.17989,3.38776,-0.06201,0.56965,-0.82161,-0.00730,0.02024,-0.14077,0.65427,0.11688,
1540581149921496576,-0.18446,3.42849,-0.05709,0.56863,-0.82239,0.00350,0.01772,-0.18456,0.57577,0.03728,
1540581150021311232,-0.20366,3.47701,-0.05980,0.56905,-0.82214,0.01216,0.01073,-0.17645,0.40097,-0.06061,
1540581150124087552,-0.21225,3.50327,-0.06066,0.56925,-0.82211,0.00883,0.00186,-0.17672,0.28278,0.02202,
1540581150224470784,-0.22615,3.53903,-0.06257,0.56915,-0.82220,0.00564,-0.00566,-0.09917,0.41028,-0.03706,
1540581150322845952,-0.23741,3.58273,-0.06766,0.57137,-0.82061,0.00463,-0.01102,-0.11144,0.45748,-0.05007,
1540581150424174592,-0.23449,3.63698,-0.07047,0.57396,-0.81870,0.01357,-0.01092,-0.08264,0.50537,-0.02303,
1540581150490323456,-0.23937,3.67151,-0.07134,0.57513,-0.81781,0.01791,-0.00911,-0.07374,0.55255,-0.02141,
1540581150589648384,-0.24697,3.73019,-0.07418,0.57574,-0.81750,0.01445,-0.00275,-0.06195,0.63192,-0.01711,
1540581150692020736,-0.23257,3.79089,-0.07188,0.57508,-0.81808,-0.00242,0.00528,-0.03243,0.63818,0.07668,
1540581150790958848,-0.23712,3.84685,-0.06238,0.57165,-0.82030,-0.00064,0.01797,-0.09011,0.54500,0.08768,
1540581150892369152,-0.21878,3.87858,-0.06370,0.57023,-0.82101,-0.00970,0.02599,-0.08414,0.43298,-0.02182,
1540581150992412928,-0.22973,3.92123,-0.06421,0.57025,-0.82066,-0.01602,0.03277,-0.10206,0.37366,0.03208,
1540581151059836928,-0.20310,3.92076,-0.07299,0.56971,-0.82090,-0.01069,0.03794,-0.04895,0.33208,0.01910,
1540581151160541440,-0.20946,3.95506,-0.07177,0.56970,-0.82064,-0.00967,0.04359,-0.05137,0.33070,-0.01630,
1540581151263111936,-0.21472,3.99050,-0.07166,0.57046,-0.82004,-0.01045,0.04484,-0.03400,0.34463,0.00365,
1540581151362306304,-0.18878,3.99627,-0.08655,0.57283,-0.81856,-0.01928,0.03804,-0.04596,0.34473,-0.04946,
1540581151462982144,-0.19194,4.03404,-0.09088,0.57440,-0.81782,-0.01696,0.03072,-0.03536,0.42158,-0.02386,
1540581151564828672,-0.19627,4.08165,-0.08818,0.57409,-0.81843,-0.00114,0.02432,-0.02209,0.51670,0.06977,
1540581151630869504,-0.18081,4.10022,-0.09128,0.57322,-0.81907,0.01376,0.01897,-0.04881,0.51290,0.08198,
1540581151732378624,-0.18934,4.15425,-0.08528,0.57094,-0.82070,0.02130,0.00596,-0.09293,0.46544,0.04004,
1540581151833548544,-0.19456,4.19716,-0.08741,0.56995,-0.82090,0.03526,-0.00678,-0.09109,0.41352,0.00255,
1540581151934073600,-0.20186,4.23612,-0.08654,0.56957,-0.82067,0.04231,-0.01763,-0.04569,0.31087,0.03557,
1540581152034972672,-0.20397,4.27184,-0.08918,0.56867,-0.82117,0.03922,-0.02767,-0.04810,0.22210,-0.01198,
1540581152136399360,-0.21187,4.29445,-0.09381,0.56938,-0.82087,0.02840,-0.03429,-0.08361,0.18855,-0.05769,
1540581152202321920,-0.21854,4.31025,-0.09960,0.57037,-0.82043,0.01389,-0.03716,-0.09356,0.20156,-0.08755,
1540581152302927616,-0.22839,4.33806,-0.10527,0.57338,-0.81858,0.01087,-0.03218,-0.10306,0.25013,-0.04918,
1540581152403548416,-0.23932,4.36463,-0.10820,0.57602,-0.81709,0.00146,-0.02366,-0.11446,0.31029,-0.05474,
1540581152503977984,-0.24922,4.41655,-0.11920,0.57827,-0.81556,-0.01628,-0.01392,-0.09340,0.45090,-0.05242,
1540581152605070336,-0.25624,4.46692,-0.11816,0.57877,-0.81495,-0.02965,-0.00140,-0.08187,0.47071,0.04063,
1540581152706240768,-0.25835,4.54150,-0.11882,0.57576,-0.81684,-0.03320,0.01325,-0.07025,0.48092,0.05892,
1540581152775292416,-0.26227,4.57654,-0.11396,0.57411,-0.81747,-0.04122,0.02101,-0.05017,0.46215,0.05473,
1540581152909390336,-0.26243,4.64738,-0.11823,0.57306,-0.81780,-0.04000,0.03462,-0.03490,0.38578,-0.01302,
1540581152991365632,-0.26569,4.67204,-0.11613,0.57302,-0.81775,-0.03624,0.04022,-0.00922,0.31484,0.02490,
1540581153089861120,-0.25898,4.70420,-0.12080,0.57226,-0.81829,-0.03185,0.04367,0.01144,0.28159,-0.06114,
1540581153156251136,-0.25813,4.72388,-0.12463,0.57365,-0.81707,-0.04058,0.04100,0.01597,0.32044,-0.04517,
1540581153256302080,-0.25397,4.75638,-0.12637,0.57525,-0.81647,-0.02997,0.03942,0.04649,0.37499,-0.01153,
1540581153356613120,-0.25113,4.79154,-0.12834,0.57652,-0.81605,-0.02501,0.03251,0.01705,0.40718,-0.03370,
1540581153456751872,-0.24247,4.81998,-0.13560,0.57759,-0.81573,-0.02373,0.02013,-0.00006,0.46167,-0.00439,
1540581153557201664,-0.24396,4.86825,-0.12932,0.57669,-0.81676,-0.01760,0.00560,-0.02285,0.48539,0.09166,
1540581153656420608,-0.24506,4.90501,-0.12666,0.57465,-0.81831,-0.00561,-0.01074,-0.03122,0.45579,0.01615,
1540581153757129984,-0.24679,4.94816,-0.12751,0.57494,-0.81772,0.01070,-0.02597,0.02806,0.36663,-0.04007,
1540581153824690432,-0.24497,4.96454,-0.13091,0.57475,-0.81722,0.02741,-0.03258,0.04853,0.28009,-0.00129,
1540581153924124672,-0.24255,4.99175,-0.13055,0.57362,-0.81750,0.02459,-0.04523,0.02788,0.23569,-0.00941,
1540581154024195072,-0.24210,5.01792,-0.13302,0.57372,-0.81695,0.02888,-0.05098,-0.01497,0.26642,-0.02666,
1540581154123636480,-0.24483,5.06297,-0.13801,0.57442,-0.81621,0.03593,-0.05045,-0.03380,0.33191,-0.02771,
1540581154224324096,-0.24680,5.09825,-0.14035,0.57662,-0.81511,0.03070,-0.04653,-0.03137,0.41090,-0.02797,
1540581154323523328,-0.25003,5.14117,-0.14282,0.57771,-0.81513,0.02470,-0.03473,-0.02535,0.48419,-0.00808,
1540581154426897152,-0.25104,5.19066,-0.13867,0.57646,-0.81675,0.01519,-0.01958,0.01581,0.47363,0.08030,
1540581154491991296,-0.25009,5.22518,-0.13318,0.57559,-0.81753,0.01714,-0.00700,0.02100,0.44162,0.07178,
1540581154591371520,-0.24908,5.26507,-0.12993,0.57430,-0.81843,0.01613,0.00942,-0.01635,0.35198,0.00337,
1540581154690621184,-0.25281,5.29391,-0.13416,0.57423,-0.81840,0.00651,0.02102,-0.05476,0.26177,-0.04065,
1540581154791899648,-0.25880,5.31818,-0.13262,0.57368,-0.81854,-0.00048,0.02975,-0.07581,0.19956,0.05754,
1540581154893401856,-0.26727,5.34078,-0.13352,0.57222,-0.81918,-0.00381,0.03860,-0.08402,0.18990,-0.03035,
1540581154994041856,-0.27374,5.36503,-0.13734,0.57271,-0.81841,-0.01367,0.04507,-0.07152,0.21917,-0.00885,
1540581155060349952,-0.27941,5.39816,-0.13963,0.57253,-0.81820,-0.01334,0.05081,-0.08182,0.24249,-0.01344,
1540581155161008384,-0.28769,5.42826,-0.14101,0.57311,-0.81745,-0.01783,0.05475,-0.09662,0.31973,-0.02881,
1540581155262473472,-0.29611,5.46735,-0.14516,0.57403,-0.81666,-0.01990,0.05614,-0.08321,0.39063,-0.03681,
1540581155360824320,-0.30298,5.54187,-0.14682,0.57312,-0.81736,-0.02607,0.05278,-0.10711,0.42612,0.05156,
1540581155461643264,-0.31450,5.58001,-0.13922,0.57151,-0.81909,-0.02409,0.04354,-0.10511,0.41858,0.06815,
1540581155561792768,-0.32448,5.61632,-0.13616,0.57091,-0.82030,-0.00434,0.03398,-0.08913,0.34060,-0.02175,
1540581155663175936,-0.32485,5.67735,-0.14305,0.57215,-0.81982,0.00275,0.02294,-0.00110,0.30311,-0.04339,
1540581155730080768,-0.32406,5.69379,-0.14234,0.57201,-0.82008,0.00485,0.01596,0.02324,0.28525,0.05922,
1540581155830804480,-0.31678,5.75171,-0.14225,0.57081,-0.82069,0.02313,0.01016,0.04289,0.31112,-0.01271,
1540581155931838720,-0.31504,5.78214,-0.14797,0.57254,-0.81944,0.02682,-0.00035,0.02329,0.35508,-0.08346,
1540581156032753664,-0.30869,5.85026,-0.15778,0.57492,-0.81775,0.02565,-0.00971,0.05562,0.46629,-0.05157,
1540581156132958976,-0.30400,5.89954,-0.16053,0.57651,-0.81580,0.04461,-0.01110,0.06099,0.56612,-0.01180,
1540581156234879744,-0.29368,5.99256,-0.16384,0.57659,-0.81516,0.05456,-0.00881,0.06635,0.61794,-0.00281,
1540581156301683200,-0.28848,6.02910,-0.16076,0.57582,-0.81631,0.04503,-0.00716,0.08082,0.56457,0.07847,
1540581156403314944,-0.27365,6.10172,-0.15373,0.57144,-0.81967,0.03998,0.00187,0.06776,0.52654,0.08490,
1540581156502860544,-0.27081,6.14870,-0.15207,0.56956,-0.82102,0.03695,0.01226,-0.00770,0.44942,-0.03611,
1540581156604034560,-0.26884,6.21021,-0.15738,0.56915,-0.82123,0.03416,0.02182,-0.05373,0.38878,0.02421,
1540581156704588032,-0.27763,6.24439,-0.15734,0.56896,-0.82099,0.03516,0.03213,-0.11458,0.34458,-0.06656,
1540581156806137856,-0.28914,6.28550,-0.17017,0.57112,-0.82023,-0.00793,0.03142,-0.11629,0.38825,-0.05362,
1540581156872298496,-0.29576,6.31471,-0.17261,0.57124,-0.81987,-0.00680,0.03796,-0.13160,0.43473,-0.01544,
1540581156973859840,-0.31206,6.37325,-0.17570,0.57038,-0.82023,-0.00575,0.04309,-0.18170,0.52845,0.00875,
1540581157074209536,-0.32816,6.43261,-0.17250,0.56873,-0.82111,0.00690,0.04770,-0.15144,0.57055,0.01979,
1540581157174727680,-0.34294,6.48859,-0.16947,0.56709,-0.82250,0.00157,0.04358,-0.18088,0.50756,0.02502,
1540581157275150848,-0.36221,6.54729,-0.16655,0.56647,-0.82335,0.00194,0.03472,-0.16759,0.48110,0.00404,
1540581157376731392,-0.37523,6.59314,-0.17087,0.56687,-0.82286,0.02732,0.02863,-0.08853,0.38190,-0.06145,
1540581157459238656,-0.38084,6.62091,-0.17294,0.56803,-0.82262,0.01943,0.01641,-0.05755,0.32387,0.00970,
1540581157558852096,-0.38268,6.69631,-0.17962,0.56785,-0.82263,0.02828,0.00574,-0.00025,0.36773,-0.03290,
1540581157658846720,-0.38220,6.73390,-0.18497,0.56979,-0.82132,0.02697,-0.00668,-0.00624,0.36968,-0.06087,
1540581157758997760,-0.38219,6.77406,-0.19035,0.57128,-0.82020,0.02336,-0.01913,0.02422,0.45406,-0.03711,
1540581157826637056,-0.38196,6.83232,-0.19861,0.57214,-0.81887,0.04018,-0.02235,0.02395,0.55316,-0.04257,
1540581157929537280,-0.38157,6.89136,-0.20282,0.57325,-0.81765,0.04587,-0.02717,0.00844,0.63773,-0.03774,
1540581158027422464,-0.37855,6.98158,-0.21036,0.57207,-0.81874,0.03935,-0.02920,0.03327,0.67412,0.04478,
1540581158126718208,-0.37679,7.04619,-0.20412,0.56896,-0.82082,0.04522,-0.02231,-0.00668,0.62676,0.05646,
1540581158226339840,-0.37860,7.10535,-0.20233,0.56810,-0.82174,0.04249,-0.01428,-0.03635,0.55739,-0.03904,
1540581158325999872,-0.38004,7.18870,-0.21569,0.56860,-0.82211,0.02772,-0.00817,-0.06830,0.51464,-0.03790,
1540581158393666816,-0.38539,7.22073,-0.21557,0.56816,-0.82255,0.02447,-0.00229,-0.09430,0.50973,0.00847,
1540581158492774912,-0.39380,7.28264,-0.22318,0.56844,-0.82244,0.02130,0.00361,-0.15306,0.51412,-0.05978,
1540581158592826624,-0.40923,7.33891,-0.23105,0.57093,-0.82099,0.00134,0.00423,-0.15898,0.55974,-0.08914,
1540581158693128192,-0.42601,7.40108,-0.23802,0.57368,-0.81903,-0.00778,0.00560,-0.18173,0.62897,-0.04689,
1540581158793684736,-0.44081,7.48346,-0.24872,0.57393,-0.81885,0.00222,0.00867,-0.18799,0.68159,-0.02196,
1540581158893782784,-0.46316,7.55662,-0.24275,0.57155,-0.82055,-0.00052,0.00593,-0.23919,0.69400,0.09109,
1540581158993249280,-0.48657,7.62549,-0.23867,0.56965,-0.82183,0.00990,0.00141,-0.21383,0.63623,-0.03126,
1540581159060322560,-0.49320,7.69731,-0.24611,0.56965,-0.82158,0.02220,-0.00143,-0.16563,0.57020,-0.06499,
1540581159160658688,-0.50654,7.75011,-0.24829,0.56919,-0.82196,0.01836,-0.00830,-0.08465,0.51989,-0.02286,
1540581159260474368,-0.50772,7.80231,-0.25123,0.56937,-0.82154,0.02761,-0.01125,-0.01929,0.54415,-0.05408,
1540581159364360704,-0.50991,7.85722,-0.25763,0.57102,-0.82009,0.03353,-0.01626,-0.00961,0.55879,-0.06894,
1540581159462085632,-0.50835,7.90978,-0.26458,0.57248,-0.81861,0.04186,-0.02009,0.03942,0.59526,-0.07186,
1540581159561253632,-0.49856,7.98464,-0.27151,0.57347,-0.81758,0.04683,-0.02242,0.07839,0.67120,-0.05146,
1540581159662724608,-0.49003,8.05325,-0.27397,0.57344,-0.81824,0.03174,-0.02533,0.09537,0.70416,0.00556,
1540581159728567808,-0.48255,8.09559,-0.27126,0.57126,-0.82009,0.02060,-0.02632,0.11716,0.69836,0.09261,
1540581159828667392,-0.46973,8.15976,-0.26553,0.56974,-0.82068,0.03973,-0.01747,0.11071,0.62848,-0.00105,
1540581159930488832,-0.45703,8.23010,-0.27373,0.56989,-0.82098,0.03086,-0.01598,-0.00285,0.52326,-0.02852,
1540581160030930176,-0.45983,8.28183,-0.27208,0.56958,-0.82056,0.04671,-0.00904,-0.00891,0.49496,0.01018,
1540581160131352064,-0.46336,8.33026,-0.27591,0.57031,-0.82014,0.04579,-0.00440,-0.05002,0.48511,-0.06357,
1540581160232446720,-0.45781,8.37716,-0.28286,0.57173,-0.81975,0.03362,-0.00157,-0.10233,0.49632,-0.04390,
1540581160299684864,-0.46739,8.41579,-0.28677,0.57181,-0.81989,0.02867,0.00016,-0.13250,0.53766,-0.06310,
1540581160400465920,-0.48365,8.47836,-0.29387,0.57361,-0.81875,0.02471,0.00251,-0.16179,0.63329,-0.07006,
1540581160501227264,-0.48629,8.55872,-0.30185,0.57441,-0.81814,0.02588,0.00538,-0.16607,0.69049,-0.00589,
1540581160602841856,-0.50694,8.63440,-0.29867,0.57190,-0.81982,0.02774,0.00704,-0.21953,0.68409,0.06026,
1540581160702790400,-0.53145,8.70359,-0.29599,0.57006,-0.82122,0.02470,0.00503,-0.25519,0.63809,-0.01541,
1540581160803830528,-0.53600,8.78320,-0.30318,0.57049,-0.82061,0.03342,0.00447,-0.19840,0.56619,-0.04573,
1540581160870286592,-0.55074,8.82237,-0.30426,0.56888,-0.82163,0.03570,0.00438,-0.18818,0.51321,0.02186,
1540581160970846720,-0.56804,8.87619,-0.30046,0.56710,-0.82293,0.03414,0.00269,-0.13448,0.52716,0.00224,
1540581161071988224,-0.58187,8.93117,-0.30386,0.56724,-0.82241,0.04322,0.00359,-0.13691,0.53201,-0.07931,
1540581161172706304,-0.57523,8.99242,-0.31597,0.56995,-0.82090,0.03592,0.00011,-0.11686,0.57188,-0.10138,
1540581161273795840,-0.58618,9.05185,-0.32464,0.57226,-0.81879,0.04581,0.00078,-0.07783,0.60207,-0.07706,
1540581161374594304,-0.59399,9.11354,-0.33223,0.57337,-0.81799,0.04633,-0.00072,-0.09076,0.66534,-0.06536,
1540581161442181888,-0.57855,9.13303,-0.33718,0.57358,-0.81839,0.03489,-0.00539,-0.05217,0.70556,-0.01294,
1540581161544065792,-0.58496,9.20487,-0.33705,0.57245,-0.81970,0.01525,-0.01299,-0.03976,0.70888,0.01286,
1540581161647275776,-0.59100,9.27167,-0.33775,0.57124,-0.82056,0.00915,-0.01680,0.00516,0.71564,-0.02336,
1540581161744780288,-0.58010,9.31095,-0.34117,0.57228,-0.81977,0.01564,-0.01527,-0.02673,0.62246,-0.07684,
1540581161845811712,-0.58678,9.37105,-0.34462,0.57322,-0.81919,0.00827,-0.01657,-0.09422,0.55318,-0.01226,
1540581161946962944,-0.60007,9.42558,-0.35044,0.57325,-0.81922,0.00253,-0.01615,-0.15812,0.56018,-0.08296,
1540581162028410624,-0.61353,9.47452,-0.35733,0.57447,-0.81837,-0.00641,-0.01473,-0.16386,0.64691,-0.06831,
1540581162128529664,-0.62159,9.52881,-0.36275,0.57652,-0.81705,-0.00029,-0.00714,-0.18450,0.72717,-0.06973,
1540581162229881856,-0.64439,9.60570,-0.37089,0.57826,-0.81583,-0.00572,-0.00253,-0.22678,0.72716,-0.07305,
1540581162328801536,-0.66874,9.67889,-0.37110,0.57608,-0.81725,-0.01481,-0.00433,-0.28172,0.69582,0.07945,
1540581162395613184,-0.67449,9.75197,-0.36948,0.57386,-0.81884,-0.01239,-0.00596,-0.26233,0.71005,0.02661,
1540581162495110400,-0.69565,9.82361,-0.37322,0.57345,-0.81917,0.00628,-0.00854,-0.18499,0.63955,-0.07278,
1540581162595118080,-0.71019,9.88455,-0.37577,0.57305,-0.81937,0.00599,-0.01426,-0.10779,0.57663,0.00950,
1540581162695534080,-0.71605,9.94311,-0.37776,0.57296,-0.81926,0.01510,-0.01729,-0.03178,0.59392,-0.04685,
1540581162795465728,-0.71101,10.01986,-0.38616,0.57427,-0.81817,0.01877,-0.02146,-0.01388,0.64353,-0.08773,
1540581162895694848,-0.71013,10.08589,-0.39411,0.57657,-0.81618,0.02857,-0.02454,0.02153,0.72056,-0.08281,
1540581162995873536,-0.70825,10.15786,-0.39870,0.57802,-0.81466,0.04048,-0.02405,0.03771,0.77994,-0.03890,
1540581163062443008,-0.69880,10.23138,-0.40220,0.57690,-0.81532,0.04401,-0.02216,0.05681,0.82111,0.00272,
1540581163162433792,-0.69462,10.30891,-0.39760,0.57363,-0.81848,0.02369,-0.02184,0.03081,0.78034,0.09645,
1540581163262284288,-0.69270,10.38171,-0.39585,0.57055,-0.82087,0.02113,-0.01447,0.00273,0.71069,-0.05994,
1540581163362571264,-0.69264,10.45138,-0.40605,0.57172,-0.82037,0.00416,-0.01054,0.00141,0.70624,-0.08296,
1540581163462925568,-0.68979,10.52590,-0.40739,0.57204,-0.82009,0.01478,-0.00069,-0.04236,0.69367,0.00485,
1540581163562559232,-0.69725,10.59386,-0.41139,0.57188,-0.82028,0.00906,0.00434,-0.08684,0.68484,-0.08965,
1540581163663043072,-0.70568,10.66481,-0.42057,0.57351,-0.81915,0.00129,0.00812,-0.09334,0.72051,-0.07236,
1540581163732948224,-0.70678,10.70309,-0.42573,0.57433,-0.81854,0.00245,0.01118,-0.09300,0.76450,-0.04348,
1540581163831804416,-0.71618,10.78114,-0.42982,0.57439,-0.81847,0.00370,0.01308,-0.10173,0.81564,-0.01611,
1540581163932256000,-0.72736,10.86311,-0.42894,0.57253,-0.81978,0.00709,0.01093,-0.13355,0.78657,0.04703,
1540581164033254656,-0.73921,10.93874,-0.42691,0.56994,-0.82169,-0.00072,0.00145,-0.16789,0.75749,0.02736,
1540581164132557056,-0.75268,11.01339,-0.42858,0.56986,-0.82166,0.01081,-0.00486,-0.07522,0.70598,-0.04986,
1540581164234347520,-0.75964,11.07908,-0.42958,0.56863,-0.82236,0.01587,-0.01173,-0.04879,0.62918,0.02328,
1540581164298818560,-0.75962,11.12040,-0.43248,0.56837,-0.82248,0.01452,-0.01639,-0.00778,0.63431,-0.05217,
1540581164398881792,-0.76121,11.18495,-0.44095,0.56997,-0.82117,0.01745,-0.02256,-0.01776,0.65802,-0.11167,
1540581164499375104,-0.76291,11.25182,-0.45100,0.57256,-0.81920,0.01448,-0.02956,-0.00623,0.72107,-0.09006,
1540581164599308032,-0.76033,11.33275,-0.46018,0.57461,-0.81718,0.03575,-0.02766,0.01872,0.80126,-0.01143,
1540581164701385472,-0.75982,11.42167,-0.45996,0.57478,-0.81672,0.04627,-0.02149,0.04751,0.89784,-0.02155,
1540581164802024704,-0.75637,11.49962,-0.46149,0.57239,-0.81949,0.02205,-0.01819,0.03047,0.85852,0.04291,
1540581164869918464,-0.75506,11.55827,-0.45802,0.57062,-0.82095,0.01780,-0.01089,0.02529,0.83458,0.01942,
1540581164970323456,-0.75493,11.63998,-0.46249,0.56948,-0.82182,0.01732,0.00081,-0.02679,0.77940,-0.07661,
1540581165071092736,-0.75842,11.71617,-0.47011,0.57030,-0.82132,0.01040,0.00953,-0.04227,0.75137,-0.05322,
1540581165173485568,-0.76212,11.78831,-0.47253,0.56982,-0.82132,0.01817,0.02020,-0.05981,0.72933,-0.02239,
1540581165273268736,-0.76910,11.86280,-0.47871,0.57014,-0.82111,0.01076,0.02458,-0.06705,0.76023,-0.08709,
1540581165375315200,-0.77203,11.95173,-0.48829,0.57163,-0.81998,0.00759,0.02842,-0.05741,0.79985,-0.07546,
1540581165442290688,-0.77589,12.00695,-0.49292,0.57283,-0.81914,0.00473,0.02918,-0.07537,0.83110,-0.06708,
1540581165542158848,-0.78236,12.08979,-0.49772,0.57373,-0.81863,0.00575,0.02561,-0.09235,0.88092,-0.03499,
1540581165641902080,-0.79422,12.17605,-0.49783,0.57154,-0.82043,0.00215,0.01529,-0.14788,0.83948,0.04127,
1540581165742486784,-0.80821,12.26235,-0.49665,0.57043,-0.82131,-0.00780,-0.00003,-0.10138,0.84719,-0.05527,
1540581165843670528,-0.81411,12.34320,-0.50302,0.57081,-0.82098,0.00982,-0.00906,-0.02731,0.74351,-0.04128,
1540581165944182016,-0.81701,12.40338,-0.50156,0.57010,-0.82121,0.01839,-0.01629,0.01930,0.66211,-0.03234,
1540581166012538368,-0.81686,12.44585,-0.50558,0.57031,-0.82087,0.02179,-0.02097,0.00109,0.67015,-0.08405,
1540581166111584768,-0.82209,12.51423,-0.51578,0.57183,-0.81980,0.00741,-0.02970,-0.00948,0.75566,-0.06693,
1540581166213324032,-0.82147,12.59580,-0.52013,0.57366,-0.81809,0.03134,-0.02576,0.00340,0.86015,-0.02783,
1540581166313860608,-0.82151,12.68665,-0.52593,0.57476,-0.81694,0.04326,-0.01997,0.00784,0.93121,-0.07165,
1540581166417790976,-0.82179,12.80902,-0.53348,0.57436,-0.81811,0.02384,-0.01544,0.05002,0.97987,-0.00108,
1540581166531979008,-0.81165,12.92401,-0.52650,0.57113,-0.82021,0.03266,0.00135,0.07843,0.97181,0.04235,
1540581166585555200,-0.81096,12.97952,-0.52721,0.57022,-0.82053,0.03845,0.00991,0.05219,0.93082,-0.04257,
1540581166698914048,-0.80663,13.07949,-0.53707,0.57072,-0.82045,0.02794,0.01900,-0.01740,0.79961,-0.07222,
1540581166800823296,-0.80968,13.16006,-0.53954,0.57075,-0.82016,0.03098,0.02506,-0.04665,0.73062,-0.02648,
1540581166899397632,-0.80921,13.26419,-0.55113,0.57175,-0.81934,0.03145,0.02830,-0.03157,0.73785,-0.11251,
1540581166965316608,-0.81159,13.30863,-0.55811,0.57344,-0.81859,0.01865,0.02709,-0.04753,0.72897,-0.09210,
1540581167066099456,-0.81778,13.38276,-0.56493,0.57505,-0.81773,0.00454,0.02481,-0.05070,0.81116,-0.06688,
1540581167165293312,-0.82336,13.46696,-0.57144,0.57597,-0.81715,-0.00227,0.02296,-0.05341,0.90794,-0.05280,
1540581167264836608,-0.83149,13.54297,-0.57378,0.57458,-0.81823,-0.00343,0.01873,-0.07958,0.91168,0.03695,
1540581167365964288,-0.84455,13.63383,-0.56734,0.57080,-0.82103,-0.00488,0.00824,-0.15522,0.89635,0.03452,
1540581167465648640,-0.85977,13.72192,-0.56938,0.57044,-0.82132,-0.00348,-0.00470,-0.11236,0.90727,-0.05830,
1540581167565551360,-0.86865,13.80263,-0.57403,0.56997,-0.82145,0.01313,-0.01311,-0.06621,0.78346,-0.02460,
1540581167631752448,-0.87902,13.82049,-0.57536,0.56939,-0.82178,0.00370,-0.02155,-0.03813,0.76111,-0.02014,
1540581167732873216,-0.88179,13.89767,-0.57920,0.56946,-0.82155,0.01163,-0.02541,-0.02813,0.79276,-0.04825,
1540581167831881472,-0.88627,13.97908,-0.58707,0.57113,-0.82031,0.01494,-0.02591,-0.05471,0.83637,-0.09831,
1540581167932066048,-0.89828,14.04414,-0.59914,0.57454,-0.81797,0.02025,-0.02049,-0.01862,0.91442,-0.10460,
1540581168031901440,-0.89906,14.14551,-0.60806,0.57642,-0.81652,0.03131,-0.00788,-0.01418,1.01640,-0.06797,
1540581168132273664,-0.89785,14.25547,-0.60978,0.57518,-0.81779,0.01956,0.00202,0.01396,1.03851,0.05137,
1540581168232978944,-0.90981,14.32064,-0.60379,0.57129,-0.82058,0.01039,0.01287,-0.03607,0.93296,0.05295,
1540581168299271936,-0.91366,14.37865,-0.60393,0.57009,-0.82129,0.00931,0.02005,-0.05553,0.86540,-0.05961,
1540581168399432448,-0.92662,14.47206,-0.61520,0.56983,-0.82132,-0.00411,0.02673,-0.06356,0.79694,-0.05490,
1540581168500107264,-0.93011,14.55826,-0.61479,0.56806,-0.82213,0.00403,0.03733,-0.02554,0.79236,-0.00653,
1540581168601874944,-0.93643,14.65484,-0.62591,0.56801,-0.82175,0.00594,0.04522,-0.03624,0.79985,-0.11747,
1540581168701344000,-0.93809,14.73588,-0.63639,0.56969,-0.82050,-0.00531,0.04689,-0.02535,0.80723,-0.06992,
1540581168802393088,-0.93997,14.83028,-0.64121,0.56991,-0.82035,-0.00216,0.04705,-0.04733,0.88075,-0.02356,
1540581168902689536,-0.94155,14.95217,-0.64916,0.56990,-0.82046,0.01063,0.04423,-0.08573,0.96570,-0.07697,
1540581168971732480,-0.94867,15.01521,-0.65381,0.57047,-0.82057,-0.00017,0.03503,-0.10491,0.98610,-0.04883,
1540581169069692672,-0.96011,15.11143,-0.65392,0.56953,-0.82163,-0.01067,0.02098,-0.12468,1.01886,0.01280,
1540581169170735104,-0.97984,15.11543,-0.65402,0.56917,-0.82214,-0.00867,0.00755,-0.12828,0.94431,-0.05986,
1540581169270540032,-0.98972,15.20249,-0.65986,0.56984,-0.82169,0.01003,0.00138,-0.03611,0.83505,-0.06152,
1540581169371114240,-1.00132,15.25935,-0.66385,0.56962,-0.82187,0.00165,-0.00752,-0.06636,0.77995,-0.03955,
1540581169472526592,-1.00762,15.33050,-0.66921,0.57009,-0.82150,0.00385,-0.01151,-0.03910,0.80064,-0.07803,
1540581169539022080,-1.01114,15.37974,-0.67533,0.57085,-0.82095,0.00306,-0.01282,-0.04109,0.82139,-0.09721,
1540581169640364288,-1.02273,15.45122,-0.68444,0.57266,-0.81969,-0.00510,-0.01210,-0.03810,0.91803,-0.06984,
1540581169740685824,-1.02366,15.55448,-0.68953,0.57403,-0.81875,0.01186,-0.00027,-0.01001,1.03097,-0.06753,
1540581169842267904,-1.02323,15.67297,-0.69678,0.57425,-0.81858,0.00749,0.01049,-0.00807,1.06478,-0.04283,
1540581169942690816,-1.02617,15.80217,-0.70010,0.57169,-0.82015,-0.01452,0.01766,0.01999,1.02193,0.02400,
1540581170043174400,-1.02345,15.90667,-0.70108,0.56968,-0.82130,-0.00992,0.02885,0.00588,0.97690,-0.06197,
1540581170110140416,-1.02449,15.99384,-0.70926,0.56959,-0.82111,-0.01821,0.03186,-0.02284,0.94731,-0.07969,
1540581170211138048,-1.02416,16.08846,-0.71214,0.56897,-0.82138,-0.01707,0.03633,-0.00288,0.89721,-0.01088,
1540581170311590400,-1.02256,16.18148,-0.71737,0.56897,-0.82132,-0.01096,0.03977,0.01411,0.91691,-0.08314,
1540581170412724224,-1.02122,16.27518,-0.72677,0.57050,-0.82027,-0.01501,0.03835,-0.00289,0.92411,-0.07012,
1540581170513896448,-1.02405,16.34108,-0.73558,0.57193,-0.81936,-0.02399,0.03126,-0.03144,0.95262,-0.09261,
1540581170615084032,-1.02672,16.44847,-0.74496,0.57303,-0.81866,-0.03163,0.02088,-0.02617,1.07690,-0.04082,
1540581170681702912,-1.02778,16.52443,-0.74610,0.57267,-0.81933,-0.02196,0.01588,-0.03812,1.10255,-0.00384,
1540581170782548736,-1.03166,16.62631,-0.74501,0.56967,-0.82170,-0.01630,0.00289,-0.08568,1.03865,0.01886,
1540581170884297984,-1.03956,16.73318,-0.74509,0.56856,-0.82258,-0.00265,-0.00949,-0.03705,1.01020,-0.05087,
1540581171022036736,-1.04888,16.79017,-0.75287,0.56890,-0.82201,0.01232,-0.02229,-0.02872,0.86042,-0.04934,
1540581171068351232,-1.05444,16.81639,-0.75468,0.56896,-0.82188,0.00607,-0.02775,-0.01720,0.86638,-0.04581,
1540581171203922176,-1.05707,16.92934,-0.76165,0.56992,-0.82073,0.02725,-0.02903,-0.02934,0.87672,-0.07793,
1540581171267944448,-1.05908,16.98363,-0.76750,0.57088,-0.81992,0.03230,-0.02786,-0.02071,0.90465,-0.10547,
1540581171369235200,-1.06606,17.07447,-0.77941,0.57344,-0.81842,0.02680,-0.02532,-0.03224,0.97413,-0.10451,
1540581171468030464,-1.06679,17.17471,-0.78748,0.57550,-0.81717,0.02763,-0.01628,-0.00080,1.06236,-0.07715,
1540581171567793408,-1.06689,17.28767,-0.79280,0.57584,-0.81743,0.01360,-0.00534,0.01214,1.12092,-0.01729,
1540581171635795968,-1.06493,17.39621,-0.79583,0.57413,-0.81870,0.00943,0.00488,0.02764,1.10731,0.02315,
1540581171734640896,-1.06279,17.50316,-0.79414,0.56982,-0.82139,0.00972,0.02290,0.00763,1.05604,-0.01417,
1540581171835467520,-1.06252,17.63018,-0.80182,0.56851,-0.82189,-0.01017,0.03460,-0.03981,0.97313,-0.08281,
1540581171935148032,-1.06685,17.72432,-0.80684,0.56819,-0.82143,-0.02191,0.04398,-0.06557,0.92548,-0.03480,
1540581172034604800,-1.07485,17.78680,-0.81274,0.56759,-0.82128,-0.02321,0.05298,-0.07166,0.89939,-0.10800,
1540581172135537408,-1.08121,17.87610,-0.82320,0.56942,-0.81929,-0.03557,0.05717,-0.04241,0.91807,-0.09327,
1540581172234948864,-1.09179,17.90952,-0.82777,0.57047,-0.81823,-0.04009,0.05880,-0.06749,0.89244,-0.06279,
1540581172301893632,-1.09701,17.97135,-0.83244,0.57124,-0.81760,-0.04582,0.05579,-0.08475,0.92920,-0.07928,
1540581172401816064,-1.10560,18.06867,-0.83974,0.57299,-0.81667,-0.05030,0.04694,-0.09248,0.98523,-0.05262,
1540581172501951232,-1.12307,18.11504,-0.84119,0.57349,-0.81732,-0.04278,0.03553,-0.10264,0.95353,-0.01042,
1540581172602367744,-1.13629,18.21014,-0.84033,0.57204,-0.81866,-0.04786,0.01693,-0.13004,0.92429,0.00619,
1540581172702084096,-1.15389,18.29184,-0.84469,0.57127,-0.81980,-0.03972,0.00118,-0.10759,0.88705,-0.04700,
1540581172802747904,-1.16350,18.36205,-0.84863,0.57186,-0.82000,-0.02243,-0.00852,-0.07372,0.77313,-0.04204,
1540581172869138176,-1.17608,18.37925,-0.85099,0.57064,-0.82059,-0.02791,-0.01482,-0.05265,0.69763,-0.00361,
1540581172968333056,-1.17957,18.44083,-0.85068,0.56953,-0.82140,-0.02587,-0.01645,-0.01394,0.65314,-0.03486,
1540581173068957440,-1.18210,18.50250,-0.85501,0.56937,-0.82111,-0.03632,-0.01677,-0.02305,0.61887,-0.03653,
1540581173170719744,-1.18427,18.56410,-0.85395,0.56845,-0.82159,-0.04118,-0.01294,-0.03228,0.57087,0.03910,
1540581173276203520,-1.19050,18.61901,-0.85195,0.56730,-0.82269,-0.03623,-0.00664,-0.07021,0.49491,-0.01989,
1540581173371149568,-1.19566,18.66800,-0.85623,0.56795,-0.82182,-0.04488,-0.00599,-0.04790,0.51470,-0.05066,
1540581173472055552,-1.19870,18.72314,-0.86107,0.56890,-0.82092,-0.04913,-0.00485,-0.04248,0.53869,-0.03092,
1540581173538077184,-1.20112,18.75826,-0.86246,0.56969,-0.82036,-0.04926,-0.00532,-0.03114,0.54230,-0.02188,
1540581173639755520,-1.20327,18.81301,-0.86561,0.57067,-0.81965,-0.04964,-0.00759,-0.03224,0.49225,-0.05059,
1540581173739766016,-1.20318,18.86689,-0.87062,0.57113,-0.81867,-0.05874,-0.01192,0.01651,0.50553,-0.03432,
1540581173839850496,-1.20196,18.91367,-0.87252,0.57173,-0.81805,-0.06113,-0.01351,0.01228,0.52063,0.00786,
1540581173941565440,-1.20131,18.96652,-0.87312,0.57152,-0.81807,-0.06283,-0.01348,-0.01068,0.49263,-0.02242,
1540581174041373696,-1.20147,19.01678,-0.87471,0.57123,-0.81712,-0.07595,-0.01570,0.02008,0.51630,0.00004,
1540581174110067456,-1.19969,19.05235,-0.87394,0.57153,-0.81738,-0.07088,-0.01463,0.03070,0.53347,0.01391,
1540581174209232640,-1.19645,19.15418,-0.87844,0.57146,-0.81769,-0.06787,-0.01445,0.01653,0.55050,0.00642,
1540581174311256320,-1.19358,19.22718,-0.87865,0.57125,-0.81784,-0.06785,-0.01431,0.00895,0.56015,0.00378,
1540581174411579648,-1.19173,19.28141,-0.87759,0.57139,-0.81830,-0.06134,-0.01179,0.03418,0.57571,0.01317,
1540581174512245760,-1.18820,19.33918,-0.87728,0.57154,-0.81839,-0.05879,-0.01061,0.02932,0.56610,-0.00259,
1540581174612951808,-1.18511,19.39707,-0.87699,0.57145,-0.81842,-0.05947,-0.01007,0.03194,0.58615,0.01358,
1540581174680292608,-1.18247,19.44119,-0.87589,0.57153,-0.81857,-0.05659,-0.00916,0.03200,0.59652,0.01910,
1540581174784253952,-1.17988,19.49911,-0.87392,0.57143,-0.81886,-0.05354,-0.00804,0.02780,0.59858,0.01545,
1540581174881384960,-1.17732,19.55629,-0.87267,0.57144,-0.81893,-0.05250,-0.00737,0.02705,0.59959,0.01116,
1540581174982076928,-1.17438,19.61662,-0.87152,0.57146,-0.81903,-0.05072,-0.00668,0.02887,0.60540,0.01173,
1540581175083091456,-1.17171,19.67748,-0.87000,0.57163,-0.81902,-0.04914,-0.00607,0.02489,0.60767,0.01675,
1540581175184817920,-1.16909,19.73850,-0.86867,0.57163,-0.81908,-0.04810,-0.00562,0.02671,0.61568,0.01105,
1540581175251380480,-1.16749,19.77704,-0.86732,0.57164,-0.81921,-0.04584,-0.00512,0.02102,0.62703,0.02353,
1540581175352334848,-1.16530,19.84019,-0.86538,0.57172,-0.81944,-0.04043,-0.00367,0.02640,0.63340,0.01745,
1540581175453283584,-1.16305,19.90183,-0.86283,0.57172,-0.81972,-0.03449,-0.00238,0.02017,0.64111,0.02052,
