1540589407413350144,-0.00862,0.17409,-0.01832,0.59400,-0.80333,-0.03509,0.02435,-0.11409,0.50710,-0.01974,
1540589407514573824,-0.00243,0.21216,-0.00926,0.59476,-0.80299,-0.03181,0.02136,-0.08032,0.56345,0.00599,
1540589407630968064,-0.01715,0.29122,-0.00889,0.59356,-0.80424,-0.02811,0.00975,-0.09394,0.61928,0.02057,
1540589407732857088,-0.02517,0.31917,0.00163,0.59355,-0.80470,-0.01258,0.00244,-0.07010,0.58603,0.08157,
1540589407798398976,-0.03262,0.35477,0.00448,0.59132,-0.80643,-0.00104,-0.00437,-0.07548,0.55887,0.04143,
1540589407897545216,-0.04042,0.40815,0.00719,0.59047,-0.80687,0.00744,-0.01609,-0.04969,0.54572,-0.00181,
1540589407997502720,-0.04423,0.44989,0.00732,0.58895,-0.80749,0.02072,-0.02601,-0.02447,0.46349,0.02908,
1540589408104816896,-0.04684,0.49007,0.00899,0.58712,-0.80823,0.02459,-0.03811,0.04536,0.42240,-0.02465,
1540589408231293696,-0.03308,0.49436,0.00240,0.58786,-0.80697,0.02614,-0.05038,0.12639,0.38001,-0.04925,
1540589408297869568,-0.02143,0.49936,-0.00194,0.58838,-0.80616,0.02928,-0.05525,0.14221,0.39192,-0.04068,
1540589408398561280,-0.00922,0.51797,-0.00746,0.58791,-0.80589,0.03779,-0.05888,0.14460,0.42340,-0.00098,
1540589408498465024,0.00362,0.56794,-0.01125,0.58694,-0.80595,0.05523,-0.05391,0.15843,0.48187,-0.02168,
1540589408597879552,0.01414,0.62000,-0.01748,0.58699,-0.80649,0.05071,-0.04952,0.12411,0.48700,-0.02226,
1540589408697956608,0.02253,0.65933,-0.02589,0.58437,-0.80915,0.04488,-0.04199,0.10802,0.48197,0.02289,
1540589408799577600,0.03205,0.69543,-0.02574,0.58098,-0.81191,0.04831,-0.03043,0.04597,0.47482,0.03231,
1540589408898594816,0.03309,0.73193,-0.02752,0.57951,-0.81412,0.02863,-0.02337,-0.00716,0.43727,-0.02907,
1540589409002694400,0.03042,0.75792,-0.03378,0.57877,-0.81525,0.01189,-0.01593,-0.05748,0.39247,0.01534,
1540589409098632448,0.02637,0.79320,-0.03430,0.57864,-0.81549,0.01142,-0.00441,-0.08344,0.35268,-0.03470,
1540589409198227200,0.01629,0.82568,-0.03822,0.58049,-0.81424,-0.00626,0.00257,-0.12415,0.35406,-0.04844,
1540589409300558848,0.00714,0.88025,-0.04071,0.58146,-0.81327,-0.02028,0.00959,-0.13248,0.43271,-0.02516,
1540589409398940928,-0.00468,0.93125,-0.04258,0.58372,-0.81138,-0.02795,0.01256,-0.15795,0.47928,-0.03510,
1540589409498247680,-0.01678,0.98890,-0.04634,0.58402,-0.81082,-0.03734,0.00996,-0.13062,0.53854,-0.04419,
1540589409598830592,-0.02440,1.06141,-0.04940,0.58456,-0.81074,-0.03077,0.00608,-0.12638,0.58178,-0.00044,
1540589409698504960,-0.03637,1.12009,-0.04653,0.58355,-0.81188,-0.01788,-0.00153,-0.13232,0.57319,0.01270,
1540589409800462080,-0.04812,1.17889,-0.04678,0.58203,-0.81284,-0.01740,-0.01528,-0.10562,0.54915,-0.00882,
1540589409899551744,-0.04844,1.24957,-0.05178,0.57986,-0.81429,-0.00872,-0.02508,-0.05707,0.55934,-0.00224,
1540589410001054720,-0.05064,1.30545,-0.05495,0.57952,-0.81429,0.00933,-0.03172,-0.01260,0.51772,-0.03309,
1540589410101319936,-0.05015,1.35908,-0.05888,0.57892,-0.81432,0.00867,-0.04082,-0.01024,0.48014,-0.02646,
1540589410201769216,-0.05292,1.40384,-0.06074,0.57906,-0.81375,0.01557,-0.04753,0.01781,0.46751,-0.03090,
1540589410302705152,-0.05089,1.46910,-0.06495,0.58084,-0.81214,0.02441,-0.04957,0.05900,0.51666,-0.05084,
1540589410404130304,-0.04875,1.52572,-0.06875,0.58338,-0.81034,0.02296,-0.05003,0.05508,0.53997,-0.03864,
1540589410504557824,-0.04691,1.58467,-0.07191,0.58508,-0.80933,0.02516,-0.04500,0.06607,0.59196,-0.02451,
1540589410605535488,-0.04726,1.66493,-0.06868,0.58645,-0.80872,0.02679,-0.03639,0.05135,0.61192,0.01125,
1540589410705652480,-0.04220,1.72635,-0.06455,0.58447,-0.81066,0.02364,-0.02589,0.04743,0.61025,0.04564,
1540589410806921728,-0.03723,1.79015,-0.06300,0.58361,-0.81163,0.02083,-0.01453,0.04435,0.59138,-0.02759,
1540589410907822080,-0.03483,1.85999,-0.06699,0.58412,-0.81159,0.01054,-0.00448,0.03225,0.56170,-0.05414,
1540589411008864000,-0.02829,1.90939,-0.07192,0.58415,-0.81164,0.00234,0.00301,0.00638,0.53736,-0.00113,
1540589411109480704,-0.02826,1.96525,-0.07513,0.58428,-0.81151,-0.00024,0.00843,-0.03841,0.54023,-0.05045,
1540589411209637632,-0.02919,2.01977,-0.08258,0.58541,-0.81063,-0.00881,0.00965,-0.01425,0.57795,-0.06204,
1540589411312290048,-0.02927,2.07410,-0.08863,0.58634,-0.80997,-0.00402,0.01219,-0.04774,0.60837,-0.05499,
1540589411410953472,-0.02802,2.13144,-0.09443,0.58709,-0.80943,-0.00656,0.01072,-0.04433,0.63445,-0.04468,
1540589411512119808,-0.03302,2.20278,-0.09927,0.58760,-0.80909,-0.00471,0.00878,-0.04493,0.65765,-0.04251,
1540589411613682432,-0.03765,2.26755,-0.10304,0.58663,-0.80983,-0.00373,0.00430,-0.06094,0.61584,-0.01110,
1540589411714850304,-0.04818,2.32602,-0.10021,0.58476,-0.81097,-0.01855,-0.00657,-0.09553,0.59621,0.04011,
1540589411815270400,-0.05594,2.38546,-0.09830,0.58335,-0.81215,-0.00330,-0.01035,-0.04033,0.56022,-0.01968,
1540589411915556864,-0.06428,2.43612,-0.09935,0.58271,-0.81243,-0.00729,-0.01872,-0.06343,0.46051,-0.01214,
1540589412016806656,-0.06943,2.47232,-0.10023,0.58157,-0.81315,-0.00172,-0.02353,-0.00765,0.37122,-0.00536,
1540589412117099264,-0.07008,2.50111,-0.10209,0.58108,-0.81340,-0.00334,-0.02665,0.02833,0.32567,-0.02997,
1540589412234858240,-0.07586,2.51745,-0.09834,0.58190,-0.81285,-0.00339,-0.02552,0.02769,0.26451,0.00179,
1540589412333021952,-0.07384,2.52546,-0.09701,0.58140,-0.81330,-0.00200,-0.02267,0.03221,0.19960,0.00180,
1540589412434023424,-0.07043,2.52471,-0.09616,0.58073,-0.81385,-0.00041,-0.01997,0.03546,0.15264,0.00241,
1540589412500584960,-0.06729,2.51893,-0.09559,0.58090,-0.81378,0.00159,-0.01767,0.05414,0.12206,-0.01470,
1540589412600666880,-0.06081,2.51368,-0.09749,0.58070,-0.81396,0.00315,-0.01577,0.05364,0.10557,-0.01966,
1540589412701094656,-0.05700,2.50706,-0.09702,0.58084,-0.81388,0.00251,-0.01481,0.03297,0.10247,-0.00300,
1540589412800492032,-0.05406,2.49160,-0.09701,0.58087,-0.81387,-0.00000,-0.01460,0.04296,0.06833,-0.01009,
1540589412900426752,-0.05141,2.47388,-0.09605,0.58085,-0.81387,-0.00187,-0.01474,0.02825,0.06251,-0.01164,
1540589413000921088,-0.04904,2.46125,-0.09627,0.58095,-0.81377,-0.00141,-0.01627,0.02474,0.08889,-0.02403,
1540589413100223488,-0.05011,2.45496,-0.09474,0.58163,-0.81320,-0.00429,-0.01997,-0.00850,0.11781,-0.02659,
1540589413168183808,-0.05278,2.46416,-0.09709,0.58193,-0.81285,-0.00746,-0.02399,-0.04093,0.14337,-0.05799,
1540589413267363072,-0.05979,2.47977,-0.10106,0.58289,-0.81177,-0.01484,-0.03230,-0.04984,0.20410,-0.05354,
1540589413368080384,-0.06735,2.50748,-0.10707,0.58562,-0.80971,-0.00943,-0.03641,-0.03331,0.24916,-0.08179,
1540589413467604736,-0.07614,2.54941,-0.11480,0.58649,-0.80893,-0.01103,-0.03915,-0.03723,0.30333,-0.00956,
1540589413569126400,-0.08188,2.60825,-0.11699,0.58746,-0.80854,-0.00112,-0.03395,0.00398,0.36426,-0.02400,
1540589413667801344,-0.09094,2.64447,-0.11445,0.58901,-0.80767,-0.00703,-0.02618,0.03109,0.40156,-0.05108,
1540589413767599616,-0.08957,2.70126,-0.12181,0.59076,-0.80645,-0.01911,-0.01667,0.04127,0.46191,-0.05376,
1540589413834467840,-0.08673,2.74257,-0.12691,0.59137,-0.80597,-0.02469,-0.00858,0.06219,0.50471,-0.01541,
1540589413934523648,-0.08000,2.80442,-0.12601,0.59124,-0.80624,-0.01915,0.00696,0.06501,0.50240,0.02557,
1540589414034692352,-0.07507,2.85222,-0.12211,0.58928,-0.80698,-0.03633,0.01468,0.02303,0.48996,0.03921,
1540589414134126080,-0.06888,2.90437,-0.12201,0.58850,-0.80747,-0.03306,0.02380,0.04065,0.53312,-0.03743,
1540589414234873088,-0.06355,2.96263,-0.12508,0.58932,-0.80695,-0.02840,0.02699,-0.02861,0.55351,-0.00918,
1540589414335760128,-0.06606,3.01593,-0.12755,0.58986,-0.80678,-0.02383,0.02458,-0.03544,0.55268,-0.02540,
1540589414403467776,-0.06601,3.05377,-0.13103,0.59089,-0.80604,-0.02810,0.01899,-0.00491,0.55330,-0.04632,
1540589414504648192,-0.06673,3.11021,-0.13554,0.59296,-0.80462,-0.02879,0.01212,-0.00660,0.55510,-0.04783,
1540589414604176128,-0.06252,3.16980,-0.13944,0.59394,-0.80387,-0.03181,0.00305,-0.00851,0.60418,-0.01836,
1540589414704370432,-0.06503,3.22887,-0.14028,0.59255,-0.80485,-0.03252,-0.00630,-0.05237,0.58511,0.03047,
1540589414805326592,-0.07096,3.28834,-0.13523,0.58913,-0.80698,-0.03567,-0.02092,-0.05207,0.59927,0.04574,
1540589414905558528,-0.07392,3.34720,-0.13173,0.58819,-0.80794,-0.01568,-0.03197,-0.04512,0.57817,-0.01288,
1540589415006532864,-0.08222,3.39737,-0.13283,0.58753,-0.80805,-0.00747,-0.04240,-0.03824,0.51958,-0.01573,
1540589415073564416,-0.08755,3.40380,-0.12718,0.58792,-0.80751,-0.00337,-0.04764,0.00240,0.50001,0.00003,
1540589415174602240,-0.08947,3.45335,-0.12879,0.58936,-0.80639,0.00471,-0.04865,-0.00441,0.49874,-0.05628,
1540589415275553536,-0.09355,3.50305,-0.13438,0.59179,-0.80460,-0.00287,-0.04892,-0.01355,0.51405,-0.07158,
1540589415376560128,-0.09960,3.53876,-0.13431,0.59417,-0.80311,-0.00622,-0.04396,0.01328,0.55268,-0.02261,
1540589415477178368,-0.09731,3.59778,-0.13518,0.59536,-0.80266,-0.00902,-0.03481,0.03527,0.57369,-0.00169,
1540589415578296832,-0.09470,3.65707,-0.13616,0.59557,-0.80229,-0.02874,-0.02821,0.00222,0.56535,-0.00641,
1540589415645234944,-0.10054,3.68401,-0.13373,0.59425,-0.80250,-0.04649,-0.02641,0.01371,0.56458,0.05347,
1540589415745882112,-0.09937,3.74412,-0.12499,0.59373,-0.80381,-0.03476,-0.01318,0.00029,0.56418,0.04034,
1540589415846637568,-0.10641,3.80045,-0.13208,0.59328,-0.80330,-0.05159,-0.00832,-0.02913,0.52356,-0.03527,
1540589415947019520,-0.10650,3.85428,-0.13179,0.59334,-0.80302,-0.05571,-0.00347,-0.02731,0.54922,0.03826,
1540589416048039168,-0.10976,3.91325,-0.13624,0.59360,-0.80379,-0.03925,0.00488,-0.05227,0.54480,-0.03507,
1540589416148675328,-0.11419,3.96761,-0.14008,0.59502,-0.80275,-0.03906,0.00421,-0.06889,0.54456,-0.03199,
1540589416216165632,-0.11830,4.00737,-0.14157,0.59515,-0.80287,-0.03433,0.00301,-0.09292,0.55708,-0.00991,
1540589416317984256,-0.12570,4.07162,-0.14478,0.59543,-0.80288,-0.02895,-0.00242,-0.07274,0.58445,0.01088,
1540589416417870848,-0.13364,4.12754,-0.14094,0.59310,-0.80466,-0.02500,-0.01168,-0.09501,0.53677,0.07584,
1540589416518218496,-0.14364,4.18023,-0.13322,0.58901,-0.80742,-0.02309,-0.02454,-0.06480,0.51363,0.06004,
1540589416619558144,-0.14865,4.22948,-0.13445,0.58813,-0.80803,-0.00832,-0.03342,0.00250,0.46597,-0.02347,
1540589416720294912,-0.14760,4.27171,-0.13586,0.58741,-0.80809,-0.00381,-0.04387,0.03618,0.38816,0.02733,
1540589416837372416,-0.14570,4.32417,-0.13719,0.58690,-0.80798,0.01279,-0.05061,0.06258,0.37593,-0.02684,
1540589416905406208,-0.14369,4.35437,-0.13983,0.58800,-0.80681,0.01442,-0.05576,0.06914,0.35564,-0.05904,
1540589417002811392,-0.14229,4.40507,-0.14821,0.58948,-0.80557,0.01733,-0.05711,0.09471,0.39852,-0.03782,
1540589417069805056,-0.13628,4.43950,-0.14999,0.59093,-0.80454,0.02583,-0.05336,0.10138,0.43235,-0.03838,
1540589417170212352,-0.12709,4.48991,-0.15451,0.59330,-0.80336,0.01743,-0.04806,0.09671,0.48965,-0.04864,
1540589417269844480,-0.11761,4.54225,-0.15742,0.59444,-0.80314,0.00689,-0.03947,0.08331,0.54288,-0.01250,
1540589417370530304,-0.11224,4.62884,-0.15863,0.59390,-0.80407,0.00598,-0.02691,0.07294,0.59313,0.04471,
1540589417470458880,-0.10687,4.68626,-0.15597,0.59297,-0.80506,0.00379,-0.01569,0.04739,0.55876,0.00104,
1540589417569863680,-0.09952,4.75941,-0.15888,0.59269,-0.80541,0.00172,-0.00577,0.00531,0.53375,-0.01689,
1540589417670798336,-0.09835,4.80667,-0.15778,0.59226,-0.80570,-0.00922,-0.00008,-0.01207,0.52217,0.02840,
1540589417737381120,-0.09707,4.86448,-0.16042,0.59132,-0.80641,-0.00089,0.00655,-0.03103,0.51959,-0.02078,
1540589417837144576,-0.10350,4.91622,-0.16378,0.59194,-0.80588,-0.00451,0.01197,-0.07306,0.50182,-0.04845,
1540589417936836608,-0.11038,4.96924,-0.16793,0.59354,-0.80454,-0.01527,0.01385,-0.08706,0.53240,-0.02557,
1540589418036722432,-0.11785,5.04532,-0.17344,0.59352,-0.80439,-0.02285,0.01285,-0.12879,0.58448,-0.02778,
1540589418137645312,-0.12809,5.10878,-0.17339,0.59326,-0.80427,-0.03399,0.00596,-0.11811,0.62426,0.01265,
1540589418237117696,-0.13863,5.17432,-0.16933,0.59115,-0.80572,-0.03684,-0.00262,-0.12177,0.61947,0.05288,
1540589418337018368,-0.15253,5.25991,-0.16817,0.58859,-0.80723,-0.04152,-0.01465,-0.11139,0.59554,0.01490,
1540589418404866816,-0.15946,5.29892,-0.16764,0.58772,-0.80757,-0.04366,-0.02265,-0.05706,0.58843,0.00142,
1540589418506466048,-0.16206,5.35363,-0.16814,0.58762,-0.80833,-0.02338,-0.02763,0.00103,0.52811,0.02679,
1540589418603953664,-0.16937,5.43805,-0.16773,0.58727,-0.80870,-0.00946,-0.03210,-0.00165,0.49783,-0.01186,
1540589418705008384,-0.16947,5.48965,-0.17142,0.58809,-0.80787,-0.00328,-0.03846,0.01314,0.51325,-0.05913,
1540589418805736704,-0.17702,5.58673,-0.18142,0.59049,-0.80591,0.00087,-0.04272,0.03705,0.59163,-0.06878,
1540589418907196928,-0.17200,5.65027,-0.18729,0.59394,-0.80341,0.01755,-0.03827,0.06497,0.67006,-0.05773,
1540589419008218624,-0.16610,5.72094,-0.19105,0.59539,-0.80264,0.00334,-0.03567,0.09170,0.71802,-0.01841,
1540589419072904704,-0.16542,5.78054,-0.19347,0.59529,-0.80288,-0.00203,-0.03161,0.05393,0.73303,0.00954,
1540589419176355840,-0.16270,5.85622,-0.19292,0.59398,-0.80398,-0.01414,-0.02463,-0.00335,0.72321,0.01692,
1540589419273378304,-0.16608,5.93090,-0.19297,0.59351,-0.80441,-0.01827,-0.01839,-0.03611,0.69402,0.00181,
1540589419374097152,-0.17269,5.99763,-0.19232,0.59358,-0.80446,-0.01799,-0.01382,-0.09813,0.64685,-0.01104,
1540589419475455744,-0.18246,6.07366,-0.19669,0.59382,-0.80447,-0.01219,-0.00777,-0.09436,0.63032,-0.03615,
1540589419576004864,-0.19327,6.13659,-0.19966,0.59496,-0.80347,-0.02115,-0.00415,-0.11019,0.63436,-0.04586,
1540589419643536896,-0.20174,6.17927,-0.20265,0.59594,-0.80255,-0.02780,-0.00147,-0.13376,0.66638,-0.04907,
1540589419745005568,-0.21631,6.26472,-0.20817,0.59645,-0.80153,-0.04233,0.00100,-0.13848,0.71921,-0.00969,
1540589419844429568,-0.22810,6.34173,-0.20272,0.59409,-0.80371,-0.03229,0.00786,-0.14006,0.73137,0.11629,
1540589419945561088,-0.24745,6.43094,-0.19387,0.58959,-0.80701,-0.03257,0.00767,-0.21059,0.69287,0.07313,
1540589420046741504,-0.26644,6.50497,-0.19005,0.58729,-0.80829,-0.04180,0.00104,-0.15985,0.68171,0.01908,
1540589420147066624,-0.27714,6.57857,-0.19078,0.58665,-0.80964,-0.01796,0.00111,-0.09544,0.62815,-0.01291,
1540589420215052288,-0.28448,6.64306,-0.19248,0.58684,-0.80953,-0.01663,-0.00248,-0.06666,0.61199,-0.03129,
1540589420315101952,-0.28734,6.70330,-0.19842,0.58857,-0.80838,-0.00772,-0.00696,-0.00761,0.60024,-0.10527,
1540589420416809472,-0.28501,6.76573,-0.21085,0.59173,-0.80594,-0.01025,-0.01446,0.04113,0.64465,-0.11287,
1540589420517104384,-0.27805,6.85450,-0.21953,0.59444,-0.80373,-0.01515,-0.02099,0.10254,0.72835,-0.05004,
1540589420617840640,-0.26456,6.92731,-0.22085,0.59509,-0.80340,-0.00411,-0.02006,0.15480,0.77425,0.00245,
1540589420718533888,-0.24885,7.01550,-0.21991,0.59315,-0.80451,-0.01874,-0.02408,0.13763,0.75128,0.02752,
1540589420785597952,-0.23993,7.05943,-0.21585,0.59098,-0.80567,-0.03121,-0.02573,0.13614,0.72853,0.08197,
1540589420886246144,-0.22543,7.12389,-0.21184,0.58992,-0.80702,-0.01828,-0.01970,0.11806,0.66464,-0.01256,
1540589420986724352,-0.21434,7.18261,-0.21421,0.58964,-0.80707,-0.02573,-0.01730,0.04950,0.59216,-0.00594,
1540589421089342976,-0.21181,7.24496,-0.21548,0.59004,-0.80722,-0.01362,-0.00848,0.01561,0.59957,-0.03376,
1540589421206189312,-0.21333,7.31367,-0.22161,0.59181,-0.80589,-0.01733,-0.00098,-0.03301,0.64300,-0.07172,
1540589421289436672,-0.21450,7.38571,-0.22677,0.59348,-0.80456,-0.02103,0.00473,-0.06883,0.70155,-0.05776,
1540589421373616896,-0.22321,7.44762,-0.23125,0.59404,-0.80399,-0.02520,0.00887,-0.13004,0.73368,-0.03101,
1540589421474712832,-0.23648,7.53172,-0.23127,0.59230,-0.80492,-0.03456,0.00918,-0.19969,0.72347,0.04455,
1540589421575415040,-0.25838,7.60682,-0.22645,0.58961,-0.80619,-0.04884,0.00571,-0.20777,0.70914,0.04000,
1540589421672560896,-0.27608,7.67595,-0.22348,0.58863,-0.80729,-0.04155,0.00820,-0.12572,0.66766,0.00211,
1540589421739548928,-0.27828,7.72433,-0.22505,0.58771,-0.80843,-0.02997,0.01204,-0.11646,0.61360,-0.02170,
1540589421840685568,-0.28874,7.78753,-0.22750,0.58813,-0.80774,-0.03959,0.00922,-0.06725,0.62543,-0.02507,
1540589421939822336,-0.29396,7.85195,-0.23255,0.58919,-0.80738,-0.03050,0.00809,-0.05996,0.61936,-0.07401,
1540589422039934464,-0.29825,7.91448,-0.24147,0.59160,-0.80572,-0.02872,0.00240,-0.02129,0.64929,-0.09428,
1540589422139617792,-0.29132,7.98467,-0.24978,0.59440,-0.80371,-0.02695,-0.00293,0.05546,0.73795,-0.07616,
1540589422239438336,-0.28023,8.06014,-0.25242,0.59545,-0.80327,-0.01393,-0.00337,0.12940,0.77606,0.01971,
1540589422308304128,-0.27065,8.11871,-0.25013,0.59389,-0.80444,-0.01229,-0.00427,0.15980,0.78342,0.04336,
1540589422406546688,-0.25282,8.19231,-0.24541,0.59173,-0.80609,-0.00728,-0.00553,0.17904,0.75385,0.04863,
1540589422505952000,-0.23777,8.25965,-0.24561,0.59143,-0.80622,-0.01078,-0.01010,0.11579,0.65662,-0.07288,
1540589422605992960,-0.22583,8.31427,-0.25251,0.59136,-0.80541,-0.03379,-0.02171,0.09259,0.59614,-0.03221,
1540589422706979584,-0.21639,8.37173,-0.25282,0.59175,-0.80539,-0.02364,-0.02479,0.09310,0.59878,-0.02164,
1540589422806657024,-0.21009,8.43500,-0.25687,0.59252,-0.80453,-0.02811,-0.02932,0.07181,0.61801,-0.04713,
1540589422907180544,-0.20376,8.50122,-0.26039,0.59410,-0.80358,-0.02438,-0.02677,0.06612,0.67494,-0.05055,
1540589423008408320,-0.20134,8.57962,-0.26523,0.59530,-0.80266,-0.02856,-0.02320,0.01507,0.72579,-0.03273,
1540589423073867008,-0.20253,8.63237,-0.26497,0.59514,-0.80293,-0.02767,-0.01858,-0.02101,0.74151,0.04433,
1540589423173456384,-0.20500,8.70385,-0.25564,0.59224,-0.80563,-0.01241,-0.00772,-0.04516,0.67092,0.10071,
1540589423273367552,-0.21925,8.76998,-0.25074,0.58879,-0.80809,-0.01718,-0.00523,-0.15730,0.60995,0.01529,
1540589423375518208,-0.23735,8.82982,-0.25375,0.58861,-0.80806,-0.02283,-0.00740,-0.17463,0.60937,-0.04898,
1540589423474914048,-0.25578,8.88545,-0.25454,0.58819,-0.80837,-0.02206,-0.00944,-0.17671,0.61218,0.03010,
1540589423576267264,-0.27288,8.93721,-0.25668,0.58792,-0.80875,-0.01350,-0.00902,-0.13007,0.60353,-0.02821,
1540589423642360064,-0.28092,8.97249,-0.26067,0.58882,-0.80798,-0.01880,-0.01026,-0.09532,0.59874,-0.08005,
1540589423741908736,-0.28761,9.03809,-0.26823,0.59060,-0.80643,-0.02676,-0.01202,-0.04802,0.65303,-0.06459,
1540589423842753792,-0.28851,9.11587,-0.27401,0.59300,-0.80498,-0.01534,-0.01128,-0.00886,0.71748,-0.05385,
1540589423943997952,-0.28767,9.20107,-0.27957,0.59470,-0.80384,-0.00267,-0.01298,0.01655,0.73359,-0.03207,
1540589424044279552,-0.28507,9.27083,-0.28304,0.59411,-0.80402,-0.00968,-0.02225,0.01455,0.71933,-0.01039,
1540589424145276672,-0.28114,9.34031,-0.28355,0.59242,-0.80476,-0.02003,-0.03166,0.07177,0.70448,0.02247,
1540589424246482176,-0.27063,9.41265,-0.28336,0.59188,-0.80511,-0.01390,-0.03584,0.09257,0.68968,-0.02558,
1540589424314119936,-0.26482,9.45634,-0.28653,0.59198,-0.80455,-0.02326,-0.04145,0.09038,0.66164,-0.05217,
1540589424414242304,-0.25783,9.51114,-0.28950,0.59097,-0.80450,-0.03387,-0.04889,0.05695,0.64408,-0.00074,
1540589424515184384,-0.25270,9.57740,-0.29172,0.59030,-0.80483,-0.03117,-0.05312,0.04044,0.68221,-0.03551,
1540589424615653632,-0.24989,9.65019,-0.29432,0.59145,-0.80430,-0.02025,-0.05362,0.01244,0.73045,-0.02938,
1540589424717155584,-0.25332,9.72897,-0.30010,0.59351,-0.80278,-0.01855,-0.05419,-0.04007,0.76860,-0.07455,
1540589424817288960,-0.25943,9.80023,-0.30834,0.59444,-0.80190,-0.02616,-0.05396,-0.06195,0.78759,-0.05021,
1540589424884694528,-0.26518,9.85279,-0.30717,0.59277,-0.80273,-0.03612,-0.05418,-0.11332,0.76855,0.10482,
1540589424985662464,-0.28003,9.92919,-0.29454,0.58827,-0.80566,-0.04532,-0.05294,-0.16341,0.73406,0.09958,
1540589425085939712,-0.30005,9.99508,-0.29415,0.58740,-0.80721,-0.03710,-0.04472,-0.14254,0.65358,-0.02448,
1540589425186656256,-0.31424,10.05397,-0.29476,0.58772,-0.80744,-0.03656,-0.03596,-0.14505,0.58832,0.01199,
1540589425287636224,-0.32698,10.11185,-0.29450,0.58831,-0.80778,-0.02823,-0.02422,-0.10466,0.60855,-0.02091,
1540589425388738560,-0.33899,10.16995,-0.30178,0.58970,-0.80706,-0.02645,-0.01442,-0.05352,0.69250,-0.06786,
1540589425455531264,-0.34265,10.22258,-0.30646,0.59186,-0.80535,-0.03170,-0.01027,-0.08006,0.74917,-0.07448,
1540589425558931456,-0.34253,10.31195,-0.31454,0.59509,-0.80315,-0.02847,-0.00343,0.03588,0.83092,-0.03559,
1540589425660847104,-0.33324,10.39593,-0.31189,0.59475,-0.80381,-0.01153,0.00457,0.08037,0.77320,0.06327,
1540589425757601536,-0.32309,10.46564,-0.30208,0.59202,-0.80575,-0.01576,0.00430,0.12043,0.73723,0.07734,
1540589425863651328,-0.30750,10.54115,-0.30071,0.59031,-0.80708,-0.01202,0.00352,0.09940,0.65898,-0.02671,
1540589425941721600,-0.29963,10.58587,-0.30240,0.59014,-0.80697,-0.02301,-0.00285,0.08059,0.59325,-0.00818,
1540589426042792448,-0.29128,10.64069,-0.30255,0.59016,-0.80692,-0.02249,-0.00888,0.08669,0.54508,-0.02506,
1540589426142033408,-0.28378,10.69288,-0.30636,0.59157,-0.80587,-0.02048,-0.01411,0.07676,0.58070,-0.05804,
1540589426242373632,-0.27076,10.73308,-0.31221,0.59396,-0.80416,-0.01433,-0.01819,0.05446,0.60284,-0.05109,
1540589426309096192,-0.26919,10.77638,-0.31573,0.59455,-0.80357,-0.01646,-0.02274,0.01753,0.62373,-0.05031,
1540589426409012736,-0.26803,10.84230,-0.32224,0.59497,-0.80268,-0.02621,-0.03214,-0.01183,0.68514,-0.05504,
1540589426509365504,-0.27051,10.91728,-0.32391,0.59453,-0.80266,-0.02817,-0.03851,-0.02847,0.72135,0.01992,
1540589426610162432,-0.27607,10.99121,-0.31928,0.59097,-0.80462,-0.03787,-0.04374,-0.06394,0.68954,0.04781,
1540589426710104832,-0.28321,11.05292,-0.31713,0.58824,-0.80568,-0.05101,-0.04744,-0.08847,0.66406,0.02531,
1540589426809526016,-0.29076,11.11829,-0.31517,0.58824,-0.80712,-0.02977,-0.04061,-0.07482,0.60075,0.01306,
1540589426909433856,-0.30112,11.17605,-0.31249,0.58783,-0.80735,-0.03425,-0.03819,-0.10241,0.54812,0.00057,
1540589426976980736,-0.30765,11.21425,-0.31387,0.58817,-0.80690,-0.04077,-0.03609,-0.08653,0.55648,-0.03292,
1540589427075583232,-0.31140,11.26212,-0.32031,0.59027,-0.80586,-0.03773,-0.02727,-0.03954,0.59608,-0.04117,
1540589427176441344,-0.31500,11.32601,-0.32538,0.59349,-0.80384,-0.03653,-0.01680,-0.01983,0.67132,-0.06925,
1540589427276791296,-0.31348,11.39941,-0.33460,0.59662,-0.80165,-0.03669,-0.00763,0.02757,0.74859,-0.08723,
1540589427377043200,-0.30415,11.47297,-0.33380,0.59698,-0.80169,-0.02993,0.00051,0.05162,0.81170,0.06219,
1540589427477511168,-0.29880,11.55322,-0.32391,0.59364,-0.80431,-0.02606,0.00057,0.01786,0.75972,0.09599,
1540589427576691968,-0.29708,11.62210,-0.32097,0.59222,-0.80480,-0.03886,-0.00769,0.04612,0.65705,-0.04875,
1540589427642850560,-0.28497,11.64930,-0.32484,0.59296,-0.80379,-0.04575,-0.01513,0.08324,0.61537,-0.06501,
1540589427742769664,-0.27701,11.70674,-0.32681,0.59307,-0.80330,-0.04937,-0.02313,0.08892,0.58905,0.03013,
1540589427843357696,-0.26709,11.76475,-0.32598,0.59376,-0.80383,-0.02715,-0.02398,0.09941,0.56691,-0.02543,
1540589427944331264,-0.25586,11.80522,-0.33001,0.59485,-0.80320,-0.02036,-0.02489,0.04393,0.57708,-0.02509,
1540589428044398848,-0.25406,11.87115,-0.33609,0.59726,-0.80154,-0.01714,-0.02297,0.01851,0.62120,-0.08021,
1540589428144987392,-0.25704,11.93687,-0.34582,0.59812,-0.80053,-0.03018,-0.02206,-0.05302,0.66773,-0.03459,
1540589428215226112,-0.26180,11.98223,-0.34212,0.59692,-0.80157,-0.02894,-0.01835,-0.09258,0.67052,0.13367,
1540589428312174592,-0.27238,12.04574,-0.32887,0.59262,-0.80514,-0.01973,-0.01298,-0.14687,0.65672,0.08558,
1540589428413824512,-0.29088,12.11013,-0.33077,0.59079,-0.80645,-0.02152,-0.01190,-0.18215,0.65337,-0.00579,
1540589428513943552,-0.30461,12.17135,-0.33208,0.58973,-0.80750,-0.00819,-0.00915,-0.12956,0.60676,0.01606,
1540589428615535872,-0.31455,12.23066,-0.33164,0.58997,-0.80738,-0.00304,-0.00849,-0.07897,0.59036,-0.01667,
1540589428714926592,-0.32134,12.28833,-0.34267,0.59182,-0.80588,-0.01197,-0.01258,-0.03665,0.61332,-0.10954,
1540589428816253696,-0.32012,12.35676,-0.35436,0.59562,-0.80275,-0.02265,-0.01806,0.02755,0.69238,-0.09791,
1540589428883093760,-0.31564,12.40794,-0.35909,0.59797,-0.80120,-0.01400,-0.01796,0.07260,0.72417,-0.05907,
1540589428983478784,-0.30601,12.48138,-0.36479,0.59895,-0.80058,-0.00271,-0.01824,0.12517,0.75369,0.00901,
1540589429084982784,-0.29479,12.55296,-0.36133,0.59673,-0.80209,-0.00486,-0.02338,0.09598,0.68969,0.04840,
1540589429185756416,-0.28469,12.61578,-0.35818,0.59362,-0.80376,-0.02323,-0.03215,0.11974,0.64885,0.03519,
1540589429286143744,-0.27448,12.67856,-0.35737,0.59294,-0.80408,-0.02613,-0.03464,0.09191,0.54872,-0.02933,
1540589429386786816,-0.26913,12.73541,-0.35896,0.59220,-0.80428,-0.03541,-0.03425,0.07427,0.51973,-0.01640,
1540589429454309632,-0.26606,12.77985,-0.36501,0.59317,-0.80406,-0.02874,-0.02841,0.06274,0.56516,-0.06480,
1540589429554983680,-0.26350,12.83993,-0.36977,0.59608,-0.80214,-0.02934,-0.01993,0.00449,0.60337,-0.01645,
1540589429655634176,-0.26493,12.90218,-0.36955,0.59773,-0.80160,-0.01093,-0.00632,-0.05004,0.64950,-0.00815,
1540589429756611584,-0.27870,12.97725,-0.37454,0.59778,-0.80142,-0.01963,-0.00252,-0.15680,0.64659,-0.02888,
1540589429857490176,-0.29471,13.03836,-0.37336,0.59611,-0.80238,-0.02902,-0.00203,-0.17465,0.62467,0.05236,
1540589429958227456,-0.31356,13.09549,-0.36684,0.59355,-0.80372,-0.04142,-0.00372,-0.21420,0.59067,0.04861,
1540589430028547584,-0.33046,13.14420,-0.36548,0.59219,-0.80450,-0.04524,-0.00604,-0.17306,0.58683,0.01385,
1540589430126030336,-0.34228,13.20199,-0.36323,0.59118,-0.80602,-0.02878,-0.00372,-0.09492,0.50664,0.03440,
1540589430226882048,-0.35045,13.25485,-0.35897,0.58974,-0.80738,-0.01768,-0.00526,-0.06483,0.46326,0.00256,
1540589430331301376,-0.35672,13.30563,-0.36204,0.58995,-0.80717,-0.01600,-0.01367,-0.05263,0.44878,-0.06578,
1540589430412079360,-0.35952,13.35041,-0.36849,0.59094,-0.80624,-0.01615,-0.02269,-0.02176,0.47188,-0.06389,
1540589430511705088,-0.35867,13.39794,-0.37509,0.59282,-0.80470,-0.00382,-0.03181,0.04640,0.52749,-0.06237,
1540589430646450944,-0.34997,13.47306,-0.38011,0.59409,-0.80318,0.01752,-0.04068,0.08041,0.57222,-0.01058,
1540589430713410304,-0.34232,13.52134,-0.37987,0.59404,-0.80300,0.01625,-0.04521,0.10029,0.57816,-0.01073,
1540589430813893632,-0.33281,13.59026,-0.38416,0.59218,-0.80402,-0.00617,-0.05327,0.10619,0.56595,-0.00745,
1540589430911656448,-0.32297,13.64758,-0.38254,0.59207,-0.80432,-0.00631,-0.04979,0.11477,0.57727,0.00194,
1540589430978089728,-0.31817,13.68896,-0.38294,0.59255,-0.80427,-0.00624,-0.04477,0.05443,0.56437,-0.01210,
1540589431078246912,-0.31463,13.74702,-0.38714,0.59234,-0.80434,-0.02359,-0.04021,0.01132,0.52339,-0.00559,
1540589431178527232,-0.31761,13.82052,-0.38813,0.59294,-0.80421,-0.02751,-0.03013,-0.01952,0.51466,-0.00739,
1540589431278442496,-0.32158,13.87149,-0.39019,0.59469,-0.80325,-0.02880,-0.01764,-0.03889,0.52281,-0.03606,
1540589431378345216,-0.33140,13.94661,-0.39830,0.59621,-0.80235,-0.02728,-0.00406,-0.10006,0.55498,-0.05331,
1540589431478757376,-0.34469,14.00292,-0.40332,0.59741,-0.80107,-0.03717,0.00327,-0.17630,0.59972,-0.03361,
1540589431578192896,-0.35933,14.07913,-0.40468,0.59720,-0.80129,-0.03460,0.00995,-0.17870,0.67033,0.02094,
1540589431645678592,-0.37019,14.12699,-0.40029,0.59562,-0.80247,-0.03341,0.01258,-0.17017,0.68165,0.09512,
1540589431745708800,-0.38672,14.21577,-0.39121,0.59130,-0.80540,-0.03948,0.01193,-0.17704,0.64747,0.08434,
1540589431846158848,-0.40134,14.28373,-0.38746,0.58972,-0.80658,-0.03963,0.00925,-0.10549,0.65864,0.00639,
1540589431945626880,-0.40774,14.34518,-0.38799,0.58882,-0.80804,-0.01592,0.01006,-0.05408,0.54925,0.01028,
1540589432046761728,-0.41171,14.39890,-0.38685,0.58823,-0.80854,-0.01555,0.00203,-0.00723,0.52442,-0.00871,
1540589432145495808,-0.40696,14.47370,-0.39237,0.58921,-0.80795,-0.00500,-0.00460,0.02609,0.55704,-0.09094,
1540589432213461760,-0.40450,14.51104,-0.39919,0.59063,-0.80682,-0.00814,-0.01159,0.04970,0.59761,-0.10029,
1540589432312682496,-0.39839,14.59243,-0.40867,0.59404,-0.80409,-0.01007,-0.02105,0.07008,0.66925,-0.09099,
1540589432412687360,-0.39115,14.65958,-0.41748,0.59621,-0.80205,-0.01802,-0.03043,0.10638,0.74022,-0.05374,
1540589432516123136,-0.37932,14.73727,-0.42045,0.59698,-0.80161,-0.00978,-0.03075,0.12429,0.73114,0.01139,
1540589432615109632,-0.37007,14.82298,-0.41554,0.59373,-0.80376,-0.02214,-0.03090,0.09431,0.69784,0.09437,
1540589432717270016,-0.36235,14.89476,-0.41004,0.59218,-0.80553,-0.00756,-0.01978,0.05279,0.65411,-0.00791,
1540589432813688064,-0.36106,14.95793,-0.41185,0.59136,-0.80590,-0.02412,-0.01530,0.00473,0.61531,0.00908,
1540589432882157056,-0.36171,15.00070,-0.40959,0.59139,-0.80620,-0.01631,-0.00638,-0.01384,0.64157,0.02679,
1540589432982370560,-0.36771,15.08372,-0.41176,0.59126,-0.80642,-0.00921,0.00448,-0.07365,0.64791,-0.03711,
1540589433083084544,-0.37366,15.15133,-0.41564,0.59218,-0.80567,-0.00419,0.01411,-0.05455,0.69396,-0.02980,
1540589433184061184,-0.38043,15.22119,-0.42027,0.59328,-0.80472,-0.00886,0.01900,-0.08362,0.71144,-0.06032,
1540589433284112128,-0.38816,15.30496,-0.42634,0.59436,-0.80365,-0.02629,0.01369,-0.11955,0.71974,-0.04418,
1540589433385194240,-0.40076,15.37434,-0.42346,0.59128,-0.80564,-0.03656,0.00216,-0.13006,0.68031,0.09251,
1540589433452582400,-0.40882,15.42104,-0.41762,0.58919,-0.80723,-0.03457,-0.00609,-0.12168,0.67772,0.05705,
1540589433555020032,-0.41638,15.51076,-0.42073,0.58808,-0.80788,-0.03300,-0.02031,-0.04982,0.67053,-0.05568,
1540589433653999104,-0.41756,15.57528,-0.42220,0.58731,-0.80877,-0.01456,-0.02739,0.00856,0.59909,0.03500,
1540589433755068416,-0.41306,15.65292,-0.42135,0.58654,-0.80925,0.00605,-0.03242,0.04804,0.57284,-0.02730,
1540589433854952960,-0.41103,15.70975,-0.42788,0.58769,-0.80808,0.00624,-0.03989,0.03387,0.58099,-0.10204,
1540589433956399104,-0.40551,15.78553,-0.43974,0.59009,-0.80613,0.00145,-0.04423,0.07550,0.68297,-0.10495,
1540589434024289536,-0.40069,15.83546,-0.44603,0.59254,-0.80444,0.00458,-0.04188,0.07956,0.75551,-0.08646,
1540589434124787968,-0.39237,15.91609,-0.45208,0.59566,-0.80244,0.01462,-0.03257,0.08319,0.81756,-0.02194,
1540589434225088256,-0.38706,16.00860,-0.45278,0.59472,-0.80347,0.01415,-0.02322,0.06121,0.80994,0.05738,
1540589434326331904,-0.38388,16.08857,-0.44597,0.59263,-0.80530,0.00951,-0.01404,0.02578,0.75417,0.02008,
1540589434426908672,-0.38267,16.16078,-0.44916,0.59241,-0.80559,-0.00511,-0.00694,0.01632,0.68332,-0.08043,
1540589434527492096,-0.38402,16.23791,-0.45518,0.59234,-0.80541,-0.02131,-0.00199,-0.00261,0.64059,0.01176,
1540589434595278336,-0.38487,16.27918,-0.45350,0.59228,-0.80555,-0.01684,0.00414,-0.03110,0.62584,0.00484,
1540589434695482880,-0.38960,16.35313,-0.45881,0.59255,-0.80515,-0.02439,0.00456,-0.05076,0.62886,-0.05487,
1540589434796555776,-0.39237,16.41794,-0.46394,0.59343,-0.80461,-0.02079,0.00374,-0.04496,0.65690,-0.02470,
1540589434901164032,-0.39577,16.48852,-0.46707,0.59405,-0.80423,-0.01788,-0.00129,-0.05293,0.70721,-0.03128,
1540589435016657408,-0.40027,16.57237,-0.47023,0.59414,-0.80411,-0.01762,-0.00995,-0.03564,0.74354,-0.01263,
1540589435115262720,-0.39777,16.65558,-0.46855,0.59135,-0.80579,-0.02403,-0.02068,-0.02800,0.73685,0.04727,
1540589435183603712,-0.40004,16.70647,-0.46532,0.58812,-0.80775,-0.02818,-0.02933,-0.06118,0.72842,0.04074,
1540589435281501952,-0.40506,16.77822,-0.46254,0.58684,-0.80885,-0.00890,-0.03601,-0.01704,0.70559,-0.00069,
1540589435381516288,-0.40296,16.85744,-0.46627,0.58586,-0.80930,0.01548,-0.03966,-0.03862,0.57376,-0.01293,
1540589435481001984,-0.40630,16.91528,-0.46710,0.58473,-0.80986,0.00521,-0.04682,0.00487,0.59507,-0.04227,
1540589435547649024,-0.40641,16.96551,-0.46928,0.58602,-0.80896,0.01385,-0.04446,0.01449,0.62628,-0.07016,
1540589435647598080,-0.40734,17.02889,-0.47814,0.58890,-0.80709,0.01164,-0.04091,-0.01893,0.67786,-0.10308,
1540589435748051456,-0.41161,17.10126,-0.48938,0.59218,-0.80497,0.00412,-0.03652,-0.04626,0.77585,-0.08887,
1540589435848073728,-0.41437,17.18220,-0.49645,0.59524,-0.80307,0.01374,-0.02407,0.00153,0.83747,-0.02696,
1540589435948730368,-0.41435,17.27766,-0.49723,0.59499,-0.80356,0.01201,-0.01103,0.03045,0.81214,0.04987,
1540589436048315392,-0.41279,17.35342,-0.49323,0.59263,-0.80541,-0.01022,-0.00114,0.02856,0.74560,0.00413,
1540589436148250112,-0.40905,17.43861,-0.49698,0.59180,-0.80582,-0.01811,0.01004,0.02658,0.72931,-0.03329,
1540589436214400000,-0.40527,17.48254,-0.50036,0.59187,-0.80535,-0.03128,0.01109,-0.02337,0.66043,-0.00597,
1540589436315161344,-0.40711,17.54741,-0.49993,0.59119,-0.80561,-0.03582,0.01443,-0.00400,0.62451,-0.01241,
1540589436415443712,-0.40285,17.61405,-0.50498,0.59216,-0.80491,-0.03486,0.01599,0.02271,0.58286,-0.06105,
1540589436515160576,-0.40040,17.66730,-0.50900,0.59308,-0.80433,-0.03232,0.01645,0.02630,0.54374,-0.02497,
1540589436614976000,-0.40019,17.71670,-0.51234,0.59362,-0.80391,-0.03441,0.01285,-0.02785,0.52372,-0.05489,
1540589436715373312,-0.40377,17.76908,-0.51949,0.59459,-0.80257,-0.04834,0.00370,-0.04979,0.57146,-0.06364,
1540589436815601152,-0.40575,17.83067,-0.52452,0.59506,-0.80208,-0.05054,-0.00403,-0.07505,0.61206,0.00313,
1540589436884874496,-0.41174,17.87403,-0.52301,0.59296,-0.80359,-0.05027,-0.01030,-0.08752,0.59342,0.04523,
1540589436983717888,-0.42226,17.93264,-0.52107,0.59135,-0.80447,-0.05264,-0.01883,-0.08145,0.56873,-0.01712,
1540589437083820032,-0.43307,17.98224,-0.52515,0.59132,-0.80395,-0.05752,-0.02633,-0.08664,0.49831,-0.04150,
1540589437183646720,-0.44255,18.01050,-0.52876,0.59176,-0.80393,-0.05237,-0.02769,-0.03844,0.41273,-0.00967,
1540589437284763392,-0.44818,18.04422,-0.52738,0.59118,-0.80434,-0.05323,-0.02665,-0.03427,0.36760,0.00731,
1540589437355396096,-0.45081,18.06355,-0.52759,0.59109,-0.80451,-0.05258,-0.02464,-0.02451,0.33457,-0.02096,
1540589437453644032,-0.45208,18.08743,-0.52983,0.59148,-0.80425,-0.05344,-0.02174,0.00742,0.28639,-0.01701,
1540589437552103168,-0.45051,18.10434,-0.52911,0.59112,-0.80481,-0.04994,-0.01910,0.01625,0.22847,0.00643,
1540589437653327360,-0.44823,18.11796,-0.53042,0.59142,-0.80495,-0.04412,-0.01821,0.01986,0.19301,-0.04481,
1540589437753423872,-0.44791,18.12831,-0.53510,0.59191,-0.80428,-0.04873,-0.02012,-0.00477,0.17270,-0.03061,
1540589437854182656,-0.44809,18.13856,-0.53508,0.59165,-0.80466,-0.04560,-0.01991,0.00453,0.19328,0.02078,
1540589437954495232,-0.44780,18.14811,-0.53311,0.59139,-0.80527,-0.03815,-0.01857,0.00228,0.19349,0.00446,
1540589438021868288,-0.44885,18.15115,-0.53212,0.59047,-0.80590,-0.03883,-0.01927,-0.00688,0.12032,0.00963,
1540589438124989184,-0.45252,18.08021,-0.52818,0.58972,-0.80648,-0.03778,-0.01978,0.01119,0.08376,0.01634,
1540589438223042560,-0.45254,18.08515,-0.52636,0.58918,-0.80712,-0.03317,-0.01796,0.01235,0.07146,0.00163,
1540589438324708608,-0.45100,18.07313,-0.52587,0.58867,-0.80717,-0.03966,-0.01918,0.02473,0.05487,-0.00586,
1540589438425548032,-0.44839,18.06056,-0.52549,0.58849,-0.80752,-0.03550,-0.01815,0.02189,0.04983,-0.00126,
1540589438525760768,-0.44783,18.05228,-0.52550,0.58869,-0.80741,-0.03497,-0.01765,0.00504,0.03167,-0.01649,
1540589438593487104,-0.44783,18.03899,-0.52575,0.58873,-0.80726,-0.03739,-0.01815,0.01055,0.02621,-0.01507,
1540589438693649408,-0.44675,18.03033,-0.52596,0.58878,-0.80728,-0.03624,-0.01788,0.01178,0.02935,-0.00447,
1540589438796964352,-0.44614,18.02430,-0.52554,0.58876,-0.80736,-0.03511,-0.01728,0.01284,0.02414,-0.00599,
1540589438895343616,-0.44544,18.01714,-0.52530,0.58879,-0.80725,-0.03698,-0.01753,0.01533,0.01335,-0.01418,
1540589438996096000,-0.44504,18.00849,-0.52475,0.58883,-0.80715,-0.03849,-0.01757,0.01584,0.01432,-0.00482,
1540589439097736960,-0.44426,18.00411,-0.52374,0.58866,-0.80735,-0.03719,-0.01690,0.01736,0.01956,0.00704,
1540589439165112320,-0.44341,18.00307,-0.52289,0.58857,-0.80759,-0.03365,-0.01587,0.02196,0.02004,0.00851,
1540589439266571264,-0.44264,18.00322,-0.52196,0.58846,-0.80789,-0.02875,-0.01421,0.01377,0.01003,-0.00177,
1540589439366001408,-0.44269,17.99926,-0.52084,0.58850,-0.80787,-0.02877,-0.01383,0.01548,0.00485,-0.00401,
1540589439504015872,-0.44173,17.99496,-0.52018,0.58853,-0.80783,-0.02940,-0.01343,0.01910,0.00256,-0.00193,
1540589439553355264,-0.44196,17.99268,-0.51913,0.58845,-0.80793,-0.02836,-0.01300,0.02076,0.00490,0.00328,
1540589439650667008,-0.44062,17.99226,-0.51830,0.58845,-0.80806,-0.02515,-0.01165,0.01850,0.00208,0.00065,
1540589439750430720,-0.43943,17.99126,-0.51779,0.58853,-0.80809,-0.02269,-0.01049,0.01696,-0.00212,-0.00259,
1540589439851206912,-0.43830,17.99016,-0.51713,0.58862,-0.80808,-0.02081,-0.00952,0.01694,-0.00388,-0.00147,
1540589439951086848,-0.43696,17.98924,-0.51648,0.58873,-0.80805,-0.01950,-0.00859,0.01769,-0.00690,-0.00237,
1540589440050423808,-0.43596,17.98863,-0.51617,0.58883,-0.80801,-0.01851,-0.00779,0.00867,-0.00798,-0.00256,
1540589440117508864,-0.43593,17.98803,-0.51603,0.58886,-0.80797,-0.01913,-0.00775,0.00289,-0.00843,-0.00115,
1540589440217623552,-0.43626,17.98673,-0.51595,0.58900,-0.80786,-0.01949,-0.00772,-0.00578,-0.01288,-0.00521,
1540589440318224384,-0.43697,17.98529,-0.51657,0.58914,-0.80770,-0.02145,-0.00814,-0.00308,-0.01468,-0.00586,
1540589440417662208,-0.43698,17.98457,-0.51702,0.58935,-0.80756,-0.02127,-0.00813,0.00031,-0.01277,-0.00188,
1540589440517610752,-0.43675,17.98426,-0.51661,0.58942,-0.80753,-0.02060,-0.00782,0.00104,-0.00961,0.00484,
1540589440617629696,-0.43658,17.98398,-0.51599,0.58944,-0.80756,-0.01864,-0.00735,-0.00174,-0.01378,0.00179,
1540589440718067200,-0.43605,17.98394,-0.51566,0.58942,-0.80758,-0.01883,-0.00729,0.00624,-0.01069,0.00617,
1540589440784419328,-0.43517,17.98438,-0.51517,0.58939,-0.80763,-0.01754,-0.00680,0.00483,-0.01207,0.00553,
1540589440884505088,-0.43508,17.98434,-0.51516,0.58940,-0.80760,-0.01826,-0.00685,-0.00507,-0.01697,0.00036,
1540589440984764928,-0.43575,17.98435,-0.51535,0.58947,-0.80756,-0.01820,-0.00697,-0.01200,-0.01700,0.00075,
1540589441084682240,-0.43636,17.98498,-0.51546,0.58945,-0.80758,-0.01784,-0.00706,-0.00728,-0.01564,0.00314,
1540589441184869632,-0.43633,17.98574,-0.51533,0.58942,-0.80760,-0.01765,-0.00702,-0.00238,-0.01507,0.00331,
1540589441285310720,-0.43591,17.98587,-0.51522,0.58941,-0.80762,-0.01730,-0.00687,-0.00061,-0.01873,0.00016,
1540589441384568832,-0.43551,17.98606,-0.51530,0.58943,-0.80760,-0.01747,-0.00680,-0.00070,-0.01938,0.00055,
1540589441451176704,-0.43551,17.98680,-0.51505,0.58942,-0.80761,-0.01724,-0.00683,-0.00315,-0.01611,0.00617,
1540589441553501440,-0.43541,17.98721,-0.51431,0.58937,-0.80768,-0.01572,-0.00634,0.00031,-0.01603,0.00765,
1540589441656080896,-0.43546,17.98723,-0.51432,0.58935,-0.80770,-0.01579,-0.00633,-0.01082,-0.02568,-0.00244,
1540589441753033984,-0.43616,17.98763,-0.51471,0.58934,-0.80768,-0.01657,-0.00665,-0.01241,-0.02132,0.00344,
1540589441853237504,-0.43679,17.98842,-0.51447,0.58932,-0.80772,-0.01594,-0.00663,-0.01115,-0.02108,0.00435,
1540589441957065984,-0.43728,17.98909,-0.51470,0.58924,-0.80775,-0.01695,-0.00691,-0.00829,-0.02556,0.00041,
1540589442024295168,-0.43704,17.99015,-0.51494,0.58923,-0.80775,-0.01700,-0.00697,-0.00437,-0.02464,0.00222,
1540589442121745408,-0.43699,17.99044,-0.51477,0.58918,-0.80779,-0.01698,-0.00693,-0.00492,-0.02403,0.00442,
1540589442221646080,-0.43681,17.99126,-0.51446,0.58912,-0.80785,-0.01647,-0.00675,-0.00612,-0.02481,0.00460,
1540589442321987072,-0.43684,17.99237,-0.51466,0.58902,-0.80791,-0.01702,-0.00683,-0.00917,-0.02683,0.00311,
1540589442423531520,-0.43682,17.99338,-0.51444,0.58896,-0.80796,-0.01649,-0.00674,-0.00684,-0.02628,0.00465,
1540589442524705792,-0.43690,17.99411,-0.51432,0.58893,-0.80798,-0.01667,-0.00677,-0.01086,-0.02776,0.00340,
1540589442625565184,-0.43738,17.99442,-0.51479,0.58912,-0.80785,-0.01614,-0.00682,-0.01738,-0.03384,-0.00275,
1540589442692883456,-0.43926,17.99562,-0.51523,0.58864,-0.80812,-0.01967,-0.00813,-0.03396,-0.02741,0.00632,
1540589442793080064,-0.43947,17.99897,-0.51353,0.58847,-0.80835,-0.01444,-0.00734,-0.00466,-0.01427,0.02091,
1540589442895615488,-0.44038,17.99943,-0.51374,0.58836,-0.80845,-0.01383,-0.00743,-0.02632,-0.03923,-0.00706,
1540589442994179840,-0.44140,17.99924,-0.51500,0.58867,-0.80816,-0.01664,-0.00832,-0.00392,-0.04036,-0.00599,
1540589443096547328,-0.44103,17.99803,-0.51617,0.58901,-0.80789,-0.01756,-0.00863,-0.00936,-0.04493,-0.00822,
1540589443196612864,-0.44161,17.99815,-0.51721,0.58918,-0.80760,-0.02333,-0.00999,-0.00911,-0.03748,0.00048,
1540589443263000064,-0.44109,17.99894,-0.51782,0.58940,-0.80742,-0.02397,-0.01012,-0.01140,-0.03738,0.00035,
1540589443363576064,-0.44210,17.99800,-0.51887,0.58950,-0.80728,-0.02600,-0.01090,-0.01948,-0.04272,-0.00383,
1540589443466027008,-0.44327,17.99850,-0.51969,0.58958,-0.80715,-0.02761,-0.01149,-0.01740,-0.03922,0.00150,
1540589443565506304,-0.44299,17.99961,-0.51946,0.58961,-0.80722,-0.02540,-0.01106,-0.00660,-0.03352,0.01048,
1540589443666352384,-0.44250,18.00045,-0.51880,0.58963,-0.80738,-0.01944,-0.00942,-0.00296,-0.04080,0.00326,
1540589443767326208,-0.44216,18.00131,-0.51880,0.58953,-0.80736,-0.02267,-0.00987,-0.00206,-0.03736,0.00816,
1540589443834483968,-0.44098,18.00285,-0.51854,0.58950,-0.80738,-0.02301,-0.00972,-0.00010,-0.03298,0.01405,
1540589443938209792,-0.44068,18.00280,-0.51820,0.58927,-0.80753,-0.02389,-0.00972,-0.00996,-0.04172,0.00425,
1540589444035644160,-0.44088,18.00358,-0.51857,0.58917,-0.80752,-0.02626,-0.01037,-0.01563,-0.04359,0.00276,
1540589444137281280,-0.44157,18.00422,-0.51870,0.58921,-0.80750,-0.02592,-0.01047,-0.02084,-0.04296,0.00415,
1540589444253519872,-0.44275,18.00451,-0.51903,0.58925,-0.80745,-0.02637,-0.01082,-0.01830,-0.04461,0.00492,
1540589444319679744,-0.44266,18.00611,-0.51933,0.58932,-0.80741,-0.02599,-0.01084,-0.01474,-0.04503,0.00466,
1540589444420780544,-0.44309,18.00598,-0.51948,0.58932,-0.80740,-0.02631,-0.01094,-0.01275,-0.04265,0.00915,
1540589444520251904,-0.44311,18.00713,-0.51932,0.58922,-0.80750,-0.02549,-0.01079,-0.01269,-0.04207,0.01157,
1540589444620915712,-0.44334,18.00824,-0.51891,0.58900,-0.80765,-0.02573,-0.01085,-0.01229,-0.04010,0.01562,
1540589444720611584,-0.44331,18.00952,-0.51811,0.58890,-0.80777,-0.02437,-0.01048,-0.01001,-0.04210,0.01324,
1540589444787446272,-0.44312,18.01107,-0.51848,0.58874,-0.80788,-0.02464,-0.01052,-0.01071,-0.05183,0.00099,
1540589444888263424,-0.44339,18.01029,-0.51921,0.58890,-0.80765,-0.02767,-0.01127,-0.01396,-0.05301,0.00107,
1540589444987168000,-0.44352,18.01035,-0.51961,0.58900,-0.80757,-0.02793,-0.01141,-0.01478,-0.04658,0.00900,
1540589445087314176,-0.44391,18.01108,-0.51917,0.58896,-0.80766,-0.02606,-0.01103,-0.01585,-0.04268,0.01491,
1540589445187400704,-0.44388,18.01227,-0.51845,0.58894,-0.80776,-0.02368,-0.01044,-0.00964,-0.04707,0.01099,
1540589445287764480,-0.44322,18.01286,-0.51868,0.58900,-0.80771,-0.02420,-0.01044,-0.00294,-0.05306,0.00569,
1540589445387422720,-0.44221,18.01347,-0.51889,0.58903,-0.80768,-0.02440,-0.01027,-0.00279,-0.04761,0.01206,
1540589445453608704,-0.44146,18.01519,-0.51877,0.58906,-0.80768,-0.02384,-0.00992,-0.00574,-0.04713,0.01314,
1540589445554451200,-0.44132,18.01485,-0.51852,0.58909,-0.80767,-0.02319,-0.00958,-0.01305,-0.05343,0.00798,
1540589445654453504,-0.44170,18.01533,-0.51901,0.58918,-0.80761,-0.02321,-0.00964,-0.01529,-0.05604,0.00716,
1540589445754268416,-0.44185,18.01577,-0.51936,0.58926,-0.80754,-0.02362,-0.00977,-0.01000,-0.05332,0.01029,
1540589445857211392,-0.44179,18.01576,-0.51966,0.58931,-0.80749,-0.02396,-0.00976,-0.01145,-0.05614,0.00801,
1540589445954032640,-0.44190,18.01625,-0.52010,0.58937,-0.80744,-0.02408,-0.00973,-0.01267,-0.05682,0.00891,
1540589446022136832,-0.44188,18.01772,-0.52054,0.58939,-0.80742,-0.02437,-0.00983,-0.01291,-0.05594,0.01019,
1540589446124732416,-0.44222,18.01735,-0.52063,0.58934,-0.80744,-0.02480,-0.00995,-0.01369,-0.05494,0.01148,
1540589446223518976,-0.44249,18.01803,-0.52028,0.58927,-0.80750,-0.02451,-0.00993,-0.01549,-0.05347,0.01496,
1540589446322370816,-0.44275,18.01872,-0.51983,0.58922,-0.80756,-0.02393,-0.00981,-0.01375,-0.05589,0.01266,
1540589446422363392,-0.44278,18.01949,-0.52040,0.58927,-0.80750,-0.02479,-0.00991,-0.01139,-0.06067,0.00699,
1540589446523100416,-0.44243,18.01994,-0.52070,0.58932,-0.80745,-0.02518,-0.00986,-0.00787,-0.05536,0.01578,
1540589446623187200,-0.44180,18.02065,-0.52045,0.58931,-0.80749,-0.02416,-0.00950,-0.00873,-0.05795,0.01348,
1540589446691457024,-0.44133,18.02250,-0.52056,0.58911,-0.80763,-0.02453,-0.00952,-0.01203,-0.05897,0.01216,
1540589446791460096,-0.44133,18.02252,-0.51979,0.58909,-0.80768,-0.02320,-0.00917,-0.01268,-0.05653,0.01594,
1540589446891590912,-0.44168,18.02344,-0.51997,0.58911,-0.80769,-0.02248,-0.00898,-0.01663,-0.06245,0.00972,
1540589446994423552,-0.44211,18.02401,-0.52044,0.58915,-0.80766,-0.02246,-0.00907,-0.01756,-0.06182,0.01193,
1540589447093281536,-0.44263,18.02461,-0.52069,0.58916,-0.80766,-0.02211,-0.00908,-0.01968,-0.06164,0.01275,
1540589447195384576,-0.44313,18.02511,-0.52058,0.58913,-0.80771,-0.02132,-0.00898,-0.01835,-0.06195,0.01366,
1540589447262179072,-0.44301,18.02716,-0.52081,0.58905,-0.80776,-0.02140,-0.00913,-0.01635,-0.06511,0.01041,
1540589447362027008,-0.44319,18.02665,-0.52092,0.58903,-0.80775,-0.02221,-0.00929,-0.01524,-0.06610,0.01033,
1540589447463213568,-0.44312,18.02728,-0.52118,0.58908,-0.80773,-0.02185,-0.00928,-0.01777,-0.06634,0.01001,
1540589447564507136,-0.44363,18.02786,-0.52120,0.58908,-0.80772,-0.02181,-0.00943,-0.01965,-0.06439,0.01431,
1540589447664736512,-0.44418,18.02863,-0.52109,0.58904,-0.80778,-0.02109,-0.00947,-0.02105,-0.06488,0.01485,
1540589447765254656,-0.44459,18.02972,-0.52119,0.58895,-0.80785,-0.02036,-0.00948,-0.01965,-0.06601,0.01343,
1540589447834104576,-0.44463,18.03180,-0.52130,0.58896,-0.80786,-0.02010,-0.00954,-0.01715,-0.06581,0.01425,
1540589447934462720,-0.44519,18.03126,-0.52128,0.58888,-0.80791,-0.02025,-0.00969,-0.01842,-0.06643,0.01418,
1540589448034348032,-0.44536,18.03237,-0.52117,0.58895,-0.80789,-0.01894,-0.00948,-0.02078,-0.06734,0.01522,
1540589448136214016,-0.44798,18.08924,-0.51815,0.58702,-0.80926,-0.01994,-0.01038,-0.00784,-0.00033,-0.00157,
1540589448237063936,-0.44939,18.08841,-0.51859,0.58710,-0.80921,-0.01944,-0.01066,-0.00924,0.00463,-0.00217,
1540589448337184000,-0.45003,18.08826,-0.51883,0.58712,-0.80919,-0.01952,-0.01086,-0.01053,0.00165,-0.00240,
1540589448403470336,-0.44970,18.08847,-0.51832,0.58706,-0.80923,-0.01960,-0.01086,-0.00561,0.00295,0.00673,
1540589448506245632,-0.44937,18.08860,-0.51841,0.58703,-0.80925,-0.01988,-0.01090,-0.00123,0.00397,-0.00136,
1540589448641384704,-0.44912,18.08903,-0.51827,0.58692,-0.80931,-0.02031,-0.01095,-0.00416,0.00197,-0.00187,
1540589448740585216,-0.44929,18.08875,-0.51823,0.58692,-0.80930,-0.02088,-0.01119,-0.00422,-0.00191,-0.00093,
1540589448824102400,-0.44952,18.08886,-0.51835,0.58687,-0.80932,-0.02106,-0.01134,-0.00308,0.00435,-0.00241,
1540589448889256192,-0.44957,18.08870,-0.51809,0.58690,-0.80932,-0.02073,-0.01127,-0.00193,-0.00215,-0.00172,
1540589448989910016,-0.45000,18.08919,-0.51784,0.58679,-0.80939,-0.02076,-0.01137,-0.00283,0.00626,-0.00001,
1540589449089133824,-0.45070,18.08945,-0.51772,0.58677,-0.80942,-0.02018,-0.01149,-0.00816,0.00286,-0.00022,
1540589449190282752,-0.45128,18.08911,-0.51805,0.58681,-0.80937,-0.02058,-0.01178,-0.00419,-0.00166,-0.00289,
1540589449289312000,-0.45132,18.08884,-0.51842,0.58687,-0.80932,-0.02111,-0.01197,-0.00207,0.00074,-0.00191,
1540589449356504064,-0.45112,18.08857,-0.51859,0.58695,-0.80926,-0.02124,-0.01193,-0.00464,-0.00301,-0.00432,
1540589449456839936,-0.45113,18.08871,-0.51879,0.58697,-0.80924,-0.02136,-0.01200,-0.00215,0.00273,-0.00148,
1540589449567560960,-0.45063,18.08870,-0.51818,0.58692,-0.80929,-0.02109,-0.01181,-0.00032,0.00309,0.00457,
1540589449656173056,-0.45025,18.08866,-0.51801,0.58688,-0.80931,-0.02108,-0.01170,-0.00125,0.00123,-0.00113,
1540589449758038528,-0.44997,18.08882,-0.51813,0.58685,-0.80932,-0.02177,-0.01188,0.00227,0.00477,0.00190,
1540589449852452096,-0.44936,18.08919,-0.51768,0.58676,-0.80939,-0.02154,-0.01170,0.00693,0.00558,0.00522,
1540589449933069824,-0.44964,18.08900,-0.51785,0.58674,-0.80943,-0.02085,-0.01150,-0.00359,-0.00195,-0.00507,
1540589450023118336,-0.44982,18.08901,-0.51781,0.58673,-0.80943,-0.02097,-0.01154,0.00448,0.00345,-0.00030,
1540589450123341312,-0.44946,18.08898,-0.51765,0.58675,-0.80944,-0.02012,-0.01125,0.00769,0.00246,-0.00049,
1540589450224425984,-0.44901,18.08868,-0.51785,0.58681,-0.80940,-0.02006,-0.01108,0.00663,-0.00059,-0.00280,
1540589450324562432,-0.44887,18.08854,-0.51803,0.58686,-0.80937,-0.02000,-0.01092,0.00052,0.00071,0.00053,
1540589450425019392,-0.44888,18.08876,-0.51813,0.58686,-0.80938,-0.01957,-0.01076,0.00274,0.00469,0.00218,
1540589450524212736,-0.44879,18.08884,-0.51859,0.58690,-0.80936,-0.01917,-0.01058,0.00140,0.00048,-0.00287,
1540589450623320064,-0.44854,18.08926,-0.51864,0.58689,-0.80937,-0.01927,-0.01049,0.00174,0.00622,0.00596,
1540589450690117376,-0.44794,18.08988,-0.51828,0.58683,-0.80944,-0.01851,-0.01016,0.00571,0.01053,0.00552,
1540589450793057792,-0.44724,18.08976,-0.51834,0.58679,-0.80947,-0.01846,-0.00994,0.00269,-0.00329,-0.00216,
1540589450892730112,-0.44635,18.09019,-0.51790,0.58675,-0.80950,-0.01834,-0.00974,0.00804,0.00545,0.00564,
