1540581062210467584,-0.06695,0.11722,-0.02213,0.60216,-0.78462,0.11080,-0.09746,-0.13743,0.12445,-0.03029,
1540581062309571328,-0.13799,0.23533,-0.03732,0.60609,-0.78104,0.10832,-0.10440,-0.22364,0.20157,-0.02763,
1540581062410003456,-0.21987,0.35324,-0.05238,0.60685,-0.78119,0.10151,-0.10568,-0.31184,0.26377,-0.02576,
1540581062509954304,-0.31771,0.49879,-0.07117,0.60727,-0.78182,0.09598,-0.10379,-0.37596,0.36143,-0.03474,
1540581062576889856,-0.37285,0.58357,-0.08367,0.60880,-0.78132,0.09473,-0.09961,-0.34828,0.40578,-0.07925,
1540581062676041216,-0.34929,0.61698,-0.10700,0.61323,-0.77876,0.10035,-0.08613,-0.24026,0.46974,-0.07467,
1540581062776193536,-0.29756,0.57165,-0.10273,0.61730,-0.77619,0.10318,-0.07638,-0.13828,0.47481,-0.07434,
1540581062876575232,-0.17572,0.41869,-0.06655,0.61919,-0.77577,0.10007,-0.06903,0.04740,0.42268,-0.05756,
1540581062976652800,-0.15507,0.45177,-0.06827,0.62046,-0.77463,0.10127,-0.06873,0.11968,0.41295,0.00560,
1540581063076959744,-0.14807,0.50311,-0.06933,0.61990,-0.77501,0.09980,-0.07159,0.08968,0.35058,0.01454,
1540581063176591360,-0.13446,0.52818,-0.07149,0.61875,-0.77667,0.08836,-0.07826,0.07121,0.28034,-0.04536,
1540581063243811072,-0.12740,0.53636,-0.07348,0.61833,-0.77679,0.08525,-0.08363,0.07276,0.23270,-0.03010,
1540581063343256832,-0.12560,0.55807,-0.07903,0.61921,-0.77508,0.09046,-0.08747,-0.00582,0.21283,-0.07089,
1540581063443393024,-0.12695,0.57205,-0.08340,0.61893,-0.77400,0.09316,-0.09579,-0.08046,0.16195,-0.03080,
1540581063545783808,-0.13093,0.57480,-0.08661,0.61818,-0.77298,0.09791,-0.10378,-0.10493,0.13932,-0.08953,
1540581063645865728,-0.13433,0.63119,-0.10224,0.61781,-0.77194,0.10368,-0.10802,-0.12708,0.20353,-0.07398,
1540581063748487936,-0.14933,0.65885,-0.10969,0.61794,-0.77033,0.10926,-0.11316,-0.19822,0.24567,-0.07871,
1540581063812980480,-0.15641,0.68282,-0.11554,0.61746,-0.76949,0.11709,-0.11361,-0.20427,0.30658,-0.07744,
1540581063912036352,-0.18001,0.71446,-0.12008,0.61731,-0.76753,0.13010,-0.11358,-0.28136,0.33511,0.00152,
1540581064014105600,-0.19803,0.78428,-0.11814,0.61240,-0.77018,0.13815,-0.11269,-0.34334,0.31403,-0.01129,
1540581064113239808,-0.23487,0.81405,-0.12298,0.61031,-0.77058,0.14415,-0.11385,-0.40421,0.26042,-0.06314,
1540581064214144512,-0.27001,0.83591,-0.13425,0.60873,-0.77295,0.13663,-0.11542,-0.35562,0.14022,-0.07288,
1540581064314797056,-0.27153,0.89132,-0.13947,0.60543,-0.77547,0.14574,-0.10419,-0.32489,0.06470,-0.03810,
1540581064384371968,-0.29418,0.89375,-0.14748,0.60214,-0.77856,0.14510,-0.10113,-0.32930,0.02360,-0.09230,
1540581064487317760,-0.32637,0.89765,-0.16312,0.60150,-0.78175,0.13118,-0.09933,-0.33424,0.03100,-0.13772,
1540581064583139072,-0.31498,0.94904,-0.17739,0.59745,-0.78787,0.11599,-0.09408,-0.23249,0.11343,-0.09653,
1540581064684689664,-0.33626,0.96377,-0.19019,0.59790,-0.78685,0.12687,-0.08538,-0.17487,0.14851,-0.09060,
1540581064786316288,-0.30397,1.03040,-0.20414,0.59161,-0.79329,0.12107,-0.07761,-0.12884,0.16244,-0.06416,
1540581064885961984,-0.31417,1.05948,-0.21880,0.58359,-0.80097,0.10681,-0.08041,-0.16114,0.10666,-0.01252,
1540581064988564224,-0.32544,1.06775,-0.22705,0.58053,-0.80328,0.10406,-0.08302,-0.17038,0.02934,-0.09188,
1540581065054214656,-0.30296,1.10332,-0.23666,0.57733,-0.80555,0.10461,-0.08269,-0.21038,0.01382,-0.09949,
1540581065155355392,-0.31175,1.13524,-0.25294,0.57329,-0.80700,0.10986,-0.08953,-0.29649,-0.00745,-0.09248,
1540581065255481856,-0.33726,1.13769,-0.27099,0.57209,-0.80694,0.10828,-0.09917,-0.33786,-0.02993,-0.15130,
1540581065356562432,-0.36940,1.13734,-0.29105,0.57343,-0.80423,0.11480,-0.10595,-0.37161,-0.00254,-0.17165,
1540581065458240512,-0.32086,1.18450,-0.31616,0.57162,-0.80531,0.11184,-0.11052,-0.38751,0.04631,-0.15535,
1540581065558036224,-0.35271,1.23883,-0.34003,0.57038,-0.80403,0.11607,-0.12141,-0.44030,0.14953,-0.18324,
1540581065625219584,-0.37379,1.24770,-0.36190,0.57139,-0.80252,0.10894,-0.13270,-0.45552,0.17047,-0.21821,
1540581065726105088,-0.31661,1.33604,-0.38085,0.56822,-0.80467,0.10036,-0.13987,-0.45153,0.22576,-0.16453,
1540581065826675968,-0.35662,1.37642,-0.39652,0.56659,-0.80439,0.09643,-0.15047,-0.50680,0.23925,-0.17702,
1540581065927630080,-0.40650,1.39159,-0.41081,0.56998,-0.79968,0.09985,-0.16021,-0.54209,0.21722,-0.22418,
1540581066028608512,-0.46494,1.38908,-0.42270,0.57320,-0.79626,0.09529,-0.16829,-0.56897,0.07116,-0.20090,
1540581066147043072,-0.40627,1.49761,-0.42193,0.57498,-0.79458,0.10515,-0.16430,-0.45826,0.03611,-0.19405,
1540581066211722752,-0.42630,1.51163,-0.43147,0.57536,-0.79508,0.10218,-0.16237,-0.49309,0.01565,-0.23776,
1540581066312509184,-0.47246,1.51101,-0.45442,0.57505,-0.79823,0.07184,-0.16426,-0.49075,0.01779,-0.27795,
1540581066413723904,-0.51999,1.50869,-0.47391,0.57794,-0.79822,0.06408,-0.15722,-0.43859,0.06977,-0.18095,
1540581066478846464,-0.44896,1.59291,-0.44832,0.58055,-0.79713,0.07050,-0.15026,-0.32326,0.15189,-0.14331,
1540581066579131392,-0.47627,1.62407,-0.45249,0.58051,-0.79911,0.06793,-0.14079,-0.35598,0.13265,-0.09747,
1540581066679908864,-0.51197,1.63001,-0.45295,0.58000,-0.80052,0.07205,-0.13255,-0.40391,0.04452,-0.10614,
1540581066779216640,-0.50416,1.68987,-0.42867,0.58191,-0.79915,0.07570,-0.13044,-0.43186,-0.01234,-0.20206,
1540581066878540032,-0.53915,1.70885,-0.43768,0.58225,-0.79872,0.06942,-0.13494,-0.50754,-0.04875,-0.17673,
1540581066978809088,-0.58824,1.69966,-0.44891,0.58399,-0.79563,0.08473,-0.13691,-0.52779,-0.08034,-0.20364,
1540581067078814464,-0.64118,1.68779,-0.46507,0.58532,-0.79366,0.08284,-0.14367,-0.54392,-0.08773,-0.23991,
1540581067148397824,-0.67640,1.68202,-0.47596,0.58667,-0.79173,0.08460,-0.14773,-0.57661,-0.07114,-0.23363,
1540581067246293248,-0.73206,1.67476,-0.49564,0.58743,-0.78973,0.08513,-0.15493,-0.61552,-0.03555,-0.25195,
1540581067346001152,-0.71912,1.76050,-0.48373,0.58790,-0.78756,0.08071,-0.16613,-0.61307,0.05312,-0.24794,
1540581067445825024,-0.76401,1.80336,-0.49679,0.58633,-0.78596,0.08361,-0.17745,-0.65066,0.11045,-0.19844,
1540581067545827584,-0.82537,1.81866,-0.50879,0.58312,-0.78515,0.08374,-0.19103,-0.70187,0.06310,-0.20894,
1540581067646031616,-0.76895,1.93281,-0.44264,0.58075,-0.78305,0.08304,-0.20654,-0.66254,0.11273,-0.15257,
1540581067746648064,-0.79583,1.95922,-0.40822,0.58195,-0.77787,0.09804,-0.21596,-0.66885,0.02383,-0.15593,
1540581067814156288,-0.82521,1.95892,-0.40344,0.58242,-0.77532,0.10956,-0.21831,-0.70283,-0.04211,-0.13884,
1540581067914576384,-0.71446,2.10090,-0.32560,0.58208,-0.77455,0.10879,-0.22231,-0.61063,-0.00668,-0.12283,
1540581068013865984,-0.62644,2.09153,-0.24940,0.58466,-0.77240,0.10868,-0.22307,-0.53440,-0.02999,-0.10112,
1540581068114462464,-0.60924,2.05626,-0.21739,0.58659,-0.77234,0.09987,-0.22234,-0.51167,-0.03650,-0.09306,
1540581068214108416,-0.56779,2.07494,-0.20149,0.58810,-0.77339,0.09010,-0.21884,-0.44554,0.02664,-0.04866,
1540581068316466432,-0.53166,2.09230,-0.18679,0.59119,-0.77364,0.08844,-0.21012,-0.41227,0.06139,-0.01554,
1540581069455091712,-0.00234,0.48538,0.00502,0.60543,-0.79559,-0.01577,0.01563,-0.06775,0.56968,0.06650,
1540581069557175040,-0.00571,0.54163,0.01044,0.60348,-0.79721,-0.01561,0.00532,-0.10380,0.56573,0.01172,
1540581069624146432,-0.01088,0.52437,0.01068,0.60246,-0.79805,-0.01272,-0.00064,-0.13465,0.48421,-0.00245,
1540581069724819712,-0.02433,0.56858,0.01228,0.60222,-0.79826,-0.00836,-0.00639,-0.12703,0.44200,0.05007,
1540581069824486400,-0.03407,0.60462,0.01482,0.60187,-0.79855,0.00601,-0.00497,-0.10566,0.40215,0.00771,
1540581069926289152,-0.04702,0.64792,0.01473,0.60271,-0.79793,0.00591,-0.00441,-0.12756,0.36939,-0.03849,
1540581070027260160,-0.05556,0.68467,0.01158,0.60407,-0.79690,-0.00496,-0.00432,-0.10371,0.41589,-0.05779,
1540581070129813760,-0.05972,0.72627,0.00653,0.60715,-0.79457,-0.00560,0.00125,-0.08298,0.49028,-0.05801,
1540581070195208448,-0.06172,0.75925,0.00232,0.60885,-0.79325,-0.00549,0.00542,-0.05533,0.53828,-0.04920,
1540581070296183552,-0.06242,0.80778,0.00035,0.61020,-0.79208,-0.00804,0.01403,-0.04860,0.58020,0.03827,
1540581070396077824,-0.06020,0.85817,0.01024,0.60922,-0.79257,-0.01239,0.02303,0.00783,0.61889,0.10671,
1540581070496752384,-0.05319,0.90857,0.01602,0.60751,-0.79338,0.00087,0.03842,0.02887,0.58971,0.01748,
1540581070597745152,-0.04937,0.96373,0.01877,0.60915,-0.79172,-0.00991,0.04493,-0.01357,0.53404,0.00157,
1540581070716387840,-0.04207,1.00924,0.02295,0.61095,-0.79008,-0.01617,0.04744,0.00361,0.49493,0.01517,
1540581070781731840,-0.03637,1.01685,0.02778,0.61175,-0.78948,-0.01521,0.04742,-0.01087,0.45603,0.04719,
1540581070918775296,-0.02912,1.03557,0.02515,0.61238,-0.78925,-0.00616,0.04513,-0.02203,0.43144,-0.02282,
1540581070981647104,-0.02784,1.06565,0.02248,0.61322,-0.78880,-0.01008,0.04058,-0.03095,0.45030,-0.02902,
1540581071082065664,-0.02933,1.11570,0.01911,0.61446,-0.78808,-0.00728,0.03632,-0.04493,0.49975,-0.03870,
1540581071148250112,-0.02986,1.16445,0.01274,0.61497,-0.78789,-0.00786,0.03128,-0.06867,0.52826,-0.02762,
1540581071248427520,-0.03632,1.22373,0.00640,0.61434,-0.78869,-0.01073,0.02104,-0.09003,0.56919,0.00338,
1540581071349144832,-0.04388,1.28655,0.00702,0.61055,-0.79166,-0.02116,0.00756,-0.09469,0.58092,0.09292,
1540581071448808192,-0.04930,1.34585,0.01116,0.60664,-0.79488,-0.01243,-0.00015,-0.09166,0.58739,0.05866,
1540581071548873216,-0.05818,1.40052,0.01015,0.60553,-0.79578,-0.00489,-0.00601,-0.06842,0.48616,-0.01413,
1540581071648338944,-0.06593,1.43949,0.01197,0.60440,-0.79664,0.00160,-0.00775,-0.05882,0.40440,0.04135,
1540581071748325632,-0.07137,1.49821,0.01407,0.60539,-0.79581,0.01358,-0.00345,-0.00881,0.44821,-0.03187,
1540581071815606272,-0.07386,1.52970,0.01269,0.60717,-0.79441,0.01601,0.00080,-0.00069,0.46164,-0.05380,
1540581071915220224,-0.07531,1.57781,0.00937,0.60966,-0.79259,0.00984,0.00545,0.01617,0.53225,-0.04211,
1540581072016063744,-0.07613,1.63427,0.00759,0.61102,-0.79139,0.01239,0.01449,0.02042,0.61967,-0.02170,
1540581072115388416,-0.07390,1.67994,0.00715,0.61154,-0.79087,0.00819,0.02165,0.04254,0.65393,0.01984,
1540581072215986688,-0.06925,1.74513,0.01295,0.60972,-0.79213,-0.00270,0.02745,0.08439,0.60381,0.09105,
1540581072315699456,-0.06516,1.80710,0.02182,0.60834,-0.79290,-0.00809,0.03423,0.07681,0.52991,0.00560,
1540581072415806720,-0.05916,1.85680,0.02135,0.60796,-0.79287,-0.01880,0.03720,0.06204,0.45452,-0.01064,
1540581072483416064,-0.06024,1.88851,0.02664,0.60862,-0.79229,-0.02165,0.03739,0.03320,0.41953,0.04136,
1540581072582740992,-0.05830,1.92958,0.02970,0.60815,-0.79269,-0.00381,0.04216,0.00600,0.39968,-0.03568,
1540581072682565120,-0.05917,1.97155,0.02805,0.61130,-0.79042,-0.01367,0.03677,0.01741,0.42168,-0.05575,
1540581072783813632,-0.05808,2.01658,0.02698,0.61361,-0.78880,-0.00818,0.03467,-0.00439,0.44522,-0.02233,
1540581072886685440,-0.06535,2.07017,0.03515,0.61808,-0.78550,-0.02162,0.02252,-0.05807,0.52693,-0.03836,
1540581072986372608,-0.07135,2.12067,0.04312,0.62080,-0.78329,-0.03091,0.01022,-0.03811,0.59285,0.04865,
1540581073052610048,-0.07387,2.15713,0.05305,0.62049,-0.78386,-0.02294,0.00601,-0.04347,0.60288,0.10523,
1540581073151961600,-0.07901,2.21584,0.06691,0.61804,-0.78601,-0.01454,-0.00236,-0.06715,0.56992,0.10239,
1540581073252824064,-0.08541,2.26762,0.07438,0.61738,-0.78658,-0.00280,-0.01074,-0.05040,0.48146,0.00238,
1540581073353434368,-0.08909,2.32427,0.08095,0.61720,-0.78653,0.01285,-0.01617,-0.00926,0.39618,0.05480,
1540581073454992128,-0.09083,2.35903,0.08611,0.61643,-0.78696,0.01695,-0.02049,0.00339,0.37763,0.00967,
1540581073555642880,-0.09302,2.40043,0.08772,0.61785,-0.78567,0.02140,-0.02301,0.01985,0.37052,-0.03355,
1540581073621979136,-0.09270,2.42681,0.08492,0.61863,-0.78510,0.01642,-0.02560,0.00506,0.41531,-0.04324,
1540581073724162816,-0.09232,2.47499,0.08183,0.62079,-0.78345,0.00559,-0.02802,0.02888,0.50639,-0.02745,
1540581073824144640,-0.08884,2.52928,0.08031,0.62280,-0.78200,0.01024,-0.02217,0.06280,0.58568,-0.00372,
1540581073923932928,-0.08858,2.60237,0.08120,0.62354,-0.78160,0.00110,-0.01707,0.06011,0.63414,0.03723,
1540581074026685184,-0.08227,2.66149,0.08784,0.62102,-0.78352,-0.01651,-0.01275,0.05324,0.60089,0.13935,
1540581074126240512,-0.07975,2.71220,0.09036,0.61663,-0.78711,-0.01474,-0.00242,0.04249,0.54158,0.06344,
1540581074193286656,-0.07781,2.74582,0.08969,0.61538,-0.78790,-0.02279,0.00217,0.02708,0.49398,0.00872,
1540581074295270912,-0.07711,2.78126,0.08471,0.61253,-0.78958,-0.03632,0.00731,-0.01888,0.45400,0.07053,
1540581074395737600,-0.07915,2.82579,0.08558,0.61028,-0.79179,-0.01704,0.01837,-0.04700,0.44924,-0.00097,
1540581074495487744,-0.08225,2.87511,0.08082,0.61092,-0.79101,-0.02745,0.01824,-0.05631,0.45737,-0.02531,
1540581074596059648,-0.08560,2.92775,0.07857,0.61261,-0.78975,-0.02681,0.01697,-0.05426,0.48990,-0.02690,
1540581074697253632,-0.09325,2.98282,0.07581,0.61457,-0.78815,-0.03177,0.01057,-0.10368,0.54716,-0.02658,
1540581074764581120,-0.09986,3.02551,0.07668,0.61450,-0.78786,-0.04086,0.00309,-0.09796,0.57353,0.05402,
1540581074865928960,-0.10980,3.11500,0.08912,0.61169,-0.78988,-0.04355,-0.00467,-0.10277,0.57283,0.18053,
1540581074967291904,-0.11967,3.17842,0.10454,0.60794,-0.79366,-0.02199,-0.00543,-0.10150,0.56847,0.10284,
1540581075066765568,-0.12831,3.23417,0.10824,0.60705,-0.79462,-0.00544,-0.00617,-0.06527,0.47263,-0.00246,
1540581075167646208,-0.13561,3.30033,0.10975,0.60610,-0.79533,-0.00364,-0.00923,-0.07521,0.40057,0.04211,
1540581075270442496,-0.14175,3.34727,0.11163,0.60601,-0.79539,0.00285,-0.01014,-0.04147,0.43511,-0.02840,
1540581075350675456,-0.14556,3.38049,0.10806,0.60829,-0.79363,0.00102,-0.01124,-0.05646,0.42458,-0.05878,
1540581075450744064,-0.15173,3.42505,0.10395,0.61012,-0.79206,-0.01366,-0.01458,-0.04932,0.48676,-0.01162,
1540581075550846464,-0.15763,3.51343,0.10310,0.61272,-0.79027,-0.00129,-0.00653,-0.01870,0.59431,-0.00186,
1540581075651016192,-0.15871,3.57281,0.10066,0.61457,-0.78884,-0.00614,-0.00061,-0.01042,0.63451,-0.00912,
1540581075717594624,-0.15874,3.61348,0.10004,0.61377,-0.78924,-0.01976,0.00080,-0.00339,0.64680,0.04036,
1540581075817664512,-0.15226,3.66435,0.10182,0.61167,-0.79071,-0.02300,0.01038,0.03022,0.64981,0.12066,
1540581075917592064,-0.14960,3.72832,0.11182,0.60863,-0.79304,-0.01329,0.02193,0.01120,0.57919,0.05731,
1540581076017725184,-0.14338,3.77877,0.10618,0.60797,-0.79321,-0.02092,0.02744,0.00433,0.53978,-0.01681,
1540581076118411520,-0.14626,3.83465,0.10936,0.60718,-0.79349,-0.02828,0.03012,-0.03851,0.50877,0.06967,
1540581076218321920,-0.14843,3.88733,0.11293,0.60469,-0.79550,-0.00640,0.03861,-0.02699,0.53890,0.01630,
1540581076320051712,-0.14644,3.94797,0.10954,0.60552,-0.79481,-0.00689,0.03981,-0.03651,0.57642,0.00248,
1540581076385620992,-0.14764,3.98891,0.10904,0.60567,-0.79463,0.00156,0.04163,-0.02686,0.60402,-0.01237,
1540581076485306624,-0.15332,4.05261,0.10614,0.60732,-0.79351,-0.00063,0.03887,-0.08410,0.62699,-0.01728,
1540581076584993792,-0.16196,4.11969,0.10509,0.60825,-0.79302,-0.00606,0.03335,-0.08547,0.68311,0.02358,
1540581076685445376,-0.16776,4.20703,0.10774,0.60703,-0.79411,-0.01220,0.02743,-0.08982,0.62905,0.07297,
1540581076785458688,-0.17692,4.27102,0.11474,0.60569,-0.79526,-0.01509,0.02186,-0.06784,0.60953,0.02498,
1540581076885532672,-0.18238,4.32888,0.11430,0.60550,-0.79552,0.00161,0.02261,-0.05085,0.54384,-0.00029,
1540581076985648384,-0.18779,4.37740,0.11631,0.60512,-0.79591,0.00232,0.01896,-0.03882,0.45905,0.02819,
1540581077051772160,-0.18733,4.42538,0.11351,0.60526,-0.79577,0.00749,0.01895,-0.00331,0.49475,-0.04660,
1540581077151780352,-0.18909,4.47989,0.10781,0.60804,-0.79375,-0.00201,0.01571,-0.00882,0.51279,-0.09877,
1540581077252281600,-0.18994,4.53189,0.10103,0.61073,-0.79156,-0.01723,0.01203,0.01346,0.59868,-0.06814,
1540581077354943744,-0.18648,4.59616,0.09816,0.61263,-0.79013,-0.00671,0.01815,0.04482,0.69818,-0.00985,
1540581077457170944,-0.18331,4.69497,0.09763,0.61369,-0.78917,-0.00509,0.02388,0.03590,0.74711,0.00268,
1540581077553824512,-0.18114,4.77419,0.10534,0.61204,-0.78946,-0.04217,0.01931,0.04873,0.73565,0.10103,
1540581077655279360,-0.17136,4.84312,0.11096,0.61015,-0.79047,-0.04757,0.02483,0.09580,0.71701,0.03129,
1540581077723688704,-0.16733,4.89917,0.10981,0.60994,-0.79082,-0.03901,0.03246,0.06293,0.65842,-0.01447,
1540581077822269184,-0.16337,4.94776,0.11053,0.60933,-0.79085,-0.04709,0.03262,-0.01336,0.56584,0.06684,
1540581077923243008,-0.16109,4.99376,0.11321,0.60718,-0.79334,-0.01541,0.04125,0.00947,0.56548,0.01900,
1540581078024199680,-0.16026,5.04160,0.10957,0.60777,-0.79294,-0.00675,0.04259,-0.01851,0.57468,-0.03294,
1540581078123762176,-0.15524,5.04707,0.10173,0.60803,-0.79285,-0.00848,0.04018,-0.00849,0.56938,-0.02404,
1540581078225265408,-0.15819,5.10473,0.09525,0.60920,-0.79213,-0.01469,0.03440,-0.05472,0.63917,-0.05561,
1540581078292153856,-0.16188,5.14764,0.09135,0.61020,-0.79135,-0.02607,0.02710,-0.07767,0.67920,-0.03473,
1540581078392554752,-0.16747,5.20304,0.09272,0.60879,-0.79251,-0.03145,0.01749,-0.08927,0.70646,0.05689,
1540581078493770240,-0.17560,5.27620,0.10096,0.60591,-0.79525,-0.01794,0.01173,-0.09270,0.72195,0.07861,
1540581078594719232,-0.18450,5.34742,0.10226,0.60495,-0.79617,-0.01165,0.00338,-0.07713,0.65737,-0.02741,
1540581078695418880,-0.18470,5.40047,0.10374,0.60324,-0.79747,0.01205,0.00166,-0.01924,0.53047,0.04164,
1540581078796032256,-0.18599,5.44862,0.10701,0.60165,-0.79822,0.02943,0.00069,-0.00464,0.49835,-0.00437,
1540581078863094784,-0.18435,5.47020,0.10825,0.60198,-0.79790,0.03132,-0.00056,0.00160,0.51572,-0.03980,
1540581078964445184,-0.18419,5.52645,0.10312,0.60432,-0.79639,0.02340,-0.00363,0.02795,0.54331,-0.06829,
1540581079065586688,-0.18261,5.58798,0.09703,0.60719,-0.79439,0.01566,-0.00328,0.03814,0.62611,-0.05787,
1540581079165484800,-0.17892,5.65919,0.09052,0.61031,-0.79207,0.01174,0.00111,0.05019,0.70304,-0.06420,
1540581079266306048,-0.17328,5.72555,0.08945,0.61099,-0.79162,-0.00238,0.00425,0.04009,0.70906,0.03597,
1540581079367016704,-0.16907,5.79780,0.09520,0.60932,-0.79271,-0.01714,0.00705,0.05443,0.72071,0.07940,
1540581079434194432,-0.16526,5.85372,0.09983,0.60808,-0.79365,-0.01411,0.01268,0.07590,0.71745,0.03762,
1540581079535168256,-0.15900,5.92052,0.10270,0.60718,-0.79422,-0.01176,0.01999,0.04872,0.64676,-0.00226,
1540581079635868672,-0.15511,5.97577,0.10510,0.60651,-0.79455,-0.01997,0.02091,0.01363,0.57833,0.04400,
1540581079737900800,-0.14916,6.01177,0.10585,0.60608,-0.79494,-0.00026,0.02706,0.02145,0.56214,-0.01861,
1540581079821972992,-0.14814,6.05436,0.10521,0.60641,-0.79475,-0.00225,0.02531,0.01238,0.60483,0.02165,
1540581079919859456,-0.14688,6.11588,0.11005,0.60562,-0.79451,0.03151,0.03140,0.01509,0.65151,0.01901,
1540581080020443392,-0.14951,6.18644,0.10805,0.60727,-0.79354,0.02959,0.02514,-0.04641,0.69194,-0.04753,
1540581080121276160,-0.15186,6.24038,0.10780,0.60790,-0.79369,0.01817,0.01364,-0.04400,0.69139,0.04340,
1540581080220964864,-0.15779,6.31009,0.11498,0.60573,-0.79545,0.01847,0.00317,-0.06891,0.64627,0.10338,
1540581080320183552,-0.16554,6.37675,0.12368,0.60358,-0.79696,0.02254,-0.00643,-0.06445,0.66375,0.05159,
1540581080387556352,-0.17180,6.43878,0.12360,0.60325,-0.79698,0.02851,-0.00994,-0.02328,0.63179,-0.00775,
1540581080487851008,-0.17297,6.49766,0.12657,0.60266,-0.79676,0.04336,-0.00978,-0.00676,0.54487,0.04877,
1540581080587001088,-0.17476,6.54743,0.12818,0.60199,-0.79738,0.04077,-0.01149,-0.01648,0.51529,-0.03501,
1540581080687775488,-0.17571,6.59415,0.11772,0.60429,-0.79614,0.02741,-0.01549,-0.03193,0.51523,-0.07593,
1540581080787398656,-0.17959,6.64815,0.11086,0.60655,-0.79464,0.01799,-0.01807,-0.03909,0.56692,-0.04976,
1540581080888274688,-0.18407,6.70672,0.10687,0.60871,-0.79296,0.02015,-0.01643,-0.02877,0.65353,-0.03241,
1540581080954376448,-0.18773,6.76026,0.10156,0.61007,-0.79177,0.02766,-0.01210,-0.01016,0.69891,-0.03909,
1540581081054568448,-0.18889,6.83085,0.10111,0.61036,-0.79188,0.01743,-0.00920,-0.00229,0.73414,0.05349,
1540581081154749440,-0.18660,6.90537,0.11227,0.60783,-0.79380,0.02059,-0.00072,0.05293,0.74658,0.14764,
1540581081254721792,-0.18524,6.98623,0.11783,0.60492,-0.79530,0.03808,0.01067,-0.01413,0.66061,0.01911,
1540581081354376192,-0.18869,7.05058,0.11372,0.60539,-0.79590,0.00258,0.00557,-0.03392,0.58486,-0.03672,
1540581081456922880,-0.19030,7.10799,0.11500,0.60632,-0.79518,-0.00281,0.00738,-0.00005,0.57799,0.02192,
1540581081554860544,-0.18665,7.11949,0.11433,0.60713,-0.79452,0.00310,0.01136,-0.01265,0.56827,0.00837,
1540581081622164480,-0.18732,7.15882,0.11436,0.60737,-0.79433,-0.00082,0.01189,-0.00946,0.59233,0.00323,
1540581081724004864,-0.18941,7.22060,0.11231,0.60826,-0.79360,0.00295,0.01470,-0.04536,0.65312,-0.02792,
1540581081822722816,-0.19446,7.28832,0.10819,0.61007,-0.79223,-0.00553,0.01243,-0.07333,0.72462,-0.04915,
1540581081922787328,-0.19975,7.34729,0.10280,0.61039,-0.79201,-0.00939,0.00829,-0.11396,0.74397,0.02475,
1540581082022729984,-0.21277,7.41781,0.11071,0.60768,-0.79409,-0.01198,0.00089,-0.14501,0.68743,0.09008,
1540581082126196480,-0.22663,7.48928,0.11448,0.60585,-0.79547,-0.01086,-0.00728,-0.11311,0.68203,-0.00189,
1540581082222853120,-0.23251,7.57313,0.11128,0.60581,-0.79554,0.00026,-0.01068,-0.03215,0.62074,0.01516,
1540581082290281472,-0.23460,7.61454,0.11493,0.60493,-0.79617,0.00359,-0.01264,-0.02321,0.61395,0.05237,
1540581082391549696,-0.23325,7.67578,0.11756,0.60434,-0.79646,0.01695,-0.01191,0.03492,0.64102,-0.01428,
1540581082492378112,-0.22945,7.74771,0.11046,0.60617,-0.79500,0.01914,-0.01274,0.03354,0.65766,-0.05632,
1540581082592700160,-0.22609,7.81791,0.10386,0.60843,-0.79334,0.01466,-0.01434,0.04458,0.74400,-0.05518,
1540581082694384384,-0.21912,7.89727,0.10211,0.61000,-0.79188,0.02723,-0.00871,0.09936,0.81822,0.02310,
1540581082794123520,-0.21156,7.98644,0.10406,0.60848,-0.79311,0.02671,-0.00501,0.06658,0.78099,0.07468,
1540581082861612288,-0.20811,8.04101,0.11007,0.60639,-0.79510,0.00811,-0.00667,0.06148,0.73329,0.09227,
1540581082962523136,-0.19946,8.11334,0.11577,0.60411,-0.79666,0.01950,0.00261,0.06655,0.72460,0.01502,
1540581083063303936,-0.19779,8.18649,0.11304,0.60329,-0.79750,0.00473,0.00348,0.00288,0.66490,0.01777,
1540581083163853056,-0.19658,8.24886,0.11560,0.60286,-0.79775,0.00832,0.00887,-0.00576,0.63098,-0.01289,
1540581083264611584,-0.19964,8.31006,0.11366,0.60358,-0.79723,-0.00259,0.01040,-0.04541,0.63954,-0.04836,
1540581083365712128,-0.20581,8.36958,0.10776,0.60461,-0.79637,-0.00935,0.01239,-0.07414,0.68331,-0.05640,
1540581083432370176,-0.21169,8.41884,0.10487,0.60561,-0.79552,-0.01464,0.01276,-0.10340,0.71466,-0.05057,
1540581083533678848,-0.22425,8.48408,0.09958,0.60691,-0.79404,-0.03279,0.00926,-0.12583,0.71911,0.01453,
1540581083634837248,-0.23907,8.55391,0.10727,0.60461,-0.79588,-0.03116,0.00767,-0.17500,0.67947,0.09880,
1540581083735558144,-0.25748,8.62217,0.11328,0.60286,-0.79754,-0.02139,0.00548,-0.17096,0.68976,-0.00462,
1540581083836091904,-0.26805,8.67531,0.11098,0.60413,-0.79676,-0.01390,0.00247,-0.10397,0.58696,-0.03002,
1540581083937012480,-0.27813,8.73423,0.11277,0.60365,-0.79715,-0.01235,-0.00138,-0.08521,0.51972,0.01821,
1540581084007347968,-0.28262,8.77378,0.11233,0.60325,-0.79747,-0.01108,-0.00437,-0.05489,0.56225,-0.01129,
1540581084104621312,-0.28559,8.83951,0.10964,0.60455,-0.79649,-0.00900,-0.00679,-0.02963,0.61286,-0.04612,
1540581084205919232,-0.28786,8.90618,0.10454,0.60656,-0.79496,-0.00775,-0.00771,-0.01342,0.69390,-0.05428,
1540581084326205184,-0.28523,8.98819,0.10138,0.60862,-0.79345,-0.00136,-0.00497,0.03345,0.77598,0.01005,
1540581084407228160,-0.28172,9.04834,0.10444,0.60845,-0.79359,-0.00058,-0.00215,0.04256,0.76734,0.06516,
1540581084489941248,-0.27834,9.11626,0.11160,0.60542,-0.79587,-0.00713,0.00076,0.05175,0.78677,0.08437,
1540581084589787136,-0.27119,9.19273,0.11807,0.60423,-0.79672,-0.00983,0.00707,0.06954,0.77342,0.03604,
1540581084690581504,-0.26661,9.26317,0.11839,0.60336,-0.79720,-0.01652,0.01226,0.00882,0.67214,-0.00387,
1540581084790157568,-0.26720,9.32706,0.12035,0.60280,-0.79711,-0.03325,0.01169,-0.02566,0.66231,0.02143,
1540581084890028800,-0.27023,9.39480,0.12121,0.60290,-0.79732,-0.02077,0.01874,-0.03975,0.67867,-0.01208,
1540581084956615424,-0.27083,9.44441,0.11895,0.60388,-0.79649,-0.02318,0.01991,-0.04471,0.69783,-0.01659,
1540581085056879104,-0.27694,9.51481,0.11697,0.60552,-0.79517,-0.02378,0.02181,-0.06616,0.72828,-0.02488,
1540581085156942848,-0.28660,9.58761,0.11421,0.60650,-0.79429,-0.02849,0.02098,-0.11214,0.76285,-0.00927,
1540581085257521408,-0.29864,9.66398,0.11792,0.60576,-0.79492,-0.02945,0.01703,-0.13434,0.73152,0.07551,
1540581085357279488,-0.31418,9.73883,0.12651,0.60261,-0.79748,-0.02767,0.01082,-0.17800,0.68479,0.05122,
1540581085457762048,-0.32961,9.81191,0.12770,0.60241,-0.79775,-0.02629,0.00353,-0.09719,0.71680,-0.01462,
1540581085557277440,-0.33697,9.88099,0.13058,0.60194,-0.79849,-0.00788,0.00355,-0.06153,0.65448,0.06911,
1540581085623523840,-0.34085,9.92365,0.13372,0.60179,-0.79865,-0.00019,0.00397,-0.04243,0.63077,0.00789,
1540581085724053760,-0.34738,9.97599,0.13020,0.60383,-0.79711,-0.00184,0.00131,-0.02989,0.61226,-0.03120,
1540581085824159488,-0.35072,10.03711,0.12486,0.60599,-0.79546,-0.00428,-0.00203,-0.02585,0.63879,-0.04246,
1540581085923952384,-0.35241,10.10443,0.11999,0.60866,-0.79338,-0.00719,-0.00464,-0.00166,0.72373,-0.04104,
1540581086024650752,-0.35017,10.17781,0.11656,0.61132,-0.79136,-0.00472,-0.00360,0.03953,0.76132,-0.01936,
1540581086123997952,-0.34378,10.23875,0.11478,0.61081,-0.79166,-0.01302,-0.00194,0.04859,0.77330,0.02791,
1540581086223852544,-0.34036,10.31923,0.12344,0.60868,-0.79297,-0.02646,-0.00119,0.02801,0.78652,0.10126,
1540581086294500096,-0.33674,10.37190,0.12851,0.60618,-0.79519,-0.01383,0.00550,0.02958,0.76929,0.04703,
1540581086392463104,-0.33430,10.43427,0.12927,0.60531,-0.79586,-0.00815,0.01140,-0.00655,0.70085,-0.02716,
1540581086491826944,-0.33752,10.50109,0.13033,0.60547,-0.79549,-0.02164,0.01151,-0.03196,0.66738,0.01389,
1540581086593758976,-0.34312,10.57147,0.13160,0.60494,-0.79600,-0.00682,0.01943,-0.07573,0.66617,-0.00424,
1540581086693894400,-0.35244,10.64078,0.13070,0.60641,-0.79478,-0.01242,0.02096,-0.09351,0.69963,-0.02283,
1540581086794317824,-0.36153,10.70810,0.12537,0.60811,-0.79341,-0.01534,0.02175,-0.13593,0.73799,-0.02728,
1540581086860686336,-0.37092,10.75858,0.12387,0.60880,-0.79278,-0.02045,0.02104,-0.13285,0.76369,-0.01307,
1540581086960379392,-0.38150,10.82275,0.12370,0.60754,-0.79368,-0.02463,0.01883,-0.14356,0.70201,0.08086,
1540581087062756864,-0.39836,10.89749,0.13392,0.60473,-0.79552,-0.03644,0.01120,-0.14923,0.68423,0.07210,
1540581087162237440,-0.41275,10.96767,0.13622,0.60452,-0.79601,-0.02946,0.00734,-0.11819,0.66628,-0.00183,
1540581087263837440,-0.42483,11.03960,0.13418,0.60363,-0.79698,-0.02089,0.00386,-0.10541,0.57124,0.04520,
1540581087364161792,-0.43332,11.09246,0.13574,0.60305,-0.79752,-0.01716,0.00036,-0.05435,0.56422,-0.02716,
1540581087431194624,-0.43576,11.12969,0.13355,0.60367,-0.79695,-0.02078,-0.00306,-0.03753,0.58167,-0.03518,
1540581087532359936,-0.43541,11.17320,0.12818,0.60547,-0.79564,-0.01846,-0.00457,-0.01600,0.63695,-0.02667,
1540581087632483840,-0.43354,11.24327,0.12593,0.60730,-0.79445,0.00567,0.00058,0.00726,0.73659,-0.01427,
1540581087733708288,-0.43274,11.32029,0.12383,0.60953,-0.79269,0.01060,0.00229,0.00631,0.78433,-0.00997,
1540581087834331392,-0.42430,11.38070,0.12349,0.60887,-0.79318,0.01082,0.00579,0.06740,0.73790,0.05595,
1540581087935054080,-0.41776,11.44672,0.13290,0.60695,-0.79465,0.00450,0.01076,0.07170,0.72815,0.06561,
1540581088002388224,-0.41210,11.49023,0.13497,0.60456,-0.79634,0.00841,0.01663,0.05245,0.67630,0.01750,
1540581088103080192,-0.40687,11.54993,0.13113,0.60454,-0.79628,-0.01026,0.01937,0.01121,0.62195,-0.03273,
1540581088204562944,-0.40797,11.60572,0.13292,0.60416,-0.79633,-0.01768,0.02306,-0.02335,0.58275,0.02343,
1540581088304569600,-0.41201,11.66239,0.13335,0.60371,-0.79656,-0.01552,0.02815,-0.06074,0.59221,-0.02156,
1540581088405485568,-0.41381,11.70725,0.12693,0.60496,-0.79537,-0.02145,0.03078,-0.06340,0.62202,-0.03157,
1540581088506376448,-0.42244,11.76967,0.12492,0.60603,-0.79443,-0.02355,0.03230,-0.10197,0.67000,-0.00847,
1540581088573637120,-0.43052,11.81970,0.12525,0.60627,-0.79428,-0.02076,0.03351,-0.11471,0.72182,0.01435,
1540581088674404864,-0.43842,11.87468,0.12546,0.60606,-0.79443,-0.02329,0.03202,-0.15889,0.72973,0.05122,
1540581088775121920,-0.45644,11.94872,0.13335,0.60348,-0.79600,-0.04104,0.02278,-0.19921,0.68236,0.10054,
1540581088913591552,-0.48122,12.04626,0.13758,0.60256,-0.79702,-0.03835,0.01422,-0.13275,0.66344,-0.00247,
1540581088994024704,-0.48793,12.10261,0.13489,0.60200,-0.79801,-0.02463,0.01317,-0.10530,0.56968,0.01775,
1540581089094824448,-0.49802,12.15774,0.13726,0.60147,-0.79844,-0.02581,0.00716,-0.07658,0.55401,0.00722,
1540581089194848512,-0.50297,12.21240,0.13550,0.60230,-0.79800,-0.02062,0.00308,-0.04001,0.56303,-0.02766,
1540581089259763968,-0.50426,12.24800,0.13306,0.60259,-0.79785,-0.01784,0.00040,-0.02005,0.57089,-0.02708,
1540581089359245568,-0.49988,12.29647,0.12767,0.60430,-0.79670,-0.00928,-0.00145,0.00261,0.61406,-0.02898,
1540581089460033536,-0.49785,12.36350,0.12323,0.60632,-0.79522,-0.00018,-0.00239,0.03455,0.66888,-0.05477,
1540581089527012608,-0.49508,12.40808,0.12082,0.60801,-0.79393,0.00208,-0.00180,0.04805,0.69098,-0.01671,
1540581089627699968,-0.48573,12.47272,0.11916,0.60765,-0.79420,-0.00151,-0.00280,0.04181,0.70948,0.03626,
1540581089726713856,-0.47876,12.53636,0.12572,0.60617,-0.79532,-0.00357,-0.00149,0.06918,0.69557,0.10114,
1540581089827773696,-0.47038,12.59744,0.13032,0.60458,-0.79647,0.00906,0.00616,0.03455,0.62559,0.02545,
1540581089926338560,-0.46757,12.65440,0.12917,0.60424,-0.79665,-0.01552,0.00241,0.00674,0.58761,0.03256,
1540581090026406656,-0.46108,12.68296,0.13127,0.60388,-0.79702,-0.00556,0.00786,0.00226,0.54023,0.01334,
1540581090126665472,-0.46409,12.73727,0.12932,0.60405,-0.79685,-0.00910,0.00808,-0.03897,0.52264,-0.04358,
1540581090193491456,-0.46704,12.77483,0.12738,0.60503,-0.79606,-0.01227,0.00837,-0.03581,0.54999,-0.04057,
1540581090294267904,-0.47234,12.84693,0.12184,0.60651,-0.79490,-0.01341,0.01001,-0.07400,0.57149,-0.03986,
1540581090394010112,-0.48176,12.90734,0.11707,0.60805,-0.79350,-0.02406,0.00772,-0.10031,0.60730,-0.04629,
1540581090494366464,-0.49528,12.96961,0.11736,0.60741,-0.79336,-0.04039,0.00203,-0.14807,0.60258,0.05912,
1540581090593455872,-0.50762,13.01222,0.12372,0.60472,-0.79527,-0.04305,-0.00147,-0.15375,0.60035,0.05697,
1540581090693833472,-0.52258,13.07398,0.12606,0.60388,-0.79593,-0.04246,-0.00386,-0.14955,0.56718,0.00330,
1540581090793683968,-0.53378,13.12994,0.12574,0.60462,-0.79577,-0.03423,-0.00344,-0.08740,0.51443,0.01071,
1540581090861673472,-0.53983,13.16404,0.12681,0.60419,-0.79634,-0.02826,-0.00281,-0.09676,0.48149,0.02248,
1540581090960819712,-0.54676,13.20865,0.12633,0.60433,-0.79631,-0.02532,-0.00469,-0.06305,0.48137,-0.01640,
1540581091062182912,-0.55242,13.25391,0.12367,0.60469,-0.79610,-0.02272,-0.00733,-0.03871,0.42872,-0.02924,
1540581091162396928,-0.55417,13.29619,0.12141,0.60585,-0.79517,-0.02327,-0.01032,0.01112,0.46201,-0.01770,
1540581091265604608,-0.55093,13.34277,0.11878,0.60732,-0.79417,-0.01900,-0.01028,0.03631,0.49439,-0.01956,
1540581091363565312,-0.54485,13.38571,0.11666,0.60809,-0.79363,-0.01735,-0.00867,0.05973,0.45491,-0.02462,
1540581091463158784,-0.53418,13.40653,0.11744,0.60651,-0.79436,-0.03169,-0.01172,0.02418,0.39896,0.06333,
1540581091530487808,-0.53024,13.42732,0.12059,0.60501,-0.79587,-0.02193,-0.00837,0.04399,0.38394,0.03514,
1540581091630728704,-0.52303,13.45494,0.12273,0.60475,-0.79635,-0.01021,-0.00300,0.05537,0.30502,0.00329,
1540581091731867904,-0.51935,13.46893,0.12538,0.60384,-0.79701,-0.01186,-0.00043,-0.00348,0.16958,0.02436,
1540581091832659200,-0.52176,13.47005,0.12804,0.60267,-0.79778,-0.01830,-0.00049,-0.05756,0.07977,0.00188,
1540581091934101760,-0.52871,13.47017,0.12670,0.60216,-0.79812,-0.02018,0.00063,-0.08433,0.07426,-0.00473,
1540581092034467840,-0.53596,13.47095,0.12764,0.60249,-0.79782,-0.02159,0.00350,-0.05555,0.09943,-0.00309,
1540581092102080256,-0.54132,13.47344,0.12572,0.60362,-0.79690,-0.02409,0.00199,-0.10680,0.06790,-0.04467,
1540581092202380544,-0.54918,13.47464,0.12211,0.60413,-0.79611,-0.03500,-0.00268,-0.05541,0.06949,-0.00787,
1540581092304514816,-0.54974,13.44615,0.11880,0.60385,-0.79650,-0.03080,-0.00277,-0.06153,0.01858,-0.02346,
1540581092403405312,-0.55298,13.44375,0.11685,0.60377,-0.79596,-0.04325,-0.00701,-0.02019,0.04960,0.00347,
1540581092504504832,-0.55400,13.43949,0.11935,0.60358,-0.79686,-0.02657,-0.00328,-0.03559,0.05562,0.02241,
1540581092605574912,-0.55744,13.43436,0.11997,0.60356,-0.79692,-0.02483,-0.00396,-0.03475,0.02597,-0.02281,
1540581092672453888,-0.55835,13.42561,0.11857,0.60361,-0.79682,-0.02658,-0.00487,-0.01940,0.01901,-0.01088,
1540581092773408000,-0.55814,13.42025,0.11877,0.60386,-0.79666,-0.02582,-0.00476,-0.00777,0.03404,0.00312,
1540581092874691584,-0.55795,13.41511,0.11860,0.60369,-0.79685,-0.02379,-0.00466,-0.01876,0.01684,-0.00671,
1540581092975542016,-0.55858,13.41056,0.11802,0.60378,-0.79687,-0.02061,-0.00405,-0.02047,0.01761,-0.00722,
1540581093075992832,-0.55936,13.40672,0.11796,0.60371,-0.79691,-0.02090,-0.00451,-0.01656,0.02319,0.00012,
1540581093176446976,-0.55868,13.40290,0.11873,0.60374,-0.79696,-0.01840,-0.00394,-0.00070,0.02021,-0.00132,
1540581093243583744,-0.55737,13.40020,0.11971,0.60339,-0.79729,-0.01529,-0.00305,0.00397,0.01974,0.00582,
1540581093345544960,-0.55565,13.39840,0.12109,0.60345,-0.79736,-0.00850,-0.00091,0.00583,0.01621,0.00182,
1540581093463315712,-0.55406,13.39650,0.12145,0.60344,-0.79740,-0.00403,0.00068,0.00187,0.01173,-0.00225,
1540581093563526656,-0.55311,13.39325,0.12123,0.60357,-0.79730,-0.00379,0.00086,-0.00744,0.00904,-0.00479,
1540581093664547072,-0.55278,13.39077,0.12109,0.60356,-0.79731,-0.00440,0.00087,-0.00345,0.01445,-0.00005,
1540581093730679808,-0.55205,13.38898,0.12108,0.60373,-0.79718,-0.00340,0.00085,-0.00784,0.00891,-0.00550,
