1540581258552750080,-0.13949,0.03081,-0.01365,0.59154,-0.80379,0.05432,-0.03240,-0.32955,0.06709,-0.01123,
1540581258652426240,-0.17913,0.04054,-0.01602,0.59016,-0.80546,0.04659,-0.02792,-0.31056,0.08420,-0.02886,
1540581258752517888,-0.20463,0.04520,-0.01552,0.58988,-0.80623,0.03740,-0.02518,-0.26955,0.06335,-0.02553,
1540581258853761792,-0.22408,0.04642,-0.01638,0.58918,-0.80708,0.02939,-0.02501,-0.23958,0.02894,-0.03807,
1540581258955164928,-0.22895,0.03904,-0.01059,0.58742,-0.80815,0.03383,-0.02621,-0.16843,0.01728,0.04946,
1540581259056348672,-0.22768,0.03214,-0.00414,0.58626,-0.80867,0.03846,-0.02937,-0.11993,-0.02731,-0.01890,
1540581259122911488,-0.22447,0.03183,-0.01044,0.58577,-0.80914,0.03075,-0.03499,-0.07774,-0.02633,-0.05802,
1540581259223364096,-0.21248,0.02943,-0.01197,0.58537,-0.80932,0.02574,-0.04091,-0.03942,0.02227,0.00179,
1540581259324472320,-0.19859,0.02777,-0.00696,0.58576,-0.80894,0.02220,-0.04483,-0.05608,0.06586,0.00055,
1540581259425849088,-0.18304,0.03153,-0.00684,0.58628,-0.80868,0.02007,-0.04384,-0.01815,0.06188,-0.02744,
1540581259526938624,-0.05772,0.03034,0.00427,0.59147,-0.80530,0.01697,-0.03707,0.11688,0.08387,-0.00425,
1540581259626891520,-0.05390,0.04014,0.00820,0.59505,-0.80293,0.00820,-0.03399,0.09334,0.13951,0.01095,
1540581259695215616,-0.05142,0.05184,0.00952,0.59963,-0.79963,0.00650,-0.03151,0.09623,0.17204,0.01562,
1540581259796070400,-0.04193,0.06684,0.00955,0.60452,-0.79618,0.00814,-0.02414,0.09781,0.18163,-0.01912,
1540581259895098112,-0.03270,0.08158,0.00557,0.60819,-0.79348,0.00034,-0.02243,0.04758,0.19554,-0.03642,
1540581259996618496,-0.03262,0.10602,0.00585,0.61245,-0.79020,-0.00160,-0.02182,0.00515,0.24637,0.02042,
1540581260096839424,-0.03145,0.12993,0.00783,0.61478,-0.78837,-0.00195,-0.02245,0.01221,0.30557,0.01082,
1540581260198530816,-0.03005,0.16094,0.00793,0.61842,-0.78555,0.00159,-0.02145,0.00092,0.35555,0.00997,
1540581260265463552,-0.03000,0.18467,0.00786,0.62056,-0.78391,0.00383,-0.01952,-0.00832,0.38889,0.00863,
1540581260366010368,-0.03292,0.22649,0.00978,0.62233,-0.78255,0.00610,-0.01659,-0.06555,0.44573,0.02410,
1540581260466986240,-0.03864,0.27340,0.01383,0.62296,-0.78199,0.01571,-0.01287,-0.08058,0.47106,0.09997,
1540581260568749312,-0.04790,0.32144,0.02535,0.62012,-0.78420,0.01923,-0.01102,-0.11808,0.43959,0.12199,
1540581260686686208,-0.06118,0.37340,0.03060,0.61845,-0.78556,0.01266,-0.01582,-0.11574,0.41367,-0.00335,
1540581260751978240,-0.06577,0.39996,0.02975,0.61914,-0.78501,0.01093,-0.01738,-0.07380,0.38815,-0.01471,
1540581260851560192,-0.06726,0.43709,0.03244,0.61833,-0.78557,0.01058,-0.02103,0.00001,0.36994,0.07395,
1540581260951879936,-0.06227,0.47578,0.03819,0.61774,-0.78568,0.02650,-0.02025,0.05810,0.39663,0.02533,
1540581261051136512,-0.05121,0.51572,0.03837,0.61802,-0.78521,0.03202,-0.02151,0.11831,0.40675,0.00234,
1540581261151104512,-0.03693,0.55408,0.03936,0.61847,-0.78459,0.03830,-0.02119,0.20033,0.42702,0.02190,
1540581261219740672,-0.02460,0.58379,0.04134,0.61841,-0.78439,0.04354,-0.02016,0.21392,0.43568,0.03116,
1540581261318596352,-0.00149,0.63247,0.04547,0.61794,-0.78462,0.04686,-0.01827,0.24440,0.46486,0.03762,
1540581261418398976,0.02613,0.68503,0.05163,0.61624,-0.78673,0.03131,-0.01821,0.34462,0.49134,0.12105,
1540581261518382336,0.05679,0.73553,0.06298,0.61306,-0.78904,0.03856,-0.00964,0.31928,0.46729,0.10252,
1540581261618576640,0.07812,0.77951,0.06618,0.61191,-0.79036,0.02944,-0.00598,0.20404,0.36807,-0.00919,
1540581261718208512,0.09193,0.81756,0.06663,0.61179,-0.79087,0.01469,-0.00432,0.15452,0.33471,0.02393,
1540581261786187776,0.09411,0.84490,0.06979,0.61251,-0.79030,0.01623,0.00057,0.09823,0.35059,0.00142,
1540581261885873408,0.09888,0.88180,0.06903,0.61274,-0.79020,0.00925,0.00707,0.05131,0.37054,-0.01737,
1540581261985210880,0.09775,0.92018,0.06885,0.61266,-0.79022,0.00039,0.01408,0.02065,0.37626,0.00305,
1540581262085972736,0.08812,0.96121,0.06717,0.61171,-0.79081,-0.00826,0.01906,-0.04062,0.41389,0.00610,
1540581262185575424,0.08408,1.00541,0.06587,0.61069,-0.79142,-0.01347,0.02312,-0.04125,0.49675,0.01589,
1540581262286791424,0.07371,1.06673,0.05979,0.60699,-0.79421,-0.01349,0.02470,-0.08787,0.56674,0.03874,
1540581262385754880,0.06253,1.11709,0.05703,0.60414,-0.79632,-0.02148,0.02064,-0.10998,0.58136,0.05760,
1540581262452589568,0.05627,1.15033,0.06037,0.60237,-0.79762,-0.02596,0.01695,-0.08406,0.57630,0.08797,
1540581262552732160,0.04553,1.21928,0.05679,0.59900,-0.80038,-0.02041,0.01327,-0.07870,0.52094,-0.02210,
1540581262656283904,0.04151,1.26466,0.04986,0.59822,-0.80119,-0.01182,0.00878,-0.01295,0.46382,-0.00395,
1540581262754825472,0.04057,1.30955,0.05143,0.59804,-0.80144,-0.00536,0.00343,0.00524,0.46140,0.01458,
1540581262852997632,0.04152,1.35696,0.04352,0.59602,-0.80294,0.00668,-0.00115,0.03231,0.49344,-0.03479,
1540581262954095872,0.04484,1.40563,0.03932,0.59782,-0.80151,0.01251,-0.00639,0.07359,0.50867,-0.03808,
1540581263055553792,0.04832,1.47212,0.03877,0.59927,-0.80026,0.01859,-0.01096,0.09136,0.56603,-0.01491,
1540581263120736256,0.05328,1.51173,0.03978,0.60066,-0.79910,0.02148,-0.01371,0.11004,0.61131,-0.01199,
1540581263221321216,0.06071,1.59359,0.04135,0.60098,-0.79880,0.02122,-0.01726,0.13786,0.68428,0.00685,
1540581263322260480,0.07391,1.66414,0.04782,0.60035,-0.79917,0.02396,-0.01830,0.15191,0.70887,0.08036,
1540581263423126016,0.08655,1.73223,0.05969,0.59894,-0.80004,0.03087,-0.01583,0.14397,0.60700,0.04893,
1540581263525175808,0.09158,1.81941,0.06335,0.59960,-0.79972,0.02619,-0.01526,0.09930,0.54322,-0.06552,
1540581263626076672,0.10005,1.87563,0.06703,0.60107,-0.79876,0.02267,-0.01329,0.08024,0.50160,0.05553,
1540581263692912640,0.10268,1.91237,0.07288,0.60203,-0.79786,0.02979,-0.00966,0.03438,0.50689,0.00115,
1540581263794315008,0.10083,1.97355,0.08184,0.60724,-0.79422,0.01903,-0.01076,0.02375,0.52029,-0.05995,
1540581263894701568,0.10138,2.03695,0.09561,0.61196,-0.79059,0.01968,-0.00904,-0.00689,0.54820,0.01583,
1540581263994698496,0.09096,2.09747,0.09402,0.61236,-0.79038,0.01573,-0.00843,-0.07802,0.61795,-0.03706,
1540581264095225856,0.08328,2.16017,0.09096,0.61252,-0.79033,0.01103,-0.00855,-0.09125,0.68989,0.02884,
1540581264195671040,0.07139,2.22591,0.09743,0.61053,-0.79176,0.01751,-0.00787,-0.13774,0.71173,0.11250,
1540581264263747328,0.05938,2.27302,0.09410,0.60495,-0.79579,0.02611,-0.00864,-0.11656,0.68786,0.11320,
1540581264364372736,0.04604,2.33110,0.09442,0.60140,-0.79812,0.03488,-0.01015,-0.11910,0.63173,0.00822,
1540581264465396992,0.03704,2.38550,0.08898,0.60077,-0.79834,0.03972,-0.01226,-0.02417,0.57370,-0.01697,
1540581264566033920,0.02662,2.39818,0.06878,0.59307,-0.80393,0.04245,-0.01317,-0.00020,0.54565,0.01484,
1540581264666970368,0.02259,2.44396,0.06427,0.59088,-0.80476,0.05495,-0.01423,0.00191,0.55612,-0.03345,
1540581264767501056,0.02351,2.49586,0.05761,0.59194,-0.80383,0.05513,-0.02042,0.04841,0.56251,-0.06240,
1540581264835399168,0.02158,2.54063,0.05336,0.59233,-0.80327,0.05766,-0.02413,0.06295,0.63035,-0.01264,
1540581264935598336,0.02880,2.60852,0.05341,0.59366,-0.80067,0.07705,-0.02340,0.09115,0.69197,-0.00435,
1540581265038220032,0.03554,2.68226,0.05167,0.59362,-0.80182,0.06099,-0.03123,0.07870,0.72055,-0.00258,
1540581265136826624,0.04044,2.75921,0.05492,0.59073,-0.80505,0.03836,-0.03812,0.14895,0.71696,0.09516,
1540581265237979904,0.05629,2.83397,0.06055,0.58969,-0.80588,0.04132,-0.03356,0.17122,0.69841,0.00713,
1540581265321533952,0.06382,2.88246,0.05734,0.59027,-0.80562,0.04023,-0.03060,0.10834,0.61401,-0.02697,
1540581265421230592,0.07290,2.94011,0.05884,0.59026,-0.80560,0.04418,-0.02544,0.06661,0.56714,0.05518,
1540581265521914624,0.07536,2.99760,0.05952,0.58977,-0.80577,0.05057,-0.01845,0.00733,0.57640,-0.00727,
1540581265621341440,0.07372,3.05734,0.05595,0.59045,-0.80592,0.04137,-0.01230,0.01543,0.60952,0.00169,
1540581265721318144,0.06620,3.11445,0.05206,0.59169,-0.80538,0.03523,-0.00454,-0.04189,0.67664,-0.01269,
1540581265788720384,0.06220,3.16100,0.05139,0.59337,-0.80445,0.02778,-0.00150,-0.08831,0.70614,-0.01244,
1540581265888327936,0.04571,3.22114,0.05028,0.59304,-0.80487,0.02212,0.00057,-0.11985,0.73467,0.06400,
1540581265987350272,0.03285,3.29136,0.05854,0.59082,-0.80635,0.02718,0.00216,-0.13120,0.71836,0.06704,
1540581266087467776,0.01950,3.35996,0.06289,0.58952,-0.80750,0.02011,-0.00348,-0.12823,0.70424,0.02830,
1540581266188008192,0.00865,3.41517,0.05864,0.58984,-0.80702,0.02706,-0.00856,-0.04501,0.60981,-0.04332,
1540581266287968256,0.00500,3.47111,0.05899,0.58951,-0.80732,0.02063,-0.01719,-0.02517,0.56446,0.04124,
1540581266357095168,0.00609,3.51065,0.06024,0.58836,-0.80781,0.02968,-0.02005,0.04949,0.58568,-0.00335,
1540581266454405888,0.01202,3.56831,0.05732,0.58903,-0.80703,0.03345,-0.02519,0.08107,0.60015,-0.04224,
1540581266554288128,0.02201,3.62357,0.05226,0.59037,-0.80552,0.04192,-0.02891,0.12458,0.63920,-0.01720,
1540581266654989568,0.03657,3.69317,0.05159,0.59141,-0.80362,0.05935,-0.03016,0.14213,0.70161,0.00134,
1540581266755048192,0.05136,3.76699,0.04924,0.59167,-0.80281,0.06567,-0.03340,0.18442,0.77287,0.00404,
1540581266855113216,0.07600,3.84654,0.05318,0.59050,-0.80377,0.06357,-0.03494,0.27979,0.78198,0.08475,
1540581266955028992,0.09984,3.92829,0.05885,0.58901,-0.80481,0.06501,-0.03343,0.22032,0.72818,0.03921,
1540581267055831040,0.11779,3.99843,0.05838,0.58878,-0.80571,0.05274,-0.03724,0.14482,0.64805,-0.05493,
1540581267122068224,0.12677,4.04198,0.05531,0.58916,-0.80572,0.04665,-0.03905,0.13787,0.63737,-0.02995,
1540581267221598720,0.13468,4.11654,0.05312,0.58963,-0.80489,0.05633,-0.03619,0.07728,0.61738,-0.00785,
1540581267322539264,0.13925,4.18425,0.05035,0.59065,-0.80461,0.04813,-0.03760,0.05015,0.65113,-0.05509,
1540581267426285312,0.14126,4.25878,0.04568,0.59289,-0.80335,0.04235,-0.03640,0.00716,0.69266,-0.02765,
1540581267524702464,0.13839,4.33158,0.04303,0.59424,-0.80275,0.03392,-0.03642,-0.03566,0.72785,-0.02061,
1540581267625449216,0.12921,4.39312,0.04259,0.59287,-0.80394,0.02709,-0.03809,-0.07275,0.73131,0.08504,
1540581267690444800,0.12472,4.43966,0.05085,0.59009,-0.80589,0.02924,-0.03849,-0.07783,0.74229,0.12870,
1540581267791047936,0.11795,4.51513,0.06135,0.58704,-0.80757,0.04149,-0.03869,-0.03111,0.75736,0.06096,
1540581267891946752,0.11612,4.58605,0.06211,0.58723,-0.80629,0.06073,-0.03706,0.01012,0.65421,-0.02567,
1540581267992744704,0.10865,4.64196,0.06111,0.58699,-0.80695,0.05044,-0.04169,0.00744,0.61634,0.03389,
1540581268093308672,0.11391,4.70563,0.06256,0.58770,-0.80518,0.06960,-0.03802,0.08121,0.63867,-0.02918,
1540581268194601472,0.12297,4.77281,0.05806,0.58960,-0.80396,0.06781,-0.03771,0.10653,0.67216,-0.04529,
1540581268261564928,0.12533,4.81058,0.05479,0.59157,-0.80222,0.07255,-0.03492,0.15883,0.72580,-0.02479,
1540581268362845696,0.14661,4.89290,0.05508,0.59286,-0.79853,0.10145,-0.02406,0.23116,0.77943,0.02100,
1540581268464422144,0.16758,4.97934,0.05785,0.59185,-0.80002,0.09569,-0.02296,0.21936,0.79738,0.05682,
1540581268564924160,0.18776,5.05960,0.06548,0.58999,-0.80208,0.08959,-0.02354,0.21745,0.76686,0.05566,
1540581268664869888,0.20574,5.13681,0.06621,0.58963,-0.80434,0.06622,-0.03147,0.14609,0.68086,-0.02384,
1540581268766267392,0.21798,5.20156,0.06156,0.59034,-0.80482,0.04531,-0.04132,0.10088,0.61688,-0.02766,
1540581268866290688,0.22267,5.25793,0.06065,0.59061,-0.80435,0.04742,-0.04412,0.06699,0.58501,0.02141,
1540581268933855744,0.22619,5.29790,0.06043,0.59088,-0.80421,0.04604,-0.04456,0.03917,0.57198,-0.04076,
1540581269034218240,0.23141,5.35861,0.05584,0.59216,-0.80409,0.02923,-0.04388,0.08254,0.63661,-0.03851,
1540581269135128576,0.23705,5.42385,0.05579,0.59381,-0.80340,0.02678,-0.03500,0.02631,0.70983,0.00239,
1540581269236331264,0.22832,5.50243,0.05452,0.59502,-0.80275,0.02733,-0.02822,-0.02020,0.77323,0.01595,
1540581269336487936,0.22596,5.57871,0.06003,0.59393,-0.80326,0.03955,-0.02145,-0.04853,0.74269,0.09139,
1540581269404540160,0.21265,5.61021,0.06308,0.59202,-0.80475,0.03786,-0.02145,-0.08756,0.71620,0.06063,
1540581269504786688,0.20424,5.67650,0.06765,0.59164,-0.80533,0.02827,-0.02442,-0.08628,0.70195,0.02108,
1540581269605793024,0.19566,5.73710,0.06775,0.59208,-0.80505,0.02734,-0.02439,-0.06818,0.63758,0.00130,
1540581269709497088,0.18724,5.79573,0.07121,0.59225,-0.80507,0.02148,-0.02532,-0.04813,0.62283,0.03013,
1540581269808389888,0.16942,5.81100,0.06840,0.59281,-0.80456,0.02710,-0.02293,-0.01504,0.62847,-0.02066,
1540581269891744512,0.17235,5.86703,0.06573,0.59413,-0.80373,0.02344,-0.02186,0.03164,0.66729,-0.02726,
1540581269990178560,0.17625,5.93737,0.06315,0.59616,-0.80223,0.02572,-0.01891,0.03937,0.77741,-0.00815,
1540581270090689536,0.18477,6.02336,0.06307,0.59805,-0.80070,0.03158,-0.01492,0.13056,0.85061,0.01448,
1540581270190572800,0.18381,6.07119,0.06388,0.59731,-0.80094,0.04018,-0.00970,0.13579,0.80535,0.07179,
1540581270290817536,0.19997,6.15544,0.07441,0.59527,-0.80292,0.02940,-0.01004,0.15389,0.75568,0.07161,
1540581270357565440,0.20223,6.19792,0.07309,0.59330,-0.80459,0.02241,-0.01146,0.12790,0.71274,0.01281,
1540581270457732352,0.21389,6.26501,0.07363,0.59402,-0.80426,0.00554,-0.01642,0.11131,0.64735,-0.01890,
1540581270557674752,0.22467,6.32857,0.07359,0.59497,-0.80346,0.00449,-0.02092,0.07180,0.61127,0.00650,
1540581270657936640,0.22512,6.37436,0.07021,0.59544,-0.80290,0.00883,-0.02691,0.03216,0.59140,-0.01162,
1540581270759332096,0.23037,6.43696,0.06971,0.59663,-0.80164,0.02335,-0.02922,0.07168,0.63291,0.00010,
1540581270857656832,0.23597,6.50391,0.06772,0.59787,-0.80056,0.02675,-0.03072,0.05238,0.68239,-0.03422,
1540581270958565120,0.23255,6.57648,0.06374,0.59808,-0.80043,0.02365,-0.03245,0.02908,0.76476,0.02667,
1540581271024594688,0.23125,6.63038,0.06875,0.59749,-0.80054,0.03545,-0.02988,-0.03908,0.75641,0.10501,
1540581271124769536,0.22418,6.70489,0.07719,0.59448,-0.80263,0.03685,-0.03196,-0.06733,0.73090,0.07257,
1540581271224046592,0.21311,6.75769,0.07839,0.59423,-0.80258,0.04112,-0.03258,-0.04630,0.68916,-0.00008,
1540581271324544256,0.20735,6.82050,0.07943,0.59457,-0.80218,0.04421,-0.03232,-0.06467,0.61629,0.03450,
1540581271424143360,0.20191,6.87987,0.08353,0.59392,-0.80243,0.04937,-0.03058,-0.02819,0.60068,0.04332,
1540581271524881920,0.19625,6.93101,0.08079,0.59482,-0.80174,0.05136,-0.02754,-0.03794,0.61105,-0.05610,
1540581271624800512,0.19383,6.99149,0.07336,0.59788,-0.80034,0.03345,-0.02951,-0.00763,0.69975,-0.08232,
1540581271691810048,0.19433,7.04303,0.07002,0.59997,-0.79894,0.03041,-0.02838,0.00450,0.80753,0.00166,
1540581271796636672,0.19506,7.11506,0.07107,0.60114,-0.79711,0.05451,-0.01660,0.06013,0.84491,0.05271,
1540581271892461312,0.20282,7.19385,0.07830,0.59874,-0.79951,0.04605,-0.01336,0.08329,0.74438,0.11321,
1540581271993980416,0.21453,7.26621,0.08847,0.59537,-0.80268,0.03347,-0.01108,0.11061,0.69300,0.07303,
1540581272093750016,0.22668,7.32401,0.09056,0.59441,-0.80355,0.03002,-0.00950,0.07498,0.62634,-0.00325,
1540581272193647872,0.23572,7.38018,0.09202,0.59408,-0.80372,0.03141,-0.01054,0.06392,0.54900,0.04194,
1540581272296173824,0.24074,7.43501,0.09131,0.59396,-0.80394,0.02592,-0.01513,0.03971,0.54913,-0.03424,
1540581272360313600,0.24368,7.47140,0.08926,0.59491,-0.80330,0.02160,-0.01823,0.04831,0.57374,-0.01889,
1540581272461452288,0.25271,7.50749,0.08631,0.59545,-0.80283,0.02084,-0.02161,0.03532,0.60327,-0.00956,
1540581272562472960,0.25720,7.57247,0.08646,0.59568,-0.80246,0.02338,-0.02609,0.02142,0.69865,0.00778,
1540581272662919168,0.25893,7.64482,0.08764,0.59546,-0.80224,0.02775,-0.03263,-0.00861,0.71840,0.03254,
1540581272764309504,0.25690,7.71840,0.09501,0.59259,-0.80395,0.02608,-0.04283,-0.04431,0.68202,0.09126,
1540581272864900352,0.25507,7.76724,0.09969,0.58966,-0.80537,0.02689,-0.05434,-0.05829,0.63986,0.05591,
1540581272932003840,0.25083,7.81153,0.10254,0.58948,-0.80467,0.04209,-0.05690,-0.04021,0.57618,0.01548,
1540581273032539392,0.25079,7.85586,0.10473,0.58766,-0.80507,0.05581,-0.05838,0.03299,0.49027,0.08472,
1540581273133359872,0.25155,7.90340,0.11000,0.58697,-0.80493,0.06841,-0.05361,0.02108,0.46744,0.00624,
1540581273234522880,0.25113,7.94957,0.10901,0.58868,-0.80413,0.06659,-0.04896,0.02961,0.47944,-0.03277,
1540581273335210752,0.25081,7.98448,0.10143,0.59113,-0.80315,0.06021,-0.04350,0.03445,0.52568,-0.04075,
1540581273436559616,0.25599,8.04531,0.09779,0.59418,-0.80093,0.06538,-0.03449,0.04737,0.62905,-0.00796,
1540581273504932608,0.26153,8.08978,0.09885,0.59582,-0.79910,0.07579,-0.02643,0.07475,0.69392,0.03182,
1540581273605174016,0.27000,8.14477,0.09871,0.59513,-0.79790,0.09461,-0.01508,0.08462,0.72800,0.06755,
1540581273704906240,0.27801,8.21548,0.10454,0.59367,-0.80088,0.07710,-0.01421,0.08018,0.65049,0.07081,
1540581273805671936,0.28664,8.27813,0.10600,0.59248,-0.80373,0.05188,-0.01715,0.06710,0.58707,0.02836,
1540581273908812800,0.29441,8.31464,0.09938,0.59219,-0.80483,0.03382,-0.02039,0.04658,0.52746,-0.00925,
1540581274008760064,0.29836,8.36093,0.10042,0.59255,-0.80461,0.03114,-0.02273,0.01051,0.48648,0.01112,
1540581274110269440,0.29711,8.41253,0.10300,0.59227,-0.80458,0.03536,-0.02501,-0.01578,0.48841,-0.00721,
1540581274175864576,0.29915,8.42009,0.09770,0.59255,-0.80422,0.03764,-0.02646,0.01145,0.51394,0.01503,
1540581274312108032,0.30032,8.49426,0.09675,0.59356,-0.80319,0.03962,-0.03162,-0.00972,0.58717,-0.01911,
1540581274414156800,0.30044,8.55845,0.09598,0.59430,-0.80210,0.04627,-0.03604,0.00329,0.65962,0.00732,
1540581274481722624,0.30078,8.60352,0.09929,0.59298,-0.80249,0.05325,-0.03934,-0.00989,0.66117,0.10015,
1540581274562593792,0.30064,8.62906,0.10394,0.58919,-0.80507,0.04947,-0.04772,-0.04048,0.58186,0.15386,
1540581274660026880,0.29565,8.68561,0.11348,0.58684,-0.80387,0.08473,-0.04724,-0.03818,0.50320,-0.01585,
1540581274759765504,0.28768,8.73189,0.10875,0.58666,-0.80381,0.08102,-0.05617,-0.08718,0.39063,-0.02668,
1540581274860555520,0.27839,8.76210,0.10623,0.58542,-0.80587,0.06192,-0.06347,0.00617,0.38024,0.01164,
1540581274960431360,0.27885,8.79997,0.10450,0.58686,-0.80448,0.07037,-0.05876,0.00011,0.42092,-0.05824,
1540581275026534400,0.27837,8.83096,0.10048,0.58809,-0.80438,0.06147,-0.05785,-0.00803,0.45683,-0.05272,
1540581275126742784,0.27982,8.88681,0.09636,0.59070,-0.80269,0.06453,-0.05105,0.01978,0.51706,-0.01244,
1540581275227045120,0.27602,8.92302,0.08974,0.59388,-0.79980,0.07724,-0.04064,0.04653,0.56387,-0.04057,
1540581275327158528,0.28262,8.97711,0.08511,0.59601,-0.79980,0.06085,-0.03728,0.08249,0.58030,-0.02641,
1540581275426617600,0.28576,9.03032,0.08750,0.59558,-0.80137,0.04290,-0.03523,0.10392,0.55212,0.09833,
1540581275526805248,0.29896,9.09639,0.09435,0.59321,-0.80284,0.05296,-0.02711,0.11228,0.55197,0.06540,
1540581275627074048,0.30991,9.13282,0.09579,0.59255,-0.80350,0.05101,-0.02594,0.10025,0.49681,0.00031,
1540581275693699072,0.31650,9.16303,0.09480,0.59276,-0.80326,0.05199,-0.02652,0.05675,0.44377,-0.00906,
1540581275793976576,0.32063,9.20405,0.09571,0.59257,-0.80311,0.05273,-0.03310,0.01460,0.41838,0.01840,
1540581275893893120,0.32375,9.24642,0.09449,0.59216,-0.80199,0.06871,-0.03799,0.02735,0.44796,-0.01112,
1540581275994322688,0.32961,9.30079,0.08786,0.59269,-0.80068,0.07617,-0.04284,0.06420,0.46554,-0.02263,
1540581276093966848,0.33507,9.35438,0.08480,0.59360,-0.79961,0.07745,-0.04749,0.05030,0.50499,-0.02800,
1540581276193942784,0.33818,9.41713,0.08152,0.59357,-0.80013,0.06786,-0.05342,0.01908,0.53802,0.01962,
1540581276294849280,0.33794,9.47009,0.08865,0.59089,-0.80193,0.06893,-0.05473,-0.01081,0.53419,0.08677,
1540581276360559104,0.33637,9.50324,0.09305,0.59024,-0.80229,0.07036,-0.05473,-0.02874,0.52375,0.03972,
1540581276462394624,0.33184,9.55099,0.09220,0.58998,-0.80205,0.07626,-0.05320,-0.05229,0.45462,-0.01565,
1540581276562830080,0.32272,9.59755,0.09272,0.58936,-0.80196,0.08352,-0.05034,-0.05580,0.39254,0.03813,
1540581276662467584,0.31958,9.63241,0.09353,0.58960,-0.80132,0.09053,-0.04548,-0.02111,0.37143,-0.05149,
1540581276762560000,0.31729,9.66988,0.08688,0.59211,-0.80133,0.07262,-0.04480,-0.01156,0.41105,-0.09763,
1540581276862704384,0.32060,9.72475,0.07977,0.59494,-0.80079,0.05432,-0.04268,0.07178,0.50104,-0.04152,
1540581276930443776,0.32267,9.77118,0.07680,0.59661,-0.79946,0.06087,-0.03497,0.08506,0.56963,-0.00700,
1540581277031293952,0.33120,9.82496,0.07743,0.59724,-0.79852,0.07088,-0.02539,0.07056,0.58902,0.01079,
1540581277133535232,0.34067,9.87656,0.08156,0.59623,-0.79941,0.07085,-0.02078,0.09509,0.56022,0.06010,
1540581277232587264,0.34429,9.91927,0.08482,0.59431,-0.80042,0.07640,-0.01699,0.03395,0.48673,0.02011,
1540581277334110208,0.34538,9.96132,0.08262,0.59490,-0.80158,0.05510,-0.02298,0.00995,0.40310,-0.06632,
1540581277434985984,0.34778,10.00046,0.07892,0.59569,-0.80168,0.04048,-0.02850,0.02729,0.37977,-0.01679,
1540581277501878784,0.35119,10.01514,0.07641,0.59541,-0.80168,0.04281,-0.03111,0.02103,0.37793,-0.01301,
1540581277602383360,0.35291,10.05805,0.07581,0.59585,-0.80119,0.04223,-0.03562,0.02942,0.40847,-0.02662,
1540581277703043584,0.35509,10.10510,0.07310,0.59675,-0.80016,0.04521,-0.03982,0.01133,0.46524,-0.04444,
1540581277805774592,0.35409,10.16067,0.06914,0.59804,-0.79908,0.04198,-0.04534,-0.01406,0.50389,-0.02421,
1540581277904989184,0.35272,10.21744,0.06939,0.59618,-0.80058,0.03327,-0.05042,-0.05218,0.45859,0.06728,
1540581278005519104,0.34422,10.26159,0.07648,0.59188,-0.80383,0.02041,-0.05588,-0.10757,0.46022,0.06795,
1540581278073302272,0.33753,10.29546,0.07706,0.59097,-0.80446,0.01784,-0.05724,-0.10336,0.43334,-0.05177,
1540581278173789952,0.32913,10.33278,0.07126,0.59171,-0.80391,0.00459,-0.05984,-0.08584,0.32313,-0.04017,
1540581278274981376,0.32296,10.37091,0.07282,0.59131,-0.80437,-0.00467,-0.05769,-0.03328,0.31040,0.02305,
1540581278376596736,0.32227,10.41735,0.07305,0.59311,-0.80359,0.00621,-0.04920,-0.02575,0.32930,-0.05310,
1540581278475836160,0.31992,10.45734,0.06779,0.59471,-0.80258,-0.00724,-0.04620,-0.01357,0.36371,-0.04377,
1540581278576505856,0.32219,10.52586,0.06745,0.59720,-0.80128,0.01032,-0.03456,0.04043,0.49097,-0.00099,
1540581278643604224,0.32569,10.55820,0.06809,0.59855,-0.80030,0.02303,-0.02701,0.05929,0.54112,0.01904,
1540581278745255936,0.33242,10.61083,0.07060,0.59766,-0.80121,0.01734,-0.02361,0.07933,0.56756,0.06158,
1540581278845560576,0.34172,10.67458,0.08260,0.59513,-0.80314,0.01808,-0.02151,0.07201,0.53553,0.10578,
1540581278965100544,0.35549,10.72845,0.08360,0.59451,-0.80368,0.00624,-0.02479,0.12515,0.44850,-0.06323,
1540581279065278976,0.36596,10.76710,0.07923,0.59412,-0.80374,-0.00705,-0.03130,0.09462,0.37940,0.02102,
1540581279131943424,0.37309,10.79632,0.08368,0.59325,-0.80438,0.00729,-0.03118,0.08787,0.38014,0.06164,
1540581279229413888,0.37880,10.83670,0.08498,0.59300,-0.80417,0.02117,-0.03487,0.04654,0.37784,-0.03150,
1540581279329404416,0.38273,10.88281,0.08049,0.59457,-0.80268,0.02085,-0.04187,0.03853,0.40968,-0.04489,
1540581279430239488,0.38597,10.92727,0.07624,0.59639,-0.80113,0.01771,-0.04689,0.00730,0.45972,-0.04677,
1540581279529405184,0.38476,10.97361,0.07415,0.59689,-0.80065,0.01422,-0.04987,-0.01471,0.49824,0.02071,
1540581279596342784,0.38258,11.00517,0.07997,0.59585,-0.80143,0.01150,-0.05045,-0.03719,0.49070,0.12726,
1540581279695979776,0.37663,11.07194,0.09203,0.59318,-0.80342,0.01939,-0.04761,-0.09380,0.47899,0.08570,
1540581279796399104,0.36660,11.11750,0.09104,0.59291,-0.80361,0.02264,-0.04641,-0.08606,0.41377,-0.03660,
1540581279896302592,0.35950,11.15227,0.09117,0.59318,-0.80351,0.02607,-0.04273,-0.06642,0.32270,0.04326,
1540581279996288512,0.35548,11.18599,0.09304,0.59282,-0.80396,0.02718,-0.03827,-0.01498,0.32110,0.00126,
1540581280097449728,0.35707,11.24346,0.08959,0.59409,-0.80317,0.02754,-0.03477,0.00806,0.38400,-0.04778,
1540581280196784640,0.35964,11.28613,0.08500,0.59620,-0.80173,0.02603,-0.03319,0.04776,0.46929,-0.03520,
1540581280265276672,0.36309,11.32059,0.08434,0.59825,-0.79991,0.03733,-0.02915,0.05568,0.53591,-0.00246,
1540581280363493376,0.37066,11.38891,0.08129,0.59912,-0.79883,0.04731,-0.02625,0.09997,0.58064,-0.00006,
1540581280463287040,0.38309,11.44114,0.08475,0.59815,-0.80005,0.03597,-0.02903,0.14399,0.51834,0.08156,
1540581280563437056,0.39725,11.49021,0.09208,0.59531,-0.80241,0.02777,-0.03134,0.15467,0.44304,0.05667,
1540581280663232512,0.41019,11.55096,0.08910,0.59440,-0.80309,0.02240,-0.03527,0.13478,0.38381,-0.01283,
1540581280763495936,0.42179,11.59009,0.09114,0.59403,-0.80306,0.02546,-0.03963,0.10171,0.32517,0.03557,
1540581280863976192,0.43050,11.62668,0.09317,0.59395,-0.80251,0.03824,-0.04158,0.08087,0.32277,-0.00736,
1540581280932164864,0.43553,11.65329,0.09308,0.59479,-0.80157,0.04367,-0.04235,0.07771,0.35152,-0.00412,
1540581281030735616,0.43914,11.71523,0.08640,0.59569,-0.80094,0.04058,-0.04472,0.02982,0.40926,-0.03431,
1540581281131466752,0.44067,11.75673,0.08402,0.59705,-0.80024,0.02931,-0.04789,-0.00544,0.48024,-0.03224,
1540581281234398464,0.44101,11.80429,0.08499,0.59674,-0.80058,0.02482,-0.04853,-0.01740,0.53388,0.06546,
1540581281332452864,0.43924,11.85049,0.09708,0.59348,-0.80308,0.02827,-0.04517,-0.03707,0.50023,0.14528,
1540581281433432320,0.43027,11.92671,0.10024,0.59237,-0.80391,0.03244,-0.04220,-0.08120,0.45155,-0.01475,
1540581281499772416,0.42478,11.95281,0.09856,0.59286,-0.80370,0.03027,-0.04088,-0.07823,0.40925,-0.01842,
1540581281600180992,0.41749,11.98794,0.10114,0.59215,-0.80448,0.02514,-0.03934,-0.06911,0.32416,0.05784,
1540581281705176320,0.41451,12.02318,0.10302,0.59199,-0.80478,0.02300,-0.03665,-0.00771,0.33442,-0.00801,
1540581281802191360,0.41570,12.07760,0.09389,0.59352,-0.80383,0.01969,-0.03460,0.02537,0.39486,-0.05921,
1540581281903010560,0.41970,12.12246,0.09291,0.59573,-0.80204,0.03098,-0.02976,0.06262,0.50178,-0.00750,
1540581282003695616,0.42687,12.17470,0.09020,0.59823,-0.79987,0.04023,-0.02688,0.07912,0.57331,-0.03534,
1540581282071553024,0.43187,12.22386,0.08510,0.59906,-0.79944,0.03490,-0.02844,0.10722,0.59795,0.00053,
1540581282172654848,0.44376,12.28433,0.08997,0.59763,-0.80051,0.03138,-0.03226,0.11779,0.57774,0.08727,
1540581282272860672,0.45669,12.33872,0.10084,0.59468,-0.80256,0.03204,-0.03504,0.15899,0.54266,0.06927,
1540581282373650944,0.47110,12.40841,0.09905,0.59388,-0.80286,0.03730,-0.03662,0.12950,0.44620,-0.00734,
1540581282473885184,0.48302,12.45210,0.10103,0.59364,-0.80292,0.03591,-0.04013,0.11214,0.39331,0.04615,
1540581282577744128,0.49052,12.51597,0.09513,0.59351,-0.80267,0.04242,-0.04068,0.04807,0.39506,-0.06607,
1540581282642546944,0.49223,12.54606,0.08990,0.59513,-0.80194,0.02254,-0.04707,0.05153,0.42192,-0.09854,
1540581282743061504,0.49781,12.59347,0.08416,0.59779,-0.79989,0.02700,-0.04570,0.04427,0.48943,-0.03464,
1540581282843502848,0.49878,12.64154,0.08396,0.59904,-0.79914,0.02188,-0.04526,-0.00039,0.52058,0.02614,
1540581282944413952,0.49068,12.72822,0.08594,0.59750,-0.80044,0.01934,-0.04372,-0.03978,0.49325,0.09098,
1540581283048742656,0.48272,12.77331,0.09789,0.59386,-0.80327,0.00922,-0.04462,-0.08130,0.45703,0.08629,
1540581283146259456,0.47676,12.81456,0.09837,0.59450,-0.80289,0.01588,-0.04097,-0.02540,0.44082,-0.05261,
1540581283251833344,0.46961,12.87062,0.09446,0.59473,-0.80293,0.01201,-0.03799,-0.03905,0.38912,0.07176,
1540581283316034816,0.46941,12.89575,0.09857,0.59433,-0.80322,0.02315,-0.03272,0.00928,0.38769,0.04014,
1540581283416892672,0.47031,12.93433,0.09757,0.59560,-0.80237,0.02542,-0.02851,-0.00464,0.39373,-0.06250,
1540581283515619328,0.47201,12.97842,0.09085,0.59739,-0.80127,0.00392,-0.03290,0.03955,0.46624,-0.06149,
1540581283599470592,0.47538,13.02913,0.08576,0.59940,-0.79977,0.00939,-0.03159,0.08772,0.53426,0.00882,
1540581283699850496,0.48464,13.07961,0.08740,0.60011,-0.79899,0.02733,-0.02720,0.12518,0.55904,0.04024,
1540581283799244288,0.49805,13.13227,0.09318,0.59876,-0.80001,0.02737,-0.02690,0.17019,0.51591,0.07046,
1540581283899376640,0.51589,13.19947,0.09687,0.59656,-0.80180,0.02010,-0.02879,0.16821,0.44993,0.03921,
1540581283999295744,0.53079,13.24452,0.09719,0.59644,-0.80191,0.01140,-0.03255,0.13678,0.40168,-0.04019,
1540581284099307264,0.54231,13.28550,0.09501,0.59646,-0.80160,-0.00603,-0.04057,0.09347,0.36525,0.00729,
1540581284200075264,0.55209,13.32172,0.09698,0.59707,-0.80119,0.01439,-0.03743,0.11287,0.37454,-0.00431,
1540581284266130432,0.55615,13.37237,0.09790,0.59966,-0.79867,0.03910,-0.03163,0.10007,0.39870,0.01408,
1540581284366911744,0.56464,13.41432,0.09747,0.60071,-0.79694,0.05833,-0.02518,0.04678,0.43163,-0.02410,
1540581284466834176,0.56124,13.48654,0.09008,0.60205,-0.79742,0.02641,-0.03099,-0.00902,0.49147,-0.04065,
1540581284566004992,0.56028,13.53339,0.08917,0.60264,-0.79723,0.02058,-0.02878,-0.01609,0.53138,0.06273,
1540581284666392064,0.55580,13.58078,0.09855,0.59957,-0.79963,0.01920,-0.02704,-0.08657,0.51489,0.14582,
1540581284766281728,0.54094,13.64019,0.10666,0.59649,-0.80201,0.01572,-0.02723,-0.10655,0.53088,0.04093,
1540581284833871872,0.53413,13.67233,0.10625,0.59626,-0.80220,0.01252,-0.02833,-0.08982,0.49401,-0.02012,
1540581284933212672,0.52491,13.71782,0.10846,0.59507,-0.80311,-0.00127,-0.03023,-0.07177,0.40565,0.05736,
1540581285034971136,0.52450,13.76269,0.11287,0.59476,-0.80346,0.01071,-0.02467,0.02450,0.41789,0.00103,
1540581285134187008,0.52603,13.81637,0.10650,0.59632,-0.80238,0.01111,-0.02149,0.03429,0.43751,-0.05052,
1540581285233298432,0.53094,13.86329,0.10111,0.59910,-0.80038,0.00944,-0.01930,0.06716,0.48935,-0.05661,
1540581285333212160,0.54177,13.92062,0.09550,0.60165,-0.79838,0.01920,-0.01543,0.12160,0.56834,-0.04132,
1540581285433537792,0.55566,13.99261,0.08952,0.60265,-0.79765,0.01809,-0.01573,0.14252,0.60790,0.01720,
1540581285500115712,0.56585,14.02812,0.09242,0.60163,-0.79848,0.00988,-0.01907,0.17486,0.60909,0.09994,
1540581285599690240,0.58452,14.08626,0.10251,0.59904,-0.80021,0.02092,-0.01942,0.18534,0.56665,0.07180,
1540581285703147264,0.60103,14.14441,0.10419,0.59836,-0.80045,0.02559,-0.02418,0.15382,0.49837,-0.04526,
1540581285802704896,0.61156,14.20323,0.10121,0.59755,-0.80094,0.01543,-0.03447,0.10657,0.42495,0.05189,
1540581285902929664,0.62197,14.24677,0.10525,0.59678,-0.80059,0.04159,-0.03422,0.08273,0.40936,0.00503,
1540581286003533568,0.62808,14.29060,0.10280,0.59776,-0.79993,0.03553,-0.03927,0.04403,0.42029,-0.03033,
1540581286102826240,0.62955,14.34785,0.09920,0.59908,-0.79899,0.03588,-0.03791,0.02371,0.47947,-0.02645,
1540581286169945856,0.63053,14.37932,0.09803,0.60000,-0.79860,0.03032,-0.03624,0.00783,0.53073,-0.02186,
1540581286271036416,0.63006,14.43071,0.09851,0.60031,-0.79870,0.02771,-0.03058,-0.01131,0.52407,0.06417,
1540581286371285504,0.62407,14.47536,0.10753,0.59680,-0.80153,0.02621,-0.02628,-0.09404,0.48062,0.10969,
1540581286472638464,0.60996,14.54986,0.10965,0.59544,-0.80274,0.01757,-0.02741,-0.10654,0.49420,-0.02592,
1540581286573775872,0.60079,14.59939,0.10732,0.59549,-0.80277,0.00812,-0.02966,-0.08202,0.45063,0.03606,
1540581286674210560,0.59449,14.64624,0.11465,0.59449,-0.80334,0.02603,-0.02336,-0.02383,0.44346,0.05447,
1540581286741699584,0.59087,14.68681,0.11361,0.59427,-0.80326,0.03522,-0.01946,-0.01451,0.43334,-0.01962,
1540581286842053376,0.59018,14.72776,0.10812,0.59625,-0.80231,0.01874,-0.02086,0.01946,0.44262,-0.04821,
1540581286942857472,0.59446,14.77691,0.10367,0.59852,-0.80062,0.02258,-0.01618,0.06838,0.51115,-0.02699,
1540581287043151616,0.60327,14.83183,0.10070,0.60031,-0.79921,0.02754,-0.01116,0.10621,0.58310,-0.03275,
1540581287143756032,0.61299,14.89620,0.09656,0.60113,-0.79878,0.02278,-0.00921,0.15585,0.60742,0.00287,
1540581287245325056,0.62893,14.95733,0.10401,0.59881,-0.80050,0.02348,-0.00895,0.12607,0.56987,0.11224,
1540581287312489216,0.63827,14.99340,0.10916,0.59646,-0.80204,0.02959,-0.01000,0.13251,0.51033,0.04921,
1540581287412823552,0.65338,15.05670,0.10925,0.59569,-0.80257,0.02815,-0.01541,0.15550,0.47926,-0.01915,
1540581287515460352,0.66700,15.10352,0.10800,0.59512,-0.80292,0.02554,-0.02234,0.11927,0.40287,0.01891,
1540581287614859520,0.67718,15.14512,0.10746,0.59504,-0.80267,0.02905,-0.02829,0.10535,0.39524,-0.03919,
1540581287716072448,0.68473,15.20816,0.10182,0.59633,-0.80156,0.02652,-0.03451,0.08990,0.40159,-0.02280,
1540581287817953792,0.69141,15.25432,0.10153,0.59709,-0.80064,0.03411,-0.03601,0.05730,0.43425,-0.00669,
1540581287883401472,0.69324,15.28246,0.09977,0.59773,-0.80016,0.03172,-0.03800,0.01883,0.45821,-0.04271,
1540581287986444032,0.68779,15.35074,0.09418,0.59804,-0.80006,0.02171,-0.04233,-0.03507,0.49376,0.00068,
1540581288090686208,0.68324,15.39943,0.10229,0.59555,-0.80188,0.02160,-0.04281,-0.05489,0.49187,0.10831,
1540581288202300416,0.67514,15.44995,0.10971,0.59326,-0.80360,0.02027,-0.04308,-0.06711,0.48051,-0.01092,
1540581288303141632,0.66882,15.49150,0.10310,0.59437,-0.80286,0.00204,-0.04622,-0.02717,0.44415,-0.07921,
1540581288368274176,0.65854,15.51661,0.10042,0.59442,-0.80289,-0.00399,-0.04499,-0.05561,0.41680,0.04804,
1540581288468199680,0.65678,15.56000,0.10586,0.59457,-0.80314,0.01239,-0.03608,-0.01053,0.42121,0.03468,
1540581288568559360,0.65635,15.60263,0.10480,0.59524,-0.80285,0.01757,-0.02868,-0.00025,0.41789,-0.02383,
1540581288668405248,0.65971,15.64790,0.10248,0.59675,-0.80199,0.01331,-0.02279,0.05754,0.47243,-0.02245,
1540581288768672512,0.66554,15.69453,0.09747,0.59879,-0.80068,0.01275,-0.01399,0.09027,0.52946,-0.01613,
1540581288835200512,0.67344,15.72944,0.09677,0.59970,-0.80012,0.01005,-0.00873,0.13285,0.53237,-0.00522,
1540581288935328768,0.68498,15.78129,0.10089,0.59818,-0.80135,-0.00069,-0.00418,0.08192,0.46470,0.08689,
1540581289036458496,0.69357,15.84319,0.10507,0.59552,-0.80326,-0.01043,-0.00454,0.08079,0.40998,0.02256,
1540581289135942912,0.70267,15.88487,0.10408,0.59552,-0.80315,-0.01566,-0.00721,0.08277,0.36854,-0.03706,
1540581289235627008,0.70984,15.91906,0.10377,0.59530,-0.80315,-0.02021,-0.01274,0.05431,0.28760,0.02942,
1540581289335449088,0.71093,15.95488,0.10378,0.59486,-0.80351,-0.01468,-0.01731,0.00897,0.22175,-0.01111,
1540581289435488000,0.70954,15.97671,0.10303,0.59486,-0.80327,-0.01654,-0.02523,-0.03422,0.16613,0.00782,
1540581289502471680,0.70792,15.98914,0.10509,0.59437,-0.80369,-0.00515,-0.02793,-0.03644,0.12916,0.04325,
1540581289604480512,0.69638,16.01275,0.10325,0.59331,-0.80422,-0.00281,-0.03464,-0.09481,0.08480,-0.01699,
1540581289702607360,0.68619,16.02107,0.10021,0.59350,-0.80380,-0.00662,-0.04035,-0.07330,0.06339,-0.01859,
1540581289802743296,0.67957,16.02892,0.10032,0.59393,-0.80348,-0.00476,-0.04042,-0.04771,0.03915,0.01714,
1540581289905324544,0.67313,16.03238,0.10095,0.59391,-0.80359,-0.00353,-0.03887,-0.06659,-0.01343,0.00018,
1540581290002495744,0.66734,16.03471,0.10000,0.59370,-0.80369,-0.00786,-0.03939,-0.06167,-0.03025,-0.00164,
1540581290102944256,0.66211,16.04081,0.10160,0.59307,-0.80412,-0.01194,-0.03891,-0.04493,-0.01999,0.02615,
1540581290170200832,0.66040,16.05035,0.10302,0.59289,-0.80430,-0.01295,-0.03759,-0.02943,-0.01010,0.01464,
1540581290269941504,0.65697,16.05006,0.10291,0.59310,-0.80405,-0.01943,-0.03683,-0.03560,-0.03851,-0.01211,
1540581290370979840,0.65393,16.05231,0.10188,0.59345,-0.80375,-0.02408,-0.03497,-0.01883,-0.04628,-0.01166,
1540581290470316800,0.65486,16.06299,0.10202,0.59368,-0.80362,-0.02343,-0.03451,0.00709,-0.03124,0.00756,
1540581290571099648,0.65474,16.06784,0.10262,0.59361,-0.80365,-0.02313,-0.03523,-0.00401,-0.03253,0.00337,
1540581290672006400,0.65334,16.06850,0.10291,0.59348,-0.80371,-0.02416,-0.03523,0.00610,-0.03231,0.00659,
1540581290739407104,0.65314,16.07091,0.10287,0.59357,-0.80366,-0.02437,-0.03480,0.00685,-0.03172,0.00317,
1540581290840142592,0.65373,16.07373,0.10337,0.59354,-0.80376,-0.02280,-0.03398,0.01044,-0.02170,0.01511,
1540581290941576448,0.65498,16.07956,0.10514,0.59360,-0.80389,-0.01840,-0.03260,0.01589,-0.01839,0.01570,
1540581291042388224,0.65603,16.08306,0.10663,0.59350,-0.80412,-0.01405,-0.03100,0.01829,-0.01699,0.01585,
1540581291142513664,0.65714,16.08341,0.10792,0.59349,-0.80424,-0.00976,-0.02940,0.01310,-0.01600,0.01512,
1540581291243465728,0.65730,16.08244,0.10864,0.59354,-0.80428,-0.00712,-0.02827,0.01223,-0.02017,0.01034,
1540581291310879232,0.65669,16.08253,0.10876,0.59373,-0.80415,-0.00658,-0.02792,0.01242,-0.02184,0.00216,
1540581291412173312,0.65645,16.08194,0.10823,0.59389,-0.80406,-0.00708,-0.02700,0.00845,-0.02611,-0.00213,
1540581291512133632,0.65600,16.08510,0.10730,0.59403,-0.80398,-0.00665,-0.02664,0.00197,-0.02000,0.00476,
