1540581201314859520,0.01123,0.27764,0.00168,0.58532,-0.80765,-0.03246,0.06358,-0.06940,0.46323,0.04436,
1540581201400504576,0.01144,0.32731,0.02406,0.58322,-0.81008,-0.02986,0.05227,-0.06687,0.47991,0.03329,
1540581201514910208,0.00026,0.37859,0.02389,0.58370,-0.81092,-0.02195,0.03492,-0.03578,0.42723,-0.04809,
1540581201581570816,-0.00482,0.40518,0.02919,0.58503,-0.81049,-0.01354,0.02582,-0.03756,0.40783,0.03178,
1540581201683748608,-0.01121,0.44879,0.03293,0.58504,-0.81089,-0.00632,0.01220,-0.02762,0.39726,-0.00887,
1540581201781620224,-0.02816,0.50579,0.03551,0.58487,-0.81111,-0.00467,-0.00108,-0.06958,0.41616,-0.02643,
1540581201881750784,-0.03508,0.53776,0.03273,0.58559,-0.81050,-0.00606,-0.01183,-0.06338,0.43010,-0.01486,
1540581201982740736,-0.03947,0.57141,0.02872,0.58641,-0.80987,0.00776,-0.01303,-0.03525,0.49310,-0.01128,
1540581202081465600,-0.04400,0.62598,0.02322,0.58664,-0.80947,0.02322,-0.00845,-0.04458,0.55782,-0.05455,
1540581202181434368,-0.05218,0.68310,0.01743,0.58746,-0.80899,0.02019,-0.00381,-0.06266,0.62379,-0.03531,
1540581202248420352,-0.06154,0.69772,0.01412,0.58699,-0.80947,0.01400,0.00086,-0.11153,0.59727,-0.00637,
1540581202348008704,-0.07061,0.75225,0.01245,0.58460,-0.81125,0.00316,0.01023,-0.10912,0.64009,0.04944,
1540581202447913472,-0.07591,0.80181,0.01254,0.58325,-0.81188,0.00014,0.02593,-0.10046,0.64689,0.00785,
1540581202548320000,-0.08389,0.86258,0.01365,0.58275,-0.81158,-0.01094,0.04027,-0.13557,0.61014,-0.04988,
1540581202648390400,-0.09557,0.90461,0.01693,0.58712,-0.80760,-0.02279,0.05048,-0.18877,0.55492,-0.04996,
1540581202750519552,-0.11529,0.97888,0.02278,0.58804,-0.80619,-0.02444,0.06064,-0.20601,0.57866,0.00513,
1540581202850045184,-0.11964,1.05171,0.04180,0.59416,-0.80109,-0.02741,0.06691,-0.21626,0.59624,-0.01181,
1540581202920373504,-0.12377,1.08515,0.04802,0.59717,-0.79826,-0.03878,0.06829,-0.16575,0.62841,-0.01762,
1540581203015981312,-0.13327,1.15431,0.05161,0.60221,-0.79412,-0.03517,0.07404,-0.18247,0.66960,-0.00785,
1540581203114936064,-0.14967,1.22034,0.05461,0.60409,-0.79272,-0.02916,0.07626,-0.19579,0.74861,0.00933,
1540581203215649536,-0.16714,1.29724,0.06184,0.60502,-0.79233,-0.02580,0.07412,-0.20787,0.73917,0.08403,
1540581203315630336,-0.19274,1.36673,0.06941,0.60392,-0.79385,-0.03192,0.06381,-0.25364,0.71003,0.08355,
1540581203416953088,-0.20498,1.42985,0.08141,0.60606,-0.79315,-0.02448,0.05481,-0.25499,0.68996,0.02632,
1540581203518084608,-0.22644,1.50106,0.08489,0.60705,-0.79329,-0.00426,0.04649,-0.17838,0.63704,0.01717,
1540581203583965952,-0.24111,1.53744,0.09074,0.60741,-0.79343,0.00061,0.03896,-0.18641,0.59241,0.08363,
1540581203684400896,-0.23632,1.65624,0.10331,0.60877,-0.79262,0.01420,0.03093,-0.12573,0.62287,0.02580,
1540581203784611072,-0.24777,1.72883,0.11122,0.61197,-0.79025,0.02061,0.02394,-0.12540,0.64660,-0.03082,
1540581203888537088,-0.24582,1.81869,0.11760,0.61665,-0.78674,0.02119,0.01834,-0.06164,0.69490,-0.01147,
1540581203987494144,-0.25728,1.89300,0.11971,0.61958,-0.78416,0.02911,0.01912,-0.05376,0.74616,-0.00728,
1540581204088108288,-0.26699,1.96980,0.12141,0.62180,-0.78233,0.02846,0.02259,-0.04258,0.81749,0.02976,
1540581204156018176,-0.22558,2.09439,0.13275,0.62188,-0.78223,0.02482,0.02763,-0.00054,0.86745,0.12754,
1540581204255781376,-0.20639,2.19668,0.14753,0.61874,-0.78435,0.02279,0.03799,0.02345,0.85511,0.13073,
1540581204356496896,-0.20075,2.27842,0.15590,0.61543,-0.78645,0.01883,0.04895,-0.00395,0.79626,0.10636,
1540581204456769792,-0.15312,2.44901,0.16949,0.61399,-0.78693,0.01286,0.05987,-0.01495,0.79255,0.07172,
1540581204558749440,-0.16340,2.49805,0.17517,0.61139,-0.78781,0.01829,0.07223,-0.04230,0.74625,0.11021,
1540581204658336512,-0.15874,2.62215,0.18549,0.60970,-0.78772,0.02414,0.08475,-0.08301,0.75828,0.04826,
1540581204725952256,-0.16591,2.67782,0.20003,0.61117,-0.78601,0.01694,0.09148,-0.06477,0.75482,0.05985,
1540581204827037440,-0.18503,2.75974,0.21373,0.60956,-0.78574,0.01967,0.10331,-0.09326,0.76830,0.09224,
1540581204928500480,-0.22368,2.76694,0.20682,0.60876,-0.78618,0.00527,0.10634,-0.15169,0.82521,0.02034,
1540581205029658368,-0.23109,2.87115,0.21057,0.61095,-0.78448,-0.01736,0.10499,-0.14849,0.87404,0.08972,
1540581205128994048,-0.25823,2.91232,0.21129,0.60779,-0.78690,-0.03083,0.10211,-0.14567,0.83839,0.18324,
1540581205229980928,-0.28337,2.96631,0.20892,0.60292,-0.79129,-0.03534,0.09539,-0.16307,0.83752,0.13255,
1540581205297427712,-0.28740,3.02400,0.19970,0.60139,-0.79324,-0.03957,0.08684,-0.09482,0.83823,0.04128,
1540581205397986304,-0.28939,3.10712,0.19758,0.59932,-0.79568,-0.02137,0.08518,0.02181,0.75444,0.05388,
1540581205498835200,-0.28828,3.17606,0.20070,0.59902,-0.79659,-0.02142,0.07855,0.05875,0.73542,0.02558,
1540581205601610240,-0.32469,3.07500,0.17271,0.59930,-0.79735,-0.02073,0.06808,0.05712,0.68901,-0.02069,
1540581205735437568,-0.31346,3.14458,0.16474,0.60009,-0.79779,-0.01283,0.05705,0.11562,0.79288,0.03962,
1540581205785430784,-0.30673,3.19098,0.16507,0.59958,-0.79836,-0.00020,0.05596,0.14320,0.85968,0.04644,
1540581205884930816,-0.30552,3.17689,0.15376,0.59953,-0.79843,0.01608,0.05299,0.15897,0.86783,0.02903,
1540581205984246016,-0.28736,3.25387,0.15711,0.59867,-0.79922,0.01983,0.04951,0.22394,0.87044,0.04745,
1540581206084885248,-0.26612,3.31752,0.16012,0.59540,-0.80140,0.02817,0.04952,0.24569,0.83495,0.11301,
1540581206150935040,-0.24736,3.36540,0.16686,0.59405,-0.80218,0.03418,0.04950,0.25907,0.80739,0.09211,
1540581206251657984,-0.22259,3.44312,0.16826,0.59279,-0.80282,0.04249,0.04766,0.20439,0.68633,-0.00526,
1540581206350702848,-0.20715,3.49392,0.17100,0.59414,-0.80229,0.04058,0.04102,0.18170,0.59959,0.01704,
1540581206450929920,-0.19177,3.55393,0.17059,0.59469,-0.80188,0.04350,0.03792,0.14043,0.58296,-0.02590,
1540581206551577600,-0.18344,3.62438,0.16938,0.59652,-0.80137,0.03021,0.03253,0.10116,0.61558,0.00310,
1540581206651077632,-0.18413,3.68488,0.17101,0.59658,-0.80127,0.03137,0.03284,0.05053,0.65301,-0.01045,
1540581206751524352,-0.18249,3.75677,0.16638,0.59773,-0.80057,0.02605,0.03358,0.01555,0.72208,-0.02701,
1540581206818216960,-0.18127,3.80365,0.16263,0.59843,-0.80016,0.02033,0.03477,-0.00532,0.75982,-0.02430,
1540581206952037376,-0.18383,3.91008,0.16507,0.59711,-0.80115,0.01299,0.03805,-0.06933,0.81918,0.07367,
1540581207018989568,-0.19433,3.99837,0.16981,0.59502,-0.80266,0.01101,0.03952,-0.09881,0.84100,0.07166,
1540581207119144960,-0.20141,4.08140,0.17522,0.59286,-0.80431,0.00493,0.03974,-0.10579,0.83097,0.05320,
1540581207219654912,-0.22436,4.16282,0.17837,0.59163,-0.80516,-0.00098,0.04102,-0.09674,0.78492,-0.00414,
1540581207317958144,-0.22806,4.23362,0.17685,0.59059,-0.80566,0.00025,0.04596,-0.00860,0.71872,-0.00010,
1540581207418333184,-0.23673,4.33656,0.17591,0.58881,-0.80670,-0.01312,0.04867,-0.02900,0.72671,0.00580,
1540581207486370048,-0.23352,4.39817,0.17403,0.58812,-0.80694,-0.01852,0.05119,-0.01827,0.76179,-0.01484,
1540581207586426624,-0.25036,4.45275,0.16795,0.58788,-0.80680,-0.01797,0.05606,0.01736,0.80250,-0.03023,
1540581207684671232,-0.24006,4.55145,0.16417,0.58799,-0.80639,-0.01256,0.06206,0.08994,0.90384,-0.02803,
1540581207788351232,-0.22875,4.65218,0.16163,0.58820,-0.80574,-0.00913,0.06869,0.09212,1.01739,-0.00897,
1540581207888017408,-0.24109,4.73940,0.16069,0.58676,-0.80650,-0.02150,0.06939,0.11106,1.05778,0.04947,
1540581207988652800,-0.22503,4.84929,0.17029,0.58352,-0.80842,-0.02819,0.07189,0.21152,1.08640,0.10404,
1540581208087055872,-0.24109,4.90857,0.17393,0.57829,-0.81200,-0.01379,0.07774,0.18136,1.00839,0.02415,
1540581208153527040,-0.24063,4.95395,0.17365,0.57684,-0.81310,-0.01237,0.07730,0.14092,0.94508,0.00419,
1540581208255538944,-0.23203,5.03625,0.17546,0.57609,-0.81401,-0.00667,0.07387,0.13581,0.85988,0.04732,
1540581208355104256,-0.22348,5.11534,0.17555,0.57671,-0.81422,-0.01036,0.06593,0.11643,0.85345,-0.02738,
1540581208456100864,-0.30454,5.01330,0.17149,0.57703,-0.81464,-0.01504,0.05636,0.08175,0.76651,-0.00077,
1540581208556704768,-0.32665,5.02069,0.17216,0.57794,-0.81446,-0.01720,0.04853,0.00755,0.79307,-0.02108,
1540581208656537088,-0.35194,5.03534,0.17115,0.58025,-0.81322,-0.01897,0.04029,-0.05957,0.85052,-0.02106,
1540581208723900672,-0.40796,4.77045,0.14861,0.58511,-0.80996,-0.01661,0.03648,-0.11295,0.69584,0.02394,
1540581208824770048,-0.42217,4.81311,0.15302,0.58426,-0.81089,-0.00082,0.03308,-0.14986,0.68326,0.13564,
1540581208925678848,-0.43909,4.87572,0.16260,0.58192,-0.81273,0.00884,0.02754,-0.16581,0.61222,0.06762,
1540581209027027968,-0.45638,4.91295,0.15781,0.58219,-0.81258,0.01619,0.02262,-0.15875,0.48175,-0.02833,
1540581209127651584,-0.47162,4.95618,0.15830,0.58225,-0.81276,0.01115,0.01700,-0.11800,0.40469,0.04114,
1540581209228247552,-0.48480,4.99717,0.15819,0.58254,-0.81252,0.01383,0.01638,-0.12718,0.39466,-0.02994,
1540581209295435520,-0.49419,5.02463,0.15482,0.58407,-0.81155,0.00454,0.01501,-0.12254,0.39242,-0.05966,
1540581209396149760,-0.50584,5.05907,0.14605,0.58691,-0.80947,-0.00277,0.01700,-0.08710,0.46600,-0.05079,
1540581209496634624,-0.51322,5.11118,0.14224,0.58866,-0.80800,0.00340,0.02460,-0.06808,0.54304,-0.00459,
1540581209598117888,-0.52009,5.17381,0.14175,0.58906,-0.80731,0.00906,0.03440,-0.04610,0.61787,-0.00919,
1540581209698387200,-0.52364,5.23590,0.14192,0.58868,-0.80717,0.00270,0.04384,-0.01878,0.62558,0.05161,
1540581209799026176,-0.52466,5.29541,0.15145,0.58442,-0.80959,0.00023,0.05492,-0.01886,0.57834,0.10147,
1540581209866538240,-0.52601,5.34006,0.15446,0.58129,-0.81147,-0.00870,0.05956,-0.00512,0.56529,0.03846,
1540581209967140864,-0.52539,5.39417,0.15572,0.57998,-0.81164,-0.01770,0.06750,-0.00071,0.52460,-0.04094,
1540581210068515584,-0.52880,5.44069,0.15397,0.58068,-0.81059,-0.02612,0.07123,-0.04354,0.46312,-0.01339,
1540581210204818432,-0.53655,5.50163,0.15159,0.58131,-0.81025,-0.02408,0.07068,-0.07053,0.44289,-0.04806,
1540581210269742848,-0.53968,5.53107,0.14964,0.58310,-0.80905,-0.02689,0.06864,-0.05390,0.47832,-0.02142,
1540581210386899712,-0.53962,5.58151,0.14788,0.58364,-0.80904,-0.01543,0.06766,-0.06321,0.51521,-0.01377,
1540581210453148928,-0.54388,5.61429,0.14688,0.58475,-0.80853,-0.01759,0.06356,-0.08644,0.57547,-0.02307,
1540581210553128960,-0.55460,5.67489,0.14635,0.58636,-0.80788,-0.01728,0.05660,-0.13544,0.62529,0.00722,
1540581210653972736,-0.56949,5.74044,0.15092,0.58617,-0.80860,-0.02410,0.04466,-0.15862,0.62729,0.07277,
1540581210753391616,-0.58007,5.78358,0.15759,0.58559,-0.80969,-0.01738,0.03442,-0.14237,0.58093,0.03104,
1540581210820012800,-0.58961,5.82054,0.15760,0.58641,-0.80943,-0.01667,0.02589,-0.11294,0.52184,-0.02412,
1540581210921804032,-0.59485,5.86595,0.15622,0.58710,-0.80933,-0.00773,0.01537,-0.07998,0.44086,0.02636,
1540581211020721408,-0.60037,5.90536,0.15817,0.58754,-0.80916,-0.00694,0.00376,-0.03956,0.41931,-0.00208,
1540581211121401088,-0.59872,5.92709,0.15707,0.58933,-0.80788,-0.00259,-0.00424,-0.01653,0.41840,-0.02049,
1540581211222867456,-0.60113,5.96934,0.15437,0.59141,-0.80624,-0.00881,-0.01172,-0.00593,0.44744,-0.04140,
1540581211320337664,-0.59860,6.01751,0.14870,0.59364,-0.80445,-0.01478,-0.01529,0.01056,0.50961,-0.03870,
1540581211420976128,-0.59801,6.07260,0.14682,0.59551,-0.80319,-0.00936,-0.01253,-0.00000,0.57447,0.01011,
1540581211487113984,-0.59668,6.11508,0.14687,0.59552,-0.80322,-0.00983,-0.00991,-0.01473,0.60500,0.04002,
1540581211587278336,-0.59776,6.17700,0.15495,0.59475,-0.80372,-0.01692,-0.00407,0.00124,0.60604,0.08548,
1540581211687292160,-0.59864,6.23583,0.16136,0.59352,-0.80434,-0.02736,0.00458,-0.01343,0.55205,0.04556,
1540581211787073792,-0.59956,6.29378,0.16355,0.59371,-0.80352,-0.04072,0.01400,-0.02151,0.48241,-0.00930,
1540581211887170048,-0.60373,6.33612,0.16609,0.59350,-0.80260,-0.05613,0.02089,-0.07499,0.42296,0.06605,
1540581211987564032,-0.61131,6.38249,0.17036,0.59202,-0.80373,-0.05066,0.03108,-0.12517,0.39864,0.02564,
1540581212087506176,-0.62382,6.42130,0.16922,0.59292,-0.80207,-0.06268,0.03454,-0.12941,0.41478,-0.00816,
1540581212154595584,-0.63244,6.45765,0.16862,0.59398,-0.80113,-0.06171,0.03958,-0.11748,0.43045,0.02856,
1540581212254203648,-0.64494,6.50145,0.17233,0.59330,-0.80151,-0.05833,0.04659,-0.13622,0.48102,0.03065,
1540581212355232768,-0.65957,6.55638,0.17460,0.59334,-0.80151,-0.05393,0.05127,-0.16963,0.51677,0.04356,
1540581212456702208,-0.68105,6.62509,0.18030,0.59249,-0.80143,-0.06726,0.04627,-0.22487,0.56879,0.07639,
1540581212555678976,-0.70123,6.68412,0.19137,0.59062,-0.80280,-0.07212,0.03844,-0.20186,0.58416,0.14386,
1540581212655966720,-0.72007,6.74225,0.20229,0.58993,-0.80510,-0.05094,0.03464,-0.16330,0.52207,0.04318,
1540581212722947072,-0.72876,6.79339,0.20312,0.58989,-0.80603,-0.03811,0.02986,-0.12234,0.43351,0.05410,
1540581212829785856,-0.74039,6.83449,0.20998,0.58951,-0.80665,-0.03919,0.01599,-0.08606,0.38565,0.06910,
1540581212923641856,-0.74616,6.88817,0.21410,0.58942,-0.80743,-0.02410,0.00732,-0.03814,0.40556,0.05548,
1540581213024451584,-0.74875,6.93311,0.21713,0.59012,-0.80725,-0.00999,-0.00249,-0.01256,0.39413,0.02535,
1540581213125531392,-0.74836,6.99105,0.21462,0.59155,-0.80620,-0.00144,-0.01058,0.01394,0.40500,0.00533,
1540581213226142976,-0.74835,7.03688,0.21415,0.59308,-0.80495,0.00794,-0.01584,-0.00604,0.44182,0.00117,
1540581213293505792,-0.74917,7.08920,0.20706,0.59423,-0.80404,0.00895,-0.01818,-0.00973,0.48483,0.00830,
1540581213394862080,-0.75129,7.14196,0.21064,0.59460,-0.80375,0.00305,-0.02070,-0.00483,0.54284,0.06815,
1540581213494614784,-0.75251,7.19551,0.22072,0.59299,-0.80499,-0.00573,-0.01793,0.00008,0.55284,0.11696,
1540581213595789568,-0.75443,7.25042,0.23207,0.59120,-0.80639,-0.01073,-0.00995,-0.03793,0.55625,0.09811,
1540581213697214720,-0.76090,7.34804,0.23118,0.59064,-0.80657,-0.02434,-0.00152,-0.05989,0.51130,0.03784,
1540581213797903616,-0.76690,7.39452,0.23241,0.59146,-0.80566,-0.03208,0.00781,-0.06179,0.48044,0.01726,
1540581213865499904,-0.77261,7.47328,0.22815,0.59220,-0.80514,-0.02669,0.01834,-0.10798,0.48628,0.09244,
1540581213965213696,-0.78409,7.51605,0.23390,0.59138,-0.80533,-0.03016,0.02843,-0.15194,0.45361,0.02717,
1540581214066106112,-0.79852,7.60412,0.22604,0.59162,-0.80404,-0.04808,0.03454,-0.13858,0.49505,0.02293,
1540581214167510272,-0.81233,7.65192,0.22462,0.59233,-0.80302,-0.04975,0.04285,-0.16560,0.51746,-0.00333,
1540581214267711744,-0.83098,7.74826,0.21251,0.59293,-0.80160,-0.05814,0.04984,-0.18075,0.61896,0.00016,
1540581214368568576,-0.84963,7.81091,0.21988,0.59167,-0.80171,-0.06551,0.05388,-0.19896,0.66923,0.10947,
1540581214469569792,-0.86982,7.89084,0.22322,0.58811,-0.80431,-0.06116,0.05892,-0.20612,0.68794,0.09446,
1540581214536621824,-0.88399,7.93805,0.23062,0.58629,-0.80573,-0.06269,0.05601,-0.22032,0.66961,0.08245,
1540581214637889536,-0.90522,8.00497,0.23836,0.58567,-0.80676,-0.05889,0.05158,-0.19337,0.62957,0.05673,
1540581214738425344,-0.91973,8.08913,0.23302,0.58525,-0.80821,-0.04420,0.04831,-0.12514,0.55888,0.02440,
1540581214855819776,-0.93064,8.14817,0.23471,0.58604,-0.80844,-0.03910,0.03825,-0.06939,0.52946,0.01479,
1540581214940672000,-0.93503,8.19231,0.23526,0.58720,-0.80831,-0.02819,0.03219,-0.05791,0.52366,0.00328,
1540581215059379456,-0.94035,8.27959,0.22768,0.58879,-0.80756,-0.02546,0.02263,-0.01325,0.56640,-0.01110,
1540581215107617024,-0.94020,8.30270,0.22768,0.58969,-0.80713,-0.01952,0.02055,0.01769,0.59694,-0.01611,
1540581215259222272,-0.93744,8.42417,0.21969,0.59125,-0.80627,-0.00547,0.01779,0.04049,0.74049,-0.00505,
1540581215323132416,-0.93405,8.46539,0.22075,0.59230,-0.80547,0.00459,0.01943,0.05040,0.75144,0.01885,
1540581215391569920,-0.92794,8.53210,0.21871,0.59117,-0.80620,0.01022,0.02122,0.04142,0.75710,0.04807,
1540581215490204672,-0.92375,8.60547,0.22656,0.58958,-0.80743,-0.00052,0.02102,0.03926,0.73158,0.09764,
1540581215589793280,-0.92080,8.67748,0.23394,0.58745,-0.80884,-0.01058,0.02400,0.01909,0.70151,0.07255,
1540581215691831552,-0.92189,8.74612,0.23508,0.58688,-0.80900,-0.01072,0.03129,-0.03715,0.63558,-0.02448,
1540581215790114048,-0.91996,8.81176,0.23006,0.58709,-0.80849,-0.01527,0.03799,-0.06789,0.58764,0.03131,
1540581215890334720,-0.92989,8.87100,0.23183,0.58658,-0.80840,-0.01500,0.04690,-0.11492,0.55390,-0.01886,
1540581215990509568,-0.94254,8.93126,0.23059,0.58748,-0.80698,-0.02810,0.05350,-0.11734,0.57547,0.00606,
1540581216056781568,-0.93949,8.96318,0.22696,0.58702,-0.80689,-0.02451,0.06118,-0.11114,0.59238,0.01826,
1540581216157359104,-0.95343,9.02512,0.22632,0.58694,-0.80626,-0.02883,0.06788,-0.16165,0.60920,-0.01130,
1540581216257263104,-0.96325,9.08659,0.21940,0.58872,-0.80431,-0.04415,0.06736,-0.18292,0.68644,0.00509,
1540581216356983296,-0.97978,9.15817,0.22242,0.58719,-0.80557,-0.04422,0.06566,-0.17093,0.74635,0.09773,
1540581216457003008,-0.98584,9.23056,0.23042,0.58403,-0.80843,-0.03953,0.06157,-0.14124,0.77185,0.10124,
1540581216557209856,-1.00074,9.30607,0.23931,0.58255,-0.81026,-0.03575,0.05324,-0.15121,0.71281,0.03783,
1540581216656973312,-1.01353,9.37611,0.23995,0.58349,-0.81047,-0.02454,0.04555,-0.07924,0.64881,-0.04025,
1540581216724011264,-1.00854,9.40149,0.23631,0.58355,-0.81081,-0.02334,0.03891,-0.05701,0.60230,0.03301,
1540581216824286464,-1.01189,9.46161,0.23986,0.58320,-0.81162,-0.01443,0.03076,-0.02563,0.62284,0.02025,
1540581216924390912,-1.01417,9.52480,0.23912,0.58409,-0.81139,-0.00507,0.02163,-0.02687,0.63487,-0.01490,
1540581217024750592,-1.00893,9.57766,0.23304,0.58601,-0.81020,0.00345,0.01280,0.01612,0.65755,-0.02502,
1540581217127204096,-1.00681,9.64949,0.22894,0.58870,-0.80816,0.01565,0.00719,0.03443,0.75541,-0.03858,
1540581217226136320,-0.99964,9.72890,0.22408,0.59060,-0.80658,0.02401,0.00593,0.06794,0.83558,-0.01183,
1540581217293649920,-0.99639,9.78613,0.22626,0.59027,-0.80699,0.01830,0.00403,0.05967,0.84744,0.07234,
1540581217393346816,-0.99191,9.87577,0.23341,0.58753,-0.80899,0.01772,0.00570,0.02336,0.77725,0.09324,
1540581217493466624,-0.99172,9.94913,0.23808,0.58607,-0.81009,0.01395,0.00890,-0.00681,0.68941,-0.00513,
1540581217594939136,-0.99514,10.01667,0.23757,0.58632,-0.80991,0.00737,0.01502,-0.04529,0.64088,0.01770,
1540581217695881728,-1.00159,10.08653,0.24057,0.58531,-0.81005,0.01980,0.02886,-0.07774,0.63303,0.02530,
1540581217795753984,-1.01334,10.14801,0.23972,0.58598,-0.80933,0.01036,0.03876,-0.13131,0.63105,-0.04325,
1540581217896638208,-1.02741,10.21049,0.23736,0.58683,-0.80818,-0.00102,0.04970,-0.14749,0.67431,-0.01745,
1540581217963981312,-1.03950,10.26964,0.23499,0.58676,-0.80770,-0.00548,0.05748,-0.17506,0.72612,-0.01198,
1540581218064704000,-1.05933,10.34463,0.23421,0.58804,-0.80594,-0.01750,0.06607,-0.20755,0.78888,-0.00304,
1540581218165544960,-1.08216,10.43467,0.23668,0.58669,-0.80614,-0.02796,0.07179,-0.22813,0.84407,0.08139,
1540581218265991168,-1.10617,10.52039,0.24782,0.58391,-0.80769,-0.03538,0.07365,-0.26224,0.82124,0.08951,
1540581218367336704,-1.13056,10.60456,0.25525,0.58299,-0.80826,-0.03910,0.07282,-0.20967,0.77104,0.03172,
1540581218468071168,-1.14977,10.67574,0.25428,0.58210,-0.80938,-0.02509,0.07372,-0.11869,0.67899,0.00232,
1540581218536885760,-1.15764,10.72134,0.25669,0.58214,-0.80959,-0.02699,0.07035,-0.11603,0.66099,0.04571,
1540581218635982336,-1.16439,10.78889,0.25970,0.58195,-0.81026,-0.01477,0.06786,-0.04483,0.68755,0.01435,
1540581218736079616,-1.16762,10.86111,0.25994,0.58360,-0.80959,-0.01078,0.06219,-0.02412,0.72513,0.00120,
1540581218872185600,-1.17117,10.97690,0.25592,0.58621,-0.80816,0.00319,0.05676,0.03733,0.85398,-0.03624,
1540581218940116736,-1.16822,11.03708,0.25464,0.58748,-0.80740,0.00417,0.05438,0.05468,0.91698,-0.00016,
1540581219039280128,-1.16377,11.13954,0.25565,0.58830,-0.80705,0.00150,0.05077,0.10106,0.98790,0.05552,
1540581219106102784,-1.15677,11.20279,0.26252,0.58689,-0.80820,-0.00318,0.04861,0.08877,0.93580,0.12660,
1540581219241011456,-1.14293,11.32276,0.27436,0.58386,-0.81068,-0.00658,0.04318,0.08806,0.85044,0.05731,
1540581219308499200,-1.13692,11.37817,0.27534,0.58437,-0.81043,-0.00334,0.04137,0.06185,0.79482,-0.00359,
1540581219408716800,-1.13206,11.45001,0.27332,0.58590,-0.80962,-0.00448,0.03498,-0.00508,0.69814,0.02961,
1540581219510457088,-1.13785,11.52237,0.27396,0.58635,-0.80947,-0.00537,0.03025,-0.08890,0.69205,-0.03805,
1540581219592387328,-1.14805,11.58462,0.27193,0.58894,-0.80759,-0.01479,0.02677,-0.11133,0.76207,-0.01668,
1540581219692285440,-1.16107,11.66504,0.27197,0.59024,-0.80658,-0.00698,0.03174,-0.15203,0.82788,-0.00371,
1540581219792332800,-1.17840,11.73660,0.26753,0.59171,-0.80527,-0.01239,0.03574,-0.20569,0.88946,-0.00066,
1540581219892364032,-1.20279,11.82605,0.27322,0.59010,-0.80625,-0.00598,0.04146,-0.23930,0.86823,0.14861,
1540581219992436992,-1.22718,11.91412,0.28784,0.58535,-0.80946,0.00637,0.04581,-0.27042,0.81596,0.14846,
1540581220059101696,-1.24675,11.96491,0.29442,0.58369,-0.81044,0.01280,0.04819,-0.27458,0.78091,0.04066,
1540581220159216640,-1.27173,12.03601,0.29539,0.58329,-0.81057,0.01695,0.04955,-0.21707,0.69429,0.02369,
1540581220261459456,-1.28973,12.10875,0.29844,0.58264,-0.81103,0.01389,0.05067,-0.16066,0.67685,0.04169,
1540581220359951616,-1.30464,12.17407,0.29767,0.58387,-0.81013,0.00986,0.05183,-0.14360,0.70358,-0.05182,
1540581220459933184,-1.31832,12.24468,0.29356,0.58748,-0.80778,-0.01108,0.04732,-0.11544,0.74560,-0.02825,
1540581220561185024,-1.32454,12.32279,0.28861,0.58954,-0.80625,0.00400,0.04892,-0.08538,0.82077,0.00037,
1540581220626932224,-1.32818,12.38444,0.28872,0.58923,-0.80641,0.01208,0.04850,-0.04446,0.89629,0.02251,
1540581220726018816,-1.32951,12.48553,0.29104,0.58992,-0.80549,0.02504,0.05053,0.03010,1.01116,0.02038,
1540581220826801664,-1.32818,12.58890,0.29575,0.59021,-0.80599,0.00444,0.04480,0.04543,0.90868,0.10913,
1540581220927257856,-1.31632,12.66987,0.30453,0.58767,-0.80798,-0.00005,0.04248,0.10424,0.85738,0.09729,
1540581221026503168,-1.30729,12.75648,0.30976,0.58771,-0.80810,-0.00465,0.03940,0.05471,0.79566,-0.00127,
1540581221126873856,-1.30135,12.83185,0.31005,0.58869,-0.80761,-0.01018,0.03324,0.04065,0.75319,0.04355,
1540581221226609152,-1.29554,12.87127,0.31022,0.58911,-0.80748,-0.00075,0.03053,-0.00507,0.70899,0.02634,
1540581221294166528,-1.29830,12.92034,0.31061,0.59011,-0.80689,-0.00379,0.02599,-0.03971,0.71110,-0.01474,
1540581221394483456,-1.30145,12.99167,0.30846,0.59167,-0.80584,-0.01037,0.02104,-0.03291,0.74873,-0.01077,
1540581221493559808,-1.30301,13.03995,0.30055,0.59364,-0.80437,-0.00968,0.02200,-0.07682,0.84213,-0.01145,
1540581221594162176,-1.31407,13.13246,0.30163,0.59416,-0.80392,-0.01100,0.02390,-0.15152,0.94315,0.04982,
1540581221695221248,-1.33338,13.22956,0.31372,0.59137,-0.80590,-0.01090,0.02628,-0.18980,0.94015,0.15829,
1540581221797303808,-1.35601,13.28221,0.32312,0.58793,-0.80838,-0.00521,0.02878,-0.22493,0.88995,0.10119,
1540581221897758720,-1.37738,13.37012,0.32723,0.58751,-0.80862,-0.00299,0.03079,-0.18523,0.79898,-0.02005,
1540581221961817856,-1.38864,13.41781,0.32758,0.58790,-0.80828,-0.00192,0.03260,-0.16941,0.69477,0.04255,
1540581222062989056,-1.40300,13.42928,0.32876,0.58651,-0.80921,-0.00311,0.03438,-0.14949,0.63075,0.06039,
1540581222163602176,-1.41968,13.49664,0.32827,0.58709,-0.80877,-0.00982,0.03364,-0.17566,0.67376,-0.02633,
1540581222266570496,-1.43456,13.56946,0.32637,0.58865,-0.80743,-0.02254,0.03213,-0.12196,0.75715,0.00313,
1540581222366112768,-1.44645,13.65485,0.32691,0.58949,-0.80691,-0.01454,0.03435,-0.15328,0.88576,0.01122,
1540581222466336512,-1.45427,13.70624,0.32103,0.59105,-0.80581,-0.00983,0.03518,-0.06559,0.96324,0.00526,
1540581222533838592,-1.45659,13.77683,0.32296,0.59058,-0.80609,-0.00086,0.03773,-0.02528,0.97867,0.04324,
1540581222634522880,-1.45534,13.87163,0.33308,0.58726,-0.80855,-0.01179,0.03498,0.02769,0.91199,0.14332,
1540581222734915584,-1.44488,13.94243,0.33827,0.58456,-0.81057,-0.00865,0.03454,0.05492,0.88960,0.04681,
1540581222835988736,-1.44023,14.02437,0.33897,0.58526,-0.81024,-0.00757,0.03035,0.03931,0.79576,-0.03416,
1540581222940042752,-1.43565,14.09788,0.33894,0.58667,-0.80939,0.00147,0.02670,0.02892,0.72005,0.02037,
1540581223038021888,-1.42553,14.12709,0.33496,0.58794,-0.80855,0.00862,0.02256,-0.04579,0.66078,-0.03257,
1540581223104427776,-1.42947,14.17040,0.33300,0.59006,-0.80718,-0.00075,0.01709,-0.07879,0.69060,-0.02823,
1540581223207941632,-1.42970,14.21434,0.32610,0.59196,-0.80575,0.00479,0.01799,-0.08252,0.76099,-0.03299,
1540581223307471104,-1.44098,14.29656,0.32303,0.59381,-0.80438,-0.00160,0.01895,-0.14271,0.86622,-0.01180,
1540581223441976576,-1.46380,14.41937,0.33527,0.58988,-0.80683,0.01593,0.02849,-0.18148,0.86122,0.20445,
1540581223507161088,-1.47367,14.45758,0.34473,0.58642,-0.80892,0.02726,0.03205,-0.22528,0.81446,0.17019,
1540581223613848832,-1.49783,14.53705,0.35318,0.58326,-0.81033,0.04401,0.03516,-0.22234,0.70726,-0.00023,
1540581223676748544,-1.51124,14.57735,0.35283,0.58290,-0.81081,0.04151,0.03300,-0.20107,0.61969,0.01492,
1540581223776184576,-1.52702,14.62012,0.35173,0.58370,-0.81124,0.02055,0.02738,-0.11737,0.59928,0.01026,
1540581223912850688,-1.54442,14.70280,0.34865,0.58579,-0.81013,0.00236,0.02324,-0.13169,0.61974,-0.02839,
1540581223994688768,-1.55283,14.75457,0.34646,0.58731,-0.80909,-0.00329,0.02104,-0.08387,0.70158,-0.02010,
1540581224095279360,-1.55571,14.81037,0.34264,0.58896,-0.80752,0.01624,0.02787,-0.02190,0.76828,-0.02848,
1540581224162273792,-1.55534,14.86496,0.34227,0.59001,-0.80646,0.02233,0.03177,0.01437,0.82935,0.00417,
1540581224261441536,-1.55077,14.95533,0.34352,0.59063,-0.80512,0.03642,0.04029,0.05280,0.88212,0.01463,
1540581224361632768,-1.54356,15.04571,0.34809,0.58940,-0.80608,0.03256,0.04217,0.06061,0.84064,0.09372,
1540581224471774464,-1.52726,15.11123,0.35411,0.58663,-0.80822,0.02995,0.04187,0.07590,0.77139,0.06926,
1540581224568045056,-1.52007,15.18249,0.36000,0.58667,-0.80861,0.02211,0.03842,0.06658,0.76150,0.00816,
1540581224628554496,-1.51631,15.22561,0.35966,0.58749,-0.80821,0.02039,0.03510,0.01992,0.74386,-0.01611,
1540581224731109632,-1.51545,15.29515,0.35955,0.58943,-0.80705,0.02072,0.02858,-0.03070,0.68356,0.02274,
1540581224828717824,-1.50449,15.29921,0.35833,0.59086,-0.80585,0.02955,0.02469,-0.04308,0.63834,-0.01923,
1540581224930107136,-1.51133,15.37654,0.35679,0.59239,-0.80514,0.01888,0.02146,-0.02555,0.70838,-0.02836,
1540581225029289472,-1.51807,15.46420,0.35531,0.59367,-0.80413,0.01692,0.02553,-0.04472,0.80834,-0.01397,
1540581225128967424,-1.51967,15.51351,0.35484,0.59424,-0.80333,0.02079,0.03327,-0.07446,0.84319,0.04628,
1540581225229458688,-1.52931,15.59713,0.36461,0.59096,-0.80498,0.03110,0.04253,-0.11676,0.83527,0.11743,
1540581225295427584,-1.54011,15.65347,0.37385,0.58923,-0.80621,0.02941,0.04429,-0.17289,0.80833,0.13464,
1540581225396233984,-1.55868,15.70515,0.37406,0.58856,-0.80682,0.02433,0.04516,-0.15652,0.73384,-0.01150,
1540581225495786752,-1.57110,15.77474,0.37737,0.58896,-0.80681,0.01648,0.04382,-0.12177,0.69285,0.08994,
1540581225596650240,-1.57944,15.84698,0.38474,0.58754,-0.80738,0.02519,0.04807,-0.06555,0.71081,0.03732,
1540581225696600320,-1.58731,15.88709,0.38059,0.58943,-0.80598,0.02038,0.05051,-0.05346,0.71084,-0.02686,
1540581225795827200,-1.58884,15.96398,0.38089,0.59109,-0.80475,0.01424,0.05267,0.01617,0.80151,0.03575,
1540581225896119552,-1.58495,16.05942,0.38332,0.58948,-0.80438,0.03825,0.06336,0.06352,0.96330,0.02091,
1540581225963426048,-1.57889,16.11580,0.38235,0.58744,-0.80537,0.04383,0.06617,0.10455,0.94360,0.07604,
1540581226063297024,-1.56579,16.20460,0.39447,0.58547,-0.80767,0.02822,0.06409,0.13004,0.82451,0.12429,
1540581226164033536,-1.55065,16.28353,0.39938,0.58350,-0.80895,0.03411,0.06298,0.09047,0.73012,0.00054,
1540581226265231872,-1.53870,16.30624,0.39159,0.58601,-0.80844,0.01825,0.05178,0.05922,0.65553,0.02379,
1540581226365900032,-1.53360,16.36885,0.39466,0.58674,-0.80779,0.03106,0.04744,0.04883,0.60996,0.01617,
1540581226465893120,-1.52949,16.42926,0.39501,0.58849,-0.80674,0.03313,0.04183,0.05586,0.60625,-0.01628,
1540581226532851712,-1.51929,16.44193,0.38653,0.58980,-0.80582,0.03579,0.03883,0.04624,0.57870,-0.02063,
1540581226632841472,-1.51952,16.51058,0.38638,0.59132,-0.80518,0.02956,0.03408,-0.00788,0.63388,-0.02321,
1540581226732866048,-1.52659,16.58564,0.38484,0.59388,-0.80402,0.01173,0.02678,-0.07799,0.71027,-0.00699,
1540581226833871104,-1.53713,16.65783,0.38995,0.59330,-0.80463,0.00629,0.02271,-0.09999,0.73298,0.09120,
1540581226934775040,-1.55090,16.70457,0.39380,0.59081,-0.80661,0.00350,0.01792,-0.14873,0.69830,0.07950,
1540581227035533568,-1.56686,16.77353,0.39941,0.58920,-0.80790,-0.00273,0.01193,-0.15721,0.66798,0.02933,
1540581227102884096,-1.57715,16.81502,0.40042,0.58965,-0.80753,0.00631,0.01291,-0.15038,0.62691,0.00723,
1540581227205012736,-1.59159,16.86855,0.40274,0.58931,-0.80770,0.01105,0.01456,-0.13148,0.51658,0.05112,
1540581227303929088,-1.61308,16.85581,0.39580,0.58983,-0.80740,-0.00019,0.01399,-0.14403,0.49142,-0.00445,
1540581227404928512,-1.62591,16.90594,0.39261,0.59176,-0.80583,-0.01723,0.01287,-0.13759,0.53017,-0.05116,
1540581227505721600,-1.63821,16.95992,0.39030,0.59389,-0.80395,-0.02676,0.01548,-0.09573,0.58808,0.00481,
1540581227606682112,-1.65135,16.97614,0.38264,0.59462,-0.80348,-0.00369,0.02889,-0.04927,0.66156,0.02448,
1540581227674422528,-1.65546,17.02064,0.38453,0.59462,-0.80306,0.00649,0.03848,-0.04698,0.71911,0.02937,
1540581227774912000,-1.65772,17.10458,0.38696,0.59331,-0.80342,0.00735,0.04951,-0.01646,0.74501,0.03194,
1540581227875430144,-1.66193,17.15416,0.38895,0.59058,-0.80497,-0.00881,0.05613,0.00430,0.71485,0.11393,
1540581227977487872,-1.65822,17.23743,0.39758,0.58573,-0.80777,0.00184,0.06658,0.02712,0.70116,0.08506,
1540581228078087936,-1.65657,17.28713,0.39523,0.58463,-0.80830,0.00421,0.06958,0.01582,0.62430,-0.00308,
1540581228177954304,-1.65650,17.35367,0.39799,0.58497,-0.80828,0.00697,0.06666,-0.02178,0.54107,0.04141,
1540581228246557184,-1.65784,17.38957,0.40177,0.58479,-0.80852,0.01612,0.06367,-0.02409,0.51282,0.02102,
1540581228345550848,-1.66074,17.40953,0.39628,0.58571,-0.80807,0.02485,0.05781,-0.01999,0.47818,-0.01617,
1540581228482545920,-1.66377,17.47679,0.39477,0.58788,-0.80721,0.02335,0.04758,-0.05062,0.50063,-0.01811,
1540581228547481856,-1.66860,17.51192,0.39362,0.58988,-0.80645,0.01010,0.03975,-0.09232,0.55345,-0.00754,
1540581228683566336,-1.68455,17.58293,0.38897,0.59217,-0.80514,0.01038,0.03113,-0.09115,0.72140,0.01495,
1540581228749871616,-1.69251,17.62543,0.39171,0.59135,-0.80583,0.01201,0.02836,-0.12141,0.69493,0.09166,
1540581228831728896,-1.70533,17.68062,0.40043,0.58903,-0.80780,0.00250,0.02239,-0.16194,0.64421,0.09172,
1540581228931233280,-1.72647,17.70637,0.40143,0.58723,-0.80924,0.00233,0.01656,-0.21222,0.56549,0.02201,
1540581229032338432,-1.74773,17.75652,0.40329,0.58668,-0.80962,0.00905,0.01520,-0.17684,0.49372,0.01538,
1540581229131560192,-1.76471,17.79430,0.40500,0.58676,-0.80953,0.00670,0.01836,-0.13894,0.46059,-0.01354,
1540581229198457600,-1.77389,17.81871,0.40314,0.58717,-0.80917,-0.00046,0.02203,-0.11921,0.46926,-0.02653,
1540581229299567872,-1.78553,17.85677,0.39442,0.58870,-0.80775,-0.00365,0.03097,-0.10143,0.49447,-0.03737,
1540581229398542848,-1.79448,17.90992,0.39141,0.59078,-0.80582,0.00239,0.04036,-0.09697,0.54919,-0.03346,
1540581229498670336,-1.80173,17.94891,0.38758,0.59153,-0.80469,0.00438,0.05050,-0.05819,0.62740,-0.01030,
1540581229598715136,-1.80456,18.02138,0.38804,0.59143,-0.80413,-0.00033,0.05986,-0.00372,0.71317,0.02972,
1540581229698606848,-1.79998,18.09478,0.39323,0.58908,-0.80528,-0.02019,0.06399,0.01441,0.69500,0.11514,
1540581229798298880,-1.79573,18.15999,0.39976,0.58606,-0.80700,-0.02596,0.06792,0.02815,0.65003,0.02003,
1540581229865582080,-1.78768,18.17447,0.39844,0.58705,-0.80605,-0.03070,0.06860,0.02248,0.54828,-0.02111,
1540581229970428416,-1.78503,18.22507,0.39624,0.58777,-0.80554,-0.03936,0.06389,0.03230,0.45765,0.00485,
1540581230065362176,-1.78068,18.26388,0.39805,0.58754,-0.80632,-0.02680,0.06274,0.03694,0.42611,0.01796,
1540581230165792000,-1.77020,18.27679,0.39254,0.58931,-0.80538,-0.02416,0.05907,0.04726,0.39188,-0.02426,
1540581230266781184,-1.76409,18.31874,0.39024,0.59066,-0.80482,-0.01614,0.05595,0.06895,0.42197,-0.00021,
1540581230366045184,-1.75849,18.32867,0.38736,0.59242,-0.80398,-0.01502,0.04932,0.02798,0.44091,-0.01360,
1540581230465655296,-1.75897,18.37423,0.38744,0.59366,-0.80365,-0.01201,0.03965,-0.02250,0.45225,0.01440,
1540581230536367360,-1.75885,18.40576,0.38669,0.59356,-0.80413,-0.01336,0.02969,-0.03963,0.46303,0.05066,
1540581230635327744,-1.76453,18.45547,0.39209,0.59293,-0.80494,-0.01753,0.01403,-0.07852,0.47950,0.02411,
1540581230734756352,-1.77123,18.49771,0.38880,0.59412,-0.80403,-0.02344,-0.00280,-0.10234,0.42742,-0.03850,
1540581230833804032,-1.77903,18.53720,0.38501,0.59470,-0.80381,-0.00944,-0.01110,-0.05261,0.31716,-0.00883,
1540581230939166208,-1.78327,18.56743,0.38563,0.59409,-0.80413,-0.01005,-0.01834,-0.04492,0.27154,0.03477,
1540581231034890752,-1.78876,18.59678,0.38701,0.59385,-0.80433,-0.00802,-0.01798,-0.03042,0.26690,-0.00450,
1540581231134588672,-1.79395,18.62450,0.38593,0.59477,-0.80363,-0.01486,-0.01419,-0.03361,0.26049,-0.01937,
1540581231204084992,-1.79689,18.64348,0.38577,0.59497,-0.80345,-0.01909,-0.01072,-0.03699,0.26491,0.01499,
1540581231303308544,-1.80160,18.67181,0.38810,0.59493,-0.80361,-0.01634,-0.00211,-0.03870,0.28997,0.01743,
1540581231403741440,-1.80478,18.70094,0.39005,0.59429,-0.80403,-0.01739,0.00748,-0.00757,0.28281,0.03282,
1540581231505446656,-1.80936,18.72221,0.39266,0.59367,-0.80404,-0.02985,0.01343,-0.01416,0.20648,0.00718,
1540581231605325568,-1.80990,18.74066,0.39394,0.59277,-0.80427,-0.03828,0.01737,0.00080,0.17341,0.01777,
1540581231706454528,-1.80956,18.75678,0.39298,0.59232,-0.80459,-0.03661,0.02125,0.00874,0.12371,-0.00628,
1540581231772942336,-1.80855,18.76239,0.39348,0.59248,-0.80427,-0.04055,0.02157,0.00447,0.07808,0.01758,
1540581231875537152,-1.80733,18.76942,0.39630,0.59154,-0.80519,-0.03565,0.02183,-0.00281,0.04302,0.02564,
1540581231975024384,-1.80824,18.77795,0.39626,0.59104,-0.80598,-0.02558,0.02043,-0.03227,0.03588,-0.01093,
1540581232075609856,-1.81303,18.78235,0.40013,0.59165,-0.80567,-0.02302,0.01804,-0.01270,0.00896,0.03793,
1540581232175810304,-1.81662,18.77959,0.39854,0.59099,-0.80626,-0.01988,0.01657,-0.04769,-0.09021,-0.04064,
1540581232276553472,-1.82176,18.78445,0.39812,0.59140,-0.80587,-0.02492,0.01418,-0.01981,-0.03258,0.02405,
1540581232344772608,-1.82350,18.78677,0.39893,0.59157,-0.80576,-0.02497,0.01324,-0.02310,-0.06045,0.00129,
1540581232447208960,-1.82702,18.78367,0.39754,0.59149,-0.80559,-0.03255,0.01036,-0.01859,-0.06680,-0.00429,
1540581232546837504,-1.82993,18.78030,0.39804,0.59172,-0.80536,-0.03411,0.00936,-0.02295,-0.07269,0.00635,
1540581232646811136,-1.83205,18.78234,0.39810,0.59176,-0.80536,-0.03348,0.00945,-0.01190,-0.02240,0.00324,
1540581232747038720,-1.83415,18.78436,0.39831,0.59211,-0.80504,-0.03520,0.00897,-0.01024,-0.04042,-0.01816,
1540581232848130304,-1.83677,18.78310,0.39665,0.59280,-0.80417,-0.04318,0.00584,-0.02327,-0.02867,-0.00763,
1540581232916846336,-1.83873,18.78539,0.39698,0.59277,-0.80401,-0.04649,0.00447,-0.01025,-0.01242,0.01599,
1540581233016307712,-1.83866,18.78679,0.39769,0.59292,-0.80405,-0.04374,0.00516,0.00519,-0.01963,0.00516,
1540581233116824832,-1.83987,18.78716,0.39789,0.59287,-0.80405,-0.04459,0.00444,-0.01049,-0.01971,0.00528,
1540581233233741568,-1.84264,18.78877,0.39819,0.59293,-0.80378,-0.04858,0.00321,-0.00723,-0.01862,0.00486,
1540581233334205952,-1.84269,18.79036,0.39805,0.59287,-0.80389,-0.04747,0.00339,0.00771,-0.01143,0.01018,
1540581233401320960,-1.84269,18.79231,0.39833,0.59300,-0.80390,-0.04558,0.00390,0.00523,-0.00927,0.00957,
1540581233501100032,-1.84292,18.79396,0.39868,0.59290,-0.80405,-0.04405,0.00442,0.00544,-0.01101,0.01063,
1540581233601634048,-1.84271,18.79569,0.39907,0.59290,-0.80419,-0.04154,0.00512,0.00750,-0.01198,0.00702,
1540581233700947200,-1.84331,18.79703,0.39935,0.59289,-0.80420,-0.04156,0.00513,-0.00176,-0.00977,0.00612,
1540581233801273344,-1.84392,18.79870,0.39967,0.59285,-0.80421,-0.04179,0.00505,0.00330,-0.00462,0.01012,
1540581233867463680,-1.84371,18.80037,0.39991,0.59280,-0.80434,-0.03996,0.00547,0.00771,-0.00173,0.01248,
